[00:27:58] [ITEM_RETURNED]: 1 x Written Book  renvoyé à AzodFR le survie_new
[00:28:14] [ITEM_RETURNED]: 1 x Written Book  renvoyé à AzodFR le survie_new
[00:36:06] [ITEM_DROPPED]: Abandon de la vente LiKaneH expirée de 25 x Baked Potato  pour 0.00β à leurs pieds le survie_new
[00:39:14] [ITEM_LISTED]: AzodFR vend 1 x Written Book  pour 10,000.00β sur survie_new
[00:39:25] [ITEM_SOLD]: AzodFR vendu 1 x Written Book à  _MozillaFirefox pour 10,000.00 β le survie_new
[00:40:21] [ITEM_DROPPED]: Abandon de la vente AzodFR expirée de 1 x Written Book  pour 0.00β à leurs pieds le survie_new
[00:40:21] [ITEM_DROPPED]: Abandon de la vente AzodFR expirée de 1 x Written Book  pour 0.00β à leurs pieds le survie_new
[00:40:21] [ITEM_DROPPED]: Abandon de la vente AzodFR expirée de 1 x Written Book  pour 0.00β à leurs pieds le survie_new
[00:40:21] [ITEM_DROPPED]: Abandon de la vente AzodFR expirée de 1 x Written Book  pour 0.00β à leurs pieds le survie_new
[00:40:21] [ITEM_DROPPED]: Abandon de la vente AzodFR expirée de 1 x Written Book  pour 0.00β à leurs pieds le survie_new
[00:40:21] [ITEM_DROPPED]: Abandon de la vente AzodFR expirée de 1 x Written Book  pour 0.00β à leurs pieds le survie_new
[00:40:21] [ITEM_DROPPED]: Abandon de la vente AzodFR expirée de 1 x Written Book  pour 0.00β à leurs pieds le survie_new
[00:40:21] [ITEM_DROPPED]: Abandon de la vente AzodFR expirée de 1 x Written Book  pour 0.00β à leurs pieds le survie_new
[00:40:21] [ITEM_DROPPED]: Abandon de la vente AzodFR expirée de 1 x Written Book  pour 0.00β à leurs pieds le survie_new
[00:40:21] [ITEM_DROPPED]: Abandon de la vente AzodFR expirée de 1 x Written Book  pour 0.00β à leurs pieds le survie_new
[00:40:21] [ITEM_DROPPED]: Abandon de la vente AzodFR expirée de 1 x Written Book  pour 0.00β à leurs pieds le survie_new
[00:40:21] [ITEM_DROPPED]: Abandon de la vente AzodFR expirée de 1 x Written Book  pour 0.00β à leurs pieds le survie_new
[00:40:21] [ITEM_DROPPED]: Abandon de la vente AzodFR expirée de 1 x Written Book  pour 0.00β à leurs pieds le survie_new
[00:40:21] [ITEM_DROPPED]: Abandon de la vente AzodFR expirée de 1 x Written Book  pour 0.00β à leurs pieds le survie_new
[00:40:21] [ITEM_DROPPED]: Abandon de la vente AzodFR expirée de 1 x Written Book  pour 0.00β à leurs pieds le survie_new
[00:40:21] [ITEM_DROPPED]: Abandon de la vente AzodFR expirée de 1 x Written Book  pour 0.00β à leurs pieds le survie_new
[00:40:21] [ITEM_DROPPED]: Abandon de la vente AzodFR expirée de 1 x Written Book  pour 0.00β à leurs pieds le survie_new
[00:40:21] [ITEM_DROPPED]: Abandon de la vente AzodFR expirée de 1 x Written Book  pour 0.00β à leurs pieds le survie_new
[00:40:21] [ITEM_DROPPED]: Abandon de la vente AzodFR expirée de 1 x Written Book  pour 0.00β à leurs pieds le survie_new
[00:40:21] [ITEM_DROPPED]: Abandon de la vente AzodFR expirée de 1 x Written Book  pour 0.00β à leurs pieds le survie_new
[00:40:21] [ITEM_DROPPED]: Abandon de la vente AzodFR expirée de 1 x Written Book  pour 0.00β à leurs pieds le survie_new
[00:40:21] [ITEM_DROPPED]: Abandon de la vente AzodFR expirée de 1 x Written Book  pour 0.00β à leurs pieds le survie_new
[00:40:21] [ITEM_DROPPED]: Abandon de la vente AzodFR expirée de 1 x Written Book  pour 0.00β à leurs pieds le survie_new
[00:40:21] [ITEM_DROPPED]: Abandon de la vente AzodFR expirée de 1 x Written Book  pour 0.00β à leurs pieds le survie_new
[00:40:21] [ITEM_DROPPED]: Abandon de la vente AzodFR expirée de 1 x Written Book  pour 0.00β à leurs pieds le survie_new
[00:40:21] [ITEM_DROPPED]: Abandon de la vente AzodFR expirée de 1 x Written Book  pour 0.00β à leurs pieds le survie_new
[00:40:21] [ITEM_DROPPED]: Abandon de la vente AzodFR expirée de 1 x Written Book  pour 0.00β à leurs pieds le survie_new
[00:40:21] [ITEM_DROPPED]: Abandon de la vente AzodFR expirée de 1 x Written Book  pour 0.00β à leurs pieds le survie_new
[00:40:21] [ITEM_DROPPED]: Abandon de la vente AzodFR expirée de 1 x Written Book  pour 0.00β à leurs pieds le survie_new
[00:40:21] [ITEM_DROPPED]: Abandon de la vente AzodFR expirée de 1 x Written Book  pour 0.00β à leurs pieds le survie_new
[00:40:21] [ITEM_DROPPED]: Abandon de la vente AzodFR expirée de 1 x Written Book  pour 0.00β à leurs pieds le survie_new
[00:40:21] [ITEM_DROPPED]: Abandon de la vente AzodFR expirée de 1 x Written Book  pour 0.00β à leurs pieds le survie_new
[00:40:21] [ITEM_DROPPED]: Abandon de la vente AzodFR expirée de 1 x Written Book  pour 0.00β à leurs pieds le survie_new
[00:40:21] [ITEM_DROPPED]: Abandon de la vente AzodFR expirée de 1 x Written Book  pour 0.00β à leurs pieds le survie_new
[00:40:21] [ITEM_DROPPED]: Abandon de la vente AzodFR expirée de 1 x Written Book  pour 0.00β à leurs pieds le survie_new
[00:40:21] [ITEM_DROPPED]: Abandon de la vente AzodFR expirée de 1 x Written Book  pour 0.00β à leurs pieds le survie_new
[00:40:21] [ITEM_DROPPED]: Abandon de la vente AzodFR expirée de 1 x Written Book  pour 0.00β à leurs pieds le survie_new
[00:40:21] [ITEM_DROPPED]: Abandon de la vente AzodFR expirée de 1 x Written Book  pour 0.00β à leurs pieds le survie_new
[00:40:21] [ITEM_DROPPED]: Abandon de la vente AzodFR expirée de 1 x Written Book  pour 0.00β à leurs pieds le survie_new
[00:40:21] [ITEM_DROPPED]: Abandon de la vente AzodFR expirée de 1 x Written Book  pour 0.00β à leurs pieds le survie_new
[00:40:21] [ITEM_DROPPED]: Abandon de la vente AzodFR expirée de 1 x Written Book  pour 0.00β à leurs pieds le survie_new
[00:40:21] [ITEM_DROPPED]: Abandon de la vente AzodFR expirée de 1 x Written Book  pour 0.00β à leurs pieds le survie_new
[00:40:21] [ITEM_DROPPED]: Abandon de la vente AzodFR expirée de 1 x Written Book  pour 0.00β à leurs pieds le survie_new
[00:40:21] [ITEM_DROPPED]: Abandon de la vente AzodFR expirée de 1 x Written Book  pour 0.00β à leurs pieds le survie_new
[00:40:21] [ITEM_DROPPED]: Abandon de la vente AzodFR expirée de 1 x Written Book  pour 0.00β à leurs pieds le survie_new
[00:40:21] [ITEM_DROPPED]: Abandon de la vente AzodFR expirée de 1 x Written Book  pour 0.00β à leurs pieds le survie_new
[00:54:30] [ITEM_DROPPED]: Abandon de la vente Vax28 expirée de 1 x Polished Andesite  pour 0.00β à leurs pieds le Ressource
[00:54:30] [ITEM_DROPPED]: Abandon de la vente Vax28 expirée de 26 x Granite Wall  pour 0.00β à leurs pieds le survie_new
[00:55:45] [ITEM_SOLD]: LLIcocoman_Hrz vendu 3 x §;§:Spawner à Araignée venimeuse 1x à  eric2a pour 5,000.00 β le survie_new
[00:55:51] [ITEM_SOLD]: LLIcocoman_Hrz vendu 3 x Name Tag à  eric2a pour 500.00 β le survie_new
[01:00:44] [ITEM_LISTED]: AzodFR vend 1 x Written Book  pour 50,000.00β sur survie_new
[01:00:48] [ITEM_LISTED]: AzodFR vend 1 x Written Book  pour 50,000.00β sur survie_new
[01:00:53] [ITEM_LISTED]: AzodFR vend 1 x Written Book  pour 50,000.00β sur survie_new
[01:00:56] [ITEM_SOLD]: AzodFR vendu 1 x Written Book à  Amaxet pour 50,000.00 β le survie_new
[01:01:30] [ITEM_SOLD]: AzodFR vendu 1 x Written Book à  P2M2A2 pour 50,000.00 β le survie_new
[03:33:34] [ITEM_LISTED]: hugoleb vend 64 x Cooked Porkchop  pour 50.00β sur survie_new
[03:37:16] [ITEM_SOLD]: ianito vendu 1 x Leather Leggings à  [Mending] _MozillaFirefox pour 500.00 β le survie_new
[10:10:15] [ITEM_DROPPED]: Abandon de la vente CouzVeBaton expirée de 1 x Prismarine Crystals  pour 0.00β à leurs pieds le survie_new
[10:17:59] [ITEM_LISTED]: CouzVeBaton vend 6 x Gold Ore  pour 200.00β sur survie_new
[11:22:09] [ITEM_RETURNED]: 1 x Enchanted Book  renvoyé à Kaio_Beninou le survie_new
[11:22:45] [ITEM_LISTED]: Kaio_Beninou vend 1 x Enchanted Book  pour 15,000.00β sur survie_new
[11:26:25] [ITEM_SOLD]: Kaio_Beninou vendu 1 x Enchanted Book à  EclaRaft pour 15,000.00 β le survie_new
[11:26:59] [ITEM_LISTED]: Kaio_Beninou vend 1 x Enchanted Book  pour 15,000.00β sur survie_new
[11:29:50] [ITEM_LISTED]: LLIcocoman_Hrz vend 64 x Quartz Block  pour 2,500.00β sur survie_new
[11:30:12] [ITEM_SOLD]: AzodFR vendu 1 x Written Book à  Toryar pour 50,000.00 β le survie_new
[11:33:49] [ITEM_LISTED]: EclaRaft vend 13 x §;§:Spawner à Zombie 1x  pour 70,000.00β sur survie_new
[11:34:13] [ITEM_LISTED]: EclaRaft vend 12 x §;§:Spawner à Araignée venimeuse 1x  pour 50,000.00β sur survie_new
[11:34:40] [ITEM_CANCELLED]: EclaRaft annule la vente de 13x §;§:Spawner à Zombie 1x pour 70,000.00β sur survie_new
[11:34:54] [ITEM_RETURNED]: 13 x §;§:Spawner à Zombie 1x  renvoyé à EclaRaft le survie_new
[11:35:09] [ITEM_CANCELLED]: EclaRaft annule la vente de 12x §;§:Spawner à Araignée venimeuse 1x pour 50,000.00β sur survie_new
[11:35:20] [ITEM_RETURNED]: 12 x §;§:Spawner à Araignée venimeuse 1x  renvoyé à EclaRaft le survie_new
[11:37:30] [ITEM_LISTED]: EclaRaft vend 12 x §;§:Spawner à Araignée venimeuse 1x  pour 30,000.00β sur survie_new
[11:37:42] [ITEM_CANCELLED]: EclaRaft annule la vente de 12x §;§:Spawner à Araignée venimeuse 1x pour 30,000.00β sur survie_new
[11:37:53] [ITEM_RETURNED]: 12 x §;§:Spawner à Araignée venimeuse 1x  renvoyé à EclaRaft le survie_new
[11:39:58] [ITEM_LISTED]: Kaio_Beninou vend 1 x Shulker Box  pour 5,000.00β sur survie_new
[11:50:48] [ITEM_LISTED]: nilsou83 vend 44 x Spider Eye  pour 200.00β sur survie_new
[11:54:30] [ITEM_LISTED]: Kaio_Beninou vend 64 x Red Wool  pour 500.00β sur survie_new
[11:54:35] [ITEM_LISTED]: Kaio_Beninou vend 64 x Red Wool  pour 500.00β sur survie_new
[11:56:46] [ITEM_SOLD]: Kaio_Beninou vendu 64 x Red Wool à  ticiatrhd pour 500.00 β le survie_new
[11:56:49] [ITEM_SOLD]: Kaio_Beninou vendu 64 x Red Wool à  ticiatrhd pour 500.00 β le survie_new
[12:36:12] [ITEM_LISTED]: nilsou83 vend 1 x Heart Of The Sea  pour 1,000.00β sur survie_new
[12:57:57] [ITEM_LISTED]: nilsou83 vend 1 x Jukebox  pour 1,000.00β sur survie_new
[13:03:45] [ITEM_LISTED]: Kaio_Beninou vend 1 x Saddle  pour 500.00β sur survie_new
[13:06:50] [ITEM_DROPPED]: Abandon de la vente CroixVeBaton expirée de 1 x Iron Helmet  [Mending, Protection IV] pour 0.00β à leurs pieds le survie_new_the_end
[13:21:01] [ITEM_LISTED]: LLIcocoman_Hrz vend 16 x Sponge  pour 2,000.00β sur survie_new
[13:21:37] [ITEM_LISTED]: LLIcocoman_Hrz vend 64 x Experience Bottle  pour 5,000.00β sur survie_new
[13:25:04] [ITEM_LISTED]: Kaio_Beninou vend 1 x Saddle  pour 500.00β sur survie_new
[13:38:47] [ITEM_LISTED]: LLIcocoman_Hrz vend 1 x Golden Sword  pour 50.00β sur survie_new
[13:41:44] [ITEM_LISTED]: LLIcocoman_Hrz vend 2 x Chicken Spawn Egg  pour 2,000.00β sur survie_new
[13:41:48] [ITEM_LISTED]: LLIcocoman_Hrz vend 2 x Dolphin Spawn Egg  pour 2,000.00β sur survie_new
[13:44:58] [ITEM_SOLD]: LLIcocoman_Hrz vendu 2 x Chicken Spawn Egg à  _MozillaFirefox pour 2,000.00 β le survie_new
[13:45:54] [ITEM_SOLD]: HeFk vendu 1 x Bow à  [Flame, Infinity, Power V, Punch II, Unbreaking III] _MozillaFirefox pour 8,000.00 β le survie_new
[14:24:03] [ITEM_SOLD]: Blazd vendu 1 x Enchanted Book à  mouton01 pour 8,000.00 β le survie_new
[14:26:44] [ITEM_LISTED]: LLIcocoman_Hrz vend 64 x Dirt  pour 100.00β sur survie_new
[14:26:45] [ITEM_LISTED]: LLIcocoman_Hrz vend 64 x Dirt  pour 100.00β sur survie_new
[14:26:49] [ITEM_LISTED]: LLIcocoman_Hrz vend 8 x Perle de l'Ender  pour 200.00β sur survie_new
[14:26:58] [ITEM_LISTED]: LLIcocoman_Hrz vend 64 x Obsidian  pour 1,000.00β sur survie_new
[14:27:29] [ITEM_CANCELLED]: LLIcocoman_Hrz annule la vente de 64x Dirt pour 100.00β sur survie_new
[14:27:29] [ITEM_CANCELLED]: LLIcocoman_Hrz annule la vente de 64x Dirt pour 100.00β sur survie_new
[14:27:45] [ITEM_RETURNED]: 64 x Dirt  renvoyé à LLIcocoman_Hrz le survie_new
[14:27:45] [ITEM_RETURNED]: 64 x Dirt  renvoyé à LLIcocoman_Hrz le survie_new
[14:27:52] [ITEM_LISTED]: LLIcocoman_Hrz vend 64 x Dirt  pour 0.10β sur survie_new
[14:27:54] [ITEM_LISTED]: LLIcocoman_Hrz vend 64 x Dirt  pour 0.10β sur survie_new
[14:28:08] [ITEM_LISTED]: LLIcocoman_Hrz vend 16 x Glowstone  pour 100.00β sur survie_new
[14:28:34] [ITEM_LISTED]: LLIcocoman_Hrz vend 64 x Rotten Flesh  pour 10.00β sur survie_new
[14:28:38] [ITEM_LISTED]: LLIcocoman_Hrz vend 16 x Prismarine Crystals  pour 10.00β sur survie_new
[14:28:42] [ITEM_LISTED]: LLIcocoman_Hrz vend 5 x Phantom Membrane  pour 10.00β sur survie_new
[14:38:50] [ITEM_LISTED]: ianito vend 1 x Diamond Shovel  [Silk Touch] pour 10,000.00β sur survie_new
[14:44:07] [ITEM_SOLD]: LLIcocoman_Hrz vendu 16 x Prismarine Crystals à  eric2a pour 10.00 β le survie_new
[14:44:11] [ITEM_SOLD]: LLIcocoman_Hrz vendu 5 x Phantom Membrane à  eric2a pour 10.00 β le survie_new
[14:44:16] [ITEM_SOLD]: LLIcocoman_Hrz vendu 16 x Sponge à  eric2a pour 2,000.00 β le survie_new
[14:44:21] [ITEM_SOLD]: nilsou83 vendu 1 x Heart Of The Sea à  eric2a pour 1,000.00 β le survie_new
[15:02:18] [ITEM_LISTED]: Mboubou vend 1 x Diamond Sword  pour 175.00β sur survie_new
[15:02:33] [ITEM_CANCELLED]: Mboubou annule la vente de 1x Diamond Sword pour 175.00β sur survie_new
[15:02:37] [ITEM_RETURNED]: 1 x Diamond Sword  renvoyé à Mboubou le survie_new
[15:02:47] [ITEM_LISTED]: Mboubou vend 1 x Diamond Sword  pour 190.00β sur survie_new
[15:06:05] [ITEM_LISTED]: Mboubou vend 1 x Cat Spawn Egg  pour 750.00β sur survie_new
[15:06:11] [ITEM_SOLD]: Mboubou vendu 1 x Cat Spawn Egg à  ianito pour 750.00 β le survie_new
[15:10:42] [ITEM_LISTED]: Mboubou vend 1 x Enchanted Golden Apple  pour 850.00β sur survie_new
[15:24:22] [ITEM_LISTED]: Mboubou vend 12 x Gunpowder  pour 500.00β sur survie_new
[15:36:23] [ITEM_CANCELLED]: CouzVeBaton annule la vente de 6x Gold Ore pour 200.00β sur survie_new
[15:36:26] [ITEM_RETURNED]: 6 x Gold Ore  renvoyé à CouzVeBaton le survie_new
[15:49:53] [ITEM_SOLD]: LLIcocoman_Hrz vendu 16 x Glowstone à  _MozillaFirefox pour 100.00 β le survie_new
[16:29:27] [ITEM_LISTED]: ianito vend 1 x Diamond Pickaxe  [Efficiency III, Mending, Unbreaking III] pour 25,000.00β sur survie_new
[16:29:37] [ITEM_LISTED]: ianito vend 1 x Diamond Pickaxe  [Efficiency V, Fortune III, Mending, Unbreaking III] pour 30,000.00β sur survie_new
[16:30:42] [ITEM_SOLD]: LLIcocoman_Hrz vendu 8 x Perle de l'Ender à  ticiatrhd pour 200.00 β le survie_new
[16:47:48] [ITEM_SOLD]: LLIcocoman_Hrz vendu 2 x Dolphin Spawn Egg à  P2M2A2 pour 2,000.00 β le survie_new
[16:54:21] [ITEM_CANCELLED]: Mboubou annule la vente de 12x Gunpowder pour 500.00β sur survie_new
[16:54:22] [ITEM_CANCELLED]: Mboubou annule la vente de 1x Enchanted Golden Apple pour 850.00β sur survie_new
[16:54:22] [ITEM_CANCELLED]: Mboubou annule la vente de 1x Diamond Sword pour 190.00β sur survie_new
[17:04:08] [ITEM_DROPPED]: Abandon de la vente Sifflote expirée de 64 x Red Sandstone Stairs  pour 0.00β à leurs pieds le survie_new
[17:07:18] [ITEM_DROPPED]: Abandon de la vente Christophe_ expirée de 1 x Journal de quêtes  pour 0.00β à leurs pieds le survie_new_the_end
[17:07:37] [ITEM_LISTED]: Sifflote vend 64 x Red Sandstone Stairs  pour 750.00β sur survie_new
[17:11:11] [ITEM_LISTED]: Sifflote vend 1 x [Skeleton Spawner]  pour 7,500.00β sur survie_new
[17:18:58] [ITEM_SOLD]: LLIcocoman_Hrz vendu 64 x Dirt à  Bertrand pour 0.10 β le survie_new
[17:19:00] [ITEM_SOLD]: LLIcocoman_Hrz vendu 64 x Dirt à  Bertrand pour 0.10 β le survie_new
[17:19:01] [ITEM_SOLD]: OfCourse vendu 64 x Dirt à  Bertrand pour 0.10 β le survie_new
[17:19:03] [ITEM_SOLD]: OfCourse vendu 64 x Dirt à  Bertrand pour 0.10 β le survie_new
[17:19:06] [ITEM_SOLD]: OfCourse vendu 64 x Dirt à  Bertrand pour 0.10 β le survie_new
[17:19:07] [ITEM_SOLD]: OfCourse vendu 64 x Dirt à  Bertrand pour 0.10 β le survie_new
[17:27:36] [ITEM_LISTED]: Sifflote vend 1 x Diamond Pickaxe  [Efficiency III, Silk Touch, Unbreaking III] pour 7,500.00β sur survie_new
[17:27:46] [ITEM_LISTED]: Sifflote vend 64 x Emerald  pour 4,000.00β sur survie_new
[17:27:58] [ITEM_SOLD]: OfCourse vendu 64 x Dirt à  Bertrand pour 0.10 β le survie_new
[17:28:43] [ITEM_CANCELLED]: Sifflote annule la vente de 1x Diamond Pickaxe [Efficiency III, Silk Touch, Unbreaking III] pour 7,500.00β sur survie_new
[17:29:00] [ITEM_RETURNED]: 64 x Gold Ingot  renvoyé à Sifflote le survie_new
[17:29:00] [ITEM_RETURNED]: 64 x Gold Ingot  renvoyé à Sifflote le survie_new
[17:29:01] [ITEM_RETURNED]: 64 x Gold Ingot  renvoyé à Sifflote le survie_new
[17:29:01] [ITEM_RETURNED]: 1 x Diamond Pickaxe  [Efficiency III, Silk Touch, Unbreaking III] renvoyé à Sifflote le survie_new
[17:29:13] [ITEM_LISTED]: Sifflote vend 1 x Diamond Pickaxe  [Efficiency III, Silk Touch, Unbreaking III] pour 10,000.00β sur survie_new
[17:29:33] [ITEM_LISTED]: Sifflote vend 64 x Gold Ingot  pour 2,750.00β sur survie_new
[17:29:43] [ITEM_LISTED]: Sifflote vend 64 x Gold Ingot  pour 3,000.00β sur survie_new
[17:29:52] [ITEM_LISTED]: Sifflote vend 64 x Gold Ingot  pour 3,000.00β sur survie_new
[17:35:35] [ITEM_DROPPED]: Abandon de la vente blazou38 expirée de 1 x Heart Of The Sea  pour 0.00β à leurs pieds le survie_new
[17:39:12] [ITEM_LISTED]: LLIcocoman_Hrz vend 8 x Sponge  pour 1,500.00β sur survie_new
[17:39:42] [ITEM_LISTED]: LLIcocoman_Hrz vend 1 x §;§:Spawner à Araignée venimeuse 1x  pour 2,000.00β sur survie_new
[17:39:48] [ITEM_LISTED]: LLIcocoman_Hrz vend 32 x Quartz Block  pour 2,000.00β sur survie_new
[17:40:04] [ITEM_LISTED]: LLIcocoman_Hrz vend 32 x Quartz Block  pour 2,000.00β sur survie_new
[17:40:22] [ITEM_LISTED]: LLIcocoman_Hrz vend 1 x Chicken Spawn Egg  pour 1,000.00β sur survie_new
[17:42:07] [ITEM_RETURNED]: 1 x Diamond Sword  renvoyé à Mboubou le survie_new
[17:42:07] [ITEM_RETURNED]: 1 x Enchanted Golden Apple  renvoyé à Mboubou le survie_new
[17:42:07] [ITEM_RETURNED]: 12 x Gunpowder  renvoyé à Mboubou le survie_new
[17:46:32] [ITEM_SOLD]: LLIcocoman_Hrz vendu 1 x Chicken Spawn Egg à  Christophe_ pour 1,000.00 β le survie_new
[17:46:56] [ITEM_SOLD]: LLIcocoman_Hrz vendu 8 x Sponge à  Christophe_ pour 1,500.00 β le survie_new
[17:47:07] [ITEM_SOLD]: LLIcocoman_Hrz vendu 1 x §;§:Spawner à Araignée venimeuse 1x à  Christophe_ pour 2,000.00 β le survie_new
[17:57:33] [ITEM_SOLD]: Bouletotor vendu 64 x Coal Ore à  Pseudal__ pour 250.00 β le survie_new
[18:00:42] [ITEM_LISTED]: Haru_M vend 1 x Enchanted Book  pour 1,500.00β sur survie_new
[18:00:45] [ITEM_SOLD]: Haru_M vendu 1 x Enchanted Book à  Mboubou pour 1,500.00 β le survie_new
[18:02:01] [ITEM_LISTED]: Sifflote vend 64 x Sugar Cane  pour 750.00β sur survie_new
[18:35:43] [ITEM_SOLD]: Kaio_Beninou vendu 10 x Ink Sac à  Luky123413 pour 500.00 β le survie_new
[18:44:34] [ITEM_LISTED]: Kaio_Beninou vend 1 x Elytra  pour 15,000.00β sur survie_new
[18:52:20] [ITEM_LISTED]: 1622731 vend 1 x Water Bucket  pour 150.00β sur survie_new
[18:58:00] [ITEM_LISTED]: REGDYLAN vend 1 x Chicken Spawn Egg  pour 10,000.00β sur survie_new
[19:00:42] [ITEM_SOLD]: REGDYLAN vendu 1 x Chicken Spawn Egg à  Blazd pour 10,000.00 β le survie_new
[19:05:06] [ITEM_LISTED]: LLIcocoman_Hrz vend 3 x Name Tag  pour 1,000.00β sur survie_new
[19:05:14] [ITEM_LISTED]: LLIcocoman_Hrz vend 16 x Obsidian  pour 1,000.00β sur survie_new
[19:05:38] [ITEM_LISTED]: LLIcocoman_Hrz vend 8 x Prismarine Crystals  pour 1,000.00β sur survie_new
[19:05:49] [ITEM_LISTED]: LLIcocoman_Hrz vend 16 x Gunpowder  pour 200.00β sur survie_new
[19:11:32] [ITEM_CANCELLED]: Blazd annule la vente de 1x Enchanted Book pour 5,000.00β sur survie_new
[19:11:34] [ITEM_RETURNED]: 1 x Enchanted Book  renvoyé à Blazd le survie_new
[19:11:39] [ITEM_LISTED]: Blazd vend 1 x Enchanted Book  pour 4,000.00β sur survie_new
[19:11:54] [ITEM_SOLD]: Blazd vendu 1 x Enchanted Book à  Mboubou pour 4,000.00 β le survie_new
[19:16:23] [ITEM_LISTED]: Blazd vend 1 x Enchanted Book  pour 10,000.00β sur survie_new
[19:16:28] [ITEM_LISTED]: Blazd vend 1 x Enchanted Book  pour 8,000.00β sur survie_new
[19:16:33] [ITEM_LISTED]: Blazd vend 1 x (°-°)  pour 5,000.00β sur survie_new
[19:16:38] [ITEM_LISTED]: Blazd vend 1 x Enchanted Book  pour 15,000.00β sur survie_new
[19:52:50] [ITEM_LISTED]: Mboubou vend 1 x Written Book  pour 0.01β sur survie_new
[19:54:39] [ITEM_SOLD]: ChoLoSh vendu 9 x Sugar Cane à  Mboubou pour 2.00 β le survie_new
[20:20:16] [ITEM_LISTED]: Mboubou vend 1 x Enchanted Book  pour 2,000.00β sur survie_new
[20:20:31] [ITEM_CANCELLED]: Mboubou annule la vente de 1x Enchanted Book pour 2,000.00β sur survie_new
[20:20:34] [ITEM_RETURNED]: 1 x Enchanted Book  renvoyé à Mboubou le survie_new
[20:20:43] [ITEM_LISTED]: Mboubou vend 1 x Enchanted Book  pour 5,050.00β sur survie_new
[20:20:55] [ITEM_LISTED]: Mboubou vend 1 x Enchanted Book  pour 4,900.00β sur survie_new
[20:20:59] [ITEM_LISTED]: Mboubou vend 1 x Enchanted Book  pour 4,900.00β sur survie_new
[20:21:09] [ITEM_LISTED]: Mboubou vend 1 x Enchanted Book  pour 5,700.00β sur survie_new
[20:21:14] [ITEM_LISTED]: Mboubou vend 1 x Enchanted Book  pour 4,900.00β sur survie_new
[20:21:44] [ITEM_LISTED]: Marcoco50100 vend 24 x Cookie  pour 30.00β sur survie_new
[20:22:07] [ITEM_SOLD]: Kaio_Beninou vendu 1 x Shulker Box à  Marcoco50100 pour 5,000.00 β le survie_new
[20:45:35] [ITEM_RETURNED]: 2 x Heart Of The Sea  renvoyé à Marcoco50100 le survie_new
[20:45:35] [ITEM_RETURNED]: 1 x Heart Of The Sea  renvoyé à Marcoco50100 le survie_new
[20:47:50] [ITEM_SOLD]: Mboubou vendu 1 x Enchanted Book à  mouton01 pour 4,900.00 β le survie_new
[20:47:57] [ITEM_SOLD]: Blazd vendu 1 x Enchanted Book à  mouton01 pour 15,000.00 β le survie_new
[20:48:02] [ITEM_SOLD]: Blazd vendu 1 x Enchanted Book à  mouton01 pour 8,000.00 β le survie_new
[20:54:40] [ITEM_LISTED]: Tesla248 vend 1 x Enchanted Book  pour 15,000.00β sur survie_new
[20:54:49] [ITEM_LISTED]: Tesla248 vend 1 x Enchanted Book  pour 15,000.00β sur survie_new
[20:58:34] [ITEM_LISTED]: Marcoco50100 vend 1 x Pumpkin  pour 20.00β sur survie_new
[20:58:39] [ITEM_LISTED]: Marcoco50100 vend 1 x Pumpkin  pour 20.00β sur survie_new
[20:58:41] [ITEM_LISTED]: Marcoco50100 vend 1 x Pumpkin  pour 20.00β sur survie_new
[20:58:43] [ITEM_LISTED]: Marcoco50100 vend 1 x Pumpkin  pour 20.00β sur survie_new
[21:11:21] [ITEM_LISTED]: Marcoco50100 vend 1 x Iron Horse Armor  pour 100.00β sur survie_new
[21:11:23] [ITEM_LISTED]: Marcoco50100 vend 1 x Iron Horse Armor  pour 100.00β sur survie_new
[21:16:53] [ITEM_LISTED]: SkyKnight60 vend 64 x Bamboo  pour 500.00β sur survie_new
[21:17:05] [ITEM_LISTED]: SkyKnight60 vend 64 x Bamboo  pour 500.00β sur survie_new
[21:17:34] [ITEM_LISTED]: _MozillaFirefox vend 1 x Enchanted Book  pour 2,000.00β sur survie_new
[21:24:32] [ITEM_RETURNED]: 1 x Enchanted Book  renvoyé à Tesla248 le survie_new
[21:24:32] [ITEM_RETURNED]: 1 x Enchanted Book  renvoyé à Tesla248 le survie_new
[21:24:32] [ITEM_RETURNED]: 1 x Enchanted Book  renvoyé à Tesla248 le survie_new
[21:24:33] [ITEM_RETURNED]: 1 x Enchanted Book  renvoyé à Tesla248 le survie_new
[21:24:33] [ITEM_RETURNED]: 1 x Enchanted Book  renvoyé à Tesla248 le survie_new
[21:24:33] [ITEM_RETURNED]: 1 x Enchanted Book  renvoyé à Tesla248 le survie_new
[21:24:34] [ITEM_RETURNED]: 1 x Enchanted Book  renvoyé à Tesla248 le survie_new
[21:24:34] [ITEM_RETURNED]: 1 x Enchanted Book  renvoyé à Tesla248 le survie_new
[21:24:35] [ITEM_RETURNED]: 1 x Totem Of Undying  renvoyé à Tesla248 le survie_new
[21:24:36] [ITEM_RETURNED]: 1 x Potion  renvoyé à Tesla248 le survie_new
[21:24:36] [ITEM_RETURNED]: 1 x Totem Of Undying  renvoyé à Tesla248 le survie_new
[21:30:10] [ITEM_LISTED]: _MozillaFirefox vend 64 x Iron Ore  pour 5,250.00β sur survie_new
[22:38:35] [ITEM_SOLD]: Mboubou vendu 1 x Written Book à  Zarbikop pour 0.01 β le survie_new
[22:39:15] [ITEM_SOLD]: Bertrand vendu 1 x §;§:Spawner à Araignée venimeuse 1x à  Zarbikop pour 3,500.00 β le survie_new
