[00:08:08] [ITEM_SOLD]: Axiton vendu 64 x Diamond à  Christophe_ pour 7,000.00 β le survie_new
[00:13:59] [ITEM_SOLD]: Sifflote vendu 64 x Sugar Cane à  hugoleb pour 750.00 β le survie_new
[00:15:15] [ITEM_LISTED]: AzodFR vend 64 x Diamond  pour 9,600.00β sur survie_new
[00:35:47] [ITEM_SOLD]: pierro vendu 1 x White Shulker Box à  LeandroCosta pour 2,800.00 β le survie_new
[01:21:55] [ITEM_SOLD]: Cryyzi vendu 1 x Iron Pickaxe à  [Efficiency I, Unbreaking I] ghis22940 pour 50.00 β le survie_new
[01:22:04] [ITEM_SOLD]: Cryyzi vendu 1 x Diamond Pickaxe à  [Efficiency III] ghis22940 pour 800.00 β le survie_new
[01:22:40] [ITEM_SOLD]: pierro vendu 1 x Diamond Sword à  [Knockback II] ghis22940 pour 650.00 β le survie_new
[01:30:12] [ITEM_SOLD]: K666D vendu 64 x Jungle Slab à  portedegaia pour 20.00 β le survie_new
[07:06:50] [ITEM_SOLD]: Cryyzi vendu 1 x Cat Spawn Egg à  MaloZazina pour 5,000.00 β le survie_new
[09:58:19] [ITEM_SOLD]: Cryyzi vendu 1 x Iron Shovel à  [Efficiency I, Unbreaking I] hugoleb pour 50.00 β le survie_new
[10:13:14] [ITEM_LISTED]: sylverfire02 vend 1 x Enchanted Book  pour 1,000.00β sur survie_new
[10:13:25] [ITEM_LISTED]: sylverfire02 vend 1 x Enchanted Book  pour 500.00β sur survie_new
[10:13:55] [ITEM_LISTED]: sylverfire02 vend 1 x Fishing Rod  [Mending] pour 2,000.00β sur survie_new
[11:02:42] [ITEM_CANCELLED]: AzodFR annule la vente de 64x Diamond pour 9,600.00β sur survie_new
[11:02:43] [ITEM_RETURNED]: 64 x Diamond  renvoyé à AzodFR le survie_new
[11:03:42] [ITEM_LISTED]: MyNameIs42 vend 1 x [Zombie Spawner]  pour 7,000.00β sur survie_new
[11:04:03] [ITEM_LISTED]: MyNameIs42 vend 1 x Enchanted Golden Apple  pour 200.00β sur survie_new
[11:07:03] [ITEM_LISTED]: AzodFR vend 2 x Livre pour une création Légendaire  pour 8,000.00β sur survie_new
[11:07:57] [ITEM_SOLD]: AzodFR vendu 2 x Livre pour une création Légendaire à  aidan pour 8,000.00 β le survie_new
[11:25:27] [ITEM_SOLD]: MyNameIs42 vendu 1 x [Zombie Spawner] à  Teinavaa pour 7,000.00 β le survie_new
[11:29:30] [ITEM_LISTED]: pierro vend 1 x Saddle  pour 50.00β sur survie_new
[11:36:15] [ITEM_LISTED]: pierro vend 1 x Diamond Chestplate  [Fire Protection III, Mending] pour 5,000.00β sur survie_new
[11:55:03] [ITEM_LISTED]: sylverfire02 vend 1 x Enchanted Book  pour 500.00β sur survie_new
[12:22:43] [ITEM_SOLD]: Cryyzi vendu 1 x Iron Sword à  [Sharpness I, Unbreaking I] flitnacy pour 50.00 β le survie_new
[12:29:40] [ITEM_LISTED]: Christophe_ vend 1 x Journal de quêtes  pour 100,000.00β sur survie_new
[12:57:47] [ITEM_LISTED]: Oziroal vend 1 x Enchanted Book  pour 2,500.00β sur survie_new
[14:01:03] [ITEM_SOLD]: Isaorya vendu 64 x Wheat Seeds à  jojokawa pour 25.00 β le survie_new
[14:14:25] [ITEM_LISTED]: Christophe_ vend 64 x Bone  pour 25.00β sur survie_new
[14:14:29] [ITEM_LISTED]: Christophe_ vend 64 x Bone  pour 25.00β sur survie_new
[14:14:31] [ITEM_LISTED]: Christophe_ vend 64 x Bone  pour 25.00β sur survie_new
[14:14:33] [ITEM_LISTED]: Christophe_ vend 64 x Bone  pour 25.00β sur survie_new
[14:14:34] [ITEM_LISTED]: Christophe_ vend 64 x Bone  pour 25.00β sur survie_new
[14:14:35] [ITEM_LISTED]: Christophe_ vend 64 x Bone  pour 25.00β sur survie_new
[14:14:36] [ITEM_LISTED]: Christophe_ vend 64 x Bone  pour 25.00β sur survie_new
[14:14:37] [ITEM_LISTED]: Christophe_ vend 64 x Bone  pour 25.00β sur survie_new
[14:14:38] [ITEM_LISTED]: Christophe_ vend 64 x Bone  pour 25.00β sur survie_new
[14:14:43] [ITEM_LISTED]: Christophe_ vend 64 x Bone  pour 25.00β sur survie_new
[14:14:43] [ITEM_LISTED]: Christophe_ vend 64 x Bone  pour 25.00β sur survie_new
[14:14:44] [ITEM_LISTED]: Christophe_ vend 64 x Bone  pour 25.00β sur survie_new
[14:14:45] [ITEM_LISTED]: Christophe_ vend 64 x Bone  pour 25.00β sur survie_new
[14:14:57] [ITEM_LISTED]: Christophe_ vend 64 x Bone  pour 25.00β sur survie_new
[14:14:58] [ITEM_LISTED]: Christophe_ vend 64 x Bone  pour 25.00β sur survie_new
[14:14:58] [ITEM_LISTED]: Christophe_ vend 64 x Bone  pour 25.00β sur survie_new
[14:14:59] [ITEM_LISTED]: Christophe_ vend 64 x Bone  pour 25.00β sur survie_new
[14:15:00] [ITEM_LISTED]: Christophe_ vend 64 x Bone  pour 25.00β sur survie_new
[14:15:01] [ITEM_LISTED]: Christophe_ vend 64 x Bone  pour 25.00β sur survie_new
[14:15:01] [ITEM_LISTED]: Christophe_ vend 64 x Bone  pour 25.00β sur survie_new
[14:15:02] [ITEM_LISTED]: Christophe_ vend 64 x Bone  pour 25.00β sur survie_new
[14:15:03] [ITEM_LISTED]: Christophe_ vend 64 x Bone  pour 25.00β sur survie_new
[14:15:12] [ITEM_LISTED]: Christophe_ vend 64 x Bone  pour 25.00β sur survie_new
[14:15:13] [ITEM_LISTED]: Christophe_ vend 64 x Bone  pour 25.00β sur survie_new
[14:15:14] [ITEM_LISTED]: Christophe_ vend 64 x Bone  pour 25.00β sur survie_new
[14:15:15] [ITEM_LISTED]: Christophe_ vend 64 x Bone  pour 25.00β sur survie_new
[14:15:15] [ITEM_LISTED]: Christophe_ vend 64 x Bone  pour 25.00β sur survie_new
[14:57:02] [ITEM_SOLD]: Oziroal vendu 1 x Enchanted Book à  Mikiu_Ahegao pour 2,500.00 β le survie_new
[15:02:59] [ITEM_LISTED]: IntegraleEpice vend 64 x Polished Andesite  pour 150.00β sur survie_new
[15:03:01] [ITEM_LISTED]: IntegraleEpice vend 64 x Polished Granite  pour 150.00β sur survie_new
[15:03:03] [ITEM_LISTED]: IntegraleEpice vend 64 x Polished Andesite  pour 150.00β sur survie_new
[15:04:27] [ITEM_LISTED]: Tchong vend 64 x Iron Ingot  pour 1,500.00β sur survie_new
[15:04:33] [ITEM_LISTED]: Tchong vend 64 x Iron Ingot  pour 1,500.00β sur survie_new
[15:04:48] [ITEM_LISTED]: Tchong vend 64 x Iron Ingot  pour 1,500.00β sur survie_new
[15:05:06] [ITEM_LISTED]: Tchong vend 64 x Iron Ingot  pour 1,500.00β sur survie_new
[16:34:04] [ITEM_SOLD]: sylverfire02 vendu 1 x Enchanted Book à  Teinavaa pour 500.00 β le survie_new
[16:45:36] [ITEM_SOLD]: Tchong vendu 64 x Iron Ingot à  kalaistar pour 1,500.00 β le survie_new
[16:45:37] [ITEM_SOLD]: Tchong vendu 64 x Iron Ingot à  kalaistar pour 1,500.00 β le survie_new
[16:45:38] [ITEM_SOLD]: Tchong vendu 64 x Iron Ingot à  kalaistar pour 1,500.00 β le survie_new
[16:45:39] [ITEM_SOLD]: Tchong vendu 64 x Iron Ingot à  kalaistar pour 1,500.00 β le survie_new
[16:45:42] [ITEM_SOLD]: IntegraleEpice vendu 64 x Polished Andesite à  kalaistar pour 150.00 β le survie_new
[16:45:43] [ITEM_SOLD]: IntegraleEpice vendu 64 x Polished Granite à  kalaistar pour 150.00 β le survie_new
[16:45:44] [ITEM_SOLD]: IntegraleEpice vendu 64 x Polished Andesite à  kalaistar pour 150.00 β le survie_new
[16:58:16] [ITEM_LISTED]: Kaio_Beninou vend 1 x Enchanted Book  pour 5,000.00β sur survie_new
[16:58:20] [ITEM_LISTED]: Kaio_Beninou vend 1 x Enchanted Book  pour 5,000.00β sur survie_new
[16:58:25] [ITEM_LISTED]: Kaio_Beninou vend 1 x Enchanted Book  pour 5,000.00β sur survie_new
[17:09:33] [ITEM_LISTED]: IntegraleEpice vend 64 x Polished Andesite  pour 150.00β sur survie_new
[17:24:35] [ITEM_DROPPED]: Abandon de la vente lonely_knight expirée de 1 x Enchanted Book  pour 0.00β à leurs pieds le survie_new
[17:24:35] [ITEM_DROPPED]: Abandon de la vente lonely_knight expirée de 16 x Sponge  pour 0.00β à leurs pieds le survie_new
[17:36:40] [ITEM_SOLD]: Biboozz vendu 64 x Wheat Seeds à  jojokawa pour 200.00 β le survie_new
[17:43:12] [ITEM_SOLD]: Christophe_ vendu 64 x Bone à  flitnacy pour 25.00 β le survie_new
[17:43:15] [ITEM_SOLD]: Christophe_ vendu 64 x Bone à  flitnacy pour 25.00 β le survie_new
[18:18:35] [ITEM_SOLD]: pierro vendu 1 x Saddle à  ianito pour 50.00 β le survie_new
[18:31:03] [ITEM_CANCELLED]: ianito annule la vente de 1x Wither Skeleton Skull pour 3,000.00β sur survie_new
[18:31:17] [ITEM_RETURNED]: 1 x Wither Skeleton Skull  renvoyé à ianito le survie_new
[18:44:42] [ITEM_CANCELLED]: Christophe_ annule la vente de 64x Bone pour 25.00β sur survie_new
[18:44:44] [ITEM_RETURNED]: 64 x Bone  renvoyé à Christophe_ le survie_new
[18:51:58] [ITEM_CANCELLED]: Christophe_ annule la vente de 64x Bone pour 25.00β sur survie_new
[18:51:58] [ITEM_CANCELLED]: Christophe_ annule la vente de 64x Bone pour 25.00β sur survie_new
[18:51:58] [ITEM_CANCELLED]: Christophe_ annule la vente de 64x Bone pour 25.00β sur survie_new
[18:51:59] [ITEM_CANCELLED]: Christophe_ annule la vente de 64x Bone pour 25.00β sur survie_new
[18:51:59] [ITEM_CANCELLED]: Christophe_ annule la vente de 64x Bone pour 25.00β sur survie_new
[18:51:59] [ITEM_CANCELLED]: Christophe_ annule la vente de 64x Bone pour 25.00β sur survie_new
[18:51:59] [ITEM_CANCELLED]: Christophe_ annule la vente de 64x Bone pour 25.00β sur survie_new
[18:52:01] [ITEM_RETURNED]: 64 x Bone  renvoyé à Christophe_ le survie_new
[18:52:01] [ITEM_RETURNED]: 64 x Bone  renvoyé à Christophe_ le survie_new
[18:52:01] [ITEM_RETURNED]: 64 x Bone  renvoyé à Christophe_ le survie_new
[18:52:01] [ITEM_RETURNED]: 64 x Bone  renvoyé à Christophe_ le survie_new
[18:52:01] [ITEM_RETURNED]: 64 x Bone  renvoyé à Christophe_ le survie_new
[18:52:02] [ITEM_RETURNED]: 64 x Bone  renvoyé à Christophe_ le survie_new
[18:52:02] [ITEM_RETURNED]: 64 x Bone  renvoyé à Christophe_ le survie_new
[19:06:09] [ITEM_RETURNED]: 1 x [Cave spider Spawner]  renvoyé à Tesla248 le survie_new
[19:06:10] [ITEM_RETURNED]: 1 x [Cave spider Spawner]  renvoyé à Tesla248 le survie_new
[19:06:11] [ITEM_RETURNED]: 1 x [Cave spider Spawner]  renvoyé à Tesla248 le survie_new
[19:06:12] [ITEM_RETURNED]: 1 x [Cave spider Spawner]  renvoyé à Tesla248 le survie_new
[19:06:12] [ITEM_RETURNED]: 1 x [Cave spider Spawner]  renvoyé à Tesla248 le survie_new
[19:29:53] [ITEM_LISTED]: LeVoleurDeStylo vend 1 x Jungle Planks  pour 2,330.00β sur survie_new
[19:30:01] [ITEM_SOLD]: LeVoleurDeStylo vendu 1 x Jungle Planks à  kevin02820 pour 2,330.00 β le survie_new
[19:34:08] [ITEM_SOLD]: pierro vendu 1 x Iron Pickaxe à  [Efficiency III, Mending, Silk Touch] LeVoleurDeStylo pour 4,500.00 β le survie_new
[19:34:46] [ITEM_LISTED]: LeVoleurDeStylo vend 1 x [Skeleton Spawner]  pour 7,000.00β sur survie_new
[19:39:48] [ITEM_SOLD]: Christophe_ vendu 64 x Bone à  Skilyder pour 25.00 β le survie_new
[19:39:50] [ITEM_SOLD]: Christophe_ vendu 64 x Bone à  Skilyder pour 25.00 β le survie_new
[19:39:52] [ITEM_SOLD]: Christophe_ vendu 64 x Bone à  Skilyder pour 25.00 β le survie_new
[19:39:54] [ITEM_SOLD]: Christophe_ vendu 64 x Bone à  Skilyder pour 25.00 β le survie_new
[19:40:34] [ITEM_SOLD]: Christophe_ vendu 64 x Bone à  Skilyder pour 25.00 β le survie_new
[19:40:36] [ITEM_SOLD]: Christophe_ vendu 64 x Bone à  Skilyder pour 25.00 β le survie_new
[19:40:37] [ITEM_SOLD]: Christophe_ vendu 64 x Bone à  Skilyder pour 25.00 β le survie_new
[19:40:40] [ITEM_SOLD]: Christophe_ vendu 64 x Bone à  Skilyder pour 25.00 β le survie_new
[19:40:43] [ITEM_SOLD]: Christophe_ vendu 64 x Bone à  Skilyder pour 25.00 β le survie_new
[19:40:45] [ITEM_SOLD]: Christophe_ vendu 64 x Bone à  Skilyder pour 25.00 β le survie_new
[19:40:46] [ITEM_SOLD]: Christophe_ vendu 64 x Bone à  Skilyder pour 25.00 β le survie_new
[19:40:48] [ITEM_SOLD]: Christophe_ vendu 64 x Bone à  Skilyder pour 25.00 β le survie_new
[19:40:49] [ITEM_SOLD]: Christophe_ vendu 64 x Bone à  Skilyder pour 25.00 β le survie_new
[19:40:50] [ITEM_SOLD]: Christophe_ vendu 64 x Bone à  Skilyder pour 25.00 β le survie_new
[19:40:52] [ITEM_SOLD]: Christophe_ vendu 64 x Bone à  Skilyder pour 25.00 β le survie_new
[19:40:54] [ITEM_SOLD]: Christophe_ vendu 64 x Bone à  Skilyder pour 25.00 β le survie_new
[19:40:56] [ITEM_SOLD]: Christophe_ vendu 64 x Bone à  Skilyder pour 25.00 β le survie_new
[20:04:07] [ITEM_SOLD]: Cryyzi vendu 1 x Potion à  Siley_stone pour 120.00 β le survie_new
[20:04:20] [ITEM_SOLD]: sylverfire02 vendu 1 x Enchanted Book à  Siley_stone pour 1,000.00 β le survie_new
[20:04:23] [ITEM_SOLD]: Kaio_Beninou vendu 1 x Enchanted Book à  pierro pour 5,000.00 β le survie_new
[20:04:37] [ITEM_SOLD]: The_Wiz_D vendu 64 x Arrow à  Siley_stone pour 100.00 β le survie_new
[20:04:39] [ITEM_SOLD]: The_Wiz_D vendu 64 x Arrow à  Siley_stone pour 100.00 β le survie_new
[20:11:18] [ITEM_SOLD]: Kaio_Beninou vendu 1 x Enchanted Book à  pierro pour 5,000.00 β le survie_new
[20:13:31] [ITEM_LISTED]: pierro vend 64 x Blaze Rod  pour 280.00β sur survie_new
[20:14:13] [ITEM_SOLD]: Kaio_Beninou vendu 1 x Enchanted Book à  pierro pour 5,000.00 β le survie_new
[20:15:53] [ITEM_LISTED]: pierro vend 1 x Yellow Shulker Box  pour 2,800.00β sur survie_new
[20:15:55] [ITEM_LISTED]: pierro vend 1 x White Shulker Box  pour 2,800.00β sur survie_new
[21:18:20] [ITEM_SOLD]: pierro vendu 64 x Blaze Rod à  kalaistar pour 280.00 β le survie_new
[21:18:21] [ITEM_SOLD]: IntegraleEpice vendu 64 x Polished Andesite à  kalaistar pour 150.00 β le survie_new
[21:59:58] [ITEM_SOLD]: pierro vendu 1 x Diamond Sword à  [Knockback I] Siley_stone pour 450.00 β le survie_new
[22:18:55] [ITEM_SOLD]: portedegaia vendu 64 x Bamboo à  Axiton pour 700.00 β le survie_new
[22:18:57] [ITEM_SOLD]: portedegaia vendu 64 x Bamboo à  Axiton pour 700.00 β le survie_new
[22:36:43] [ITEM_LISTED]: pierro vend 64 x Blaze Rod  pour 480.00β sur survie_new
[22:37:54] [ITEM_CANCELLED]: pierro annule la vente de 1x Diamond Helmet [Protection III] pour 550.00β sur survie_new
[22:37:58] [ITEM_RETURNED]: 1 x Brown Shulker Box  renvoyé à pierro le survie_new
[22:37:59] [ITEM_RETURNED]: 1 x Diamond Helmet  [Protection III] renvoyé à pierro le survie_new
[22:38:06] [ITEM_LISTED]: pierro vend 1 x Brown Shulker Box  pour 2,500.00β sur survie_new
[22:39:53] [ITEM_LISTED]: pierro vend 64 x Blaze Rod  pour 480.00β sur survie_new
[22:39:59] [ITEM_LISTED]: pierro vend 64 x Blaze Rod  pour 480.00β sur survie_new
[22:58:23] [ITEM_LISTED]: Oziroal vend 1 x Enchanted Book  pour 500.00β sur survie_new
[23:17:43] [ITEM_SOLD]: eric2a vendu 44 x Nether Bricks à  kalaistar pour 190.00 β le survie_new
[23:18:06] [ITEM_SOLD]: LeandroCosta vendu 21 x Redstone Block à  kalaistar pour 105.00 β le survie_new
[23:18:16] [ITEM_SOLD]: Axiton vendu 64 x Blaze Rod à  kalaistar pour 300.00 β le survie_new
[23:18:17] [ITEM_SOLD]: Axiton vendu 64 x Blaze Rod à  kalaistar pour 300.00 β le survie_new
[23:18:18] [ITEM_SOLD]: Axiton vendu 64 x Blaze Rod à  kalaistar pour 300.00 β le survie_new
[23:18:19] [ITEM_SOLD]: Axiton vendu 64 x Blaze Rod à  kalaistar pour 300.00 β le survie_new
[23:18:20] [ITEM_SOLD]: Axiton vendu 64 x Blaze Rod à  kalaistar pour 300.00 β le survie_new
[23:18:22] [ITEM_SOLD]: Axiton vendu 64 x Blaze Rod à  kalaistar pour 300.00 β le survie_new
[23:18:35] [ITEM_SOLD]: Axiton vendu 64 x Blaze Rod à  kalaistar pour 300.00 β le survie_new
