[00:05:13] [ITEM_LISTED]: RazerJojo vend 1 x Nouvel album de JUL  pour 3,000.00β sur survie_new
[00:05:22] [ITEM_CANCELLED]: RazerJojo annule la vente de 1x Music Disc Cat pour 50.00β sur survie_new
[00:05:24] [ITEM_RETURNED]: 1 x Music Disc Cat  renvoyé à RazerJojo le survie_new
[00:08:22] [ITEM_LISTED]: RazerJojo vend 1 x Celui qui achete mon album gagne x2  pour 5,000.00β sur survie_new
[00:33:03] [ITEM_SOLD]: RazerJojo vendu 1 x Celui qui achete mon album gagne x2 à  AzodFR pour 5,000.00 β le survie_new
[00:33:06] [ITEM_SOLD]: RazerJojo vendu 1 x Nouvel album de JUL à  _megamigit_ pour 3,000.00 β le survie_new
[00:33:08] [ITEM_SOLD]: GuiGuiPlay vendu 1 x Fais pas ta catin djadja à  _megamigit_ pour 5,000.00 β le survie_new
[00:39:20] [ITEM_LISTED]: Gr33nEagl3 vend 1 x *Baguette d'Harry Potter*  pour 100,000.00β sur survie_new
[00:40:24] [ITEM_LISTED]: GuiGuiPlay vend 64 x Wheat Seeds  pour 0.10β sur survie_new
[00:40:28] [ITEM_LISTED]: GuiGuiPlay vend 64 x Wheat Seeds  pour 0.10β sur survie_new
[00:40:28] [ITEM_LISTED]: GuiGuiPlay vend 64 x Wheat Seeds  pour 0.10β sur survie_new
[00:40:34] [ITEM_LISTED]: GuiGuiPlay vend 64 x Wheat Seeds  pour 0.10β sur survie_new
[00:40:35] [ITEM_LISTED]: GuiGuiPlay vend 64 x Wheat Seeds  pour 0.10β sur survie_new
[00:40:53] [ITEM_LISTED]: Gr33nEagl3 vend 1 x /Baguette de Voldemort\  pour 90,000.00β sur survie_new
[00:44:05] [ITEM_LISTED]: Gr33nEagl3 vend 1 x Sabre Laser de L'elu  pour 10,000.00β sur survie_new
[00:45:23] [ITEM_LISTED]: Gr33nEagl3 vend 1 x x Le Black Pearl x  pour 10,000.00β sur survie_new
[00:46:43] [ITEM_LISTED]: Gr33nEagl3 vend 1 x - Pupitre de Jacques Chirac -  pour 10,000.00β sur survie_new
[00:47:41] [ITEM_LISTED]: Gr33nEagl3 vend 1 x Escabot de Chantier  pour 500.00β sur survie_new
[01:38:03] [ITEM_LISTED]: GuiGuiPlay vend 1 x Kaam Et Cocoman  pour 15,000.00β sur survie_new
[01:47:54] [ITEM_CANCELLED]: GuiGuiPlay annule la vente de 1x Kaam Et Cocoman pour 15,000.00β sur survie_new
[01:47:55] [ITEM_CANCELLED]: GuiGuiPlay annule la vente de 64x Wheat Seeds pour 0.10β sur survie_new
[01:47:59] [ITEM_RETURNED]: 1 x Kaam Et Cocoman  renvoyé à GuiGuiPlay le survie_new
[01:48:00] [ITEM_RETURNED]: 64 x Wheat Seeds  renvoyé à GuiGuiPlay le survie_new
[01:48:08] [ITEM_LISTED]: GuiGuiPlay vend 64 x Wheat Seeds  pour 0.10β sur survie_new
[01:56:54] [ITEM_LISTED]: RazerJojo vend 1 x FISHER - Losing It  pour 2,000.00β sur survie_new
[02:39:52] [ITEM_LISTED]: GuiGuiPlay vend 1 x Written Book  pour 8,000.00β sur survie_new
[02:39:56] [ITEM_LISTED]: GuiGuiPlay vend 1 x Written Book  pour 8,000.00β sur survie_new
[02:39:57] [ITEM_LISTED]: GuiGuiPlay vend 1 x Written Book  pour 8,000.00β sur survie_new
[02:39:58] [ITEM_LISTED]: GuiGuiPlay vend 1 x Written Book  pour 8,000.00β sur survie_new
[02:40:00] [ITEM_LISTED]: GuiGuiPlay vend 1 x Written Book  pour 8,000.00β sur survie_new
[11:15:55] [ITEM_SOLD]: GuiGuiPlay vendu 64 x Bread à  Zofren pour 199.00 β le survie_new
[11:39:57] [ITEM_LISTED]: Tactical_Byslide vend 64 x Blaze Rod  pour 495.00β sur survie_new
[12:41:51] [ITEM_RETURNED]: 1 x Enchanted Book  renvoyé à Haru_M le survie_new
[12:45:20] [ITEM_SOLD]: BiscuitSoda69 vendu 64 x Blaze Rod à  bofkaya pour 499.00 β le survie_new
[13:02:20] [ITEM_LISTED]: HeFk vend 30 x Torch  pour 30.00β sur survie_new
[13:15:20] [ITEM_CANCELLED]: LowzenMA annule la vente de 1x Loom pour 150.00β sur survie_new
[13:15:23] [ITEM_RETURNED]: 1 x Loom  renvoyé à LowzenMA le survie_new
[13:17:55] [ITEM_LISTED]: Sifflote vend 1 x Music Disc 13  pour 550.00β sur survie_new
[13:21:34] [ITEM_LISTED]: LLIcocoman_Hrz vend 1 x Wheat Seeds  pour 2.00β sur survie_new
[13:21:37] [ITEM_LISTED]: enolane59 vend 64 x Jungle Log  pour 300.00β sur survie_new
[13:21:37] [ITEM_CANCELLED]: LLIcocoman_Hrz annule la vente de 1x Wheat Seeds pour 2.00β sur survie_new
[13:21:48] [ITEM_RETURNED]: 1 x Wheat Seeds  renvoyé à LLIcocoman_Hrz le survie_new
[13:23:06] [ITEM_SOLD]: enolane59 vendu 64 x Jungle Log à  LowzenMA pour 300.00 β le survie_new
[13:48:57] [ITEM_SOLD]: GuiGuiPlay vendu 1 x Written Book à  Haru_M pour 8,000.00 β le survie_new
[13:53:53] [ITEM_LISTED]: IntegraleEpice vend 12 x Light Blue Glazed Terracotta  pour 100.00β sur survie_new
[14:08:48] [ITEM_SOLD]: Mikiu_Ahegao vendu 1 x bière à  _Radoudou_ pour 200.00 β le survie_new
[14:24:10] [ITEM_SOLD]: Tactical_Byslide vendu 1 x Shulker Shell à  Yohan81 pour 1,500.00 β le survie_new
[14:47:10] [ITEM_LISTED]: IntegraleEpice vend 64 x Sea Pickle  pour 200.00β sur survie_new
[15:13:39] [ITEM_LISTED]: enolane59 vend 2 x Bread  pour 5.00β sur survie_new
[15:13:53] [ITEM_LISTED]: enolane59 vend 1 x Music Disc 13  pour 500.00β sur survie_new
[15:15:33] [ITEM_SOLD]: Cryyzi vendu 1 x White Bed à  enolane59 pour 11.00 β le survie_new
[15:15:40] [ITEM_SOLD]: Cryyzi vendu 1 x White Bed à  enolane59 pour 11.00 β le survie_new
[15:16:09] [ITEM_LISTED]: enolane59 vend 1 x White Bed  pour 11.00β sur survie_new
[15:18:46] [ITEM_LISTED]: enolane59 vend 9 x Mossy Cobblestone  pour 30,000.00β sur survie_new
[15:20:23] [ITEM_SOLD]: IntegraleEpice vendu 12 x Light Blue Glazed Terracotta à  enolane59 pour 100.00 β le survie_new
[15:21:42] [ITEM_SOLD]: Tesla248 vendu 1 x Ominous Banner à  enolane59 pour 200.00 β le survie_new
[15:22:16] [ITEM_SOLD]: Newt_hp vendu 64 x Bamboo à  enolane59 pour 32.00 β le survie_new
[15:24:34] [ITEM_SOLD]: Tactical_Byslide vendu 64 x Blaze Rod à  Isaorya pour 495.00 β le survie_new
[15:30:37] [ITEM_LISTED]: IntegraleEpice vend 1 x Globe Banner Pattern  pour 500.00β sur survie_new
[15:43:51] [ITEM_LISTED]: enolane59 vend 1 x Cyan Terracotta  pour 5.00β sur survie_new
[15:44:08] [ITEM_LISTED]: enolane59 vend 16 x Cobblestone  pour 6,700.00β sur survie_new
[15:44:24] [ITEM_LISTED]: enolane59 vend 10 x Spider Eye  pour 15.00β sur survie_new
[15:44:35] [ITEM_LISTED]: enolane59 vend 11 x Rotten Flesh  pour 11.00β sur survie_new
[15:50:57] [ITEM_SOLD]: IntegraleEpice vendu 64 x Sea Pickle à  Mikiu_Ahegao pour 200.00 β le survie_new
[16:17:30] [ITEM_RETURNED]: 1 x Enchanted Book  renvoyé à Haru_M le survie_new
[16:17:41] [ITEM_LISTED]: Haru_M vend 1 x Enchanted Book  pour 2,800.00β sur survie_new
[16:18:14] [ITEM_SOLD]: Haru_M vendu 1 x Enchanted Book à  _megamigit_ pour 2,800.00 β le survie_new
[16:38:41] [ITEM_LISTED]: enolane59 vend 64 x Birch Planks  pour 1,000.00β sur survie_new
[16:46:39] [ITEM_SOLD]: GuiGuiPlay vendu 64 x Cocoa Beans à  enolane59 pour 100.00 β le survie_new
[16:50:34] [ITEM_SOLD]: Cryyzi vendu 1 x Shulker Shell à  enolane59 pour 1,500.00 β le survie_new
[16:50:56] [ITEM_LISTED]: enolane59 vend 1 x Shulker Shell  pour 3,454.00β sur survie_new
[16:54:00] [ITEM_SOLD]: enolane59 vendu 1 x White Bed à  tintin064 pour 11.00 β le survie_new
[16:58:18] [ITEM_SOLD]: REGDYLAN vendu 1 x Diamond Sword à  [Fire Aspect II, Looting III, Sharpness IV, Unbreaking III] D4rk_Wolf_07 pour 5,000.00 β le survie_new
[17:01:58] [ITEM_SOLD]: CouzVeBaton vendu 1 x Ghast Tear à  DXdu816 pour 1,000.00 β le survie_new
[17:03:40] [ITEM_SOLD]: GuiGuiPlay vendu 64 x Bread à  hugoleb pour 199.00 β le survie_new
[17:25:39] [ITEM_SOLD]: Zougless vendu 64 x Spruce Log à  tintin064 pour 350.00 β le survie_new
[17:29:28] [ITEM_LISTED]: Zougless vend 64 x Spruce Log  pour 250.00β sur survie_new
[17:29:31] [ITEM_LISTED]: Zougless vend 64 x Spruce Log  pour 250.00β sur survie_new
[17:29:34] [ITEM_LISTED]: Zougless vend 64 x Spruce Log  pour 250.00β sur survie_new
[17:29:36] [ITEM_LISTED]: Zougless vend 64 x Spruce Log  pour 250.00β sur survie_new
[17:29:39] [ITEM_LISTED]: Zougless vend 64 x Spruce Log  pour 250.00β sur survie_new
[17:29:41] [ITEM_LISTED]: Zougless vend 64 x Spruce Log  pour 250.00β sur survie_new
[17:29:48] [ITEM_LISTED]: Zougless vend 64 x Spruce Log  pour 250.00β sur survie_new
[17:30:49] [ITEM_LISTED]: Zougless vend 64 x Spruce Log  pour 250.00β sur survie_new
[17:35:36] [ITEM_LISTED]: LowzenMA vend 1 x Music Disc 13  pour 100.00β sur survie_new
[18:15:27] [ITEM_LISTED]: enolane59 vend 1 x Cobblestone  pour 4,000.00β sur survie_new
[18:16:08] [ITEM_LISTED]: enolane59 vend 1 x Cobblestone  pour 4,000.00β sur survie_new
[18:16:12] [ITEM_LISTED]: enolane59 vend 1 x Cobblestone  pour 4,000.00β sur survie_new
[18:16:22] [ITEM_LISTED]: enolane59 vend 1 x Cobblestone  pour 4,000.00β sur survie_new
[18:16:30] [ITEM_LISTED]: enolane59 vend 1 x Cobblestone  pour 4,000.00β sur survie_new
[18:16:33] [ITEM_LISTED]: enolane59 vend 1 x Cobblestone  pour 4,000.00β sur survie_new
[18:16:37] [ITEM_LISTED]: enolane59 vend 1 x Cobblestone  pour 4,000.00β sur survie_new
[18:16:49] [ITEM_LISTED]: enolane59 vend 1 x Cobblestone  pour 4,000.00β sur survie_new
[18:16:53] [ITEM_LISTED]: enolane59 vend 1 x Cobblestone  pour 4,000.00β sur survie_new
[18:16:55] [ITEM_LISTED]: enolane59 vend 1 x Cobblestone  pour 4,000.00β sur survie_new
[18:16:58] [ITEM_LISTED]: enolane59 vend 1 x Cobblestone  pour 4,000.00β sur survie_new
[18:17:19] [ITEM_LISTED]: enolane59 vend 1 x Cobblestone  pour 4,000.00β sur survie_new
[18:17:21] [ITEM_LISTED]: enolane59 vend 1 x Cobblestone  pour 4,000.00β sur survie_new
[18:17:23] [ITEM_LISTED]: enolane59 vend 1 x Cobblestone  pour 4,000.00β sur survie_new
[18:17:25] [ITEM_LISTED]: enolane59 vend 1 x Cobblestone  pour 4,000.00β sur survie_new
[18:17:28] [ITEM_LISTED]: enolane59 vend 1 x Cobblestone  pour 4,000.00β sur survie_new
[18:17:30] [ITEM_LISTED]: enolane59 vend 1 x Cobblestone  pour 4,000.00β sur survie_new
[18:17:34] [ITEM_LISTED]: enolane59 vend 1 x Cobblestone  pour 4,000.00β sur survie_new
[18:17:36] [ITEM_LISTED]: enolane59 vend 1 x Cobblestone  pour 4,000.00β sur survie_new
[18:17:39] [ITEM_LISTED]: enolane59 vend 1 x Cobblestone  pour 4,000.00β sur survie_new
[18:18:01] [ITEM_LISTED]: enolane59 vend 1 x Cobblestone  pour 4,000.00β sur survie_new
[18:18:03] [ITEM_LISTED]: enolane59 vend 1 x Cobblestone  pour 4,000.00β sur survie_new
[18:18:06] [ITEM_LISTED]: enolane59 vend 1 x Cobblestone  pour 4,000.00β sur survie_new
[18:18:11] [ITEM_LISTED]: enolane59 vend 1 x Cobblestone  pour 4,000.00β sur survie_new
[18:18:14] [ITEM_LISTED]: enolane59 vend 1 x Cobblestone  pour 4,000.00β sur survie_new
[18:18:19] [ITEM_LISTED]: enolane59 vend 1 x Cobblestone  pour 4,000.00β sur survie_new
[18:18:23] [ITEM_LISTED]: enolane59 vend 1 x Cobblestone  pour 4,000.00β sur survie_new
[18:18:26] [ITEM_LISTED]: enolane59 vend 1 x Cobblestone  pour 4,000.00β sur survie_new
[18:18:28] [ITEM_LISTED]: enolane59 vend 1 x Cobblestone  pour 4,000.00β sur survie_new
[18:18:40] [ITEM_LISTED]: enolane59 vend 1 x Cobblestone  pour 4,000.00β sur survie_new
[18:18:43] [ITEM_LISTED]: enolane59 vend 1 x Cobblestone  pour 4,000.00β sur survie_new
[18:18:47] [ITEM_LISTED]: enolane59 vend 1 x Cobblestone  pour 4,000.00β sur survie_new
[18:18:50] [ITEM_LISTED]: enolane59 vend 1 x Cobblestone  pour 4,000.00β sur survie_new
[18:18:52] [ITEM_LISTED]: enolane59 vend 1 x Cobblestone  pour 4,000.00β sur survie_new
[18:18:55] [ITEM_LISTED]: enolane59 vend 1 x Cobblestone  pour 4,000.00β sur survie_new
[18:18:59] [ITEM_LISTED]: enolane59 vend 1 x Cobblestone  pour 4,000.00β sur survie_new
[18:46:07] [ITEM_CANCELLED]: enolane59 annule la vente de 1x Cobblestone pour 4,000.00β sur survie_new
[18:46:07] [ITEM_CANCELLED]: enolane59 annule la vente de 1x Cobblestone pour 4,000.00β sur survie_new
[18:46:08] [ITEM_CANCELLED]: enolane59 annule la vente de 1x Cobblestone pour 4,000.00β sur survie_new
[18:46:09] [ITEM_CANCELLED]: enolane59 annule la vente de 1x Cobblestone pour 4,000.00β sur survie_new
[18:46:09] [ITEM_CANCELLED]: enolane59 annule la vente de 1x Cobblestone pour 4,000.00β sur survie_new
[18:46:10] [ITEM_CANCELLED]: enolane59 annule la vente de 1x Cobblestone pour 4,000.00β sur survie_new
[18:46:10] [ITEM_CANCELLED]: enolane59 annule la vente de 1x Cobblestone pour 4,000.00β sur survie_new
[18:46:11] [ITEM_CANCELLED]: enolane59 annule la vente de 1x Cobblestone pour 4,000.00β sur survie_new
[18:46:11] [ITEM_CANCELLED]: enolane59 annule la vente de 1x Cobblestone pour 4,000.00β sur survie_new
[18:46:11] [ITEM_CANCELLED]: enolane59 annule la vente de 1x Cobblestone pour 4,000.00β sur survie_new
[18:46:12] [ITEM_CANCELLED]: enolane59 annule la vente de 1x Cobblestone pour 4,000.00β sur survie_new
[18:46:12] [ITEM_CANCELLED]: enolane59 annule la vente de 1x Cobblestone pour 4,000.00β sur survie_new
[18:46:12] [ITEM_CANCELLED]: enolane59 annule la vente de 1x Cobblestone pour 4,000.00β sur survie_new
[18:46:12] [ITEM_CANCELLED]: enolane59 annule la vente de 1x Cobblestone pour 4,000.00β sur survie_new
[18:46:13] [ITEM_CANCELLED]: enolane59 annule la vente de 1x Cobblestone pour 4,000.00β sur survie_new
[18:46:13] [ITEM_CANCELLED]: enolane59 annule la vente de 1x Cobblestone pour 4,000.00β sur survie_new
[18:46:13] [ITEM_CANCELLED]: enolane59 annule la vente de 1x Cobblestone pour 4,000.00β sur survie_new
[18:46:13] [ITEM_CANCELLED]: enolane59 annule la vente de 1x Cobblestone pour 4,000.00β sur survie_new
[18:46:13] [ITEM_CANCELLED]: enolane59 annule la vente de 1x Cobblestone pour 4,000.00β sur survie_new
[18:46:14] [ITEM_CANCELLED]: enolane59 annule la vente de 1x Cobblestone pour 4,000.00β sur survie_new
[18:46:14] [ITEM_CANCELLED]: enolane59 annule la vente de 1x Cobblestone pour 4,000.00β sur survie_new
[18:46:14] [ITEM_CANCELLED]: enolane59 annule la vente de 1x Cobblestone pour 4,000.00β sur survie_new
[18:46:14] [ITEM_CANCELLED]: enolane59 annule la vente de 1x Cobblestone pour 4,000.00β sur survie_new
[18:46:14] [ITEM_CANCELLED]: enolane59 annule la vente de 1x Cobblestone pour 4,000.00β sur survie_new
[18:46:14] [ITEM_CANCELLED]: enolane59 annule la vente de 1x Cobblestone pour 4,000.00β sur survie_new
[18:46:14] [ITEM_CANCELLED]: enolane59 annule la vente de 1x Cobblestone pour 4,000.00β sur survie_new
[18:46:15] [ITEM_CANCELLED]: enolane59 annule la vente de 1x Cobblestone pour 4,000.00β sur survie_new
[18:46:15] [ITEM_CANCELLED]: enolane59 annule la vente de 1x Cobblestone pour 4,000.00β sur survie_new
[18:46:15] [ITEM_CANCELLED]: enolane59 annule la vente de 1x Cobblestone pour 4,000.00β sur survie_new
[18:46:15] [ITEM_CANCELLED]: enolane59 annule la vente de 1x Cobblestone pour 4,000.00β sur survie_new
[18:46:15] [ITEM_CANCELLED]: enolane59 annule la vente de 1x Cobblestone pour 4,000.00β sur survie_new
[18:46:16] [ITEM_CANCELLED]: enolane59 annule la vente de 1x Cobblestone pour 4,000.00β sur survie_new
[18:46:16] [ITEM_CANCELLED]: enolane59 annule la vente de 1x Cobblestone pour 4,000.00β sur survie_new
[18:46:17] [ITEM_CANCELLED]: enolane59 annule la vente de 1x Cobblestone pour 4,000.00β sur survie_new
[18:46:17] [ITEM_CANCELLED]: enolane59 annule la vente de 1x Cobblestone pour 4,000.00β sur survie_new
[18:46:18] [ITEM_CANCELLED]: enolane59 annule la vente de 1x Cobblestone pour 4,000.00β sur survie_new
[18:46:58] [ITEM_SOLD]: GuiGuiPlay vendu 1 x Written Book à  REGDYLAN pour 8,000.00 β le survie_new
[18:49:08] [ITEM_SOLD]: Zougless vendu 64 x Spruce Log à  kalaistar pour 250.00 β le survie_new
[18:49:09] [ITEM_SOLD]: Zougless vendu 64 x Spruce Log à  kalaistar pour 250.00 β le survie_new
[18:49:10] [ITEM_SOLD]: Zougless vendu 64 x Spruce Log à  kalaistar pour 250.00 β le survie_new
[18:49:10] [ITEM_SOLD]: Zougless vendu 64 x Spruce Log à  kalaistar pour 250.00 β le survie_new
[18:49:11] [ITEM_SOLD]: Zougless vendu 64 x Spruce Log à  kalaistar pour 250.00 β le survie_new
[18:49:12] [ITEM_SOLD]: Zougless vendu 64 x Spruce Log à  kalaistar pour 250.00 β le survie_new
[18:49:13] [ITEM_SOLD]: Zougless vendu 64 x Spruce Log à  kalaistar pour 250.00 β le survie_new
[18:49:14] [ITEM_SOLD]: Zougless vendu 64 x Spruce Log à  kalaistar pour 250.00 β le survie_new
[18:52:18] [ITEM_LISTED]: REGDYLAN vend 1 x Written Book  pour 1,000,000.00β sur survie_new
[18:57:32] [ITEM_SOLD]: GuiGuiPlay vendu 64 x Bread à  Progeur pour 199.00 β le survie_new
[18:58:16] [ITEM_DROPPED]: Abandon de la vente Tiss_Touille expirée de 64 x Iron Ingot  pour 0.00β à leurs pieds le survie_new
[18:59:46] [ITEM_LISTED]: K666D vend 64 x Melon Slice  pour 15.00β sur survie_new
[19:00:05] [ITEM_LISTED]: K666D vend 64 x Melon Slice  pour 15.00β sur survie_new
[19:00:23] [ITEM_LISTED]: K666D vend 44 x Sugar Cane  pour 25.00β sur survie_new
[19:00:34] [ITEM_LISTED]: K666D vend 64 x Bone Meal  pour 100.00β sur survie_new
[19:01:03] [ITEM_LISTED]: K666D vend 64 x Cobblestone Slab  pour 20.00β sur survie_new
[19:01:15] [ITEM_LISTED]: K666D vend 64 x Jungle Slab  pour 20.00β sur survie_new
[19:19:19] [ITEM_LISTED]: Kaio_Beninou vend 1 x Trident  [Channeling, Unbreaking III] pour 17,000.00β sur survie_new
[19:21:03] [ITEM_SOLD]: Kaio_Beninou vendu 1 x Enchanted Book à  RedMagic_ pour 5,000.00 β le survie_new
[19:29:20] [ITEM_LISTED]: Newt_hp vend 1 x Beacon  pour 20,000.00β sur survie_new
[20:08:43] [ITEM_SOLD]: K666D vendu 44 x Sugar Cane à  Plixyus pour 25.00 β le survie_new
[20:13:57] [ITEM_SOLD]: LowzenMA vendu 1 x Music Disc 13 à  ianito pour 100.00 β le survie_new
[20:34:38] [ITEM_DROPPED]: Abandon de la vente AzodFR expirée de 1 x Iron Sword  [Knockback I] pour 0.00β à leurs pieds le survie_new
[20:34:38] [ITEM_DROPPED]: Abandon de la vente AzodFR expirée de 1 x Iron Sword  [Sharpness I] pour 0.00β à leurs pieds le survie_new
[20:34:38] [ITEM_DROPPED]: Abandon de la vente AzodFR expirée de 1 x Iron Sword  [Unbreaking I] pour 0.00β à leurs pieds le survie_new
[20:34:38] [ITEM_DROPPED]: Abandon de la vente AzodFR expirée de 1 x Iron Sword  [Sharpness I, Unbreaking I] pour 0.00β à leurs pieds le survie_new
[21:31:41] [ITEM_SOLD]: Cryyzi vendu 1 x Shulker Shell à  Champini pour 1,500.00 β le survie_new
[21:31:43] [ITEM_SOLD]: Cryyzi vendu 1 x Shulker Shell à  Champini pour 1,500.00 β le survie_new
[21:53:44] [ITEM_LISTED]: Zougless vend 64 x Spruce Log  pour 300.00β sur survie_new
[21:53:46] [ITEM_LISTED]: Zougless vend 64 x Spruce Log  pour 300.00β sur survie_new
[21:53:51] [ITEM_LISTED]: Zougless vend 64 x Spruce Log  pour 300.00β sur survie_new
[21:53:53] [ITEM_LISTED]: Zougless vend 64 x Spruce Log  pour 300.00β sur survie_new
[21:53:55] [ITEM_LISTED]: Zougless vend 64 x Spruce Log  pour 300.00β sur survie_new
[21:54:00] [ITEM_LISTED]: Zougless vend 64 x Spruce Log  pour 300.00β sur survie_new
[21:54:03] [ITEM_LISTED]: Zougless vend 64 x Spruce Log  pour 300.00β sur survie_new
[21:54:06] [ITEM_LISTED]: Zougless vend 64 x Spruce Log  pour 300.00β sur survie_new
[21:54:08] [ITEM_LISTED]: Zougless vend 64 x Spruce Log  pour 300.00β sur survie_new
[22:22:58] [ITEM_SOLD]: Zougless vendu 64 x Spruce Log à  kalaistar pour 300.00 β le survie_new
[22:22:59] [ITEM_SOLD]: Zougless vendu 64 x Spruce Log à  kalaistar pour 300.00 β le survie_new
[22:23:00] [ITEM_SOLD]: Zougless vendu 64 x Spruce Log à  kalaistar pour 300.00 β le survie_new
[22:23:01] [ITEM_SOLD]: Zougless vendu 64 x Spruce Log à  kalaistar pour 300.00 β le survie_new
[22:23:02] [ITEM_SOLD]: Zougless vendu 64 x Spruce Log à  kalaistar pour 300.00 β le survie_new
[22:23:03] [ITEM_SOLD]: Zougless vendu 64 x Spruce Log à  kalaistar pour 300.00 β le survie_new
[22:23:04] [ITEM_SOLD]: Zougless vendu 64 x Spruce Log à  kalaistar pour 300.00 β le survie_new
[22:23:05] [ITEM_SOLD]: Zougless vendu 64 x Spruce Log à  kalaistar pour 300.00 β le survie_new
[22:23:06] [ITEM_SOLD]: Zougless vendu 64 x Spruce Log à  kalaistar pour 300.00 β le survie_new
[22:34:19] [ITEM_LISTED]: Zougless vend 64 x Spruce Log  pour 300.00β sur survie_new
[22:34:22] [ITEM_LISTED]: Zougless vend 64 x Spruce Log  pour 300.00β sur survie_new
[22:34:25] [ITEM_LISTED]: Zougless vend 64 x Spruce Log  pour 300.00β sur survie_new
[22:34:27] [ITEM_LISTED]: Zougless vend 64 x Spruce Log  pour 300.00β sur survie_new
[22:34:30] [ITEM_LISTED]: Zougless vend 64 x Spruce Log  pour 300.00β sur survie_new
[22:36:45] [ITEM_LISTED]: Zougless vend 64 x Spruce Log  pour 300.00β sur survie_new
[22:36:48] [ITEM_LISTED]: Zougless vend 64 x Spruce Log  pour 300.00β sur survie_new
[22:36:50] [ITEM_LISTED]: Zougless vend 64 x Spruce Log  pour 300.00β sur survie_new
[22:46:41] [ITEM_DROPPED]: Abandon de la vente Piltrax expirée de 1 x Wet Sponge  pour 0.00β à leurs pieds le Ressource
[22:54:46] [ITEM_LISTED]: Cryyzi vend 1 x Shulker Shell  pour 1,500.00β sur survie_new
[22:54:48] [ITEM_LISTED]: Cryyzi vend 1 x Shulker Shell  pour 1,500.00β sur survie_new
[22:54:50] [ITEM_LISTED]: Cryyzi vend 1 x Shulker Shell  pour 1,500.00β sur survie_new
[22:54:51] [ITEM_LISTED]: Cryyzi vend 1 x Shulker Shell  pour 1,500.00β sur survie_new
[22:54:53] [ITEM_LISTED]: Cryyzi vend 1 x Shulker Shell  pour 1,500.00β sur survie_new
[22:58:46] [ITEM_LISTED]: limastic vend 1 x Bousole de Limastic  [Aqua Affinity X, Fire Aspect X, Fortune X, Sharpness X, Silk Touch, Smite X, Thorns X, Unbreaking X] pour 100,000.00β sur survie_new
[23:07:57] [ITEM_SOLD]: Zougless vendu 64 x Spruce Log à  kalaistar pour 300.00 β le survie_new
[23:07:58] [ITEM_SOLD]: Zougless vendu 64 x Spruce Log à  kalaistar pour 300.00 β le survie_new
[23:07:59] [ITEM_SOLD]: Zougless vendu 64 x Spruce Log à  kalaistar pour 300.00 β le survie_new
[23:07:59] [ITEM_SOLD]: Zougless vendu 64 x Spruce Log à  kalaistar pour 300.00 β le survie_new
[23:08:00] [ITEM_SOLD]: Zougless vendu 64 x Spruce Log à  kalaistar pour 300.00 β le survie_new
[23:08:01] [ITEM_SOLD]: Zougless vendu 64 x Spruce Log à  kalaistar pour 300.00 β le survie_new
[23:08:02] [ITEM_SOLD]: Zougless vendu 64 x Spruce Log à  kalaistar pour 300.00 β le survie_new
[23:08:03] [ITEM_SOLD]: Zougless vendu 64 x Spruce Log à  kalaistar pour 300.00 β le survie_new
[23:11:23] [ITEM_LISTED]: Christophe_ vend 1 x [Iron golem Spawner]  pour 25,000.00β sur survie_new
[23:11:27] [ITEM_SOLD]: Christophe_ vendu 1 x [Iron golem Spawner] à  lasoeurdadrien pour 25,000.00 β le survie_new
[23:26:34] [ITEM_LISTED]: pimendespelette vend 64 x Spruce Log  pour 299.00β sur survie_new
[23:26:39] [ITEM_LISTED]: pimendespelette vend 64 x Spruce Log  pour 299.00β sur survie_new
[23:26:45] [ITEM_LISTED]: pimendespelette vend 64 x Spruce Log  pour 299.00β sur survie_new
[23:26:56] [ITEM_LISTED]: pimendespelette vend 64 x Spruce Log  pour 299.00β sur survie_new
[23:26:59] [ITEM_LISTED]: pimendespelette vend 64 x Spruce Log  pour 299.00β sur survie_new
[23:27:14] [ITEM_SOLD]: pimendespelette vendu 64 x Spruce Log à  kalaistar pour 299.00 β le survie_new
[23:27:15] [ITEM_SOLD]: pimendespelette vendu 64 x Spruce Log à  kalaistar pour 299.00 β le survie_new
[23:27:16] [ITEM_SOLD]: pimendespelette vendu 64 x Spruce Log à  kalaistar pour 299.00 β le survie_new
[23:27:16] [ITEM_SOLD]: pimendespelette vendu 64 x Spruce Log à  kalaistar pour 299.00 β le survie_new
[23:27:17] [ITEM_SOLD]: pimendespelette vendu 64 x Spruce Log à  kalaistar pour 299.00 β le survie_new
[23:27:34] [ITEM_LISTED]: pimendespelette vend 64 x Spruce Log  pour 299.00β sur survie_new
[23:27:37] [ITEM_LISTED]: pimendespelette vend 64 x Spruce Log  pour 299.00β sur survie_new
[23:27:44] [ITEM_SOLD]: limastic vendu 1 x Bousole de Limastic à  [Aqua Affinity X, Fire Aspect X, Fortune X, Sharpness X, Silk Touch, Smite X, Thorns X, Unbreaking X] Christophe_ pour 100,000.00 β le survie_new
[23:27:44] [ITEM_LISTED]: pimendespelette vend 64 x Spruce Log  pour 299.00β sur survie_new
[23:27:47] [ITEM_LISTED]: pimendespelette vend 64 x Spruce Log  pour 299.00β sur survie_new
[23:27:55] [ITEM_LISTED]: pimendespelette vend 64 x Spruce Log  pour 299.00β sur survie_new
[23:28:03] [ITEM_LISTED]: pimendespelette vend 64 x Spruce Log  pour 299.00β sur survie_new
[23:28:07] [ITEM_LISTED]: pimendespelette vend 20 x Spruce Log  pour 299.00β sur survie_new
[23:28:09] [ITEM_LISTED]: pimendespelette vend 64 x Spruce Log  pour 299.00β sur survie_new
[23:30:11] [ITEM_LISTED]: Christophe_ vend 1 x Bousole de Limastic  [Aqua Affinity X, Fire Aspect X, Fortune X, Sharpness X, Silk Touch, Smite X, Thorns X, Unbreaking X] pour 110,000.00β sur survie_new
[23:47:06] [ITEM_RETURNED]: 16 x Egg  renvoyé à pierro le survie_new
[23:47:07] [ITEM_RETURNED]: 1 x Leather Helmet  renvoyé à pierro le survie_new
[23:47:07] [ITEM_RETURNED]: 1 x Leather Boots  [Protection II] renvoyé à pierro le survie_new
[23:47:08] [ITEM_RETURNED]: 1 x Leather Leggings  [Curse of Vanishing] renvoyé à pierro le survie_new
[23:47:08] [ITEM_RETURNED]: 1 x Leather Chestplate  renvoyé à pierro le survie_new
[23:47:08] [ITEM_RETURNED]: 1 x Leather Boots  renvoyé à pierro le survie_new
[23:47:09] [ITEM_RETURNED]: 1 x Leather Helmet  renvoyé à pierro le survie_new
[23:47:10] [ITEM_RETURNED]: 1 x Leather Chestplate  renvoyé à pierro le survie_new
[23:47:10] [ITEM_RETURNED]: 1 x Leather Helmet  renvoyé à pierro le survie_new
[23:47:11] [ITEM_RETURNED]: 1 x Leather Helmet  [Curse of Binding] renvoyé à pierro le survie_new
[23:47:11] [ITEM_RETURNED]: 1 x Leather Leggings  [Curse of Binding] renvoyé à pierro le survie_new
[23:47:28] [ITEM_LISTED]: pierro vend 16 x Egg  pour 100.00β sur survie_new
[23:47:32] [ITEM_LISTED]: pierro vend 16 x Egg  pour 100.00β sur survie_new
[23:58:22] [ITEM_LISTED]: pierro vend 1 x Leather Leggings  [Curse of Binding] pour 50.00β sur survie_new
[23:58:25] [ITEM_LISTED]: pierro vend 1 x Leather Helmet  [Curse of Binding] pour 50.00β sur survie_new
[23:58:26] [ITEM_LISTED]: pierro vend 1 x Leather Boots  [Protection II] pour 50.00β sur survie_new
[23:58:31] [ITEM_LISTED]: pierro vend 1 x Leather Leggings  [Curse of Vanishing] pour 50.00β sur survie_new
[23:58:44] [ITEM_LISTED]: pierro vend 1 x Leather Helmet  pour 50.00β sur survie_new
[23:58:47] [ITEM_LISTED]: pierro vend 1 x Leather Helmet  pour 50.00β sur survie_new
[23:58:48] [ITEM_LISTED]: pierro vend 1 x Leather Helmet  pour 50.00β sur survie_new
[23:58:55] [ITEM_LISTED]: pierro vend 1 x Leather Chestplate  pour 50.00β sur survie_new
[23:58:57] [ITEM_LISTED]: pierro vend 1 x Leather Chestplate  pour 50.00β sur survie_new
[23:58:58] [ITEM_LISTED]: pierro vend 1 x Leather Boots  pour 50.00β sur survie_new
