[00:39:58] [ITEM_CANCELLED]: AzodFR annule la vente de 1x Written Book pour 10,000.00β sur survie_new
[00:39:58] [ITEM_CANCELLED]: AzodFR annule la vente de 1x Written Book pour 10,000.00β sur survie_new
[00:39:59] [ITEM_CANCELLED]: AzodFR annule la vente de 1x Written Book pour 10,000.00β sur survie_new
[00:39:59] [ITEM_CANCELLED]: AzodFR annule la vente de 1x Written Book pour 10,000.00β sur survie_new
[00:39:59] [ITEM_CANCELLED]: AzodFR annule la vente de 1x Written Book pour 10,000.00β sur survie_new
[00:40:00] [ITEM_CANCELLED]: AzodFR annule la vente de 1x Written Book pour 10,000.00β sur survie_new
[00:40:00] [ITEM_CANCELLED]: AzodFR annule la vente de 1x Written Book pour 10,000.00β sur survie_new
[00:40:00] [ITEM_CANCELLED]: AzodFR annule la vente de 1x Written Book pour 10,000.00β sur survie_new
[00:40:00] [ITEM_CANCELLED]: AzodFR annule la vente de 1x Written Book pour 10,000.00β sur survie_new
[00:40:01] [ITEM_CANCELLED]: AzodFR annule la vente de 1x Written Book pour 10,000.00β sur survie_new
[00:40:01] [ITEM_CANCELLED]: AzodFR annule la vente de 1x Written Book pour 10,000.00β sur survie_new
[00:40:01] [ITEM_CANCELLED]: AzodFR annule la vente de 1x Written Book pour 10,000.00β sur survie_new
[00:40:01] [ITEM_CANCELLED]: AzodFR annule la vente de 1x Written Book pour 10,000.00β sur survie_new
[00:40:01] [ITEM_CANCELLED]: AzodFR annule la vente de 1x Written Book pour 10,000.00β sur survie_new
[00:40:02] [ITEM_CANCELLED]: AzodFR annule la vente de 1x Written Book pour 10,000.00β sur survie_new
[00:40:02] [ITEM_CANCELLED]: AzodFR annule la vente de 1x Written Book pour 10,000.00β sur survie_new
[00:40:02] [ITEM_CANCELLED]: AzodFR annule la vente de 1x Written Book pour 10,000.00β sur survie_new
[00:40:03] [ITEM_CANCELLED]: AzodFR annule la vente de 1x Written Book pour 10,000.00β sur survie_new
[00:40:03] [ITEM_CANCELLED]: AzodFR annule la vente de 1x Written Book pour 10,000.00β sur survie_new
[00:40:03] [ITEM_CANCELLED]: AzodFR annule la vente de 1x Written Book pour 10,000.00β sur survie_new
[00:40:03] [ITEM_CANCELLED]: AzodFR annule la vente de 1x Written Book pour 10,000.00β sur survie_new
[00:40:04] [ITEM_CANCELLED]: AzodFR annule la vente de 1x Written Book pour 10,000.00β sur survie_new
[00:40:04] [ITEM_CANCELLED]: AzodFR annule la vente de 1x Written Book pour 10,000.00β sur survie_new
[00:40:04] [ITEM_CANCELLED]: AzodFR annule la vente de 1x Written Book pour 10,000.00β sur survie_new
[00:40:04] [ITEM_CANCELLED]: AzodFR annule la vente de 1x Written Book pour 10,000.00β sur survie_new
[00:40:04] [ITEM_CANCELLED]: AzodFR annule la vente de 1x Written Book pour 10,000.00β sur survie_new
[00:40:05] [ITEM_CANCELLED]: AzodFR annule la vente de 1x Written Book pour 10,000.00β sur survie_new
[00:40:05] [ITEM_CANCELLED]: AzodFR annule la vente de 1x Written Book pour 10,000.00β sur survie_new
[00:40:05] [ITEM_CANCELLED]: AzodFR annule la vente de 1x Written Book pour 10,000.00β sur survie_new
[00:40:05] [ITEM_CANCELLED]: AzodFR annule la vente de 1x Written Book pour 10,000.00β sur survie_new
[00:40:05] [ITEM_CANCELLED]: AzodFR annule la vente de 1x Written Book pour 10,000.00β sur survie_new
[00:40:06] [ITEM_CANCELLED]: AzodFR annule la vente de 1x Written Book pour 10,000.00β sur survie_new
[00:40:06] [ITEM_CANCELLED]: AzodFR annule la vente de 1x Written Book pour 10,000.00β sur survie_new
[00:40:06] [ITEM_CANCELLED]: AzodFR annule la vente de 1x Written Book pour 10,000.00β sur survie_new
[00:40:06] [ITEM_CANCELLED]: AzodFR annule la vente de 1x Written Book pour 10,000.00β sur survie_new
[00:40:07] [ITEM_CANCELLED]: AzodFR annule la vente de 1x Written Book pour 10,000.00β sur survie_new
[00:40:07] [ITEM_CANCELLED]: AzodFR annule la vente de 1x Written Book pour 10,000.00β sur survie_new
[00:40:07] [ITEM_CANCELLED]: AzodFR annule la vente de 1x Written Book pour 10,000.00β sur survie_new
[00:40:07] [ITEM_CANCELLED]: AzodFR annule la vente de 1x Written Book pour 10,000.00β sur survie_new
[00:40:07] [ITEM_CANCELLED]: AzodFR annule la vente de 1x Written Book pour 10,000.00β sur survie_new
[00:40:07] [ITEM_CANCELLED]: AzodFR annule la vente de 1x Written Book pour 10,000.00β sur survie_new
[00:40:08] [ITEM_CANCELLED]: AzodFR annule la vente de 1x Written Book pour 10,000.00β sur survie_new
[00:40:08] [ITEM_CANCELLED]: AzodFR annule la vente de 1x Written Book pour 10,000.00β sur survie_new
[00:40:08] [ITEM_CANCELLED]: AzodFR annule la vente de 1x Written Book pour 10,000.00β sur survie_new
[00:40:08] [ITEM_CANCELLED]: AzodFR annule la vente de 1x Written Book pour 10,000.00β sur survie_new
[00:40:08] [ITEM_CANCELLED]: AzodFR annule la vente de 1x Written Book pour 10,000.00β sur survie_new
[00:40:08] [ITEM_CANCELLED]: SSLLOOTTHH annule la vente de 1x Diamond Sword [Bane of Arthropods V] pour 400.00β sur survie_new
[00:40:08] [ITEM_CANCELLED]: CroixVeBaton annule la vente de 1x Iron Helmet [Mending, Protection IV] pour 2,000.00β sur survie_new_the_end
[00:40:09] [ITEM_CANCELLED]: SSLLOOTTHH annule la vente de 64x Redstone Block pour 900.00β sur survie_new
[00:40:09] [ITEM_CANCELLED]: CouzVeBaton annule la vente de 1x Prismarine Crystals pour 150.00β sur survie_new
[00:40:09] [ITEM_CANCELLED]: omega2028 annule la vente de 1x Totem Of Undying pour 1,000.00β sur survie_new
[00:40:09] [ITEM_CANCELLED]: omega2028 annule la vente de 1x Totem Of Undying pour 1,000.00β sur survie_new
[00:40:09] [ITEM_CANCELLED]: SSLLOOTTHH annule la vente de 1x Grass Block pour 100,000.00β sur survie_new
[00:40:22] [ITEM_CANCELLED]: Christophe_ annule la vente de 1x Journal de quêtes pour 1.00β sur survie_new_the_end
[01:02:33] [ITEM_SOLD]: SSLLOOTTHH vendu 1 x Totem Of Undying à  PrinceJUULS pour 100.00 β le survie_new
[01:07:12] [ITEM_LISTED]: PrinceJUULS vend 1 x Totem Of Undying  pour 800.00β sur survie_new
[01:08:35] [ITEM_SOLD]: SSLLOOTTHH vendu 1 x Diamond Sword à  [Knockback II, Sharpness III] PrinceJUULS pour 200.00 β le survie_new_the_end
[01:08:38] [ITEM_SOLD]: SSLLOOTTHH vendu 1 x Iron Sword à  [Knockback II, Looting III, Sharpness IV, Unbreaking III] PrinceJUULS pour 500.00 β le survie_new_the_end
[01:08:59] [ITEM_LISTED]: PrinceJUULS vend 1 x Diamond Sword  [Knockback II, Sharpness III] pour 2,000.00β sur survie_new
[01:09:05] [ITEM_LISTED]: PrinceJUULS vend 1 x Iron Sword  [Knockback II, Looting III, Sharpness IV, Unbreaking III] pour 1,000.00β sur survie_new
[01:19:37] [ITEM_SOLD]: Yohan81 vendu 64 x Pumpkin Seeds à  Luky123413 pour 20.00 β le survie_new
[01:34:06] [ITEM_SOLD]: Bouletotor vendu 64 x Jungle Log à  REGDYLAN pour 150.00 β le survie_new
[01:34:08] [ITEM_SOLD]: Bouletotor vendu 64 x Jungle Log à  REGDYLAN pour 150.00 β le survie_new
[01:34:09] [ITEM_SOLD]: Bouletotor vendu 64 x Jungle Log à  REGDYLAN pour 150.00 β le survie_new
[01:34:10] [ITEM_SOLD]: Bouletotor vendu 64 x Jungle Log à  REGDYLAN pour 150.00 β le survie_new
[02:50:09] [ITEM_LISTED]: PrinceJUULS vend 64 x Magma Block  pour 500.00β sur survie_new_nether
[02:50:17] [ITEM_LISTED]: PrinceJUULS vend 64 x Magma Block  pour 500.00β sur survie_new_nether
[02:50:22] [ITEM_LISTED]: PrinceJUULS vend 64 x Magma Block  pour 500.00β sur survie_new_nether
[02:50:28] [ITEM_LISTED]: PrinceJUULS vend 64 x Magma Block  pour 500.00β sur survie_new_nether
[02:50:34] [ITEM_LISTED]: PrinceJUULS vend 64 x Magma Block  pour 500.00β sur survie_new_nether
[02:50:41] [ITEM_LISTED]: PrinceJUULS vend 64 x Magma Block  pour 500.00β sur survie_new_nether
[02:50:46] [ITEM_LISTED]: PrinceJUULS vend 64 x Magma Block  pour 500.00β sur survie_new_nether
[02:50:51] [ITEM_LISTED]: PrinceJUULS vend 64 x Magma Block  pour 500.00β sur survie_new_nether
[02:50:59] [ITEM_LISTED]: PrinceJUULS vend 64 x Magma Block  pour 500.00β sur survie_new_nether
[02:52:13] [ITEM_LISTED]: PrinceJUULS vend 64 x Magma Block  pour 500.00β sur survie_new_nether
[02:58:51] [ITEM_LISTED]: SeiyaDxD vend 64 x Iron Ore  pour 5,000.00β sur survie_new
[03:36:39] [ITEM_SOLD]: SSLLOOTTHH vendu 1 x Enchanted Book à  PrinceJUULS pour 1,300.00 β le survie_new
[03:36:48] [ITEM_LISTED]: PrinceJUULS vend 1 x Enchanted Book  pour 2,500.00β sur survie_new
[03:37:36] [ITEM_LISTED]: PrinceJUULS vend 1 x Epée  [Looting II, Sharpness V, Unbreaking II] pour 12,000.00β sur survie_new
[03:38:04] [ITEM_SOLD]: BetAlpha19 vendu 1 x Epée à  [Looting II, Sharpness V, Unbreaking II] PrinceJUULS pour 8,000.00 β le survie_new
[03:38:11] [ITEM_LISTED]: PrinceJUULS vend 1 x Epée  [Looting II, Sharpness V, Unbreaking II] pour 12,000.00β sur survie_new
[03:38:32] [ITEM_SOLD]: SeiyaDxD vendu 64 x Iron Ore à  PrinceJUULS pour 5,000.00 β le survie_new
[03:38:43] [ITEM_LISTED]: PrinceJUULS vend 64 x Iron Ore  pour 5,000.00β sur survie_new
[03:40:26] [ITEM_CANCELLED]: PrinceJUULS annule la vente de 1x Heart Of The Sea pour 2,500.00β sur survie_new
[03:40:35] [ITEM_RETURNED]: 1 x Heart Of The Sea  renvoyé à PrinceJUULS le survie_new
[03:40:43] [ITEM_LISTED]: PrinceJUULS vend 1 x Heart Of The Sea  pour 1,000.00β sur survie_new
[03:46:02] [ITEM_LISTED]: PrinceJUULS vend 1 x Enchanted Book  pour 4,000.00β sur survie_new
[03:46:17] [ITEM_LISTED]: PrinceJUULS vend 1 x Enchanted Book  pour 10,000.00β sur survie_new
[03:47:24] [ITEM_LISTED]: PrinceJUULS vend 1 x Enchanted Book  pour 6,000.00β sur survie_new
[04:08:02] [ITEM_LISTED]: PrinceJUULS vend 64 x Iron Ore  pour 5,000.00β sur survie_new
[04:08:10] [ITEM_LISTED]: PrinceJUULS vend 32 x Gold Ore  pour 2,500.00β sur survie_new
[04:09:18] [ITEM_LISTED]: PrinceJUULS vend 16 x Iron Ore  pour 1,250.00β sur survie_new
[04:31:11] [ITEM_LISTED]: PrinceJUULS vend 64 x Iron Ore  pour 5,000.00β sur survie_new
[04:51:31] [ITEM_LISTED]: PrinceJUULS vend 64 x Iron Ore  pour 5,000.00β sur survie_new
[11:26:11] [ITEM_LISTED]: OfCourse vend 1 x Buried Treasure Map  pour 1,000.00β sur survie_new
[11:48:41] [ITEM_SOLD]: hugoleb vendu 2 x HALLOWEEN à  OfCourse pour 100.00 β le survie_new
[11:49:35] [ITEM_SOLD]: Lenny vendu 42 x Sweet Berries à  OfCourse pour 120.00 β le survie_new
[11:53:09] [ITEM_LISTED]: OfCourse vend 1 x Enchanted Book  pour 1,000.00β sur survie_new
[11:53:17] [ITEM_LISTED]: OfCourse vend 1 x Enchanted Book  pour 100.00β sur survie_new
[11:53:23] [ITEM_LISTED]: OfCourse vend 1 x Enchanted Book  pour 1,000.00β sur survie_new
[11:54:03] [ITEM_LISTED]: OfCourse vend 1 x Enchanted Book  pour 1,000.00β sur survie_new
[11:54:10] [ITEM_LISTED]: OfCourse vend 1 x Enchanted Book  pour 500.00β sur survie_new
[11:54:19] [ITEM_LISTED]: OfCourse vend 1 x Enchanted Book  pour 1,000.00β sur survie_new
[12:01:04] [ITEM_SOLD]: PrinceJUULS vendu 64 x Iron Ore à  CouzVeBaton pour 5,000.00 β le survie_new
[12:01:06] [ITEM_SOLD]: PrinceJUULS vendu 64 x Iron Ore à  CouzVeBaton pour 5,000.00 β le survie_new
[12:01:08] [ITEM_SOLD]: PrinceJUULS vendu 64 x Iron Ore à  CouzVeBaton pour 5,000.00 β le survie_new
[12:01:10] [ITEM_SOLD]: PrinceJUULS vendu 16 x Iron Ore à  CouzVeBaton pour 1,250.00 β le survie_new
[12:01:12] [ITEM_SOLD]: PrinceJUULS vendu 64 x Iron Ore à  CouzVeBaton pour 5,000.00 β le survie_new
[12:02:00] [ITEM_SOLD]: PrinceJUULS vendu 32 x Gold Ore à  CouzVeBaton pour 2,500.00 β le survie_new
[12:06:45] [ITEM_SOLD]: Christophe_ vendu 1 x Parrot Spawn Egg à  Nexusso pour 1,000.00 β le survie_new
[13:11:30] [ITEM_LISTED]: limastic vend 64 x Iron Ore  pour 5,000.00β sur survie_new
[13:11:42] [ITEM_LISTED]: limastic vend 64 x Iron Ore  pour 5,000.00β sur survie_new
[13:33:33] [ITEM_LISTED]: Blazd vend 1 x Enchanted Book  pour 7,000.00β sur survie_new
[13:33:46] [ITEM_LISTED]: Blazd vend 1 x Enchanted Book  pour 6,000.00β sur survie_new
[13:33:52] [ITEM_LISTED]: Blazd vend 1 x Enchanted Book  pour 12,000.00β sur survie_new
[13:33:59] [ITEM_LISTED]: Blazd vend 1 x Enchanted Book  pour 9,000.00β sur survie_new
[13:34:13] [ITEM_CANCELLED]: Blazd annule la vente de 1x Enchanted Book pour 9,000.00β sur survie_new
[13:34:15] [ITEM_RETURNED]: 1 x Enchanted Book  renvoyé à Blazd le survie_new
[13:34:26] [ITEM_LISTED]: Blazd vend 1 x Enchanted Book  pour 10,000.00β sur survie_new
[13:34:32] [ITEM_LISTED]: Blazd vend 1 x Enchanted Book  pour 12,000.00β sur survie_new
[13:37:38] [ITEM_SOLD]: limastic vendu 64 x Iron Ore à  kalaistar pour 5,000.00 β le survie_new
[13:37:39] [ITEM_SOLD]: limastic vendu 64 x Iron Ore à  kalaistar pour 5,000.00 β le survie_new
[14:02:05] [ITEM_LISTED]: Nadreel vend 1 x Epée  [Looting II, Sharpness V, Unbreaking II] pour 7,500.00β sur survie_new
[14:02:22] [ITEM_CANCELLED]: Nadreel annule la vente de 1x Epée [Looting II, Sharpness V, Unbreaking II] pour 7,500.00β sur survie_new
[14:02:25] [ITEM_RETURNED]: 1 x Epée  [Looting II, Sharpness V, Unbreaking II] renvoyé à Nadreel le survie_new
[14:02:30] [ITEM_LISTED]: Nadreel vend 1 x Epée  [Looting II, Sharpness V, Unbreaking II] pour 10,000.00β sur survie_new
[14:29:07] [ITEM_LISTED]: Bouletotor vend 64 x Iron Ingot  pour 5,000.00β sur survie_new
[14:29:09] [ITEM_LISTED]: Bouletotor vend 64 x Iron Ingot  pour 5,000.00β sur survie_new
[14:29:10] [ITEM_LISTED]: Bouletotor vend 64 x Iron Ingot  pour 5,000.00β sur survie_new
[14:29:12] [ITEM_LISTED]: Bouletotor vend 64 x Iron Ingot  pour 5,000.00β sur survie_new
[14:42:32] [ITEM_CANCELLED]: Nadreel annule la vente de 1x Epée [Looting II, Sharpness V, Unbreaking II] pour 10,000.00β sur survie_new
[14:42:45] [ITEM_LISTED]: Nadreel vend 1 x Epée  [Looting II, Sharpness V, Unbreaking II] pour 7,500.00β sur survie_new
[15:01:12] [ITEM_SOLD]: Kaio_Beninou vendu 10 x Ink Sac à  OfCourse pour 500.00 β le survie_new
[15:03:59] [ITEM_SOLD]: Sifflote vendu 1 x Name Tag à  hugoleb pour 2,000.00 β le survie_new
[15:04:50] [ITEM_LISTED]: Bouletotor vend 64 x Iron Ore  pour 5,000.00β sur survie_new
[15:04:52] [ITEM_LISTED]: Bouletotor vend 64 x Iron Ore  pour 5,000.00β sur survie_new
[15:25:52] [ITEM_SOLD]: Bouletotor vendu 64 x Iron Ore à  kalaistar pour 5,000.00 β le survie_new
[15:25:53] [ITEM_SOLD]: Bouletotor vendu 64 x Iron Ore à  kalaistar pour 5,000.00 β le survie_new
[16:02:40] [ITEM_SOLD]: AzodFR vendu 1 x Written Book à  Marcoco50100 pour 10,000.00 β le survie_new
[16:13:07] [ITEM_SOLD]: Tesla248 vendu 1 x Enchanted Book à  SeiyaDxD pour 12,000.00 β le survie_new
[16:13:10] [ITEM_SOLD]: Tesla248 vendu 1 x Enchanted Book à  SeiyaDxD pour 12,000.00 β le survie_new
[16:50:26] [ITEM_SOLD]: Yohan81 vendu 1 x Enchanted Book à  hugoleb pour 5,000.00 β le survie_new
[16:51:02] [ITEM_SOLD]: SSLLOOTTHH vendu 1 x Diamond Leggings à  [Mending] Tiss_Touille pour 1,500.00 β le survie_new_the_end
[17:09:31] [ITEM_SOLD]: Blazd vendu 1 x Enchanted Book à  REGDYLAN pour 12,000.00 β le survie_new
[17:09:43] [ITEM_SOLD]: Tesla248 vendu 1 x Enchanted Book à  REGDYLAN pour 12,000.00 β le survie_new
[17:09:46] [ITEM_SOLD]: scirion vendu 1 x Enchanted Book à  REGDYLAN pour 14,000.00 β le survie_new
[17:26:02] [ITEM_SOLD]: OfCourse vendu 1 x Enchanted Book à  _Kotura pour 1,000.00 β le survie_new
[17:38:19] [ITEM_LISTED]: PrinceJUULS vend 64 x Iron Ore  pour 5,000.00β sur survie_new
[17:39:12] [ITEM_SOLD]: PrinceJUULS vendu 64 x Iron Ore à  kalaistar pour 5,000.00 β le survie_new
[17:55:25] [ITEM_LISTED]: PrinceJUULS vend 64 x Iron Ore  pour 5,000.00β sur survie_new
[18:01:23] [ITEM_SOLD]: PrinceJUULS vendu 64 x Iron Ore à  kalaistar pour 5,000.00 β le survie_new
[18:05:02] [ITEM_LISTED]: PrinceJUULS vend 64 x Iron Ore  pour 5,000.00β sur survie_new
[18:05:26] [ITEM_SOLD]: PrinceJUULS vendu 1 x Iron Sword à  [Knockback II, Looting III, Sharpness IV, Unbreaking III] Athiire pour 1,000.00 β le survie_new
[18:08:17] [ITEM_LISTED]: PrinceJUULS vend 61 x Gold Ore  pour 6,000.00β sur survie_new
[18:08:18] [ITEM_LISTED]: Tesla248 vend 1 x Enchanted Book  pour 12,000.00β sur survie_new
[18:08:27] [ITEM_LISTED]: Tesla248 vend 1 x Enchanted Book  pour 12,000.00β sur survie_new
[18:08:34] [ITEM_LISTED]: Tesla248 vend 1 x Enchanted Book  pour 12,000.00β sur survie_new
[18:08:44] [ITEM_LISTED]: Tesla248 vend 1 x Enchanted Book  pour 12,000.00β sur survie_new
[18:08:54] [ITEM_LISTED]: Tesla248 vend 1 x Enchanted Book  pour 12,000.00β sur survie_new
[18:09:11] [ITEM_SOLD]: Tesla248 vendu 1 x Enchanted Book à  REGDYLAN pour 12,000.00 β le survie_new
[18:09:12] [ITEM_SOLD]: Tesla248 vendu 1 x Enchanted Book à  REGDYLAN pour 12,000.00 β le survie_new
[18:09:15] [ITEM_SOLD]: PrinceJUULS vendu 64 x Iron Ore à  REGDYLAN pour 5,000.00 β le survie_new
[18:09:17] [ITEM_SOLD]: PrinceJUULS vendu 61 x Gold Ore à  REGDYLAN pour 6,000.00 β le survie_new
[18:09:18] [ITEM_SOLD]: Tesla248 vendu 1 x Enchanted Book à  REGDYLAN pour 12,000.00 β le survie_new
[18:09:19] [ITEM_SOLD]: Tesla248 vendu 1 x Enchanted Book à  REGDYLAN pour 12,000.00 β le survie_new
[18:09:20] [ITEM_SOLD]: Tesla248 vendu 1 x Enchanted Book à  REGDYLAN pour 12,000.00 β le survie_new
[18:15:51] [ITEM_LISTED]: PrinceJUULS vend 8 x Iron Ore  pour 687.00β sur survie_new
[18:17:16] [ITEM_LISTED]: PrinceJUULS vend 38 x Stick  pour 1.00β sur survie_new
[18:40:03] [ITEM_SOLD]: PrinceJUULS vendu 1 x Enchanted Book à  Chacalus pour 2,500.00 β le survie_new
[18:49:49] [ITEM_LISTED]: Blazd vend 1 x Enchanted Book  pour 14,000.00β sur survie_new
[18:49:57] [ITEM_LISTED]: Tesla248 vend 1 x Elytra  pour 5,000.00β sur survie_new
[18:50:23] [ITEM_SOLD]: Tesla248 vendu 1 x Elytra à  Dreyda pour 5,000.00 β le survie_new
[18:52:35] [ITEM_LISTED]: Blazd vend 1 x Enchanted Book  pour 8,000.00β sur survie_new
[18:59:24] [ITEM_LISTED]: PrinceJUULS vend 64 x Iron Ore  pour 5,500.00β sur survie_new
[19:00:31] [ITEM_RETURNED]: 1 x Totem Of Undying  renvoyé à omega2028 le survie_new
[19:00:32] [ITEM_RETURNED]: 1 x Totem Of Undying  renvoyé à omega2028 le survie_new
[19:08:00] [ITEM_LISTED]: PrinceJUULS vend 64 x Iron Ore  pour 5,500.00β sur survie_new
[19:09:47] [ITEM_CANCELLED]: PrinceJUULS annule la vente de 8x Iron Ore pour 687.00β sur survie_new
[19:15:10] [ITEM_CANCELLED]: PrinceJUULS annule la vente de 38x Stick pour 1.00β sur survie_new
[19:15:36] [ITEM_LISTED]: PrinceJUULS vend 1 x Enchanted Book  pour 5,000.00β sur survie_new
[19:15:43] [ITEM_LISTED]: PrinceJUULS vend 1 x Enchanted Book  pour 5,000.00β sur survie_new
[19:15:57] [ITEM_RETURNED]: 38 x Stick  renvoyé à PrinceJUULS le survie_new
[19:15:58] [ITEM_RETURNED]: 8 x Iron Ore  renvoyé à PrinceJUULS le survie_new
[19:26:04] [ITEM_LISTED]: Blazd vend 1 x Elytra  pour 9,000.00β sur survie_new
[19:26:43] [ITEM_LISTED]: PrinceJUULS vend 64 x Iron Ore  pour 5,500.00β sur survie_new
[19:26:51] [ITEM_SOLD]: PrinceJUULS vendu 1 x Heart Of The Sea à  Blazd pour 1,000.00 β le survie_new
[19:27:44] [ITEM_SOLD]: Lenny vendu 64 x Sweet Berries à  Blazd pour 125.00 β le survie_new
[19:40:24] [ITEM_LISTED]: PrinceJUULS vend 21 x Gold Ore  pour 2,500.00β sur survie_new
[19:40:52] [ITEM_SOLD]: SSLLOOTTHH vendu 64 x Lapis Block à  yokianderson pour 700.00 β le survie_new
[20:37:59] [ITEM_LISTED]: PrinceJUULS vend 64 x Iron Ore  pour 5,500.00β sur survie_new
[20:41:05] [ITEM_SOLD]: PrinceJUULS vendu 64 x Iron Ore à  kalaistar pour 5,500.00 β le survie_new
[20:41:06] [ITEM_SOLD]: PrinceJUULS vendu 64 x Iron Ore à  kalaistar pour 5,500.00 β le survie_new
[20:41:07] [ITEM_SOLD]: PrinceJUULS vendu 64 x Iron Ore à  kalaistar pour 5,500.00 β le survie_new
[20:41:09] [ITEM_SOLD]: PrinceJUULS vendu 64 x Iron Ore à  kalaistar pour 5,500.00 β le survie_new
[20:45:04] [ITEM_LISTED]: PrinceJUULS vend 64 x Iron Ore  pour 5,500.00β sur survie_new
[20:55:22] [ITEM_CANCELLED]: PrinceJUULS annule la vente de 21x Gold Ore pour 2,500.00β sur survie_new
[20:55:28] [ITEM_RETURNED]: 21 x Gold Ore  renvoyé à PrinceJUULS le survie_new
[20:55:39] [ITEM_LISTED]: PrinceJUULS vend 32 x Gold Ore  pour 3,250.00β sur survie_new
[20:56:10] [ITEM_LISTED]: PrinceJUULS vend 64 x Iron Ore  pour 5,500.00β sur survie_new
[20:58:39] [ITEM_LISTED]: SeiyaDxD vend 64 x Iron Ore  pour 5,500.00β sur survie_new
[20:58:55] [ITEM_LISTED]: SeiyaDxD vend 64 x Iron Ore  pour 5,500.00β sur survie_new
[20:58:59] [ITEM_LISTED]: SeiyaDxD vend 64 x Iron Ore  pour 5,500.00β sur survie_new
[20:59:18] [ITEM_LISTED]: SeiyaDxD vend 64 x Gold Ore  pour 6,500.00β sur survie_new
[20:59:23] [ITEM_LISTED]: PrinceJUULS vend 64 x Iron Ore  pour 5,500.00β sur survie_new
[20:59:39] [ITEM_SOLD]: SeiyaDxD vendu 64 x Iron Ore à  kalaistar pour 5,500.00 β le survie_new
[20:59:40] [ITEM_SOLD]: SeiyaDxD vendu 64 x Iron Ore à  kalaistar pour 5,500.00 β le survie_new
[20:59:41] [ITEM_SOLD]: SeiyaDxD vendu 64 x Iron Ore à  kalaistar pour 5,500.00 β le survie_new
[20:59:42] [ITEM_SOLD]: PrinceJUULS vendu 64 x Iron Ore à  kalaistar pour 5,500.00 β le survie_new
[20:59:43] [ITEM_SOLD]: PrinceJUULS vendu 64 x Iron Ore à  kalaistar pour 5,500.00 β le survie_new
[20:59:44] [ITEM_SOLD]: PrinceJUULS vendu 64 x Iron Ore à  kalaistar pour 5,500.00 β le survie_new
[20:59:46] [ITEM_SOLD]: SeiyaDxD vendu 64 x Gold Ore à  kalaistar pour 6,500.00 β le survie_new
[20:59:48] [ITEM_SOLD]: PrinceJUULS vendu 32 x Gold Ore à  CouzVeBaton pour 3,250.00 β le survie_new
[20:59:49] [ITEM_SOLD]: Blazd vendu 1 x Elytra à  kalaistar pour 9,000.00 β le survie_new
[21:06:06] [ITEM_SOLD]: Lenny vendu 64 x Sweet Berries à  Bertrand pour 125.00 β le survie_new
[21:06:20] [ITEM_SOLD]: OfCourse vendu 1 x Stone Shovel à  Bertrand pour 0.00 β le survie_new
[21:34:36] [ITEM_LISTED]: Zougless vend 64 x Spruce Log  pour 450.00β sur survie_new
[21:34:39] [ITEM_LISTED]: Zougless vend 64 x Spruce Log  pour 450.00β sur survie_new
[21:34:41] [ITEM_LISTED]: Zougless vend 64 x Spruce Log  pour 450.00β sur survie_new
[21:34:43] [ITEM_LISTED]: Zougless vend 64 x Spruce Log  pour 450.00β sur survie_new
[21:34:44] [ITEM_LISTED]: Zougless vend 64 x Spruce Log  pour 450.00β sur survie_new
[21:34:46] [ITEM_LISTED]: Zougless vend 64 x Spruce Log  pour 450.00β sur survie_new
[21:34:48] [ITEM_LISTED]: Zougless vend 64 x Spruce Log  pour 450.00β sur survie_new
[21:34:50] [ITEM_LISTED]: Zougless vend 64 x Spruce Log  pour 450.00β sur survie_new
[21:34:57] [ITEM_LISTED]: Zougless vend 64 x Spruce Log  pour 450.00β sur survie_new
[21:35:01] [ITEM_LISTED]: Zougless vend 64 x Spruce Log  pour 450.00β sur survie_new
[21:35:02] [ITEM_LISTED]: Zougless vend 64 x Spruce Log  pour 450.00β sur survie_new
[21:35:04] [ITEM_LISTED]: Zougless vend 64 x Spruce Log  pour 450.00β sur survie_new
[21:35:06] [ITEM_LISTED]: Zougless vend 64 x Spruce Log  pour 450.00β sur survie_new
[21:35:09] [ITEM_LISTED]: Zougless vend 64 x Spruce Log  pour 450.00β sur survie_new
[21:35:12] [ITEM_LISTED]: Zougless vend 64 x Spruce Log  pour 450.00β sur survie_new
[21:35:14] [ITEM_LISTED]: Zougless vend 64 x Spruce Log  pour 450.00β sur survie_new
[21:35:40] [ITEM_LISTED]: Zougless vend 64 x Spruce Log  pour 450.00β sur survie_new
[21:35:42] [ITEM_LISTED]: Zougless vend 64 x Spruce Log  pour 450.00β sur survie_new
[21:35:44] [ITEM_LISTED]: Zougless vend 64 x Spruce Log  pour 450.00β sur survie_new
[21:35:46] [ITEM_LISTED]: Zougless vend 64 x Spruce Log  pour 450.00β sur survie_new
[21:35:48] [ITEM_LISTED]: Zougless vend 64 x Spruce Log  pour 450.00β sur survie_new
[21:35:50] [ITEM_LISTED]: Zougless vend 64 x Spruce Log  pour 450.00β sur survie_new
[21:35:52] [ITEM_LISTED]: Zougless vend 64 x Spruce Log  pour 450.00β sur survie_new
[21:35:54] [ITEM_LISTED]: Zougless vend 64 x Spruce Log  pour 450.00β sur survie_new
[22:09:31] [ITEM_SOLD]: AzodFR vendu 1 x Written Book à  limastic pour 10,000.00 β le survie_new
[22:36:04] [ITEM_LISTED]: limastic vend 1 x Written Book  pour 9,000.00β sur survie_new
[22:39:08] [ITEM_LISTED]: Blazd vend 24 x Cooked Beef  pour 100.00β sur survie_new
[22:39:33] [ITEM_SOLD]: Blazd vendu 24 x Cooked Beef à  iDarki24 pour 100.00 β le survie_new
[23:42:59] [ITEM_SOLD]: Zougless vendu 64 x Spruce Log à  REGDYLAN pour 450.00 β le survie_new
[23:43:01] [ITEM_SOLD]: Zougless vendu 64 x Spruce Log à  REGDYLAN pour 450.00 β le survie_new
[23:43:02] [ITEM_SOLD]: Zougless vendu 64 x Spruce Log à  REGDYLAN pour 450.00 β le survie_new
[23:43:02] [ITEM_SOLD]: Zougless vendu 64 x Spruce Log à  REGDYLAN pour 450.00 β le survie_new
[23:43:03] [ITEM_SOLD]: Zougless vendu 64 x Spruce Log à  REGDYLAN pour 450.00 β le survie_new
[23:43:04] [ITEM_SOLD]: Zougless vendu 64 x Spruce Log à  REGDYLAN pour 450.00 β le survie_new
[23:43:05] [ITEM_SOLD]: Zougless vendu 64 x Spruce Log à  REGDYLAN pour 450.00 β le survie_new
[23:43:06] [ITEM_SOLD]: Zougless vendu 64 x Spruce Log à  REGDYLAN pour 450.00 β le survie_new
[23:43:07] [ITEM_SOLD]: Zougless vendu 64 x Spruce Log à  REGDYLAN pour 450.00 β le survie_new
[23:43:08] [ITEM_SOLD]: Zougless vendu 64 x Spruce Log à  REGDYLAN pour 450.00 β le survie_new
[23:43:11] [ITEM_SOLD]: Zougless vendu 64 x Spruce Log à  REGDYLAN pour 450.00 β le survie_new
[23:43:12] [ITEM_SOLD]: Zougless vendu 64 x Spruce Log à  REGDYLAN pour 450.00 β le survie_new
[23:43:13] [ITEM_SOLD]: Zougless vendu 64 x Spruce Log à  REGDYLAN pour 450.00 β le survie_new
[23:43:15] [ITEM_SOLD]: Zougless vendu 64 x Spruce Log à  REGDYLAN pour 450.00 β le survie_new
[23:43:16] [ITEM_SOLD]: Zougless vendu 64 x Spruce Log à  REGDYLAN pour 450.00 β le survie_new
[23:43:17] [ITEM_SOLD]: Zougless vendu 64 x Spruce Log à  REGDYLAN pour 450.00 β le survie_new
[23:43:18] [ITEM_SOLD]: Zougless vendu 64 x Spruce Log à  REGDYLAN pour 450.00 β le survie_new
[23:43:19] [ITEM_SOLD]: Zougless vendu 64 x Spruce Log à  REGDYLAN pour 450.00 β le survie_new
[23:43:20] [ITEM_SOLD]: Zougless vendu 64 x Spruce Log à  REGDYLAN pour 450.00 β le survie_new
[23:43:21] [ITEM_SOLD]: Zougless vendu 64 x Spruce Log à  REGDYLAN pour 450.00 β le survie_new
[23:43:22] [ITEM_SOLD]: Zougless vendu 64 x Spruce Log à  REGDYLAN pour 450.00 β le survie_new
[23:43:23] [ITEM_SOLD]: Zougless vendu 64 x Spruce Log à  REGDYLAN pour 450.00 β le survie_new
[23:43:26] [ITEM_SOLD]: Zougless vendu 64 x Spruce Log à  REGDYLAN pour 450.00 β le survie_new
[23:43:27] [ITEM_SOLD]: Zougless vendu 64 x Spruce Log à  REGDYLAN pour 450.00 β le survie_new
