[00:35:23] [ITEM_LISTED]: Stebanou vend 1 x Globe  pour 10,000.00β sur survie_new
[01:38:35] [ITEM_LISTED]: Stebanou vend 64 x Mycelium  pour 100,000.00β sur survie_new
[01:43:15] [ITEM_SOLD]: pikatchou82 vendu 1 x Enchanted Book à  Stebanou pour 900.00 β le survie_new
[09:24:22] [ITEM_SOLD]: Stebanou vendu 1 x Globe à  CouzVeBaton pour 10,000.00 β le survie_new
[09:24:47] [ITEM_LISTED]: CouzVeBaton vend 1 x Globe  pour 10,500.00β sur survie_new
[11:43:13] [ITEM_SOLD]: D3sTryk3 vendu 1 x Saddle à  Ekiliox pour 100.00 β le survie_new
[11:44:04] [ITEM_SOLD]: D3sTryk3 vendu 1 x Saddle à  Ekiliox pour 100.00 β le survie_new
[11:47:36] [ITEM_SOLD]: D3sTryk3 vendu 1 x Saddle à  Ekiliox pour 100.00 β le survie_new
[13:35:27] [ITEM_LISTED]: bioniclucas vend 4 x Dolphin Spawn Egg  pour 12,000.00β sur survie_new
[13:35:41] [ITEM_SOLD]: bioniclucas vendu 4 x Dolphin Spawn Egg à  CroixVeBaton pour 12,000.00 β le survie_new
[13:37:59] [ITEM_LISTED]: Minebark vend 20 x Ghast Tear  pour 20,000.00β sur survie_new
[13:38:04] [ITEM_SOLD]: Minebark vendu 20 x Ghast Tear à  CroixVeBaton pour 20,000.00 β le survie_new
[13:44:21] [ITEM_LISTED]: Stebanou vend 1 x Dolphin Spawn Egg  pour 1,000.00β sur survie_new
[13:44:29] [ITEM_SOLD]: Stebanou vendu 1 x Dolphin Spawn Egg à  OfCourse pour 1,000.00 β le survie_new
[13:54:30] [ITEM_LISTED]: Minebark vend 14 x Ghast Tear  pour 14,000.00β sur survie_new
[14:01:06] [ITEM_SOLD]: Minebark vendu 14 x Ghast Tear à  CroixVeBaton pour 14,000.00 β le survie_new
[14:04:41] [ITEM_LISTED]: Warsgunners34 vend 1 x §;§:Spawner à Araignée venimeuse 1x  pour 3,000.00β sur survie_new
[14:14:21] [ITEM_LISTED]: LLIcocoman_Hrz vend 1 x Turtle Spawn Egg  pour 2,500.00β sur survie_new
[14:18:02] [ITEM_LISTED]: Minebark vend 17 x Ghast Tear  pour 17,000.00β sur survie_new
[14:18:31] [ITEM_SOLD]: Minebark vendu 17 x Ghast Tear à  CroixVeBaton pour 17,000.00 β le survie_new
[14:38:09] [ITEM_LISTED]: Minebark vend 13 x Ghast Tear  pour 13,000.00β sur survie_new_nether
[14:47:41] [ITEM_SOLD]: LLIcocoman_Hrz vendu 1 x Turtle Spawn Egg à  Minebark pour 2,500.00 β le survie_new
[14:48:07] [ITEM_LISTED]: LLIcocoman_Hrz vend 1 x Turtle Spawn Egg  pour 2,500.00β sur survie_new
[14:55:07] [ITEM_SOLD]: LLIcocoman_Hrz vendu 1 x Turtle Spawn Egg à  OfCourse pour 2,500.00 β le survie_new
[15:19:13] [ITEM_LISTED]: bioniclucas vend 4 x Glowstone Dust  pour 10.00β sur survie_new
[15:19:23] [ITEM_SOLD]: bioniclucas vendu 4 x Glowstone Dust à  Yohan81 pour 10.00 β le survie_new
[15:28:41] [ITEM_LISTED]: OfCourse vend 10 x Turtle Egg  pour 500.00β sur survie_new
[15:32:44] [ITEM_SOLD]: Minebark vendu 13 x Ghast Tear à  CroixVeBaton pour 13,000.00 β le survie_new_nether
[15:47:35] [ITEM_DROPPED]: Abandon de la vente ianito expirée de 1 x Diamond Shovel  [Silk Touch] pour 0.00β à leurs pieds le survie_new
[16:03:12] [ITEM_LISTED]: bioniclucas vend 5 x Emerald  pour 500.00β sur survie_new
[16:03:15] [ITEM_SOLD]: bioniclucas vendu 5 x Emerald à  Yohan81 pour 500.00 β le survie_new
[16:29:37] [ITEM_DROPPED]: Abandon de la vente ianito expirée de 1 x Diamond Pickaxe  [Efficiency V, Fortune III, Mending, Unbreaking III] pour 0.00β à leurs pieds le survie_new
[16:34:03] [ITEM_LISTED]: bioniclucas vend 3 x Emerald  pour 300.00β sur survie_new
[16:34:05] [ITEM_SOLD]: bioniclucas vendu 3 x Emerald à  Yohan81 pour 300.00 β le survie_new
[16:41:16] [ITEM_LISTED]: Christophe_ vend 32 x Gunpowder  pour 3,200.00β sur survie_new
[16:45:10] [ITEM_CANCELLED]: Christophe_ annule la vente de 32x Gunpowder pour 3,200.00β sur survie_new
[16:45:11] [ITEM_RETURNED]: 32 x Gunpowder  renvoyé à Christophe_ le survie_new
[16:54:51] [ITEM_SOLD]: xilatien vendu 64 x Cobblestone à  Arzess pour 1.00 β le survie_new
[17:13:49] [ITEM_LISTED]: bioniclucas vend 1 x Diamond Sword  [Knockback II, Looting III, Sharpness V, Unbreaking III] pour 10,000.00β sur survie_new
[17:23:13] [ITEM_LISTED]: bioniclucas vend 64 x Emerald  pour 6,400.00β sur survie_new
[17:24:08] [ITEM_SOLD]: bioniclucas vendu 64 x Emerald à  Yohan81 pour 6,400.00 β le survie_new
[17:26:46] [ITEM_LISTED]: limastic vend 1 x Toryar's head  pour 1,000.00β sur survie_new
[17:29:54] [ITEM_LISTED]: Kaio_Beninou vend 64 x Emerald  pour 3,200.00β sur survie_new
[17:29:57] [ITEM_LISTED]: Kaio_Beninou vend 64 x Emerald  pour 3,200.00β sur survie_new
[17:30:01] [ITEM_LISTED]: Kaio_Beninou vend 64 x Emerald  pour 3,200.00β sur survie_new
[17:30:06] [ITEM_LISTED]: Kaio_Beninou vend 64 x Emerald  pour 3,200.00β sur survie_new
[17:30:07] [ITEM_SOLD]: Kaio_Beninou vendu 64 x Emerald à  Yohan81 pour 3,200.00 β le survie_new
[17:30:08] [ITEM_SOLD]: Kaio_Beninou vendu 64 x Emerald à  Yohan81 pour 3,200.00 β le survie_new
[17:30:09] [ITEM_LISTED]: Kaio_Beninou vend 64 x Emerald  pour 3,200.00β sur survie_new
[17:30:09] [ITEM_SOLD]: Kaio_Beninou vendu 64 x Emerald à  Yohan81 pour 3,200.00 β le survie_new
[17:30:10] [ITEM_SOLD]: Kaio_Beninou vendu 64 x Emerald à  Yohan81 pour 3,200.00 β le survie_new
[17:30:11] [ITEM_SOLD]: Kaio_Beninou vendu 64 x Emerald à  Yohan81 pour 3,200.00 β le survie_new
[17:30:15] [ITEM_LISTED]: Kaio_Beninou vend 64 x Emerald  pour 3,200.00β sur survie_new
[17:30:17] [ITEM_SOLD]: Kaio_Beninou vendu 64 x Emerald à  Yohan81 pour 3,200.00 β le survie_new
[17:30:18] [ITEM_LISTED]: Kaio_Beninou vend 64 x Emerald  pour 3,200.00β sur survie_new
[17:30:20] [ITEM_SOLD]: Kaio_Beninou vendu 64 x Emerald à  Yohan81 pour 3,200.00 β le survie_new
[17:30:22] [ITEM_LISTED]: Kaio_Beninou vend 64 x Emerald  pour 3,200.00β sur survie_new
[17:30:25] [ITEM_SOLD]: Kaio_Beninou vendu 64 x Emerald à  Yohan81 pour 3,200.00 β le survie_new
[17:30:25] [ITEM_LISTED]: Kaio_Beninou vend 64 x Emerald  pour 3,200.00β sur survie_new
[17:30:28] [ITEM_SOLD]: Kaio_Beninou vendu 64 x Emerald à  Yohan81 pour 3,200.00 β le survie_new
[17:30:42] [ITEM_LISTED]: limastic vend 1 x Written Book  pour 100.00β sur survie_new
[17:33:34] [ITEM_LISTED]: Kaio_Beninou vend 64 x Glowstone  pour 500.00β sur survie_new
[17:33:36] [ITEM_SOLD]: Kaio_Beninou vendu 64 x Glowstone à  Yohan81 pour 500.00 β le survie_new
[17:36:25] [ITEM_LISTED]: Kaio_Beninou vend 64 x Glowstone  pour 500.00β sur survie_new
[17:36:30] [ITEM_SOLD]: Kaio_Beninou vendu 64 x Glowstone à  Yohan81 pour 500.00 β le survie_new
[17:46:51] [ITEM_LISTED]: Kaio_Beninou vend 3 x Dolphin Spawn Egg  pour 12,000.00β sur survie_new
[17:47:05] [ITEM_SOLD]: Kaio_Beninou vendu 3 x Dolphin Spawn Egg à  CouzVeBaton pour 12,000.00 β le survie_new
[18:51:50] [ITEM_SOLD]: bioniclucas vendu 1 x Diamond Sword à  [Knockback II, Looting III, Sharpness V, Unbreaking III] Christophe_ pour 10,000.00 β le survie_new
[18:52:49] [ITEM_DROPPED]: Abandon de la vente 1622731 expirée de 1 x Water Bucket  pour 0.00β à leurs pieds le survie_new
[19:08:08] [ITEM_SOLD]: limastic vendu 1 x Written Book à  Ekiliox pour 100.00 β le survie_new
[19:09:03] [ITEM_LISTED]: bioniclucas vend 1 x Cadeau de Noël : I  pour 50,000.00β sur survie_new
[19:19:19] [ITEM_LISTED]: Warsgunners34 vend 1 x Dolphin Spawn Egg  pour 3,500.00β sur survie_new
[19:20:02] [ITEM_SOLD]: Warsgunners34 vendu 1 x Dolphin Spawn Egg à  AzodFR pour 3,500.00 β le survie_new
[19:41:06] [ITEM_LISTED]: Darinor_ vend 1 x Enchanted Book  pour 2,000.00β sur survie_new
[20:07:42] [ITEM_CANCELLED]: CouzVeBaton annule la vente de 1x Globe pour 10,500.00β sur survie_new
[20:07:44] [ITEM_RETURNED]: 1 x Globe  renvoyé à CouzVeBaton le survie_new
[20:44:50] [ITEM_LISTED]: Christophe_ vend 1 x §;§:Spawner à Dauphin 1x  pour 15,000.00β sur survie_new
[20:44:52] [ITEM_LISTED]: Christophe_ vend 1 x §;§:Spawner à Dauphin 1x  pour 15,000.00β sur survie_new
[20:44:56] [ITEM_LISTED]: Christophe_ vend 1 x §;§:Spawner à Dauphin 1x  pour 15,000.00β sur survie_new
[20:45:15] [ITEM_SOLD]: Darinor_ vendu 1 x Enchanted Book à  Christophe_ pour 2,000.00 β le survie_new
[21:17:19] [ITEM_SOLD]: limastic vendu 1 x Toryar's head à  CouzVeBaton pour 1,000.00 β le survie_new
[21:17:40] [ITEM_CANCELLED]: CouzVeBaton annule la vente de 1x Grade Marquis pour 1,000,000.00β sur survie_new
[21:17:43] [ITEM_RETURNED]: 1 x Grade Marquis  renvoyé à CouzVeBaton le survie_new
[21:31:37] [ITEM_LISTED]: Darinor_ vend 1 x Enchanted Book  pour 1,500.00β sur survie_new
[21:31:51] [ITEM_LISTED]: Darinor_ vend 1 x Enchanted Book  pour 2,000.00β sur survie_new
[21:32:11] [ITEM_LISTED]: Darinor_ vend 1 x Enchanted Book  pour 2,200.00β sur survie_new
[21:32:57] [ITEM_LISTED]: Darinor_ vend 1 x Enchanted Book  pour 1,500.00β sur survie_new
[21:47:18] [ITEM_LISTED]: Darinor_ vend 1 x Enchanted Book  pour 1,500.00β sur survie_new
[22:10:45] [ITEM_LISTED]: Darinor_ vend 1 x Enchanted Book  pour 2,200.00β sur survie_new
[22:11:53] [ITEM_CANCELLED]: Darinor_ annule la vente de 1x Enchanted Book pour 1,500.00β sur survie_new
[22:12:11] [ITEM_RETURNED]: 1 x Enchanted Book  renvoyé à Darinor_ le survie_new
[22:28:49] [ITEM_LISTED]: Kaio_Beninou vend 1 x Chicken Spawn Egg  pour 4,000.00β sur survie_new
[22:28:53] [ITEM_LISTED]: Kaio_Beninou vend 1 x Chicken Spawn Egg  pour 4,000.00β sur survie_new
[22:28:57] [ITEM_LISTED]: Kaio_Beninou vend 1 x Chicken Spawn Egg  pour 4,000.00β sur survie_new
[22:29:01] [ITEM_LISTED]: Kaio_Beninou vend 1 x Chicken Spawn Egg  pour 4,000.00β sur survie_new
[22:29:13] [ITEM_SOLD]: Kaio_Beninou vendu 1 x Chicken Spawn Egg à  CroixVeBaton pour 4,000.00 β le survie_new
[22:29:15] [ITEM_SOLD]: Kaio_Beninou vendu 1 x Chicken Spawn Egg à  CroixVeBaton pour 4,000.00 β le survie_new
[22:29:16] [ITEM_SOLD]: Kaio_Beninou vendu 1 x Chicken Spawn Egg à  CroixVeBaton pour 4,000.00 β le survie_new
[22:29:19] [ITEM_SOLD]: Kaio_Beninou vendu 1 x Chicken Spawn Egg à  CroixVeBaton pour 4,000.00 β le survie_new
[22:32:00] [ITEM_LISTED]: Kaio_Beninou vend 1 x Chicken Spawn Egg  pour 4,000.00β sur survie_new
[22:32:12] [ITEM_SOLD]: Kaio_Beninou vendu 1 x Chicken Spawn Egg à  CroixVeBaton pour 4,000.00 β le survie_new
[22:36:55] [ITEM_LISTED]: Kaio_Beninou vend 1 x Dolphin Spawn Egg  pour 4,000.00β sur survie_new
[22:36:58] [ITEM_SOLD]: Kaio_Beninou vendu 1 x Dolphin Spawn Egg à  CouzVeBaton pour 4,000.00 β le survie_new
[22:39:08] [ITEM_LISTED]: Kaio_Beninou vend 1 x Dolphin Spawn Egg  pour 4,000.00β sur survie_new
[22:39:21] [ITEM_SOLD]: Kaio_Beninou vendu 1 x Dolphin Spawn Egg à  CouzVeBaton pour 4,000.00 β le survie_new
[22:40:25] [ITEM_LISTED]: Kaio_Beninou vend 1 x Dolphin Spawn Egg  pour 4,000.00β sur survie_new
[22:40:27] [ITEM_SOLD]: Kaio_Beninou vendu 1 x Dolphin Spawn Egg à  CouzVeBaton pour 4,000.00 β le survie_new
[23:10:10] [ITEM_CANCELLED]: Christophe_ annule la vente de 1x §;§:Spawner à Dauphin 1x pour 15,000.00β sur survie_new
[23:10:12] [ITEM_CANCELLED]: Christophe_ annule la vente de 1x §;§:Spawner à Dauphin 1x pour 15,000.00β sur survie_new
[23:10:12] [ITEM_CANCELLED]: Christophe_ annule la vente de 1x §;§:Spawner à Dauphin 1x pour 15,000.00β sur survie_new
[23:10:17] [ITEM_RETURNED]: 1 x §;§:Spawner à Dauphin 1x  renvoyé à Christophe_ le survie_new
[23:10:18] [ITEM_RETURNED]: 1 x §;§:Spawner à Dauphin 1x  renvoyé à Christophe_ le survie_new
[23:10:18] [ITEM_RETURNED]: 1 x §;§:Spawner à Dauphin 1x  renvoyé à Christophe_ le survie_new
[23:40:44] [ITEM_LISTED]: Darinor_ vend 1 x Enchanted Book  pour 2,000.00β sur survie_new
