[02:15:20] [ITEM_CANCELLED]: SSLLOOTTHH annule la vente de 1x Elytra [Unbreaking III] pour 15,000.00β sur survie_new
[02:15:20] [ITEM_CANCELLED]: SSLLOOTTHH annule la vente de 1x Elytra [Unbreaking III] pour 15,000.00β sur survie_new
[02:15:21] [ITEM_CANCELLED]: SSLLOOTTHH annule la vente de 1x Elytra [Unbreaking III] pour 15,000.00β sur survie_new
[02:15:23] [ITEM_RETURNED]: 1 x Elytra  [Unbreaking III] renvoyé à SSLLOOTTHH le survie_new
[02:15:23] [ITEM_RETURNED]: 1 x Elytra  [Unbreaking III] renvoyé à SSLLOOTTHH le survie_new
[02:15:24] [ITEM_RETURNED]: 1 x Elytra  [Unbreaking III] renvoyé à SSLLOOTTHH le survie_new
[02:15:32] [ITEM_LISTED]: SSLLOOTTHH vend 1 x Elytra  [Unbreaking III] pour 10,000.00β sur survie_new
[02:15:35] [ITEM_LISTED]: SSLLOOTTHH vend 1 x Elytra  [Unbreaking III] pour 10,000.00β sur survie_new
[02:15:37] [ITEM_LISTED]: SSLLOOTTHH vend 1 x Elytra  [Unbreaking III] pour 10,000.00β sur survie_new
[02:16:52] [ITEM_LISTED]: SSLLOOTTHH vend 1 x Enchanted Book  pour 7,000.00β sur survie_new
[02:16:54] [ITEM_LISTED]: SSLLOOTTHH vend 1 x Enchanted Book  pour 7,000.00β sur survie_new
[02:16:55] [ITEM_LISTED]: SSLLOOTTHH vend 1 x Enchanted Book  pour 7,000.00β sur survie_new
[02:16:56] [ITEM_LISTED]: SSLLOOTTHH vend 1 x Enchanted Book  pour 7,000.00β sur survie_new
[02:18:04] [ITEM_LISTED]: SSLLOOTTHH vend 1 x Enchanted Book  pour 7,000.00β sur survie_new
[02:18:07] [ITEM_LISTED]: SSLLOOTTHH vend 1 x Enchanted Book  pour 7,000.00β sur survie_new
[02:18:28] [ITEM_LISTED]: SSLLOOTTHH vend 1 x Enchanted Book  pour 7,000.00β sur survie_new
[02:18:54] [ITEM_SOLD]: Chacalus vendu 3 x End Crystal à  SSLLOOTTHH pour 300.00 β le survie_new
[02:24:30] [ITEM_LISTED]: SSLLOOTTHH vend 1 x Enchanted Book  pour 8,000.00β sur survie_new
[02:24:31] [ITEM_LISTED]: SSLLOOTTHH vend 1 x Enchanted Book  pour 8,000.00β sur survie_new
[02:24:32] [ITEM_LISTED]: SSLLOOTTHH vend 1 x Enchanted Book  pour 8,000.00β sur survie_new
[02:24:33] [ITEM_LISTED]: SSLLOOTTHH vend 1 x Enchanted Book  pour 8,000.00β sur survie_new
[02:24:34] [ITEM_LISTED]: SSLLOOTTHH vend 1 x Enchanted Book  pour 8,000.00β sur survie_new
[02:24:34] [ITEM_LISTED]: SSLLOOTTHH vend 1 x Enchanted Book  pour 8,000.00β sur survie_new
[02:24:35] [ITEM_LISTED]: SSLLOOTTHH vend 1 x Enchanted Book  pour 8,000.00β sur survie_new
[02:24:36] [ITEM_LISTED]: SSLLOOTTHH vend 1 x Enchanted Book  pour 8,000.00β sur survie_new
[02:24:37] [ITEM_LISTED]: SSLLOOTTHH vend 1 x Enchanted Book  pour 8,000.00β sur survie_new
[02:25:03] [ITEM_LISTED]: SSLLOOTTHH vend 1 x Enchanted Book  pour 8,000.00β sur survie_new
[02:25:04] [ITEM_LISTED]: SSLLOOTTHH vend 1 x Enchanted Book  pour 8,000.00β sur survie_new
[02:25:05] [ITEM_LISTED]: SSLLOOTTHH vend 1 x Enchanted Book  pour 8,000.00β sur survie_new
[02:25:06] [ITEM_LISTED]: SSLLOOTTHH vend 1 x Enchanted Book  pour 8,000.00β sur survie_new
[02:25:07] [ITEM_LISTED]: SSLLOOTTHH vend 1 x Enchanted Book  pour 8,000.00β sur survie_new
[02:25:34] [ITEM_LISTED]: SSLLOOTTHH vend 1 x Enchanted Book  pour 8,000.00β sur survie_new
[02:25:34] [ITEM_LISTED]: SSLLOOTTHH vend 1 x Enchanted Book  pour 8,000.00β sur survie_new
[02:25:49] [ITEM_RETURNED]: 1 x §;§:Spawner à Araignée venimeuse 1x  renvoyé à SSLLOOTTHH le survie_new
[02:26:02] [ITEM_CANCELLED]: SSLLOOTTHH annule la vente de 64x Cookie pour 0.00β sur survie_new
[02:26:05] [ITEM_CANCELLED]: SSLLOOTTHH annule la vente de 1x Enchanted Book pour 1,000.00β sur survie_new
[02:26:05] [ITEM_CANCELLED]: SSLLOOTTHH annule la vente de 1x Enchanted Book pour 1,000.00β sur survie_new
[02:26:06] [ITEM_CANCELLED]: SSLLOOTTHH annule la vente de 1x Enchanted Book pour 10,000.00β sur survie_new
[02:26:06] [ITEM_CANCELLED]: SSLLOOTTHH annule la vente de 1x Enchanted Book pour 1,000.00β sur survie_new
[02:26:07] [ITEM_CANCELLED]: SSLLOOTTHH annule la vente de 1x Enchanted Book pour 2,000.00β sur survie_new
[02:26:07] [ITEM_CANCELLED]: SSLLOOTTHH annule la vente de 1x Enchanted Book pour 2,000.00β sur survie_new
[02:26:08] [ITEM_CANCELLED]: SSLLOOTTHH annule la vente de 1x Enchanted Book pour 2,000.00β sur survie_new
[02:26:08] [ITEM_CANCELLED]: SSLLOOTTHH annule la vente de 1x Enchanted Book pour 2,000.00β sur survie_new
[02:26:10] [ITEM_RETURNED]: 1 x Enchanted Book  renvoyé à SSLLOOTTHH le survie_new
[02:26:10] [ITEM_RETURNED]: 1 x Enchanted Book  renvoyé à SSLLOOTTHH le survie_new
[02:26:11] [ITEM_RETURNED]: 1 x Enchanted Book  renvoyé à SSLLOOTTHH le survie_new
[02:26:11] [ITEM_RETURNED]: 1 x Enchanted Book  renvoyé à SSLLOOTTHH le survie_new
[02:26:11] [ITEM_RETURNED]: 1 x Enchanted Book  renvoyé à SSLLOOTTHH le survie_new
[02:26:12] [ITEM_RETURNED]: 1 x Enchanted Book  renvoyé à SSLLOOTTHH le survie_new
[02:26:12] [ITEM_RETURNED]: 1 x Enchanted Book  renvoyé à SSLLOOTTHH le survie_new
[02:26:12] [ITEM_RETURNED]: 1 x Enchanted Book  renvoyé à SSLLOOTTHH le survie_new
[02:26:13] [ITEM_RETURNED]: 64 x Cookie  renvoyé à SSLLOOTTHH le survie_new
[02:26:13] [ITEM_RETURNED]: 1 x Dragon Head  renvoyé à SSLLOOTTHH le survie_new_the_end
[02:26:13] [ITEM_RETURNED]: 1 x Iron Leggings  [Protection IV, Unbreaking III] renvoyé à SSLLOOTTHH le survie_new_the_end
[02:26:13] [ITEM_RETURNED]: 1 x Diamond Helmet  [Fire Protection III, Unbreaking III] renvoyé à SSLLOOTTHH le survie_new_the_end
[02:26:14] [ITEM_RETURNED]: 64 x Cobblestone  renvoyé à SSLLOOTTHH le survie_new
[02:26:14] [ITEM_RETURNED]: 64 x Cobblestone  renvoyé à SSLLOOTTHH le survie_new
[02:26:14] [ITEM_RETURNED]: 1 x Enchanted Book  renvoyé à SSLLOOTTHH le survie_new
[02:26:14] [ITEM_RETURNED]: 1 x Grass Block  renvoyé à SSLLOOTTHH le survie_new
[02:26:15] [ITEM_CANCELLED]: SSLLOOTTHH annule la vente de 1x Enchanted Book pour 8,000.00β sur survie_new
[02:26:15] [ITEM_CANCELLED]: SSLLOOTTHH annule la vente de 1x Enchanted Book pour 8,000.00β sur survie_new
[02:26:19] [ITEM_RETURNED]: 1 x Enchanted Book  renvoyé à SSLLOOTTHH le survie_new
[02:26:20] [ITEM_RETURNED]: 1 x Enchanted Book  renvoyé à SSLLOOTTHH le survie_new
[02:26:40] [ITEM_LISTED]: SSLLOOTTHH vend 1 x Enchanted Book  pour 8,000.00β sur survie_new
[02:26:41] [ITEM_LISTED]: SSLLOOTTHH vend 1 x Enchanted Book  pour 8,000.00β sur survie_new
[02:26:42] [ITEM_LISTED]: SSLLOOTTHH vend 1 x Enchanted Book  pour 8,000.00β sur survie_new
[02:26:42] [ITEM_LISTED]: SSLLOOTTHH vend 1 x Enchanted Book  pour 8,000.00β sur survie_new
[02:26:43] [ITEM_LISTED]: SSLLOOTTHH vend 1 x Enchanted Book  pour 8,000.00β sur survie_new
[02:26:53] [ITEM_LISTED]: SSLLOOTTHH vend 1 x Enchanted Book  pour 8,000.00β sur survie_new
[02:27:18] [ITEM_LISTED]: SSLLOOTTHH vend 1 x §;§:Spawner à Araignée venimeuse 1x  pour 1,500.00β sur survie_new
[08:36:37] [ITEM_SOLD]: Yohan81 vendu 64 x Cooked Beef à  Zougless pour 60.00 β le survie_new
[08:36:39] [ITEM_SOLD]: Yohan81 vendu 64 x Cooked Beef à  Zougless pour 60.00 β le survie_new
[08:36:41] [ITEM_SOLD]: Yohan81 vendu 64 x Cooked Porkchop à  Zougless pour 60.00 β le survie_new
[08:36:42] [ITEM_SOLD]: Yohan81 vendu 64 x Cooked Porkchop à  Zougless pour 60.00 β le survie_new
[08:36:44] [ITEM_SOLD]: Yohan81 vendu 64 x Cooked Beef à  Zougless pour 60.00 β le survie_new
[08:36:46] [ITEM_SOLD]: Yohan81 vendu 64 x Cooked Porkchop à  Zougless pour 60.00 β le survie_new
[08:36:48] [ITEM_SOLD]: Yohan81 vendu 64 x Cooked Porkchop à  Zougless pour 60.00 β le survie_new
[08:36:50] [ITEM_SOLD]: HeFk vendu 64 x Cooked Porkchop à  Zougless pour 150.00 β le survie_new
[08:40:31] [ITEM_LISTED]: Zougless vend 64 x Spruce Log  pour 450.00β sur survie_new
[08:40:32] [ITEM_LISTED]: Zougless vend 64 x Spruce Log  pour 450.00β sur survie_new
[08:40:34] [ITEM_LISTED]: Zougless vend 64 x Spruce Log  pour 450.00β sur survie_new
[08:40:36] [ITEM_LISTED]: Zougless vend 64 x Spruce Log  pour 450.00β sur survie_new
[08:40:37] [ITEM_LISTED]: Zougless vend 64 x Spruce Log  pour 450.00β sur survie_new
[08:40:39] [ITEM_LISTED]: Zougless vend 64 x Spruce Log  pour 450.00β sur survie_new
[08:40:41] [ITEM_LISTED]: Zougless vend 64 x Spruce Log  pour 450.00β sur survie_new
[08:40:42] [ITEM_LISTED]: Zougless vend 64 x Spruce Log  pour 450.00β sur survie_new
[08:40:44] [ITEM_LISTED]: Zougless vend 64 x Spruce Log  pour 450.00β sur survie_new
[08:40:51] [ITEM_LISTED]: Zougless vend 64 x Spruce Log  pour 450.00β sur survie_new
[08:40:53] [ITEM_LISTED]: Zougless vend 64 x Spruce Log  pour 450.00β sur survie_new
[08:40:56] [ITEM_LISTED]: Zougless vend 64 x Spruce Log  pour 450.00β sur survie_new
[08:40:57] [ITEM_LISTED]: Zougless vend 64 x Spruce Log  pour 450.00β sur survie_new
[08:40:59] [ITEM_LISTED]: Zougless vend 64 x Spruce Log  pour 450.00β sur survie_new
[08:41:01] [ITEM_LISTED]: Zougless vend 64 x Spruce Log  pour 450.00β sur survie_new
[08:41:03] [ITEM_LISTED]: Zougless vend 64 x Spruce Log  pour 450.00β sur survie_new
[09:55:44] [ITEM_SOLD]: SSLLOOTTHH vendu 1 x Enchanted Book à  rsBlackSmith pour 7,000.00 β le survie_new
[10:46:01] [ITEM_LISTED]: HeFk vend 1 x Diamond Pickaxe  [Efficiency V, Silk Touch, Unbreaking III] pour 7,000.00β sur survie_new
[10:51:44] [ITEM_LISTED]: HeFk vend 1 x Diamond Pickaxe  [Efficiency V, Fortune III, Unbreaking III] pour 7,000.00β sur survie_new
[10:52:13] [ITEM_SOLD]: Zougless vendu 64 x Spruce Log à  toonjosh pour 450.00 β le survie_new
[10:52:14] [ITEM_SOLD]: Zougless vendu 64 x Spruce Log à  toonjosh pour 450.00 β le survie_new
[10:53:42] [ITEM_SOLD]: SSLLOOTTHH vendu 1 x Diamond Shovel à  [Unbreaking III] toonjosh pour 100.00 β le survie_new_the_end
[10:56:19] [ITEM_LISTED]: toonjosh vend 1 x Livre pour une création Légendaire  pour 15,000.00β sur survie_new
[12:25:54] [ITEM_CANCELLED]: Bouletotor annule la vente de 64x Iron Ingot pour 5,000.00β sur survie_new
[12:25:55] [ITEM_CANCELLED]: Bouletotor annule la vente de 64x Iron Ingot pour 5,000.00β sur survie_new
[12:25:55] [ITEM_CANCELLED]: Bouletotor annule la vente de 64x Iron Ingot pour 3,000.00β sur survie_new
[12:25:55] [ITEM_CANCELLED]: Bouletotor annule la vente de 64x Coal Ore pour 1,000.00β sur survie_new
[12:25:56] [ITEM_CANCELLED]: Bouletotor annule la vente de 64x Iron Ingot pour 5,000.00β sur survie_new
[12:25:57] [ITEM_CANCELLED]: Bouletotor annule la vente de 64x Iron Ingot pour 5,000.00β sur survie_new
[12:25:57] [ITEM_CANCELLED]: Bouletotor annule la vente de 64x Iron Ingot pour 3,000.00β sur survie_new
[12:26:05] [ITEM_RETURNED]: 1 x T'es pauvre xD  renvoyé à Bouletotor le survie_new
[12:26:06] [ITEM_RETURNED]: 64 x Iron Ingot  renvoyé à Bouletotor le survie_new
[12:26:06] [ITEM_RETURNED]: 64 x Iron Ingot  renvoyé à Bouletotor le survie_new
[12:26:07] [ITEM_RETURNED]: 64 x Coal Ore  renvoyé à Bouletotor le survie_new
[12:26:08] [ITEM_RETURNED]: 64 x Iron Ingot  renvoyé à Bouletotor le survie_new
[12:26:08] [ITEM_RETURNED]: 64 x Iron Ingot  renvoyé à Bouletotor le survie_new
[12:26:09] [ITEM_RETURNED]: 64 x Iron Ingot  renvoyé à Bouletotor le survie_new
[12:26:09] [ITEM_RETURNED]: 64 x Iron Ingot  renvoyé à Bouletotor le survie_new
[12:26:15] [ITEM_LISTED]: Bouletotor vend 64 x Iron Ingot  pour 1,000.00β sur survie_new
[12:26:17] [ITEM_LISTED]: Bouletotor vend 64 x Iron Ingot  pour 1,000.00β sur survie_new
[12:26:21] [ITEM_LISTED]: Bouletotor vend 64 x Iron Ingot  pour 1,000.00β sur survie_new
[12:26:22] [ITEM_LISTED]: Bouletotor vend 64 x Iron Ingot  pour 1,000.00β sur survie_new
[12:26:24] [ITEM_LISTED]: Bouletotor vend 64 x Iron Ingot  pour 1,000.00β sur survie_new
[12:26:27] [ITEM_LISTED]: Bouletotor vend 64 x Iron Ingot  pour 1,000.00β sur survie_new
[12:26:30] [ITEM_LISTED]: Bouletotor vend 1 x T'es pauvre xD  pour 1,000.00β sur survie_new
[12:26:36] [ITEM_LISTED]: Bouletotor vend 64 x Coal Ore  pour 750.00β sur survie_new
[12:29:15] [ITEM_SOLD]: Chacalus vendu 64 x Nether Quartz Ore à  Blazd pour 600.00 β le survie_new
[12:30:25] [ITEM_SOLD]: REGDYLAN vendu 1 x Beacon à  Blazd pour 20,000.00 β le survie_new
[12:30:28] [ITEM_SOLD]: REGDYLAN vendu 1 x Beacon à  Blazd pour 20,000.00 β le survie_new
[12:32:16] [ITEM_LISTED]: Yohan81 vend 2 x Diamond  pour 50.00β sur survie_new
[12:32:26] [ITEM_LISTED]: Yohan81 vend 2 x Gold Ingot  pour 30.00β sur survie_new
[12:35:30] [ITEM_LISTED]: OfCourse vend 64 x Pumpkin  pour 1,000.00β sur survie_new
[12:35:36] [ITEM_LISTED]: OfCourse vend 64 x Baked Potato  pour 100.00β sur survie_new
[12:35:40] [ITEM_LISTED]: OfCourse vend 64 x Baked Potato  pour 100.00β sur survie_new
[12:35:49] [ITEM_LISTED]: OfCourse vend 64 x Cooked Porkchop  pour 200.00β sur survie_new
[12:35:56] [ITEM_LISTED]: OfCourse vend 64 x Apple  pour 1,000.00β sur survie_new
[12:37:06] [ITEM_LISTED]: Yohan81 vend 1 x Saddle  pour 60.00β sur survie_new
[12:56:29] [ITEM_LISTED]: Blazd vend 1 x Enchanted Book  pour 12,000.00β sur survie_new
[12:57:03] [ITEM_LISTED]: Bouletotor vend 64 x Iron Ore  pour 6,000.00β sur survie_new
[12:57:05] [ITEM_LISTED]: Bouletotor vend 64 x Iron Ore  pour 6,000.00β sur survie_new
[13:00:09] [ITEM_LISTED]: Bouletotor vend 1 x Diamond Chestplate  pour 300.00β sur survie_new
[13:02:06] [ITEM_LISTED]: Blazd vend 1 x Golden Sword  [Sharpness VIII] pour 500.00β sur survie_new
[13:05:55] [ITEM_SOLD]: SSLLOOTTHH vendu 1 x §;§:Spawner à Araignée venimeuse 1x à  Christophe_ pour 1,500.00 β le survie_new
[13:29:46] [ITEM_LISTED]: Blazd vend 5 x Potion  pour 2,000.00β sur survie_new
[13:30:01] [ITEM_LISTED]: Blazd vend 1 x Splash Potion  pour 10,000.00β sur survie_new
[13:30:13] [ITEM_CANCELLED]: Blazd annule la vente de 5x Potion pour 2,000.00β sur survie_new
[13:30:40] [ITEM_CANCELLED]: Blazd annule la vente de 1x Splash Potion pour 10,000.00β sur survie_new
[13:30:47] [ITEM_RETURNED]: 5 x Potion  renvoyé à Blazd le survie_new
[13:30:48] [ITEM_RETURNED]: 1 x Splash Potion  renvoyé à Blazd le survie_new
[13:30:58] [ITEM_LISTED]: Blazd vend 1 x Splash Potion  pour 5,000.00β sur survie_new
[14:04:10] [ITEM_LISTED]: Nexusso vend 1 x Elytra  [Mending] pour 11,000.00β sur survie_new
[14:45:24] [ITEM_SOLD]: Yohan81 vendu 2 x Diamond à  OfCourse pour 50.00 β le survie_new
[14:46:54] [ITEM_SOLD]: Bouletotor vendu 1 x Diamond Chestplate à  OfCourse pour 300.00 β le survie_new
[14:55:38] [ITEM_LISTED]: HeFk vend 1 x Squid Spawn Egg  pour 15,000.00β sur survie_new
[14:59:09] [ITEM_SOLD]: HeFk vendu 1 x Squid Spawn Egg à  Yohan81 pour 15,000.00 β le survie_new
[15:03:32] [ITEM_LISTED]: Nexusso vend 1 x §;§:Spawner à Arraigné 1x  pour 2,000.00β sur survie_new
[15:06:25] [ITEM_LISTED]: 74Matt vend 64 x Experience Bottle  pour 4,990.00β sur survie_new
[15:10:17] [ITEM_SOLD]: HeFk vendu 64 x Iron Block à  LiKaneH pour 12,000.00 β le survie_new
[15:41:35] [ITEM_SOLD]: HeFk vendu 1 x Diamond Pickaxe à  [Efficiency V, Fortune III, Unbreaking III] hugoleb pour 7,000.00 β le survie_new
[15:46:58] [ITEM_LISTED]: 74Matt vend 1 x Music Disc Cat  pour 700.00β sur survie_new
[15:47:05] [ITEM_LISTED]: 74Matt vend 1 x Music Disc Cat  pour 700.00β sur survie_new
[15:47:11] [ITEM_LISTED]: 74Matt vend 1 x Music Disc Cat  pour 700.00β sur survie_new
[16:06:56] [ITEM_SOLD]: REGDYLAN vendu 64 x Diamond Block à  P2M2A2 pour 65,000.00 β le survie_new
[16:08:44] [ITEM_LISTED]: REGDYLAN vend 64 x Emerald Block  pour 30,000.00β sur survie_new
[16:09:02] [ITEM_SOLD]: REGDYLAN vendu 64 x Emerald Block à  P2M2A2 pour 30,000.00 β le survie_new
[17:31:38] [ITEM_LISTED]: Blazd vend 1 x Enchanted Book  pour 9,000.00β sur survie_new
[18:47:53] [ITEM_SOLD]: HeFk vendu 1 x Askip y'a 3 fondas à  [Flame, Infinity, Power V, Punch II, Unbreaking III] xileas32 pour 8,000.00 β le survie_new
[19:17:19] [ITEM_LISTED]: Bertrand vend 64 x Nether Wart Block  pour 600.00β sur survie_new
[19:17:32] [ITEM_SOLD]: Nexusso vendu 1 x §;§:Spawner à Arraigné 1x à  Bertrand pour 2,000.00 β le survie_new
[19:24:02] [ITEM_LISTED]: Bouletotor vend 64 x Bone  pour 300.00β sur survie_new
[19:26:55] [ITEM_CANCELLED]: amnotte annule la vente de 64x Pumpkin pour 1,300.00β sur survie_new
[19:26:56] [ITEM_CANCELLED]: amnotte annule la vente de 49x Pumpkin pour 995.00β sur survie_new
[19:26:57] [ITEM_CANCELLED]: amnotte annule la vente de 64x Pumpkin pour 1,300.00β sur survie_new
[19:27:10] [ITEM_CANCELLED]: amnotte annule la vente de 64x Bamboo pour 100.00β sur survie_new
[19:27:11] [ITEM_CANCELLED]: amnotte annule la vente de 64x Bamboo pour 100.00β sur survie_new
[19:27:11] [ITEM_CANCELLED]: amnotte annule la vente de 64x Bamboo pour 100.00β sur survie_new
[19:27:11] [ITEM_CANCELLED]: amnotte annule la vente de 64x Bamboo pour 100.00β sur survie_new
[19:27:12] [ITEM_CANCELLED]: amnotte annule la vente de 64x Bamboo pour 100.00β sur survie_new
[19:27:12] [ITEM_CANCELLED]: amnotte annule la vente de 64x Bamboo pour 100.00β sur survie_new
[19:27:13] [ITEM_CANCELLED]: amnotte annule la vente de 64x Bamboo pour 100.00β sur survie_new
[19:27:13] [ITEM_CANCELLED]: amnotte annule la vente de 64x Bamboo pour 100.00β sur survie_new
[19:27:14] [ITEM_CANCELLED]: amnotte annule la vente de 64x Bamboo pour 100.00β sur survie_new
[19:27:14] [ITEM_CANCELLED]: amnotte annule la vente de 64x Bamboo pour 100.00β sur survie_new
[19:27:15] [ITEM_CANCELLED]: amnotte annule la vente de 64x Bamboo pour 100.00β sur survie_new
[19:27:30] [ITEM_RETURNED]: 64 x Bamboo  renvoyé à amnotte le survie_new
[19:27:30] [ITEM_RETURNED]: 64 x Bamboo  renvoyé à amnotte le survie_new
[19:27:30] [ITEM_RETURNED]: 64 x Bamboo  renvoyé à amnotte le survie_new
[19:27:30] [ITEM_RETURNED]: 64 x Bamboo  renvoyé à amnotte le survie_new
[19:27:30] [ITEM_RETURNED]: 64 x Bamboo  renvoyé à amnotte le survie_new
[19:27:30] [ITEM_RETURNED]: 64 x Bamboo  renvoyé à amnotte le survie_new
[19:27:30] [ITEM_RETURNED]: 64 x Bamboo  renvoyé à amnotte le survie_new
[19:27:30] [ITEM_RETURNED]: 64 x Bamboo  renvoyé à amnotte le survie_new
[19:27:30] [ITEM_RETURNED]: 64 x Bamboo  renvoyé à amnotte le survie_new
[19:27:30] [ITEM_RETURNED]: 64 x Bamboo  renvoyé à amnotte le survie_new
[19:27:30] [ITEM_RETURNED]: 64 x Bamboo  renvoyé à amnotte le survie_new
[19:27:30] [ITEM_RETURNED]: 64 x Pumpkin  renvoyé à amnotte le survie_new
[19:27:30] [ITEM_RETURNED]: 49 x Pumpkin  renvoyé à amnotte le survie_new
[19:27:31] [ITEM_RETURNED]: 64 x Pumpkin  renvoyé à amnotte le survie_new
[19:28:13] [ITEM_LISTED]: amnotte vend 64 x Bamboo  pour 80.00β sur survie_new
[19:28:15] [ITEM_LISTED]: amnotte vend 64 x Bamboo  pour 80.00β sur survie_new
[19:28:17] [ITEM_LISTED]: amnotte vend 64 x Bamboo  pour 80.00β sur survie_new
[19:28:18] [ITEM_LISTED]: amnotte vend 64 x Bamboo  pour 80.00β sur survie_new
[19:28:19] [ITEM_LISTED]: amnotte vend 64 x Bamboo  pour 80.00β sur survie_new
[19:28:20] [ITEM_LISTED]: amnotte vend 64 x Bamboo  pour 80.00β sur survie_new
[19:28:21] [ITEM_LISTED]: amnotte vend 64 x Bamboo  pour 80.00β sur survie_new
[19:28:23] [ITEM_LISTED]: amnotte vend 64 x Bamboo  pour 80.00β sur survie_new
[19:28:24] [ITEM_LISTED]: amnotte vend 64 x Bamboo  pour 80.00β sur survie_new
[19:28:25] [ITEM_LISTED]: amnotte vend 64 x Bamboo  pour 80.00β sur survie_new
[19:28:26] [ITEM_LISTED]: amnotte vend 64 x Bamboo  pour 80.00β sur survie_new
[19:28:46] [ITEM_LISTED]: amnotte vend 64 x Pumpkin  pour 800.00β sur survie_new
[19:28:48] [ITEM_LISTED]: amnotte vend 64 x Pumpkin  pour 800.00β sur survie_new
[19:28:53] [ITEM_LISTED]: amnotte vend 49 x Pumpkin  pour 500.00β sur survie_new
[19:46:52] [ITEM_LISTED]: Dreyda vend 4 x §;§:Spawner à Araignée venimeuse 1x  pour 15,000.00β sur survie_new
[19:47:07] [ITEM_SOLD]: Dreyda vendu 4 x §;§:Spawner à Araignée venimeuse 1x à  Christophe_ pour 15,000.00 β le survie_new
[20:03:27] [ITEM_SOLD]: PrinceJUULS vendu 1 x Diamond Sword à  [Knockback II, Sharpness III] xileas32 pour 2,000.00 β le survie_new
[20:06:18] [ITEM_LISTED]: Bertrand vend 1 x §;§:Spawner à Cochon 1x  pour 4,000.00β sur survie_new
[20:53:00] [ITEM_CANCELLED]: SSLLOOTTHH annule la vente de 1x Enchanted Book pour 8,000.00β sur survie_new
[20:53:00] [ITEM_CANCELLED]: SSLLOOTTHH annule la vente de 1x Enchanted Book pour 8,000.00β sur survie_new
[20:53:01] [ITEM_CANCELLED]: SSLLOOTTHH annule la vente de 1x Enchanted Book pour 7,000.00β sur survie_new
[20:53:01] [ITEM_CANCELLED]: SSLLOOTTHH annule la vente de 1x Enchanted Book pour 7,000.00β sur survie_new
[20:53:01] [ITEM_CANCELLED]: SSLLOOTTHH annule la vente de 1x Enchanted Book pour 7,000.00β sur survie_new
[20:53:02] [ITEM_CANCELLED]: SSLLOOTTHH annule la vente de 1x Enchanted Book pour 7,000.00β sur survie_new
[20:53:02] [ITEM_CANCELLED]: SSLLOOTTHH annule la vente de 1x Enchanted Book pour 7,000.00β sur survie_new
[20:53:03] [ITEM_CANCELLED]: SSLLOOTTHH annule la vente de 1x Enchanted Book pour 7,000.00β sur survie_new
[20:53:05] [ITEM_RETURNED]: 1 x Enchanted Book  renvoyé à SSLLOOTTHH le survie_new
[20:53:05] [ITEM_RETURNED]: 1 x Enchanted Book  renvoyé à SSLLOOTTHH le survie_new
[20:53:06] [ITEM_RETURNED]: 1 x Enchanted Book  renvoyé à SSLLOOTTHH le survie_new
[20:53:06] [ITEM_RETURNED]: 1 x Enchanted Book  renvoyé à SSLLOOTTHH le survie_new
[20:53:06] [ITEM_RETURNED]: 1 x Enchanted Book  renvoyé à SSLLOOTTHH le survie_new
[20:53:06] [ITEM_RETURNED]: 1 x Enchanted Book  renvoyé à SSLLOOTTHH le survie_new
[20:53:06] [ITEM_RETURNED]: 1 x Enchanted Book  renvoyé à SSLLOOTTHH le survie_new
[20:53:07] [ITEM_RETURNED]: 1 x Enchanted Book  renvoyé à SSLLOOTTHH le survie_new
[20:53:07] [ITEM_CANCELLED]: SSLLOOTTHH annule la vente de 1x Enchanted Book pour 8,000.00β sur survie_new
[20:53:07] [ITEM_CANCELLED]: SSLLOOTTHH annule la vente de 1x Enchanted Book pour 8,000.00β sur survie_new
[20:53:07] [ITEM_CANCELLED]: SSLLOOTTHH annule la vente de 1x Enchanted Book pour 8,000.00β sur survie_new
[20:53:10] [ITEM_RETURNED]: 1 x Enchanted Book  renvoyé à SSLLOOTTHH le survie_new
[20:53:17] [ITEM_LISTED]: SSLLOOTTHH vend 1 x Enchanted Book  pour 7,000.00β sur survie_new
[20:53:18] [ITEM_LISTED]: SSLLOOTTHH vend 1 x Enchanted Book  pour 7,000.00β sur survie_new
[20:53:19] [ITEM_LISTED]: SSLLOOTTHH vend 1 x Enchanted Book  pour 7,000.00β sur survie_new
[20:53:20] [ITEM_LISTED]: SSLLOOTTHH vend 1 x Enchanted Book  pour 7,000.00β sur survie_new
[20:53:21] [ITEM_LISTED]: SSLLOOTTHH vend 1 x Enchanted Book  pour 7,000.00β sur survie_new
[20:53:22] [ITEM_LISTED]: SSLLOOTTHH vend 1 x Enchanted Book  pour 7,000.00β sur survie_new
[20:53:23] [ITEM_LISTED]: SSLLOOTTHH vend 1 x Enchanted Book  pour 7,000.00β sur survie_new
[20:53:24] [ITEM_LISTED]: SSLLOOTTHH vend 1 x Enchanted Book  pour 7,000.00β sur survie_new
[20:53:25] [ITEM_LISTED]: SSLLOOTTHH vend 1 x Enchanted Book  pour 7,000.00β sur survie_new
[20:53:31] [ITEM_CANCELLED]: SSLLOOTTHH annule la vente de 1x Enchanted Book pour 7,000.00β sur survie_new
[20:53:31] [ITEM_CANCELLED]: SSLLOOTTHH annule la vente de 1x Enchanted Book pour 7,000.00β sur survie_new
[20:53:32] [ITEM_CANCELLED]: SSLLOOTTHH annule la vente de 1x Enchanted Book pour 7,000.00β sur survie_new
[20:53:32] [ITEM_CANCELLED]: SSLLOOTTHH annule la vente de 1x Enchanted Book pour 7,000.00β sur survie_new
[20:53:33] [ITEM_CANCELLED]: SSLLOOTTHH annule la vente de 1x Enchanted Book pour 7,000.00β sur survie_new
[20:53:33] [ITEM_CANCELLED]: SSLLOOTTHH annule la vente de 1x Enchanted Book pour 7,000.00β sur survie_new
[20:53:34] [ITEM_CANCELLED]: SSLLOOTTHH annule la vente de 1x Enchanted Book pour 7,000.00β sur survie_new
[20:53:34] [ITEM_CANCELLED]: SSLLOOTTHH annule la vente de 1x Enchanted Book pour 7,000.00β sur survie_new
[20:53:35] [ITEM_CANCELLED]: SSLLOOTTHH annule la vente de 1x Enchanted Book pour 7,000.00β sur survie_new
[20:53:36] [ITEM_CANCELLED]: SSLLOOTTHH annule la vente de 1x Enchanted Book pour 8,000.00β sur survie_new
[20:53:37] [ITEM_CANCELLED]: SSLLOOTTHH annule la vente de 1x Enchanted Book pour 8,000.00β sur survie_new
[20:53:39] [ITEM_RETURNED]: 1 x Enchanted Book  renvoyé à SSLLOOTTHH le survie_new
[20:53:39] [ITEM_RETURNED]: 1 x Enchanted Book  renvoyé à SSLLOOTTHH le survie_new
[20:53:39] [ITEM_RETURNED]: 1 x Enchanted Book  renvoyé à SSLLOOTTHH le survie_new
[20:53:39] [ITEM_RETURNED]: 1 x Enchanted Book  renvoyé à SSLLOOTTHH le survie_new
[20:53:39] [ITEM_RETURNED]: 1 x Enchanted Book  renvoyé à SSLLOOTTHH le survie_new
[20:53:40] [ITEM_RETURNED]: 1 x Enchanted Book  renvoyé à SSLLOOTTHH le survie_new
[20:53:40] [ITEM_RETURNED]: 1 x Enchanted Book  renvoyé à SSLLOOTTHH le survie_new
[20:53:40] [ITEM_RETURNED]: 1 x Enchanted Book  renvoyé à SSLLOOTTHH le survie_new
[20:53:42] [ITEM_RETURNED]: 1 x Enchanted Book  renvoyé à SSLLOOTTHH le survie_new
[20:53:43] [ITEM_RETURNED]: 1 x Enchanted Book  renvoyé à SSLLOOTTHH le survie_new
[20:53:44] [ITEM_RETURNED]: 1 x Enchanted Book  renvoyé à SSLLOOTTHH le survie_new
[20:53:44] [ITEM_RETURNED]: 1 x Enchanted Book  renvoyé à SSLLOOTTHH le survie_new
[20:53:45] [ITEM_RETURNED]: 1 x Enchanted Book  renvoyé à SSLLOOTTHH le survie_new
[20:53:47] [ITEM_LISTED]: SSLLOOTTHH vend 1 x Enchanted Book  pour 7,000.00β sur survie_new
[20:53:47] [ITEM_LISTED]: SSLLOOTTHH vend 1 x Enchanted Book  pour 7,000.00β sur survie_new
[20:53:48] [ITEM_LISTED]: SSLLOOTTHH vend 1 x Enchanted Book  pour 7,000.00β sur survie_new
[20:53:49] [ITEM_LISTED]: SSLLOOTTHH vend 1 x Enchanted Book  pour 7,000.00β sur survie_new
[20:53:49] [ITEM_LISTED]: SSLLOOTTHH vend 1 x Enchanted Book  pour 7,000.00β sur survie_new
[20:53:50] [ITEM_LISTED]: SSLLOOTTHH vend 1 x Enchanted Book  pour 7,000.00β sur survie_new
[20:53:51] [ITEM_LISTED]: SSLLOOTTHH vend 1 x Enchanted Book  pour 7,000.00β sur survie_new
[20:53:51] [ITEM_LISTED]: SSLLOOTTHH vend 1 x Enchanted Book  pour 7,000.00β sur survie_new
[20:53:55] [ITEM_LISTED]: SSLLOOTTHH vend 1 x Enchanted Book  pour 7,000.00β sur survie_new
[20:53:59] [ITEM_LISTED]: SSLLOOTTHH vend 1 x Enchanted Book  pour 7,000.00β sur survie_new
[20:54:00] [ITEM_LISTED]: SSLLOOTTHH vend 1 x Enchanted Book  pour 7,000.00β sur survie_new
[20:54:00] [ITEM_LISTED]: SSLLOOTTHH vend 1 x Enchanted Book  pour 7,000.00β sur survie_new
[20:54:02] [ITEM_LISTED]: SSLLOOTTHH vend 1 x Enchanted Book  pour 7,000.00β sur survie_new
[20:55:40] [ITEM_CANCELLED]: SSLLOOTTHH annule la vente de 1x Elytra [Unbreaking III] pour 10,000.00β sur survie_new
[20:55:40] [ITEM_CANCELLED]: SSLLOOTTHH annule la vente de 1x Elytra [Unbreaking III] pour 10,000.00β sur survie_new
[20:55:41] [ITEM_CANCELLED]: SSLLOOTTHH annule la vente de 1x Elytra [Unbreaking III] pour 10,000.00β sur survie_new
[20:55:43] [ITEM_RETURNED]: 1 x Elytra  [Unbreaking III] renvoyé à SSLLOOTTHH le survie_new
[20:55:44] [ITEM_RETURNED]: 1 x Elytra  [Unbreaking III] renvoyé à SSLLOOTTHH le survie_new
[20:55:44] [ITEM_RETURNED]: 1 x Elytra  [Unbreaking III] renvoyé à SSLLOOTTHH le survie_new
[20:55:48] [ITEM_LISTED]: SSLLOOTTHH vend 1 x Elytra  [Unbreaking III] pour 9,000.00β sur survie_new
[20:55:51] [ITEM_LISTED]: SSLLOOTTHH vend 1 x Elytra  [Unbreaking III] pour 9,000.00β sur survie_new
[20:55:52] [ITEM_LISTED]: SSLLOOTTHH vend 1 x Elytra  [Unbreaking III] pour 9,000.00β sur survie_new
[21:14:10] [ITEM_LISTED]: SSLLOOTTHH vend 1 x Enchanted Book  pour 2,000.00β sur survie_new
[21:14:12] [ITEM_LISTED]: SSLLOOTTHH vend 1 x Enchanted Book  pour 2,000.00β sur survie_new
[21:29:52] [ITEM_SOLD]: amnotte vendu 64 x Bamboo à  Nexusso pour 80.00 β le survie_new
[22:33:51] [ITEM_LISTED]: HeFk vend 1 x Diamond Pickaxe  [Efficiency V, Fortune III, Unbreaking III] pour 7,000.00β sur survie_new
[22:34:13] [ITEM_LISTED]: HeFk vend 1 x Diamond Pickaxe  [Efficiency V, Silk Touch, Unbreaking III] pour 7,000.00β sur survie_new
[22:35:46] [ITEM_LISTED]: HeFk vend 1 x Diamond Pickaxe  [Efficiency V, Fortune II, Unbreaking III] pour 6,500.00β sur survie_new
[22:38:38] [ITEM_LISTED]: HeFk vend 1 x Diamond Pickaxe  [Efficiency IV, Silk Touch, Unbreaking III] pour 7,000.00β sur survie_new
[22:38:41] [ITEM_LISTED]: HeFk vend 1 x Diamond Pickaxe  [Efficiency V, Fortune III, Unbreaking III] pour 7,000.00β sur survie_new
