[00:01:35] [ITEM_LISTED]: Stebanou vend 1 x Elfe Pila  pour 20,000.00β sur survie_new
[00:01:36] [ITEM_LISTED]: Stebanou vend 1 x Elfe Papan  pour 20,000.00β sur survie_new
[00:01:38] [ITEM_LISTED]: Stebanou vend 1 x Elfe Pola  pour 20,000.00β sur survie_new
[00:01:39] [ITEM_LISTED]: Stebanou vend 1 x Elfe Pola  pour 20,000.00β sur survie_new
[00:01:41] [ITEM_LISTED]: Stebanou vend 1 x Elfe Pilou  pour 20,000.00β sur survie_new
[00:01:43] [ITEM_LISTED]: Stebanou vend 1 x Elfe Pilou  pour 20,000.00β sur survie_new
[00:02:46] [ITEM_SOLD]: Max_Le_Max vendu 1 x Fishing Rod à  [unknown, Mending] Lilou3 pour 1,000.00 β le survie_new
[00:03:29] [ITEM_LISTED]: Stebanou vend 1 x Light Blue Shulker Box  pour 1.00β sur survie_new
[00:11:44] [ITEM_SOLD]: Stebanou vendu 1 x Light Blue Shulker Box à  Ekiliox pour 1.00 β le survie_new
[00:14:55] [ITEM_CANCELLED]: Ekiliox annule la vente de 64x Acacia Log pour 150.00β sur survie_new
[00:14:57] [ITEM_RETURNED]: 64 x Acacia Log  renvoyé à Ekiliox le survie_new
[00:57:53] [ITEM_LISTED]: Minebark vend 1 x Purple Shulker Box  pour 3,000.00β sur survie_new
[00:57:56] [ITEM_LISTED]: Minebark vend 1 x Shulker Box  pour 3,000.00β sur survie_new
[00:57:59] [ITEM_LISTED]: Minebark vend 1 x Purple Shulker Box  pour 3,000.00β sur survie_new
[00:58:11] [ITEM_LISTED]: Minebark vend 1 x Shulker Box  pour 3,000.00β sur survie_new
[00:58:13] [ITEM_LISTED]: Minebark vend 1 x Brown Shulker Box  pour 3,000.00β sur survie_new
[00:58:14] [ITEM_LISTED]: Minebark vend 1 x Green Shulker Box  pour 3,000.00β sur survie_new
[00:58:18] [ITEM_LISTED]: Minebark vend 1 x Light Gray Shulker Box  pour 3,000.00β sur survie_new
[00:58:21] [ITEM_LISTED]: Minebark vend 1 x Gray Shulker Box  pour 3,000.00β sur survie_new
[00:58:23] [ITEM_LISTED]: Minebark vend 1 x Shulker Box  pour 3,000.00β sur survie_new
[01:00:05] [ITEM_CANCELLED]: Stebanou annule la vente de 1x Elfe Pilou pour 20,000.00β sur survie_new
[01:00:05] [ITEM_CANCELLED]: Stebanou annule la vente de 1x Elfe Pilou pour 20,000.00β sur survie_new
[01:00:05] [ITEM_CANCELLED]: Stebanou annule la vente de 1x Elfe Pola pour 20,000.00β sur survie_new
[01:00:05] [ITEM_CANCELLED]: Stebanou annule la vente de 1x Elfe Pola pour 20,000.00β sur survie_new
[01:00:05] [ITEM_CANCELLED]: Stebanou annule la vente de 1x Elfe Papan pour 20,000.00β sur survie_new
[01:00:05] [ITEM_CANCELLED]: Stebanou annule la vente de 1x Elfe Pila pour 20,000.00β sur survie_new
[01:00:06] [ITEM_CANCELLED]: Stebanou annule la vente de 1x Epée du Père Fouêtard [Sharpness X, Sweeping Edge IV, Unbreaking X] pour 50,000.00β sur survie_new
[01:00:08] [ITEM_RETURNED]: 1 x Elfe Pila  renvoyé à Stebanou le survie_new
[01:00:08] [ITEM_RETURNED]: 1 x Elfe Papan  renvoyé à Stebanou le survie_new
[01:00:08] [ITEM_RETURNED]: 1 x Elfe Pola  renvoyé à Stebanou le survie_new
[01:00:08] [ITEM_RETURNED]: 1 x Elfe Pola  renvoyé à Stebanou le survie_new
[01:00:08] [ITEM_RETURNED]: 1 x Elfe Pilou  renvoyé à Stebanou le survie_new
[01:00:08] [ITEM_RETURNED]: 1 x Elfe Pilou  renvoyé à Stebanou le survie_new
[01:00:31] [ITEM_LISTED]: Stebanou vend 2 x Elfe Pola  pour 1.00β sur survie_new
[01:00:33] [ITEM_LISTED]: Stebanou vend 1 x Elfe Pila  pour 1.00β sur survie_new
[01:00:34] [ITEM_LISTED]: Stebanou vend 2 x Elfe Pilou  pour 1.00β sur survie_new
[01:00:36] [ITEM_LISTED]: Stebanou vend 1 x Elfe Papan  pour 1.00β sur survie_new
[01:00:38] [ITEM_SOLD]: Stebanou vendu 1 x Elfe Papan à  Minebark pour 1.00 β le survie_new
[01:00:40] [ITEM_SOLD]: Stebanou vendu 2 x Elfe Pilou à  Minebark pour 1.00 β le survie_new
[01:00:43] [ITEM_SOLD]: Stebanou vendu 2 x Elfe Pola à  Minebark pour 1.00 β le survie_new
[01:00:44] [ITEM_SOLD]: Stebanou vendu 1 x Elfe Pila à  Minebark pour 1.00 β le survie_new
[01:11:02] [ITEM_LISTED]: Zeelyrules vend 1 x Diamond Axe  pour 199.00β sur survie_new
[01:11:36] [ITEM_SOLD]: Zeelyrules vendu 1 x Diamond Axe à  twand81 pour 199.00 β le survie_new
[07:41:34] [ITEM_SOLD]: CroixVeBaton vendu 1 x Elytra à  Rayan pour 5,000.00 β le survie_new
[07:44:06] [ITEM_SOLD]: Stebanou vendu 1 x Coffre du 24 Décembre à  Rayan pour 5,000.00 β le survie_new
[07:50:23] [ITEM_SOLD]: CroixVeBaton vendu 1 x Elytra à  Rayan pour 5,000.00 β le survie_new
[08:20:08] [ITEM_LISTED]: Rayan vend 1 x Coffre du 24 Décembre  pour 250,000.00β sur survie_new
[08:21:33] [ITEM_CANCELLED]: Rayan annule la vente de 1x Coffre du 24 Décembre pour 250,000.00β sur survie_new
[08:21:42] [ITEM_RETURNED]: 1 x Coffre du 24 Décembre  renvoyé à Rayan le survie_new
[08:21:51] [ITEM_LISTED]: Rayan vend 1 x Coffre du 24 Décembre  pour 25,000.00β sur survie_new
[08:27:58] [ITEM_SOLD]: Minebark vendu 1 x Shulker Box à  xXSmNXx pour 3,000.00 β le survie_new
[09:36:31] [ITEM_SOLD]: Crak_N vendu 1 x Bee Nest à  samdec666 pour 1,000.00 β le survie_new
[10:48:26] [ITEM_SOLD]: louloured03 vendu 1 x Coffre du 24 Décembre à  CouzVeBaton pour 50,000.00 β le survie_new
[10:48:44] [ITEM_SOLD]: Rayan vendu 1 x Coffre du 24 Décembre à  CouzVeBaton pour 25,000.00 β le survie_new
[11:32:06] [ITEM_SOLD]: Skullcute vendu 5 x Glistering Melon Slice à  Rayan pour 12.00 β le survie_new
[12:42:04] [ITEM_LISTED]: LLIcocoman_Hrz vend 1 x §;§:Cave spider Spawner 1x  pour 5,000.00β sur survie_new
[12:42:15] [ITEM_LISTED]: LLIcocoman_Hrz vend 15 x Sponge  pour 2,000.00β sur survie_new
[12:52:24] [ITEM_SOLD]: LLIcocoman_Hrz vendu 1 x §;§:Cave spider Spawner 1x à  xXSmNXx pour 5,000.00 β le survie_new
[12:57:38] [ITEM_LISTED]: Rayan vend 1 x Poupée Russe  pour 25,000.00β sur survie_new
[13:07:38] [ITEM_LISTED]: Ekiliox vend 3 x Cooked Porkchop  pour 0.50β sur survie_new
[13:24:29] [ITEM_SOLD]: Loan02 vendu 1 x Honey Bottle à  Rayan pour 1,500.00 β le survie_new
[14:22:16] [ITEM_LISTED]: Ekiliox vend 64 x Oak Log  pour 160.00β sur survie_new
[14:22:42] [ITEM_LISTED]: legamer_67 vend 1 x Stone Sword  pour 15,000.00β sur survie_new
[14:23:16] [ITEM_LISTED]: legamer_67 vend 6 x Emerald  pour 100,050.00β sur survie_new
[14:26:25] [ITEM_SOLD]: Ekiliox vendu 1 x D'la bonne à  ekkubb pour 420.00 β le survie_new
[14:31:28] [ITEM_LISTED]: legamer_67 vend 64 x Dirt  pour 1.00β sur survie_new
[14:36:30] [ITEM_LISTED]: Zeelyrules vend 1 x Potion  pour 400.00β sur survie_new
[14:36:37] [ITEM_LISTED]: Zeelyrules vend 1 x Potion  pour 400.00β sur survie_new
[14:36:52] [ITEM_LISTED]: Zeelyrules vend 1 x Potion  pour 400.00β sur survie_new
[14:37:53] [ITEM_SOLD]: CroixVeBaton vendu 64 x Spruce Log à  Zeelyrules pour 190.00 β le survie_new
[15:27:13] [ITEM_LISTED]: ekkubb vend 1 x White Shulker Box  pour 3,000.00β sur survie_new
[15:28:04] [ITEM_LISTED]: ekkubb vend 32 x Sponge  pour 3,500.00β sur survie_new
[15:46:03] [ITEM_LISTED]: protocox vend 64 x Bamboo  pour 100.00β sur survie_new
[15:46:07] [ITEM_LISTED]: protocox vend 64 x Bamboo  pour 100.00β sur survie_new
[15:46:10] [ITEM_LISTED]: protocox vend 64 x Bamboo  pour 100.00β sur survie_new
[15:46:12] [ITEM_LISTED]: protocox vend 64 x Bamboo  pour 100.00β sur survie_new
[15:46:16] [ITEM_LISTED]: protocox vend 64 x Bamboo  pour 100.00β sur survie_new
[15:46:34] [ITEM_LISTED]: protocox vend 37 x Bamboo  pour 50.00β sur survie_new
[15:49:18] [ITEM_SOLD]: samdec666 vendu 64 x Carrot à  protocox pour 1.00 β le survie_new
[16:16:27] [ITEM_LISTED]: samdec666 vend 1 x Partie d'équipement : III  pour 3,000.00β sur survie_new
[16:27:16] [ITEM_LISTED]: Minebark vend 1 x Shulker Box  pour 3,000.00β sur survie_new
[16:27:18] [ITEM_LISTED]: Minebark vend 1 x White Shulker Box  pour 3,000.00β sur survie_new
[16:27:20] [ITEM_LISTED]: Minebark vend 1 x Black Shulker Box  pour 3,000.00β sur survie_new
[16:27:22] [ITEM_LISTED]: Minebark vend 1 x Orange Shulker Box  pour 3,000.00β sur survie_new
[16:27:23] [ITEM_LISTED]: Minebark vend 1 x Magenta Shulker Box  pour 3,000.00β sur survie_new
[16:27:27] [ITEM_LISTED]: Minebark vend 1 x Purple Shulker Box  pour 3,000.00β sur survie_new
[16:27:30] [ITEM_LISTED]: Minebark vend 1 x Pink Shulker Box  pour 3,000.00β sur survie_new
[16:27:32] [ITEM_LISTED]: Minebark vend 1 x Lime Shulker Box  pour 3,000.00β sur survie_new
[16:27:33] [ITEM_LISTED]: Minebark vend 1 x Gray Shulker Box  pour 3,000.00β sur survie_new
[16:27:36] [ITEM_LISTED]: Minebark vend 1 x Light Gray Shulker Box  pour 3,000.00β sur survie_new
[16:27:39] [ITEM_LISTED]: Minebark vend 1 x Brown Shulker Box  pour 3,000.00β sur survie_new
[16:27:41] [ITEM_LISTED]: Minebark vend 1 x Green Shulker Box  pour 3,000.00β sur survie_new
[16:27:43] [ITEM_LISTED]: Minebark vend 1 x Red Shulker Box  pour 3,000.00β sur survie_new
[16:27:45] [ITEM_LISTED]: Minebark vend 1 x Cyan Shulker Box  pour 3,000.00β sur survie_new
[16:27:47] [ITEM_LISTED]: Minebark vend 1 x Blue Shulker Box  pour 3,000.00β sur survie_new
[16:28:14] [ITEM_LISTED]: Stebanou vend 1 x §;§:Spider Spawner 1x  pour 5,000.00β sur survie_new
[16:28:15] [ITEM_LISTED]: Stebanou vend 1 x §;§:Spider Spawner 1x  pour 5,000.00β sur survie_new
[16:28:17] [ITEM_LISTED]: Stebanou vend 1 x §;§:Spider Spawner 1x  pour 5,000.00β sur survie_new
[16:28:18] [ITEM_LISTED]: Stebanou vend 1 x §;§:Spider Spawner 1x  pour 5,000.00β sur survie_new
[16:37:30] [ITEM_LISTED]: Stebanou vend 1 x Diamond Horse Armor  pour 500.00β sur survie_new
[16:56:43] [ITEM_SOLD]: Minebark vendu 1 x Orange Shulker Box à  lolo11 pour 3,000.00 β le survie_new
[17:32:09] [ITEM_LISTED]: samdec666 vend 1 x Partie d'équipement : II  pour 1,000.00β sur survie_new
[17:32:22] [ITEM_LISTED]: samdec666 vend 1 x Partie d'équipement : I  pour 1,000.00β sur survie_new
[18:02:02] [ITEM_CANCELLED]: Ekiliox annule la vente de 1x Diamond Helmet [Aqua Affinity] pour 500.00β sur survie_new
[18:02:04] [ITEM_RETURNED]: 1 x Diamond Helmet  [Aqua Affinity] renvoyé à Ekiliox le survie_new
[18:13:42] [ITEM_SOLD]: ekkubb vendu 32 x Sponge à  blazou38 pour 3,500.00 β le survie_new
[18:13:44] [ITEM_SOLD]: LLIcocoman_Hrz vendu 15 x Sponge à  blazou38 pour 2,000.00 β le survie_new
[18:15:33] [ITEM_LISTED]: CouzVeBaton vend 1 x Toryar's gift  pour 15,000.00β sur survie_new
[18:15:42] [ITEM_LISTED]: Christophe_ vend 1 x Wither Skeleton Skull  pour 15,000.00β sur survie_new
[18:28:31] [ITEM_SOLD]: CroixVeBaton vendu 64 x Spruce Log à  lolo11 pour 190.00 β le survie_new
[18:28:33] [ITEM_SOLD]: CroixVeBaton vendu 64 x Spruce Log à  lolo11 pour 190.00 β le survie_new
[18:28:49] [ITEM_SOLD]: pikatchou82 vendu 64 x Clock à  lolo11 pour 1.00 β le survie_new
[19:51:16] [ITEM_LISTED]: lolo11 vend 2 x Clock  pour 0.50β sur survie_new
[19:51:24] [ITEM_LISTED]: lolo11 vend 2 x Clock  pour 0.50β sur survie_new
[19:51:43] [ITEM_SOLD]: Ekiliox vendu 3 x Cooked Porkchop à  lolo11 pour 0.00 β le survie_new
[19:53:26] [ITEM_SOLD]: CouzVeBaton vendu 1 x Toryar's gift à  Toryar pour 15,000.00 β le survie_new
[19:53:30] [ITEM_SOLD]: Rayan vendu 1 x Poupée Russe à  Toryar pour 25,000.00 β le survie_new
[19:55:42] [ITEM_SOLD]: Trailler_42 vendu 10 x Obsidian à  lolo11 pour 900.00 β le survie_new
[22:03:36] [ITEM_SOLD]: Trailler_42 vendu 64 x Blaze Rod à  A_Mohamed pour 300.00 β le survie_new
[22:50:15] [ITEM_SOLD]: samdec666 vendu 64 x Carrot à  A_Mohamed pour 1.00 β le survie_new
[22:51:12] [ITEM_SOLD]: CroixVeBaton vendu 64 x Dark Oak Log à  A_Mohamed pour 200.00 β le survie_new
