[00:40:25] [ITEM_SOLD]: Wenos_XIII vendu 64 x Blaze Rod à  Senrey pour 210.00 β le survie_new
[00:43:55] [ITEM_LISTED]: Wenos_XIII vend 64 x Blaze Rod  pour 210.00β sur survie_new
[00:44:04] [ITEM_LISTED]: Wenos_XIII vend 64 x Blaze Rod  pour 210.00β sur survie_new
[00:44:13] [ITEM_LISTED]: Wenos_XIII vend 64 x Jungle Log  pour 200.00β sur survie_new
[00:48:11] [ITEM_LISTED]: Wenos_XIII vend 64 x Blaze Rod  pour 210.00β sur survie_new
[00:50:00] [ITEM_LISTED]: Wenos_XIII vend 64 x Blaze Powder  pour 210.00β sur survie_new
[00:51:41] [ITEM_LISTED]: Wenos_XIII vend 64 x Bone  pour 190.00β sur survie_new
[00:52:25] [ITEM_LISTED]: Wenos_XIII vend 64 x Blaze Rod  pour 210.00β sur survie_new
[00:52:54] [ITEM_LISTED]: Wenos_XIII vend 1 x Enchanted Book  pour 3,000.00β sur survie_new
[00:53:31] [ITEM_LISTED]: Wenos_XIII vend 1 x Enchanted Book  pour 500.00β sur survie_new
[00:53:46] [ITEM_LISTED]: Wenos_XIII vend 1 x Enchanted Book  pour 500.00β sur survie_new
[00:57:52] [ITEM_LISTED]: Wenos_XIII vend 1 x Enchanted Book  pour 3,000.00β sur survie_new
[00:58:21] [ITEM_LISTED]: Wenos_XIII vend 1 x Enchanted Book  pour 1,001.00β sur survie_new
[01:02:35] [ITEM_LISTED]: Wenos_XIII vend 64 x Arrow  pour 99.00β sur survie_new
[01:03:11] [ITEM_LISTED]: Wenos_XIII vend 64 x Arrow  pour 99.00β sur survie_new
[01:03:25] [ITEM_LISTED]: Wenos_XIII vend 64 x Arrow  pour 99.00β sur survie_new
[01:04:39] [ITEM_LISTED]: Wenos_XIII vend 64 x Bone  pour 190.00β sur survie_new
[02:49:27] [ITEM_LISTED]: Wenos_XIII vend 64 x La meilleure poudre du serv  pour 210.00β sur survie_new
[02:49:38] [ITEM_LISTED]: Wenos_XIII vend 64 x Blaze Powder  pour 210.00β sur survie_new
[02:51:12] [ITEM_LISTED]: Wenos_XIII vend 64 x C'est d'la bonne tkt  pour 50.00β sur survie_new
[02:54:58] [ITEM_SOLD]: Darinor_ vendu 1 x Totem Of Undying à  Wenos_XIII pour 1,000.00 β le survie_new
[02:55:10] [ITEM_SOLD]: Stebanou vendu 1 x Shulker Box à  Wenos_XIII pour 2,500.00 β le survie_new
[13:03:24] [ITEM_SOLD]: Wenos_XIII vendu 64 x Sand à  Minebark pour 200.00 β le survie_new
[13:45:59] [ITEM_LISTED]: Minebark vend 1 x Pioche en pierre  [Efficiency I, Unbreaking II] pour 3,000.00β sur survie_new
[13:46:05] [ITEM_LISTED]: Minebark vend 1 x Pioche en pierre  [Efficiency I, Unbreaking II] pour 3,000.00β sur survie_new
[17:00:27] [ITEM_LISTED]: Stebanou vend 1 x Pink U  pour 35,000.00β sur survie_new
[17:00:31] [ITEM_LISTED]: Stebanou vend 1 x Tomato Sauce  pour 35,000.00β sur survie_new
[17:00:32] [ITEM_SOLD]: Stebanou vendu 1 x Pink U à  CroixVeBaton pour 35,000.00 β le survie_new
[17:00:33] [ITEM_LISTED]: Stebanou vend 1 x Sam Eagle  pour 35,000.00β sur survie_new
[17:00:37] [ITEM_SOLD]: Stebanou vendu 1 x Tomato Sauce à  CroixVeBaton pour 35,000.00 β le survie_new
[17:00:39] [ITEM_SOLD]: Stebanou vendu 1 x Sam Eagle à  CroixVeBaton pour 35,000.00 β le survie_new
[17:59:00] [ITEM_SOLD]: Wenos_XIII vendu 1 x Enchanted Book à  Stebanou pour 3,000.00 β le survie_new
[18:39:07] [ITEM_LISTED]: Stebanou vend 15 x White Wool  pour 2,000.00β sur survie_new
[19:24:08] [ITEM_SOLD]: Wenos_XIII vendu 64 x Arrow à  Kanntin pour 99.00 β le survie_new
[19:28:30] [ITEM_LISTED]: LicorneZX vend 64 x Netherrack  pour 10,000.00β sur survie_new_nether
[20:08:48] [ITEM_SOLD]: Kaio_Beninou vendu 1 x Enchanted Book à  louloured03 pour 20,000.00 β le survie_new
[21:56:55] [ITEM_SOLD]: pikatchou82 vendu 64 x Anvil à  OfCourse pour 1,000.00 β le survie_new
[22:25:59] [ITEM_CANCELLED]: Ekiliox annule la vente de 64x Acacia Log pour 250.00β sur survie_new
[22:25:59] [ITEM_CANCELLED]: Ekiliox annule la vente de 64x meilleur bois que wenos wllh pour 250.00β sur survie_new
[22:26:00] [ITEM_CANCELLED]: Ekiliox annule la vente de 64x Spruce Log pour 250.00β sur survie_new
[22:26:02] [ITEM_CANCELLED]: Ekiliox annule la vente de 64x Spruce Log pour 250.00β sur survie_new
[22:26:02] [ITEM_CANCELLED]: Ekiliox annule la vente de 64x Dark Oak Log pour 250.00β sur survie_new
[22:26:02] [ITEM_CANCELLED]: Ekiliox annule la vente de 64x Spruce Log pour 250.00β sur survie_new
[22:26:02] [ITEM_CANCELLED]: Ekiliox annule la vente de 64x Spruce Log pour 250.00β sur survie_new
[22:26:02] [ITEM_CANCELLED]: Ekiliox annule la vente de 64x Spruce Log pour 250.00β sur survie_new
[22:26:03] [ITEM_CANCELLED]: Ekiliox annule la vente de 64x Birch Log pour 250.00β sur survie_new
[22:26:03] [ITEM_CANCELLED]: Ekiliox annule la vente de 64x Dark Oak Log pour 250.00β sur survie_new
[22:26:03] [ITEM_CANCELLED]: Ekiliox annule la vente de 64x Spruce Log pour 250.00β sur survie_new
[22:26:03] [ITEM_CANCELLED]: Ekiliox annule la vente de 64x VikingWood Premium™ - Langesthei AG pour 250.00β sur survie_new
[22:26:04] [ITEM_CANCELLED]: Ekiliox annule la vente de 64x Bois Premium™ Made in Langesthei pour 250.00β sur survie_new
[22:26:04] [ITEM_CANCELLED]: Ekiliox annule la vente de 64x Dark Oak Log pour 250.00β sur survie_new
[22:26:04] [ITEM_CANCELLED]: Ekiliox annule la vente de 64x Spruce Log pour 250.00β sur survie_new
[22:26:04] [ITEM_CANCELLED]: Ekiliox annule la vente de 64x Spruce Log pour 250.00β sur survie_new
[22:26:05] [ITEM_CANCELLED]: Ekiliox annule la vente de 64x Dark Oak Log pour 250.00β sur survie_new
[22:26:05] [ITEM_CANCELLED]: Ekiliox annule la vente de 64x Spruce Log pour 250.00β sur survie_new
[22:26:08] [ITEM_CANCELLED]: Ekiliox annule la vente de 64x Bread pour 650.00β sur survie_new
[22:26:10] [ITEM_RETURNED]: 64 x Bread  renvoyé à Ekiliox le survie_new
[22:26:21] [ITEM_LISTED]: Ekiliox vend 64 x Bread  pour 500.00β sur survie_new
[22:26:23] [ITEM_LISTED]: Ekiliox vend 64 x Bread  pour 500.00β sur survie_new
[22:28:30] [ITEM_RETURNED]: 64 x Birch Log  renvoyé à Ekiliox le survie_new
[22:28:30] [ITEM_RETURNED]: 64 x Spruce Log  renvoyé à Ekiliox le survie_new
[22:28:31] [ITEM_RETURNED]: 64 x Dark Oak Log  renvoyé à Ekiliox le survie_new
[22:28:31] [ITEM_RETURNED]: 64 x Spruce Log  renvoyé à Ekiliox le survie_new
[22:28:31] [ITEM_RETURNED]: 64 x Spruce Log  renvoyé à Ekiliox le survie_new
[22:28:32] [ITEM_RETURNED]: 64 x Acacia Log  renvoyé à Ekiliox le survie_new
[22:28:39] [ITEM_SOLD]: Wenos_XIII vendu 64 x Bon sapin sa mère à  ticiatrhd pour 200.00 β le survie_new
[22:28:41] [ITEM_RETURNED]: 64 x Spruce Log  renvoyé à Ekiliox le survie_new
[22:28:41] [ITEM_RETURNED]: 64 x Spruce Log  renvoyé à Ekiliox le survie_new
[22:28:41] [ITEM_RETURNED]: 64 x meilleur bois que wenos wllh  renvoyé à Ekiliox le survie_new
[22:28:41] [ITEM_RETURNED]: 64 x Dark Oak Log  renvoyé à Ekiliox le survie_new
[22:28:42] [ITEM_RETURNED]: 64 x Bois Premium™ Made in Langesthei  renvoyé à Ekiliox le survie_new
[22:28:42] [ITEM_RETURNED]: 64 x Dark Oak Log  renvoyé à Ekiliox le survie_new
[22:28:42] [ITEM_RETURNED]: 64 x Spruce Log  renvoyé à Ekiliox le survie_new
[22:28:47] [ITEM_RETURNED]: 64 x VikingWood Premium™ - Langesthei AG  renvoyé à Ekiliox le survie_new
[22:28:47] [ITEM_RETURNED]: 64 x Dark Oak Log  renvoyé à Ekiliox le survie_new
[22:28:48] [ITEM_RETURNED]: 64 x Spruce Log  renvoyé à Ekiliox le survie_new
[22:28:48] [ITEM_RETURNED]: 64 x Spruce Log  renvoyé à Ekiliox le survie_new
[22:28:48] [ITEM_RETURNED]: 64 x Spruce Log  renvoyé à Ekiliox le survie_new
[22:55:53] [ITEM_LISTED]: omega2028 vend 64 x Poppy  pour 20.00β sur survie_new
[22:55:56] [ITEM_LISTED]: omega2028 vend 64 x Poppy  pour 20.00β sur survie_new
[22:55:58] [ITEM_LISTED]: omega2028 vend 64 x Poppy  pour 20.00β sur survie_new
[22:55:59] [ITEM_LISTED]: omega2028 vend 64 x Poppy  pour 20.00β sur survie_new
[22:56:03] [ITEM_LISTED]: omega2028 vend 64 x Poppy  pour 20.00β sur survie_new
[22:58:14] [ITEM_SOLD]: Wenos_XIII vendu 64 x C'est d'la bonne tkt à  limastic pour 50.00 β le survie_new
[22:58:32] [ITEM_SOLD]: Wenos_XIII vendu 64 x Blaze Powder à  Loan02 pour 210.00 β le survie_new
[22:58:51] [ITEM_SOLD]: CroixVeBaton vendu 64 x Dark Oak Log à  omega2028 pour 160.00 β le survie_new
[22:58:52] [ITEM_SOLD]: CroixVeBaton vendu 64 x Dark Oak Log à  omega2028 pour 160.00 β le survie_new
[22:58:53] [ITEM_SOLD]: CroixVeBaton vendu 64 x Dark Oak Log à  omega2028 pour 160.00 β le survie_new
[22:58:55] [ITEM_SOLD]: CroixVeBaton vendu 64 x Dark Oak Log à  omega2028 pour 160.00 β le survie_new
[22:58:56] [ITEM_SOLD]: CroixVeBaton vendu 64 x Dark Oak Log à  omega2028 pour 160.00 β le survie_new
[22:58:57] [ITEM_SOLD]: CroixVeBaton vendu 64 x Dark Oak Log à  omega2028 pour 160.00 β le survie_new
[22:58:58] [ITEM_SOLD]: CroixVeBaton vendu 64 x Dark Oak Log à  omega2028 pour 160.00 β le survie_new
[22:59:00] [ITEM_SOLD]: CroixVeBaton vendu 64 x Dark Oak Log à  omega2028 pour 160.00 β le survie_new
[22:59:01] [ITEM_SOLD]: CroixVeBaton vendu 64 x Dark Oak Log à  omega2028 pour 160.00 β le survie_new
[22:59:02] [ITEM_SOLD]: CroixVeBaton vendu 64 x Dark Oak Log à  omega2028 pour 160.00 β le survie_new
[22:59:03] [ITEM_SOLD]: CroixVeBaton vendu 64 x Dark Oak Log à  omega2028 pour 160.00 β le survie_new
[22:59:07] [ITEM_SOLD]: CroixVeBaton vendu 64 x Dark Oak Log à  omega2028 pour 160.00 β le survie_new
