[00:14:29] [ITEM_SOLD]: limastic vend 1x Diamond Pickaxe sur  [Efficiency IV]Hydrenoir pour $1,000.00 sur survie_new
[01:24:38] [ITEM_LISTED]: ExE_MethyloR listed 1x Diamond Sword [Sharpness III] for $200.00 on End
[02:31:40] [ITEM_SOLD]: limastic vend 1x Diamond Pickaxe sur Axernon pour $100.00 sur survie_new
[02:31:44] [ITEM_SOLD]: limastic vend 1x Diamond Pickaxe sur Axernon pour $100.00 sur survie_new
[04:06:07] [ITEM_LISTED]: Axernon listed 3x Cocoa Beans for $75.00 on spawn
[09:25:37] [ITEM_LISTED]: Kaio_Beninou listed 3x Tnt for $600.00 on survie_new
[11:26:48] [ITEM_LISTED]: ExE_MethyloR listed 1x Iron Pickaxe [Efficiency V, Fortune III] for $50.00 on End
[11:26:52] [ITEM_LISTED]: ExE_MethyloR listed 1x Iron Leggings [Mending, Protection IV, Unbreaking III] for $50.00 on End
[11:29:39] [ITEM_LISTED]: ExE_MethyloR listed 1x Iron Shovel [Efficiency V, Fortune III, Unbreaking III] for $50.00 on End
[11:29:44] [ITEM_LISTED]: ExE_MethyloR listed 1x Iron Leggings [Mending, Protection IV, Unbreaking III] for $50.00 on End
[11:29:46] [ITEM_LISTED]: ExE_MethyloR listed 1x Iron Chestplate [Protection IV, Thorns II, Unbreaking III] for $50.00 on End
[11:29:51] [ITEM_LISTED]: ExE_MethyloR listed 1x Iron Chestplate [Fire Protection IV] for $15.00 on End
[11:29:56] [ITEM_LISTED]: ExE_MethyloR listed 1x Iron Chestplate [Protection IV] for $20.00 on End
[11:30:23] [ITEM_LISTED]: ExE_MethyloR listed 1x Diamond Boots [Depth Strider III, Protection IV, Unbreaking III] for $200.00 on End
[11:30:29] [ITEM_LISTED]: ExE_MethyloR listed 1x Diamond Sword [Sweeping Edge III] for $100.00 on End
[11:30:35] [ITEM_LISTED]: ExE_MethyloR listed 1x Diamond Sword [Fire Aspect II, Sharpness IV, Unbreaking III] for $300.00 on End
[11:30:42] [ITEM_LISTED]: ExE_MethyloR listed 1x Diamond Shovel [Efficiency IV, Unbreaking III] for $150.00 on End
[11:30:46] [ITEM_LISTED]: ExE_MethyloR listed 1x Diamond Shovel [Efficiency III] for $75.00 on End
[11:30:51] [ITEM_LISTED]: ExE_MethyloR listed 1x Diamond Sword [Sharpness IV] for $150.00 on End
[11:30:56] [ITEM_LISTED]: ExE_MethyloR listed 1x Diamond Chestplate [Fire Protection IV] for $10.00 on End
[13:36:43] [ITEM_LISTED]: ExE_MethyloR listed 1x Iron Helmet [Mending, Protection IV, Respiration III, Unbreaking III] for $100.00 on End
[13:36:45] [ITEM_LISTED]: ExE_MethyloR listed 1x Diamond Sword [Sweeping Edge III] for $100.00 on End
[13:38:09] [ITEM_LISTED]: ExE_MethyloR listed 1x Iron Sword [Knockback II, Sharpness IV] for $50.00 on End
[13:38:14] [ITEM_LISTED]: ExE_MethyloR listed 1x Iron Pickaxe [Efficiency V, Unbreaking III] for $50.00 on End
[13:39:50] [ITEM_CANCELLED]: ExE_MethyloR cancelled an auction for 1x Diamond Sword [Fire Aspect II, Sharpness IV, Unbreaking III] for $300.00 on End
[13:39:56] [ITEM_CANCELLED]: ExE_MethyloR cancelled an auction for 1x Diamond Sword [Sharpness IV] for $150.00 on End
[13:39:57] [ITEM_CANCELLED]: ExE_MethyloR cancelled an auction for 1x Diamond Shovel [Efficiency IV, Unbreaking III] for $150.00 on End
[13:40:00] [ITEM_CANCELLED]: ExE_MethyloR cancelled an auction for 1x Diamond Boots [Depth Strider III, Protection IV, Unbreaking III] for $200.00 on End
[13:40:16] [ITEM_RETURNED]: Retour 1x Diamond Sword [Fire Aspect II, Sharpness IV, Unbreaking III] de ExE_MethyloR sur End
[13:40:16] [ITEM_RETURNED]: Retour 1x Diamond Shovel [Efficiency IV, Unbreaking III] de ExE_MethyloR sur End
[13:40:17] [ITEM_RETURNED]: Retour 1x Diamond Boots [Depth Strider III, Protection IV, Unbreaking III] de ExE_MethyloR sur End
[13:40:17] [ITEM_RETURNED]: Retour 1x Diamond Sword [Sharpness IV] de ExE_MethyloR sur End
[13:40:24] [ITEM_LISTED]: ExE_MethyloR listed 1x Diamond Sword [Fire Aspect II, Sharpness IV, Unbreaking III] for $500.00 on End
[13:40:26] [ITEM_LISTED]: ExE_MethyloR listed 1x Diamond Boots [Depth Strider III, Protection IV, Unbreaking III] for $500.00 on End
[13:40:31] [ITEM_LISTED]: ExE_MethyloR listed 1x Diamond Shovel [Efficiency IV, Unbreaking III] for $350.00 on End
[13:40:34] [ITEM_LISTED]: ExE_MethyloR listed 1x Diamond Sword [Sharpness IV] for $350.00 on End
[13:41:22] [ITEM_LISTED]: ExE_MethyloR listed 1x Iron Helmet [Protection IV, Respiration III, Unbreaking III] for $150.00 on End
[13:42:22] [ITEM_LISTED]: ExE_MethyloR listed 1x Iron Boots [Mending, Protection IV] for $150.00 on End
[14:12:45] [ITEM_SOLD]: ExE_MethyloR vend 1x Diamond Boots sur  [Depth Strider III, Protection IV, Unbreaking III]Darinor_ pour $500.00 sur End
[16:02:04] [ITEM_SOLD]: ExE_MethyloR vend 1x Diamond Sword sur  [Sharpness IV]_Hipix_ pour $350.00 sur End
[16:02:12] [ITEM_SOLD]: ExE_MethyloR vend 1x Diamond Sword sur  [Fire Aspect II, Sharpness IV, Unbreaking III]_Hipix_ pour $500.00 sur End
[16:02:16] [ITEM_SOLD]: ExE_MethyloR vend 1x Diamond Shovel sur  [Efficiency IV, Unbreaking III]_Hipix_ pour $350.00 sur End
[16:02:21] [ITEM_SOLD]: ExE_MethyloR vend 1x Iron Pickaxe sur  [Efficiency V, Unbreaking III]_Hipix_ pour $50.00 sur End
[16:02:27] [ITEM_SOLD]: Axernon vend 1x Enchanted Book sur _Hipix_ pour $150.00 sur spawn
[16:02:30] [ITEM_SOLD]: ExE_MethyloR vend 1x Diamond Chestplate sur  [Fire Protection IV]_Hipix_ pour $10.00 sur End
[16:22:25] [ITEM_LISTED]: ExE_MethyloR listed 1x Totem Of Undying for $5,000.00 on survie_new
[16:22:44] [ITEM_LISTED]: ExE_MethyloR listed 1x Totem Of Undying for $5,000.00 on survie_new
[16:53:44] [ITEM_LISTED]: Kaio_Beninou listed 1x Heart Of The Sea for $20,000.00 on survie_new
[17:40:14] [ITEM_LISTED]: H_Caw listed 1x [Cat Spawner] for $5,000.00 on survie_new
[18:05:40] [ITEM_SOLD]: H_Caw vend 16x Diamond sur _Hipix_ pour $1,700.00 sur spawn
[18:24:06] [ITEM_LISTED]: H_Caw listed 8x Iron Block for $800.00 on survie_new
[18:24:09] [ITEM_LISTED]: H_Caw listed 8x Iron Block for $800.00 on survie_new
[18:24:14] [ITEM_LISTED]: H_Caw listed 8x Iron Block for $800.00 on survie_new
[18:24:17] [ITEM_LISTED]: H_Caw listed 8x Iron Block for $800.00 on survie_new
[18:26:12] [ITEM_LISTED]: H_Caw listed 16x Coal Block for $500.00 on survie_new
[18:26:14] [ITEM_LISTED]: H_Caw listed 16x Coal Block for $500.00 on survie_new
[18:29:20] [ITEM_LISTED]: CapitaineNiamor listed 1x Enchanted Book for $1,500.00 on survie_new
[18:29:36] [ITEM_SOLD]: CapitaineNiamor vend 1x Enchanted Book sur K1_x pour $1,500.00 sur survie_new
[18:31:54] [ITEM_LISTED]: oplm listed 1x Chasseur for $10,000.00 on End
[18:48:28] [ITEM_SOLD]: H_Caw vend 16x Diamond sur _Hipix_ pour $1,700.00 sur Survie
[18:51:44] [ITEM_LISTED]: serigala37 listed 64x Bone for $130.00 on spawn
[18:51:55] [ITEM_LISTED]: serigala37 listed 64x Bone for $130.00 on spawn
[18:52:03] [ITEM_LISTED]: serigala37 listed 64x Bone for $130.00 on spawn
[18:52:06] [ITEM_LISTED]: serigala37 listed 64x Bone for $130.00 on spawn
[18:52:08] [ITEM_LISTED]: serigala37 listed 64x Bone for $130.00 on spawn
[18:52:11] [ITEM_LISTED]: serigala37 listed 64x Bone for $130.00 on spawn
[18:52:22] [ITEM_SOLD]: serigala37 vend 64x Bone sur K1_x pour $130.00 sur spawn
[18:52:23] [ITEM_SOLD]: serigala37 vend 64x Bone sur K1_x pour $130.00 sur spawn
[18:52:26] [ITEM_SOLD]: serigala37 vend 64x Bone sur K1_x pour $130.00 sur spawn
[18:52:28] [ITEM_SOLD]: serigala37 vend 64x Bone sur K1_x pour $130.00 sur spawn
[18:52:42] [ITEM_SOLD]: serigala37 vend 64x Bone sur K1_x pour $130.00 sur spawn
[18:52:43] [ITEM_SOLD]: serigala37 vend 64x Bone sur K1_x pour $130.00 sur spawn
[18:52:58] [ITEM_CANCELLED]: oplm cancelled an auction for 1x Chasseur for $10,000.00 on End
[20:26:23] [ITEM_SOLD]: limastic vend 1x Diamond Pickaxe sur jos807 pour $100.00 sur survie_new
[20:26:38] [ITEM_SOLD]: ExE_MethyloR vend 1x Diamond Shovel sur  [Efficiency III]jos807 pour $75.00 sur End
[22:01:17] [ITEM_LISTED]: serigala37 listed 1x Music Disc 13 for $500.00 on survie_new
[23:41:55] [ITEM_SOLD]: limastic vend 1x Saddle sur ExE_MethyloR pour $100.00 sur survie_new
