[00:15:03] [ITEM_LISTED]: Flashtric vend 1 x Enchanted Book  pour 1,000.00β sur survie_new
[00:15:56] [ITEM_SOLD]: eric2a vendu 29 x Bone Block à  Luzarielle pour 200.00 β le survie_new
[00:18:37] [ITEM_LISTED]: Flashtric vend 1 x Enchanted Book  pour 800.00β sur survie_new
[00:22:47] [ITEM_LISTED]: limastic vend 1 x Carrot  [Knockback50] pour 1,000,000.00β sur survie_new
[00:29:51] [ITEM_SOLD]: Flashtric vendu 1 x Fishing Rod à  [unknown, Lure III, Unbreaking III] BetAlpha19 pour 1,500.00 β le survie_new
[00:29:52] [ITEM_SOLD]: blazou38 vendu 1 x Buried Treasure Map à  Nadreel pour 150.00 β le survie_new
[00:30:57] [ITEM_SOLD]: sylverfire02 vendu 1 x Enchanted Book à  lasoeurdadrien pour 1,000.00 β le survie_new
[00:39:21] [ITEM_LISTED]: limastic vend 1 x  Venom  [Infinity] pour 100,000.00β sur survie_new
[00:43:12] [ITEM_SOLD]: limastic vendu 1 x  Venom à  [Infinity] Andrew_90 pour 100,000.00 β le survie_new
[01:38:05] [ITEM_SOLD]: Kaio_Beninou vendu 1 x Enchanted Book à  Luzarielle pour 7,500.00 β le survie_new
[01:59:50] [ITEM_LISTED]: ExE_MethyloR vend 64 x Iron Ore  pour 100.00β sur survie_new
[02:12:48] [ITEM_LISTED]: ExE_MethyloR vend 10 x Anvil  pour 1,000.00β sur survie_new_nether
[02:13:10] [ITEM_LISTED]: ExE_MethyloR vend 20 x Anvil  pour 2,000.00β sur survie_new_nether
[02:13:14] [ITEM_LISTED]: ExE_MethyloR vend 30 x Anvil  pour 3,000.00β sur survie_new_nether
[02:13:28] [ITEM_LISTED]: ExE_MethyloR vend 40 x Anvil  pour 4,000.00β sur survie_new_nether
[02:13:38] [ITEM_LISTED]: ExE_MethyloR vend 50 x Anvil  pour 5,000.00β sur survie_new_nether
[02:13:48] [ITEM_LISTED]: ExE_MethyloR vend 64 x Anvil  pour 6,400.00β sur survie_new_nether
[02:13:51] [ITEM_LISTED]: ExE_MethyloR vend 64 x Anvil  pour 6,400.00β sur survie_new_nether
[02:13:52] [ITEM_LISTED]: ExE_MethyloR vend 64 x Anvil  pour 6,400.00β sur survie_new_nether
[02:13:56] [ITEM_LISTED]: ExE_MethyloR vend 64 x Anvil  pour 6,400.00β sur survie_new_nether
[02:13:57] [ITEM_LISTED]: ExE_MethyloR vend 64 x Anvil  pour 6,400.00β sur survie_new_nether
[02:14:00] [ITEM_LISTED]: ExE_MethyloR vend 64 x Anvil  pour 6,400.00β sur survie_new_nether
[02:14:02] [ITEM_LISTED]: ExE_MethyloR vend 64 x Anvil  pour 6,400.00β sur survie_new_nether
[02:14:05] [ITEM_LISTED]: ExE_MethyloR vend 64 x Anvil  pour 6,400.00β sur survie_new_nether
[02:14:06] [ITEM_LISTED]: ExE_MethyloR vend 64 x Anvil  pour 6,400.00β sur survie_new_nether
[02:14:11] [ITEM_LISTED]: ExE_MethyloR vend 64 x Anvil  pour 6,400.00β sur survie_new_nether
[02:14:15] [ITEM_LISTED]: ExE_MethyloR vend 53 x Anvil  pour 5,300.00β sur survie_new_nether
[02:27:50] [ITEM_SOLD]: ExE_MethyloR vendu 64 x Iron Ore à  IntegraleEpice pour 100.00 β le survie_new
[09:09:36] [ITEM_SOLD]: Flashtric vendu 1 x Enchanted Book à  pierro pour 1,000.00 β le survie_new
[09:10:23] [ITEM_LISTED]: LeVoleurDeStylo vend 64 x Wheat Seeds  pour 2,330.00β sur survie_new
[09:10:32] [ITEM_SOLD]: LeVoleurDeStylo vendu 64 x Wheat Seeds à  sofyandu93 pour 2,330.00 β le survie_new
[10:06:28] [ITEM_SOLD]: Siley_stone vendu 1 x Water Bucket à  oxiflight pour 50.00 β le survie_new
[10:19:41] [ITEM_SOLD]: ExE_MethyloR vendu 64 x Anvil à  Isaorya pour 6,400.00 β le survie_new_nether
[10:19:46] [ITEM_SOLD]: ExE_MethyloR vendu 10 x Anvil à  Isaorya pour 1,000.00 β le survie_new_nether
[10:19:48] [ITEM_SOLD]: ExE_MethyloR vendu 20 x Anvil à  Isaorya pour 2,000.00 β le survie_new_nether
[10:28:34] [ITEM_LISTED]: BetAlpha19 vend 1 x Fishing Rod  [unknown, Mending, Unbreaking III] pour 1,300.00β sur survie_new
[10:29:17] [ITEM_CANCELLED]: BetAlpha19 annule la vente de 1x Epée [Looting II, Sharpness V, Unbreaking II] pour 20,000.00β sur survie_new
[10:29:45] [ITEM_RETURNED]: 1 x Epée  [Looting II, Sharpness V, Unbreaking II] renvoyé à BetAlpha19 le survie_new
[10:29:56] [ITEM_LISTED]: BetAlpha19 vend 1 x Epée  [Looting II, Sharpness V, Unbreaking II] pour 8,500.00β sur survie_new
[10:30:10] [ITEM_DROPPED]: Abandon de la vente Yohan81 expirée de 64 x Bamboo  pour 0.00β à leurs pieds le survie_new
[10:30:10] [ITEM_DROPPED]: Abandon de la vente Yohan81 expirée de 64 x Bamboo  pour 0.00β à leurs pieds le Ressource
[10:38:24] [ITEM_SOLD]: K666D vendu 10 x Apple à  Isaorya pour 50.00 β le survie_new
[10:43:25] [ITEM_SOLD]: eric2a vendu 7 x Golden Carrot à  oxiflight pour 70.00 β le survie_new
[10:47:08] [ITEM_SOLD]: Kaio_Beninou vendu 1 x Enchanted Book à  toonjosh pour 7,500.00 β le survie_new
[11:39:25] [ITEM_SOLD]: pierro vendu 1 x Iron Helmet à  [Mending, Unbreaking III] Flashtric pour 1,250.00 β le survie_new
[11:44:05] [ITEM_LISTED]: sylverfire02 vend 64 x Prismarine Shard  pour 3,000.00β sur survie_new
[12:14:45] [ITEM_SOLD]: BetAlpha19 vendu 1 x Epée à  [Looting II, Sharpness V, Unbreaking II] Murdock_Co pour 8,500.00 β le survie_new
[12:35:46] [ITEM_RETURNED]: 1 x Birch Planks  [Unbreaking I] renvoyé à omega2028 le survie_new
[12:35:47] [ITEM_RETURNED]: 1 x Enchanted Book  renvoyé à omega2028 le survie_new
[12:35:48] [ITEM_RETURNED]: 1 x Enchanted Book  renvoyé à omega2028 le survie_new
[12:35:50] [ITEM_CANCELLED]: omega2028 annule la vente de 1x Enchanted Book pour 2,000.00β sur survie_new
[12:35:55] [ITEM_RETURNED]: 1 x Enchanted Book  renvoyé à omega2028 le survie_new
[12:39:35] [ITEM_LISTED]: BetAlpha19 vend 64 x Redstone  pour 600.00β sur survie_new
[12:46:34] [ITEM_LISTED]: Yohan81 vend 1 x Filled Map  pour 100.00β sur survie_new
[13:32:24] [ITEM_SOLD]: pierro vendu 1 x Elytra à  Geratinapute pour 25,000.00 β le survie_new_the_end
[13:48:23] [ITEM_SOLD]: eric2a vendu 1 x Diamond Horse Armor à  Flashtric pour 250.00 β le survie_new
[13:48:27] [ITEM_SOLD]: RomanZ vendu 1 x Iron Horse Armor à  Flashtric pour 400.00 β le survie_new
[13:48:33] [ITEM_SOLD]: RomanZ vendu 1 x Golden Horse Armor à  Flashtric pour 400.00 β le survie_new
[14:10:31] [ITEM_RETURNED]: 64 x Paper  renvoyé à Elliryk le survie_new
[14:10:32] [ITEM_RETURNED]: 64 x Paper  renvoyé à Elliryk le survie_new
[14:10:58] [ITEM_LISTED]: Elliryk vend 64 x Paper  pour 200.00β sur survie_new
[14:11:05] [ITEM_LISTED]: Elliryk vend 64 x Paper  pour 200.00β sur survie_new
[14:11:11] [ITEM_LISTED]: Elliryk vend 10 x Golden Carrot  pour 450.00β sur survie_new
[14:32:37] [ITEM_LISTED]: Isaorya vend 1 x Enchanted Book  pour 500.00β sur survie_new
[14:32:43] [ITEM_LISTED]: Isaorya vend 1 x Enchanted Book  pour 1,000.00β sur survie_new
[14:58:59] [ITEM_SOLD]: Elliryk vendu 10 x Golden Carrot à  _Shoku_ pour 450.00 β le survie_new
[15:19:57] [ITEM_SOLD]: pierro vendu 1 x Brown Shulker Box à  hugoleb pour 2,500.00 β le survie_new
[15:20:14] [ITEM_SOLD]: pierro vendu 1 x White Shulker Box à  hugoleb pour 2,800.00 β le survie_new
[15:21:24] [ITEM_SOLD]: BetAlpha19 vendu 1 x Fishing Rod à  [unknown, Mending, Unbreaking III] eric2a pour 1,300.00 β le survie_new
[15:21:36] [ITEM_SOLD]: Flashtric vendu 1 x Enchanted Book à  eric2a pour 800.00 β le survie_new
[15:29:42] [ITEM_LISTED]: Sifflote vend 64 x Gold Ingot  pour 1,750.00β sur survie_new
[15:29:53] [ITEM_LISTED]: Sifflote vend 64 x Gold Ingot  pour 1,750.00β sur survie_new
[15:30:09] [ITEM_LISTED]: Sifflote vend 64 x Iron Ingot  pour 1,350.00β sur survie_new
[15:30:17] [ITEM_LISTED]: Sifflote vend 64 x Iron Ingot  pour 1,500.00β sur survie_new
[15:32:08] [ITEM_SOLD]: Sifflote vendu 64 x Iron Ingot à  pierro pour 1,350.00 β le survie_new
[15:32:10] [ITEM_SOLD]: Sifflote vendu 64 x Iron Ingot à  pierro pour 1,500.00 β le survie_new
[15:33:07] [ITEM_LISTED]: Sifflote vend 64 x Iron Ingot  pour 1,500.00β sur survie_new
[15:33:13] [ITEM_LISTED]: Sifflote vend 64 x Iron Ingot  pour 1,500.00β sur survie_new
[15:33:22] [ITEM_LISTED]: Sifflote vend 64 x Iron Ingot  pour 1,500.00β sur survie_new
[15:55:29] [ITEM_SOLD]: pierro vendu 1 x Yellow Shulker Box à  eric2a pour 2,800.00 β le survie_new
[15:56:24] [ITEM_SOLD]: Sifflote vendu 64 x Iron Ingot à  pierro pour 1,500.00 β le survie_new
[15:56:51] [ITEM_SOLD]: BetAlpha19 vendu 1 x Bow à  [Mending, Unbreaking III, Curse of Vanishing] pierro pour 1,250.00 β le survie_new
[16:12:48] [ITEM_LISTED]: Murdock_Co vend 64 x Bread  pour 125.00β sur survie_new
[16:12:50] [ITEM_LISTED]: Murdock_Co vend 64 x Bread  pour 125.00β sur survie_new
[16:12:53] [ITEM_LISTED]: Murdock_Co vend 64 x Bread  pour 125.00β sur survie_new
[16:12:57] [ITEM_LISTED]: Murdock_Co vend 64 x Bread  pour 125.00β sur survie_new
[16:13:24] [ITEM_SOLD]: Murdock_Co vendu 64 x Bread à  Isaorya pour 125.00 β le survie_new
[16:13:26] [ITEM_SOLD]: Murdock_Co vendu 64 x Bread à  Isaorya pour 125.00 β le survie_new
[16:13:27] [ITEM_SOLD]: Murdock_Co vendu 64 x Bread à  oxiflight pour 125.00 β le survie_new
[16:13:37] [ITEM_LISTED]: Murdock_Co vend 64 x Bread  pour 125.00β sur survie_new
[16:13:39] [ITEM_LISTED]: Murdock_Co vend 64 x Bread  pour 125.00β sur survie_new
[16:13:40] [ITEM_LISTED]: Murdock_Co vend 64 x Bread  pour 125.00β sur survie_new
[16:13:42] [ITEM_LISTED]: Murdock_Co vend 64 x Bread  pour 125.00β sur survie_new
[16:13:51] [ITEM_LISTED]: Murdock_Co vend 64 x Bread  pour 125.00β sur survie_new
[16:13:53] [ITEM_LISTED]: Murdock_Co vend 64 x Bread  pour 125.00β sur survie_new
[16:13:55] [ITEM_LISTED]: Murdock_Co vend 64 x Bread  pour 125.00β sur survie_new
[16:13:57] [ITEM_LISTED]: Murdock_Co vend 64 x Bread  pour 125.00β sur survie_new
[16:18:51] [ITEM_SOLD]: Murdock_Co vendu 64 x Bread à  Isaorya pour 125.00 β le survie_new
[16:18:52] [ITEM_SOLD]: Murdock_Co vendu 64 x Bread à  Isaorya pour 125.00 β le survie_new
[16:19:56] [ITEM_LISTED]: hugoleb vend 64 x Nether Wart  pour 3,000.00β sur survie_new
[16:40:01] [ITEM_SOLD]: Sifflote vendu 64 x Iron Ingot à  kalaistar pour 1,500.00 β le survie_new
[16:40:03] [ITEM_SOLD]: Sifflote vendu 64 x Iron Ingot à  kalaistar pour 1,500.00 β le survie_new
[16:40:05] [ITEM_SOLD]: Sifflote vendu 64 x Gold Ingot à  kalaistar pour 1,750.00 β le survie_new
[16:40:06] [ITEM_SOLD]: Sifflote vendu 64 x Gold Ingot à  kalaistar pour 1,750.00 β le survie_new
[16:42:42] [ITEM_LISTED]: Murdock_Co vend 1 x Music Disc 13  pour 500.00β sur survie_new
[16:42:44] [ITEM_LISTED]: Murdock_Co vend 1 x Music Disc 13  pour 500.00β sur survie_new
[16:49:53] [ITEM_CANCELLED]: BetAlpha19 annule la vente de 1x Golden Sword pour 600.00β sur survie_new
[16:49:57] [ITEM_CANCELLED]: BetAlpha19 annule la vente de 64x Redstone pour 600.00β sur survie_new
[16:50:00] [ITEM_RETURNED]: 64 x Redstone  renvoyé à BetAlpha19 le survie_new
[16:50:01] [ITEM_RETURNED]: 1 x Golden Sword  renvoyé à BetAlpha19 le survie_new
[16:50:09] [ITEM_LISTED]: BetAlpha19 vend 64 x Redstone  pour 250.00β sur survie_new
[16:50:20] [ITEM_LISTED]: BetAlpha19 vend 1 x Golden Sword  pour 390.00β sur survie_new
[16:57:31] [ITEM_SOLD]: Murdock_Co vendu 64 x Bread à  hugoleb pour 125.00 β le survie_new
[16:57:33] [ITEM_SOLD]: Murdock_Co vendu 64 x Bread à  hugoleb pour 125.00 β le survie_new
[16:57:36] [ITEM_SOLD]: Murdock_Co vendu 64 x Bread à  hugoleb pour 125.00 β le survie_new
[16:57:39] [ITEM_SOLD]: Murdock_Co vendu 64 x Bread à  hugoleb pour 125.00 β le survie_new
[16:57:41] [ITEM_SOLD]: Murdock_Co vendu 64 x Bread à  hugoleb pour 125.00 β le survie_new
[16:57:43] [ITEM_SOLD]: Murdock_Co vendu 64 x Bread à  hugoleb pour 125.00 β le survie_new
[16:57:44] [ITEM_SOLD]: Murdock_Co vendu 64 x Bread à  hugoleb pour 125.00 β le survie_new
[17:04:06] [ITEM_LISTED]: Murdock_Co vend 64 x Bread  pour 150.00β sur survie_new
[17:04:08] [ITEM_LISTED]: Murdock_Co vend 64 x Bread  pour 150.00β sur survie_new
[17:04:09] [ITEM_LISTED]: Murdock_Co vend 64 x Bread  pour 150.00β sur survie_new
[17:04:11] [ITEM_LISTED]: Murdock_Co vend 64 x Bread  pour 150.00β sur survie_new
[17:04:12] [ITEM_LISTED]: Murdock_Co vend 64 x Bread  pour 150.00β sur survie_new
[17:04:16] [ITEM_LISTED]: Murdock_Co vend 64 x Bread  pour 150.00β sur survie_new
[17:04:18] [ITEM_LISTED]: Murdock_Co vend 64 x Bread  pour 150.00β sur survie_new
[17:04:19] [ITEM_LISTED]: Murdock_Co vend 64 x Bread  pour 150.00β sur survie_new
[17:04:21] [ITEM_LISTED]: Murdock_Co vend 64 x Bread  pour 150.00β sur survie_new
[17:04:25] [ITEM_LISTED]: Murdock_Co vend 64 x Bread  pour 150.00β sur survie_new
[17:04:27] [ITEM_LISTED]: Murdock_Co vend 64 x Bread  pour 150.00β sur survie_new
[17:04:28] [ITEM_LISTED]: Murdock_Co vend 64 x Bread  pour 150.00β sur survie_new
[17:04:30] [ITEM_LISTED]: Murdock_Co vend 64 x Bread  pour 150.00β sur survie_new
[17:04:33] [ITEM_LISTED]: Murdock_Co vend 64 x Bread  pour 150.00β sur survie_new
[17:06:20] [ITEM_LISTED]: Teinavaa vend 64 x Nether Wart  pour 1,000.00β sur survie_new
[17:08:05] [ITEM_CANCELLED]: Murdock_Co annule la vente de 64x Bread pour 150.00β sur survie_new
[17:08:06] [ITEM_CANCELLED]: Murdock_Co annule la vente de 64x Bread pour 150.00β sur survie_new
[17:08:06] [ITEM_CANCELLED]: Murdock_Co annule la vente de 64x Bread pour 150.00β sur survie_new
[17:08:06] [ITEM_CANCELLED]: Murdock_Co annule la vente de 64x Bread pour 150.00β sur survie_new
[17:08:06] [ITEM_CANCELLED]: Murdock_Co annule la vente de 64x Bread pour 150.00β sur survie_new
[17:08:06] [ITEM_CANCELLED]: Murdock_Co annule la vente de 64x Bread pour 150.00β sur survie_new
[17:08:08] [ITEM_CANCELLED]: Murdock_Co annule la vente de 64x Bread pour 150.00β sur survie_new
[17:08:10] [ITEM_CANCELLED]: Murdock_Co annule la vente de 64x Bread pour 150.00β sur survie_new
[17:08:10] [ITEM_CANCELLED]: Murdock_Co annule la vente de 64x Bread pour 150.00β sur survie_new
[17:08:10] [ITEM_CANCELLED]: Murdock_Co annule la vente de 64x Bread pour 150.00β sur survie_new
[17:08:11] [ITEM_CANCELLED]: Murdock_Co annule la vente de 64x Bread pour 150.00β sur survie_new
[17:08:11] [ITEM_CANCELLED]: Murdock_Co annule la vente de 64x Bread pour 150.00β sur survie_new
[17:08:11] [ITEM_CANCELLED]: Murdock_Co annule la vente de 64x Bread pour 150.00β sur survie_new
[17:08:11] [ITEM_CANCELLED]: Murdock_Co annule la vente de 64x Bread pour 150.00β sur survie_new
[17:08:34] [ITEM_RETURNED]: 64 x Bread  renvoyé à Murdock_Co le survie_new
[17:08:34] [ITEM_RETURNED]: 64 x Bread  renvoyé à Murdock_Co le survie_new
[17:08:34] [ITEM_RETURNED]: 64 x Bread  renvoyé à Murdock_Co le survie_new
[17:08:34] [ITEM_RETURNED]: 64 x Bread  renvoyé à Murdock_Co le survie_new
[17:08:34] [ITEM_RETURNED]: 64 x Bread  renvoyé à Murdock_Co le survie_new
[17:08:34] [ITEM_RETURNED]: 64 x Bread  renvoyé à Murdock_Co le survie_new
[17:08:34] [ITEM_RETURNED]: 64 x Bread  renvoyé à Murdock_Co le survie_new
[17:08:34] [ITEM_RETURNED]: 64 x Bread  renvoyé à Murdock_Co le survie_new
[17:08:34] [ITEM_RETURNED]: 64 x Bread  renvoyé à Murdock_Co le survie_new
[17:08:34] [ITEM_RETURNED]: 64 x Bread  renvoyé à Murdock_Co le survie_new
[17:08:34] [ITEM_RETURNED]: 64 x Bread  renvoyé à Murdock_Co le survie_new
[17:08:34] [ITEM_RETURNED]: 64 x Bread  renvoyé à Murdock_Co le survie_new
[17:08:34] [ITEM_RETURNED]: 64 x Bread  renvoyé à Murdock_Co le survie_new
[17:08:35] [ITEM_RETURNED]: 64 x Bread  renvoyé à Murdock_Co le survie_new
[17:09:14] [ITEM_LISTED]: Murdock_Co vend 64 x Bread  pour 250.00β sur survie_new
[17:09:16] [ITEM_LISTED]: Murdock_Co vend 64 x Bread  pour 250.00β sur survie_new
[17:09:18] [ITEM_LISTED]: Murdock_Co vend 64 x Bread  pour 250.00β sur survie_new
[17:09:21] [ITEM_LISTED]: Murdock_Co vend 64 x Bread  pour 250.00β sur survie_new
[17:09:22] [ITEM_LISTED]: Murdock_Co vend 64 x Bread  pour 250.00β sur survie_new
[17:09:24] [ITEM_LISTED]: Murdock_Co vend 64 x Bread  pour 250.00β sur survie_new
[17:09:25] [ITEM_LISTED]: Murdock_Co vend 64 x Bread  pour 250.00β sur survie_new
[17:09:27] [ITEM_LISTED]: Murdock_Co vend 64 x Bread  pour 250.00β sur survie_new
[17:09:37] [ITEM_LISTED]: Murdock_Co vend 64 x Bread  pour 250.00β sur survie_new
[17:09:38] [ITEM_LISTED]: Murdock_Co vend 64 x Bread  pour 250.00β sur survie_new
[17:09:40] [ITEM_LISTED]: Murdock_Co vend 64 x Bread  pour 250.00β sur survie_new
[17:09:42] [ITEM_LISTED]: Murdock_Co vend 64 x Bread  pour 250.00β sur survie_new
[17:09:43] [ITEM_LISTED]: Murdock_Co vend 64 x Bread  pour 250.00β sur survie_new
[17:09:46] [ITEM_LISTED]: Murdock_Co vend 64 x Bread  pour 250.00β sur survie_new
[17:22:35] [ITEM_LISTED]: BetAlpha19 vend 64 x Cooked Cod  pour 300.00β sur survie_new
[17:46:25] [ITEM_LISTED]: WyRz_ vend 64 x Anvil  pour 2,000.00β sur survie_new
[17:53:27] [ITEM_LISTED]: hugoleb vend 64 x Leather  pour 750.00β sur survie_new
[17:53:31] [ITEM_LISTED]: hugoleb vend 64 x Leather  pour 750.00β sur survie_new
[17:56:22] [ITEM_SOLD]: Murdock_Co vendu 64 x Bread à  Djilan pour 250.00 β le survie_new
[18:00:57] [ITEM_LISTED]: Kaio_Beninou vend 1 x Enchanted Book  pour 10,000.00β sur survie_new
[18:05:09] [ITEM_LISTED]: Breyyyy vend 64 x Redstone Block  pour 3,999.00β sur survie_new
[18:34:50] [ITEM_LISTED]: WyRz_ vend 1 x Enchanted Book  pour 200.00β sur survie_new
[18:34:56] [ITEM_LISTED]: WyRz_ vend 1 x Enchanted Book  pour 600.00β sur survie_new
[18:35:06] [ITEM_LISTED]: WyRz_ vend 1 x Enchanted Book  pour 650.00β sur survie_new
[18:35:11] [ITEM_LISTED]: WyRz_ vend 1 x Enchanted Book  pour 500.00β sur survie_new
[18:35:17] [ITEM_LISTED]: WyRz_ vend 1 x Enchanted Book  pour 50.00β sur survie_new
[18:35:22] [ITEM_LISTED]: WyRz_ vend 1 x Enchanted Book  pour 400.00β sur survie_new
[18:35:28] [ITEM_LISTED]: WyRz_ vend 1 x Enchanted Book  pour 500.00β sur survie_new
[18:35:35] [ITEM_LISTED]: WyRz_ vend 1 x Enchanted Book  pour 350.00β sur survie_new
[18:35:40] [ITEM_LISTED]: WyRz_ vend 1 x Enchanted Book  pour 500.00β sur survie_new
[18:35:47] [ITEM_LISTED]: WyRz_ vend 1 x Enchanted Book  pour 150.00β sur survie_new
[18:35:56] [ITEM_LISTED]: WyRz_ vend 1 x Enchanted Book  pour 350.00β sur survie_new
[18:36:01] [ITEM_LISTED]: WyRz_ vend 1 x Enchanted Book  pour 200.00β sur survie_new
[18:36:06] [ITEM_LISTED]: WyRz_ vend 1 x Enchanted Book  pour 50.00β sur survie_new
[18:39:07] [ITEM_LISTED]: WyRz_ vend 1 x Enchanted Book  pour 300.00β sur survie_new
[18:41:35] [ITEM_DROPPED]: Abandon de la vente AzodFR expirée de 1 x Potion  pour 0.00β à leurs pieds le survie_new
[18:41:35] [ITEM_DROPPED]: Abandon de la vente AzodFR expirée de 1 x Potion  pour 0.00β à leurs pieds le survie_new
[18:41:35] [ITEM_DROPPED]: Abandon de la vente AzodFR expirée de 1 x Potion  pour 0.00β à leurs pieds le survie_new
[18:41:35] [ITEM_DROPPED]: Abandon de la vente AzodFR expirée de 1 x Potion  pour 0.00β à leurs pieds le survie_new
[18:41:35] [ITEM_DROPPED]: Abandon de la vente AzodFR expirée de 1 x Potion  pour 0.00β à leurs pieds le survie_new
[18:41:35] [ITEM_DROPPED]: Abandon de la vente AzodFR expirée de 1 x Potion  pour 0.00β à leurs pieds le survie_new
[18:41:35] [ITEM_DROPPED]: Abandon de la vente AzodFR expirée de 1 x Potion  pour 0.00β à leurs pieds le survie_new
[18:41:35] [ITEM_DROPPED]: Abandon de la vente AzodFR expirée de 1 x Potion  pour 0.00β à leurs pieds le survie_new
[18:41:35] [ITEM_DROPPED]: Abandon de la vente AzodFR expirée de 1 x Potion  pour 0.00β à leurs pieds le survie_new
[18:41:35] [ITEM_DROPPED]: Abandon de la vente AzodFR expirée de 1 x Potion  pour 0.00β à leurs pieds le survie_new
[18:41:35] [ITEM_DROPPED]: Abandon de la vente AzodFR expirée de 1 x Potion  pour 0.00β à leurs pieds le survie_new
[18:41:35] [ITEM_DROPPED]: Abandon de la vente AzodFR expirée de 1 x Potion  pour 0.00β à leurs pieds le survie_new
[18:41:35] [ITEM_DROPPED]: Abandon de la vente AzodFR expirée de 1 x Potion  pour 0.00β à leurs pieds le survie_new
[18:41:35] [ITEM_DROPPED]: Abandon de la vente AzodFR expirée de 1 x Potion  pour 0.00β à leurs pieds le survie_new
[18:41:35] [ITEM_DROPPED]: Abandon de la vente AzodFR expirée de 1 x Potion  pour 0.00β à leurs pieds le survie_new
[18:41:35] [ITEM_DROPPED]: Abandon de la vente AzodFR expirée de 1 x Potion  pour 0.00β à leurs pieds le survie_new
[18:41:35] [ITEM_DROPPED]: Abandon de la vente AzodFR expirée de 1 x Potion  pour 0.00β à leurs pieds le survie_new
[18:41:35] [ITEM_DROPPED]: Abandon de la vente AzodFR expirée de 1 x Potion  pour 0.00β à leurs pieds le survie_new
[18:41:35] [ITEM_DROPPED]: Abandon de la vente AzodFR expirée de 1 x Potion  pour 0.00β à leurs pieds le survie_new
[18:41:35] [ITEM_DROPPED]: Abandon de la vente AzodFR expirée de 1 x Potion  pour 0.00β à leurs pieds le survie_new
[18:41:35] [ITEM_DROPPED]: Abandon de la vente AzodFR expirée de 1 x Potion  pour 0.00β à leurs pieds le survie_new
[18:41:35] [ITEM_DROPPED]: Abandon de la vente AzodFR expirée de 1 x Potion  pour 0.00β à leurs pieds le survie_new
[18:41:35] [ITEM_DROPPED]: Abandon de la vente AzodFR expirée de 1 x Potion  pour 0.00β à leurs pieds le survie_new
[18:41:35] [ITEM_DROPPED]: Abandon de la vente AzodFR expirée de 1 x Potion  pour 0.00β à leurs pieds le survie_new
[18:41:35] [ITEM_DROPPED]: Abandon de la vente AzodFR expirée de 1 x Potion  pour 0.00β à leurs pieds le survie_new
[18:41:35] [ITEM_DROPPED]: Abandon de la vente AzodFR expirée de 1 x Potion  pour 0.00β à leurs pieds le survie_new
[18:41:35] [ITEM_DROPPED]: Abandon de la vente AzodFR expirée de 1 x Potion  pour 0.00β à leurs pieds le survie_new
[18:41:35] [ITEM_DROPPED]: Abandon de la vente AzodFR expirée de 1 x Potion  pour 0.00β à leurs pieds le survie_new
[18:41:35] [ITEM_DROPPED]: Abandon de la vente AzodFR expirée de 1 x Potion  pour 0.00β à leurs pieds le survie_new
[18:41:35] [ITEM_DROPPED]: Abandon de la vente AzodFR expirée de 1 x Potion  pour 0.00β à leurs pieds le survie_new
[18:41:35] [ITEM_DROPPED]: Abandon de la vente AzodFR expirée de 1 x Potion  pour 0.00β à leurs pieds le survie_new
[18:43:13] [ITEM_LISTED]: WyRz_ vend 1 x Enchanted Book  pour 200.00β sur survie_new
[18:43:16] [ITEM_LISTED]: WyRz_ vend 1 x Enchanted Book  pour 300.00β sur survie_new
[18:56:26] [ITEM_LISTED]: WyRz_ vend 1 x Enchanted Book  pour 150.00β sur survie_new
[18:57:01] [ITEM_SOLD]: WyRz_ vendu 1 x Enchanted Book à  BolatBorz pour 200.00 β le survie_new
[18:57:56] [ITEM_SOLD]: WyRz_ vendu 64 x Anvil à  BolatBorz pour 2,000.00 β le survie_new
[19:00:27] [ITEM_SOLD]: hugoleb vendu 64 x Leather à  BolatBorz pour 750.00 β le survie_new
[19:08:29] [ITEM_SOLD]: Murdock_Co vendu 64 x Bread à  W4E_JustF pour 250.00 β le survie_new
[19:08:41] [ITEM_SOLD]: BetAlpha19 vendu 1 x Golden Sword à  djenaelsalemoche pour 390.00 β le survie_new
[19:08:59] [ITEM_SOLD]: Yohan81 vendu 1 x Filled Map à  djenaelsalemoche pour 100.00 β le survie_new
[19:17:43] [ITEM_DROPPED]: Abandon de la vente _Shoku_ expirée de 1 x Journal de quêtes  pour 0.00β à leurs pieds le survie_new
[19:25:25] [ITEM_LISTED]: WyRz_ vend 64 x Blaze Rod  pour 100.00β sur survie_new
[19:25:27] [ITEM_LISTED]: WyRz_ vend 64 x Blaze Rod  pour 100.00β sur survie_new
[19:25:28] [ITEM_LISTED]: WyRz_ vend 64 x Blaze Rod  pour 100.00β sur survie_new
[19:25:30] [ITEM_LISTED]: WyRz_ vend 64 x Blaze Rod  pour 100.00β sur survie_new
[19:25:32] [ITEM_LISTED]: WyRz_ vend 64 x Blaze Rod  pour 100.00β sur survie_new
[19:25:34] [ITEM_LISTED]: WyRz_ vend 64 x Blaze Rod  pour 100.00β sur survie_new
[19:25:40] [ITEM_LISTED]: WyRz_ vend 1 x Enchanted Book  pour 150.00β sur survie_new
[19:25:41] [ITEM_LISTED]: WyRz_ vend 1 x Enchanted Book  pour 150.00β sur survie_new
[19:25:43] [ITEM_LISTED]: WyRz_ vend 1 x Enchanted Book  pour 150.00β sur survie_new
[19:25:46] [ITEM_LISTED]: WyRz_ vend 1 x Enchanted Book  pour 150.00β sur survie_new
[19:25:49] [ITEM_LISTED]: WyRz_ vend 1 x Enchanted Book  pour 150.00β sur survie_new
[19:46:30] [ITEM_CANCELLED]: sylverfire02 annule la vente de 1x Enchanted Book pour 500.00β sur survie_new
[19:46:31] [ITEM_CANCELLED]: sylverfire02 annule la vente de 64x Prismarine Shard pour 3,000.00β sur survie_new
[19:46:35] [ITEM_RETURNED]: 64 x Prismarine Shard  renvoyé à sylverfire02 le survie_new
[19:46:35] [ITEM_RETURNED]: 1 x Enchanted Book  renvoyé à sylverfire02 le survie_new
[19:46:45] [ITEM_LISTED]: sylverfire02 vend 64 x Prismarine Shard  pour 1,500.00β sur survie_new
[19:46:55] [ITEM_LISTED]: sylverfire02 vend 1 x Enchanted Book  pour 100.00β sur survie_new
[19:55:36] [ITEM_SOLD]: Murdock_Co vendu 64 x Bread à  W4E_JustF pour 250.00 β le survie_new
[20:03:52] [ITEM_LISTED]: Breyyyy vend 64 x Snow Block  pour 2,000.00β sur survie_new
[20:11:11] [ITEM_SOLD]: pierro vendu 1 x Diamond Chestplate à  [Fire Protection III, Mending] W4E_JustF pour 5,000.00 β le survie_new
[20:33:02] [ITEM_LISTED]: WyRz_ vend 1 x Enchanted Book  pour 200.00β sur survie_new
[20:33:05] [ITEM_LISTED]: WyRz_ vend 1 x Enchanted Book  pour 200.00β sur survie_new
[20:33:08] [ITEM_LISTED]: WyRz_ vend 1 x Enchanted Book  pour 500.00β sur survie_new
[20:33:47] [ITEM_LISTED]: WyRz_ vend 1 x Enchanted Book  pour 50.00β sur survie_new
[20:35:07] [ITEM_LISTED]: Jarodeus vend 64 x Spruce Planks  pour 50.00β sur survie_new
[20:39:13] [ITEM_SOLD]: WyRz_ vendu 1 x Enchanted Book à  toonjosh pour 500.00 β le survie_new
[20:39:18] [ITEM_SOLD]: WyRz_ vendu 1 x Enchanted Book à  toonjosh pour 650.00 β le survie_new
[20:42:44] [ITEM_LISTED]: clementderi vend 16 x Nether Wart  pour 500.00β sur survie_new
[20:46:26] [ITEM_LISTED]: WyRz_ vend 1 x Cartography Table  pour 500.00β sur survie_new
[20:52:29] [ITEM_SOLD]: WyRz_ vendu 1 x Enchanted Book à  portedegaia pour 150.00 β le survie_new
[20:53:14] [ITEM_SOLD]: WyRz_ vendu 1 x Enchanted Book à  portedegaia pour 600.00 β le survie_new
[20:55:24] [ITEM_LISTED]: toonjosh vend 64 x Bamboo  pour 100.00β sur survie_new
[20:55:41] [ITEM_LISTED]: toonjosh vend 64 x Bamboo  pour 100.00β sur survie_new
[20:55:43] [ITEM_LISTED]: toonjosh vend 64 x Bamboo  pour 100.00β sur survie_new
[20:55:45] [ITEM_LISTED]: toonjosh vend 64 x Bamboo  pour 100.00β sur survie_new
[20:55:48] [ITEM_LISTED]: toonjosh vend 64 x Bamboo  pour 100.00β sur survie_new
[20:55:50] [ITEM_LISTED]: toonjosh vend 64 x Bamboo  pour 100.00β sur survie_new
[20:55:53] [ITEM_LISTED]: toonjosh vend 64 x Bamboo  pour 100.00β sur survie_new
[20:55:55] [ITEM_LISTED]: toonjosh vend 64 x Bamboo  pour 100.00β sur survie_new
[20:55:56] [ITEM_LISTED]: toonjosh vend 64 x Bamboo  pour 100.00β sur survie_new
[20:56:01] [ITEM_LISTED]: toonjosh vend 64 x Bamboo  pour 100.00β sur survie_new
[20:56:13] [ITEM_LISTED]: toonjosh vend 64 x Bamboo  pour 100.00β sur survie_new
[20:56:15] [ITEM_LISTED]: toonjosh vend 64 x Bamboo  pour 100.00β sur survie_new
[21:01:31] [ITEM_LISTED]: hugoleb vend 64 x Sugar Cane  pour 50.00β sur survie_new
[21:01:38] [ITEM_LISTED]: hugoleb vend 64 x Sugar Cane  pour 50.00β sur survie_new
[21:01:41] [ITEM_LISTED]: hugoleb vend 64 x Sugar Cane  pour 50.00β sur survie_new
[21:01:44] [ITEM_LISTED]: hugoleb vend 64 x Sugar Cane  pour 50.00β sur survie_new
[21:01:55] [ITEM_LISTED]: hugoleb vend 64 x Sugar Cane  pour 50.00β sur survie_new
[21:01:57] [ITEM_LISTED]: hugoleb vend 46 x Sugar Cane  pour 50.00β sur survie_new
[21:02:00] [ITEM_LISTED]: hugoleb vend 64 x Sugar Cane  pour 50.00β sur survie_new
[21:02:02] [ITEM_LISTED]: hugoleb vend 64 x Sugar Cane  pour 50.00β sur survie_new
[21:02:04] [ITEM_LISTED]: hugoleb vend 64 x Sugar Cane  pour 50.00β sur survie_new
[21:02:09] [ITEM_LISTED]: hugoleb vend 64 x Sugar Cane  pour 50.00β sur survie_new
[21:07:59] [ITEM_DROPPED]: Abandon de la vente Legendaires expirée de 64 x Quartz  pour 0.00β à leurs pieds le Nether
[21:07:59] [ITEM_DROPPED]: Abandon de la vente Legendaires expirée de 64 x Quartz  pour 0.00β à leurs pieds le Nether
[21:07:59] [ITEM_DROPPED]: Abandon de la vente Legendaires expirée de 64 x Quartz  pour 0.00β à leurs pieds le Nether
[21:07:59] [ITEM_DROPPED]: Abandon de la vente Legendaires expirée de 64 x Quartz  pour 0.00β à leurs pieds le Nether
[21:07:59] [ITEM_DROPPED]: Abandon de la vente Legendaires expirée de 64 x Quartz  pour 0.00β à leurs pieds le Nether
[21:32:44] [ITEM_LISTED]: hugoleb vend 64 x Nether Wart  pour 1,500.00β sur survie_new
[21:43:46] [ITEM_CANCELLED]: hugoleb annule la vente de 64x Sugar Cane pour 50.00β sur survie_new
[21:43:47] [ITEM_CANCELLED]: hugoleb annule la vente de 64x Sugar Cane pour 50.00β sur survie_new
[21:43:48] [ITEM_CANCELLED]: hugoleb annule la vente de 64x Sugar Cane pour 50.00β sur survie_new
[21:43:48] [ITEM_CANCELLED]: hugoleb annule la vente de 64x Sugar Cane pour 50.00β sur survie_new
[21:43:49] [ITEM_CANCELLED]: hugoleb annule la vente de 46x Sugar Cane pour 50.00β sur survie_new
[21:43:50] [ITEM_CANCELLED]: hugoleb annule la vente de 64x Sugar Cane pour 50.00β sur survie_new
[21:43:51] [ITEM_CANCELLED]: hugoleb annule la vente de 64x Leather pour 750.00β sur survie_new
[21:44:21] [ITEM_RETURNED]: 64 x Sugar Cane  renvoyé à hugoleb le survie_new
[21:44:22] [ITEM_RETURNED]: 64 x Sugar Cane  renvoyé à hugoleb le survie_new
[21:44:23] [ITEM_RETURNED]: 64 x Sugar Cane  renvoyé à hugoleb le survie_new
[21:44:23] [ITEM_RETURNED]: 64 x Sugar Cane  renvoyé à hugoleb le survie_new
[21:44:23] [ITEM_RETURNED]: 46 x Sugar Cane  renvoyé à hugoleb le survie_new
[22:05:55] [ITEM_LISTED]: CroixVeBaton vend 64 x Hay Block  pour 500.00β sur survie_new
[22:05:58] [ITEM_LISTED]: CroixVeBaton vend 64 x Hay Block  pour 500.00β sur survie_new
[22:06:01] [ITEM_LISTED]: CroixVeBaton vend 64 x Hay Block  pour 500.00β sur survie_new
[22:06:19] [ITEM_SOLD]: CroixVeBaton vendu 64 x Hay Block à  toonjosh pour 500.00 β le survie_new
[22:06:27] [ITEM_SOLD]: CroixVeBaton vendu 64 x Hay Block à  toonjosh pour 500.00 β le survie_new
[22:13:49] [ITEM_SOLD]: WyRz_ vendu 64 x Blaze Rod à  diotaro pour 100.00 β le survie_new
[22:13:59] [ITEM_SOLD]: clementderi vendu 16 x Nether Wart à  diotaro pour 500.00 β le survie_new
[22:19:05] [ITEM_LISTED]: diotaro vend 50 x Cobblestone  pour 1,000.00β sur survie_new
[22:19:20] [ITEM_LISTED]: diotaro vend 64 x Cobblestone  pour 50.00β sur survie_new
[22:20:57] [ITEM_LISTED]: IntegraleEpice vend 1 x Leather Chestplate  pour 100.00β sur survie_new
[22:20:58] [ITEM_LISTED]: IntegraleEpice vend 1 x Leather Chestplate  pour 100.00β sur survie_new
[22:21:00] [ITEM_LISTED]: IntegraleEpice vend 1 x Leather Chestplate  pour 100.00β sur survie_new
[22:23:58] [ITEM_LISTED]: LLIcocoman_Hrz vend 5 x Trapped Chest  pour 50.00β sur survie_new
[22:48:55] [ITEM_LISTED]: IntegraleEpice vend 1 x Leather Horse Armor  pour 500.00β sur survie_new
[22:56:28] [ITEM_LISTED]: Isaorya vend 64 x Dirt  pour 10.00β sur survie_new
[22:58:05] [ITEM_LISTED]: Isaorya vend 64 x Dirt  pour 10.00β sur survie_new
[23:50:31] [ITEM_LISTED]: LiKaneH vend 64 x Oak Log  pour 10.00β sur survie_new
