[00:07:56] [ITEM_LISTED]: Kaam98 listed 64x Bone for $100.00 on spawn
[00:07:58] [ITEM_LISTED]: Kaam98 listed 64x Bone for $100.00 on spawn
[00:08:00] [ITEM_LISTED]: Kaam98 listed 64x Bone for $100.00 on spawn
[00:09:55] [ITEM_LISTED]: Kaam98 listed 16x Egg for $80.00 on spawn
[00:09:56] [ITEM_LISTED]: Kaam98 listed 16x Egg for $80.00 on spawn
[00:09:57] [ITEM_LISTED]: Kaam98 listed 16x Egg for $80.00 on spawn
[00:12:26] [ITEM_LISTED]: Kaam98 listed 64x Leather for $200.00 on survie_new
[00:12:27] [ITEM_LISTED]: Kaam98 listed 64x Leather for $200.00 on survie_new
[00:12:29] [ITEM_LISTED]: Kaam98 listed 64x Leather for $200.00 on survie_new
[01:47:48] [ITEM_SOLD]: Kaam98 sold 1x Enchanted Book to Starkous for $1,500.00 on survie_new
[01:59:39] [ITEM_LISTED]: Fr3nCh_CraFt listed 1x Fishing Rod [Mending, Unbreaking III] for $1,200.00 on survie_new
[01:59:52] [ITEM_LISTED]: SqueZzor listed 1x Enchanted Book for $1,000.00 on spawn
[02:00:26] [ITEM_SOLD]: Kaam98 sold 64x Leather to SqueZzor for $200.00 on survie_new
[02:00:28] [ITEM_SOLD]: Kaam98 sold 64x Leather to SqueZzor for $200.00 on survie_new
[02:00:29] [ITEM_SOLD]: Kaam98 sold 64x Leather to SqueZzor for $200.00 on survie_new
[02:07:21] [ITEM_SOLD]: Kaam98 sold 16x Egg to kalaistar for $80.00 on spawn
[02:07:22] [ITEM_SOLD]: Kaam98 sold 16x Egg to kalaistar for $80.00 on spawn
[02:07:24] [ITEM_SOLD]: Kaam98 sold 16x Egg to kalaistar for $80.00 on spawn
[02:08:01] [ITEM_SOLD]: pierro sold 64x Coal to kalaistar for $150.00 on survie_new
[02:08:30] [ITEM_SOLD]: pierro sold 64x Coal to kalaistar for $150.00 on survie_new
[02:08:32] [ITEM_SOLD]: pierro sold 64x Coal to kalaistar for $150.00 on survie_new
[02:08:33] [ITEM_SOLD]: pierro sold 64x Coal to kalaistar for $150.00 on survie_new
[02:08:34] [ITEM_SOLD]: pierro sold 64x Coal to kalaistar for $150.00 on survie_new
[02:08:35] [ITEM_SOLD]: pierro sold 64x Coal to kalaistar for $150.00 on survie_new
[02:08:36] [ITEM_SOLD]: pierro sold 64x Coal to kalaistar for $150.00 on survie_new
[02:08:37] [ITEM_SOLD]: pierro sold 64x Coal to kalaistar for $150.00 on survie_new
[02:08:38] [ITEM_SOLD]: pierro sold 64x Coal to kalaistar for $150.00 on survie_new
[02:08:39] [ITEM_SOLD]: pierro sold 64x Coal to kalaistar for $150.00 on survie_new
[02:57:24] [ITEM_CANCELLED]: Kaam98 cancelled an auction for 64x Acacia Log for $200.00 on survie_new
[02:57:26] [ITEM_RETURNED]: Returned 64x Acacia Log to Kaam98 on survie_new
[03:06:05] [ITEM_LISTED]: SqueZzor listed 64x Melon for $1,000.00 on spawn
[03:20:12] [ITEM_SOLD]: EbLhH sold 11x Cactus to SqueZzor for $50.00 on survie_new
[03:20:15] [ITEM_SOLD]: EbLhH sold 2x Cactus to SqueZzor for $10.00 on survie_new
[03:44:48] [ITEM_LISTED]: Haru_M listed 1x Splash Potion for $80.00 on survie_new
[03:45:12] [ITEM_SOLD]: Haru_M sold 1x Splash Potion to k0ru for $80.00 on survie_new
[03:50:01] [ITEM_LISTED]: seiijjuro listed 64x Melon for $320.00 on spawn
[03:50:16] [ITEM_LISTED]: seiijjuro listed 64x Melon for $320.00 on spawn
[03:50:29] [ITEM_LISTED]: seiijjuro listed 64x Melon for $320.00 on spawn
[09:06:42] [ITEM_CANCELLED]: CapitaineNiamor cancelled an auction for 1x Enchanted Book for $4,000.00 on survie_new
[09:06:43] [ITEM_CANCELLED]: CapitaineNiamor cancelled an auction for 1x Shulker Box for $1,600.00 on survie_new
[09:06:43] [ITEM_CANCELLED]: CapitaineNiamor cancelled an auction for 1x Shulker Box for $1,600.00 on survie_new
[09:06:44] [ITEM_CANCELLED]: CapitaineNiamor cancelled an auction for 1x Dragon Head for $2,000.00 on survie_new
[09:06:44] [ITEM_CANCELLED]: CapitaineNiamor cancelled an auction for 1x Dragon Head for $2,000.00 on survie_new
[09:06:58] [ITEM_RETURNED]: Returned 1x Dragon Head to CapitaineNiamor on survie_new
[09:06:59] [ITEM_RETURNED]: Returned 1x Dragon Head to CapitaineNiamor on survie_new
[09:06:59] [ITEM_RETURNED]: Returned 1x Shulker Box to CapitaineNiamor on survie_new
[09:06:59] [ITEM_RETURNED]: Returned 1x Shulker Box to CapitaineNiamor on survie_new
[09:07:01] [ITEM_RETURNED]: Returned 1x Enchanted Book to CapitaineNiamor on survie_new
[09:07:13] [ITEM_LISTED]: CapitaineNiamor listed 1x Shulker Box for $1,200.00 on survie_new
[09:07:15] [ITEM_LISTED]: CapitaineNiamor listed 1x Shulker Box for $1,200.00 on survie_new
[09:07:28] [ITEM_LISTED]: CapitaineNiamor listed 1x Enchanted Book for $3,000.00 on survie_new
[09:55:30] [ITEM_SOLD]: CapitaineNiamor sold 1x Shulker Box to T_TRO_NUL for $1,200.00 on survie_new
[09:56:04] [ITEM_SOLD]: CapitaineNiamor sold 1x Enchanted Book to T_TRO_NUL for $3,000.00 on survie_new
[10:01:52] [ITEM_SOLD]: Haru_M sold 1x Diamond Shovel to  [Efficiency IV, Fortune III, Unbreaking III]jos807 for $1,500.00 on survie_new
[10:01:58] [ITEM_SOLD]: Kaam98 sold 1x Diamond Pickaxe to  [Unbreaking III]jos807 for $400.00 on survie_new
[10:02:44] [ITEM_SOLD]: LukasLemaire09 sold 1x Emerald to jos807 for $500.00 on Ressource
[10:02:47] [ITEM_SOLD]: LukasLemaire09 sold 1x Emerald to jos807 for $500.00 on Ressource
[10:04:04] [ITEM_SOLD]: toutom83 sold 1x Emerald to LukasLemaire09 for $450.00 on survie_new
[10:04:05] [ITEM_SOLD]: CapitaineNiamor sold 1x Shulker Box to jos807 for $1,200.00 on survie_new
[10:11:08] [ITEM_SOLD]: CapitaineNiamor sold 1x Leather Helmet to  [Protection II]jos807 for $50.00 on survie_new
[10:11:11] [ITEM_SOLD]: CapitaineNiamor sold 1x Leather Chestplate to  [Protection II]jos807 for $50.00 on survie_new
[10:11:18] [ITEM_SOLD]: CapitaineNiamor sold 1x Iron Axe to  [Efficiency I, Unbreaking I]jos807 for $50.00 on survie_new
[10:22:17] [ITEM_LISTED]: castor26 listed 64x Wheat Seeds for $25.00 on survie_new
[10:22:59] [ITEM_LISTED]: castor26 listed 64x Carrot for $100.00 on survie_new
[10:25:40] [ITEM_SOLD]: Kaam98 sold 1x Diamond Sword to  [Unbreaking III]castor26 for $150.00 on survie_new
[10:32:43] [ITEM_LISTED]: LukasLemaire09 listed 12x Blaze Rod for $200.00 on survie_new
[10:35:16] [ITEM_LISTED]: castor26 listed 64x Blaze Rod for $250.00 on survie_new
[10:35:18] [ITEM_LISTED]: castor26 listed 64x Blaze Rod for $250.00 on survie_new
[10:35:21] [ITEM_LISTED]: castor26 listed 64x Blaze Rod for $250.00 on survie_new
[10:35:31] [ITEM_LISTED]: castor26 listed 64x Blaze Rod for $250.00 on survie_new
[10:35:35] [ITEM_LISTED]: castor26 listed 64x Blaze Rod for $250.00 on survie_new
[10:39:27] [ITEM_SOLD]: Haru_M sold 1x Enchanted Book to pimendespelette for $2,500.00 on survie_new
[10:51:12] [ITEM_SOLD]: Kaam98 sold 1x Diamond Sword to  [Sharpness IV]LukasLemaire09 for $500.00 on survie_new
[10:54:31] [ITEM_SOLD]: Kaam98 sold 1x Diamond Pickaxe to  [Efficiency IV, Unbreaking III]LukasLemaire09 for $800.00 on survie_new
[10:55:55] [ITEM_LISTED]: LukasLemaire09 listed 1x Emerald for $500.00 on survie_new
[11:11:55] [ITEM_LISTED]: LukasLemaire09 listed 28x Iron Ingot for $250.00 on survie_new
[11:26:03] [ITEM_LISTED]: AlphaFox_FR listed 19x Gunpowder for $500.00 on survie_new
[11:27:18] [ITEM_SOLD]: AlphaFox_FR sold 19x Gunpowder to Tr0_F0r_M0i for $500.00 on survie_new
[11:29:16] [ITEM_LISTED]: castor26 listed 64x Blaze Rod for $250.00 on survie_new
[11:29:19] [ITEM_LISTED]: castor26 listed 64x Blaze Rod for $250.00 on survie_new
[11:29:22] [ITEM_LISTED]: castor26 listed 64x Blaze Rod for $250.00 on survie_new
[11:33:17] [ITEM_LISTED]: castor26 listed 64x Blaze Rod for $250.00 on survie_new
[11:34:39] [ITEM_LISTED]: REGDYLAN listed 1x Trident [Channeling, Impaling IV, Loyalty III, Mending, Unbreaking III] for $500,000.00 on survie_new
[11:36:27] [ITEM_CANCELLED]: REGDYLAN cancelled an auction for 1x Trident [Channeling, Impaling IV, Loyalty III, Mending, Unbreaking III] for $500,000.00 on survie_new
[11:36:29] [ITEM_RETURNED]: Returned 1x Trident [Channeling, Impaling IV, Loyalty III, Mending, Unbreaking III] to REGDYLAN on survie_new
[12:02:38] [ITEM_LISTED]: Senrey listed 3x [Cave spider Spawner] for $1,500.00 on survie_new
[12:03:30] [ITEM_SOLD]: Haru_M sold 1x Enchanted Book to LDM26 for $2,500.00 on survie_new
[12:10:36] [ITEM_LISTED]: LukasLemaire09 listed 2x Emerald for $500.00 on Ressource
[12:15:00] [ITEM_LISTED]: _Wiizy_ listed 1x Iron Pickaxe [Efficiency V, Silk Touch, Unbreaking III] for $1,500.00 on survie_new
[12:18:18] [ITEM_LISTED]: _Wiizy_ listed 1x Chainmail Helmet [Protection I] for $500.00 on survie_new
[12:19:54] [ITEM_LISTED]: Haru_M listed 1x Enchanted Book for $2,500.00 on survie_new
[12:19:56] [ITEM_LISTED]: Haru_M listed 1x Enchanted Book for $2,500.00 on survie_new
[12:20:09] [ITEM_CANCELLED]: Haru_M cancelled an auction for 1x Enchanted Book for $2,500.00 on survie_new
[12:20:10] [ITEM_CANCELLED]: Haru_M cancelled an auction for 1x Enchanted Book for $2,500.00 on survie_new
[12:20:41] [ITEM_RETURNED]: Returned 1x Enchanted Book to Haru_M on survie_new
[12:20:43] [ITEM_RETURNED]: Returned 1x Enchanted Book to Haru_M on survie_new
[12:20:55] [ITEM_LISTED]: Haru_M listed 1x Enchanted Book for $3,200.00 on survie_new
[12:20:57] [ITEM_LISTED]: Haru_M listed 1x Enchanted Book for $3,200.00 on survie_new
[12:21:27] [ITEM_LISTED]: LukasLemaire09 listed 1x Emerald for $250.00 on Ressource
[12:23:08] [ITEM_LISTED]: Haru_M listed 1x Enchanted Book for $800.00 on survie_new
[12:23:10] [ITEM_SOLD]: wisel51 sold 5x Dragon Breath to AzodFR for $150.00 on Ressource
[12:23:16] [ITEM_LISTED]: T_TRO_NUL listed 1x Enchanted Book for $10,000.00 on survie_new
[12:23:35] [ITEM_SOLD]: Haru_M sold 1x Enchanted Book to _Wiizy_ for $800.00 on survie_new
[12:25:23] [ITEM_SOLD]: Haru_M sold 64x Ink Sac to TheSpirou641 for $800.00 on survie_new
[12:26:40] [ITEM_CANCELLED]: Haru_M cancelled an auction for 1x Enchanted Book for $3,000.00 on survie_new
[12:26:42] [ITEM_CANCELLED]: Haru_M cancelled an auction for 1x Enchanted Book for $3,000.00 on survie_new
[12:26:52] [ITEM_RETURNED]: Returned 1x Enchanted Book to Haru_M on survie_new
[12:26:53] [ITEM_RETURNED]: Returned 1x Enchanted Book to Haru_M on survie_new
[12:27:12] [ITEM_LISTED]: Haru_M listed 1x Enchanted Book for $2,000.00 on Ressource
[12:27:15] [ITEM_LISTED]: Haru_M listed 1x Enchanted Book for $2,000.00 on Ressource
[12:27:18] [ITEM_SOLD]: Haru_M sold 1x Enchanted Book to Tr0_F0r_M0i for $2,000.00 on Ressource
[12:28:15] [ITEM_LISTED]: _Wiizy_ listed 1x Enchanted Book for $500.00 on survie_new
[12:34:11] [ITEM_SOLD]: _Wiizy_ sold 1x Elytra to REGDYLAN for $4,500.00 on Nether
[12:34:18] [ITEM_SOLD]: Haru_M sold 1x Enchanted Book to REGDYLAN for $3,200.00 on survie_new
[12:34:49] [ITEM_SOLD]: Haru_M sold 1x Enchanted Book to REGDYLAN for $2,000.00 on survie_new
[12:36:16] [ITEM_DROPPED]: Dropped lori110301's expired listing of 64x Sand for $0.00 at their feet on spawn
[12:36:16] [ITEM_DROPPED]: Dropped lori110301's expired listing of 64x Sand for $0.00 at their feet on spawn
[12:36:16] [ITEM_DROPPED]: Dropped lori110301's expired listing of 64x Sand for $0.00 at their feet on spawn
[12:36:16] [ITEM_DROPPED]: Dropped lori110301's expired listing of 63x Sand for $0.00 at their feet on spawn
[12:36:16] [ITEM_DROPPED]: Dropped lori110301's expired listing of 64x Sand for $0.00 at their feet on spawn
[12:36:16] [ITEM_DROPPED]: Dropped lori110301's expired listing of 64x Sand for $0.00 at their feet on spawn
[12:36:16] [ITEM_DROPPED]: Dropped lori110301's expired listing of 64x Sand for $0.00 at their feet on spawn
[12:36:16] [ITEM_DROPPED]: Dropped lori110301's expired listing of 64x Sand for $0.00 at their feet on spawn
[12:40:48] [ITEM_SOLD]: castor26 sold 64x Blaze Rod to jimzp for $250.00 on survie_new
[12:42:33] [ITEM_LISTED]: Haru_M listed 1x Enchanted Book for $2,000.00 on survie_new
[12:42:38] [ITEM_SOLD]: Haru_M sold 1x Enchanted Book to REGDYLAN for $2,000.00 on survie_new
[12:46:36] [ITEM_LISTED]: Haru_M listed 1x Enchanted Book for $2,500.00 on survie_new
[12:47:12] [ITEM_LISTED]: Haru_M listed 1x Enchanted Book for $2,500.00 on survie_new
[12:54:21] [ITEM_SOLD]: Haru_M sold 1x Enchanted Book to REGDYLAN for $2,000.00 on survie_new
[12:54:39] [ITEM_SOLD]: Haru_M sold 1x Enchanted Book to Tiss_Touille for $3,200.00 on survie_new
[12:55:21] [ITEM_SOLD]: Haru_M sold 1x Blue Shulker Box to Tiss_Touille for $1,800.00 on survie_new
[12:57:50] [ITEM_LISTED]: CapitaineNiamor listed 1x Diamond Chestplate [Protection IV, Unbreaking III] for $1,000.00 on survie_new
[12:57:58] [ITEM_LISTED]: CapitaineNiamor listed 1x Diamond Chestplate [Fire Protection III] for $500.00 on survie_new
[12:58:00] [ITEM_LISTED]: CapitaineNiamor listed 1x Diamond Leggings [Fire Protection III, Mending, Unbreaking III, Curse of Vanishing] for $500.00 on survie_new
[12:58:01] [ITEM_LISTED]: CapitaineNiamor listed 1x Diamond Sword [Bane of Arthropods IV, Unbreaking III] for $500.00 on survie_new
[12:58:09] [ITEM_LISTED]: CapitaineNiamor listed 1x Diamond Pickaxe [Efficiency IV, Unbreaking III] for $500.00 on survie_new
[12:58:14] [ITEM_LISTED]: CapitaineNiamor listed 1x Diamond Shovel [Efficiency III] for $250.00 on survie_new
[12:58:16] [ITEM_LISTED]: CapitaineNiamor listed 1x Diamond Shovel [Silk Touch] for $250.00 on survie_new
[12:58:25] [ITEM_LISTED]: CapitaineNiamor listed 1x Iron Shovel [Efficiency IV, Fortune III, Unbreaking III, Curse of Vanishing] for $50.00 on survie_new
[12:58:29] [ITEM_LISTED]: CapitaineNiamor listed 1x Iron Leggings [Protection IV, Unbreaking III] for $50.00 on survie_new
[12:58:30] [ITEM_LISTED]: CapitaineNiamor listed 1x Iron Leggings [Protection IV] for $50.00 on survie_new
[12:58:32] [ITEM_LISTED]: CapitaineNiamor listed 1x Iron Shovel [Efficiency IV] for $50.00 on survie_new
[12:58:36] [ITEM_LISTED]: CapitaineNiamor listed 1x Iron Leggings [Protection III] for $50.00 on survie_new
[12:58:38] [ITEM_LISTED]: CapitaineNiamor listed 1x Iron Boots [Feather Falling IV, Protection III] for $50.00 on survie_new
[12:58:39] [ITEM_LISTED]: CapitaineNiamor listed 1x Iron Shovel [Efficiency V, Fortune III, Unbreaking III] for $50.00 on survie_new
[12:58:41] [ITEM_LISTED]: CapitaineNiamor listed 1x Iron Pickaxe [Efficiency IV] for $50.00 on survie_new
[12:58:49] [ITEM_SOLD]: LukasLemaire09 sold 28x Iron Ingot to Tr0_F0r_M0i for $250.00 on survie_new
[12:58:51] [ITEM_LISTED]: CapitaineNiamor listed 1x Shulker Box for $1,300.00 on survie_new
[12:58:53] [ITEM_LISTED]: CapitaineNiamor listed 1x Shulker Box for $1,300.00 on survie_new
[12:59:01] [ITEM_LISTED]: CapitaineNiamor listed 1x Elytra for $2,000.00 on survie_new
[12:59:03] [ITEM_LISTED]: CapitaineNiamor listed 1x Elytra for $2,000.00 on survie_new
[13:06:01] [ITEM_SOLD]: Haru_M sold 1x Enchanted Book to Bamsir for $2,000.00 on Ressource
[13:06:16] [ITEM_SOLD]: CapitaineNiamor sold 1x Diamond Chestplate to  [Protection IV, Unbreaking III]Bamsir for $1,000.00 on survie_new
[13:06:26] [ITEM_SOLD]: CapitaineNiamor sold 1x Diamond Pickaxe to  [Efficiency IV, Unbreaking III]Bamsir for $500.00 on survie_new
[13:06:28] [ITEM_SOLD]: CapitaineNiamor sold 1x Elytra to Bamsir for $2,000.00 on survie_new
[13:06:33] [ITEM_SOLD]: castor26 sold 64x Blaze Rod to Bamsir for $250.00 on survie_new
[13:13:17] [ITEM_SOLD]: Kaio_Beninou sold 1x Enchanted Book to taratata6923 for $5,000.00 on survie_new
[13:17:42] [ITEM_LISTED]: taratata6923 listed 1x Enchanted Book for $1,999.00 on survie_new
[13:26:00] [ITEM_LISTED]: Haru_M listed 1x Turtle Egg for $500.00 on survie_new
[13:27:58] [ITEM_SOLD]: Haru_M sold 1x Turtle Egg to Bamsir for $500.00 on survie_new
[13:46:27] [ITEM_SOLD]: CapitaineNiamor sold 1x Diamond Shovel to  [Silk Touch]jos807 for $250.00 on survie_new
[13:46:42] [ITEM_SOLD]: Kaam98 sold 1x Diamond Sword to  [Smite V]jos807 for $500.00 on survie_new
[13:48:17] [ITEM_SOLD]: CapitaineNiamor sold 1x Iron Shovel to  [Efficiency IV, Fortune III, Unbreaking III, Curse of Vanishing]jos807 for $50.00 on survie_new
[14:00:26] [ITEM_CANCELLED]: mayte_ cancelled an auction for 2x Enchanted Golden Apple for $2,000.00 on Ressource
[14:00:27] [ITEM_CANCELLED]: mayte_ cancelled an auction for 1x Enchanted Golden Apple for $1,500.00 on survie_new
[14:00:29] [ITEM_CANCELLED]: mayte_ cancelled an auction for 1x Diamond Sword [Fire Aspect II, Sharpness VI, Unbreaking III] for $15,000.00 on survie_new
[14:00:30] [ITEM_RETURNED]: Returned 2x Enchanted Golden Apple to mayte_ on Ressource
[14:00:30] [ITEM_RETURNED]: Returned 1x Enchanted Golden Apple to mayte_ on survie_new
[14:00:31] [ITEM_RETURNED]: Returned 1x Diamond Sword [Fire Aspect II, Sharpness VI, Unbreaking III] to mayte_ on survie_new
[14:00:36] [ITEM_LISTED]: mayte_ listed 3x Enchanted Golden Apple for $2,000.00 on spawn
[14:00:43] [ITEM_LISTED]: mayte_ listed 1x Diamond Sword [Fire Aspect II, Sharpness VI, Unbreaking III] for $12,000.00 on spawn
[14:02:51] [ITEM_SOLD]: Kaio_Beninou sold 1x Enchanted Book to ExE_MethyloR for $5,000.00 on survie_new
[14:18:41] [ITEM_CANCELLED]: Haru_M cancelled an auction for 1x Enchanted Book for $2,000.00 on survie_new
[14:18:42] [ITEM_CANCELLED]: Haru_M cancelled an auction for 1x Enchanted Book for $2,500.00 on survie_new
[14:18:43] [ITEM_CANCELLED]: Haru_M cancelled an auction for 1x Enchanted Book for $2,500.00 on survie_new
[14:18:43] [ITEM_CANCELLED]: Haru_M cancelled an auction for 1x Enchanted Book for $2,000.00 on survie_new
[14:18:44] [ITEM_CANCELLED]: Haru_M cancelled an auction for 1x Enchanted Book for $2,000.00 on survie_new
[14:18:45] [ITEM_CANCELLED]: Haru_M cancelled an auction for 1x Yellow Shulker Box for $1,800.00 on survie_new
[14:18:46] [ITEM_CANCELLED]: Haru_M cancelled an auction for 1x Light Blue Shulker Box for $1,800.00 on survie_new
[14:18:47] [ITEM_CANCELLED]: Haru_M cancelled an auction for 1x Diamond Shovel [Efficiency III, Unbreaking III] for $1,500.00 on survie_new
[14:18:49] [ITEM_CANCELLED]: Haru_M cancelled an auction for 64x Ink Sac for $800.00 on survie_new
[14:18:50] [ITEM_CANCELLED]: Haru_M cancelled an auction for 6x [Cave spider Spawner] for $5,000.00 on survie_new
[14:18:50] [ITEM_CANCELLED]: Haru_M cancelled an auction for 6x [Cave spider Spawner] for $5,000.00 on survie_new
[14:18:51] [ITEM_CANCELLED]: Haru_M cancelled an auction for 1x Enchanted Book for $2,500.00 on survie_new
[14:18:52] [ITEM_CANCELLED]: Haru_M cancelled an auction for 1x Enchanted Book for $3,000.00 on survie_new
[14:18:53] [ITEM_CANCELLED]: Haru_M cancelled an auction for 1x [Squid Spawner] for $8,000.00 on survie_new
[14:18:53] [ITEM_CANCELLED]: Haru_M cancelled an auction for 1x [Squid Spawner] for $8,000.00 on survie_new
[14:18:54] [ITEM_CANCELLED]: Haru_M cancelled an auction for 1x [Squid Spawner] for $8,000.00 on survie_new
[14:18:55] [ITEM_CANCELLED]: Haru_M cancelled an auction for 1x Magenta Shulker Box for $1,800.00 on survie_new
[14:18:56] [ITEM_CANCELLED]: Haru_M cancelled an auction for 1x Pink Shulker Box for $1,800.00 on survie_new
[14:18:57] [ITEM_CANCELLED]: Haru_M cancelled an auction for 1x Orange Shulker Box for $1,800.00 on survie_new
[14:18:58] [ITEM_CANCELLED]: Haru_M cancelled an auction for 64x Ink Sac for $800.00 on survie_new
[14:45:44] [ITEM_SOLD]: CapitaineNiamor sold 1x Elytra to fredwills23 for $2,000.00 on survie_new
[14:49:05] [ITEM_SOLD]: Jarreshan sold 1x Map to _Shoku_ for $200.00 on Ressource
[14:50:42] [ITEM_LISTED]: AzodFR listed 1x Tarte au citron for $50.00 on survie_new
[14:51:02] [ITEM_SOLD]: Jarreshan sold 1x Map to _Shoku_ for $200.00 on Ressource
[14:54:08] [ITEM_SOLD]: CapitaineNiamor sold 1x Shulker Box to Aiwix for $1,300.00 on survie_new
[14:55:24] [ITEM_SOLD]: AzodFR sold 1x Tarte au citron to Haru_M for $50.00 on survie_new
[14:55:48] [ITEM_LISTED]: AlphaFox_FR listed 10x Baked Potato for $500.00 on Ressource
[14:56:30] [ITEM_LISTED]: Murdock_Co listed 64x Bread for $150.00 on survie_new
[14:56:33] [ITEM_LISTED]: Murdock_Co listed 64x Bread for $150.00 on survie_new
[14:56:36] [ITEM_LISTED]: Murdock_Co listed 64x Bread for $150.00 on survie_new
[14:56:39] [ITEM_CANCELLED]: AlphaFox_FR cancelled an auction for 10x Baked Potato for $500.00 on Ressource
[14:56:43] [ITEM_RETURNED]: Returned 10x Baked Potato to AlphaFox_FR on Ressource
[14:56:49] [ITEM_LISTED]: Murdock_Co listed 64x Bread for $150.00 on survie_new
[14:56:52] [ITEM_LISTED]: Murdock_Co listed 64x Bread for $150.00 on survie_new
[14:57:03] [ITEM_LISTED]: Murdock_Co listed 64x Bread for $150.00 on survie_new
[14:57:12] [ITEM_LISTED]: Murdock_Co listed 64x Bread for $150.00 on survie_new
[14:57:14] [ITEM_LISTED]: Murdock_Co listed 64x Bread for $150.00 on survie_new
[14:57:16] [ITEM_LISTED]: Murdock_Co listed 64x Bread for $150.00 on survie_new
[15:03:01] [ITEM_SOLD]: CapitaineNiamor sold 1x Diamond Shovel to  [Efficiency III]_Victor2 for $250.00 on survie_new
[15:05:18] [ITEM_LISTED]: CapitaineNiamor listed 1x Enchanted Book for $3,500.00 on survie_new
[15:06:18] [ITEM_SOLD]: CapitaineNiamor sold 1x Iron Shovel to  [Efficiency V, Fortune III, Unbreaking III]Aiwix for $50.00 on survie_new
[15:23:39] [ITEM_SOLD]: CapitaineNiamor sold 1x Shulker Box to TheSpirou641 for $1,300.00 on survie_new
[15:33:40] [ITEM_SOLD]: seiijjuro sold 64x Melon to Euphare13 for $320.00 on spawn
[15:40:49] [ITEM_LISTED]: Euphare13 listed 32x Melon for $1.00 on survie_new
[15:40:52] [ITEM_LISTED]: Euphare13 listed 64x Melon Slice for $1.00 on survie_new
[15:40:55] [ITEM_LISTED]: Euphare13 listed 64x Melon Slice for $1.00 on survie_new
[15:40:57] [ITEM_LISTED]: Euphare13 listed 43x Melon Slice for $1.00 on survie_new
[15:52:04] [ITEM_SOLD]: CapitaineNiamor sold 1x Iron Leggings to  [Protection IV, Unbreaking III]Yohan81 for $50.00 on survie_new
[15:54:02] [ITEM_RETURNED]: Returned 1x Enchanted Book to Haru_M on survie_new
[15:54:07] [ITEM_LISTED]: Haru_M listed 1x Enchanted Book for $3,000.00 on Ressource
[15:54:35] [ITEM_SOLD]: Haru_M sold 1x Enchanted Book to omega2028 for $3,000.00 on Ressource
[15:54:44] [ITEM_SOLD]: Euphare13 sold 32x Melon to AzodFR for $1.00 on survie_new
[15:55:21] [ITEM_RETURNED]: Returned 1x Enchanted Book to Haru_M on survie_new
[15:55:22] [ITEM_RETURNED]: Returned 1x Enchanted Book to Haru_M on survie_new
[15:55:23] [ITEM_RETURNED]: Returned 1x Enchanted Book to Haru_M on survie_new
[15:55:24] [ITEM_RETURNED]: Returned 1x Enchanted Book to Haru_M on survie_new
[15:55:25] [ITEM_RETURNED]: Returned 1x Enchanted Book to Haru_M on survie_new
[15:55:28] [ITEM_RETURNED]: Returned 1x Enchanted Book to Haru_M on survie_new
[15:55:31] [ITEM_RETURNED]: Returned 1x Enchanted Book to Haru_M on survie_new
[15:55:32] [ITEM_RETURNED]: Returned 1x Enchanted Book to Haru_M on survie_new
[15:55:33] [ITEM_RETURNED]: Returned 1x Enchanted Book to Haru_M on survie_new
[15:55:33] [ITEM_RETURNED]: Returned 1x Enchanted Book to Haru_M on survie_new
[15:55:34] [ITEM_RETURNED]: Returned 1x Enchanted Book to Haru_M on survie_new
[15:55:35] [ITEM_RETURNED]: Returned 1x Enchanted Book to Haru_M on survie_new
[15:55:36] [ITEM_RETURNED]: Returned 1x Enchanted Book to Haru_M on survie_new
[15:55:44] [ITEM_LISTED]: Haru_M listed 1x Enchanted Book for $2,000.00 on Ressource
[15:55:48] [ITEM_LISTED]: Haru_M listed 1x Enchanted Book for $2,000.00 on Ressource
[15:55:52] [ITEM_LISTED]: Haru_M listed 1x Enchanted Book for $2,000.00 on Ressource
[15:55:57] [ITEM_LISTED]: Haru_M listed 1x Enchanted Book for $2,000.00 on Ressource
[15:56:00] [ITEM_LISTED]: Haru_M listed 1x Enchanted Book for $2,000.00 on Ressource
[15:56:04] [ITEM_LISTED]: Haru_M listed 1x Enchanted Book for $2,000.00 on Ressource
[15:56:11] [ITEM_LISTED]: Haru_M listed 1x Enchanted Book for $2,000.00 on Ressource
[15:56:21] [ITEM_LISTED]: Haru_M listed 1x Enchanted Book for $2,000.00 on Ressource
[15:56:30] [ITEM_LISTED]: Haru_M listed 1x Enchanted Book for $3,000.00 on Ressource
[15:56:33] [ITEM_LISTED]: Haru_M listed 1x Enchanted Book for $3,000.00 on Ressource
[15:56:36] [ITEM_LISTED]: Haru_M listed 1x Enchanted Book for $3,000.00 on Ressource
[15:57:36] [ITEM_LISTED]: Haru_M listed 1x Enchanted Book for $2,500.00 on Ressource
[15:57:42] [ITEM_LISTED]: Haru_M listed 1x Enchanted Book for $3,000.00 on Ressource
[15:58:38] [ITEM_RETURNED]: Returned 1x [Squid Spawner] to Haru_M on survie_new
[16:12:08] [ITEM_LISTED]: _Chanel_ listed 15x Cookie for $500.00 on Ressource
[16:12:46] [ITEM_SOLD]: Murdock_Co sold 64x Bread to _Chanel_ for $150.00 on survie_new
[16:13:24] [ITEM_SOLD]: _Chanel_ sold 15x Cookie to _Shoku_ for $500.00 on Ressource
[16:14:02] [ITEM_SOLD]: _Wiizy_ sold 1x Iron Pickaxe to  [Efficiency V, Silk Touch, Unbreaking III]SawArrow_ for $1,500.00 on survie_new
[16:23:59] [ITEM_SOLD]: Andrew_90 sold 1x Shulker Box to SawArrow_ for $1,900.00 on survie_new
[16:25:46] [ITEM_SOLD]: Haru_M sold 1x Enchanted Book to Yohan81 for $3,000.00 on Ressource
[16:29:46] [ITEM_SOLD]: castor26 sold 64x Carrot to Euphare13 for $100.00 on survie_new
[16:55:12] [ITEM_SOLD]: Haru_M sold 1x Enchanted Book to kalaistar for $3,000.00 on Ressource
[17:05:03] [ITEM_CANCELLED]: Haru_M cancelled an auction for 1x Enchanted Book for $3,000.00 on Ressource
[17:05:10] [ITEM_RETURNED]: Returned 1x Enchanted Book to Haru_M on Ressource
[17:05:19] [ITEM_LISTED]: Haru_M listed 1x Enchanted Book for $2,500.00 on Ressource
[17:05:45] [ITEM_SOLD]: Haru_M sold 1x Enchanted Book to _Shoku_ for $2,500.00 on Ressource
[17:18:09] [ITEM_SOLD]: Haru_M sold 1x Enchanted Book to Gourdon_Akabane for $3,000.00 on Ressource
[17:22:11] [ITEM_DROPPED]: Dropped mayte_'s expired listing of 1x Cobblestone for $0.00 at their feet on survie_new
[17:22:11] [ITEM_DROPPED]: Dropped mayte_'s expired listing of 1x Cobblestone for $0.00 at their feet on survie_new
[17:22:11] [ITEM_DROPPED]: Dropped mayte_'s expired listing of 1x Cobblestone for $0.00 at their feet on survie_new
[17:22:11] [ITEM_DROPPED]: Dropped mayte_'s expired listing of 1x Cobblestone for $0.00 at their feet on survie_new
[17:22:11] [ITEM_DROPPED]: Dropped mayte_'s expired listing of 1x Cobblestone for $0.00 at their feet on survie_new
[17:22:11] [ITEM_DROPPED]: Dropped mayte_'s expired listing of 1x Cobblestone for $0.00 at their feet on survie_new
[17:22:11] [ITEM_DROPPED]: Dropped mayte_'s expired listing of 1x Cobblestone for $0.00 at their feet on survie_new
[17:22:11] [ITEM_DROPPED]: Dropped mayte_'s expired listing of 1x Cobblestone for $0.00 at their feet on survie_new
[17:30:25] [ITEM_SOLD]: Murdock_Co sold 64x Bread to mayte_ for $150.00 on survie_new
[17:36:39] [ITEM_LISTED]: pierro listed 64x Bamboo for $100.00 on survie_new
[17:36:46] [ITEM_LISTED]: pierro listed 64x Bamboo for $100.00 on survie_new
[17:37:20] [ITEM_LISTED]: CapitaineNiamor listed 4x Diamond for $400.00 on survie_new
[17:37:20] [ITEM_LISTED]: pierro listed 64x Bamboo for $100.00 on survie_new
[17:37:54] [ITEM_SOLD]: CapitaineNiamor sold 4x Diamond to mayte_ for $400.00 on survie_new
[17:38:11] [ITEM_LISTED]: pierro listed 64x Bamboo for $100.00 on survie_new
[17:38:42] [ITEM_LISTED]: pierro listed 64x Bamboo for $100.00 on survie_new
[17:42:27] [ITEM_LISTED]: RedMagic_ listed 4x Diamond for $350.00 on survie_new
[17:42:31] [ITEM_LISTED]: RedMagic_ listed 4x Diamond for $350.00 on survie_new
[17:42:33] [ITEM_LISTED]: RedMagic_ listed 4x Diamond for $350.00 on survie_new
[17:42:51] [ITEM_CANCELLED]: RedMagic_ cancelled an auction for 4x Diamond for $350.00 on survie_new
[17:43:17] [ITEM_RETURNED]: Returned 4x Diamond to RedMagic_ on survie_new
[17:43:20] [ITEM_RETURNED]: Returned 1x bPêcheur to RedMagic_ on survie_new
[17:43:39] [ITEM_CANCELLED]: RedMagic_ cancelled an auction for 4x Diamond for $350.00 on survie_new
[17:43:42] [ITEM_RETURNED]: Returned 4x Diamond to RedMagic_ on survie_new
[17:43:44] [ITEM_CANCELLED]: RedMagic_ cancelled an auction for 4x Diamond for $350.00 on survie_new
[17:43:46] [ITEM_RETURNED]: Returned 4x Diamond to RedMagic_ on survie_new
[17:43:56] [ITEM_LISTED]: RedMagic_ listed 4x Diamond for $350.00 on survie_new
[17:44:17] [ITEM_LISTED]: RedMagic_ listed 1x bPêcheur for $10,000.00 on survie_new
[17:46:23] [ITEM_SOLD]: RedMagic_ sold 4x Diamond to Migoux for $350.00 on survie_new
[17:48:47] [ITEM_LISTED]: RedMagic_ listed 1x Diamond Block for $800.00 on survie_new
[17:48:48] [ITEM_LISTED]: RedMagic_ listed 1x Diamond Block for $800.00 on survie_new
[17:49:59] [ITEM_SOLD]: RedMagic_ sold 1x Diamond Block to Syr_bobibo for $800.00 on survie_new
[17:50:00] [ITEM_SOLD]: RedMagic_ sold 1x Diamond Block to Syr_bobibo for $800.00 on survie_new
[17:50:34] [ITEM_LISTED]: RedMagic_ listed 1x Diamond Block for $850.00 on survie_new
[17:50:35] [ITEM_LISTED]: RedMagic_ listed 1x Diamond Block for $850.00 on survie_new
[17:50:37] [ITEM_LISTED]: RedMagic_ listed 1x Diamond Block for $850.00 on survie_new
[17:50:37] [ITEM_LISTED]: pierro listed 64x Bamboo for $100.00 on survie_new
[17:50:38] [ITEM_LISTED]: RedMagic_ listed 1x Diamond Block for $850.00 on survie_new
[17:50:42] [ITEM_LISTED]: pierro listed 64x Bamboo for $100.00 on survie_new
[17:55:51] [ITEM_SOLD]: CapitaineNiamor sold 1x Diamond Sword to  [Bane of Arthropods IV, Unbreaking III]corentinh612 for $500.00 on survie_new
[17:59:37] [ITEM_LISTED]: RedMagic_ listed 32x Iron Block for $2,100.00 on survie_new
[17:59:39] [ITEM_SOLD]: RedMagic_ sold 32x Iron Block to xmaxdcite for $2,100.00 on survie_new
[18:12:38] [ITEM_SOLD]: RedMagic_ sold 1x Diamond Block to Migoux for $850.00 on survie_new
[18:12:46] [ITEM_SOLD]: RedMagic_ sold 1x Diamond Block to Migoux for $850.00 on survie_new
[18:12:53] [ITEM_SOLD]: RedMagic_ sold 1x Diamond Block to Migoux for $850.00 on survie_new
[18:18:53] [ITEM_LISTED]: mayte_ listed 1x Player Head for $2,000.00 on survie_new
[18:18:55] [ITEM_LISTED]: mayte_ listed 1x Player Head for $2,000.00 on survie_new
[18:18:56] [ITEM_LISTED]: mayte_ listed 1x Player Head for $2,000.00 on survie_new
[18:18:58] [ITEM_LISTED]: mayte_ listed 1x Player Head for $2,000.00 on survie_new
[18:19:01] [ITEM_LISTED]: mayte_ listed 1x Player Head for $2,000.00 on survie_new
[18:19:02] [ITEM_LISTED]: mayte_ listed 1x Player Head for $2,000.00 on survie_new
[18:19:03] [ITEM_LISTED]: mayte_ listed 1x Player Head for $2,000.00 on survie_new
[18:19:04] [ITEM_LISTED]: mayte_ listed 1x Player Head for $2,000.00 on survie_new
[18:19:07] [ITEM_LISTED]: mayte_ listed 1x Player Head for $2,000.00 on survie_new
[18:19:09] [ITEM_LISTED]: mayte_ listed 1x Player Head for $2,000.00 on survie_new
[18:19:10] [ITEM_LISTED]: mayte_ listed 1x Player Head for $2,000.00 on survie_new
[18:19:11] [ITEM_LISTED]: mayte_ listed 1x Player Head for $2,000.00 on survie_new
[18:19:14] [ITEM_LISTED]: mayte_ listed 1x Player Head for $2,000.00 on survie_new
[18:19:15] [ITEM_LISTED]: mayte_ listed 1x Player Head for $2,000.00 on survie_new
[18:19:17] [ITEM_LISTED]: mayte_ listed 1x Player Head for $2,000.00 on survie_new
[18:19:41] [ITEM_LISTED]: mayte_ listed 1x Player Head for $2,000.00 on survie_new
[18:19:47] [ITEM_LISTED]: mayte_ listed 1x Player Head for $2,000.00 on survie_new
[18:19:52] [ITEM_LISTED]: mayte_ listed 1x Player Head for $2,000.00 on survie_new
[18:21:36] [ITEM_SOLD]: pierro sold 64x Bamboo to EdLcUs for $50.00 on survie_new
[18:22:00] [ITEM_SOLD]: Fr3nCh_CraFt sold 1x Fishing Rod to  [unknown, Mending, Unbreaking III, Curse of Vanishing]EdLcUs for $990.00 on survie_new
[18:22:34] [ITEM_SOLD]: GuiGuiPlay sold 64x Melon to EdLcUs for $640.00 on survie_new
[18:30:29] [ITEM_SOLD]: RedMagic_ sold 1x Diamond Block to _Shoku_ for $850.00 on survie_new
[18:33:57] [ITEM_LISTED]: ploup07380 listed 1x Red Mushroom Block for $10,000.00 on Ressource
[18:35:16] [ITEM_SOLD]: Haru_M sold 1x Enchanted Book to EdLcUs for $2,000.00 on Ressource
[18:36:16] [ITEM_SOLD]: CapitaineNiamor sold 1x Iron Shovel to  [Efficiency IV]Syr_bobibo for $50.00 on survie_new
[18:40:09] [ITEM_LISTED]: REGDYLAN listed 1x Enchanted Book for $2,501.00 on survie_new
[18:40:45] [ITEM_SOLD]: REGDYLAN sold 1x Enchanted Book to KertyBro for $2,501.00 on survie_new
[18:54:40] [ITEM_LISTED]: REGDYLAN listed 1x Name Tag for $300.00 on survie_new
[18:54:48] [ITEM_LISTED]: REGDYLAN listed 1x Name Tag for $301.00 on survie_new
[18:54:52] [ITEM_LISTED]: REGDYLAN listed 1x Name Tag for $302.00 on survie_new
[18:55:03] [ITEM_SOLD]: REGDYLAN sold 1x Name Tag to Tesla248 for $300.00 on survie_new
[18:55:05] [ITEM_SOLD]: REGDYLAN sold 1x Name Tag to Tesla248 for $301.00 on survie_new
[18:55:07] [ITEM_SOLD]: REGDYLAN sold 1x Name Tag to Tesla248 for $302.00 on survie_new
[19:01:55] [ITEM_SOLD]: pierro sold 64x Bamboo to Nexusso for $100.00 on survie_new
[19:13:17] [ITEM_LISTED]: REGDYLAN listed 64x Iron Ingot for $1,500.00 on survie_new
[19:13:19] [ITEM_LISTED]: REGDYLAN listed 64x Iron Ingot for $1,500.00 on survie_new
[19:13:21] [ITEM_LISTED]: REGDYLAN listed 64x Iron Ingot for $1,500.00 on survie_new
[19:13:24] [ITEM_LISTED]: REGDYLAN listed 64x Iron Ingot for $1,500.00 on survie_new
[19:13:27] [ITEM_LISTED]: REGDYLAN listed 64x Iron Ingot for $1,500.00 on survie_new
[19:13:29] [ITEM_LISTED]: REGDYLAN listed 64x Iron Ingot for $1,500.00 on survie_new
[19:13:32] [ITEM_LISTED]: REGDYLAN listed 64x Iron Ingot for $1,500.00 on survie_new
[19:13:34] [ITEM_LISTED]: REGDYLAN listed 64x Iron Ingot for $1,500.00 on survie_new
[19:13:36] [ITEM_LISTED]: REGDYLAN listed 64x Iron Ingot for $1,500.00 on survie_new
[19:13:38] [ITEM_LISTED]: REGDYLAN listed 64x Iron Ingot for $1,500.00 on survie_new
[19:13:42] [ITEM_LISTED]: REGDYLAN listed 64x Iron Ingot for $1,500.00 on survie_new
[19:14:01] [ITEM_LISTED]: REGDYLAN listed 64x Iron Ingot for $1,500.00 on survie_new
[19:14:03] [ITEM_LISTED]: REGDYLAN listed 64x Iron Ingot for $1,500.00 on survie_new
[19:14:06] [ITEM_LISTED]: REGDYLAN listed 64x Iron Ingot for $1,500.00 on survie_new
[19:14:08] [ITEM_LISTED]: REGDYLAN listed 64x Iron Ingot for $1,500.00 on survie_new
[19:14:11] [ITEM_LISTED]: REGDYLAN listed 64x Iron Ingot for $1,500.00 on survie_new
[19:15:42] [ITEM_CANCELLED]: REGDYLAN cancelled an auction for 64x Iron Ingot for $1,500.00 on survie_new
[19:15:42] [ITEM_CANCELLED]: REGDYLAN cancelled an auction for 64x Iron Ingot for $1,500.00 on survie_new
[19:15:43] [ITEM_CANCELLED]: REGDYLAN cancelled an auction for 64x Iron Ingot for $1,500.00 on survie_new
[19:15:43] [ITEM_CANCELLED]: REGDYLAN cancelled an auction for 64x Iron Ingot for $1,500.00 on survie_new
[19:15:44] [ITEM_CANCELLED]: REGDYLAN cancelled an auction for 64x Iron Ingot for $1,500.00 on survie_new
[19:15:44] [ITEM_CANCELLED]: REGDYLAN cancelled an auction for 64x Iron Ingot for $1,500.00 on survie_new
[19:15:44] [ITEM_CANCELLED]: REGDYLAN cancelled an auction for 64x Iron Ingot for $1,500.00 on survie_new
[19:15:44] [ITEM_CANCELLED]: REGDYLAN cancelled an auction for 64x Iron Ingot for $1,500.00 on survie_new
[19:15:45] [ITEM_CANCELLED]: REGDYLAN cancelled an auction for 64x Iron Ingot for $1,500.00 on survie_new
[19:15:45] [ITEM_CANCELLED]: REGDYLAN cancelled an auction for 64x Iron Ingot for $1,500.00 on survie_new
[19:15:45] [ITEM_CANCELLED]: REGDYLAN cancelled an auction for 64x Iron Ingot for $1,500.00 on survie_new
[19:15:45] [ITEM_CANCELLED]: REGDYLAN cancelled an auction for 64x Iron Ingot for $1,500.00 on survie_new
[19:15:45] [ITEM_CANCELLED]: REGDYLAN cancelled an auction for 64x Iron Ingot for $1,500.00 on survie_new
[19:15:46] [ITEM_CANCELLED]: REGDYLAN cancelled an auction for 64x Iron Ingot for $1,500.00 on survie_new
[19:15:46] [ITEM_CANCELLED]: REGDYLAN cancelled an auction for 64x Iron Ingot for $1,500.00 on survie_new
[19:15:46] [ITEM_CANCELLED]: REGDYLAN cancelled an auction for 64x Iron Ingot for $1,500.00 on survie_new
[19:15:48] [ITEM_RETURNED]: Returned 64x Iron Ingot to REGDYLAN on survie_new
[19:15:48] [ITEM_RETURNED]: Returned 64x Iron Ingot to REGDYLAN on survie_new
[19:15:48] [ITEM_RETURNED]: Returned 64x Iron Ingot to REGDYLAN on survie_new
[19:15:49] [ITEM_RETURNED]: Returned 64x Iron Ingot to REGDYLAN on survie_new
[19:15:49] [ITEM_RETURNED]: Returned 64x Iron Ingot to REGDYLAN on survie_new
[19:15:49] [ITEM_RETURNED]: Returned 64x Iron Ingot to REGDYLAN on survie_new
[19:15:49] [ITEM_RETURNED]: Returned 64x Iron Ingot to REGDYLAN on survie_new
[19:15:49] [ITEM_RETURNED]: Returned 64x Iron Ingot to REGDYLAN on survie_new
[19:15:49] [ITEM_RETURNED]: Returned 64x Iron Ingot to REGDYLAN on survie_new
[19:15:50] [ITEM_RETURNED]: Returned 64x Iron Ingot to REGDYLAN on survie_new
[19:15:50] [ITEM_RETURNED]: Returned 64x Iron Ingot to REGDYLAN on survie_new
[19:15:50] [ITEM_RETURNED]: Returned 64x Iron Ingot to REGDYLAN on survie_new
[19:15:50] [ITEM_RETURNED]: Returned 64x Iron Ingot to REGDYLAN on survie_new
[19:15:50] [ITEM_RETURNED]: Returned 64x Iron Ingot to REGDYLAN on survie_new
[19:15:50] [ITEM_RETURNED]: Returned 64x Iron Ingot to REGDYLAN on survie_new
[19:15:51] [ITEM_RETURNED]: Returned 64x Iron Ingot to REGDYLAN on survie_new
[19:16:13] [ITEM_LISTED]: REGDYLAN listed 64x Iron Ingot for $950.00 on survie_new
[19:16:15] [ITEM_LISTED]: REGDYLAN listed 64x Iron Ingot for $950.00 on survie_new
[19:16:17] [ITEM_LISTED]: REGDYLAN listed 64x Iron Ingot for $950.00 on survie_new
[19:16:18] [ITEM_LISTED]: REGDYLAN listed 64x Iron Ingot for $950.00 on survie_new
[19:16:20] [ITEM_LISTED]: REGDYLAN listed 64x Iron Ingot for $950.00 on survie_new
[19:16:22] [ITEM_LISTED]: REGDYLAN listed 64x Iron Ingot for $950.00 on survie_new
[19:16:23] [ITEM_LISTED]: REGDYLAN listed 64x Iron Ingot for $950.00 on survie_new
[19:16:25] [ITEM_LISTED]: REGDYLAN listed 64x Iron Ingot for $950.00 on survie_new
[19:16:27] [ITEM_LISTED]: REGDYLAN listed 64x Iron Ingot for $950.00 on survie_new
[19:16:29] [ITEM_LISTED]: REGDYLAN listed 64x Iron Ingot for $950.00 on survie_new
[19:16:34] [ITEM_LISTED]: REGDYLAN listed 64x Iron Ingot for $1,000.00 on survie_new
[19:16:38] [ITEM_LISTED]: REGDYLAN listed 64x Iron Ingot for $1,000.00 on survie_new
[19:16:40] [ITEM_LISTED]: REGDYLAN listed 64x Iron Ingot for $1,000.00 on survie_new
[19:16:44] [ITEM_LISTED]: REGDYLAN listed 64x Iron Ingot for $10,000.00 on survie_new
[19:16:50] [ITEM_LISTED]: REGDYLAN listed 64x Iron Ingot for $950.00 on survie_new
[19:16:52] [ITEM_LISTED]: REGDYLAN listed 64x Iron Ingot for $950.00 on survie_new
[19:17:01] [ITEM_CANCELLED]: REGDYLAN cancelled an auction for 64x Iron Ingot for $10,000.00 on survie_new
[19:17:05] [ITEM_CANCELLED]: REGDYLAN cancelled an auction for 64x Iron Ingot for $950.00 on survie_new
[19:17:05] [ITEM_CANCELLED]: REGDYLAN cancelled an auction for 64x Iron Ingot for $950.00 on survie_new
[19:17:06] [ITEM_CANCELLED]: REGDYLAN cancelled an auction for 64x Iron Ingot for $1,000.00 on survie_new
[19:17:06] [ITEM_CANCELLED]: REGDYLAN cancelled an auction for 64x Iron Ingot for $1,000.00 on survie_new
[19:17:07] [ITEM_CANCELLED]: REGDYLAN cancelled an auction for 64x Iron Ingot for $1,000.00 on survie_new
[19:17:08] [ITEM_CANCELLED]: REGDYLAN cancelled an auction for 64x Iron Ingot for $950.00 on survie_new
[19:17:10] [ITEM_RETURNED]: Returned 64x Iron Ingot to REGDYLAN on survie_new
[19:17:10] [ITEM_RETURNED]: Returned 64x Iron Ingot to REGDYLAN on survie_new
[19:17:11] [ITEM_RETURNED]: Returned 64x Iron Ingot to REGDYLAN on survie_new
[19:17:11] [ITEM_RETURNED]: Returned 64x Iron Ingot to REGDYLAN on survie_new
[19:17:11] [ITEM_RETURNED]: Returned 64x Iron Ingot to REGDYLAN on survie_new
[19:17:11] [ITEM_RETURNED]: Returned 64x Iron Ingot to REGDYLAN on survie_new
[19:17:11] [ITEM_RETURNED]: Returned 64x Iron Ingot to REGDYLAN on survie_new
[19:17:30] [ITEM_LISTED]: REGDYLAN listed 64x Iron Ingot for $1,000.00 on survie_new
[19:17:34] [ITEM_LISTED]: REGDYLAN listed 64x Iron Ingot for $10,000.00 on survie_new
[19:17:39] [ITEM_LISTED]: REGDYLAN listed 64x Iron Ingot for $1,000.00 on survie_new
[19:17:51] [ITEM_LISTED]: REGDYLAN listed 64x Iron Ingot for $950.00 on survie_new
[19:17:53] [ITEM_LISTED]: REGDYLAN listed 64x Iron Ingot for $950.00 on survie_new
[19:17:54] [ITEM_LISTED]: REGDYLAN listed 64x Iron Ingot for $950.00 on survie_new
[19:17:57] [ITEM_LISTED]: REGDYLAN listed 64x Iron Ingot for $950.00 on survie_new
[19:19:17] [ITEM_SOLD]: REGDYLAN sold 64x Iron Ingot to Migoux for $950.00 on survie_new
[19:19:18] [ITEM_SOLD]: REGDYLAN sold 64x Iron Ingot to Migoux for $950.00 on survie_new
[19:19:20] [ITEM_SOLD]: REGDYLAN sold 64x Iron Ingot to Migoux for $950.00 on survie_new
[19:19:21] [ITEM_SOLD]: REGDYLAN sold 64x Iron Ingot to Migoux for $950.00 on survie_new
[19:19:22] [ITEM_SOLD]: REGDYLAN sold 64x Iron Ingot to Migoux for $1,000.00 on survie_new
[19:19:27] [ITEM_SOLD]: REGDYLAN sold 64x Iron Ingot to Migoux for $1,000.00 on survie_new
[19:19:36] [ITEM_SOLD]: REGDYLAN sold 64x Iron Ingot to Migoux for $950.00 on survie_new
[19:19:38] [ITEM_SOLD]: REGDYLAN sold 64x Iron Ingot to Migoux for $950.00 on survie_new
[19:19:39] [ITEM_SOLD]: REGDYLAN sold 64x Iron Ingot to Migoux for $950.00 on survie_new
[19:20:00] [ITEM_CANCELLED]: REGDYLAN cancelled an auction for 64x Iron Ingot for $10,000.00 on survie_new
[19:20:08] [ITEM_RETURNED]: Returned 64x Iron Ingot to REGDYLAN on survie_new
[19:20:14] [ITEM_LISTED]: REGDYLAN listed 64x Iron Ingot for $950.00 on survie_new
[19:20:38] [ITEM_SOLD]: REGDYLAN sold 64x Iron Ingot to Kaam98 for $950.00 on survie_new
[19:20:39] [ITEM_SOLD]: REGDYLAN sold 64x Iron Ingot to Kaam98 for $950.00 on survie_new
[19:20:40] [ITEM_SOLD]: REGDYLAN sold 64x Iron Ingot to Kaam98 for $950.00 on survie_new
[19:20:41] [ITEM_SOLD]: REGDYLAN sold 64x Iron Ingot to Kaam98 for $950.00 on survie_new
[19:20:42] [ITEM_SOLD]: REGDYLAN sold 64x Iron Ingot to Kaam98 for $950.00 on survie_new
[19:20:43] [ITEM_SOLD]: REGDYLAN sold 64x Iron Ingot to Kaam98 for $950.00 on survie_new
[19:20:44] [ITEM_SOLD]: REGDYLAN sold 64x Iron Ingot to Kaam98 for $950.00 on survie_new
[19:22:12] [ITEM_LISTED]: CapitaineNiamor listed 1x Diamond Horse Armor for $200.00 on survie_new
[19:22:14] [ITEM_LISTED]: CapitaineNiamor listed 1x Diamond Horse Armor for $200.00 on survie_new
[19:22:18] [ITEM_LISTED]: CapitaineNiamor listed 1x Golden Horse Armor for $50.00 on survie_new
[19:22:20] [ITEM_LISTED]: CapitaineNiamor listed 1x Iron Horse Armor for $50.00 on survie_new
[19:22:31] [ITEM_LISTED]: CapitaineNiamor listed 1x Saddle for $50.00 on survie_new
[19:22:33] [ITEM_LISTED]: CapitaineNiamor listed 1x Saddle for $50.00 on survie_new
[19:22:34] [ITEM_LISTED]: CapitaineNiamor listed 1x Saddle for $50.00 on survie_new
[19:24:43] [ITEM_LISTED]: CapitaineNiamor listed 1x Shulker Box for $1,500.00 on survie_new
[19:24:44] [ITEM_LISTED]: CapitaineNiamor listed 1x Shulker Box for $1,500.00 on survie_new
[19:24:46] [ITEM_LISTED]: CapitaineNiamor listed 1x Shulker Box for $1,500.00 on survie_new
[19:24:47] [ITEM_LISTED]: CapitaineNiamor listed 1x Shulker Box for $1,500.00 on survie_new
[19:24:56] [ITEM_LISTED]: CapitaineNiamor listed 1x Elytra for $3,000.00 on survie_new
[19:25:21] [ITEM_LISTED]: CapitaineNiamor listed 1x Diamond Pickaxe [Efficiency IV, Unbreaking III] for $500.00 on survie_new
[19:25:41] [ITEM_CANCELLED]: CapitaineNiamor cancelled an auction for 1x Diamond Pickaxe [Efficiency IV, Unbreaking III] for $500.00 on survie_new
[19:25:43] [ITEM_RETURNED]: Returned 1x Diamond Pickaxe [Efficiency IV, Unbreaking III] to CapitaineNiamor on survie_new
[19:25:55] [ITEM_LISTED]: CapitaineNiamor listed 1x Diamond Pickaxe [Efficiency IV, Unbreaking III] for $1,000.00 on survie_new
[19:26:00] [ITEM_LISTED]: CapitaineNiamor listed 1x Diamond Pickaxe [Fortune II, Unbreaking III] for $500.00 on survie_new
[19:26:09] [ITEM_SOLD]: CapitaineNiamor sold 1x Diamond Pickaxe to  [Fortune II, Unbreaking III]Syr_bobibo for $500.00 on survie_new
[19:26:10] [ITEM_LISTED]: CapitaineNiamor listed 1x Diamond Pickaxe [Efficiency III] for $250.00 on survie_new
[19:26:22] [ITEM_LISTED]: CapitaineNiamor listed 1x Iron Pickaxe [Unbreaking III] for $100.00 on survie_new
[19:26:23] [ITEM_LISTED]: CapitaineNiamor listed 1x Iron Pickaxe [Efficiency IV, Fortune III, Curse of Vanishing] for $100.00 on survie_new
[19:26:47] [ITEM_LISTED]: CapitaineNiamor listed 1x Iron Shovel [Efficiency III] for $50.00 on survie_new
[19:26:52] [ITEM_LISTED]: CapitaineNiamor listed 1x Diamond Shovel [Efficiency III, Fortune I, Unbreaking III] for $500.00 on survie_new
[19:26:56] [ITEM_LISTED]: CapitaineNiamor listed 1x Diamond Sword [Knockback II, Mending] for $100.00 on survie_new
[19:26:58] [ITEM_LISTED]: CapitaineNiamor listed 1x Diamond Sword [Bane of Arthropods IV] for $100.00 on survie_new
[19:27:45] [ITEM_LISTED]: CapitaineNiamor listed 1x Diamond Boots [Mending, Protection IV, Unbreaking III] for $1,500.00 on survie_new
[19:27:54] [ITEM_LISTED]: CapitaineNiamor listed 1x Diamond Chestplate [Protection III, Unbreaking III] for $1,000.00 on survie_new
[19:28:00] [ITEM_LISTED]: CapitaineNiamor listed 1x Diamond Leggings [Protection III] for $500.00 on survie_new
[19:28:03] [ITEM_LISTED]: CapitaineNiamor listed 1x Diamond Leggings [Fire Protection IV, Mending, Unbreaking III, Curse of Vanishing] for $100.00 on survie_new
[19:28:09] [ITEM_LISTED]: CapitaineNiamor listed 1x Diamond Helmet [Curse of Binding] for $100.00 on survie_new
[19:28:11] [ITEM_LISTED]: CapitaineNiamor listed 1x Diamond Chestplate [Fire Protection III] for $100.00 on survie_new
[19:28:13] [ITEM_LISTED]: CapitaineNiamor listed 1x Diamond Boots [Curse of Binding, Fire Protection IV] for $100.00 on survie_new
[19:28:18] [ITEM_LISTED]: CapitaineNiamor listed 1x Iron Helmet [Respiration III, Unbreaking III] for $100.00 on survie_new
[19:28:20] [ITEM_LISTED]: CapitaineNiamor listed 1x Iron Helmet [Protection III] for $100.00 on survie_new
[19:28:23] [ITEM_LISTED]: CapitaineNiamor listed 1x Iron Boots [Curse of Binding, Protection IV] for $100.00 on survie_new
[19:28:25] [ITEM_LISTED]: CapitaineNiamor listed 1x Iron Chestplate [Fire Protection III, Mending] for $100.00 on survie_new
[19:28:29] [ITEM_LISTED]: CapitaineNiamor listed 1x Iron Boots [Fire Protection II, Frost Walker II] for $100.00 on survie_new
[19:28:32] [ITEM_LISTED]: CapitaineNiamor listed 1x Iron Helmet [Aqua Affinity, Protection III, Respiration III] for $100.00 on survie_new
[19:28:34] [ITEM_LISTED]: CapitaineNiamor listed 1x Iron Boots [Depth Strider III] for $100.00 on survie_new
[19:28:36] [ITEM_LISTED]: CapitaineNiamor listed 1x Iron Boots [Projectile Protection IV] for $100.00 on survie_new
[19:31:01] [ITEM_SOLD]: CapitaineNiamor sold 1x Iron Horse Armor to Syr_bobibo for $50.00 on survie_new
[19:31:05] [ITEM_LISTED]: REGDYLAN listed 64x Iron Ingot for $950.00 on survie_new
[19:31:14] [ITEM_LISTED]: REGDYLAN listed 64x Gold Ingot for $1,250.00 on survie_new
[19:31:15] [ITEM_CANCELLED]: ploup07380 cancelled an auction for 1x Red Mushroom Block for $10,000.00 on Ressource
[19:31:16] [ITEM_LISTED]: REGDYLAN listed 64x Gold Ingot for $1,250.00 on survie_new
[19:31:18] [ITEM_RETURNED]: Returned 1x Red Mushroom Block to ploup07380 on Ressource
[19:31:19] [ITEM_LISTED]: REGDYLAN listed 64x Gold Ingot for $1,250.00 on survie_new
[19:31:26] [ITEM_LISTED]: REGDYLAN listed 64x Gold Ingot for $12,500.00 on survie_new
[19:31:28] [ITEM_RETURNED]: Returned 1x Iron Chestplate [Curse of Binding, Protection IV] to CapitaineNiamor on survie_new
[19:31:28] [ITEM_RETURNED]: Returned 1x Iron Leggings [Fire Protection II, Unbreaking III] to CapitaineNiamor on End
[19:31:29] [ITEM_RETURNED]: Returned 1x Diamond Chestplate [Fire Protection II] to CapitaineNiamor on survie_new
[19:31:29] [ITEM_RETURNED]: Returned 1x Iron Leggings [Projectile Protection IV, Unbreaking III] to CapitaineNiamor on survie_new
[19:31:29] [ITEM_RETURNED]: Returned 1x Iron Leggings [Fire Protection IV, Mending] to CapitaineNiamor on survie_new
[19:31:30] [ITEM_RETURNED]: Returned 1x Iron Chestplate [Curse of Binding, Protection IV, Unbreaking III] to CapitaineNiamor on survie_new
[19:31:30] [ITEM_RETURNED]: Returned 1x Iron Shovel to CapitaineNiamor on survie_new
[19:31:31] [ITEM_LISTED]: REGDYLAN listed 64x Gold Ingot for $1,250.00 on survie_new
[19:31:33] [ITEM_LISTED]: REGDYLAN listed 64x Gold Ingot for $1,250.00 on survie_new
[19:31:36] [ITEM_LISTED]: CapitaineNiamor listed 1x Iron Chestplate [Curse of Binding, Protection IV] for $10.00 on survie_new
[19:31:37] [ITEM_LISTED]: CapitaineNiamor listed 1x Iron Leggings [Fire Protection II, Unbreaking III] for $10.00 on survie_new
[19:31:39] [ITEM_LISTED]: CapitaineNiamor listed 1x Diamond Chestplate [Fire Protection II] for $10.00 on survie_new
[19:31:43] [ITEM_LISTED]: CapitaineNiamor listed 1x Iron Chestplate [Curse of Binding, Protection IV, Unbreaking III] for $10.00 on survie_new
[19:31:50] [ITEM_SOLD]: REGDYLAN sold 64x Gold Ingot to Migoux for $1,250.00 on survie_new
[19:31:51] [ITEM_SOLD]: REGDYLAN sold 64x Gold Ingot to Kaam98 for $1,250.00 on survie_new
[19:31:52] [ITEM_SOLD]: REGDYLAN sold 64x Gold Ingot to Migoux for $1,250.00 on survie_new
[19:31:53] [ITEM_SOLD]: REGDYLAN sold 64x Gold Ingot to Kaam98 for $12,500.00 on survie_new
[19:31:53] [ITEM_SOLD]: REGDYLAN sold 64x Gold Ingot to Migoux for $1,250.00 on survie_new
[19:31:54] [ITEM_SOLD]: REGDYLAN sold 64x Iron Ingot to Migoux for $950.00 on survie_new
[19:31:55] [ITEM_SOLD]: REGDYLAN sold 64x Gold Ingot to Kaam98 for $1,250.00 on survie_new
[19:36:21] [ITEM_SOLD]: CapitaineNiamor sold 1x Diamond Sword to  [Knockback II, Mending]Gr33nEagl3 for $100.00 on survie_new
[19:36:31] [ITEM_SOLD]: CapitaineNiamor sold 1x Diamond Shovel to  [Efficiency III, Fortune I, Unbreaking III]Gr33nEagl3 for $500.00 on survie_new
[19:46:24] [ITEM_SOLD]: pierro sold 64x Bamboo to Gr33nEagl3 for $50.00 on survie_new
[19:46:26] [ITEM_SOLD]: pierro sold 64x Bamboo to Gr33nEagl3 for $50.00 on survie_new
[19:46:28] [ITEM_SOLD]: pierro sold 64x Bamboo to Gr33nEagl3 for $50.00 on survie_new
[19:46:30] [ITEM_SOLD]: pierro sold 64x Bamboo to Gr33nEagl3 for $50.00 on survie_new
[19:49:00] [ITEM_SOLD]: CapitaineNiamor sold 1x Diamond Boots to  [Mending, Protection IV, Unbreaking III]Aiwix for $1,500.00 on survie_new
[19:53:50] [ITEM_SOLD]: Azerter_ sold 64x Sugar Cane to Syr_bobibo for $400.00 on survie_new
[20:09:21] [ITEM_LISTED]: Kaio_Beninou listed 1x Enchanted Book for $5,000.00 on survie_new
[20:09:25] [ITEM_LISTED]: Kaio_Beninou listed 1x Enchanted Book for $5,000.00 on survie_new
[20:09:29] [ITEM_LISTED]: Kaio_Beninou listed 1x Enchanted Book for $5,000.00 on survie_new
[20:09:32] [ITEM_LISTED]: Kaio_Beninou listed 1x Enchanted Book for $5,000.00 on survie_new
[20:09:36] [ITEM_LISTED]: Kaio_Beninou listed 1x Enchanted Book for $5,000.00 on survie_new
[20:23:43] [ITEM_LISTED]: RedMagic_ listed 1x Diamond Block for $850.00 on survie_new
[20:23:45] [ITEM_LISTED]: RedMagic_ listed 1x Diamond Block for $850.00 on survie_new
[20:23:46] [ITEM_LISTED]: RedMagic_ listed 1x Diamond Block for $850.00 on survie_new
[20:23:47] [ITEM_LISTED]: RedMagic_ listed 1x Diamond Block for $850.00 on survie_new
[20:24:38] [ITEM_SOLD]: castor26 sold 64x Blaze Rod to Syr_bobibo for $250.00 on survie_new
[20:28:48] [ITEM_SOLD]: RedMagic_ sold 1x Diamond Block to Migoux for $850.00 on survie_new
[20:28:49] [ITEM_SOLD]: RedMagic_ sold 1x Diamond Block to Migoux for $850.00 on survie_new
[20:28:50] [ITEM_SOLD]: RedMagic_ sold 1x Diamond Block to Migoux for $850.00 on survie_new
[20:28:51] [ITEM_SOLD]: RedMagic_ sold 1x Diamond Block to Migoux for $850.00 on survie_new
[20:47:49] [ITEM_SOLD]: Haru_M sold 1x Enchanted Book to CapitaineNiamor for $2,500.00 on Ressource
[20:53:28] [ITEM_SOLD]: CapitaineNiamor sold 1x Elytra to _Shoku_ for $3,000.00 on survie_new
[20:55:12] [ITEM_RETURNED]: Returned 1x Beacon to The_Wiz_D on survie_new
[20:55:23] [ITEM_LISTED]: The_Wiz_D listed 1x Beacon for $50,000.00 on Ressource
[20:59:22] [ITEM_LISTED]: mayte_ listed 1x [Zombie Spawner] for $1,000.00 on survie_new
[20:59:39] [ITEM_SOLD]: mayte_ sold 1x [Zombie Spawner] to CapitaineNiamor for $1,000.00 on survie_new
[21:00:13] [ITEM_LISTED]: CapitaineNiamor listed 3x Wither Skeleton Skull for $10,000.00 on survie_new
[21:00:15] [ITEM_LISTED]: CapitaineNiamor listed 3x Wither Skeleton Skull for $10,000.00 on survie_new
[21:00:39] [ITEM_LISTED]: CapitaineNiamor listed 1x Dragon Head for $1,000.00 on survie_new
[21:00:41] [ITEM_LISTED]: CapitaineNiamor listed 1x Dragon Head for $1,000.00 on survie_new
[21:02:52] [ITEM_CANCELLED]: mayte_ cancelled an auction for 1x Dad for $200.00 on survie_new
[21:02:55] [ITEM_RETURNED]: Returned 1x Dad to mayte_ on survie_new
[21:02:59] [ITEM_LISTED]: mayte_ listed 1x Dad for $100.00 on survie_new
[21:10:52] [ITEM_CANCELLED]: The_Wiz_D cancelled an auction for 1x Beacon for $50,000.00 on Ressource
[21:10:53] [ITEM_RETURNED]: Returned 1x Beacon to The_Wiz_D on Ressource
[21:23:33] [ITEM_CANCELLED]: mayte_ cancelled an auction for 1x Diamond Sword [Fire Aspect II, Sharpness VI, Unbreaking III] for $12,000.00 on spawn
[21:23:34] [ITEM_RETURNED]: Returned 1x Diamond Sword [Fire Aspect II, Sharpness VI, Unbreaking III] to mayte_ on spawn
[21:23:40] [ITEM_LISTED]: mayte_ listed 1x Diamond Sword [Fire Aspect II, Sharpness VI, Unbreaking III] for $10,000.00 on survie_new
[21:25:51] [ITEM_SOLD]: CapitaineNiamor sold 1x Diamond Leggings to  [Fire Protection IV, Mending, Unbreaking III, Curse of Vanishing]jojotv10 for $100.00 on survie_new
[21:25:53] [ITEM_SOLD]: CapitaineNiamor sold 1x Diamond Boots to  [Curse of Binding, Fire Protection IV]jojotv10 for $100.00 on survie_new
[21:25:55] [ITEM_SOLD]: CapitaineNiamor sold 1x Diamond Chestplate to  [Fire Protection III]jojotv10 for $100.00 on survie_new
[21:25:57] [ITEM_SOLD]: CapitaineNiamor sold 1x Diamond Helmet to  [Curse of Binding]jojotv10 for $100.00 on survie_new
[21:26:00] [ITEM_SOLD]: CapitaineNiamor sold 1x Diamond Sword to  [Bane of Arthropods IV]jojotv10 for $100.00 on survie_new
[21:26:54] [ITEM_SOLD]: CapitaineNiamor sold 1x Diamond Chestplate to  [Fire Protection II]Jev16 for $10.00 on survie_new
[21:27:37] [ITEM_SOLD]: Kaam98 sold 1x Diamond Chestplate to  [Blast Protection IV]jojotv10 for $150.00 on survie_new
[21:27:38] [ITEM_SOLD]: Kaam98 sold 1x Diamond Chestplate to  [Fire Protection III, Unbreaking III]jojotv10 for $150.00 on survie_new
[21:33:39] [ITEM_LISTED]: CroixVeBaton listed 1x Diamond Pickaxe [Silk Touch, Unbreaking III] for $3,000.00 on survie_new
[21:34:59] [ITEM_SOLD]: CapitaineNiamor sold 3x Wither Skeleton Skull to Aiwix for $10,000.00 on survie_new
[21:35:01] [ITEM_SOLD]: CapitaineNiamor sold 3x Wither Skeleton Skull to Aiwix for $10,000.00 on survie_new
[21:41:11] [ITEM_SOLD]: Kaam98 sold 1x Diamond Leggings to  [Protection III, Unbreaking III]Tiss_Touille for $900.00 on survie_new
[22:27:02] [ITEM_LISTED]: Baltya listed 64x Slime Ball for $10,000.00 on survie_new
[22:27:09] [ITEM_LISTED]: Baltya listed 64x Slime Ball for $10,000.00 on survie_new
[22:50:56] [ITEM_SOLD]: T_TRO_NUL sold 1x [Spider Spawner] to Gr33nEagl3 for $1,000.00 on Ressource
[22:51:08] [ITEM_SOLD]: T_TRO_NUL sold 1x [Cave spider Spawner] to Gr33nEagl3 for $1,000.00 on Ressource
[23:47:02] [ITEM_LISTED]: pierro listed 64x Coal for $150.00 on survie_new
[23:48:24] [ITEM_LISTED]: pierro listed 64x Scaffolding for $200.00 on survie_new
[23:49:06] [ITEM_LISTED]: pierro listed 64x Coal for $100.00 on survie_new
