[00:30:06] [ITEM_SOLD]: Marcoco50100 vendu 24 x Cookie à  skytoux pour 30.00 β le survie_new
[00:30:09] [ITEM_SOLD]: Marcoco50100 vendu 1 x Iron Horse Armor à  gralamaite pour 100.00 β le survie_new
[00:30:41] [ITEM_SOLD]: Bertrand vendu 1 x Music Disc Cat à  skytoux pour 400.00 β le survie_new
[00:31:22] [ITEM_SOLD]: pikatchou82 vendu 64 x Iron Door à  gralamaite pour 800.00 β le survie_new
[00:43:18] [ITEM_SOLD]: OfCourse vendu 64 x Dirt à  FaucheuseYT pour 0.10 β le survie_new
[00:43:19] [ITEM_SOLD]: OfCourse vendu 64 x Dirt à  FaucheuseYT pour 0.10 β le survie_new
[00:43:20] [ITEM_SOLD]: OfCourse vendu 64 x Dirt à  FaucheuseYT pour 0.10 β le survie_new
[00:43:21] [ITEM_SOLD]: OfCourse vendu 64 x Dirt à  FaucheuseYT pour 0.10 β le survie_new
[00:43:22] [ITEM_SOLD]: OfCourse vendu 64 x Dirt à  FaucheuseYT pour 0.10 β le survie_new
[00:43:23] [ITEM_SOLD]: OfCourse vendu 64 x Dirt à  FaucheuseYT pour 0.10 β le survie_new
[00:43:24] [ITEM_SOLD]: OfCourse vendu 64 x Dirt à  FaucheuseYT pour 0.10 β le survie_new
[00:43:24] [ITEM_SOLD]: OfCourse vendu 64 x Dirt à  FaucheuseYT pour 0.10 β le survie_new
[00:43:25] [ITEM_SOLD]: OfCourse vendu 64 x Dirt à  FaucheuseYT pour 0.10 β le survie_new
[00:43:26] [ITEM_SOLD]: OfCourse vendu 64 x Dirt à  FaucheuseYT pour 0.10 β le survie_new
[00:43:27] [ITEM_SOLD]: OfCourse vendu 64 x Dirt à  FaucheuseYT pour 0.10 β le survie_new
[00:43:28] [ITEM_SOLD]: OfCourse vendu 64 x Dirt à  FaucheuseYT pour 0.10 β le survie_new
[00:43:34] [ITEM_SOLD]: OfCourse vendu 64 x Dirt à  FaucheuseYT pour 0.10 β le survie_new
[00:43:36] [ITEM_SOLD]: OfCourse vendu 64 x Dirt à  FaucheuseYT pour 0.10 β le survie_new
[03:53:54] [ITEM_SOLD]: Bertrand vendu 1 x Totem Of Undying à  Zarbikop pour 5,000.00 β le survie_new
[05:35:09] [ITEM_SOLD]: Kaio_Beninou vendu 10 x Ink Sac à  Zarbikop pour 500.00 β le survie_new
[11:30:40] [ITEM_LISTED]: Haru_M vend 1 x Written Book  pour 1,000,000.00β sur survie_new
[13:04:35] [ITEM_LISTED]: hugoleb vend 1 x Globe  pour 1,550.00β sur survie_new
[13:04:38] [ITEM_SOLD]: hugoleb vendu 1 x Globe à  aidan pour 1,550.00 β le survie_new
[13:29:44] [ITEM_RETURNED]: 1 x Saddle  renvoyé à Kaio_Beninou le survie_new
[13:29:44] [ITEM_RETURNED]: 1 x Enchanted Book  renvoyé à Kaio_Beninou le survie_new
[13:30:24] [ITEM_LISTED]: Kaio_Beninou vend 1 x Shulker Box  pour 5,000.00β sur survie_new
[13:30:30] [ITEM_LISTED]: Kaio_Beninou vend 1 x Saddle  pour 500.00β sur survie_new
[13:30:41] [ITEM_LISTED]: Kaio_Beninou vend 1 x Enchanted Book  pour 2,000.00β sur survie_new
[13:31:27] [ITEM_LISTED]: Kaio_Beninou vend 10 x Ink Sac  pour 500.00β sur survie_new
[13:33:59] [ITEM_DROPPED]: Abandon de la vente OfCourse expirée de 64 x Dirt  pour 0.00β à leurs pieds le survie_new
[13:33:59] [ITEM_DROPPED]: Abandon de la vente OfCourse expirée de 64 x Dirt  pour 0.00β à leurs pieds le survie_new
[13:33:59] [ITEM_DROPPED]: Abandon de la vente OfCourse expirée de 64 x Dirt  pour 0.00β à leurs pieds le survie_new
[13:33:59] [ITEM_DROPPED]: Abandon de la vente OfCourse expirée de 45 x Dirt  pour 0.00β à leurs pieds le survie_new
[13:33:59] [ITEM_DROPPED]: Abandon de la vente OfCourse expirée de 1 x Golden Apple  pour 0.00β à leurs pieds le survie_new
[13:33:59] [ITEM_DROPPED]: Abandon de la vente OfCourse expirée de 1 x Golden Apple  pour 0.00β à leurs pieds le survie_new
[13:33:59] [ITEM_DROPPED]: Abandon de la vente OfCourse expirée de 1 x Golden Apple  pour 0.00β à leurs pieds le survie_new
[13:33:59] [ITEM_DROPPED]: Abandon de la vente OfCourse expirée de 1 x Golden Apple  pour 0.00β à leurs pieds le survie_new
[13:33:59] [ITEM_DROPPED]: Abandon de la vente OfCourse expirée de 1 x Golden Carrot  pour 0.00β à leurs pieds le survie_new
[13:33:59] [ITEM_DROPPED]: Abandon de la vente OfCourse expirée de 1 x Glistering Melon Slice  pour 0.00β à leurs pieds le survie_new
[13:33:59] [ITEM_DROPPED]: Abandon de la vente OfCourse expirée de 64 x Oak Pressure Plate  pour 0.00β à leurs pieds le survie_new
[13:33:59] [ITEM_DROPPED]: Abandon de la vente OfCourse expirée de 64 x Oak Pressure Plate  pour 0.00β à leurs pieds le survie_new
[13:33:59] [ITEM_DROPPED]: Abandon de la vente OfCourse expirée de 32 x Oak Pressure Plate  pour 0.00β à leurs pieds le survie_new
[14:53:38] [ITEM_SOLD]: Sifflote vendu 64 x Gold Ingot à  RoroElPadre pour 2,750.00 β le survie_new
[16:47:09] [ITEM_SOLD]: hugoleb vendu 1 x Leather Boots à  Mboubou pour 0.00 β le survie_new
[16:47:10] [ITEM_SOLD]: hugoleb vendu 1 x Leather Chestplate à  Mboubou pour 0.00 β le survie_new
[16:47:12] [ITEM_SOLD]: hugoleb vendu 1 x Leather Leggings à  Mboubou pour 0.00 β le survie_new
[16:47:14] [ITEM_SOLD]: hugoleb vendu 1 x Leather Helmet à  Mboubou pour 0.00 β le survie_new
[16:53:32] [ITEM_SOLD]: Mboubou vendu 1 x Enchanted Book à  RoroElPadre pour 6,500.00 β le survie_new
[17:31:39] [ITEM_LISTED]: Bertrand vend 1 x Music Disc Cat  pour 200.00β sur survie_new
[17:31:45] [ITEM_LISTED]: Bertrand vend 1 x Music Disc 13  pour 200.00β sur survie_new
[18:16:57] [ITEM_LISTED]: OfCourse vend 64 x Dirt  pour 0.10β sur survie_new
[18:17:15] [ITEM_LISTED]: OfCourse vend 64 x Dirt  pour 0.10β sur survie_new
[18:17:16] [ITEM_SOLD]: OfCourse vendu 64 x Dirt à  hugoleb pour 0.10 β le survie_new
[18:17:21] [ITEM_LISTED]: OfCourse vend 64 x Dirt  pour 0.10β sur survie_new
[18:17:25] [ITEM_LISTED]: OfCourse vend 64 x Dirt  pour 0.10β sur survie_new
[18:19:42] [ITEM_LISTED]: Skybest90 vend 1 x Golden Horse Armor  pour 900.00β sur survie_new
[18:20:45] [ITEM_SOLD]: Skybest90 vendu 1 x Golden Horse Armor à  Mboubou pour 900.00 β le survie_new
[18:39:28] [ITEM_SOLD]: OfCourse vendu 64 x Dirt à  hugoleb pour 0.10 β le survie_new
[18:39:30] [ITEM_SOLD]: OfCourse vendu 64 x Dirt à  hugoleb pour 0.10 β le survie_new
[18:39:31] [ITEM_SOLD]: OfCourse vendu 64 x Dirt à  hugoleb pour 0.10 β le survie_new
[18:44:09] [ITEM_DROPPED]: Abandon de la vente omega2028 expirée de 26 x Blaze Rod  pour 0.00β à leurs pieds le survie_new
[18:44:09] [ITEM_DROPPED]: Abandon de la vente omega2028 expirée de 64 x Blaze Rod  pour 0.00β à leurs pieds le survie_new
[18:44:09] [ITEM_DROPPED]: Abandon de la vente omega2028 expirée de 64 x Blaze Rod  pour 0.00β à leurs pieds le survie_new
[18:44:09] [ITEM_DROPPED]: Abandon de la vente omega2028 expirée de 64 x Blaze Rod  pour 0.00β à leurs pieds le survie_new
[18:44:09] [ITEM_DROPPED]: Abandon de la vente omega2028 expirée de 64 x Blaze Rod  pour 0.00β à leurs pieds le survie_new
[18:58:46] [ITEM_DROPPED]: Abandon de la vente Yohan81 expirée de 16 x Snowball  pour 0.00β à leurs pieds le survie_new
[18:58:46] [ITEM_DROPPED]: Abandon de la vente Yohan81 expirée de 16 x Snowball  pour 0.00β à leurs pieds le survie_new
[18:58:46] [ITEM_DROPPED]: Abandon de la vente Yohan81 expirée de 16 x Snowball  pour 0.00β à leurs pieds le survie_new
[18:58:46] [ITEM_DROPPED]: Abandon de la vente Yohan81 expirée de 16 x Snowball  pour 0.00β à leurs pieds le survie_new
[18:58:46] [ITEM_DROPPED]: Abandon de la vente Yohan81 expirée de 16 x Snowball  pour 0.00β à leurs pieds le survie_new
[18:58:46] [ITEM_DROPPED]: Abandon de la vente Yohan81 expirée de 16 x Snowball  pour 0.00β à leurs pieds le survie_new
[18:58:46] [ITEM_DROPPED]: Abandon de la vente Yohan81 expirée de 16 x Snowball  pour 0.00β à leurs pieds le survie_new
[18:58:46] [ITEM_DROPPED]: Abandon de la vente Yohan81 expirée de 10 x Snowball  pour 0.00β à leurs pieds le survie_new
[18:58:46] [ITEM_DROPPED]: Abandon de la vente Yohan81 expirée de 16 x Snowball  pour 0.00β à leurs pieds le survie_new
[18:58:46] [ITEM_DROPPED]: Abandon de la vente Yohan81 expirée de 16 x Snowball  pour 0.00β à leurs pieds le survie_new
[18:58:46] [ITEM_DROPPED]: Abandon de la vente Yohan81 expirée de 16 x Snowball  pour 0.00β à leurs pieds le survie_new
[18:58:46] [ITEM_DROPPED]: Abandon de la vente Yohan81 expirée de 16 x Snowball  pour 0.00β à leurs pieds le survie_new
[18:58:46] [ITEM_DROPPED]: Abandon de la vente Yohan81 expirée de 16 x Snowball  pour 0.00β à leurs pieds le survie_new
[18:58:46] [ITEM_DROPPED]: Abandon de la vente Yohan81 expirée de 16 x Snowball  pour 0.00β à leurs pieds le survie_new
[18:58:46] [ITEM_DROPPED]: Abandon de la vente Yohan81 expirée de 16 x Snowball  pour 0.00β à leurs pieds le survie_new
[18:58:46] [ITEM_DROPPED]: Abandon de la vente Yohan81 expirée de 16 x Snowball  pour 0.00β à leurs pieds le survie_new
[18:58:46] [ITEM_DROPPED]: Abandon de la vente Yohan81 expirée de 16 x Snowball  pour 0.00β à leurs pieds le survie_new
[18:58:46] [ITEM_DROPPED]: Abandon de la vente Yohan81 expirée de 1 x Saddle  pour 0.00β à leurs pieds le survie_new
[18:58:46] [ITEM_DROPPED]: Abandon de la vente Yohan81 expirée de 1 x Saddle  pour 0.00β à leurs pieds le survie_new
[18:58:46] [ITEM_DROPPED]: Abandon de la vente Yohan81 expirée de 1 x Enchanted Book  pour 0.00β à leurs pieds le survie_new
[18:58:46] [ITEM_DROPPED]: Abandon de la vente Yohan81 expirée de 1 x Enchanted Book  pour 0.00β à leurs pieds le survie_new
[18:58:46] [ITEM_DROPPED]: Abandon de la vente Yohan81 expirée de 1 x Enchanted Book  pour 0.00β à leurs pieds le survie_new
[18:58:46] [ITEM_DROPPED]: Abandon de la vente Yohan81 expirée de 1 x Enchanted Book  pour 0.00β à leurs pieds le survie_new
[18:58:46] [ITEM_DROPPED]: Abandon de la vente Yohan81 expirée de 1 x Enchanted Book  pour 0.00β à leurs pieds le survie_new
[18:59:11] [ITEM_LISTED]: Yohan81 vend 1 x Enchanted Book  pour 2,500.00β sur survie_new
[18:59:15] [ITEM_LISTED]: Yohan81 vend 1 x Enchanted Book  pour 2,000.00β sur survie_new
[18:59:22] [ITEM_LISTED]: Yohan81 vend 1 x Enchanted Book  pour 1,000.00β sur survie_new
[18:59:26] [ITEM_LISTED]: Yohan81 vend 1 x Enchanted Book  pour 1,000.00β sur survie_new
[18:59:28] [ITEM_LISTED]: Yohan81 vend 1 x Enchanted Book  pour 1,000.00β sur survie_new
[18:59:34] [ITEM_LISTED]: Yohan81 vend 1 x Saddle  pour 50.00β sur survie_new
[18:59:42] [ITEM_LISTED]: Yohan81 vend 1 x Saddle  pour 50.00β sur survie_new
[18:59:49] [ITEM_LISTED]: Yohan81 vend 16 x Snowball  pour 20.00β sur survie_new
[18:59:50] [ITEM_LISTED]: Yohan81 vend 16 x Snowball  pour 20.00β sur survie_new
[18:59:56] [ITEM_LISTED]: Yohan81 vend 10 x Snowball  pour 12.00β sur survie_new
[19:00:01] [ITEM_LISTED]: Yohan81 vend 16 x Snowball  pour 20.00β sur survie_new
[19:00:03] [ITEM_LISTED]: Yohan81 vend 16 x Snowball  pour 20.00β sur survie_new
[19:00:06] [ITEM_LISTED]: Yohan81 vend 16 x Snowball  pour 20.00β sur survie_new
[19:00:08] [ITEM_LISTED]: Yohan81 vend 16 x Snowball  pour 20.00β sur survie_new
[19:00:09] [ITEM_LISTED]: Yohan81 vend 16 x Snowball  pour 20.00β sur survie_new
[19:00:13] [ITEM_LISTED]: Yohan81 vend 16 x Snowball  pour 20.00β sur survie_new
[19:00:14] [ITEM_LISTED]: Yohan81 vend 16 x Snowball  pour 20.00β sur survie_new
[19:00:16] [ITEM_LISTED]: Yohan81 vend 16 x Snowball  pour 20.00β sur survie_new
[19:00:20] [ITEM_LISTED]: Yohan81 vend 16 x Snowball  pour 20.00β sur survie_new
[19:00:21] [ITEM_LISTED]: Yohan81 vend 16 x Snowball  pour 20.00β sur survie_new
[19:00:22] [ITEM_LISTED]: Yohan81 vend 16 x Snowball  pour 20.00β sur survie_new
[19:00:26] [ITEM_LISTED]: Yohan81 vend 16 x Snowball  pour 20.00β sur survie_new
[19:00:28] [ITEM_LISTED]: Yohan81 vend 16 x Snowball  pour 20.00β sur survie_new
[19:00:31] [ITEM_LISTED]: Yohan81 vend 16 x Snowball  pour 20.00β sur survie_new
[19:11:36] [ITEM_LISTED]: EclaRaft vend 64 x Dirt  pour 10.00β sur survie_new
[19:11:38] [ITEM_LISTED]: EclaRaft vend 64 x Dirt  pour 10.00β sur survie_new
[19:11:42] [ITEM_LISTED]: EclaRaft vend 64 x Dirt  pour 10.00β sur survie_new
[19:11:45] [ITEM_LISTED]: EclaRaft vend 64 x Dirt  pour 10.00β sur survie_new
[19:11:47] [ITEM_LISTED]: EclaRaft vend 64 x Dirt  pour 10.00β sur survie_new
[19:11:58] [ITEM_SOLD]: EclaRaft vendu 64 x Dirt à  hugoleb pour 10.00 β le survie_new
[19:12:00] [ITEM_SOLD]: EclaRaft vendu 64 x Dirt à  hugoleb pour 10.00 β le survie_new
[19:12:01] [ITEM_SOLD]: EclaRaft vendu 64 x Dirt à  hugoleb pour 10.00 β le survie_new
[19:12:02] [ITEM_SOLD]: EclaRaft vendu 64 x Dirt à  hugoleb pour 10.00 β le survie_new
[19:12:03] [ITEM_SOLD]: EclaRaft vendu 64 x Dirt à  hugoleb pour 10.00 β le survie_new
[19:24:19] [ITEM_LISTED]: Mboubou vend 1 x Written Book  pour 10.00β sur survie_new
[19:26:04] [ITEM_SOLD]: Christophe_ vendu 1 x Enchanted Book à  hugoleb pour 5,000.00 β le survie_new
[20:06:13] [ITEM_LISTED]: Yohan81 vend 1 x Enchanted Book  pour 3,000.00β sur survie_new
[20:06:17] [ITEM_LISTED]: Yohan81 vend 1 x Enchanted Book  pour 6,000.00β sur survie_new
[20:14:57] [ITEM_DROPPED]: Abandon de la vente AzodFR expirée de 1 x Written Book  pour 0.00β à leurs pieds le survie_new
[20:14:57] [ITEM_DROPPED]: Abandon de la vente AzodFR expirée de 1 x Written Book  pour 0.00β à leurs pieds le survie_new
[20:14:57] [ITEM_DROPPED]: Abandon de la vente AzodFR expirée de 1 x Written Book  pour 0.00β à leurs pieds le survie_new
[20:14:57] [ITEM_DROPPED]: Abandon de la vente AzodFR expirée de 1 x Written Book  pour 0.00β à leurs pieds le survie_new
[20:14:57] [ITEM_DROPPED]: Abandon de la vente AzodFR expirée de 1 x Written Book  pour 0.00β à leurs pieds le survie_new
[20:14:57] [ITEM_DROPPED]: Abandon de la vente AzodFR expirée de 1 x Written Book  pour 0.00β à leurs pieds le survie_new
[20:14:57] [ITEM_DROPPED]: Abandon de la vente AzodFR expirée de 1 x Written Book  pour 0.00β à leurs pieds le survie_new
[22:30:50] [ITEM_DROPPED]: Abandon de la vente Mr_Yt_Fr expirée de 1 x Heart Of The Sea  pour 0.00β à leurs pieds le survie_new
[22:30:50] [ITEM_DROPPED]: Abandon de la vente Mr_Yt_Fr expirée de 1 x Ominous Banner  pour 0.00β à leurs pieds le survie_new
[22:30:50] [ITEM_DROPPED]: Abandon de la vente Mr_Yt_Fr expirée de 1 x Iron Horse Armor  pour 0.00β à leurs pieds le survie_new
[22:30:50] [ITEM_DROPPED]: Abandon de la vente Mr_Yt_Fr expirée de 1 x Iron Horse Armor  pour 0.00β à leurs pieds le survie_new
[22:30:50] [ITEM_DROPPED]: Abandon de la vente Mr_Yt_Fr expirée de 1 x Iron Horse Armor  pour 0.00β à leurs pieds le survie_new
[22:30:50] [ITEM_DROPPED]: Abandon de la vente Mr_Yt_Fr expirée de 64 x Magma Block  pour 0.00β à leurs pieds le survie_new
[22:30:50] [ITEM_DROPPED]: Abandon de la vente Mr_Yt_Fr expirée de 1 x Music Disc Cat  pour 0.00β à leurs pieds le survie_new
[22:30:50] [ITEM_DROPPED]: Abandon de la vente Mr_Yt_Fr expirée de 1 x Music Disc Cat  pour 0.00β à leurs pieds le survie_new
[22:30:50] [ITEM_DROPPED]: Abandon de la vente Mr_Yt_Fr expirée de 1 x Music Disc 13  pour 0.00β à leurs pieds le survie_new
[22:50:18] [ITEM_LISTED]: Solasis7 vend 54 x Quartz Block  pour 1,000.00β sur survie_new_nether
