[06:20:20] [ITEM_SOLD]: Yohan81 vendu 14 x Blaze Rod à  SSLLOOTTHH pour 6.00 β le survie_new
[07:26:46] [ITEM_SOLD]: toonjosh vendu 64 x Bamboo à  Luzarielle pour 100.00 β le survie_new
[07:26:48] [ITEM_SOLD]: toonjosh vendu 64 x Bamboo à  Luzarielle pour 100.00 β le survie_new
[07:26:49] [ITEM_SOLD]: toonjosh vendu 64 x Bamboo à  Luzarielle pour 100.00 β le survie_new
[07:26:50] [ITEM_SOLD]: toonjosh vendu 64 x Bamboo à  Luzarielle pour 100.00 β le survie_new
[07:26:52] [ITEM_SOLD]: toonjosh vendu 64 x Bamboo à  Luzarielle pour 100.00 β le survie_new
[07:26:53] [ITEM_SOLD]: toonjosh vendu 64 x Bamboo à  Luzarielle pour 100.00 β le survie_new
[07:26:55] [ITEM_SOLD]: toonjosh vendu 64 x Bamboo à  Luzarielle pour 100.00 β le survie_new
[07:26:56] [ITEM_SOLD]: toonjosh vendu 64 x Bamboo à  Luzarielle pour 100.00 β le survie_new
[07:26:57] [ITEM_SOLD]: toonjosh vendu 64 x Bamboo à  Luzarielle pour 100.00 β le survie_new
[07:26:59] [ITEM_SOLD]: toonjosh vendu 64 x Bamboo à  Luzarielle pour 100.00 β le survie_new
[09:55:38] [ITEM_SOLD]: sylverfire02 vendu 1 x Beacon à  HeFk pour 15,000.00 β le survie_new
[11:05:38] [ITEM_LISTED]: Mikiu_Ahegao vend 64 x Gunpowder  pour 665.00β sur survie_new
[11:09:36] [ITEM_SOLD]: Yohan81 vendu 1 x Saddle à  Mikiu_Ahegao pour 150.00 β le survie_new
[12:38:31] [ITEM_SOLD]: Kaio_Beninou vendu 1 x Enchanted Book à  Skylord28 pour 15,000.00 β le survie_new
[12:51:12] [ITEM_LISTED]: dovaqui vend 1 x Ender Pearl  pour 100.00β sur survie_new
[13:20:16] [ITEM_SOLD]: Yohan81 vendu 64 x Carrot à  SSLLOOTTHH pour 50.00 β le survie_new
[13:54:17] [ITEM_SOLD]: Mikiu_Ahegao vendu 64 x Gunpowder à  REGDYLAN pour 665.00 β le survie_new
[14:02:14] [ITEM_LISTED]: REGDYLAN vend 1 x Diamond Pickaxe  [Efficiency V, Fortune IV, Unbreaking III] pour 25,000.00β sur survie_new
[14:02:17] [ITEM_LISTED]: REGDYLAN vend 1 x Diamond Pickaxe  [Efficiency V, Fortune IV, Unbreaking III] pour 25,000.00β sur survie_new
[14:02:41] [ITEM_LISTED]: REGDYLAN vend 1 x Diamond Pickaxe  [Efficiency V, Fortune III, Unbreaking III] pour 10,000.00β sur survie_new
[14:02:44] [ITEM_LISTED]: REGDYLAN vend 1 x Diamond Pickaxe  [Efficiency V, Fortune III, Unbreaking III] pour 10,000.00β sur survie_new
[14:03:01] [ITEM_LISTED]: REGDYLAN vend 1 x Diamond Pickaxe  [Efficiency V, Fortune III, Unbreaking III] pour 10,000.00β sur survie_new
[14:03:03] [ITEM_LISTED]: REGDYLAN vend 1 x Diamond Pickaxe  [Efficiency V, Fortune III, Unbreaking III] pour 10,000.00β sur survie_new
[14:03:10] [ITEM_LISTED]: REGDYLAN vend 1 x Diamond Pickaxe  [Efficiency V, Silk Touch, Unbreaking III] pour 15,000.00β sur survie_new
[14:03:12] [ITEM_LISTED]: REGDYLAN vend 1 x Diamond Pickaxe  [Efficiency V, Silk Touch, Unbreaking III] pour 15,000.00β sur survie_new
[14:40:10] [ITEM_LISTED]: Yohan81 vend 1 x Saddle  pour 200.00β sur survie_new
[14:40:13] [ITEM_LISTED]: Yohan81 vend 1 x Saddle  pour 200.00β sur survie_new
[14:51:07] [ITEM_LISTED]: Yohan81 vend 64 x Sugar Cane  pour 90.00β sur survie_new
[14:51:10] [ITEM_LISTED]: Yohan81 vend 64 x Sugar Cane  pour 90.00β sur survie_new
[14:51:10] [ITEM_SOLD]: Yohan81 vendu 64 x Sugar Cane à  Caldryk pour 90.00 β le survie_new
[14:51:11] [ITEM_LISTED]: Yohan81 vend 64 x Sugar Cane  pour 90.00β sur survie_new
[14:51:12] [ITEM_SOLD]: Yohan81 vendu 64 x Sugar Cane à  Caldryk pour 90.00 β le survie_new
[14:51:13] [ITEM_LISTED]: Yohan81 vend 64 x Sugar Cane  pour 90.00β sur survie_new
[14:51:14] [ITEM_SOLD]: Yohan81 vendu 64 x Sugar Cane à  Caldryk pour 90.00 β le survie_new
[14:51:15] [ITEM_LISTED]: Yohan81 vend 64 x Sugar Cane  pour 90.00β sur survie_new
[14:51:17] [ITEM_LISTED]: Yohan81 vend 64 x Sugar Cane  pour 90.00β sur survie_new
[14:51:17] [ITEM_SOLD]: Yohan81 vendu 64 x Sugar Cane à  Caldryk pour 90.00 β le survie_new
[14:51:19] [ITEM_SOLD]: Yohan81 vendu 64 x Sugar Cane à  Caldryk pour 90.00 β le survie_new
[14:51:19] [ITEM_LISTED]: Yohan81 vend 64 x Sugar Cane  pour 90.00β sur survie_new
[14:51:21] [ITEM_SOLD]: Yohan81 vendu 64 x Sugar Cane à  Caldryk pour 90.00 β le survie_new
[14:51:21] [ITEM_LISTED]: Yohan81 vend 64 x Sugar Cane  pour 90.00β sur survie_new
[14:51:23] [ITEM_SOLD]: Yohan81 vendu 64 x Sugar Cane à  Caldryk pour 90.00 β le survie_new
[14:51:28] [ITEM_LISTED]: Yohan81 vend 64 x Sugar Cane  pour 90.00β sur survie_new
[14:51:29] [ITEM_SOLD]: Yohan81 vendu 64 x Sugar Cane à  Caldryk pour 90.00 β le survie_new
[14:51:30] [ITEM_SOLD]: Yohan81 vendu 64 x Sugar Cane à  Caldryk pour 90.00 β le survie_new
[14:51:43] [ITEM_LISTED]: Yohan81 vend 64 x Sugar Cane  pour 90.00β sur survie_new
[14:51:45] [ITEM_SOLD]: Yohan81 vendu 64 x Sugar Cane à  Caldryk pour 90.00 β le survie_new
[14:53:25] [ITEM_LISTED]: Caldryk vend 64 x Gunpowder  pour 1,500.00β sur survie_new
[14:53:28] [ITEM_LISTED]: Caldryk vend 64 x Gunpowder  pour 1,500.00β sur survie_new
[14:53:28] [ITEM_SOLD]: Caldryk vendu 64 x Gunpowder à  Yohan81 pour 1,500.00 β le survie_new
[14:53:30] [ITEM_SOLD]: Caldryk vendu 64 x Gunpowder à  Yohan81 pour 1,500.00 β le survie_new
[14:56:42] [ITEM_LISTED]: Caldryk vend 64 x Clay Ball  pour 100.00β sur survie_new
[14:56:44] [ITEM_LISTED]: Caldryk vend 64 x Clay Ball  pour 100.00β sur survie_new
[14:56:44] [ITEM_SOLD]: Caldryk vendu 64 x Clay Ball à  Yohan81 pour 100.00 β le survie_new
[14:56:46] [ITEM_SOLD]: Caldryk vendu 64 x Clay Ball à  Yohan81 pour 100.00 β le survie_new
[14:58:05] [ITEM_SOLD]: Zougless vendu 64 x Spruce Log à  SSLLOOTTHH pour 450.00 β le survie_new
[15:00:01] [ITEM_LISTED]: Caldryk vend 64 x Cooked Mutton  pour 60.00β sur survie_new
[15:00:04] [ITEM_SOLD]: Caldryk vendu 64 x Cooked Mutton à  Yohan81 pour 60.00 β le survie_new
[15:02:28] [ITEM_LISTED]: Yohan81 vend 1 x Livre  pour 1,000.00β sur survie_new
[15:02:30] [ITEM_LISTED]: Yohan81 vend 1 x Livre  pour 1,000.00β sur survie_new
[15:02:31] [ITEM_SOLD]: Yohan81 vendu 1 x Livre à  Caldryk pour 1,000.00 β le survie_new
[15:02:33] [ITEM_SOLD]: Yohan81 vendu 1 x Livre à  Caldryk pour 1,000.00 β le survie_new
[15:08:20] [ITEM_SOLD]: Zougless vendu 64 x Spruce Log à  REGDYLAN pour 450.00 β le survie_new
[15:08:21] [ITEM_SOLD]: Zougless vendu 64 x Spruce Log à  REGDYLAN pour 450.00 β le survie_new
[15:08:22] [ITEM_SOLD]: Zougless vendu 64 x Spruce Log à  REGDYLAN pour 450.00 β le survie_new
[15:08:23] [ITEM_SOLD]: Zougless vendu 64 x Spruce Log à  REGDYLAN pour 450.00 β le survie_new
[15:08:24] [ITEM_SOLD]: Zougless vendu 64 x Spruce Log à  REGDYLAN pour 450.00 β le survie_new
[15:08:25] [ITEM_SOLD]: Zougless vendu 64 x Spruce Log à  REGDYLAN pour 450.00 β le survie_new
[15:08:26] [ITEM_SOLD]: Zougless vendu 64 x Spruce Log à  REGDYLAN pour 450.00 β le survie_new
[15:08:27] [ITEM_SOLD]: Zougless vendu 64 x Spruce Log à  REGDYLAN pour 450.00 β le survie_new
[15:08:49] [ITEM_SOLD]: pierro vendu 64 x Sponge à  REGDYLAN pour 15,000.00 β le survie_new
[16:00:47] [ITEM_SOLD]: Murdock_Co vendu 1 x Music Disc 13 à  Caldryk pour 500.00 β le survie_new
[16:12:51] [ITEM_LISTED]: Isaorya vend 1 x Enchanted Book  pour 1,000.00β sur survie_new
[16:14:44] [ITEM_SOLD]: Isaorya vendu 1 x Enchanted Book à  kalaistar pour 1,000.00 β le survie_new
[16:14:49] [ITEM_SOLD]: Isaorya vendu 1 x Enchanted Book à  kalaistar pour 101.00 β le survie_new
[17:21:20] [ITEM_SOLD]: Yohan81 vendu 64 x Carrot à  RattBlack pour 50.00 β le survie_new
[17:49:28] [ITEM_SOLD]: Yohan81 vendu 64 x Carrot à  Seh_ pour 50.00 β le survie_new
[18:47:34] [ITEM_LISTED]: Haru_M vend 8 x Beacon  pour 200,000.00β sur survie_new
[18:47:38] [ITEM_SOLD]: Haru_M vendu 8 x Beacon à  REGDYLAN pour 200,000.00 β le survie_new
[19:19:18] [ITEM_LISTED]: Dragarde vend 1 x Beacon  pour 8,500.00β sur survie_new
[19:19:33] [ITEM_LISTED]: Dragarde vend 1 x Beacon  pour 8,500.00β sur survie_new
[19:19:35] [ITEM_SOLD]: Dragarde vendu 1 x Beacon à  REGDYLAN pour 8,500.00 β le survie_new
[19:19:37] [ITEM_SOLD]: Dragarde vendu 1 x Beacon à  REGDYLAN pour 8,500.00 β le survie_new
[19:33:05] [ITEM_LISTED]: Jettonial vend 3 x Dragon Breath  pour 150.00β sur survie_new
[19:33:08] [ITEM_LISTED]: Jettonial vend 3 x Dragon Breath  pour 150.00β sur survie_new
[19:33:13] [ITEM_LISTED]: Jettonial vend 3 x Dragon Breath  pour 150.00β sur survie_new
[19:33:36] [ITEM_SOLD]: Kaio_Beninou vendu 1 x Shulker Box à  hugoleb pour 5,000.00 β le survie_new
[19:41:45] [ITEM_SOLD]: Yohan81 vendu 64 x Blaze Rod à  Jettonial pour 40.00 β le survie_new
[20:02:55] [ITEM_SOLD]: aidan vendu 1 x Enchanted Book à  REGDYLAN pour 1,000.00 β le survie_new
[21:07:43] [ITEM_SOLD]: Jettonial vendu 3 x Dragon Breath à  kalaistar pour 150.00 β le survie_new
[21:07:44] [ITEM_SOLD]: Jettonial vendu 3 x Dragon Breath à  kalaistar pour 150.00 β le survie_new
[21:07:45] [ITEM_SOLD]: Jettonial vendu 3 x Dragon Breath à  kalaistar pour 150.00 β le survie_new
[21:12:42] [ITEM_LISTED]: CroixVeBaton vend 1 x White Shulker Box  pour 1.00β sur survie_new
[21:12:45] [ITEM_SOLD]: CroixVeBaton vendu 1 x White Shulker Box à  REGDYLAN pour 1.00 β le survie_new
[21:25:44] [ITEM_LISTED]: Nexusso vend 1 x Enchanted Book  pour 1,000.00β sur survie_new
[21:25:50] [ITEM_LISTED]: Nexusso vend 1 x Enchanted Book  pour 500.00β sur survie_new
[21:25:55] [ITEM_LISTED]: Nexusso vend 1 x Enchanted Book  pour 500.00β sur survie_new
[21:41:11] [ITEM_LISTED]: MyNameIs42 vend 1 x Cake  pour 200.00β sur survie_new
[21:41:14] [ITEM_LISTED]: MyNameIs42 vend 1 x Cake  pour 200.00β sur survie_new
[21:41:17] [ITEM_LISTED]: MyNameIs42 vend 1 x Cake  pour 200.00β sur survie_new
[21:41:19] [ITEM_LISTED]: MyNameIs42 vend 1 x Cake  pour 200.00β sur survie_new
[21:41:21] [ITEM_LISTED]: MyNameIs42 vend 1 x Cake  pour 200.00β sur survie_new
[21:41:32] [ITEM_LISTED]: MyNameIs42 vend 64 x Cookie  pour 64.00β sur survie_new
[21:41:36] [ITEM_LISTED]: MyNameIs42 vend 64 x Cookie  pour 64.00β sur survie_new
[21:41:38] [ITEM_LISTED]: MyNameIs42 vend 48 x Cookie  pour 64.00β sur survie_new
[21:46:51] [ITEM_LISTED]: Kaio_Beninou vend 1 x Light Gray Shulker Box  pour 5,000.00β sur survie_new
[21:47:30] [ITEM_LISTED]: Kaio_Beninou vend 1 x Enchanted Book  pour 2,500.00β sur survie_new
[21:47:49] [ITEM_LISTED]: Kaio_Beninou vend 1 x Enchanted Book  pour 15,000.00β sur survie_new
[21:59:02] [ITEM_SOLD]: Nexusso vendu 1 x Enchanted Book à  Luzarielle pour 1,000.00 β le survie_new
[22:00:11] [ITEM_SOLD]: REGDYLAN vendu 1 x Diamond Pickaxe à  [Efficiency V, Fortune III, Unbreaking III] Luzarielle pour 10,000.00 β le survie_new
[22:01:49] [ITEM_LISTED]: MyNameIs42 vend 64 x Golden Carrot  pour 800.00β sur survie_new
[22:01:52] [ITEM_LISTED]: MyNameIs42 vend 64 x Golden Carrot  pour 800.00β sur survie_new
[22:01:54] [ITEM_LISTED]: MyNameIs42 vend 64 x Golden Carrot  pour 800.00β sur survie_new
[22:01:56] [ITEM_LISTED]: MyNameIs42 vend 64 x Golden Carrot  pour 800.00β sur survie_new
[22:02:22] [ITEM_LISTED]: MyNameIs42 vend 9 x Golden Carrot  pour 120.00β sur survie_new
[22:18:36] [ITEM_LISTED]: MyNameIs42 vend 8 x Sponge  pour 800.00β sur survie_new
[22:28:41] [ITEM_CANCELLED]: REGDYLAN annule la vente de 1x Diamond Pickaxe [Efficiency V, Fortune IV, Unbreaking III] pour 25,000.00β sur survie_new
[22:28:43] [ITEM_RETURNED]: 1 x Diamond Pickaxe  [Efficiency V, Fortune IV, Unbreaking III] renvoyé à REGDYLAN le survie_new
[23:13:19] [ITEM_LISTED]: Kaio_Beninou vend 1 x Trident  [Loyalty III, Unbreaking III] pour 17,000.00β sur survie_new
[23:19:56] [ITEM_LISTED]: Lenny vend 1 x Enchanted Book  pour 5,000.00β sur survie_new
[23:19:58] [ITEM_LISTED]: Lenny vend 1 x Enchanted Book  pour 5,000.00β sur survie_new
[23:20:27] [ITEM_SOLD]: Lenny vendu 1 x Enchanted Book à  Luzarielle pour 5,000.00 β le survie_new
[23:20:33] [ITEM_SOLD]: Lenny vendu 1 x Enchanted Book à  Luzarielle pour 5,000.00 β le survie_new
