[00:04:25] [ITEM_SOLD]: Stebanou vendu 2 x §;§:Spawner à Arraigné 1x à  eric2a pour 3,000.00 β le survie_new
[01:12:22] [ITEM_SOLD]: LLIcocoman_Hrz vendu 64 x Quartz Block à  Christophe_ pour 500.00 β le survie_new
[02:30:27] [ITEM_SOLD]: LLIcocoman_Hrz vendu 16 x Glowstone à  Zarbikop pour 200.00 β le survie_new
[02:30:34] [ITEM_SOLD]: Bertrand vendu 64 x Sugar Cane à  Zarbikop pour 250.00 β le survie_new
[02:30:50] [ITEM_SOLD]: eric2a vendu 1 x Livre pour une création Légendaire à  Zarbikop pour 5,000.00 β le survie_new
[02:42:10] [ITEM_SOLD]: LLIcocoman_Hrz vendu 1 x Turtle Spawn Egg à  Zarbikop pour 2,000.00 β le survie_new
[02:42:35] [ITEM_SOLD]: LLIcocoman_Hrz vendu 6 x Emerald à  Zarbikop pour 600.00 β le survie_new
[04:26:58] [ITEM_SOLD]: Blazd vendu 1 x Enchanted Book à  Zarbikop pour 6,000.00 β le survie_new
[04:33:05] [ITEM_SOLD]: Blazd vendu 1 x Enchanted Book à  Zarbikop pour 8,000.00 β le survie_new
[09:39:15] [ITEM_LISTED]: Kaio_Beninou vend 1 x Shulker Box  pour 6,500.00β sur survie_new
[15:15:13] [ITEM_LISTED]: P2M2A2 vend 14 x Diamond Block  pour 2,500.00β sur survie_new
[16:13:44] [ITEM_SOLD]: P2M2A2 vendu 14 x Diamond Block à  eric2a pour 2,500.00 β le survie_new
[17:21:44] [ITEM_DROPPED]: Abandon de la vente Mikiu_Ahegao expirée de 1 x Iron Shovel  [Efficiency I, Unbreaking I] pour 0.00β à leurs pieds le survie_new
[17:21:44] [ITEM_DROPPED]: Abandon de la vente Mikiu_Ahegao expirée de 32 x Dried Kelp  pour 0.00β à leurs pieds le survie_new
[17:21:44] [ITEM_DROPPED]: Abandon de la vente Mikiu_Ahegao expirée de 1 x Potion  pour 0.00β à leurs pieds le survie_new
[17:21:44] [ITEM_DROPPED]: Abandon de la vente Mikiu_Ahegao expirée de 1 x Potion  pour 0.00β à leurs pieds le survie_new
[17:21:44] [ITEM_DROPPED]: Abandon de la vente Mikiu_Ahegao expirée de 1 x Potion  pour 0.00β à leurs pieds le survie_new
[17:24:38] [ITEM_SOLD]: LLIcocoman_Hrz vendu 1 x Dolphin Spawn Egg à  Mikiu_Ahegao pour 5,000.00 β le survie_new
[17:39:57] [ITEM_LISTED]: Mikiu_Ahegao vend 64 x End Stone Bricks  pour 500.00β sur survie_new
[17:40:03] [ITEM_LISTED]: Mikiu_Ahegao vend 3 x End Stone Bricks  pour 500.00β sur survie_new
[17:40:08] [ITEM_LISTED]: Mikiu_Ahegao vend 64 x End Stone Bricks  pour 500.00β sur survie_new
[17:40:20] [ITEM_CANCELLED]: Mikiu_Ahegao annule la vente de 3x End Stone Bricks pour 500.00β sur survie_new
[18:14:16] [ITEM_SOLD]: Yohan81 vendu 1 x Saddle à  CarYateD pour 50.00 β le survie_new
[18:14:21] [ITEM_SOLD]: Yohan81 vendu 1 x Saddle à  CarYateD pour 50.00 β le survie_new
[18:21:32] [ITEM_SOLD]: Blazd vendu 1 x Enchanted Book à  pikatchou82 pour 10,000.00 β le survie_new
[18:21:38] [ITEM_SOLD]: Blazd vendu 1 x Enchanted Book à  pikatchou82 pour 8,000.00 β le survie_new
[18:44:20] [ITEM_DROPPED]: Abandon de la vente limastic expirée de 1 x Written Book  pour 0.00β à leurs pieds le survie_new
[18:58:12] [ITEM_SOLD]: Mikiu_Ahegao vendu 64 x End Stone Bricks à  Christophe_ pour 500.00 β le survie_new
[18:58:13] [ITEM_SOLD]: Mikiu_Ahegao vendu 64 x End Stone Bricks à  Christophe_ pour 500.00 β le survie_new
[19:05:55] [ITEM_RETURNED]: 1 x Enchanted Book  renvoyé à Blazd le survie_new
[19:05:55] [ITEM_RETURNED]: 1 x Enchanted Book  renvoyé à Blazd le survie_new
[19:05:56] [ITEM_RETURNED]: 2 x Turtle Egg  renvoyé à Blazd le survie_new
[19:05:57] [ITEM_RETURNED]: 1 x Golden Sword  [Sharpness VIII] renvoyé à Blazd le survie_new
[19:09:31] [ITEM_LISTED]: Blazd vend 1 x Enchanted Book  pour 8,000.00β sur survie_new
[19:09:36] [ITEM_LISTED]: Blazd vend 1 x Enchanted Book  pour 15,000.00β sur survie_new
[19:09:40] [ITEM_LISTED]: Blazd vend 1 x Enchanted Book  pour 8,000.00β sur survie_new
[19:09:46] [ITEM_LISTED]: Blazd vend 1 x Enchanted Book  pour 6,000.00β sur survie_new
[19:10:23] [ITEM_LISTED]: Blazd vend 1 x Enchanted Book  pour 9,000.00β sur survie_new
[19:11:29] [ITEM_CANCELLED]: Blazd annule la vente de 1x Enchanted Book pour 10,000.00β sur survie_new
[19:11:31] [ITEM_RETURNED]: 1 x Enchanted Book  renvoyé à Blazd le survie_new
[19:11:36] [ITEM_LISTED]: Blazd vend 1 x Enchanted Book  pour 6,000.00β sur survie_new
[19:12:05] [ITEM_CANCELLED]: Blazd annule la vente de 1x Enchanted Book pour 8,000.00β sur survie_new
[19:12:05] [ITEM_CANCELLED]: Blazd annule la vente de 1x Enchanted Book pour 9,000.00β sur survie_new
[19:12:06] [ITEM_CANCELLED]: Blazd annule la vente de 1x Enchanted Book pour 10,000.00β sur survie_new
[19:12:07] [ITEM_CANCELLED]: Blazd annule la vente de 1x (°-°) pour 6,000.00β sur survie_new
[19:12:08] [ITEM_CANCELLED]: Blazd annule la vente de 1x Enchanted Book pour 10,000.00β sur survie_new
[19:12:09] [ITEM_CANCELLED]: Blazd annule la vente de 1x Réduction prix livres selon grade : pour 100,000.00β sur survie_new
[19:12:12] [ITEM_CANCELLED]: Blazd annule la vente de 1x Enchanted Book pour 7,000.00β sur survie_new
[19:12:13] [ITEM_CANCELLED]: Blazd annule la vente de 1x Enchanted Book pour 8,000.00β sur survie_new
[19:12:14] [ITEM_CANCELLED]: Blazd annule la vente de 1x Enchanted Book pour 6,000.00β sur survie_new
[19:12:16] [ITEM_RETURNED]: 1 x Enchanted Book  renvoyé à Blazd le survie_new
[19:12:16] [ITEM_RETURNED]: 1 x Enchanted Book  renvoyé à Blazd le survie_new
[19:12:16] [ITEM_RETURNED]: 1 x Enchanted Book  renvoyé à Blazd le survie_new
[19:12:16] [ITEM_RETURNED]: 1 x Réduction prix livres selon grade :  renvoyé à Blazd le survie_new
[19:12:16] [ITEM_RETURNED]: 1 x Enchanted Book  renvoyé à Blazd le survie_new
[19:12:17] [ITEM_RETURNED]: 1 x (°-°)  renvoyé à Blazd le survie_new
[19:12:17] [ITEM_RETURNED]: 1 x Enchanted Book  renvoyé à Blazd le survie_new
[19:12:17] [ITEM_RETURNED]: 1 x Enchanted Book  renvoyé à Blazd le survie_new
[19:12:17] [ITEM_RETURNED]: 1 x Enchanted Book  renvoyé à Blazd le survie_new
[19:12:17] [ITEM_CANCELLED]: Blazd annule la vente de 1x Enchanted Book pour 6,000.00β sur survie_new
[19:12:18] [ITEM_CANCELLED]: Blazd annule la vente de 1x Enchanted Book pour 9,000.00β sur survie_new
[19:12:25] [ITEM_RETURNED]: 1 x Enchanted Book  renvoyé à Blazd le survie_new
[19:12:26] [ITEM_RETURNED]: 1 x Enchanted Book  renvoyé à Blazd le survie_new
[19:12:43] [ITEM_LISTED]: Blazd vend 1 x Enchanted Book  pour 7,000.00β sur survie_new
[19:12:47] [ITEM_LISTED]: Blazd vend 1 x Enchanted Book  pour 9,000.00β sur survie_new
[19:12:52] [ITEM_LISTED]: Blazd vend 1 x Enchanted Book  pour 7,000.00β sur survie_new
[19:12:58] [ITEM_LISTED]: Blazd vend 1 x Enchanted Book  pour 7,000.00β sur survie_new
[19:13:07] [ITEM_LISTED]: Blazd vend 1 x Enchanted Book  pour 9,000.00β sur survie_new
[19:13:14] [ITEM_LISTED]: Blazd vend 1 x Enchanted Book  pour 9,000.00β sur survie_new
[19:13:28] [ITEM_LISTED]: Blazd vend 1 x Réduction prix livres selon grade :  pour 1,000,000.00β sur survie_new
[19:13:39] [ITEM_LISTED]: Blazd vend 1 x Enchanted Book  pour 6,000.00β sur survie_new
[19:13:47] [ITEM_LISTED]: Blazd vend 1 x (°-°)  pour 5,000.00β sur survie_new
[19:13:53] [ITEM_LISTED]: Blazd vend 1 x Enchanted Book  pour 9,000.00β sur survie_new
[19:14:01] [ITEM_LISTED]: Blazd vend 1 x Enchanted Book  pour 9,000.00β sur survie_new
[19:15:09] [ITEM_CANCELLED]: Blazd annule la vente de 1x Cat Spawn Egg pour 20,000.00β sur survie_new
[19:15:10] [ITEM_CANCELLED]: Blazd annule la vente de 1x Golden Sword [Sharpness VIII] pour 5,000.00β sur survie_new
[19:15:11] [ITEM_CANCELLED]: Blazd annule la vente de 1x Dragon Head pour 15,000.00β sur survie_new
[19:15:12] [ITEM_CANCELLED]: Blazd annule la vente de 64x Anvil pour 4,000.00β sur survie_new
[19:15:12] [ITEM_CANCELLED]: Blazd annule la vente de 64x Mycelium pour 15,000.00β sur survie_new
[19:15:13] [ITEM_CANCELLED]: Blazd annule la vente de 64x Grass Block pour 5,000.00β sur survie_new
[19:15:15] [ITEM_RETURNED]: 64 x Grass Block  renvoyé à Blazd le survie_new
[19:15:15] [ITEM_RETURNED]: 64 x Mycelium  renvoyé à Blazd le survie_new
[19:15:16] [ITEM_RETURNED]: 64 x Anvil  renvoyé à Blazd le survie_new
[19:15:16] [ITEM_RETURNED]: 1 x Dragon Head  renvoyé à Blazd le survie_new
[19:15:16] [ITEM_RETURNED]: 1 x Golden Sword  [Sharpness VIII] renvoyé à Blazd le survie_new
[19:15:16] [ITEM_RETURNED]: 1 x Cat Spawn Egg  renvoyé à Blazd le survie_new
[19:15:24] [ITEM_LISTED]: Blazd vend 64 x Grass Block  pour 3,000.00β sur survie_new
[19:15:29] [ITEM_LISTED]: Blazd vend 64 x Mycelium  pour 12,000.00β sur survie_new
[19:15:35] [ITEM_LISTED]: Blazd vend 64 x Anvil  pour 5,000.00β sur survie_new
[19:15:43] [ITEM_LISTED]: Blazd vend 1 x Dragon Head  pour 15,000.00β sur survie_new
[19:15:47] [ITEM_LISTED]: Blazd vend 1 x Golden Sword  [Sharpness VIII] pour 5,000.00β sur survie_new
[19:15:52] [ITEM_LISTED]: Blazd vend 1 x Cat Spawn Egg  pour 10,000.00β sur survie_new
[19:17:16] [ITEM_LISTED]: Blazd vend 64 x Emerald  pour 9,000.00β sur survie_new
[20:07:53] [ITEM_SOLD]: OfCourse vendu 1 x Enchanted Book à  Bertrand pour 100.00 β le survie_new
[20:16:46] [ITEM_LISTED]: Bertrand vend 64 x Blue Ice  pour 5,000.00β sur survie_new
[20:32:23] [ITEM_LISTED]: LLIcocoman_Hrz vend 32 x Spruce Log  pour 100.00β sur survie_new
[20:32:54] [ITEM_LISTED]: LLIcocoman_Hrz vend 1 x Turtle Spawn Egg  pour 2,500.00β sur survie_new
[20:33:31] [ITEM_LISTED]: LLIcocoman_Hrz vend 48 x Bone  pour 100.00β sur survie_new
[20:33:39] [ITEM_LISTED]: LLIcocoman_Hrz vend 64 x Quartz Block  pour 200.00β sur survie_new
[20:35:04] [ITEM_LISTED]: LLIcocoman_Hrz vend 8 x Sponge  pour 1,000.00β sur survie_new
[20:38:42] [ITEM_SOLD]: LLIcocoman_Hrz vendu 8 x Sponge à  Christophe_ pour 1,000.00 β le survie_new
[21:25:21] [ITEM_SOLD]: LLIcocoman_Hrz vendu 64 x Quartz Block à  Christophe_ pour 200.00 β le survie_new
[21:31:30] [ITEM_LISTED]: Ekiliox vend 1 x Name Tag  pour 1,500.00β sur survie_new
[21:36:40] [ITEM_LISTED]: Ekiliox vend 1 x Chicken Spawn Egg  pour 4,000.00β sur survie_new
[23:46:10] [ITEM_SOLD]: Ekiliox vendu 1 x Name Tag à  Christophe_ pour 1,500.00 β le survie_new
