[00:45:02] [ITEM_CANCELLED]: limastic annule la vente de 1x Carrot [Knockback50] pour 500,000.00β sur survie_new
[00:45:04] [ITEM_RETURNED]: 1 x Carrot  [Knockback50] renvoyé à limastic le survie_new
[00:45:24] [ITEM_LISTED]: limastic vend 1 x Carrot  pour 500,000.00β sur survie_new
[01:18:16] [ITEM_SOLD]: MyNameIs42 vendu 64 x Bread à  Isaorya pour 150.00 β le survie_new
[01:40:17] [ITEM_LISTED]: Jettonial vend 1 x Music Disc Chirp  pour 100.00β sur survie_new
[10:10:33] [ITEM_DROPPED]: Abandon de la vente OfCourse expirée de 16 x Snowball  pour 0.00β à leurs pieds le Ressource
[10:10:33] [ITEM_DROPPED]: Abandon de la vente OfCourse expirée de 16 x Snowball  pour 0.00β à leurs pieds le Ressource
[10:10:33] [ITEM_DROPPED]: Abandon de la vente OfCourse expirée de 16 x Snowball  pour 0.00β à leurs pieds le Ressource
[10:31:50] [ITEM_LISTED]: sylverfire02 vend 64 x Phantom Membrane  pour 5,000.00β sur survie_new
[12:19:44] [ITEM_SOLD]: toonjosh vendu 64 x Bamboo à  titipv14 pour 100.00 β le survie_new
[12:39:06] [ITEM_SOLD]: aidan vendu 1 x Enchanted Book à  Mikiu_Ahegao pour 1,000.00 β le survie_new
[12:39:08] [ITEM_SOLD]: aidan vendu 1 x Enchanted Book à  Mikiu_Ahegao pour 1,000.00 β le survie_new
[12:39:32] [ITEM_SOLD]: Elliryk vendu 64 x Paper à  TableBasse pour 200.00 β le survie_new
[12:40:12] [ITEM_SOLD]: aidan vendu 1 x Enchanted Book à  Mikiu_Ahegao pour 1,000.00 β le survie_new
[14:00:51] [ITEM_SOLD]: MyNameIs42 vendu 64 x Bread à  Isaorya pour 150.00 β le survie_new
[14:31:43] [ITEM_LISTED]: Kaio_Beninou vend 1 x Saddle  pour 500.00β sur survie_new
[14:31:50] [ITEM_LISTED]: Kaio_Beninou vend 1 x Saddle  pour 500.00β sur survie_new
[14:33:40] [ITEM_CANCELLED]: Jettonial annule la vente de 1x Music Disc Chirp pour 100.00β sur survie_new
[14:33:46] [ITEM_RETURNED]: 1 x Music Disc Chirp  renvoyé à Jettonial le survie_new
[14:43:02] [ITEM_SOLD]: Kaio_Beninou vendu 1 x Saddle à  Mikiu_Ahegao pour 500.00 β le survie_new
[14:45:26] [ITEM_DROPPED]: Abandon de la vente Senoiyaki expirée de 1 x Diamond  pour 0.00β à leurs pieds le survie_new
[14:45:37] [ITEM_LISTED]: Yohan81 vend 16 x Ender Pearl  pour 40.00β sur survie_new_the_end
[14:47:23] [ITEM_LISTED]: Kaio_Beninou vend 1 x Saddle  pour 500.00β sur survie_new
[14:48:16] [ITEM_SOLD]: Yohan81 vendu 16 x Ender Pearl à  Luky123413 pour 40.00 β le survie_new_the_end
[14:49:02] [ITEM_LISTED]: Isaorya vend 16 x Ender Pearl  pour 35.00β sur survie_new_the_end
[14:49:05] [ITEM_SOLD]: Isaorya vendu 16 x Ender Pearl à  WaR_Lord_16 pour 35.00 β le survie_new_the_end
[14:58:40] [ITEM_CANCELLED]: Isaorya annule la vente de 1x Enchanted Book pour 1,000.00β sur survie_new
[14:58:42] [ITEM_CANCELLED]: Isaorya annule la vente de 1x Enchanted Book pour 500.00β sur survie_new
[14:58:49] [ITEM_RETURNED]: 1 x Enchanted Book  renvoyé à Isaorya le survie_new
[14:58:50] [ITEM_RETURNED]: 1 x Enchanted Book  renvoyé à Isaorya le survie_new
[14:58:57] [ITEM_LISTED]: Isaorya vend 1 x Enchanted Book  pour 100.00β sur survie_new
[14:59:01] [ITEM_LISTED]: Isaorya vend 1 x Enchanted Book  pour 101.00β sur survie_new
[15:00:17] [ITEM_SOLD]: Isaorya vendu 1 x Enchanted Book à  WaR_Lord_16 pour 100.00 β le survie_new
[15:09:35] [ITEM_LISTED]: Kaio_Beninou vend 1 x Shulker Box  pour 5,000.00β sur survie_new
[15:10:03] [ITEM_LISTED]: Jettonial vend 1 x White Shulker Box  pour 3,500.00β sur survie_new
[15:11:13] [ITEM_LISTED]: Yohan81 vend 1 x Shulker Shell  pour 1,450.00β sur survie_new
[15:17:08] [ITEM_LISTED]: Yohan81 vend 64 x Blaze Rod  pour 100.00β sur survie_new
[15:21:47] [ITEM_SOLD]: Jettonial vendu 1 x White Shulker Box à  Luky123413 pour 3,500.00 β le survie_new
[15:23:52] [ITEM_SOLD]: Yohan81 vendu 1 x Shulker Shell à  Hydrenoir pour 1,450.00 β le survie_new
[15:24:56] [ITEM_LISTED]: Hydrenoir vend 1 x Shulker Box  pour 3,500.00β sur survie_new
[15:35:53] [ITEM_SOLD]: MyNameIs42 vendu 64 x Bread à  Champini pour 150.00 β le survie_new
[15:47:24] [ITEM_LISTED]: Yohan81 vend 64 x Blaze Rod  pour 30.00β sur survie_new
[15:47:25] [ITEM_LISTED]: Yohan81 vend 64 x Blaze Rod  pour 30.00β sur survie_new
[15:47:28] [ITEM_LISTED]: Yohan81 vend 64 x Blaze Rod  pour 30.00β sur survie_new
[15:56:44] [ITEM_SOLD]: Yohan81 vendu 64 x Blaze Rod à  kalaistar pour 30.00 β le survie_new
[15:56:45] [ITEM_SOLD]: Yohan81 vendu 64 x Blaze Rod à  kalaistar pour 30.00 β le survie_new
[15:56:47] [ITEM_SOLD]: Yohan81 vendu 64 x Blaze Rod à  kalaistar pour 30.00 β le survie_new
[15:56:59] [ITEM_LISTED]: Yohan81 vend 64 x Blaze Rod  pour 30.00β sur survie_new
[15:57:00] [ITEM_LISTED]: Yohan81 vend 64 x Blaze Rod  pour 30.00β sur survie_new
[15:57:05] [ITEM_LISTED]: Yohan81 vend 64 x Blaze Rod  pour 30.00β sur survie_new
[15:57:18] [ITEM_SOLD]: Yohan81 vendu 64 x Blaze Rod à  kalaistar pour 30.00 β le survie_new
[15:57:19] [ITEM_SOLD]: Yohan81 vendu 64 x Blaze Rod à  kalaistar pour 30.00 β le survie_new
[15:57:20] [ITEM_SOLD]: Yohan81 vendu 64 x Blaze Rod à  kalaistar pour 30.00 β le survie_new
[15:57:26] [ITEM_LISTED]: Yohan81 vend 64 x Blaze Rod  pour 50.00β sur survie_new
[15:57:50] [ITEM_LISTED]: Yohan81 vend 64 x Blaze Rod  pour 50.00β sur survie_new
[15:57:52] [ITEM_LISTED]: Yohan81 vend 64 x Blaze Rod  pour 50.00β sur survie_new
[15:57:57] [ITEM_LISTED]: Yohan81 vend 64 x Blaze Rod  pour 50.00β sur survie_new
[15:57:58] [ITEM_LISTED]: Yohan81 vend 64 x Blaze Rod  pour 50.00β sur survie_new
[15:58:00] [ITEM_LISTED]: Yohan81 vend 64 x Blaze Rod  pour 50.00β sur survie_new
[15:59:26] [ITEM_LISTED]: Yohan81 vend 64 x Blaze Rod  pour 40.00β sur survie_new
[16:01:43] [ITEM_LISTED]: Yohan81 vend 64 x Blaze Rod  pour 30.00β sur survie_new
[16:01:44] [ITEM_LISTED]: Yohan81 vend 64 x Blaze Rod  pour 30.00β sur survie_new
[16:02:56] [ITEM_LISTED]: Yohan81 vend 64 x Blaze Rod  pour 30.00β sur survie_new
[16:03:49] [ITEM_SOLD]: Yohan81 vendu 64 x Blaze Rod à  kalaistar pour 30.00 β le survie_new
[16:03:50] [ITEM_SOLD]: Yohan81 vendu 64 x Blaze Rod à  kalaistar pour 30.00 β le survie_new
[16:03:51] [ITEM_SOLD]: Yohan81 vendu 64 x Blaze Rod à  kalaistar pour 30.00 β le survie_new
[16:04:58] [ITEM_LISTED]: Yohan81 vend 64 x Blaze Rod  pour 30.00β sur survie_new
[16:04:59] [ITEM_LISTED]: Yohan81 vend 64 x Blaze Rod  pour 30.00β sur survie_new
[16:05:01] [ITEM_LISTED]: Yohan81 vend 64 x Blaze Rod  pour 30.00β sur survie_new
[16:05:03] [ITEM_LISTED]: Yohan81 vend 64 x Blaze Rod  pour 30.00β sur survie_new
[16:05:05] [ITEM_LISTED]: Yohan81 vend 64 x Blaze Rod  pour 30.00β sur survie_new
[16:05:06] [ITEM_LISTED]: Yohan81 vend 64 x Blaze Rod  pour 30.00β sur survie_new
[16:05:09] [ITEM_LISTED]: Yohan81 vend 64 x Blaze Rod  pour 30.00β sur survie_new
[16:05:16] [ITEM_SOLD]: Yohan81 vendu 64 x Blaze Rod à  kalaistar pour 30.00 β le survie_new
[16:05:17] [ITEM_SOLD]: Yohan81 vendu 64 x Blaze Rod à  kalaistar pour 30.00 β le survie_new
[16:05:22] [ITEM_SOLD]: Yohan81 vendu 64 x Blaze Rod à  kalaistar pour 30.00 β le survie_new
[16:05:23] [ITEM_SOLD]: Yohan81 vendu 64 x Blaze Rod à  kalaistar pour 30.00 β le survie_new
[16:05:24] [ITEM_SOLD]: Yohan81 vendu 64 x Blaze Rod à  kalaistar pour 30.00 β le survie_new
[16:05:25] [ITEM_SOLD]: Yohan81 vendu 64 x Blaze Rod à  kalaistar pour 30.00 β le survie_new
[16:05:26] [ITEM_LISTED]: Yohan81 vend 64 x Blaze Rod  pour 30.00β sur survie_new
[16:05:26] [ITEM_SOLD]: Yohan81 vendu 64 x Blaze Rod à  kalaistar pour 30.00 β le survie_new
[16:05:28] [ITEM_LISTED]: Yohan81 vend 64 x Blaze Rod  pour 30.00β sur survie_new
[16:05:28] [ITEM_SOLD]: Yohan81 vendu 64 x Blaze Rod à  kalaistar pour 30.00 β le survie_new
[16:05:29] [ITEM_LISTED]: Yohan81 vend 64 x Blaze Rod  pour 30.00β sur survie_new
[16:05:29] [ITEM_SOLD]: Yohan81 vendu 64 x Blaze Rod à  kalaistar pour 30.00 β le survie_new
[16:05:30] [ITEM_LISTED]: Yohan81 vend 64 x Blaze Rod  pour 30.00β sur survie_new
[16:05:32] [ITEM_LISTED]: Yohan81 vend 64 x Blaze Rod  pour 30.00β sur survie_new
[16:05:33] [ITEM_SOLD]: Yohan81 vendu 64 x Blaze Rod à  kalaistar pour 30.00 β le survie_new
[16:05:34] [ITEM_SOLD]: Yohan81 vendu 64 x Blaze Rod à  kalaistar pour 30.00 β le survie_new
[16:05:35] [ITEM_SOLD]: Yohan81 vendu 64 x Blaze Rod à  kalaistar pour 30.00 β le survie_new
[16:05:38] [ITEM_LISTED]: Yohan81 vend 64 x Blaze Rod  pour 30.00β sur survie_new
[16:05:40] [ITEM_LISTED]: Yohan81 vend 64 x Blaze Rod  pour 30.00β sur survie_new
[16:06:02] [ITEM_LISTED]: Yohan81 vend 64 x Blaze Rod  pour 30.00β sur survie_new
[16:06:04] [ITEM_LISTED]: Yohan81 vend 64 x Blaze Rod  pour 30.00β sur survie_new
[16:06:05] [ITEM_LISTED]: Yohan81 vend 64 x Blaze Rod  pour 30.00β sur survie_new
[16:06:07] [ITEM_LISTED]: Yohan81 vend 64 x Blaze Rod  pour 30.00β sur survie_new
[16:06:21] [ITEM_LISTED]: Yohan81 vend 14 x Blaze Rod  pour 6.00β sur survie_new
[16:06:26] [ITEM_LISTED]: Yohan81 vend 64 x Blaze Rod  pour 30.00β sur survie_new
[16:06:27] [ITEM_LISTED]: Yohan81 vend 64 x Blaze Rod  pour 30.00β sur survie_new
[16:06:29] [ITEM_LISTED]: Yohan81 vend 64 x Blaze Rod  pour 30.00β sur survie_new
[16:06:47] [ITEM_SOLD]: Yohan81 vendu 64 x Blaze Rod à  kalaistar pour 30.00 β le survie_new
[16:06:48] [ITEM_SOLD]: Yohan81 vendu 64 x Blaze Rod à  kalaistar pour 30.00 β le survie_new
[16:06:49] [ITEM_SOLD]: Yohan81 vendu 64 x Blaze Rod à  kalaistar pour 30.00 β le survie_new
[16:06:49] [ITEM_LISTED]: Yohan81 vend 64 x Blaze Rod  pour 30.00β sur survie_new
[16:06:54] [ITEM_SOLD]: Yohan81 vendu 64 x Blaze Rod à  kalaistar pour 30.00 β le survie_new
[16:06:54] [ITEM_LISTED]: Yohan81 vend 64 x Blaze Rod  pour 30.00β sur survie_new
[16:06:55] [ITEM_LISTED]: Yohan81 vend 64 x Blaze Rod  pour 30.00β sur survie_new
[16:06:56] [ITEM_SOLD]: Yohan81 vendu 64 x Blaze Rod à  kalaistar pour 30.00 β le survie_new
[16:06:56] [ITEM_LISTED]: Yohan81 vend 64 x Blaze Rod  pour 30.00β sur survie_new
[16:06:58] [ITEM_LISTED]: Yohan81 vend 64 x Blaze Rod  pour 30.00β sur survie_new
[16:06:59] [ITEM_SOLD]: Yohan81 vendu 64 x Blaze Rod à  kalaistar pour 30.00 β le survie_new
[16:07:00] [ITEM_LISTED]: Yohan81 vend 64 x Blaze Rod  pour 30.00β sur survie_new
[16:07:00] [ITEM_SOLD]: Yohan81 vendu 64 x Blaze Rod à  kalaistar pour 30.00 β le survie_new
[16:07:01] [ITEM_SOLD]: Yohan81 vendu 64 x Blaze Rod à  kalaistar pour 30.00 β le survie_new
[16:07:01] [ITEM_LISTED]: Yohan81 vend 64 x Blaze Rod  pour 30.00β sur survie_new
[16:07:02] [ITEM_SOLD]: Yohan81 vendu 64 x Blaze Rod à  kalaistar pour 30.00 β le survie_new
[16:07:03] [ITEM_SOLD]: Yohan81 vendu 64 x Blaze Rod à  kalaistar pour 30.00 β le survie_new
[16:07:04] [ITEM_LISTED]: Yohan81 vend 64 x Blaze Rod  pour 30.00β sur survie_new
[16:07:04] [ITEM_SOLD]: Yohan81 vendu 64 x Blaze Rod à  kalaistar pour 30.00 β le survie_new
[16:07:05] [ITEM_SOLD]: Yohan81 vendu 64 x Blaze Rod à  kalaistar pour 30.00 β le survie_new
[16:07:06] [ITEM_LISTED]: Yohan81 vend 64 x Blaze Rod  pour 30.00β sur survie_new
[16:07:10] [ITEM_LISTED]: Yohan81 vend 64 x Blaze Rod  pour 30.00β sur survie_new
[16:07:13] [ITEM_LISTED]: Yohan81 vend 64 x Blaze Rod  pour 30.00β sur survie_new
[16:07:14] [ITEM_LISTED]: Yohan81 vend 64 x Blaze Rod  pour 30.00β sur survie_new
[16:07:16] [ITEM_LISTED]: Yohan81 vend 64 x Blaze Rod  pour 30.00β sur survie_new
[16:07:18] [ITEM_LISTED]: Yohan81 vend 64 x Blaze Rod  pour 30.00β sur survie_new
[16:07:21] [ITEM_LISTED]: Yohan81 vend 64 x Blaze Rod  pour 30.00β sur survie_new
[16:07:29] [ITEM_SOLD]: Yohan81 vendu 64 x Blaze Rod à  kalaistar pour 30.00 β le survie_new
[16:07:30] [ITEM_SOLD]: Yohan81 vendu 64 x Blaze Rod à  kalaistar pour 30.00 β le survie_new
[16:07:31] [ITEM_SOLD]: Yohan81 vendu 64 x Blaze Rod à  kalaistar pour 30.00 β le survie_new
[16:07:32] [ITEM_SOLD]: Yohan81 vendu 64 x Blaze Rod à  kalaistar pour 30.00 β le survie_new
[16:07:33] [ITEM_SOLD]: Yohan81 vendu 64 x Blaze Rod à  kalaistar pour 30.00 β le survie_new
[16:07:33] [ITEM_SOLD]: Yohan81 vendu 64 x Blaze Rod à  kalaistar pour 30.00 β le survie_new
[16:07:34] [ITEM_LISTED]: Yohan81 vend 64 x Blaze Rod  pour 30.00β sur survie_new
[16:07:34] [ITEM_SOLD]: Yohan81 vendu 64 x Blaze Rod à  kalaistar pour 30.00 β le survie_new
[16:07:35] [ITEM_LISTED]: Yohan81 vend 64 x Blaze Rod  pour 30.00β sur survie_new
[16:07:35] [ITEM_SOLD]: Yohan81 vendu 64 x Blaze Rod à  kalaistar pour 30.00 β le survie_new
[16:07:36] [ITEM_SOLD]: Yohan81 vendu 64 x Blaze Rod à  kalaistar pour 30.00 β le survie_new
[16:07:38] [ITEM_SOLD]: Yohan81 vendu 64 x Blaze Rod à  kalaistar pour 30.00 β le survie_new
[16:07:39] [ITEM_LISTED]: Yohan81 vend 64 x Blaze Rod  pour 30.00β sur survie_new
[16:07:40] [ITEM_SOLD]: Yohan81 vendu 64 x Blaze Rod à  kalaistar pour 30.00 β le survie_new
[16:07:41] [ITEM_LISTED]: Yohan81 vend 64 x Blaze Rod  pour 30.00β sur survie_new
[16:07:42] [ITEM_SOLD]: Yohan81 vendu 64 x Blaze Rod à  kalaistar pour 30.00 β le survie_new
[16:07:43] [ITEM_LISTED]: Yohan81 vend 64 x Blaze Rod  pour 30.00β sur survie_new
[16:07:43] [ITEM_SOLD]: Yohan81 vendu 64 x Blaze Rod à  kalaistar pour 30.00 β le survie_new
[16:07:44] [ITEM_LISTED]: Yohan81 vend 64 x Blaze Rod  pour 30.00β sur survie_new
[16:07:45] [ITEM_SOLD]: Yohan81 vendu 64 x Blaze Rod à  kalaistar pour 30.00 β le survie_new
[16:07:46] [ITEM_LISTED]: Yohan81 vend 64 x Blaze Rod  pour 30.00β sur survie_new
[16:07:47] [ITEM_LISTED]: Yohan81 vend 64 x Blaze Rod  pour 30.00β sur survie_new
[16:07:50] [ITEM_LISTED]: Yohan81 vend 64 x Blaze Rod  pour 30.00β sur survie_new
[16:07:53] [ITEM_SOLD]: Yohan81 vendu 64 x Blaze Rod à  kalaistar pour 30.00 β le survie_new
[16:07:54] [ITEM_SOLD]: Yohan81 vendu 64 x Blaze Rod à  kalaistar pour 30.00 β le survie_new
[16:07:56] [ITEM_SOLD]: Yohan81 vendu 64 x Blaze Rod à  kalaistar pour 30.00 β le survie_new
[16:07:57] [ITEM_SOLD]: Yohan81 vendu 64 x Blaze Rod à  kalaistar pour 30.00 β le survie_new
[16:07:58] [ITEM_SOLD]: Yohan81 vendu 64 x Blaze Rod à  kalaistar pour 30.00 β le survie_new
[16:07:59] [ITEM_SOLD]: Yohan81 vendu 64 x Blaze Rod à  kalaistar pour 30.00 β le survie_new
[16:08:00] [ITEM_SOLD]: Yohan81 vendu 64 x Blaze Rod à  kalaistar pour 30.00 β le survie_new
[16:09:07] [ITEM_LISTED]: Yohan81 vend 64 x Blaze Rod  pour 30.00β sur survie_new
[16:18:07] [ITEM_SOLD]: MyNameIs42 vendu 64 x Bread à  Yohan81 pour 150.00 β le survie_new
[16:48:57] [ITEM_LISTED]: Yohan81 vend 1 x Saddle  pour 150.00β sur survie_new
[16:49:03] [ITEM_LISTED]: Yohan81 vend 1 x Saddle  pour 150.00β sur survie_new
[16:49:38] [ITEM_SOLD]: HeFk vendu 64 x Anvil à  Isaorya pour 600.00 β le survie_new
[17:01:26] [ITEM_LISTED]: Mikiu_Ahegao vend 31 x Light Blue Concrete Powder  pour 400.00β sur survie_new
[18:21:50] [ITEM_SOLD]: MyNameIs42 vendu 64 x Bread à  Isaorya pour 150.00 β le survie_new
[18:56:17] [ITEM_SOLD]: Yohan81 vendu 64 x Carrot à  dovaqui pour 50.00 β le survie_new
[19:08:39] [ITEM_SOLD]: MyNameIs42 vendu 64 x Bread à  Isaorya pour 150.00 β le survie_new
[19:10:03] [ITEM_LISTED]: REGDYLAN vend 64 x Prismarine Crystals  pour 5,000.00β sur survie_new
[19:10:11] [ITEM_CANCELLED]: REGDYLAN annule la vente de 64x Prismarine Crystals pour 5,000.00β sur survie_new
[19:10:34] [ITEM_RETURNED]: 64 x Prismarine Crystals  renvoyé à REGDYLAN le survie_new
[19:14:08] [ITEM_SOLD]: Hydrenoir vendu 1 x Shulker Box à  Champini pour 3,500.00 β le survie_new
[19:19:13] [ITEM_SOLD]: CroixVeBaton vendu 37 x Cooked Chicken à  Dilix29 pour 300.00 β le survie_new
[19:43:39] [ITEM_SOLD]: Yohan81 vendu 64 x Blaze Rod à  HatsuHaruuu pour 30.00 β le survie_new
[20:02:58] [ITEM_DROPPED]: Abandon de la vente Mikiu_Ahegao expirée de 1 x Map  pour 0.00β à leurs pieds le survie_new
[20:17:18] [ITEM_SOLD]: MyNameIs42 vendu 64 x Bread à  Seh_ pour 150.00 β le survie_new
[20:18:02] [ITEM_LISTED]: KANET0 vend 5 x Dragon Breath  pour 30,000.00β sur survie_new
[20:19:20] [ITEM_LISTED]: Jettonial vend 64 x Quartz Block  pour 75.00β sur survie_new
[20:19:50] [ITEM_SOLD]: Jettonial vendu 64 x Quartz Block à  Seh_ pour 75.00 β le survie_new
[21:32:24] [ITEM_LISTED]: Isaorya vend 64 x Spruce Planks  pour 50.00β sur survie_new
[21:32:59] [ITEM_SOLD]: Isaorya vendu 64 x Spruce Planks à  MyNameIs42 pour 50.00 β le survie_new
[21:43:23] [ITEM_SOLD]: WyRz_ vendu 1 x Cartography Table à  toonjosh pour 500.00 β le survie_new
[21:43:31] [ITEM_SOLD]: Flashtric vendu 1 x Enchanted Book à  toonjosh pour 800.00 β le survie_new
[21:43:56] [ITEM_SOLD]: Teinavaa vendu 1 x Enchanted Book à  toonjosh pour 1,000.00 β le survie_new
[21:44:00] [ITEM_SOLD]: pierro vendu 64 x Blaze Rod à  toonjosh pour 480.00 β le survie_new
[22:00:42] [ITEM_LISTED]: MyNameIs42 vend 1 x Enchanted Book  pour 5,000.00β sur survie_new
[22:04:38] [ITEM_LISTED]: Champini vend 10 x Beetroot  pour 0.00β sur survie_new
[22:04:49] [ITEM_SOLD]: Champini vendu 10 x Beetroot à  Marcoco50100 pour 0.00 β le survie_new
[22:19:41] [ITEM_SOLD]: aidan vendu 1 x Enchanted Book à  Geratinapute pour 1,000.00 β le survie_new
[22:53:17] [ITEM_SOLD]: sylverfire02 vendu 1 x Trident à  [Channeling, Impaling IV, Loyalty III, Mending, Unbreaking III] kalaistar pour 25,000.00 β le survie_new
[23:07:25] [ITEM_SOLD]: Mikiu_Ahegao vendu 1 x Potion à  BolatBorz pour 300.00 β le survie_new
[23:07:49] [ITEM_SOLD]: MyNameIs42 vendu 1 x Enchanted Book à  Caldryk pour 5,000.00 β le survie_new
[23:23:24] [ITEM_CANCELLED]: limastic annule la vente de 1x Carrot pour 500,000.00β sur survie_new
[23:23:26] [ITEM_RETURNED]: 1 x Carrot  renvoyé à limastic le survie_new
[23:58:37] [ITEM_LISTED]: _Shoku_ vend 1 x Journal de quêtes  pour 1.00β sur survie_new
