[00:45:46] [ITEM_SOLD]: Christophe_ vendu 1 x Enchanted Book à  hugoleb pour 5,000.00 β le survie_new
[02:18:32] [ITEM_SOLD]: Kaio_Beninou vendu 1 x Shulker Box à  Zarbikop pour 5,000.00 β le survie_new
[02:25:34] [ITEM_LISTED]: LLIcocoman_Hrz vend 8 x Emerald  pour 2,000.00β sur survie_new
[02:25:43] [ITEM_LISTED]: LLIcocoman_Hrz vend 3 x Name Tag  pour 2,000.00β sur survie_new
[11:53:56] [ITEM_SOLD]: LLIcocoman_Hrz vendu 3 x Name Tag à  pikatchou82 pour 2,000.00 β le survie_new
[11:55:18] [ITEM_SOLD]: Yohan81 vendu 16 x Snowball à  pikatchou82 pour 20.00 β le survie_new
[13:12:17] [ITEM_LISTED]: P2M2A2 vend 64 x Jukebox  pour 200.00β sur survie_new
[13:12:20] [ITEM_LISTED]: P2M2A2 vend 64 x Jukebox  pour 200.00β sur survie_new
[13:12:22] [ITEM_LISTED]: P2M2A2 vend 64 x Jukebox  pour 200.00β sur survie_new
[13:12:28] [ITEM_LISTED]: P2M2A2 vend 64 x Jukebox  pour 200.00β sur survie_new
[13:12:35] [ITEM_LISTED]: P2M2A2 vend 50 x Jukebox  pour 150.00β sur survie_new
[13:54:06] [ITEM_LISTED]: Minebark vend 1 x Enchanted Book  pour 1,000.00β sur survie_new
[13:57:00] [ITEM_LISTED]: Stebanou vend 1 x Golden Horse Armor  pour 500.00β sur survie_new
[13:57:27] [ITEM_LISTED]: Stebanou vend 1 x Iron Horse Armor  pour 100.00β sur survie_new
[14:02:39] [ITEM_LISTED]: 74Matt vend 1 x Iron Pickaxe  [Efficiency IV, Silk Touch, Unbreaking III] pour 5,000.00β sur survie_new
[14:49:46] [ITEM_LISTED]: Solasis7 vend 64 x Coal  pour 500.00β sur survie_new
[14:49:57] [ITEM_LISTED]: Solasis7 vend 64 x Coal  pour 500.00β sur survie_new
[14:51:31] [ITEM_LISTED]: Solasis7 vend 54 x Coal  pour 450.00β sur survie_new
[14:59:38] [ITEM_DROPPED]: Abandon de la vente Yohan81 expirée de 1 x Saddle  pour 0.00β à leurs pieds le survie_new
[14:59:38] [ITEM_DROPPED]: Abandon de la vente Yohan81 expirée de 1 x Saddle  pour 0.00β à leurs pieds le survie_new
[15:50:23] [ITEM_DROPPED]: Abandon de la vente Yohan81 expirée de 1 x Saddle  pour 0.00β à leurs pieds le survie_new
[16:33:41] [ITEM_LISTED]: Blazd vend 1 x Enchanted Book  pour 15,000.00β sur survie_new
[16:34:24] [ITEM_LISTED]: Blazd vend 1 x Golden Sword  [Sharpness VIII] pour 5,000.00β sur survie_new
[16:45:58] [ITEM_LISTED]: LLIcocoman_Hrz vend 16 x Prismarine Crystals  pour 5,000.00β sur survie_new
[16:46:19] [ITEM_LISTED]: LLIcocoman_Hrz vend 8 x Emerald  pour 2,000.00β sur survie_new
[16:46:29] [ITEM_LISTED]: LLIcocoman_Hrz vend 1 x §;§:Spawner à Araignée venimeuse 1x  pour 2,000.00β sur survie_new
[16:47:01] [ITEM_LISTED]: LLIcocoman_Hrz vend 8 x Emerald  pour 1,000.00β sur survie_new
[16:47:10] [ITEM_LISTED]: LLIcocoman_Hrz vend 16 x Glowstone  pour 500.00β sur survie_new
[16:47:18] [ITEM_SOLD]: LLIcocoman_Hrz vendu 1 x §;§:Spawner à Araignée venimeuse 1x à  Zarbikop pour 2,000.00 β le survie_new
[16:49:56] [ITEM_SOLD]: P2M2A2 vendu 64 x Jukebox à  Zarbikop pour 200.00 β le survie_new
[16:50:31] [ITEM_CANCELLED]: Zarbikop annule la vente de 1x Enchanted Book pour 2,000.00β sur survie_new
[16:50:34] [ITEM_RETURNED]: 1 x Enchanted Book  renvoyé à Zarbikop le survie_new
[16:50:51] [ITEM_LISTED]: Zarbikop vend 1 x Enchanted Book  pour 1,500.00β sur survie_new
[17:01:34] [ITEM_LISTED]: Bertrand vend 4 x Emerald Block  pour 2,500.00β sur survie_new
[17:01:43] [ITEM_LISTED]: Bertrand vend 4 x Emerald Block  pour 2,500.00β sur survie_new
[17:03:28] [ITEM_CANCELLED]: LLIcocoman_Hrz annule la vente de 8x Emerald pour 2,000.00β sur survie_new
[17:03:37] [ITEM_CANCELLED]: LLIcocoman_Hrz annule la vente de 8x Emerald pour 1,000.00β sur survie_new
[17:03:38] [ITEM_CANCELLED]: LLIcocoman_Hrz annule la vente de 8x Emerald pour 2,000.00β sur survie_new
[17:03:53] [ITEM_RETURNED]: 8 x Emerald  renvoyé à LLIcocoman_Hrz le survie_new
[17:03:54] [ITEM_RETURNED]: 8 x Emerald  renvoyé à LLIcocoman_Hrz le survie_new
[17:03:55] [ITEM_RETURNED]: 8 x Emerald  renvoyé à LLIcocoman_Hrz le survie_new
[17:03:55] [ITEM_RETURNED]: 32 x Obsidian  renvoyé à LLIcocoman_Hrz le survie_new
[17:03:56] [ITEM_RETURNED]: 64 x Obsidian  renvoyé à LLIcocoman_Hrz le survie_new
[17:03:56] [ITEM_RETURNED]: 64 x Obsidian  renvoyé à LLIcocoman_Hrz le survie_new
[17:03:57] [ITEM_CANCELLED]: LLIcocoman_Hrz annule la vente de 16x Glowstone pour 500.00β sur survie_new
[17:04:16] [ITEM_LISTED]: eric2a vend 25 x Turtle Egg  pour 25,000.00β sur survie_new
[17:04:27] [ITEM_LISTED]: Bertrand vend 1 x Totem Of Undying  pour 3,000.00β sur survie_new
[17:05:05] [ITEM_DROPPED]: Abandon de la vente omega2028 expirée de 1 x Totem Of Undying  pour 0.00β à leurs pieds le survie_new
[17:05:05] [ITEM_DROPPED]: Abandon de la vente omega2028 expirée de 1 x Totem Of Undying  pour 0.00β à leurs pieds le survie_new
[17:05:05] [ITEM_DROPPED]: Abandon de la vente omega2028 expirée de 1 x Totem Of Undying  pour 0.00β à leurs pieds le survie_new
[17:05:05] [ITEM_DROPPED]: Abandon de la vente omega2028 expirée de 1 x Totem Of Undying  pour 0.00β à leurs pieds le survie_new
[17:05:24] [ITEM_SOLD]: Bertrand vendu 4 x Emerald Block à  lancelot pour 2,500.00 β le survie_new
[17:05:25] [ITEM_LISTED]: LLIcocoman_Hrz vend 2 x Emerald Block  pour 1,000.00β sur survie_new
[17:05:37] [ITEM_LISTED]: LLIcocoman_Hrz vend 6 x Emerald  pour 600.00β sur survie_new
[17:05:49] [ITEM_LISTED]: LLIcocoman_Hrz vend 64 x Obsidian  pour 500.00β sur survie_new
[17:05:52] [ITEM_LISTED]: LLIcocoman_Hrz vend 64 x Obsidian  pour 500.00β sur survie_new
[17:05:58] [ITEM_LISTED]: LLIcocoman_Hrz vend 32 x Obsidian  pour 250.00β sur survie_new
[17:06:09] [ITEM_SOLD]: eric2a vendu 25 x Turtle Egg à  LLIcocoman_Hrz pour 25,000.00 β le survie_new
[17:06:15] [ITEM_LISTED]: LLIcocoman_Hrz vend 25 x Turtle Egg  pour 2,000.00β sur survie_new
[17:06:32] [ITEM_CANCELLED]: LLIcocoman_Hrz annule la vente de 25x Turtle Egg pour 2,000.00β sur survie_new
[17:06:32] [ITEM_LISTED]: eric2a vend 45 x Beef  pour 10,000.00β sur survie_new
[17:06:37] [ITEM_RETURNED]: 25 x Turtle Egg  renvoyé à LLIcocoman_Hrz le survie_new
[17:06:38] [ITEM_RETURNED]: 16 x Glowstone  renvoyé à LLIcocoman_Hrz le survie_new
[17:06:46] [ITEM_LISTED]: LLIcocoman_Hrz vend 16 x Glowstone  pour 200.00β sur survie_new
[17:07:00] [ITEM_LISTED]: LLIcocoman_Hrz vend 1 x Turtle Egg  pour 2,000.00β sur survie_new
[17:08:39] [ITEM_LISTED]: eric2a vend 1 x Elytra  pour 10,000.00β sur survie_new
[17:09:24] [ITEM_CANCELLED]: eric2a annule la vente de 45x Beef pour 10,000.00β sur survie_new
[17:10:40] [ITEM_LISTED]: eric2a vend 64 x Gold Block  pour 40,000.00β sur survie_new
[17:11:53] [ITEM_LISTED]: eric2a vend 5 x Wither Rose  pour 10,000.00β sur survie_new
[17:14:12] [ITEM_LISTED]: eric2a vend 1 x Epée  [Looting II, Sharpness V, Unbreaking II] pour 15,000.00β sur survie_new
[17:15:23] [ITEM_SOLD]: LLIcocoman_Hrz vendu 1 x Turtle Egg à  Zarbikop pour 2,000.00 β le survie_new
[17:16:17] [ITEM_LISTED]: eric2a vend 1 x Cat Spawn Egg  pour 2,500.00β sur survie_new
[17:16:30] [ITEM_SOLD]: eric2a vendu 1 x Cat Spawn Egg à  Zarbikop pour 2,500.00 β le survie_new
[17:30:18] [ITEM_SOLD]: LLIcocoman_Hrz vendu 32 x Obsidian à  D3sTryk3 pour 250.00 β le survie_new
[17:41:12] [ITEM_CANCELLED]: Blazd annule la vente de 1x Enchanted Book pour 10,000.00β sur survie_new
[17:41:12] [ITEM_CANCELLED]: Blazd annule la vente de 1x (°-°) pour 5,000.00β sur survie_new
[17:41:14] [ITEM_CANCELLED]: Blazd annule la vente de 64x Anvil pour 5,000.00β sur survie_new
[17:41:16] [ITEM_CANCELLED]: Blazd annule la vente de 1x Enchanted Book pour 10,000.00β sur survie_new
[17:41:16] [ITEM_CANCELLED]: Blazd annule la vente de 1x Enchanted Book pour 15,000.00β sur survie_new
[17:41:16] [ITEM_CANCELLED]: Blazd annule la vente de 1x Golden Sword [Sharpness VIII] pour 5,000.00β sur survie_new
[17:41:28] [ITEM_RETURNED]: 1 x Réduction prix livres selon grade :  renvoyé à Blazd le survie_new
[17:41:30] [ITEM_RETURNED]: 64 x Grass Block  renvoyé à Blazd le survie_new
[17:41:31] [ITEM_RETURNED]: 64 x Mycelium  renvoyé à Blazd le survie_new
[17:41:33] [ITEM_RETURNED]: 1 x Enchanted Book  renvoyé à Blazd le survie_new
[17:41:34] [ITEM_RETURNED]: 1 x Enchanted Book  renvoyé à Blazd le survie_new
[17:41:35] [ITEM_RETURNED]: 64 x Anvil  renvoyé à Blazd le survie_new
[17:41:35] [ITEM_RETURNED]: 1 x (°-°)  renvoyé à Blazd le survie_new
[17:41:35] [ITEM_RETURNED]: 1 x Enchanted Book  renvoyé à Blazd le survie_new
[17:41:37] [ITEM_RETURNED]: 1 x Golden Sword  [Sharpness VIII] renvoyé à Blazd le survie_new
[17:41:37] [ITEM_RETURNED]: 1 x Enchanted Book  renvoyé à Blazd le survie_new
[17:41:38] [ITEM_RETURNED]: 1 x Enchanted Book  renvoyé à Blazd le survie_new
[17:41:39] [ITEM_RETURNED]: 1 x Enchanted Book  renvoyé à Blazd le survie_new
[17:41:39] [ITEM_RETURNED]: 1 x Enchanted Book  renvoyé à Blazd le survie_new
[17:41:40] [ITEM_RETURNED]: 1 x Enchanted Book  renvoyé à Blazd le survie_new
[17:41:40] [ITEM_RETURNED]: 1 x Enchanted Book  renvoyé à Blazd le survie_new
[17:41:41] [ITEM_RETURNED]: 1 x Enchanted Book  renvoyé à Blazd le survie_new
[17:41:41] [ITEM_RETURNED]: 1 x Enchanted Book  renvoyé à Blazd le survie_new
[17:41:42] [ITEM_RETURNED]: 1 x Enchanted Book  renvoyé à Blazd le survie_new
[17:43:37] [ITEM_LISTED]: Blazd vend 1 x Enchanted Book  pour 8,000.00β sur survie_new
[17:43:42] [ITEM_LISTED]: Blazd vend 1 x Enchanted Book  pour 12,000.00β sur survie_new
[17:43:47] [ITEM_LISTED]: Blazd vend 1 x Enchanted Book  pour 15,000.00β sur survie_new
[17:43:54] [ITEM_LISTED]: Blazd vend 1 x Enchanted Book  pour 10,000.00β sur survie_new
[17:44:02] [ITEM_LISTED]: Blazd vend 1 x Enchanted Book  pour 8,000.00β sur survie_new
[17:44:08] [ITEM_LISTED]: Blazd vend 1 x (°-°)  pour 5,000.00β sur survie_new
[17:47:32] [ITEM_LISTED]: Blazd vend 1 x Réduction prix livres selon grade :  pour 100,000.00β sur survie_new
[17:47:46] [ITEM_LISTED]: Blazd vend 1 x Enchanted Book  pour 8,000.00β sur survie_new
[17:47:51] [ITEM_LISTED]: Blazd vend 1 x Enchanted Book  pour 8,000.00β sur survie_new
[17:47:57] [ITEM_LISTED]: Blazd vend 1 x Enchanted Book  pour 10,000.00β sur survie_new
[17:48:05] [ITEM_LISTED]: Blazd vend 1 x Enchanted Book  pour 5,000.00β sur survie_new
[17:48:11] [ITEM_LISTED]: Blazd vend 1 x Enchanted Book  pour 10,000.00β sur survie_new
[17:48:17] [ITEM_LISTED]: Blazd vend 1 x Enchanted Book  pour 8,000.00β sur survie_new
[17:49:03] [ITEM_LISTED]: Blazd vend 64 x Grass Block  pour 5,000.00β sur survie_new
[17:49:09] [ITEM_LISTED]: Blazd vend 64 x Mycelium  pour 15,000.00β sur survie_new
[17:49:16] [ITEM_LISTED]: Blazd vend 64 x Anvil  pour 4,000.00β sur survie_new
[17:49:54] [ITEM_LISTED]: RoroElPadre vend 1 x Fishing Rod  [unknown, Lure III, Unbreaking III] pour 7,000.00β sur survie_new
[17:50:07] [ITEM_LISTED]: Blazd vend 1 x Golden Sword  [Sharpness VIII] pour 5,000.00β sur survie_new
[17:52:01] [ITEM_LISTED]: Blazd vend 1 x Cat Spawn Egg  pour 20,000.00β sur survie_new
[17:52:05] [ITEM_LISTED]: RoroElPadre vend 1 x Fishing Rod  [unknown, Lure III, Unbreaking III] pour 7,000.00β sur survie_new
[17:52:24] [ITEM_LISTED]: Blazd vend 1 x Dragon Head  pour 15,000.00β sur survie_new
[17:53:21] [ITEM_LISTED]: RoroElPadre vend 1 x Fishing Rod  [unknown, Unbreaking III] pour 3,500.00β sur survie_new
[17:53:26] [ITEM_LISTED]: RoroElPadre vend 1 x Fishing Rod  [Unbreaking III] pour 2,000.00β sur survie_new
[17:53:28] [ITEM_LISTED]: RoroElPadre vend 1 x Fishing Rod  [Unbreaking III] pour 2,000.00β sur survie_new
[17:53:33] [ITEM_LISTED]: RoroElPadre vend 1 x Fishing Rod  [Unbreaking III] pour 2,000.00β sur survie_new
[17:53:35] [ITEM_LISTED]: RoroElPadre vend 1 x Fishing Rod  [Unbreaking III] pour 2,000.00β sur survie_new
[17:53:37] [ITEM_LISTED]: RoroElPadre vend 1 x Fishing Rod  [Unbreaking III] pour 2,000.00β sur survie_new
[17:53:56] [ITEM_LISTED]: Blazd vend 2 x Turtle Egg  pour 10,000.00β sur survie_new
[18:19:42] [ITEM_LISTED]: LLIcocoman_Hrz vend 1 x Turtle Egg  pour 2,000.00β sur survie_new
[18:21:49] [ITEM_CANCELLED]: RoroElPadre annule la vente de 1x Fishing Rod [unknown, Unbreaking III] pour 3,500.00β sur survie_new
[18:22:17] [ITEM_RETURNED]: 1 x Fishing Rod  [unknown, Unbreaking III] renvoyé à RoroElPadre le survie_new
[18:25:04] [ITEM_LISTED]: LLIcocoman_Hrz vend 3 x Name Tag  pour 3,000.00β sur survie_new
[18:27:16] [ITEM_LISTED]: LLIcocoman_Hrz vend 8 x Prismarine Crystals  pour 1,000.00β sur survie_new
[18:27:48] [ITEM_SOLD]: LLIcocoman_Hrz vendu 3 x Name Tag à  EclaRaft pour 3,000.00 β le survie_new
[18:51:21] [ITEM_SOLD]: eric2a vendu 1 x Epée à  [Looting II, Sharpness V, Unbreaking II] Stebanou pour 15,000.00 β le survie_new
[18:53:47] [ITEM_SOLD]: Blazd vendu 1 x Enchanted Book à  Stebanou pour 15,000.00 β le survie_new
[19:00:31] [ITEM_LISTED]: RoroElPadre vend 1 x Diamond Sword  [Fire Aspect II, Knockback II, Looting II, Sharpness V, Sweeping Edge III, Unbreaking III] pour 16,000.00β sur survie_new
[19:27:58] [ITEM_LISTED]: Ekiliox vend 3 x Golden Apple  pour 1,000.00β sur survie_new
[19:28:09] [ITEM_CANCELLED]: Ekiliox annule la vente de 3x Golden Apple pour 1,000.00β sur survie_new
[19:28:17] [ITEM_RETURNED]: 3 x Golden Apple  renvoyé à Ekiliox le survie_new
[19:28:23] [ITEM_LISTED]: Ekiliox vend 1 x Golden Apple  pour 1,000.00β sur survie_new
[19:29:33] [ITEM_CANCELLED]: Ekiliox annule la vente de 1x Golden Apple pour 1,000.00β sur survie_new
[19:29:40] [ITEM_RETURNED]: 1 x Golden Apple  renvoyé à Ekiliox le survie_new
[19:30:50] [ITEM_SOLD]: Stebanou vendu 1 x Iron Horse Armor à  Ekiliox pour 100.00 β le survie_new
[19:31:34] [ITEM_LISTED]: Ekiliox vend 1 x Iron Horse Armor  pour 200.00β sur survie_new
[19:37:20] [ITEM_LISTED]: Bertrand vend 64 x Sugar Cane  pour 250.00β sur survie_new
[19:37:25] [ITEM_LISTED]: Bertrand vend 64 x Sugar Cane  pour 250.00β sur survie_new
[20:19:55] [ITEM_SOLD]: LLIcocoman_Hrz vendu 8 x Prismarine Crystals à  pikatchou82 pour 1,000.00 β le survie_new
[20:20:08] [ITEM_SOLD]: LLIcocoman_Hrz vendu 16 x Prismarine Crystals à  pikatchou82 pour 5,000.00 β le survie_new
[20:25:09] [ITEM_LISTED]: RoroElPadre vend 1 x Diamond Shovel  [Unbreaking III] pour 700.00β sur survie_new
[20:26:31] [ITEM_LISTED]: RoroElPadre vend 1 x Diamond Pickaxe  [Unbreaking III] pour 700.00β sur survie_new
[20:27:02] [ITEM_LISTED]: RoroElPadre vend 1 x Diamond Pickaxe  [Unbreaking III] pour 700.00β sur survie_new
[20:31:53] [ITEM_LISTED]: LLIcocoman_Hrz vend 32 x Spruce Log  pour 40.00β sur survie_new
[20:31:58] [ITEM_SOLD]: LLIcocoman_Hrz vendu 32 x Spruce Log à  RoroElPadre pour 40.00 β le survie_new
[20:32:10] [ITEM_LISTED]: LLIcocoman_Hrz vend 32 x Obsidian  pour 500.00β sur survie_new
[20:36:01] [ITEM_SOLD]: Blazd vendu 1 x Enchanted Book à  Christophe_ pour 8,000.00 β le survie_new
[20:36:03] [ITEM_SOLD]: Blazd vendu 1 x Enchanted Book à  Christophe_ pour 10,000.00 β le survie_new
[20:40:43] [ITEM_LISTED]: RoroElPadre vend 1 x Fishing Rod  [unknown, Lure IV, Mending, Unbreaking III] pour 50,000.00β sur survie_new
[20:41:19] [ITEM_CANCELLED]: RoroElPadre annule la vente de 1x Fishing Rod [unknown, Lure IV, Mending, Unbreaking III] pour 50,000.00β sur survie_new
[20:41:23] [ITEM_RETURNED]: 1 x Fishing Rod  [unknown, Lure IV, Mending, Unbreaking III] renvoyé à RoroElPadre le survie_new
[20:51:44] [ITEM_LISTED]: Aurelien13 vend 1 x Enchanted Book  pour 5,000.00β sur survie_new
[20:53:11] [ITEM_LISTED]: Aurelien13 vend 1 x Enchanted Book  pour 2,000.00β sur survie_new
[20:53:19] [ITEM_LISTED]: Aurelien13 vend 1 x Enchanted Book  pour 2,500.00β sur survie_new
[20:53:28] [ITEM_LISTED]: Aurelien13 vend 1 x Enchanted Book  pour 1,500.00β sur survie_new
[21:19:54] [ITEM_LISTED]: Ekiliox vend 64 x Melon Slice  pour 50.00β sur survie_new
[21:20:11] [ITEM_LISTED]: Ekiliox vend 27 x Melon Slice  pour 49.99β sur survie_new
[21:20:21] [ITEM_CANCELLED]: Ekiliox annule la vente de 27x Melon Slice pour 49.99β sur survie_new
[21:20:24] [ITEM_RETURNED]: 27 x Melon Slice  renvoyé à Ekiliox le survie_new
[21:20:45] [ITEM_CANCELLED]: Ekiliox annule la vente de 64x Melon Slice pour 50.00β sur survie_new
[21:20:58] [ITEM_RETURNED]: 64 x Melon Slice  renvoyé à Ekiliox le survie_new
[21:21:06] [ITEM_LISTED]: Ekiliox vend 64 x Melon Slice  pour 49.99β sur survie_new
[21:30:17] [ITEM_CANCELLED]: Blazd annule la vente de 2x Turtle Egg pour 10,000.00β sur survie_new
[21:39:57] [ITEM_LISTED]: LLIcocoman_Hrz vend 1 x Dolphin Spawn Egg  pour 5,000.00β sur survie_new
[21:40:02] [ITEM_LISTED]: LLIcocoman_Hrz vend 16 x Obsidian  pour 250.00β sur survie_new
[21:40:38] [ITEM_SOLD]: Solasis7 vendu 54 x Coal à  miaouoke pour 450.00 β le survie_new
[21:44:21] [ITEM_SOLD]: Aurelien13 vendu 1 x Enchanted Book à  Dimazerty pour 2,500.00 β le survie_new
[21:44:30] [ITEM_SOLD]: RoroElPadre vendu 1 x Diamond Pickaxe à  [Unbreaking III] Dimazerty pour 700.00 β le survie_new
[21:47:44] [ITEM_LISTED]: RoroElPadre vend 1 x Enchanted Book  pour 2,000.00β sur survie_new
[21:47:56] [ITEM_LISTED]: samdec666 vend 64 x Carrot  pour 24.00β sur survie_new
[21:48:00] [ITEM_LISTED]: samdec666 vend 64 x Carrot  pour 24.00β sur survie_new
[21:48:09] [ITEM_LISTED]: samdec666 vend 64 x Carrot  pour 24.00β sur survie_new
[21:48:11] [ITEM_LISTED]: samdec666 vend 64 x Carrot  pour 24.00β sur survie_new
[21:48:12] [ITEM_LISTED]: samdec666 vend 64 x Carrot  pour 24.00β sur survie_new
[21:48:36] [ITEM_LISTED]: samdec666 vend 64 x Carrot  pour 24.00β sur survie_new
[21:48:38] [ITEM_LISTED]: samdec666 vend 64 x Carrot  pour 24.00β sur survie_new
[21:48:40] [ITEM_LISTED]: samdec666 vend 64 x Carrot  pour 24.00β sur survie_new
[21:48:46] [ITEM_LISTED]: samdec666 vend 64 x Carrot  pour 24.00β sur survie_new
[21:48:48] [ITEM_LISTED]: samdec666 vend 64 x Carrot  pour 24.00β sur survie_new
[21:48:50] [ITEM_LISTED]: samdec666 vend 64 x Carrot  pour 24.00β sur survie_new
[21:48:51] [ITEM_LISTED]: samdec666 vend 64 x Carrot  pour 24.00β sur survie_new
[21:53:04] [ITEM_LISTED]: samdec666 vend 64 x Carrot  pour 24.00β sur survie_new
[21:53:24] [ITEM_LISTED]: samdec666 vend 64 x Carrot  pour 24.00β sur survie_new
[21:53:31] [ITEM_LISTED]: samdec666 vend 64 x Carrot  pour 24.00β sur survie_new
[21:53:35] [ITEM_LISTED]: samdec666 vend 64 x Carrot  pour 24.00β sur survie_new
[22:09:37] [ITEM_SOLD]: Solasis7 vendu 64 x Coal à  Dimazerty pour 500.00 β le survie_new
[22:09:39] [ITEM_SOLD]: Solasis7 vendu 64 x Coal à  Dimazerty pour 500.00 β le survie_new
[22:10:23] [ITEM_DROPPED]: Abandon de la vente limastic expirée de 1 x Enchanted Book  pour 0.00β à leurs pieds le survie_new
[22:10:23] [ITEM_DROPPED]: Abandon de la vente limastic expirée de 1 x Enchanted Book  pour 0.00β à leurs pieds le survie_new
[22:10:23] [ITEM_DROPPED]: Abandon de la vente limastic expirée de 1 x Enchanted Book  pour 0.00β à leurs pieds le survie_new
[22:10:23] [ITEM_DROPPED]: Abandon de la vente limastic expirée de 1 x Enchanted Book  pour 0.00β à leurs pieds le survie_new
[22:10:49] [ITEM_LISTED]: limastic vend 1 x Enchanted Book  pour 1,000.00β sur survie_new
[22:10:50] [ITEM_LISTED]: limastic vend 1 x Enchanted Book  pour 1,000.00β sur survie_new
[22:10:52] [ITEM_LISTED]: limastic vend 1 x Enchanted Book  pour 1,000.00β sur survie_new
[22:10:54] [ITEM_LISTED]: limastic vend 1 x Enchanted Book  pour 1,000.00β sur survie_new
[22:14:09] [ITEM_DROPPED]: Abandon de la vente AzodFR expirée de 1 x Written Book  pour 0.00β à leurs pieds le survie_new
[22:14:09] [ITEM_DROPPED]: Abandon de la vente AzodFR expirée de 1 x Written Book  pour 0.00β à leurs pieds le survie_new
[22:14:09] [ITEM_DROPPED]: Abandon de la vente AzodFR expirée de 1 x Written Book  pour 0.00β à leurs pieds le survie_new
[22:14:09] [ITEM_DROPPED]: Abandon de la vente AzodFR expirée de 1 x Written Book  pour 0.00β à leurs pieds le survie_new
[22:33:35] [ITEM_LISTED]: LLIcocoman_Hrz vend 1 x §;§:Spawner à Araignée venimeuse 1x  pour 10,000.00β sur survie_new
[22:59:57] [ITEM_CANCELLED]: Ekiliox annule la vente de 64x Melon Slice pour 49.99β sur survie_new
[23:00:00] [ITEM_RETURNED]: 64 x Melon Slice  renvoyé à Ekiliox le survie_new
[23:00:09] [ITEM_LISTED]: Ekiliox vend 64 x Melon Slice  pour 15.00β sur survie_new
[23:00:13] [ITEM_LISTED]: Ekiliox vend 54 x Melon Slice  pour 15.00β sur survie_new
[23:00:19] [ITEM_LISTED]: Ekiliox vend 64 x Melon Slice  pour 15.00β sur survie_new
[23:00:22] [ITEM_LISTED]: Ekiliox vend 64 x Melon Slice  pour 15.00β sur survie_new
[23:00:25] [ITEM_LISTED]: Ekiliox vend 64 x Melon Slice  pour 15.00β sur survie_new
[23:00:27] [ITEM_LISTED]: Ekiliox vend 64 x Melon Slice  pour 15.00β sur survie_new
[23:00:30] [ITEM_LISTED]: Ekiliox vend 64 x Melon Slice  pour 15.00β sur survie_new
[23:00:33] [ITEM_LISTED]: Ekiliox vend 64 x Melon Slice  pour 15.00β sur survie_new
[23:00:42] [ITEM_LISTED]: Ekiliox vend 64 x Melon Slice  pour 15.00β sur survie_new
[23:20:13] [ITEM_CANCELLED]: RoroElPadre annule la vente de 1x Fishing Rod [unknown, Lure III, Unbreaking III] pour 7,000.00β sur survie_new
[23:20:15] [ITEM_RETURNED]: 1 x Fishing Rod  [unknown, Lure III, Unbreaking III] renvoyé à RoroElPadre le survie_new
[23:21:54] [ITEM_LISTED]: LLIcocoman_Hrz vend 64 x Spruce Log  pour 100.00β sur survie_new
[23:21:56] [ITEM_LISTED]: LLIcocoman_Hrz vend 64 x Spruce Log  pour 100.00β sur survie_new
[23:21:58] [ITEM_LISTED]: LLIcocoman_Hrz vend 64 x Spruce Log  pour 100.00β sur survie_new
[23:22:06] [ITEM_LISTED]: LLIcocoman_Hrz vend 1 x Chicken Spawn Egg  pour 2,000.00β sur survie_new
[23:30:26] [ITEM_SOLD]: LLIcocoman_Hrz vendu 64 x Spruce Log à  RoroElPadre pour 100.00 β le survie_new
[23:30:28] [ITEM_SOLD]: LLIcocoman_Hrz vendu 64 x Spruce Log à  RoroElPadre pour 100.00 β le survie_new
[23:30:29] [ITEM_SOLD]: LLIcocoman_Hrz vendu 64 x Spruce Log à  RoroElPadre pour 100.00 β le survie_new
[23:30:44] [ITEM_SOLD]: LLIcocoman_Hrz vendu 1 x §;§:Spawner à Araignée venimeuse 1x à  RoroElPadre pour 10,000.00 β le survie_new
[23:30:51] [ITEM_LISTED]: RoroElPadre vend 1 x §;§:Spawner à Araignée venimeuse 1x  pour 15,000.00β sur survie_new
[23:59:15] [ITEM_SOLD]: Bertrand vendu 64 x Sugar Cane à  ketsumochi pour 250.00 β le survie_new
[23:59:33] [ITEM_SOLD]: LLIcocoman_Hrz vendu 16 x Obsidian à  ketsumochi pour 250.00 β le survie_new
