[00:17:39] [ITEM_LISTED]: limastic listed 6x Ominous Banner for $100.00 on Survie
[02:52:10] [ITEM_LISTED]: Kaam98 listed 1x Name Tag for $200.00 on spawn
[03:00:24] [ITEM_SOLD]: Kaam98 vend 1x Name Tag sur Piltrax pour $200.00 sur spawn
[03:07:20] [ITEM_SOLD]: Yageko vend 28x Dispenser sur Piltrax pour $20.00 sur spawn
[11:35:12] [ITEM_LISTED]: H_Caw listed 2x Pumpkin Seeds for $1,200.00 on Survie
[11:35:14] [ITEM_LISTED]: H_Caw listed 2x Pumpkin Seeds for $1,200.00 on Survie
[11:35:19] [ITEM_LISTED]: H_Caw listed 2x Melon Seeds for $1,200.00 on Survie
[11:35:23] [ITEM_LISTED]: H_Caw listed 2x Melon Seeds for $1,200.00 on Survie
[12:22:00] [ITEM_LISTED]: H_Caw listed 18x Dragon Breath for $800.00 on Survie
[12:22:03] [ITEM_LISTED]: H_Caw listed 18x Dragon Breath for $800.00 on Survie
[14:15:30] [ITEM_LISTED]: H_Caw listed 1x [Spider Spawner] for $5,000.00 on spawn
[14:15:34] [ITEM_LISTED]: H_Caw listed 1x [Spider Spawner] for $5,000.00 on spawn
[15:11:51] [ITEM_SOLD]: H_Caw vend 8x Iron Block sur CapitaineNiamor pour $480.00 sur world
[15:11:53] [ITEM_SOLD]: H_Caw vend 8x Iron Block sur CapitaineNiamor pour $480.00 sur world
[15:22:15] [ITEM_SOLD]: Mr_Lezzy vend 1x Diamond Pickaxe sur  [Fortune III, Unbreaking III]CapitaineNiamor pour $3,000.00 sur Survie
[15:26:04] [ITEM_LISTED]: H_Caw listed 1x [Zombie Spawner] for $8,000.00 on Survie
[16:43:11] [ITEM_LISTED]: Yageko listed 64x Gravel for $200.00 on spawn
[16:43:30] [ITEM_LISTED]: Yageko listed 64x Gravel for $250.00 on spawn
[16:51:32] [ITEM_CANCELLED]: H_Caw cancelled an auction for 8x Iron Block for $400.00 on Survie
[16:51:33] [ITEM_CANCELLED]: H_Caw cancelled an auction for 8x Iron Block for $400.00 on Survie
[16:51:33] [ITEM_CANCELLED]: H_Caw cancelled an auction for 8x Iron Block for $400.00 on Survie
[16:51:34] [ITEM_CANCELLED]: H_Caw cancelled an auction for 8x Iron Block for $400.00 on Survie
