[00:11:52] [ITEM_SOLD]: Kaam98 sold 1x Nether Star to lonely_knight for $16,000.00 on spawn
[00:40:33] [ITEM_LISTED]: Flacabon listed 2x [Cave spider Spawner] for $2,000.00 on spawn
[00:40:49] [ITEM_LISTED]: Flacabon listed 2x [Zombie Spawner] for $2,000.00 on spawn
[00:41:16] [ITEM_LISTED]: Flacabon listed 10x Magma Block for $5,000.00 on spawn
[10:06:35] [ITEM_LISTED]: Kaio_Beninou listed 64x Iron Ingot for $700.00 on survie_new
[10:06:43] [ITEM_LISTED]: Kaio_Beninou listed 64x Iron Ingot for $700.00 on survie_new
[10:06:51] [ITEM_LISTED]: Kaio_Beninou listed 64x Iron Ingot for $700.00 on survie_new
[10:06:56] [ITEM_SOLD]: Kaio_Beninou sold 64x Iron Ingot to vava34670 for $700.00 on survie_new
[10:06:58] [ITEM_SOLD]: Kaio_Beninou sold 64x Iron Ingot to vava34670 for $700.00 on survie_new
[10:07:00] [ITEM_SOLD]: Kaio_Beninou sold 64x Iron Ingot to vava34670 for $700.00 on survie_new
[10:08:37] [ITEM_LISTED]: Kaio_Beninou listed 1x Dragon Head for $40,000.00 on survie_new
[10:08:52] [ITEM_LISTED]: Kaio_Beninou listed 1x Ender Chest for $6,000.00 on survie_new
[10:09:04] [ITEM_LISTED]: Kaio_Beninou listed 1x Turtle Egg for $2,000.00 on survie_new
[10:09:13] [ITEM_LISTED]: Kaio_Beninou listed 1x Turtle Egg for $2,000.00 on survie_new
[10:09:21] [ITEM_LISTED]: Kaio_Beninou listed 1x Turtle Egg for $2,000.00 on survie_new
[10:12:19] [ITEM_LISTED]: Kaio_Beninou listed 64x Iron Ingot for $900.00 on survie_new
[10:12:25] [ITEM_LISTED]: Kaio_Beninou listed 64x Iron Ingot for $900.00 on survie_new
[10:46:26] [ITEM_LISTED]: thariaka listed 1x Diamond Chestplate [Unbreaking III] for $400.00 on End
[11:00:17] [ITEM_LISTED]: Haru_M listed 1x Iron Sword [Mending] for $100.00 on survie_new
[11:00:25] [ITEM_LISTED]: Haru_M listed 1x Iron Sword [Sharpness IV, Sweeping Edge III] for $100.00 on survie_new
[11:00:34] [ITEM_LISTED]: Haru_M listed 1x Iron Sword [Knockback II, Sharpness V] for $200.00 on survie_new
[11:00:38] [ITEM_LISTED]: Haru_M listed 1x Iron Pickaxe [Efficiency V, Mending] for $200.00 on survie_new
[11:02:06] [ITEM_LISTED]: Haru_M listed 1x Iron Helmet [Aqua Affinity, Curse of Vanishing] for $100.00 on survie_new
[11:27:52] [ITEM_LISTED]: thariaka listed 1x Diamond Leggings [Unbreaking III] for $500.00 on survie_new
[11:31:19] [ITEM_LISTED]: thariaka listed 1x Iron Boots [Protection IV, Unbreaking III] for $500.00 on survie_new
[11:31:24] [ITEM_LISTED]: thariaka listed 1x Iron Boots [Depth Strider III, Protection IV] for $500.00 on survie_new
[11:48:50] [ITEM_SOLD]: Flacabon sold 2x [Cave spider Spawner] to Pseudal__ for $2,000.00 on spawn
[11:48:59] [ITEM_SOLD]: Flacabon sold 2x [Zombie Spawner] to Pseudal__ for $2,000.00 on spawn
[13:13:21] [ITEM_SOLD]: laennolife sold 1x Saddle to Haru_M for $100.00 on spawn
[13:29:26] [ITEM_LISTED]: omega2028 listed 1x Music Disc 13 for $1,000.00 on survie_new
[13:29:28] [ITEM_LISTED]: omega2028 listed 1x Music Disc Cat for $1,000.00 on survie_new
[13:29:35] [ITEM_LISTED]: omega2028 listed 1x Saddle for $2,500.00 on survie_new
[14:04:42] [ITEM_SOLD]: Kaam98 sold 1x Elytra to  [Mending]D4rk_Wolf_07 for $15,000.00 on survie_new
[14:12:24] [ITEM_SOLD]: Pseudal__ sold 1x Enchanted Book to D4rk_Wolf_07 for $5,000.00 on survie_new
[14:13:33] [ITEM_SOLD]: Draiikow sold 3x Nether Wart to D4rk_Wolf_07 for $450.00 on survie_new
[14:20:16] [ITEM_SOLD]: Kaam98 sold 1x Diamond Pickaxe to  [Efficiency IV, Fortune III, Unbreaking III]D4rk_Wolf_07 for $5,000.00 on survie_new
[14:22:57] [ITEM_SOLD]: Pseudal__ sold 1x Enchanted Book to D4rk_Wolf_07 for $2,000.00 on survie_new
[14:44:42] [ITEM_SOLD]: thariaka sold 1x Diamond Leggings to  [Unbreaking III]D4rk_Wolf_07 for $500.00 on survie_new
[16:08:12] [ITEM_LISTED]: Haru_M listed 1x Iron Pickaxe [Efficiency IV, Silk Touch] for $200.00 on End
[16:46:11] [ITEM_CANCELLED]: mayte_ cancelled an auction for 1x Shulker Box for $5,000.00 on survie_new
[16:46:12] [ITEM_CANCELLED]: mayte_ cancelled an auction for 1x Shulker Box for $5,000.00 on survie_new
[16:46:13] [ITEM_RETURNED]: Returned 1x Shulker Box to mayte_ on survie_new
[16:46:14] [ITEM_RETURNED]: Returned 1x Shulker Box to mayte_ on survie_new
[16:58:45] [ITEM_LISTED]: bluebraze listed 1x Leather Boots [Mending] for $200.00 on spawn
[17:19:52] [ITEM_CANCELLED]: Devain57 cancelled an auction for 1x [Cave spider Spawner] for $3,500.00 on spawn
[17:20:29] [ITEM_RETURNED]: Returned 1x [Cave spider Spawner] to Devain57 on spawn
[17:20:49] [ITEM_LISTED]: Devain57 listed 1x [Cave spider Spawner] for $1,500.00 on spawn
[17:22:56] [ITEM_SOLD]: bluebraze sold 1x Leather Boots to  [Mending]Haru_M for $200.00 on spawn
[17:28:22] [ITEM_SOLD]: Haru_M sold 1x Iron Pickaxe to  [Efficiency V, Mending]Draiikow for $200.00 on survie_new
[17:31:23] [ITEM_SOLD]: Haru_M sold 1x Iron Helmet to  [Aqua Affinity, Curse of Vanishing]RKBouRiTo for $100.00 on survie_new
[17:40:33] [ITEM_SOLD]: thariaka sold 16x Leather to D4rk_Wolf_07 for $300.00 on survie_new
[17:49:11] [ITEM_SOLD]: The_Wiz_D sold 1x Diamond Pickaxe to  [Efficiency IV]CapitaineNiamor for $1,000.00 on survie_new
[18:00:51] [ITEM_SOLD]: thariaka sold 16x Leather to D4rk_Wolf_07 for $300.00 on survie_new
[18:57:41] [ITEM_LISTED]: NewKiller31 listed 1x Turtle Egg for $1,000.00 on survie_new
[18:58:37] [ITEM_LISTED]: NewKiller31 listed 3x End Crystal for $1,000.00 on survie_new
[18:59:25] [ITEM_LISTED]: NewKiller31 listed 1x Heart Of The Sea for $10,000.00 on survie_new
[19:38:24] [ITEM_SOLD]: Devain57 sold 1x [Cave spider Spawner] to Hydrenoir for $1,500.00 on spawn
[21:06:47] [ITEM_SOLD]: The_Wiz_D sold 1x [Cave spider Spawner] to Hydrenoir for $2,000.00 on survie_new
[22:05:34] [ITEM_LISTED]: blocux listed 1x Iron Horse Armor for $100.00 on survie_new
[22:06:02] [ITEM_LISTED]: blocux listed 1x Enchanted Book for $150.00 on survie_new
[22:23:50] [ITEM_SOLD]: laennolife sold 1x Saddle to D4rk_Wolf_07 for $100.00 on spawn
[23:37:45] [ITEM_LISTED]: The_Wiz_D listed 2x Experience Bottle for $50.00 on Ressource
[23:45:32] [ITEM_SOLD]: The_Wiz_D sold 1x Diamond Pickaxe to  [Efficiency IV, Unbreaking III]Briseis for $2,000.00 on survie_new
[23:52:04] [ITEM_LISTED]: The_Wiz_D listed 1x Diamond Pickaxe [Silk Touch, Unbreaking III] for $1,500.00 on survie_new
[23:52:18] [ITEM_LISTED]: The_Wiz_D listed 1x Diamond Pickaxe [Unbreaking III] for $500.00 on survie_new
[23:59:57] [ITEM_LISTED]: thariaka listed 1x Enchanted Book for $1,000.00 on survie_new
