[02:16:56] [ITEM_SOLD]: limastic vendu 64 x Leather à  Zarbikop pour 1.00 β le survie_new
[02:37:51] [ITEM_SOLD]: limastic vendu 64 x Cooked Beef à  Zarbikop pour 1.00 β le survie_new
[09:37:18] [ITEM_LISTED]: CouzVeBaton vend 8 x Diamond Ore  pour 1,500.00β sur survie_new
[11:22:36] [ITEM_DROPPED]: Abandon de la vente Christophe_ expirée de 1 x Rotation  pour 0.00β à leurs pieds le survie_new
[14:18:02] [ITEM_LISTED]: CouzVeBaton vend 64 x Jukebox  pour 1,500.00β sur survie_new
[14:18:06] [ITEM_LISTED]: CouzVeBaton vend 64 x Jukebox  pour 1,500.00β sur survie_new
[14:18:07] [ITEM_LISTED]: CouzVeBaton vend 64 x Jukebox  pour 1,500.00β sur survie_new
[14:18:08] [ITEM_LISTED]: CouzVeBaton vend 64 x Jukebox  pour 1,500.00β sur survie_new
[14:18:09] [ITEM_LISTED]: CouzVeBaton vend 64 x Jukebox  pour 1,500.00β sur survie_new
[14:18:10] [ITEM_LISTED]: CouzVeBaton vend 64 x Jukebox  pour 1,500.00β sur survie_new
[14:18:12] [ITEM_LISTED]: CouzVeBaton vend 64 x Jukebox  pour 1,500.00β sur survie_new
[14:18:13] [ITEM_LISTED]: CouzVeBaton vend 64 x Jukebox  pour 1,500.00β sur survie_new
[14:18:14] [ITEM_LISTED]: CouzVeBaton vend 64 x Jukebox  pour 1,500.00β sur survie_new
[14:18:20] [ITEM_LISTED]: CouzVeBaton vend 64 x Jukebox  pour 1,500.00β sur survie_new
[14:18:21] [ITEM_LISTED]: CouzVeBaton vend 64 x Jukebox  pour 1,500.00β sur survie_new
[14:18:22] [ITEM_LISTED]: CouzVeBaton vend 64 x Jukebox  pour 1,500.00β sur survie_new
[14:18:23] [ITEM_LISTED]: CouzVeBaton vend 64 x Jukebox  pour 1,500.00β sur survie_new
[14:18:24] [ITEM_LISTED]: CouzVeBaton vend 64 x Jukebox  pour 1,500.00β sur survie_new
[14:18:27] [ITEM_LISTED]: CouzVeBaton vend 64 x Jukebox  pour 1,500.00β sur survie_new
[14:18:28] [ITEM_LISTED]: CouzVeBaton vend 64 x Jukebox  pour 1,500.00β sur survie_new
[14:18:30] [ITEM_LISTED]: CouzVeBaton vend 64 x Jukebox  pour 1,500.00β sur survie_new
[14:18:32] [ITEM_LISTED]: CouzVeBaton vend 64 x Jukebox  pour 1,500.00β sur survie_new
[14:18:53] [ITEM_LISTED]: CouzVeBaton vend 64 x Jukebox  pour 1,500.00β sur survie_new
[14:18:54] [ITEM_LISTED]: CouzVeBaton vend 64 x Jukebox  pour 1,500.00β sur survie_new
[14:18:55] [ITEM_LISTED]: CouzVeBaton vend 64 x Jukebox  pour 1,500.00β sur survie_new
[14:18:56] [ITEM_LISTED]: CouzVeBaton vend 64 x Jukebox  pour 1,500.00β sur survie_new
[14:18:57] [ITEM_LISTED]: CouzVeBaton vend 64 x Jukebox  pour 1,500.00β sur survie_new
[14:18:59] [ITEM_LISTED]: CouzVeBaton vend 64 x Jukebox  pour 1,500.00β sur survie_new
[14:19:07] [ITEM_LISTED]: CouzVeBaton vend 64 x Jukebox  pour 1,500.00β sur survie_new
[14:19:08] [ITEM_LISTED]: CouzVeBaton vend 64 x Jukebox  pour 1,500.00β sur survie_new
[14:19:09] [ITEM_LISTED]: CouzVeBaton vend 64 x Jukebox  pour 1,500.00β sur survie_new
[14:19:19] [ITEM_LISTED]: CouzVeBaton vend 64 x Jukebox  pour 1,500.00β sur survie_new
[14:19:21] [ITEM_LISTED]: CouzVeBaton vend 64 x Jukebox  pour 1,500.00β sur survie_new
[14:19:22] [ITEM_LISTED]: CouzVeBaton vend 64 x Jukebox  pour 1,500.00β sur survie_new
[14:19:23] [ITEM_LISTED]: CouzVeBaton vend 64 x Jukebox  pour 1,500.00β sur survie_new
[14:19:24] [ITEM_LISTED]: CouzVeBaton vend 64 x Jukebox  pour 1,500.00β sur survie_new
[14:19:29] [ITEM_LISTED]: CouzVeBaton vend 64 x Jukebox  pour 1,500.00β sur survie_new
[14:19:30] [ITEM_LISTED]: CouzVeBaton vend 64 x Jukebox  pour 1,500.00β sur survie_new
[14:19:33] [ITEM_LISTED]: CouzVeBaton vend 64 x Jukebox  pour 1,500.00β sur survie_new
[14:19:34] [ITEM_LISTED]: CouzVeBaton vend 64 x Jukebox  pour 1,500.00β sur survie_new
[14:19:42] [ITEM_LISTED]: CouzVeBaton vend 64 x Jukebox  pour 1,500.00β sur survie_new
[14:19:43] [ITEM_LISTED]: CouzVeBaton vend 64 x Jukebox  pour 1,500.00β sur survie_new
[14:19:44] [ITEM_LISTED]: CouzVeBaton vend 64 x Jukebox  pour 1,500.00β sur survie_new
[14:19:45] [ITEM_LISTED]: CouzVeBaton vend 64 x Jukebox  pour 1,500.00β sur survie_new
[14:19:46] [ITEM_LISTED]: CouzVeBaton vend 64 x Jukebox  pour 1,500.00β sur survie_new
[14:19:47] [ITEM_LISTED]: CouzVeBaton vend 64 x Jukebox  pour 1,500.00β sur survie_new
[14:19:48] [ITEM_LISTED]: CouzVeBaton vend 64 x Jukebox  pour 1,500.00β sur survie_new
[14:19:49] [ITEM_LISTED]: CouzVeBaton vend 64 x Jukebox  pour 1,500.00β sur survie_new
[14:19:51] [ITEM_LISTED]: CouzVeBaton vend 64 x Jukebox  pour 1,500.00β sur survie_new
[14:20:04] [ITEM_LISTED]: CouzVeBaton vend 64 x Jukebox  pour 1,500.00β sur survie_new
[14:20:06] [ITEM_LISTED]: CouzVeBaton vend 64 x Jukebox  pour 1,500.00β sur survie_new
[14:20:07] [ITEM_LISTED]: CouzVeBaton vend 64 x Jukebox  pour 1,500.00β sur survie_new
[14:20:08] [ITEM_LISTED]: CouzVeBaton vend 64 x Jukebox  pour 1,500.00β sur survie_new
[14:20:09] [ITEM_LISTED]: CouzVeBaton vend 64 x Jukebox  pour 1,500.00β sur survie_new
[14:20:10] [ITEM_LISTED]: CouzVeBaton vend 64 x Jukebox  pour 1,500.00β sur survie_new
[14:20:12] [ITEM_LISTED]: CouzVeBaton vend 64 x Jukebox  pour 1,500.00β sur survie_new
[14:20:13] [ITEM_LISTED]: CouzVeBaton vend 64 x Jukebox  pour 1,500.00β sur survie_new
[14:20:14] [ITEM_LISTED]: CouzVeBaton vend 64 x Jukebox  pour 1,500.00β sur survie_new
[14:20:21] [ITEM_LISTED]: CouzVeBaton vend 64 x Jukebox  pour 1,500.00β sur survie_new
[14:20:23] [ITEM_LISTED]: CouzVeBaton vend 64 x Jukebox  pour 1,500.00β sur survie_new
[14:20:24] [ITEM_LISTED]: CouzVeBaton vend 64 x Jukebox  pour 1,500.00β sur survie_new
[14:20:24] [ITEM_LISTED]: CouzVeBaton vend 64 x Jukebox  pour 1,500.00β sur survie_new
[14:20:26] [ITEM_LISTED]: CouzVeBaton vend 64 x Jukebox  pour 1,500.00β sur survie_new
[14:20:27] [ITEM_LISTED]: CouzVeBaton vend 64 x Jukebox  pour 1,500.00β sur survie_new
[14:20:28] [ITEM_LISTED]: CouzVeBaton vend 64 x Jukebox  pour 1,500.00β sur survie_new
[14:20:29] [ITEM_LISTED]: CouzVeBaton vend 64 x Jukebox  pour 1,500.00β sur survie_new
[14:20:30] [ITEM_LISTED]: CouzVeBaton vend 64 x Jukebox  pour 1,500.00β sur survie_new
[14:20:41] [ITEM_LISTED]: CouzVeBaton vend 64 x Jukebox  pour 1,500.00β sur survie_new
[14:20:42] [ITEM_LISTED]: CouzVeBaton vend 64 x Jukebox  pour 1,500.00β sur survie_new
[14:21:01] [ITEM_LISTED]: CouzVeBaton vend 22 x Jukebox  pour 481.25β sur survie_new
[14:21:11] [ITEM_SOLD]: limastic vendu 64 x Cooked Beef à  Mboubou pour 1.00 β le survie_new
[14:43:54] [ITEM_LISTED]: Zarbikop vend 1 x Diamond Sword  [Knockback I] pour 50.00β sur survie_new
[14:43:59] [ITEM_LISTED]: Zarbikop vend 1 x Diamond Sword  [Bane of Arthropods I, Knockback I] pour 50.00β sur survie_new
[14:44:04] [ITEM_LISTED]: Zarbikop vend 1 x Diamond Sword  [Sharpness I] pour 50.00β sur survie_new
[14:44:13] [ITEM_LISTED]: Zarbikop vend 1 x Diamond Sword  [Knockback I] pour 50.00β sur survie_new
[14:44:14] [ITEM_DROPPED]: Abandon de la vente Yohan81 expirée de 64 x Carrot  pour 0.00β à leurs pieds le survie_new
[14:44:14] [ITEM_DROPPED]: Abandon de la vente Yohan81 expirée de 64 x Carrot  pour 0.00β à leurs pieds le survie_new
[14:44:14] [ITEM_DROPPED]: Abandon de la vente Yohan81 expirée de 64 x Carrot  pour 0.00β à leurs pieds le survie_new
[14:44:14] [ITEM_DROPPED]: Abandon de la vente Yohan81 expirée de 64 x Carrot  pour 0.00β à leurs pieds le survie_new
[14:44:14] [ITEM_DROPPED]: Abandon de la vente Yohan81 expirée de 64 x Blaze Rod  pour 0.00β à leurs pieds le survie_new
[14:44:18] [ITEM_LISTED]: Zarbikop vend 1 x Diamond Sword  [Bane of Arthropods I] pour 50.00β sur survie_new
[14:44:23] [ITEM_LISTED]: Zarbikop vend 1 x Diamond Sword  [Knockback I, Sharpness I, Sweeping Edge I] pour 50.00β sur survie_new
[14:44:31] [ITEM_LISTED]: Zarbikop vend 1 x Diamond Sword  [Sharpness I] pour 50.00β sur survie_new
[14:58:26] [ITEM_DROPPED]: Abandon de la vente Yohan81 expirée de 64 x Blaze Rod  pour 0.00β à leurs pieds le survie_new
[14:58:26] [ITEM_DROPPED]: Abandon de la vente Yohan81 expirée de 64 x Blaze Rod  pour 0.00β à leurs pieds le survie_new
[15:46:22] [ITEM_CANCELLED]: 74Matt annule la vente de 64x Experience Bottle pour 4,990.00β sur survie_new
[15:46:22] [ITEM_CANCELLED]: 74Matt annule la vente de 1x Music Disc Cat pour 700.00β sur survie_new
[15:46:22] [ITEM_CANCELLED]: 74Matt annule la vente de 1x Music Disc Cat pour 700.00β sur survie_new
[15:46:22] [ITEM_CANCELLED]: 74Matt annule la vente de 64x Golden Carrot pour 800.00β sur survie_new
[15:46:31] [ITEM_RETURNED]: 64 x Experience Bottle  renvoyé à 74Matt le survie_new
[15:46:32] [ITEM_RETURNED]: 1 x Music Disc Cat  renvoyé à 74Matt le survie_new
[15:46:32] [ITEM_RETURNED]: 1 x Music Disc Cat  renvoyé à 74Matt le survie_new
[15:46:33] [ITEM_RETURNED]: 64 x Golden Carrot  renvoyé à 74Matt le survie_new
[16:17:35] [ITEM_LISTED]: Yohan81 vend 1 x Epée  [Looting II, Sharpness V, Unbreaking II] pour 4,000.00β sur survie_new
[16:20:59] [ITEM_SOLD]: Zarbikop vendu 1 x Diamond Sword à  [Knockback I, Sharpness I, Sweeping Edge I] Hypnotiica pour 50.00 β le survie_new
[17:25:02] [ITEM_SOLD]: Tiyi vendu 1 x Enchanted Book à  Zarbikop pour 5,900.00 β le survie_new
[17:48:23] [ITEM_LISTED]: Yohan81 vend 1 x Diamond Pickaxe  [Efficiency V, Fortune III, Unbreaking III] pour 4,000.00β sur survie_new
[17:52:52] [ITEM_SOLD]: Yohan81 vendu 1 x Diamond Pickaxe à  [Efficiency V, Fortune III, Unbreaking III] pikatchou82 pour 4,000.00 β le survie_new
[17:55:24] [ITEM_CANCELLED]: Yohan81 annule la vente de 1x Epée [Looting II, Sharpness V, Unbreaking II] pour 4,000.00β sur survie_new
[17:55:40] [ITEM_RETURNED]: 1 x Epée  [Looting II, Sharpness V, Unbreaking II] renvoyé à Yohan81 le survie_new
[17:55:50] [ITEM_LISTED]: Yohan81 vend 1 x Epée  [Looting II, Sharpness V, Unbreaking II] pour 2,500.00β sur survie_new
[17:56:05] [ITEM_SOLD]: Yohan81 vendu 1 x Epée à  [Looting II, Sharpness V, Unbreaking II] pikatchou82 pour 2,500.00 β le survie_new
[18:13:16] [ITEM_RETURNED]: 1 x Enchanted Book  renvoyé à Kaio_Beninou le survie_new
[18:13:17] [ITEM_RETURNED]: 1 x Saddle  renvoyé à Kaio_Beninou le survie_new
[18:13:32] [ITEM_LISTED]: Kaio_Beninou vend 1 x Enchanted Book  pour 2,500.00β sur survie_new
[18:13:39] [ITEM_LISTED]: Kaio_Beninou vend 1 x Saddle  pour 500.00β sur survie_new
[18:14:16] [ITEM_LISTED]: Kaio_Beninou vend 10 x Ink Sac  pour 500.00β sur survie_new
[18:41:53] [ITEM_LISTED]: pikatchou82 vend 1 x Diamond Pickaxe  [Efficiency III, Unbreaking III] pour 3,000.00β sur survie_new
[19:02:59] [ITEM_LISTED]: ChoLoSh vend 24 x Bamboo  pour 1.00β sur survie_new
[19:04:29] [ITEM_LISTED]: ChoLoSh vend 1 x Glowstone Dust  pour 1.00β sur survie_new
[19:06:13] [ITEM_LISTED]: ChoLoSh vend 1 x Glass Pane  pour 1.00β sur survie_new
[19:06:49] [ITEM_LISTED]: ChoLoSh vend 1 x Stick  pour 1.00β sur survie_new
[19:08:38] [ITEM_LISTED]: ChoLoSh vend 9 x Sugar Cane  pour 2.00β sur survie_new
[19:11:37] [ITEM_LISTED]: ChoLoSh vend 9 x Bamboo  pour 2.00β sur survie_new
[19:13:49] [ITEM_LISTED]: ChoLoSh vend 1 x Wheat  pour 1.00β sur survie_new
[19:15:34] [ITEM_LISTED]: limastic vend 64 x Cooked Beef  pour 1.00β sur survie_new
[19:15:36] [ITEM_LISTED]: limastic vend 64 x Cooked Beef  pour 1.00β sur survie_new
[19:15:38] [ITEM_LISTED]: limastic vend 64 x Cooked Beef  pour 1.00β sur survie_new
[19:15:42] [ITEM_LISTED]: limastic vend 64 x Leather  pour 1.00β sur survie_new
[19:15:43] [ITEM_LISTED]: limastic vend 64 x Leather  pour 1.00β sur survie_new
[19:15:45] [ITEM_LISTED]: limastic vend 64 x Leather  pour 1.00β sur survie_new
[19:15:49] [ITEM_LISTED]: limastic vend 64 x Cooked Beef  pour 1.00β sur survie_new
[19:15:50] [ITEM_LISTED]: limastic vend 64 x Cooked Beef  pour 1.00β sur survie_new
[19:15:53] [ITEM_LISTED]: limastic vend 11 x Cooked Beef  pour 1.00β sur survie_new
[19:15:56] [ITEM_LISTED]: limastic vend 26 x Leather  pour 1.00β sur survie_new
[19:25:36] [ITEM_LISTED]: Christophe_ vend 1 x Journal de quêtes  pour 100,000.00β sur survie_new
[20:23:43] [ITEM_LISTED]: OfCourse vend 1 x Chainmail Boots  pour 15.00β sur survie_new
[20:23:46] [ITEM_LISTED]: OfCourse vend 1 x Chainmail Boots  pour 15.00β sur survie_new
[20:23:51] [ITEM_LISTED]: OfCourse vend 1 x Chainmail Boots  pour 15.00β sur survie_new
[20:23:55] [ITEM_LISTED]: OfCourse vend 1 x Chainmail Boots  pour 15.00β sur survie_new
[20:41:39] [ITEM_SOLD]: Seikooc_ vendu 1 x §;§:Spawner à Squelette 1x à  MisterJump pour 8,000.00 β le survie_new
[23:27:49] [ITEM_LISTED]: limastic vend 1 x Diamond Sword  [Sharpness IV] pour 1,000.00β sur survie_new
[23:27:55] [ITEM_LISTED]: limastic vend 1 x Diamond Sword  [Smite IV] pour 1,000.00β sur survie_new
[23:27:59] [ITEM_LISTED]: limastic vend 1 x Diamond Sword  [Smite IV] pour 1,000.00β sur survie_new
[23:31:58] [ITEM_SOLD]: Tiyi vendu 1 x Enchanted Book à  limastic pour 5,900.00 β le survie_new
