[00:17:56] [ITEM_SOLD]: EbLhH sold 12x Bread to volcanicmoon8 for $50.00 on survie_new
[00:38:29] [ITEM_SOLD]: Haru_M sold 1x Enchanted Book to Noelmans28 for $3,000.00 on survie_new
[04:22:14] [ITEM_LISTED]: Haru_M listed 1x Enchanted Book for $1,500.00 on survie_new
[04:22:26] [ITEM_SOLD]: Haru_M sold 1x Enchanted Book to AzodFR for $1,500.00 on survie_new
[10:55:41] [ITEM_LISTED]: GuiGuiPlay listed 64x Melon for $640.00 on survie_new
[10:55:46] [ITEM_LISTED]: GuiGuiPlay listed 64x Melon for $640.00 on survie_new
[10:55:48] [ITEM_LISTED]: GuiGuiPlay listed 64x Melon for $640.00 on survie_new
[10:55:53] [ITEM_LISTED]: GuiGuiPlay listed 64x Melon for $640.00 on survie_new
[10:55:57] [ITEM_LISTED]: GuiGuiPlay listed 64x Melon for $640.00 on survie_new
[11:43:39] [ITEM_SOLD]: AiiDenOp sold 64x Bamboo to SawArrow_ for $200.00 on survie_new
[11:44:48] [ITEM_SOLD]: TheSpirou641 sold 64x Cocoa Beans to castor26 for $2.00 on spawn
[11:51:37] [ITEM_RETURNED]: Returned 1x  Un item pour me faire de l'argent to Toryar on survie_new
[11:58:59] [ITEM_LISTED]: Toryar listed 1x  Un item pour me faire de l'argent for $500.00 on spawn
[12:07:11] [ITEM_CANCELLED]: Toryar cancelled an auction for 1x  Un item pour me faire de l'argent for $500.00 on spawn
[12:07:40] [ITEM_RETURNED]: Returned 1x  Un item pour me faire de l'argent to Toryar on spawn
[12:07:46] [ITEM_LISTED]: Toryar listed 1x  Un item pour me faire de l'argent for $500.00 on spawn
[12:18:23] [ITEM_LISTED]: REGDYLAN listed 1x Heart Of The Sea for $800.00 on Ressource
[12:36:23] [ITEM_SOLD]: EbLhH sold 62x Bamboo to ItsFoxity for $50.00 on survie_new
[13:55:05] [ITEM_SOLD]: Haru_M sold 1x Red Shulker Box to Alkpute for $2,500.00 on survie_new
[14:05:26] [ITEM_SOLD]: Andrew_90 sold 1x Iron Leggings to  [Protection IV, Unbreaking III]Kasne for $350.00 on survie_new
[14:13:17] [ITEM_SOLD]: Haru_M sold 1x Enchanted Book to laelia59 for $2,500.00 on survie_new
[14:44:21] [ITEM_LISTED]: Jarreshan listed 1x Heart Of The Sea for $500.00 on Ressource
[14:48:07] [ITEM_LISTED]: Jarreshan listed 1x Heart Of The Sea for $500.00 on Ressource
[14:48:22] [ITEM_LISTED]: Jarreshan listed 56x Bread for $200.00 on Ressource
[14:49:16] [ITEM_SOLD]: Haru_M sold 1x Enchanted Book to TheSpirou641 for $3,000.00 on survie_new
[15:08:35] [ITEM_SOLD]: Mr_Yt_Fr sold 1x [Cave spider Spawner] to Fr3nCh_CraFt for $1,000.00 on survie_new
[15:09:50] [ITEM_LISTED]: Haru_M listed 15x Salmon for $50.00 on survie_new
[15:18:27] [ITEM_SOLD]: Haru_M sold 15x Salmon to ploup07380 for $50.00 on survie_new
[15:43:56] [ITEM_SOLD]: REGDYLAN sold 64x White Wool to SawArrow_ for $100.00 on survie_new
[15:48:51] [ITEM_LISTED]: Haru_M listed 1x Turtle Egg for $1,000.00 on survie_new
[15:49:07] [ITEM_SOLD]: Haru_M sold 1x Turtle Egg to mayte_ for $1,000.00 on survie_new
[15:49:21] [ITEM_CANCELLED]: REGDYLAN cancelled an auction for 1x Heart Of The Sea for $800.00 on Ressource
[15:49:23] [ITEM_RETURNED]: Returned 1x Heart Of The Sea to REGDYLAN on Ressource
[15:49:33] [ITEM_LISTED]: REGDYLAN listed 1x Heart Of The Sea for $500.00 on survie_new
[15:51:53] [ITEM_LISTED]: Haru_M listed 1x Turtle Egg for $1,000.00 on survie_new
[15:51:59] [ITEM_SOLD]: Haru_M sold 1x Turtle Egg to mayte_ for $1,000.00 on survie_new
[15:52:29] [ITEM_SOLD]: Haru_M sold 1x Enchanted Book to RKBouRiTo for $2,500.00 on survie_new
[15:52:31] [ITEM_SOLD]: Haru_M sold 1x Enchanted Book to RKBouRiTo for $2,500.00 on survie_new
[15:52:33] [ITEM_SOLD]: Haru_M sold 1x Enchanted Book to RKBouRiTo for $2,500.00 on survie_new
[15:53:19] [ITEM_LISTED]: Haru_M listed 64x Glowstone for $800.00 on survie_new
[15:54:20] [ITEM_LISTED]: mayte_ listed 1x Player Head for $5,000.00 on survie_new
[16:08:30] [ITEM_SOLD]: REGDYLAN sold 64x White Wool to ploup07380 for $100.00 on survie_new
[16:17:44] [ITEM_LISTED]: Jarreshan listed 64x Diamond for $6,000.00 on survie_new
[16:17:48] [ITEM_SOLD]: Jarreshan sold 64x Diamond to AzodFR for $6,000.00 on survie_new
[16:17:50] [ITEM_LISTED]: Jarreshan listed 64x Diamond for $6,000.00 on survie_new
[16:17:53] [ITEM_SOLD]: Jarreshan sold 64x Diamond to AzodFR for $6,000.00 on survie_new
[16:48:03] [ITEM_LISTED]: EbLhH listed 1x End Crystal for $500.00 on survie_new
[16:48:05] [ITEM_LISTED]: EbLhH listed 1x End Crystal for $500.00 on survie_new
[16:48:06] [ITEM_LISTED]: EbLhH listed 1x End Crystal for $500.00 on survie_new
[16:49:30] [ITEM_CANCELLED]: Andrew_90 cancelled an auction for 1x Shulker Box for $2,699.00 on survie_new
[16:49:32] [ITEM_RETURNED]: Returned 1x Shulker Box to Andrew_90 on survie_new
[16:49:41] [ITEM_CANCELLED]: Andrew_90 cancelled an auction for 1x Shulker Box for $2,699.00 on survie_new
[16:49:42] [ITEM_CANCELLED]: Andrew_90 cancelled an auction for 1x Shulker Box for $2,699.00 on survie_new
[16:49:42] [ITEM_CANCELLED]: Andrew_90 cancelled an auction for 1x Shulker Box for $2,699.00 on survie_new
[16:49:43] [ITEM_RETURNED]: Returned 1x Shulker Box to Andrew_90 on survie_new
[16:49:43] [ITEM_RETURNED]: Returned 1x Shulker Box to Andrew_90 on survie_new
[16:49:43] [ITEM_RETURNED]: Returned 1x Shulker Box to Andrew_90 on survie_new
[16:49:50] [ITEM_LISTED]: EbLhH listed 16x Bookshelf for $2,000.00 on survie_new
[16:49:56] [ITEM_LISTED]: EbLhH listed 1x Golden Apple for $200.00 on survie_new
[17:08:33] [ITEM_SOLD]: Haru_M sold 1x Enchanted Book to aidan for $2,500.00 on survie_new
[17:24:17] [ITEM_SOLD]: Andrew_90 sold 1x Saddle to EbLhH for $120.00 on survie_new
[17:43:58] [ITEM_CANCELLED]: Andrew_90 cancelled an auction for 1x Splash Potion for $350.00 on survie_new
[17:43:59] [ITEM_RETURNED]: Returned 1x Splash Potion to Andrew_90 on survie_new
[17:52:11] [ITEM_SOLD]: Nexusso sold 1x Breakerland ! to jos807 for $250.00 on survie_new
[18:21:32] [ITEM_SOLD]: Jarreshan sold 56x Bread to EbLhH for $200.00 on Ressource
[18:26:09] [ITEM_LISTED]: EbLhH listed 5x Iron Ingot for $100.00 on survie_new
[18:26:11] [ITEM_LISTED]: EbLhH listed 1x Iron Chestplate for $100.00 on survie_new
[18:26:13] [ITEM_LISTED]: EbLhH listed 1x Iron Helmet for $100.00 on survie_new
[18:26:15] [ITEM_LISTED]: EbLhH listed 1x Iron Chestplate for $100.00 on survie_new
[18:26:17] [ITEM_LISTED]: EbLhH listed 1x Iron Leggings for $100.00 on survie_new
[18:26:21] [ITEM_LISTED]: EbLhH listed 10x Oak Sapling for $100.00 on survie_new
[18:26:25] [ITEM_LISTED]: EbLhH listed 64x Wheat Seeds for $100.00 on survie_new
[18:26:28] [ITEM_LISTED]: EbLhH listed 1x Iron Pickaxe for $100.00 on survie_new
[18:26:30] [ITEM_LISTED]: EbLhH listed 1x Iron Pickaxe for $100.00 on survie_new
[18:26:32] [ITEM_LISTED]: EbLhH listed 1x Iron Leggings for $100.00 on survie_new
[18:26:33] [ITEM_LISTED]: EbLhH listed 1x Iron Chestplate for $100.00 on survie_new
[18:26:36] [ITEM_LISTED]: EbLhH listed 1x Iron Sword for $100.00 on survie_new
[18:26:37] [ITEM_LISTED]: EbLhH listed 1x Iron Sword for $100.00 on survie_new
[18:26:42] [ITEM_LISTED]: EbLhH listed 2x Gold Ingot for $10.00 on survie_new
[18:26:48] [ITEM_LISTED]: EbLhH listed 1x Apple for $1.00 on survie_new
[18:26:52] [ITEM_LISTED]: EbLhH listed 10x Gunpowder for $10.00 on survie_new
[18:26:56] [ITEM_LISTED]: EbLhH listed 12x Bone for $50.00 on survie_new
[18:27:15] [ITEM_LISTED]: EbLhH listed 19x Wheat for $50.00 on survie_new
[18:27:17] [ITEM_LISTED]: EbLhH listed 11x Cactus for $50.00 on survie_new
[18:29:00] [ITEM_LISTED]: Jarreshan listed 1x Heart Of The Sea for $700.00 on Ressource
[18:29:11] [ITEM_LISTED]: REGDYLAN listed 1x Enchanted Book for $1,000.00 on survie_new
[18:29:14] [ITEM_SOLD]: REGDYLAN sold 1x Enchanted Book to mayte_ for $1,000.00 on survie_new
[18:29:30] [ITEM_LISTED]: EbLhH listed 2x Emerald for $10.00 on survie_new
[18:29:32] [ITEM_LISTED]: EbLhH listed 2x Cactus for $10.00 on survie_new
[18:29:33] [ITEM_LISTED]: EbLhH listed 4x Rotten Flesh for $10.00 on survie_new
[18:29:41] [ITEM_LISTED]: REGDYLAN listed 64x Dark Oak Log for $350.00 on Ressource
[18:29:44] [ITEM_LISTED]: REGDYLAN listed 64x Dark Oak Log for $350.00 on Ressource
[18:29:46] [ITEM_LISTED]: REGDYLAN listed 64x Dark Oak Log for $350.00 on Ressource
[18:29:47] [ITEM_LISTED]: REGDYLAN listed 64x Dark Oak Log for $350.00 on Ressource
[18:29:48] [ITEM_LISTED]: REGDYLAN listed 64x Dark Oak Log for $350.00 on Ressource
[18:29:49] [ITEM_LISTED]: REGDYLAN listed 64x Dark Oak Log for $350.00 on Ressource
[18:29:51] [ITEM_LISTED]: REGDYLAN listed 64x Dark Oak Log for $350.00 on Ressource
[18:29:52] [ITEM_LISTED]: REGDYLAN listed 64x Dark Oak Log for $350.00 on Ressource
[18:47:36] [ITEM_LISTED]: EbLhH listed 1x Enchanted Book for $100.00 on survie_new
[18:50:03] [ITEM_SOLD]: REGDYLAN sold 64x White Wool to SqueZzor for $100.00 on survie_new
[18:50:08] [ITEM_SOLD]: REGDYLAN sold 64x White Wool to SqueZzor for $100.00 on survie_new
[18:50:09] [ITEM_SOLD]: REGDYLAN sold 64x White Wool to SqueZzor for $100.00 on survie_new
[18:50:11] [ITEM_SOLD]: REGDYLAN sold 64x White Wool to SqueZzor for $100.00 on survie_new
[18:50:12] [ITEM_SOLD]: REGDYLAN sold 64x White Wool to SqueZzor for $100.00 on survie_new
[18:50:13] [ITEM_SOLD]: REGDYLAN sold 64x White Wool to SqueZzor for $100.00 on survie_new
[18:50:14] [ITEM_SOLD]: REGDYLAN sold 64x White Wool to SqueZzor for $100.00 on survie_new
[18:50:17] [ITEM_SOLD]: REGDYLAN sold 64x White Wool to SqueZzor for $100.00 on survie_new
[18:50:18] [ITEM_SOLD]: REGDYLAN sold 64x White Wool to SqueZzor for $100.00 on survie_new
[18:50:19] [ITEM_SOLD]: REGDYLAN sold 64x White Wool to SqueZzor for $100.00 on survie_new
[18:51:14] [ITEM_SOLD]: Andrew_90 sold 1x Iron Chestplate to  [Protection III, Unbreaking III]SqueZzor for $250.00 on survie_new
[18:51:26] [ITEM_SOLD]: Andrew_90 sold 1x Iron Leggings to  [Mending, Protection IV, Unbreaking III]SqueZzor for $600.00 on End
[18:51:30] [ITEM_SOLD]: Andrew_90 sold 1x Iron Boots to  [Protection III, Unbreaking III]SqueZzor for $250.00 on End
[18:53:39] [ITEM_SOLD]: El_Pietro_31 sold 64x Quartz Pillar to SqueZzor for $1,000.00 on survie_new
[18:53:41] [ITEM_SOLD]: El_Pietro_31 sold 9x Quartz Block to SqueZzor for $200.00 on survie_new
[18:57:34] [ITEM_LISTED]: REGDYLAN listed 64x Red Mushroom Block for $350.00 on Ressource
[18:58:01] [ITEM_LISTED]: Haru_M listed 64x Mycelium for $800.00 on Ressource
[18:58:05] [ITEM_LISTED]: Haru_M listed 64x Mycelium for $800.00 on Ressource
[18:58:08] [ITEM_LISTED]: Haru_M listed 64x Mycelium for $800.00 on Ressource
[18:58:11] [ITEM_LISTED]: Haru_M listed 64x Mycelium for $800.00 on Ressource
[18:58:14] [ITEM_LISTED]: Haru_M listed 64x Mycelium for $800.00 on Ressource
[18:58:17] [ITEM_LISTED]: Haru_M listed 64x Mycelium for $800.00 on Ressource
[19:31:13] [ITEM_SOLD]: EbLhH sold 2x Emerald to castor26 for $10.00 on survie_new
[19:37:50] [ITEM_SOLD]: Mr_Yt_Fr sold 1x [Cave spider Spawner] to Hydrenoir for $1,000.00 on survie_new
[19:38:01] [ITEM_SOLD]: Haru_M sold 1x Enchanted Book to Twibe for $2,500.00 on survie_new
[19:38:03] [ITEM_SOLD]: Haru_M sold 1x Enchanted Book to Twibe for $2,500.00 on survie_new
[19:38:10] [ITEM_SOLD]: Haru_M sold 1x Enchanted Book to Twibe for $2,500.00 on survie_new
[19:55:28] [ITEM_SOLD]: EbLhH sold 3x Diamond to SahQuelPlaisirMC for $500.00 on survie_new
[19:55:46] [ITEM_SOLD]: REGDYLAN sold 64x Dark Oak Log to SahQuelPlaisirMC for $350.00 on Ressource
[20:09:28] [ITEM_CANCELLED]: REGDYLAN cancelled an auction for 64x Dark Oak Log for $350.00 on Ressource
[20:09:29] [ITEM_CANCELLED]: REGDYLAN cancelled an auction for 64x Dark Oak Log for $350.00 on Ressource
[20:09:29] [ITEM_CANCELLED]: REGDYLAN cancelled an auction for 64x Dark Oak Log for $350.00 on Ressource
[20:09:29] [ITEM_CANCELLED]: REGDYLAN cancelled an auction for 64x Dark Oak Log for $350.00 on Ressource
[20:09:30] [ITEM_CANCELLED]: REGDYLAN cancelled an auction for 64x Dark Oak Log for $350.00 on Ressource
[20:09:30] [ITEM_CANCELLED]: REGDYLAN cancelled an auction for 64x Dark Oak Log for $350.00 on Ressource
[20:09:30] [ITEM_CANCELLED]: REGDYLAN cancelled an auction for 64x Dark Oak Log for $350.00 on Ressource
[20:09:40] [ITEM_RETURNED]: Returned 64x Dark Oak Log to REGDYLAN on Ressource
[20:09:40] [ITEM_RETURNED]: Returned 64x Dark Oak Log to REGDYLAN on Ressource
[20:09:40] [ITEM_RETURNED]: Returned 64x Dark Oak Log to REGDYLAN on Ressource
[20:09:41] [ITEM_RETURNED]: Returned 64x Dark Oak Log to REGDYLAN on Ressource
[20:09:41] [ITEM_RETURNED]: Returned 64x Dark Oak Log to REGDYLAN on Ressource
[20:09:41] [ITEM_RETURNED]: Returned 64x Dark Oak Log to REGDYLAN on Ressource
[20:09:41] [ITEM_RETURNED]: Returned 64x Dark Oak Log to REGDYLAN on Ressource
[20:09:41] [ITEM_CANCELLED]: REGDYLAN cancelled an auction for 64x Red Mushroom Block for $350.00 on Ressource
[20:09:41] [ITEM_CANCELLED]: REGDYLAN cancelled an auction for 1x Heart Of The Sea for $500.00 on survie_new
[20:09:45] [ITEM_RETURNED]: Returned 1x Heart Of The Sea to REGDYLAN on survie_new
[20:09:45] [ITEM_RETURNED]: Returned 64x Red Mushroom Block to REGDYLAN on Ressource
[20:09:55] [ITEM_LISTED]: REGDYLAN listed 64x Dark Oak Log for $100.00 on spawn
[20:09:57] [ITEM_LISTED]: REGDYLAN listed 64x Dark Oak Log for $100.00 on spawn
[20:09:58] [ITEM_LISTED]: REGDYLAN listed 64x Dark Oak Log for $100.00 on spawn
[20:10:01] [ITEM_LISTED]: REGDYLAN listed 64x Dark Oak Log for $100.00 on spawn
[20:10:03] [ITEM_LISTED]: REGDYLAN listed 64x Dark Oak Log for $100.00 on spawn
[20:10:07] [ITEM_LISTED]: REGDYLAN listed 64x Dark Oak Log for $100.00 on spawn
[20:10:10] [ITEM_LISTED]: REGDYLAN listed 64x Dark Oak Log for $100.00 on spawn
[20:10:21] [ITEM_LISTED]: REGDYLAN listed 64x Dark Oak Log for $100.00 on spawn
[20:10:21] [ITEM_LISTED]: REGDYLAN listed 64x Dark Oak Log for $100.00 on spawn
[20:10:24] [ITEM_LISTED]: REGDYLAN listed 64x Dark Oak Log for $100.00 on spawn
[20:10:26] [ITEM_LISTED]: REGDYLAN listed 64x Dark Oak Log for $100.00 on spawn
[20:11:36] [ITEM_LISTED]: REGDYLAN listed 64x Red Mushroom Block for $200.00 on spawn
[20:11:41] [ITEM_CANCELLED]: REGDYLAN cancelled an auction for 64x Red Mushroom Block for $200.00 on spawn
[20:11:57] [ITEM_LISTED]: REGDYLAN listed 64x Dark Oak Log for $100.00 on spawn
[20:12:00] [ITEM_LISTED]: REGDYLAN listed 64x Dark Oak Log for $100.00 on spawn
[20:12:02] [ITEM_LISTED]: REGDYLAN listed 64x Dark Oak Log for $100.00 on spawn
[20:12:04] [ITEM_LISTED]: REGDYLAN listed 64x Dark Oak Log for $100.00 on spawn
[20:12:05] [ITEM_LISTED]: REGDYLAN listed 64x Dark Oak Log for $100.00 on spawn
[20:12:10] [ITEM_LISTED]: REGDYLAN listed 64x Dark Oak Log for $100.00 on spawn
[20:12:11] [ITEM_LISTED]: REGDYLAN listed 64x Dark Oak Log for $100.00 on spawn
[20:12:20] [ITEM_RETURNED]: Returned 64x Red Mushroom Block to REGDYLAN on spawn
[20:13:13] [ITEM_LISTED]: Jarreshan listed 64x Dark Oak Log for $75.00 on survie_new
[20:13:19] [ITEM_LISTED]: Jarreshan listed 64x Dark Oak Log for $75.00 on survie_new
[20:13:28] [ITEM_LISTED]: Jarreshan listed 64x Dark Oak Log for $75.00 on survie_new
[20:13:32] [ITEM_LISTED]: Jarreshan listed 64x Dark Oak Log for $75.00 on survie_new
[20:13:36] [ITEM_LISTED]: Jarreshan listed 64x Dark Oak Log for $75.00 on survie_new
[20:13:41] [ITEM_LISTED]: Jarreshan listed 64x Dark Oak Log for $75.00 on survie_new
[20:13:45] [ITEM_LISTED]: Jarreshan listed 64x Dark Oak Log for $75.00 on survie_new
[20:13:50] [ITEM_LISTED]: Jarreshan listed 64x Dark Oak Log for $75.00 on survie_new
[20:13:58] [ITEM_LISTED]: Jarreshan listed 64x Dark Oak Log for $75.00 on survie_new
[20:14:48] [ITEM_CANCELLED]: Haru_M cancelled an auction for 1x Orange Shulker Box for $2,500.00 on survie_new
[20:14:49] [ITEM_CANCELLED]: Haru_M cancelled an auction for 1x Light Blue Shulker Box for $2,500.00 on survie_new
[20:14:50] [ITEM_CANCELLED]: Haru_M cancelled an auction for 1x Pink Shulker Box for $2,500.00 on survie_new
[20:14:51] [ITEM_CANCELLED]: Haru_M cancelled an auction for 1x Heart Of The Sea for $1,000.00 on survie_new
[20:14:52] [ITEM_CANCELLED]: Haru_M cancelled an auction for 1x Heart Of The Sea for $1,000.00 on survie_new
[20:14:52] [ITEM_CANCELLED]: Haru_M cancelled an auction for 1x Heart Of The Sea for $1,000.00 on survie_new
[20:14:53] [ITEM_CANCELLED]: Haru_M cancelled an auction for 1x Heart Of The Sea for $1,000.00 on survie_new
[20:14:54] [ITEM_CANCELLED]: Haru_M cancelled an auction for 1x Heart Of The Sea for $1,000.00 on survie_new
[20:14:55] [ITEM_CANCELLED]: Haru_M cancelled an auction for 1x Heart Of The Sea for $1,000.00 on survie_new
[20:14:55] [ITEM_CANCELLED]: Haru_M cancelled an auction for 1x Heart Of The Sea for $1,000.00 on survie_new
[20:14:56] [ITEM_CANCELLED]: Haru_M cancelled an auction for 1x Heart Of The Sea for $1,000.00 on survie_new
[20:14:58] [ITEM_CANCELLED]: Haru_M cancelled an auction for 1x Enchanted Book for $3,000.00 on survie_new
[20:14:58] [ITEM_CANCELLED]: Haru_M cancelled an auction for 1x Enchanted Book for $2,500.00 on survie_new
[20:14:59] [ITEM_CANCELLED]: Haru_M cancelled an auction for 1x Enchanted Book for $2,500.00 on survie_new
[20:15:00] [ITEM_CANCELLED]: Haru_M cancelled an auction for 1x Enchanted Book for $2,500.00 on survie_new
[20:15:01] [ITEM_CANCELLED]: Haru_M cancelled an auction for 1x Enchanted Book for $2,500.00 on survie_new
[20:15:03] [ITEM_CANCELLED]: Haru_M cancelled an auction for 1x Enchanted Book for $2,500.00 on survie_new
[20:15:04] [ITEM_CANCELLED]: Haru_M cancelled an auction for 1x Enchanted Book for $2,500.00 on survie_new
[20:15:04] [ITEM_CANCELLED]: Haru_M cancelled an auction for 1x Enchanted Book for $2,500.00 on survie_new
[20:15:06] [ITEM_CANCELLED]: Haru_M cancelled an auction for 1x Enchanted Book for $2,500.00 on survie_new
[20:15:07] [ITEM_CANCELLED]: Haru_M cancelled an auction for 1x Enchanted Book for $3,000.00 on survie_new
[20:15:08] [ITEM_CANCELLED]: Haru_M cancelled an auction for 1x Enchanted Book for $3,000.00 on survie_new
[20:15:14] [ITEM_RETURNED]: Returned 1x Heart Of The Sea to Haru_M on survie_new
[20:15:15] [ITEM_RETURNED]: Returned 1x Heart Of The Sea to Haru_M on survie_new
[20:15:16] [ITEM_RETURNED]: Returned 1x Heart Of The Sea to Haru_M on survie_new
[20:15:16] [ITEM_RETURNED]: Returned 1x Heart Of The Sea to Haru_M on survie_new
[20:15:17] [ITEM_RETURNED]: Returned 1x Heart Of The Sea to Haru_M on survie_new
[20:15:18] [ITEM_RETURNED]: Returned 1x Heart Of The Sea to Haru_M on survie_new
[20:15:19] [ITEM_RETURNED]: Returned 1x Heart Of The Sea to Haru_M on survie_new
[20:15:19] [ITEM_RETURNED]: Returned 1x Heart Of The Sea to Haru_M on survie_new
[20:15:20] [ITEM_RETURNED]: Returned 1x Heart Of The Sea to Haru_M on survie_new
[20:15:21] [ITEM_RETURNED]: Returned 1x Heart Of The Sea to Haru_M on survie_new
[20:15:30] [ITEM_LISTED]: Haru_M listed 5x Heart Of The Sea for $1,500.00 on survie_new
[20:15:32] [ITEM_LISTED]: Haru_M listed 5x Heart Of The Sea for $1,500.00 on survie_new
[20:15:45] [ITEM_RETURNED]: Returned 1x Enchanted Book to Haru_M on survie_new
[20:15:46] [ITEM_RETURNED]: Returned 1x Enchanted Book to Haru_M on survie_new
[20:15:46] [ITEM_RETURNED]: Returned 1x Enchanted Book to Haru_M on survie_new
[20:15:47] [ITEM_RETURNED]: Returned 1x Enchanted Book to Haru_M on survie_new
[20:15:48] [ITEM_RETURNED]: Returned 1x Enchanted Book to Haru_M on survie_new
[20:15:49] [ITEM_RETURNED]: Returned 1x Enchanted Book to Haru_M on survie_new
[20:15:50] [ITEM_RETURNED]: Returned 1x Enchanted Book to Haru_M on survie_new
[20:15:50] [ITEM_RETURNED]: Returned 1x Enchanted Book to Haru_M on survie_new
[20:15:51] [ITEM_RETURNED]: Returned 1x Enchanted Book to Haru_M on survie_new
[20:15:52] [ITEM_RETURNED]: Returned 1x Enchanted Book to Haru_M on survie_new
[20:15:53] [ITEM_RETURNED]: Returned 1x Enchanted Book to Haru_M on survie_new
[20:16:16] [ITEM_LISTED]: Haru_M listed 1x Enchanted Book for $2,500.00 on survie_new
[20:16:18] [ITEM_LISTED]: Haru_M listed 1x Enchanted Book for $2,500.00 on survie_new
[20:16:20] [ITEM_LISTED]: Haru_M listed 1x Enchanted Book for $2,500.00 on survie_new
[20:16:25] [ITEM_LISTED]: Haru_M listed 1x Enchanted Book for $2,500.00 on survie_new
[20:16:30] [ITEM_LISTED]: Haru_M listed 1x Enchanted Book for $2,500.00 on survie_new
[20:16:35] [ITEM_LISTED]: Haru_M listed 1x Enchanted Book for $2,500.00 on survie_new
[20:16:37] [ITEM_LISTED]: Haru_M listed 1x Enchanted Book for $2,500.00 on survie_new
[20:16:44] [ITEM_LISTED]: Haru_M listed 1x Enchanted Book for $2,500.00 on survie_new
[20:16:46] [ITEM_LISTED]: Haru_M listed 1x Enchanted Book for $2,500.00 on survie_new
[20:16:47] [ITEM_LISTED]: Haru_M listed 1x Enchanted Book for $2,500.00 on survie_new
[20:16:54] [ITEM_LISTED]: Haru_M listed 1x Enchanted Book for $2,500.00 on survie_new
[20:17:03] [ITEM_LISTED]: Haru_M listed 1x Enchanted Book for $2,500.00 on survie_new
[20:17:16] [ITEM_LISTED]: Haru_M listed 1x Enchanted Book for $2,800.00 on survie_new
[20:17:18] [ITEM_LISTED]: Haru_M listed 1x Enchanted Book for $2,800.00 on survie_new
[20:17:20] [ITEM_LISTED]: Haru_M listed 1x Enchanted Book for $2,800.00 on survie_new
[20:17:34] [ITEM_LISTED]: Haru_M listed 1x Enchanted Book for $1,500.00 on survie_new
[20:17:47] [ITEM_LISTED]: Haru_M listed 1x Elytra for $5,000.00 on survie_new
[20:17:49] [ITEM_LISTED]: Haru_M listed 1x Elytra for $5,000.00 on survie_new
[20:17:50] [ITEM_LISTED]: Haru_M listed 1x Elytra for $5,000.00 on survie_new
[20:17:56] [ITEM_LISTED]: Haru_M listed 1x Elytra for $4,500.00 on survie_new
[20:18:17] [ITEM_LISTED]: Haru_M listed 1x Enchanted Book for $1,500.00 on survie_new
[20:18:19] [ITEM_LISTED]: Haru_M listed 1x Enchanted Book for $1,500.00 on survie_new
[20:18:21] [ITEM_LISTED]: Haru_M listed 1x Enchanted Book for $1,500.00 on survie_new
[20:18:27] [ITEM_LISTED]: Haru_M listed 1x Enchanted Book for $1,500.00 on survie_new
[20:18:46] [ITEM_LISTED]: Haru_M listed 64x Iron Block for $7,500.00 on survie_new
[20:19:19] [ITEM_CANCELLED]: Haru_M cancelled an auction for 64x Iron Block for $7,500.00 on survie_new
[20:19:26] [ITEM_RETURNED]: Returned 64x Iron Block to Haru_M on survie_new
[20:19:50] [ITEM_SOLD]: Haru_M sold 64x Glowstone to SawArrow_ for $800.00 on survie_new
[20:20:43] [ITEM_LISTED]: Haru_M listed 64x Iron Block for $11,000.00 on survie_new
[20:21:26] [ITEM_RETURNED]: Returned 1x Pink Shulker Box to Haru_M on survie_new
[20:21:27] [ITEM_RETURNED]: Returned 1x Orange Shulker Box to Haru_M on survie_new
[20:21:28] [ITEM_RETURNED]: Returned 1x Light Blue Shulker Box to Haru_M on survie_new
[20:28:08] [ITEM_LISTED]: Haru_M listed 1x Yellow Shulker Box for $2,400.00 on survie_new
[20:28:10] [ITEM_LISTED]: Haru_M listed 1x Orange Shulker Box for $2,400.00 on survie_new
[20:28:11] [ITEM_LISTED]: Haru_M listed 1x Red Shulker Box for $2,400.00 on survie_new
[20:28:13] [ITEM_LISTED]: Haru_M listed 1x Pink Shulker Box for $2,400.00 on survie_new
[20:28:15] [ITEM_LISTED]: Haru_M listed 1x Magenta Shulker Box for $2,400.00 on survie_new
[20:28:16] [ITEM_LISTED]: Haru_M listed 1x Blue Shulker Box for $2,400.00 on survie_new
[20:28:18] [ITEM_LISTED]: Haru_M listed 1x Cyan Shulker Box for $2,400.00 on survie_new
[20:28:19] [ITEM_LISTED]: Haru_M listed 1x Light Blue Shulker Box for $2,400.00 on survie_new
[20:28:21] [ITEM_LISTED]: Haru_M listed 1x Lime Shulker Box for $2,400.00 on survie_new
[20:28:21] [ITEM_SOLD]: EbLhH sold 1x End Crystal to BeeZyLeCaca for $500.00 on survie_new
[20:28:23] [ITEM_SOLD]: EbLhH sold 1x End Crystal to BeeZyLeCaca for $500.00 on survie_new
[20:28:24] [ITEM_SOLD]: EbLhH sold 1x End Crystal to BeeZyLeCaca for $500.00 on survie_new
[20:29:05] [ITEM_CANCELLED]: Haru_M cancelled an auction for 1x Elytra for $5,000.00 on survie_new
[20:29:06] [ITEM_CANCELLED]: Haru_M cancelled an auction for 1x Elytra for $5,000.00 on survie_new
[20:29:08] [ITEM_CANCELLED]: Haru_M cancelled an auction for 1x Elytra for $5,000.00 on survie_new
[20:29:19] [ITEM_RETURNED]: Returned 1x Elytra to Haru_M on survie_new
[20:29:20] [ITEM_RETURNED]: Returned 1x Elytra to Haru_M on survie_new
[20:29:21] [ITEM_RETURNED]: Returned 1x Elytra to Haru_M on survie_new
[20:29:55] [ITEM_LISTED]: Haru_M listed 1x Elytra for $4,500.00 on survie_new
[20:29:56] [ITEM_LISTED]: Haru_M listed 1x Elytra for $4,500.00 on survie_new
[20:29:58] [ITEM_LISTED]: Haru_M listed 1x Elytra for $4,500.00 on survie_new
[20:30:57] [ITEM_LISTED]: Haru_M listed 1x Diamond Boots [Depth Strider III, Protection IV, Unbreaking III] for $500.00 on survie_new
[20:32:01] [ITEM_LISTED]: Haru_M listed 1x Diamond Chestplate [Fire Protection IV, Unbreaking III] for $400.00 on survie_new
[20:32:15] [ITEM_LISTED]: Haru_M listed 1x Diamond Leggings [Fire Protection IV, Mending, Unbreaking III] for $800.00 on survie_new
[20:32:45] [ITEM_CANCELLED]: Haru_M cancelled an auction for 1x Diamond Boots [Depth Strider III, Protection IV, Unbreaking III] for $500.00 on survie_new
[20:32:46] [ITEM_CANCELLED]: Haru_M cancelled an auction for 1x Diamond Leggings [Fire Protection IV, Mending, Unbreaking III] for $800.00 on survie_new
[20:32:47] [ITEM_CANCELLED]: Haru_M cancelled an auction for 1x Diamond Chestplate [Fire Protection IV, Unbreaking III] for $400.00 on survie_new
[20:33:32] [ITEM_LISTED]: Haru_M listed 32x Emerald Block for $10,000.00 on survie_new
[20:33:33] [ITEM_LISTED]: Haru_M listed 32x Emerald Block for $10,000.00 on survie_new
[20:34:24] [ITEM_SOLD]: Jarreshan sold 64x Dark Oak Log to Andrew_90 for $75.00 on survie_new
[20:34:27] [ITEM_SOLD]: Jarreshan sold 64x Dark Oak Log to Andrew_90 for $75.00 on survie_new
[20:34:32] [ITEM_SOLD]: REGDYLAN sold 64x Dark Oak Log to Andrew_90 for $100.00 on spawn
[20:34:34] [ITEM_SOLD]: REGDYLAN sold 64x Dark Oak Log to Andrew_90 for $100.00 on spawn
[20:34:35] [ITEM_SOLD]: REGDYLAN sold 64x Dark Oak Log to Andrew_90 for $100.00 on spawn
[20:34:36] [ITEM_SOLD]: REGDYLAN sold 64x Dark Oak Log to Andrew_90 for $100.00 on spawn
[20:34:42] [ITEM_LISTED]: REGDYLAN listed 64x Dark Oak Log for $100.00 on Ressource
[20:34:45] [ITEM_LISTED]: REGDYLAN listed 64x Dark Oak Log for $100.00 on Ressource
[20:34:47] [ITEM_LISTED]: REGDYLAN listed 64x Dark Oak Log for $100.00 on Ressource
[20:34:48] [ITEM_LISTED]: REGDYLAN listed 64x Dark Oak Log for $100.00 on Ressource
[20:36:09] [ITEM_LISTED]: pierro listed 1x Diamond for $1,000.00 on survie_new
[20:42:41] [ITEM_LISTED]: Starkous listed 64x Cobblestone for $50.00 on survie_new
[20:43:10] [ITEM_LISTED]: Starkous listed 64x Cobblestone for $50.00 on survie_new
[20:43:17] [ITEM_LISTED]: Starkous listed 64x Cobblestone for $50.00 on survie_new
[20:43:25] [ITEM_LISTED]: Starkous listed 64x Cobblestone for $50.00 on survie_new
[20:59:35] [ITEM_LISTED]: REGDYLAN listed 64x Baked Potato for $300.00 on survie_new
[20:59:43] [ITEM_LISTED]: REGDYLAN listed 64x Bread for $300.00 on survie_new
[20:59:58] [ITEM_SOLD]: REGDYLAN sold 64x Bread to BeeZyLeCaca for $300.00 on survie_new
[21:07:11] [ITEM_SOLD]: Azerter_ sold 64x Packed Ice to SawArrow_ for $1,000.00 on survie_new
[21:13:58] [ITEM_SOLD]: Haru_M sold 1x Enchanted Book to Fr3nCh_CraFt for $1,500.00 on survie_new
[21:17:33] [ITEM_SOLD]: EbLhH sold 64x Redstone to NewKiller31 for $50.00 on survie_new
[21:17:35] [ITEM_SOLD]: EbLhH sold 46x Redstone to NewKiller31 for $50.00 on survie_new
[21:17:49] [ITEM_SOLD]: Azerter_ sold 1x Shulker Box to pimendespelette for $2,500.00 on survie_new
[21:18:21] [ITEM_SOLD]: Haru_M sold 1x Red Shulker Box to pimendespelette for $2,400.00 on survie_new
[21:28:09] [ITEM_SOLD]: REGDYLAN sold 64x Dark Oak Log to Yadsoja for $100.00 on Ressource
[21:32:31] [ITEM_LISTED]: REGDYLAN listed 1x [Zombie Spawner] for $2,001.00 on Ressource
[21:32:48] [ITEM_SOLD]: REGDYLAN sold 1x [Zombie Spawner] to Champini for $2,001.00 on Ressource
[21:33:17] [ITEM_LISTED]: REGDYLAN listed 1x [Zombie Spawner] for $2,050.00 on Ressource
[21:33:37] [ITEM_SOLD]: REGDYLAN sold 1x [Zombie Spawner] to Champini for $2,050.00 on Ressource
[21:37:27] [ITEM_SOLD]: EbLhH sold 10x Gunpowder to D4rk_Wolf_07 for $10.00 on survie_new
[21:37:37] [ITEM_CANCELLED]: Andrew_90 cancelled an auction for 1x Shulker Box for $2,699.00 on survie_new
[21:37:38] [ITEM_CANCELLED]: Andrew_90 cancelled an auction for 1x Shulker Box for $2,699.00 on survie_new
[21:37:38] [ITEM_CANCELLED]: Andrew_90 cancelled an auction for 1x Shulker Box for $2,699.00 on survie_new
[21:37:39] [ITEM_CANCELLED]: Andrew_90 cancelled an auction for 1x Shulker Box for $2,699.00 on survie_new
[21:37:39] [ITEM_CANCELLED]: Andrew_90 cancelled an auction for 1x Shulker Box for $2,699.00 on survie_new
[21:37:39] [ITEM_CANCELLED]: Andrew_90 cancelled an auction for 1x Elytra for $4,700.00 on survie_new
[21:37:43] [ITEM_CANCELLED]: Andrew_90 cancelled an auction for 1x Enchanted Book for $3,000.00 on survie_new
[21:37:51] [ITEM_CANCELLED]: Andrew_90 cancelled an auction for 1x Shulker Box for $2,699.00 on survie_new
[21:37:51] [ITEM_CANCELLED]: Andrew_90 cancelled an auction for 1x Shulker Box for $2,699.00 on survie_new
[21:37:52] [ITEM_CANCELLED]: Andrew_90 cancelled an auction for 1x Shulker Box for $2,699.00 on survie_new
[21:37:52] [ITEM_CANCELLED]: Andrew_90 cancelled an auction for 1x Shulker Box for $2,699.00 on survie_new
[21:37:53] [ITEM_CANCELLED]: Andrew_90 cancelled an auction for 1x Shulker Box for $2,699.00 on survie_new
[21:37:54] [ITEM_RETURNED]: Returned 1x Shulker Box to Andrew_90 on survie_new
[21:37:54] [ITEM_RETURNED]: Returned 1x Shulker Box to Andrew_90 on survie_new
[21:37:55] [ITEM_RETURNED]: Returned 1x Shulker Box to Andrew_90 on survie_new
[21:37:55] [ITEM_RETURNED]: Returned 1x Shulker Box to Andrew_90 on survie_new
[21:37:55] [ITEM_RETURNED]: Returned 1x Shulker Box to Andrew_90 on survie_new
[21:37:56] [ITEM_RETURNED]: Returned 1x Enchanted Book to Andrew_90 on survie_new
[21:37:56] [ITEM_RETURNED]: Returned 1x Elytra to Andrew_90 on survie_new
[21:37:56] [ITEM_RETURNED]: Returned 1x Shulker Box to Andrew_90 on survie_new
[21:37:56] [ITEM_RETURNED]: Returned 1x Shulker Box to Andrew_90 on survie_new
[21:37:57] [ITEM_RETURNED]: Returned 1x Shulker Box to Andrew_90 on survie_new
[21:37:57] [ITEM_RETURNED]: Returned 1x Shulker Box to Andrew_90 on survie_new
[21:37:57] [ITEM_RETURNED]: Returned 1x Shulker Box to Andrew_90 on survie_new
[21:37:57] [ITEM_CANCELLED]: Andrew_90 cancelled an auction for 2x Experience Bottle for $4,000.00 on survie_new
[21:38:41] [ITEM_LISTED]: Andrew_90 listed 1x Elytra for $3,300.00 on survie_new
[21:38:54] [ITEM_LISTED]: Andrew_90 listed 1x Shulker Box for $2,100.00 on survie_new
[21:38:54] [ITEM_LISTED]: Andrew_90 listed 1x Shulker Box for $2,100.00 on survie_new
[21:38:56] [ITEM_LISTED]: Andrew_90 listed 1x Shulker Box for $2,100.00 on survie_new
[21:38:57] [ITEM_LISTED]: Andrew_90 listed 1x Shulker Box for $2,100.00 on survie_new
[21:39:01] [ITEM_LISTED]: Andrew_90 listed 1x Shulker Box for $2,100.00 on survie_new
[21:39:02] [ITEM_LISTED]: Andrew_90 listed 1x Shulker Box for $2,100.00 on survie_new
[21:39:05] [ITEM_LISTED]: Andrew_90 listed 1x Shulker Box for $2,100.00 on survie_new
[21:39:10] [ITEM_LISTED]: Andrew_90 listed 1x Shulker Box for $2,100.00 on survie_new
[21:39:12] [ITEM_LISTED]: Andrew_90 listed 1x Shulker Box for $2,100.00 on survie_new
[21:39:12] [ITEM_LISTED]: Andrew_90 listed 1x Shulker Box for $2,100.00 on survie_new
[21:40:03] [ITEM_LISTED]: Andrew_90 listed 1x Enchanted Book for $2,100.00 on survie_new
[21:40:08] [ITEM_CANCELLED]: Haru_M cancelled an auction for 1x Magenta Shulker Box for $2,400.00 on survie_new
[21:40:09] [ITEM_CANCELLED]: Haru_M cancelled an auction for 1x Orange Shulker Box for $2,400.00 on survie_new
[21:40:10] [ITEM_CANCELLED]: Haru_M cancelled an auction for 1x Pink Shulker Box for $2,400.00 on survie_new
[21:40:11] [ITEM_CANCELLED]: Haru_M cancelled an auction for 1x Yellow Shulker Box for $2,400.00 on survie_new
[21:40:12] [ITEM_CANCELLED]: Haru_M cancelled an auction for 1x Lime Shulker Box for $2,400.00 on survie_new
[21:40:12] [ITEM_CANCELLED]: Haru_M cancelled an auction for 1x Cyan Shulker Box for $2,400.00 on survie_new
[21:40:14] [ITEM_CANCELLED]: Haru_M cancelled an auction for 1x Light Blue Shulker Box for $2,400.00 on survie_new
[21:40:15] [ITEM_CANCELLED]: Haru_M cancelled an auction for 1x Blue Shulker Box for $2,400.00 on survie_new
[21:40:22] [ITEM_RETURNED]: Returned 1x Blue Shulker Box to Haru_M on survie_new
[21:40:23] [ITEM_RETURNED]: Returned 1x Cyan Shulker Box to Haru_M on survie_new
[21:40:24] [ITEM_RETURNED]: Returned 1x Light Blue Shulker Box to Haru_M on survie_new
[21:40:25] [ITEM_RETURNED]: Returned 1x Lime Shulker Box to Haru_M on survie_new
[21:40:25] [ITEM_RETURNED]: Returned 1x Pink Shulker Box to Haru_M on survie_new
[21:40:26] [ITEM_RETURNED]: Returned 1x Yellow Shulker Box to Haru_M on survie_new
[21:40:27] [ITEM_RETURNED]: Returned 1x Magenta Shulker Box to Haru_M on survie_new
[21:40:28] [ITEM_RETURNED]: Returned 1x Orange Shulker Box to Haru_M on survie_new
[21:40:51] [ITEM_LISTED]: Haru_M listed 1x Yellow Shulker Box for $2,000.00 on survie_new
[21:40:52] [ITEM_LISTED]: Haru_M listed 1x Orange Shulker Box for $2,000.00 on survie_new
[21:40:54] [ITEM_LISTED]: Haru_M listed 1x Pink Shulker Box for $2,000.00 on survie_new
[21:40:56] [ITEM_LISTED]: Haru_M listed 1x Magenta Shulker Box for $2,000.00 on survie_new
[21:40:57] [ITEM_LISTED]: Haru_M listed 1x Blue Shulker Box for $2,000.00 on survie_new
[21:40:59] [ITEM_LISTED]: Haru_M listed 1x Cyan Shulker Box for $2,000.00 on survie_new
[21:41:00] [ITEM_LISTED]: Haru_M listed 1x Light Blue Shulker Box for $2,000.00 on survie_new
[21:41:02] [ITEM_LISTED]: Haru_M listed 1x Lime Shulker Box for $2,000.00 on survie_new
[21:42:17] [ITEM_SOLD]: Andrew_90 sold 1x Enchanted Book to watson44 for $2,100.00 on survie_new
[21:50:10] [ITEM_SOLD]: REGDYLAN sold 64x Dark Oak Log to Yadsoja for $100.00 on Ressource
[21:50:58] [ITEM_LISTED]: ElfeZoulou listed 1x eau de bain d'Haru_M for $4,999.99 on survie_new
[21:53:24] [ITEM_SOLD]: REGDYLAN sold 64x Dark Oak Log to Yadsoja for $100.00 on spawn
[21:55:26] [ITEM_LISTED]: REGDYLAN listed 64x Spruce Log for $100.00 on survie_new
[21:55:29] [ITEM_LISTED]: REGDYLAN listed 64x Spruce Log for $100.00 on survie_new
[21:55:31] [ITEM_LISTED]: REGDYLAN listed 64x Spruce Log for $100.00 on survie_new
[21:55:43] [ITEM_SOLD]: REGDYLAN sold 64x Spruce Log to Yadsoja for $100.00 on survie_new
[21:58:16] [ITEM_SOLD]: Haru_M sold 1x Cyan Shulker Box to D4rk_Wolf_07 for $2,000.00 on survie_new
[22:07:03] [ITEM_CANCELLED]: Andrew_90 cancelled an auction for 1x Shulker Box for $2,100.00 on survie_new
[22:07:03] [ITEM_CANCELLED]: Andrew_90 cancelled an auction for 1x Shulker Box for $2,100.00 on survie_new
[22:07:03] [ITEM_CANCELLED]: Andrew_90 cancelled an auction for 1x Shulker Box for $2,100.00 on survie_new
[22:07:03] [ITEM_CANCELLED]: Andrew_90 cancelled an auction for 1x Shulker Box for $2,100.00 on survie_new
[22:07:03] [ITEM_CANCELLED]: Andrew_90 cancelled an auction for 1x Shulker Box for $2,100.00 on survie_new
[22:07:04] [ITEM_CANCELLED]: Andrew_90 cancelled an auction for 1x Shulker Box for $2,100.00 on survie_new
[22:07:04] [ITEM_CANCELLED]: Andrew_90 cancelled an auction for 1x Shulker Box for $2,100.00 on survie_new
[22:07:04] [ITEM_CANCELLED]: Andrew_90 cancelled an auction for 1x Shulker Box for $2,100.00 on survie_new
[22:07:04] [ITEM_CANCELLED]: Andrew_90 cancelled an auction for 1x Shulker Box for $2,100.00 on survie_new
[22:07:05] [ITEM_CANCELLED]: Andrew_90 cancelled an auction for 1x Shulker Box for $2,100.00 on survie_new
[22:07:07] [ITEM_RETURNED]: Returned 1x Shulker Box to Andrew_90 on survie_new
[22:07:07] [ITEM_RETURNED]: Returned 1x Shulker Box to Andrew_90 on survie_new
[22:07:07] [ITEM_RETURNED]: Returned 1x Shulker Box to Andrew_90 on survie_new
[22:07:07] [ITEM_RETURNED]: Returned 1x Shulker Box to Andrew_90 on survie_new
[22:07:07] [ITEM_RETURNED]: Returned 1x Shulker Box to Andrew_90 on survie_new
[22:07:07] [ITEM_RETURNED]: Returned 1x Shulker Box to Andrew_90 on survie_new
[22:07:07] [ITEM_RETURNED]: Returned 1x Shulker Box to Andrew_90 on survie_new
[22:07:08] [ITEM_RETURNED]: Returned 1x Shulker Box to Andrew_90 on survie_new
[22:07:08] [ITEM_RETURNED]: Returned 1x Shulker Box to Andrew_90 on survie_new
[22:07:08] [ITEM_RETURNED]: Returned 1x Shulker Box to Andrew_90 on survie_new
[22:07:08] [ITEM_RETURNED]: Returned 2x Experience Bottle to Andrew_90 on survie_new
[22:07:20] [ITEM_LISTED]: Andrew_90 listed 1x Shulker Box for $1,900.00 on survie_new
[22:07:21] [ITEM_LISTED]: Andrew_90 listed 1x Shulker Box for $1,900.00 on survie_new
[22:07:21] [ITEM_LISTED]: Andrew_90 listed 1x Shulker Box for $1,900.00 on survie_new
[22:07:22] [ITEM_LISTED]: Andrew_90 listed 1x Shulker Box for $1,900.00 on survie_new
[22:07:26] [ITEM_LISTED]: Andrew_90 listed 1x Shulker Box for $1,900.00 on survie_new
[22:07:30] [ITEM_LISTED]: Andrew_90 listed 1x Shulker Box for $1,900.00 on survie_new
[22:07:34] [ITEM_LISTED]: Andrew_90 listed 1x Shulker Box for $1,900.00 on survie_new
[22:07:34] [ITEM_LISTED]: Andrew_90 listed 1x Shulker Box for $1,900.00 on survie_new
[22:07:35] [ITEM_LISTED]: Andrew_90 listed 1x Shulker Box for $1,900.00 on survie_new
[22:07:38] [ITEM_LISTED]: Andrew_90 listed 1x Shulker Box for $1,900.00 on survie_new
[22:17:36] [ITEM_LISTED]: Jarreshan listed 64x Diamond for $6,400.00 on survie_new
[22:17:43] [ITEM_SOLD]: Jarreshan sold 64x Diamond to AzodFR for $6,400.00 on survie_new
[22:20:34] [ITEM_SOLD]: Andrew_90 sold 1x Shulker Box to GrosBoze for $1,900.00 on survie_new
[22:20:42] [ITEM_SOLD]: Andrew_90 sold 1x Shulker Box to GrosBoze for $1,900.00 on survie_new
[22:29:43] [ITEM_CANCELLED]: Starkous cancelled an auction for 64x Cobblestone for $50.00 on survie_new
[22:29:44] [ITEM_CANCELLED]: Starkous cancelled an auction for 64x Cobblestone for $50.00 on survie_new
[22:29:45] [ITEM_CANCELLED]: Starkous cancelled an auction for 64x Cobblestone for $50.00 on survie_new
[22:29:46] [ITEM_CANCELLED]: Starkous cancelled an auction for 64x Cobblestone for $50.00 on survie_new
[22:29:53] [ITEM_RETURNED]: Returned 64x Cobblestone to Starkous on survie_new
[22:29:55] [ITEM_RETURNED]: Returned 64x Cobblestone to Starkous on survie_new
[22:29:55] [ITEM_RETURNED]: Returned 64x Cobblestone to Starkous on survie_new
[22:29:56] [ITEM_RETURNED]: Returned 64x Cobblestone to Starkous on survie_new
[22:40:35] [ITEM_SOLD]: Haru_M sold 1x Enchanted Book to Fr3nCh_CraFt for $2,500.00 on survie_new
