[00:15:02] [ITEM_LISTED]: dovaqui vend 1 x Emerald  pour 60.00β sur survie_new
[00:15:07] [ITEM_LISTED]: dovaqui vend 1 x Emerald  pour 60.00β sur survie_new
[00:15:09] [ITEM_LISTED]: dovaqui vend 1 x Emerald  pour 60.00β sur survie_new
[00:15:12] [ITEM_LISTED]: dovaqui vend 1 x Emerald  pour 60.00β sur survie_new
[00:15:14] [ITEM_LISTED]: dovaqui vend 1 x Emerald  pour 60.00β sur survie_new
[00:15:16] [ITEM_LISTED]: dovaqui vend 1 x Emerald  pour 60.00β sur survie_new
[00:15:30] [ITEM_LISTED]: dovaqui vend 2 x Emerald  pour 100.00β sur survie_new
[00:18:00] [ITEM_SOLD]: MyNameIs42 vendu 64 x Cookie à  Luzarielle pour 64.00 β le survie_new
[00:18:46] [ITEM_SOLD]: REGDYLAN vendu 1 x Diamond Pickaxe à  [Efficiency V, Fortune IV, Unbreaking III] dovaqui pour 25,000.00 β le survie_new
[00:55:06] [ITEM_LISTED]: dovaqui vend 1 x Heart Of The Sea  pour 900,000.00β sur survie_new
[01:07:35] [ITEM_LISTED]: Bertrand vend 1 x Music Disc Stal  pour 500.00β sur survie_new
[07:00:19] [ITEM_SOLD]: Mikiu_Ahegao vendu 64 x Sandstone à  Luzarielle pour 50.00 β le survie_new
[07:00:22] [ITEM_SOLD]: Mikiu_Ahegao vendu 64 x Sandstone à  Luzarielle pour 50.00 β le survie_new
[10:55:36] [ITEM_SOLD]: AzodFR vendu 64 x Anvil à  portedegaia pour 700.00 β le survie_new
[11:28:14] [ITEM_LISTED]: MyNameIs42 vend 1 x §U§C§I§;§U§t§;Oeuf de Bois  pour 25,000.00β sur survie_new
[11:28:21] [ITEM_LISTED]: MyNameIs42 vend 1 x §U§C§I§;§R§g§u§;Oeuf de Terre  pour 5,000.00β sur survie_new
[13:03:08] [ITEM_CANCELLED]: REGDYLAN annule la vente de 1x Diamond Pickaxe [Efficiency V, Silk Touch, Unbreaking III] pour 15,000.00β sur survie_new
[13:03:09] [ITEM_RETURNED]: 1 x Diamond Pickaxe  [Efficiency V, Silk Touch, Unbreaking III] renvoyé à REGDYLAN le survie_new
[14:35:44] [ITEM_LISTED]: Isaorya vend 64 x Stone  pour 50.00β sur survie_new
[14:35:46] [ITEM_LISTED]: Isaorya vend 64 x Stone  pour 50.00β sur survie_new
[14:35:57] [ITEM_LISTED]: Isaorya vend 64 x Stone  pour 25.00β sur survie_new
[14:35:59] [ITEM_LISTED]: Isaorya vend 64 x Stone  pour 25.00β sur survie_new
[14:36:02] [ITEM_LISTED]: Isaorya vend 64 x Stone  pour 25.00β sur survie_new
[14:36:04] [ITEM_LISTED]: Isaorya vend 64 x Stone  pour 25.00β sur survie_new
[14:36:06] [ITEM_LISTED]: Isaorya vend 64 x Stone  pour 25.00β sur survie_new
[14:50:22] [ITEM_LISTED]: Caldryk vend 64 x Wheat Seeds  pour 1,000.00β sur survie_new
[14:50:32] [ITEM_SOLD]: Caldryk vendu 64 x Wheat Seeds à  Isaorya pour 1,000.00 β le survie_new
[14:51:43] [ITEM_LISTED]: Isaorya vend 5 x Prismarine Crystals  pour 4,500.00β sur survie_new
[14:51:47] [ITEM_SOLD]: Isaorya vendu 5 x Prismarine Crystals à  Caldryk pour 4,500.00 β le survie_new
[14:52:05] [ITEM_LISTED]: Isaorya vend 2 x Prismarine Crystals  pour 250.00β sur survie_new
[14:52:17] [ITEM_SOLD]: Isaorya vendu 2 x Prismarine Crystals à  Caldryk pour 250.00 β le survie_new
[16:22:08] [ITEM_SOLD]: REGDYLAN vendu 1 x Diamond Pickaxe à  [Efficiency V, Fortune III, Unbreaking III] BolatBorz pour 10,000.00 β le survie_new
[16:23:39] [ITEM_SOLD]: MyNameIs42 vendu 1 x §U§C§I§;§R§g§u§;Oeuf de Terre à  BolatBorz pour 5,000.00 β le survie_new
[16:24:31] [ITEM_SOLD]: MyNameIs42 vendu 1 x §U§C§I§;§U§t§;Oeuf de Bois à  Skylord28 pour 25,000.00 β le survie_new
[17:09:58] [ITEM_SOLD]: Kaio_Beninou vendu 1 x Light Gray Shulker Box à  HeFk pour 5,000.00 β le survie_new
[17:17:38] [ITEM_SOLD]: dovaqui vendu 2 x Emerald à  eric2a pour 100.00 β le survie_new
[17:58:16] [ITEM_LISTED]: Yohan81 vend 64 x String  pour 80.00β sur survie_new
[17:58:17] [ITEM_LISTED]: Yohan81 vend 64 x String  pour 80.00β sur survie_new
[17:58:20] [ITEM_LISTED]: Yohan81 vend 64 x String  pour 80.00β sur survie_new
[17:58:22] [ITEM_LISTED]: Yohan81 vend 64 x String  pour 80.00β sur survie_new
[17:58:25] [ITEM_LISTED]: Yohan81 vend 64 x String  pour 80.00β sur survie_new
[17:58:27] [ITEM_LISTED]: Yohan81 vend 64 x String  pour 80.00β sur survie_new
[17:58:28] [ITEM_LISTED]: Yohan81 vend 64 x String  pour 80.00β sur survie_new
[17:58:30] [ITEM_LISTED]: Yohan81 vend 64 x String  pour 80.00β sur survie_new
[17:58:34] [ITEM_LISTED]: Yohan81 vend 64 x String  pour 80.00β sur survie_new
[18:38:49] [ITEM_LISTED]: Jettonial vend 16 x Ender Pearl  pour 10.00β sur survie_new
[18:38:51] [ITEM_LISTED]: Jettonial vend 16 x Ender Pearl  pour 10.00β sur survie_new
[18:38:53] [ITEM_LISTED]: Jettonial vend 16 x Ender Pearl  pour 10.00β sur survie_new
[18:38:54] [ITEM_LISTED]: Jettonial vend 16 x Ender Pearl  pour 10.00β sur survie_new
[18:38:56] [ITEM_LISTED]: Jettonial vend 16 x Ender Pearl  pour 10.00β sur survie_new
[18:38:58] [ITEM_LISTED]: Jettonial vend 16 x Ender Pearl  pour 10.00β sur survie_new
[18:39:00] [ITEM_LISTED]: Jettonial vend 16 x Ender Pearl  pour 10.00β sur survie_new
[18:39:07] [ITEM_LISTED]: Jettonial vend 16 x Ender Pearl  pour 10.00β sur survie_new
[18:39:09] [ITEM_LISTED]: Jettonial vend 16 x Ender Pearl  pour 10.00β sur survie_new
[18:39:10] [ITEM_LISTED]: Jettonial vend 16 x Ender Pearl  pour 10.00β sur survie_new
[18:39:12] [ITEM_LISTED]: Jettonial vend 16 x Ender Pearl  pour 10.00β sur survie_new
[18:39:13] [ITEM_LISTED]: Jettonial vend 16 x Ender Pearl  pour 10.00β sur survie_new
[18:39:15] [ITEM_LISTED]: Jettonial vend 16 x Ender Pearl  pour 10.00β sur survie_new
[18:39:17] [ITEM_LISTED]: Jettonial vend 16 x Ender Pearl  pour 10.00β sur survie_new
[18:39:22] [ITEM_LISTED]: Jettonial vend 16 x Ender Pearl  pour 10.00β sur survie_new
[18:39:24] [ITEM_LISTED]: Jettonial vend 16 x Ender Pearl  pour 10.00β sur survie_new
[18:39:26] [ITEM_LISTED]: Jettonial vend 16 x Ender Pearl  pour 10.00β sur survie_new
[18:39:27] [ITEM_LISTED]: Jettonial vend 16 x Ender Pearl  pour 10.00β sur survie_new
[18:39:29] [ITEM_LISTED]: Jettonial vend 16 x Ender Pearl  pour 10.00β sur survie_new
[18:39:30] [ITEM_LISTED]: Jettonial vend 16 x Ender Pearl  pour 10.00β sur survie_new
[18:39:32] [ITEM_LISTED]: Jettonial vend 16 x Ender Pearl  pour 10.00β sur survie_new
[18:39:45] [ITEM_SOLD]: Isaorya vendu 64 x Stone à  Jettonial pour 25.00 β le survie_new
[18:39:46] [ITEM_SOLD]: Isaorya vendu 64 x Stone à  Jettonial pour 25.00 β le survie_new
[18:54:50] [ITEM_LISTED]: Kaio_Beninou vend 1 x Lime Shulker Box  pour 5,000.00β sur survie_new
[19:18:03] [ITEM_SOLD]: Jettonial vendu 16 x Ender Pearl à  1622731 pour 10.00 β le survie_new
[19:18:08] [ITEM_SOLD]: Jettonial vendu 16 x Ender Pearl à  1622731 pour 10.00 β le survie_new
[19:18:11] [ITEM_SOLD]: Jettonial vendu 16 x Ender Pearl à  1622731 pour 10.00 β le survie_new
[19:18:12] [ITEM_SOLD]: Jettonial vendu 16 x Ender Pearl à  1622731 pour 10.00 β le survie_new
[19:18:16] [ITEM_SOLD]: Jettonial vendu 16 x Ender Pearl à  1622731 pour 10.00 β le survie_new
[19:18:19] [ITEM_SOLD]: Jettonial vendu 16 x Ender Pearl à  1622731 pour 10.00 β le survie_new
[19:19:59] [ITEM_SOLD]: limastic vendu 52 x Gold Nugget à  1622731 pour 150.00 β le survie_new
[19:43:12] [ITEM_SOLD]: Jettonial vendu 16 x Ender Pearl à  Hydrenoir pour 10.00 β le survie_new
[19:43:50] [ITEM_SOLD]: Jettonial vendu 16 x Ender Pearl à  Hydrenoir pour 10.00 β le survie_new
[19:52:01] [ITEM_SOLD]: Jettonial vendu 16 x Ender Pearl à  Bertrand pour 10.00 β le survie_new
[19:53:19] [ITEM_SOLD]: Yohan81 vendu 64 x Blaze Rod à  Bertrand pour 50.00 β le survie_new
[19:54:03] [ITEM_LISTED]: Yohan81 vend 64 x Blaze Rod  pour 50.00β sur survie_new
[19:55:27] [ITEM_SOLD]: HeFk vendu 64 x Anvil à  1622731 pour 600.00 β le survie_new
[19:56:35] [ITEM_LISTED]: Yohan81 vend 64 x Blaze Rod  pour 50.00β sur survie_new
[19:56:40] [ITEM_LISTED]: Yohan81 vend 64 x Blaze Rod  pour 50.00β sur survie_new
[19:56:54] [ITEM_LISTED]: 1622731 vend 60 x Anvil  pour 60.00β sur survie_new
[20:02:45] [ITEM_LISTED]: whanik vend 64 x Bone Meal  pour 200.00β sur survie_new
[20:02:49] [ITEM_LISTED]: whanik vend 64 x Bone Meal  pour 200.00β sur survie_new
[20:02:53] [ITEM_LISTED]: whanik vend 64 x Bone Meal  pour 200.00β sur survie_new
[20:03:14] [ITEM_LISTED]: whanik vend 64 x Arrow  pour 800.00β sur survie_new
[20:37:18] [ITEM_LISTED]: Marcoco50100 vend 1 x Bonbon surprise  pour 30.00β sur survie_new
[20:37:50] [ITEM_SOLD]: MyNameIs42 vendu 8 x Sponge à  Christophe_ pour 800.00 β le survie_new
[20:37:55] [ITEM_SOLD]: Kaio_Beninou vendu 1 x Lime Shulker Box à  HeFk pour 5,000.00 β le survie_new
[20:40:21] [ITEM_DROPPED]: Abandon de la vente Cryyzi expirée de 1 x Suspicious Stew  pour 0.00β à leurs pieds le survie_new
[20:40:21] [ITEM_DROPPED]: Abandon de la vente Cryyzi expirée de 6 x Poisonous Potato  pour 0.00β à leurs pieds le survie_new
[20:40:21] [ITEM_DROPPED]: Abandon de la vente Cryyzi expirée de 1 x Music Disc 13  pour 0.00β à leurs pieds le survie_new
[20:40:21] [ITEM_DROPPED]: Abandon de la vente Cryyzi expirée de 1 x Music Disc 13  pour 0.00β à leurs pieds le survie_new
[20:40:21] [ITEM_DROPPED]: Abandon de la vente Cryyzi expirée de 1 x Music Disc 13  pour 0.00β à leurs pieds le survie_new
[20:40:21] [ITEM_DROPPED]: Abandon de la vente Cryyzi expirée de 1 x Music Disc 13  pour 0.00β à leurs pieds le survie_new
[20:40:21] [ITEM_DROPPED]: Abandon de la vente Cryyzi expirée de 1 x Music Disc 13  pour 0.00β à leurs pieds le survie_new
[20:40:21] [ITEM_DROPPED]: Abandon de la vente Cryyzi expirée de 1 x Music Disc Cat  pour 0.00β à leurs pieds le survie_new
[20:40:21] [ITEM_DROPPED]: Abandon de la vente Cryyzi expirée de 1 x Music Disc Cat  pour 0.00β à leurs pieds le survie_new
[20:40:21] [ITEM_DROPPED]: Abandon de la vente Cryyzi expirée de 1 x Music Disc Cat  pour 0.00β à leurs pieds le survie_new
[20:40:21] [ITEM_DROPPED]: Abandon de la vente Cryyzi expirée de 1 x Music Disc Cat  pour 0.00β à leurs pieds le survie_new
[20:40:21] [ITEM_DROPPED]: Abandon de la vente Cryyzi expirée de 1 x Music Disc Cat  pour 0.00β à leurs pieds le survie_new
[20:40:21] [ITEM_DROPPED]: Abandon de la vente Cryyzi expirée de 1 x Music Disc Cat  pour 0.00β à leurs pieds le survie_new
[20:40:21] [ITEM_DROPPED]: Abandon de la vente Cryyzi expirée de 1 x Music Disc Cat  pour 0.00β à leurs pieds le survie_new
[20:49:06] [ITEM_LISTED]: Hydrenoir vend 1 x Enchanted Book  pour 1,500.00β sur survie_new
[20:49:27] [ITEM_LISTED]: Hydrenoir vend 1 x Enchanted Book  pour 1,500.00β sur survie_new
[20:49:32] [ITEM_LISTED]: Hydrenoir vend 1 x Enchanted Book  pour 1,500.00β sur survie_new
[20:49:38] [ITEM_LISTED]: Hydrenoir vend 1 x Enchanted Book  pour 1,500.00β sur survie_new
[20:49:53] [ITEM_LISTED]: Hydrenoir vend 1 x Enchanted Book  pour 1,500.00β sur survie_new
[20:49:56] [ITEM_LISTED]: Hydrenoir vend 1 x Enchanted Book  pour 1,500.00β sur survie_new
[20:49:59] [ITEM_LISTED]: Hydrenoir vend 1 x Enchanted Book  pour 1,500.00β sur survie_new
[20:50:02] [ITEM_LISTED]: Hydrenoir vend 1 x Enchanted Book  pour 1,500.00β sur survie_new
[20:50:05] [ITEM_LISTED]: Hydrenoir vend 1 x Enchanted Book  pour 1,500.00β sur survie_new
[20:50:08] [ITEM_LISTED]: Hydrenoir vend 1 x Enchanted Book  pour 1,500.00β sur survie_new
[20:50:11] [ITEM_LISTED]: Hydrenoir vend 1 x Enchanted Book  pour 1,500.00β sur survie_new
[20:50:23] [ITEM_LISTED]: Hydrenoir vend 1 x Enchanted Book  pour 1,500.00β sur survie_new
[20:50:26] [ITEM_LISTED]: Hydrenoir vend 1 x Enchanted Book  pour 1,500.00β sur survie_new
[20:50:29] [ITEM_LISTED]: Hydrenoir vend 1 x Enchanted Book  pour 1,500.00β sur survie_new
[20:50:31] [ITEM_LISTED]: Hydrenoir vend 1 x Enchanted Book  pour 1,500.00β sur survie_new
[20:53:35] [ITEM_SOLD]: Jettonial vendu 16 x Ender Pearl à  kalaistar pour 10.00 β le survie_new
[20:53:36] [ITEM_SOLD]: Jettonial vendu 16 x Ender Pearl à  kalaistar pour 10.00 β le survie_new
[20:53:37] [ITEM_SOLD]: Jettonial vendu 16 x Ender Pearl à  kalaistar pour 10.00 β le survie_new
[20:53:38] [ITEM_SOLD]: Jettonial vendu 16 x Ender Pearl à  kalaistar pour 10.00 β le survie_new
[20:53:39] [ITEM_SOLD]: Jettonial vendu 16 x Ender Pearl à  kalaistar pour 10.00 β le survie_new
[20:53:40] [ITEM_SOLD]: Jettonial vendu 16 x Ender Pearl à  kalaistar pour 10.00 β le survie_new
[20:53:41] [ITEM_SOLD]: Jettonial vendu 16 x Ender Pearl à  kalaistar pour 10.00 β le survie_new
[20:53:42] [ITEM_SOLD]: Jettonial vendu 16 x Ender Pearl à  kalaistar pour 10.00 β le survie_new
[20:53:43] [ITEM_SOLD]: Jettonial vendu 16 x Ender Pearl à  kalaistar pour 10.00 β le survie_new
[20:53:44] [ITEM_SOLD]: Jettonial vendu 16 x Ender Pearl à  kalaistar pour 10.00 β le survie_new
[20:53:45] [ITEM_SOLD]: Jettonial vendu 16 x Ender Pearl à  kalaistar pour 10.00 β le survie_new
[20:53:47] [ITEM_SOLD]: Jettonial vendu 16 x Ender Pearl à  kalaistar pour 10.00 β le survie_new
[21:15:16] [ITEM_LISTED]: MyNameIs42 vend 1 x §U§C§I§;§U§t§;Oeuf de Bois  pour 25,000.00β sur survie_new
[21:29:23] [ITEM_SOLD]: Yohan81 vendu 64 x Carrot à  Patulacci_FR pour 50.00 β le survie_new
[21:40:48] [ITEM_LISTED]: REGDYLAN vend 1 x §;§:Spawner à Zombie villageois 1x  pour 50,000.00β sur survie_new
[21:52:20] [ITEM_SOLD]: 1622731 vendu 60 x Anvil à  Cryyzi pour 60.00 β le survie_new
[21:54:34] [ITEM_LISTED]: limastic vend 1 x Panel d'outil  pour 100,000.00β sur survie_new
[21:55:17] [ITEM_LISTED]: Christophe_ vend 1 x Rotation  pour 10.00β sur survie_new
[21:55:25] [ITEM_CANCELLED]: Christophe_ annule la vente de 1x Rotation pour 10.00β sur survie_new
[21:55:35] [ITEM_RETURNED]: 1 x Rotation  renvoyé à Christophe_ le survie_new
[21:55:53] [ITEM_LISTED]: Christophe_ vend 1 x Rotation  pour 50,000.00β sur survie_new
[21:57:57] [ITEM_LISTED]: AzodFR vend 57 x Anvil  pour 1.00β sur survie_new
[21:58:06] [ITEM_SOLD]: AzodFR vendu 57 x Anvil à  Blazd pour 1.00 β le survie_new
[21:58:30] [ITEM_LISTED]: AzodFR vend 1 x Panel d'outil  pour 1,000,000.00β sur survie_new
[21:58:34] [ITEM_CANCELLED]: AzodFR annule la vente de 1x Panel d'outil pour 1,000,000.00β sur survie_new
[21:58:44] [ITEM_RETURNED]: 1 x Panel d'outil  renvoyé à AzodFR le survie_new
[22:00:48] [ITEM_LISTED]: AzodFR vend 1 x Panel d'outil  pour 1,000,000.00β sur survie_new
[22:00:54] [ITEM_CANCELLED]: AzodFR annule la vente de 1x Panel d'outil pour 1,000,000.00β sur survie_new
[22:00:56] [ITEM_RETURNED]: 1 x Panel d'outil  renvoyé à AzodFR le survie_new
[22:08:46] [ITEM_LISTED]: Kaio_Beninou vend 1 x Light Blue Shulker Box  pour 5,000.00β sur survie_new
[22:09:29] [ITEM_SOLD]: MyNameIs42 vendu 1 x Cake à  whanik pour 200.00 β le survie_new
[22:20:20] [ITEM_DROPPED]: Abandon de la vente Cryyzi expirée de 1 x Yellow Bed  pour 0.00β à leurs pieds le survie_new
[22:20:20] [ITEM_DROPPED]: Abandon de la vente Cryyzi expirée de 1 x Yellow Bed  pour 0.00β à leurs pieds le survie_new
[22:20:20] [ITEM_DROPPED]: Abandon de la vente Cryyzi expirée de 1 x Yellow Bed  pour 0.00β à leurs pieds le survie_new
[22:20:49] [ITEM_RETURNED]: 1 x Shulker Shell  renvoyé à Cryyzi le survie_new
[22:20:49] [ITEM_RETURNED]: 1 x Shulker Shell  renvoyé à Cryyzi le survie_new
[22:20:50] [ITEM_RETURNED]: 1 x Music Disc 13  renvoyé à Cryyzi le survie_new
[22:20:50] [ITEM_RETURNED]: 1 x Potion  renvoyé à Cryyzi le survie_new
[22:20:51] [ITEM_RETURNED]: 64 x Blue Ice  renvoyé à Cryyzi le survie_new
[22:20:51] [ITEM_RETURNED]: 64 x Blue Ice  renvoyé à Cryyzi le survie_new
[22:20:51] [ITEM_RETURNED]: 1 x Bon pour un kit premium  renvoyé à Cryyzi le survie_new
[22:20:51] [ITEM_RETURNED]: 1 x Music Disc 13  renvoyé à Cryyzi le survie_new
[22:20:52] [ITEM_RETURNED]: 1 x Diamond Sword  [Knockback I, Looting I, Sharpness III, Unbreaking III] renvoyé à Cryyzi le survie_new
[22:20:52] [ITEM_RETURNED]: 1 x Music Disc Cat  renvoyé à Cryyzi le survie_new
[22:20:53] [ITEM_RETURNED]: 64 x Blue Ice  renvoyé à Cryyzi le survie_new
[22:20:53] [ITEM_RETURNED]: 64 x Blue Ice  renvoyé à Cryyzi le survie_new
[22:21:34] [ITEM_LISTED]: Cryyzi vend 1 x Shulker Shell  pour 1,500.00β sur survie_new
[22:21:36] [ITEM_LISTED]: Cryyzi vend 1 x Shulker Shell  pour 1,500.00β sur survie_new
[22:24:40] [ITEM_LISTED]: Marcoco50100 vend 1 x Heart Of The Sea  pour 25,000.00β sur survie_new
[22:27:32] [ITEM_LISTED]: Cryyzi vend 1 x Bon pour un kit premium  pour 15,000.00β sur survie_new
[22:45:11] [ITEM_LISTED]: Marcoco50100 vend 2 x Jungle Sapling  pour 0.00β sur survie_new
[22:55:20] [ITEM_LISTED]: Luzarielle vend 33 x Baked Potato  pour 10,000.00β sur survie_new
[22:58:09] [ITEM_SOLD]: Hydrenoir vendu 1 x Enchanted Book à  REGDYLAN pour 1,500.00 β le survie_new
[22:58:52] [ITEM_CANCELLED]: Luzarielle annule la vente de 33x Baked Potato pour 10,000.00β sur survie_new
[22:59:00] [ITEM_RETURNED]: 33 x Baked Potato  renvoyé à Luzarielle le survie_new
[23:01:06] [ITEM_LISTED]: Luzarielle vend 1 x §U§C§I§;§R§g§u§;Oeuf de Terre  pour 10,000.00β sur survie_new
[23:21:48] [ITEM_SOLD]: Hydrenoir vendu 1 x Enchanted Book à  REGDYLAN pour 1,500.00 β le survie_new
[23:21:49] [ITEM_SOLD]: Hydrenoir vendu 1 x Enchanted Book à  REGDYLAN pour 1,500.00 β le survie_new
[23:21:50] [ITEM_SOLD]: Hydrenoir vendu 1 x Enchanted Book à  REGDYLAN pour 1,500.00 β le survie_new
[23:21:51] [ITEM_SOLD]: Hydrenoir vendu 1 x Enchanted Book à  REGDYLAN pour 1,500.00 β le survie_new
[23:21:52] [ITEM_SOLD]: Hydrenoir vendu 1 x Enchanted Book à  REGDYLAN pour 1,500.00 β le survie_new
[23:21:55] [ITEM_SOLD]: Hydrenoir vendu 1 x Enchanted Book à  REGDYLAN pour 1,500.00 β le survie_new
[23:32:21] [ITEM_LISTED]: Blazd vend 1 x Enchanted Book  pour 15,000.00β sur survie_new
[23:32:33] [ITEM_LISTED]: Blazd vend 1 x Enchanted Book  pour 10,000.00β sur survie_new
[23:46:56] [ITEM_CANCELLED]: REGDYLAN annule la vente de 1x §;§:Spawner à Zombie villageois 1x pour 50,000.00β sur survie_new
[23:47:30] [ITEM_SOLD]: HeFk vendu 64 x Anvil à  Christophe_ pour 600.00 β le survie_new
[23:51:40] [ITEM_RETURNED]: 1 x §;§:Spawner à Zombie villageois 1x  renvoyé à REGDYLAN le survie_new
[23:52:20] [ITEM_LISTED]: REGDYLAN vend 1 x §;§:Spawner à Zombie villageois 1x  pour 100,000.00β sur survie_new
[23:52:22] [ITEM_SOLD]: REGDYLAN vendu 1 x §;§:Spawner à Zombie villageois 1x à  Christophe_ pour 100,000.00 β le survie_new
[23:54:35] [ITEM_CANCELLED]: Nadreel annule la vente de 1x Golden Sword [Knockback I] pour 600.00β sur survie_new
[23:54:35] [ITEM_CANCELLED]: Nadreel annule la vente de 1x Golden Shovel [Efficiency II, Silk Touch] pour 600.00β sur survie_new
[23:54:36] [ITEM_CANCELLED]: Nadreel annule la vente de 1x Golden Axe [Efficiency II] pour 650.00β sur survie_new
[23:54:36] [ITEM_CANCELLED]: Nadreel annule la vente de 1x Golden Pickaxe [Efficiency II] pour 650.00β sur survie_new
