[03:33:35] [ITEM_SOLD]: Yageko vend 64x Gravel sur Axernon pour $200.00 sur spawn
[11:53:31] [ITEM_SOLD]: H_Caw vend 1x Enchanted Book sur ZoroDark13 pour $400.00 sur Survie
[12:07:36] [ITEM_SOLD]: H_Caw vend 16x Coal Block sur vava34670 pour $400.00 sur Survie
[12:07:38] [ITEM_SOLD]: H_Caw vend 16x Coal Block sur vava34670 pour $400.00 sur Survie
[14:55:15] [ITEM_SOLD]: Piltrax vend 1x Diamond Helmet sur  [Fire Protection IV, Unbreaking III]limastic pour $300.00 sur Ressource
[14:57:54] [ITEM_SOLD]: Yageko vend 32x Firework Rocket sur ZoroDark13 pour $50.00 sur spawn
[15:55:26] [ITEM_LISTED]: Axernon listed 43x Rail for $120.00 on spawn
[15:55:36] [ITEM_LISTED]: Axernon listed 3x Activator Rail for $20.00 on spawn
[15:55:42] [ITEM_LISTED]: Axernon listed 1x Minecart for $30.00 on spawn
[15:55:48] [ITEM_LISTED]: Axernon listed 1x Enchanted Book for $150.00 on spawn
[17:44:31] [ITEM_CANCELLED]: limastic cancelled an auction for 1x Saddle for $100.00 on survie_new
[17:44:34] [ITEM_RETURNED]: Retour 1x Saddle de limastic sur survie_new
[17:44:42] [ITEM_LISTED]: limastic listed 1x Saddle for $100.00 on survie_new
[17:54:00] [ITEM_CANCELLED]: lori110301 cancelled an auction for 64x Sand for $2,000.00 on spawn
[17:54:00] [ITEM_CANCELLED]: lori110301 cancelled an auction for 64x Sand for $2,000.00 on spawn
[17:54:00] [ITEM_CANCELLED]: lori110301 cancelled an auction for 64x Sand for $2,000.00 on spawn
[17:54:01] [ITEM_CANCELLED]: lori110301 cancelled an auction for 63x Sand for $2,000.00 on spawn
[17:54:01] [ITEM_CANCELLED]: lori110301 cancelled an auction for 64x Sand for $2,000.00 on spawn
[17:54:02] [ITEM_CANCELLED]: lori110301 cancelled an auction for 64x Sand for $2,000.00 on spawn
[17:54:03] [ITEM_CANCELLED]: lori110301 cancelled an auction for 64x Sand for $2,000.00 on spawn
[17:55:37] [ITEM_LISTED]: Toryar listed 1x  Un item pour me faire de l'argent for $50,000.00 on survie_new
[18:28:18] [ITEM_LISTED]: limastic listed 1x Elytra for $7,000.00 on End
[18:28:54] [ITEM_SOLD]: limastic vend 1x Elytra sur CapitaineNiamor pour $7,000.00 sur End
[18:44:55] [ITEM_LISTED]: limastic listed 1x Diamond Sword [Mending, Sharpness III] for $1,000.00 on survie_new
[18:45:02] [ITEM_LISTED]: limastic listed 1x Diamond Pickaxe [Efficiency IV] for $1,000.00 on survie_new
[18:53:11] [ITEM_SOLD]: Piltrax vend 1x Iron Leggings sur  [Mending, Protection IV]limastic pour $200.00 sur Survie
[18:53:17] [ITEM_SOLD]: Piltrax vend 1x Diamond Chestplate sur  [Blast Protection IV]limastic pour $300.00 sur Ressource
[18:53:21] [ITEM_SOLD]: Piltrax vend 1x Diamond Chestplate sur  [Protection III, Curse of Vanishing]limastic pour $400.00 sur Ressource
[21:00:13] [ITEM_SOLD]: limastic vend 1x Diamond Sword sur  [Mending, Sharpness III]Hydrenoir pour $1,000.00 sur survie_new
[21:17:14] [ITEM_LISTED]: limastic listed 1x Diamond Pickaxe for $100.00 on survie_new
[21:17:16] [ITEM_LISTED]: limastic listed 1x Diamond Pickaxe for $100.00 on survie_new
[21:17:18] [ITEM_LISTED]: limastic listed 1x Diamond Pickaxe for $100.00 on survie_new
[21:17:20] [ITEM_LISTED]: limastic listed 1x Diamond Pickaxe for $100.00 on survie_new
[21:17:22] [ITEM_LISTED]: limastic listed 1x Diamond Pickaxe for $100.00 on survie_new
[21:17:24] [ITEM_LISTED]: limastic listed 1x Diamond Pickaxe for $100.00 on survie_new
[21:17:28] [ITEM_LISTED]: limastic listed 1x Diamond Pickaxe for $100.00 on survie_new
[21:17:30] [ITEM_LISTED]: limastic listed 1x Diamond Pickaxe for $100.00 on survie_new
[21:17:32] [ITEM_LISTED]: limastic listed 1x Diamond Pickaxe for $100.00 on survie_new
