[01:35:23] [ITEM_CANCELLED]: Axernon cancelled an auction for 9x Emerald for $900.00 on spawn
[01:35:31] [ITEM_RETURNED]: Retour 9x Emerald de Axernon sur spawn
[01:35:55] [ITEM_LISTED]: Axernon listed 2x Emerald for $110.00 on spawn
[01:36:03] [ITEM_LISTED]: Axernon listed 2x Emerald for $110.00 on spawn
[01:36:06] [ITEM_LISTED]: Axernon listed 2x Emerald for $110.00 on spawn
[01:36:13] [ITEM_LISTED]: Axernon listed 2x Emerald for $1,100.00 on spawn
[01:36:22] [ITEM_LISTED]: Axernon listed 2x Emerald for $110.00 on spawn
[01:36:30] [ITEM_LISTED]: Axernon listed 2x Emerald for $100.00 on spawn
[01:36:46] [ITEM_LISTED]: Axernon listed 4x Emerald for $210.00 on spawn
[13:40:12] [ITEM_SOLD]: ExE_MethyloR sold 1x Iron Shovel to  [Efficiency V, Fortune III, Unbreaking III]Pseudal__ for $50.00 on End
[13:40:32] [ITEM_SOLD]: ExE_MethyloR sold 1x Iron Pickaxe to  [Efficiency V, Fortune III]Pseudal__ for $50.00 on End
[17:42:51] [ITEM_SOLD]: H_Caw sold 8x String to laennolife for $160.00 on Survie
[18:47:38] [ITEM_SOLD]: ExE_MethyloR sold 1x Diamond Sword to  [Sweeping Edge III]_Hipix_ for $100.00 on End
[18:54:25] [ITEM_SOLD]: ExE_MethyloR sold 1x Diamond Sword to  [Sharpness III]IlyesZeMaster for $200.00 on End
[18:54:29] [ITEM_SOLD]: limastic sold 1x Diamond Pickaxe to IlyesZeMaster for $100.00 on survie_new
[18:54:57] [ITEM_SOLD]: ExE_MethyloR sold 1x Iron Helmet to  [Mending, Protection IV, Respiration III, Unbreaking III]IlyesZeMaster for $100.00 on End
[18:55:04] [ITEM_SOLD]: ExE_MethyloR sold 1x Iron Chestplate to  [Protection IV]IlyesZeMaster for $20.00 on End
[18:55:10] [ITEM_SOLD]: ExE_MethyloR sold 1x Iron Leggings to  [Mending, Protection IV, Unbreaking III]IlyesZeMaster for $50.00 on End
[19:37:04] [ITEM_LISTED]: Kaio_Beninou listed 1x [Cave spider Spawner] for $3,000.00 on survie_new
[19:37:26] [ITEM_LISTED]: Kaio_Beninou listed 1x [Cave spider Spawner] for $3,000.00 on survie_new
[20:07:32] [ITEM_SOLD]: ExE_MethyloR sold 1x Iron Boots to  [Mending, Protection IV]jos807 for $150.00 on End
[20:07:37] [ITEM_SOLD]: ExE_MethyloR sold 1x Iron Helmet to  [Protection IV, Respiration III, Unbreaking III]jos807 for $150.00 on End
[20:07:57] [ITEM_SOLD]: ExE_MethyloR sold 1x Iron Sword to  [Knockback II, Sharpness IV]jos807 for $50.00 on End
[20:08:43] [ITEM_SOLD]: ExE_MethyloR sold 1x Iron Leggings to  [Mending, Protection IV, Unbreaking III]jos807 for $50.00 on End
[20:08:50] [ITEM_SOLD]: ExE_MethyloR sold 1x Iron Chestplate to  [Protection IV, Thorns II, Unbreaking III]jos807 for $50.00 on End
[20:08:53] [ITEM_SOLD]: ExE_MethyloR sold 1x Iron Chestplate to  [Fire Protection IV]jos807 for $15.00 on End
[21:43:27] [ITEM_LISTED]: Hydrenoir listed 16x Ender Pearl for $1,040.00 on spawn
[21:46:47] [ITEM_SOLD]: limastic sold 1x Diamond Pickaxe to thariaka for $100.00 on survie_new
[21:46:49] [ITEM_SOLD]: limastic sold 1x Diamond Pickaxe to thariaka for $100.00 on survie_new
[21:46:54] [ITEM_SOLD]: limastic sold 1x Diamond Pickaxe to thariaka for $100.00 on survie_new
[23:09:05] [ITEM_SOLD]: limastic sold 1x Diamond Pickaxe to lonely_knight for $100.00 on survie_new
[23:42:02] [ITEM_LISTED]: lonely_knight listed 1x Enchanted Book for $3,000.00 on spawn
[23:42:15] [ITEM_SOLD]: limastic sold 1x Diamond Pickaxe to lonely_knight for $100.00 on survie_new
