[10:08:27] [ITEM_LISTED]: SSLLOOTTHH vend 1 x Shulker Box  pour 2,000.00β sur survie_new
[10:08:29] [ITEM_LISTED]: SSLLOOTTHH vend 1 x Shulker Box  pour 2,000.00β sur survie_new
[10:08:30] [ITEM_LISTED]: SSLLOOTTHH vend 1 x Shulker Box  pour 2,000.00β sur survie_new
[10:08:31] [ITEM_LISTED]: SSLLOOTTHH vend 1 x Shulker Box  pour 2,000.00β sur survie_new
[10:08:31] [ITEM_LISTED]: SSLLOOTTHH vend 1 x Shulker Box  pour 2,000.00β sur survie_new
[10:08:32] [ITEM_LISTED]: SSLLOOTTHH vend 1 x Shulker Box  pour 2,000.00β sur survie_new
[10:08:33] [ITEM_LISTED]: SSLLOOTTHH vend 1 x Shulker Box  pour 2,000.00β sur survie_new
[10:55:18] [ITEM_SOLD]: Zougless vendu 64 x Spruce Log à  SSLLOOTTHH pour 400.00 β le survie_new
[11:07:04] [ITEM_SOLD]: Cryyzi vendu 1 x Panel d'outil à  Geratinapute pour 4,000.00 β le survie_new
[11:34:26] [ITEM_SOLD]: Blazd vendu 1 x Enchanted Book à  Dagalaz pour 4,000.00 β le survie_new
[11:36:39] [ITEM_CANCELLED]: SSLLOOTTHH annule la vente de 1x Totem Of Undying pour 6,000.00β sur survie_new
[11:36:41] [ITEM_RETURNED]: 1 x Totem Of Undying  renvoyé à SSLLOOTTHH le survie_new
[11:36:54] [ITEM_LISTED]: SSLLOOTTHH vend 1 x Totem Of Undying  pour 1,000.00β sur survie_new
[11:37:04] [ITEM_SOLD]: Kaio_Beninou vendu 10 x Ink Sac à  Lenny pour 500.00 β le survie_new
[11:41:34] [ITEM_LISTED]: SeiyaDxD vend 64 x Iron Ore  pour 5,000.00β sur survie_new
[11:44:49] [ITEM_LISTED]: _Kotura vend 64 x Iron Ore  pour 5,000.00β sur survie_new
[11:47:31] [ITEM_SOLD]: _Kotura vendu 64 x Iron Ore à  kalaistar pour 5,000.00 β le survie_new
[11:47:32] [ITEM_SOLD]: SeiyaDxD vendu 64 x Iron Ore à  kalaistar pour 5,000.00 β le survie_new
[12:12:19] [ITEM_LISTED]: Marcoco50100 vend 64 x Pumpkin  pour 500.00β sur survie_new
[12:57:58] [ITEM_SOLD]: Marcoco50100 vendu 64 x Pumpkin à  SSLLOOTTHH pour 500.00 β le survie_new
[13:01:28] [ITEM_SOLD]: nuggs vendu 64 x Bone à  SSLLOOTTHH pour 200.00 β le survie_new
[13:01:34] [ITEM_SOLD]: whanik vendu 64 x Bone à  SSLLOOTTHH pour 500.00 β le survie_new
[13:01:37] [ITEM_SOLD]: whanik vendu 64 x Bone à  SSLLOOTTHH pour 500.00 β le survie_new
[13:06:54] [ITEM_SOLD]: Blazd vendu 1 x Enchanted Book à  SSLLOOTTHH pour 15,000.00 β le survie_new
[13:26:03] [ITEM_LISTED]: SSLLOOTTHH vend 64 x Lapis Block  pour 5,000.00β sur survie_new
[13:26:14] [ITEM_LISTED]: SSLLOOTTHH vend 64 x Redstone Block  pour 5,000.00β sur survie_new
[13:34:31] [ITEM_SOLD]: Dreyda vendu 1 x Enchanted Book à  SSLLOOTTHH pour 2,500.00 β le survie_new
[14:17:56] [ITEM_LISTED]: Kaio_Beninou vend 1 x Enchanted Book  pour 15,000.00β sur survie_new
[14:18:30] [ITEM_LISTED]: Kaio_Beninou vend 10 x Ink Sac  pour 500.00β sur survie_new
[14:38:42] [ITEM_SOLD]: SSLLOOTTHH vendu 1 x Enchanted Book à  Marcoco50100 pour 1,300.00 β le survie_new
[14:50:45] [ITEM_SOLD]: SSLLOOTTHH vendu 1 x Shulker Box à  PrinceJUULS pour 2,000.00 β le survie_new
[14:50:47] [ITEM_SOLD]: SSLLOOTTHH vendu 1 x Shulker Box à  PrinceJUULS pour 2,000.00 β le survie_new
[14:50:48] [ITEM_SOLD]: SSLLOOTTHH vendu 1 x Shulker Box à  PrinceJUULS pour 2,000.00 β le survie_new
[14:50:50] [ITEM_SOLD]: SSLLOOTTHH vendu 1 x Shulker Box à  PrinceJUULS pour 2,000.00 β le survie_new
[14:50:51] [ITEM_SOLD]: SSLLOOTTHH vendu 1 x Shulker Box à  PrinceJUULS pour 2,000.00 β le survie_new
[14:50:52] [ITEM_SOLD]: SSLLOOTTHH vendu 1 x Shulker Box à  PrinceJUULS pour 2,000.00 β le survie_new
[14:50:55] [ITEM_SOLD]: SSLLOOTTHH vendu 1 x Shulker Box à  PrinceJUULS pour 2,000.00 β le survie_new
[14:59:37] [ITEM_LISTED]: PrinceJUULS vend 1 x Heart Of The Sea  pour 5,000.00β sur survie_new
[16:02:22] [ITEM_SOLD]: Blazd vendu 1 x Enchanted Book à  Luzarielle pour 5,000.00 β le survie_new
[16:07:07] [ITEM_SOLD]: PrinceJUULS vendu 1 x §;§:Spawner à Zombie 1x à  Mikiu_Ahegao pour 5,000.00 β le survie_new
[16:10:55] [ITEM_LISTED]: Marcoco50100 vend 64 x Pumpkin  pour 500.00β sur survie_new
[16:21:41] [ITEM_LISTED]: Marcoco50100 vend 64 x Prismarine Crystals  pour 4,000.00β sur survie_new
[16:21:44] [ITEM_LISTED]: Marcoco50100 vend 64 x Prismarine Crystals  pour 4,000.00β sur survie_new
[16:21:53] [ITEM_SOLD]: Marcoco50100 vendu 64 x Prismarine Crystals à  Kaio_Beninou pour 4,000.00 β le survie_new
[16:21:55] [ITEM_SOLD]: Marcoco50100 vendu 64 x Prismarine Crystals à  Kaio_Beninou pour 4,000.00 β le survie_new
[16:29:29] [ITEM_SOLD]: SSLLOOTTHH vendu 1 x Enchanted Book à  scirion pour 1,300.00 β le survie_new
[16:48:42] [ITEM_LISTED]: Blazd vend 1 x Enchanted Book  pour 14,500.00β sur survie_new
[17:04:13] [ITEM_LISTED]: Blazd vend 1 x Enchanted Book  pour 5,000.00β sur survie_new
[17:56:24] [ITEM_LISTED]: HeFk vend 64 x Potato  pour 100.00β sur survie_new
[17:56:56] [ITEM_SOLD]: HeFk vendu 64 x Potato à  Luzarielle pour 100.00 β le survie_new
[17:57:12] [ITEM_LISTED]: HeFk vend 64 x Wheat Seeds  pour 100.00β sur survie_new
[17:57:22] [ITEM_SOLD]: HeFk vendu 64 x Wheat Seeds à  Luzarielle pour 100.00 β le survie_new
[17:59:34] [ITEM_LISTED]: Matthis_Weed vend 64 x Obsidian  pour 1,500.00β sur survie_new
[17:59:38] [ITEM_LISTED]: Matthis_Weed vend 64 x Obsidian  pour 1,500.00β sur survie_new
[17:59:42] [ITEM_LISTED]: Matthis_Weed vend 64 x Obsidian  pour 1,500.00β sur survie_new
[17:59:45] [ITEM_LISTED]: Matthis_Weed vend 64 x Obsidian  pour 1,500.00β sur survie_new
[17:59:49] [ITEM_LISTED]: Matthis_Weed vend 64 x Obsidian  pour 1,500.00β sur survie_new
[18:00:31] [ITEM_LISTED]: Blazd vend 1 x Enchanted Book  pour 4,000.00β sur survie_new
[18:01:11] [ITEM_CANCELLED]: Blazd annule la vente de 1x Enchanted Book pour 4,000.00β sur survie_new
[18:01:13] [ITEM_RETURNED]: 1 x Enchanted Book  renvoyé à Blazd le survie_new
[18:01:18] [ITEM_LISTED]: Blazd vend 1 x Enchanted Book  pour 2,000.00β sur survie_new
[18:04:54] [ITEM_SOLD]: Blazd vendu 1 x Enchanted Book à  Yohan81 pour 2,000.00 β le survie_new
[18:05:10] [ITEM_SOLD]: portedegaia vendu 64 x Dark Oak Log à  Matthis_Weed pour 750.00 β le survie_new
[18:05:13] [ITEM_SOLD]: portedegaia vendu 64 x Dark Oak Log à  Matthis_Weed pour 750.00 β le survie_new
[18:05:18] [ITEM_SOLD]: portedegaia vendu 64 x Dark Oak Log à  Matthis_Weed pour 750.00 β le survie_new
[18:05:26] [ITEM_LISTED]: Blazd vend 1 x Enchanted Book  pour 4,000.00β sur survie_new
[19:15:05] [ITEM_SOLD]: SSLLOOTTHH vendu 1 x Enchanted Book à  Bouletotor pour 1,300.00 β le survie_new
[19:20:39] [ITEM_LISTED]: OfCourse vend 64 x Dirt  pour 50.00β sur survie_new
[19:20:47] [ITEM_LISTED]: OfCourse vend 64 x Dirt  pour 50.00β sur survie_new
[19:20:53] [ITEM_LISTED]: OfCourse vend 64 x Dirt  pour 50.00β sur survie_new
[19:21:02] [ITEM_LISTED]: OfCourse vend 45 x Dirt  pour 25.00β sur survie_new
[19:27:09] [ITEM_LISTED]: Tesla248 vend 64 x Coal Block  pour 2,500.00β sur survie_new
[19:28:02] [ITEM_SOLD]: Tesla248 vendu 64 x Coal Block à  Marcoco50100 pour 2,500.00 β le survie_new
[19:37:56] [ITEM_DROPPED]: Abandon de la vente REGDYLAN expirée de 1 x Written Book  pour 0.00β à leurs pieds le survie_new
[19:38:48] [ITEM_SOLD]: Blazd vendu 1 x Enchanted Book à  REGDYLAN pour 14,500.00 β le survie_new
[19:38:55] [ITEM_SOLD]: Kaio_Beninou vendu 1 x Enchanted Book à  REGDYLAN pour 15,000.00 β le survie_new
[19:38:57] [ITEM_SOLD]: Blazd vendu 1 x Enchanted Book à  REGDYLAN pour 5,000.00 β le survie_new
[19:40:50] [ITEM_SOLD]: Kaio_Beninou vendu 10 x Ink Sac à  Marcoco50100 pour 500.00 β le survie_new
[19:43:36] [ITEM_LISTED]: OfCourse vend 1 x Golden Apple  pour 2,000.00β sur survie_new
[19:44:19] [ITEM_LISTED]: OfCourse vend 1 x Golden Apple  pour 2,000.00β sur survie_new
[19:44:28] [ITEM_LISTED]: OfCourse vend 1 x Golden Apple  pour 2,000.00β sur survie_new
[19:44:39] [ITEM_LISTED]: OfCourse vend 1 x Golden Apple  pour 3,000.00β sur survie_new
[19:48:27] [ITEM_LISTED]: OfCourse vend 1 x Golden Carrot  pour 1,000.00β sur survie_new
[19:48:40] [ITEM_LISTED]: OfCourse vend 1 x Glistering Melon Slice  pour 1,500.00β sur survie_new
[20:01:22] [ITEM_LISTED]: Yohan81 vend 1 x Saddle  pour 100.00β sur survie_new
[20:01:24] [ITEM_LISTED]: Yohan81 vend 1 x Saddle  pour 100.00β sur survie_new
[20:01:25] [ITEM_LISTED]: Yohan81 vend 1 x Saddle  pour 100.00β sur survie_new
[20:01:30] [ITEM_LISTED]: Yohan81 vend 1 x Saddle  pour 100.00β sur survie_new
[20:01:33] [ITEM_LISTED]: Yohan81 vend 1 x Saddle  pour 100.00β sur survie_new
[20:01:41] [ITEM_LISTED]: Yohan81 vend 1 x Totem Of Undying  pour 50.00β sur survie_new
[20:01:42] [ITEM_LISTED]: Yohan81 vend 1 x Totem Of Undying  pour 50.00β sur survie_new
[20:01:44] [ITEM_LISTED]: Yohan81 vend 1 x Totem Of Undying  pour 50.00β sur survie_new
[20:14:02] [ITEM_CANCELLED]: Matthis_Weed annule la vente de 64x Obsidian pour 1,500.00β sur survie_new
[20:14:05] [ITEM_CANCELLED]: Matthis_Weed annule la vente de 64x Obsidian pour 1,500.00β sur survie_new
[20:14:07] [ITEM_CANCELLED]: Matthis_Weed annule la vente de 64x Obsidian pour 1,500.00β sur survie_new
[20:14:07] [ITEM_CANCELLED]: Matthis_Weed annule la vente de 64x Obsidian pour 1,500.00β sur survie_new
[20:14:08] [ITEM_CANCELLED]: Matthis_Weed annule la vente de 64x Obsidian pour 1,500.00β sur survie_new
[20:14:13] [ITEM_RETURNED]: 64 x Obsidian  renvoyé à Matthis_Weed le survie_new
[20:14:14] [ITEM_RETURNED]: 64 x Obsidian  renvoyé à Matthis_Weed le survie_new
[20:14:15] [ITEM_RETURNED]: 64 x Obsidian  renvoyé à Matthis_Weed le survie_new
[20:14:15] [ITEM_RETURNED]: 64 x Obsidian  renvoyé à Matthis_Weed le survie_new
[20:14:15] [ITEM_RETURNED]: 64 x Obsidian  renvoyé à Matthis_Weed le survie_new
[20:14:41] [ITEM_LISTED]: Matthis_Weed vend 64 x Obsidian  pour 250.00β sur survie_new
[20:14:45] [ITEM_LISTED]: Matthis_Weed vend 64 x Obsidian  pour 250.00β sur survie_new
[20:14:49] [ITEM_LISTED]: Matthis_Weed vend 64 x Obsidian  pour 250.00β sur survie_new
[20:14:53] [ITEM_LISTED]: Matthis_Weed vend 64 x Obsidian  pour 250.00β sur survie_new
[21:17:01] [ITEM_SOLD]: Yohan81 vendu 64 x Redstone à  Tsenegame pour 64.00 β le survie_new
[21:17:07] [ITEM_SOLD]: Marcoco50100 vendu 64 x Pumpkin à  Tsenegame pour 500.00 β le survie_new
[21:20:20] [ITEM_SOLD]: Hydrenoir vendu 1 x Shulker Box à  MyNameIs42 pour 3,500.00 β le survie_new
[21:22:57] [ITEM_LISTED]: Kaio_Beninou vend 10 x Ink Sac  pour 500.00β sur survie_new
[21:23:07] [ITEM_LISTED]: Kaio_Beninou vend 1 x Enchanted Book  pour 15,000.00β sur survie_new
[21:35:13] [ITEM_LISTED]: CroixVeBaton vend 64 x Cooked Chicken  pour 100.00β sur survie_new
[21:35:16] [ITEM_LISTED]: CroixVeBaton vend 64 x Cooked Chicken  pour 100.00β sur survie_new
[21:35:18] [ITEM_LISTED]: CroixVeBaton vend 64 x Cooked Chicken  pour 100.00β sur survie_new
[21:35:20] [ITEM_LISTED]: CroixVeBaton vend 64 x Cooked Chicken  pour 100.00β sur survie_new
[21:35:24] [ITEM_LISTED]: CroixVeBaton vend 64 x Cooked Chicken  pour 100.00β sur survie_new
[21:35:26] [ITEM_LISTED]: CroixVeBaton vend 64 x Cooked Chicken  pour 100.00β sur survie_new
[21:35:28] [ITEM_LISTED]: CroixVeBaton vend 64 x Cooked Chicken  pour 100.00β sur survie_new
[21:35:31] [ITEM_LISTED]: CroixVeBaton vend 64 x Cooked Chicken  pour 100.00β sur survie_new
[21:35:33] [ITEM_LISTED]: CroixVeBaton vend 64 x Cooked Chicken  pour 100.00β sur survie_new
[21:35:36] [ITEM_LISTED]: CroixVeBaton vend 64 x Cooked Chicken  pour 100.00β sur survie_new
[21:35:38] [ITEM_LISTED]: CroixVeBaton vend 64 x Cooked Chicken  pour 100.00β sur survie_new
[21:35:41] [ITEM_LISTED]: CroixVeBaton vend 64 x Cooked Chicken  pour 100.00β sur survie_new
[21:36:20] [ITEM_LISTED]: Blazd vend 1 x Enchanted Book  pour 15,000.00β sur survie_new
[21:37:43] [ITEM_SOLD]: Blazd vendu 1 x Enchanted Book à  MyNameIs42 pour 15,000.00 β le survie_new
[21:44:06] [ITEM_LISTED]: Tsenegame vend 1 x Citrouille d'Halloween  [Mending, Protection IV] pour 1,000,000.00β sur survie_new
[21:44:55] [ITEM_SOLD]: CroixVeBaton vendu 64 x Cooked Chicken à  Caldryk pour 100.00 β le survie_new
[21:44:57] [ITEM_SOLD]: CroixVeBaton vendu 64 x Cooked Chicken à  Caldryk pour 100.00 β le survie_new
[21:44:58] [ITEM_SOLD]: CroixVeBaton vendu 64 x Cooked Chicken à  Caldryk pour 100.00 β le survie_new
[21:44:59] [ITEM_SOLD]: CroixVeBaton vendu 64 x Cooked Chicken à  Caldryk pour 100.00 β le survie_new
[21:45:00] [ITEM_SOLD]: CroixVeBaton vendu 64 x Cooked Chicken à  Caldryk pour 100.00 β le survie_new
[21:45:00] [ITEM_SOLD]: CroixVeBaton vendu 64 x Cooked Chicken à  Caldryk pour 100.00 β le survie_new
[21:45:01] [ITEM_SOLD]: CroixVeBaton vendu 64 x Cooked Chicken à  Caldryk pour 100.00 β le survie_new
[21:45:02] [ITEM_SOLD]: CroixVeBaton vendu 64 x Cooked Chicken à  Caldryk pour 100.00 β le survie_new
[21:45:03] [ITEM_SOLD]: CroixVeBaton vendu 64 x Cooked Chicken à  Caldryk pour 100.00 β le survie_new
[21:45:04] [ITEM_SOLD]: CroixVeBaton vendu 64 x Cooked Chicken à  Caldryk pour 100.00 β le survie_new
[21:45:05] [ITEM_SOLD]: CroixVeBaton vendu 64 x Cooked Chicken à  Caldryk pour 100.00 β le survie_new
[21:45:06] [ITEM_SOLD]: CroixVeBaton vendu 64 x Cooked Chicken à  Caldryk pour 100.00 β le survie_new
[21:46:08] [ITEM_LISTED]: Blazd vend 1 x Enchanted Book  pour 14,500.00β sur survie_new
[21:46:23] [ITEM_LISTED]: Blazd vend 1 x Enchanted Book  pour 8,000.00β sur survie_new
[21:47:13] [ITEM_SOLD]: Yohan81 vendu 1 x Totem Of Undying à  Blazd pour 50.00 β le survie_new
[21:47:14] [ITEM_SOLD]: Yohan81 vendu 1 x Totem Of Undying à  Blazd pour 50.00 β le survie_new
[21:47:16] [ITEM_SOLD]: Yohan81 vendu 1 x Totem Of Undying à  Blazd pour 50.00 β le survie_new
[21:47:32] [ITEM_SOLD]: Yohan81 vendu 1 x Saddle à  Blazd pour 100.00 β le survie_new
[21:57:58] [ITEM_LISTED]: amnotte vend 64 x Bamboo  pour 100.00β sur survie_new
[21:58:04] [ITEM_LISTED]: amnotte vend 64 x Bamboo  pour 100.00β sur survie_new
[21:58:55] [ITEM_LISTED]: amnotte vend 64 x Bamboo  pour 100.00β sur survie_new
[21:58:58] [ITEM_LISTED]: amnotte vend 64 x Bamboo  pour 100.00β sur survie_new
[21:59:59] [ITEM_LISTED]: amnotte vend 64 x Bamboo  pour 100.00β sur survie_new
[22:00:03] [ITEM_LISTED]: amnotte vend 64 x Bamboo  pour 100.00β sur survie_new
[22:10:26] [ITEM_LISTED]: OfCourse vend 1 x Totem Of Undying  pour 1,500.00β sur survie_new
[22:21:22] [ITEM_CANCELLED]: Marcoco50100 annule la vente de 1x Heart Of The Sea pour 25,000.00β sur survie_new
[22:21:23] [ITEM_CANCELLED]: Marcoco50100 annule la vente de 1x Suspicious Stew pour 30.00β sur survie_new
[22:21:24] [ITEM_CANCELLED]: Marcoco50100 annule la vente de 1x Heart Of The Sea pour 15,000.00β sur survie_new
[22:21:30] [ITEM_RETURNED]: 1 x Heart Of The Sea  renvoyé à Marcoco50100 le survie_new
[22:21:31] [ITEM_RETURNED]: 1 x Suspicious Stew  renvoyé à Marcoco50100 le survie_new
[22:21:31] [ITEM_RETURNED]: 1 x Heart Of The Sea  renvoyé à Marcoco50100 le survie_new
[22:21:52] [ITEM_LISTED]: Marcoco50100 vend 2 x Heart Of The Sea  pour 5,000.00β sur survie_new
[22:28:56] [ITEM_SOLD]: Matthis_Weed vendu 64 x Obsidian à  Nadreel pour 250.00 β le survie_new
[22:46:29] [ITEM_LISTED]: eric2a vend 1 x §;§:Spawner à Vache 1x  pour 19,500.00β sur survie_new
[22:53:05] [ITEM_CANCELLED]: Blazd annule la vente de 1x Enchanted Book pour 8,000.00β sur survie_new
[22:53:06] [ITEM_CANCELLED]: Blazd annule la vente de 1x Enchanted Book pour 14,500.00β sur survie_new
[22:53:06] [ITEM_CANCELLED]: Blazd annule la vente de 1x Enchanted Book pour 4,000.00β sur survie_new
[22:53:07] [ITEM_CANCELLED]: Blazd annule la vente de 1x Enchanted Book pour 5,000.00β sur survie_new
[22:53:08] [ITEM_CANCELLED]: Blazd annule la vente de 1x Enchanted Book pour 4,000.00β sur survie_new
[22:53:08] [ITEM_CANCELLED]: Blazd annule la vente de 1x Enchanted Book pour 8,000.00β sur survie_new
[22:53:09] [ITEM_CANCELLED]: Blazd annule la vente de 1x Enchanted Book pour 5,000.00β sur survie_new
[22:53:09] [ITEM_CANCELLED]: Blazd annule la vente de 1x Enchanted Book pour 3,000.00β sur survie_new
[22:53:10] [ITEM_RETURNED]: 1 x Enchanted Book  renvoyé à Blazd le survie_new
[22:53:11] [ITEM_RETURNED]: 1 x Enchanted Book  renvoyé à Blazd le survie_new
[22:53:11] [ITEM_RETURNED]: 1 x Enchanted Book  renvoyé à Blazd le survie_new
[22:53:11] [ITEM_RETURNED]: 1 x Enchanted Book  renvoyé à Blazd le survie_new
[22:53:11] [ITEM_RETURNED]: 1 x Enchanted Book  renvoyé à Blazd le survie_new
[22:53:11] [ITEM_RETURNED]: 1 x Enchanted Book  renvoyé à Blazd le survie_new
[22:53:12] [ITEM_RETURNED]: 1 x Enchanted Book  renvoyé à Blazd le survie_new
[22:53:12] [ITEM_RETURNED]: 1 x Enchanted Book  renvoyé à Blazd le survie_new
[22:53:12] [ITEM_CANCELLED]: Blazd annule la vente de 64x White Wool pour 4,000.00β sur survie_new
[22:53:18] [ITEM_RETURNED]: 64 x White Wool  renvoyé à Blazd le survie_new
[22:54:51] [ITEM_LISTED]: Blazd vend 1 x Enchanted Book  pour 5,000.00β sur survie_new
[22:54:59] [ITEM_LISTED]: Blazd vend 1 x Enchanted Book  pour 8,000.00β sur survie_new
[22:55:05] [ITEM_LISTED]: Blazd vend 1 x Enchanted Book  pour 5,000.00β sur survie_new
[22:55:10] [ITEM_LISTED]: Blazd vend 1 x Enchanted Book  pour 3,000.00β sur survie_new
[22:55:18] [ITEM_LISTED]: Blazd vend 1 x Enchanted Book  pour 6,000.00β sur survie_new
[22:55:24] [ITEM_LISTED]: Blazd vend 1 x Enchanted Book  pour 4,000.00β sur survie_new
[22:55:31] [ITEM_LISTED]: Blazd vend 1 x Enchanted Book  pour 4,000.00β sur survie_new
[22:55:37] [ITEM_LISTED]: Blazd vend 1 x Enchanted Book  pour 7,000.00β sur survie_new
[22:55:42] [ITEM_LISTED]: Blazd vend 1 x Enchanted Book  pour 14,000.00β sur survie_new
[22:56:22] [ITEM_SOLD]: Blazd vendu 1 x Enchanted Book à  REGDYLAN pour 7,000.00 β le survie_new
[23:00:40] [ITEM_LISTED]: Blazd vend 1 x Enchanted Book  pour 7,000.00β sur survie_new
[23:00:41] [ITEM_LISTED]: Blazd vend 1 x Enchanted Book  pour 7,000.00β sur survie_new
[23:00:43] [ITEM_LISTED]: Blazd vend 1 x Enchanted Book  pour 7,000.00β sur survie_new
[23:00:45] [ITEM_LISTED]: Blazd vend 1 x Enchanted Book  pour 7,000.00β sur survie_new
[23:00:47] [ITEM_LISTED]: Blazd vend 1 x Enchanted Book  pour 7,000.00β sur survie_new
[23:00:49] [ITEM_LISTED]: Blazd vend 1 x Enchanted Book  pour 7,000.00β sur survie_new
[23:00:53] [ITEM_LISTED]: Blazd vend 1 x Enchanted Book  pour 7,000.00β sur survie_new
[23:00:56] [ITEM_LISTED]: Blazd vend 1 x Enchanted Book  pour 7,000.00β sur survie_new
[23:29:37] [ITEM_LISTED]: Caldryk vend 64 x Sweet Berries  pour 150.00β sur survie_new
[23:29:38] [ITEM_LISTED]: Caldryk vend 64 x Sweet Berries  pour 150.00β sur survie_new
[23:29:40] [ITEM_LISTED]: Caldryk vend 64 x Sweet Berries  pour 150.00β sur survie_new
[23:29:44] [ITEM_LISTED]: Caldryk vend 40 x Sweet Berries  pour 100.00β sur survie_new
[23:34:03] [ITEM_CANCELLED]: Blazd annule la vente de 1x Enchanted Book pour 7,000.00β sur survie_new
[23:34:04] [ITEM_CANCELLED]: Blazd annule la vente de 1x Enchanted Book pour 7,000.00β sur survie_new
[23:34:04] [ITEM_CANCELLED]: Blazd annule la vente de 1x Enchanted Book pour 7,000.00β sur survie_new
[23:34:05] [ITEM_CANCELLED]: Blazd annule la vente de 1x Enchanted Book pour 7,000.00β sur survie_new
[23:34:05] [ITEM_CANCELLED]: Blazd annule la vente de 1x Enchanted Book pour 7,000.00β sur survie_new
[23:34:05] [ITEM_CANCELLED]: Blazd annule la vente de 1x Enchanted Book pour 7,000.00β sur survie_new
[23:34:06] [ITEM_CANCELLED]: Blazd annule la vente de 1x Enchanted Book pour 7,000.00β sur survie_new
[23:34:06] [ITEM_CANCELLED]: Blazd annule la vente de 1x Enchanted Book pour 7,000.00β sur survie_new
[23:34:12] [ITEM_CANCELLED]: Blazd annule la vente de 1x Enchanted Book pour 14,000.00β sur survie_new
[23:34:17] [ITEM_RETURNED]: 1 x Enchanted Book  renvoyé à Blazd le survie_new
[23:34:17] [ITEM_RETURNED]: 1 x Enchanted Book  renvoyé à Blazd le survie_new
[23:34:18] [ITEM_RETURNED]: 1 x Enchanted Book  renvoyé à Blazd le survie_new
[23:34:18] [ITEM_RETURNED]: 1 x Enchanted Book  renvoyé à Blazd le survie_new
[23:34:18] [ITEM_RETURNED]: 1 x Enchanted Book  renvoyé à Blazd le survie_new
[23:34:19] [ITEM_RETURNED]: 1 x Enchanted Book  renvoyé à Blazd le survie_new
[23:34:19] [ITEM_RETURNED]: 1 x Enchanted Book  renvoyé à Blazd le survie_new
[23:34:19] [ITEM_RETURNED]: 1 x Enchanted Book  renvoyé à Blazd le survie_new
[23:34:20] [ITEM_RETURNED]: 1 x Enchanted Book  renvoyé à Blazd le survie_new
[23:34:39] [ITEM_LISTED]: Blazd vend 1 x Enchanted Book  pour 14,000.00β sur survie_new
