[11:03:26] [ITEM_LISTED]: pikatchou82 vend 64 x Anvil  pour 4,000.00β sur survie_new
[11:03:34] [ITEM_LISTED]: pikatchou82 vend 64 x Anvil  pour 4,000.00β sur survie_new
[11:16:43] [ITEM_LISTED]: pikatchou82 vend 64 x Jukebox  pour 250.00β sur survie_new
[12:17:46] [ITEM_SOLD]: Yohan81 vendu 64 x Clay à  Neo_zia pour 200.00 β le survie_new
[12:17:49] [ITEM_SOLD]: Yohan81 vendu 64 x Clay à  Neo_zia pour 200.00 β le survie_new
[13:02:48] [ITEM_SOLD]: Haru_M vendu 1 x Enchanted Book à  Darinor_ pour 8,500.00 β le survie_new
[13:18:19] [ITEM_LISTED]: RoroElPadre vend 64 x Iron Block  pour 8,640.00β sur survie_new
[13:18:21] [ITEM_LISTED]: RoroElPadre vend 64 x Iron Block  pour 8,640.00β sur survie_new
[13:18:22] [ITEM_LISTED]: RoroElPadre vend 64 x Iron Block  pour 8,640.00β sur survie_new
[13:18:25] [ITEM_LISTED]: RoroElPadre vend 64 x Iron Block  pour 8,640.00β sur survie_new
[13:18:27] [ITEM_LISTED]: RoroElPadre vend 64 x Iron Block  pour 8,640.00β sur survie_new
[13:18:30] [ITEM_LISTED]: RoroElPadre vend 64 x Iron Block  pour 8,640.00β sur survie_new
[14:08:53] [ITEM_LISTED]: OfCourse vend 1 x Written Book  pour 1,000.00β sur survie_new
[14:25:12] [ITEM_CANCELLED]: Darinor_ annule la vente de 33x Carrelage Rouge et Noir pour 100.00β sur survie_new
[14:25:24] [ITEM_RETURNED]: 33 x Carrelage Rouge et Noir  renvoyé à Darinor_ le survie_new
[16:55:08] [ITEM_SOLD]: OfCourse vendu 1 x Written Book à  RoroElPadre pour 1,000.00 β le survie_new
[16:56:29] [ITEM_LISTED]: RoroElPadre vend 1 x Written Book  pour 2,000.00β sur survie_new
[17:06:14] [ITEM_LISTED]: Warsgunners34 vend 1 x §;§:Spawner à Araignée venimeuse 1x  pour 2,000.00β sur survie_new
[17:06:18] [ITEM_SOLD]: Warsgunners34 vendu 1 x §;§:Spawner à Araignée venimeuse 1x à  RoroElPadre pour 2,000.00 β le survie_new
[17:07:42] [ITEM_LISTED]: Warsgunners34 vend 1 x §;§:Spawner à Araignée venimeuse 1x  pour 2,000.00β sur survie_new
[17:11:08] [ITEM_SOLD]: Darinor_ vendu 1 x Diamond Shovel à  [Efficiency IV, Unbreaking III] Warsgunners34 pour 800.00 β le survie_new_the_end
[17:11:40] [ITEM_SOLD]: Warsgunners34 vendu 1 x §;§:Spawner à Araignée venimeuse 1x à  RoroElPadre pour 2,000.00 β le survie_new
[17:28:43] [ITEM_CANCELLED]: RoroElPadre annule la vente de 64x Iron Block pour 8,640.00β sur survie_new
[17:28:43] [ITEM_CANCELLED]: RoroElPadre annule la vente de 64x Iron Block pour 8,640.00β sur survie_new
[17:28:44] [ITEM_CANCELLED]: RoroElPadre annule la vente de 64x Iron Block pour 8,640.00β sur survie_new
[17:28:45] [ITEM_CANCELLED]: RoroElPadre annule la vente de 64x Iron Block pour 8,640.00β sur survie_new
[17:28:45] [ITEM_CANCELLED]: RoroElPadre annule la vente de 64x Iron Block pour 8,640.00β sur survie_new
[17:28:52] [ITEM_RETURNED]: 64 x Iron Block  renvoyé à RoroElPadre le survie_new
[17:28:52] [ITEM_RETURNED]: 64 x Iron Block  renvoyé à RoroElPadre le survie_new
[17:28:52] [ITEM_RETURNED]: 64 x Iron Block  renvoyé à RoroElPadre le survie_new
[17:28:53] [ITEM_RETURNED]: 64 x Iron Block  renvoyé à RoroElPadre le survie_new
[17:28:53] [ITEM_RETURNED]: 64 x Iron Block  renvoyé à RoroElPadre le survie_new
[17:28:53] [ITEM_CANCELLED]: RoroElPadre annule la vente de 1x Written Book pour 2,000.00β sur survie_new
[17:36:17] [ITEM_CANCELLED]: RoroElPadre annule la vente de 64x Iron Block pour 8,640.00β sur survie_new
[17:36:18] [ITEM_RETURNED]: 64 x Iron Block  renvoyé à RoroElPadre le survie_new
[22:03:58] [ITEM_LISTED]: Haru_M vend 1 x Lead  pour 1.00β sur survie_new
[23:20:57] [ITEM_LISTED]: Mathis6000 vend 64 x Sweet Berries  pour 64.00β sur survie_new
[23:27:40] [ITEM_SOLD]: Mathis6000 vendu 64 x Sweet Berries à  bioniclucas pour 64.00 β le survie_new
[23:33:16] [ITEM_LISTED]: LLIcocoman_Hrz vend 1 x Turtle Spawn Egg  pour 2,000.00β sur survie_new
