[00:06:58] [ITEM_SOLD]: Blazd vendu 1 x Enchanted Book à  Dagalaz pour 5,000.00 β le survie_new
[00:08:26] [ITEM_SOLD]: Yohan81 vendu 1 x Epée à  [Looting II, Sharpness V, Unbreaking II] PrinceJUULS pour 4,000.00 β le survie_new
[00:37:30] [ITEM_LISTED]: Yohan81 vend 64 x Blaze Rod  pour 50.00β sur survie_new
[00:37:32] [ITEM_LISTED]: Yohan81 vend 64 x Blaze Rod  pour 50.00β sur survie_new
[00:37:37] [ITEM_LISTED]: Yohan81 vend 64 x Blaze Rod  pour 50.00β sur survie_new
[00:37:41] [ITEM_LISTED]: Yohan81 vend 30 x Blaze Rod  pour 25.00β sur survie_new
[01:02:27] [ITEM_LISTED]: Yohan81 vend 1 x Epée des Cieux  [Looting III, Sharpness V, Unbreaking III] pour 2,000.00β sur survie_new
[01:30:14] [ITEM_SOLD]: Yohan81 vendu 1 x Epée des Cieux à  [Looting III, Sharpness V, Unbreaking III] eric2a pour 2,000.00 β le survie_new
[03:16:22] [ITEM_LISTED]: LiKaneH vend 1 x §;§:Arraigné Spawner 1x  pour 2,500.00β sur survie_new
[07:45:13] [ITEM_CANCELLED]: Yohan81 annule la vente de 1x Saddle pour 100.00β sur survie_new
[07:45:14] [ITEM_CANCELLED]: Yohan81 annule la vente de 1x Saddle pour 100.00β sur survie_new
[07:45:14] [ITEM_CANCELLED]: Yohan81 annule la vente de 1x Saddle pour 100.00β sur survie_new
[07:45:19] [ITEM_RETURNED]: 1 x Saddle  renvoyé à Yohan81 le survie_new
[07:45:19] [ITEM_RETURNED]: 1 x Saddle  renvoyé à Yohan81 le survie_new
[07:45:20] [ITEM_RETURNED]: 1 x Saddle  renvoyé à Yohan81 le survie_new
[07:45:30] [ITEM_LISTED]: Yohan81 vend 1 x Saddle  pour 75.00β sur survie_new
[07:45:31] [ITEM_LISTED]: Yohan81 vend 1 x Saddle  pour 75.00β sur survie_new
[07:45:33] [ITEM_LISTED]: Yohan81 vend 1 x Saddle  pour 75.00β sur survie_new
[10:31:03] [ITEM_LISTED]: Bouletotor vend 64 x Oak Log  pour 150.00β sur survie_new
[10:31:04] [ITEM_LISTED]: Bouletotor vend 64 x Oak Log  pour 150.00β sur survie_new
[10:31:06] [ITEM_LISTED]: Bouletotor vend 64 x Oak Log  pour 150.00β sur survie_new
[10:31:10] [ITEM_LISTED]: Bouletotor vend 64 x Oak Log  pour 150.00β sur survie_new
[10:31:12] [ITEM_LISTED]: Bouletotor vend 64 x Oak Log  pour 150.00β sur survie_new
[10:31:20] [ITEM_LISTED]: Bouletotor vend 16 x Oak Log  pour 25.00β sur survie_new
[10:43:12] [ITEM_LISTED]: Bouletotor vend 64 x Iron Ore  pour 6,000.00β sur survie_new
[10:43:15] [ITEM_LISTED]: Bouletotor vend 64 x Iron Ore  pour 6,000.00β sur survie_new
[11:18:22] [ITEM_SOLD]: Bertrand vendu 1 x Experience Bottle à  _Kamonohashi_ pour 750.00 β le survie_new
[11:30:19] [ITEM_LISTED]: Yohan81 vend 1 x Enchanted Book  pour 500.00β sur survie_new
[11:30:21] [ITEM_LISTED]: Yohan81 vend 1 x Enchanted Book  pour 500.00β sur survie_new
[11:30:25] [ITEM_LISTED]: Yohan81 vend 1 x Enchanted Book  pour 500.00β sur survie_new
[11:30:30] [ITEM_LISTED]: Yohan81 vend 1 x Enchanted Book  pour 1,000.00β sur survie_new
[11:55:02] [ITEM_LISTED]: Bouletotor vend 64 x Jungle Log  pour 150.00β sur survie_new
[11:55:04] [ITEM_LISTED]: Bouletotor vend 64 x Jungle Log  pour 150.00β sur survie_new
[11:55:09] [ITEM_LISTED]: Bouletotor vend 64 x Jungle Log  pour 150.00β sur survie_new
[11:55:11] [ITEM_LISTED]: Bouletotor vend 64 x Jungle Log  pour 150.00β sur survie_new
[11:55:12] [ITEM_LISTED]: Bouletotor vend 64 x Jungle Log  pour 150.00β sur survie_new
[12:37:15] [ITEM_LISTED]: AzodFR vend 1 x Written Book  pour 10,000.00β sur survie_new
[12:37:17] [ITEM_LISTED]: AzodFR vend 1 x Written Book  pour 10,000.00β sur survie_new
[12:37:18] [ITEM_LISTED]: AzodFR vend 1 x Written Book  pour 10,000.00β sur survie_new
[12:37:20] [ITEM_LISTED]: AzodFR vend 1 x Written Book  pour 10,000.00β sur survie_new
[12:37:22] [ITEM_LISTED]: AzodFR vend 1 x Written Book  pour 10,000.00β sur survie_new
[12:37:24] [ITEM_LISTED]: AzodFR vend 1 x Written Book  pour 10,000.00β sur survie_new
[12:37:25] [ITEM_LISTED]: AzodFR vend 1 x Written Book  pour 10,000.00β sur survie_new
[12:37:27] [ITEM_LISTED]: AzodFR vend 1 x Written Book  pour 10,000.00β sur survie_new
[12:37:33] [ITEM_LISTED]: AzodFR vend 1 x Written Book  pour 10,000.00β sur survie_new
[12:38:38] [ITEM_SOLD]: Bouletotor vendu 64 x Iron Ore à  kalaistar pour 6,000.00 β le survie_new
[12:38:39] [ITEM_SOLD]: Bouletotor vendu 64 x Iron Ore à  kalaistar pour 6,000.00 β le survie_new
[12:38:40] [ITEM_SOLD]: Blazd vendu 1 x Enchanted Book à  Nadreel pour 12,000.00 β le survie_new
[12:38:46] [ITEM_SOLD]: Lenny vendu 64 x Sweet Berries à  Nadreel pour 125.00 β le survie_new
[12:38:56] [ITEM_SOLD]: Marcoco50100 vendu 18 x Carved Pumpkin à  Nadreel pour 100.00 β le survie_new
[12:40:12] [ITEM_SOLD]: AzodFR vendu 1 x Written Book à  Christophe_ pour 10,000.00 β le survie_new
[13:16:54] [ITEM_DROPPED]: Abandon de la vente MatyoCraft expirée de 1 x Potion  pour 0.00β à leurs pieds le spawn
[13:18:37] [ITEM_LISTED]: Blazd vend 1 x Enchanted Book  pour 14,000.00β sur survie_new
[13:18:50] [ITEM_LISTED]: Blazd vend 1 x Enchanted Book  pour 12,000.00β sur survie_new
[13:19:04] [ITEM_LISTED]: Blazd vend 1 x Enchanted Book  pour 8,000.00β sur survie_new
[13:24:45] [ITEM_SOLD]: whanik vendu 64 x Arrow à  Isaorya pour 1,000.00 β le survie_new
[13:24:47] [ITEM_SOLD]: whanik vendu 64 x Arrow à  Isaorya pour 1,000.00 β le survie_new
[13:33:16] [ITEM_LISTED]: omega2028 vend 26 x Blaze Rod  pour 200.00β sur survie_new
[13:37:08] [ITEM_LISTED]: Bouletotor vend 1 x Torch  pour 300.00β sur survie_new
[13:37:28] [ITEM_LISTED]: omega2028 vend 1 x Enchanted Book  pour 5,000.00β sur survie_new
[13:37:36] [ITEM_LISTED]: omega2028 vend 1 x Enchanted Book  pour 2,500.00β sur survie_new
[13:37:43] [ITEM_LISTED]: omega2028 vend 1 x Enchanted Book  pour 1,500.00β sur survie_new
[13:37:44] [ITEM_LISTED]: HeFk vend 64 x Torch  pour 150.00β sur survie_new
[13:37:53] [ITEM_SOLD]: HeFk vendu 64 x Torch à  Isaorya pour 150.00 β le survie_new
[13:38:52] [ITEM_LISTED]: Bouletotor vend 1 x T'es pauvre xD  pour 1,000.00β sur survie_new
[13:46:21] [ITEM_CANCELLED]: Blazd annule la vente de 1x Enchanted Book pour 14,000.00β sur survie_new
[13:46:22] [ITEM_CANCELLED]: Blazd annule la vente de 1x Enchanted Book pour 8,000.00β sur survie_new
[13:46:25] [ITEM_RETURNED]: 1 x Enchanted Book  renvoyé à Blazd le survie_new
[13:46:25] [ITEM_RETURNED]: 1 x Enchanted Book  renvoyé à Blazd le survie_new
[13:57:31] [ITEM_SOLD]: Yohan81 vendu 64 x Blaze Rod à  Blazd pour 50.00 β le survie_new
[13:57:32] [ITEM_SOLD]: Yohan81 vendu 64 x Blaze Rod à  Blazd pour 50.00 β le survie_new
[13:57:34] [ITEM_SOLD]: Yohan81 vendu 64 x Blaze Rod à  Blazd pour 50.00 β le survie_new
[13:57:36] [ITEM_SOLD]: Yohan81 vendu 30 x Blaze Rod à  Blazd pour 25.00 β le survie_new
[14:10:00] [ITEM_SOLD]: Bertrand vendu 4 x Dark Oak Sapling à  scirion pour 50.00 β le survie_new
[14:25:46] [ITEM_SOLD]: Bouletotor vendu 16 x Oak Log à  74Matt pour 25.00 β le survie_new
[15:10:34] [ITEM_LISTED]: BetAlpha19 vend 1 x Epée  [Looting II, Sharpness V, Unbreaking II] pour 8,000.00β sur survie_new
[15:14:42] [ITEM_DROPPED]: Abandon de la vente Vladata expirée de 1 x Enchanted Book  pour 0.00β à leurs pieds le spawn
[15:17:40] [ITEM_SOLD]: Zougless vendu 64 x Spruce Log à  74Matt pour 400.00 β le survie_new
[15:17:45] [ITEM_SOLD]: Bouletotor vendu 64 x Oak Log à  74Matt pour 150.00 β le survie_new
[15:17:53] [ITEM_SOLD]: Bouletotor vendu 64 x Oak Log à  74Matt pour 150.00 β le survie_new
[15:26:59] [ITEM_SOLD]: PrinceJUULS vendu 1 x Shulker Box à  Isaorya pour 3,000.00 β le survie_new
[15:33:56] [ITEM_SOLD]: PrinceJUULS vendu 1 x Shulker Box à  hugoleb pour 3,000.00 β le survie_new
[15:33:57] [ITEM_SOLD]: PrinceJUULS vendu 1 x Shulker Box à  hugoleb pour 3,000.00 β le survie_new
[15:33:59] [ITEM_SOLD]: PrinceJUULS vendu 1 x Shulker Box à  hugoleb pour 3,000.00 β le survie_new
[15:34:01] [ITEM_SOLD]: PrinceJUULS vendu 1 x Shulker Box à  hugoleb pour 3,000.00 β le survie_new
[15:36:41] [ITEM_LISTED]: hugoleb vend 64 x Bamboo  pour 50.00β sur survie_new
[15:45:47] [ITEM_SOLD]: amnotte vendu 64 x Bamboo à  SSLLOOTTHH pour 100.00 β le survie_new
[16:08:28] [ITEM_SOLD]: Zougless vendu 64 x Spruce Log à  SSLLOOTTHH pour 450.00 β le survie_new
[16:28:08] [ITEM_LISTED]: SeiyaDxD vend 64 x Iron Ore  pour 5,000.00β sur survie_new
[16:28:10] [ITEM_LISTED]: SeiyaDxD vend 64 x Iron Ore  pour 5,000.00β sur survie_new
[16:28:11] [ITEM_LISTED]: SeiyaDxD vend 64 x Iron Ore  pour 5,000.00β sur survie_new
[16:52:13] [ITEM_SOLD]: Bouletotor vendu 64 x Jungle Log à  SeiyaDxD pour 150.00 β le survie_new
[17:03:08] [ITEM_LISTED]: Yohan81 vend 1 x Enchanted Book  pour 3,000.00β sur survie_new
[17:04:36] [ITEM_LISTED]: Yohan81 vend 1 x Enchanted Book  pour 5,000.00β sur survie_new
[17:07:02] [ITEM_LISTED]: Blazd vend 1 x Enchanted Book  pour 14,000.00β sur survie_new
[17:32:04] [ITEM_LISTED]: Tesla248 vend 1 x Potion  pour 50.00β sur survie_new
[17:47:37] [ITEM_LISTED]: _Kotura vend 64 x Iron Ore  pour 5,000.00β sur survie_new
[17:50:17] [ITEM_LISTED]: limastic vend 64 x Iron Ore  pour 5,000.00β sur survie_new
[17:54:21] [ITEM_LISTED]: limastic vend 64 x Iron Ore  pour 5,000.00β sur survie_new
[18:06:02] [ITEM_LISTED]: omega2028 vend 64 x Blaze Rod  pour 200.00β sur survie_new
[18:06:03] [ITEM_LISTED]: omega2028 vend 64 x Blaze Rod  pour 200.00β sur survie_new
[18:06:05] [ITEM_LISTED]: omega2028 vend 64 x Blaze Rod  pour 200.00β sur survie_new
[18:06:06] [ITEM_LISTED]: omega2028 vend 64 x Blaze Rod  pour 200.00β sur survie_new
[18:20:43] [ITEM_LISTED]: SSLLOOTTHH vend 1 x Elytra  pour 10,000.00β sur survie_new_the_end
[18:24:54] [ITEM_LISTED]: SSLLOOTTHH vend 1 x Elytra  pour 10,000.00β sur survie_new_the_end
[18:25:13] [ITEM_LISTED]: SSLLOOTTHH vend 1 x Diamond Sword  [Bane of Arthropods V] pour 900.00β sur survie_new_the_end
[18:25:51] [ITEM_LISTED]: SSLLOOTTHH vend 1 x Dragon Head  pour 1,000.00β sur survie_new_the_end
[18:26:51] [ITEM_LISTED]: SSLLOOTTHH vend 1 x Iron Sword  [Bane of Arthropods V, Knockback II, Mending] pour 200.00β sur survie_new_the_end
[18:27:04] [ITEM_LISTED]: SSLLOOTTHH vend 1 x Diamond Shovel  [Mending, Curse of Vanishing] pour 100.00β sur survie_new_the_end
[18:27:16] [ITEM_LISTED]: SSLLOOTTHH vend 1 x Diamond Sword  [Knockback II, Sharpness III] pour 200.00β sur survie_new_the_end
[18:27:49] [ITEM_LISTED]: SSLLOOTTHH vend 1 x Diamond Leggings  [Protection IV] pour 300.00β sur survie_new_the_end
[18:27:54] [ITEM_LISTED]: SSLLOOTTHH vend 1 x Diamond Leggings  [Fire Protection IV, Unbreaking III] pour 300.00β sur survie_new_the_end
[18:27:59] [ITEM_LISTED]: SSLLOOTTHH vend 1 x Diamond Leggings  [Blast Protection IV, Mending] pour 300.00β sur survie_new_the_end
[18:28:07] [ITEM_LISTED]: SSLLOOTTHH vend 1 x Diamond Helmet  [Unbreaking III] pour 300.00β sur survie_new_the_end
[18:28:24] [ITEM_LISTED]: SSLLOOTTHH vend 1 x Diamond Pickaxe  [Efficiency III] pour 300.00β sur survie_new_the_end
[18:28:51] [ITEM_LISTED]: SSLLOOTTHH vend 1 x Iron Sword  [Knockback II, Looting III, Sharpness IV, Unbreaking III] pour 500.00β sur survie_new_the_end
[18:31:42] [ITEM_LISTED]: SSLLOOTTHH vend 1 x Elytra  pour 10,000.00β sur survie_new_the_end
[18:40:26] [ITEM_SOLD]: SSLLOOTTHH vendu 1 x Elytra à  Isaorya pour 10,000.00 β le survie_new_the_end
[18:46:58] [ITEM_SOLD]: limastic vendu 64 x Iron Ore à  kalaistar pour 5,000.00 β le survie_new
[18:46:59] [ITEM_SOLD]: limastic vendu 64 x Iron Ore à  kalaistar pour 5,000.00 β le survie_new
[18:47:01] [ITEM_SOLD]: _Kotura vendu 64 x Iron Ore à  kalaistar pour 5,000.00 β le survie_new
[18:47:03] [ITEM_SOLD]: SeiyaDxD vendu 64 x Iron Ore à  kalaistar pour 5,000.00 β le survie_new
[18:47:05] [ITEM_SOLD]: SeiyaDxD vendu 64 x Iron Ore à  kalaistar pour 5,000.00 β le survie_new
[18:47:07] [ITEM_SOLD]: SeiyaDxD vendu 64 x Iron Ore à  kalaistar pour 5,000.00 β le survie_new
[18:49:43] [ITEM_DROPPED]: Abandon de la vente Christophe_ expirée de 1 x Journal de quêtes  pour 0.00β à leurs pieds le survie_new
[18:49:54] [ITEM_LISTED]: Christophe_ vend 1 x Journal de quêtes  pour 1.00β sur survie_new_the_end
[18:56:56] [ITEM_LISTED]: CouzVeBaton vend 1 x Panel d'outil  pour 1.00β sur survie_new
[18:57:05] [ITEM_SOLD]: CouzVeBaton vendu 1 x Panel d'outil à  CroixVeBaton pour 1.00 β le survie_new
[18:57:41] [ITEM_SOLD]: omega2028 vendu 1 x Enchanted Book à  Christophe_ pour 1,500.00 β le survie_new
[19:08:03] [ITEM_SOLD]: portedegaia vendu 64 x Dark Oak Log à  _Kotura pour 750.00 β le survie_new
[19:10:24] [ITEM_SOLD]: SSLLOOTTHH vendu 1 x Diamond Leggings à  [Protection IV] SeiyaDxD pour 300.00 β le survie_new_the_end
[19:10:35] [ITEM_SOLD]: SSLLOOTTHH vendu 1 x Diamond Shovel à  [Mending, Curse of Vanishing] SeiyaDxD pour 100.00 β le survie_new_the_end
[19:23:59] [ITEM_SOLD]: SSLLOOTTHH vendu 1 x Diamond Leggings à  [Blast Protection IV, Mending] SeiyaDxD pour 300.00 β le survie_new_the_end
[23:55:29] [ITEM_DROPPED]: Abandon de la vente enolane59 expirée de 1 x Cobblestone  pour 0.00β à leurs pieds le survie_new
[23:55:29] [ITEM_DROPPED]: Abandon de la vente enolane59 expirée de 1 x Cobblestone  pour 0.00β à leurs pieds le survie_new
[23:55:29] [ITEM_DROPPED]: Abandon de la vente enolane59 expirée de 1 x Cobblestone  pour 0.00β à leurs pieds le survie_new
[23:55:29] [ITEM_DROPPED]: Abandon de la vente enolane59 expirée de 1 x Cobblestone  pour 0.00β à leurs pieds le survie_new
[23:55:29] [ITEM_DROPPED]: Abandon de la vente enolane59 expirée de 1 x Cobblestone  pour 0.00β à leurs pieds le survie_new
[23:55:29] [ITEM_DROPPED]: Abandon de la vente enolane59 expirée de 1 x Cobblestone  pour 0.00β à leurs pieds le survie_new
[23:55:29] [ITEM_DROPPED]: Abandon de la vente enolane59 expirée de 1 x Cobblestone  pour 0.00β à leurs pieds le survie_new
[23:55:29] [ITEM_DROPPED]: Abandon de la vente enolane59 expirée de 1 x Cobblestone  pour 0.00β à leurs pieds le survie_new
[23:55:29] [ITEM_DROPPED]: Abandon de la vente enolane59 expirée de 1 x Cobblestone  pour 0.00β à leurs pieds le survie_new
[23:55:29] [ITEM_DROPPED]: Abandon de la vente enolane59 expirée de 1 x Cobblestone  pour 0.00β à leurs pieds le survie_new
[23:55:29] [ITEM_DROPPED]: Abandon de la vente enolane59 expirée de 1 x Cobblestone  pour 0.00β à leurs pieds le survie_new
[23:55:29] [ITEM_DROPPED]: Abandon de la vente enolane59 expirée de 1 x Cobblestone  pour 0.00β à leurs pieds le survie_new
[23:55:29] [ITEM_DROPPED]: Abandon de la vente enolane59 expirée de 1 x Cobblestone  pour 0.00β à leurs pieds le survie_new
[23:55:29] [ITEM_DROPPED]: Abandon de la vente enolane59 expirée de 1 x Cobblestone  pour 0.00β à leurs pieds le survie_new
[23:55:29] [ITEM_DROPPED]: Abandon de la vente enolane59 expirée de 1 x Cobblestone  pour 0.00β à leurs pieds le survie_new
[23:55:29] [ITEM_DROPPED]: Abandon de la vente enolane59 expirée de 1 x Cobblestone  pour 0.00β à leurs pieds le survie_new
[23:55:29] [ITEM_DROPPED]: Abandon de la vente enolane59 expirée de 1 x Cobblestone  pour 0.00β à leurs pieds le survie_new
[23:55:29] [ITEM_DROPPED]: Abandon de la vente enolane59 expirée de 1 x Cobblestone  pour 0.00β à leurs pieds le survie_new
[23:55:29] [ITEM_DROPPED]: Abandon de la vente enolane59 expirée de 1 x Cobblestone  pour 0.00β à leurs pieds le survie_new
[23:55:29] [ITEM_DROPPED]: Abandon de la vente enolane59 expirée de 1 x Cobblestone  pour 0.00β à leurs pieds le survie_new
[23:55:29] [ITEM_DROPPED]: Abandon de la vente enolane59 expirée de 1 x Cobblestone  pour 0.00β à leurs pieds le survie_new
[23:55:29] [ITEM_DROPPED]: Abandon de la vente enolane59 expirée de 1 x Cobblestone  pour 0.00β à leurs pieds le survie_new
[23:55:29] [ITEM_DROPPED]: Abandon de la vente enolane59 expirée de 1 x Cobblestone  pour 0.00β à leurs pieds le survie_new
[23:55:29] [ITEM_DROPPED]: Abandon de la vente enolane59 expirée de 1 x Cobblestone  pour 0.00β à leurs pieds le survie_new
[23:55:29] [ITEM_DROPPED]: Abandon de la vente enolane59 expirée de 1 x Cobblestone  pour 0.00β à leurs pieds le survie_new
[23:55:29] [ITEM_DROPPED]: Abandon de la vente enolane59 expirée de 1 x Cobblestone  pour 0.00β à leurs pieds le survie_new
[23:55:29] [ITEM_DROPPED]: Abandon de la vente enolane59 expirée de 1 x Cobblestone  pour 0.00β à leurs pieds le survie_new
[23:55:29] [ITEM_DROPPED]: Abandon de la vente enolane59 expirée de 1 x Cobblestone  pour 0.00β à leurs pieds le survie_new
[23:55:29] [ITEM_DROPPED]: Abandon de la vente enolane59 expirée de 1 x Cobblestone  pour 0.00β à leurs pieds le survie_new
[23:55:29] [ITEM_DROPPED]: Abandon de la vente enolane59 expirée de 1 x Cobblestone  pour 0.00β à leurs pieds le survie_new
[23:55:29] [ITEM_DROPPED]: Abandon de la vente enolane59 expirée de 1 x Cobblestone  pour 0.00β à leurs pieds le survie_new
[23:55:29] [ITEM_DROPPED]: Abandon de la vente enolane59 expirée de 1 x Cobblestone  pour 0.00β à leurs pieds le survie_new
[23:55:29] [ITEM_DROPPED]: Abandon de la vente enolane59 expirée de 1 x Cobblestone  pour 0.00β à leurs pieds le survie_new
[23:55:29] [ITEM_DROPPED]: Abandon de la vente enolane59 expirée de 1 x Cobblestone  pour 0.00β à leurs pieds le survie_new
[23:55:29] [ITEM_DROPPED]: Abandon de la vente enolane59 expirée de 1 x Cobblestone  pour 0.00β à leurs pieds le survie_new
[23:55:29] [ITEM_DROPPED]: Abandon de la vente enolane59 expirée de 1 x Cobblestone  pour 0.00β à leurs pieds le survie_new
[23:55:29] [ITEM_DROPPED]: Abandon de la vente enolane59 expirée de 1 x Music Disc 13  pour 0.00β à leurs pieds le survie_new
[23:55:29] [ITEM_DROPPED]: Abandon de la vente enolane59 expirée de 9 x Mossy Cobblestone  pour 0.00β à leurs pieds le survie_new
[23:55:29] [ITEM_DROPPED]: Abandon de la vente enolane59 expirée de 1 x Cyan Terracotta  pour 0.00β à leurs pieds le survie_new
[23:55:29] [ITEM_DROPPED]: Abandon de la vente enolane59 expirée de 16 x Cobblestone  pour 0.00β à leurs pieds le survie_new
[23:55:29] [ITEM_DROPPED]: Abandon de la vente enolane59 expirée de 11 x Rotten Flesh  pour 0.00β à leurs pieds le survie_new
[23:55:29] [ITEM_DROPPED]: Abandon de la vente enolane59 expirée de 64 x Birch Planks  pour 0.00β à leurs pieds le survie_new
[23:55:29] [ITEM_DROPPED]: Abandon de la vente enolane59 expirée de 1 x Shulker Shell  pour 0.00β à leurs pieds le survie_new
