[00:08:22] [ITEM_LISTED]: REGDYLAN vend 1 x §;§:Spawner à Golem de fer 1x  pour 100,000.00β sur survie_new
[00:08:24] [ITEM_LISTED]: REGDYLAN vend 1 x §;§:Spawner à Golem de fer 1x  pour 100,000.00β sur survie_new
[00:08:25] [ITEM_LISTED]: REGDYLAN vend 1 x §;§:Spawner à Golem de fer 1x  pour 100,000.00β sur survie_new
[00:08:26] [ITEM_LISTED]: REGDYLAN vend 1 x §;§:Spawner à Golem de fer 1x  pour 100,000.00β sur survie_new
[00:08:27] [ITEM_LISTED]: REGDYLAN vend 1 x §;§:Spawner à Golem de fer 1x  pour 100,000.00β sur survie_new
[00:08:28] [ITEM_LISTED]: REGDYLAN vend 1 x §;§:Spawner à Golem de fer 1x  pour 100,000.00β sur survie_new
[00:08:29] [ITEM_LISTED]: REGDYLAN vend 1 x §;§:Spawner à Golem de fer 1x  pour 100,000.00β sur survie_new
[00:08:30] [ITEM_LISTED]: REGDYLAN vend 1 x §;§:Spawner à Golem de fer 1x  pour 100,000.00β sur survie_new
[00:08:31] [ITEM_LISTED]: REGDYLAN vend 1 x §;§:Spawner à Golem de fer 1x  pour 100,000.00β sur survie_new
[00:08:44] [ITEM_LISTED]: REGDYLAN vend 1 x §;§:Spawner à Cochon-Zombie 1x  pour 50,000.00β sur survie_new
[00:08:45] [ITEM_LISTED]: REGDYLAN vend 1 x §;§:Spawner à Cochon-Zombie 1x  pour 50,000.00β sur survie_new
[00:08:46] [ITEM_LISTED]: REGDYLAN vend 1 x §;§:Spawner à Cochon-Zombie 1x  pour 50,000.00β sur survie_new
[00:08:47] [ITEM_LISTED]: REGDYLAN vend 1 x §;§:Spawner à Cochon-Zombie 1x  pour 50,000.00β sur survie_new
[00:08:48] [ITEM_LISTED]: REGDYLAN vend 1 x §;§:Spawner à Cochon-Zombie 1x  pour 50,000.00β sur survie_new
[00:08:51] [ITEM_LISTED]: REGDYLAN vend 1 x §;§:Spawner à Cochon-Zombie 1x  pour 50,000.00β sur survie_new
[00:08:52] [ITEM_LISTED]: REGDYLAN vend 1 x §;§:Spawner à Cochon-Zombie 1x  pour 50,000.00β sur survie_new
[00:08:54] [ITEM_LISTED]: REGDYLAN vend 1 x §;§:Spawner à Cochon-Zombie 1x  pour 50,000.00β sur survie_new
[00:08:55] [ITEM_LISTED]: REGDYLAN vend 1 x §;§:Spawner à Cochon-Zombie 1x  pour 50,000.00β sur survie_new
[11:00:39] [ITEM_SOLD]: ekkubb vendu 1 x Dolphin Spawn Egg à  pikatchou82 pour 1,000.00 β le survie_new
[11:13:32] [ITEM_SOLD]: REGDYLAN vendu 1 x §;§:Spawner à Golem de fer 1x à  pikatchou82 pour 100,000.00 β le survie_new
[11:13:36] [ITEM_SOLD]: REGDYLAN vendu 1 x §;§:Spawner à Golem de fer 1x à  pikatchou82 pour 100,000.00 β le survie_new
[11:13:40] [ITEM_SOLD]: REGDYLAN vendu 1 x §;§:Spawner à Cochon-Zombie 1x à  pikatchou82 pour 50,000.00 β le survie_new
[11:13:57] [ITEM_SOLD]: REGDYLAN vendu 1 x §;§:Spawner à Cochon-Zombie 1x à  pikatchou82 pour 50,000.00 β le survie_new
[12:28:45] [ITEM_SOLD]: REGDYLAN vendu 1 x §;§:Spawner à Golem de fer 1x à  pikatchou82 pour 100,000.00 β le survie_new
[12:34:25] [ITEM_SOLD]: REGDYLAN vendu 1 x §;§:Spawner à Golem de fer 1x à  pikatchou82 pour 100,000.00 β le survie_new
[12:40:18] [ITEM_LISTED]: pikatchou82 vend 64 x Anvil  pour 1,000.00β sur survie_new
[12:46:07] [ITEM_LISTED]: pikatchou82 vend 64 x Anvil  pour 1,000.00β sur survie_new
[16:33:42] [ITEM_LISTED]: pikatchou82 vend 64 x Anvil  pour 1,000.00β sur survie_new
[16:33:45] [ITEM_LISTED]: pikatchou82 vend 64 x Anvil  pour 1,000.00β sur survie_new
[16:33:47] [ITEM_LISTED]: pikatchou82 vend 64 x Anvil  pour 1,000.00β sur survie_new
[16:33:49] [ITEM_LISTED]: pikatchou82 vend 64 x Anvil  pour 1,000.00β sur survie_new
[17:09:51] [ITEM_SOLD]: pikatchou82 vendu 21 x Anvil à  ketsumochi pour 250.00 β le survie_new
[17:25:04] [ITEM_LISTED]: Yohan81 vend 1 x La Grande Pioche  [Efficiency X, Fortune V, Unbreaking VIII, Curse of Vanishing] pour 1,000,000.00β sur survie_new
[17:25:25] [ITEM_CANCELLED]: Yohan81 annule la vente de 1x La Grande Pioche [Efficiency X, Fortune V, Unbreaking VIII, Curse of Vanishing] pour 1,000,000.00β sur survie_new
[17:25:32] [ITEM_RETURNED]: 1 x La Grande Pioche  [Efficiency X, Fortune V, Unbreaking VIII, Curse of Vanishing] renvoyé à Yohan81 le survie_new
[17:26:07] [ITEM_LISTED]: Yohan81 vend 1 x La Grande Pioche  [Efficiency X, Fortune V, Unbreaking VIII, Curse of Vanishing] pour 800,000.00β sur survie_new
[17:26:19] [ITEM_CANCELLED]: Yohan81 annule la vente de 1x La Grande Pioche [Efficiency X, Fortune V, Unbreaking VIII, Curse of Vanishing] pour 800,000.00β sur survie_new
[17:26:22] [ITEM_RETURNED]: 1 x La Grande Pioche  [Efficiency X, Fortune V, Unbreaking VIII, Curse of Vanishing] renvoyé à Yohan81 le survie_new
[17:49:20] [ITEM_SOLD]: Stebanou vendu 1 x Diamond Pickaxe à  [Silk Touch] schoeffel18 pour 2,500.00 β le survie_new
[17:49:22] [ITEM_SOLD]: Stebanou vendu 1 x Diamond Pickaxe à  [Silk Touch] schoeffel18 pour 2,500.00 β le survie_new
[18:29:16] [ITEM_CANCELLED]: Minebark annule la vente de 1x Shulker Box pour 2,500.00β sur survie_new
[18:29:17] [ITEM_CANCELLED]: Minebark annule la vente de 1x Green Shulker Box pour 2,500.00β sur survie_new
[18:29:18] [ITEM_CANCELLED]: Minebark annule la vente de 1x Gray Shulker Box pour 2,500.00β sur survie_new
[18:29:18] [ITEM_CANCELLED]: Minebark annule la vente de 1x Purple Shulker Box pour 2,500.00β sur survie_new
[18:29:18] [ITEM_CANCELLED]: Minebark annule la vente de 1x Light Gray Shulker Box pour 2,500.00β sur survie_new
[18:29:19] [ITEM_CANCELLED]: Minebark annule la vente de 1x Brown Shulker Box pour 2,500.00β sur survie_new
[18:29:22] [ITEM_RETURNED]: 1 x Brown Shulker Box  renvoyé à Minebark le survie_new
[18:29:22] [ITEM_RETURNED]: 1 x Light Gray Shulker Box  renvoyé à Minebark le survie_new
[18:29:22] [ITEM_RETURNED]: 1 x Purple Shulker Box  renvoyé à Minebark le survie_new
[18:29:22] [ITEM_RETURNED]: 1 x Gray Shulker Box  renvoyé à Minebark le survie_new
[18:29:22] [ITEM_RETURNED]: 1 x Green Shulker Box  renvoyé à Minebark le survie_new
[18:29:22] [ITEM_RETURNED]: 1 x Shulker Box  renvoyé à Minebark le survie_new
[20:07:47] [ITEM_SOLD]: REGDYLAN vendu 1 x §;§:Spawner à Golem de fer 1x à  omega2028 pour 100,000.00 β le survie_new
[20:07:48] [ITEM_SOLD]: REGDYLAN vendu 1 x §;§:Spawner à Golem de fer 1x à  omega2028 pour 100,000.00 β le survie_new
[20:07:50] [ITEM_SOLD]: REGDYLAN vendu 1 x §;§:Spawner à Golem de fer 1x à  omega2028 pour 100,000.00 β le survie_new
[20:07:51] [ITEM_SOLD]: REGDYLAN vendu 1 x §;§:Spawner à Golem de fer 1x à  omega2028 pour 100,000.00 β le survie_new
[21:26:50] [ITEM_SOLD]: Ekiliox vendu 64 x Dark Oak Log à  ketsumochi pour 250.00 β le survie_new
[21:26:56] [ITEM_SOLD]: Ekiliox vendu 64 x Dark Oak Log à  ketsumochi pour 250.00 β le survie_new
[21:26:59] [ITEM_SOLD]: Ekiliox vendu 64 x Dark Oak Log à  ketsumochi pour 250.00 β le survie_new
[23:01:42] [ITEM_LISTED]: Ekiliox vend 64 x Spruce Log  pour 250.00β sur survie_new
[23:01:44] [ITEM_LISTED]: Ekiliox vend 64 x Spruce Log  pour 250.00β sur survie_new
[23:01:46] [ITEM_LISTED]: Ekiliox vend 64 x Spruce Log  pour 250.00β sur survie_new
[23:01:55] [ITEM_LISTED]: Ekiliox vend 64 x Dark Oak Log  pour 250.00β sur survie_new
[23:01:56] [ITEM_LISTED]: Ekiliox vend 64 x Dark Oak Log  pour 250.00β sur survie_new
[23:02:02] [ITEM_LISTED]: Ekiliox vend 64 x Spruce Log  pour 250.00β sur survie_new
[23:03:29] [ITEM_LISTED]: Ekiliox vend 64 x Oak Log  pour 250.00β sur survie_new
[23:03:30] [ITEM_LISTED]: Ekiliox vend 64 x Oak Log  pour 250.00β sur survie_new
[23:03:37] [ITEM_LISTED]: Ekiliox vend 64 x Spruce Log  pour 250.00β sur survie_new
[23:03:38] [ITEM_LISTED]: Ekiliox vend 64 x Spruce Log  pour 250.00β sur survie_new
[23:03:43] [ITEM_LISTED]: Ekiliox vend 64 x Dark Oak Log  pour 250.00β sur survie_new
[23:07:48] [ITEM_CANCELLED]: Ekiliox annule la vente de 64x Bois Premium™ Made in Langesthei pour 400.00β sur survie_new
[23:07:51] [ITEM_CANCELLED]: Ekiliox annule la vente de 64x VikingWood Premium™ - Langesthei AG pour 300.00β sur survie_new
[23:07:53] [ITEM_RETURNED]: 64 x Bois Premium™ Made in Langesthei  renvoyé à Ekiliox le survie_new
[23:07:53] [ITEM_RETURNED]: 64 x VikingWood Premium™ - Langesthei AG  renvoyé à Ekiliox le survie_new
[23:08:05] [ITEM_LISTED]: Ekiliox vend 64 x Bois Premium™ Made in Langesthei  pour 250.00β sur survie_new
[23:08:07] [ITEM_LISTED]: Ekiliox vend 64 x VikingWood Premium™ - Langesthei AG  pour 250.00β sur survie_new
[23:10:18] [ITEM_LISTED]: Ekiliox vend 64 x Spruce Log  pour 250.00β sur survie_new
[23:11:37] [ITEM_LISTED]: Ekiliox vend 64 x Spruce Log  pour 250.00β sur survie_new
[23:15:10] [ITEM_LISTED]: Ekiliox vend 64 x Dark Oak Log  pour 250.00β sur survie_new
[23:15:13] [ITEM_LISTED]: Ekiliox vend 64 x Dark Oak Log  pour 250.00β sur survie_new
[23:15:34] [ITEM_LISTED]: Ekiliox vend 1 x Sweet Berries  pour 100,000.00β sur survie_new
[23:15:38] [ITEM_CANCELLED]: Ekiliox annule la vente de 1x Sweet Berries pour 100,000.00β sur survie_new
[23:15:40] [ITEM_RETURNED]: 1 x Sweet Berries  renvoyé à Ekiliox le survie_new
