[00:10:11] [ITEM_SOLD]: Azerter_ sold 64x Redstone to lasoeurdadrien for $150.00 on survie_new
[00:22:56] [ITEM_LISTED]: Dasso88 listed 1x Dragon Breath for $9,999.00 on survie_new
[00:23:04] [ITEM_LISTED]: Dasso88 listed 1x Dragon Breath for $9,999.00 on survie_new
[00:23:08] [ITEM_LISTED]: Dasso88 listed 1x Dragon Breath for $9,999.00 on survie_new
[00:23:12] [ITEM_LISTED]: Dasso88 listed 1x Dragon Breath for $9,999.00 on survie_new
[00:23:14] [ITEM_LISTED]: Dasso88 listed 1x Dragon Breath for $9,999.00 on survie_new
[00:28:20] [ITEM_CANCELLED]: GuiGuiPlay cancelled an auction for 1x Dragon Breath for $10,000.00 on survie_new
[00:28:20] [ITEM_CANCELLED]: GuiGuiPlay cancelled an auction for 1x Dragon Breath for $10,000.00 on survie_new
[00:28:21] [ITEM_CANCELLED]: GuiGuiPlay cancelled an auction for 1x Dragon Breath for $10,000.00 on survie_new
[00:28:21] [ITEM_CANCELLED]: GuiGuiPlay cancelled an auction for 1x Dragon Breath for $10,000.00 on survie_new
[00:28:21] [ITEM_CANCELLED]: GuiGuiPlay cancelled an auction for 1x Dragon Breath for $10,000.00 on survie_new
[00:28:24] [ITEM_RETURNED]: Returned 1x Dragon Breath to GuiGuiPlay on survie_new
[00:28:24] [ITEM_RETURNED]: Returned 1x Dragon Breath to GuiGuiPlay on survie_new
[00:28:24] [ITEM_RETURNED]: Returned 1x Dragon Breath to GuiGuiPlay on survie_new
[00:28:25] [ITEM_RETURNED]: Returned 1x Dragon Breath to GuiGuiPlay on survie_new
[00:28:25] [ITEM_RETURNED]: Returned 1x Dragon Breath to GuiGuiPlay on survie_new
[00:28:35] [ITEM_LISTED]: GuiGuiPlay listed 5x Dragon Breath for $10,000.00 on Ressource
[00:29:24] [ITEM_CANCELLED]: Dasso88 cancelled an auction for 1x Dragon Breath for $9,999.00 on survie_new
[00:29:25] [ITEM_CANCELLED]: Dasso88 cancelled an auction for 1x Dragon Breath for $9,999.00 on survie_new
[00:29:26] [ITEM_CANCELLED]: Dasso88 cancelled an auction for 1x Dragon Breath for $9,999.00 on survie_new
[00:29:26] [ITEM_CANCELLED]: Dasso88 cancelled an auction for 1x Dragon Breath for $9,999.00 on survie_new
[00:29:26] [ITEM_CANCELLED]: Dasso88 cancelled an auction for 1x Dragon Breath for $9,999.00 on survie_new
[00:29:30] [ITEM_RETURNED]: Returned 1x Dragon Breath to Dasso88 on survie_new
[00:29:30] [ITEM_RETURNED]: Returned 1x Dragon Breath to Dasso88 on survie_new
[00:29:30] [ITEM_RETURNED]: Returned 1x Dragon Breath to Dasso88 on survie_new
[00:29:30] [ITEM_RETURNED]: Returned 1x Dragon Breath to Dasso88 on survie_new
[00:29:30] [ITEM_RETURNED]: Returned 1x Dragon Breath to Dasso88 on survie_new
[00:29:38] [ITEM_LISTED]: Dasso88 listed 5x Dragon Breath for $9,999.00 on survie_new
[00:31:57] [ITEM_LISTED]: pierro listed 1x Mossy Cobblestone for $500.00 on survie_new
[00:35:26] [ITEM_CANCELLED]: pierro cancelled an auction for 1x Mossy Cobblestone for $500.00 on survie_new
[00:35:47] [ITEM_RETURNED]: Returned 1x Mossy Cobblestone to pierro on survie_new
[01:24:46] [ITEM_LISTED]: Starkous listed 63x Sugar Cane for $100.00 on survie_new
[01:48:48] [ITEM_CANCELLED]: El_Pietro_31 cancelled an auction for 20x Magma Block for $20,000.00 on spawn
[01:48:49] [ITEM_CANCELLED]: El_Pietro_31 cancelled an auction for 1x Heart Of The Sea for $15,000.00 on spawn
[01:48:51] [ITEM_RETURNED]: Returned 1x Heart Of The Sea to El_Pietro_31 on spawn
[01:48:52] [ITEM_RETURNED]: Returned 20x Magma Block to El_Pietro_31 on spawn
[01:49:16] [ITEM_LISTED]: El_Pietro_31 listed 20x Magma Block for $500.00 on survie_new
[01:49:30] [ITEM_LISTED]: El_Pietro_31 listed 1x Heart Of The Sea for $1,500.00 on survie_new
[02:18:22] [ITEM_LISTED]: Andrew_90 listed 1x Enchanted Book for $1,500.00 on survie_new
[02:18:24] [ITEM_LISTED]: Andrew_90 listed 1x Enchanted Book for $1,500.00 on survie_new
[03:03:39] [ITEM_CANCELLED]: Andrew_90 cancelled an auction for 1x [Cave spider Spawner] for $1,000.00 on survie_new
[03:03:40] [ITEM_RETURNED]: Returned 1x [Cave spider Spawner] to Andrew_90 on survie_new
[03:04:37] [ITEM_SOLD]: AiiDenOp sold 1x [Cave spider Spawner] to El_Pietro_31 for $1,000.00 on survie_new
[04:11:28] [ITEM_SOLD]: Andrew_90 sold 1x Enchanted Book to El_Pietro_31 for $1,500.00 on survie_new
[08:38:58] [ITEM_LISTED]: BeeZyLeCaca listed 1x Dragon Head for $2,500.00 on survie_new
[08:40:34] [ITEM_SOLD]: Andrew_90 sold 1x Enchanted Golden Apple to BeeZyLeCaca for $500.00 on Ressource
[09:00:54] [ITEM_LISTED]: BeeZyLeCaca listed 32x Dragon Breath for $7,500.00 on survie_new
[09:00:57] [ITEM_LISTED]: BeeZyLeCaca listed 32x Dragon Breath for $7,500.00 on survie_new
[09:01:00] [ITEM_LISTED]: BeeZyLeCaca listed 32x Dragon Breath for $7,500.00 on survie_new
[09:36:57] [ITEM_LISTED]: Kaio_Beninou listed 1x Enchanted Book for $5,000.00 on survie_new
[09:37:01] [ITEM_LISTED]: Kaio_Beninou listed 1x Enchanted Book for $5,000.00 on survie_new
[10:15:11] [ITEM_LISTED]: BeeZyLeCaca listed 1x Wither Rose for $8,500.00 on survie_new
[10:15:55] [ITEM_LISTED]: Andrew_90 listed 1x Mp moi pour acheter livre Mending for $1,000,000.00 on survie_new
[10:51:16] [ITEM_LISTED]: BeeZyLeCaca listed 64x Jukebox for $2,000.00 on survie_new
[10:51:22] [ITEM_LISTED]: BeeZyLeCaca listed 14x Jukebox for $250.00 on survie_new
[10:51:31] [ITEM_LISTED]: _Wiizy_ listed 1x Diamond Chestplate [Protection III, Unbreaking III] for $850.00 on survie_new
[10:51:43] [ITEM_LISTED]: _Wiizy_ listed 1x Diamond Leggings [Mending] for $750.00 on survie_new
[10:51:49] [ITEM_LISTED]: _Wiizy_ listed 1x Diamond Leggings [Protection IV, Unbreaking III] for $1,000.00 on survie_new
[10:52:20] [ITEM_LISTED]: _Wiizy_ listed 1x Diamond Chestplate [Mending, Protection IV, Unbreaking III] for $1,500.00 on survie_new
[10:52:27] [ITEM_LISTED]: _Wiizy_ listed 1x Diamond Leggings [Mending, Protection IV, Unbreaking III] for $1,500.00 on survie_new
[10:52:33] [ITEM_LISTED]: _Wiizy_ listed 1x Diamond Boots [Protection IV, Curse of Vanishing] for $750.00 on survie_new
[10:53:08] [ITEM_LISTED]: _Wiizy_ listed 1x Diamond Pickaxe [Efficiency IV, Mending, Unbreaking III] for $2,500.00 on survie_new
[10:53:21] [ITEM_LISTED]: _Wiizy_ listed 1x Diamond Pickaxe [Efficiency III, Mending, Silk Touch] for $1,500.00 on survie_new
[10:53:42] [ITEM_LISTED]: _Wiizy_ listed 1x Elytra for $3,500.00 on survie_new
[11:06:50] [ITEM_CANCELLED]: Andrew_90 cancelled an auction for 1x Elytra for $4,700.00 on survie_new
[11:06:52] [ITEM_RETURNED]: Returned 1x Elytra to Andrew_90 on survie_new
[11:18:35] [ITEM_SOLD]: EbLhH sold 64x Redstone to NewKiller31 for $300.00 on survie_new
[11:18:52] [ITEM_SOLD]: EbLhH sold 64x Redstone to NewKiller31 for $300.00 on survie_new
[11:21:27] [ITEM_CANCELLED]: GuiGuiPlay cancelled an auction for 5x Dragon Breath for $10,000.00 on Ressource
[11:21:29] [ITEM_RETURNED]: Returned 5x Dragon Breath to GuiGuiPlay on Ressource
[11:21:50] [ITEM_LISTED]: GuiGuiPlay listed 64x Dragon Breath for $7,000.00 on survie_new
[11:35:01] [ITEM_LISTED]: Nexusso listed 1x Breakerland ! for $250.00 on survie_new
[11:35:05] [ITEM_LISTED]: Nexusso listed 1x Cat Spawn Egg for $500.00 on survie_new
[11:35:09] [ITEM_LISTED]: Nexusso listed 1x Wither Rose for $100.00 on survie_new
[11:35:17] [ITEM_LISTED]: Nexusso listed 10x Dragon Breath for $650.00 on survie_new
[11:36:45] [ITEM_LISTED]: Azerter_ listed 64x Sugar Cane for $400.00 on survie_new
[11:36:48] [ITEM_LISTED]: Azerter_ listed 64x Sugar Cane for $400.00 on survie_new
[11:36:51] [ITEM_LISTED]: Azerter_ listed 64x Sugar Cane for $400.00 on survie_new
[11:55:24] [ITEM_LISTED]: Andrew_90 listed 2x Experience Bottle for $4,000.00 on survie_new
[11:58:40] [ITEM_SOLD]: Nexusso sold 1x Cat Spawn Egg to Kasne for $500.00 on survie_new
[12:06:59] [ITEM_LISTED]: Andrew_90 listed 1x Enchanted Book for $2,500.00 on survie_new
[12:07:07] [ITEM_CANCELLED]: Andrew_90 cancelled an auction for 1x Enchanted Book for $500.00 on survie_new
[12:07:09] [ITEM_CANCELLED]: Andrew_90 cancelled an auction for 1x Enchanted Book for $2,500.00 on survie_new
[12:07:52] [ITEM_LISTED]: Andrew_90 listed 1x Enchanted Book for $2,500.00 on survie_new
[12:08:00] [ITEM_LISTED]: Andrew_90 listed 1x Enchanted Book for $2,700.00 on survie_new
[12:08:02] [ITEM_LISTED]: Andrew_90 listed 1x Enchanted Book for $2,700.00 on survie_new
[12:08:21] [ITEM_SOLD]: Andrew_90 sold 1x Enchanted Book to Azerter_ for $2,500.00 on survie_new
[12:24:35] [ITEM_SOLD]: REGDYLAN sold 1x [Cave spider Spawner] to LDM26 for $950.00 on survie_new
[12:24:37] [ITEM_SOLD]: REGDYLAN sold 1x [Cave spider Spawner] to LDM26 for $950.00 on survie_new
[12:34:33] [ITEM_LISTED]: Azerter_ listed 1x Enchanted Book for $2,500.00 on survie_new
[12:40:41] [ITEM_RETURNED]: Returned 1x Enchanted Book to Andrew_90 on survie_new
[12:40:41] [ITEM_RETURNED]: Returned 1x Enchanted Book to Andrew_90 on survie_new
[12:55:27] [ITEM_SOLD]: _Wiizy_ sold 1x Diamond Leggings to  [Mending, Protection IV, Unbreaking III]AzodFR for $1,500.00 on survie_new
[12:55:32] [ITEM_SOLD]: _Wiizy_ sold 1x Diamond Chestplate to  [Mending, Protection IV, Unbreaking III]AzodFR for $1,500.00 on survie_new
[13:26:44] [ITEM_SOLD]: CapitaineNiamor sold 3x Wither Skeleton Skull to Andrew_90 for $10,000.00 on survie_new
[13:30:01] [ITEM_SOLD]: Azerter_ sold 1x Enchanted Book to bluebraze for $2,500.00 on survie_new
[13:30:03] [ITEM_SOLD]: Andrew_90 sold 1x Enchanted Book to bluebraze for $2,700.00 on survie_new
[13:30:09] [ITEM_SOLD]: _Wiizy_ sold 1x Diamond Leggings to  [Mending]bluebraze for $750.00 on survie_new
[13:30:14] [ITEM_SOLD]: _Wiizy_ sold 1x Diamond Leggings to  [Protection IV, Unbreaking III]bluebraze for $1,000.00 on survie_new
[13:30:28] [ITEM_SOLD]: Andrew_90 sold 1x Enchanted Book to bluebraze for $2,700.00 on survie_new
[13:50:10] [ITEM_LISTED]: Andrew_90 listed 1x Enchanted Book for $2,800.00 on survie_new
[13:50:11] [ITEM_LISTED]: Andrew_90 listed 1x Enchanted Book for $2,800.00 on survie_new
[13:50:11] [ITEM_LISTED]: Andrew_90 listed 1x Enchanted Book for $2,800.00 on survie_new
[13:50:12] [ITEM_LISTED]: Andrew_90 listed 1x Enchanted Book for $2,800.00 on survie_new
[13:55:56] [ITEM_SOLD]: Kaio_Beninou sold 10x Ink Sac to Draiikow for $500.00 on survie_new
[14:11:16] [ITEM_SOLD]: REGDYLAN sold 1x [Cave spider Spawner] to SawArrow_ for $950.00 on survie_new
[14:11:40] [ITEM_SOLD]: D4rk_Wolf_07 sold 2x [Zombie Spawner] to SawArrow_ for $5,500.00 on survie_new
[14:12:56] [ITEM_LISTED]: Azerter_ listed 64x Packed Ice for $1,000.00 on survie_new
[14:13:35] [ITEM_SOLD]: Nexusso sold 1x Wither Rose to Azerter_ for $100.00 on survie_new
[14:15:20] [ITEM_LISTED]: Azerter_ listed 1x Wither Rose for $5,000.00 on survie_new
[14:19:00] [ITEM_LISTED]: AzodFR listed 1x Enchanted Book for $1,500.00 on survie_new
[14:19:07] [ITEM_SOLD]: Haru_M sold 8x Nautilus Shell to victor_68 for $2,000.00 on survie_new
[14:19:11] [ITEM_SOLD]: AiiDenOp sold 1x Buried Treasure Map to victor_68 for $100.00 on survie_new
[14:19:13] [ITEM_SOLD]: AzodFR sold 1x Enchanted Book to Andrew_90 for $1,500.00 on survie_new
[14:22:29] [ITEM_SOLD]: EbLhH sold 1x Music Disc Cat to victor_68 for $1,000.00 on survie_new
[14:23:07] [ITEM_SOLD]: _Wiizy_ sold 1x Diamond Horse Armor to victor_68 for $1,000.00 on survie_new
[14:25:06] [ITEM_SOLD]: D4rk_Wolf_07 sold 1x Music Disc 13 to Ap4she for $500.00 on survie_new
[14:46:48] [ITEM_SOLD]: Kaio_Beninou sold 10x Bookshelf to SawArrow_ for $500.00 on survie_new
[14:46:50] [ITEM_SOLD]: Kaio_Beninou sold 10x Bookshelf to SawArrow_ for $500.00 on survie_new
[14:50:46] [ITEM_DROPPED]: Dropped limastic's expired listing of 64x Bamboo for $0.00 at their feet on Survie
[14:52:44] [ITEM_SOLD]: _Wiizy_ sold 1x Diamond Pickaxe to  [Efficiency IV, Mending, Unbreaking III]limastic for $2,500.00 on survie_new
[15:19:08] [ITEM_CANCELLED]: BeeZyLeCaca cancelled an auction for 64x Magma Block for $2,000.00 on survie_new
[15:19:08] [ITEM_CANCELLED]: BeeZyLeCaca cancelled an auction for 64x Magma Block for $2,000.00 on survie_new
[15:19:09] [ITEM_CANCELLED]: BeeZyLeCaca cancelled an auction for 64x Magma Block for $2,000.00 on survie_new
[15:19:09] [ITEM_CANCELLED]: BeeZyLeCaca cancelled an auction for 32x Dragon Breath for $7,500.00 on survie_new
[15:19:10] [ITEM_CANCELLED]: BeeZyLeCaca cancelled an auction for 32x Dragon Breath for $7,500.00 on survie_new
[15:19:11] [ITEM_CANCELLED]: BeeZyLeCaca cancelled an auction for 32x Dragon Breath for $7,500.00 on survie_new
[15:19:31] [ITEM_RETURNED]: Returned 32x Dragon Breath to BeeZyLeCaca on survie_new
[15:19:32] [ITEM_RETURNED]: Returned 32x Dragon Breath to BeeZyLeCaca on survie_new
[15:19:32] [ITEM_RETURNED]: Returned 32x Dragon Breath to BeeZyLeCaca on survie_new
[15:19:33] [ITEM_RETURNED]: Returned 64x Magma Block to BeeZyLeCaca on survie_new
[15:19:33] [ITEM_RETURNED]: Returned 64x Magma Block to BeeZyLeCaca on survie_new
[15:19:33] [ITEM_RETURNED]: Returned 64x Magma Block to BeeZyLeCaca on survie_new
[15:19:41] [ITEM_LISTED]: BeeZyLeCaca listed 64x Dragon Breath for $6,000.00 on survie_new
[15:20:00] [ITEM_LISTED]: BeeZyLeCaca listed 32x Dragon Breath for $3,000.00 on survie_new
[15:20:09] [ITEM_LISTED]: BeeZyLeCaca listed 64x Magma Block for $1,250.00 on survie_new
[15:20:11] [ITEM_LISTED]: BeeZyLeCaca listed 64x Magma Block for $1,250.00 on survie_new
[15:20:16] [ITEM_LISTED]: BeeZyLeCaca listed 64x Magma Block for $1,250.00 on survie_new
[15:29:20] [ITEM_LISTED]: AzodFR listed 1x Iron Sword [Knockback I] for $150.00 on survie_new
[15:29:22] [ITEM_LISTED]: AzodFR listed 1x Iron Sword [Sharpness I] for $150.00 on survie_new
[15:29:25] [ITEM_LISTED]: AzodFR listed 1x Iron Sword [Unbreaking I] for $150.00 on survie_new
[15:29:27] [ITEM_LISTED]: AzodFR listed 1x Iron Sword [Sharpness I, Unbreaking I] for $150.00 on survie_new
[15:47:03] [ITEM_SOLD]: _Wiizy_ sold 1x Diamond Pickaxe to  [Efficiency III, Mending, Silk Touch]SawArrow_ for $1,500.00 on survie_new
[16:04:06] [ITEM_SOLD]: D4rk_Wolf_07 sold 1x Fishing Rod to  [Mending]ploup07380 for $500.00 on Ressource
[16:04:16] [ITEM_SOLD]: Haru_M sold 1x Elytra to Kasne for $4,000.00 on survie_new
[16:12:18] [ITEM_LISTED]: BeeZyLeCaca listed 2x End Crystal for $2,000.00 on End
[16:12:48] [ITEM_SOLD]: Andrew_90 sold 1x Saddle to TheSpirou641 for $120.00 on survie_new
[16:12:58] [ITEM_SOLD]: Mr_Yt_Fr sold 1x Iron Horse Armor to TheSpirou641 for $500.00 on survie_new
[16:16:58] [ITEM_CANCELLED]: Starkous cancelled an auction for 63x Sugar Cane for $100.00 on survie_new
[16:17:05] [ITEM_RETURNED]: Returned 63x Sugar Cane to Starkous on survie_new
[16:20:58] [ITEM_SOLD]: D4rk_Wolf_07 sold 1x Fishing Rod to  [Mending]TheSpirou641 for $500.00 on Ressource
[16:21:09] [ITEM_LISTED]: mayte_ listed 1x Elytra for $3,500.00 on survie_new
[16:22:53] [ITEM_SOLD]: Andrew_90 sold 1x Enchanted Book to Papa_pingouin_ for $2,800.00 on survie_new
[16:22:54] [ITEM_SOLD]: Andrew_90 sold 1x Enchanted Book to Papa_pingouin_ for $2,800.00 on survie_new
[16:29:26] [ITEM_SOLD]: El_Pietro_31 sold 34x Dirt to Joox_ for $1.00 on survie_new
[16:43:36] [ITEM_LISTED]: BeeZyLeCaca listed 1x Dragon Head for $1,500.00 on survie_new
[16:43:51] [ITEM_SOLD]: Andrew_90 sold 1x Enchanted Book to BeeZyLeCaca for $2,800.00 on survie_new
[16:45:43] [ITEM_LISTED]: BeeZyLeCaca listed 1x Elytra for $2,500.00 on survie_new
[17:14:19] [ITEM_CANCELLED]: BeeZyLeCaca cancelled an auction for 64x Jukebox for $2,000.00 on survie_new
[17:14:20] [ITEM_CANCELLED]: BeeZyLeCaca cancelled an auction for 14x Jukebox for $250.00 on survie_new
[17:14:33] [ITEM_RETURNED]: Returned 14x Jukebox to BeeZyLeCaca on survie_new
[17:14:33] [ITEM_RETURNED]: Returned 64x Jukebox to BeeZyLeCaca on survie_new
[17:39:48] [ITEM_SOLD]: Andrew_90 sold 1x Enchanted Book to kalaistar for $1,500.00 on survie_new
[17:46:16] [ITEM_SOLD]: BeeZyLeCaca sold 1x Elytra to bluebraze for $2,500.00 on survie_new
[17:46:17] [ITEM_SOLD]: Andrew_90 sold 1x Enchanted Book to bluebraze for $2,800.00 on survie_new
[17:49:44] [ITEM_SOLD]: _Wiizy_ sold 1x Diamond Chestplate to  [Protection III, Unbreaking III]SawArrow_ for $850.00 on survie_new
[17:51:31] [ITEM_LISTED]: LukasLemaire09 listed 1x Emerald for $500.00 on Ressource
[17:52:45] [ITEM_LISTED]: LukasLemaire09 listed 1x Emerald for $500.00 on Ressource
[17:56:16] [ITEM_LISTED]: Jarreshan listed 1x Enchanted Book for $3,256.00 on survie_new
[17:56:21] [ITEM_SOLD]: Jarreshan sold 1x Enchanted Book to CapitaineNiamor for $3,256.00 on survie_new
[17:57:23] [ITEM_LISTED]: CapitaineNiamor listed 1x Enchanted Book for $2,500.00 on survie_new
[18:02:38] [ITEM_SOLD]: EbLhH sold 1x [Cave spider Spawner] to Hydrenoir for $750.00 on survie_new
[18:02:42] [ITEM_SOLD]: EbLhH sold 1x [Cave spider Spawner] to Hydrenoir for $750.00 on survie_new
[18:10:14] [ITEM_SOLD]: Kaio_Beninou sold 1x Enchanted Book to Aiwix for $5,000.00 on survie_new
[18:15:16] [ITEM_SOLD]: Acnologia_a sold 1x Enchanted Book to El_Pietro_31 for $450.00 on survie_new
[18:16:37] [ITEM_SOLD]: mayte_ sold 1x Elytra to El_Pietro_31 for $3,500.00 on survie_new
[18:16:51] [ITEM_LISTED]: Andrew_90 listed 1x Enchanted Book for $3,000.00 on survie_new
[18:28:04] [ITEM_SOLD]: BeeZyLeCaca sold 1x Bow to  [Unbreaking III]Kasne for $1,000.00 on survie_new
[18:31:27] [ITEM_SOLD]: Kaio_Beninou sold 1x Enchanted Book to Kasne for $2,000.00 on survie_new
[18:42:30] [ITEM_LISTED]: EbLhH listed 64x Gold Ingot for $750.00 on survie_new
[18:42:40] [ITEM_LISTED]: EbLhH listed 64x Lapis Lazuli for $500.00 on survie_new
[18:42:43] [ITEM_LISTED]: EbLhH listed 64x Lapis Lazuli for $500.00 on survie_new
[18:42:57] [ITEM_LISTED]: EbLhH listed 1x Saddle for $50.00 on survie_new
[18:46:57] [ITEM_SOLD]: AF_flam77 sold 1x Rabbit Foot to Ap4she for $100.00 on Ressource
[18:54:46] [ITEM_LISTED]: EbLhH listed 64x Bamboo for $50.00 on survie_new
[18:54:48] [ITEM_LISTED]: EbLhH listed 64x Bamboo for $50.00 on survie_new
[18:54:50] [ITEM_LISTED]: EbLhH listed 64x Bamboo for $50.00 on survie_new
[18:54:51] [ITEM_LISTED]: EbLhH listed 64x Bamboo for $50.00 on survie_new
[18:54:53] [ITEM_LISTED]: EbLhH listed 62x Bamboo for $50.00 on survie_new
[18:55:28] [ITEM_RETURNED]: Returned 64x Redstone to EbLhH on survie_new
[18:55:42] [ITEM_LISTED]: EbLhH listed 64x Redstone for $50.00 on survie_new
[18:57:57] [ITEM_SOLD]: EbLhH sold 64x Redstone to Ap4she for $50.00 on survie_new
[19:05:45] [ITEM_LISTED]: EbLhH listed 64x Dirt for $1.00 on survie_new
[19:05:47] [ITEM_LISTED]: EbLhH listed 64x Dirt for $1.00 on survie_new
[19:05:49] [ITEM_LISTED]: EbLhH listed 64x Dirt for $1.00 on survie_new
[19:05:49] [ITEM_LISTED]: EbLhH listed 64x Dirt for $1.00 on survie_new
[19:05:50] [ITEM_LISTED]: EbLhH listed 64x Dirt for $1.00 on survie_new
[19:05:51] [ITEM_LISTED]: EbLhH listed 14x Dirt for $1.00 on survie_new
[19:05:52] [ITEM_LISTED]: EbLhH listed 64x Dirt for $1.00 on survie_new
[19:05:55] [ITEM_LISTED]: EbLhH listed 46x Redstone for $50.00 on survie_new
[19:07:21] [ITEM_CANCELLED]: EbLhH cancelled an auction for 64x Dirt for $1,000.00 on survie_new
[19:07:25] [ITEM_CANCELLED]: EbLhH cancelled an auction for 64x Cobblestone for $1,000.00 on survie_new
[19:07:27] [ITEM_CANCELLED]: EbLhH cancelled an auction for 57x Gravel for $1,000.00 on Ressource
[19:07:27] [ITEM_CANCELLED]: EbLhH cancelled an auction for 64x Gravel for $1,000.00 on Ressource
[19:07:30] [ITEM_CANCELLED]: EbLhH cancelled an auction for 1x Lime Concrete for $1,000.00 on survie_new
[19:07:30] [ITEM_CANCELLED]: EbLhH cancelled an auction for 56x Torch for $300.00 on survie_new
[19:07:37] [ITEM_RETURNED]: Returned 64x Dirt to EbLhH on survie_new
[19:07:38] [ITEM_RETURNED]: Returned 57x Gravel to EbLhH on Ressource
[19:07:38] [ITEM_RETURNED]: Returned 64x Gravel to EbLhH on Ressource
[19:07:38] [ITEM_RETURNED]: Returned 64x Cobblestone to EbLhH on survie_new
[19:07:38] [ITEM_RETURNED]: Returned 1x Lime Concrete to EbLhH on survie_new
[19:07:38] [ITEM_RETURNED]: Returned 56x Torch to EbLhH on survie_new
[19:07:39] [ITEM_CANCELLED]: EbLhH cancelled an auction for 64x Redstone for $300.00 on survie_new
[19:07:41] [ITEM_RETURNED]: Returned 64x Redstone to EbLhH on survie_new
[19:07:49] [ITEM_LISTED]: EbLhH listed 64x Redstone for $50.00 on survie_new
[19:07:52] [ITEM_LISTED]: EbLhH listed 64x Dirt for $1.00 on survie_new
[19:07:54] [ITEM_LISTED]: EbLhH listed 64x Gravel for $1.00 on survie_new
[19:07:55] [ITEM_LISTED]: EbLhH listed 57x Gravel for $1.00 on survie_new
[19:07:57] [ITEM_LISTED]: EbLhH listed 64x Cobblestone for $1.00 on survie_new
[19:22:58] [ITEM_SOLD]: EbLhH sold 64x Dirt to kalaistar for $1.00 on survie_new
[19:22:59] [ITEM_SOLD]: EbLhH sold 64x Dirt to kalaistar for $1.00 on survie_new
[19:23:00] [ITEM_SOLD]: EbLhH sold 64x Dirt to kalaistar for $1.00 on survie_new
[19:23:01] [ITEM_SOLD]: EbLhH sold 64x Dirt to kalaistar for $1.00 on survie_new
[19:23:02] [ITEM_SOLD]: EbLhH sold 64x Dirt to kalaistar for $1.00 on survie_new
[19:23:04] [ITEM_SOLD]: EbLhH sold 64x Dirt to kalaistar for $1.00 on survie_new
[19:23:11] [ITEM_SOLD]: EbLhH sold 64x Cobblestone to kalaistar for $1.00 on survie_new
[19:30:03] [ITEM_SOLD]: BeeZyLeCaca sold 2x End Crystal to mayte_ for $2,000.00 on End
[19:31:29] [ITEM_LISTED]: EbLhH listed 64x Cyan Terracotta for $100.00 on survie_new
[19:38:08] [ITEM_SOLD]: CapitaineNiamor sold 64x Sand to EbLhH for $100.00 on survie_new
[19:50:16] [ITEM_SOLD]: EbLhH sold 57x Gravel to Ap4she for $1.00 on survie_new
[19:58:59] [ITEM_LISTED]: EbLhH listed 3x Diamond for $500.00 on survie_new
[20:11:47] [ITEM_SOLD]: EbLhH sold 64x Dirt to Ap4she for $1.00 on survie_new
[20:11:48] [ITEM_SOLD]: EbLhH sold 14x Dirt to Ap4she for $1.00 on survie_new
[20:13:01] [ITEM_SOLD]: Haru_M sold 1x Magenta Shulker Box to Leojedi963 for $2,500.00 on survie_new
[20:24:03] [ITEM_SOLD]: EbLhH sold 64x Gravel to Ap4she for $1.00 on survie_new
[20:26:29] [ITEM_LISTED]: EbLhH listed 20x Coal Ore for $100.00 on survie_new
[20:26:38] [ITEM_SOLD]: EbLhH sold 1x Saddle to castor26 for $50.00 on survie_new
[20:28:16] [ITEM_LISTED]: EbLhH listed 64x Stone for $100.00 on survie_new
[20:28:17] [ITEM_LISTED]: EbLhH listed 64x Stone for $100.00 on survie_new
[20:28:19] [ITEM_LISTED]: EbLhH listed 64x Stone for $100.00 on survie_new
[20:28:20] [ITEM_LISTED]: EbLhH listed 64x Stone for $100.00 on survie_new
[20:28:24] [ITEM_LISTED]: EbLhH listed 64x Stone for $100.00 on survie_new
[20:28:27] [ITEM_LISTED]: EbLhH listed 49x Stone for $100.00 on survie_new
[20:28:37] [ITEM_LISTED]: EbLhH listed 12x Bread for $50.00 on survie_new
[20:49:32] [ITEM_SOLD]: Andrew_90 sold 1x Enchanted Book to Nexusso for $350.00 on Ressource
[20:50:56] [ITEM_CANCELLED]: EbLhH cancelled an auction for 64x Cyan Terracotta for $100.00 on survie_new
[20:50:57] [ITEM_RETURNED]: Returned 64x Cyan Terracotta to EbLhH on survie_new
[20:53:10] [ITEM_LISTED]: EbLhH listed 64x Iron Ingot for $750.00 on survie_new
[21:20:56] [ITEM_SOLD]: EbLhH sold 64x Iron Ingot to BeeZyLeCaca for $750.00 on survie_new
[21:33:20] [ITEM_SOLD]: Haru_M sold 64x Quartz Block to Nexusso for $800.00 on survie_new
[21:35:51] [ITEM_SOLD]: Haru_M sold 64x Quartz Block to Nexusso for $800.00 on survie_new
[21:54:30] [ITEM_LISTED]: BeeZyLeCaca listed 64x Sweet Berries for $500.00 on survie_new
[21:54:36] [ITEM_LISTED]: BeeZyLeCaca listed 54x Sweet Berries for $480.00 on survie_new
[22:14:58] [ITEM_LISTED]: REGDYLAN listed 64x White Wool for $100.00 on survie_new
[22:15:02] [ITEM_LISTED]: REGDYLAN listed 64x White Wool for $100.00 on survie_new
[22:15:04] [ITEM_LISTED]: REGDYLAN listed 64x White Wool for $100.00 on survie_new
[22:15:05] [ITEM_LISTED]: REGDYLAN listed 64x White Wool for $100.00 on survie_new
[22:15:09] [ITEM_LISTED]: REGDYLAN listed 64x White Wool for $100.00 on survie_new
[22:15:11] [ITEM_LISTED]: REGDYLAN listed 64x White Wool for $100.00 on survie_new
[22:15:12] [ITEM_LISTED]: REGDYLAN listed 64x White Wool for $100.00 on survie_new
[22:15:14] [ITEM_LISTED]: REGDYLAN listed 64x White Wool for $100.00 on survie_new
[22:15:18] [ITEM_LISTED]: REGDYLAN listed 64x White Wool for $100.00 on survie_new
[22:15:19] [ITEM_LISTED]: REGDYLAN listed 64x White Wool for $100.00 on survie_new
[22:15:22] [ITEM_LISTED]: REGDYLAN listed 64x White Wool for $100.00 on survie_new
[22:15:23] [ITEM_LISTED]: REGDYLAN listed 64x White Wool for $100.00 on survie_new
[22:20:33] [ITEM_LISTED]: Jarreshan listed 8x Sponge for $2,000.00 on spawn
[22:21:47] [ITEM_LISTED]: Jarreshan listed 1x [Spider Spawner] for $500.00 on survie_new
[22:22:55] [ITEM_SOLD]: Jarreshan sold 1x [Spider Spawner] to lasoeurdadrien for $500.00 on survie_new
[22:37:39] [ITEM_LISTED]: Jarreshan listed 1x Map for $200.00 on Ressource
[22:37:49] [ITEM_LISTED]: Jarreshan listed 1x Map for $200.00 on Ressource
[22:37:58] [ITEM_LISTED]: Jarreshan listed 1x Map for $200.00 on Ressource
[22:38:06] [ITEM_LISTED]: Jarreshan listed 1x Map for $200.00 on Ressource
[22:43:30] [ITEM_LISTED]: TheSpirou641 listed 64x Cocoa Beans for $2.00 on spawn
[22:43:37] [ITEM_LISTED]: TheSpirou641 listed 59x Cocoa Beans for $200.00 on spawn
[22:44:42] [ITEM_LISTED]: Jarreshan listed 3x Slime Ball for $150.00 on survie_new
[22:47:24] [ITEM_LISTED]: toutom83 listed 4x Diamond for $400.00 on survie_new
[22:48:14] [ITEM_LISTED]: toutom83 listed 1x Emerald for $450.00 on survie_new
[22:55:55] [ITEM_SOLD]: Jarreshan sold 3x Slime Ball to toutom83 for $150.00 on survie_new
[23:27:28] [ITEM_CANCELLED]: REGDYLAN cancelled an auction for 1x [Cave spider Spawner] for $950.00 on survie_new
[23:27:29] [ITEM_CANCELLED]: REGDYLAN cancelled an auction for 1x [Cave spider Spawner] for $950.00 on survie_new
[23:27:29] [ITEM_CANCELLED]: REGDYLAN cancelled an auction for 1x [Cave spider Spawner] for $950.00 on survie_new
[23:28:00] [ITEM_RETURNED]: Returned 1x [Cave spider Spawner] to REGDYLAN on survie_new
[23:28:01] [ITEM_RETURNED]: Returned 1x [Cave spider Spawner] to REGDYLAN on survie_new
[23:28:01] [ITEM_RETURNED]: Returned 1x [Cave spider Spawner] to REGDYLAN on survie_new
[23:28:15] [ITEM_LISTED]: REGDYLAN listed 1x [Cave spider Spawner] for $500.00 on survie_new
[23:28:19] [ITEM_LISTED]: REGDYLAN listed 1x [Cave spider Spawner] for $500.00 on survie_new
[23:28:26] [ITEM_LISTED]: REGDYLAN listed 1x [Cave spider Spawner] for $500.00 on survie_new
[23:30:21] [ITEM_SOLD]: REGDYLAN sold 1x [Cave spider Spawner] to lasoeurdadrien for $500.00 on survie_new
[23:31:25] [ITEM_SOLD]: REGDYLAN sold 1x [Cave spider Spawner] to Tchong for $500.00 on survie_new
[23:31:27] [ITEM_SOLD]: REGDYLAN sold 1x [Cave spider Spawner] to Tchong for $500.00 on survie_new
[23:32:20] [ITEM_SOLD]: Haru_M sold 1x Elytra to Tchong for $4,000.00 on survie_new
[23:43:17] [ITEM_LISTED]: REGDYLAN listed 30x Baked Potato for $1.00 on survie_new
[23:44:41] [ITEM_CANCELLED]: REGDYLAN cancelled an auction for 30x Baked Potato for $1.00 on survie_new
[23:44:43] [ITEM_RETURNED]: Returned 30x Baked Potato to REGDYLAN on survie_new
[23:46:59] [ITEM_LISTED]: Haru_M listed 1x Enchanted Book for $2,500.00 on survie_new
[23:47:02] [ITEM_LISTED]: Haru_M listed 1x Enchanted Book for $2,500.00 on survie_new
[23:47:05] [ITEM_LISTED]: Haru_M listed 1x Enchanted Book for $2,500.00 on survie_new
[23:47:08] [ITEM_LISTED]: Haru_M listed 1x Enchanted Book for $2,500.00 on survie_new
[23:47:58] [ITEM_LISTED]: Haru_M listed 1x Enchanted Book for $2,500.00 on survie_new
[23:48:00] [ITEM_LISTED]: Haru_M listed 1x Enchanted Book for $2,500.00 on survie_new
[23:48:06] [ITEM_LISTED]: Haru_M listed 1x Enchanted Book for $2,500.00 on survie_new
[23:48:07] [ITEM_LISTED]: Haru_M listed 1x Enchanted Book for $2,500.00 on survie_new
[23:48:09] [ITEM_LISTED]: Haru_M listed 1x Enchanted Book for $2,500.00 on survie_new
[23:48:11] [ITEM_LISTED]: Haru_M listed 1x Enchanted Book for $2,500.00 on survie_new
[23:48:29] [ITEM_LISTED]: Haru_M listed 1x Enchanted Book for $2,500.00 on survie_new
[23:48:30] [ITEM_LISTED]: Haru_M listed 1x Enchanted Book for $2,500.00 on survie_new
[23:48:34] [ITEM_LISTED]: Haru_M listed 1x Enchanted Book for $2,500.00 on survie_new
[23:48:51] [ITEM_LISTED]: Haru_M listed 1x Enchanted Book for $2,500.00 on survie_new
[23:48:53] [ITEM_LISTED]: Haru_M listed 1x Enchanted Book for $2,500.00 on survie_new
[23:48:56] [ITEM_LISTED]: Haru_M listed 1x Enchanted Book for $2,500.00 on survie_new
[23:49:40] [ITEM_LISTED]: Haru_M listed 1x Enchanted Book for $3,000.00 on survie_new
[23:49:42] [ITEM_LISTED]: Haru_M listed 1x Enchanted Book for $3,000.00 on survie_new
[23:49:45] [ITEM_LISTED]: Haru_M listed 1x Enchanted Book for $3,000.00 on survie_new
[23:49:50] [ITEM_LISTED]: Haru_M listed 1x Enchanted Book for $3,000.00 on survie_new
[23:49:51] [ITEM_LISTED]: Haru_M listed 1x Enchanted Book for $3,000.00 on survie_new
[23:55:13] [ITEM_SOLD]: toutom83 sold 4x Diamond to volcanicmoon8 for $400.00 on survie_new
