[00:06:02] [ITEM_SOLD]: REGDYLAN sold 1x [Blaze Spawner] to Tchong for $1,000.00 on survie_new
[00:06:29] [ITEM_SOLD]: pierro sold 64x Nether Wart to Tchong for $450.00 on survie_new
[00:06:58] [ITEM_SOLD]: Haru_M sold 1x Enchanted Book to Tchong for $2,800.00 on survie_new
[00:10:24] [ITEM_SOLD]: REGDYLAN sold 1x [Zombie Spawner] to Madturentale for $2,000.00 on survie_new
[00:10:50] [ITEM_SOLD]: Euphare13 sold 1x Cooked Beef to Madturentale for $50.00 on survie_new
[00:11:28] [ITEM_SOLD]: REGDYLAN sold 1x Pomme des Cieux to Newt_hp for $1,500.00 on survie_new
[00:33:44] [ITEM_LISTED]: Newt_hp listed 64x Bamboo for $75.00 on survie_new
[00:33:46] [ITEM_LISTED]: Newt_hp listed 64x Bamboo for $75.00 on survie_new
[00:33:47] [ITEM_LISTED]: Newt_hp listed 64x Bamboo for $75.00 on survie_new
[00:33:48] [ITEM_LISTED]: Newt_hp listed 64x Bamboo for $75.00 on survie_new
[00:33:49] [ITEM_LISTED]: Newt_hp listed 64x Bamboo for $75.00 on survie_new
[00:33:50] [ITEM_LISTED]: Newt_hp listed 64x Bamboo for $75.00 on survie_new
[00:33:51] [ITEM_LISTED]: Newt_hp listed 64x Bamboo for $75.00 on survie_new
[00:33:52] [ITEM_LISTED]: Newt_hp listed 64x Bamboo for $75.00 on survie_new
[00:33:53] [ITEM_LISTED]: Newt_hp listed 64x Bamboo for $75.00 on survie_new
[00:53:23] [ITEM_SOLD]: pimendespelette sold 1x Enchanting Table to Tchong for $350.00 on survie_new
[00:57:32] [ITEM_LISTED]: Fr3nCh_CraFt listed 1x Enchanted Book for $1,000.00 on survie_new
[00:58:10] [ITEM_LISTED]: Fr3nCh_CraFt listed 1x Enchanted Book for $1,000.00 on survie_new
[00:58:51] [ITEM_LISTED]: Fr3nCh_CraFt listed 1x Enchanted Book for $1,000.00 on survie_new
[00:59:58] [ITEM_LISTED]: Fr3nCh_CraFt listed 1x Enchanted Book for $300.00 on survie_new
[01:06:01] [ITEM_LISTED]: Fr3nCh_CraFt listed 1x Enchanted Book for $300.00 on survie_new
[01:06:20] [ITEM_SOLD]: The_Wiz_D sold 1x Diamond Pickaxe to  [Efficiency V, Fortune III, Unbreaking III]AF_flam77 for $5,000.00 on survie_new
[01:08:25] [ITEM_LISTED]: lasoeurdadrien listed 64x Iron Ingot for $1,150.00 on survie_new
[01:23:26] [ITEM_LISTED]: lasoeurdadrien listed 64x Green Dye for $150.00 on survie_new
[01:23:33] [ITEM_LISTED]: lasoeurdadrien listed 64x Green Dye for $150.00 on survie_new
[01:23:48] [ITEM_SOLD]: REGDYLAN sold 1x [Zombie Spawner] to Newt_hp for $2,000.00 on survie_new
[01:29:41] [ITEM_SOLD]: lasoeurdadrien sold 64x Iron Ingot to Oniah for $1,150.00 on survie_new
[01:56:46] [ITEM_LISTED]: lasoeurdadrien listed 1x Diamond for $190.00 on survie_new
[01:56:58] [ITEM_LISTED]: lasoeurdadrien listed 1x Diamond for $190.00 on survie_new
[01:57:24] [ITEM_LISTED]: lasoeurdadrien listed 1x Diamond for $100.00 on survie_new
[01:57:58] [ITEM_SOLD]: lasoeurdadrien sold 1x Diamond to _megamigit_ for $190.00 on survie_new
[01:58:00] [ITEM_SOLD]: lasoeurdadrien sold 1x Diamond to _megamigit_ for $190.00 on survie_new
[01:58:01] [ITEM_SOLD]: lasoeurdadrien sold 1x Diamond to _megamigit_ for $100.00 on survie_new
[02:01:38] [ITEM_LISTED]: _megamigit_ listed 64x Dark Oak Log for $100.00 on survie_new
[02:01:46] [ITEM_LISTED]: _megamigit_ listed 64x Dark Oak Log for $100.00 on survie_new
[02:01:50] [ITEM_LISTED]: _megamigit_ listed 64x Dark Oak Log for $100.00 on survie_new
[02:01:52] [ITEM_LISTED]: _megamigit_ listed 64x Dark Oak Log for $100.00 on survie_new
[02:01:55] [ITEM_LISTED]: _megamigit_ listed 64x Dark Oak Log for $100.00 on survie_new
[02:08:19] [ITEM_SOLD]: Tesla248 sold 64x Coal Block to Tchong for $5,000.00 on survie_new
[02:15:44] [ITEM_SOLD]: DVTspyce sold 32x Blaze Rod to RazerJojo for $150.00 on spawn
[02:16:40] [ITEM_SOLD]: DVTspyce sold 6x Ender Eye to RazerJojo for $200.00 on survie_new
[02:31:31] [ITEM_LISTED]: Legendaires listed 1x Wither Skeleton Skull for $30,000.00 on survie_new
[02:42:46] [ITEM_LISTED]: lasoeurdadrien listed 1x Enchanted Book for $2,500.00 on survie_new
[02:42:52] [ITEM_LISTED]: lasoeurdadrien listed 1x Enchanted Book for $2,500.00 on survie_new
[02:42:57] [ITEM_LISTED]: lasoeurdadrien listed 1x Enchanted Book for $2,500.00 on survie_new
[02:43:04] [ITEM_LISTED]: lasoeurdadrien listed 1x Enchanted Book for $2,500.00 on survie_new
[02:43:09] [ITEM_LISTED]: lasoeurdadrien listed 1x Enchanted Book for $2,500.00 on survie_new
[03:10:25] [ITEM_LISTED]: lasoeurdadrien listed 1x Enchanted Book for $2,500.00 on survie_new
[03:10:32] [ITEM_LISTED]: lasoeurdadrien listed 1x Enchanted Book for $2,500.00 on survie_new
[03:37:17] [ITEM_LISTED]: lasoeurdadrien listed 64x Iron Ingot for $1,150.00 on survie_new
[04:09:44] [ITEM_CANCELLED]: lasoeurdadrien cancelled an auction for 64x Iron Ingot for $1,150.00 on survie_new
[04:10:00] [ITEM_RETURNED]: Returned 64x Iron Ingot to lasoeurdadrien on survie_new
[04:32:27] [ITEM_SOLD]: DVTspyce sold 44x Blaze Powder to RazerJojo for $100.00 on survie_new
[04:33:47] [ITEM_SOLD]: lasoeurdadrien sold 64x Green Dye to RazerJojo for $150.00 on survie_new
[06:11:06] [ITEM_SOLD]: _megamigit_ sold 64x Dark Oak Log to Tchong for $100.00 on survie_new
[07:27:50] [ITEM_SOLD]: ErwanCht sold 64x Magma Block to MaloZazina for $800.00 on survie_new
[08:50:44] [ITEM_LISTED]: Yohan81 listed 64x Bamboo for $70.00 on survie_new
[08:59:48] [ITEM_LISTED]: Yohan81 listed 64x Wheat for $50.00 on Ressource
[08:59:52] [ITEM_LISTED]: Yohan81 listed 64x Wheat for $50.00 on Ressource
[08:59:54] [ITEM_LISTED]: Yohan81 listed 64x Wheat for $50.00 on Ressource
[09:01:58] [ITEM_LISTED]: Yohan81 listed 64x Bamboo for $70.00 on Ressource
[09:02:09] [ITEM_LISTED]: Yohan81 listed 16x Bamboo for $10.00 on Ressource
[09:23:33] [ITEM_SOLD]: KevoWaZ sold 64x Cobblestone to Yohan81 for $40.00 on survie_new
[10:39:43] [ITEM_CANCELLED]: _Shoku_ cancelled an auction for 1x Diamond Sword [Fire Aspect I, Knockback II, Looting I, Mending, Sharpness V, Sweeping Edge II, Curse of Vanishing] for $5,000.00 on survie_new
[10:39:51] [ITEM_RETURNED]: Returned 1x Diamond Sword [Fire Aspect I, Knockback II, Looting I, Mending, Sharpness V, Sweeping Edge II, Curse of Vanishing] to _Shoku_ on survie_new
[11:19:58] [ITEM_LISTED]: CroixVeBaton listed 1x Shulker Box for $1,000.00 on survie_new
[11:20:02] [ITEM_LISTED]: CroixVeBaton listed 1x Shulker Box for $1,000.00 on survie_new
[11:20:04] [ITEM_LISTED]: CroixVeBaton listed 1x Shulker Box for $1,000.00 on survie_new
[11:20:07] [ITEM_LISTED]: CroixVeBaton listed 1x Shulker Box for $1,000.00 on survie_new
[11:20:10] [ITEM_LISTED]: CroixVeBaton listed 1x Shulker Box for $1,000.00 on survie_new
[11:20:12] [ITEM_LISTED]: CroixVeBaton listed 1x Shulker Box for $1,000.00 on survie_new
[11:20:15] [ITEM_LISTED]: CroixVeBaton listed 1x Shulker Box for $1,000.00 on survie_new
[11:20:17] [ITEM_LISTED]: CroixVeBaton listed 1x Shulker Box for $1,000.00 on survie_new
[11:20:20] [ITEM_LISTED]: CroixVeBaton listed 1x Shulker Box for $1,000.00 on survie_new
[11:20:23] [ITEM_LISTED]: CroixVeBaton listed 1x Shulker Box for $1,000.00 on survie_new
[11:20:25] [ITEM_LISTED]: CroixVeBaton listed 1x Shulker Box for $1,000.00 on survie_new
[11:20:28] [ITEM_LISTED]: CroixVeBaton listed 1x Shulker Box for $1,000.00 on survie_new
[11:20:31] [ITEM_LISTED]: CroixVeBaton listed 1x Shulker Box for $1,000.00 on survie_new
[11:20:34] [ITEM_LISTED]: CroixVeBaton listed 1x Shulker Box for $1,000.00 on survie_new
[11:20:36] [ITEM_LISTED]: CroixVeBaton listed 1x Shulker Box for $1,000.00 on survie_new
[11:20:40] [ITEM_LISTED]: CroixVeBaton listed 1x Shulker Box for $1,000.00 on survie_new
[11:22:18] [ITEM_LISTED]: OfCourse listed 16x Snowball for $15.00 on Ressource
[11:22:23] [ITEM_LISTED]: OfCourse listed 16x Snowball for $15.00 on Ressource
[11:22:29] [ITEM_LISTED]: OfCourse listed 16x Snowball for $15.00 on Ressource
[11:40:41] [ITEM_SOLD]: REGDYLAN sold 1x Pomme des Cieux to Murdock_Co for $1,500.00 on survie_new
[11:47:25] [ITEM_LISTED]: REGDYLAN listed 1x Golden Apple for $500.00 on survie_new
[11:47:26] [ITEM_LISTED]: REGDYLAN listed 1x Golden Apple for $500.00 on survie_new
[11:47:28] [ITEM_LISTED]: REGDYLAN listed 1x Golden Apple for $500.00 on survie_new
[11:47:29] [ITEM_LISTED]: REGDYLAN listed 1x Golden Apple for $500.00 on survie_new
[11:47:30] [ITEM_LISTED]: REGDYLAN listed 1x Golden Apple for $500.00 on survie_new
[11:47:32] [ITEM_LISTED]: REGDYLAN listed 1x Golden Apple for $500.00 on survie_new
[11:47:35] [ITEM_LISTED]: REGDYLAN listed 1x Golden Apple for $500.00 on survie_new
[11:47:36] [ITEM_LISTED]: REGDYLAN listed 1x Golden Apple for $500.00 on survie_new
[11:47:38] [ITEM_LISTED]: REGDYLAN listed 1x Golden Apple for $500.00 on survie_new
[11:48:06] [ITEM_SOLD]: _megamigit_ sold 64x Dark Oak Log to Murdock_Co for $100.00 on survie_new
[11:56:30] [ITEM_SOLD]: REGDYLAN sold 1x [Blaze Spawner] to kalaistar for $1,000.00 on survie_new
[11:56:32] [ITEM_SOLD]: REGDYLAN sold 1x [Blaze Spawner] to kalaistar for $1,000.00 on survie_new
[11:56:35] [ITEM_SOLD]: REGDYLAN sold 1x [Blaze Spawner] to kalaistar for $1,000.00 on survie_new
[11:56:37] [ITEM_SOLD]: REGDYLAN sold 1x [Blaze Spawner] to kalaistar for $1,000.00 on survie_new
[11:56:38] [ITEM_SOLD]: REGDYLAN sold 1x [Blaze Spawner] to kalaistar for $1,000.00 on survie_new
[11:56:40] [ITEM_SOLD]: REGDYLAN sold 1x [Blaze Spawner] to kalaistar for $1,000.00 on survie_new
[11:56:41] [ITEM_SOLD]: REGDYLAN sold 1x [Blaze Spawner] to kalaistar for $1,000.00 on survie_new
[11:56:42] [ITEM_SOLD]: Mr_Yt_Fr sold 1x [Blaze Spawner] to kalaistar for $2,000.00 on survie_new
[11:56:44] [ITEM_SOLD]: Mr_Yt_Fr sold 1x [Blaze Spawner] to kalaistar for $2,000.00 on survie_new
[11:56:45] [ITEM_SOLD]: Mr_Yt_Fr sold 1x [Blaze Spawner] to kalaistar for $2,000.00 on survie_new
[11:56:46] [ITEM_SOLD]: Mr_Yt_Fr sold 1x [Blaze Spawner] to kalaistar for $2,000.00 on survie_new
[11:56:48] [ITEM_SOLD]: Mr_Yt_Fr sold 1x [Blaze Spawner] to kalaistar for $2,000.00 on survie_new
[11:56:49] [ITEM_SOLD]: Mr_Yt_Fr sold 1x [Blaze Spawner] to kalaistar for $2,000.00 on survie_new
[11:56:50] [ITEM_SOLD]: Mr_Yt_Fr sold 1x [Blaze Spawner] to kalaistar for $2,000.00 on survie_new
[11:56:52] [ITEM_SOLD]: Mr_Yt_Fr sold 1x [Blaze Spawner] to kalaistar for $2,000.00 on survie_new
[12:09:41] [ITEM_SOLD]: REGDYLAN sold 1x [Cave spider Spawner] to HeFk for $500.00 on survie_new
[12:09:42] [ITEM_SOLD]: REGDYLAN sold 1x [Cave spider Spawner] to HeFk for $500.00 on survie_new
[12:09:44] [ITEM_SOLD]: REGDYLAN sold 1x [Cave spider Spawner] to HeFk for $500.00 on survie_new
[12:09:46] [ITEM_SOLD]: REGDYLAN sold 1x [Cave spider Spawner] to HeFk for $500.00 on survie_new
[12:09:52] [ITEM_SOLD]: REGDYLAN sold 1x [Cave spider Spawner] to HeFk for $500.00 on survie_new
[12:29:57] [ITEM_LISTED]: Haru_M listed 1x Enchanted Book for $2,800.00 on survie_new
[12:29:59] [ITEM_LISTED]: Haru_M listed 1x Enchanted Book for $2,800.00 on survie_new
[12:30:39] [ITEM_LISTED]: Haru_M listed 1x Enchanted Book for $2,800.00 on survie_new
[12:30:43] [ITEM_LISTED]: Haru_M listed 1x Enchanted Book for $2,800.00 on survie_new
[12:30:47] [ITEM_LISTED]: Haru_M listed 1x Enchanted Book for $2,800.00 on survie_new
[12:30:50] [ITEM_LISTED]: Haru_M listed 1x Enchanted Book for $2,800.00 on survie_new
[12:30:52] [ITEM_LISTED]: Haru_M listed 1x Enchanted Book for $2,800.00 on survie_new
[12:30:55] [ITEM_LISTED]: Haru_M listed 1x Enchanted Book for $2,800.00 on survie_new
[12:30:58] [ITEM_LISTED]: Haru_M listed 1x Enchanted Book for $2,800.00 on survie_new
[12:31:01] [ITEM_LISTED]: Haru_M listed 1x Enchanted Book for $2,800.00 on survie_new
[12:31:04] [ITEM_LISTED]: Haru_M listed 1x Enchanted Book for $2,800.00 on survie_new
[12:31:10] [ITEM_LISTED]: Haru_M listed 1x Enchanted Book for $2,800.00 on survie_new
[12:31:13] [ITEM_LISTED]: Haru_M listed 1x Enchanted Book for $2,800.00 on survie_new
[12:44:26] [ITEM_LISTED]: CapitaineNiamor listed 1x Dragon Head for $1,500.00 on survie_new
[12:44:29] [ITEM_LISTED]: CapitaineNiamor listed 1x Dragon Head for $1,500.00 on survie_new
[12:44:35] [ITEM_LISTED]: CapitaineNiamor listed 1x Dragon Head for $1,500.00 on survie_new
[12:44:41] [ITEM_LISTED]: CapitaineNiamor listed 1x Iron Leggings [Fire Protection IV, Mending] for $100.00 on survie_new
[12:44:42] [ITEM_LISTED]: CapitaineNiamor listed 1x Iron Leggings [Projectile Protection IV, Unbreaking III] for $100.00 on survie_new
[12:44:58] [ITEM_LISTED]: CapitaineNiamor listed 1x Zombie Head for $750.00 on survie_new
[12:45:11] [ITEM_LISTED]: CapitaineNiamor listed 1x Zombie Head for $750.00 on survie_new
[12:45:15] [ITEM_LISTED]: CapitaineNiamor listed 1x Zombie Head for $750.00 on survie_new
[14:03:21] [ITEM_SOLD]: CapitaineNiamor sold 1x Diamond Leggings to  [Fire Protection III, Mending, Unbreaking III, Curse of Vanishing]HeFk for $500.00 on survie_new
[14:03:23] [ITEM_SOLD]: CapitaineNiamor sold 1x Diamond Chestplate to  [Fire Protection III]HeFk for $500.00 on survie_new
[14:03:31] [ITEM_SOLD]: CapitaineNiamor sold 1x Iron Chestplate to  [Curse of Binding, Protection IV, Unbreaking III]HeFk for $10.00 on survie_new
[14:03:38] [ITEM_SOLD]: CapitaineNiamor sold 1x Iron Helmet to  [Aqua Affinity, Protection III, Respiration III]HeFk for $100.00 on survie_new
[14:03:41] [ITEM_SOLD]: CapitaineNiamor sold 1x Iron Boots to  [Depth Strider III]HeFk for $100.00 on survie_new
[14:24:49] [ITEM_LISTED]: toutom83 listed 64x Bamboo for $60.00 on survie_new
[14:25:03] [ITEM_LISTED]: toutom83 listed 34x Bamboo for $25.00 on survie_new
[14:51:16] [ITEM_LISTED]: RazerJojo listed 1x Name Tag for $500.00 on survie_new
[14:51:20] [ITEM_LISTED]: RazerJojo listed 1x Name Tag for $500.00 on survie_new
[14:51:56] [ITEM_LISTED]: RazerJojo listed 2x Diamond for $90.00 on survie_new
[14:54:49] [ITEM_SOLD]: RazerJojo sold 1x Name Tag to lasoeurdadrien for $500.00 on survie_new
[14:54:50] [ITEM_SOLD]: RazerJojo sold 1x Name Tag to lasoeurdadrien for $500.00 on survie_new
[15:08:11] [ITEM_SOLD]: RazerJojo sold 2x Diamond to HeFk for $90.00 on survie_new
[15:08:14] [ITEM_SOLD]: Oniah sold 1x Saddle to HeFk for $25.00 on spawn
[15:13:13] [ITEM_SOLD]: _megamigit_ sold 64x Dark Oak Log to MrChacha for $100.00 on survie_new
[15:17:27] [ITEM_LISTED]: Legendaires listed 64x Quartz for $400.00 on Nether
[15:17:32] [ITEM_LISTED]: Legendaires listed 64x Quartz for $400.00 on Nether
[15:17:37] [ITEM_LISTED]: Legendaires listed 64x Quartz for $400.00 on Nether
[15:17:41] [ITEM_LISTED]: Legendaires listed 64x Quartz for $400.00 on Nether
[15:17:45] [ITEM_LISTED]: Legendaires listed 64x Quartz for $400.00 on Nether
[15:19:18] [ITEM_SOLD]: Haru_M sold 1x Enchanted Book to omega2028 for $2,800.00 on survie_new
[15:19:20] [ITEM_SOLD]: Haru_M sold 1x Enchanted Book to omega2028 for $2,800.00 on survie_new
[15:41:51] [ITEM_SOLD]: _megamigit_ sold 64x Dark Oak Log to Tchong for $100.00 on survie_new
[15:41:56] [ITEM_SOLD]: _megamigit_ sold 64x Dark Oak Log to Tchong for $100.00 on survie_new
[15:44:57] [ITEM_LISTED]: RazerJojo listed 1x Enchanted Book for $1,000.00 on survie_new
[15:52:07] [ITEM_SOLD]: RazerJojo sold 1x Enchanted Book to CapitaineNiamor for $1,000.00 on survie_new
[15:53:16] [ITEM_LISTED]: pierro listed 16x Egg for $100.00 on survie_new
[15:53:22] [ITEM_LISTED]: pierro listed 16x Egg for $100.00 on survie_new
[15:53:25] [ITEM_LISTED]: pierro listed 16x Egg for $100.00 on survie_new
[16:05:15] [ITEM_LISTED]: MrChacha listed 1x Name Tag for $250.00 on Ressource
[16:05:25] [ITEM_SOLD]: MrChacha sold 1x Name Tag to lasoeurdadrien for $250.00 on Ressource
[16:33:35] [ITEM_SOLD]: Haru_M sold 1x Enchanted Book to ExE_MethyloR for $2,800.00 on survie_new
[16:33:37] [ITEM_SOLD]: Haru_M sold 1x Enchanted Book to ExE_MethyloR for $2,800.00 on survie_new
[16:34:00] [ITEM_SOLD]: Haru_M sold 1x Enchanted Book to ExE_MethyloR for $2,800.00 on survie_new
[16:40:50] [ITEM_LISTED]: Isaorya listed 64x Terracotta for $25.00 on survie_new
[16:41:01] [ITEM_LISTED]: Isaorya listed 64x Terracotta for $25.00 on survie_new
[16:41:20] [ITEM_LISTED]: Isaorya listed 64x Terracotta for $25.00 on survie_new
[16:41:22] [ITEM_LISTED]: Isaorya listed 64x Terracotta for $25.00 on survie_new
[16:43:55] [ITEM_LISTED]: BlackTek listed 2x Name Tag for $500.00 on survie_new
[16:47:58] [ITEM_SOLD]: Haru_M sold 1x Enchanted Book to RazerJojo for $2,800.00 on survie_new
[16:48:21] [ITEM_SOLD]: Isaorya sold 64x Terracotta to _megamigit_ for $25.00 on survie_new
[16:48:22] [ITEM_SOLD]: Isaorya sold 64x Terracotta to _megamigit_ for $25.00 on survie_new
[16:48:23] [ITEM_SOLD]: Isaorya sold 64x Terracotta to _megamigit_ for $25.00 on survie_new
[16:48:36] [ITEM_LISTED]: Isaorya listed 64x Terracotta for $25.00 on survie_new
[16:48:37] [ITEM_LISTED]: Isaorya listed 64x Terracotta for $25.00 on survie_new
[16:48:39] [ITEM_LISTED]: Isaorya listed 64x Terracotta for $25.00 on survie_new
[16:48:41] [ITEM_LISTED]: Isaorya listed 64x Terracotta for $25.00 on survie_new
[16:48:42] [ITEM_LISTED]: Isaorya listed 64x Terracotta for $25.00 on survie_new
[16:48:44] [ITEM_LISTED]: Isaorya listed 64x Terracotta for $25.00 on survie_new
[16:51:12] [ITEM_SOLD]: BlackTek sold 2x Name Tag to Tchong for $500.00 on survie_new
[16:51:23] [ITEM_SOLD]: pierro sold 16x Egg to Tchong for $200.00 on survie_new
[16:51:36] [ITEM_SOLD]: Isaorya sold 64x Terracotta to Murdock_Co for $25.00 on survie_new
[16:51:39] [ITEM_SOLD]: Isaorya sold 64x Terracotta to Murdock_Co for $25.00 on survie_new
[16:51:41] [ITEM_SOLD]: Isaorya sold 64x Terracotta to Murdock_Co for $25.00 on survie_new
[16:51:43] [ITEM_SOLD]: Isaorya sold 64x Terracotta to Murdock_Co for $25.00 on survie_new
[16:52:24] [ITEM_LISTED]: BlackTek listed 1x Golden Apple for $100.00 on Ressource
[16:52:27] [ITEM_SOLD]: Isaorya sold 64x Terracotta to Murdock_Co for $25.00 on survie_new
[16:52:29] [ITEM_SOLD]: Isaorya sold 64x Terracotta to Murdock_Co for $25.00 on survie_new
[16:52:31] [ITEM_SOLD]: Isaorya sold 64x Terracotta to Murdock_Co for $25.00 on survie_new
[16:53:11] [ITEM_LISTED]: Isaorya listed 64x Terracotta for $25.00 on survie_new
[16:53:13] [ITEM_LISTED]: Isaorya listed 64x Terracotta for $25.00 on survie_new
[16:53:14] [ITEM_LISTED]: Isaorya listed 64x Terracotta for $25.00 on survie_new
[16:58:27] [ITEM_SOLD]: Haru_M sold 1x Enchanted Book to GrosBoze for $2,800.00 on survie_new
[16:58:40] [ITEM_LISTED]: _megamigit_ listed 64x Terracotta for $50.00 on survie_new
[16:58:43] [ITEM_LISTED]: _megamigit_ listed 64x Terracotta for $50.00 on survie_new
[16:58:46] [ITEM_LISTED]: _megamigit_ listed 64x Terracotta for $50.00 on survie_new
[17:02:55] [ITEM_LISTED]: RazerJojo listed 1x Enchanted Book for $2,000.00 on survie_new
[17:05:19] [ITEM_LISTED]: bamboleeeo listed 14x Diamond for $2,800.00 on survie_new
[17:05:50] [ITEM_LISTED]: Isaorya listed 64x Terracotta for $25.00 on survie_new
[17:05:51] [ITEM_SOLD]: Isaorya sold 64x Terracotta to Murdock_Co for $25.00 on survie_new
[17:05:53] [ITEM_SOLD]: Isaorya sold 64x Terracotta to Murdock_Co for $25.00 on survie_new
[17:05:55] [ITEM_SOLD]: Isaorya sold 64x Terracotta to Murdock_Co for $25.00 on survie_new
[17:05:58] [ITEM_SOLD]: _megamigit_ sold 64x Terracotta to Murdock_Co for $50.00 on survie_new
[17:06:00] [ITEM_SOLD]: _megamigit_ sold 64x Terracotta to Murdock_Co for $50.00 on survie_new
[17:06:02] [ITEM_SOLD]: _megamigit_ sold 64x Terracotta to Murdock_Co for $50.00 on survie_new
[17:06:04] [ITEM_SOLD]: Isaorya sold 64x Terracotta to Murdock_Co for $25.00 on survie_new
[17:06:08] [ITEM_LISTED]: Isaorya listed 11x Terracotta for $11.00 on survie_new
[17:06:37] [ITEM_LISTED]: AzodFR listed 1x Potion for $20.00 on survie_new
[17:06:39] [ITEM_LISTED]: AzodFR listed 1x Potion for $20.00 on survie_new
[17:06:40] [ITEM_LISTED]: AzodFR listed 1x Potion for $20.00 on survie_new
[17:06:41] [ITEM_LISTED]: AzodFR listed 1x Potion for $20.00 on survie_new
[17:06:42] [ITEM_LISTED]: AzodFR listed 1x Potion for $20.00 on survie_new
[17:06:42] [ITEM_LISTED]: AzodFR listed 1x Potion for $20.00 on survie_new
[17:06:44] [ITEM_LISTED]: AzodFR listed 1x Potion for $20.00 on survie_new
[17:06:45] [ITEM_LISTED]: AzodFR listed 1x Potion for $20.00 on survie_new
[17:06:46] [ITEM_LISTED]: AzodFR listed 1x Potion for $20.00 on survie_new
[17:06:54] [ITEM_LISTED]: AzodFR listed 1x Potion for $20.00 on survie_new
[17:06:55] [ITEM_LISTED]: AzodFR listed 1x Potion for $20.00 on survie_new
[17:06:56] [ITEM_LISTED]: AzodFR listed 1x Potion for $20.00 on survie_new
[17:06:57] [ITEM_LISTED]: AzodFR listed 1x Potion for $20.00 on survie_new
[17:06:59] [ITEM_LISTED]: AzodFR listed 1x Potion for $20.00 on survie_new
[17:07:00] [ITEM_LISTED]: AzodFR listed 1x Potion for $20.00 on survie_new
[17:07:01] [ITEM_LISTED]: AzodFR listed 1x Potion for $20.00 on survie_new
[17:07:03] [ITEM_LISTED]: AzodFR listed 1x Potion for $20.00 on survie_new
[17:07:04] [ITEM_LISTED]: AzodFR listed 1x Potion for $20.00 on survie_new
[17:07:12] [ITEM_LISTED]: AzodFR listed 1x Potion for $20.00 on survie_new
[17:07:13] [ITEM_LISTED]: AzodFR listed 1x Potion for $20.00 on survie_new
[17:07:13] [ITEM_LISTED]: AzodFR listed 1x Potion for $20.00 on survie_new
[17:07:14] [ITEM_LISTED]: AzodFR listed 1x Potion for $20.00 on survie_new
[17:07:15] [ITEM_LISTED]: AzodFR listed 1x Potion for $20.00 on survie_new
[17:07:16] [ITEM_LISTED]: AzodFR listed 1x Potion for $20.00 on survie_new
[17:07:17] [ITEM_LISTED]: AzodFR listed 1x Potion for $20.00 on survie_new
[17:07:19] [ITEM_LISTED]: AzodFR listed 1x Potion for $20.00 on survie_new
[17:07:20] [ITEM_LISTED]: AzodFR listed 1x Potion for $20.00 on survie_new
[17:07:26] [ITEM_LISTED]: AzodFR listed 1x Potion for $20.00 on survie_new
[17:07:28] [ITEM_LISTED]: AzodFR listed 1x Potion for $20.00 on survie_new
[17:07:29] [ITEM_LISTED]: AzodFR listed 1x Potion for $20.00 on survie_new
[17:07:30] [ITEM_LISTED]: AzodFR listed 1x Potion for $20.00 on survie_new
[17:07:31] [ITEM_LISTED]: AzodFR listed 1x Potion for $20.00 on survie_new
[17:07:37] [ITEM_LISTED]: AzodFR listed 1x Potion for $20.00 on survie_new
[17:07:39] [ITEM_LISTED]: AzodFR listed 1x Potion for $20.00 on survie_new
[17:07:41] [ITEM_LISTED]: AzodFR listed 1x Potion for $20.00 on survie_new
[17:07:42] [ITEM_LISTED]: AzodFR listed 1x Potion for $20.00 on survie_new
[17:07:48] [ITEM_LISTED]: AzodFR listed 1x Potion for $20.00 on survie_new
[17:07:50] [ITEM_LISTED]: AzodFR listed 1x Potion for $20.00 on survie_new
[17:07:51] [ITEM_LISTED]: AzodFR listed 1x Potion for $20.00 on survie_new
[17:07:51] [ITEM_LISTED]: AzodFR listed 1x Potion for $20.00 on survie_new
[17:07:52] [ITEM_LISTED]: AzodFR listed 1x Potion for $20.00 on survie_new
[17:07:53] [ITEM_LISTED]: AzodFR listed 1x Potion for $20.00 on survie_new
[17:07:54] [ITEM_LISTED]: AzodFR listed 1x Potion for $20.00 on survie_new
[17:07:56] [ITEM_LISTED]: AzodFR listed 1x Potion for $20.00 on survie_new
[17:08:27] [ITEM_SOLD]: AzodFR sold 1x Potion to Murdock_Co for $20.00 on survie_new
[17:08:57] [ITEM_SOLD]: AzodFR sold 1x Potion to Murdock_Co for $20.00 on survie_new
[17:08:59] [ITEM_SOLD]: AzodFR sold 1x Potion to Murdock_Co for $20.00 on survie_new
[17:09:01] [ITEM_SOLD]: AzodFR sold 1x Potion to Murdock_Co for $20.00 on survie_new
[17:09:03] [ITEM_SOLD]: AzodFR sold 1x Potion to Murdock_Co for $20.00 on survie_new
[17:09:06] [ITEM_SOLD]: AzodFR sold 1x Potion to Murdock_Co for $20.00 on survie_new
[17:09:07] [ITEM_SOLD]: AzodFR sold 1x Potion to Murdock_Co for $20.00 on survie_new
[17:09:08] [ITEM_SOLD]: AzodFR sold 1x Potion to Murdock_Co for $20.00 on survie_new
[17:09:10] [ITEM_SOLD]: AzodFR sold 1x Potion to Murdock_Co for $20.00 on survie_new
[17:09:38] [ITEM_LISTED]: RazerJojo listed 1x Diamond Sword [Knockback I] for $100.00 on survie_new
[17:09:50] [ITEM_CANCELLED]: lasoeurdadrien cancelled an auction for 1x Enchanted Book for $2,500.00 on survie_new
[17:09:51] [ITEM_CANCELLED]: lasoeurdadrien cancelled an auction for 1x Enchanted Book for $2,500.00 on survie_new
[17:09:51] [ITEM_CANCELLED]: lasoeurdadrien cancelled an auction for 1x Enchanted Book for $2,500.00 on survie_new
[17:09:52] [ITEM_CANCELLED]: lasoeurdadrien cancelled an auction for 1x Enchanted Book for $2,500.00 on survie_new
[17:09:52] [ITEM_CANCELLED]: lasoeurdadrien cancelled an auction for 1x Enchanted Book for $2,500.00 on survie_new
[17:09:53] [ITEM_CANCELLED]: lasoeurdadrien cancelled an auction for 1x Enchanted Book for $2,500.00 on survie_new
[17:09:53] [ITEM_CANCELLED]: lasoeurdadrien cancelled an auction for 1x Enchanted Book for $2,500.00 on survie_new
[17:09:58] [ITEM_RETURNED]: Returned 1x Enchanted Book to lasoeurdadrien on survie_new
[17:09:59] [ITEM_RETURNED]: Returned 1x Enchanted Book to lasoeurdadrien on survie_new
[17:09:59] [ITEM_RETURNED]: Returned 1x Enchanted Book to lasoeurdadrien on survie_new
[17:09:59] [ITEM_RETURNED]: Returned 1x Enchanted Book to lasoeurdadrien on survie_new
[17:10:00] [ITEM_RETURNED]: Returned 1x Enchanted Book to lasoeurdadrien on survie_new
[17:10:00] [ITEM_RETURNED]: Returned 1x Enchanted Book to lasoeurdadrien on survie_new
[17:10:00] [ITEM_RETURNED]: Returned 1x Enchanted Book to lasoeurdadrien on survie_new
[17:10:00] [ITEM_CANCELLED]: lasoeurdadrien cancelled an auction for 64x Green Dye for $150.00 on survie_new
[17:10:09] [ITEM_SOLD]: Haru_M sold 1x Enchanted Book to Kekaitte for $3,000.00 on survie_new
[17:10:21] [ITEM_LISTED]: lasoeurdadrien listed 1x Enchanted Book for $1,800.00 on survie_new
[17:10:28] [ITEM_LISTED]: lasoeurdadrien listed 1x Enchanted Book for $1,800.00 on survie_new
[17:10:35] [ITEM_LISTED]: lasoeurdadrien listed 1x Enchanted Book for $1,800.00 on survie_new
[17:10:41] [ITEM_LISTED]: lasoeurdadrien listed 1x Enchanted Book for $1,800.00 on survie_new
[17:10:47] [ITEM_LISTED]: lasoeurdadrien listed 1x Enchanted Book for $1,800.00 on survie_new
[17:10:52] [ITEM_LISTED]: lasoeurdadrien listed 1x Enchanted Book for $1,800.00 on survie_new
[17:11:00] [ITEM_LISTED]: lasoeurdadrien listed 1x Enchanted Book for $1,800.00 on survie_new
[17:15:26] [ITEM_SOLD]: AzodFR sold 1x Potion to Isaorya for $20.00 on survie_new
[17:15:26] [ITEM_SOLD]: AzodFR sold 1x Potion to Isaorya for $20.00 on survie_new
[17:15:27] [ITEM_SOLD]: AzodFR sold 1x Potion to Isaorya for $20.00 on survie_new
[17:15:42] [ITEM_SOLD]: AzodFR sold 1x Potion to Isaorya for $20.00 on survie_new
[17:15:56] [ITEM_SOLD]: AzodFR sold 1x Potion to Isaorya for $20.00 on survie_new
[17:15:56] [ITEM_SOLD]: AzodFR sold 1x Potion to Isaorya for $20.00 on survie_new
[17:15:57] [ITEM_SOLD]: AzodFR sold 1x Potion to Isaorya for $20.00 on survie_new
[17:15:58] [ITEM_SOLD]: AzodFR sold 1x Potion to Isaorya for $20.00 on survie_new
[17:15:59] [ITEM_SOLD]: AzodFR sold 1x Potion to Isaorya for $20.00 on survie_new
[17:15:59] [ITEM_SOLD]: AzodFR sold 1x Potion to Isaorya for $20.00 on survie_new
[17:16:00] [ITEM_SOLD]: AzodFR sold 1x Potion to Isaorya for $20.00 on survie_new
[17:16:00] [ITEM_SOLD]: AzodFR sold 1x Potion to Isaorya for $20.00 on survie_new
[17:16:01] [ITEM_SOLD]: AzodFR sold 1x Potion to Isaorya for $20.00 on survie_new
[17:16:01] [ITEM_SOLD]: AzodFR sold 1x Potion to Isaorya for $20.00 on survie_new
[17:16:02] [ITEM_SOLD]: AzodFR sold 1x Potion to Isaorya for $20.00 on survie_new
[17:16:02] [ITEM_SOLD]: AzodFR sold 1x Potion to Isaorya for $20.00 on survie_new
[17:16:03] [ITEM_SOLD]: AzodFR sold 1x Potion to Isaorya for $20.00 on survie_new
[17:16:04] [ITEM_SOLD]: AzodFR sold 1x Potion to Isaorya for $20.00 on survie_new
[17:16:05] [ITEM_SOLD]: AzodFR sold 1x Potion to Isaorya for $20.00 on survie_new
[17:16:06] [ITEM_SOLD]: AzodFR sold 1x Potion to Isaorya for $20.00 on survie_new
[17:16:07] [ITEM_SOLD]: AzodFR sold 1x Potion to Isaorya for $20.00 on survie_new
[17:16:08] [ITEM_SOLD]: AzodFR sold 1x Potion to Isaorya for $20.00 on survie_new
[17:16:09] [ITEM_SOLD]: AzodFR sold 1x Potion to Isaorya for $20.00 on survie_new
[17:16:10] [ITEM_SOLD]: AzodFR sold 1x Potion to Isaorya for $20.00 on survie_new
[17:16:30] [ITEM_LISTED]: castor26 listed 64x Bamboo for $250.00 on Ressource
[17:16:34] [ITEM_LISTED]: castor26 listed 64x Bamboo for $250.00 on Ressource
[17:16:37] [ITEM_LISTED]: castor26 listed 64x Bamboo for $250.00 on Ressource
[17:16:38] [ITEM_LISTED]: castor26 listed 64x Bamboo for $250.00 on Ressource
[17:16:40] [ITEM_LISTED]: castor26 listed 64x Bamboo for $250.00 on Ressource
[17:16:45] [ITEM_LISTED]: castor26 listed 64x Bamboo for $250.00 on Ressource
[17:17:15] [ITEM_LISTED]: AzodFR listed 1x Potion for $20.00 on survie_new
[17:17:16] [ITEM_LISTED]: AzodFR listed 1x Potion for $20.00 on survie_new
[17:17:17] [ITEM_LISTED]: AzodFR listed 1x Potion for $20.00 on survie_new
[17:17:18] [ITEM_LISTED]: AzodFR listed 1x Potion for $20.00 on survie_new
[17:17:19] [ITEM_LISTED]: AzodFR listed 1x Potion for $20.00 on survie_new
[17:17:20] [ITEM_LISTED]: AzodFR listed 1x Potion for $20.00 on survie_new
[17:17:21] [ITEM_LISTED]: AzodFR listed 1x Potion for $20.00 on survie_new
[17:17:22] [ITEM_LISTED]: AzodFR listed 1x Potion for $20.00 on survie_new
[17:17:23] [ITEM_LISTED]: AzodFR listed 1x Potion for $20.00 on survie_new
[17:17:26] [ITEM_SOLD]: pierro sold 16x Egg to Oniah for $100.00 on survie_new
[17:17:28] [ITEM_SOLD]: pierro sold 16x Egg to Oniah for $100.00 on survie_new
[17:17:30] [ITEM_SOLD]: pierro sold 16x Egg to Oniah for $100.00 on survie_new
[17:17:32] [ITEM_LISTED]: AzodFR listed 1x Potion for $20.00 on survie_new
[17:17:33] [ITEM_LISTED]: AzodFR listed 1x Potion for $20.00 on survie_new
[17:17:35] [ITEM_LISTED]: AzodFR listed 1x Potion for $20.00 on survie_new
[17:17:37] [ITEM_LISTED]: AzodFR listed 1x Potion for $20.00 on survie_new
[17:17:39] [ITEM_LISTED]: AzodFR listed 1x Potion for $20.00 on survie_new
[17:17:41] [ITEM_LISTED]: AzodFR listed 1x Potion for $20.00 on survie_new
[17:17:42] [ITEM_LISTED]: AzodFR listed 1x Potion for $20.00 on survie_new
[17:17:43] [ITEM_LISTED]: AzodFR listed 1x Potion for $20.00 on survie_new
[17:17:44] [ITEM_LISTED]: AzodFR listed 1x Potion for $20.00 on survie_new
[17:17:54] [ITEM_LISTED]: AzodFR listed 1x Potion for $20.00 on survie_new
[17:17:55] [ITEM_LISTED]: AzodFR listed 1x Potion for $20.00 on survie_new
[17:17:58] [ITEM_LISTED]: AzodFR listed 1x Potion for $20.00 on survie_new
[17:18:00] [ITEM_LISTED]: AzodFR listed 1x Potion for $20.00 on survie_new
[17:18:02] [ITEM_LISTED]: AzodFR listed 1x Potion for $20.00 on survie_new
[17:18:04] [ITEM_LISTED]: AzodFR listed 1x Potion for $20.00 on survie_new
[17:18:05] [ITEM_LISTED]: AzodFR listed 1x Potion for $20.00 on survie_new
[17:18:06] [ITEM_LISTED]: AzodFR listed 1x Potion for $20.00 on survie_new
[17:18:07] [ITEM_LISTED]: AzodFR listed 1x Potion for $20.00 on survie_new
[17:18:18] [ITEM_LISTED]: AzodFR listed 1x Potion for $20.00 on survie_new
[17:18:20] [ITEM_LISTED]: AzodFR listed 1x Potion for $20.00 on survie_new
[17:18:21] [ITEM_LISTED]: AzodFR listed 1x Potion for $20.00 on survie_new
[17:18:22] [ITEM_LISTED]: AzodFR listed 1x Potion for $20.00 on survie_new
[17:18:24] [ITEM_LISTED]: AzodFR listed 1x Potion for $20.00 on survie_new
[17:18:30] [ITEM_LISTED]: AzodFR listed 1x Potion for $20.00 on survie_new
[17:19:13] [ITEM_SOLD]: AzodFR sold 1x Potion to Isaorya for $20.00 on survie_new
[17:19:14] [ITEM_SOLD]: AzodFR sold 1x Potion to Isaorya for $20.00 on survie_new
[17:19:15] [ITEM_SOLD]: AzodFR sold 1x Potion to Isaorya for $20.00 on survie_new
[17:19:15] [ITEM_SOLD]: AzodFR sold 1x Potion to Isaorya for $20.00 on survie_new
[17:19:16] [ITEM_SOLD]: AzodFR sold 1x Potion to Isaorya for $20.00 on survie_new
[17:19:23] [ITEM_SOLD]: AzodFR sold 1x Potion to Isaorya for $20.00 on survie_new
[17:19:24] [ITEM_SOLD]: AzodFR sold 1x Potion to Isaorya for $20.00 on survie_new
[17:19:39] [ITEM_LISTED]: AzodFR listed 1x Potion for $20.00 on survie_new
[17:19:42] [ITEM_LISTED]: AzodFR listed 1x Potion for $20.00 on survie_new
[17:19:43] [ITEM_LISTED]: AzodFR listed 1x Potion for $20.00 on survie_new
[17:19:44] [ITEM_LISTED]: AzodFR listed 1x Potion for $20.00 on survie_new
[17:19:45] [ITEM_LISTED]: AzodFR listed 1x Potion for $20.00 on survie_new
[17:19:46] [ITEM_LISTED]: AzodFR listed 1x Potion for $20.00 on survie_new
[17:19:48] [ITEM_LISTED]: AzodFR listed 1x Potion for $20.00 on survie_new
[17:21:26] [ITEM_LISTED]: RazerJojo listed 1x Diamond for $1.00 on survie_new
[17:21:46] [ITEM_LISTED]: RazerJojo listed 1x Gold Ingot for $1.00 on survie_new
[17:21:49] [ITEM_LISTED]: RazerJojo listed 1x Iron Ingot for $1.00 on survie_new
[17:23:25] [ITEM_SOLD]: RazerJojo sold 1x Diamond to AzodFR for $1.00 on survie_new
[17:23:27] [ITEM_SOLD]: RazerJojo sold 1x Gold Ingot to AzodFR for $1.00 on survie_new
[17:23:28] [ITEM_SOLD]: RazerJojo sold 1x Iron Ingot to AzodFR for $1.00 on survie_new
[17:26:38] [ITEM_LISTED]: RazerJojo listed 1x Diamond Sword [Looting II, Sharpness III] for $1,500.00 on survie_new
[17:27:32] [ITEM_CANCELLED]: bamboleeeo cancelled an auction for 14x Diamond for $2,800.00 on survie_new
[17:27:41] [ITEM_RETURNED]: Returned 14x Diamond to bamboleeeo on survie_new
[17:29:37] [ITEM_LISTED]: MatyoCraft listed 1x Potion for $20.00 on spawn
[17:29:46] [ITEM_LISTED]: MatyoCraft listed 1x Potion for $20.00 on spawn
[17:29:52] [ITEM_LISTED]: MatyoCraft listed 1x Potion for $20.00 on spawn
[17:30:03] [ITEM_LISTED]: MatyoCraft listed 1x Potion for $20.00 on spawn
[17:30:12] [ITEM_LISTED]: MatyoCraft listed 1x Potion for $20.00 on spawn
[17:30:22] [ITEM_LISTED]: MatyoCraft listed 1x Potion for $20.00 on spawn
[17:30:28] [ITEM_LISTED]: MatyoCraft listed 1x Potion for $20.00 on spawn
[17:30:45] [ITEM_LISTED]: MatyoCraft listed 1x Potion for $20.00 on spawn
[18:04:34] [ITEM_SOLD]: LukasLemaire09 sold 1x Emerald to OG_M4CK for $250.00 on Ressource
[18:22:32] [ITEM_LISTED]: Murdock_Co listed 1x Journal de quêtes for $10.00 on survie_new
[18:28:15] [ITEM_LISTED]: RazerJojo listed 64x Quartz for $50.00 on Nether
[18:28:18] [ITEM_LISTED]: RazerJojo listed 64x Quartz for $50.00 on Nether
[18:28:20] [ITEM_LISTED]: RazerJojo listed 64x Quartz for $50.00 on Nether
[18:28:25] [ITEM_LISTED]: RazerJojo listed 64x Quartz for $50.00 on Nether
[18:28:29] [ITEM_LISTED]: RazerJojo listed 64x Quartz for $50.00 on Nether
[18:28:31] [ITEM_LISTED]: RazerJojo listed 64x Quartz for $50.00 on Nether
[18:28:32] [ITEM_LISTED]: RazerJojo listed 64x Quartz for $50.00 on Nether
[18:28:34] [ITEM_LISTED]: RazerJojo listed 64x Quartz for $50.00 on Nether
[18:30:35] [ITEM_SOLD]: Haru_M sold 1x Enchanted Book to RazerJojo for $2,800.00 on survie_new
[18:32:19] [ITEM_LISTED]: Murdock_Co listed 1x Written Book for $1.00 on survie_new
[18:39:22] [ITEM_LISTED]: RazerJojo listed 64x Quartz Block for $100.00 on Nether
[18:39:30] [ITEM_SOLD]: CroixVeBaton sold 1x Shulker Box to kalaistar for $1,000.00 on survie_new
[18:39:31] [ITEM_SOLD]: CroixVeBaton sold 1x Shulker Box to kalaistar for $1,000.00 on survie_new
[18:39:32] [ITEM_SOLD]: CroixVeBaton sold 1x Shulker Box to kalaistar for $1,000.00 on survie_new
[18:39:33] [ITEM_SOLD]: CroixVeBaton sold 1x Shulker Box to kalaistar for $1,000.00 on survie_new
[18:43:35] [ITEM_LISTED]: The_Wiz_D listed 48x Emerald for $2,160.00 on spawn
[18:44:05] [ITEM_SOLD]: CapitaineNiamor sold 1x Dragon Head to Tesla248 for $1,500.00 on survie_new
[18:44:19] [ITEM_CANCELLED]: The_Wiz_D cancelled an auction for 48x Emerald for $2,160.00 on spawn
[18:44:20] [ITEM_RETURNED]: Returned 48x Emerald to The_Wiz_D on spawn
[18:44:30] [ITEM_LISTED]: The_Wiz_D listed 45x Emerald for $2,025.00 on spawn
[18:45:05] [ITEM_CANCELLED]: The_Wiz_D cancelled an auction for 45x Emerald for $2,025.00 on spawn
[18:45:06] [ITEM_RETURNED]: Returned 45x Emerald to The_Wiz_D on spawn
[18:47:25] [ITEM_SOLD]: MatyoCraft sold 1x Potion to Mikiu_Ahegao for $20.00 on spawn
[18:47:28] [ITEM_SOLD]: AzodFR sold 1x Potion to Mikiu_Ahegao for $20.00 on survie_new
[18:47:30] [ITEM_SOLD]: AzodFR sold 1x Potion to Mikiu_Ahegao for $20.00 on survie_new
[18:47:31] [ITEM_SOLD]: AzodFR sold 1x Potion to Mikiu_Ahegao for $20.00 on survie_new
[18:47:33] [ITEM_SOLD]: AzodFR sold 1x Potion to Mikiu_Ahegao for $20.00 on survie_new
[18:47:34] [ITEM_SOLD]: AzodFR sold 1x Potion to Mikiu_Ahegao for $20.00 on survie_new
[18:47:36] [ITEM_SOLD]: AzodFR sold 1x Potion to Mikiu_Ahegao for $20.00 on survie_new
[18:47:37] [ITEM_SOLD]: AzodFR sold 1x Potion to Mikiu_Ahegao for $20.00 on survie_new
[18:47:38] [ITEM_SOLD]: AzodFR sold 1x Potion to Mikiu_Ahegao for $20.00 on survie_new
[18:47:39] [ITEM_SOLD]: AzodFR sold 1x Potion to Mikiu_Ahegao for $20.00 on survie_new
[18:47:46] [ITEM_SOLD]: AzodFR sold 1x Potion to Mikiu_Ahegao for $20.00 on survie_new
[18:50:32] [ITEM_SOLD]: CroixVeBaton sold 1x Diamond Shovel to  [Efficiency IV]_Shoku_ for $2,500.00 on survie_new
[19:03:02] [ITEM_SOLD]: CroixVeBaton sold 1x Shulker Box to Hydrenoir for $1,000.00 on survie_new
[19:05:21] [ITEM_SOLD]: Murdock_Co sold 1x Journal de quêtes to Isaorya for $10.00 on survie_new
[19:05:37] [ITEM_SOLD]: Murdock_Co sold 1x Written Book to Isaorya for $1.00 on survie_new
[19:06:19] [ITEM_LISTED]: Isaorya listed 1x Journal de quêtes for $1.00 on survie_new
[19:06:34] [ITEM_SOLD]: Isaorya sold 1x Journal de quêtes to _Shoku_ for $1.00 on survie_new
[19:07:16] [ITEM_LISTED]: Isaorya listed 1x Written Book for $1.00 on survie_new
[19:08:47] [ITEM_SOLD]: Isaorya sold 1x Written Book to AzodFR for $1.00 on survie_new
[19:08:50] [ITEM_SOLD]: MatyoCraft sold 1x Potion to Isaorya for $20.00 on spawn
[19:16:37] [ITEM_LISTED]: _Shoku_ listed 1x Journal de quêtes for $0.10 on survie_new
[19:17:20] [ITEM_SOLD]: RazerJojo sold 1x Diamond Sword to  [Looting II, Sharpness III]HeFk for $1,500.00 on survie_new
[19:20:41] [ITEM_SOLD]: Haru_M sold 1x Enchanted Book to Hydrenoir for $2,800.00 on survie_new
[19:22:33] [ITEM_SOLD]: MatyoCraft sold 1x Potion to IvarTheBoneless for $20.00 on spawn
[19:22:34] [ITEM_SOLD]: MatyoCraft sold 1x Potion to IvarTheBoneless for $20.00 on spawn
[19:22:35] [ITEM_SOLD]: MatyoCraft sold 1x Potion to IvarTheBoneless for $20.00 on spawn
[19:22:36] [ITEM_SOLD]: MatyoCraft sold 1x Potion to IvarTheBoneless for $20.00 on spawn
[19:22:40] [ITEM_SOLD]: MatyoCraft sold 1x Potion to IvarTheBoneless for $20.00 on spawn
[19:22:43] [ITEM_SOLD]: AzodFR sold 1x Potion to IvarTheBoneless for $20.00 on survie_new
[19:27:01] [ITEM_LISTED]: CroixVeBaton listed 1x Enchanted Book for $600.00 on survie_new
[19:27:43] [ITEM_SOLD]: CroixVeBaton sold 1x Enchanted Book to Hydrenoir for $600.00 on survie_new
[19:55:26] [ITEM_SOLD]: Haru_M sold 1x Enchanted Book to Kekaitte for $2,800.00 on survie_new
[19:55:28] [ITEM_SOLD]: Haru_M sold 1x Enchanted Book to Kekaitte for $2,800.00 on survie_new
[19:55:29] [ITEM_SOLD]: Haru_M sold 1x Enchanted Book to Kekaitte for $2,800.00 on survie_new
[19:55:30] [ITEM_SOLD]: Haru_M sold 1x Enchanted Book to Kekaitte for $2,800.00 on survie_new
[19:59:29] [ITEM_LISTED]: Mikiu_Ahegao listed 1x Splash Potion for $23.00 on survie_new
[19:59:39] [ITEM_LISTED]: Mikiu_Ahegao listed 1x Splash Potion for $21.00 on survie_new
[19:59:45] [ITEM_LISTED]: Mikiu_Ahegao listed 1x Potion for $19.00 on survie_new
[20:02:59] [ITEM_SOLD]: RazerJojo sold 64x Quartz to Zougless for $50.00 on Nether
[20:03:00] [ITEM_SOLD]: RazerJojo sold 64x Quartz to Zougless for $50.00 on Nether
[20:03:01] [ITEM_SOLD]: RazerJojo sold 64x Quartz to Zougless for $50.00 on Nether
[20:03:03] [ITEM_SOLD]: RazerJojo sold 64x Quartz to Zougless for $50.00 on Nether
[20:03:04] [ITEM_SOLD]: RazerJojo sold 64x Quartz to Zougless for $50.00 on Nether
[20:03:08] [ITEM_SOLD]: RazerJojo sold 64x Quartz to Zougless for $50.00 on Nether
[20:03:12] [ITEM_SOLD]: RazerJojo sold 64x Quartz Block to Zougless for $100.00 on Nether
[20:03:14] [ITEM_SOLD]: RazerJojo sold 64x Quartz to Zougless for $50.00 on Nether
[20:03:16] [ITEM_SOLD]: RazerJojo sold 64x Quartz to Zougless for $50.00 on Nether
[20:04:27] [ITEM_LISTED]: RazerJojo listed 64x Quartz for $50.00 on survie_new
[20:04:30] [ITEM_LISTED]: RazerJojo listed 64x Quartz for $50.00 on survie_new
[20:04:32] [ITEM_LISTED]: RazerJojo listed 64x Quartz for $50.00 on survie_new
[20:04:33] [ITEM_LISTED]: RazerJojo listed 64x Quartz for $50.00 on survie_new
[20:04:37] [ITEM_LISTED]: RazerJojo listed 64x Quartz for $50.00 on survie_new
[20:04:39] [ITEM_LISTED]: RazerJojo listed 64x Quartz for $50.00 on survie_new
[20:04:40] [ITEM_LISTED]: RazerJojo listed 64x Quartz for $50.00 on survie_new
[20:04:42] [ITEM_LISTED]: RazerJojo listed 64x Quartz for $50.00 on survie_new
[20:04:46] [ITEM_LISTED]: RazerJojo listed 64x Quartz for $50.00 on survie_new
[20:04:51] [ITEM_LISTED]: RazerJojo listed 64x Quartz for $50.00 on survie_new
[20:04:58] [ITEM_LISTED]: RazerJojo listed 64x Quartz for $50.00 on survie_new
[20:05:01] [ITEM_LISTED]: RazerJojo listed 64x Quartz for $50.00 on survie_new
[20:05:03] [ITEM_LISTED]: RazerJojo listed 64x Quartz for $50.00 on survie_new
[20:05:09] [ITEM_LISTED]: RazerJojo listed 64x Quartz for $50.00 on survie_new
[20:05:11] [ITEM_LISTED]: RazerJojo listed 64x Quartz for $50.00 on survie_new
[20:05:16] [ITEM_LISTED]: RazerJojo listed 64x Quartz for $50.00 on survie_new
[20:05:18] [ITEM_LISTED]: RazerJojo listed 64x Quartz for $50.00 on survie_new
[20:05:24] [ITEM_LISTED]: RazerJojo listed 64x Quartz for $50.00 on survie_new
[20:05:26] [ITEM_LISTED]: RazerJojo listed 64x Quartz for $50.00 on survie_new
[20:05:28] [ITEM_LISTED]: RazerJojo listed 64x Quartz for $50.00 on survie_new
[20:05:31] [ITEM_LISTED]: RazerJojo listed 64x Quartz for $50.00 on survie_new
[20:05:34] [ITEM_LISTED]: RazerJojo listed 64x Quartz for $50.00 on survie_new
[20:05:40] [ITEM_LISTED]: RazerJojo listed 64x Quartz for $50.00 on survie_new
[20:05:43] [ITEM_LISTED]: RazerJojo listed 64x Quartz for $50.00 on survie_new
[20:06:09] [ITEM_LISTED]: RazerJojo listed 64x Quartz for $50.00 on survie_new
[20:06:11] [ITEM_LISTED]: RazerJojo listed 64x Quartz for $50.00 on survie_new
[20:06:12] [ITEM_LISTED]: RazerJojo listed 64x Quartz for $50.00 on survie_new
[20:06:14] [ITEM_LISTED]: RazerJojo listed 64x Quartz for $50.00 on survie_new
[20:06:49] [ITEM_CANCELLED]: RazerJojo cancelled an auction for 1x Enchanted Book for $2,000.00 on survie_new
[20:06:56] [ITEM_RETURNED]: Returned 1x Enchanted Book to RazerJojo on survie_new
[20:07:05] [ITEM_LISTED]: RazerJojo listed 1x Enchanted Book for $1,500.00 on survie_new
[20:16:45] [ITEM_LISTED]: Mikiu_Ahegao listed 1x Potion for $30.00 on survie_new
[20:16:52] [ITEM_LISTED]: Mikiu_Ahegao listed 1x Potion for $30.00 on survie_new
[20:16:57] [ITEM_LISTED]: Mikiu_Ahegao listed 1x Potion for $30.00 on survie_new
[20:18:42] [ITEM_SOLD]: castor26 sold 64x Bamboo to HeFk for $250.00 on survie_new
[20:29:28] [ITEM_SOLD]: RazerJojo sold 64x Quartz to Hydrenoir for $50.00 on survie_new
[20:29:29] [ITEM_SOLD]: RazerJojo sold 64x Quartz to Hydrenoir for $50.00 on survie_new
[20:29:30] [ITEM_SOLD]: RazerJojo sold 64x Quartz to Hydrenoir for $50.00 on survie_new
[20:29:31] [ITEM_SOLD]: RazerJojo sold 64x Quartz to Hydrenoir for $50.00 on survie_new
[20:29:32] [ITEM_SOLD]: RazerJojo sold 64x Quartz to Hydrenoir for $50.00 on survie_new
[20:29:33] [ITEM_SOLD]: RazerJojo sold 64x Quartz to Hydrenoir for $50.00 on survie_new
[20:29:34] [ITEM_SOLD]: RazerJojo sold 64x Quartz to Hydrenoir for $50.00 on survie_new
[20:29:35] [ITEM_SOLD]: RazerJojo sold 64x Quartz to Hydrenoir for $50.00 on survie_new
[20:29:36] [ITEM_SOLD]: RazerJojo sold 64x Quartz to Hydrenoir for $50.00 on survie_new
[20:29:36] [ITEM_SOLD]: RazerJojo sold 64x Quartz to Hydrenoir for $50.00 on survie_new
[20:29:37] [ITEM_SOLD]: RazerJojo sold 64x Quartz to Hydrenoir for $50.00 on survie_new
[20:29:41] [ITEM_SOLD]: RazerJojo sold 64x Quartz to Hydrenoir for $50.00 on survie_new
[20:29:42] [ITEM_SOLD]: RazerJojo sold 64x Quartz to Hydrenoir for $50.00 on survie_new
[20:29:43] [ITEM_SOLD]: RazerJojo sold 64x Quartz to Hydrenoir for $50.00 on survie_new
[20:29:43] [ITEM_SOLD]: RazerJojo sold 64x Quartz to _Sayrow_ for $50.00 on survie_new
[20:29:44] [ITEM_SOLD]: RazerJojo sold 64x Quartz to Hydrenoir for $50.00 on survie_new
[20:29:45] [ITEM_SOLD]: RazerJojo sold 64x Quartz to Hydrenoir for $50.00 on survie_new
[20:29:47] [ITEM_SOLD]: RazerJojo sold 64x Quartz to Hydrenoir for $50.00 on survie_new
[20:29:48] [ITEM_SOLD]: RazerJojo sold 64x Quartz to Hydrenoir for $50.00 on survie_new
[20:29:49] [ITEM_SOLD]: RazerJojo sold 64x Quartz to Hydrenoir for $50.00 on survie_new
[20:29:51] [ITEM_SOLD]: RazerJojo sold 64x Quartz to Hydrenoir for $50.00 on survie_new
[20:30:09] [ITEM_SOLD]: RazerJojo sold 64x Quartz to Hydrenoir for $50.00 on survie_new
[20:30:10] [ITEM_SOLD]: RazerJojo sold 64x Quartz to Hydrenoir for $50.00 on survie_new
[20:30:11] [ITEM_SOLD]: RazerJojo sold 64x Quartz to Hydrenoir for $50.00 on survie_new
[20:30:12] [ITEM_SOLD]: RazerJojo sold 64x Quartz to Hydrenoir for $50.00 on survie_new
[20:30:13] [ITEM_SOLD]: RazerJojo sold 64x Quartz to Hydrenoir for $50.00 on survie_new
[20:30:14] [ITEM_SOLD]: RazerJojo sold 64x Quartz to Hydrenoir for $50.00 on survie_new
[20:30:16] [ITEM_SOLD]: RazerJojo sold 64x Quartz to Hydrenoir for $50.00 on survie_new
[20:31:01] [ITEM_LISTED]: Legendaires listed 64x Quartz for $100.00 on survie_new
[20:31:04] [ITEM_LISTED]: Legendaires listed 64x Quartz for $100.00 on survie_new
[20:31:13] [ITEM_LISTED]: Legendaires listed 64x Quartz for $100.00 on survie_new
[20:31:16] [ITEM_LISTED]: Legendaires listed 64x Quartz for $100.00 on survie_new
[20:31:19] [ITEM_LISTED]: Legendaires listed 64x Quartz for $100.00 on survie_new
[20:31:21] [ITEM_LISTED]: Legendaires listed 64x Quartz for $100.00 on survie_new
[20:32:33] [ITEM_LISTED]: Legendaires listed 64x Quartz for $100.00 on survie_new
[20:32:36] [ITEM_LISTED]: Legendaires listed 64x Quartz for $100.00 on survie_new
[20:32:39] [ITEM_LISTED]: Legendaires listed 64x Quartz for $100.00 on survie_new
[20:34:30] [ITEM_SOLD]: _Wiizy_ sold 1x Elytra to _Sayrow_ for $4,500.00 on survie_new
[20:42:54] [ITEM_SOLD]: RazerJojo sold 1x Enchanted Book to rsBlackSmith for $1,500.00 on survie_new
[20:43:49] [ITEM_SOLD]: Kaio_Beninou sold 1x Enchanted Book to rsBlackSmith for $5,000.00 on survie_new
[21:06:36] [ITEM_SOLD]: AzodFR sold 1x Potion to kaboutoo for $20.00 on survie_new
[21:19:45] [ITEM_CANCELLED]: Legendaires cancelled an auction for 1x Wither Skeleton Skull for $30,000.00 on survie_new
[21:19:54] [ITEM_RETURNED]: Returned 1x Wither Skeleton Skull to Legendaires on survie_new
[21:20:09] [ITEM_LISTED]: Legendaires listed 1x Wither Skeleton Skull for $10,000.00 on survie_new
[21:35:27] [ITEM_SOLD]: REGDYLAN sold 1x Enchanted Golden Apple to GrosBoze for $1,500.00 on survie_new
[21:38:34] [ITEM_SOLD]: Fr3nCh_CraFt sold 1x Enchanted Book to GrosBoze for $300.00 on survie_new
[22:12:09] [ITEM_SOLD]: CroixVeBaton sold 1x Shulker Box to Isaorya for $1,000.00 on survie_new
[22:12:10] [ITEM_SOLD]: CroixVeBaton sold 1x Shulker Box to Isaorya for $1,000.00 on survie_new
[22:12:12] [ITEM_SOLD]: CroixVeBaton sold 1x Shulker Box to Isaorya for $1,000.00 on survie_new
[22:12:30] [ITEM_SOLD]: CroixVeBaton sold 1x Shulker Box to Isaorya for $1,000.00 on survie_new
[22:12:35] [ITEM_SOLD]: CroixVeBaton sold 1x Shulker Box to AzodFR for $1,000.00 on survie_new
[22:12:36] [ITEM_SOLD]: CroixVeBaton sold 1x Shulker Box to AzodFR for $1,000.00 on survie_new
[22:12:38] [ITEM_SOLD]: CroixVeBaton sold 1x Shulker Box to AzodFR for $1,000.00 on survie_new
[22:12:39] [ITEM_SOLD]: CroixVeBaton sold 1x Shulker Box to AzodFR for $1,000.00 on survie_new
[22:41:10] [ITEM_LISTED]: Fr3nCh_CraFt listed 1x Enchanted Book for $300.00 on survie_new
[22:45:47] [ITEM_SOLD]: RazerJojo sold 1x Enchanted Book to Fr3nCh_CraFt for $750.00 on survie_new
[22:49:02] [ITEM_SOLD]: CroixVeBaton sold 1x Diamond Chestplate to  [Protection III]GrosBoze for $2,000.00 on survie_new
[22:49:04] [ITEM_SOLD]: CroixVeBaton sold 1x Diamond Helmet to  [Protection IV, Unbreaking III]GrosBoze for $4,500.00 on survie_new
[23:18:23] [ITEM_LISTED]: Cantyo listed 1x End Crystal for $1,700.00 on survie_new
[23:18:26] [ITEM_LISTED]: Cantyo listed 1x End Crystal for $1,700.00 on survie_new
[23:18:29] [ITEM_LISTED]: Cantyo listed 1x End Crystal for $1,700.00 on survie_new
[23:24:35] [ITEM_LISTED]: CroixVeBaton listed 1x Diamond Chestplate [Curse of Binding, Protection IV, Unbreaking III] for $1,000.00 on survie_new
[23:24:43] [ITEM_LISTED]: CroixVeBaton listed 1x Diamond Chestplate [Curse of Binding] for $1,000.00 on survie_new
[23:24:50] [ITEM_LISTED]: CroixVeBaton listed 1x Diamond Chestplate [Curse of Binding] for $1,000.00 on survie_new
[23:52:09] [ITEM_LISTED]: AlphaFox_FR listed 1x Iron Pickaxe [Efficiency III, Silk Touch, Unbreaking III] for $10,000.00 on spawn
[23:52:28] [ITEM_LISTED]: AlphaFox_FR listed 1x Iron Pickaxe [Silk Touch, Unbreaking III] for $10,000.00 on spawn
[23:58:40] [ITEM_LISTED]: REGDYLAN listed 1x §U§C§I§;§I§s§;Oeuf de Pierre for $10,000.00 on survie_new
[23:58:42] [ITEM_LISTED]: REGDYLAN listed 1x §U§C§I§;§I§s§;Oeuf de Pierre for $10,000.00 on survie_new
[23:58:44] [ITEM_LISTED]: REGDYLAN listed 1x §U§C§I§;§I§s§;Oeuf de Pierre for $10,000.00 on survie_new
