[00:55:06] [ITEM_SOLD]: SSLLOOTTHH vendu 1 x §;§:Spawner à Arraigné 1x à  Christophe_ pour 2,000.00 β le survie_new
[00:55:08] [ITEM_SOLD]: SSLLOOTTHH vendu 1 x §;§:Spawner à Arraigné 1x à  Christophe_ pour 2,000.00 β le survie_new
[00:55:21] [ITEM_SOLD]: SSLLOOTTHH vendu 1 x §;§:Spawner à Arraigné 1x à  Christophe_ pour 2,000.00 β le survie_new
[00:55:32] [ITEM_SOLD]: SSLLOOTTHH vendu 1 x §;§:Spawner à Arraigné 1x à  Christophe_ pour 2,000.00 β le survie_new
[02:16:09] [ITEM_LISTED]: LLIcocoman_Hrz vend 1 x Déplacement Z  pour 10.00β sur survie_new
[02:16:37] [ITEM_CANCELLED]: LLIcocoman_Hrz annule la vente de 1x Déplacement Z pour 10.00β sur survie_new
[02:16:49] [ITEM_RETURNED]: 1 x Déplacement Z  renvoyé à LLIcocoman_Hrz le survie_new
[02:16:49] [ITEM_RETURNED]: 1 x Panel d'outil  renvoyé à LLIcocoman_Hrz le survie_new
[02:18:16] [ITEM_LISTED]: LLIcocoman_Hrz vend 1 x Tête Y  pour 10.00β sur survie_new
[02:19:19] [ITEM_CANCELLED]: LLIcocoman_Hrz annule la vente de 1x Tête Y pour 10.00β sur survie_new
[02:19:26] [ITEM_RETURNED]: 1 x Tête Y  renvoyé à LLIcocoman_Hrz le survie_new
[02:19:29] [ITEM_LISTED]: LLIcocoman_Hrz vend 1 x Tête Y  pour 10.00β sur survie_new
[02:19:37] [ITEM_CANCELLED]: LLIcocoman_Hrz annule la vente de 1x Tête Y pour 10.00β sur survie_new
[02:19:40] [ITEM_RETURNED]: 1 x Tête Y  renvoyé à LLIcocoman_Hrz le survie_new
[07:00:37] [ITEM_SOLD]: SSLLOOTTHH vendu 1 x Enchanted Book à  rsBlackSmith pour 5,000.00 β le survie_new
[07:00:45] [ITEM_SOLD]: SSLLOOTTHH vendu 1 x Enchanted Book à  rsBlackSmith pour 5,000.00 β le survie_new
[14:41:54] [ITEM_LISTED]: Marcoco50100 vend 64 x Pumpkin Seeds  pour 50.00β sur survie_new
[14:42:10] [ITEM_SOLD]: Marcoco50100 vendu 64 x Pumpkin Seeds à  OfCourse pour 50.00 β le survie_new
[14:48:24] [ITEM_SOLD]: SSLLOOTTHH vendu 1 x Enchanted Book à  Marcoco50100 pour 5,000.00 β le survie_new
[14:56:25] [ITEM_SOLD]: AzodFR vendu 1 x Written Book à  Isaorya pour 10,000.00 β le survie_new
[14:59:16] [ITEM_SOLD]: SSLLOOTTHH vendu 1 x Enchanted Book à  Marcoco50100 pour 5,000.00 β le survie_new
[14:59:18] [ITEM_SOLD]: SSLLOOTTHH vendu 1 x Enchanted Book à  Marcoco50100 pour 5,000.00 β le survie_new
[14:59:20] [ITEM_SOLD]: SSLLOOTTHH vendu 1 x Enchanted Book à  Marcoco50100 pour 5,000.00 β le survie_new
[14:59:22] [ITEM_SOLD]: SSLLOOTTHH vendu 1 x Enchanted Book à  Marcoco50100 pour 5,000.00 β le survie_new
[15:42:49] [ITEM_SOLD]: SSLLOOTTHH vendu 1 x Enchanted Book à  Athiire pour 8,000.00 β le survie_new
[16:30:13] [ITEM_LISTED]: Chacalus vend 64 x Cooked Porkchop  pour 64.00β sur survie_new
[16:30:15] [ITEM_LISTED]: Chacalus vend 64 x Cooked Porkchop  pour 64.00β sur survie_new
[16:30:17] [ITEM_LISTED]: Chacalus vend 64 x Cooked Porkchop  pour 64.00β sur survie_new
[16:30:18] [ITEM_LISTED]: Chacalus vend 64 x Cooked Porkchop  pour 64.00β sur survie_new
[16:30:19] [ITEM_LISTED]: Chacalus vend 64 x Cooked Porkchop  pour 64.00β sur survie_new
[16:30:21] [ITEM_LISTED]: Chacalus vend 64 x Cooked Porkchop  pour 64.00β sur survie_new
[16:30:29] [ITEM_LISTED]: Chacalus vend 64 x Cooked Porkchop  pour 64.00β sur survie_new
[16:30:32] [ITEM_LISTED]: Chacalus vend 64 x Cooked Porkchop  pour 64.00β sur survie_new
[16:30:34] [ITEM_LISTED]: Chacalus vend 64 x Cooked Porkchop  pour 64.00β sur survie_new
[16:30:36] [ITEM_LISTED]: Chacalus vend 64 x Cooked Porkchop  pour 64.00β sur survie_new
[16:30:38] [ITEM_LISTED]: Chacalus vend 64 x Cooked Porkchop  pour 64.00β sur survie_new
[16:30:42] [ITEM_LISTED]: Chacalus vend 64 x Cooked Porkchop  pour 64.00β sur survie_new
[16:44:59] [ITEM_LISTED]: Chacalus vend 5 x Dragon Breath  pour 500.00β sur survie_new
[17:02:21] [ITEM_LISTED]: Chacalus vend 64 x Podzol  pour 200.00β sur survie_new
[17:26:51] [ITEM_LISTED]: Chacalus vend 1 x §;§:Spawner à Arraigné 1x  pour 4,000.00β sur survie_new
[17:29:39] [ITEM_SOLD]: SSLLOOTTHH vendu 1 x Enchanted Book à  Athiire pour 8,000.00 β le survie_new
[17:29:48] [ITEM_LISTED]: Chacalus vend 1 x Enchanted Book  pour 100.00β sur survie_new
[17:36:21] [ITEM_SOLD]: Chacalus vendu 1 x Enchanted Book à  Obyron pour 100.00 β le survie_new
[17:49:51] [ITEM_SOLD]: SSLLOOTTHH vendu 1 x Enchanted Book à  Amaxet pour 8,000.00 β le survie_new
[17:49:55] [ITEM_SOLD]: SSLLOOTTHH vendu 1 x Enchanted Book à  Amaxet pour 8,000.00 β le survie_new
[17:49:57] [ITEM_SOLD]: SSLLOOTTHH vendu 1 x Enchanted Book à  Amaxet pour 8,000.00 β le survie_new
[17:50:00] [ITEM_SOLD]: SSLLOOTTHH vendu 1 x Enchanted Book à  Amaxet pour 8,000.00 β le survie_new
[18:35:31] [ITEM_LISTED]: Blazd vend 1 x Enchanted Book  pour 14,000.00β sur survie_new
[19:01:47] [ITEM_SOLD]: REGDYLAN vendu 1 x Beacon à  LiKaneH pour 20,000.00 β le survie_new
[19:25:38] [ITEM_LISTED]: HeFk vend 64 x Iron Block  pour 12,000.00β sur survie_new
[19:25:41] [ITEM_LISTED]: HeFk vend 64 x Iron Block  pour 12,000.00β sur survie_new
[19:32:20] [ITEM_LISTED]: amnotte vend 1 x THOR!!!  pour 30,000.00β sur survie_new
[20:09:45] [ITEM_CANCELLED]: Chacalus annule la vente de 1x §;§:Spawner à Arraigné 1x pour 4,000.00β sur survie_new
[20:09:49] [ITEM_RETURNED]: 1 x §;§:Spawner à Arraigné 1x  renvoyé à Chacalus le survie_new
[20:10:01] [ITEM_LISTED]: Chacalus vend 1 x §;§:Spawner à Arraigné 1x  pour 3,500.00β sur survie_new
[20:22:49] [ITEM_LISTED]: Chacalus vend 3 x End Crystal  pour 300.00β sur survie_new
[20:28:05] [ITEM_LISTED]: HeFk vend 1 x Lori la plus belle <3  [Flame, Infinity, Power V, Punch II, Unbreaking III] pour 10,000.00β sur survie_new
[20:36:22] [ITEM_LISTED]: HeFk vend 1 x Golden Sword  [Sharpness VIII] pour 5,000.00β sur survie_new
[20:42:52] [ITEM_CANCELLED]: HeFk annule la vente de 64x Cooked Porkchop pour 150.00β sur survie_new
[20:42:53] [ITEM_CANCELLED]: HeFk annule la vente de 64x Anvil pour 3,000.00β sur survie_new
[20:42:56] [ITEM_RETURNED]: 64 x Cooked Porkchop  renvoyé à HeFk le survie_new
[20:42:57] [ITEM_RETURNED]: 64 x Anvil  renvoyé à HeFk le survie_new
[20:43:11] [ITEM_LISTED]: HeFk vend 64 x Anvil  pour 2,000.00β sur survie_new
[20:46:51] [ITEM_LISTED]: HeFk vend 1 x Askip y'a 3 fondas  [Flame, Infinity, Power V, Punch II, Unbreaking III] pour 80,000.00β sur survie_new
[20:47:02] [ITEM_CANCELLED]: HeFk annule la vente de 1x Askip y'a 3 fondas [Flame, Infinity, Power V, Punch II, Unbreaking III] pour 80,000.00β sur survie_new
[20:47:04] [ITEM_RETURNED]: 1 x Askip y'a 3 fondas  [Flame, Infinity, Power V, Punch II, Unbreaking III] renvoyé à HeFk le survie_new
[20:47:08] [ITEM_LISTED]: HeFk vend 1 x Askip y'a 3 fondas  [Flame, Infinity, Power V, Punch II, Unbreaking III] pour 8,000.00β sur survie_new
[20:47:45] [ITEM_SOLD]: Kaio_Beninou vendu 10 x Ink Sac à  Novasticot pour 500.00 β le survie_new
[20:48:35] [ITEM_SOLD]: Bertrand vendu 8 x Ink Sac à  Novasticot pour 300.00 β le survie_new
[21:03:00] [ITEM_LISTED]: OfCourse vend 47 x Melon Seeds  pour 50.00β sur survie_new
[22:09:20] [ITEM_CANCELLED]: Chacalus annule la vente de 64x Cooked Porkchop pour 64.00β sur survie_new
[22:09:20] [ITEM_CANCELLED]: Chacalus annule la vente de 64x Cooked Porkchop pour 64.00β sur survie_new
[22:09:20] [ITEM_CANCELLED]: Chacalus annule la vente de 64x Cooked Porkchop pour 64.00β sur survie_new
[22:09:21] [ITEM_CANCELLED]: Chacalus annule la vente de 64x Cooked Porkchop pour 64.00β sur survie_new
[22:09:21] [ITEM_CANCELLED]: Chacalus annule la vente de 64x Cooked Porkchop pour 64.00β sur survie_new
[22:09:21] [ITEM_CANCELLED]: Chacalus annule la vente de 64x Cooked Porkchop pour 64.00β sur survie_new
[22:09:21] [ITEM_CANCELLED]: Chacalus annule la vente de 64x Cooked Porkchop pour 64.00β sur survie_new
[22:09:22] [ITEM_CANCELLED]: Chacalus annule la vente de 64x Cooked Porkchop pour 64.00β sur survie_new
[22:09:22] [ITEM_CANCELLED]: Chacalus annule la vente de 64x Cooked Porkchop pour 64.00β sur survie_new
[22:09:22] [ITEM_CANCELLED]: Chacalus annule la vente de 64x Cooked Porkchop pour 64.00β sur survie_new
[22:09:22] [ITEM_CANCELLED]: Chacalus annule la vente de 64x Cooked Porkchop pour 64.00β sur survie_new
[22:09:24] [ITEM_CANCELLED]: Chacalus annule la vente de 64x Cooked Porkchop pour 64.00β sur survie_new
[22:09:27] [ITEM_CANCELLED]: Chacalus annule la vente de 1x §;§:Spawner à Arraigné 1x pour 3,500.00β sur survie_new
[22:09:30] [ITEM_RETURNED]: 1 x §;§:Spawner à Arraigné 1x  renvoyé à Chacalus le survie_new
[22:09:39] [ITEM_LISTED]: Chacalus vend 1 x §;§:Spawner à Arraigné 1x  pour 4,000.00β sur survie_new
[22:31:02] [ITEM_SOLD]: SSLLOOTTHH vendu 1 x Diamond Horse Armor à  P2M2A2 pour 10.00 β le survie_new
[22:48:01] [ITEM_LISTED]: Chacalus vend 64 x Nether Quartz Ore  pour 600.00β sur survie_new
[23:41:09] [ITEM_LISTED]: Marcoco50100 vend 26 x Gunpowder  pour 100.00β sur survie_new
[23:41:19] [ITEM_SOLD]: Marcoco50100 vendu 26 x Gunpowder à  Yohan81 pour 100.00 β le survie_new
