[13:57:05] [ITEM_LISTED]: Stebanou vend 1 x Golden Horse Armor  pour 200.00β sur survie_new
[13:57:07] [ITEM_LISTED]: Stebanou vend 1 x Golden Horse Armor  pour 200.00β sur survie_new
[13:57:10] [ITEM_LISTED]: Stebanou vend 1 x Diamond Horse Armor  pour 500.00β sur survie_new
[13:57:29] [ITEM_CANCELLED]: Stebanou annule la vente de 64x Birch Log pour 260.00β sur survie_new
[13:57:30] [ITEM_CANCELLED]: Stebanou annule la vente de 64x Dark Oak Log pour 260.00β sur survie_new
[13:57:30] [ITEM_CANCELLED]: Stebanou annule la vente de 64x Acacia Log pour 260.00β sur survie_new
[13:57:42] [ITEM_RETURNED]: 64 x Birch Log  renvoyé à Stebanou le survie_new
[13:57:43] [ITEM_RETURNED]: 64 x Dark Oak Log  renvoyé à Stebanou le survie_new
[13:57:43] [ITEM_RETURNED]: 64 x Acacia Log  renvoyé à Stebanou le survie_new
[16:09:36] [ITEM_SOLD]: Darinor_ vendu 1 x Capucin Jaune (poisson Commun) à  ketsumochi pour 200.00 β le survie_new
[18:11:05] [ITEM_CANCELLED]: blazou38 annule la vente de 1x MonChérie pour 150,000.00β sur survie_new
[18:11:07] [ITEM_RETURNED]: 1 x MonChérie  renvoyé à blazou38 le survie_new
[18:39:48] [ITEM_LISTED]: Loan02 vend 1 x Dolphin Spawn Egg  pour 6,000.00β sur survie_new
[18:44:40] [ITEM_CANCELLED]: Loan02 annule la vente de 1x Dolphin Spawn Egg pour 6,000.00β sur survie_new
[18:45:09] [ITEM_RETURNED]: 1 x Dolphin Spawn Egg  renvoyé à Loan02 le survie_new
[18:45:35] [ITEM_LISTED]: Loan02 vend 1 x Dolphin Spawn Egg  pour 4,000.00β sur survie_new
[18:45:39] [ITEM_SOLD]: Loan02 vendu 1 x Dolphin Spawn Egg à  CouzVeBaton pour 4,000.00 β le survie_new
[18:49:58] [ITEM_LISTED]: Kaio_Beninou vend 1 x Enchanted Book  pour 20,000.00β sur survie_new
[19:01:11] [ITEM_LISTED]: Christophe_ vend 3 x Sea Lantern  pour 800.00β sur survie_new
[19:01:16] [ITEM_SOLD]: Christophe_ vendu 3 x Sea Lantern à  Stebanou pour 800.00 β le survie_new
[19:22:41] [ITEM_LISTED]: Minebark vend 56 x Ghast Tear  pour 22,400.00β sur survie_new
[19:22:54] [ITEM_SOLD]: Minebark vendu 56 x Ghast Tear à  CroixVeBaton pour 22,400.00 β le survie_new
[20:53:50] [ITEM_LISTED]: Mathis6000 vend 1 x l ampoule du geni   pour 3,000.00β sur survie_new
[20:55:18] [ITEM_SOLD]: Stebanou vendu 1 x Diamond Horse Armor à  Mathis6000 pour 500.00 β le survie_new
[21:07:45] [ITEM_LISTED]: Zeelyrules vend 64 x Iron Block  pour 7,000.00β sur survie_new
[21:08:57] [ITEM_SOLD]: Zeelyrules vendu 64 x Iron Block à  Isaorya pour 7,000.00 β le survie_new
[21:15:34] [ITEM_SOLD]: Stebanou vendu 1 x Shulker Box à  Isaorya pour 2,500.00 β le survie_new
[21:23:29] [ITEM_CANCELLED]: Stebanou annule la vente de 1x Améthiste Polie pour 20,000.00β sur survie_new
[21:23:30] [ITEM_RETURNED]: 1 x Améthiste Polie  renvoyé à Stebanou le survie_new
[21:31:09] [ITEM_SOLD]: Ekiliox vendu 64 x Acacia Log à  Zeelyrules pour 250.00 β le survie_new
[21:31:38] [ITEM_SOLD]: Ekiliox vendu 64 x Dark Oak Log à  Zeelyrules pour 250.00 β le survie_new
[22:08:28] [ITEM_LISTED]: Ekiliox vend 1 x Muffet's Juice  pour 10,000.00β sur survie_new
[22:08:34] [ITEM_CANCELLED]: Ekiliox annule la vente de 1x Muffet's Juice pour 10,000.00β sur survie_new
[22:08:36] [ITEM_RETURNED]: 1 x Muffet's Juice  renvoyé à Ekiliox le survie_new
[22:08:42] [ITEM_LISTED]: Ekiliox vend 1 x Muffet's Juice  pour 420.69β sur survie_new
