[00:11:17] [ITEM_SOLD]: OfCourse vendu 1 x Chainmail Boots à  Bertrand pour 15.00 β le survie_new
[00:11:28] [ITEM_SOLD]: limastic vendu 64 x Cooked Beef à  Bertrand pour 1.00 β le survie_new
[00:11:30] [ITEM_SOLD]: limastic vendu 64 x Cooked Beef à  Bertrand pour 1.00 β le survie_new
[00:11:35] [ITEM_SOLD]: limastic vendu 64 x Cooked Beef à  Bertrand pour 1.00 β le survie_new
[00:11:37] [ITEM_SOLD]: limastic vendu 64 x Cooked Beef à  Bertrand pour 1.00 β le survie_new
[00:11:41] [ITEM_SOLD]: limastic vendu 64 x Cooked Beef à  Bertrand pour 1.00 β le survie_new
[02:45:50] [ITEM_SOLD]: OfCourse vendu 1 x Chainmail Boots à  Zarbikop pour 15.00 β le survie_new
[02:45:52] [ITEM_SOLD]: OfCourse vendu 1 x Chainmail Boots à  Zarbikop pour 15.00 β le survie_new
[02:45:55] [ITEM_SOLD]: OfCourse vendu 1 x Chainmail Boots à  Zarbikop pour 15.00 β le survie_new
[02:46:01] [ITEM_SOLD]: limastic vendu 26 x Leather à  Zarbikop pour 1.00 β le survie_new
[02:46:03] [ITEM_SOLD]: limastic vendu 64 x Leather à  Zarbikop pour 1.00 β le survie_new
[02:46:06] [ITEM_SOLD]: limastic vendu 64 x Leather à  Zarbikop pour 1.00 β le survie_new
[02:46:36] [ITEM_CANCELLED]: Zarbikop annule la vente de 1x Diamond Sword [Sharpness I] pour 50.00β sur survie_new
[02:46:39] [ITEM_CANCELLED]: Zarbikop annule la vente de 1x Diamond Sword [Bane of Arthropods I] pour 50.00β sur survie_new
[02:46:40] [ITEM_CANCELLED]: Zarbikop annule la vente de 1x Diamond Sword [Sharpness I] pour 50.00β sur survie_new
[02:46:41] [ITEM_CANCELLED]: Zarbikop annule la vente de 1x Diamond Sword [Knockback I] pour 50.00β sur survie_new
[02:46:42] [ITEM_CANCELLED]: Zarbikop annule la vente de 1x Diamond Sword [Bane of Arthropods I, Knockback I] pour 50.00β sur survie_new
[02:46:42] [ITEM_CANCELLED]: Zarbikop annule la vente de 1x Diamond Sword [Knockback I] pour 50.00β sur survie_new
[02:46:48] [ITEM_RETURNED]: 1 x Diamond Sword  [Sharpness I] renvoyé à Zarbikop le survie_new
[02:46:50] [ITEM_RETURNED]: 1 x Diamond Sword  [Bane of Arthropods I] renvoyé à Zarbikop le survie_new
[02:46:51] [ITEM_RETURNED]: 1 x Diamond Sword  [Sharpness I] renvoyé à Zarbikop le survie_new
[02:46:51] [ITEM_RETURNED]: 1 x Diamond Sword  [Knockback I] renvoyé à Zarbikop le survie_new
[02:46:52] [ITEM_RETURNED]: 1 x Diamond Sword  [Bane of Arthropods I, Knockback I] renvoyé à Zarbikop le survie_new
[02:46:52] [ITEM_RETURNED]: 1 x Diamond Sword  [Knockback I] renvoyé à Zarbikop le survie_new
[15:20:47] [ITEM_SOLD]: SSLLOOTTHH vendu 1 x Enchanted Book à  Maitre_Denver pour 7,000.00 β le survie_new
[15:20:49] [ITEM_SOLD]: SSLLOOTTHH vendu 1 x Enchanted Book à  Maitre_Denver pour 7,000.00 β le survie_new
[15:20:51] [ITEM_SOLD]: SSLLOOTTHH vendu 1 x Enchanted Book à  Maitre_Denver pour 7,000.00 β le survie_new
[15:20:52] [ITEM_SOLD]: SSLLOOTTHH vendu 1 x Enchanted Book à  Maitre_Denver pour 7,000.00 β le survie_new
[15:23:20] [ITEM_SOLD]: SSLLOOTTHH vendu 1 x Enchanted Book à  Maitre_Denver pour 8,000.00 β le survie_new
[15:52:52] [ITEM_SOLD]: HeFk vendu 1 x Diamond Pickaxe à  [Efficiency V, Silk Touch, Unbreaking III] Maitre_Denver pour 7,000.00 β le survie_new
[17:07:54] [ITEM_LISTED]: xerinou vend 64 x Cooked Porkchop  pour 1.00β sur survie_new
[17:08:18] [ITEM_CANCELLED]: xerinou annule la vente de 64x Cooked Porkchop pour 1.00β sur survie_new
[17:08:26] [ITEM_RETURNED]: 64 x Cooked Porkchop  renvoyé à xerinou le survie_new
[17:08:42] [ITEM_LISTED]: xerinou vend 64 x Cooked Porkchop  pour 50.00β sur survie_new
[17:08:48] [ITEM_LISTED]: xerinou vend 64 x Cooked Porkchop  pour 50.00β sur survie_new
[17:08:53] [ITEM_LISTED]: xerinou vend 64 x Cooked Porkchop  pour 50.00β sur survie_new
[17:08:55] [ITEM_LISTED]: xerinou vend 64 x Cooked Porkchop  pour 50.00β sur survie_new
[17:08:58] [ITEM_LISTED]: xerinou vend 64 x Cooked Porkchop  pour 50.00β sur survie_new
[17:09:00] [ITEM_LISTED]: xerinou vend 64 x Cooked Porkchop  pour 50.00β sur survie_new
[17:09:06] [ITEM_LISTED]: xerinou vend 64 x Cooked Porkchop  pour 50.00β sur survie_new
[17:09:09] [ITEM_LISTED]: xerinou vend 64 x Cooked Porkchop  pour 50.00β sur survie_new
[17:09:12] [ITEM_LISTED]: xerinou vend 64 x Cooked Porkchop  pour 50.00β sur survie_new
[17:09:15] [ITEM_LISTED]: xerinou vend 64 x Cooked Porkchop  pour 50.00β sur survie_new
[17:09:19] [ITEM_LISTED]: xerinou vend 64 x Cooked Porkchop  pour 50.00β sur survie_new
[17:09:21] [ITEM_LISTED]: xerinou vend 64 x Cooked Porkchop  pour 50.00β sur survie_new
[17:09:23] [ITEM_LISTED]: xerinou vend 64 x Cooked Porkchop  pour 50.00β sur survie_new
[17:09:26] [ITEM_LISTED]: xerinou vend 64 x Cooked Porkchop  pour 50.00β sur survie_new
[17:09:30] [ITEM_LISTED]: xerinou vend 64 x Cooked Porkchop  pour 50.00β sur survie_new
[17:09:32] [ITEM_LISTED]: xerinou vend 64 x Cooked Porkchop  pour 50.00β sur survie_new
[17:09:35] [ITEM_LISTED]: xerinou vend 64 x Cooked Porkchop  pour 50.00β sur survie_new
[17:09:37] [ITEM_LISTED]: xerinou vend 64 x Cooked Porkchop  pour 50.00β sur survie_new
[17:35:50] [ITEM_LISTED]: Blazd vend 55 x Bone  pour 1.00β sur survie_new
[17:36:57] [ITEM_SOLD]: Blazd vendu 55 x Bone à  GMK001 pour 1.00 β le survie_new
[17:42:02] [ITEM_SOLD]: limastic vendu 11 x Cooked Beef à  Bertrand pour 1.00 β le survie_new
[17:51:37] [ITEM_RETURNED]: 1 x Enchanted Book  renvoyé à Blazd le survie_new
[17:51:38] [ITEM_RETURNED]: 64 x Anvil  renvoyé à Blazd le survie_new
[17:51:38] [ITEM_RETURNED]: 1 x Enchanted Book  renvoyé à Blazd le survie_new
[17:51:38] [ITEM_RETURNED]: 1 x Enchanted Book  renvoyé à Blazd le survie_new
[17:51:38] [ITEM_RETURNED]: 1 x Enchanted Book  renvoyé à Blazd le survie_new
[17:51:39] [ITEM_RETURNED]: 64 x Mycelium  renvoyé à Blazd le survie_new
[17:51:39] [ITEM_RETURNED]: 1 x Golden Sword  [Sharpness VIII] renvoyé à Blazd le survie_new
[17:51:39] [ITEM_RETURNED]: 1 x Enchanted Book  renvoyé à Blazd le survie_new
[17:51:40] [ITEM_RETURNED]: 64 x Grass Block  renvoyé à Blazd le survie_new
[17:51:40] [ITEM_RETURNED]: 1 x Enchanted Book  renvoyé à Blazd le survie_new
[17:51:40] [ITEM_RETURNED]: 1 x Enchanted Book  renvoyé à Blazd le survie_new
[17:51:40] [ITEM_RETURNED]: 1 x Enchanted Book  renvoyé à Blazd le survie_new
[17:51:41] [ITEM_RETURNED]: 1 x Enchanted Book  renvoyé à Blazd le survie_new
[17:51:41] [ITEM_RETURNED]: 1 x Enchanted Book  renvoyé à Blazd le survie_new
[17:51:42] [ITEM_RETURNED]: 1 x Enchanted Book  renvoyé à Blazd le survie_new
[17:51:42] [ITEM_RETURNED]: 1 x Enchanted Book  renvoyé à Blazd le survie_new
[17:51:44] [ITEM_CANCELLED]: Blazd annule la vente de 1x Enchanted Book pour 9,000.00β sur survie_new
[17:51:45] [ITEM_CANCELLED]: Blazd annule la vente de 1x Splash Potion pour 5,000.00β sur survie_new
[17:51:45] [ITEM_CANCELLED]: Blazd annule la vente de 1x Enchanted Book pour 12,000.00β sur survie_new
[17:51:46] [ITEM_CANCELLED]: Blazd annule la vente de 1x Enchanted Book pour 14,000.00β sur survie_new
[17:51:48] [ITEM_RETURNED]: 1 x Enchanted Book  renvoyé à Blazd le survie_new
[17:51:48] [ITEM_RETURNED]: 1 x Enchanted Book  renvoyé à Blazd le survie_new
[17:51:48] [ITEM_RETURNED]: 1 x Splash Potion  renvoyé à Blazd le survie_new
[17:51:49] [ITEM_RETURNED]: 1 x Enchanted Book  renvoyé à Blazd le survie_new
[17:53:23] [ITEM_SOLD]: Seikooc_ vendu 1 x §;§:Spawner à Araignée venimeuse 1x à  Zarbikop pour 8,000.00 β le survie_new
[17:55:08] [ITEM_LISTED]: Blazd vend 64 x Anvil  pour 5,000.00β sur survie_new
[17:57:51] [ITEM_SOLD]: SSLLOOTTHH vendu 1 x Enchanted Book à  Maitre_Denver pour 8,000.00 β le survie_new
[18:00:14] [ITEM_LISTED]: Blazd vend 64 x Mycelium  pour 15,000.00β sur survie_new
[18:00:24] [ITEM_LISTED]: Blazd vend 64 x Grass Block  pour 5,000.00β sur survie_new
[18:00:37] [ITEM_LISTED]: Blazd vend 1 x Enchanted Book  pour 8,000.00β sur survie_new
[18:01:49] [ITEM_LISTED]: Blazd vend 1 x Enchanted Book  pour 8,000.00β sur survie_new
[18:01:55] [ITEM_LISTED]: Blazd vend 1 x Enchanted Book  pour 12,000.00β sur survie_new
[18:02:02] [ITEM_LISTED]: Blazd vend 1 x Enchanted Book  pour 15,000.00β sur survie_new
[18:02:09] [ITEM_LISTED]: Blazd vend 1 x Enchanted Book  pour 12,000.00β sur survie_new
[18:02:17] [ITEM_LISTED]: Blazd vend 1 x Enchanted Book  pour 5,000.00β sur survie_new
[18:02:22] [ITEM_LISTED]: Blazd vend 1 x Enchanted Book  pour 8,000.00β sur survie_new
[18:02:27] [ITEM_LISTED]: Blazd vend 1 x Enchanted Book  pour 5,000.00β sur survie_new
[18:02:37] [ITEM_LISTED]: Blazd vend 1 x Enchanted Book  pour 8,000.00β sur survie_new
[18:02:43] [ITEM_LISTED]: Blazd vend 1 x Enchanted Book  pour 5,000.00β sur survie_new
[18:02:55] [ITEM_LISTED]: Blazd vend 1 x Enchanted Book  pour 12,000.00β sur survie_new
[18:03:01] [ITEM_LISTED]: Blazd vend 1 x Enchanted Book  pour 12,000.00β sur survie_new
[18:03:06] [ITEM_LISTED]: Blazd vend 1 x Enchanted Book  pour 8,000.00β sur survie_new
[18:03:29] [ITEM_LISTED]: Blazd vend 1 x Enchanted Book  pour 5,000.00β sur survie_new
[18:07:14] [ITEM_CANCELLED]: Blazd annule la vente de 1x Enchanted Book pour 5,000.00β sur survie_new
[18:07:17] [ITEM_RETURNED]: 1 x Enchanted Book  renvoyé à Blazd le survie_new
[18:09:16] [ITEM_LISTED]: Blazd vend 1 x Golden Sword  [Sharpness VIII] pour 5,000.00β sur survie_new
[18:30:24] [ITEM_DROPPED]: Abandon de la vente Mikiu_Ahegao expirée de 1 x Potion  pour 0.00β à leurs pieds le survie_new
[18:30:24] [ITEM_DROPPED]: Abandon de la vente Mikiu_Ahegao expirée de 1 x Potion  pour 0.00β à leurs pieds le survie_new
[18:30:24] [ITEM_DROPPED]: Abandon de la vente Mikiu_Ahegao expirée de 1 x Potion  pour 0.00β à leurs pieds le survie_new
[18:30:24] [ITEM_DROPPED]: Abandon de la vente Mikiu_Ahegao expirée de 1 x Potion  pour 0.00β à leurs pieds le survie_new
[18:30:24] [ITEM_DROPPED]: Abandon de la vente Mikiu_Ahegao expirée de 1 x Potion  pour 0.00β à leurs pieds le survie_new
[18:30:24] [ITEM_DROPPED]: Abandon de la vente Mikiu_Ahegao expirée de 1 x Potion  pour 0.00β à leurs pieds le survie_new
[18:36:32] [ITEM_LISTED]: Blazd vend 1 x Diamond  pour 0.00β sur survie_new
[18:36:56] [ITEM_SOLD]: Blazd vendu 1 x Diamond à  OfCourse pour 0.00 β le survie_new
[18:47:16] [ITEM_SOLD]: limastic vendu 1 x Diamond Sword à  [Sharpness IV] ianito pour 1,000.00 β le survie_new
[18:49:18] [ITEM_LISTED]: power315 vend 1 x Iron Hoe  pour 1,000.00β sur survie_new
[18:49:25] [ITEM_CANCELLED]: power315 annule la vente de 1x Iron Hoe pour 1,000.00β sur survie_new
[18:49:29] [ITEM_RETURNED]: 1 x Iron Hoe  renvoyé à power315 le survie_new
[18:50:15] [ITEM_SOLD]: Blazd vendu 1 x Enchanted Book à  OfCourse pour 12,000.00 β le survie_new
[18:51:14] [ITEM_CANCELLED]: Blazd annule la vente de 1x Enchanted Book pour 8,000.00β sur survie_new
[18:51:15] [ITEM_RETURNED]: 1 x Enchanted Book  renvoyé à Blazd le survie_new
[18:51:24] [ITEM_LISTED]: Blazd vend 1 x Enchanted Book  pour 0.00β sur survie_new
[18:51:51] [ITEM_SOLD]: Blazd vendu 1 x Enchanted Book à  OfCourse pour 0.00 β le survie_new
[19:00:43] [ITEM_LISTED]: Blazd vend 1 x prix livres jusque -50% selon grade  pour 100,000.00β sur survie_new
[19:04:51] [ITEM_SOLD]: SSLLOOTTHH vendu 1 x Enchanted Book à  KrayZu27 pour 8,000.00 β le survie_new
[19:04:53] [ITEM_SOLD]: SSLLOOTTHH vendu 1 x Enchanted Book à  KrayZu27 pour 8,000.00 β le survie_new
[19:08:58] [ITEM_SOLD]: SSLLOOTTHH vendu 1 x Enchanted Book à  ianito pour 8,000.00 β le survie_new
[19:09:01] [ITEM_SOLD]: SSLLOOTTHH vendu 1 x Enchanted Book à  ianito pour 8,000.00 β le survie_new
[19:09:03] [ITEM_SOLD]: SSLLOOTTHH vendu 1 x Enchanted Book à  ianito pour 8,000.00 β le survie_new
[19:14:08] [ITEM_LISTED]: ianito vend 1 x Wither Skeleton Skull  pour 30,000.00β sur survie_new
[19:14:14] [ITEM_SOLD]: ianito vendu 1 x Wither Skeleton Skull à  Blazd pour 30,000.00 β le survie_new
[19:18:10] [ITEM_SOLD]: SSLLOOTTHH vendu 1 x Enchanted Book à  KrayZu27 pour 8,000.00 β le survie_new
[19:23:49] [ITEM_LISTED]: Blazd vend 1 x Réduction prix livres selon grade :  pour 100,000.00β sur survie_new
[19:23:55] [ITEM_CANCELLED]: Blazd annule la vente de 1x prix livres jusque -50% selon grade pour 100,000.00β sur survie_new
[19:23:56] [ITEM_CANCELLED]: Blazd annule la vente de 1x Golden Sword [Sharpness VIII] pour 5,000.00β sur survie_new
[19:24:02] [ITEM_RETURNED]: 1 x prix livres jusque -50% selon grade  renvoyé à Blazd le survie_new
[19:24:03] [ITEM_RETURNED]: 1 x Golden Sword  [Sharpness VIII] renvoyé à Blazd le survie_new
[19:27:02] [ITEM_LISTED]: Blazd vend 1 x Enchanted Book  pour 8,000.00β sur survie_new
[19:27:14] [ITEM_LISTED]: Blazd vend 1 x Enchanted Book  pour 10,000.00β sur survie_new
[19:29:17] [ITEM_LISTED]: Blazd vend 1 x Golden Sword  [Sharpness VIII] pour 5,000.00β sur survie_new
[19:31:02] [ITEM_SOLD]: ChoLoSh vendu 24 x Bamboo à  Mboubou pour 1.00 β le survie_new
[19:59:55] [ITEM_SOLD]: xerinou vendu 64 x Cooked Porkchop à  Yohan81 pour 50.00 β le survie_new
[22:30:42] [ITEM_LISTED]: ianito vend 1 x Leather Leggings  [Mending] pour 500.00β sur survie_new
[22:59:30] [ITEM_DROPPED]: Abandon de la vente CroixVeBaton expirée de 1 x Panel d'outil  pour 0.00β à leurs pieds le survie_new
[23:18:03] [ITEM_LISTED]: AlphaFox_FR vend 1 x Globe  pour 5,000.00β sur survie_new
[23:19:08] [ITEM_CANCELLED]: AlphaFox_FR annule la vente de 1x Globe pour 5,000.00β sur survie_new
[23:19:22] [ITEM_RETURNED]: 1 x Globe  renvoyé à AlphaFox_FR le survie_new
[23:19:36] [ITEM_LISTED]: AlphaFox_FR vend 1 x Globe  pour 2,500.00β sur survie_new
[23:20:41] [ITEM_LISTED]: Yohan81 vend 1 x Written Book  pour 7,000.00β sur survie_new
[23:20:44] [ITEM_SOLD]: AlphaFox_FR vendu 1 x Globe à  CouzVeBaton pour 2,500.00 β le survie_new
