[00:24:56] [ITEM_LISTED]: Haru_M listed 64x Quartz Block for $1,500.00 on survie_new
[00:24:58] [ITEM_LISTED]: Haru_M listed 64x Quartz Block for $1,500.00 on survie_new
[00:25:00] [ITEM_LISTED]: Haru_M listed 64x Quartz Block for $1,500.00 on survie_new
[00:25:12] [ITEM_LISTED]: Haru_M listed 1x Heart Of The Sea for $1,500.00 on survie_new
[00:25:14] [ITEM_LISTED]: Haru_M listed 1x Heart Of The Sea for $1,500.00 on survie_new
[00:26:49] [ITEM_SOLD]: Kaam98 sold 1x Diamond Sword to  [Smite III, Sweeping Edge III, Unbreaking III]Haru_M for $150.00 on survie_new
[01:03:12] [ITEM_LISTED]: Haru_M listed 3x Gold Ingot for $10.00 on Nether
[01:03:33] [ITEM_CANCELLED]: Haru_M cancelled an auction for 3x Gold Ingot for $10.00 on Nether
[01:03:41] [ITEM_RETURNED]: Returned 12x Book to Haru_M on survie_new
[01:03:43] [ITEM_RETURNED]: Returned 3x Gold Ingot to Haru_M on Nether
[01:05:07] [ITEM_LISTED]: Haru_M listed 64x Quartz Block for $1,200.00 on survie_new
[01:05:09] [ITEM_LISTED]: Haru_M listed 64x Quartz Block for $1,200.00 on survie_new
[01:05:10] [ITEM_LISTED]: Haru_M listed 64x Quartz Block for $1,200.00 on survie_new
[02:19:50] [ITEM_LISTED]: Piltrax listed 1x Diamond Chestplate [Protection II] for $100.00 on spawn
[02:19:56] [ITEM_LISTED]: Piltrax listed 1x Diamond Chestplate [Unbreaking I] for $100.00 on spawn
[02:19:59] [ITEM_LISTED]: Piltrax listed 1x Diamond Chestplate [Projectile Protection I] for $100.00 on spawn
[02:20:02] [ITEM_LISTED]: Piltrax listed 1x Diamond Chestplate [Projectile Protection II, Unbreaking I] for $100.00 on spawn
[02:20:08] [ITEM_LISTED]: Piltrax listed 1x Diamond Chestplate [Protection I] for $100.00 on spawn
[02:20:10] [ITEM_LISTED]: Piltrax listed 1x Diamond Chestplate [Unbreaking I] for $100.00 on spawn
[10:31:24] [ITEM_SOLD]: Kaam98 sold 1x Diamond Leggings to  [Protection IV, Unbreaking III]_Hipix_ for $1,200.00 on survie_new
[10:37:08] [ITEM_SOLD]: Kaam98 sold 1x Diamond Helmet to  [Protection IV, Unbreaking III]jos807 for $800.00 on survie_new
[10:37:14] [ITEM_SOLD]: Kaam98 sold 1x Diamond Leggings to  [Protection IV, Unbreaking III]jos807 for $1,200.00 on survie_new
[10:37:32] [ITEM_SOLD]: Haru_M sold 64x Quartz Block to jos807 for $1,500.00 on survie_new
[10:37:43] [ITEM_SOLD]: Kaam98 sold 1x Diamond Pickaxe to  [Efficiency III]jos807 for $400.00 on survie_new
[10:37:52] [ITEM_SOLD]: Kaam98 sold 1x Diamond Chestplate to  [Protection III, Unbreaking III]jos807 for $1,200.00 on survie_new
[10:38:21] [ITEM_SOLD]: Piltrax sold 1x Diamond Chestplate to  [Protection II]jos807 for $100.00 on spawn
[10:38:23] [ITEM_SOLD]: Piltrax sold 1x Diamond Chestplate to  [Protection I]jos807 for $100.00 on spawn
[10:38:49] [ITEM_SOLD]: Kaam98 sold 1x Diamond Boots to  [Feather Falling IV, Protection III]jos807 for $800.00 on survie_new
[10:38:53] [ITEM_SOLD]: Kaam98 sold 1x Diamond Boots to  [Depth Strider III, Protection IV, Unbreaking III]jos807 for $1,200.00 on survie_new
[11:19:31] [ITEM_SOLD]: Kaam98 sold 1x Diamond Boots to  [Unbreaking III]RivJug for $400.00 on survie_new
[11:48:28] [ITEM_LISTED]: CapitaineNiamor listed 1x Enchanted Book for $4,000.00 on survie_new
[11:48:34] [ITEM_SOLD]: CapitaineNiamor sold 1x Enchanted Book to Haru_M for $4,000.00 on survie_new
[12:34:20] [ITEM_LISTED]: Haru_M listed 64x Bookshelf for $1,000.00 on survie_new
[12:42:35] [ITEM_SOLD]: Kaio_Beninou sold 1x [Cave spider Spawner] to _Hipix_ for $3,000.00 on survie_new
[12:55:29] [ITEM_LISTED]: laennolife listed 1x Enchanted Book for $500.00 on survie_new
[13:14:35] [ITEM_LISTED]: Haru_M listed 31x Cooked Porkchop for $50.00 on Ressource
[13:15:04] [ITEM_SOLD]: Haru_M sold 31x Cooked Porkchop to mayte_ for $50.00 on Ressource
[13:39:16] [ITEM_LISTED]: lonely_knight listed 64x Cooked Salmon for $50.00 on spawn
[13:39:20] [ITEM_LISTED]: lonely_knight listed 64x Cooked Salmon for $50.00 on spawn
[13:39:25] [ITEM_LISTED]: lonely_knight listed 64x Cooked Salmon for $50.00 on spawn
[13:39:29] [ITEM_LISTED]: lonely_knight listed 64x Cooked Salmon for $50.00 on spawn
[13:39:32] [ITEM_LISTED]: lonely_knight listed 64x Cooked Salmon for $50.00 on spawn
[13:39:42] [ITEM_LISTED]: Haru_M listed 12x Cooked Beef for $5.00 on Ressource
[13:39:52] [ITEM_SOLD]: lonely_knight sold 64x Cooked Salmon to Nexusso for $50.00 on spawn
[13:39:54] [ITEM_SOLD]: lonely_knight sold 64x Cooked Salmon to Nexusso for $50.00 on spawn
[13:40:02] [ITEM_SOLD]: Kaam98 sold 1x Diamond Sword to  [Sharpness III]Murdock_Co for $150.00 on survie_new
[13:40:05] [ITEM_SOLD]: lonely_knight sold 64x Cooked Salmon to Nexusso for $50.00 on spawn
[13:40:17] [ITEM_SOLD]: lonely_knight sold 64x Cooked Salmon to Nexusso for $50.00 on spawn
[13:40:23] [ITEM_SOLD]: lonely_knight sold 64x Cooked Salmon to Nexusso for $50.00 on spawn
[13:41:09] [ITEM_SOLD]: Haru_M sold 12x Cooked Beef to mayte_ for $5.00 on Ressource
[13:45:04] [ITEM_SOLD]: Axernon sold 43x Rail to mayte_ for $120.00 on spawn
[14:07:12] [ITEM_LISTED]: lonely_knight listed 64x Cooked Porkchop for $100.00 on spawn
[14:07:16] [ITEM_SOLD]: Kaam98 sold 1x Diamond Boots to  [Protection III, Unbreaking III]Draiikow for $600.00 on survie_new
[14:07:25] [ITEM_LISTED]: lonely_knight listed 64x Cooked Porkchop for $100.00 on spawn
[14:07:43] [ITEM_SOLD]: lonely_knight sold 64x Cooked Porkchop to mayte_ for $100.00 on spawn
[14:08:31] [ITEM_SOLD]: lonely_knight sold 64x Cooked Porkchop to Draiikow for $100.00 on spawn
[14:08:55] [ITEM_SOLD]: laennolife sold 1x Enchanted Book to Draiikow for $500.00 on survie_new
[14:10:37] [ITEM_LISTED]: mayte_ listed 5x Name Tag for $1,500.00 on Ressource
[14:14:08] [ITEM_SOLD]: mayte_ sold 5x Name Tag to Haru_M for $1,500.00 on Ressource
[14:17:35] [ITEM_LISTED]: H_Caw listed 1x Enchanted Book for $2,500.00 on survie_new
[14:17:38] [ITEM_LISTED]: H_Caw listed 1x Enchanted Book for $2,500.00 on survie_new
[14:17:40] [ITEM_LISTED]: H_Caw listed 1x Enchanted Book for $2,500.00 on survie_new
[14:23:21] [ITEM_CANCELLED]: Haru_M cancelled an auction for 64x Quartz Block for $1,500.00 on survie_new
[14:23:22] [ITEM_CANCELLED]: Haru_M cancelled an auction for 64x Quartz Block for $1,500.00 on survie_new
[14:23:22] [ITEM_CANCELLED]: Haru_M cancelled an auction for 1x Heart Of The Sea for $1,500.00 on survie_new
[14:23:22] [ITEM_CANCELLED]: Haru_M cancelled an auction for 1x Heart Of The Sea for $1,500.00 on survie_new
[14:23:24] [ITEM_CANCELLED]: Haru_M cancelled an auction for 64x Quartz Block for $1,200.00 on survie_new
[14:23:24] [ITEM_CANCELLED]: Haru_M cancelled an auction for 64x Quartz Block for $1,200.00 on survie_new
[14:23:25] [ITEM_CANCELLED]: Haru_M cancelled an auction for 64x Quartz Block for $1,200.00 on survie_new
[14:23:25] [ITEM_CANCELLED]: Haru_M cancelled an auction for 64x Bookshelf for $1,000.00 on survie_new
[14:23:59] [ITEM_RETURNED]: Returned 64x Quartz Block to Haru_M on survie_new
[14:24:01] [ITEM_RETURNED]: Returned 64x Quartz Block to Haru_M on survie_new
[14:24:02] [ITEM_RETURNED]: Returned 64x Quartz Block to Haru_M on survie_new
[14:24:03] [ITEM_RETURNED]: Returned 64x Quartz Block to Haru_M on survie_new
[14:24:04] [ITEM_RETURNED]: Returned 64x Quartz Block to Haru_M on survie_new
[14:24:10] [ITEM_LISTED]: Haru_M listed 64x Quartz Block for $1,000.00 on Ressource
[14:24:15] [ITEM_LISTED]: Haru_M listed 64x Quartz Block for $1,000.00 on Ressource
[14:24:19] [ITEM_LISTED]: Haru_M listed 64x Quartz Block for $1,000.00 on Ressource
[14:24:20] [ITEM_LISTED]: Haru_M listed 64x Quartz Block for $1,000.00 on Ressource
[14:24:29] [ITEM_LISTED]: Haru_M listed 64x Quartz Block for $1,000.00 on Ressource
[15:05:57] [ITEM_LISTED]: Pseudal__ listed 8x Nautilus Shell for $1,000.00 on survie_new
[15:06:04] [ITEM_LISTED]: Pseudal__ listed 8x Nautilus Shell for $1,000.00 on survie_new
[15:06:10] [ITEM_LISTED]: Pseudal__ listed 8x Nautilus Shell for $1,000.00 on survie_new
[15:06:16] [ITEM_LISTED]: Pseudal__ listed 8x Nautilus Shell for $1,000.00 on survie_new
[15:07:39] [ITEM_LISTED]: blocux listed 2x Emerald for $100.00 on spawn
[15:10:29] [ITEM_LISTED]: CapitaineNiamor listed 1x Iron Chestplate [Protection IV, Unbreaking III] for $500.00 on survie_new
[15:10:39] [ITEM_LISTED]: CapitaineNiamor listed 1x Diamond Leggings [Protection IV, Unbreaking III] for $2,000.00 on survie_new
[15:10:49] [ITEM_LISTED]: CapitaineNiamor listed 1x Diamond Helmet [Curse of Binding, Protection IV] for $500.00 on survie_new
[15:10:57] [ITEM_LISTED]: CapitaineNiamor listed 1x Diamond Leggings [Protection IV] for $1,000.00 on survie_new
[15:11:01] [ITEM_LISTED]: CapitaineNiamor listed 1x Iron Leggings [Blast Protection IV, Unbreaking III, Curse of Vanishing] for $500.00 on survie_new
[15:11:06] [ITEM_LISTED]: CapitaineNiamor listed 1x Iron Chestplate [Curse of Binding, Protection IV] for $500.00 on survie_new
[15:11:17] [ITEM_LISTED]: CapitaineNiamor listed 1x Iron Shovel [Efficiency III, Fortune I] for $100.00 on survie_new
[15:13:20] [ITEM_LISTED]: CapitaineNiamor listed 1x Diamond Pickaxe [Efficiency III] for $500.00 on survie_new
[15:16:46] [ITEM_SOLD]: Kaam98 sold 1x Bow to  [Flame, Infinity, Power V, Punch II, Unbreaking III]Haru_M for $6,000.00 on survie_new
[15:30:15] [ITEM_SOLD]: H_Caw sold 16x Diamond to mayte_ for $1,700.00 on Survie
[15:33:26] [ITEM_SOLD]: Kaam98 sold 1x Diamond Leggings to  [Protection III, Unbreaking III]Draiikow for $700.00 on survie_new
[15:34:15] [ITEM_SOLD]: Kaam98 sold 1x Diamond Helmet to  [Protection III, Respiration III]Draiikow for $600.00 on survie_new
[15:52:02] [ITEM_SOLD]: Axernon sold 3x Cocoa Beans to Murdock_Co for $75.00 on spawn
[15:52:34] [ITEM_SOLD]: lonely_knight sold 1x Enchanted Book to Murdock_Co for $3,000.00 on spawn
[15:58:31] [ITEM_SOLD]: CapitaineNiamor sold 1x Diamond Pickaxe to  [Efficiency III]mayte_ for $500.00 on survie_new
[16:24:40] [ITEM_SOLD]: limastic sold 1x Saddle to Devain57 for $100.00 on survie_new
[16:31:34] [ITEM_LISTED]: thariaka listed 16x Cooked Porkchop for $100.00 on Ressource
[16:31:46] [ITEM_LISTED]: thariaka listed 16x Cooked Beef for $100.00 on Ressource
[16:31:56] [ITEM_LISTED]: thariaka listed 16x Cooked Beef for $100.00 on Ressource
[16:32:01] [ITEM_LISTED]: thariaka listed 16x Cooked Beef for $100.00 on Ressource
[16:32:06] [ITEM_LISTED]: thariaka listed 16x Cooked Beef for $100.00 on Ressource
[16:32:22] [ITEM_LISTED]: thariaka listed 16x Leather for $300.00 on Ressource
[16:32:34] [ITEM_LISTED]: thariaka listed 16x Leather for $300.00 on Ressource
[16:32:41] [ITEM_LISTED]: thariaka listed 16x Leather for $300.00 on Ressource
[16:32:45] [ITEM_LISTED]: thariaka listed 16x Leather for $300.00 on Ressource
[16:32:50] [ITEM_LISTED]: thariaka listed 16x Leather for $300.00 on Ressource
[16:32:55] [ITEM_LISTED]: thariaka listed 16x Leather for $300.00 on Ressource
[16:33:05] [ITEM_LISTED]: thariaka listed 16x Cooked Mutton for $80.00 on Ressource
[16:33:10] [ITEM_LISTED]: thariaka listed 16x Cooked Mutton for $80.00 on Ressource
[16:33:13] [ITEM_LISTED]: thariaka listed 16x Cooked Mutton for $80.00 on Ressource
[16:33:17] [ITEM_LISTED]: thariaka listed 16x Cooked Mutton for $80.00 on Ressource
[16:33:27] [ITEM_LISTED]: thariaka listed 16x Cooked Mutton for $80.00 on Ressource
[16:33:33] [ITEM_LISTED]: thariaka listed 16x Cooked Beef for $100.00 on Ressource
[16:33:39] [ITEM_LISTED]: thariaka listed 16x Cooked Beef for $100.00 on Ressource
[16:37:44] [ITEM_SOLD]: Kaam98 sold 1x Name Tag to Devain57 for $500.00 on survie_new
[16:40:50] [ITEM_LISTED]: blocux listed 64x Baked Potato for $40.00 on spawn
[16:47:25] [ITEM_LISTED]: mayte_ listed 1x Diamond Chestplate for $150.00 on survie_new
[16:47:27] [ITEM_LISTED]: mayte_ listed 1x Diamond Chestplate for $150.00 on survie_new
[16:47:28] [ITEM_LISTED]: mayte_ listed 1x Diamond Chestplate for $150.00 on survie_new
[16:47:30] [ITEM_LISTED]: mayte_ listed 1x Diamond Chestplate for $150.00 on survie_new
[16:47:31] [ITEM_LISTED]: mayte_ listed 1x Diamond Chestplate for $150.00 on survie_new
[16:47:33] [ITEM_LISTED]: mayte_ listed 1x Diamond Chestplate for $150.00 on survie_new
[16:49:16] [ITEM_SOLD]: thariaka sold 16x Cooked Porkchop to Marie for $100.00 on Ressource
[16:49:25] [ITEM_SOLD]: mayte_ sold 1x Diamond Chestplate to Marie for $150.00 on survie_new
[16:58:08] [ITEM_SOLD]: blocux sold 2x Emerald to The_Wiz_D for $100.00 on spawn
[16:58:09] [ITEM_SOLD]: blocux sold 5x Emerald to The_Wiz_D for $250.00 on spawn
[16:58:16] [ITEM_SOLD]: Axernon sold 2x Emerald to The_Wiz_D for $100.00 on spawn
[16:58:25] [ITEM_SOLD]: Axernon sold 4x Emerald to The_Wiz_D for $210.00 on spawn
[17:00:13] [ITEM_LISTED]: mayte_ listed 1x Diamond Chestplate for $150.00 on survie_new
[17:00:16] [ITEM_LISTED]: mayte_ listed 1x Diamond Chestplate for $150.00 on survie_new
[17:00:21] [ITEM_LISTED]: mayte_ listed 1x Diamond Chestplate for $150.00 on survie_new
[17:00:23] [ITEM_LISTED]: mayte_ listed 1x Diamond Chestplate for $150.00 on survie_new
[17:10:55] [ITEM_LISTED]: mayte_ listed 1x Diamond Chestplate for $150.00 on survie_new
[17:10:57] [ITEM_LISTED]: mayte_ listed 1x Diamond Chestplate for $150.00 on survie_new
[17:13:41] [ITEM_LISTED]: The_Wiz_D listed 1x [Cave spider Spawner] for $10,000.00 on survie_new
[17:13:44] [ITEM_LISTED]: The_Wiz_D listed 1x [Cave spider Spawner] for $10,000.00 on survie_new
[17:13:45] [ITEM_LISTED]: The_Wiz_D listed 1x [Zombie Spawner] for $10,000.00 on survie_new
[17:14:06] [ITEM_CANCELLED]: mayte_ cancelled an auction for 1x Diamond Chestplate for $150.00 on survie_new
[17:14:08] [ITEM_RETURNED]: Returned 1x Diamond Chestplate to mayte_ on survie_new
[17:14:32] [ITEM_LISTED]: mayte_ listed 1x Diamond Chestplate for $150.00 on survie_new
[17:51:24] [ITEM_LISTED]: mayte_ listed 1x Cobblestone for $2,300.00 on survie_new
[17:51:32] [ITEM_SOLD]: mayte_ sold 1x Cobblestone to Player875 for $2,300.00 on survie_new
[17:53:15] [ITEM_LISTED]: mayte_ listed 1x Cobblestone for $2,500.00 on survie_new
[17:53:21] [ITEM_SOLD]: mayte_ sold 1x Cobblestone to blublu88 for $2,500.00 on survie_new
[17:54:37] [ITEM_SOLD]: Kaam98 sold 1x Diamond Leggings to  [Unbreaking III]thariaka for $500.00 on survie_new
[17:54:51] [ITEM_SOLD]: Kaam98 sold 1x Diamond Boots to  [Protection III]thariaka for $500.00 on survie_new
[17:55:26] [ITEM_SOLD]: Kaam98 sold 1x Diamond Helmet to  [Fire Protection III, Unbreaking III]thariaka for $500.00 on survie_new
[17:55:42] [ITEM_LISTED]: mayte_ listed 1x Cobblestone for $2,500.00 on survie_new
[17:55:49] [ITEM_SOLD]: mayte_ sold 1x Cobblestone to polettedu89 for $2,500.00 on survie_new
[17:57:17] [ITEM_LISTED]: Draiikow listed 1x Melon Slice for $6,000.00 on Ressource
[17:57:23] [ITEM_SOLD]: Draiikow sold 1x Melon Slice to mayte_ for $6,000.00 on Ressource
[18:00:06] [ITEM_LISTED]: mayte_ listed 1x Cobblestone for $2,500.00 on survie_new
[18:00:12] [ITEM_SOLD]: mayte_ sold 1x Cobblestone to exodlegend for $2,500.00 on survie_new
[18:15:01] [ITEM_SOLD]: thariaka sold 16x Leather to Draiikow for $300.00 on Ressource
[18:18:11] [ITEM_LISTED]: mayte_ listed 2x Mutton for $2,500.00 on survie_new
[18:18:16] [ITEM_SOLD]: mayte_ sold 2x Mutton to lefoudu26 for $2,500.00 on survie_new
[18:18:53] [ITEM_LISTED]: CapitaineNiamor listed 1x Elytra for $7,000.00 on survie_new
[18:19:03] [ITEM_SOLD]: CapitaineNiamor sold 1x Elytra to mayte_ for $7,000.00 on survie_new
[18:33:26] [ITEM_SOLD]: thariaka sold 16x Cooked Beef to mayte_ for $100.00 on Ressource
[18:33:28] [ITEM_SOLD]: thariaka sold 16x Cooked Beef to mayte_ for $100.00 on Ressource
[18:52:27] [ITEM_CANCELLED]: Flacabon cancelled an auction for 1x Golden Horse Armor for $3,500.00 on spawn
[18:52:30] [ITEM_CANCELLED]: Flacabon cancelled an auction for 1x [Zombie Spawner] for $30,000.00 on spawn
[18:52:34] [ITEM_RETURNED]: Returned 1x [Zombie Spawner] to Flacabon on spawn
[18:52:35] [ITEM_RETURNED]: Returned 1x Golden Horse Armor to Flacabon on spawn
[18:52:49] [ITEM_LISTED]: Flacabon listed 1x [Zombie Spawner] for $15,000.00 on spawn
[18:53:11] [ITEM_LISTED]: Flacabon listed 1x Golden Horse Armor for $1,000.00 on spawn
[18:57:06] [ITEM_LISTED]: The_Wiz_D listed 1x Diamond Horse Armor for $100.00 on survie_new
[18:57:11] [ITEM_LISTED]: The_Wiz_D listed 1x Golden Horse Armor for $5.00 on survie_new
[18:57:19] [ITEM_LISTED]: The_Wiz_D listed 1x Golden Horse Armor for $50.00 on survie_new
[18:57:21] [ITEM_LISTED]: The_Wiz_D listed 1x Golden Horse Armor for $50.00 on survie_new
[18:57:25] [ITEM_LISTED]: The_Wiz_D listed 1x Golden Horse Armor for $50.00 on survie_new
[18:57:29] [ITEM_LISTED]: The_Wiz_D listed 1x Iron Horse Armor for $20.00 on survie_new
[18:57:31] [ITEM_LISTED]: The_Wiz_D listed 1x Iron Horse Armor for $20.00 on survie_new
[18:57:34] [ITEM_LISTED]: The_Wiz_D listed 1x Iron Horse Armor for $20.00 on survie_new
[18:57:36] [ITEM_LISTED]: The_Wiz_D listed 1x Iron Horse Armor for $20.00 on survie_new
[18:58:05] [ITEM_CANCELLED]: The_Wiz_D cancelled an auction for 1x Golden Horse Armor for $5.00 on survie_new
[18:58:16] [ITEM_RETURNED]: Returned 1x Golden Horse Armor to The_Wiz_D on survie_new
[18:58:20] [ITEM_LISTED]: The_Wiz_D listed 1x Golden Horse Armor for $50.00 on survie_new
[19:04:42] [ITEM_SOLD]: thariaka sold 16x Leather to Draiikow for $300.00 on Ressource
[19:08:44] [ITEM_LISTED]: Draiikow listed 16x Leather for $2,300.00 on survie_new
[19:08:55] [ITEM_SOLD]: Draiikow sold 16x Leather to _Karzana_ for $2,300.00 on survie_new
[19:23:48] [ITEM_LISTED]: lonely_knight listed 1x Enchanted Book for $3,000.00 on spawn
[19:57:17] [ITEM_LISTED]: lonely_knight listed 1x Enchanted Book for $3,000.00 on survie_new
[20:05:02] [ITEM_LISTED]: mayte_ listed 1x Cobblestone for $2,500.00 on survie_new
[20:05:05] [ITEM_LISTED]: mayte_ listed 1x Cobblestone for $2,500.00 on survie_new
[20:05:06] [ITEM_LISTED]: mayte_ listed 1x Cobblestone for $2,500.00 on survie_new
[20:05:08] [ITEM_LISTED]: mayte_ listed 1x Cobblestone for $2,500.00 on survie_new
[20:05:09] [ITEM_LISTED]: mayte_ listed 1x Cobblestone for $2,500.00 on survie_new
[20:05:10] [ITEM_LISTED]: mayte_ listed 1x Cobblestone for $2,500.00 on survie_new
[20:05:12] [ITEM_LISTED]: mayte_ listed 1x Cobblestone for $2,500.00 on survie_new
[20:05:13] [ITEM_LISTED]: mayte_ listed 1x Cobblestone for $2,500.00 on survie_new
[20:05:15] [ITEM_LISTED]: mayte_ listed 1x Cobblestone for $2,500.00 on survie_new
[20:28:43] [ITEM_LISTED]: Draiikow listed 48x Carrot for $0.10 on survie_new
[20:28:46] [ITEM_SOLD]: Draiikow sold 48x Carrot to mayte_ for $0.10 on survie_new
[20:30:19] [ITEM_CANCELLED]: Flacabon cancelled an auction for 1x [Zombie Spawner] for $15,000.00 on spawn
[20:30:21] [ITEM_CANCELLED]: Flacabon cancelled an auction for 1x Golden Horse Armor for $1,000.00 on spawn
[20:30:23] [ITEM_RETURNED]: Returned 1x [Zombie Spawner] to Flacabon on spawn
[20:30:27] [ITEM_RETURNED]: Returned 1x Golden Horse Armor to Flacabon on spawn
[20:35:44] [ITEM_SOLD]: lonely_knight sold 1x Enchanted Book to gobtout for $3,000.00 on spawn
[21:01:50] [ITEM_SOLD]: Kaam98 sold 1x Diamond Helmet to  [Aqua Affinity, Fire Protection IV, Unbreaking III]Haru_M for $1,200.00 on survie_new
[21:02:06] [ITEM_LISTED]: lonely_knight listed 16x Sponge for $10,000.00 on survie_new
[21:02:14] [ITEM_LISTED]: lonely_knight listed 1x Enchanted Book for $3,000.00 on survie_new
[21:29:45] [ITEM_LISTED]: Draiikow listed 1x Carrot On A Stick for $15.00 on survie_new
[21:29:47] [ITEM_LISTED]: Draiikow listed 1x Carrot On A Stick for $15.00 on survie_new
[21:29:51] [ITEM_LISTED]: Draiikow listed 1x Carrot On A Stick for $15.00 on survie_new
[21:29:52] [ITEM_LISTED]: Draiikow listed 1x Carrot On A Stick for $15.00 on survie_new
[21:29:54] [ITEM_LISTED]: Draiikow listed 1x Carrot On A Stick for $15.00 on survie_new
[21:29:56] [ITEM_LISTED]: Draiikow listed 1x Carrot On A Stick for $15.00 on survie_new
[21:29:59] [ITEM_LISTED]: Draiikow listed 1x Carrot On A Stick for $15.00 on survie_new
[21:30:00] [ITEM_LISTED]: Draiikow listed 1x Carrot On A Stick for $15.00 on survie_new
[21:30:03] [ITEM_LISTED]: Draiikow listed 1x Carrot On A Stick for $15.00 on survie_new
[21:30:04] [ITEM_LISTED]: Draiikow listed 1x Carrot On A Stick for $15.00 on survie_new
[21:30:07] [ITEM_LISTED]: Draiikow listed 1x Carrot On A Stick for $15.00 on survie_new
[21:30:08] [ITEM_LISTED]: Draiikow listed 1x Carrot On A Stick for $15.00 on survie_new
[21:30:11] [ITEM_LISTED]: Draiikow listed 1x Carrot On A Stick for $15.00 on survie_new
[21:30:13] [ITEM_LISTED]: Draiikow listed 1x Carrot On A Stick for $15.00 on survie_new
[21:30:14] [ITEM_LISTED]: Draiikow listed 1x Carrot On A Stick for $15.00 on survie_new
[21:32:02] [ITEM_LISTED]: Draiikow listed 1x Player Head for $2,000.00 on survie_new
[21:32:36] [ITEM_CANCELLED]: Draiikow cancelled an auction for 1x Player Head for $2,000.00 on survie_new
[21:32:40] [ITEM_LISTED]: Draiikow listed 1x Player Head for $4,000.00 on survie_new
[21:32:43] [ITEM_LISTED]: Draiikow listed 1x Player Head for $4,000.00 on survie_new
[21:32:50] [ITEM_LISTED]: Draiikow listed 1x Player Head for $4,000.00 on survie_new
[21:32:52] [ITEM_LISTED]: Draiikow listed 1x Player Head for $4,000.00 on survie_new
[21:32:56] [ITEM_LISTED]: Draiikow listed 1x Player Head for $4,000.00 on survie_new
[21:36:06] [ITEM_CANCELLED]: Draiikow cancelled an auction for 1x Carrot On A Stick for $15.00 on survie_new
[21:36:06] [ITEM_CANCELLED]: Draiikow cancelled an auction for 1x Carrot On A Stick for $15.00 on survie_new
[21:36:07] [ITEM_CANCELLED]: Draiikow cancelled an auction for 1x Carrot On A Stick for $15.00 on survie_new
[21:36:07] [ITEM_CANCELLED]: Draiikow cancelled an auction for 1x Carrot On A Stick for $15.00 on survie_new
[21:36:07] [ITEM_CANCELLED]: Draiikow cancelled an auction for 1x Carrot On A Stick for $15.00 on survie_new
[21:36:08] [ITEM_CANCELLED]: Draiikow cancelled an auction for 1x Carrot On A Stick for $15.00 on survie_new
[21:36:08] [ITEM_CANCELLED]: Draiikow cancelled an auction for 1x Carrot On A Stick for $15.00 on survie_new
[21:36:09] [ITEM_CANCELLED]: Draiikow cancelled an auction for 1x Carrot On A Stick for $15.00 on survie_new
[21:36:11] [ITEM_CANCELLED]: Draiikow cancelled an auction for 1x Carrot On A Stick for $15.00 on survie_new
[21:36:11] [ITEM_CANCELLED]: Draiikow cancelled an auction for 1x Carrot On A Stick for $15.00 on survie_new
[21:36:13] [ITEM_CANCELLED]: Draiikow cancelled an auction for 1x Carrot On A Stick for $15.00 on survie_new
[21:36:13] [ITEM_CANCELLED]: Draiikow cancelled an auction for 1x Carrot On A Stick for $15.00 on survie_new
[21:36:14] [ITEM_CANCELLED]: Draiikow cancelled an auction for 1x Carrot On A Stick for $15.00 on survie_new
[21:36:55] [ITEM_LISTED]: mayte_ listed 1x Crossbow for $200.00 on spawn
[21:38:03] [ITEM_LISTED]: Draiikow listed 1x Nether Wart for $150.00 on survie_new
[21:38:07] [ITEM_SOLD]: Draiikow sold 1x Nether Wart to RKBouRiTo for $150.00 on survie_new
[21:38:52] [ITEM_LISTED]: Draiikow listed 3x Nether Wart for $450.00 on survie_new
[21:39:39] [ITEM_SOLD]: thariaka sold 16x Leather to mayte_ for $300.00 on Ressource
[21:52:37] [ITEM_LISTED]: mayte_ listed 3x Name Tag for $1,500.00 on survie_new
[21:52:39] [ITEM_LISTED]: mayte_ listed 26x Chorus Fruit for $1,500.00 on survie_new
[21:52:41] [ITEM_LISTED]: mayte_ listed 2x Golden Apple for $1,500.00 on survie_new
[21:52:47] [ITEM_LISTED]: mayte_ listed 1x Enchanted Book for $200.00 on survie_new
[22:08:22] [ITEM_SOLD]: lonely_knight sold 1x Enchanted Book to ken2127 for $3,000.00 on survie_new
[22:14:43] [ITEM_LISTED]: Haru_M listed 3x [Blaze Spawner] for $10,000.00 on survie_new
[22:20:12] [ITEM_LISTED]: Draiikow listed 14x Diorite for $2,300.00 on Ressource
[22:20:22] [ITEM_SOLD]: Draiikow sold 14x Diorite to Bugha for $2,300.00 on Ressource
[22:25:01] [ITEM_SOLD]: mayte_ sold 1x Crossbow to OliverQueen for $200.00 on spawn
[22:25:31] [ITEM_LISTED]: Draiikow listed 2x Stick for $2,300.00 on Ressource
[22:25:40] [ITEM_SOLD]: Draiikow sold 2x Stick to OliverQueen for $2,300.00 on Ressource
[22:32:07] [ITEM_LISTED]: Draiikow listed 10x Cobblestone for $2,500.00 on Ressource
[22:32:15] [ITEM_SOLD]: Draiikow sold 10x Cobblestone to LeBouseuh for $2,500.00 on Ressource
[22:37:13] [ITEM_LISTED]: Draiikow listed 1x Oak Planks for $2,500.00 on survie_new
[22:37:22] [ITEM_SOLD]: Draiikow sold 1x Oak Planks to MiaLaPro for $2,500.00 on survie_new
[22:43:06] [ITEM_LISTED]: Draiikow listed 1x Oak Planks for $2,500.00 on survie_new
[22:43:14] [ITEM_SOLD]: Draiikow sold 1x Oak Planks to JeanEude for $2,500.00 on survie_new
[22:44:49] [ITEM_SOLD]: blocux sold 64x Baked Potato to Joox_ for $40.00 on spawn
[22:44:58] [ITEM_SOLD]: CapitaineNiamor sold 1x Diamond Leggings to  [Protection IV, Unbreaking III]Vengeur2005 for $2,000.00 on survie_new
[23:09:13] [ITEM_LISTED]: blocux listed 2x Slime Ball for $70.00 on spawn
[23:11:43] [ITEM_LISTED]: CapitaineNiamor listed 1x Enchanted Book for $4,000.00 on survie_new
