[11:07:44] [ITEM_SOLD]: REGDYLAN vendu 1 x §;§:Spawner à Golem de fer 1x à  omega2028 pour 100,000.00 β le survie_new
[11:17:12] [ITEM_LISTED]: pikatchou82 vend 16 x Anvil  pour 1.00β sur survie_new
[11:39:50] [ITEM_LISTED]: omega2028 vend 1 x Livre pour une création Légendaire  pour 2,000.00β sur survie_new
[11:39:52] [ITEM_LISTED]: omega2028 vend 1 x Livre pour une création Légendaire  pour 2,000.00β sur survie_new
[11:39:53] [ITEM_LISTED]: omega2028 vend 1 x Livre pour une création Légendaire  pour 2,000.00β sur survie_new
[11:39:57] [ITEM_LISTED]: omega2028 vend 1 x Livre pour une création Légendaire  pour 2,000.00β sur survie_new
[11:40:06] [ITEM_SOLD]: omega2028 vendu 1 x Livre pour une création Légendaire à  aidan pour 2,000.00 β le survie_new
[11:40:07] [ITEM_SOLD]: omega2028 vendu 1 x Livre pour une création Légendaire à  aidan pour 2,000.00 β le survie_new
[11:40:09] [ITEM_SOLD]: omega2028 vendu 1 x Livre pour une création Légendaire à  aidan pour 2,000.00 β le survie_new
[11:40:10] [ITEM_SOLD]: omega2028 vendu 1 x Livre pour une création Légendaire à  aidan pour 2,000.00 β le survie_new
[11:55:24] [ITEM_LISTED]: Loan02 vend 64 x Gold Ingot  pour 1,300.00β sur survie_new
[11:59:37] [ITEM_SOLD]: Loan02 vendu 64 x Gold Ingot à  pikatchou82 pour 1,300.00 β le survie_new
[12:00:49] [ITEM_LISTED]: Loan02 vend 17 x Gold Ingot  pour 340.00β sur survie_new
[12:00:58] [ITEM_SOLD]: Loan02 vendu 17 x Gold Ingot à  pikatchou82 pour 340.00 β le survie_new
[12:05:14] [ITEM_LISTED]: Loan02 vend 64 x Melon Seeds  pour 50.00β sur survie_new
[12:08:00] [ITEM_LISTED]: LLIcocoman_Hrz vend 8 x Sponge  pour 1,500.00β sur survie_new
[12:08:25] [ITEM_LISTED]: LLIcocoman_Hrz vend 1 x Chicken Spawn Egg  pour 2,000.00β sur survie_new
[12:08:27] [ITEM_LISTED]: LLIcocoman_Hrz vend 1 x Chicken Spawn Egg  pour 2,000.00β sur survie_new
[12:15:06] [ITEM_LISTED]: Loan02 vend 26 x Slime Ball  pour 3,000.00β sur survie_new
[12:50:22] [ITEM_CANCELLED]: Wenos_XIII annule la vente de 1x Enchanted Book pour 1,001.00β sur survie_new
[12:50:27] [ITEM_RETURNED]: 1 x Enchanted Book  renvoyé à Wenos_XIII le survie_new
[13:03:45] [ITEM_SOLD]: LLIcocoman_Hrz vendu 1 x Chicken Spawn Egg à  CouzVeBaton pour 2,000.00 β le survie_new
[13:03:47] [ITEM_SOLD]: LLIcocoman_Hrz vendu 1 x Chicken Spawn Egg à  CouzVeBaton pour 2,000.00 β le survie_new
[13:50:42] [ITEM_SOLD]: Loan02 vendu 64 x Melon Seeds à  vodkakov pour 50.00 β le survie_new
[13:51:10] [ITEM_LISTED]: Loan02 vend 1 x Diamond Axe  [Unbreaking III] pour 500.00β sur survie_new
[13:51:18] [ITEM_LISTED]: Loan02 vend 1 x Diamond Axe  [Unbreaking III, Fortune III] pour 1,000.00β sur survie_new
[13:51:32] [ITEM_LISTED]: Loan02 vend 1 x Diamond Sword  [Bane of Arthropods IV, Knockback II, Sweeping Edge III] pour 1,000.00β sur survie_new
[13:56:08] [ITEM_SOLD]: Wenos_XIII vendu 64 x Bamboo à  vodkakov pour 160.00 β le survie_new
[14:11:08] [ITEM_LISTED]: nonokiwi vend 1 x Diamond Sword  pour 1,000.00β sur survie_new
[14:11:12] [ITEM_LISTED]: nonokiwi vend 2 x Diamond  pour 1,000.00β sur survie_new
[14:15:40] [ITEM_SOLD]: omega2028 vendu 64 x Poppy à  Xx_Mania_xX pour 20.00 β le survie_new
[14:16:14] [ITEM_SOLD]: omega2028 vendu 64 x Poppy à  Xx_Mania_xX pour 20.00 β le survie_new
[14:16:15] [ITEM_SOLD]: omega2028 vendu 64 x Poppy à  Xx_Mania_xX pour 20.00 β le survie_new
[14:16:17] [ITEM_SOLD]: omega2028 vendu 64 x Poppy à  Xx_Mania_xX pour 20.00 β le survie_new
[14:16:29] [ITEM_LISTED]: pouille vend 64 x Melon Slice  pour 10.00β sur survie_new
[14:17:31] [ITEM_LISTED]: pouille vend 64 x Melon Slice  pour 20.00β sur survie_new
[14:17:40] [ITEM_SOLD]: omega2028 vendu 64 x Poppy à  Xx_Mania_xX pour 20.00 β le survie_new
[14:17:56] [ITEM_LISTED]: Yohan81 vend 15 x Spruce Log  pour 1.00β sur survie_new
[14:18:07] [ITEM_SOLD]: Yohan81 vendu 15 x Spruce Log à  Loan02 pour 1.00 β le survie_new
[14:18:47] [ITEM_LISTED]: pouille vend 64 x Melon Slice  pour 20.00β sur survie_new
[14:18:52] [ITEM_SOLD]: Wenos_XIII vendu 64 x Bamboo à  Xx_Mania_xX pour 160.00 β le survie_new
[14:19:01] [ITEM_LISTED]: pouille vend 64 x Melon Slice  pour 20.00β sur survie_new
[14:19:28] [ITEM_LISTED]: pouille vend 64 x Melon Slice  pour 100.00β sur survie_new
[14:19:53] [ITEM_LISTED]: pouille vend 64 x Melon Slice  pour 20.00β sur survie_new
[14:20:13] [ITEM_LISTED]: pouille vend 64 x Melon Slice  pour 20.00β sur survie_new
[14:20:21] [ITEM_SOLD]: Wenos_XIII vendu 64 x Dark Oak Log à  Loan02 pour 160.00 β le survie_new
[14:20:33] [ITEM_LISTED]: pouille vend 64 x Melon Slice  pour 20.00β sur survie_new
[14:21:44] [ITEM_LISTED]: pouille vend 64 x Melon Slice  pour 20.00β sur survie_new
[14:22:04] [ITEM_LISTED]: pouille vend 64 x Melon Slice  pour 20.00β sur survie_new
[14:47:48] [ITEM_CANCELLED]: bioniclucas annule la vente de 1x Cogsworth pour 100,000.00β sur survie_new
[14:47:51] [ITEM_RETURNED]: 1 x Cogsworth  renvoyé à bioniclucas le survie_new
[14:57:11] [ITEM_LISTED]: bioniclucas vend 3 x Dolphin Spawn Egg  pour 12,000.00β sur survie_new
[15:19:35] [ITEM_SOLD]: bioniclucas vendu 3 x Dolphin Spawn Egg à  CouzVeBaton pour 12,000.00 β le survie_new
[16:16:37] [ITEM_LISTED]: Loan02 vend 1 x Ampoule de Génie  pour 21,000.00β sur survie_new
[16:16:41] [ITEM_SOLD]: Loan02 vendu 1 x Ampoule de Génie à  CroixVeBaton pour 21,000.00 β le survie_new
[17:16:06] [ITEM_LISTED]: Loan02 vend 8 x Obsidian  pour 1.00β sur survie_new
[17:16:13] [ITEM_SOLD]: Loan02 vendu 8 x Obsidian à  Yohan81 pour 1.00 β le survie_new
[17:30:12] [ITEM_LISTED]: Yohan81 vend 1 x Shulker Box  pour 1,500.00β sur survie_new
[17:30:33] [ITEM_CANCELLED]: Yohan81 annule la vente de 1x Shulker Box pour 1,500.00β sur survie_new
[17:30:35] [ITEM_RETURNED]: 1 x Shulker Box  renvoyé à Yohan81 le survie_new
[17:30:41] [ITEM_LISTED]: Yohan81 vend 1 x Shulker Box  pour 2,000.00β sur survie_new_nether
[17:32:39] [ITEM_LISTED]: Loan02 vend 17 x Glowstone Dust  pour 10.00β sur survie_new
[17:32:42] [ITEM_SOLD]: Loan02 vendu 17 x Glowstone Dust à  Yohan81 pour 10.00 β le survie_new
[17:32:47] [ITEM_LISTED]: Loan02 vend 13 x Glowstone  pour 10.00β sur survie_new
[17:32:53] [ITEM_SOLD]: Loan02 vendu 13 x Glowstone à  Yohan81 pour 10.00 β le survie_new
[17:33:15] [ITEM_LISTED]: Yohan81 vend 64 x Glowstone  pour 10.00β sur survie_new_nether
[17:33:19] [ITEM_LISTED]: Yohan81 vend 64 x Glowstone  pour 10.00β sur survie_new_nether
[17:33:19] [ITEM_SOLD]: Yohan81 vendu 64 x Glowstone à  Loan02 pour 10.00 β le survie_new_nether
[17:33:23] [ITEM_LISTED]: Yohan81 vend 5 x Glowstone  pour 1.00β sur survie_new_nether
[17:33:39] [ITEM_SOLD]: Yohan81 vendu 64 x Glowstone à  Loan02 pour 10.00 β le survie_new_nether
[17:33:46] [ITEM_CANCELLED]: Yohan81 annule la vente de 5x Glowstone pour 1.00β sur survie_new_nether
[17:34:33] [ITEM_LISTED]: Yohan81 vend 64 x Spruce Slab  pour 1.00β sur survie_new_nether
[17:34:35] [ITEM_LISTED]: Yohan81 vend 64 x Spruce Slab  pour 1.00β sur survie_new_nether
[17:34:36] [ITEM_SOLD]: Yohan81 vendu 64 x Spruce Slab à  Loan02 pour 1.00 β le survie_new_nether
[17:34:40] [ITEM_LISTED]: Yohan81 vend 64 x Spruce Slab  pour 0.01β sur survie_new_nether
[17:34:42] [ITEM_LISTED]: Yohan81 vend 64 x Spruce Slab  pour 0.01β sur survie_new_nether
[17:34:47] [ITEM_LISTED]: Yohan81 vend 64 x Spruce Slab  pour 0.01β sur survie_new_nether
[17:34:49] [ITEM_LISTED]: Yohan81 vend 64 x Spruce Slab  pour 0.01β sur survie_new_nether
[17:34:51] [ITEM_LISTED]: Yohan81 vend 47 x Spruce Slab  pour 0.01β sur survie_new_nether
[17:35:26] [ITEM_SOLD]: Yohan81 vendu 64 x Spruce Slab à  Loan02 pour 1.00 β le survie_new_nether
[17:35:27] [ITEM_SOLD]: Yohan81 vendu 64 x Spruce Slab à  Loan02 pour 0.01 β le survie_new_nether
[17:35:29] [ITEM_SOLD]: Yohan81 vendu 64 x Spruce Slab à  Loan02 pour 0.01 β le survie_new_nether
[17:35:30] [ITEM_SOLD]: Yohan81 vendu 64 x Spruce Slab à  Loan02 pour 0.01 β le survie_new_nether
[17:35:32] [ITEM_SOLD]: Yohan81 vendu 64 x Spruce Slab à  Loan02 pour 0.01 β le survie_new_nether
[17:35:33] [ITEM_SOLD]: Yohan81 vendu 47 x Spruce Slab à  Loan02 pour 0.01 β le survie_new_nether
[17:42:42] [ITEM_LISTED]: Loan02 vend 48 x Glowstone  pour 1.00β sur survie_new
[17:42:43] [ITEM_SOLD]: Loan02 vendu 48 x Glowstone à  Yohan81 pour 1.00 β le survie_new
[17:42:47] [ITEM_LISTED]: Loan02 vend 64 x Glowstone  pour 1.00β sur survie_new
[17:42:48] [ITEM_SOLD]: Loan02 vendu 64 x Glowstone à  Yohan81 pour 1.00 β le survie_new
[18:59:00] [ITEM_LISTED]: omega2028 vend 32 x Iron Block  pour 5,184.00β sur survie_new
[18:59:12] [ITEM_SOLD]: omega2028 vendu 32 x Iron Block à  Isaorya pour 5,184.00 β le survie_new
