[00:30:17] [ITEM_LISTED]: Stebanou vend 64 x Acacia Log  pour 500.00β sur survie_new
[00:31:06] [ITEM_CANCELLED]: Stebanou annule la vente de 64x Acacia Log pour 500.00β sur survie_new
[00:31:09] [ITEM_RETURNED]: 64 x Acacia Log  renvoyé à Stebanou le survie_new
[00:31:16] [ITEM_LISTED]: Stebanou vend 64 x Acacia Log  pour 100.00β sur survie_new
[09:33:20] [ITEM_LISTED]: Kaio_Beninou vend 1 x Enchanted Book  pour 20,000.00β sur survie_new
[13:07:54] [ITEM_LISTED]: 74Matt vend 64 x Torch  pour 75.00β sur survie_new
[13:07:58] [ITEM_LISTED]: 74Matt vend 24 x Torch  pour 10.00β sur survie_new
[13:08:09] [ITEM_SOLD]: 74Matt vendu 64 x Torch à  Solasis7 pour 75.00 β le survie_new
[13:08:14] [ITEM_SOLD]: 74Matt vendu 24 x Torch à  Solasis7 pour 10.00 β le survie_new
[13:27:51] [ITEM_LISTED]: 74Matt vend 64 x Packed Ice  pour 750.00β sur survie_new
[13:28:04] [ITEM_LISTED]: 74Matt vend 64 x Packed Ice  pour 750.00β sur survie_new
[13:28:13] [ITEM_LISTED]: 74Matt vend 64 x Packed Ice  pour 750.00β sur survie_new
[13:31:54] [ITEM_LISTED]: 74Matt vend 1 x Name Tag  pour 2,000.00β sur survie_new
[13:31:57] [ITEM_RETURNED]: 16 x Bucket  renvoyé à pikatchou82 le survie_new
[13:31:59] [ITEM_RETURNED]: 16 x Bucket  renvoyé à pikatchou82 le survie_new
[14:06:14] [ITEM_LISTED]: Haru_M vend 1 x Enchanted Book  pour 8,000.00β sur survie_new
[14:06:16] [ITEM_LISTED]: Haru_M vend 1 x Enchanted Book  pour 8,000.00β sur survie_new
[14:06:20] [ITEM_LISTED]: Haru_M vend 1 x Enchanted Book  pour 8,000.00β sur survie_new
[14:06:21] [ITEM_LISTED]: Haru_M vend 1 x Enchanted Book  pour 8,000.00β sur survie_new
[14:06:23] [ITEM_LISTED]: Haru_M vend 1 x Enchanted Book  pour 8,000.00β sur survie_new
[14:06:31] [ITEM_LISTED]: Haru_M vend 1 x Enchanted Book  pour 8,000.00β sur survie_new
[14:06:32] [ITEM_LISTED]: Haru_M vend 1 x Enchanted Book  pour 8,000.00β sur survie_new
[14:06:34] [ITEM_LISTED]: Haru_M vend 1 x Enchanted Book  pour 8,000.00β sur survie_new
[14:06:38] [ITEM_LISTED]: Haru_M vend 1 x Enchanted Book  pour 8,000.00β sur survie_new
[14:06:40] [ITEM_LISTED]: Haru_M vend 1 x Enchanted Book  pour 8,000.00β sur survie_new
[14:06:41] [ITEM_LISTED]: Haru_M vend 1 x Enchanted Book  pour 8,000.00β sur survie_new
[14:19:57] [ITEM_SOLD]: Haru_M vendu 1 x Enchanted Book à  pikatchou82 pour 8,000.00 β le survie_new
[14:20:09] [ITEM_SOLD]: Haru_M vendu 1 x Enchanted Book à  pikatchou82 pour 8,000.00 β le survie_new
[14:20:24] [ITEM_SOLD]: Haru_M vendu 1 x Enchanted Book à  ticiatrhd pour 8,000.00 β le survie_new
[14:20:27] [ITEM_SOLD]: Haru_M vendu 1 x Enchanted Book à  ticiatrhd pour 8,000.00 β le survie_new
[14:20:29] [ITEM_SOLD]: Haru_M vendu 1 x Enchanted Book à  ticiatrhd pour 8,000.00 β le survie_new
[14:21:31] [ITEM_SOLD]: LLIcocoman_Hrz vendu 64 x Obsidian à  ticiatrhd pour 500.00 β le survie_new
[14:21:34] [ITEM_SOLD]: LLIcocoman_Hrz vendu 64 x Obsidian à  ticiatrhd pour 500.00 β le survie_new
[14:24:16] [ITEM_SOLD]: Haru_M vendu 1 x Enchanted Book à  Yohan81 pour 8,000.00 β le survie_new
[14:24:19] [ITEM_SOLD]: Haru_M vendu 1 x Enchanted Book à  Yohan81 pour 8,000.00 β le survie_new
[14:27:16] [ITEM_CANCELLED]: miaouoke annule la vente de 1x bobi pour 1,000.00β sur survie_new
[15:08:41] [ITEM_LISTED]: Yohan81 vend 64 x Arrow  pour 100.00β sur survie_new
[15:08:44] [ITEM_LISTED]: Yohan81 vend 64 x Arrow  pour 100.00β sur survie_new
[15:08:46] [ITEM_LISTED]: Yohan81 vend 64 x Arrow  pour 100.00β sur survie_new
[15:08:48] [ITEM_LISTED]: Yohan81 vend 64 x Arrow  pour 100.00β sur survie_new
[15:09:13] [ITEM_LISTED]: Yohan81 vend 9 x Arrow  pour 14.00β sur survie_new
[15:16:35] [ITEM_RETURNED]: 1 x Written Book  renvoyé à Mboubou le survie_new
[15:16:35] [ITEM_RETURNED]: 1 x Enchanted Book  renvoyé à Mboubou le survie_new
[15:16:36] [ITEM_RETURNED]: 1 x Enchanted Book  renvoyé à Mboubou le survie_new
[15:16:36] [ITEM_RETURNED]: 1 x Enchanted Book  renvoyé à Mboubou le survie_new
[15:16:36] [ITEM_RETURNED]: 1 x Enchanted Book  renvoyé à Mboubou le survie_new
[15:16:36] [ITEM_RETURNED]: 1 x Enchanted Book  renvoyé à Mboubou le survie_new
[15:16:37] [ITEM_RETURNED]: 1 x Enchanted Book  renvoyé à Mboubou le survie_new
[15:16:37] [ITEM_RETURNED]: 1 x Enchanted Book  renvoyé à Mboubou le survie_new
[15:16:37] [ITEM_RETURNED]: 1 x Enchanted Book  renvoyé à Mboubou le survie_new
[15:16:37] [ITEM_RETURNED]: 1 x Enchanted Book  renvoyé à Mboubou le survie_new
[15:16:37] [ITEM_RETURNED]: 1 x Enchanted Book  renvoyé à Mboubou le survie_new
[15:16:38] [ITEM_RETURNED]: 1 x Enchanted Book  renvoyé à Mboubou le survie_new
[15:16:38] [ITEM_RETURNED]: 1 x Enchanted Book  renvoyé à Mboubou le survie_new
[15:16:38] [ITEM_RETURNED]: 1 x Enchanted Book  renvoyé à Mboubou le survie_new
[15:16:38] [ITEM_RETURNED]: 1 x Enchanted Book  renvoyé à Mboubou le survie_new
[15:16:39] [ITEM_CANCELLED]: Mboubou annule la vente de 1x Written Book pour 10.00β sur survie_new
[15:16:41] [ITEM_CANCELLED]: Mboubou annule la vente de 1x Enchanted Book pour 5,500.00β sur survie_new
[15:16:42] [ITEM_RETURNED]: 1 x Enchanted Book  renvoyé à Mboubou le survie_new
[15:16:42] [ITEM_RETURNED]: 1 x Written Book  renvoyé à Mboubou le survie_new
[15:22:21] [ITEM_SOLD]: Yohan81 vendu 64 x Arrow à  ketsumochi pour 100.00 β le survie_new
[15:22:22] [ITEM_SOLD]: Yohan81 vendu 64 x Arrow à  ketsumochi pour 100.00 β le survie_new
[15:22:26] [ITEM_SOLD]: Yohan81 vendu 64 x Arrow à  ketsumochi pour 100.00 β le survie_new
[15:22:31] [ITEM_SOLD]: Yohan81 vendu 9 x Arrow à  ketsumochi pour 14.00 β le survie_new
[15:22:33] [ITEM_SOLD]: Yohan81 vendu 64 x Arrow à  ketsumochi pour 100.00 β le survie_new
[15:22:37] [ITEM_SOLD]: Stebanou vendu 64 x Acacia Log à  ketsumochi pour 100.00 β le survie_new
[16:41:17] [ITEM_SOLD]: Ekiliox vendu 1 x Chicken Spawn Egg à  Haru_M pour 4,000.00 β le survie_new
[16:43:49] [ITEM_LISTED]: TheSolobaid vend 64 x Jungle Log  pour 300.00β sur survie_new
[16:43:54] [ITEM_LISTED]: TheSolobaid vend 64 x Jungle Log  pour 300.00β sur survie_new
[16:44:00] [ITEM_LISTED]: TheSolobaid vend 7 x Jungle Log  pour 20.00β sur survie_new
[16:44:11] [ITEM_SOLD]: pikatchou82 vendu 1 x Enchanted Book à  Mikiu_Ahegao pour 1,000.00 β le survie_new
[16:44:26] [ITEM_SOLD]: LLIcocoman_Hrz vendu 64 x Spruce Log à  TheSolobaid pour 200.00 β le survie_new
[16:44:28] [ITEM_SOLD]: LLIcocoman_Hrz vendu 64 x Spruce Log à  TheSolobaid pour 200.00 β le survie_new
[16:44:31] [ITEM_SOLD]: LLIcocoman_Hrz vendu 32 x Spruce Log à  TheSolobaid pour 100.00 β le survie_new
[18:32:37] [ITEM_RETURNED]: 64 x Sugar Cane  renvoyé à Sifflote le survie_new
[18:32:37] [ITEM_RETURNED]: 64 x Gold Ingot  renvoyé à Sifflote le survie_new
[18:32:38] [ITEM_RETURNED]: 1 x Diamond Pickaxe  [Efficiency III, Silk Touch, Unbreaking III] renvoyé à Sifflote le survie_new
[18:32:38] [ITEM_RETURNED]: 64 x Red Sandstone Stairs  renvoyé à Sifflote le survie_new
[18:36:02] [ITEM_LISTED]: Sifflote vend 1 x Diamond Pickaxe  [Efficiency III, Silk Touch, Unbreaking III] pour 7,500.00β sur survie_new
[19:02:00] [ITEM_SOLD]: Ekiliox vendu 64 x Melon Slice à  Darinor_ pour 15.00 β le survie_new
[20:25:32] [ITEM_SOLD]: Ekiliox vendu 64 x Melon Slice à  ketsumochi pour 15.00 β le survie_new
[20:42:24] [ITEM_SOLD]: Haru_M vendu 1 x Enchanted Book à  Stebanou pour 8,000.00 β le survie_new
[21:09:58] [ITEM_SOLD]: Haru_M vendu 1 x Enchanted Book à  Stebanou pour 8,000.00 β le survie_new
[21:42:55] [ITEM_SOLD]: Ekiliox vendu 64 x Melon Slice à  ketsumochi pour 15.00 β le survie_new
[21:42:56] [ITEM_SOLD]: Ekiliox vendu 64 x Melon Slice à  ketsumochi pour 15.00 β le survie_new
[21:42:58] [ITEM_SOLD]: Ekiliox vendu 64 x Melon Slice à  ketsumochi pour 15.00 β le survie_new
[21:43:00] [ITEM_SOLD]: Ekiliox vendu 64 x Melon Slice à  ketsumochi pour 15.00 β le survie_new
[21:43:02] [ITEM_SOLD]: Ekiliox vendu 64 x Melon Slice à  ketsumochi pour 15.00 β le survie_new
[21:43:08] [ITEM_SOLD]: Ekiliox vendu 64 x Melon Slice à  ketsumochi pour 15.00 β le survie_new
[21:45:42] [ITEM_LISTED]: D3sTryk3 vend 6 x Name Tag  pour 3,000.00β sur survie_new
[22:07:10] [ITEM_SOLD]: Haru_M vendu 1 x Enchanted Book à  Stebanou pour 8,000.00 β le survie_new
[22:07:14] [ITEM_SOLD]: Haru_M vendu 1 x Enchanted Book à  Minebark pour 8,000.00 β le survie_new
[22:31:29] [ITEM_LISTED]: Solasis7 vend 64 x Smooth Stone  pour 150.00β sur survie_new
[22:31:37] [ITEM_LISTED]: Solasis7 vend 64 x Smooth Stone  pour 150.00β sur survie_new
[22:31:45] [ITEM_LISTED]: Solasis7 vend 64 x Smooth Stone  pour 150.00β sur survie_new
[22:31:53] [ITEM_LISTED]: Solasis7 vend 64 x Smooth Stone  pour 150.00β sur survie_new
[22:32:00] [ITEM_LISTED]: Solasis7 vend 64 x Smooth Stone  pour 150.00β sur survie_new
[22:32:07] [ITEM_LISTED]: Solasis7 vend 64 x Smooth Stone  pour 150.00β sur survie_new
[22:32:24] [ITEM_LISTED]: Solasis7 vend 24 x Smooth Stone  pour 60.00β sur survie_new
