[03:32:55] [ITEM_SOLD]: Mboubou vendu 1 x Cat Spawn Egg à  Zarbikop pour 4,500.00 β le survie_new
[03:33:23] [ITEM_SOLD]: Kaio_Beninou vendu 1 x Shulker Box à  Zarbikop pour 5,000.00 β le survie_new
[03:34:00] [ITEM_SOLD]: LLIcocoman_Hrz vendu 8 x Prismarine Crystals à  Zarbikop pour 1,000.00 β le survie_new
[09:11:08] [ITEM_DROPPED]: Abandon de la vente LiKaneH expirée de 1 x Golden Apple  pour 0.00β à leurs pieds le survie_new
[12:06:47] [ITEM_LISTED]: EclaRaft vend 1 x Diamond Pickaxe  [Fortune IV] pour 15,000.00β sur survie_new
[12:52:11] [ITEM_SOLD]: Yohan81 vendu 1 x Saddle à  Mboubou pour 50.00 β le survie_new
[14:21:03] [ITEM_DROPPED]: Abandon de la vente REGDYLAN expirée de 1 x Diamond Pickaxe  [Efficiency V, Fortune IV, Unbreaking III] pour 0.00β à leurs pieds le survie_new
[15:02:15] [ITEM_SOLD]: SkyKnight60 vendu 1 x Saddle à  Teklow pour 150.00 β le survie_new
[15:03:44] [ITEM_SOLD]: Kaio_Beninou vendu 1 x Elytra à  Mboubou pour 15,000.00 β le survie_new
[15:07:53] [ITEM_CANCELLED]: Mboubou annule la vente de 64x Spruce Log pour 1,500.00β sur survie_new
[15:07:55] [ITEM_RETURNED]: 64 x Spruce Log  renvoyé à Mboubou le survie_new
[15:08:02] [ITEM_CANCELLED]: Mboubou annule la vente de 1x Enchanted Book pour 5,000.00β sur survie_new
[15:08:30] [ITEM_RETURNED]: 1 x Enchanted Book  renvoyé à Mboubou le survie_new
[15:09:45] [ITEM_LISTED]: Mboubou vend 64 x Spruce Log  pour 750.00β sur survie_new
[15:21:01] [ITEM_SOLD]: Marcoco50100 vendu 1 x Iron Horse Armor à  Teklow pour 100.00 β le survie_new
[16:03:58] [ITEM_LISTED]: Blazd vend 1 x Enchanted Book  pour 15,000.00β sur survie_new
[16:04:08] [ITEM_LISTED]: Blazd vend 1 x Enchanted Book  pour 10,000.00β sur survie_new
[16:06:34] [ITEM_SOLD]: Christophe_ vendu 1 x Enchanted Book à  Mboubou pour 5,000.00 β le survie_new
[16:13:14] [ITEM_SOLD]: Christophe_ vendu 1 x Enchanted Book à  Mboubou pour 5,000.00 β le survie_new
[16:13:27] [ITEM_LISTED]: Mboubou vend 1 x Journal de quêtes  pour 5,500.00β sur survie_new
[16:13:36] [ITEM_LISTED]: Mboubou vend 1 x Enchanted Book  pour 5,500.00β sur survie_new
[16:13:47] [ITEM_CANCELLED]: Mboubou annule la vente de 1x Journal de quêtes pour 5,500.00β sur survie_new
[16:13:50] [ITEM_RETURNED]: 1 x Journal de quêtes  renvoyé à Mboubou le survie_new
[16:32:05] [ITEM_SOLD]: Blazd vendu 1 x Enchanted Book à  EclaRaft pour 15,000.00 β le survie_new
[16:32:08] [ITEM_CANCELLED]: EclaRaft annule la vente de 1x Diamond Pickaxe [Fortune IV] pour 15,000.00β sur survie_new
[16:32:11] [ITEM_RETURNED]: 1 x Diamond Pickaxe  [Fortune IV] renvoyé à EclaRaft le survie_new
[16:38:05] [ITEM_CANCELLED]: Zarbikop annule la vente de 64x White Wool pour 200.00β sur survie_new
[16:38:05] [ITEM_CANCELLED]: Zarbikop annule la vente de 64x White Wool pour 200.00β sur survie_new
[16:38:06] [ITEM_CANCELLED]: Zarbikop annule la vente de 64x White Wool pour 200.00β sur survie_new
[16:38:07] [ITEM_CANCELLED]: Zarbikop annule la vente de 64x White Wool pour 200.00β sur survie_new
[16:38:11] [ITEM_RETURNED]: 64 x White Wool  renvoyé à Zarbikop le survie_new
[16:38:11] [ITEM_RETURNED]: 64 x White Wool  renvoyé à Zarbikop le survie_new
[16:38:12] [ITEM_RETURNED]: 64 x White Wool  renvoyé à Zarbikop le survie_new
[16:38:12] [ITEM_RETURNED]: 64 x White Wool  renvoyé à Zarbikop le survie_new
[20:39:18] [ITEM_SOLD]: Christophe_ vendu 1 x Livre pour une création Légendaire à  pikatchou82 pour 5,000.00 β le survie_new
[21:06:14] [ITEM_SOLD]: Mboubou vendu 64 x Spruce Log à  miaouoke pour 750.00 β le survie_new
[21:21:37] [ITEM_CANCELLED]: _Nesta annule la vente de 1x Name Tag pour 5,000.00β sur survie_new
[21:21:51] [ITEM_RETURNED]: 1 x Name Tag  renvoyé à _Nesta le survie_new
