[01:09:44] [ITEM_RETURNED]: Retour 64x Bone de Mr_Lezzy sur world
[01:15:17] [ITEM_SOLD]: lori110301 vend 34x Redstone Block sur Mr_Lezzy pour $53.00 sur world
[02:22:08] [ITEM_SOLD]: Kaio_Beninou vend 1x Lead sur ledarion pour $500.00 sur Survie
[02:37:37] [ITEM_SOLD]: ExE_MethyloR vend 1x Golden Apple sur Dragon1675 pour $50.00 sur Survie
[02:52:40] [ITEM_SOLD]: Kaio_Beninou vend 10x Slime Ball sur ledarion pour $2,000.00 sur Survie
[03:01:23] [ITEM_SOLD]: Kaio_Beninou vend 10x Slime Ball sur Dragon1675 pour $2,000.00 sur Survie
[12:55:35] [ITEM_LISTED]: Viande_cuite listed 1x Cooked Rabbit for $3,000.00 on world
[12:55:52] [ITEM_SOLD]: Viande_cuite vend 1x Cooked Rabbit sur OneGamingShow pour $3,000.00 sur world
[13:48:49] [ITEM_CANCELLED]: Mr_Lezzy cancelled an auction for 64x Bread for $150.00 on Survie
[13:48:50] [ITEM_CANCELLED]: Mr_Lezzy cancelled an auction for 1x Enchanted Book for $2,500.00 on Survie
[13:48:50] [ITEM_CANCELLED]: Mr_Lezzy cancelled an auction for 1x Diamond Pickaxe [Unbreaking III, Fortune III] for $6,500.00 on Survie
[13:48:50] [ITEM_CANCELLED]: Mr_Lezzy cancelled an auction for 1x [Spider Spawner] for $7,000.00 on Survie
[13:48:51] [ITEM_CANCELLED]: Mr_Lezzy cancelled an auction for 1x [Cave spider Spawner] for $7,000.00 on Survie
[13:48:51] [ITEM_CANCELLED]: Mr_Lezzy cancelled an auction for 1x [Cave spider Spawner] for $7,000.00 on Survie
[13:48:52] [ITEM_CANCELLED]: Mr_Lezzy cancelled an auction for 1x [Cave spider Spawner] for $7,000.00 on Survie
[13:48:52] [ITEM_CANCELLED]: Mr_Lezzy cancelled an auction for 1x [Cave spider Spawner] for $7,000.00 on Survie
[13:48:52] [ITEM_CANCELLED]: Mr_Lezzy cancelled an auction for 1x Iron Horse Armor for $1,000.00 on Survie
[13:48:52] [ITEM_CANCELLED]: Mr_Lezzy cancelled an auction for 1x Iron Horse Armor for $1,000.00 on Survie
[13:48:53] [ITEM_CANCELLED]: Mr_Lezzy cancelled an auction for 1x Saddle for $1,000.00 on Survie
[13:48:53] [ITEM_CANCELLED]: Mr_Lezzy cancelled an auction for 1x Iron Horse Armor for $1,000.00 on Survie
[13:48:53] [ITEM_CANCELLED]: Mr_Lezzy cancelled an auction for 1x Golden Horse Armor for $1,000.00 on Survie
[13:48:54] [ITEM_CANCELLED]: Mr_Lezzy cancelled an auction for 1x Iron Horse Armor for $1,000.00 on Survie
[13:48:54] [ITEM_CANCELLED]: Mr_Lezzy cancelled an auction for 1x Iron Horse Armor for $1,000.00 on Survie
[13:48:54] [ITEM_CANCELLED]: Mr_Lezzy cancelled an auction for 1x Name Tag for $500.00 on Survie
[13:48:54] [ITEM_CANCELLED]: Mr_Lezzy cancelled an auction for 10x Blaze Rod for $500.00 on world
[13:48:54] [ITEM_CANCELLED]: Mr_Lezzy cancelled an auction for 10x Blaze Rod for $500.00 on world
[13:48:55] [ITEM_CANCELLED]: Mr_Lezzy cancelled an auction for 10x Blaze Rod for $500.00 on world
[13:48:55] [ITEM_CANCELLED]: Mr_Lezzy cancelled an auction for 10x Blaze Rod for $500.00 on world
[13:48:55] [ITEM_CANCELLED]: Mr_Lezzy cancelled an auction for 10x Blaze Rod for $500.00 on world
[13:48:55] [ITEM_CANCELLED]: Mr_Lezzy cancelled an auction for 10x Blaze Rod for $500.00 on world
[13:48:56] [ITEM_CANCELLED]: Mr_Lezzy cancelled an auction for 64x Bone for $200.00 on world
[13:48:56] [ITEM_CANCELLED]: Mr_Lezzy cancelled an auction for 64x Bone for $200.00 on world
[13:48:56] [ITEM_CANCELLED]: Mr_Lezzy cancelled an auction for 64x Bone for $200.00 on world
[13:48:56] [ITEM_CANCELLED]: Mr_Lezzy cancelled an auction for 64x Bone for $200.00 on world
[13:48:56] [ITEM_CANCELLED]: Mr_Lezzy cancelled an auction for 64x Bone for $200.00 on world
[13:48:57] [ITEM_CANCELLED]: Mr_Lezzy cancelled an auction for 64x Bone for $200.00 on world
[13:48:57] [ITEM_CANCELLED]: Mr_Lezzy cancelled an auction for 64x Bone for $200.00 on world
[13:48:57] [ITEM_CANCELLED]: Mr_Lezzy cancelled an auction for 64x Bone for $200.00 on world
[13:48:57] [ITEM_CANCELLED]: Mr_Lezzy cancelled an auction for 64x Bone for $200.00 on world
[13:48:58] [ITEM_CANCELLED]: Mr_Lezzy cancelled an auction for 64x Bone for $200.00 on world
[13:49:05] [ITEM_RETURNED]: Retour 64x Bread de Mr_Lezzy sur Survie
[13:49:06] [ITEM_RETURNED]: Retour 1x Enchanted Book de Mr_Lezzy sur Survie
[13:49:06] [ITEM_RETURNED]: Retour 1x Diamond Pickaxe [Unbreaking III, Fortune III] de Mr_Lezzy sur Survie
[13:49:06] [ITEM_RETURNED]: Retour 1x [Spider Spawner] de Mr_Lezzy sur Survie
[13:49:06] [ITEM_RETURNED]: Retour 1x [Cave spider Spawner] de Mr_Lezzy sur Survie
[13:49:07] [ITEM_RETURNED]: Retour 1x [Cave spider Spawner] de Mr_Lezzy sur Survie
[13:49:07] [ITEM_RETURNED]: Retour 1x [Cave spider Spawner] de Mr_Lezzy sur Survie
[13:49:07] [ITEM_RETURNED]: Retour 1x [Cave spider Spawner] de Mr_Lezzy sur Survie
[13:49:07] [ITEM_RETURNED]: Retour 1x Iron Horse Armor de Mr_Lezzy sur Survie
[13:49:07] [ITEM_RETURNED]: Retour 1x Iron Horse Armor de Mr_Lezzy sur Survie
[13:49:08] [ITEM_RETURNED]: Retour 1x Saddle de Mr_Lezzy sur Survie
[13:49:08] [ITEM_RETURNED]: Retour 1x Iron Horse Armor de Mr_Lezzy sur Survie
[13:49:11] [ITEM_RETURNED]: Retour 1x Golden Horse Armor de Mr_Lezzy sur Survie
[13:49:11] [ITEM_RETURNED]: Retour 1x Iron Horse Armor de Mr_Lezzy sur Survie
[13:49:11] [ITEM_RETURNED]: Retour 1x Iron Horse Armor de Mr_Lezzy sur Survie
[13:49:12] [ITEM_RETURNED]: Retour 10x Blaze Rod de Mr_Lezzy sur world
[13:49:13] [ITEM_RETURNED]: Retour 1x Name Tag de Mr_Lezzy sur Survie
[13:49:13] [ITEM_RETURNED]: Retour 10x Blaze Rod de Mr_Lezzy sur world
[13:49:13] [ITEM_RETURNED]: Retour 10x Blaze Rod de Mr_Lezzy sur world
[13:49:13] [ITEM_RETURNED]: Retour 10x Blaze Rod de Mr_Lezzy sur world
[13:49:13] [ITEM_RETURNED]: Retour 10x Blaze Rod de Mr_Lezzy sur world
[13:49:13] [ITEM_RETURNED]: Retour 10x Blaze Rod de Mr_Lezzy sur world
[13:49:14] [ITEM_RETURNED]: Retour 64x Bone de Mr_Lezzy sur world
[13:49:14] [ITEM_RETURNED]: Retour 64x Bone de Mr_Lezzy sur world
[13:49:14] [ITEM_RETURNED]: Retour 64x Bone de Mr_Lezzy sur world
[13:49:14] [ITEM_RETURNED]: Retour 64x Bone de Mr_Lezzy sur world
[13:49:14] [ITEM_RETURNED]: Retour 64x Bone de Mr_Lezzy sur world
[13:49:14] [ITEM_RETURNED]: Retour 64x Bone de Mr_Lezzy sur world
[13:49:15] [ITEM_RETURNED]: Retour 64x Bone de Mr_Lezzy sur world
[13:49:15] [ITEM_RETURNED]: Retour 64x Bone de Mr_Lezzy sur world
[13:49:15] [ITEM_RETURNED]: Retour 64x Bone de Mr_Lezzy sur world
[13:49:15] [ITEM_RETURNED]: Retour 64x Bone de Mr_Lezzy sur world
[13:54:30] [ITEM_LISTED]: Mr_Lezzy listed 1x Diamond Pickaxe [Unbreaking III, Fortune III] for $3,000.00 on Survie
[14:11:44] [ITEM_SOLD]: Toryar vend 1x Villager Spawn Egg sur Mr_Lezzy pour $20,000.00 sur world
[15:10:56] [ITEM_SOLD]: Piltrax vend 16x Dragon Breath sur Toryar pour $1,000.00 sur Survie
[16:27:57] [ITEM_SOLD]: Anonyime7 vend 1x [Blaze Spawner] sur Fiouz_Mc pour $2,500.00 sur world
[18:54:39] [ITEM_SOLD]: Kaio_Beninou vend 1x Enchanted Book sur ledarion pour $1,200.00 sur Survie
[19:24:39] [ITEM_LISTED]: OneGamingShow listed 1x [Zombie Spawner] for $5,000.00 on world
[19:24:48] [ITEM_SOLD]: OneGamingShow vend 1x [Zombie Spawner] sur Pro7gaming566 pour $5,000.00 sur world
[21:11:02] [ITEM_LISTED]: H_Caw listed 8x Iron Block for $480.00 on world
[21:11:20] [ITEM_LISTED]: H_Caw listed 8x Iron Block for $480.00 on world
[21:11:25] [ITEM_LISTED]: H_Caw listed 8x Iron Block for $480.00 on world
[21:11:28] [ITEM_LISTED]: H_Caw listed 8x Iron Block for $480.00 on world
[21:11:31] [ITEM_LISTED]: H_Caw listed 8x Iron Block for $480.00 on world
[21:14:58] [ITEM_SOLD]: H_Caw vend 8x Iron Block sur limastic pour $480.00 sur world
[21:16:44] [ITEM_LISTED]: H_Caw listed 8x Iron Block for $480.00 on Survie
[21:52:07] [ITEM_LISTED]: Kaam98 listed 1x Diamond Pickaxe [Silk Touch, Efficiency IV] for $2,500.00 on world
[21:53:26] [ITEM_CANCELLED]: Kaam98 cancelled an auction for 1x Diamond Pickaxe [Silk Touch, Efficiency IV] for $2,500.00 on world
[21:53:28] [ITEM_RETURNED]: Retour 1x Diamond Pickaxe [Silk Touch, Efficiency IV] de Kaam98 sur world
[22:16:47] [ITEM_SOLD]: Kaam98 vend 64x Grass Block sur H_Caw pour $101.00 sur world
[23:32:24] [ITEM_CANCELLED]: Amaxet cancelled an auction for 1x Enchanted Book for $15,000.00 on world
[23:32:24] [ITEM_CANCELLED]: Amaxet cancelled an auction for 8x Nether Wart for $2,500.00 on world
[23:32:39] [ITEM_RETURNED]: Retour 8x Nether Wart de Amaxet sur world
[23:32:41] [ITEM_RETURNED]: Retour 1x Enchanted Book de Amaxet sur world
[23:32:59] [ITEM_LISTED]: Amaxet listed 1x Enchanted Book for $9,000.00 on world
