[01:31:50] [ITEM_LISTED]: Mr_Lezzy listed 1x [Spider Spawner] for $7,000.00 on Survie
[01:31:52] [ITEM_LISTED]: Mr_Lezzy listed 1x [Cave spider Spawner] for $7,000.00 on Survie
[01:31:53] [ITEM_LISTED]: Mr_Lezzy listed 1x [Cave spider Spawner] for $7,000.00 on Survie
[01:31:54] [ITEM_LISTED]: Mr_Lezzy listed 1x [Cave spider Spawner] for $7,000.00 on Survie
[01:31:55] [ITEM_LISTED]: Mr_Lezzy listed 1x [Cave spider Spawner] for $7,000.00 on Survie
[01:32:15] [ITEM_LISTED]: Mr_Lezzy listed 1x Saddle for $1,000.00 on Survie
[01:32:16] [ITEM_LISTED]: Mr_Lezzy listed 1x Iron Horse Armor for $1,000.00 on Survie
[01:32:17] [ITEM_LISTED]: Mr_Lezzy listed 1x Iron Horse Armor for $1,000.00 on Survie
[01:32:18] [ITEM_LISTED]: Mr_Lezzy listed 1x Saddle for $1,000.00 on Survie
[01:32:19] [ITEM_LISTED]: Mr_Lezzy listed 1x Saddle for $1,000.00 on Survie
[01:32:23] [ITEM_LISTED]: Mr_Lezzy listed 1x Iron Horse Armor for $1,000.00 on Survie
[01:32:24] [ITEM_LISTED]: Mr_Lezzy listed 1x Golden Horse Armor for $1,000.00 on Survie
[01:32:26] [ITEM_LISTED]: Mr_Lezzy listed 1x Iron Horse Armor for $1,000.00 on Survie
[01:32:27] [ITEM_LISTED]: Mr_Lezzy listed 1x Iron Horse Armor for $1,000.00 on Survie
[01:32:44] [ITEM_LISTED]: Mr_Lezzy listed 1x Name Tag for $500.00 on Survie
[01:32:44] [ITEM_LISTED]: Mr_Lezzy listed 1x Name Tag for $500.00 on Survie
[01:32:44] [ITEM_LISTED]: Mr_Lezzy listed 1x Name Tag for $500.00 on Survie
[01:35:22] [ITEM_LISTED]: Mr_Lezzy listed 10x Blaze Rod for $500.00 on world
[01:35:22] [ITEM_LISTED]: Mr_Lezzy listed 10x Blaze Rod for $500.00 on world
[01:35:23] [ITEM_LISTED]: Mr_Lezzy listed 10x Blaze Rod for $500.00 on world
[01:35:25] [ITEM_LISTED]: Mr_Lezzy listed 10x Blaze Rod for $500.00 on world
[01:35:25] [ITEM_LISTED]: Mr_Lezzy listed 10x Blaze Rod for $500.00 on world
[01:35:26] [ITEM_LISTED]: Mr_Lezzy listed 10x Blaze Rod for $500.00 on world
[01:35:28] [ITEM_LISTED]: Mr_Lezzy listed 10x Blaze Rod for $500.00 on world
[01:35:29] [ITEM_LISTED]: Mr_Lezzy listed 10x Blaze Rod for $500.00 on world
[01:36:43] [ITEM_LISTED]: Mr_Lezzy listed 64x Bone for $200.00 on world
[01:36:45] [ITEM_LISTED]: Mr_Lezzy listed 64x Bone for $200.00 on world
[01:36:46] [ITEM_LISTED]: Mr_Lezzy listed 64x Bone for $200.00 on world
[01:36:47] [ITEM_LISTED]: Mr_Lezzy listed 64x Bone for $200.00 on world
[01:36:48] [ITEM_LISTED]: Mr_Lezzy listed 64x Bone for $200.00 on world
[01:36:52] [ITEM_LISTED]: Mr_Lezzy listed 64x Bone for $200.00 on world
[01:36:53] [ITEM_LISTED]: Mr_Lezzy listed 64x Bone for $200.00 on world
[01:36:54] [ITEM_LISTED]: Mr_Lezzy listed 64x Bone for $200.00 on world
[01:36:54] [ITEM_LISTED]: Mr_Lezzy listed 64x Bone for $200.00 on world
[01:36:55] [ITEM_LISTED]: Mr_Lezzy listed 64x Bone for $200.00 on world
[01:36:59] [ITEM_LISTED]: Mr_Lezzy listed 64x Bone for $200.00 on world
[02:40:58] [ITEM_SOLD]: Mr_Lezzy vend 1x Saddle sur Dragon1675 pour $1,000.00 sur Survie
[02:41:01] [ITEM_SOLD]: Mr_Lezzy vend 1x Saddle sur Dragon1675 pour $1,000.00 sur Survie
[02:41:52] [ITEM_SOLD]: Mr_Lezzy vend 1x Name Tag sur Dragon1675 pour $500.00 sur Survie
[02:41:54] [ITEM_SOLD]: Mr_Lezzy vend 1x Name Tag sur Dragon1675 pour $500.00 sur Survie
[04:56:42] [ITEM_SOLD]: ExE_MethyloR vend 1x Golden Apple sur XeltaFr pour $10.00 sur world
[14:49:12] [ITEM_SOLD]: ExE_MethyloR vend 1x Zombie Head sur fredwills23 pour $500.00 sur world
[14:58:48] [ITEM_CANCELLED]: Mr_Lezzy cancelled an auction for 64x Bone for $200.00 on world
[15:00:52] [ITEM_LISTED]: Toryar listed 1x Villager Spawn Egg for $20,000.00 on world
[15:00:57] [ITEM_LISTED]: Toryar listed 1x Villager Spawn Egg for $20,000.00 on world
[15:08:03] [ITEM_SOLD]: Mr_Lezzy vend 64x Bread sur star30_ pour $150.00 sur Survie
[15:22:42] [ITEM_LISTED]: Kaio_Beninou listed 9x Tnt for $1,900.00 on Ressource
[15:23:04] [ITEM_SOLD]: Kaio_Beninou vend 9x Tnt sur fredwills23 pour $1,900.00 sur Ressource
[16:44:43] [ITEM_LISTED]: H_Caw listed 10x Obsidian for $400.00 on world
[16:57:18] [ITEM_LISTED]: Piltrax listed 1x Nether Star for $25,000.00 on Survie
[16:57:31] [ITEM_LISTED]: xSeventiies listed 64x Hay Block for $192.00 on Ressource
[16:57:42] [ITEM_LISTED]: xSeventiies listed 56x Hay Block for $168.00 on Ressource
[16:57:59] [ITEM_LISTED]: Piltrax listed 16x Dragon Breath for $1,000.00 on Survie
[16:58:05] [ITEM_LISTED]: Piltrax listed 16x Dragon Breath for $1,000.00 on Survie
[16:58:12] [ITEM_SOLD]: xSeventiies vend 64x Hay Block sur Kaio_Beninou pour $192.00 sur Ressource
[16:58:17] [ITEM_SOLD]: xSeventiies vend 56x Hay Block sur Kaio_Beninou pour $168.00 sur Ressource
[16:58:46] [ITEM_LISTED]: Piltrax listed 16x Dragon Breath for $1,000.00 on Survie
[16:58:51] [ITEM_LISTED]: Piltrax listed 16x Dragon Breath for $1,000.00 on Survie
[16:58:55] [ITEM_LISTED]: Piltrax listed 16x Dragon Breath for $1,000.00 on Survie
[16:59:06] [ITEM_LISTED]: Piltrax listed 1x Saddle for $500.00 on Survie
[16:59:10] [ITEM_LISTED]: Piltrax listed 1x Saddle for $500.00 on Survie
[16:59:12] [ITEM_LISTED]: Piltrax listed 1x Saddle for $500.00 on Survie
[17:00:07] [ITEM_LISTED]: Piltrax listed 42x Bone for $0.10 on Survie
[17:00:21] [ITEM_LISTED]: Piltrax listed 1x Wither Rose for $5.00 on Survie
[17:04:24] [ITEM_LISTED]: Piltrax listed 1x Nether Star for $25,000.00 on world
[17:04:45] [ITEM_SOLD]: Mr_Lezzy vend 64x Bread sur Piltrax pour $150.00 sur Survie
[17:15:28] [ITEM_LISTED]: Kaam98 listed 64x Cooked Mutton for $180.00 on world
[17:15:32] [ITEM_LISTED]: Kaam98 listed 64x Cooked Mutton for $180.00 on world
[17:15:36] [ITEM_LISTED]: Kaam98 listed 64x Cooked Mutton for $180.00 on world
[17:15:41] [ITEM_LISTED]: Kaam98 listed 64x Cooked Chicken for $180.00 on world
[17:15:47] [ITEM_LISTED]: Kaam98 listed 64x Cooked Chicken for $180.00 on world
[17:15:53] [ITEM_LISTED]: Kaam98 listed 64x Cooked Porkchop for $200.00 on world
[17:15:55] [ITEM_LISTED]: Kaam98 listed 64x Cooked Porkchop for $200.00 on world
[17:15:57] [ITEM_LISTED]: Kaam98 listed 25x Arrow for $200.00 on world
[17:16:30] [ITEM_CANCELLED]: Kaam98 cancelled an auction for 25x Arrow for $200.00 on world
[17:16:50] [ITEM_LISTED]: Kaam98 listed 64x Cooked Porkchop for $200.00 on world
[17:17:01] [ITEM_LISTED]: Kaam98 listed 64x Baked Potato for $150.00 on world
[17:17:03] [ITEM_LISTED]: Kaam98 listed 64x Baked Potato for $150.00 on world
[17:17:05] [ITEM_LISTED]: Kaam98 listed 64x Baked Potato for $150.00 on world
[17:17:13] [ITEM_LISTED]: Kaam98 listed 64x Baked Potato for $150.00 on world
[17:17:15] [ITEM_LISTED]: Kaam98 listed 64x Baked Potato for $150.00 on world
[19:06:24] [ITEM_LISTED]: ExE_MethyloR listed 1x [Silverfish Spawner] for $2,500.00 on world
[19:57:44] [ITEM_LISTED]: ExE_MethyloR listed 1x Golden Apple for $50.00 on Survie
[20:04:08] [ITEM_LISTED]: Kaam98 listed 64x Grass Block for $101.00 on world
[20:04:12] [ITEM_LISTED]: Kaam98 listed 64x Grass Block for $101.00 on world
[20:04:17] [ITEM_LISTED]: Kaam98 listed 64x Grass Block for $101.00 on world
[20:04:21] [ITEM_LISTED]: Kaam98 listed 64x Grass Block for $101.00 on world
[20:04:27] [ITEM_LISTED]: Kaam98 listed 64x Grass Block for $101.00 on world
[20:04:32] [ITEM_LISTED]: Kaam98 listed 64x Grass Block for $101.00 on world
[20:04:38] [ITEM_LISTED]: Kaam98 listed 64x Dirt for $80.00 on world
[20:04:42] [ITEM_LISTED]: Kaam98 listed 64x Dirt for $80.00 on world
[20:04:45] [ITEM_LISTED]: Kaam98 listed 64x Dirt for $80.00 on world
[20:04:49] [ITEM_LISTED]: Kaam98 listed 64x Dirt for $80.00 on world
[20:05:06] [ITEM_LISTED]: Kaam98 listed 64x Dirt for $80.00 on world
[20:05:09] [ITEM_SOLD]: Kaam98 vend 64x Dirt sur ExE_MethyloR pour $80.00 sur world
[20:05:11] [ITEM_SOLD]: Kaam98 vend 64x Dirt sur ExE_MethyloR pour $80.00 sur world
[20:05:12] [ITEM_LISTED]: Kaam98 listed 64x Dirt for $80.00 on world
[20:05:15] [ITEM_LISTED]: Kaam98 listed 64x Dirt for $80.00 on world
[20:05:18] [ITEM_LISTED]: Kaam98 listed 64x Dirt for $80.00 on world
[20:05:25] [ITEM_LISTED]: Kaam98 listed 64x Dirt for $80.00 on world
[20:05:28] [ITEM_LISTED]: Kaam98 listed 64x Dirt for $80.00 on world
[20:05:31] [ITEM_LISTED]: Kaam98 listed 64x Dirt for $80.00 on world
[20:05:33] [ITEM_LISTED]: Kaam98 listed 64x Dirt for $80.00 on world
[20:05:38] [ITEM_LISTED]: Kaam98 listed 64x Dirt for $80.00 on world
[20:05:48] [ITEM_LISTED]: Kaam98 listed 64x Dirt for $80.00 on world
[20:05:51] [ITEM_LISTED]: Kaam98 listed 64x Dirt for $80.00 on world
[20:05:53] [ITEM_LISTED]: Kaam98 listed 64x Dirt for $80.00 on world
[20:05:56] [ITEM_LISTED]: Kaam98 listed 64x Dirt for $80.00 on world
[20:05:58] [ITEM_LISTED]: Kaam98 listed 64x Dirt for $80.00 on world
[20:06:00] [ITEM_LISTED]: Kaam98 listed 64x Dirt for $80.00 on world
[20:06:02] [ITEM_LISTED]: Kaam98 listed 64x Dirt for $80.00 on world
[21:51:25] [ITEM_CANCELLED]: Kaam98 cancelled an auction for 64x Dirt for $80.00 on world
[21:51:26] [ITEM_CANCELLED]: Kaam98 cancelled an auction for 64x Dirt for $80.00 on world
[21:51:27] [ITEM_CANCELLED]: Kaam98 cancelled an auction for 64x Dirt for $80.00 on world
[21:51:27] [ITEM_CANCELLED]: Kaam98 cancelled an auction for 64x Dirt for $80.00 on world
[21:51:28] [ITEM_CANCELLED]: Kaam98 cancelled an auction for 64x Dirt for $80.00 on world
[21:51:36] [ITEM_CANCELLED]: Kaam98 cancelled an auction for 64x Dirt for $80.00 on world
[21:51:37] [ITEM_CANCELLED]: Kaam98 cancelled an auction for 64x Dirt for $80.00 on world
[21:51:37] [ITEM_CANCELLED]: Kaam98 cancelled an auction for 64x Dirt for $80.00 on world
[21:51:37] [ITEM_CANCELLED]: Kaam98 cancelled an auction for 64x Dirt for $80.00 on world
[21:51:37] [ITEM_CANCELLED]: Kaam98 cancelled an auction for 64x Dirt for $80.00 on world
[21:51:37] [ITEM_CANCELLED]: Kaam98 cancelled an auction for 64x Dirt for $80.00 on world
[21:51:38] [ITEM_CANCELLED]: Kaam98 cancelled an auction for 64x Dirt for $80.00 on world
[21:51:39] [ITEM_CANCELLED]: Kaam98 cancelled an auction for 64x Dirt for $80.00 on world
[21:51:39] [ITEM_CANCELLED]: Kaam98 cancelled an auction for 64x Dirt for $80.00 on world
[21:51:39] [ITEM_CANCELLED]: Kaam98 cancelled an auction for 64x Dirt for $80.00 on world
[21:51:39] [ITEM_CANCELLED]: Kaam98 cancelled an auction for 64x Dirt for $80.00 on world
[21:51:39] [ITEM_CANCELLED]: Kaam98 cancelled an auction for 64x Dirt for $80.00 on world
[21:51:39] [ITEM_CANCELLED]: Kaam98 cancelled an auction for 64x Dirt for $80.00 on world
[21:51:51] [ITEM_RETURNED]: Retour 64x Dirt de Kaam98 sur world
[21:51:51] [ITEM_RETURNED]: Retour 64x Dirt de Kaam98 sur world
[21:51:52] [ITEM_RETURNED]: Retour 64x Dirt de Kaam98 sur world
[21:51:52] [ITEM_RETURNED]: Retour 64x Dirt de Kaam98 sur world
[21:51:53] [ITEM_RETURNED]: Retour 64x Dirt de Kaam98 sur world
[21:51:53] [ITEM_RETURNED]: Retour 64x Dirt de Kaam98 sur world
[21:51:53] [ITEM_RETURNED]: Retour 64x Dirt de Kaam98 sur world
[21:51:53] [ITEM_RETURNED]: Retour 64x Dirt de Kaam98 sur world
[21:51:53] [ITEM_RETURNED]: Retour 64x Dirt de Kaam98 sur world
[21:51:54] [ITEM_RETURNED]: Retour 64x Dirt de Kaam98 sur world
[21:51:56] [ITEM_RETURNED]: Retour 64x Dirt de Kaam98 sur world
[21:54:09] [ITEM_RETURNED]: Retour 64x Dirt de Kaam98 sur world
[21:54:09] [ITEM_RETURNED]: Retour 64x Dirt de Kaam98 sur world
[21:54:09] [ITEM_RETURNED]: Retour 64x Dirt de Kaam98 sur world
[21:54:10] [ITEM_RETURNED]: Retour 64x Dirt de Kaam98 sur world
[21:54:10] [ITEM_RETURNED]: Retour 64x Dirt de Kaam98 sur world
[21:54:10] [ITEM_RETURNED]: Retour 64x Dirt de Kaam98 sur world
[21:54:10] [ITEM_RETURNED]: Retour 64x Dirt de Kaam98 sur world
[21:54:11] [ITEM_RETURNED]: Retour 25x Arrow de Kaam98 sur world
[23:41:13] [ITEM_LISTED]: TheRobuxMan156 listed 1x Emerald for $1,500.00 on Ressource
[23:43:20] [ITEM_SOLD]: Mr_Lezzy vend 64x Bread sur TheRobuxMan156 pour $150.00 sur Survie
