[00:13:27] [ITEM_SOLD]: The_Wiz_D vendu 1 x Enchanted Book à  lmoaborghini pour 500.00 β le survie_new
[00:15:10] [ITEM_LISTED]: pierro vend 16 x Egg  pour 200.00β sur survie_new
[00:15:14] [ITEM_LISTED]: pierro vend 16 x Egg  pour 200.00β sur survie_new
[00:15:17] [ITEM_LISTED]: pierro vend 16 x Egg  pour 200.00β sur survie_new
[00:15:27] [ITEM_LISTED]: pierro vend 16 x Egg  pour 200.00β sur survie_new
[00:15:30] [ITEM_LISTED]: pierro vend 16 x Egg  pour 200.00β sur survie_new
[00:15:32] [ITEM_LISTED]: pierro vend 16 x Egg  pour 200.00β sur survie_new
[00:23:46] [ITEM_LISTED]: lasoeurdadrien vend 1 x Enchanted Book  pour 2,500.00β sur survie_new
[00:23:50] [ITEM_LISTED]: lasoeurdadrien vend 1 x Enchanted Book  pour 2,500.00β sur survie_new
[00:24:04] [ITEM_LISTED]: lasoeurdadrien vend 1 x Enchanted Book  pour 2,501.00β sur survie_new
[00:24:51] [ITEM_LISTED]: lasoeurdadrien vend 1 x Enchanted Book  pour 2,500.00β sur survie_new
[00:25:20] [ITEM_CANCELLED]: lasoeurdadrien annule la vente de 64x Iron Ingot pour 2,500.00β sur survie_new
[00:25:20] [ITEM_CANCELLED]: lasoeurdadrien annule la vente de 64x Iron Ingot pour 2,500.00β sur survie_new
[00:25:20] [ITEM_CANCELLED]: lasoeurdadrien annule la vente de 64x Iron Ingot pour 2,500.00β sur survie_new
[00:25:20] [ITEM_CANCELLED]: lasoeurdadrien annule la vente de 64x Iron Ingot pour 2,500.00β sur survie_new
[00:25:21] [ITEM_CANCELLED]: lasoeurdadrien annule la vente de 64x Iron Ingot pour 2,500.00β sur survie_new
[00:25:56] [ITEM_RETURNED]: 64 x Iron Ingot  renvoyé à lasoeurdadrien le survie_new
[00:25:56] [ITEM_RETURNED]: 64 x Iron Ingot  renvoyé à lasoeurdadrien le survie_new
[00:25:56] [ITEM_RETURNED]: 64 x Iron Ingot  renvoyé à lasoeurdadrien le survie_new
[00:25:56] [ITEM_RETURNED]: 64 x Iron Ingot  renvoyé à lasoeurdadrien le survie_new
[00:25:56] [ITEM_RETURNED]: 64 x Iron Ingot  renvoyé à lasoeurdadrien le survie_new
[00:25:57] [ITEM_CANCELLED]: lasoeurdadrien annule la vente de 1x Enchanted Book pour 2,500.00β sur survie_new
[00:25:57] [ITEM_CANCELLED]: lasoeurdadrien annule la vente de 1x Enchanted Book pour 2,501.00β sur survie_new
[00:26:08] [ITEM_RETURNED]: 1 x Enchanted Book  renvoyé à lasoeurdadrien le survie_new
[00:26:08] [ITEM_RETURNED]: 1 x Enchanted Book  renvoyé à lasoeurdadrien le survie_new
[00:26:21] [ITEM_LISTED]: lasoeurdadrien vend 64 x Iron Ingot  pour 2,100.00β sur survie_new
[00:26:26] [ITEM_LISTED]: lasoeurdadrien vend 64 x Iron Ingot  pour 2,100.00β sur survie_new
[00:26:30] [ITEM_LISTED]: lasoeurdadrien vend 64 x Iron Ingot  pour 2,100.00β sur survie_new
[00:26:41] [ITEM_LISTED]: lasoeurdadrien vend 64 x Iron Ingot  pour 2,100.00β sur survie_new
[00:26:49] [ITEM_LISTED]: lasoeurdadrien vend 64 x Iron Ingot  pour 2,100.00β sur survie_new
[00:27:09] [ITEM_LISTED]: lasoeurdadrien vend 1 x Enchanted Book  pour 2,500.00β sur survie_new
[00:27:13] [ITEM_LISTED]: lasoeurdadrien vend 1 x Enchanted Book  pour 2,500.00β sur survie_new
[00:48:35] [ITEM_LISTED]: REGDYLAN vend 64 x Iron Block  pour 10,500.00β sur survie_new
[00:48:46] [ITEM_CANCELLED]: REGDYLAN annule la vente de 64x Iron Block pour 10,500.00β sur survie_new
[01:41:09] [ITEM_LISTED]: pierro vend 64 x String  pour 300.00β sur survie_new
[01:41:12] [ITEM_LISTED]: pierro vend 64 x String  pour 300.00β sur survie_new
[01:52:53] [ITEM_LISTED]: Tchong vend 1 x Brewing Stand  pour 470.00β sur survie_new
[01:53:02] [ITEM_LISTED]: Tchong vend 1 x Brewing Stand  pour 470.00β sur survie_new
[01:55:19] [ITEM_LISTED]: Tchong vend 1 x Shulker Box  pour 2,000.00β sur survie_new
[01:55:27] [ITEM_LISTED]: Tchong vend 1 x Shulker Box  pour 2,000.00β sur survie_new
[01:55:40] [ITEM_LISTED]: Tchong vend 1 x Shulker Box  pour 2,000.00β sur survie_new
[02:37:24] [ITEM_LISTED]: lasoeurdadrien vend 1 x Elytra  [Mending] pour 5,000.00β sur survie_new
[02:37:29] [ITEM_LISTED]: lasoeurdadrien vend 1 x Elytra  [Mending] pour 5,000.00β sur survie_new
[03:05:58] [ITEM_LISTED]: lasoeurdadrien vend 64 x Iron Ingot  pour 2,100.00β sur survie_new
[03:07:11] [ITEM_LISTED]: lasoeurdadrien vend 64 x White Wool  pour 500.00β sur survie_new
[03:07:15] [ITEM_LISTED]: lasoeurdadrien vend 64 x White Wool  pour 500.00β sur survie_new
[03:07:20] [ITEM_LISTED]: lasoeurdadrien vend 64 x White Wool  pour 500.00β sur survie_new
[07:22:17] [ITEM_SOLD]: RazerJojo vendu 1 x Music Disc Cat à  Cantyo pour 50.00 β le survie_new
[09:42:43] [ITEM_SOLD]: lasoeurdadrien vendu 64 x White Wool à  Oniah pour 500.00 β le survie_new
[09:42:46] [ITEM_SOLD]: lasoeurdadrien vendu 64 x White Wool à  Oniah pour 500.00 β le survie_new
[10:24:52] [ITEM_CANCELLED]: Cryyzi annule la vente de 1x Jambières des Cieux [Protection V, Unbreaking V] pour 2,500.00β sur survie_new
[10:24:52] [ITEM_CANCELLED]: Cryyzi annule la vente de 1x Plastron des Cieux [Protection V, Unbreaking V] pour 2,500.00β sur survie_new
[10:24:53] [ITEM_CANCELLED]: Cryyzi annule la vente de 1x Casque des Cieux [Protection V, Unbreaking V] pour 2,500.00β sur survie_new
[10:24:53] [ITEM_CANCELLED]: Cryyzi annule la vente de 1x Bottes des Cieux [Protection V, Unbreaking V] pour 2,500.00β sur survie_new
[10:26:00] [ITEM_RETURNED]: 1 x Plastron des Cieux  [Protection V, Unbreaking V] renvoyé à Cryyzi le survie_new
[10:26:01] [ITEM_RETURNED]: 1 x Jambières des Cieux  [Protection V, Unbreaking V] renvoyé à Cryyzi le survie_new
[10:26:01] [ITEM_RETURNED]: 1 x Casque des Cieux  [Protection V, Unbreaking V] renvoyé à Cryyzi le survie_new
[10:26:02] [ITEM_RETURNED]: 1 x Bottes des Cieux  [Protection V, Unbreaking V] renvoyé à Cryyzi le survie_new
[11:18:59] [ITEM_LISTED]: tmax06 vend 64 x Cyan Glazed Terracotta  pour 1,000.00β sur spawn
[11:32:39] [ITEM_CANCELLED]: pierro annule la vente de 64x String pour 300.00β sur survie_new
[11:32:42] [ITEM_CANCELLED]: pierro annule la vente de 64x String pour 300.00β sur survie_new
[11:32:55] [ITEM_RETURNED]: 64 x Nether Wart  renvoyé à pierro le survie_new
[11:32:56] [ITEM_RETURNED]: 64 x Nether Wart  renvoyé à pierro le survie_new
[11:32:56] [ITEM_RETURNED]: 64 x String  renvoyé à pierro le survie_new
[11:32:57] [ITEM_RETURNED]: 64 x String  renvoyé à pierro le survie_new
[11:39:50] [ITEM_LISTED]: pierro vend 1 x Iron Axe  pour 150.00β sur survie_new
[11:39:53] [ITEM_LISTED]: pierro vend 1 x Iron Axe  pour 150.00β sur survie_new
[11:39:56] [ITEM_LISTED]: pierro vend 1 x Iron Axe  pour 150.00β sur survie_new
[11:40:03] [ITEM_LISTED]: pierro vend 1 x Iron Axe  pour 150.00β sur survie_new
[11:40:05] [ITEM_LISTED]: pierro vend 1 x Iron Axe  pour 150.00β sur survie_new
[11:40:18] [ITEM_LISTED]: pierro vend 1 x Iron Axe  pour 150.00β sur survie_new
[11:40:20] [ITEM_LISTED]: pierro vend 1 x Iron Axe  pour 150.00β sur survie_new
[11:40:22] [ITEM_LISTED]: pierro vend 1 x Iron Axe  pour 150.00β sur survie_new
[11:40:32] [ITEM_LISTED]: pierro vend 1 x Iron Axe  pour 120.00β sur survie_new
[11:40:35] [ITEM_LISTED]: pierro vend 1 x Iron Axe  pour 120.00β sur survie_new
[11:41:57] [ITEM_LISTED]: pierro vend 1 x Iron Axe  pour 120.00β sur survie_new
[11:43:32] [ITEM_RETURNED]: 1 x Enchanted Book  renvoyé à Kaio_Beninou le survie_new
[11:43:33] [ITEM_RETURNED]: 1 x Enchanted Book  renvoyé à Kaio_Beninou le survie_new
[11:44:11] [ITEM_LISTED]: Kaio_Beninou vend 1 x Enchanted Book  pour 5,000.00β sur survie_new
[11:44:17] [ITEM_LISTED]: Kaio_Beninou vend 1 x Enchanted Book  pour 5,000.00β sur survie_new
[12:19:16] [ITEM_SOLD]: RazerJojo vendu 1 x Diamond Pickaxe à  [Efficiency IV, Silk Touch, Unbreaking III] D4rk_Wolf_07 pour 2,000.00 β le survie_new
[12:37:37] [ITEM_LISTED]: D4rk_Wolf_07 vend 64 x Arrow  pour 64.00β sur survie_new
[12:37:41] [ITEM_LISTED]: D4rk_Wolf_07 vend 64 x Arrow  pour 64.00β sur survie_new
[12:37:43] [ITEM_LISTED]: D4rk_Wolf_07 vend 64 x Arrow  pour 64.00β sur survie_new
[12:37:46] [ITEM_LISTED]: D4rk_Wolf_07 vend 64 x Arrow  pour 64.00β sur survie_new
[12:37:48] [ITEM_LISTED]: D4rk_Wolf_07 vend 64 x Arrow  pour 64.00β sur survie_new
[12:37:51] [ITEM_LISTED]: D4rk_Wolf_07 vend 64 x Arrow  pour 64.00β sur survie_new
[12:38:03] [ITEM_LISTED]: D4rk_Wolf_07 vend 64 x Arrow  pour 64.00β sur survie_new
[12:38:06] [ITEM_LISTED]: D4rk_Wolf_07 vend 64 x Arrow  pour 64.00β sur survie_new
[12:38:09] [ITEM_LISTED]: D4rk_Wolf_07 vend 64 x Arrow  pour 64.00β sur survie_new
[12:38:11] [ITEM_LISTED]: D4rk_Wolf_07 vend 64 x Arrow  pour 64.00β sur survie_new
[12:38:13] [ITEM_LISTED]: D4rk_Wolf_07 vend 64 x Arrow  pour 64.00β sur survie_new
[12:38:15] [ITEM_LISTED]: D4rk_Wolf_07 vend 64 x Arrow  pour 64.00β sur survie_new
[12:38:18] [ITEM_LISTED]: D4rk_Wolf_07 vend 64 x Arrow  pour 64.00β sur survie_new
[12:38:20] [ITEM_LISTED]: D4rk_Wolf_07 vend 64 x Arrow  pour 64.00β sur survie_new
[12:50:16] [ITEM_LISTED]: LLIcocoman_Hrz vend 64 x Stick  pour 10.00β sur survie_new
[12:50:17] [ITEM_LISTED]: LLIcocoman_Hrz vend 64 x Stick  pour 10.00β sur survie_new
[12:50:19] [ITEM_LISTED]: LLIcocoman_Hrz vend 64 x Stick  pour 10.00β sur survie_new
[12:50:21] [ITEM_LISTED]: LLIcocoman_Hrz vend 64 x Stick  pour 10.00β sur survie_new
[12:50:35] [ITEM_LISTED]: LLIcocoman_Hrz vend 64 x Torch  pour 10.00β sur survie_new
[12:50:37] [ITEM_LISTED]: LLIcocoman_Hrz vend 64 x Oak Button  pour 10.00β sur survie_new
[12:50:39] [ITEM_LISTED]: LLIcocoman_Hrz vend 2 x Chest  pour 10.00β sur survie_new
[14:01:12] [ITEM_SOLD]: lasoeurdadrien vendu 1 x Enchanted Book à  GuiGuiPlay pour 2,500.00 β le survie_new
[14:12:13] [ITEM_LISTED]: GuiGuiPlay vend 64 x Cocoa Beans  pour 100.00β sur survie_new
[14:12:17] [ITEM_LISTED]: GuiGuiPlay vend 64 x Cocoa Beans  pour 100.00β sur survie_new
[14:12:18] [ITEM_LISTED]: GuiGuiPlay vend 64 x Cocoa Beans  pour 100.00β sur survie_new
[14:12:22] [ITEM_LISTED]: GuiGuiPlay vend 64 x Cocoa Beans  pour 100.00β sur survie_new
[14:38:06] [ITEM_LISTED]: GuiGuiPlay vend 64 x Melon  pour 200.00β sur survie_new
[14:38:27] [ITEM_LISTED]: GuiGuiPlay vend 64 x Sugar Cane  pour 100.00β sur survie_new
[14:38:33] [ITEM_LISTED]: GuiGuiPlay vend 64 x Sugar Cane  pour 100.00β sur survie_new
[14:38:35] [ITEM_LISTED]: GuiGuiPlay vend 64 x Sugar Cane  pour 100.00β sur survie_new
[14:38:36] [ITEM_LISTED]: GuiGuiPlay vend 64 x Sugar Cane  pour 100.00β sur survie_new
[14:38:45] [ITEM_LISTED]: GuiGuiPlay vend 64 x Sugar Cane  pour 100.00β sur survie_new
[14:38:46] [ITEM_LISTED]: GuiGuiPlay vend 64 x Sugar Cane  pour 100.00β sur survie_new
[14:38:51] [ITEM_LISTED]: GuiGuiPlay vend 64 x Sugar Cane  pour 100.00β sur survie_new
[14:38:52] [ITEM_LISTED]: GuiGuiPlay vend 64 x Sugar Cane  pour 100.00β sur survie_new
[14:38:53] [ITEM_LISTED]: GuiGuiPlay vend 64 x Sugar Cane  pour 100.00β sur survie_new
[14:39:01] [ITEM_LISTED]: GuiGuiPlay vend 8 x Melon  pour 10.00β sur survie_new
[14:39:03] [ITEM_LISTED]: GuiGuiPlay vend 3 x Melon Slice  pour 1.00β sur survie_new
[14:39:13] [ITEM_LISTED]: GuiGuiPlay vend 12 x Sugar Cane  pour 5.00β sur survie_new
[15:27:48] [ITEM_SOLD]: lasoeurdadrien vendu 1 x Enchanted Book à  Caldryk pour 2,500.00 β le survie_new
[15:35:50] [ITEM_SOLD]: lasoeurdadrien vendu 1 x Enchanted Book à  Dragonoss pour 2,500.00 β le survie_new
[15:38:11] [ITEM_SOLD]: RazerJojo vendu 1 x Enchanted Book à  Dragonoss pour 1,000.00 β le survie_new
[15:54:04] [ITEM_SOLD]: pierro vendu 16 x Egg à  Dragonoss pour 250.00 β le survie_new
[15:54:07] [ITEM_SOLD]: pierro vendu 16 x Egg à  Dragonoss pour 250.00 β le survie_new
[16:04:53] [ITEM_LISTED]: Cryyzi vend 1 x Yellow Bed  pour 11.00β sur survie_new
[16:04:56] [ITEM_LISTED]: Cryyzi vend 1 x Yellow Bed  pour 11.00β sur survie_new
[16:04:58] [ITEM_LISTED]: Cryyzi vend 1 x White Bed  pour 11.00β sur survie_new
[16:05:00] [ITEM_LISTED]: Cryyzi vend 1 x Yellow Bed  pour 11.00β sur survie_new
[16:05:03] [ITEM_LISTED]: Cryyzi vend 1 x White Bed  pour 11.00β sur survie_new
[16:05:11] [ITEM_LISTED]: Cryyzi vend 1 x White Bed  pour 11.00β sur survie_new
[16:56:10] [ITEM_SOLD]: Gr33nEagl3 vendu 64 x Smooth Stone à  Newt_hp pour 200.00 β le survie_new
[16:56:12] [ITEM_SOLD]: Gr33nEagl3 vendu 64 x Smooth Stone à  Newt_hp pour 200.00 β le survie_new
[16:56:13] [ITEM_SOLD]: Gr33nEagl3 vendu 64 x Smooth Stone à  Newt_hp pour 200.00 β le survie_new
[16:56:15] [ITEM_SOLD]: Gr33nEagl3 vendu 64 x Smooth Stone à  Newt_hp pour 200.00 β le survie_new
[17:20:03] [ITEM_SOLD]: lasoeurdadrien vendu 64 x Iron Ingot à  Harufoxyy pour 2,100.00 β le survie_new
[17:21:25] [ITEM_SOLD]: Newt_hp vendu 1 x Enchanted Book à  Harufoxyy pour 1,500.00 β le survie_new
[17:26:51] [ITEM_LISTED]: lmoaborghini vend 1 x Diamond Chestplate  [Protection III, Unbreaking III] pour 1,500.00β sur spawn
[17:29:53] [ITEM_SOLD]: lasoeurdadrien vendu 1 x Enchanted Book à  Caldryk pour 1,450.00 β le survie_new
[17:52:26] [ITEM_SOLD]: RazerJojo vendu 64 x Lapis Block à  REGDYLAN pour 1,000.00 β le survie_new
[18:45:35] [ITEM_LISTED]: sylverfire02 vend 1 x Enchanted Book  pour 2,000.00β sur survie_new
[18:45:44] [ITEM_LISTED]: sylverfire02 vend 1 x Enchanted Book  pour 4,000.00β sur survie_new
[18:58:19] [ITEM_SOLD]: castor26 vendu 64 x Bamboo à  TiBouX pour 250.00 β le survie_new
[18:58:24] [ITEM_SOLD]: Newt_hp vendu 64 x Baked Potato à  TiBouX pour 250.00 β le survie_new
[18:58:26] [ITEM_SOLD]: Newt_hp vendu 64 x Baked Potato à  TiBouX pour 250.00 β le survie_new
[18:58:29] [ITEM_SOLD]: GuiGuiPlay vendu 64 x Melon à  TiBouX pour 200.00 β le survie_new
[19:24:21] [ITEM_LISTED]: Yohan81 vend 64 x Bread  pour 100.00β sur spawn
[19:24:24] [ITEM_LISTED]: Yohan81 vend 64 x Bread  pour 100.00β sur spawn
[19:24:34] [ITEM_LISTED]: Yohan81 vend 23 x Bread  pour 38.00β sur spawn
[19:25:02] [ITEM_SOLD]: Newt_hp vendu 64 x Bamboo à  TiBouX pour 75.00 β le survie_new
[19:25:05] [ITEM_SOLD]: D4rk_Wolf_07 vendu 64 x Arrow à  bofkaya pour 64.00 β le survie_new
[19:27:06] [ITEM_SOLD]: Tchong vendu 1 x Brewing Stand à  Vladata pour 470.00 β le survie_new
[20:01:40] [ITEM_SOLD]: LLIcocoman_Hrz vendu 64 x Torch à  GrosBoze pour 10.00 β le survie_new
[20:02:13] [ITEM_LISTED]: TiBouX vend 1 x Enchanted Book  pour 2,000.00β sur survie_new
[20:04:32] [ITEM_SOLD]: D4rk_Wolf_07 vendu 64 x Arrow à  Mikiu_Ahegao pour 64.00 β le survie_new
[20:04:35] [ITEM_SOLD]: D4rk_Wolf_07 vendu 64 x Arrow à  Mikiu_Ahegao pour 64.00 β le survie_new
[20:04:37] [ITEM_SOLD]: D4rk_Wolf_07 vendu 64 x Arrow à  Mikiu_Ahegao pour 64.00 β le survie_new
[20:04:38] [ITEM_SOLD]: D4rk_Wolf_07 vendu 64 x Arrow à  Mikiu_Ahegao pour 64.00 β le survie_new
[20:04:43] [ITEM_SOLD]: D4rk_Wolf_07 vendu 64 x Arrow à  Mikiu_Ahegao pour 64.00 β le survie_new
[20:04:44] [ITEM_SOLD]: D4rk_Wolf_07 vendu 64 x Arrow à  Mikiu_Ahegao pour 64.00 β le survie_new
[20:04:46] [ITEM_SOLD]: D4rk_Wolf_07 vendu 64 x Arrow à  Mikiu_Ahegao pour 64.00 β le survie_new
[20:04:48] [ITEM_SOLD]: D4rk_Wolf_07 vendu 64 x Arrow à  Mikiu_Ahegao pour 64.00 β le survie_new
[20:04:49] [ITEM_SOLD]: D4rk_Wolf_07 vendu 64 x Arrow à  Mikiu_Ahegao pour 64.00 β le survie_new
[20:04:51] [ITEM_SOLD]: D4rk_Wolf_07 vendu 64 x Arrow à  Mikiu_Ahegao pour 64.00 β le survie_new
[20:04:54] [ITEM_SOLD]: D4rk_Wolf_07 vendu 64 x Arrow à  Mikiu_Ahegao pour 64.00 β le survie_new
[20:04:55] [ITEM_SOLD]: D4rk_Wolf_07 vendu 64 x Arrow à  Mikiu_Ahegao pour 64.00 β le survie_new
[20:04:57] [ITEM_SOLD]: D4rk_Wolf_07 vendu 64 x Arrow à  Mikiu_Ahegao pour 64.00 β le survie_new
[20:10:37] [ITEM_DROPPED]: Abandon de la vente MatyoCraft expirée de 1 x Diamond Chestplate  [Projectile Protection I] pour 0.00β à leurs pieds le spawn
[20:10:37] [ITEM_DROPPED]: Abandon de la vente MatyoCraft expirée de 1 x Diamond Chestplate  [Projectile Protection I] pour 0.00β à leurs pieds le spawn
[20:10:37] [ITEM_DROPPED]: Abandon de la vente MatyoCraft expirée de 1 x Diamond Chestplate  [Projectile Protection I] pour 0.00β à leurs pieds le spawn
[20:10:37] [ITEM_DROPPED]: Abandon de la vente MatyoCraft expirée de 1 x Diamond Chestplate  [Projectile Protection I] pour 0.00β à leurs pieds le spawn
[20:16:27] [ITEM_SOLD]: Yohan81 vendu 64 x Bread à  Dia_bax pour 100.00 β le spawn
[20:17:38] [ITEM_SOLD]: lmoaborghini vendu 1 x Diamond Chestplate à  [Protection III, Unbreaking III] Dia_bax pour 1,500.00 β le spawn
[20:26:15] [ITEM_LISTED]: WyRz_ vend 1 x Enchanted Book  pour 600.00β sur spawn
[20:27:40] [ITEM_LISTED]: REGDYLAN vend 1 x Diamond Pickaxe  [Efficiency IV, Unbreaking III] pour 2,000.00β sur survie_new
[20:27:42] [ITEM_LISTED]: REGDYLAN vend 1 x Diamond Pickaxe  [Efficiency IV, Unbreaking III] pour 2,000.00β sur survie_new
[20:27:43] [ITEM_LISTED]: REGDYLAN vend 1 x Diamond Pickaxe  [Efficiency IV, Unbreaking III] pour 2,000.00β sur survie_new
[20:27:45] [ITEM_LISTED]: REGDYLAN vend 1 x Diamond Pickaxe  [Efficiency IV, Unbreaking III] pour 2,000.00β sur survie_new
[20:27:46] [ITEM_LISTED]: REGDYLAN vend 1 x Diamond Pickaxe  [Efficiency IV, Unbreaking III] pour 2,000.00β sur survie_new
[20:28:07] [ITEM_LISTED]: REGDYLAN vend 1 x Diamond Pickaxe  [Efficiency IV, Fortune III, Unbreaking III] pour 2,500.00β sur survie_new
[20:28:40] [ITEM_LISTED]: REGDYLAN vend 1 x Diamond Pickaxe  [Efficiency IV] pour 1,500.00β sur survie_new
[20:28:41] [ITEM_LISTED]: REGDYLAN vend 1 x Diamond Pickaxe  [Efficiency IV] pour 1,500.00β sur survie_new
[20:28:42] [ITEM_LISTED]: REGDYLAN vend 1 x Diamond Pickaxe  [Efficiency IV] pour 1,500.00β sur survie_new
[20:40:53] [ITEM_LISTED]: WyRz_ vend 3 x [Cave spider Spawner]  pour 4,000.00β sur survie_new
[20:41:24] [ITEM_CANCELLED]: WyRz_ annule la vente de 3x [Cave spider Spawner] pour 4,000.00β sur survie_new
[20:41:49] [ITEM_RETURNED]: 3 x [Cave spider Spawner]  renvoyé à WyRz_ le survie_new
[20:41:58] [ITEM_LISTED]: WyRz_ vend 3 x [Cave spider Spawner]  pour 6,000.00β sur spawn
[20:44:57] [ITEM_CANCELLED]: sylverfire02 annule la vente de 1x Enchanted Book pour 1,500.00β sur survie_new
[20:45:03] [ITEM_CANCELLED]: sylverfire02 annule la vente de 1x Enchanted Book pour 2,000.00β sur survie_new
[20:45:04] [ITEM_CANCELLED]: sylverfire02 annule la vente de 1x Enchanted Book pour 4,000.00β sur survie_new
[20:45:11] [ITEM_RETURNED]: 1 x Enchanted Book  renvoyé à sylverfire02 le survie_new
[20:45:11] [ITEM_RETURNED]: 1 x Enchanted Book  renvoyé à sylverfire02 le survie_new
[20:45:11] [ITEM_RETURNED]: 1 x Enchanted Book  renvoyé à sylverfire02 le survie_new
[20:45:42] [ITEM_LISTED]: sylverfire02 vend 1 x Enchanted Book  pour 1,000.00β sur survie_new
[20:45:47] [ITEM_LISTED]: sylverfire02 vend 1 x Enchanted Book  pour 1,000.00β sur survie_new
[20:45:49] [ITEM_LISTED]: sylverfire02 vend 1 x Enchanted Book  pour 1,000.00β sur survie_new
[20:47:20] [ITEM_LISTED]: REGDYLAN vend 1 x Diamond Pickaxe  [Efficiency V, Fortune III, Unbreaking III] pour 3,000.00β sur survie_new
[20:50:37] [ITEM_SOLD]: WyRz_ vendu 1 x Enchanted Book à  Skilyder pour 600.00 β le spawn
[20:57:40] [ITEM_SOLD]: CapitaineNiamor vendu 1 x Iron Pickaxe à  [Mending] Skilyder pour 100.00 β le survie_new
[20:58:08] [ITEM_SOLD]: Cryyzi vendu 1 x Buried Treasure Map à  Skilyder pour 50.00 β le Ressource
[20:58:09] [ITEM_SOLD]: Cryyzi vendu 1 x Buried Treasure Map à  Skilyder pour 50.00 β le Ressource
[21:03:30] [ITEM_SOLD]: sylverfire02 vendu 1 x Enchanted Book à  REGDYLAN pour 1,000.00 β le survie_new
[21:17:40] [ITEM_LISTED]: HeFk vend 1 x Journal de quêtes  pour 0.10β sur survie_new
[21:27:34] [ITEM_CANCELLED]: REGDYLAN annule la vente de 1x Diamond Pickaxe [Efficiency IV, Fortune III, Unbreaking III] pour 2,500.00β sur survie_new
[21:27:36] [ITEM_RETURNED]: 1 x Diamond Pickaxe  [Efficiency IV, Fortune III, Unbreaking III] renvoyé à REGDYLAN le survie_new
[22:01:40] [ITEM_SOLD]: AzodFR vendu 1 x Potion à  Isaorya pour 20.00 β le survie_new
[22:05:28] [ITEM_LISTED]: Nexusso vend 64 x Quartz Block  pour 800.00β sur survie_new
[22:05:30] [ITEM_LISTED]: Nexusso vend 38 x Quartz Block  pour 800.00β sur survie_new
[22:05:32] [ITEM_LISTED]: Nexusso vend 64 x Quartz Block  pour 800.00β sur survie_new
[22:05:35] [ITEM_LISTED]: Nexusso vend 64 x Quartz Block  pour 800.00β sur survie_new
[22:05:37] [ITEM_LISTED]: Nexusso vend 64 x Quartz Block  pour 800.00β sur survie_new
[22:05:46] [ITEM_CANCELLED]: Nexusso annule la vente de 38x Quartz Block pour 800.00β sur survie_new
[22:15:23] [ITEM_SOLD]: Mr_Yt_Fr vendu 1 x Iron Pickaxe à  [Unbreaking III] Vladata pour 200.00 β le survie_new
[22:15:31] [ITEM_SOLD]: GuiGuiPlay vendu 64 x Sugar Cane à  Vladata pour 100.00 β le survie_new
[22:25:14] [ITEM_LISTED]: Newt_hp vend 64 x Redstone Block  pour 250.00β sur survie_new
[22:25:18] [ITEM_LISTED]: Newt_hp vend 64 x Redstone Block  pour 250.00β sur survie_new
[22:25:27] [ITEM_LISTED]: Newt_hp vend 63 x Redstone Block  pour 240.00β sur survie_new
[22:25:35] [ITEM_LISTED]: Newt_hp vend 64 x Lapis Block  pour 250.00β sur survie_new
[22:25:39] [ITEM_LISTED]: Newt_hp vend 13 x Lapis Block  pour 150.00β sur survie_new
[22:27:14] [ITEM_CANCELLED]: Newt_hp annule la vente de 64x Bamboo pour 75.00β sur survie_new
[22:27:16] [ITEM_CANCELLED]: Newt_hp annule la vente de 64x Bamboo pour 75.00β sur survie_new
[22:27:17] [ITEM_CANCELLED]: Newt_hp annule la vente de 64x Bamboo pour 75.00β sur survie_new
[22:27:17] [ITEM_CANCELLED]: Newt_hp annule la vente de 64x Bamboo pour 75.00β sur survie_new
[22:27:18] [ITEM_CANCELLED]: Newt_hp annule la vente de 64x Bamboo pour 75.00β sur survie_new
[22:27:19] [ITEM_CANCELLED]: Newt_hp annule la vente de 64x Bamboo pour 75.00β sur survie_new
[22:27:20] [ITEM_CANCELLED]: Newt_hp annule la vente de 64x Bamboo pour 75.00β sur survie_new
[22:27:21] [ITEM_CANCELLED]: Newt_hp annule la vente de 64x Bamboo pour 75.00β sur survie_new
[22:27:26] [ITEM_RETURNED]: 64 x Bamboo  renvoyé à Newt_hp le survie_new
[22:27:26] [ITEM_RETURNED]: 64 x Bamboo  renvoyé à Newt_hp le survie_new
[22:27:27] [ITEM_RETURNED]: 64 x Bamboo  renvoyé à Newt_hp le survie_new
[22:27:27] [ITEM_RETURNED]: 64 x Bamboo  renvoyé à Newt_hp le survie_new
[22:27:27] [ITEM_RETURNED]: 64 x Bamboo  renvoyé à Newt_hp le survie_new
[22:27:28] [ITEM_RETURNED]: 64 x Bamboo  renvoyé à Newt_hp le survie_new
[22:27:28] [ITEM_RETURNED]: 64 x Bamboo  renvoyé à Newt_hp le survie_new
[22:27:28] [ITEM_RETURNED]: 64 x Bamboo  renvoyé à Newt_hp le survie_new
[22:27:28] [ITEM_CANCELLED]: Newt_hp annule la vente de 13x Lapis Block pour 150.00β sur survie_new
[22:27:31] [ITEM_RETURNED]: 13 x Lapis Block  renvoyé à Newt_hp le survie_new
[22:27:49] [ITEM_LISTED]: Newt_hp vend 64 x Bamboo  pour 32.00β sur survie_new
[22:27:50] [ITEM_LISTED]: Newt_hp vend 64 x Bamboo  pour 32.00β sur survie_new
[22:27:51] [ITEM_LISTED]: Newt_hp vend 64 x Bamboo  pour 32.00β sur survie_new
[22:27:52] [ITEM_LISTED]: Newt_hp vend 64 x Bamboo  pour 32.00β sur survie_new
[22:27:52] [ITEM_LISTED]: Newt_hp vend 64 x Bamboo  pour 32.00β sur survie_new
[22:28:02] [ITEM_LISTED]: Newt_hp vend 64 x Bamboo  pour 32.00β sur survie_new
[22:28:04] [ITEM_LISTED]: Newt_hp vend 64 x Bamboo  pour 32.00β sur survie_new
[22:28:04] [ITEM_LISTED]: Newt_hp vend 64 x Bamboo  pour 32.00β sur survie_new
[22:32:14] [ITEM_SOLD]: lasoeurdadrien vendu 1 x Enchanted Book à  cmdix36 pour 2,500.00 β le survie_new
[22:36:01] [ITEM_LISTED]: GuiGuiPlay vend 64 x Melon  pour 200.00β sur survie_new
[22:36:17] [ITEM_CANCELLED]: GuiGuiPlay annule la vente de 3x Melon Slice pour 1.00β sur survie_new
[22:36:19] [ITEM_CANCELLED]: GuiGuiPlay annule la vente de 8x Melon pour 10.00β sur survie_new
[22:36:22] [ITEM_CANCELLED]: GuiGuiPlay annule la vente de 9x Melon pour 20.00β sur survie_new
[22:36:23] [ITEM_CANCELLED]: GuiGuiPlay annule la vente de 64x Melon pour 500.00β sur survie_new
[22:36:23] [ITEM_CANCELLED]: GuiGuiPlay annule la vente de 64x Melon pour 500.00β sur survie_new
[22:36:24] [ITEM_CANCELLED]: GuiGuiPlay annule la vente de 64x Melon pour 500.00β sur survie_new
[22:36:25] [ITEM_CANCELLED]: GuiGuiPlay annule la vente de 64x Melon pour 500.00β sur survie_new
[22:36:27] [ITEM_CANCELLED]: GuiGuiPlay annule la vente de 6x Melon Slice pour 4.00β sur survie_new
[22:36:36] [ITEM_RETURNED]: 1 x Stone Sword  [Mending, Sharpness VI, Unbreaking III] renvoyé à GuiGuiPlay le survie_new
[22:36:38] [ITEM_RETURNED]: 64 x Melon  renvoyé à GuiGuiPlay le survie_new
[22:36:38] [ITEM_RETURNED]: 64 x Melon  renvoyé à GuiGuiPlay le survie_new
[22:36:38] [ITEM_RETURNED]: 64 x Melon  renvoyé à GuiGuiPlay le survie_new
[22:36:39] [ITEM_RETURNED]: 64 x Melon  renvoyé à GuiGuiPlay le survie_new
[22:36:39] [ITEM_RETURNED]: 9 x Melon  renvoyé à GuiGuiPlay le survie_new
[22:36:40] [ITEM_RETURNED]: 8 x Melon  renvoyé à GuiGuiPlay le survie_new
[22:36:41] [ITEM_RETURNED]: 3 x Melon Slice  renvoyé à GuiGuiPlay le survie_new
[22:36:41] [ITEM_RETURNED]: 6 x Melon Slice  renvoyé à GuiGuiPlay le survie_new
[22:36:50] [ITEM_LISTED]: GuiGuiPlay vend 64 x Melon  pour 200.00β sur survie_new
[22:36:54] [ITEM_LISTED]: GuiGuiPlay vend 64 x Melon  pour 200.00β sur survie_new
[22:36:57] [ITEM_LISTED]: GuiGuiPlay vend 64 x Melon  pour 200.00β sur survie_new
[22:36:59] [ITEM_LISTED]: GuiGuiPlay vend 64 x Melon  pour 200.00β sur survie_new
[22:37:01] [ITEM_LISTED]: Vladata vend 20 x Cooked Cod  pour 40.00β sur spawn
[22:37:02] [ITEM_LISTED]: GuiGuiPlay vend 64 x Melon  pour 200.00β sur survie_new
[22:37:09] [ITEM_LISTED]: GuiGuiPlay vend 1 x Stone Sword  [Mending, Sharpness VI, Unbreaking III] pour 1,000.00β sur survie_new
[22:37:15] [ITEM_LISTED]: Vladata vend 14 x Cooked Salmon  pour 28.00β sur spawn
[22:41:28] [ITEM_LISTED]: RazerJojo vend 64 x Diamond  pour 10,000.00β sur survie_new
[22:42:17] [ITEM_SOLD]: Newt_hp vendu 64 x Redstone Block à  Kaam98 pour 250.00 β le survie_new
[22:42:19] [ITEM_SOLD]: Newt_hp vendu 64 x Redstone Block à  Kaam98 pour 250.00 β le survie_new
[22:42:21] [ITEM_SOLD]: Newt_hp vendu 63 x Redstone Block à  Kaam98 pour 240.00 β le survie_new
[22:42:24] [ITEM_SOLD]: Newt_hp vendu 64 x Lapis Block à  Kaam98 pour 250.00 β le survie_new
[22:43:21] [ITEM_SOLD]: Nexusso vendu 64 x Quartz Block à  PhilippeLatrine pour 800.00 β le survie_new
[22:43:25] [ITEM_SOLD]: Nexusso vendu 64 x Quartz Block à  PhilippeLatrine pour 800.00 β le survie_new
[22:43:27] [ITEM_SOLD]: Nexusso vendu 64 x Quartz Block à  PhilippeLatrine pour 800.00 β le survie_new
[22:43:28] [ITEM_SOLD]: Nexusso vendu 64 x Quartz Block à  PhilippeLatrine pour 800.00 β le survie_new
[22:48:09] [ITEM_SOLD]: LLIcocoman_Hrz vendu 2 x Chest à  REGDYLAN pour 10.00 β le survie_new
[22:50:03] [ITEM_SOLD]: REGDYLAN vendu 1 x Diamond Pickaxe à  [Efficiency V, Fortune III, Unbreaking III] Neefast pour 3,000.00 β le survie_new
[22:52:03] [ITEM_SOLD]: Cryyzi vendu 1 x Yellow Bed à  portedegaia pour 11.00 β le survie_new
[22:52:06] [ITEM_SOLD]: Cryyzi vendu 1 x Yellow Bed à  portedegaia pour 11.00 β le survie_new
[22:53:35] [ITEM_SOLD]: Yohan81 vendu 23 x Bread à  portedegaia pour 38.00 β le spawn
[22:57:09] [ITEM_LISTED]: REGDYLAN vend 1 x [Cow Spawner]  pour 10,000.00β sur survie_new
[22:57:12] [ITEM_LISTED]: REGDYLAN vend 1 x [Cow Spawner]  pour 10,000.00β sur survie_new
[22:57:14] [ITEM_LISTED]: REGDYLAN vend 1 x [Cow Spawner]  pour 10,000.00β sur survie_new
[22:57:15] [ITEM_LISTED]: REGDYLAN vend 1 x [Cow Spawner]  pour 10,000.00β sur survie_new
[22:57:17] [ITEM_LISTED]: REGDYLAN vend 1 x [Cow Spawner]  pour 10,000.00β sur survie_new
[23:16:28] [ITEM_CANCELLED]: REGDYLAN annule la vente de 1x Golden Apple pour 200.00β sur survie_new
[23:16:28] [ITEM_CANCELLED]: REGDYLAN annule la vente de 1x Golden Apple pour 200.00β sur survie_new
[23:16:29] [ITEM_CANCELLED]: REGDYLAN annule la vente de 1x Golden Apple pour 200.00β sur survie_new
[23:16:29] [ITEM_CANCELLED]: REGDYLAN annule la vente de 1x Golden Apple pour 200.00β sur survie_new
[23:16:29] [ITEM_CANCELLED]: REGDYLAN annule la vente de 1x Golden Apple pour 200.00β sur survie_new
[23:16:29] [ITEM_CANCELLED]: REGDYLAN annule la vente de 1x Golden Apple pour 200.00β sur survie_new
[23:16:30] [ITEM_CANCELLED]: REGDYLAN annule la vente de 1x Golden Apple pour 200.00β sur survie_new
[23:16:30] [ITEM_CANCELLED]: REGDYLAN annule la vente de 1x Golden Apple pour 200.00β sur survie_new
[23:16:30] [ITEM_CANCELLED]: REGDYLAN annule la vente de 1x Pomme des Cieux pour 1,500.00β sur survie_new
[23:16:31] [ITEM_CANCELLED]: REGDYLAN annule la vente de 1x Pomme des Cieux pour 1,500.00β sur survie_new
[23:16:31] [ITEM_CANCELLED]: REGDYLAN annule la vente de 1x Pomme des Cieux pour 1,500.00β sur survie_new
[23:16:32] [ITEM_CANCELLED]: REGDYLAN annule la vente de 1x Enchanted Golden Apple pour 1,500.00β sur survie_new
[23:16:33] [ITEM_CANCELLED]: REGDYLAN annule la vente de 32x Leather pour 500.00β sur survie_new
[23:16:33] [ITEM_CANCELLED]: REGDYLAN annule la vente de 32x Leather pour 500.00β sur survie_new
[23:16:34] [ITEM_CANCELLED]: REGDYLAN annule la vente de 1x Mineur pour 10,000.00β sur survie_new
[23:16:45] [ITEM_RETURNED]: 64 x Iron Block  renvoyé à REGDYLAN le survie_new
[23:16:49] [ITEM_SOLD]: Newt_hp vendu 64 x Baked Potato à  Neefast pour 250.00 β le survie_new
[23:29:58] [ITEM_SOLD]: RazerJojo vendu 64 x Redstone Block à  GrosBoze pour 300.00 β le survie_new
[23:53:01] [ITEM_SOLD]: GuiGuiPlay vendu 12 x Sugar Cane à  portedegaia pour 5.00 β le survie_new
[23:54:31] [ITEM_SOLD]: Mikiu_Ahegao vendu 1 x Diamond Sword à  [Bane of Arthropods I] portedegaia pour 600.00 β le survie_new
[23:54:42] [ITEM_SOLD]: Mr_Yt_Fr vendu 1 x Iron Sword à  [Bane of Arthropods III, Looting I] portedegaia pour 400.00 β le survie_new
[23:59:59] [ITEM_LISTED]: lasoeurdadrien vend 1 x Enchanted Book  pour 2,500.00β sur survie_new
