[00:42:42] [ITEM_SOLD]: Cryyzi vendu 64 x Blue Ice à  hugoleb pour 1,200.00 β le survie_new
[01:17:38] [ITEM_SOLD]: OfCourse vendu 10 x Dispenser à  eric2a pour 1,000.00 β le survie_new
[01:18:10] [ITEM_SOLD]: pierro vendu 1 x Brown Shulker Box à  eric2a pour 2,800.00 β le survie_new
[11:08:16] [ITEM_SOLD]: WyRz_ vendu 1 x Enchanted Book à  Isaorya pour 500.00 β le survie_new
[11:08:26] [ITEM_SOLD]: WyRz_ vendu 1 x Enchanted Book à  Isaorya pour 200.00 β le survie_new
[11:08:28] [ITEM_SOLD]: WyRz_ vendu 1 x Enchanted Book à  Isaorya pour 50.00 β le survie_new
[11:08:37] [ITEM_SOLD]: WyRz_ vendu 1 x Enchanted Book à  Isaorya pour 50.00 β le survie_new
[11:08:39] [ITEM_SOLD]: WyRz_ vendu 1 x Enchanted Book à  Isaorya pour 200.00 β le survie_new
[11:09:01] [ITEM_SOLD]: sylverfire02 vendu 1 x Enchanted Book à  Isaorya pour 100.00 β le survie_new
[11:20:58] [ITEM_SOLD]: CroixVeBaton vendu 64 x Hay Block à  Murdock_Co pour 500.00 β le survie_new
[11:21:52] [ITEM_LISTED]: Murdock_Co vend 64 x Bread  pour 150.00β sur survie_new
[11:21:54] [ITEM_LISTED]: Murdock_Co vend 59 x Bread  pour 150.00β sur survie_new
[11:21:56] [ITEM_LISTED]: Murdock_Co vend 64 x Bread  pour 150.00β sur survie_new
[11:22:45] [ITEM_CANCELLED]: LLIcocoman_Hrz annule la vente de 5x Trapped Chest pour 50.00β sur survie_new
[11:22:48] [ITEM_RETURNED]: 5 x Trapped Chest  renvoyé à LLIcocoman_Hrz le survie_new
[11:23:01] [ITEM_LISTED]: LLIcocoman_Hrz vend 5 x Trapped Chest  pour 5.00β sur survie_new
[11:23:23] [ITEM_SOLD]: Murdock_Co vendu 59 x Bread à  Isaorya pour 150.00 β le survie_new
[11:23:25] [ITEM_SOLD]: Murdock_Co vendu 64 x Bread à  Isaorya pour 150.00 β le survie_new
[11:23:44] [ITEM_CANCELLED]: Murdock_Co annule la vente de 64x Bread pour 250.00β sur survie_new
[11:23:45] [ITEM_CANCELLED]: Murdock_Co annule la vente de 64x Bread pour 250.00β sur survie_new
[11:23:46] [ITEM_CANCELLED]: Murdock_Co annule la vente de 64x Bread pour 250.00β sur survie_new
[11:23:47] [ITEM_CANCELLED]: Murdock_Co annule la vente de 64x Bread pour 250.00β sur survie_new
[11:23:48] [ITEM_CANCELLED]: Murdock_Co annule la vente de 64x Bread pour 250.00β sur survie_new
[11:23:48] [ITEM_CANCELLED]: Murdock_Co annule la vente de 64x Bread pour 250.00β sur survie_new
[11:23:49] [ITEM_CANCELLED]: Murdock_Co annule la vente de 64x Bread pour 250.00β sur survie_new
[11:23:49] [ITEM_CANCELLED]: Murdock_Co annule la vente de 64x Bread pour 250.00β sur survie_new
[11:23:50] [ITEM_CANCELLED]: Murdock_Co annule la vente de 64x Bread pour 250.00β sur survie_new
[11:23:50] [ITEM_CANCELLED]: Murdock_Co annule la vente de 64x Bread pour 250.00β sur survie_new
[11:23:51] [ITEM_CANCELLED]: Murdock_Co annule la vente de 64x Bread pour 250.00β sur survie_new
[11:24:12] [ITEM_RETURNED]: 64 x Bread  renvoyé à Murdock_Co le survie_new
[11:24:12] [ITEM_RETURNED]: 64 x Bread  renvoyé à Murdock_Co le survie_new
[11:24:12] [ITEM_RETURNED]: 64 x Bread  renvoyé à Murdock_Co le survie_new
[11:24:12] [ITEM_RETURNED]: 64 x Bread  renvoyé à Murdock_Co le survie_new
[11:24:12] [ITEM_RETURNED]: 64 x Bread  renvoyé à Murdock_Co le survie_new
[11:24:12] [ITEM_RETURNED]: 64 x Bread  renvoyé à Murdock_Co le survie_new
[11:24:12] [ITEM_RETURNED]: 64 x Bread  renvoyé à Murdock_Co le survie_new
[11:24:12] [ITEM_RETURNED]: 64 x Bread  renvoyé à Murdock_Co le survie_new
[11:24:12] [ITEM_RETURNED]: 64 x Bread  renvoyé à Murdock_Co le survie_new
[11:24:12] [ITEM_RETURNED]: 64 x Bread  renvoyé à Murdock_Co le survie_new
[11:24:12] [ITEM_RETURNED]: 64 x Bread  renvoyé à Murdock_Co le survie_new
[11:24:21] [ITEM_LISTED]: Murdock_Co vend 64 x Bread  pour 150.00β sur survie_new
[11:24:22] [ITEM_LISTED]: Murdock_Co vend 64 x Bread  pour 150.00β sur survie_new
[11:24:24] [ITEM_LISTED]: Murdock_Co vend 64 x Bread  pour 150.00β sur survie_new
[11:24:25] [ITEM_LISTED]: Murdock_Co vend 64 x Bread  pour 150.00β sur survie_new
[11:24:31] [ITEM_LISTED]: Murdock_Co vend 64 x Bread  pour 150.00β sur survie_new
[11:24:33] [ITEM_LISTED]: Murdock_Co vend 64 x Bread  pour 150.00β sur survie_new
[11:24:34] [ITEM_LISTED]: Murdock_Co vend 64 x Bread  pour 150.00β sur survie_new
[11:24:36] [ITEM_LISTED]: Murdock_Co vend 64 x Bread  pour 150.00β sur survie_new
[11:24:41] [ITEM_LISTED]: Murdock_Co vend 64 x Bread  pour 150.00β sur survie_new
[11:24:43] [ITEM_LISTED]: Murdock_Co vend 64 x Bread  pour 150.00β sur survie_new
[11:24:47] [ITEM_LISTED]: Murdock_Co vend 64 x Bread  pour 150.00β sur survie_new
[11:25:06] [ITEM_LISTED]: Murdock_Co vend 64 x Baked Potato  pour 80.00β sur survie_new
[11:25:08] [ITEM_LISTED]: Murdock_Co vend 64 x Baked Potato  pour 80.00β sur survie_new
[11:25:11] [ITEM_LISTED]: Murdock_Co vend 64 x Baked Potato  pour 80.00β sur survie_new
[11:25:13] [ITEM_LISTED]: Murdock_Co vend 64 x Baked Potato  pour 80.00β sur survie_new
[11:31:12] [ITEM_LISTED]: MyNameIs42 vend 64 x Melon Slice  pour 50.00β sur survie_new
[11:31:14] [ITEM_LISTED]: MyNameIs42 vend 64 x Melon Slice  pour 50.00β sur survie_new
[11:31:19] [ITEM_LISTED]: MyNameIs42 vend 64 x Melon Slice  pour 50.00β sur survie_new
[11:31:21] [ITEM_LISTED]: MyNameIs42 vend 64 x Melon Slice  pour 50.00β sur survie_new
[11:31:24] [ITEM_LISTED]: MyNameIs42 vend 64 x Melon Slice  pour 50.00β sur survie_new
[11:31:27] [ITEM_LISTED]: MyNameIs42 vend 64 x Melon Slice  pour 50.00β sur survie_new
[11:46:16] [ITEM_DROPPED]: Abandon de la vente AzodFR expirée de 1 x Frein Endommagé de Jarreshan  pour 0.00β à leurs pieds le survie_new
[11:49:30] [ITEM_SOLD]: Murdock_Co vendu 64 x Bread à  Jarodeus pour 150.00 β le survie_new
[11:50:16] [ITEM_SOLD]: WyRz_ vendu 64 x Blaze Rod à  RomanZ pour 100.00 β le survie_new
[11:51:18] [ITEM_SOLD]: WyRz_ vendu 1 x Enchanted Book à  Jarodeus pour 500.00 β le survie_new
[11:51:37] [ITEM_SOLD]: WyRz_ vendu 1 x Enchanted Book à  Jarodeus pour 150.00 β le survie_new
[11:52:53] [ITEM_SOLD]: K666D vendu 64 x Cactus à  Jarodeus pour 70.00 β le survie_new
[11:55:17] [ITEM_LISTED]: MyNameIs42 vend 64 x Bread  pour 100.00β sur survie_new
[11:55:20] [ITEM_LISTED]: MyNameIs42 vend 64 x Bread  pour 100.00β sur survie_new
[11:55:26] [ITEM_LISTED]: MyNameIs42 vend 64 x Bread  pour 100.00β sur survie_new
[11:55:30] [ITEM_LISTED]: MyNameIs42 vend 64 x Bread  pour 100.00β sur survie_new
[11:55:32] [ITEM_LISTED]: MyNameIs42 vend 64 x Bread  pour 100.00β sur survie_new
[11:56:20] [ITEM_LISTED]: MyNameIs42 vend 64 x Bread  pour 100.00β sur survie_new
[12:04:09] [ITEM_LISTED]: RomanZ vend 64 x Scaffolding  pour 100.00β sur survie_new
[12:04:11] [ITEM_LISTED]: RomanZ vend 64 x Scaffolding  pour 100.00β sur survie_new
[12:04:14] [ITEM_LISTED]: RomanZ vend 64 x Scaffolding  pour 100.00β sur survie_new
[12:04:43] [ITEM_LISTED]: MyNameIs42 vend 64 x Sugar Cane  pour 40.00β sur survie_new
[12:04:46] [ITEM_LISTED]: MyNameIs42 vend 64 x Sugar Cane  pour 40.00β sur survie_new
[12:04:48] [ITEM_LISTED]: MyNameIs42 vend 64 x Sugar Cane  pour 40.00β sur survie_new
[12:04:49] [ITEM_LISTED]: MyNameIs42 vend 64 x Sugar Cane  pour 40.00β sur survie_new
[12:04:51] [ITEM_LISTED]: MyNameIs42 vend 64 x Sugar Cane  pour 40.00β sur survie_new
[12:04:53] [ITEM_LISTED]: MyNameIs42 vend 64 x Sugar Cane  pour 40.00β sur survie_new
[12:04:55] [ITEM_LISTED]: MyNameIs42 vend 64 x Sugar Cane  pour 40.00β sur survie_new
[12:04:57] [ITEM_LISTED]: MyNameIs42 vend 64 x Sugar Cane  pour 40.00β sur survie_new
[12:05:00] [ITEM_LISTED]: MyNameIs42 vend 64 x Sugar Cane  pour 40.00β sur survie_new
[12:05:05] [ITEM_LISTED]: MyNameIs42 vend 64 x Sugar Cane  pour 40.00β sur survie_new
[12:05:07] [ITEM_LISTED]: MyNameIs42 vend 64 x Sugar Cane  pour 40.00β sur survie_new
[12:05:10] [ITEM_LISTED]: MyNameIs42 vend 24 x Sugar Cane  pour 40.00β sur survie_new
[12:14:33] [ITEM_SOLD]: MyNameIs42 vendu 24 x Sugar Cane à  kalaistar pour 40.00 β le survie_new
[12:14:34] [ITEM_SOLD]: MyNameIs42 vendu 64 x Sugar Cane à  kalaistar pour 40.00 β le survie_new
[12:14:35] [ITEM_SOLD]: MyNameIs42 vendu 64 x Sugar Cane à  kalaistar pour 40.00 β le survie_new
[12:14:36] [ITEM_SOLD]: MyNameIs42 vendu 64 x Sugar Cane à  kalaistar pour 40.00 β le survie_new
[12:14:37] [ITEM_SOLD]: MyNameIs42 vendu 64 x Sugar Cane à  kalaistar pour 40.00 β le survie_new
[12:14:37] [ITEM_SOLD]: MyNameIs42 vendu 64 x Sugar Cane à  kalaistar pour 40.00 β le survie_new
[12:14:38] [ITEM_SOLD]: MyNameIs42 vendu 64 x Sugar Cane à  kalaistar pour 40.00 β le survie_new
[12:14:39] [ITEM_SOLD]: MyNameIs42 vendu 64 x Sugar Cane à  kalaistar pour 40.00 β le survie_new
[12:14:40] [ITEM_SOLD]: MyNameIs42 vendu 64 x Sugar Cane à  kalaistar pour 40.00 β le survie_new
[12:14:41] [ITEM_SOLD]: MyNameIs42 vendu 64 x Sugar Cane à  kalaistar pour 40.00 β le survie_new
[12:14:42] [ITEM_SOLD]: MyNameIs42 vendu 64 x Sugar Cane à  kalaistar pour 40.00 β le survie_new
[12:14:43] [ITEM_SOLD]: MyNameIs42 vendu 64 x Sugar Cane à  kalaistar pour 40.00 β le survie_new
[12:14:46] [ITEM_SOLD]: Isaorya vendu 64 x Dirt à  kalaistar pour 10.00 β le survie_new
[12:14:47] [ITEM_SOLD]: Isaorya vendu 64 x Dirt à  kalaistar pour 10.00 β le survie_new
[12:14:50] [ITEM_SOLD]: LiKaneH vendu 64 x Oak Log à  kalaistar pour 10.00 β le survie_new
[12:14:56] [ITEM_SOLD]: hugoleb vendu 64 x Sugar Cane à  kalaistar pour 50.00 β le survie_new
[12:14:57] [ITEM_SOLD]: hugoleb vendu 64 x Sugar Cane à  kalaistar pour 50.00 β le survie_new
[12:14:58] [ITEM_SOLD]: hugoleb vendu 64 x Sugar Cane à  kalaistar pour 50.00 β le survie_new
[12:14:59] [ITEM_SOLD]: hugoleb vendu 64 x Sugar Cane à  kalaistar pour 50.00 β le survie_new
[12:15:24] [ITEM_SOLD]: Jarodeus vendu 64 x Spruce Planks à  kalaistar pour 50.00 β le survie_new
[12:15:35] [ITEM_SOLD]: WyRz_ vendu 1 x Enchanted Book à  kalaistar pour 150.00 β le survie_new
[12:15:36] [ITEM_SOLD]: WyRz_ vendu 1 x Enchanted Book à  kalaistar pour 150.00 β le survie_new
[12:15:36] [ITEM_SOLD]: WyRz_ vendu 1 x Enchanted Book à  kalaistar pour 150.00 β le survie_new
[12:21:01] [ITEM_SOLD]: MyNameIs42 vendu 64 x Bread à  sylverfire02 pour 100.00 β le survie_new
[12:24:56] [ITEM_LISTED]: HeFk vend 1 x Bow  [Flame, Infinity, Power V, Unbreaking III] pour 2,500.00β sur survie_new
[12:32:14] [ITEM_SOLD]: MyNameIs42 vendu 64 x Bread à  Isaorya pour 100.00 β le survie_new
[12:32:16] [ITEM_SOLD]: RomanZ vendu 64 x Scaffolding à  Isaorya pour 100.00 β le survie_new
[12:32:18] [ITEM_SOLD]: RomanZ vendu 64 x Scaffolding à  Isaorya pour 100.00 β le survie_new
[12:32:21] [ITEM_SOLD]: MyNameIs42 vendu 64 x Bread à  Isaorya pour 100.00 β le survie_new
[12:32:23] [ITEM_SOLD]: Murdock_Co vendu 64 x Baked Potato à  Isaorya pour 80.00 β le survie_new
[12:32:24] [ITEM_SOLD]: Murdock_Co vendu 64 x Baked Potato à  Isaorya pour 80.00 β le survie_new
[12:32:26] [ITEM_SOLD]: Murdock_Co vendu 64 x Baked Potato à  Isaorya pour 80.00 β le survie_new
[12:32:49] [ITEM_SOLD]: WyRz_ vendu 1 x Enchanted Book à  Isaorya pour 150.00 β le survie_new
[12:33:36] [ITEM_SOLD]: RomanZ vendu 64 x Scaffolding à  Isaorya pour 100.00 β le survie_new
[12:33:38] [ITEM_SOLD]: Murdock_Co vendu 64 x Bread à  Isaorya pour 150.00 β le survie_new
[12:33:39] [ITEM_SOLD]: Murdock_Co vendu 64 x Bread à  Isaorya pour 150.00 β le survie_new
[12:48:02] [ITEM_LISTED]: AzodFR vend 1 x Enchanted Book  pour 2,000.00β sur survie_new
[12:48:14] [ITEM_SOLD]: AzodFR vendu 1 x Enchanted Book à  HeFk pour 2,000.00 β le survie_new
[13:04:44] [ITEM_LISTED]: CroixVeBaton vend 37 x Cooked Chicken  pour 300.00β sur survie_new
[13:26:00] [ITEM_DROPPED]: Abandon de la vente Mikiu_Ahegao expirée de 1 x Potion  pour 0.00β à leurs pieds le survie_new
[13:26:00] [ITEM_DROPPED]: Abandon de la vente Mikiu_Ahegao expirée de 1 x Potion  pour 0.00β à leurs pieds le survie_new
[13:26:00] [ITEM_DROPPED]: Abandon de la vente Mikiu_Ahegao expirée de 1 x Potion  pour 0.00β à leurs pieds le survie_new
[13:27:39] [ITEM_SOLD]: HeFk vendu 1 x Bow à  [Flame, Infinity, Power V, Unbreaking III] Mikiu_Ahegao pour 2,500.00 β le survie_new
[13:28:01] [ITEM_LISTED]: Mikiu_Ahegao vend 1 x Potion  pour 600.00β sur survie_new
[13:28:08] [ITEM_LISTED]: Mikiu_Ahegao vend 1 x Potion  pour 600.00β sur survie_new
[13:29:15] [ITEM_DROPPED]: Abandon de la vente Mikiu_Ahegao expirée de 64 x Bone Meal  pour 0.00β à leurs pieds le survie_new
[13:33:07] [ITEM_SOLD]: Murdock_Co vendu 64 x Baked Potato à  Mikiu_Ahegao pour 80.00 β le survie_new
[13:36:56] [ITEM_LISTED]: Teinavaa vend 1 x §;§:Zombie Spawner 1x  pour 3,500.00β sur survie_new
[13:37:02] [ITEM_LISTED]: Teinavaa vend 1 x §;§:Squelette Spawner 1x  pour 6,500.00β sur survie_new
[13:37:07] [ITEM_LISTED]: Teinavaa vend 1 x §;§:Araignée venimeuse Spawner 1x  pour 2,000.00β sur survie_new
[13:37:13] [ITEM_LISTED]: Teinavaa vend 1 x §;§:Arraigné Spawner 1x  pour 1,500.00β sur survie_new
[13:37:28] [ITEM_LISTED]: Teinavaa vend 1 x §;§:Zombie Spawner 1x  pour 4,000.00β sur survie_new
[13:37:32] [ITEM_LISTED]: Teinavaa vend 1 x §;§:Arraigné Spawner 1x  pour 2,000.00β sur survie_new
[13:37:34] [ITEM_LISTED]: Teinavaa vend 1 x §;§:Araignée venimeuse Spawner 1x  pour 2,000.00β sur survie_new
[14:10:05] [ITEM_SOLD]: Teinavaa vendu 1 x §;§:Squelette Spawner 1x à  ayato_sensei pour 6,500.00 β le survie_new
[14:24:57] [ITEM_SOLD]: Teinavaa vendu 1 x §;§:Arraigné Spawner 1x à  LiKaneH pour 2,000.00 β le survie_new
[15:09:58] [ITEM_LISTED]: AzodFR vend 64 x Anvil  pour 700.00β sur survie_new
[15:10:00] [ITEM_LISTED]: AzodFR vend 64 x Anvil  pour 700.00β sur survie_new
[15:10:01] [ITEM_LISTED]: AzodFR vend 64 x Anvil  pour 700.00β sur survie_new
[15:10:04] [ITEM_LISTED]: AzodFR vend 64 x Anvil  pour 700.00β sur survie_new
[15:10:06] [ITEM_LISTED]: AzodFR vend 64 x Anvil  pour 700.00β sur survie_new
[15:10:08] [ITEM_LISTED]: AzodFR vend 64 x Anvil  pour 700.00β sur survie_new
[15:10:10] [ITEM_LISTED]: AzodFR vend 64 x Anvil  pour 700.00β sur survie_new
[15:16:59] [ITEM_SOLD]: Teinavaa vendu 1 x §;§:Araignée venimeuse Spawner 1x à  REGDYLAN pour 2,000.00 β le survie_new
[15:17:01] [ITEM_SOLD]: Teinavaa vendu 1 x §;§:Araignée venimeuse Spawner 1x à  REGDYLAN pour 2,000.00 β le survie_new
[15:17:05] [ITEM_SOLD]: Teinavaa vendu 1 x §;§:Arraigné Spawner 1x à  REGDYLAN pour 1,500.00 β le survie_new
[15:19:54] [ITEM_SOLD]: Teinavaa vendu 1 x §;§:Zombie Spawner 1x à  hugoleb pour 4,000.00 β le survie_new
[15:20:05] [ITEM_SOLD]: Teinavaa vendu 1 x §;§:Zombie Spawner 1x à  hugoleb pour 3,500.00 β le survie_new
[15:29:24] [ITEM_SOLD]: WyRz_ vendu 1 x Enchanted Book à  Flashtric pour 200.00 β le survie_new
[15:29:39] [ITEM_SOLD]: WyRz_ vendu 1 x Enchanted Book à  Flashtric pour 500.00 β le survie_new
[15:46:07] [ITEM_LISTED]: Breyyyy vend 1 x Sponge  pour 1,000.00β sur survie_new
[16:18:02] [ITEM_SOLD]: AzodFR vendu 64 x Anvil à  HeFk pour 700.00 β le survie_new
[16:18:57] [ITEM_DROPPED]: Abandon de la vente Mikiu_Ahegao expirée de 1 x Potion  pour 0.00β à leurs pieds le survie_new
[16:18:57] [ITEM_DROPPED]: Abandon de la vente Mikiu_Ahegao expirée de 1 x Potion  pour 0.00β à leurs pieds le survie_new
[16:18:57] [ITEM_DROPPED]: Abandon de la vente Mikiu_Ahegao expirée de 1 x Potion  pour 0.00β à leurs pieds le survie_new
[16:21:03] [ITEM_LISTED]: HeFk vend 1 x Bow  [Flame, Infinity, Power V, Punch I, Unbreaking III] pour 3,000.00β sur survie_new
[16:24:43] [ITEM_SOLD]: LLIcocoman_Hrz vendu 5 x Trapped Chest à  CouzVeBaton pour 5.00 β le survie_new
[16:27:20] [ITEM_CANCELLED]: Breyyyy annule la vente de 1x Sponge pour 1,000.00β sur survie_new
[16:27:22] [ITEM_CANCELLED]: Breyyyy annule la vente de 64x Redstone Block pour 3,999.00β sur survie_new
[16:27:23] [ITEM_CANCELLED]: Breyyyy annule la vente de 64x Snow Block pour 2,000.00β sur survie_new
[16:27:38] [ITEM_RETURNED]: 64 x Redstone Block  renvoyé à Breyyyy le survie_new
[16:27:39] [ITEM_RETURNED]: 64 x Snow Block  renvoyé à Breyyyy le survie_new
[16:27:39] [ITEM_RETURNED]: 1 x Sponge  renvoyé à Breyyyy le survie_new
[16:35:23] [ITEM_LISTED]: Nadreel vend 1 x Epée  [Looting II, Sharpness V, Unbreaking II] pour 12,000.00β sur survie_new
[16:35:40] [ITEM_SOLD]: WyRz_ vendu 1 x Enchanted Book à  sylverfire02 pour 300.00 β le survie_new
[16:36:39] [ITEM_LISTED]: Nadreel vend 1 x Iron Sword  [Sharpness I, Unbreaking I] pour 2,000.00β sur survie_new
[16:37:16] [ITEM_CANCELLED]: Nadreel annule la vente de 1x Epée [Looting II, Sharpness V, Unbreaking II] pour 12,000.00β sur survie_new
[16:37:16] [ITEM_CANCELLED]: Nadreel annule la vente de 1x Iron Sword [Sharpness I, Unbreaking I] pour 2,000.00β sur survie_new
[16:37:51] [ITEM_RETURNED]: 1 x Epée  [Looting II, Sharpness V, Unbreaking II] renvoyé à Nadreel le survie_new
[16:37:53] [ITEM_RETURNED]: 1 x Iron Sword  [Sharpness I, Unbreaking I] renvoyé à Nadreel le survie_new
[16:38:02] [ITEM_LISTED]: Nadreel vend 1 x Epée  [Looting II, Sharpness V, Unbreaking II] pour 11,000.00β sur survie_new
[16:38:07] [ITEM_LISTED]: Nadreel vend 1 x Iron Sword  [Sharpness I, Unbreaking I] pour 1,000.00β sur survie_new
[16:58:08] [ITEM_SOLD]: HeFk vendu 1 x Bow à  [Flame, Infinity, Power V, Punch I, Unbreaking III] _megamigit_ pour 3,000.00 β le survie_new
[17:11:33] [ITEM_SOLD]: WyRz_ vendu 1 x Enchanted Book à  _megamigit_ pour 200.00 β le survie_new
[17:27:46] [ITEM_SOLD]: Nadreel vendu 1 x Iron Sword à  [Sharpness I, Unbreaking I] Jarodeus pour 1,000.00 β le survie_new
[17:27:58] [ITEM_SOLD]: pierro vendu 1 x Iron Chestplate à  [Mending] Jarodeus pour 1,000.00 β le survie_new
[17:28:13] [ITEM_SOLD]: eric2a vendu 2 x Golden Apple à  Jarodeus pour 25.00 β le survie_new
[18:28:33] [ITEM_SOLD]: WyRz_ vendu 1 x Enchanted Book à  Breyyyy pour 400.00 β le survie_new
[19:04:30] [ITEM_SOLD]: MyNameIs42 vendu 64 x Melon Slice à  hugoleb pour 50.00 β le survie_new
[19:04:31] [ITEM_SOLD]: MyNameIs42 vendu 64 x Melon Slice à  hugoleb pour 50.00 β le survie_new
[19:04:32] [ITEM_SOLD]: MyNameIs42 vendu 64 x Melon Slice à  hugoleb pour 50.00 β le survie_new
[19:05:43] [ITEM_LISTED]: Yohan81 vend 3 x [Spider Spawner]  pour 30,000.00β sur survie_new
[19:13:37] [ITEM_SOLD]: Kaio_Beninou vendu 1 x Enchanted Book à  hugoleb pour 10,000.00 β le survie_new
[19:26:43] [ITEM_LISTED]: IntegraleEpice vend 6 x Ominous Banner  pour 100.00β sur survie_new
[19:29:24] [ITEM_LISTED]: Breyyyy vend 64 x Cooked Chicken  pour 500.00β sur survie_new
[19:29:30] [ITEM_LISTED]: Breyyyy vend 64 x Cooked Porkchop  pour 500.00β sur survie_new
[19:29:33] [ITEM_LISTED]: Breyyyy vend 64 x Cooked Mutton  pour 500.00β sur survie_new
[19:29:37] [ITEM_LISTED]: Breyyyy vend 64 x Cooked Mutton  pour 500.00β sur survie_new
[19:29:40] [ITEM_LISTED]: Breyyyy vend 64 x Cooked Beef  pour 500.00β sur survie_new
[19:38:37] [ITEM_LISTED]: Yohan81 vend 64 x Poisonous Potato  pour 10.00β sur survie_new
[19:38:39] [ITEM_LISTED]: Yohan81 vend 64 x Poisonous Potato  pour 10.00β sur survie_new
[19:38:41] [ITEM_LISTED]: Yohan81 vend 64 x Poisonous Potato  pour 10.00β sur survie_new
[19:38:44] [ITEM_LISTED]: Yohan81 vend 64 x Poisonous Potato  pour 10.00β sur survie_new
[19:38:54] [ITEM_LISTED]: Yohan81 vend 64 x Bread  pour 50.00β sur survie_new
[19:38:56] [ITEM_LISTED]: Yohan81 vend 64 x Bread  pour 50.00β sur survie_new
[19:38:58] [ITEM_LISTED]: Yohan81 vend 64 x Bread  pour 50.00β sur survie_new
[19:39:00] [ITEM_LISTED]: Yohan81 vend 64 x Bread  pour 50.00β sur survie_new
[19:45:26] [ITEM_LISTED]: Yohan81 vend 64 x Diamond  pour 1,000.00β sur survie_new
[19:45:42] [ITEM_LISTED]: Yohan81 vend 16 x Diamond  pour 250.00β sur survie_new
[19:45:46] [ITEM_LISTED]: Yohan81 vend 64 x Diamond  pour 1,000.00β sur survie_new
[19:46:09] [ITEM_LISTED]: Yohan81 vend 14 x Cookie  pour 10.00β sur survie_new
[19:46:13] [ITEM_LISTED]: Yohan81 vend 64 x Apple  pour 45.00β sur survie_new
[19:46:17] [ITEM_LISTED]: Yohan81 vend 6 x Cooked Beef  pour 4.00β sur survie_new
[19:52:23] [ITEM_SOLD]: Yohan81 vendu 64 x Bread à  GentleRnard pour 50.00 β le survie_new
[19:54:08] [ITEM_SOLD]: Yohan81 vendu 64 x Apple à  JUBJUBll74 pour 45.00 β le survie_new
[20:05:03] [ITEM_LISTED]: LLIcocoman_Hrz vend 21 x Bread  pour 5.00β sur survie_new
[20:05:58] [ITEM_SOLD]: IntegraleEpice vendu 6 x Ominous Banner à  hugoleb pour 100.00 β le survie_new
[20:17:15] [ITEM_RETURNED]: 64 x Blaze Rod  renvoyé à Tesla248 le survie_new
[20:17:15] [ITEM_RETURNED]: 64 x Blaze Rod  renvoyé à Tesla248 le survie_new
[20:17:16] [ITEM_RETURNED]: 64 x Blaze Rod  renvoyé à Tesla248 le survie_new
[20:17:16] [ITEM_RETURNED]: 64 x Blaze Rod  renvoyé à Tesla248 le survie_new
[20:20:57] [ITEM_SOLD]: Yohan81 vendu 16 x Diamond à  Ganaesha pour 250.00 β le survie_new
[20:35:56] [ITEM_LISTED]: Flashtric vend 1 x Bow  [Power III, Unbreaking III] pour 500.00β sur survie_new
[20:35:58] [ITEM_SOLD]: Yohan81 vendu 64 x Diamond à  Mikiu_Ahegao pour 1,000.00 β le survie_new
[20:36:02] [ITEM_SOLD]: Yohan81 vendu 64 x Diamond à  Geratinapute pour 1,000.00 β le survie_new
[20:36:40] [ITEM_CANCELLED]: Breyyyy annule la vente de 64x Cooked Mutton pour 500.00β sur survie_new
[20:36:41] [ITEM_CANCELLED]: Breyyyy annule la vente de 64x Cooked Mutton pour 500.00β sur survie_new
[20:36:43] [ITEM_CANCELLED]: Breyyyy annule la vente de 64x Cooked Chicken pour 500.00β sur survie_new
[20:36:44] [ITEM_CANCELLED]: Breyyyy annule la vente de 64x Cooked Porkchop pour 500.00β sur survie_new
[20:36:44] [ITEM_CANCELLED]: Breyyyy annule la vente de 64x Cooked Beef pour 500.00β sur survie_new
[20:36:54] [ITEM_RETURNED]: 64 x Cooked Mutton  renvoyé à Breyyyy le survie_new
[20:36:54] [ITEM_RETURNED]: 64 x Cooked Mutton  renvoyé à Breyyyy le survie_new
[20:36:54] [ITEM_RETURNED]: 64 x Cooked Chicken  renvoyé à Breyyyy le survie_new
[20:36:55] [ITEM_RETURNED]: 64 x Cooked Beef  renvoyé à Breyyyy le survie_new
[20:36:55] [ITEM_RETURNED]: 64 x Cooked Porkchop  renvoyé à Breyyyy le survie_new
[20:37:03] [ITEM_LISTED]: Breyyyy vend 64 x Podzol  pour 2,500.00β sur survie_new
[20:56:04] [ITEM_SOLD]: Flashtric vendu 1 x Bow à  [Power III, Unbreaking III] GentleRnard pour 500.00 β le survie_new
[21:05:58] [ITEM_LISTED]: AzodFR vend 1 x Beacon  pour 12,000.00β sur survie_new
[21:06:13] [ITEM_SOLD]: AzodFR vendu 1 x Beacon à  Flashtric pour 12,000.00 β le survie_new
[21:16:13] [ITEM_SOLD]: AzodFR vendu 64 x Anvil à  Zougless pour 700.00 β le survie_new
[21:30:15] [ITEM_LISTED]: HeFk vend 64 x Anvil  pour 600.00β sur survie_new
[21:30:17] [ITEM_LISTED]: HeFk vend 64 x Anvil  pour 600.00β sur survie_new
[21:30:18] [ITEM_LISTED]: HeFk vend 64 x Anvil  pour 600.00β sur survie_new
[21:30:20] [ITEM_LISTED]: HeFk vend 64 x Anvil  pour 600.00β sur survie_new
[21:30:21] [ITEM_LISTED]: HeFk vend 64 x Anvil  pour 600.00β sur survie_new
[21:30:22] [ITEM_LISTED]: HeFk vend 64 x Anvil  pour 600.00β sur survie_new
[21:30:28] [ITEM_LISTED]: HeFk vend 64 x Anvil  pour 600.00β sur survie_new
[21:30:29] [ITEM_LISTED]: HeFk vend 64 x Anvil  pour 600.00β sur survie_new
[21:30:30] [ITEM_LISTED]: HeFk vend 64 x Anvil  pour 600.00β sur survie_new
[21:30:31] [ITEM_LISTED]: HeFk vend 64 x Anvil  pour 600.00β sur survie_new
[21:30:32] [ITEM_LISTED]: HeFk vend 64 x Anvil  pour 600.00β sur survie_new
[21:30:33] [ITEM_LISTED]: HeFk vend 64 x Anvil  pour 600.00β sur survie_new
[21:30:38] [ITEM_LISTED]: HeFk vend 64 x Anvil  pour 600.00β sur survie_new
[21:30:40] [ITEM_LISTED]: HeFk vend 64 x Anvil  pour 600.00β sur survie_new
[21:30:41] [ITEM_LISTED]: HeFk vend 64 x Anvil  pour 600.00β sur survie_new
[21:30:42] [ITEM_LISTED]: HeFk vend 64 x Anvil  pour 600.00β sur survie_new
[21:30:43] [ITEM_LISTED]: HeFk vend 64 x Anvil  pour 600.00β sur survie_new
[21:30:43] [ITEM_LISTED]: HeFk vend 64 x Anvil  pour 600.00β sur survie_new
[21:30:49] [ITEM_LISTED]: HeFk vend 64 x Anvil  pour 600.00β sur survie_new
[21:30:50] [ITEM_LISTED]: HeFk vend 64 x Anvil  pour 600.00β sur survie_new
[21:30:51] [ITEM_LISTED]: HeFk vend 64 x Anvil  pour 600.00β sur survie_new
[21:30:52] [ITEM_LISTED]: HeFk vend 64 x Anvil  pour 600.00β sur survie_new
[21:30:53] [ITEM_LISTED]: HeFk vend 64 x Anvil  pour 600.00β sur survie_new
[21:31:14] [ITEM_LISTED]: HeFk vend 64 x Anvil  pour 600.00β sur survie_new
[21:31:15] [ITEM_LISTED]: HeFk vend 64 x Anvil  pour 600.00β sur survie_new
[21:31:19] [ITEM_LISTED]: HeFk vend 64 x Anvil  pour 600.00β sur survie_new
[21:31:20] [ITEM_LISTED]: HeFk vend 64 x Anvil  pour 600.00β sur survie_new
[21:31:21] [ITEM_LISTED]: HeFk vend 64 x Anvil  pour 600.00β sur survie_new
[21:31:22] [ITEM_LISTED]: HeFk vend 64 x Anvil  pour 600.00β sur survie_new
[21:31:29] [ITEM_LISTED]: HeFk vend 64 x Anvil  pour 600.00β sur survie_new
[21:31:30] [ITEM_LISTED]: HeFk vend 64 x Anvil  pour 600.00β sur survie_new
[21:31:39] [ITEM_LISTED]: HeFk vend 64 x Anvil  pour 600.00β sur survie_new
[21:31:40] [ITEM_LISTED]: HeFk vend 64 x Anvil  pour 600.00β sur survie_new
[21:31:41] [ITEM_LISTED]: HeFk vend 64 x Anvil  pour 600.00β sur survie_new
[21:31:42] [ITEM_LISTED]: HeFk vend 64 x Anvil  pour 600.00β sur survie_new
[21:31:43] [ITEM_LISTED]: HeFk vend 64 x Anvil  pour 600.00β sur survie_new
[21:31:44] [ITEM_LISTED]: HeFk vend 64 x Anvil  pour 600.00β sur survie_new
[21:31:50] [ITEM_LISTED]: HeFk vend 64 x Anvil  pour 600.00β sur survie_new
[21:31:51] [ITEM_LISTED]: HeFk vend 64 x Anvil  pour 600.00β sur survie_new
[21:31:52] [ITEM_LISTED]: HeFk vend 64 x Anvil  pour 600.00β sur survie_new
[21:31:53] [ITEM_LISTED]: HeFk vend 64 x Anvil  pour 600.00β sur survie_new
[21:31:54] [ITEM_LISTED]: HeFk vend 64 x Anvil  pour 600.00β sur survie_new
[21:31:55] [ITEM_LISTED]: HeFk vend 64 x Anvil  pour 600.00β sur survie_new
[21:32:08] [ITEM_LISTED]: HeFk vend 64 x Anvil  pour 600.00β sur survie_new
[21:32:09] [ITEM_LISTED]: HeFk vend 64 x Anvil  pour 600.00β sur survie_new
[21:50:18] [ITEM_LISTED]: _megamigit_ vend 64 x Anvil  pour 50.00β sur survie_new
[21:50:19] [ITEM_LISTED]: _megamigit_ vend 64 x Anvil  pour 50.00β sur survie_new
[21:50:21] [ITEM_LISTED]: _megamigit_ vend 64 x Anvil  pour 50.00β sur survie_new
[21:50:26] [ITEM_LISTED]: _megamigit_ vend 64 x Anvil  pour 50.00β sur survie_new
[21:50:44] [ITEM_SOLD]: Murdock_Co vendu 64 x Bread à  _megamigit_ pour 150.00 β le survie_new
[21:50:46] [ITEM_SOLD]: Murdock_Co vendu 64 x Bread à  _megamigit_ pour 150.00 β le survie_new
[21:50:48] [ITEM_SOLD]: Murdock_Co vendu 64 x Bread à  _megamigit_ pour 150.00 β le survie_new
[21:50:50] [ITEM_SOLD]: Murdock_Co vendu 64 x Bread à  _megamigit_ pour 150.00 β le survie_new
[21:50:53] [ITEM_SOLD]: MyNameIs42 vendu 64 x Bread à  _megamigit_ pour 100.00 β le survie_new
[21:50:57] [ITEM_SOLD]: MyNameIs42 vendu 64 x Bread à  _megamigit_ pour 100.00 β le survie_new
[21:51:03] [ITEM_SOLD]: Yohan81 vendu 64 x Bread à  _megamigit_ pour 50.00 β le survie_new
[21:51:05] [ITEM_SOLD]: Yohan81 vendu 64 x Bread à  _megamigit_ pour 50.00 β le survie_new
[21:51:18] [ITEM_SOLD]: Yohan81 vendu 64 x Bread à  _megamigit_ pour 50.00 β le survie_new
[21:51:22] [ITEM_SOLD]: LLIcocoman_Hrz vendu 21 x Bread à  _megamigit_ pour 5.00 β le survie_new
[22:17:54] [ITEM_SOLD]: _megamigit_ vendu 64 x Anvil à  Zougless pour 50.00 β le survie_new
[22:17:58] [ITEM_SOLD]: _megamigit_ vendu 64 x Anvil à  Zougless pour 50.00 β le survie_new
[22:18:20] [ITEM_SOLD]: pierro vendu 64 x Quartz à  Zougless pour 500.00 β le survie_new
[22:34:59] [ITEM_SOLD]: _megamigit_ vendu 64 x Anvil à  LiKaneH pour 50.00 β le survie_new
[22:35:16] [ITEM_SOLD]: WyRz_ vendu 64 x Blaze Rod à  Obyron pour 100.00 β le survie_new
[22:41:59] [ITEM_SOLD]: _megamigit_ vendu 64 x Anvil à  eric2a pour 50.00 β le survie_new
[22:45:43] [ITEM_SOLD]: WyRz_ vendu 1 x Enchanted Book à  eric2a pour 150.00 β le survie_new
[22:58:11] [ITEM_SOLD]: hugoleb vendu 64 x Nether Wart à  MisterJump pour 1,500.00 β le survie_new
[23:10:51] [ITEM_SOLD]: HeFk vendu 64 x Anvil à  Kaio_Beninou pour 600.00 β le survie_new
[23:11:31] [ITEM_LISTED]: Kaio_Beninou vend 1 x Enchanted Book  pour 15,000.00β sur survie_new
[23:22:06] [ITEM_LISTED]: Christophe_ vend 1 x Journal de quêtes  pour 1.00β sur survie_new
[23:43:27] [ITEM_SOLD]: HeFk vendu 64 x Anvil à  Mikiu_Ahegao pour 600.00 β le survie_new
