[00:22:52] [ITEM_SOLD]: Haru_M vendu 1 x Lead à  RoroElPadre pour 1.00 β le survie_new
[03:21:51] [ITEM_LISTED]: Christophe_ vend 2 x Globe de Transformations  pour 20,000.00β sur survie_new
[03:23:20] [ITEM_SOLD]: Christophe_ vendu 2 x Globe de Transformations à  RoroElPadre pour 20,000.00 β le survie_new
[03:23:31] [ITEM_LISTED]: Christophe_ vend 6 x Globe  pour 15,000.00β sur survie_new
[03:23:40] [ITEM_SOLD]: Christophe_ vendu 6 x Globe à  RoroElPadre pour 15,000.00 β le survie_new
[03:27:45] [ITEM_LISTED]: Christophe_ vend 1 x Enchanted Book  pour 5,000.00β sur survie_new
[03:27:48] [ITEM_LISTED]: Christophe_ vend 1 x Enchanted Book  pour 5,000.00β sur survie_new
[03:27:57] [ITEM_LISTED]: Christophe_ vend 1 x Enchanted Book  pour 5,000.00β sur survie_new
[03:27:57] [ITEM_LISTED]: Christophe_ vend 1 x Enchanted Book  pour 5,000.00β sur survie_new
[03:27:58] [ITEM_LISTED]: Christophe_ vend 1 x Enchanted Book  pour 5,000.00β sur survie_new
[03:27:59] [ITEM_LISTED]: Christophe_ vend 1 x Enchanted Book  pour 5,000.00β sur survie_new
[03:28:00] [ITEM_LISTED]: Christophe_ vend 1 x Enchanted Book  pour 5,000.00β sur survie_new
[03:28:05] [ITEM_LISTED]: Christophe_ vend 1 x Enchanted Book  pour 5,000.00β sur survie_new
[03:28:05] [ITEM_LISTED]: Christophe_ vend 1 x Enchanted Book  pour 5,000.00β sur survie_new
[03:28:06] [ITEM_LISTED]: Christophe_ vend 1 x Enchanted Book  pour 5,000.00β sur survie_new
[03:28:07] [ITEM_LISTED]: Christophe_ vend 1 x Enchanted Book  pour 5,000.00β sur survie_new
[03:28:08] [ITEM_LISTED]: Christophe_ vend 1 x Enchanted Book  pour 5,000.00β sur survie_new
[03:28:09] [ITEM_LISTED]: Stebanou vend 1 x Trident  [Riptide I, Unbreaking II] pour 1.00β sur survie_new
[03:28:12] [ITEM_LISTED]: Christophe_ vend 1 x Enchanted Book  pour 5,000.00β sur survie_new
[03:28:13] [ITEM_LISTED]: Christophe_ vend 1 x Enchanted Book  pour 5,000.00β sur survie_new
[03:28:17] [ITEM_SOLD]: Stebanou vendu 1 x Trident à  [Riptide I, Unbreaking II] Minebark pour 1.00 β le survie_new
[03:43:19] [ITEM_LISTED]: Stebanou vend 1 x Enchanted Book  pour 1.00β sur survie_new
[03:43:22] [ITEM_SOLD]: Stebanou vendu 1 x Enchanted Book à  Minebark pour 1.00 β le survie_new
[03:51:57] [ITEM_LISTED]: Stebanou vend 1 x Dolphin Spawn Egg  pour 1.00β sur survie_new
[03:51:59] [ITEM_SOLD]: Stebanou vendu 1 x Dolphin Spawn Egg à  Minebark pour 1.00 β le survie_new
[03:59:07] [ITEM_LISTED]: Minebark vend 1 x Music Disc Mellohi  pour 1.00β sur survie_new
[03:59:11] [ITEM_SOLD]: Minebark vendu 1 x Music Disc Mellohi à  Stebanou pour 1.00 β le survie_new
[12:22:35] [ITEM_LISTED]: Christophe_ vend 1 x Potion II  pour 2,500.00β sur survie_new
[12:22:55] [ITEM_SOLD]: Christophe_ vendu 1 x Potion II à  OfCourse pour 2,500.00 β le survie_new
[12:23:23] [ITEM_SOLD]: Minebark vendu 1 x Shulker Box à  leazdinque pour 3,000.00 β le survie_new
[12:34:38] [ITEM_LISTED]: OfCourse vend 1 x Phantom Membrane  pour 10.00β sur survie_new
[12:49:09] [ITEM_SOLD]: LLIcocoman_Hrz vendu 1 x Turtle Spawn Egg à  RoroElPadre pour 2,000.00 β le survie_new
[12:54:50] [ITEM_LISTED]: LLIcocoman_Hrz vend 1 x Turtle Spawn Egg  pour 2,000.00β sur survie_new
[12:55:07] [ITEM_LISTED]: LLIcocoman_Hrz vend 1 x Chicken Spawn Egg  pour 5,000.00β sur survie_new
[12:56:09] [ITEM_SOLD]: LLIcocoman_Hrz vendu 1 x Chicken Spawn Egg à  RoroElPadre pour 5,000.00 β le survie_new
[12:56:38] [ITEM_SOLD]: LLIcocoman_Hrz vendu 1 x Turtle Spawn Egg à  Haru_M pour 2,000.00 β le survie_new
[12:56:48] [ITEM_LISTED]: LLIcocoman_Hrz vend 1 x Turtle Spawn Egg  pour 2,500.00β sur survie_new
[12:57:06] [ITEM_SOLD]: LLIcocoman_Hrz vendu 1 x Turtle Spawn Egg à  Haru_M pour 2,500.00 β le survie_new
[12:57:08] [ITEM_LISTED]: LLIcocoman_Hrz vend 2 x Chicken Spawn Egg  pour 5,000.00β sur survie_new
[12:57:13] [ITEM_SOLD]: LLIcocoman_Hrz vendu 2 x Chicken Spawn Egg à  RoroElPadre pour 5,000.00 β le survie_new
[13:22:41] [ITEM_LISTED]: OfCourse vend 1 x Potion  pour 200.00β sur survie_new
[13:23:01] [ITEM_LISTED]: OfCourse vend 10 x Name Tag  pour 5,000.00β sur survie_new
[13:25:08] [ITEM_LISTED]: OfCourse vend 64 x Gunpowder  pour 4,000.00β sur survie_new
[13:25:19] [ITEM_SOLD]: OfCourse vendu 64 x Gunpowder à  Yohan81 pour 4,000.00 β le survie_new
[13:58:31] [ITEM_LISTED]: hugoleb vend 1 x [Blaze Spawner]  pour 4,000.00β sur survie_new
[13:58:41] [ITEM_SOLD]: hugoleb vendu 1 x [Blaze Spawner] à  RoroElPadre pour 4,000.00 β le survie_new
[14:18:05] [ITEM_LISTED]: LLIcocoman_Hrz vend 1 x Turtle Spawn Egg  pour 2,500.00β sur survie_new
[14:27:34] [ITEM_SOLD]: LLIcocoman_Hrz vendu 1 x Turtle Spawn Egg à  RoroElPadre pour 2,500.00 β le survie_new
[14:30:33] [ITEM_LISTED]: LLIcocoman_Hrz vend 1 x Turtle Spawn Egg  pour 2,500.00β sur survie_new
[15:03:24] [ITEM_SOLD]: LLIcocoman_Hrz vendu 1 x Turtle Spawn Egg à  RoroElPadre pour 2,500.00 β le survie_new
[15:03:40] [ITEM_LISTED]: LLIcocoman_Hrz vend 1 x Turtle Spawn Egg  pour 2,500.00β sur survie_new
[15:28:05] [ITEM_SOLD]: Warsgunners34 vendu 64 x Quartz Block à  Christophe_ pour 500.00 β le survie_new
[15:28:06] [ITEM_SOLD]: Warsgunners34 vendu 64 x Quartz Block à  Christophe_ pour 500.00 β le survie_new
[15:28:07] [ITEM_SOLD]: Warsgunners34 vendu 64 x Quartz Block à  Christophe_ pour 500.00 β le survie_new
[15:28:09] [ITEM_SOLD]: Warsgunners34 vendu 64 x Quartz Block à  Christophe_ pour 500.00 β le survie_new
[15:28:10] [ITEM_SOLD]: Warsgunners34 vendu 64 x Quartz Block à  Christophe_ pour 500.00 β le survie_new
[15:28:11] [ITEM_SOLD]: Warsgunners34 vendu 64 x Quartz Block à  Christophe_ pour 500.00 β le survie_new
[15:28:12] [ITEM_SOLD]: Warsgunners34 vendu 64 x Quartz Block à  Christophe_ pour 500.00 β le survie_new
[15:44:36] [ITEM_LISTED]: LLIcocoman_Hrz vend 64 x Obsidian  pour 6.00β sur survie_new
[15:44:38] [ITEM_SOLD]: LLIcocoman_Hrz vendu 64 x Obsidian à  Yohan81 pour 6.00 β le survie_new
[15:50:39] [ITEM_LISTED]: Yohan81 vend 64 x Obsidian  pour 30,000.00β sur survie_new
[16:02:29] [ITEM_SOLD]: LLIcocoman_Hrz vendu 1 x Turtle Spawn Egg à  pikatchou82 pour 2,500.00 β le survie_new
[16:02:41] [ITEM_SOLD]: OfCourse vendu 10 x Name Tag à  pikatchou82 pour 5,000.00 β le survie_new
[16:06:07] [ITEM_CANCELLED]: Yohan81 annule la vente de 64x Obsidian pour 30,000.00β sur survie_new
[16:06:10] [ITEM_RETURNED]: 64 x Obsidian  renvoyé à Yohan81 le survie_new
[18:38:39] [ITEM_SOLD]: Darinor_ vendu 1 x Kit Médical à  Luky123413 pour 3,000.00 β le survie_new
[18:39:02] [ITEM_SOLD]: Yohan81 vendu 1 x Written Book à  Luky123413 pour 1.00 β le survie_new
[19:13:21] [ITEM_LISTED]: LLIcocoman_Hrz vend 1 x Chicken Spawn Egg  pour 5,000.00β sur survie_new
[19:15:09] [ITEM_SOLD]: pikatchou82 vendu 1 x Enchanted Book à  Ekiliox pour 900.00 β le survie_new
[19:15:59] [ITEM_SOLD]: pikatchou82 vendu 1 x Enchanted Book à  Ekiliox pour 900.00 β le survie_new
[20:12:08] [ITEM_LISTED]: bioniclucas vend 1 x Plastron  [Protection V, Unbreaking V] pour 1,000.00β sur survie_new
[20:12:11] [ITEM_LISTED]: xilatien vend 64 x Cobblestone  pour 1.00β sur survie_new
[22:04:06] [ITEM_LISTED]: CouzVeBaton vend 1 x Grade Marquis  pour 1,000,000.00β sur survie_new
[23:35:45] [ITEM_LISTED]: hugoleb vend 64 x Oak Log  pour 250.00β sur survie_new
[23:35:53] [ITEM_LISTED]: hugoleb vend 5 x Oak Log  pour 2.00β sur survie_new
[23:36:26] [ITEM_LISTED]: hugoleb vend 17 x Oak Log  pour 50.00β sur survie_new
[23:36:46] [ITEM_SOLD]: hugoleb vendu 64 x Oak Log à  Zethow pour 250.00 β le survie_new
[23:36:55] [ITEM_SOLD]: hugoleb vendu 17 x Oak Log à  Zethow pour 50.00 β le survie_new
[23:36:57] [ITEM_SOLD]: hugoleb vendu 5 x Oak Log à  Zethow pour 2.00 β le survie_new
[23:57:59] [ITEM_SOLD]: LLIcocoman_Hrz vendu 1 x Chicken Spawn Egg à  CroixVeBaton pour 5,000.00 β le survie_new
