[08:43:54] [ITEM_SOLD]: Darinor_ vendu 1 x Enchanted Book à  ketsumochi pour 2,000.00 β le survie_new
[08:44:52] [ITEM_SOLD]: pikatchou82 vendu 1 x Enchanted Book à  ketsumochi pour 900.00 β le survie_new
[08:45:02] [ITEM_SOLD]: OfCourse vendu 10 x Turtle Egg à  ketsumochi pour 500.00 β le survie_new
[12:19:37] [ITEM_RETURNED]: 1 x Enchanted Book  renvoyé à Darinor_ le survie_new
[12:19:38] [ITEM_RETURNED]: 1 x Name Tag  renvoyé à Darinor_ le survie_new
[12:19:39] [ITEM_RETURNED]: 1 x Name Tag  renvoyé à Darinor_ le survie_new
[12:19:39] [ITEM_RETURNED]: 1 x Name Tag  renvoyé à Darinor_ le survie_new
[12:19:44] [ITEM_RETURNED]: 16 x Ender Pearl  renvoyé à Darinor_ le survie_new_the_end
[12:19:53] [ITEM_RETURNED]: 1 x Iron Chestplate  [Mending, Thorns II, Unbreaking III] renvoyé à Darinor_ le survie_new_the_end
[12:19:53] [ITEM_RETURNED]: 1 x Iron Leggings  [Protection IV, Unbreaking III] renvoyé à Darinor_ le survie_new_the_end
[12:19:54] [ITEM_RETURNED]: 1 x Iron Chestplate  [Protection IV, Thorns II, Unbreaking III] renvoyé à Darinor_ le survie_new_the_end
[12:19:55] [ITEM_RETURNED]: 1 x Iron Boots  [Fire Protection IV, Unbreaking III] renvoyé à Darinor_ le survie_new_the_end
[12:22:37] [ITEM_LISTED]: Darinor_ vend 1 x Iron Boots  [Fire Protection IV, Unbreaking III] pour 50.00β sur survie_new
[12:22:44] [ITEM_LISTED]: Darinor_ vend 1 x Iron Chestplate  [Protection IV, Thorns II, Unbreaking III] pour 250.00β sur survie_new
[12:22:47] [ITEM_LISTED]: Darinor_ vend 1 x Iron Chestplate  [Mending, Thorns II, Unbreaking III] pour 250.00β sur survie_new
[12:22:56] [ITEM_LISTED]: Darinor_ vend 1 x Iron Leggings  [Protection IV, Unbreaking III] pour 100.00β sur survie_new
[12:23:34] [ITEM_LISTED]: Darinor_ vend 16 x Ender Pearl  pour 100.00β sur survie_new
[12:23:41] [ITEM_LISTED]: Darinor_ vend 3 x Name Tag  pour 1,000.00β sur survie_new
[12:26:16] [ITEM_LISTED]: Darinor_ vend 1 x Enchanted Book  pour 2,000.00β sur survie_new
[14:02:03] [ITEM_LISTED]: Kaio_Beninou vend 1 x Dolphin Spawn Egg  pour 4,000.00β sur survie_new
[14:02:06] [ITEM_LISTED]: Kaio_Beninou vend 1 x Chicken Spawn Egg  pour 4,000.00β sur survie_new
[14:02:09] [ITEM_LISTED]: Kaio_Beninou vend 1 x Chicken Spawn Egg  pour 4,000.00β sur survie_new
[14:02:12] [ITEM_LISTED]: Kaio_Beninou vend 1 x Dolphin Spawn Egg  pour 4,000.00β sur survie_new
[14:25:04] [ITEM_SOLD]: Kaio_Beninou vendu 1 x Shulker Box à  leazdinque pour 6,500.00 β le survie_new
[14:25:56] [ITEM_LISTED]: Kaio_Beninou vend 1 x Shulker Box  pour 6,500.00β sur survie_new
[14:46:02] [ITEM_LISTED]: Kaio_Beninou vend 1 x Elytra  pour 12,000.00β sur survie_new
[14:57:35] [ITEM_LISTED]: leazdinque vend 1 x Diamond Pickaxe  [Efficiency V, Fortune II, Mending, Unbreaking III] pour 1,000.00β sur survie_new
[14:57:55] [ITEM_CANCELLED]: leazdinque annule la vente de 1x Diamond Pickaxe [Efficiency V, Fortune II, Mending, Unbreaking III] pour 1,000.00β sur survie_new
[14:58:26] [ITEM_RETURNED]: 1 x Diamond Pickaxe  [Efficiency V, Fortune II, Mending, Unbreaking III] renvoyé à leazdinque le survie_new
[14:58:39] [ITEM_LISTED]: leazdinque vend 64 x Coal Block  pour 1,000.00β sur survie_new
[15:45:19] [ITEM_SOLD]: Darinor_ vendu 1 x Iron Leggings à  [Protection IV, Unbreaking III] Arzess pour 100.00 β le survie_new
[15:45:27] [ITEM_SOLD]: Darinor_ vendu 1 x Iron Chestplate à  [Protection IV, Thorns II, Unbreaking III] Arzess pour 250.00 β le survie_new
[17:26:18] [ITEM_SOLD]: Kaio_Beninou vendu 1 x Enchanted Book à  yokianderson pour 20,000.00 β le survie_new
[17:33:03] [ITEM_SOLD]: Christophe_ vendu 1 x Enchanted Book à  yokianderson pour 5,000.00 β le survie_new
[17:46:38] [ITEM_LISTED]: bioniclucas vend 1 x 6lEpée  [Fire Aspect II, Looting III, Sharpness V, Unbreaking III] pour 15,000.00β sur survie_new
[18:40:30] [ITEM_LISTED]: Christophe_ vend 64 x Glowstone Dust  pour 100.00β sur survie_new
[18:40:36] [ITEM_LISTED]: bioniclucas vend 1 x Dolphin Spawn Egg  pour 4,000.00β sur survie_new
[18:40:37] [ITEM_SOLD]: Christophe_ vendu 64 x Glowstone Dust à  Yohan81 pour 100.00 β le survie_new
[19:09:41] [ITEM_LISTED]: OfCourse vend 48 x Gunpowder  pour 3,500.00β sur survie_new
[19:09:47] [ITEM_SOLD]: OfCourse vendu 48 x Gunpowder à  Yohan81 pour 3,500.00 β le survie_new
[19:14:59] [ITEM_LISTED]: leazdinque vend 37 x Gunpowder  pour 950.00β sur survie_new
[19:15:07] [ITEM_SOLD]: leazdinque vendu 37 x Gunpowder à  Yohan81 pour 950.00 β le survie_new
[19:23:19] [ITEM_RETURNED]: 1 x Shulker Box  renvoyé à Minebark le survie_new
[19:23:20] [ITEM_RETURNED]: 1 x Shulker Box  renvoyé à Minebark le survie_new
[19:23:20] [ITEM_RETURNED]: 1 x Shulker Box  renvoyé à Minebark le survie_new
[19:23:21] [ITEM_RETURNED]: 1 x Shulker Box  renvoyé à Minebark le survie_new
[19:23:21] [ITEM_RETURNED]: 1 x Shulker Box  renvoyé à Minebark le survie_new
[19:23:21] [ITEM_RETURNED]: 1 x Shulker Box  renvoyé à Minebark le survie_new
[19:23:22] [ITEM_RETURNED]: 1 x Shulker Box  renvoyé à Minebark le survie_new
[19:23:22] [ITEM_RETURNED]: 1 x Shulker Box  renvoyé à Minebark le survie_new
[19:23:22] [ITEM_RETURNED]: 1 x Shulker Box  renvoyé à Minebark le survie_new
[19:23:22] [ITEM_RETURNED]: 1 x Shulker Box  renvoyé à Minebark le survie_new
[19:23:22] [ITEM_RETURNED]: 1 x Shulker Box  renvoyé à Minebark le survie_new
[19:23:23] [ITEM_RETURNED]: 1 x Shulker Box  renvoyé à Minebark le survie_new
[19:23:23] [ITEM_RETURNED]: 1 x Shulker Box  renvoyé à Minebark le survie_new
[19:23:35] [ITEM_LISTED]: Minebark vend 1 x Shulker Box  pour 2,500.00β sur survie_new
[19:23:38] [ITEM_LISTED]: Minebark vend 1 x Shulker Box  pour 2,500.00β sur survie_new
[19:23:39] [ITEM_LISTED]: Minebark vend 1 x Shulker Box  pour 2,500.00β sur survie_new
[19:23:40] [ITEM_LISTED]: Minebark vend 1 x Shulker Box  pour 2,500.00β sur survie_new
[19:23:48] [ITEM_LISTED]: Minebark vend 1 x Shulker Box  pour 2,500.00β sur survie_new
[19:23:52] [ITEM_LISTED]: Minebark vend 1 x Shulker Box  pour 2,500.00β sur survie_new
[19:23:54] [ITEM_LISTED]: Minebark vend 1 x Shulker Box  pour 2,500.00β sur survie_new
[19:23:57] [ITEM_LISTED]: Minebark vend 1 x Shulker Box  pour 2,500.00β sur survie_new
[19:23:58] [ITEM_LISTED]: Minebark vend 1 x Shulker Box  pour 2,500.00β sur survie_new
[19:24:00] [ITEM_LISTED]: Minebark vend 1 x Shulker Box  pour 2,500.00β sur survie_new
[19:24:02] [ITEM_LISTED]: Minebark vend 1 x Shulker Box  pour 2,500.00β sur survie_new
[19:24:04] [ITEM_LISTED]: Minebark vend 1 x Shulker Box  pour 2,500.00β sur survie_new
[19:24:05] [ITEM_LISTED]: Minebark vend 1 x Shulker Box  pour 2,500.00β sur survie_new
[19:39:18] [ITEM_SOLD]: bioniclucas vendu 1 x 6lEpée à  [Fire Aspect II, Looting III, Sharpness V, Unbreaking III] Christophe_ pour 15,000.00 β le survie_new
[19:43:35] [ITEM_LISTED]: Kaio_Beninou vend 1 x Enchanted Book  pour 20,000.00β sur survie_new
[19:48:03] [ITEM_SOLD]: bioniclucas vendu 1 x Dolphin Spawn Egg à  CouzVeBaton pour 4,000.00 β le survie_new
[19:48:05] [ITEM_SOLD]: Kaio_Beninou vendu 1 x Dolphin Spawn Egg à  CouzVeBaton pour 4,000.00 β le survie_new
[19:48:08] [ITEM_SOLD]: Kaio_Beninou vendu 1 x Dolphin Spawn Egg à  CouzVeBaton pour 4,000.00 β le survie_new
[20:12:10] [ITEM_SOLD]: Kaio_Beninou vendu 1 x Chicken Spawn Egg à  Eroxyde pour 4,000.00 β le survie_new
[20:18:56] [ITEM_LISTED]: Yohan81 vend 1 x Name Tag  pour 300.00β sur survie_new
[20:19:08] [ITEM_SOLD]: Kaio_Beninou vendu 1 x Chicken Spawn Egg à  leazdinque pour 4,000.00 β le survie_new
[20:19:21] [ITEM_SOLD]: Yohan81 vendu 1 x Name Tag à  leazdinque pour 300.00 β le survie_new
[20:38:02] [ITEM_LISTED]: Yohan81 vend 1 x La Grande Pioche  [Efficiency X, Fortune V, Unbreaking VIII, Curse of Vanishing] pour 1,000,000.00β sur survie_new
[20:38:53] [ITEM_SOLD]: Yohan81 vendu 1 x La Grande Pioche à  [Efficiency X, Fortune V, Unbreaking VIII, Curse of Vanishing] CroixVeBaton pour 1,000,000.00 β le survie_new
[20:40:28] [ITEM_SOLD]: Warsgunners34 vendu 1 x §;§:Spawner à Araignée venimeuse 1x à  RoroElPadre pour 3,000.00 β le survie_new
[20:45:08] [ITEM_LISTED]: Ekiliox vend 64 x Acacia Log  pour 200.00β sur survie_new
[20:45:18] [ITEM_LISTED]: Ekiliox vend 64 x Spruce Log  pour 200.00β sur survie_new
[20:45:30] [ITEM_LISTED]: Ekiliox vend 64 x Dark Oak Log  pour 200.00β sur survie_new
[20:48:53] [ITEM_LISTED]: Ekiliox vend 64 x Acacia Log  pour 200.00β sur survie_new
[20:48:56] [ITEM_LISTED]: Ekiliox vend 64 x Spruce Log  pour 200.00β sur survie_new
[20:48:57] [ITEM_LISTED]: Ekiliox vend 64 x Dark Oak Log  pour 200.00β sur survie_new
[20:54:37] [ITEM_LISTED]: Kaio_Beninou vend 4 x Dolphin Spawn Egg  pour 16,000.00β sur survie_new
[20:54:40] [ITEM_LISTED]: Kaio_Beninou vend 4 x Chicken Spawn Egg  pour 16,000.00β sur survie_new
[20:55:08] [ITEM_SOLD]: Kaio_Beninou vendu 4 x Dolphin Spawn Egg à  CouzVeBaton pour 16,000.00 β le survie_new
[20:55:18] [ITEM_SOLD]: Kaio_Beninou vendu 4 x Chicken Spawn Egg à  CroixVeBaton pour 16,000.00 β le survie_new
[21:00:45] [ITEM_LISTED]: Kaio_Beninou vend 4 x Dolphin Spawn Egg  pour 16,000.00β sur survie_new
[21:00:49] [ITEM_LISTED]: Kaio_Beninou vend 4 x Chicken Spawn Egg  pour 16,000.00β sur survie_new
[21:22:39] [ITEM_LISTED]: Stebanou vend 1 x Heart Of The Sea  pour 20,000.00β sur survie_new
[21:29:14] [ITEM_RETURNED]: 1 x Saddle  renvoyé à Kaio_Beninou le survie_new
[21:29:19] [ITEM_LISTED]: Kaio_Beninou vend 1 x Saddle  pour 500.00β sur survie_new
[21:37:05] [ITEM_SOLD]: Kaio_Beninou vendu 4 x Dolphin Spawn Egg à  CouzVeBaton pour 16,000.00 β le survie_new
[21:37:07] [ITEM_SOLD]: Kaio_Beninou vendu 4 x Chicken Spawn Egg à  CouzVeBaton pour 16,000.00 β le survie_new
[21:40:54] [ITEM_LISTED]: Stebanou vend 1 x §;§:Spawner à Araignée venimeuse 1x  pour 3,500.00β sur survie_new
[21:40:56] [ITEM_LISTED]: Stebanou vend 1 x §;§:Spawner à Araignée venimeuse 1x  pour 3,500.00β sur survie_new
[21:40:57] [ITEM_LISTED]: Stebanou vend 1 x §;§:Spawner à Arraigné 1x  pour 3,500.00β sur survie_new
[21:40:59] [ITEM_LISTED]: Stebanou vend 1 x §;§:Spawner à Araignée venimeuse 1x  pour 3,500.00β sur survie_new
[21:41:01] [ITEM_LISTED]: Stebanou vend 1 x §;§:Spawner à Arraigné 1x  pour 3,500.00β sur survie_new
[21:41:16] [ITEM_SOLD]: Stebanou vendu 1 x §;§:Spawner à Araignée venimeuse 1x à  CouzVeBaton pour 3,500.00 β le survie_new
[21:41:17] [ITEM_SOLD]: Stebanou vendu 1 x §;§:Spawner à Araignée venimeuse 1x à  CouzVeBaton pour 3,500.00 β le survie_new
[21:41:18] [ITEM_SOLD]: Stebanou vendu 1 x §;§:Spawner à Arraigné 1x à  CouzVeBaton pour 3,500.00 β le survie_new
[21:41:19] [ITEM_SOLD]: Stebanou vendu 1 x §;§:Spawner à Arraigné 1x à  CouzVeBaton pour 3,500.00 β le survie_new
[21:41:20] [ITEM_SOLD]: Stebanou vendu 1 x §;§:Spawner à Araignée venimeuse 1x à  CouzVeBaton pour 3,500.00 β le survie_new
[21:41:36] [ITEM_LISTED]: Minebark vend 21 x §;§:Spawner à Araignée venimeuse 1x  pour 73,500.00β sur survie_new
[21:42:39] [ITEM_LISTED]: Kaio_Beninou vend 1 x §;§:Spawner à Araignée venimeuse 1x  pour 3,500.00β sur survie_new
[21:42:42] [ITEM_LISTED]: Kaio_Beninou vend 1 x §;§:Spawner à Araignée venimeuse 1x  pour 3,500.00β sur survie_new
[21:42:46] [ITEM_LISTED]: Kaio_Beninou vend 1 x §;§:Spawner à Araignée venimeuse 1x  pour 3,500.00β sur survie_new
[21:42:49] [ITEM_LISTED]: Kaio_Beninou vend 1 x §;§:Spawner à Araignée venimeuse 1x  pour 3,500.00β sur survie_new
[21:42:53] [ITEM_LISTED]: Kaio_Beninou vend 1 x §;§:Spawner à Araignée venimeuse 1x  pour 3,500.00β sur survie_new
[21:42:54] [ITEM_SOLD]: Minebark vendu 21 x §;§:Spawner à Araignée venimeuse 1x à  CouzVeBaton pour 73,500.00 β le survie_new
[21:44:22] [ITEM_SOLD]: Kaio_Beninou vendu 1 x §;§:Spawner à Araignée venimeuse 1x à  CroixVeBaton pour 3,500.00 β le survie_new
[21:44:23] [ITEM_SOLD]: Kaio_Beninou vendu 1 x §;§:Spawner à Araignée venimeuse 1x à  CroixVeBaton pour 3,500.00 β le survie_new
[21:44:24] [ITEM_SOLD]: Kaio_Beninou vendu 1 x §;§:Spawner à Araignée venimeuse 1x à  CroixVeBaton pour 3,500.00 β le survie_new
[21:44:25] [ITEM_SOLD]: Kaio_Beninou vendu 1 x §;§:Spawner à Araignée venimeuse 1x à  CroixVeBaton pour 3,500.00 β le survie_new
[21:44:26] [ITEM_SOLD]: Kaio_Beninou vendu 1 x §;§:Spawner à Araignée venimeuse 1x à  CroixVeBaton pour 3,500.00 β le survie_new
[21:49:10] [ITEM_LISTED]: Kaio_Beninou vend 10 x pig Spawner  pour 35,000.00β sur survie_new
[21:52:21] [ITEM_SOLD]: Kaio_Beninou vendu 10 x pig Spawner à  CroixVeBaton pour 35,000.00 β le survie_new
[21:54:14] [ITEM_SOLD]: leazdinque vendu 64 x Coal Block à  ketsumochi pour 1,000.00 β le survie_new
[21:54:32] [ITEM_SOLD]: OfCourse vendu 1 x Phantom Membrane à  ketsumochi pour 10.00 β le survie_new
[21:57:32] [ITEM_LISTED]: Stebanou vend 1 x Dolphin Spawn Egg  pour 3,500.00β sur survie_new
[22:13:03] [ITEM_SOLD]: Stebanou vendu 1 x Dolphin Spawn Egg à  CouzVeBaton pour 3,500.00 β le survie_new
