[00:00:10] [ITEM_SOLD]: LLIcocoman_Hrz vendu 64 x Spider Eye à  nuka_blood pour 250.00 β le survie_new
[00:00:18] [ITEM_SOLD]: Wenos_XIII vendu 64 x Bone à  nuka_blood pour 190.00 β le survie_new
[00:16:10] [ITEM_LISTED]: CroixVeBaton vend 64 x Dark Oak Log  pour 200.00β sur survie_new
[00:16:24] [ITEM_LISTED]: CroixVeBaton vend 64 x Dark Oak Log  pour 200.00β sur survie_new
[00:16:25] [ITEM_LISTED]: CroixVeBaton vend 64 x Dark Oak Log  pour 200.00β sur survie_new
[00:16:26] [ITEM_LISTED]: CroixVeBaton vend 64 x Dark Oak Log  pour 200.00β sur survie_new
[00:16:27] [ITEM_LISTED]: CroixVeBaton vend 64 x Dark Oak Log  pour 200.00β sur survie_new
[00:16:28] [ITEM_LISTED]: CroixVeBaton vend 64 x Dark Oak Log  pour 200.00β sur survie_new
[00:16:29] [ITEM_LISTED]: CroixVeBaton vend 64 x Dark Oak Log  pour 200.00β sur survie_new
[00:16:30] [ITEM_LISTED]: CroixVeBaton vend 64 x Dark Oak Log  pour 200.00β sur survie_new
[00:16:33] [ITEM_LISTED]: CroixVeBaton vend 64 x Dark Oak Log  pour 200.00β sur survie_new
[00:16:35] [ITEM_LISTED]: CroixVeBaton vend 64 x Dark Oak Log  pour 200.00β sur survie_new
[00:16:42] [ITEM_LISTED]: CroixVeBaton vend 64 x Dark Oak Log  pour 200.00β sur survie_new
[00:16:43] [ITEM_LISTED]: CroixVeBaton vend 64 x Dark Oak Log  pour 200.00β sur survie_new
[00:16:43] [ITEM_LISTED]: CroixVeBaton vend 64 x Dark Oak Log  pour 200.00β sur survie_new
[00:16:44] [ITEM_LISTED]: CroixVeBaton vend 64 x Dark Oak Log  pour 200.00β sur survie_new
[00:16:45] [ITEM_LISTED]: CroixVeBaton vend 64 x Dark Oak Log  pour 200.00β sur survie_new
[00:16:46] [ITEM_LISTED]: CroixVeBaton vend 64 x Dark Oak Log  pour 200.00β sur survie_new
[00:16:47] [ITEM_LISTED]: CroixVeBaton vend 64 x Dark Oak Log  pour 200.00β sur survie_new
[00:16:48] [ITEM_LISTED]: CroixVeBaton vend 64 x Dark Oak Log  pour 200.00β sur survie_new
[00:16:49] [ITEM_LISTED]: CroixVeBaton vend 64 x Dark Oak Log  pour 200.00β sur survie_new
[00:16:58] [ITEM_LISTED]: CroixVeBaton vend 64 x Dark Oak Log  pour 200.00β sur survie_new
[00:16:59] [ITEM_LISTED]: CroixVeBaton vend 64 x Dark Oak Log  pour 200.00β sur survie_new
[00:16:59] [ITEM_LISTED]: CroixVeBaton vend 64 x Dark Oak Log  pour 200.00β sur survie_new
[00:17:00] [ITEM_LISTED]: CroixVeBaton vend 64 x Dark Oak Log  pour 200.00β sur survie_new
[00:17:01] [ITEM_LISTED]: CroixVeBaton vend 64 x Dark Oak Log  pour 200.00β sur survie_new
[00:17:02] [ITEM_LISTED]: CroixVeBaton vend 64 x Dark Oak Log  pour 200.00β sur survie_new
[00:17:03] [ITEM_LISTED]: CroixVeBaton vend 64 x Dark Oak Log  pour 200.00β sur survie_new
[00:17:03] [ITEM_LISTED]: CroixVeBaton vend 64 x Dark Oak Log  pour 200.00β sur survie_new
[00:17:04] [ITEM_LISTED]: CroixVeBaton vend 64 x Dark Oak Log  pour 200.00β sur survie_new
[00:17:09] [ITEM_LISTED]: CroixVeBaton vend 64 x Dark Oak Log  pour 200.00β sur survie_new
[00:17:10] [ITEM_LISTED]: CroixVeBaton vend 64 x Dark Oak Log  pour 200.00β sur survie_new
[00:17:10] [ITEM_LISTED]: CroixVeBaton vend 64 x Dark Oak Log  pour 200.00β sur survie_new
[00:17:11] [ITEM_LISTED]: CroixVeBaton vend 64 x Dark Oak Log  pour 200.00β sur survie_new
[00:17:12] [ITEM_LISTED]: CroixVeBaton vend 64 x Dark Oak Log  pour 200.00β sur survie_new
[00:17:13] [ITEM_LISTED]: CroixVeBaton vend 64 x Dark Oak Log  pour 200.00β sur survie_new
[00:17:15] [ITEM_LISTED]: CroixVeBaton vend 64 x Dark Oak Log  pour 200.00β sur survie_new
[00:17:16] [ITEM_LISTED]: CroixVeBaton vend 64 x Dark Oak Log  pour 200.00β sur survie_new
[00:17:18] [ITEM_LISTED]: CroixVeBaton vend 64 x Dark Oak Log  pour 200.00β sur survie_new
[00:17:28] [ITEM_LISTED]: CroixVeBaton vend 64 x Dark Oak Log  pour 200.00β sur survie_new
[00:17:28] [ITEM_LISTED]: CroixVeBaton vend 64 x Dark Oak Log  pour 200.00β sur survie_new
[00:17:32] [ITEM_LISTED]: CroixVeBaton vend 64 x Dark Oak Log  pour 200.00β sur survie_new
[00:17:33] [ITEM_LISTED]: CroixVeBaton vend 64 x Dark Oak Log  pour 200.00β sur survie_new
[00:17:34] [ITEM_LISTED]: CroixVeBaton vend 64 x Dark Oak Log  pour 200.00β sur survie_new
[00:17:34] [ITEM_LISTED]: CroixVeBaton vend 64 x Dark Oak Log  pour 200.00β sur survie_new
[00:17:36] [ITEM_LISTED]: CroixVeBaton vend 64 x Dark Oak Log  pour 200.00β sur survie_new
[00:17:37] [ITEM_LISTED]: CroixVeBaton vend 64 x Dark Oak Log  pour 200.00β sur survie_new
[00:17:38] [ITEM_LISTED]: CroixVeBaton vend 64 x Dark Oak Log  pour 200.00β sur survie_new
[00:17:43] [ITEM_LISTED]: CroixVeBaton vend 64 x Dark Oak Log  pour 200.00β sur survie_new
[00:17:45] [ITEM_LISTED]: CroixVeBaton vend 64 x Dark Oak Log  pour 200.00β sur survie_new
[00:17:46] [ITEM_LISTED]: CroixVeBaton vend 64 x Dark Oak Log  pour 200.00β sur survie_new
[00:17:46] [ITEM_LISTED]: CroixVeBaton vend 64 x Dark Oak Log  pour 200.00β sur survie_new
[00:17:47] [ITEM_LISTED]: CroixVeBaton vend 64 x Dark Oak Log  pour 200.00β sur survie_new
[00:17:48] [ITEM_LISTED]: CroixVeBaton vend 64 x Dark Oak Log  pour 200.00β sur survie_new
[00:17:49] [ITEM_LISTED]: CroixVeBaton vend 64 x Dark Oak Log  pour 200.00β sur survie_new
[00:17:49] [ITEM_LISTED]: CroixVeBaton vend 64 x Dark Oak Log  pour 200.00β sur survie_new
[00:17:55] [ITEM_LISTED]: CroixVeBaton vend 64 x Dark Oak Log  pour 200.00β sur survie_new
[00:17:59] [ITEM_LISTED]: CroixVeBaton vend 64 x Dark Oak Log  pour 200.00β sur survie_new
[00:18:00] [ITEM_LISTED]: CroixVeBaton vend 64 x Dark Oak Log  pour 200.00β sur survie_new
[00:18:00] [ITEM_LISTED]: CroixVeBaton vend 64 x Dark Oak Log  pour 200.00β sur survie_new
[00:18:01] [ITEM_LISTED]: CroixVeBaton vend 64 x Dark Oak Log  pour 200.00β sur survie_new
[00:18:02] [ITEM_LISTED]: CroixVeBaton vend 64 x Dark Oak Log  pour 200.00β sur survie_new
[00:18:03] [ITEM_LISTED]: CroixVeBaton vend 64 x Dark Oak Log  pour 200.00β sur survie_new
[00:18:08] [ITEM_LISTED]: CroixVeBaton vend 64 x Dark Oak Log  pour 200.00β sur survie_new
[00:18:11] [ITEM_LISTED]: CroixVeBaton vend 64 x Dark Oak Log  pour 200.00β sur survie_new
[00:18:12] [ITEM_LISTED]: CroixVeBaton vend 64 x Dark Oak Log  pour 200.00β sur survie_new
[00:18:14] [ITEM_LISTED]: CroixVeBaton vend 64 x Dark Oak Log  pour 200.00β sur survie_new
[00:18:16] [ITEM_LISTED]: CroixVeBaton vend 64 x Dark Oak Log  pour 200.00β sur survie_new
[00:18:17] [ITEM_LISTED]: CroixVeBaton vend 64 x Dark Oak Log  pour 200.00β sur survie_new
[00:18:19] [ITEM_LISTED]: CroixVeBaton vend 64 x Dark Oak Log  pour 200.00β sur survie_new
[00:18:20] [ITEM_LISTED]: CroixVeBaton vend 64 x Dark Oak Log  pour 200.00β sur survie_new
[00:18:21] [ITEM_LISTED]: CroixVeBaton vend 64 x Dark Oak Log  pour 200.00β sur survie_new
[00:18:28] [ITEM_LISTED]: CroixVeBaton vend 64 x Dark Oak Log  pour 200.00β sur survie_new
[00:18:29] [ITEM_LISTED]: CroixVeBaton vend 64 x Dark Oak Log  pour 200.00β sur survie_new
[00:18:31] [ITEM_LISTED]: CroixVeBaton vend 64 x Dark Oak Log  pour 200.00β sur survie_new
[00:18:32] [ITEM_LISTED]: CroixVeBaton vend 64 x Dark Oak Log  pour 200.00β sur survie_new
[00:18:33] [ITEM_LISTED]: CroixVeBaton vend 64 x Dark Oak Log  pour 200.00β sur survie_new
[00:18:34] [ITEM_LISTED]: CroixVeBaton vend 64 x Dark Oak Log  pour 200.00β sur survie_new
[00:18:36] [ITEM_LISTED]: CroixVeBaton vend 64 x Dark Oak Log  pour 200.00β sur survie_new
[00:18:37] [ITEM_LISTED]: CroixVeBaton vend 64 x Dark Oak Log  pour 200.00β sur survie_new
[00:18:38] [ITEM_LISTED]: CroixVeBaton vend 64 x Dark Oak Log  pour 200.00β sur survie_new
[00:22:29] [ITEM_LISTED]: Zeelyrules vend 1 x Feather  pour 10,000.00β sur survie_new
[01:29:27] [ITEM_SOLD]: Zeelyrules vendu 1 x Feather à  Luky123413 pour 10,000.00 β le survie_new
[03:59:50] [ITEM_SOLD]: louloured03 vendu 1 x Enchanted Book à  Rayan pour 4,000.00 β le survie_new
[04:41:15] [ITEM_SOLD]: CroixVeBaton vendu 64 x Dark Oak Log à  Rayan pour 200.00 β le survie_new
[04:41:17] [ITEM_SOLD]: CroixVeBaton vendu 64 x Dark Oak Log à  Rayan pour 200.00 β le survie_new
[04:41:19] [ITEM_SOLD]: CroixVeBaton vendu 64 x Dark Oak Log à  Rayan pour 200.00 β le survie_new
[11:24:12] [ITEM_LISTED]: Zeelyrules vend 1 x Hylian Shield  pour 50.00β sur survie_new
[12:18:44] [ITEM_LISTED]: Zeelyrules vend 20 x Soul Sand  pour 500.00β sur survie_new
[12:36:23] [ITEM_SOLD]: Zeelyrules vendu 1 x Hylian Shield à  omega2028 pour 50.00 β le survie_new
[12:45:32] [ITEM_LISTED]: aidan vend 1 x Dolphin Spawn Egg  pour 5,000.00β sur survie_new
[12:45:46] [ITEM_SOLD]: aidan vendu 1 x Dolphin Spawn Egg à  Loan02 pour 5,000.00 β le survie_new
[13:08:44] [ITEM_SOLD]: CroixVeBaton vendu 64 x Dark Oak Log à  Loan02 pour 200.00 β le survie_new
[13:33:30] [ITEM_LISTED]: pouille vend 64 x Melon  pour 576.00β sur survie_new
[13:33:49] [ITEM_LISTED]: pouille vend 64 x Melon  pour 576.00β sur survie_new
[13:34:04] [ITEM_SOLD]: Stebanou vendu 1 x Shulker Box à  Lallethu pour 2,500.00 β le survie_new
[13:34:05] [ITEM_SOLD]: Stebanou vendu 1 x Shulker Box à  Lallethu pour 2,500.00 β le survie_new
[13:34:16] [ITEM_LISTED]: pouille vend 64 x Melon  pour 576.00β sur survie_new
[13:34:42] [ITEM_LISTED]: pouille vend 64 x Melon  pour 576.00β sur survie_new
[13:34:50] [ITEM_LISTED]: Loan02 vend 1 x Iron Pickaxe  [Mending, Efficiency IV] pour 3,000.00β sur survie_new
[13:35:06] [ITEM_SOLD]: Loan02 vendu 1 x Iron Pickaxe à  [Mending, Efficiency IV] Skullcute pour 3,000.00 β le survie_new
[13:35:24] [ITEM_LISTED]: pouille vend 59 x Melon  pour 555.00β sur survie_new
[15:57:22] [ITEM_LISTED]: LLIcocoman_Hrz vend 16 x Sponge  pour 5,000.00β sur survie_new
[16:32:34] [ITEM_SOLD]: CroixVeBaton vendu 64 x Dark Oak Log à  Isaorya pour 200.00 β le survie_new
[16:56:32] [ITEM_SOLD]: CroixVeBaton vendu 64 x Dark Oak Log à  Isaorya pour 200.00 β le survie_new
[16:56:33] [ITEM_SOLD]: CroixVeBaton vendu 64 x Dark Oak Log à  Isaorya pour 200.00 β le survie_new
[16:56:33] [ITEM_SOLD]: CroixVeBaton vendu 64 x Dark Oak Log à  Isaorya pour 200.00 β le survie_new
[16:56:34] [ITEM_SOLD]: CroixVeBaton vendu 64 x Dark Oak Log à  Isaorya pour 200.00 β le survie_new
[16:56:34] [ITEM_SOLD]: CroixVeBaton vendu 64 x Dark Oak Log à  Isaorya pour 200.00 β le survie_new
[16:56:35] [ITEM_SOLD]: CroixVeBaton vendu 64 x Dark Oak Log à  Isaorya pour 200.00 β le survie_new
[16:56:35] [ITEM_SOLD]: CroixVeBaton vendu 64 x Dark Oak Log à  Isaorya pour 200.00 β le survie_new
[16:56:36] [ITEM_SOLD]: CroixVeBaton vendu 64 x Dark Oak Log à  Isaorya pour 200.00 β le survie_new
[16:56:36] [ITEM_SOLD]: CroixVeBaton vendu 64 x Dark Oak Log à  Isaorya pour 200.00 β le survie_new
[16:56:37] [ITEM_SOLD]: CroixVeBaton vendu 64 x Dark Oak Log à  Isaorya pour 200.00 β le survie_new
[16:56:38] [ITEM_SOLD]: CroixVeBaton vendu 64 x Dark Oak Log à  Isaorya pour 200.00 β le survie_new
[16:56:39] [ITEM_SOLD]: CroixVeBaton vendu 64 x Dark Oak Log à  Isaorya pour 200.00 β le survie_new
[16:56:39] [ITEM_SOLD]: CroixVeBaton vendu 64 x Dark Oak Log à  Isaorya pour 200.00 β le survie_new
[16:56:40] [ITEM_SOLD]: CroixVeBaton vendu 64 x Dark Oak Log à  Isaorya pour 200.00 β le survie_new
[16:56:40] [ITEM_SOLD]: CroixVeBaton vendu 64 x Dark Oak Log à  Isaorya pour 200.00 β le survie_new
[16:56:40] [ITEM_SOLD]: CroixVeBaton vendu 64 x Dark Oak Log à  Isaorya pour 200.00 β le survie_new
[16:56:41] [ITEM_SOLD]: CroixVeBaton vendu 64 x Dark Oak Log à  Isaorya pour 200.00 β le survie_new
[16:56:41] [ITEM_SOLD]: CroixVeBaton vendu 64 x Dark Oak Log à  Isaorya pour 200.00 β le survie_new
[16:56:42] [ITEM_SOLD]: CroixVeBaton vendu 64 x Dark Oak Log à  Isaorya pour 200.00 β le survie_new
[16:59:02] [ITEM_SOLD]: CroixVeBaton vendu 64 x Dark Oak Log à  Isaorya pour 200.00 β le survie_new
[16:59:41] [ITEM_LISTED]: Yohan81 vend 1 x Sweet Berries  pour 100,000.00β sur survie_new
[16:59:47] [ITEM_LISTED]: Yohan81 vend 1 x Ghast Tear  pour 1,000,000.00β sur survie_new
[17:00:05] [ITEM_CANCELLED]: Yohan81 annule la vente de 1x Ghast Tear pour 1,000,000.00β sur survie_new
[17:00:05] [ITEM_CANCELLED]: Yohan81 annule la vente de 1x Sweet Berries pour 100,000.00β sur survie_new
[17:02:17] [ITEM_RETURNED]: 1 x Ghast Tear  renvoyé à Yohan81 le survie_new
[17:02:17] [ITEM_RETURNED]: 1 x Sweet Berries  renvoyé à Yohan81 le survie_new
[17:12:41] [ITEM_SOLD]: pouille vendu 64 x Melon Slice à  Isaorya pour 20.00 β le survie_new
[17:26:58] [ITEM_CANCELLED]: Djo676 annule la vente de 1x §;§:Spawner à Squelette 1x pour 10,000.00β sur survie_new
[17:26:58] [ITEM_CANCELLED]: Djo676 annule la vente de 1x §;§:Spawner à Zombie 1x pour 10,000.00β sur survie_new
[17:26:58] [ITEM_CANCELLED]: Djo676 annule la vente de 1x §;§:Spawner à Araignée venimeuse 1x pour 10,000.00β sur survie_new
[17:26:59] [ITEM_CANCELLED]: Djo676 annule la vente de 1x §;§:Spawner à Squelette 1x pour 10,000.00β sur survie_new
[17:26:59] [ITEM_CANCELLED]: Djo676 annule la vente de 1x §;§:Spawner à Araignée venimeuse 1x pour 10,000.00β sur survie_new
[17:26:59] [ITEM_CANCELLED]: Djo676 annule la vente de 1x §;§:Spawner à Zombie 1x pour 10,000.00β sur survie_new
[17:27:09] [ITEM_RETURNED]: 1 x §;§:Spawner à Zombie 1x  renvoyé à Djo676 le survie_new
[17:27:09] [ITEM_RETURNED]: 1 x §;§:Spawner à Squelette 1x  renvoyé à Djo676 le survie_new
[17:27:09] [ITEM_RETURNED]: 1 x §;§:Spawner à Zombie 1x  renvoyé à Djo676 le survie_new
[17:27:10] [ITEM_RETURNED]: 1 x §;§:Spawner à Araignée venimeuse 1x  renvoyé à Djo676 le survie_new
[17:27:10] [ITEM_RETURNED]: 1 x §;§:Spawner à Araignée venimeuse 1x  renvoyé à Djo676 le survie_new
[17:27:11] [ITEM_RETURNED]: 1 x §;§:Spawner à Squelette 1x  renvoyé à Djo676 le survie_new
[17:56:49] [ITEM_SOLD]: CroixVeBaton vendu 64 x Dark Oak Log à  Pinsut pour 200.00 β le survie_new
[17:56:50] [ITEM_SOLD]: CroixVeBaton vendu 64 x Dark Oak Log à  Pinsut pour 200.00 β le survie_new
[18:53:23] [ITEM_LISTED]: Loan02 vend 64 x Iron Block  pour 9,504.00β sur survie_new
[18:53:38] [ITEM_SOLD]: Loan02 vendu 64 x Iron Block à  pikatchou82 pour 9,504.00 β le survie_new
[18:55:32] [ITEM_LISTED]: omega2028 vend 64 x Iron Block  pour 10,500.00β sur survie_new
[18:55:34] [ITEM_LISTED]: omega2028 vend 64 x Iron Block  pour 10,500.00β sur survie_new
[18:55:35] [ITEM_LISTED]: omega2028 vend 64 x Iron Block  pour 10,500.00β sur survie_new
[18:55:47] [ITEM_LISTED]: omega2028 vend 64 x Iron Block  pour 10,500.00β sur survie_new
[18:55:48] [ITEM_LISTED]: omega2028 vend 64 x Iron Block  pour 10,500.00β sur survie_new
[18:55:50] [ITEM_LISTED]: omega2028 vend 64 x Iron Block  pour 10,500.00β sur survie_new
[18:55:53] [ITEM_LISTED]: Loan02 vend 64 x Iron Block  pour 9,504.00β sur survie_new
[18:55:53] [ITEM_LISTED]: omega2028 vend 64 x Iron Block  pour 10,500.00β sur survie_new
[18:55:56] [ITEM_LISTED]: omega2028 vend 64 x Iron Block  pour 10,500.00β sur survie_new
[18:56:09] [ITEM_SOLD]: Loan02 vendu 64 x Iron Block à  pikatchou82 pour 9,504.00 β le survie_new
[18:56:59] [ITEM_LISTED]: Loan02 vend 64 x Iron Block  pour 9,510.00β sur survie_new
[18:57:13] [ITEM_CANCELLED]: Loan02 annule la vente de 64x Iron Block pour 9,510.00β sur survie_new
[18:57:43] [ITEM_LISTED]: Loan02 vend 64 x Iron Block  pour 1,500.00β sur survie_new
[18:57:49] [ITEM_CANCELLED]: Loan02 annule la vente de 64x Iron Block pour 1,500.00β sur survie_new
[18:58:01] [ITEM_SOLD]: omega2028 vendu 64 x Iron Block à  pikatchou82 pour 10,500.00 β le survie_new
[18:58:02] [ITEM_SOLD]: omega2028 vendu 64 x Iron Block à  pikatchou82 pour 10,500.00 β le survie_new
[18:58:06] [ITEM_RETURNED]: 64 x Iron Block  renvoyé à Loan02 le survie_new
[18:58:07] [ITEM_RETURNED]: 64 x Iron Block  renvoyé à Loan02 le survie_new
[18:58:15] [ITEM_LISTED]: Loan02 vend 64 x Iron Block  pour 10,500.00β sur survie_new
[18:58:16] [ITEM_SOLD]: omega2028 vendu 64 x Iron Block à  pikatchou82 pour 10,500.00 β le survie_new
[18:58:17] [ITEM_SOLD]: Loan02 vendu 64 x Iron Block à  pikatchou82 pour 10,500.00 β le survie_new
[18:58:19] [ITEM_SOLD]: omega2028 vendu 64 x Iron Block à  pikatchou82 pour 10,500.00 β le survie_new
[18:58:20] [ITEM_SOLD]: omega2028 vendu 64 x Iron Block à  pikatchou82 pour 10,500.00 β le survie_new
[18:58:21] [ITEM_SOLD]: omega2028 vendu 64 x Iron Block à  pikatchou82 pour 10,500.00 β le survie_new
[18:58:22] [ITEM_SOLD]: omega2028 vendu 64 x Iron Block à  pikatchou82 pour 10,500.00 β le survie_new
[18:58:24] [ITEM_SOLD]: omega2028 vendu 64 x Iron Block à  pikatchou82 pour 10,500.00 β le survie_new
[18:58:25] [ITEM_LISTED]: Loan02 vend 64 x Iron Block  pour 10,500.00β sur survie_new
[18:59:36] [ITEM_LISTED]: Loan02 vend 17 x Iron Block  pour 2,754.00β sur survie_new
[18:59:49] [ITEM_SOLD]: Loan02 vendu 64 x Iron Block à  pikatchou82 pour 10,500.00 β le survie_new
[18:59:52] [ITEM_SOLD]: Loan02 vendu 17 x Iron Block à  pikatchou82 pour 2,754.00 β le survie_new
[19:04:10] [ITEM_LISTED]: Loan02 vend 64 x Iron Block  pour 11,000.00β sur survie_new
[19:04:27] [ITEM_SOLD]: Loan02 vendu 64 x Iron Block à  pikatchou82 pour 11,000.00 β le survie_new
[19:05:58] [ITEM_SOLD]: Zeelyrules vendu 1 x Diamond Pickaxe à  [Silk Touch] Isaorya pour 2,000.00 β le survie_new
[19:09:25] [ITEM_LISTED]: Loan02 vend 64 x Iron Block  pour 11,000.00β sur survie_new
[19:09:43] [ITEM_SOLD]: Loan02 vendu 64 x Iron Block à  pikatchou82 pour 11,000.00 β le survie_new
[19:11:33] [ITEM_LISTED]: pikatchou82 vend 64 x Clock  pour 1,000.00β sur survie_new
[19:11:36] [ITEM_LISTED]: pikatchou82 vend 64 x Clock  pour 1,000.00β sur survie_new
[19:11:38] [ITEM_LISTED]: pikatchou82 vend 64 x Clock  pour 1,000.00β sur survie_new
[19:11:40] [ITEM_LISTED]: pikatchou82 vend 64 x Clock  pour 1,000.00β sur survie_new
[19:11:42] [ITEM_LISTED]: pikatchou82 vend 64 x Clock  pour 1,000.00β sur survie_new
[19:11:44] [ITEM_LISTED]: pikatchou82 vend 64 x Clock  pour 1,000.00β sur survie_new
[19:11:46] [ITEM_LISTED]: pikatchou82 vend 64 x Clock  pour 1,000.00β sur survie_new
[19:12:35] [ITEM_LISTED]: pikatchou82 vend 64 x Anvil  pour 1,000.00β sur survie_new
[19:27:35] [ITEM_LISTED]: Stebanou vend 1 x §;§:Spawner à Arraigné 1x  pour 5,000.00β sur survie_new
[19:27:37] [ITEM_LISTED]: Stebanou vend 1 x §;§:Spawner à Chat 1x  pour 5,000.00β sur survie_new
[19:27:41] [ITEM_SOLD]: Stebanou vendu 1 x §;§:Spawner à Arraigné 1x à  omega2028 pour 5,000.00 β le survie_new
[19:27:42] [ITEM_SOLD]: Stebanou vendu 1 x §;§:Spawner à Chat 1x à  omega2028 pour 5,000.00 β le survie_new
[19:48:14] [ITEM_LISTED]: Christophe_ vend 1 x Cooked Porkchop  pour 1.00β sur survie_new
[19:48:47] [ITEM_SOLD]: Christophe_ vendu 1 x Cooked Porkchop à  Isaorya pour 1.00 β le survie_new
[19:50:04] [ITEM_SOLD]: Zeelyrules vendu 20 x Soul Sand à  Skullcute pour 500.00 β le survie_new
[19:56:44] [ITEM_RETURNED]: 64 x Anvil  renvoyé à pikatchou82 le survie_new
[19:58:10] [ITEM_LISTED]: Loan02 vend 64 x Iron Block  pour 11,000.00β sur survie_new
[19:58:48] [ITEM_SOLD]: Loan02 vendu 64 x Iron Block à  pikatchou82 pour 11,000.00 β le survie_new
[20:05:10] [ITEM_LISTED]: Haru_M vend 64 x Iron Block  pour 11,000.00β sur survie_new
[20:05:12] [ITEM_LISTED]: Haru_M vend 64 x Iron Block  pour 11,000.00β sur survie_new
[20:05:16] [ITEM_LISTED]: Haru_M vend 64 x Iron Block  pour 11,000.00β sur survie_new
[20:05:51] [ITEM_SOLD]: Haru_M vendu 64 x Iron Block à  pikatchou82 pour 11,000.00 β le survie_new
[20:05:53] [ITEM_SOLD]: Haru_M vendu 64 x Iron Block à  pikatchou82 pour 11,000.00 β le survie_new
[20:05:56] [ITEM_SOLD]: Haru_M vendu 64 x Iron Block à  pikatchou82 pour 11,000.00 β le survie_new
[21:22:48] [ITEM_LISTED]: Stebanou vend 64 x Oak Log  pour 150.00β sur survie_new
[21:22:50] [ITEM_LISTED]: Stebanou vend 64 x Oak Log  pour 150.00β sur survie_new
[21:22:52] [ITEM_LISTED]: Stebanou vend 64 x Oak Log  pour 150.00β sur survie_new
[21:22:56] [ITEM_LISTED]: Stebanou vend 64 x Jungle Log  pour 150.00β sur survie_new
[21:23:31] [ITEM_LISTED]: Stebanou vend 64 x Jungle Log  pour 150.00β sur survie_new
[21:23:33] [ITEM_LISTED]: Stebanou vend 64 x Jungle Log  pour 150.00β sur survie_new
[21:23:35] [ITEM_LISTED]: Stebanou vend 64 x Oak Log  pour 150.00β sur survie_new
[21:23:36] [ITEM_LISTED]: Stebanou vend 64 x Oak Log  pour 150.00β sur survie_new
[21:23:54] [ITEM_LISTED]: Stebanou vend 64 x Oak Log  pour 150.00β sur survie_new
[21:23:56] [ITEM_LISTED]: Stebanou vend 64 x Jungle Log  pour 150.00β sur survie_new
[21:23:58] [ITEM_LISTED]: Stebanou vend 64 x Jungle Log  pour 150.00β sur survie_new
[21:24:00] [ITEM_LISTED]: Stebanou vend 64 x Jungle Log  pour 150.00β sur survie_new
[21:24:53] [ITEM_SOLD]: pouille vendu 64 x Melon Slice à  Skullcute pour 20.00 β le survie_new
[21:28:22] [ITEM_SOLD]: Stebanou vendu 64 x Oak Log à  Mrzozoto1919 pour 150.00 β le survie_new
[21:28:24] [ITEM_SOLD]: Stebanou vendu 64 x Oak Log à  Mrzozoto1919 pour 150.00 β le survie_new
[23:09:53] [ITEM_LISTED]: h_ney vend 64 x Potato  pour 0.20β sur survie_new
[23:10:11] [ITEM_LISTED]: h_ney vend 64 x Potato  pour 32.00β sur survie_new
[23:10:14] [ITEM_LISTED]: h_ney vend 64 x Carrot  pour 32.00β sur survie_new
[23:10:19] [ITEM_LISTED]: h_ney vend 64 x Carrot  pour 32.00β sur survie_new
[23:10:24] [ITEM_LISTED]: h_ney vend 64 x Potato  pour 32.00β sur survie_new
[23:10:28] [ITEM_LISTED]: h_ney vend 64 x Carrot  pour 32.00β sur survie_new
[23:10:31] [ITEM_LISTED]: h_ney vend 64 x Carrot  pour 32.00β sur survie_new
[23:10:36] [ITEM_LISTED]: h_ney vend 64 x Carrot  pour 32.00β sur survie_new
[23:10:39] [ITEM_LISTED]: h_ney vend 64 x Potato  pour 32.00β sur survie_new
[23:10:43] [ITEM_LISTED]: h_ney vend 64 x Carrot  pour 32.00β sur survie_new
[23:10:45] [ITEM_LISTED]: h_ney vend 64 x Carrot  pour 32.00β sur survie_new
[23:10:48] [ITEM_LISTED]: h_ney vend 64 x Carrot  pour 32.00β sur survie_new
[23:10:52] [ITEM_LISTED]: h_ney vend 64 x Carrot  pour 32.00β sur survie_new
[23:10:56] [ITEM_LISTED]: h_ney vend 64 x Potato  pour 32.00β sur survie_new
[23:11:02] [ITEM_LISTED]: h_ney vend 64 x Potato  pour 32.00β sur survie_new
[23:11:07] [ITEM_LISTED]: h_ney vend 64 x Potato  pour 32.00β sur survie_new
[23:11:11] [ITEM_LISTED]: h_ney vend 64 x Carrot  pour 32.00β sur survie_new
[23:11:17] [ITEM_LISTED]: h_ney vend 64 x Carrot  pour 32.00β sur survie_new
[23:11:19] [ITEM_LISTED]: h_ney vend 64 x Carrot  pour 32.00β sur survie_new
[23:11:23] [ITEM_LISTED]: h_ney vend 64 x Potato  pour 32.00β sur survie_new
[23:11:26] [ITEM_LISTED]: h_ney vend 64 x Potato  pour 32.00β sur survie_new
[23:11:30] [ITEM_LISTED]: h_ney vend 64 x Potato  pour 32.00β sur survie_new
[23:12:15] [ITEM_LISTED]: h_ney vend 64 x Potato  pour 32.00β sur survie_new
[23:12:18] [ITEM_LISTED]: h_ney vend 64 x Potato  pour 32.00β sur survie_new
[23:12:20] [ITEM_LISTED]: h_ney vend 64 x Potato  pour 32.00β sur survie_new
[23:12:22] [ITEM_LISTED]: h_ney vend 64 x Potato  pour 32.00β sur survie_new
[23:12:28] [ITEM_LISTED]: h_ney vend 64 x Potato  pour 32.00β sur survie_new
[23:12:30] [ITEM_LISTED]: h_ney vend 64 x Potato  pour 32.00β sur survie_new
[23:12:32] [ITEM_LISTED]: h_ney vend 64 x Potato  pour 32.00β sur survie_new
[23:12:34] [ITEM_LISTED]: h_ney vend 64 x Carrot  pour 32.00β sur survie_new
[23:12:36] [ITEM_LISTED]: h_ney vend 64 x Carrot  pour 32.00β sur survie_new
[23:12:43] [ITEM_LISTED]: h_ney vend 32 x Carrot  pour 32.00β sur survie_new
[23:12:46] [ITEM_LISTED]: h_ney vend 64 x Carrot  pour 32.00β sur survie_new
[23:12:49] [ITEM_LISTED]: h_ney vend 64 x Potato  pour 32.00β sur survie_new
[23:12:51] [ITEM_LISTED]: h_ney vend 64 x Potato  pour 32.00β sur survie_new
[23:12:54] [ITEM_LISTED]: h_ney vend 64 x Carrot  pour 32.00β sur survie_new
[23:12:59] [ITEM_LISTED]: h_ney vend 64 x Carrot  pour 32.00β sur survie_new
[23:13:03] [ITEM_LISTED]: h_ney vend 64 x Carrot  pour 32.00β sur survie_new
[23:13:06] [ITEM_LISTED]: h_ney vend 64 x Carrot  pour 32.00β sur survie_new
[23:13:09] [ITEM_LISTED]: h_ney vend 64 x Carrot  pour 32.00β sur survie_new
[23:13:20] [ITEM_LISTED]: h_ney vend 64 x Potato  pour 32.00β sur survie_new
[23:13:22] [ITEM_LISTED]: h_ney vend 64 x Potato  pour 32.00β sur survie_new
[23:13:24] [ITEM_LISTED]: h_ney vend 64 x Carrot  pour 32.00β sur survie_new
[23:13:27] [ITEM_LISTED]: h_ney vend 64 x Carrot  pour 32.00β sur survie_new
[23:13:29] [ITEM_LISTED]: h_ney vend 64 x Carrot  pour 32.00β sur survie_new
[23:24:40] [ITEM_LISTED]: CroixVeBaton vend 1 x Bow  [Unbreaking III, Infinity] pour 2,000.00β sur survie_new_nether
[23:33:03] [ITEM_LISTED]: Ekiliox vend 1 x Diamond Helmet  [Aqua Affinity] pour 500.00β sur survie_new
[23:33:07] [ITEM_LISTED]: Ekiliox vend 1 x Diamond Helmet  [Aqua Affinity] pour 500.00β sur survie_new
[23:33:09] [ITEM_LISTED]: Ekiliox vend 1 x Diamond Helmet  [Aqua Affinity] pour 500.00β sur survie_new
[23:34:31] [ITEM_LISTED]: Ekiliox vend 1 x Cadeau de la St-Valentin en avance.  pour 2,500.00β sur survie_new
[23:51:52] [ITEM_LISTED]: CroixVeBaton vend 1 x Beacon  pour 10,000.00β sur survie_new
