[01:29:25] [ITEM_SOLD]: Darinor_ vendu 1 x Frétilleur Magenta Gris clair(Rare) à  louloured03 pour 500.00 β le survie_new
[01:29:27] [ITEM_SOLD]: Darinor_ vendu 1 x Héliorai vert clair Bleu (Rare) à  louloured03 pour 500.00 β le survie_new
[02:35:28] [ITEM_LISTED]: Wenos_XIII vend 64 x Acacia Log  pour 250.00β sur survie_new
[02:35:53] [ITEM_CANCELLED]: Wenos_XIII annule la vente de 64x Acacia Log pour 250.00β sur survie_new
[02:36:09] [ITEM_RETURNED]: 64 x Acacia Log  renvoyé à Wenos_XIII le survie_new
[02:36:26] [ITEM_LISTED]: Wenos_XIII vend 64 x Acacia Log  pour 200.00β sur survie_new
[02:55:09] [ITEM_SOLD]: Ekiliox vendu 64 x Oak Log à  Wenos_XIII pour 250.00 β le survie_new
[13:39:14] [ITEM_SOLD]: Ekiliox vendu 64 x Spruce Log à  Lallethu pour 250.00 β le survie_new
[13:39:16] [ITEM_SOLD]: Ekiliox vendu 64 x Dark Oak Log à  Lallethu pour 250.00 β le survie_new
[16:12:26] [ITEM_SOLD]: Ekiliox vendu 64 x Oak Log à  Zeelyrules pour 250.00 β le survie_new
[19:09:35] [ITEM_SOLD]: ekkubb vendu 1 x AAAAHUHRGURHGHGHRGHGRHRGUGHR à  Kanntin pour 1,000.00 β le survie_new
[19:31:39] [ITEM_SOLD]: Stebanou vendu 1 x Shulker Box à  Djo676 pour 2,500.00 β le survie_new
[19:43:51] [ITEM_LISTED]: Stebanou vend 1 x Ameno  [Looting II, Sharpness III, Unbreaking III] pour 2,500.00β sur survie_new
[19:44:04] [ITEM_CANCELLED]: Stebanou annule la vente de 1x Ameno [Looting II, Sharpness III, Unbreaking III] pour 2,500.00β sur survie_new
[19:44:06] [ITEM_RETURNED]: 1 x Ameno  [Looting II, Sharpness III, Unbreaking III] renvoyé à Stebanou le survie_new
[19:44:14] [ITEM_LISTED]: Stebanou vend 1 x Ameno  [Looting II, Sharpness III, Unbreaking III] pour 25,000.00β sur survie_new
[19:50:49] [ITEM_LISTED]: Stebanou vend 1 x Rainbow Arrow Right Up  pour 35,000.00β sur survie_new
[19:51:00] [ITEM_SOLD]: Stebanou vendu 1 x Rainbow Arrow Right Up à  CroixVeBaton pour 35,000.00 β le survie_new
[20:08:26] [ITEM_LISTED]: Ekiliox vend 64 x Spruce Log  pour 250.00β sur survie_new
[20:08:29] [ITEM_LISTED]: Ekiliox vend 64 x Spruce Log  pour 250.00β sur survie_new
[20:21:10] [ITEM_LISTED]: Ekiliox vend 64 x Bread  pour 650.00β sur survie_new
[20:21:52] [ITEM_LISTED]: Ekiliox vend 64 x meilleur bois que wenos wllh  pour 250.00β sur survie_new
[20:23:23] [ITEM_SOLD]: Ekiliox vendu 1 x Muffet's Juice à  Minebark pour 420.69 β le survie_new
[21:46:13] [ITEM_LISTED]: Wenos_XIII vend 1 x Iron Axe  pour 250.00β sur survie_new
[21:46:28] [ITEM_CANCELLED]: Wenos_XIII annule la vente de 1x Iron Axe pour 250.00β sur survie_new
[21:46:47] [ITEM_RETURNED]: 1 x Iron Axe  renvoyé à Wenos_XIII le survie_new
[21:47:00] [ITEM_LISTED]: Wenos_XIII vend 64 x Acacia Log  pour 250.00β sur survie_new
[21:47:34] [ITEM_CANCELLED]: Wenos_XIII annule la vente de 64x Acacia Log pour 250.00β sur survie_new
[21:47:37] [ITEM_RETURNED]: 64 x Acacia Log  renvoyé à Wenos_XIII le survie_new
[21:48:47] [ITEM_LISTED]: Wenos_XIII vend 64 x meilleure bois de tout le serv  pour 250.00β sur survie_new
[21:50:37] [ITEM_LISTED]: Wenos_XIII vend 1 x Enchanted Book  pour 3,500.00β sur survie_new
[21:51:06] [ITEM_LISTED]: CroixVeBaton vend 64 x Dark Oak Log  pour 160.00β sur survie_new
[21:51:11] [ITEM_LISTED]: CroixVeBaton vend 64 x Dark Oak Log  pour 160.00β sur survie_new
[21:51:13] [ITEM_LISTED]: CroixVeBaton vend 64 x Dark Oak Log  pour 160.00β sur survie_new
[21:51:16] [ITEM_LISTED]: CroixVeBaton vend 64 x Dark Oak Log  pour 160.00β sur survie_new
[21:51:19] [ITEM_LISTED]: CroixVeBaton vend 64 x Dark Oak Log  pour 160.00β sur survie_new
[21:51:22] [ITEM_LISTED]: CroixVeBaton vend 64 x Dark Oak Log  pour 160.00β sur survie_new
[21:51:24] [ITEM_LISTED]: CroixVeBaton vend 64 x Dark Oak Log  pour 160.00β sur survie_new
[21:51:27] [ITEM_LISTED]: CroixVeBaton vend 64 x Dark Oak Log  pour 160.00β sur survie_new
[21:51:38] [ITEM_LISTED]: CroixVeBaton vend 64 x Dark Oak Log  pour 160.00β sur survie_new
[21:51:41] [ITEM_LISTED]: CroixVeBaton vend 64 x Dark Oak Log  pour 160.00β sur survie_new
[21:51:53] [ITEM_LISTED]: CroixVeBaton vend 64 x Dark Oak Log  pour 160.00β sur survie_new
[21:51:56] [ITEM_LISTED]: CroixVeBaton vend 64 x Dark Oak Log  pour 160.00β sur survie_new
[21:51:59] [ITEM_LISTED]: CroixVeBaton vend 64 x Dark Oak Log  pour 160.00β sur survie_new
[21:52:13] [ITEM_LISTED]: CroixVeBaton vend 64 x Dark Oak Log  pour 160.00β sur survie_new
[21:52:16] [ITEM_LISTED]: CroixVeBaton vend 64 x Dark Oak Log  pour 160.00β sur survie_new
[21:52:18] [ITEM_LISTED]: CroixVeBaton vend 64 x Dark Oak Log  pour 160.00β sur survie_new
[21:52:21] [ITEM_LISTED]: CroixVeBaton vend 64 x Dark Oak Log  pour 160.00β sur survie_new
[21:52:24] [ITEM_LISTED]: CroixVeBaton vend 64 x Dark Oak Log  pour 160.00β sur survie_new
[21:52:26] [ITEM_LISTED]: CroixVeBaton vend 64 x Dark Oak Log  pour 160.00β sur survie_new
[21:52:29] [ITEM_LISTED]: CroixVeBaton vend 64 x Dark Oak Log  pour 160.00β sur survie_new
[21:52:32] [ITEM_LISTED]: CroixVeBaton vend 64 x Dark Oak Log  pour 160.00β sur survie_new
[21:52:36] [ITEM_LISTED]: CroixVeBaton vend 64 x Dark Oak Log  pour 160.00β sur survie_new
[21:52:38] [ITEM_LISTED]: CroixVeBaton vend 64 x Dark Oak Log  pour 160.00β sur survie_new
[21:52:41] [ITEM_LISTED]: CroixVeBaton vend 64 x Dark Oak Log  pour 160.00β sur survie_new
[21:52:43] [ITEM_LISTED]: CroixVeBaton vend 64 x Dark Oak Log  pour 160.00β sur survie_new
[21:52:47] [ITEM_LISTED]: CroixVeBaton vend 64 x Dark Oak Log  pour 160.00β sur survie_new
[21:53:02] [ITEM_LISTED]: CroixVeBaton vend 64 x Dark Oak Log  pour 160.00β sur survie_new
[21:53:04] [ITEM_LISTED]: CroixVeBaton vend 64 x Dark Oak Log  pour 160.00β sur survie_new
[21:53:18] [ITEM_CANCELLED]: Wenos_XIII annule la vente de 64x meilleure bois de tout le serv pour 250.00β sur survie_new
[21:53:22] [ITEM_RETURNED]: 64 x meilleure bois de tout le serv  renvoyé à Wenos_XIII le survie_new
[21:53:35] [ITEM_LISTED]: Wenos_XIII vend 64 x meilleure bois de tout le serv  pour 200.00β sur survie_new
[21:53:51] [ITEM_LISTED]: CroixVeBaton vend 64 x Dark Oak Log  pour 160.00β sur survie_new
[21:53:53] [ITEM_LISTED]: CroixVeBaton vend 64 x Dark Oak Log  pour 160.00β sur survie_new
[21:53:57] [ITEM_LISTED]: CroixVeBaton vend 64 x Dark Oak Log  pour 160.00β sur survie_new
[21:54:00] [ITEM_LISTED]: CroixVeBaton vend 64 x Dark Oak Log  pour 160.00β sur survie_new
[21:54:03] [ITEM_LISTED]: CroixVeBaton vend 64 x Dark Oak Log  pour 160.00β sur survie_new
[21:54:05] [ITEM_LISTED]: CroixVeBaton vend 64 x Dark Oak Log  pour 160.00β sur survie_new
[21:54:11] [ITEM_LISTED]: CroixVeBaton vend 64 x Dark Oak Log  pour 160.00β sur survie_new
[21:54:13] [ITEM_LISTED]: CroixVeBaton vend 64 x Dark Oak Log  pour 160.00β sur survie_new
[21:54:16] [ITEM_LISTED]: CroixVeBaton vend 64 x Dark Oak Log  pour 160.00β sur survie_new
[21:54:18] [ITEM_LISTED]: CroixVeBaton vend 64 x Dark Oak Log  pour 160.00β sur survie_new
[21:54:21] [ITEM_LISTED]: CroixVeBaton vend 64 x Dark Oak Log  pour 160.00β sur survie_new
[21:54:24] [ITEM_LISTED]: CroixVeBaton vend 64 x Dark Oak Log  pour 160.00β sur survie_new
[21:54:26] [ITEM_LISTED]: CroixVeBaton vend 64 x Dark Oak Log  pour 160.00β sur survie_new
[21:54:30] [ITEM_LISTED]: CroixVeBaton vend 64 x Dark Oak Log  pour 160.00β sur survie_new
[21:54:32] [ITEM_LISTED]: CroixVeBaton vend 64 x Dark Oak Log  pour 160.00β sur survie_new
[21:54:36] [ITEM_LISTED]: CroixVeBaton vend 64 x Dark Oak Log  pour 160.00β sur survie_new
[21:54:38] [ITEM_LISTED]: CroixVeBaton vend 64 x Dark Oak Log  pour 160.00β sur survie_new
[21:54:41] [ITEM_LISTED]: CroixVeBaton vend 64 x Dark Oak Log  pour 160.00β sur survie_new
[21:54:43] [ITEM_LISTED]: CroixVeBaton vend 64 x Dark Oak Log  pour 160.00β sur survie_new
[21:54:46] [ITEM_LISTED]: CroixVeBaton vend 64 x Dark Oak Log  pour 160.00β sur survie_new
[21:54:48] [ITEM_LISTED]: CroixVeBaton vend 64 x Dark Oak Log  pour 160.00β sur survie_new
[21:54:51] [ITEM_LISTED]: CroixVeBaton vend 64 x Dark Oak Log  pour 160.00β sur survie_new
[21:54:54] [ITEM_LISTED]: CroixVeBaton vend 64 x Dark Oak Log  pour 160.00β sur survie_new
[21:54:59] [ITEM_LISTED]: CroixVeBaton vend 64 x Dark Oak Log  pour 160.00β sur survie_new
[21:55:14] [ITEM_LISTED]: CroixVeBaton vend 64 x Dark Oak Log  pour 160.00β sur survie_new
[21:55:16] [ITEM_LISTED]: CroixVeBaton vend 64 x Dark Oak Log  pour 160.00β sur survie_new
[21:56:26] [ITEM_LISTED]: CroixVeBaton vend 64 x Dark Oak Log  pour 160.00β sur survie_new
[21:56:29] [ITEM_LISTED]: CroixVeBaton vend 64 x Dark Oak Log  pour 160.00β sur survie_new
[21:56:32] [ITEM_LISTED]: CroixVeBaton vend 64 x Dark Oak Log  pour 160.00β sur survie_new
[21:56:34] [ITEM_LISTED]: CroixVeBaton vend 64 x Dark Oak Log  pour 160.00β sur survie_new
[21:56:54] [ITEM_LISTED]: CroixVeBaton vend 64 x Dark Oak Log  pour 160.00β sur survie_new
[21:56:56] [ITEM_LISTED]: CroixVeBaton vend 64 x Dark Oak Log  pour 160.00β sur survie_new
[21:57:00] [ITEM_LISTED]: CroixVeBaton vend 64 x Dark Oak Log  pour 160.00β sur survie_new
[21:57:04] [ITEM_LISTED]: CroixVeBaton vend 64 x Dark Oak Log  pour 160.00β sur survie_new
[21:57:13] [ITEM_LISTED]: CroixVeBaton vend 64 x Dark Oak Log  pour 160.00β sur survie_new
[21:57:15] [ITEM_LISTED]: CroixVeBaton vend 64 x Dark Oak Log  pour 160.00β sur survie_new
[21:57:18] [ITEM_LISTED]: CroixVeBaton vend 64 x Dark Oak Log  pour 160.00β sur survie_new
[21:57:21] [ITEM_LISTED]: CroixVeBaton vend 64 x Dark Oak Log  pour 160.00β sur survie_new
[21:57:24] [ITEM_LISTED]: CroixVeBaton vend 64 x Dark Oak Log  pour 160.00β sur survie_new
[21:57:26] [ITEM_LISTED]: CroixVeBaton vend 64 x Dark Oak Log  pour 160.00β sur survie_new
[21:57:30] [ITEM_LISTED]: CroixVeBaton vend 64 x Dark Oak Log  pour 160.00β sur survie_new
[21:57:33] [ITEM_LISTED]: CroixVeBaton vend 64 x Dark Oak Log  pour 160.00β sur survie_new
[21:57:36] [ITEM_LISTED]: CroixVeBaton vend 64 x Dark Oak Log  pour 160.00β sur survie_new
[21:57:39] [ITEM_LISTED]: CroixVeBaton vend 64 x Dark Oak Log  pour 160.00β sur survie_new
[21:57:43] [ITEM_LISTED]: CroixVeBaton vend 64 x Dark Oak Log  pour 160.00β sur survie_new
[21:57:46] [ITEM_LISTED]: CroixVeBaton vend 64 x Dark Oak Log  pour 160.00β sur survie_new
[21:57:50] [ITEM_LISTED]: CroixVeBaton vend 64 x Dark Oak Log  pour 160.00β sur survie_new
[21:57:52] [ITEM_LISTED]: CroixVeBaton vend 64 x Dark Oak Log  pour 160.00β sur survie_new
[21:58:03] [ITEM_LISTED]: CroixVeBaton vend 64 x Dark Oak Log  pour 160.00β sur survie_new
[21:58:06] [ITEM_LISTED]: CroixVeBaton vend 64 x Dark Oak Log  pour 160.00β sur survie_new
[21:58:09] [ITEM_LISTED]: CroixVeBaton vend 64 x Dark Oak Log  pour 160.00β sur survie_new
[21:58:11] [ITEM_LISTED]: CroixVeBaton vend 64 x Dark Oak Log  pour 160.00β sur survie_new
[21:58:14] [ITEM_LISTED]: CroixVeBaton vend 64 x Dark Oak Log  pour 160.00β sur survie_new
[21:58:17] [ITEM_LISTED]: CroixVeBaton vend 64 x Dark Oak Log  pour 160.00β sur survie_new
[21:58:21] [ITEM_LISTED]: CroixVeBaton vend 64 x Dark Oak Log  pour 160.00β sur survie_new
[21:58:24] [ITEM_LISTED]: CroixVeBaton vend 64 x Dark Oak Log  pour 160.00β sur survie_new
[21:58:27] [ITEM_LISTED]: CroixVeBaton vend 64 x Dark Oak Log  pour 160.00β sur survie_new
[21:58:30] [ITEM_LISTED]: CroixVeBaton vend 64 x Dark Oak Log  pour 160.00β sur survie_new
[21:58:34] [ITEM_LISTED]: CroixVeBaton vend 64 x Dark Oak Log  pour 160.00β sur survie_new
[21:58:37] [ITEM_LISTED]: CroixVeBaton vend 64 x Dark Oak Log  pour 160.00β sur survie_new
[21:59:37] [ITEM_LISTED]: Wenos_XIII vend 64 x Acacia Log  pour 200.00β sur survie_new
[22:11:06] [ITEM_LISTED]: Wenos_XIII vend 64 x Dark Oak Log  pour 160.00β sur survie_new
[22:16:44] [ITEM_LISTED]: Wenos_XIII vend 64 x Stripped Dark Oak Log  pour 250.00β sur survie_new
[22:42:58] [ITEM_LISTED]: Wenos_XIII vend 64 x Blaze Rod  pour 210.00β sur survie_new
[22:43:08] [ITEM_LISTED]: Wenos_XIII vend 64 x Sand  pour 200.00β sur survie_new
[22:46:20] [ITEM_SOLD]: CroixVeBaton vendu 64 x Dark Oak Log à  louloured03 pour 160.00 β le survie_new
[23:25:36] [ITEM_LISTED]: Wenos_XIII vend 64 x Bon sapin sa mère  pour 200.00β sur survie_new
[23:59:27] [ITEM_LISTED]: Wenos_XIII vend 64 x Bamboo  pour 160.00β sur survie_new
[23:59:54] [ITEM_LISTED]: Wenos_XIII vend 64 x Bamboo  pour 160.00β sur survie_new
