[00:22:24] [ITEM_SOLD]: Amaxet sold 64x Coal Block to Hydrenoir for $250.00 on survie_new
[00:33:11] [ITEM_LISTED]: Kaam98 listed 1x Diamond Pickaxe [Unbreaking III] for $400.00 on survie_new
[00:33:15] [ITEM_LISTED]: Kaam98 listed 1x Diamond Pickaxe [Unbreaking III] for $400.00 on survie_new
[00:33:23] [ITEM_LISTED]: Kaam98 listed 1x Diamond Pickaxe [Efficiency IV] for $666.00 on survie_new
[00:33:46] [ITEM_LISTED]: Kaam98 listed 1x Diamond Boots [Depth Strider III] for $444.00 on survie_new
[00:34:03] [ITEM_LISTED]: Kaam98 listed 1x Diamond Boots [Feather Falling III, Projectile Protection IV] for $500.00 on survie_new
[00:34:06] [ITEM_LISTED]: Kaam98 listed 1x Diamond Boots [Blast Protection IV, Feather Falling IV] for $500.00 on survie_new
[00:34:14] [ITEM_LISTED]: Kaam98 listed 1x Diamond Boots [Depth Strider III, Protection III, Unbreaking III] for $700.00 on survie_new
[00:34:19] [ITEM_LISTED]: Kaam98 listed 1x Diamond Boots [Protection IV, Unbreaking III] for $800.00 on survie_new
[00:34:34] [ITEM_LISTED]: Kaam98 listed 1x Diamond Helmet [Unbreaking III] for $500.00 on survie_new
[00:34:36] [ITEM_LISTED]: Kaam98 listed 1x Diamond Helmet [Aqua Affinity] for $500.00 on survie_new
[00:34:43] [ITEM_LISTED]: Kaam98 listed 1x Diamond Helmet [Aqua Affinity, Fire Protection III] for $600.00 on survie_new
[00:34:52] [ITEM_LISTED]: Kaam98 listed 1x Diamond Helmet [Blast Protection IV, Unbreaking III] for $666.66 on survie_new
[00:34:57] [ITEM_LISTED]: Kaam98 listed 1x Diamond Helmet [Protection III, Respiration III, Unbreaking III] for $800.00 on survie_new
[00:35:08] [ITEM_LISTED]: Kaam98 listed 1x Diamond Leggings [Fire Protection IV, Unbreaking III] for $800.00 on survie_new
[00:35:17] [ITEM_LISTED]: Kaam98 listed 1x Diamond Leggings [Protection IV, Unbreaking III] for $999.99 on survie_new
[00:36:02] [ITEM_LISTED]: Kaam98 listed 1x Diamond Chestplate [Blast Protection IV] for $500.00 on survie_new
[00:36:09] [ITEM_LISTED]: Kaam98 listed 1x Diamond Chestplate [Blast Protection IV, Unbreaking III] for $550.00 on survie_new
[00:36:14] [ITEM_LISTED]: Kaam98 listed 1x Diamond Chestplate [Fire Protection III, Unbreaking III] for $550.00 on survie_new
[00:36:20] [ITEM_LISTED]: Kaam98 listed 1x Diamond Chestplate [Protection III] for $500.00 on survie_new
[00:36:26] [ITEM_LISTED]: Kaam98 listed 1x Diamond Chestplate [Fire Protection III, Unbreaking III] for $550.00 on survie_new
[00:36:37] [ITEM_LISTED]: Kaam98 listed 1x Diamond Chestplate [Fire Protection III, Thorns II, Unbreaking III] for $800.00 on survie_new
[00:36:43] [ITEM_LISTED]: Kaam98 listed 1x Diamond Chestplate [Protection III, Thorns II, Unbreaking III] for $999.99 on survie_new
[00:36:47] [ITEM_LISTED]: Kaam98 listed 1x Diamond Chestplate [Protection III, Thorns II, Unbreaking III] for $999.99 on survie_new
[00:37:38] [ITEM_LISTED]: Kaam98 listed 1x Diamond Leggings [Protection III, Unbreaking III] for $800.00 on survie_new
[00:37:43] [ITEM_LISTED]: Kaam98 listed 1x Diamond Leggings [Protection IV, Unbreaking III] for $999.99 on survie_new
[00:37:46] [ITEM_LISTED]: Kaam98 listed 1x Diamond Leggings [Protection IV, Unbreaking III] for $999.99 on survie_new
[10:10:42] [ITEM_SOLD]: Kaam98 sold 1x Diamond Boots to  [Depth Strider III, Protection III, Unbreaking III]D4rk_Wolf_07 for $700.00 on survie_new
[10:10:53] [ITEM_SOLD]: Kaam98 sold 1x Diamond Helmet to  [Protection III, Respiration III, Unbreaking III]D4rk_Wolf_07 for $800.00 on survie_new
[10:11:00] [ITEM_SOLD]: Kaam98 sold 1x Diamond Helmet to  [Aqua Affinity]D4rk_Wolf_07 for $500.00 on survie_new
[10:11:28] [ITEM_SOLD]: Kaam98 sold 1x Diamond Leggings to  [Protection IV, Unbreaking III]D4rk_Wolf_07 for $999.99 on survie_new
[11:04:38] [ITEM_SOLD]: The_Wiz_D sold 1x Diamond Pickaxe to  [Fortune II]_Wiizy_ for $500.00 on survie_new
[11:04:41] [ITEM_SOLD]: The_Wiz_D sold 1x Diamond Sword to  [Unbreaking III]_Wiizy_ for $500.00 on survie_new
[11:04:42] [ITEM_SOLD]: The_Wiz_D sold 1x Diamond Sword to  [Sharpness III]_Wiizy_ for $500.00 on survie_new
[11:06:38] [ITEM_SOLD]: laennolife sold 1x Saddle to _Wiizy_ for $100.00 on spawn
[11:07:27] [ITEM_SOLD]: The_Wiz_D sold 1x Diamond Pickaxe to  [Efficiency III, Unbreaking III]_Wiizy_ for $650.00 on survie_new
[11:07:35] [ITEM_SOLD]: The_Wiz_D sold 1x Diamond Pickaxe to  [Efficiency IV, Fortune II, Unbreaking III]BeeZyLeCaca for $2,000.00 on survie_new
[11:07:47] [ITEM_SOLD]: Kaam98 sold 1x Diamond Boots to  [Blast Protection IV, Feather Falling IV]_Wiizy_ for $500.00 on survie_new
[11:07:53] [ITEM_SOLD]: Kaam98 sold 1x Diamond Helmet to  [Aqua Affinity, Fire Protection III]_Wiizy_ for $600.00 on survie_new
[11:07:56] [ITEM_SOLD]: Kaam98 sold 1x Diamond Helmet to  [Blast Protection IV, Unbreaking III]_Wiizy_ for $666.66 on survie_new
[11:08:04] [ITEM_SOLD]: Kaam98 sold 1x Diamond Boots to  [Protection IV, Unbreaking III]_Wiizy_ for $800.00 on survie_new
[11:09:11] [ITEM_SOLD]: Kaam98 sold 1x Diamond Leggings to  [Protection IV, Unbreaking III]Twibe for $999.99 on survie_new
[11:09:34] [ITEM_SOLD]: Kaam98 sold 1x Diamond Pickaxe to  [Efficiency IV]Twibe for $666.00 on survie_new
[11:10:30] [ITEM_SOLD]: Haru_M sold 1x Iron Sword to  [Knockback II, Sharpness V]Twibe for $200.00 on survie_new
[11:10:41] [ITEM_SOLD]: mayte_ sold 1x Diamond Chestplate to _Wiizy_ for $150.00 on survie_new
[11:11:00] [ITEM_SOLD]: Kaam98 sold 1x Diamond Helmet to  [Unbreaking III]_Wiizy_ for $500.00 on survie_new
[11:11:03] [ITEM_SOLD]: Kaam98 sold 1x Diamond Boots to  [Feather Falling III, Projectile Protection IV]_Wiizy_ for $500.00 on survie_new
[11:11:08] [ITEM_SOLD]: Kaam98 sold 1x Diamond Chestplate to  [Protection III, Thorns II, Unbreaking III]Twibe for $999.99 on survie_new
[11:12:45] [ITEM_SOLD]: Kaam98 sold 1x Diamond Sword to  [Knockback II]Twibe for $100.00 on survie_new
[11:12:52] [ITEM_SOLD]: Kaam98 sold 1x Diamond Leggings to  [Protection IV, Unbreaking III]_Wiizy_ for $999.99 on survie_new
[11:13:02] [ITEM_SOLD]: Kaam98 sold 1x Diamond Chestplate to  [Protection III, Thorns II, Unbreaking III]_Wiizy_ for $999.99 on survie_new
[11:23:24] [ITEM_SOLD]: Amaxet sold 1x Diamond Chestplate to _Wiizy_ for $50.00 on survie_new
[11:23:26] [ITEM_SOLD]: Amaxet sold 1x Diamond Chestplate to _Wiizy_ for $50.00 on survie_new
[11:23:27] [ITEM_SOLD]: Amaxet sold 1x Diamond Chestplate to _Wiizy_ for $50.00 on survie_new
[11:23:58] [ITEM_SOLD]: Draiikow sold 1x Carrot On A Stick to _Wiizy_ for $15.00 on survie_new
[11:24:01] [ITEM_SOLD]: blocux sold 2x Slime Ball to _Wiizy_ for $70.00 on spawn
[11:24:15] [ITEM_SOLD]: The_Wiz_D sold 1x Saddle to _Wiizy_ for $100.00 on Ressource
[11:24:24] [ITEM_SOLD]: GuiGuiPlay sold 1x Ghast Tear to _Wiizy_ for $200.00 on spawn
[11:24:55] [ITEM_SOLD]: blocux sold 1x Iron Horse Armor to _Wiizy_ for $100.00 on survie_new
[12:13:38] [ITEM_SOLD]: Kaam98 sold 1x Diamond Boots to  [Depth Strider III]ChatFemale for $444.00 on survie_new
[12:13:46] [ITEM_SOLD]: Kaam98 sold 1x Diamond Pickaxe to  [Unbreaking III]ChatFemale for $400.00 on survie_new
[12:21:35] [ITEM_CANCELLED]: GuiGuiPlay cancelled an auction for 7x Experience Bottle for $300.00 on survie_new
[12:21:51] [ITEM_RETURNED]: Returned 7x Experience Bottle to GuiGuiPlay on survie_new
[12:26:12] [ITEM_SOLD]: Pseudal__ sold 8x Nautilus Shell to D4rk_Wolf_07 for $1,000.00 on survie_new
[12:29:32] [ITEM_SOLD]: NewKiller31 sold 3x End Crystal to thariaka for $1,000.00 on survie_new
[12:58:33] [ITEM_LISTED]: GuiGuiPlay listed 7x Experience Bottle for $200.00 on Ressource
[13:06:57] [ITEM_SOLD]: MatyoCraft sold 1x Diamond Chestplate to  [Protection I]D4rk_Wolf_07 for $100.00 on spawn
[13:07:01] [ITEM_SOLD]: Kaam98 sold 1x Diamond Leggings to  [Protection III, Unbreaking III]D4rk_Wolf_07 for $800.00 on survie_new
[13:07:20] [ITEM_SOLD]: thariaka sold 1x Iron Boots to  [Protection IV, Unbreaking III]D4rk_Wolf_07 for $500.00 on survie_new
[13:17:55] [ITEM_SOLD]: ExE_MethyloR sold 1x Iron Chestplate to  [Protection IV, Unbreaking III]StarWarsMP11 for $200.00 on End
[13:18:17] [ITEM_SOLD]: CapitaineNiamor sold 1x Iron Leggings to  [Blast Protection IV, Unbreaking III, Curse of Vanishing]StarWarsMP11 for $500.00 on survie_new
[13:19:47] [ITEM_SOLD]: MatyoCraft sold 1x Diamond Chestplate to  [Protection I]StarWarsMP11 for $100.00 on spawn
[13:30:19] [ITEM_SOLD]: The_Wiz_D sold 1x Diamond Pickaxe to  [Unbreaking III]StarWarsMP11 for $500.00 on survie_new
[13:59:03] [ITEM_SOLD]: thariaka sold 16x Leather to LDM26 for $300.00 on survie_new
[14:04:41] [ITEM_RETURNED]: Returned 3x Tnt to Kaio_Beninou on survie_new
[14:04:41] [ITEM_RETURNED]: Returned 1x Ender Chest to Kaio_Beninou on survie_new
[14:05:05] [ITEM_CANCELLED]: Kaio_Beninou cancelled an auction for 1x Heart Of The Sea for $20,000.00 on survie_new
[14:05:09] [ITEM_RETURNED]: Returned 1x Heart Of The Sea to Kaio_Beninou on survie_new
[14:47:55] [ITEM_LISTED]: D4rk_Wolf_07 listed 1x Iron Axe [Efficiency I, Unbreaking I] for $50.00 on survie_new
[14:47:59] [ITEM_LISTED]: D4rk_Wolf_07 listed 1x Iron Pickaxe [Efficiency I, Unbreaking I] for $50.00 on survie_new
[14:48:06] [ITEM_LISTED]: D4rk_Wolf_07 listed 1x Iron Sword [Sharpness I, Unbreaking I] for $50.00 on survie_new
[17:10:17] [ITEM_LISTED]: H_Caw listed 1x Enchanted Book for $2,000.00 on survie_new
[17:10:19] [ITEM_LISTED]: H_Caw listed 1x Enchanted Book for $2,000.00 on survie_new
[17:10:21] [ITEM_LISTED]: H_Caw listed 1x Enchanted Book for $2,000.00 on survie_new
[17:16:49] [ITEM_SOLD]: The_Wiz_D sold 1x [Blaze Spawner] to vincent234 for $5,000.00 on survie_new
[17:18:38] [ITEM_SOLD]: mayte_ sold 1x Elytra to vincent234 for $7,000.00 on survie_new
[17:18:43] [ITEM_SOLD]: H_Caw sold 1x Enchanted Book to vincent234 for $2,000.00 on survie_new
[17:18:46] [ITEM_SOLD]: H_Caw sold 1x Enchanted Book to vincent234 for $2,000.00 on survie_new
[17:39:42] [ITEM_LISTED]: omega2028 listed 1x Suspicious Stew for $500.00 on Ressource
[17:41:15] [ITEM_SOLD]: thariaka sold 16x Cooked Beef to Samourai for $100.00 on Ressource
[17:41:25] [ITEM_SOLD]: CapitaineNiamor sold 1x Iron Chestplate to  [Protection IV, Unbreaking III]Samourai for $500.00 on survie_new
[17:41:36] [ITEM_SOLD]: Haru_M sold 1x Iron Sword to  [Mending]Samourai for $100.00 on survie_new
[17:41:53] [ITEM_SOLD]: Kaam98 sold 1x Diamond Pickaxe to  [Unbreaking III]Samourai for $400.00 on survie_new
[18:05:12] [ITEM_SOLD]: mayte_ sold 1x Diamond Chestplate to corentinh612 for $150.00 on survie_new
[18:21:30] [ITEM_SOLD]: The_Wiz_D sold 1x [Zombie Spawner] to omega2028 for $5,000.00 on survie_new
[18:44:06] [ITEM_SOLD]: thariaka sold 16x Cooked Beef to DarkAlex2K5 for $100.00 on Ressource
[18:44:31] [ITEM_SOLD]: Piltrax sold 1x Diamond Chestplate to  [Unbreaking I]DarkAlex2K5 for $100.00 on spawn
[18:44:34] [ITEM_SOLD]: Piltrax sold 1x Diamond Chestplate to  [Projectile Protection II, Unbreaking I]DarkAlex2K5 for $100.00 on spawn
[18:45:19] [ITEM_SOLD]: Kaam98 sold 1x Diamond Chestplate to  [Fire Protection III, Thorns II, Unbreaking III]DarkAlex2K5 for $800.00 on survie_new
[18:46:48] [ITEM_SOLD]: The_Wiz_D sold 1x Iron Pickaxe to  [Efficiency I, Unbreaking I]achtroubidoul for $100.00 on survie_new
[18:47:15] [ITEM_SOLD]: Kaam98 sold 1x Diamond Leggings to  [Fire Protection IV, Unbreaking III]DarkAlex2K5 for $800.00 on survie_new
[18:54:36] [ITEM_SOLD]: The_Wiz_D sold 1x Diamond Pickaxe to  [Unbreaking III]DarkAlex2K5 for $500.00 on survie_new
[19:51:58] [ITEM_SOLD]: MatyoCraft sold 1x Diamond Chestplate to  [Protection I]Grenobie for $100.00 on spawn
[19:52:43] [ITEM_SOLD]: thariaka sold 1x Diamond Chestplate to  [Unbreaking III]Grenobie for $400.00 on End
[19:53:27] [ITEM_SOLD]: Kaam98 sold 1x Diamond Chestplate to  [Protection III]Grenobie for $500.00 on survie_new
[19:55:31] [ITEM_LISTED]: Grenobie listed 1x Diamond Chestplate [Protection I] for $100.00 on Ressource
[20:47:42] [ITEM_LISTED]: CapitaineNiamor listed 1x Elytra for $5,000.00 on End
[20:47:53] [ITEM_LISTED]: CapitaineNiamor listed 1x Diamond Shovel [Efficiency IV, Mending, Silk Touch, Unbreaking III] for $4,000.00 on End
[20:48:04] [ITEM_LISTED]: CapitaineNiamor listed 1x Diamond Leggings [Fire Protection III, Curse of Vanishing] for $1,000.00 on End
[20:48:15] [ITEM_LISTED]: CapitaineNiamor listed 1x Diamond Boots [Depth Strider III, Protection IV] for $2,000.00 on End
[20:48:24] [ITEM_LISTED]: CapitaineNiamor listed 1x Iron Pickaxe [Efficiency III, Mending, Unbreaking III, Curse of Vanishing] for $500.00 on End
[20:48:27] [ITEM_LISTED]: CapitaineNiamor listed 1x Iron Pickaxe [Efficiency IV, Unbreaking III] for $500.00 on End
[20:48:33] [ITEM_LISTED]: CapitaineNiamor listed 1x Iron Leggings [Fire Protection II, Unbreaking III] for $500.00 on End
[21:07:48] [ITEM_LISTED]: CapitaineNiamor listed 1x Diamond Sword [Unbreaking III] for $1,000.00 on survie_new
[21:27:13] [ITEM_SOLD]: CapitaineNiamor sold 1x Iron Shovel to  [Efficiency III, Fortune I]Mr_Yt_Fr for $100.00 on survie_new
[21:27:26] [ITEM_SOLD]: The_Wiz_D sold 1x Iron Axe to  [Efficiency I, Unbreaking I]Mr_Yt_Fr for $100.00 on survie_new
[21:27:35] [ITEM_SOLD]: D4rk_Wolf_07 sold 1x Iron Sword to  [Sharpness I, Unbreaking I]Mr_Yt_Fr for $50.00 on survie_new
[21:27:38] [ITEM_SOLD]: CapitaineNiamor sold 1x Iron Pickaxe to  [Efficiency IV, Unbreaking III]Mr_Yt_Fr for $500.00 on End
[21:29:23] [ITEM_SOLD]: omega2028 sold 1x Suspicious Stew to Mr_Yt_Fr for $500.00 on Ressource
[21:31:43] [ITEM_SOLD]: D4rk_Wolf_07 sold 1x Iron Axe to  [Efficiency I, Unbreaking I]AzodFR for $50.00 on survie_new
[21:35:03] [ITEM_SOLD]: The_Wiz_D sold 1x Iron Shovel to  [Efficiency I, Unbreaking I]Mr_Yt_Fr for $100.00 on survie_new
[21:38:16] [ITEM_LISTED]: Litrea55 listed 17x Sweet Berries for $1,000.00 on survie_new
[21:39:14] [ITEM_LISTED]: Litrea55 listed 64x String for $100.00 on survie_new
[21:39:23] [ITEM_LISTED]: Litrea55 listed 64x String for $100.00 on survie_new
[21:39:27] [ITEM_LISTED]: Litrea55 listed 64x String for $100.00 on survie_new
[21:41:54] [ITEM_SOLD]: CapitaineNiamor sold 1x Diamond Shovel to  [Efficiency IV, Mending, Silk Touch, Unbreaking III]D4rk_Wolf_07 for $4,000.00 on End
[21:48:39] [ITEM_SOLD]: H_Caw sold 1x Enchanted Book to _Wiizy_ for $2,000.00 on survie_new
[22:02:21] [ITEM_SOLD]: thariaka sold 1x Diamond Chestplate to  [Blast Protection IV, Unbreaking III]Mr_Yt_Fr for $500.00 on survie_new
[22:02:41] [ITEM_SOLD]: CapitaineNiamor sold 1x Diamond Boots to  [Depth Strider III, Protection IV]Mr_Yt_Fr for $2,000.00 on End
[22:03:00] [ITEM_SOLD]: Kaam98 sold 1x Diamond Sword to  [Bane of Arthropods IV]Mr_Yt_Fr for $200.00 on survie_new
[22:03:32] [ITEM_SOLD]: The_Wiz_D sold 1x Leather Helmet to  [Protection II]Mr_Yt_Fr for $100.00 on survie_new
[22:03:34] [ITEM_SOLD]: The_Wiz_D sold 1x Leather Leggings to  [Protection II]Mr_Yt_Fr for $100.00 on survie_new
[22:20:10] [ITEM_LISTED]: The_Wiz_D listed 1x [Cave spider Spawner] for $2,000.00 on survie_new
[22:32:14] [ITEM_SOLD]: Litrea55 sold 17x Sweet Berries to Mr_Yt_Fr for $1,000.00 on survie_new
[22:59:13] [ITEM_CANCELLED]: The_Wiz_D cancelled an auction for 1x Beacon for $100,000.00 on survie_new
[22:59:14] [ITEM_RETURNED]: Returned 1x Beacon to The_Wiz_D on survie_new
[22:59:24] [ITEM_LISTED]: The_Wiz_D listed 1x Beacon for $80,000.00 on survie_new
[23:11:13] [ITEM_LISTED]: The_Wiz_D listed 1x [Zombie Spawner] for $5,000.00 on survie_new
[23:11:15] [ITEM_LISTED]: The_Wiz_D listed 1x [Zombie Spawner] for $5,000.00 on survie_new
[23:35:57] [ITEM_SOLD]: CapitaineNiamor sold 1x Elytra to orion2000 for $5,000.00 on End
