[00:18:35] [ITEM_LISTED]: limastic listed 1x Wither Rose for $10,000.00 on End
[00:27:15] [ITEM_LISTED]: limastic listed 9x Emerald for $100.00 on End
[00:50:32] [ITEM_LISTED]: lori110301 listed 64x Coal for $2.50 on spawn
[00:50:45] [ITEM_LISTED]: lori110301 listed 64x Coal for $2.50 on spawn
[00:50:54] [ITEM_LISTED]: lori110301 listed 64x Coal for $2.50 on spawn
[00:51:03] [ITEM_LISTED]: lori110301 listed 64x Coal for $2.50 on spawn
[00:51:08] [ITEM_LISTED]: lori110301 listed 64x Coal for $2.50 on spawn
[01:46:54] [ITEM_LISTED]: Piltrax listed 64x Cooked Porkchop for $40.00 on Survie
[01:47:18] [ITEM_CANCELLED]: limastic cancelled an auction for 1x Wither Rose for $10,000.00 on End
[01:47:19] [ITEM_RETURNED]: Retour 1x Wither Rose de limastic sur End
[12:00:21] [ITEM_LISTED]: Piltrax listed 64x Cooked Porkchop for $20.00 on Ressource
[12:00:23] [ITEM_LISTED]: Piltrax listed 64x Cooked Porkchop for $20.00 on Ressource
[12:00:26] [ITEM_LISTED]: Piltrax listed 64x Cooked Porkchop for $20.00 on Ressource
[12:00:30] [ITEM_LISTED]: Piltrax listed 64x Cooked Porkchop for $20.00 on Ressource
[12:00:32] [ITEM_LISTED]: Piltrax listed 64x Cooked Porkchop for $20.00 on Ressource
[12:01:16] [ITEM_LISTED]: Piltrax listed 64x Cooked Porkchop for $20.00 on Survie
[12:01:20] [ITEM_LISTED]: Piltrax listed 32x Cooked Porkchop for $10.00 on Survie
[12:44:26] [ITEM_LISTED]: Piltrax listed 64x Cooked Porkchop for $20.00 on Survie
[12:44:29] [ITEM_LISTED]: Piltrax listed 64x Cooked Porkchop for $20.00 on Survie
[12:44:32] [ITEM_LISTED]: Piltrax listed 64x Cooked Porkchop for $20.00 on Survie
[12:44:35] [ITEM_LISTED]: Piltrax listed 64x Cooked Porkchop for $20.00 on Survie
[12:44:39] [ITEM_LISTED]: Piltrax listed 64x Cooked Porkchop for $200.00 on Survie
[12:44:43] [ITEM_LISTED]: Piltrax listed 64x Cooked Porkchop for $20.00 on Survie
[12:44:45] [ITEM_LISTED]: Piltrax listed 64x Cooked Porkchop for $20.00 on Survie
[12:44:48] [ITEM_LISTED]: Piltrax listed 64x Cooked Porkchop for $20.00 on Survie
[12:44:51] [ITEM_LISTED]: Piltrax listed 60x Cooked Porkchop for $20.00 on Survie
[12:45:51] [ITEM_LISTED]: Piltrax listed 64x Cooked Porkchop for $20.00 on Survie
[12:46:16] [ITEM_RETURNED]: Retour 1x Nether Star de Piltrax sur world
[12:46:17] [ITEM_RETURNED]: Retour 16x Dragon Breath de Piltrax sur Survie
[12:46:17] [ITEM_RETURNED]: Retour 16x Dragon Breath de Piltrax sur Survie
[12:46:18] [ITEM_RETURNED]: Retour 16x Dragon Breath de Piltrax sur Survie
[12:46:18] [ITEM_RETURNED]: Retour 16x Dragon Breath de Piltrax sur Survie
[12:46:18] [ITEM_RETURNED]: Retour 1x Nether Star de Piltrax sur Survie
[13:22:25] [ITEM_LISTED]: Piltrax listed 64x Cooked Porkchop for $20.00 on Survie
[13:22:28] [ITEM_LISTED]: Piltrax listed 64x Cooked Porkchop for $20.00 on Survie
[13:22:31] [ITEM_LISTED]: Piltrax listed 64x Cooked Porkchop for $20.00 on Survie
[13:22:34] [ITEM_LISTED]: Piltrax listed 64x Cooked Porkchop for $20.00 on Survie
[14:06:11] [ITEM_SOLD]: Piltrax vend 64x Cooked Porkchop sur Aquasi pour $20.00 sur Survie
[14:56:09] [ITEM_SOLD]: lori110301 vend 64x Coal sur Aquasi pour $2.50 sur spawn
[14:56:42] [ITEM_SOLD]: lori110301 vend 64x Coal sur Aquasi pour $2.50 sur spawn
[15:42:44] [ITEM_CANCELLED]: Kaam98 cancelled an auction for 1x Golden Sword for $20.00 on world
[15:42:48] [ITEM_CANCELLED]: Kaam98 cancelled an auction for 1x Diamond Pickaxe [Efficiency V, Fortune III, Mending, Unbreaking III] for $15,000.00 on Survie
[15:42:52] [ITEM_CANCELLED]: Kaam98 cancelled an auction for 1x [Cave spider Spawner] for $4,000.00 on world
[15:42:52] [ITEM_CANCELLED]: Kaam98 cancelled an auction for 1x [Cave spider Spawner] for $4,000.00 on world
[15:43:00] [ITEM_RETURNED]: Retour 1x Diamond Pickaxe [Efficiency V, Fortune III, Mending, Unbreaking III] de Kaam98 sur Survie
[15:43:00] [ITEM_RETURNED]: Retour 1x Golden Sword de Kaam98 sur world
[15:43:01] [ITEM_RETURNED]: Retour 64x Potato de Kaam98 sur world
[15:43:01] [ITEM_RETURNED]: Retour 64x Cooked Porkchop de Kaam98 sur world
[15:43:02] [ITEM_RETURNED]: Retour 64x Cooked Porkchop de Kaam98 sur world
[15:43:02] [ITEM_RETURNED]: Retour 64x Baked Potato de Kaam98 sur world
[15:43:02] [ITEM_RETURNED]: Retour 64x Grass Block de Kaam98 sur world
[15:43:03] [ITEM_RETURNED]: Retour 64x Grass Block de Kaam98 sur world
[15:43:05] [ITEM_RETURNED]: Retour 64x Grass Block de Kaam98 sur world
[15:43:05] [ITEM_RETURNED]: Retour 64x Grass Block de Kaam98 sur world
[15:43:05] [ITEM_RETURNED]: Retour 64x Grass Block de Kaam98 sur world
[15:43:05] [ITEM_RETURNED]: Retour 1x [Cave spider Spawner] de Kaam98 sur world
[15:43:05] [ITEM_RETURNED]: Retour 1x [Cave spider Spawner] de Kaam98 sur world
[15:43:05] [ITEM_CANCELLED]: Kaam98 cancelled an auction for 64x Dirt for $80.00 on world
[15:47:07] [ITEM_LISTED]: Kaam98 listed 1x Diamond Pickaxe [Efficiency V, Fortune III, Mending, Unbreaking III] for $9,000.00 on Survie
[16:06:38] [ITEM_LISTED]: lori110301 listed 64x Sand for $2,000.00 on spawn
[16:07:07] [ITEM_LISTED]: lori110301 listed 64x Sand for $2,000.00 on spawn
[16:07:10] [ITEM_LISTED]: lori110301 listed 64x Sand for $2,000.00 on spawn
[16:07:14] [ITEM_LISTED]: lori110301 listed 64x Sand for $2,000.00 on spawn
[16:07:27] [ITEM_LISTED]: lori110301 listed 64x Sand for $2,000.00 on spawn
[16:07:31] [ITEM_LISTED]: lori110301 listed 63x Sand for $2,000.00 on spawn
[16:07:34] [ITEM_LISTED]: lori110301 listed 64x Sand for $2,000.00 on spawn
[16:07:39] [ITEM_LISTED]: lori110301 listed 64x Sand for $2,000.00 on spawn
[17:07:44] [ITEM_LISTED]: Piltrax listed 64x Cooked Porkchop for $20.00 on Survie
[17:07:45] [ITEM_LISTED]: Piltrax listed 64x Cooked Porkchop for $20.00 on Survie
[17:07:47] [ITEM_LISTED]: Piltrax listed 64x Cooked Porkchop for $20.00 on Survie
[17:07:49] [ITEM_LISTED]: Piltrax listed 64x Cooked Porkchop for $20.00 on Survie
[17:07:53] [ITEM_LISTED]: Piltrax listed 64x Cooked Porkchop for $20.00 on Survie
[17:07:55] [ITEM_LISTED]: Piltrax listed 64x Cooked Porkchop for $20.00 on Survie
[17:07:57] [ITEM_LISTED]: Piltrax listed 64x Cooked Porkchop for $20.00 on Survie
[17:08:00] [ITEM_LISTED]: Piltrax listed 64x Cooked Porkchop for $20.00 on Survie
[17:08:07] [ITEM_LISTED]: Piltrax listed 64x Cooked Porkchop for $20.00 on Survie
[18:58:51] [ITEM_LISTED]: H_Caw listed 1x [Cave spider Spawner] for $4,500.00 on Survie
[18:59:00] [ITEM_LISTED]: H_Caw listed 1x [Zombie Spawner] for $8,000.00 on Survie
[18:59:10] [ITEM_LISTED]: H_Caw listed 1x Enchanted Book for $400.00 on Survie
[18:59:24] [ITEM_LISTED]: H_Caw listed 1x Music Disc Cat for $400.00 on Survie
[19:09:22] [ITEM_CANCELLED]: Piltrax cancelled an auction for 64x Cooked Porkchop for $20.00 on Survie
[19:09:22] [ITEM_CANCELLED]: Piltrax cancelled an auction for 64x Cooked Porkchop for $20.00 on Survie
[19:09:22] [ITEM_CANCELLED]: Piltrax cancelled an auction for 64x Cooked Porkchop for $20.00 on Survie
[19:09:23] [ITEM_CANCELLED]: Piltrax cancelled an auction for 64x Cooked Porkchop for $20.00 on Survie
[19:09:23] [ITEM_CANCELLED]: Piltrax cancelled an auction for 64x Cooked Porkchop for $200.00 on Survie
[19:09:23] [ITEM_CANCELLED]: Piltrax cancelled an auction for 64x Cooked Porkchop for $20.00 on Survie
[19:09:23] [ITEM_CANCELLED]: Piltrax cancelled an auction for 60x Cooked Porkchop for $20.00 on Survie
[19:09:24] [ITEM_CANCELLED]: Piltrax cancelled an auction for 64x Cooked Porkchop for $20.00 on Survie
[19:09:24] [ITEM_CANCELLED]: Piltrax cancelled an auction for 64x Cooked Porkchop for $20.00 on Survie
[19:09:24] [ITEM_CANCELLED]: Piltrax cancelled an auction for 64x Cooked Porkchop for $20.00 on Survie
[19:09:25] [ITEM_CANCELLED]: Piltrax cancelled an auction for 64x Cooked Porkchop for $20.00 on Survie
[19:09:26] [ITEM_CANCELLED]: Piltrax cancelled an auction for 64x Cooked Porkchop for $20.00 on Survie
[19:09:26] [ITEM_CANCELLED]: Piltrax cancelled an auction for 64x Cooked Porkchop for $20.00 on Survie
[19:09:26] [ITEM_CANCELLED]: Piltrax cancelled an auction for 64x Cooked Porkchop for $20.00 on Survie
[19:11:04] [ITEM_LISTED]: Toryar listed 1x Diamond Shovel [Efficiency I] for $40,000.00 on event
[19:42:59] [ITEM_LISTED]: H_Caw listed 16x Diamond for $1,700.00 on Survie
[19:43:12] [ITEM_LISTED]: H_Caw listed 16x Diamond for $1,700.00 on Survie
[19:43:15] [ITEM_LISTED]: H_Caw listed 16x Diamond for $1,700.00 on Survie
[19:43:18] [ITEM_LISTED]: H_Caw listed 16x Diamond for $1,700.00 on Survie
[19:43:40] [ITEM_CANCELLED]: H_Caw cancelled an auction for 64x Oak Log for $340.00 on Survie
[19:43:41] [ITEM_CANCELLED]: H_Caw cancelled an auction for 64x Oak Log for $340.00 on Survie
[19:43:42] [ITEM_CANCELLED]: H_Caw cancelled an auction for 64x Oak Log for $340.00 on Survie
[19:43:43] [ITEM_CANCELLED]: H_Caw cancelled an auction for 1x Saddle for $320.00 on Survie
[19:43:44] [ITEM_CANCELLED]: H_Caw cancelled an auction for 64x Oak Log for $340.00 on Survie
[19:43:48] [ITEM_CANCELLED]: H_Caw cancelled an auction for 8x String for $160.00 on Survie
[19:43:48] [ITEM_CANCELLED]: H_Caw cancelled an auction for 8x String for $160.00 on Survie
[19:44:12] [ITEM_LISTED]: H_Caw listed 16x Diamond for $1,700.00 on spawn
[19:44:16] [ITEM_LISTED]: H_Caw listed 16x Diamond for $1,700.00 on spawn
[19:53:26] [ITEM_SOLD]: Toryar vend 1x Diamond Shovel sur  [Efficiency I]Kaam98 pour $40,000.00 sur event
[22:54:56] [ITEM_SOLD]: Piltrax vend 64x Cooked Porkchop sur Reicky pour $40.00 sur Survie
[22:55:43] [ITEM_SOLD]: Piltrax vend 1x Diamond Pickaxe sur  [Unbreaking III]Reicky pour $500.00 sur Survie
[22:55:51] [ITEM_SOLD]: Piltrax vend 64x Cooked Porkchop sur Reicky pour $20.00 sur Ressource
[22:55:52] [ITEM_SOLD]: Piltrax vend 64x Cooked Porkchop sur Reicky pour $20.00 sur Ressource
[22:58:43] [ITEM_SOLD]: H_Caw vend 1x Saddle sur Reicky pour $320.00 sur Survie
