[00:16:26] [ITEM_LISTED]: RazerJojo listed 1x Diamond Sword [Looting III] for $2,999.00 on survie_new
[00:16:56] [ITEM_CANCELLED]: RazerJojo cancelled an auction for 1x Diamond Pickaxe [Efficiency V] for $2,000.00 on survie_new
[00:18:40] [ITEM_CANCELLED]: RazerJojo cancelled an auction for 1x Diamond Shovel [Efficiency IV, Silk Touch, Unbreaking III] for $2,499.00 on survie_new
[00:18:42] [ITEM_RETURNED]: Returned 1x Diamond Shovel [Efficiency IV, Silk Touch, Unbreaking III] to RazerJojo on survie_new
[00:18:43] [ITEM_RETURNED]: Returned 1x Diamond Pickaxe [Efficiency V] to RazerJojo on survie_new
[00:19:39] [ITEM_LISTED]: XeltaFr listed 1x bon toutou for $5,000.00 on spawn
[00:20:41] [ITEM_LISTED]: RazerJojo listed 1x Diamond Shovel [Efficiency IV, Silk Touch, Unbreaking III] for $2,500.00 on survie_new
[00:22:17] [ITEM_LISTED]: RazerJojo listed 1x Diamond Pickaxe [Efficiency IV, Unbreaking III] for $999.00 on survie_new
[00:24:55] [ITEM_LISTED]: RazerJojo listed 1x Enchanted Book for $1,999.00 on survie_new
[00:40:39] [ITEM_LISTED]: GuiGuiPlay listed 1x Stone Sword [Mending, Sharpness VI, Unbreaking III] for $5,500.00 on survie_new
[00:50:42] [ITEM_LISTED]: RazerJojo listed 1x Diamond Sword [Looting III] for $1,999.00 on survie_new
[00:50:45] [ITEM_LISTED]: RazerJojo listed 1x Diamond Sword [Looting III] for $1,999.00 on survie_new
[00:51:07] [ITEM_CANCELLED]: RazerJojo cancelled an auction for 1x Diamond Sword [Looting III] for $2,999.00 on survie_new
[00:51:08] [ITEM_RETURNED]: Returned 1x Diamond Sword [Looting III] to RazerJojo on survie_new
[00:51:14] [ITEM_LISTED]: RazerJojo listed 1x Diamond Sword [Looting III] for $1,999.00 on survie_new
[00:53:31] [ITEM_CANCELLED]: REGDYLAN cancelled an auction for 1x Fishing Rod [Unbreaking III] for $100.00 on survie_new
[00:53:31] [ITEM_CANCELLED]: REGDYLAN cancelled an auction for 1x Fishing Rod [Unbreaking I] for $50.00 on survie_new
[00:53:37] [ITEM_CANCELLED]: REGDYLAN cancelled an auction for 1x Elytra [Mending, Unbreaking III] for $7,500.00 on survie_new
[00:53:37] [ITEM_CANCELLED]: REGDYLAN cancelled an auction for 1x Elytra for $4,000.00 on survie_new
[00:53:38] [ITEM_CANCELLED]: REGDYLAN cancelled an auction for 1x Elytra for $4,000.00 on survie_new
[00:53:38] [ITEM_CANCELLED]: REGDYLAN cancelled an auction for 1x Elytra [Mending] for $6,500.00 on survie_new
[00:53:39] [ITEM_CANCELLED]: REGDYLAN cancelled an auction for 1x Elytra [Mending] for $6,500.00 on survie_new
[00:53:41] [ITEM_RETURNED]: Returned 1x Fishing Rod [Unbreaking I] to REGDYLAN on survie_new
[00:53:42] [ITEM_RETURNED]: Returned 1x Elytra [Mending, Unbreaking III] to REGDYLAN on survie_new
[00:53:42] [ITEM_RETURNED]: Returned 1x Fishing Rod [Unbreaking III] to REGDYLAN on survie_new
[00:53:43] [ITEM_RETURNED]: Returned 1x Elytra to REGDYLAN on survie_new
[00:53:43] [ITEM_RETURNED]: Returned 1x Elytra to REGDYLAN on survie_new
[00:53:44] [ITEM_RETURNED]: Returned 1x Elytra [Mending] to REGDYLAN on survie_new
[00:53:44] [ITEM_RETURNED]: Returned 1x Elytra [Mending] to REGDYLAN on survie_new
[00:54:07] [ITEM_LISTED]: REGDYLAN listed 1x Elytra for $3,500.00 on survie_new
[00:54:09] [ITEM_LISTED]: REGDYLAN listed 1x Elytra for $3,500.00 on survie_new
[00:54:20] [ITEM_LISTED]: REGDYLAN listed 1x Elytra [Mending] for $4,500.00 on survie_new
[00:54:22] [ITEM_LISTED]: REGDYLAN listed 1x Elytra [Mending] for $4,500.00 on survie_new
[00:54:31] [ITEM_LISTED]: REGDYLAN listed 1x Elytra [Mending, Unbreaking III] for $5,500.00 on survie_new
[01:04:29] [ITEM_SOLD]: CapitaineNiamor sold 1x Diamond Horse Armor to GrosBoze for $200.00 on survie_new
[01:04:48] [ITEM_LISTED]: RazerJojo listed 1x Diamond Pickaxe [Efficiency III, Silk Touch, Unbreaking III] for $1,500.00 on survie_new
[01:05:10] [ITEM_LISTED]: RazerJojo listed 1x Diamond Sword [Looting III, Smite IV] for $1,999.00 on survie_new
[01:05:42] [ITEM_CANCELLED]: RazerJojo cancelled an auction for 1x Diamond Pickaxe [Efficiency III, Silk Touch, Unbreaking III] for $1,500.00 on survie_new
[01:05:44] [ITEM_RETURNED]: Returned 1x Diamond Pickaxe [Efficiency III, Silk Touch, Unbreaking III] to RazerJojo on survie_new
[01:07:58] [ITEM_LISTED]: RazerJojo listed 1x Enchanted Book for $1,999.00 on survie_new
[01:10:16] [ITEM_CANCELLED]: RazerJojo cancelled an auction for 1x Enchanted Book for $1,999.00 on survie_new
[01:10:45] [ITEM_RETURNED]: Returned 1x Enchanted Book to RazerJojo on survie_new
[01:10:59] [ITEM_LISTED]: RazerJojo listed 1x Enchanted Book for $1,999.00 on survie_new
[01:11:26] [ITEM_LISTED]: RazerJojo listed 1x Diamond Pickaxe [Efficiency III, Silk Touch, Unbreaking III] for $1,999.00 on survie_new
[01:28:42] [ITEM_LISTED]: REGDYLAN listed 1x Enchanting Table for $150.00 on survie_new
[01:28:45] [ITEM_LISTED]: REGDYLAN listed 1x Enchanting Table for $150.00 on survie_new
[01:28:47] [ITEM_LISTED]: REGDYLAN listed 1x Enchanting Table for $150.00 on survie_new
[01:28:53] [ITEM_LISTED]: REGDYLAN listed 1x Enchanting Table for $150.00 on survie_new
[01:28:55] [ITEM_LISTED]: REGDYLAN listed 1x Enchanting Table for $150.00 on survie_new
[01:28:56] [ITEM_LISTED]: REGDYLAN listed 1x Enchanting Table for $150.00 on survie_new
[01:29:55] [ITEM_LISTED]: REGDYLAN listed 26x Enchanting Table for $3,500.00 on survie_new
[01:30:09] [ITEM_LISTED]: REGDYLAN listed 32x Enchanting Table for $4,500.00 on survie_new
[08:20:50] [ITEM_SOLD]: REGDYLAN sold 1x Enchanting Table to Oniah for $150.00 on survie_new
[08:51:50] [ITEM_LISTED]: _Wiizy_ listed 64x Blaze Rod for $2,500.00 on survie_new
[08:51:52] [ITEM_LISTED]: _Wiizy_ listed 64x Blaze Rod for $2,500.00 on survie_new
[08:51:54] [ITEM_LISTED]: _Wiizy_ listed 64x Blaze Rod for $2,500.00 on survie_new
[08:51:58] [ITEM_LISTED]: _Wiizy_ listed 64x Blaze Rod for $2,500.00 on survie_new
[08:52:03] [ITEM_LISTED]: _Wiizy_ listed 40x Blaze Rod for $1,500.00 on survie_new
[09:04:31] [ITEM_SOLD]: Haru_M sold 1x Enchanted Book to Oniah for $2,500.00 on survie_new
[09:28:39] [ITEM_SOLD]: Kaam98 sold 1x Enchanted Book to _Wiizy_ for $700.00 on survie_new
[10:57:47] [ITEM_LISTED]: Jarreshan listed 1x Trident [Impaling IV, Loyalty III, Mending, Unbreaking III] for $30,000.00 on survie_new
[11:14:11] [ITEM_LISTED]: Haru_M listed 1x Enchanted Book for $2,800.00 on survie_new
[11:14:13] [ITEM_LISTED]: Haru_M listed 1x Enchanted Book for $2,800.00 on survie_new
[11:14:14] [ITEM_LISTED]: Haru_M listed 1x Enchanted Book for $2,800.00 on survie_new
[11:14:16] [ITEM_LISTED]: Haru_M listed 1x Enchanted Book for $2,800.00 on survie_new
[11:14:17] [ITEM_LISTED]: Haru_M listed 1x Enchanted Book for $2,800.00 on survie_new
[11:14:25] [ITEM_LISTED]: Haru_M listed 1x Enchanted Book for $2,800.00 on survie_new
[11:14:26] [ITEM_LISTED]: Haru_M listed 1x Enchanted Book for $2,800.00 on survie_new
[11:14:28] [ITEM_LISTED]: Haru_M listed 1x Enchanted Book for $2,800.00 on survie_new
[11:14:30] [ITEM_LISTED]: Haru_M listed 1x Enchanted Book for $2,800.00 on survie_new
[11:14:31] [ITEM_LISTED]: Haru_M listed 1x Enchanted Book for $2,800.00 on survie_new
[11:14:36] [ITEM_LISTED]: Haru_M listed 1x Enchanted Book for $2,800.00 on survie_new
[11:14:38] [ITEM_LISTED]: Haru_M listed 1x Enchanted Book for $2,800.00 on survie_new
[11:15:19] [ITEM_CANCELLED]: Haru_M cancelled an auction for 64x Ink Sac for $500.00 on survie_new
[11:15:21] [ITEM_CANCELLED]: Haru_M cancelled an auction for 1x Enchanted Book for $2,000.00 on survie_new
[11:15:23] [ITEM_CANCELLED]: Haru_M cancelled an auction for 1x Enchanted Book for $2,000.00 on survie_new
[11:15:24] [ITEM_CANCELLED]: Haru_M cancelled an auction for 1x Enchanted Book for $2,000.00 on survie_new
[11:15:25] [ITEM_CANCELLED]: Haru_M cancelled an auction for 1x Enchanted Book for $2,000.00 on survie_new
[11:15:26] [ITEM_CANCELLED]: Haru_M cancelled an auction for 1x Enchanted Book for $2,000.00 on survie_new
[11:15:27] [ITEM_CANCELLED]: Haru_M cancelled an auction for 1x Enchanted Book for $2,000.00 on survie_new
[11:15:28] [ITEM_CANCELLED]: Haru_M cancelled an auction for 1x Enchanted Book for $2,500.00 on survie_new
[11:15:30] [ITEM_CANCELLED]: Haru_M cancelled an auction for 1x Enchanted Book for $3,000.00 on survie_new
[11:15:31] [ITEM_CANCELLED]: Haru_M cancelled an auction for 1x Enchanted Book for $3,000.00 on survie_new
[11:15:32] [ITEM_CANCELLED]: Haru_M cancelled an auction for 1x Enchanted Book for $3,000.00 on survie_new
[11:15:40] [ITEM_RETURNED]: Returned 1x Enchanted Book to Haru_M on survie_new
[11:15:41] [ITEM_RETURNED]: Returned 1x Enchanted Book to Haru_M on survie_new
[11:15:42] [ITEM_RETURNED]: Returned 1x Enchanted Book to Haru_M on survie_new
[11:15:43] [ITEM_RETURNED]: Returned 1x Enchanted Book to Haru_M on survie_new
[11:15:44] [ITEM_RETURNED]: Returned 1x Enchanted Book to Haru_M on survie_new
[11:15:45] [ITEM_RETURNED]: Returned 1x Enchanted Book to Haru_M on survie_new
[11:15:46] [ITEM_RETURNED]: Returned 1x Enchanted Book to Haru_M on survie_new
[11:15:46] [ITEM_RETURNED]: Returned 1x Enchanted Book to Haru_M on survie_new
[11:15:47] [ITEM_RETURNED]: Returned 1x Enchanted Book to Haru_M on survie_new
[11:15:48] [ITEM_RETURNED]: Returned 1x Enchanted Book to Haru_M on survie_new
[11:15:59] [ITEM_LISTED]: Haru_M listed 1x Enchanted Book for $2,800.00 on survie_new
[11:16:01] [ITEM_LISTED]: Haru_M listed 1x Enchanted Book for $2,800.00 on survie_new
[11:16:03] [ITEM_LISTED]: Haru_M listed 1x Enchanted Book for $2,800.00 on survie_new
[11:16:05] [ITEM_LISTED]: Haru_M listed 1x Enchanted Book for $2,800.00 on survie_new
[11:16:22] [ITEM_LISTED]: Haru_M listed 1x Enchanted Book for $2,000.00 on survie_new
[11:16:23] [ITEM_LISTED]: Haru_M listed 1x Enchanted Book for $2,000.00 on survie_new
[11:16:25] [ITEM_LISTED]: Haru_M listed 1x Enchanted Book for $2,000.00 on survie_new
[11:16:32] [ITEM_LISTED]: Haru_M listed 1x Enchanted Book for $2,000.00 on survie_new
[11:16:47] [ITEM_LISTED]: Haru_M listed 1x Enchanted Book for $2,000.00 on survie_new
[11:16:49] [ITEM_LISTED]: Haru_M listed 1x Enchanted Book for $2,000.00 on survie_new
[11:29:27] [ITEM_SOLD]: REGDYLAN sold 1x Enchanting Table to ErwanCht for $150.00 on survie_new
[11:31:00] [ITEM_LISTED]: pierro listed 64x Nether Wart for $500.00 on survie_new
[11:38:17] [ITEM_CANCELLED]: Jarreshan cancelled an auction for 1x Trident [Impaling IV, Loyalty III, Mending, Unbreaking III] for $30,000.00 on survie_new
[11:38:18] [ITEM_RETURNED]: Returned 1x Trident [Impaling IV, Loyalty III, Mending, Unbreaking III] to Jarreshan on survie_new
[12:40:34] [ITEM_SOLD]: Haru_M sold 1x Enchanted Book to Champini for $2,800.00 on survie_new
[12:50:05] [ITEM_SOLD]: REGDYLAN sold 1x Enchanting Table to PlayCrew for $150.00 on survie_new
[13:07:03] [ITEM_LISTED]: Haru_M listed 64x Sugar Cane for $100.00 on survie_new
[13:07:16] [ITEM_SOLD]: Haru_M sold 64x Sugar Cane to Tesla248 for $100.00 on survie_new
[13:08:22] [ITEM_SOLD]: Haru_M sold 1x Enchanted Book to Champini for $2,800.00 on survie_new
[13:24:13] [ITEM_LISTED]: Jarreshan listed 1x Enchanted Book for $2,700.00 on Ressource
[13:31:52] [ITEM_SOLD]: Haru_M sold 1x Enchanted Book to Champini for $2,800.00 on survie_new
[13:36:22] [ITEM_SOLD]: RazerJojo sold 1x Diamond Pickaxe to  [Efficiency IV, Unbreaking III]Xylophast for $999.00 on survie_new
[13:44:28] [ITEM_SOLD]: pierro sold 64x Nether Wart to castor26 for $500.00 on survie_new
[13:57:55] [ITEM_LISTED]: limastic listed 1x Diamond Chestplate [Fire Protection III] for $200.00 on survie_new
[13:57:58] [ITEM_LISTED]: limastic listed 1x Diamond Leggings [Unbreaking III, Curse of Vanishing] for $200.00 on survie_new
[14:15:06] [ITEM_LISTED]: limastic listed 1x Diamond Sword [Fire Aspect I, Knockback II, Looting I, Mending, Sharpness V, Sweeping Edge II, Curse of Vanishing] for $2,499.99 on survie_new
[14:21:38] [ITEM_CANCELLED]: mayte_ cancelled an auction for 1x Diamond Sword [Fire Aspect II, Sharpness VI, Unbreaking III] for $10,000.00 on survie_new
[14:21:40] [ITEM_RETURNED]: Returned 1x Diamond Sword [Fire Aspect II, Sharpness VI, Unbreaking III] to mayte_ on survie_new
[14:21:46] [ITEM_LISTED]: mayte_ listed 1x Diamond Sword [Fire Aspect II, Sharpness VI, Unbreaking III] for $7,000.00 on survie_new
[14:23:46] [ITEM_LISTED]: castor26 listed 64x Magma Block for $2,000.00 on survie_new
[14:23:48] [ITEM_LISTED]: castor26 listed 64x Magma Block for $2,000.00 on survie_new
[14:24:01] [ITEM_LISTED]: castor26 listed 64x Soul Sand for $1,000.00 on survie_new
[14:24:05] [ITEM_LISTED]: castor26 listed 64x Soul Sand for $1,000.00 on survie_new
[14:24:07] [ITEM_LISTED]: castor26 listed 64x Soul Sand for $1,000.00 on survie_new
[14:24:11] [ITEM_LISTED]: castor26 listed 64x Soul Sand for $1,000.00 on survie_new
[14:28:19] [ITEM_LISTED]: Jarreshan listed 1x Trident [Channeling, Impaling IV, Loyalty III, Mending, Unbreaking III] for $30,000.00 on Ressource
[14:30:02] [ITEM_RETURNED]: Returned 64x Dragon Breath to GuiGuiPlay on survie_new
[14:30:57] [ITEM_SOLD]: RazerJojo sold 1x Diamond Pickaxe to  [Efficiency III, Silk Touch, Unbreaking III]Zofren for $1,999.00 on survie_new
[14:45:50] [ITEM_CANCELLED]: mayte_ cancelled an auction for 1x Dad for $100.00 on survie_new
[14:45:51] [ITEM_RETURNED]: Returned 1x Dad to mayte_ on survie_new
[14:54:53] [ITEM_LISTED]: mayte_ listed 1x Enchanted Book for $3,000.00 on survie_new
[15:06:04] [ITEM_LISTED]: Zofren listed 4x Redstone for $1,000.00 on survie_new
[15:16:27] [ITEM_SOLD]: CapitaineNiamor sold 1x Shulker Box to Newt_hp for $1,500.00 on survie_new
[15:17:20] [ITEM_SOLD]: Haru_M sold 1x Enchanted Book to ElfeZoulou for $2,800.00 on survie_new
[15:17:22] [ITEM_SOLD]: Haru_M sold 1x Enchanted Book to ElfeZoulou for $2,800.00 on survie_new
[15:49:08] [ITEM_SOLD]: CapitaineNiamor sold 1x Golden Horse Armor to Hydrenoir for $50.00 on survie_new
[15:59:11] [ITEM_SOLD]: T_TRO_NUL sold 1x [Cave spider Spawner] to Cantyo for $1,000.00 on Ressource
[16:01:14] [ITEM_SOLD]: REGDYLAN sold 1x Elytra to  [Mending, Unbreaking III]MaloZazina for $5,500.00 on survie_new
[16:01:49] [ITEM_SOLD]: Migoux sold 1x [Cave spider Spawner] to Cantyo for $1,000.00 on survie_new
[16:08:52] [ITEM_SOLD]: EbLhH sold 49x Stone to Newt_hp for $100.00 on survie_new
[16:51:24] [ITEM_SOLD]: Haru_M sold 1x Enchanted Book to Champini for $2,800.00 on survie_new
[17:05:24] [ITEM_LISTED]: mayte_ listed 1x Ender Chest for $500.00 on spawn
[17:10:41] [ITEM_LISTED]: mayte_ listed 1x Ghast Tear for $50.00 on survie_new
[17:30:39] [ITEM_LISTED]: mayte_ listed 64x Arrow for $1.00 on survie_new
[17:30:40] [ITEM_LISTED]: mayte_ listed 64x Arrow for $1.00 on survie_new
[17:30:41] [ITEM_LISTED]: mayte_ listed 64x Arrow for $1.00 on survie_new
[17:30:47] [ITEM_LISTED]: mayte_ listed 64x Arrow for $1.00 on survie_new
[17:30:48] [ITEM_LISTED]: mayte_ listed 64x Arrow for $1.00 on survie_new
[17:30:50] [ITEM_LISTED]: mayte_ listed 64x Arrow for $1.00 on survie_new
[17:30:51] [ITEM_LISTED]: mayte_ listed 64x Arrow for $1.00 on survie_new
[17:30:55] [ITEM_LISTED]: mayte_ listed 64x Arrow for $1.00 on survie_new
[17:30:56] [ITEM_LISTED]: mayte_ listed 64x Arrow for $1.00 on survie_new
[17:30:58] [ITEM_LISTED]: mayte_ listed 64x Arrow for $1.00 on survie_new
[17:30:59] [ITEM_LISTED]: mayte_ listed 64x Arrow for $1.00 on survie_new
[17:31:04] [ITEM_LISTED]: mayte_ listed 64x Arrow for $1.00 on survie_new
[17:31:06] [ITEM_LISTED]: mayte_ listed 64x Arrow for $1.00 on survie_new
[17:31:07] [ITEM_LISTED]: mayte_ listed 64x Arrow for $1.00 on survie_new
[17:31:09] [ITEM_LISTED]: mayte_ listed 64x Arrow for $1.00 on survie_new
[17:31:11] [ITEM_LISTED]: mayte_ listed 64x Arrow for $1.00 on survie_new
[17:31:14] [ITEM_LISTED]: mayte_ listed 64x Arrow for $1.00 on survie_new
[17:38:07] [ITEM_SOLD]: Haru_M sold 1x Enchanted Book to Champini for $2,000.00 on survie_new
[17:50:17] [ITEM_SOLD]: mayte_ sold 3x Enchanted Golden Apple to Jarreshan for $2,000.00 on spawn
[17:58:09] [ITEM_SOLD]: mayte_ sold 64x Arrow to Devain57 for $1.00 on survie_new
[17:58:11] [ITEM_SOLD]: mayte_ sold 64x Arrow to Devain57 for $1.00 on survie_new
[17:58:12] [ITEM_SOLD]: mayte_ sold 64x Arrow to Devain57 for $1.00 on survie_new
[17:58:13] [ITEM_SOLD]: mayte_ sold 64x Arrow to Devain57 for $1.00 on survie_new
[17:58:14] [ITEM_SOLD]: mayte_ sold 64x Arrow to Devain57 for $1.00 on survie_new
[17:58:16] [ITEM_SOLD]: mayte_ sold 64x Arrow to Devain57 for $1.00 on survie_new
[17:58:18] [ITEM_SOLD]: mayte_ sold 64x Arrow to Devain57 for $1.00 on survie_new
[17:58:19] [ITEM_SOLD]: mayte_ sold 64x Arrow to Devain57 for $1.00 on survie_new
[18:02:56] [ITEM_LISTED]: pierro listed 64x Scaffolding for $200.00 on survie_new
[18:10:06] [ITEM_LISTED]: Euphare13 listed 1x Cooked Beef for $50.00 on survie_new
[18:10:45] [ITEM_SOLD]: limastic sold 1x Diamond Sword to  [Fire Aspect I, Knockback II, Looting I, Mending, Sharpness V, Sweeping Edge II, Curse of Vanishing]_Shoku_ for $2,499.99 on survie_new
[18:20:55] [ITEM_SOLD]: REGDYLAN sold 1x Enchanting Table to Mr_Yt_Fr for $150.00 on survie_new
[18:22:02] [ITEM_SOLD]: RazerJojo sold 1x Diamond Shovel to  [Efficiency IV, Silk Touch, Unbreaking III]Xyphon_ for $2,500.00 on survie_new
[18:22:47] [ITEM_SOLD]: Kaam98 sold 1x Diamond Sword to  [Knockback II]Xyphon_ for $150.00 on survie_new
[18:22:57] [ITEM_SOLD]: CapitaineNiamor sold 1x Iron Chestplate to  [Fire Protection III, Mending]Xyphon_ for $100.00 on survie_new
[18:23:02] [ITEM_SOLD]: CapitaineNiamor sold 1x Iron Boots to  [Projectile Protection IV]Xyphon_ for $100.00 on survie_new
[18:23:44] [ITEM_SOLD]: CapitaineNiamor sold 1x Iron Leggings to  [Protection III]Xyphon_ for $50.00 on survie_new
[18:24:26] [ITEM_SOLD]: Murdock_Co sold 64x Bread to Xyphon_ for $150.00 on survie_new
[18:25:37] [ITEM_SOLD]: pierro sold 64x Scaffolding to Newt_hp for $200.00 on survie_new
[18:26:07] [ITEM_SOLD]: REGDYLAN sold 1x Enchanting Table to Nexusso for $150.00 on survie_new
[18:38:12] [ITEM_SOLD]: _Shoku_ sold 1x [Zombie Spawner] to DVTspyce for $1,500.00 on survie_new
[18:38:39] [ITEM_SOLD]: RazerJojo sold 1x Diamond Pickaxe to  [Unbreaking III]Sho_Capik for $999.00 on survie_new
[18:47:56] [ITEM_SOLD]: RazerJojo sold 1x Diamond Pickaxe to  [Unbreaking III]Xyphon_ for $999.00 on survie_new
[19:38:21] [ITEM_SOLD]: RazerJojo sold 1x Diamond Sword to  [Looting III]Sho_Capik for $1,999.00 on survie_new
[19:44:43] [ITEM_SOLD]: mayte_ sold 64x Arrow to Xylophast for $1.00 on survie_new
[19:44:44] [ITEM_SOLD]: mayte_ sold 64x Arrow to Xylophast for $1.00 on survie_new
[19:44:45] [ITEM_SOLD]: mayte_ sold 64x Arrow to Xylophast for $1.00 on survie_new
[19:44:47] [ITEM_SOLD]: mayte_ sold 64x Arrow to Xylophast for $1.00 on survie_new
[19:44:48] [ITEM_SOLD]: mayte_ sold 64x Arrow to Xylophast for $1.00 on survie_new
[19:44:49] [ITEM_SOLD]: mayte_ sold 64x Arrow to Xylophast for $1.00 on survie_new
[19:44:50] [ITEM_SOLD]: mayte_ sold 64x Arrow to Xylophast for $1.00 on survie_new
[19:44:51] [ITEM_SOLD]: mayte_ sold 64x Arrow to Xylophast for $1.00 on survie_new
[19:44:52] [ITEM_SOLD]: mayte_ sold 64x Arrow to Xylophast for $1.00 on survie_new
[19:46:05] [ITEM_LISTED]: mayte_ listed 64x Rotten Flesh for $5.00 on survie_new
[19:46:07] [ITEM_LISTED]: mayte_ listed 64x Rotten Flesh for $5.00 on survie_new
[19:46:08] [ITEM_LISTED]: mayte_ listed 64x Rotten Flesh for $5.00 on survie_new
[19:46:09] [ITEM_LISTED]: mayte_ listed 64x Rotten Flesh for $5.00 on survie_new
[19:46:12] [ITEM_LISTED]: mayte_ listed 64x Rotten Flesh for $5.00 on survie_new
[19:46:14] [ITEM_LISTED]: mayte_ listed 64x Rotten Flesh for $5.00 on survie_new
[19:46:15] [ITEM_LISTED]: mayte_ listed 64x Rotten Flesh for $5.00 on survie_new
[19:46:17] [ITEM_LISTED]: mayte_ listed 64x Rotten Flesh for $5.00 on survie_new
[19:46:18] [ITEM_LISTED]: mayte_ listed 64x Rotten Flesh for $5.00 on survie_new
[19:46:19] [ITEM_LISTED]: mayte_ listed 64x Rotten Flesh for $5.00 on survie_new
[19:46:23] [ITEM_LISTED]: mayte_ listed 64x Rotten Flesh for $5.00 on survie_new
[19:46:24] [ITEM_LISTED]: mayte_ listed 64x Rotten Flesh for $5.00 on survie_new
[19:46:26] [ITEM_LISTED]: mayte_ listed 64x Rotten Flesh for $5.00 on survie_new
[19:46:29] [ITEM_LISTED]: mayte_ listed 64x Rotten Flesh for $5.00 on survie_new
[19:46:31] [ITEM_LISTED]: mayte_ listed 64x Rotten Flesh for $5.00 on survie_new
[19:46:33] [ITEM_LISTED]: mayte_ listed 64x Rotten Flesh for $5.00 on survie_new
[19:46:36] [ITEM_LISTED]: mayte_ listed 64x Rotten Flesh for $5.00 on survie_new
[19:46:39] [ITEM_LISTED]: mayte_ listed 64x Rotten Flesh for $5.00 on survie_new
[19:46:46] [ITEM_LISTED]: mayte_ listed 64x Rotten Flesh for $5.00 on survie_new
[19:46:48] [ITEM_LISTED]: mayte_ listed 64x Rotten Flesh for $5.00 on survie_new
[19:46:51] [ITEM_LISTED]: mayte_ listed 64x Rotten Flesh for $5.00 on survie_new
[19:46:53] [ITEM_LISTED]: mayte_ listed 64x Rotten Flesh for $5.00 on survie_new
[19:46:54] [ITEM_LISTED]: mayte_ listed 64x Rotten Flesh for $5.00 on survie_new
[19:46:55] [ITEM_LISTED]: mayte_ listed 64x Rotten Flesh for $5.00 on survie_new
[19:47:03] [ITEM_LISTED]: mayte_ listed 64x Rotten Flesh for $5.00 on survie_new
[19:47:04] [ITEM_LISTED]: mayte_ listed 64x Rotten Flesh for $5.00 on survie_new
[19:47:06] [ITEM_LISTED]: mayte_ listed 64x Rotten Flesh for $5.00 on survie_new
[19:47:07] [ITEM_LISTED]: mayte_ listed 64x Rotten Flesh for $5.00 on survie_new
[19:47:08] [ITEM_LISTED]: mayte_ listed 64x Rotten Flesh for $5.00 on survie_new
[19:47:11] [ITEM_LISTED]: mayte_ listed 64x Rotten Flesh for $5.00 on survie_new
[19:47:12] [ITEM_LISTED]: mayte_ listed 64x Rotten Flesh for $5.00 on survie_new
[19:47:13] [ITEM_LISTED]: mayte_ listed 64x Rotten Flesh for $5.00 on survie_new
[19:47:14] [ITEM_LISTED]: mayte_ listed 64x Rotten Flesh for $5.00 on survie_new
[19:47:15] [ITEM_LISTED]: mayte_ listed 64x Rotten Flesh for $5.00 on survie_new
[19:51:58] [ITEM_LISTED]: ErwanCht listed 1x End Crystal for $10,000.00 on survie_new
[19:52:08] [ITEM_CANCELLED]: ErwanCht cancelled an auction for 64x Magma Block for $800.00 on survie_new
[19:52:08] [ITEM_CANCELLED]: ErwanCht cancelled an auction for 64x Magma Block for $800.00 on survie_new
[19:52:08] [ITEM_CANCELLED]: ErwanCht cancelled an auction for 1x End Crystal for $10,000.00 on survie_new
[19:52:40] [ITEM_RETURNED]: Returned 1x End Crystal to ErwanCht on survie_new
[19:52:42] [ITEM_RETURNED]: Returned 64x Magma Block to ErwanCht on survie_new
[19:52:42] [ITEM_RETURNED]: Returned 64x Magma Block to ErwanCht on survie_new
[19:52:51] [ITEM_LISTED]: ErwanCht listed 64x Magma Block for $800.00 on survie_new
[19:52:59] [ITEM_LISTED]: ErwanCht listed 1x End Crystal for $100,000.00 on survie_new
[19:55:56] [ITEM_SOLD]: Haru_M sold 1x Enchanted Book to Fr3nCh_CraFt for $2,800.00 on survie_new
[20:11:17] [ITEM_SOLD]: REGDYLAN sold 1x Enchanting Table to Xylophast for $150.00 on survie_new
[20:17:00] [ITEM_SOLD]: mayte_ sold 64x Rotten Flesh to Jarreshan for $5.00 on survie_new
[20:17:02] [ITEM_SOLD]: mayte_ sold 64x Rotten Flesh to Jarreshan for $5.00 on survie_new
[20:17:03] [ITEM_SOLD]: mayte_ sold 64x Rotten Flesh to Jarreshan for $5.00 on survie_new
[20:17:05] [ITEM_SOLD]: mayte_ sold 64x Rotten Flesh to Jarreshan for $5.00 on survie_new
[20:17:06] [ITEM_SOLD]: mayte_ sold 64x Rotten Flesh to Jarreshan for $5.00 on survie_new
[20:17:07] [ITEM_SOLD]: mayte_ sold 64x Rotten Flesh to Jarreshan for $5.00 on survie_new
[20:17:08] [ITEM_SOLD]: mayte_ sold 64x Rotten Flesh to Jarreshan for $5.00 on survie_new
[20:17:10] [ITEM_SOLD]: mayte_ sold 64x Rotten Flesh to Jarreshan for $5.00 on survie_new
[20:17:11] [ITEM_SOLD]: mayte_ sold 64x Rotten Flesh to Jarreshan for $5.00 on survie_new
[20:17:12] [ITEM_SOLD]: mayte_ sold 64x Rotten Flesh to Jarreshan for $5.00 on survie_new
[20:17:14] [ITEM_SOLD]: mayte_ sold 64x Rotten Flesh to Jarreshan for $5.00 on survie_new
[20:17:15] [ITEM_SOLD]: mayte_ sold 64x Rotten Flesh to Jarreshan for $5.00 on survie_new
[20:17:41] [ITEM_SOLD]: mayte_ sold 64x Rotten Flesh to Jarreshan for $5.00 on survie_new
[20:17:43] [ITEM_SOLD]: mayte_ sold 64x Rotten Flesh to Jarreshan for $5.00 on survie_new
[20:17:44] [ITEM_SOLD]: mayte_ sold 64x Rotten Flesh to Jarreshan for $5.00 on survie_new
[20:17:45] [ITEM_SOLD]: mayte_ sold 64x Rotten Flesh to Jarreshan for $5.00 on survie_new
[20:17:46] [ITEM_SOLD]: mayte_ sold 64x Rotten Flesh to Jarreshan for $5.00 on survie_new
[20:17:47] [ITEM_SOLD]: mayte_ sold 64x Rotten Flesh to Jarreshan for $5.00 on survie_new
[20:17:48] [ITEM_SOLD]: mayte_ sold 64x Rotten Flesh to Jarreshan for $5.00 on survie_new
[20:17:49] [ITEM_SOLD]: mayte_ sold 64x Rotten Flesh to Jarreshan for $5.00 on survie_new
[20:17:50] [ITEM_SOLD]: mayte_ sold 64x Rotten Flesh to Jarreshan for $5.00 on survie_new
[20:17:51] [ITEM_SOLD]: mayte_ sold 64x Rotten Flesh to Jarreshan for $5.00 on survie_new
[20:17:52] [ITEM_SOLD]: mayte_ sold 64x Rotten Flesh to Jarreshan for $5.00 on survie_new
[20:17:54] [ITEM_SOLD]: mayte_ sold 64x Rotten Flesh to Jarreshan for $5.00 on survie_new
[21:40:52] [ITEM_CANCELLED]: mayte_ cancelled an auction for 1x Enchanted Book for $3,000.00 on survie_new
[21:40:54] [ITEM_RETURNED]: Returned 1x Enchanted Book to mayte_ on survie_new
[21:41:04] [ITEM_LISTED]: mayte_ listed 1x Enchanted Book for $2,000.00 on Ressource
[21:41:41] [ITEM_SOLD]: mayte_ sold 1x Ghast Tear to Mr_Yt_Fr for $50.00 on survie_new
[21:47:23] [ITEM_LISTED]: oOBiamOo listed 41x Stripped Spruce Log for $150.00 on survie_new
[21:47:32] [ITEM_LISTED]: oOBiamOo listed 51x Stripped Oak Log for $150.00 on survie_new
[21:49:28] [ITEM_LISTED]: Haru_M listed 1x Gray Shulker Box for $100,000.00 on survie_new
[21:49:42] [ITEM_CANCELLED]: Haru_M cancelled an auction for 1x Gray Shulker Box for $100,000.00 on survie_new
[21:49:48] [ITEM_RETURNED]: Returned 1x Gray Shulker Box to Haru_M on survie_new
[21:51:07] [ITEM_SOLD]: oOBiamOo sold 41x Stripped Spruce Log to Sho_Capik for $150.00 on survie_new
[21:51:09] [ITEM_SOLD]: oOBiamOo sold 51x Stripped Oak Log to Sho_Capik for $150.00 on survie_new
[21:56:44] [ITEM_SOLD]: Haru_M sold 1x Enchanted Book to Sho_Capik for $2,800.00 on survie_new
[21:59:08] [ITEM_CANCELLED]: mayte_ cancelled an auction for 18x Player Head for $10,000.00 on survie_new
[21:59:09] [ITEM_CANCELLED]: mayte_ cancelled an auction for 1x Breakerland ! for $1,000.00 on spawn
[21:59:10] [ITEM_CANCELLED]: mayte_ cancelled an auction for 1x Diamond Sword [Fire Aspect II, Sharpness VI, Unbreaking III] for $7,000.00 on survie_new
[21:59:11] [ITEM_CANCELLED]: mayte_ cancelled an auction for 1x Ender Chest for $500.00 on spawn
[21:59:13] [ITEM_RETURNED]: Returned 18x Player Head to mayte_ on survie_new
[21:59:14] [ITEM_RETURNED]: Returned 1x Breakerland ! to mayte_ on spawn
[21:59:14] [ITEM_RETURNED]: Returned 1x Diamond Sword [Fire Aspect II, Sharpness VI, Unbreaking III] to mayte_ on survie_new
[21:59:15] [ITEM_RETURNED]: Returned 1x Ender Chest to mayte_ on spawn
[22:05:48] [ITEM_LISTED]: mayte_ listed 1x Lucky block #1 for $10,000.00 on survie_new
[22:05:49] [ITEM_LISTED]: mayte_ listed 1x Lucky block #2 for $10,000.00 on survie_new
[22:05:58] [ITEM_LISTED]: mayte_ listed 1x Lucky block #3 for $10,000.00 on survie_new
[22:05:59] [ITEM_LISTED]: mayte_ listed 1x Lucky block #4 for $10,000.00 on survie_new
[22:06:01] [ITEM_LISTED]: mayte_ listed 1x Lucky block #5 for $10,000.00 on survie_new
[22:06:03] [ITEM_LISTED]: mayte_ listed 1x Lucky block #6 for $10,000.00 on survie_new
[22:06:04] [ITEM_LISTED]: mayte_ listed 1x Lucky block #7 for $10,000.00 on survie_new
[22:06:05] [ITEM_LISTED]: mayte_ listed 1x Lucky block #8 for $10,000.00 on survie_new
[22:06:21] [ITEM_CANCELLED]: mayte_ cancelled an auction for 1x Lucky block #8 for $10,000.00 on survie_new
[22:06:22] [ITEM_CANCELLED]: mayte_ cancelled an auction for 1x Lucky block #7 for $10,000.00 on survie_new
[22:06:25] [ITEM_RETURNED]: Returned 1x Lucky block #8 to mayte_ on survie_new
[22:06:25] [ITEM_RETURNED]: Returned 1x Lucky block #7 to mayte_ on survie_new
[22:06:28] [ITEM_LISTED]: mayte_ listed 1x Lucky block #7 for $10,000.00 on survie_new
[22:06:46] [ITEM_LISTED]: mayte_ listed 1x Lucky block #8 for $10,000.00 on survie_new
[22:07:53] [ITEM_SOLD]: RazerJojo sold 1x Diamond Sword to  [Looting III]MaloZazina for $1,999.00 on survie_new
[22:27:42] [ITEM_SOLD]: Haru_M sold 1x Enchanted Book to RazerJojo for $2,800.00 on survie_new
[23:06:45] [ITEM_LISTED]: Fr3nCh_CraFt listed 1x Trident [Loyalty III, Mending] for $9,000.00 on survie_new
[23:06:52] [ITEM_CANCELLED]: Fr3nCh_CraFt cancelled an auction for 1x Trident [Loyalty III, Mending] for $9,000.00 on survie_new
[23:07:01] [ITEM_RETURNED]: Returned 1x Trident [Loyalty III, Mending] to Fr3nCh_CraFt on survie_new
[23:07:41] [ITEM_LISTED]: Fr3nCh_CraFt listed 1x Trident [Loyalty III, Mending] for $10,000.00 on survie_new
[23:08:21] [ITEM_LISTED]: Fr3nCh_CraFt listed 1x Enchanted Book for $1,000.00 on survie_new
[23:37:16] [ITEM_SOLD]: RazerJojo sold 1x Diamond Sword to  [Looting III]aidan for $1,999.00 on survie_new
[23:40:19] [ITEM_CANCELLED]: RazerJojo cancelled an auction for 1x Diamond Sword [Looting III, Smite IV] for $1,999.00 on survie_new
[23:40:24] [ITEM_CANCELLED]: RazerJojo cancelled an auction for 1x Enchanted Book for $1,999.00 on survie_new
[23:40:27] [ITEM_RETURNED]: Returned 1x Enchanted Book to RazerJojo on survie_new
[23:40:28] [ITEM_RETURNED]: Returned 1x Diamond Sword [Looting III, Smite IV] to RazerJojo on survie_new
[23:41:15] [ITEM_SOLD]: Haru_M sold 1x Enchanted Book to RazerJojo for $2,800.00 on survie_new
[23:46:53] [ITEM_SOLD]: CapitaineNiamor sold 1x Iron Chestplate to  [Curse of Binding, Protection IV]Cyborg_10_000 for $10.00 on survie_new
[23:58:23] [ITEM_LISTED]: Jarreshan listed 1x Enchanted Book for $500.00 on survie_new
