[00:11:39] [ITEM_SOLD]: Minebark vendu 1 x Pioche en pierre à  [Efficiency I, Unbreaking II] Djo676 pour 3,000.00 β le survie_new
[00:17:13] [ITEM_SOLD]: Minebark vendu 1 x Pioche en pierre à  [Efficiency I, Unbreaking II] Djo676 pour 3,000.00 β le survie_new
[10:14:25] [ITEM_LISTED]: OfCourse vend 1 x Partie d'équipement : II  pour 30,000.00β sur survie_new
[12:11:41] [ITEM_LISTED]: LLIcocoman_Hrz vend 1 x §;§:Spawner à Araignée venimeuse 1x  pour 10,000.00β sur survie_new
[12:11:53] [ITEM_LISTED]: LLIcocoman_Hrz vend 64 x Quartz Block  pour 200.00β sur survie_new
[12:20:53] [ITEM_LISTED]: aidan vend 1 x Dolphin Spawn Egg  pour 5,000.00β sur survie_new
[12:21:09] [ITEM_SOLD]: aidan vendu 1 x Dolphin Spawn Egg à  Loan02 pour 5,000.00 β le survie_new
[13:21:34] [ITEM_SOLD]: CroixVeBaton vendu 64 x Dark Oak Log à  Loan02 pour 160.00 β le survie_new
[14:28:22] [ITEM_LISTED]: Loan02 vend 64 x Iron Block  pour 10,000.00β sur survie_new
[14:28:32] [ITEM_SOLD]: Loan02 vendu 64 x Iron Block à  D3sTryk3 pour 10,000.00 β le survie_new
[14:29:18] [ITEM_LISTED]: Loan02 vend 64 x Iron Block  pour 9,000.00β sur survie_new
[14:55:38] [ITEM_LISTED]: OfCourse vend 1 x Enchanted Book  pour 20,000.00β sur survie_new
[14:55:43] [ITEM_LISTED]: OfCourse vend 1 x Enchanted Book  pour 20,000.00β sur survie_new
[14:55:48] [ITEM_LISTED]: OfCourse vend 1 x Enchanted Book  pour 20,000.00β sur survie_new
[15:00:07] [ITEM_LISTED]: LLIcocoman_Hrz vend 1 x Chicken Spawn Egg  pour 2,000.00β sur survie_new
[15:00:13] [ITEM_LISTED]: LLIcocoman_Hrz vend 48 x Obsidian  pour 50.00β sur survie_new
[15:00:23] [ITEM_LISTED]: LLIcocoman_Hrz vend 1 x Iron Axe  [Sharpness I] pour 100.00β sur survie_new
[15:00:32] [ITEM_LISTED]: LLIcocoman_Hrz vend 4 x Chest  pour 1.00β sur survie_new
[15:03:28] [ITEM_SOLD]: LLIcocoman_Hrz vendu 1 x Chicken Spawn Egg à  CouzVeBaton pour 2,000.00 β le survie_new
[15:07:26] [ITEM_LISTED]: LLIcocoman_Hrz vend 64 x Gunpowder  pour 6,000.00β sur survie_new
[15:07:34] [ITEM_SOLD]: Loan02 vendu 1 x Diamond Axe à  [Unbreaking III, Fortune III] Woz_ pour 1,000.00 β le survie_new
[15:07:34] [ITEM_LISTED]: LLIcocoman_Hrz vend 3 x Gunpowder  pour 250.00β sur survie_new
[15:08:17] [ITEM_SOLD]: OfCourse vendu 1 x Enchanted Book à  louloured03 pour 20,000.00 β le survie_new
[15:09:12] [ITEM_CANCELLED]: OfCourse annule la vente de 1x Enchanted Book pour 20,000.00β sur survie_new
[15:09:19] [ITEM_CANCELLED]: OfCourse annule la vente de 1x Enchanted Book pour 20,000.00β sur survie_new
[15:09:30] [ITEM_RETURNED]: 1 x Enchanted Book  renvoyé à OfCourse le survie_new
[15:09:31] [ITEM_RETURNED]: 1 x Enchanted Book  renvoyé à OfCourse le survie_new
[15:38:01] [ITEM_LISTED]: LLIcocoman_Hrz vend 64 x Spider Eye  pour 250.00β sur survie_new
[15:38:02] [ITEM_LISTED]: LLIcocoman_Hrz vend 64 x Spider Eye  pour 250.00β sur survie_new
[15:38:04] [ITEM_LISTED]: LLIcocoman_Hrz vend 64 x Spider Eye  pour 250.00β sur survie_new
[15:38:08] [ITEM_LISTED]: LLIcocoman_Hrz vend 64 x Spider Eye  pour 250.00β sur survie_new
[15:58:41] [ITEM_SOLD]: CroixVeBaton vendu 64 x Dark Oak Log à  Pinsut pour 160.00 β le survie_new
[15:59:03] [ITEM_SOLD]: CroixVeBaton vendu 64 x Dark Oak Log à  Pinsut pour 160.00 β le survie_new
[16:20:49] [ITEM_LISTED]: Yohan81 vend 1 x Dolphin Spawn Egg  pour 7,500.00β sur survie_new
[16:20:51] [ITEM_LISTED]: Yohan81 vend 1 x Dolphin Spawn Egg  pour 7,500.00β sur survie_new
[16:20:52] [ITEM_SOLD]: Yohan81 vendu 1 x Dolphin Spawn Egg à  Loan02 pour 7,500.00 β le survie_new
[16:21:16] [ITEM_SOLD]: Yohan81 vendu 1 x Dolphin Spawn Egg à  Loan02 pour 7,500.00 β le survie_new
[16:52:42] [ITEM_LISTED]: Yohan81 vend 1 x Gunpowder  pour 90.00β sur survie_new
[16:52:51] [ITEM_SOLD]: Yohan81 vendu 1 x Gunpowder à  Loan02 pour 90.00 β le survie_new
[16:58:42] [ITEM_SOLD]: LLIcocoman_Hrz vendu 4 x Chest à  Isaorya pour 1.00 β le survie_new
[16:59:00] [ITEM_SOLD]: CroixVeBaton vendu 64 x Dark Oak Log à  Isaorya pour 160.00 β le survie_new
[17:27:59] [ITEM_SOLD]: Wenos_XIII vendu 64 x Blaze Rod à  Pinsut pour 210.00 β le survie_new
[17:28:06] [ITEM_SOLD]: Wenos_XIII vendu 64 x La meilleure poudre du serv à  Pinsut pour 210.00 β le survie_new
[18:35:10] [ITEM_CANCELLED]: louloured03 annule la vente de 1x Fishing Rod [Mending] pour 300,000.00β sur survie_new
[18:36:01] [ITEM_RETURNED]: 1 x Fishing Rod  [Mending] renvoyé à louloured03 le survie_new
[18:36:13] [ITEM_LISTED]: louloured03 vend 1 x Fishing Rod  [Mending] pour 30,000.00β sur survie_new
[19:19:36] [ITEM_SOLD]: CroixVeBaton vendu 64 x Dark Oak Log à  Loan02 pour 160.00 β le survie_new
[19:30:05] [ITEM_SOLD]: CroixVeBaton vendu 64 x Dark Oak Log à  Loan02 pour 160.00 β le survie_new
