[01:30:16] [ITEM_SOLD]: HeFk vendu 1 x Diamond Pickaxe à  [Efficiency V, Silk Touch, Unbreaking III] Zarbikop pour 7,000.00 β le survie_new
[02:36:20] [ITEM_LISTED]: REGDYLAN vend 64 x Nether Wart  pour 100.00β sur survie_new
[02:36:31] [ITEM_SOLD]: REGDYLAN vendu 64 x Nether Wart à  Zarbikop pour 100.00 β le survie_new
[02:41:54] [ITEM_LISTED]: REGDYLAN vend 64 x Spruce Log  pour 200.00β sur survie_new
[02:42:48] [ITEM_SOLD]: REGDYLAN vendu 64 x Spruce Log à  hugoleb pour 200.00 β le survie_new
[16:09:42] [ITEM_DROPPED]: Abandon de la vente REGDYLAN expirée de 1 x Diamond Pickaxe  [Efficiency V, Silk Touch, Unbreaking III] pour 0.00β à leurs pieds le survie_new
[16:59:54] [ITEM_LISTED]: hugoleb vend 64 x Packed Ice  pour 1,000.00β sur survie_new
[16:59:58] [ITEM_LISTED]: hugoleb vend 64 x Packed Ice  pour 1,000.00β sur survie_new
[17:01:43] [ITEM_LISTED]: hugoleb vend 64 x Packed Ice  pour 1,000.00β sur survie_new
[17:01:46] [ITEM_LISTED]: hugoleb vend 64 x Packed Ice  pour 1,000.00β sur survie_new
[17:01:50] [ITEM_LISTED]: hugoleb vend 64 x Packed Ice  pour 1,000.00β sur survie_new
[17:28:15] [ITEM_LISTED]: Christophe_ vend 1 x Journal de quêtes  pour 1.00β sur survie_new
[18:22:45] [ITEM_DROPPED]: Abandon de la vente AzodFR expirée de 64 x Anvil  pour 0.00β à leurs pieds le survie_new
[18:22:45] [ITEM_DROPPED]: Abandon de la vente AzodFR expirée de 64 x Anvil  pour 0.00β à leurs pieds le survie_new
[18:22:45] [ITEM_DROPPED]: Abandon de la vente AzodFR expirée de 64 x Anvil  pour 0.00β à leurs pieds le survie_new
[18:22:45] [ITEM_DROPPED]: Abandon de la vente AzodFR expirée de 64 x Anvil  pour 0.00β à leurs pieds le survie_new
[18:45:45] [ITEM_DROPPED]: Abandon de la vente limastic expirée de 62 x Bone Meal  pour 0.00β à leurs pieds le survie_new
[18:45:45] [ITEM_DROPPED]: Abandon de la vente limastic expirée de 64 x Bone Meal  pour 0.00β à leurs pieds le survie_new
[18:57:58] [ITEM_DROPPED]: Abandon de la vente MisterJump expirée de 64 x Sugar  pour 0.00β à leurs pieds le survie_new
[19:16:28] [ITEM_DROPPED]: Abandon de la vente froseur expirée de 1 x Emerald  pour 0.00β à leurs pieds le survie_new
[19:43:06] [ITEM_LISTED]: _Shoku_ vend 64 x Gunpowder  pour 2,750.00β sur survie_new
[19:43:24] [ITEM_SOLD]: _Shoku_ vendu 64 x Gunpowder à  mouton01 pour 2,750.00 β le survie_new
[21:35:11] [ITEM_SOLD]: SSLLOOTTHH vendu 1 x Elytra à  [Unbreaking III] mouton01 pour 9,000.00 β le survie_new
[21:46:44] [ITEM_SOLD]: SSLLOOTTHH vendu 1 x Enchanted Book à  mouton01 pour 7,000.00 β le survie_new
[21:57:38] [ITEM_SOLD]: Yohan81 vendu 2 x Gold Ingot à  Seikooc_ pour 30.00 β le survie_new
[22:01:29] [ITEM_LISTED]: limastic vend 64 x Cooked Beef  pour 1.00β sur survie_new
[22:01:45] [ITEM_LISTED]: Seikooc_ vend 1 x §;§:Spawner à Squelette 1x  pour 8,000.00β sur survie_new
[22:01:52] [ITEM_LISTED]: Seikooc_ vend 1 x §;§:Spawner à Araignée venimeuse 1x  pour 8,000.00β sur survie_new
[22:02:05] [ITEM_LISTED]: limastic vend 64 x Cooked Beef  pour 1.00β sur survie_new
[22:02:34] [ITEM_LISTED]: limastic vend 64 x Cooked Beef  pour 1.00β sur survie_new
[22:02:36] [ITEM_LISTED]: limastic vend 64 x Cooked Beef  pour 1.00β sur survie_new
[22:02:38] [ITEM_LISTED]: limastic vend 64 x Leather  pour 1.00β sur survie_new
[22:02:39] [ITEM_SOLD]: limastic vendu 64 x Cooked Beef à  Arthuritos pour 1.00 β le survie_new
