[00:10:30] [ITEM_LISTED]: Christophe_ vend 64 x White Wool  pour 250.00β sur survie_new
[00:10:32] [ITEM_LISTED]: Christophe_ vend 64 x White Wool  pour 250.00β sur survie_new
[00:10:32] [ITEM_LISTED]: Christophe_ vend 64 x White Wool  pour 250.00β sur survie_new
[00:10:42] [ITEM_LISTED]: Christophe_ vend 64 x White Wool  pour 250.00β sur survie_new
[00:10:44] [ITEM_LISTED]: Christophe_ vend 64 x White Wool  pour 250.00β sur survie_new
[00:10:46] [ITEM_LISTED]: Christophe_ vend 64 x White Wool  pour 250.00β sur survie_new
[00:10:47] [ITEM_LISTED]: Christophe_ vend 64 x White Wool  pour 250.00β sur survie_new
[00:10:48] [ITEM_LISTED]: Christophe_ vend 64 x White Wool  pour 250.00β sur survie_new
[00:10:49] [ITEM_LISTED]: Christophe_ vend 64 x White Wool  pour 250.00β sur survie_new
[00:10:50] [ITEM_LISTED]: Christophe_ vend 64 x White Wool  pour 250.00β sur survie_new
[00:10:56] [ITEM_LISTED]: Christophe_ vend 64 x White Wool  pour 250.00β sur survie_new
[00:10:57] [ITEM_LISTED]: Christophe_ vend 64 x White Wool  pour 250.00β sur survie_new
[00:10:58] [ITEM_LISTED]: Christophe_ vend 64 x White Wool  pour 250.00β sur survie_new
[00:10:58] [ITEM_LISTED]: Christophe_ vend 64 x White Wool  pour 250.00β sur survie_new
[00:10:59] [ITEM_LISTED]: Christophe_ vend 64 x White Wool  pour 250.00β sur survie_new
[00:11:00] [ITEM_LISTED]: Christophe_ vend 64 x White Wool  pour 250.00β sur survie_new
[00:11:40] [ITEM_SOLD]: Christophe_ vendu 64 x White Wool à  SSLLOOTTHH pour 250.00 β le survie_new
[00:45:16] [ITEM_LISTED]: SSLLOOTTHH vend 1 x Enchanted Book  pour 7,000.00β sur survie_new
[00:45:17] [ITEM_LISTED]: SSLLOOTTHH vend 1 x Enchanted Book  pour 7,000.00β sur survie_new
[00:45:17] [ITEM_LISTED]: SSLLOOTTHH vend 1 x Enchanted Book  pour 7,000.00β sur survie_new
[00:45:18] [ITEM_LISTED]: SSLLOOTTHH vend 1 x Enchanted Book  pour 7,000.00β sur survie_new
[00:45:19] [ITEM_LISTED]: SSLLOOTTHH vend 1 x Enchanted Book  pour 7,000.00β sur survie_new
[00:45:20] [ITEM_LISTED]: SSLLOOTTHH vend 1 x Enchanted Book  pour 7,000.00β sur survie_new
[00:50:04] [ITEM_CANCELLED]: SSLLOOTTHH annule la vente de 64x Redstone Block pour 640.00β sur survie_new
[00:50:05] [ITEM_CANCELLED]: SSLLOOTTHH annule la vente de 64x Redstone Block pour 640.00β sur survie_new
[00:50:06] [ITEM_RETURNED]: 64 x Redstone Block  renvoyé à SSLLOOTTHH le survie_new
[00:50:07] [ITEM_RETURNED]: 64 x Redstone Block  renvoyé à SSLLOOTTHH le survie_new
[00:54:52] [ITEM_CANCELLED]: SSLLOOTTHH annule la vente de 1x Enchanted Book pour 7,000.00β sur survie_new
[00:54:53] [ITEM_CANCELLED]: SSLLOOTTHH annule la vente de 1x Enchanted Book pour 7,000.00β sur survie_new
[00:54:53] [ITEM_CANCELLED]: SSLLOOTTHH annule la vente de 1x Enchanted Book pour 7,000.00β sur survie_new
[00:54:53] [ITEM_CANCELLED]: SSLLOOTTHH annule la vente de 1x Enchanted Book pour 7,000.00β sur survie_new
[00:54:54] [ITEM_CANCELLED]: SSLLOOTTHH annule la vente de 1x Enchanted Book pour 7,000.00β sur survie_new
[00:54:54] [ITEM_CANCELLED]: SSLLOOTTHH annule la vente de 1x Enchanted Book pour 7,000.00β sur survie_new
[00:54:55] [ITEM_CANCELLED]: SSLLOOTTHH annule la vente de 64x Cookie pour 0.00β sur survie_new
[00:54:57] [ITEM_RETURNED]: 64 x Cookie  renvoyé à SSLLOOTTHH le survie_new
[00:54:57] [ITEM_RETURNED]: 1 x Enchanted Book  renvoyé à SSLLOOTTHH le survie_new
[00:54:58] [ITEM_RETURNED]: 1 x Enchanted Book  renvoyé à SSLLOOTTHH le survie_new
[00:54:58] [ITEM_RETURNED]: 1 x Enchanted Book  renvoyé à SSLLOOTTHH le survie_new
[00:54:58] [ITEM_RETURNED]: 1 x Enchanted Book  renvoyé à SSLLOOTTHH le survie_new
[00:54:59] [ITEM_RETURNED]: 1 x Enchanted Book  renvoyé à SSLLOOTTHH le survie_new
[00:54:59] [ITEM_RETURNED]: 1 x Enchanted Book  renvoyé à SSLLOOTTHH le survie_new
[00:55:14] [ITEM_LISTED]: SSLLOOTTHH vend 1 x Enchanted Book  pour 8,000.00β sur survie_new
[00:55:15] [ITEM_LISTED]: SSLLOOTTHH vend 1 x Enchanted Book  pour 8,000.00β sur survie_new
[00:55:16] [ITEM_LISTED]: SSLLOOTTHH vend 1 x Enchanted Book  pour 8,000.00β sur survie_new
[00:55:17] [ITEM_LISTED]: SSLLOOTTHH vend 1 x Enchanted Book  pour 8,000.00β sur survie_new
[00:55:17] [ITEM_LISTED]: SSLLOOTTHH vend 1 x Enchanted Book  pour 8,000.00β sur survie_new
[00:55:20] [ITEM_LISTED]: SSLLOOTTHH vend 1 x Enchanted Book  pour 8,000.00β sur survie_new
[00:55:24] [ITEM_LISTED]: SSLLOOTTHH vend 64 x Cookie  pour 0.00β sur survie_new
[02:33:56] [ITEM_LISTED]: SSLLOOTTHH vend 1 x §;§:Spawner à Araignée venimeuse 1x  pour 2,000.00β sur survie_new
[02:41:14] [ITEM_LISTED]: SSLLOOTTHH vend 64 x Diamond Block  pour 51,000.00β sur survie_new
[05:54:47] [ITEM_LISTED]: amnotte vend 64 x Bamboo  pour 100.00β sur survie_new
[05:54:52] [ITEM_LISTED]: amnotte vend 64 x Bamboo  pour 100.00β sur survie_new
[05:54:54] [ITEM_LISTED]: amnotte vend 64 x Bamboo  pour 100.00β sur survie_new
[05:54:55] [ITEM_LISTED]: amnotte vend 64 x Bamboo  pour 100.00β sur survie_new
[05:54:56] [ITEM_LISTED]: amnotte vend 64 x Bamboo  pour 100.00β sur survie_new
[05:54:57] [ITEM_LISTED]: amnotte vend 64 x Bamboo  pour 100.00β sur survie_new
[05:54:58] [ITEM_LISTED]: amnotte vend 64 x Bamboo  pour 100.00β sur survie_new
[05:54:59] [ITEM_LISTED]: amnotte vend 64 x Bamboo  pour 100.00β sur survie_new
[05:55:01] [ITEM_LISTED]: amnotte vend 64 x Bamboo  pour 100.00β sur survie_new
[05:55:02] [ITEM_LISTED]: amnotte vend 64 x Bamboo  pour 100.00β sur survie_new
[05:55:03] [ITEM_LISTED]: amnotte vend 64 x Bamboo  pour 100.00β sur survie_new
[05:55:42] [ITEM_LISTED]: amnotte vend 16 x Bamboo  pour 25.00β sur survie_new
[05:56:52] [ITEM_LISTED]: amnotte vend 64 x Sugar Cane  pour 110.00β sur survie_new
[05:56:54] [ITEM_LISTED]: amnotte vend 64 x Sugar Cane  pour 110.00β sur survie_new
[05:57:19] [ITEM_LISTED]: amnotte vend 53 x Sugar Cane  pour 90.00β sur survie_new
[05:57:24] [ITEM_LISTED]: amnotte vend 64 x Sugar Cane  pour 110.00β sur survie_new
[05:57:26] [ITEM_LISTED]: amnotte vend 64 x Sugar Cane  pour 110.00β sur survie_new
[05:57:27] [ITEM_LISTED]: amnotte vend 64 x Sugar Cane  pour 110.00β sur survie_new
[05:58:25] [ITEM_LISTED]: amnotte vend 64 x Pumpkin  pour 1,300.00β sur survie_new
[05:58:27] [ITEM_LISTED]: amnotte vend 64 x Pumpkin  pour 1,300.00β sur survie_new
[05:59:10] [ITEM_LISTED]: amnotte vend 49 x Pumpkin  pour 995.00β sur survie_new
[05:59:16] [ITEM_LISTED]: amnotte vend 64 x Pumpkin  pour 1,300.00β sur survie_new
[05:59:43] [ITEM_CANCELLED]: amnotte annule la vente de 1x Cake pour 5,000.00β sur survie_new
[05:59:44] [ITEM_CANCELLED]: amnotte annule la vente de 1x Cake pour 5,000.00β sur survie_new
[05:59:45] [ITEM_CANCELLED]: amnotte annule la vente de 1x Cake pour 5,000.00β sur survie_new
[05:59:46] [ITEM_CANCELLED]: amnotte annule la vente de 1x Cake pour 5,000.00β sur survie_new
[05:59:46] [ITEM_CANCELLED]: amnotte annule la vente de 1x Cake pour 5,000.00β sur survie_new
[06:00:05] [ITEM_CANCELLED]: amnotte annule la vente de 48x Sugar Cane pour 2,200.00β sur survie_new
[06:00:06] [ITEM_CANCELLED]: amnotte annule la vente de 64x Sugar Cane pour 3,000.00β sur survie_new
[06:00:06] [ITEM_CANCELLED]: amnotte annule la vente de 64x Sugar Cane pour 3,000.00β sur survie_new
[06:00:07] [ITEM_CANCELLED]: amnotte annule la vente de 64x Sugar Cane pour 3,000.00β sur survie_new
[06:00:08] [ITEM_CANCELLED]: amnotte annule la vente de 64x Sugar Cane pour 3,000.00β sur survie_new
[06:00:09] [ITEM_CANCELLED]: amnotte annule la vente de 64x Sugar Cane pour 3,000.00β sur survie_new
[06:00:16] [ITEM_CANCELLED]: amnotte annule la vente de 1x Music Disc 13 pour 8,000.00β sur survie_new
[06:00:16] [ITEM_CANCELLED]: amnotte annule la vente de 1x §;§:Spawner à Arraigné 1x pour 15,000.00β sur survie_new
[06:00:17] [ITEM_CANCELLED]: amnotte annule la vente de 1x Music Disc Cat pour 8,000.00β sur survie_new
[06:00:37] [ITEM_RETURNED]: 1 x Music Disc Cat  renvoyé à amnotte le survie_new
[06:00:37] [ITEM_RETURNED]: 1 x §;§:Spawner à Arraigné 1x  renvoyé à amnotte le survie_new
[06:00:38] [ITEM_RETURNED]: 1 x Music Disc 13  renvoyé à amnotte le survie_new
[06:00:38] [ITEM_RETURNED]: 64 x Sugar Cane  renvoyé à amnotte le survie_new
[06:00:38] [ITEM_RETURNED]: 64 x Sugar Cane  renvoyé à amnotte le survie_new
[06:00:38] [ITEM_RETURNED]: 64 x Sugar Cane  renvoyé à amnotte le survie_new
[06:00:38] [ITEM_RETURNED]: 64 x Sugar Cane  renvoyé à amnotte le survie_new
[06:00:38] [ITEM_RETURNED]: 64 x Sugar Cane  renvoyé à amnotte le survie_new
[06:00:38] [ITEM_RETURNED]: 48 x Sugar Cane  renvoyé à amnotte le survie_new
[06:00:38] [ITEM_RETURNED]: 1 x Cake  renvoyé à amnotte le survie_new
[06:00:38] [ITEM_RETURNED]: 1 x Cake  renvoyé à amnotte le survie_new
[06:00:38] [ITEM_RETURNED]: 1 x Cake  renvoyé à amnotte le survie_new
[06:00:38] [ITEM_RETURNED]: 1 x Cake  renvoyé à amnotte le survie_new
[06:00:38] [ITEM_RETURNED]: 1 x Cake  renvoyé à amnotte le survie_new
[06:01:07] [ITEM_LISTED]: amnotte vend 1 x Music Disc Cat  pour 5,000.00β sur survie_new
[06:01:17] [ITEM_LISTED]: amnotte vend 1 x Music Disc 13  pour 5,000.00β sur survie_new
[06:02:16] [ITEM_LISTED]: amnotte vend 1 x §;§:Spawner à Arraigné 1x  pour 5,000.00β sur survie_new
[06:02:40] [ITEM_LISTED]: amnotte vend 1 x Cake  pour 800.00β sur survie_new
[06:02:42] [ITEM_LISTED]: amnotte vend 1 x Cake  pour 800.00β sur survie_new
[06:02:43] [ITEM_LISTED]: amnotte vend 1 x Cake  pour 800.00β sur survie_new
[06:02:44] [ITEM_LISTED]: amnotte vend 1 x Cake  pour 800.00β sur survie_new
[06:02:45] [ITEM_LISTED]: amnotte vend 1 x Cake  pour 800.00β sur survie_new
[06:02:58] [ITEM_LISTED]: amnotte vend 64 x Sugar Cane  pour 110.00β sur survie_new
[06:03:00] [ITEM_LISTED]: amnotte vend 64 x Sugar Cane  pour 110.00β sur survie_new
[06:03:01] [ITEM_LISTED]: amnotte vend 64 x Sugar Cane  pour 110.00β sur survie_new
[06:03:02] [ITEM_LISTED]: amnotte vend 64 x Sugar Cane  pour 110.00β sur survie_new
[06:03:03] [ITEM_LISTED]: amnotte vend 64 x Sugar Cane  pour 110.00β sur survie_new
[06:03:26] [ITEM_LISTED]: amnotte vend 48 x Sugar Cane  pour 74.00β sur survie_new
[06:04:47] [ITEM_LISTED]: amnotte vend 61 x Melon  pour 1,200.00β sur survie_new
[08:16:31] [ITEM_SOLD]: SSLLOOTTHH vendu 1 x Enchanted Book à  Tiyi pour 8,000.00 β le survie_new
[08:16:36] [ITEM_SOLD]: SSLLOOTTHH vendu 1 x Enchanted Book à  Tiyi pour 8,000.00 β le survie_new
[08:16:41] [ITEM_SOLD]: SSLLOOTTHH vendu 1 x Enchanted Book à  Tiyi pour 8,000.00 β le survie_new
[08:16:46] [ITEM_SOLD]: SSLLOOTTHH vendu 1 x Enchanted Book à  Tiyi pour 8,000.00 β le survie_new
[08:17:02] [ITEM_SOLD]: SSLLOOTTHH vendu 1 x Enchanted Book à  Tiyi pour 8,000.00 β le survie_new
[08:17:05] [ITEM_SOLD]: SSLLOOTTHH vendu 1 x Enchanted Book à  Tiyi pour 8,000.00 β le survie_new
[12:13:11] [ITEM_SOLD]: amnotte vendu 64 x Sugar Cane à  STANIS07 pour 110.00 β le survie_new
[12:13:16] [ITEM_SOLD]: amnotte vendu 53 x Sugar Cane à  STANIS07 pour 90.00 β le survie_new
[12:13:18] [ITEM_SOLD]: amnotte vendu 64 x Sugar Cane à  STANIS07 pour 110.00 β le survie_new
[12:13:19] [ITEM_SOLD]: amnotte vendu 64 x Sugar Cane à  STANIS07 pour 110.00 β le survie_new
[12:13:20] [ITEM_SOLD]: amnotte vendu 64 x Sugar Cane à  STANIS07 pour 110.00 β le survie_new
[12:13:40] [ITEM_SOLD]: Bouletotor vendu 64 x Leather à  STANIS07 pour 250.00 β le survie_new
[12:13:42] [ITEM_SOLD]: Bouletotor vendu 64 x Leather à  STANIS07 pour 250.00 β le survie_new
[13:28:55] [ITEM_CANCELLED]: SSLLOOTTHH annule la vente de 1x Elytra [Unbreaking III] pour 20,000.00β sur survie_new
[13:28:56] [ITEM_CANCELLED]: SSLLOOTTHH annule la vente de 1x Elytra [Unbreaking III] pour 20,000.00β sur survie_new
[13:28:56] [ITEM_CANCELLED]: SSLLOOTTHH annule la vente de 1x Elytra [Unbreaking III] pour 20,000.00β sur survie_new
[13:28:57] [ITEM_CANCELLED]: SSLLOOTTHH annule la vente de 1x Elytra [Unbreaking III] pour 20,000.00β sur survie_new
[13:28:59] [ITEM_RETURNED]: 1 x Elytra  [Unbreaking III] renvoyé à SSLLOOTTHH le survie_new
[13:28:59] [ITEM_RETURNED]: 1 x Elytra  [Unbreaking III] renvoyé à SSLLOOTTHH le survie_new
[13:28:59] [ITEM_RETURNED]: 1 x Elytra  [Unbreaking III] renvoyé à SSLLOOTTHH le survie_new
[13:29:00] [ITEM_RETURNED]: 1 x Elytra  [Unbreaking III] renvoyé à SSLLOOTTHH le survie_new
[13:29:13] [ITEM_LISTED]: SSLLOOTTHH vend 1 x Elytra  [Unbreaking III] pour 15,000.00β sur survie_new
[13:29:22] [ITEM_LISTED]: SSLLOOTTHH vend 1 x Elytra  [Unbreaking III] pour 15,000.00β sur survie_new
[13:29:24] [ITEM_LISTED]: SSLLOOTTHH vend 1 x Elytra  [Unbreaking III] pour 15,000.00β sur survie_new
[13:29:25] [ITEM_LISTED]: SSLLOOTTHH vend 1 x Elytra  [Unbreaking III] pour 15,000.00β sur survie_new
[13:41:44] [ITEM_LISTED]: SSLLOOTTHH vend 1 x Enchanted Book  pour 8,000.00β sur survie_new
[13:41:45] [ITEM_LISTED]: SSLLOOTTHH vend 1 x Enchanted Book  pour 8,000.00β sur survie_new
[13:41:46] [ITEM_LISTED]: SSLLOOTTHH vend 1 x Enchanted Book  pour 8,000.00β sur survie_new
[13:41:56] [ITEM_LISTED]: SSLLOOTTHH vend 1 x Enchanted Book  pour 500.00β sur survie_new
[13:42:56] [ITEM_LISTED]: SSLLOOTTHH vend 1 x Enchanted Book  pour 8,000.00β sur survie_new
[13:42:56] [ITEM_LISTED]: SSLLOOTTHH vend 1 x Enchanted Book  pour 8,000.00β sur survie_new
[13:43:02] [ITEM_LISTED]: SSLLOOTTHH vend 1 x Enchanted Book  pour 8,000.00β sur survie_new
[13:43:02] [ITEM_LISTED]: SSLLOOTTHH vend 1 x Enchanted Book  pour 8,000.00β sur survie_new
[13:43:10] [ITEM_LISTED]: SSLLOOTTHH vend 1 x Enchanted Book  pour 1,000.00β sur survie_new
[13:43:25] [ITEM_SOLD]: SSLLOOTTHH vendu 1 x Enchanted Book à  Christophe_ pour 1,000.00 β le survie_new
[13:46:22] [ITEM_LISTED]: SSLLOOTTHH vend 1 x Enchanted Book  pour 6,000.00β sur survie_new
[13:46:23] [ITEM_LISTED]: SSLLOOTTHH vend 1 x Enchanted Book  pour 6,000.00β sur survie_new
[13:46:24] [ITEM_LISTED]: SSLLOOTTHH vend 1 x Enchanted Book  pour 6,000.00β sur survie_new
[13:46:24] [ITEM_LISTED]: SSLLOOTTHH vend 1 x Enchanted Book  pour 6,000.00β sur survie_new
[13:46:26] [ITEM_LISTED]: SSLLOOTTHH vend 1 x Enchanted Book  pour 6,000.00β sur survie_new
[13:46:30] [ITEM_LISTED]: SSLLOOTTHH vend 1 x Enchanted Book  pour 6,000.00β sur survie_new
[13:46:32] [ITEM_LISTED]: SSLLOOTTHH vend 1 x Enchanted Book  pour 6,000.00β sur survie_new
[13:46:33] [ITEM_LISTED]: SSLLOOTTHH vend 1 x Enchanted Book  pour 6,000.00β sur survie_new
[13:46:33] [ITEM_LISTED]: SSLLOOTTHH vend 1 x Enchanted Book  pour 6,000.00β sur survie_new
[13:47:16] [ITEM_CANCELLED]: SSLLOOTTHH annule la vente de 1x Dragon Head pour 200.00β sur survie_new_the_end
[13:47:17] [ITEM_CANCELLED]: SSLLOOTTHH annule la vente de 64x Diamond Block pour 51,000.00β sur survie_new
[13:47:35] [ITEM_LISTED]: SSLLOOTTHH vend 1 x Enchanted Book  pour 6,000.00β sur survie_new
[13:47:37] [ITEM_LISTED]: SSLLOOTTHH vend 1 x Enchanted Book  pour 6,000.00β sur survie_new
[13:48:00] [ITEM_CANCELLED]: SSLLOOTTHH annule la vente de 1x Enchanted Book pour 6,000.00β sur survie_new
[13:48:01] [ITEM_CANCELLED]: SSLLOOTTHH annule la vente de 1x Enchanted Book pour 6,000.00β sur survie_new
[13:48:01] [ITEM_CANCELLED]: SSLLOOTTHH annule la vente de 1x Enchanted Book pour 6,000.00β sur survie_new
[13:48:02] [ITEM_CANCELLED]: SSLLOOTTHH annule la vente de 1x Enchanted Book pour 6,000.00β sur survie_new
[13:48:02] [ITEM_CANCELLED]: SSLLOOTTHH annule la vente de 1x Enchanted Book pour 6,000.00β sur survie_new
[13:48:02] [ITEM_CANCELLED]: SSLLOOTTHH annule la vente de 1x Enchanted Book pour 6,000.00β sur survie_new
[13:48:03] [ITEM_CANCELLED]: SSLLOOTTHH annule la vente de 1x Enchanted Book pour 6,000.00β sur survie_new
[13:48:03] [ITEM_CANCELLED]: SSLLOOTTHH annule la vente de 1x Enchanted Book pour 6,000.00β sur survie_new
[13:48:04] [ITEM_CANCELLED]: SSLLOOTTHH annule la vente de 1x Enchanted Book pour 6,000.00β sur survie_new
[13:48:04] [ITEM_CANCELLED]: SSLLOOTTHH annule la vente de 1x Enchanted Book pour 6,000.00β sur survie_new
[13:48:05] [ITEM_CANCELLED]: SSLLOOTTHH annule la vente de 1x Enchanted Book pour 6,000.00β sur survie_new
[13:48:06] [ITEM_CANCELLED]: SSLLOOTTHH annule la vente de 1x Enchanted Book pour 8,000.00β sur survie_new
[13:48:09] [ITEM_RETURNED]: 1 x Enchanted Book  renvoyé à SSLLOOTTHH le survie_new
[13:48:09] [ITEM_RETURNED]: 1 x Enchanted Book  renvoyé à SSLLOOTTHH le survie_new
[13:48:09] [ITEM_RETURNED]: 1 x Enchanted Book  renvoyé à SSLLOOTTHH le survie_new
[13:48:10] [ITEM_RETURNED]: 1 x Enchanted Book  renvoyé à SSLLOOTTHH le survie_new
[13:48:10] [ITEM_RETURNED]: 1 x Enchanted Book  renvoyé à SSLLOOTTHH le survie_new
[13:48:10] [ITEM_RETURNED]: 1 x Enchanted Book  renvoyé à SSLLOOTTHH le survie_new
[13:48:10] [ITEM_RETURNED]: 1 x Enchanted Book  renvoyé à SSLLOOTTHH le survie_new
[13:48:11] [ITEM_RETURNED]: 1 x Enchanted Book  renvoyé à SSLLOOTTHH le survie_new
[13:48:11] [ITEM_RETURNED]: 1 x Enchanted Book  renvoyé à SSLLOOTTHH le survie_new
[13:48:11] [ITEM_RETURNED]: 1 x Enchanted Book  renvoyé à SSLLOOTTHH le survie_new
[13:48:11] [ITEM_RETURNED]: 1 x Enchanted Book  renvoyé à SSLLOOTTHH le survie_new
[13:48:12] [ITEM_RETURNED]: 1 x Enchanted Book  renvoyé à SSLLOOTTHH le survie_new
[13:48:24] [ITEM_LISTED]: SSLLOOTTHH vend 1 x Enchanted Book  pour 8,000.00β sur survie_new
[13:48:24] [ITEM_LISTED]: SSLLOOTTHH vend 1 x Enchanted Book  pour 8,000.00β sur survie_new
[13:48:25] [ITEM_LISTED]: SSLLOOTTHH vend 1 x Enchanted Book  pour 8,000.00β sur survie_new
[13:48:26] [ITEM_LISTED]: SSLLOOTTHH vend 1 x Enchanted Book  pour 8,000.00β sur survie_new
[13:48:27] [ITEM_LISTED]: SSLLOOTTHH vend 1 x Enchanted Book  pour 8,000.00β sur survie_new
[13:48:27] [ITEM_LISTED]: SSLLOOTTHH vend 1 x Enchanted Book  pour 8,000.00β sur survie_new
[13:48:28] [ITEM_LISTED]: SSLLOOTTHH vend 1 x Enchanted Book  pour 8,000.00β sur survie_new
[13:48:29] [ITEM_LISTED]: SSLLOOTTHH vend 1 x Enchanted Book  pour 8,000.00β sur survie_new
[13:48:30] [ITEM_LISTED]: SSLLOOTTHH vend 1 x Enchanted Book  pour 8,000.00β sur survie_new
[13:48:38] [ITEM_LISTED]: SSLLOOTTHH vend 1 x Enchanted Book  pour 8,000.00β sur survie_new
[13:48:39] [ITEM_LISTED]: SSLLOOTTHH vend 1 x Enchanted Book  pour 8,000.00β sur survie_new
[13:48:39] [ITEM_LISTED]: SSLLOOTTHH vend 1 x Enchanted Book  pour 8,000.00β sur survie_new
[13:49:26] [ITEM_SOLD]: Yohan81 vendu 64 x Cooked Beef à  SSLLOOTTHH pour 60.00 β le survie_new
[13:51:36] [ITEM_RETURNED]: 64 x Diamond Block  renvoyé à SSLLOOTTHH le survie_new
[13:51:40] [ITEM_RETURNED]: 1 x Saddle  renvoyé à SSLLOOTTHH le survie_new
[13:51:41] [ITEM_RETURNED]: 1 x Saddle  renvoyé à SSLLOOTTHH le survie_new
[13:51:41] [ITEM_RETURNED]: 1 x Saddle  renvoyé à SSLLOOTTHH le survie_new
[13:51:42] [ITEM_RETURNED]: 1 x Saddle  renvoyé à SSLLOOTTHH le survie_new
[13:52:30] [ITEM_CANCELLED]: SSLLOOTTHH annule la vente de 1x §;§:Spawner à Araignée venimeuse 1x pour 2,000.00β sur survie_new
[13:52:45] [ITEM_LISTED]: SSLLOOTTHH vend 64 x Diamond Block  pour 51,000.00β sur survie_new
[14:04:43] [ITEM_CANCELLED]: Christophe_ annule la vente de 64x White Wool pour 250.00β sur survie_new
[14:04:44] [ITEM_CANCELLED]: Christophe_ annule la vente de 64x White Wool pour 250.00β sur survie_new
[14:04:44] [ITEM_CANCELLED]: Christophe_ annule la vente de 64x White Wool pour 250.00β sur survie_new
[14:04:44] [ITEM_CANCELLED]: Christophe_ annule la vente de 64x White Wool pour 250.00β sur survie_new
[14:04:44] [ITEM_CANCELLED]: Christophe_ annule la vente de 64x White Wool pour 250.00β sur survie_new
[14:04:44] [ITEM_CANCELLED]: Christophe_ annule la vente de 64x White Wool pour 250.00β sur survie_new
[14:04:45] [ITEM_CANCELLED]: Christophe_ annule la vente de 64x White Wool pour 250.00β sur survie_new
[14:04:45] [ITEM_CANCELLED]: Christophe_ annule la vente de 64x White Wool pour 250.00β sur survie_new
[14:04:45] [ITEM_CANCELLED]: Christophe_ annule la vente de 64x White Wool pour 250.00β sur survie_new
[14:04:45] [ITEM_CANCELLED]: Christophe_ annule la vente de 64x White Wool pour 250.00β sur survie_new
[14:04:45] [ITEM_CANCELLED]: Christophe_ annule la vente de 64x White Wool pour 250.00β sur survie_new
[14:04:45] [ITEM_CANCELLED]: Christophe_ annule la vente de 64x White Wool pour 250.00β sur survie_new
[14:04:45] [ITEM_CANCELLED]: Christophe_ annule la vente de 64x White Wool pour 250.00β sur survie_new
[14:04:46] [ITEM_CANCELLED]: Christophe_ annule la vente de 64x White Wool pour 250.00β sur survie_new
[14:04:46] [ITEM_CANCELLED]: Christophe_ annule la vente de 64x White Wool pour 250.00β sur survie_new
[14:04:51] [ITEM_RETURNED]: 64 x White Wool  renvoyé à Christophe_ le survie_new
[14:04:51] [ITEM_RETURNED]: 64 x White Wool  renvoyé à Christophe_ le survie_new
[14:04:51] [ITEM_RETURNED]: 64 x White Wool  renvoyé à Christophe_ le survie_new
[14:04:51] [ITEM_RETURNED]: 64 x White Wool  renvoyé à Christophe_ le survie_new
[14:04:51] [ITEM_RETURNED]: 64 x White Wool  renvoyé à Christophe_ le survie_new
[14:04:51] [ITEM_RETURNED]: 64 x White Wool  renvoyé à Christophe_ le survie_new
[14:04:51] [ITEM_RETURNED]: 64 x White Wool  renvoyé à Christophe_ le survie_new
[14:04:52] [ITEM_RETURNED]: 64 x White Wool  renvoyé à Christophe_ le survie_new
[14:04:52] [ITEM_RETURNED]: 64 x White Wool  renvoyé à Christophe_ le survie_new
[14:04:52] [ITEM_RETURNED]: 64 x White Wool  renvoyé à Christophe_ le survie_new
[14:04:52] [ITEM_RETURNED]: 64 x White Wool  renvoyé à Christophe_ le survie_new
[14:04:52] [ITEM_RETURNED]: 64 x White Wool  renvoyé à Christophe_ le survie_new
[14:04:53] [ITEM_RETURNED]: 64 x White Wool  renvoyé à Christophe_ le survie_new
[14:04:53] [ITEM_RETURNED]: 64 x White Wool  renvoyé à Christophe_ le survie_new
[14:04:53] [ITEM_RETURNED]: 64 x White Wool  renvoyé à Christophe_ le survie_new
[14:43:28] [ITEM_LISTED]: Chacalus vend 1 x §;§:Spawner à Araignée venimeuse 1x  pour 4,300.00β sur survie_new
[14:43:31] [ITEM_LISTED]: Chacalus vend 1 x §;§:Spawner à Araignée venimeuse 1x  pour 4,300.00β sur survie_new
[14:43:33] [ITEM_LISTED]: Chacalus vend 1 x §;§:Spawner à Araignée venimeuse 1x  pour 4,300.00β sur survie_new
[14:44:54] [ITEM_SOLD]: Chacalus vendu 1 x §;§:Spawner à Araignée venimeuse 1x à  Christophe_ pour 4,300.00 β le survie_new
[14:44:55] [ITEM_SOLD]: Chacalus vendu 1 x §;§:Spawner à Araignée venimeuse 1x à  Christophe_ pour 4,300.00 β le survie_new
[14:44:56] [ITEM_SOLD]: Chacalus vendu 1 x §;§:Spawner à Araignée venimeuse 1x à  Christophe_ pour 4,300.00 β le survie_new
[14:46:44] [ITEM_SOLD]: amnotte vendu 64 x Pumpkin à  Amaxet pour 1,300.00 β le survie_new
[14:58:11] [ITEM_SOLD]: Tiyi vendu 1 x §;§:Spawner à Araignée venimeuse 1x à  Christophe_ pour 4,500.00 β le survie_new
[15:18:40] [ITEM_LISTED]: REGDYLAN vend 1 x Beacon  pour 20,000.00β sur survie_new
[15:18:42] [ITEM_LISTED]: REGDYLAN vend 1 x Beacon  pour 20,000.00β sur survie_new
[15:18:43] [ITEM_LISTED]: REGDYLAN vend 1 x Beacon  pour 20,000.00β sur survie_new
[15:18:44] [ITEM_LISTED]: REGDYLAN vend 1 x Beacon  pour 20,000.00β sur survie_new
[15:18:45] [ITEM_LISTED]: REGDYLAN vend 1 x Beacon  pour 20,000.00β sur survie_new
[15:19:12] [ITEM_LISTED]: REGDYLAN vend 64 x Diamond Block  pour 65,000.00β sur survie_new
[15:19:13] [ITEM_LISTED]: REGDYLAN vend 64 x Diamond Block  pour 65,000.00β sur survie_new
[15:19:14] [ITEM_LISTED]: REGDYLAN vend 64 x Diamond Block  pour 65,000.00β sur survie_new
[15:19:15] [ITEM_LISTED]: REGDYLAN vend 64 x Diamond Block  pour 65,000.00β sur survie_new
[15:19:17] [ITEM_LISTED]: REGDYLAN vend 64 x Diamond Block  pour 65,000.00β sur survie_new
[15:19:17] [ITEM_LISTED]: REGDYLAN vend 64 x Diamond Block  pour 65,000.00β sur survie_new
[15:19:19] [ITEM_LISTED]: REGDYLAN vend 64 x Diamond Block  pour 65,000.00β sur survie_new
[15:19:21] [ITEM_LISTED]: REGDYLAN vend 64 x Diamond Block  pour 65,000.00β sur survie_new
[15:19:22] [ITEM_LISTED]: REGDYLAN vend 64 x Diamond Block  pour 65,000.00β sur survie_new
[15:19:26] [ITEM_LISTED]: REGDYLAN vend 64 x Diamond Block  pour 65,000.00β sur survie_new
[15:19:27] [ITEM_LISTED]: REGDYLAN vend 64 x Diamond Block  pour 65,000.00β sur survie_new
[15:19:28] [ITEM_LISTED]: REGDYLAN vend 64 x Diamond Block  pour 65,000.00β sur survie_new
[15:19:29] [ITEM_LISTED]: REGDYLAN vend 64 x Diamond Block  pour 65,000.00β sur survie_new
[15:19:59] [ITEM_SOLD]: SSLLOOTTHH vendu 64 x Diamond Block à  REGDYLAN pour 51,000.00 β le survie_new
[16:00:32] [ITEM_CANCELLED]: REGDYLAN annule la vente de 1x §;§:Spawner à Cochon-Zombie 1x pour 50,000.00β sur survie_new
[16:00:32] [ITEM_CANCELLED]: REGDYLAN annule la vente de 1x §;§:Spawner à Cochon-Zombie 1x pour 50,000.00β sur survie_new
[16:00:33] [ITEM_CANCELLED]: REGDYLAN annule la vente de 1x §;§:Spawner à Cochon-Zombie 1x pour 50,000.00β sur survie_new
[16:00:33] [ITEM_CANCELLED]: REGDYLAN annule la vente de 1x §;§:Spawner à Cochon-Zombie 1x pour 50,000.00β sur survie_new
[16:00:33] [ITEM_CANCELLED]: REGDYLAN annule la vente de 1x §;§:Spawner à Cochon-Zombie 1x pour 50,000.00β sur survie_new
[16:00:34] [ITEM_CANCELLED]: REGDYLAN annule la vente de 1x §;§:Spawner à Cochon-Zombie 1x pour 50,000.00β sur survie_new
[16:00:34] [ITEM_CANCELLED]: REGDYLAN annule la vente de 1x §;§:Spawner à Cochon-Zombie 1x pour 50,000.00β sur survie_new
[16:00:34] [ITEM_CANCELLED]: REGDYLAN annule la vente de 1x §;§:Spawner à Cochon-Zombie 1x pour 50,000.00β sur survie_new
[16:00:34] [ITEM_CANCELLED]: REGDYLAN annule la vente de 1x §;§:Spawner à Cochon-Zombie 1x pour 50,000.00β sur survie_new
[16:00:34] [ITEM_CANCELLED]: REGDYLAN annule la vente de 1x §;§:Spawner à Cochon-Zombie 1x pour 50,000.00β sur survie_new
[16:00:35] [ITEM_CANCELLED]: REGDYLAN annule la vente de 1x §;§:Spawner à Cochon-Zombie 1x pour 50,000.00β sur survie_new
[16:00:35] [ITEM_CANCELLED]: REGDYLAN annule la vente de 1x §;§:Spawner à Cochon-Zombie 1x pour 50,000.00β sur survie_new
[16:00:35] [ITEM_CANCELLED]: REGDYLAN annule la vente de 1x §;§:Spawner à Cochon-Zombie 1x pour 50,000.00β sur survie_new
[16:00:35] [ITEM_CANCELLED]: REGDYLAN annule la vente de 1x §;§:Spawner à Cochon-Zombie 1x pour 50,000.00β sur survie_new
[16:00:37] [ITEM_RETURNED]: 1 x §;§:Spawner à Cochon-Zombie 1x  renvoyé à REGDYLAN le survie_new
[16:00:37] [ITEM_RETURNED]: 1 x §;§:Spawner à Cochon-Zombie 1x  renvoyé à REGDYLAN le survie_new
[16:00:37] [ITEM_RETURNED]: 1 x §;§:Spawner à Cochon-Zombie 1x  renvoyé à REGDYLAN le survie_new
[16:00:37] [ITEM_RETURNED]: 1 x §;§:Spawner à Cochon-Zombie 1x  renvoyé à REGDYLAN le survie_new
[16:00:38] [ITEM_RETURNED]: 1 x §;§:Spawner à Cochon-Zombie 1x  renvoyé à REGDYLAN le survie_new
[16:00:38] [ITEM_RETURNED]: 1 x §;§:Spawner à Cochon-Zombie 1x  renvoyé à REGDYLAN le survie_new
[16:00:38] [ITEM_RETURNED]: 1 x §;§:Spawner à Cochon-Zombie 1x  renvoyé à REGDYLAN le survie_new
[16:00:41] [ITEM_RETURNED]: 1 x §;§:Spawner à Cochon-Zombie 1x  renvoyé à REGDYLAN le survie_new
[16:00:41] [ITEM_RETURNED]: 1 x §;§:Spawner à Cochon-Zombie 1x  renvoyé à REGDYLAN le survie_new
[16:00:42] [ITEM_RETURNED]: 1 x §;§:Spawner à Cochon-Zombie 1x  renvoyé à REGDYLAN le survie_new
[16:00:42] [ITEM_RETURNED]: 1 x §;§:Spawner à Cochon-Zombie 1x  renvoyé à REGDYLAN le survie_new
[16:00:42] [ITEM_RETURNED]: 1 x §;§:Spawner à Cochon-Zombie 1x  renvoyé à REGDYLAN le survie_new
[16:00:42] [ITEM_RETURNED]: 1 x §;§:Spawner à Cochon-Zombie 1x  renvoyé à REGDYLAN le survie_new
[16:00:43] [ITEM_RETURNED]: 1 x §;§:Spawner à Cochon-Zombie 1x  renvoyé à REGDYLAN le survie_new
[16:13:56] [ITEM_LISTED]: HeFk vend 1 x Haru la plus belle <3  [Flame, Infinity, Power V, Punch II, Unbreaking III] pour 10,000.00β sur survie_new
[16:17:39] [ITEM_LISTED]: HeFk vend 1 x Toryar le plus beau <3  [Flame, Infinity, Power V, Punch II, Unbreaking III] pour 10,000.00β sur survie_new
[17:11:27] [ITEM_SOLD]: HeFk vendu 1 x Toryar le plus beau <3 à  [Flame, Infinity, Power V, Punch II, Unbreaking III] Christophe_ pour 10,000.00 β le survie_new
[17:12:45] [ITEM_SOLD]: Blazd vendu 64 x Mycelium à  mathoch pour 10,000.00 β le survie_new
[17:13:09] [ITEM_LISTED]: Tiyi vend 7 x §;§:Spawner à Araignée venimeuse 1x  pour 25,000.00β sur survie_new
[17:13:18] [ITEM_SOLD]: Tiyi vendu 7 x §;§:Spawner à Araignée venimeuse 1x à  Christophe_ pour 25,000.00 β le survie_new
[17:20:35] [ITEM_RETURNED]: 1 x Enchanted Book  renvoyé à Kaio_Beninou le survie_new
[17:20:43] [ITEM_LISTED]: Kaio_Beninou vend 1 x Enchanted Book  pour 20,000.00β sur survie_new
[17:20:59] [ITEM_CANCELLED]: Kaio_Beninou annule la vente de 1x Enchanted Book pour 20,000.00β sur survie_new
[17:21:05] [ITEM_RETURNED]: 1 x Enchanted Book  renvoyé à Kaio_Beninou le survie_new
[17:21:10] [ITEM_LISTED]: Kaio_Beninou vend 1 x Enchanted Book  pour 15,000.00β sur survie_new
[17:35:43] [ITEM_LISTED]: Blazd vend 64 x Mycelium  pour 10,000.00β sur survie_new
[17:37:51] [ITEM_SOLD]: REGDYLAN vendu 1 x Beacon à  Blazd pour 20,000.00 β le survie_new
[18:55:31] [ITEM_LISTED]: Blazd vend 1 x Enchanted Book  pour 8,000.00β sur survie_new
[19:02:05] [ITEM_LISTED]: Blazd vend 1 x Enchanted Book  pour 9,000.00β sur survie_new
[19:14:57] [ITEM_LISTED]: Blazd vend 1 x Enchanted Book  pour 9,000.00β sur survie_new
[19:34:12] [ITEM_SOLD]: SSLLOOTTHH vendu 1 x Elytra à  [Unbreaking III] xerinou pour 15,000.00 β le survie_new
[19:57:16] [ITEM_CANCELLED]: SSLLOOTTHH annule la vente de 1x Enchanted Book pour 8,000.00β sur survie_new
[19:57:16] [ITEM_CANCELLED]: SSLLOOTTHH annule la vente de 1x Enchanted Book pour 8,000.00β sur survie_new
[19:57:18] [ITEM_RETURNED]: 1 x Enchanted Book  renvoyé à SSLLOOTTHH le survie_new
[19:57:19] [ITEM_RETURNED]: 1 x Enchanted Book  renvoyé à SSLLOOTTHH le survie_new
[19:57:24] [ITEM_LISTED]: SSLLOOTTHH vend 1 x Enchanted Book  pour 2,000.00β sur survie_new
[19:57:27] [ITEM_LISTED]: SSLLOOTTHH vend 1 x Enchanted Book  pour 2,000.00β sur survie_new
[19:57:32] [ITEM_SOLD]: SSLLOOTTHH vendu 1 x Diamond Pickaxe à  [Fortune III] HeFk pour 300.00 β le survie_new_the_end
[19:57:37] [ITEM_SOLD]: SSLLOOTTHH vendu 1 x Enchanted Book à  HeFk pour 2,000.00 β le survie_new
[19:57:39] [ITEM_SOLD]: SSLLOOTTHH vendu 1 x Enchanted Book à  HeFk pour 2,000.00 β le survie_new
[19:57:55] [ITEM_LISTED]: HeFk vend 1 x Enchanted Book  pour 6,000.00β sur survie_new
[19:57:57] [ITEM_LISTED]: HeFk vend 1 x Enchanted Book  pour 6,000.00β sur survie_new
[19:57:59] [ITEM_CANCELLED]: SSLLOOTTHH annule la vente de 1x Enchanted Book pour 8,000.00β sur survie_new
[19:58:00] [ITEM_CANCELLED]: SSLLOOTTHH annule la vente de 1x Enchanted Book pour 8,000.00β sur survie_new
[19:58:00] [ITEM_CANCELLED]: SSLLOOTTHH annule la vente de 1x Enchanted Book pour 8,000.00β sur survie_new
[19:58:01] [ITEM_CANCELLED]: SSLLOOTTHH annule la vente de 1x Enchanted Book pour 8,000.00β sur survie_new
[19:58:02] [ITEM_CANCELLED]: SSLLOOTTHH annule la vente de 1x Enchanted Book pour 8,000.00β sur survie_new
[19:58:02] [ITEM_CANCELLED]: SSLLOOTTHH annule la vente de 1x Enchanted Book pour 8,000.00β sur survie_new
[19:58:03] [ITEM_CANCELLED]: SSLLOOTTHH annule la vente de 1x Enchanted Book pour 8,000.00β sur survie_new
[19:58:04] [ITEM_CANCELLED]: SSLLOOTTHH annule la vente de 1x Enchanted Book pour 8,000.00β sur survie_new
[19:58:05] [ITEM_CANCELLED]: SSLLOOTTHH annule la vente de 1x Enchanted Book pour 8,000.00β sur survie_new
[19:58:05] [ITEM_CANCELLED]: SSLLOOTTHH annule la vente de 1x Enchanted Book pour 8,000.00β sur survie_new
[19:58:35] [ITEM_RETURNED]: 1 x Enchanted Book  renvoyé à SSLLOOTTHH le survie_new
[19:58:36] [ITEM_RETURNED]: 1 x Enchanted Book  renvoyé à SSLLOOTTHH le survie_new
[19:58:36] [ITEM_RETURNED]: 1 x Enchanted Book  renvoyé à SSLLOOTTHH le survie_new
[19:58:37] [ITEM_RETURNED]: 1 x Enchanted Book  renvoyé à SSLLOOTTHH le survie_new
[19:58:37] [ITEM_RETURNED]: 1 x Enchanted Book  renvoyé à SSLLOOTTHH le survie_new
[19:58:38] [ITEM_RETURNED]: 1 x Enchanted Book  renvoyé à SSLLOOTTHH le survie_new
[19:58:38] [ITEM_RETURNED]: 1 x Enchanted Book  renvoyé à SSLLOOTTHH le survie_new
[19:58:39] [ITEM_RETURNED]: 1 x Enchanted Book  renvoyé à SSLLOOTTHH le survie_new
[19:58:39] [ITEM_RETURNED]: 1 x Enchanted Book  renvoyé à SSLLOOTTHH le survie_new
[19:58:40] [ITEM_RETURNED]: 1 x Enchanted Book  renvoyé à SSLLOOTTHH le survie_new
[19:58:47] [ITEM_LISTED]: SSLLOOTTHH vend 1 x Enchanted Book  pour 5,000.00β sur survie_new
[19:58:48] [ITEM_LISTED]: SSLLOOTTHH vend 1 x Enchanted Book  pour 5,000.00β sur survie_new
[19:58:49] [ITEM_LISTED]: SSLLOOTTHH vend 1 x Enchanted Book  pour 5,000.00β sur survie_new
[19:58:50] [ITEM_LISTED]: SSLLOOTTHH vend 1 x Enchanted Book  pour 5,000.00β sur survie_new
[19:58:51] [ITEM_LISTED]: SSLLOOTTHH vend 1 x Enchanted Book  pour 5,000.00β sur survie_new
[19:58:52] [ITEM_LISTED]: SSLLOOTTHH vend 1 x Enchanted Book  pour 5,000.00β sur survie_new
[19:58:53] [ITEM_LISTED]: SSLLOOTTHH vend 1 x Enchanted Book  pour 5,000.00β sur survie_new
[19:58:54] [ITEM_LISTED]: SSLLOOTTHH vend 1 x Enchanted Book  pour 5,000.00β sur survie_new
[19:58:55] [ITEM_LISTED]: SSLLOOTTHH vend 1 x Enchanted Book  pour 5,000.00β sur survie_new
[19:58:58] [ITEM_LISTED]: SSLLOOTTHH vend 1 x Enchanted Book  pour 5,000.00β sur survie_new
[19:59:47] [ITEM_SOLD]: SSLLOOTTHH vendu 1 x Enchanted Book à  Breyyyy pour 5,000.00 β le survie_new
[20:01:53] [ITEM_CANCELLED]: HeFk annule la vente de 1x Enchanted Book pour 6,000.00β sur survie_new
[20:01:54] [ITEM_CANCELLED]: HeFk annule la vente de 1x Enchanted Book pour 6,000.00β sur survie_new
[20:01:56] [ITEM_RETURNED]: 1 x Enchanted Book  renvoyé à HeFk le survie_new
[20:01:57] [ITEM_RETURNED]: 1 x Enchanted Book  renvoyé à HeFk le survie_new
[20:02:06] [ITEM_LISTED]: HeFk vend 1 x Enchanted Book  pour 4,500.00β sur survie_new
[20:02:08] [ITEM_LISTED]: HeFk vend 1 x Enchanted Book  pour 4,500.00β sur survie_new
[20:41:01] [ITEM_SOLD]: HeFk vendu 1 x Enchanted Book à  Tiyi pour 4,500.00 β le survie_new
[20:41:09] [ITEM_SOLD]: HeFk vendu 1 x Enchanted Book à  Tiyi pour 4,500.00 β le survie_new
[20:53:55] [ITEM_LISTED]: SSLLOOTTHH vend 1 x §;§:Spawner à Arraigné 1x  pour 2,000.00β sur survie_new
[20:54:01] [ITEM_LISTED]: SSLLOOTTHH vend 1 x §;§:Spawner à Arraigné 1x  pour 2,000.00β sur survie_new
[20:54:03] [ITEM_LISTED]: SSLLOOTTHH vend 1 x §;§:Spawner à Arraigné 1x  pour 2,000.00β sur survie_new
[20:54:07] [ITEM_LISTED]: SSLLOOTTHH vend 1 x §;§:Spawner à Arraigné 1x  pour 2,000.00β sur survie_new
[20:54:15] [ITEM_LISTED]: SSLLOOTTHH vend 1 x §;§:Spawner à Squelette 1x  pour 2,000.00β sur survie_new
[21:41:37] [ITEM_SOLD]: SSLLOOTTHH vendu 1 x Enchanted Book à  LiKaneH pour 5,000.00 β le survie_new
[21:41:42] [ITEM_DROPPED]: Abandon de la vente toutom83 expirée de 34 x Bamboo  pour 0.00β à leurs pieds le survie_new
[21:41:47] [ITEM_SOLD]: SSLLOOTTHH vendu 1 x Enchanted Book à  Obyron pour 5,000.00 β le survie_new
[21:42:50] [ITEM_SOLD]: SSLLOOTTHH vendu 1 x Enchanted Book à  Obyron pour 2,000.00 β le survie_new
[21:57:16] [ITEM_LISTED]: Blazd vend 64 x Anvil  pour 2,000.00β sur survie_new
[22:09:28] [ITEM_LISTED]: CroixVeBaton vend 3 x Nautilus Shell  pour 1,000.00β sur survie_new
[22:09:48] [ITEM_SOLD]: CroixVeBaton vendu 3 x Nautilus Shell à  Christophe_ pour 1,000.00 β le survie_new
[22:13:17] [ITEM_LISTED]: Christophe_ vend 1 x Trident  pour 10,000.00β sur survie_new
[22:24:44] [ITEM_LISTED]: Obyron vend 63 x Rose Bush  pour 450.00β sur survie_new
[22:24:48] [ITEM_LISTED]: Obyron vend 64 x Rose Bush  pour 450.00β sur survie_new
[22:24:50] [ITEM_LISTED]: Obyron vend 64 x Rose Bush  pour 450.00β sur survie_new
[22:24:53] [ITEM_LISTED]: Obyron vend 64 x Rose Bush  pour 450.00β sur survie_new
[22:25:01] [ITEM_LISTED]: Obyron vend 64 x Rose Bush  pour 450.00β sur survie_new
[22:25:04] [ITEM_LISTED]: Obyron vend 64 x Rose Bush  pour 450.00β sur survie_new
[22:25:06] [ITEM_LISTED]: Obyron vend 61 x Rose Bush  pour 450.00β sur survie_new
[22:25:12] [ITEM_LISTED]: Obyron vend 64 x Rose Bush  pour 450.00β sur survie_new
[22:25:14] [ITEM_LISTED]: Obyron vend 64 x Rose Bush  pour 450.00β sur survie_new
[22:34:21] [ITEM_LISTED]: Blazd vend 1 x Enchanted Book  pour 10,000.00β sur survie_new
[22:49:41] [ITEM_SOLD]: Christophe_ vendu 1 x Trident à  Marcoco50100 pour 10,000.00 β le survie_new
[22:54:14] [ITEM_LISTED]: Blazd vend 1 x Potion  pour 500.00β sur survie_new
[22:54:21] [ITEM_LISTED]: Blazd vend 1 x Potion  pour 500.00β sur survie_new
[22:54:23] [ITEM_LISTED]: Blazd vend 1 x Potion  pour 500.00β sur survie_new
[22:54:39] [ITEM_CANCELLED]: Blazd annule la vente de 1x Potion pour 500.00β sur survie_new
[22:54:40] [ITEM_CANCELLED]: Blazd annule la vente de 1x Potion pour 500.00β sur survie_new
[22:54:40] [ITEM_CANCELLED]: Blazd annule la vente de 1x Potion pour 500.00β sur survie_new
[22:54:46] [ITEM_RETURNED]: 1 x Potion  renvoyé à Blazd le survie_new
[22:54:47] [ITEM_RETURNED]: 1 x Potion  renvoyé à Blazd le survie_new
[22:54:47] [ITEM_RETURNED]: 1 x Potion  renvoyé à Blazd le survie_new
[22:54:54] [ITEM_SOLD]: SSLLOOTTHH vendu 1 x §;§:Spawner à Squelette 1x à  Christophe_ pour 2,000.00 β le survie_new
[23:17:14] [ITEM_SOLD]: Kaio_Beninou vendu 1 x Shulker Box à  Marcoco50100 pour 5,000.00 β le survie_new
[23:50:49] [ITEM_SOLD]: REGDYLAN vendu 1 x Beacon à  Blazd pour 20,000.00 β le survie_new
