[01:58:13] [ITEM_SOLD]: Waxay vendu 64 x Melon Slice à  Neefast pour 150.00 β le survie_new
[02:16:52] [ITEM_SOLD]: K666D vendu 64 x Melon Slice à  Neefast pour 15.00 β le survie_new
[02:16:53] [ITEM_SOLD]: K666D vendu 64 x Melon Slice à  Neefast pour 15.00 β le survie_new
[02:22:54] [ITEM_SOLD]: Cryyzi vendu 1 x Diamond Sword à  [Fire Aspect II, Knockback II, Smite IV] Neefast pour 1,000.00 β le survie_new
[03:07:20] [ITEM_SOLD]: pierro vendu 16 x Egg à  Neefast pour 100.00 β le survie_new
[03:07:22] [ITEM_SOLD]: pierro vendu 16 x Egg à  Neefast pour 100.00 β le survie_new
[03:14:02] [ITEM_SOLD]: K666D vendu 64 x Wheat Seeds à  Neefast pour 10.00 β le survie_new
[03:15:43] [ITEM_SOLD]: Tesla248 vendu 1 x Shulker Box à  Neefast pour 3,000.00 β le survie_new
[07:45:00] [ITEM_SOLD]: Cryyzi vendu 1 x Shulker Shell à  STANIS07 pour 1,500.00 β le survie_new
[07:46:08] [ITEM_LISTED]: STANIS07 vend 19 x Gold Ingot  pour 300.00β sur survie_new
[10:43:41] [ITEM_SOLD]: Waxay vendu 64 x Melon Slice à  Progeur pour 150.00 β le survie_new
[11:27:49] [ITEM_SOLD]: Cryyzi vendu 64 x Clay à  REGDYLAN pour 1,000.00 β le survie_new
[11:27:51] [ITEM_SOLD]: Cryyzi vendu 64 x Clay à  REGDYLAN pour 1,000.00 β le survie_new
[11:54:54] [ITEM_SOLD]: Cryyzi vendu 64 x Clay à  Christophe_ pour 1,000.00 β le survie_new
[11:55:44] [ITEM_CANCELLED]: Christophe_ annule la vente de 1x Bousole de Limastic [Aqua Affinity X, Fire Aspect X, Fortune X, Sharpness X, Silk Touch, Smite X, Thorns X, Unbreaking X] pour 110,000.00β sur survie_new
[11:55:52] [ITEM_RETURNED]: 1 x Bousole de Limastic  [Aqua Affinity X, Fire Aspect X, Fortune X, Sharpness X, Silk Touch, Smite X, Thorns X, Unbreaking X] renvoyé à Christophe_ le survie_new
[11:56:02] [ITEM_LISTED]: Christophe_ vend 1 x Bousole de Limastic  [Aqua Affinity X, Fire Aspect X, Fortune X, Sharpness X, Silk Touch, Smite X, Thorns X, Unbreaking X] pour 110,000.00β sur survie_new
[12:01:32] [ITEM_LISTED]: Christophe_ vend 53 x Sugar Cane  pour 27.00β sur survie_new
[12:01:48] [ITEM_SOLD]: Christophe_ vendu 53 x Sugar Cane à  hugoleb pour 27.00 β le survie_new
[12:13:20] [ITEM_SOLD]: Sifflote vendu 1 x Music Disc 13 à  Axiton pour 550.00 β le survie_new
[12:44:18] [ITEM_SOLD]: DXdu816 vendu 64 x Arrow à  Progeur pour 500.00 β le survie_new
[12:44:27] [ITEM_SOLD]: Flashtric vendu 3 x End Crystal à  Progeur pour 4,000.00 β le survie_new
[12:47:44] [ITEM_LISTED]: hugoleb vend 64 x Bamboo  pour 150.00β sur survie_new
[12:48:00] [ITEM_LISTED]: hugoleb vend 64 x Bamboo  pour 150.00β sur survie_new
[12:48:05] [ITEM_LISTED]: hugoleb vend 64 x Bamboo  pour 150.00β sur survie_new
[12:48:10] [ITEM_LISTED]: hugoleb vend 64 x Bamboo  pour 150.00β sur survie_new
[12:53:37] [ITEM_SOLD]: Tesla248 vendu 1 x [Cave spider Spawner] à  hugoleb pour 2,750.00 β le survie_new
[12:54:11] [ITEM_SOLD]: REGDYLAN vendu 32 x Leather à  hugoleb pour 500.00 β le survie_new
[12:54:25] [ITEM_RETURNED]: 1 x Enchanted Book  renvoyé à Haru_M le survie_new
[13:02:59] [ITEM_SOLD]: Zougless vendu 64 x Spruce Log à  Axiton pour 350.00 β le survie_new
[13:15:08] [ITEM_LISTED]: hugoleb vend 64 x Bamboo  pour 150.00β sur survie_new
[13:18:11] [ITEM_SOLD]: pierro vendu 64 x String à  Axiton pour 500.00 β le survie_new
[13:18:13] [ITEM_SOLD]: pierro vendu 64 x String à  Axiton pour 500.00 β le survie_new
[13:18:23] [ITEM_SOLD]: Zougless vendu 64 x Spruce Log à  Axiton pour 350.00 β le survie_new
[14:04:41] [ITEM_LISTED]: pierro vend 5 x [Cave spider Spawner]  pour 7,500.00β sur survie_new
[14:05:01] [ITEM_SOLD]: pierro vendu 5 x [Cave spider Spawner] à  REGDYLAN pour 7,500.00 β le survie_new
[14:05:42] [ITEM_LISTED]: pierro vend 1 x [Zombie Spawner]  pour 3,000.00β sur survie_new
[14:05:44] [ITEM_SOLD]: pierro vendu 1 x [Zombie Spawner] à  hugoleb pour 3,000.00 β le survie_new
[14:12:07] [ITEM_LISTED]: pierro vend 1 x Iron Axe  pour 50.00β sur survie_new
[14:12:12] [ITEM_LISTED]: pierro vend 1 x Iron Axe  pour 50.00β sur survie_new
[14:46:36] [ITEM_SOLD]: Cryyzi vendu 5 x Emerald à  Axiton pour 500.00 β le survie_new_the_end
[14:51:06] [ITEM_RETURNED]: 1 x Mineur  renvoyé à REGDYLAN le survie_new
[14:51:14] [ITEM_LISTED]: REGDYLAN vend 1 x Mineur  pour 1,000,000.00β sur survie_new
[15:02:12] [ITEM_CANCELLED]: hugoleb annule la vente de 64x Bamboo pour 150.00β sur survie_new
[15:02:12] [ITEM_CANCELLED]: hugoleb annule la vente de 64x Bamboo pour 150.00β sur survie_new
[15:02:12] [ITEM_CANCELLED]: hugoleb annule la vente de 64x Bamboo pour 150.00β sur survie_new
[15:02:12] [ITEM_CANCELLED]: hugoleb annule la vente de 64x Bamboo pour 150.00β sur survie_new
[15:02:12] [ITEM_CANCELLED]: hugoleb annule la vente de 64x Bamboo pour 150.00β sur survie_new
[15:02:41] [ITEM_RETURNED]: 64 x Bamboo  renvoyé à hugoleb le survie_new
[15:02:41] [ITEM_RETURNED]: 64 x Bamboo  renvoyé à hugoleb le survie_new
[15:02:42] [ITEM_RETURNED]: 64 x Bamboo  renvoyé à hugoleb le survie_new
[15:02:42] [ITEM_RETURNED]: 64 x Bamboo  renvoyé à hugoleb le survie_new
[15:02:42] [ITEM_RETURNED]: 64 x Bamboo  renvoyé à hugoleb le survie_new
[15:06:11] [ITEM_LISTED]: IntegraleEpice vend 1 x Crossbow  pour 100.00β sur survie_new
[15:36:35] [ITEM_SOLD]: Zougless vendu 64 x Spruce Log à  kalaistar pour 350.00 β le survie_new
[15:36:36] [ITEM_SOLD]: Zougless vendu 64 x Spruce Log à  kalaistar pour 350.00 β le survie_new
[15:36:37] [ITEM_SOLD]: Zougless vendu 64 x Spruce Log à  kalaistar pour 350.00 β le survie_new
[15:36:38] [ITEM_SOLD]: Zougless vendu 64 x Spruce Log à  kalaistar pour 350.00 β le survie_new
[15:37:04] [ITEM_SOLD]: Zougless vendu 64 x Spruce Log à  kalaistar pour 350.00 β le survie_new
[15:37:05] [ITEM_SOLD]: Zougless vendu 64 x Spruce Log à  kalaistar pour 350.00 β le survie_new
[15:37:06] [ITEM_SOLD]: Zougless vendu 64 x Spruce Log à  kalaistar pour 350.00 β le survie_new
[16:39:06] [ITEM_LISTED]: Christophe_ vend 64 x Leather  pour 75.00β sur survie_new
[16:39:07] [ITEM_LISTED]: Christophe_ vend 64 x Leather  pour 75.00β sur survie_new
[16:39:08] [ITEM_LISTED]: Christophe_ vend 64 x Leather  pour 75.00β sur survie_new
[16:39:09] [ITEM_LISTED]: Christophe_ vend 64 x Leather  pour 75.00β sur survie_new
[16:39:20] [ITEM_LISTED]: Christophe_ vend 64 x Leather  pour 75.00β sur survie_new
[16:39:21] [ITEM_LISTED]: Christophe_ vend 64 x Leather  pour 75.00β sur survie_new
[16:39:21] [ITEM_LISTED]: Christophe_ vend 64 x Leather  pour 75.00β sur survie_new
[16:39:22] [ITEM_LISTED]: Christophe_ vend 64 x Leather  pour 75.00β sur survie_new
[16:39:23] [ITEM_LISTED]: Christophe_ vend 64 x Leather  pour 75.00β sur survie_new
[16:39:24] [ITEM_LISTED]: Christophe_ vend 64 x Leather  pour 75.00β sur survie_new
[16:39:24] [ITEM_LISTED]: Christophe_ vend 64 x Leather  pour 75.00β sur survie_new
[16:39:25] [ITEM_LISTED]: Christophe_ vend 64 x Leather  pour 75.00β sur survie_new
[16:39:34] [ITEM_LISTED]: Christophe_ vend 64 x Cooked Beef  pour 50.00β sur survie_new
[16:39:35] [ITEM_LISTED]: Christophe_ vend 64 x Cooked Beef  pour 50.00β sur survie_new
[16:39:36] [ITEM_LISTED]: Christophe_ vend 64 x Cooked Beef  pour 50.00β sur survie_new
[16:39:37] [ITEM_LISTED]: Christophe_ vend 64 x Cooked Beef  pour 50.00β sur survie_new
[16:39:38] [ITEM_LISTED]: Christophe_ vend 64 x Cooked Beef  pour 50.00β sur survie_new
[16:39:39] [ITEM_LISTED]: Christophe_ vend 64 x Cooked Beef  pour 50.00β sur survie_new
[16:39:39] [ITEM_LISTED]: Christophe_ vend 64 x Cooked Beef  pour 50.00β sur survie_new
[16:40:32] [ITEM_SOLD]: Cryyzi vendu 1 x Diamond Sword à  [Smite IV, Unbreaking III, Curse of Vanishing] Christophe_ pour 500.00 β le survie_new
[16:48:57] [ITEM_SOLD]: Christophe_ vendu 64 x Cooked Beef à  vava34670 pour 50.00 β le survie_new
[16:48:59] [ITEM_SOLD]: Christophe_ vendu 64 x Cooked Beef à  vava34670 pour 50.00 β le survie_new
[16:49:01] [ITEM_SOLD]: Christophe_ vendu 64 x Cooked Beef à  vava34670 pour 50.00 β le survie_new
[16:49:31] [ITEM_SOLD]: Christophe_ vendu 64 x Cooked Beef à  vava34670 pour 50.00 β le survie_new
[16:49:33] [ITEM_SOLD]: Christophe_ vendu 64 x Cooked Beef à  vava34670 pour 50.00 β le survie_new
[16:49:34] [ITEM_SOLD]: Christophe_ vendu 64 x Cooked Beef à  vava34670 pour 50.00 β le survie_new
[16:49:36] [ITEM_SOLD]: Christophe_ vendu 64 x Cooked Beef à  vava34670 pour 50.00 β le survie_new
[17:08:10] [ITEM_LISTED]: pierro vend 1 x Red Shulker Box  pour 2,750.00β sur survie_new
[17:08:12] [ITEM_LISTED]: pierro vend 1 x Red Shulker Box  pour 2,750.00β sur survie_new
[17:15:09] [ITEM_SOLD]: pierro vendu 1 x Iron Axe à  Haru_M pour 50.00 β le survie_new
[17:15:30] [ITEM_SOLD]: Christophe_ vendu 64 x Leather à  kalaistar pour 75.00 β le survie_new
[17:15:31] [ITEM_SOLD]: Christophe_ vendu 64 x Leather à  kalaistar pour 75.00 β le survie_new
[17:15:32] [ITEM_SOLD]: Christophe_ vendu 64 x Leather à  kalaistar pour 75.00 β le survie_new
[17:15:33] [ITEM_SOLD]: Christophe_ vendu 64 x Leather à  kalaistar pour 75.00 β le survie_new
[17:15:33] [ITEM_SOLD]: Christophe_ vendu 64 x Leather à  kalaistar pour 75.00 β le survie_new
[17:15:34] [ITEM_SOLD]: Christophe_ vendu 64 x Leather à  kalaistar pour 75.00 β le survie_new
[17:15:35] [ITEM_SOLD]: Christophe_ vendu 64 x Leather à  kalaistar pour 75.00 β le survie_new
[17:15:36] [ITEM_SOLD]: Christophe_ vendu 64 x Leather à  kalaistar pour 75.00 β le survie_new
[17:15:37] [ITEM_SOLD]: Christophe_ vendu 64 x Leather à  kalaistar pour 75.00 β le survie_new
[17:15:38] [ITEM_SOLD]: Christophe_ vendu 64 x Leather à  kalaistar pour 75.00 β le survie_new
[17:15:38] [ITEM_SOLD]: Christophe_ vendu 64 x Leather à  kalaistar pour 75.00 β le survie_new
[17:15:39] [ITEM_SOLD]: Christophe_ vendu 64 x Leather à  kalaistar pour 75.00 β le survie_new
[17:30:10] [ITEM_SOLD]: pierro vendu 1 x Iron Axe à  Haru_M pour 50.00 β le survie_new
[17:35:51] [ITEM_LISTED]: K666D vend 64 x Melon Slice  pour 15.00β sur survie_new
[17:35:58] [ITEM_LISTED]: K666D vend 64 x Melon Slice  pour 15.00β sur survie_new
[17:36:05] [ITEM_LISTED]: K666D vend 64 x Melon Slice  pour 15.00β sur survie_new
[17:36:11] [ITEM_LISTED]: K666D vend 64 x Melon Slice  pour 15.00β sur survie_new
[17:36:45] [ITEM_LISTED]: K666D vend 10 x Bread  pour 20.00β sur survie_new
[17:36:53] [ITEM_LISTED]: K666D vend 10 x Bread  pour 20.00β sur survie_new
[17:36:59] [ITEM_LISTED]: K666D vend 10 x Bread  pour 20.00β sur survie_new
[17:39:19] [ITEM_LISTED]: K666D vend 64 x Melon Slice  pour 15.00β sur survie_new
[18:33:12] [ITEM_LISTED]: Axiton vend 64 x Blaze Rod  pour 3,200.00β sur survie_new
[18:33:16] [ITEM_LISTED]: Axiton vend 64 x Blaze Rod  pour 3,200.00β sur survie_new
[18:39:49] [ITEM_LISTED]: Axiton vend 64 x Blaze Rod  pour 3,200.00β sur survie_new
[18:43:24] [ITEM_LISTED]: Axiton vend 1 x Enchanted Book  pour 4,000.00β sur survie_new
[18:52:26] [ITEM_SOLD]: REGDYLAN vendu 1 x Diamond Pickaxe à  [Efficiency IV, Fortune III, Unbreaking III] Oziroal pour 3,000.00 β le survie_new
[19:16:30] [ITEM_LISTED]: Axiton vend 1 x Bow  [Flame, Mending, Power IV] pour 10,000.00β sur survie_new
[19:37:40] [ITEM_LISTED]: K666D vend 64 x Melon Seeds  pour 20.00β sur survie_new
[19:46:54] [ITEM_RETURNED]: 64 x Melon  renvoyé à GuiGuiPlay le survie_new
[19:46:55] [ITEM_RETURNED]: 64 x Melon  renvoyé à GuiGuiPlay le survie_new
[19:46:55] [ITEM_RETURNED]: 64 x Melon  renvoyé à GuiGuiPlay le survie_new
[19:46:57] [ITEM_RETURNED]: 1 x Stone Sword  [Mending, Sharpness VI, Unbreaking III] renvoyé à GuiGuiPlay le survie_new
[19:46:57] [ITEM_RETURNED]: 64 x Cocoa Beans  renvoyé à GuiGuiPlay le survie_new
[19:46:58] [ITEM_RETURNED]: 64 x Cocoa Beans  renvoyé à GuiGuiPlay le survie_new
[19:48:27] [ITEM_LISTED]: GuiGuiPlay vend 64 x Melon  pour 130.00β sur survie_new
[19:48:28] [ITEM_LISTED]: GuiGuiPlay vend 64 x Melon  pour 130.00β sur survie_new
[19:48:29] [ITEM_LISTED]: GuiGuiPlay vend 64 x Melon  pour 130.00β sur survie_new
[19:48:38] [ITEM_LISTED]: GuiGuiPlay vend 64 x Cocoa Beans  pour 100.00β sur survie_new
[19:48:39] [ITEM_LISTED]: GuiGuiPlay vend 64 x Cocoa Beans  pour 100.00β sur survie_new
[19:51:37] [ITEM_LISTED]: K666D vend 64 x Cobblestone  pour 30.00β sur survie_new
[19:51:46] [ITEM_LISTED]: K666D vend 64 x Cobblestone  pour 30.00β sur survie_new
[19:51:54] [ITEM_LISTED]: K666D vend 64 x Cobblestone  pour 30.00β sur survie_new
[19:52:38] [ITEM_LISTED]: K666D vend 64 x Spruce Log  pour 50.00β sur survie_new
[19:59:50] [ITEM_SOLD]: K666D vendu 64 x Spruce Log à  Isaorya pour 50.00 β le survie_new
[20:04:22] [ITEM_CANCELLED]: Christophe_ annule la vente de 1x Bousole de Limastic [Aqua Affinity X, Fire Aspect X, Fortune X, Sharpness X, Silk Touch, Smite X, Thorns X, Unbreaking X] pour 110,000.00β sur survie_new
[20:04:28] [ITEM_RETURNED]: 1 x Bousole de Limastic  [Aqua Affinity X, Fire Aspect X, Fortune X, Sharpness X, Silk Touch, Smite X, Thorns X, Unbreaking X] renvoyé à Christophe_ le survie_new
[20:04:36] [ITEM_LISTED]: Christophe_ vend 1 x Bousole de Limastic  [Aqua Affinity X, Fire Aspect X, Fortune X, Sharpness X, Silk Touch, Smite X, Thorns X, Unbreaking X] pour 100,000.00β sur survie_new
[20:17:37] [ITEM_LISTED]: omega2028 vend 1 x Enchanted Book  pour 2,500.00β sur survie_new
[20:17:41] [ITEM_LISTED]: omega2028 vend 1 x Enchanted Book  pour 2,500.00β sur survie_new
[20:18:07] [ITEM_LISTED]: omega2028 vend 1 x Enchanted Book  pour 2,500.00β sur survie_new
[20:30:32] [ITEM_DROPPED]: Abandon de la vente ElfeZoulou expirée de 1 x eau de bain d'Haru_M  pour 0.00β à leurs pieds le spawn
[20:55:12] [ITEM_SOLD]: Cryyzi vendu 1 x White Bed à  Oziroal pour 11.00 β le survie_new
[21:11:57] [ITEM_LISTED]: pierro vend 1 x Diamond Sword  [Sharpness III] pour 750.00β sur survie_new
[21:12:15] [ITEM_LISTED]: pierro vend 1 x Diamond Boots  [Feather Falling IV, Protection III] pour 4,750.00β sur survie_new
[21:12:25] [ITEM_LISTED]: pierro vend 1 x Iron Pickaxe  [Fortune III, Mending] pour 5,000.00β sur survie_new
[21:13:05] [ITEM_LISTED]: pierro vend 1 x Diamond Pickaxe  [Silk Touch, Unbreaking III] pour 3,750.00β sur survie_new
[21:13:51] [ITEM_LISTED]: pierro vend 1 x Iron Helmet  [Protection IV] pour 750.00β sur survie_new
[21:14:16] [ITEM_LISTED]: pierro vend 1 x Iron Leggings  [Mending, Protection IV, Unbreaking III] pour 4,000.00β sur survie_new
[21:21:51] [ITEM_CANCELLED]: Christophe_ annule la vente de 1x Bousole de Limastic [Aqua Affinity X, Fire Aspect X, Fortune X, Sharpness X, Silk Touch, Smite X, Thorns X, Unbreaking X] pour 100,000.00β sur survie_new
[21:23:33] [ITEM_LISTED]: omega2028 vend 1 x Birch Planks  [Unbreaking I] pour 150,000.00β sur survie_new
[21:25:21] [ITEM_LISTED]: limastic vend 1 x  T'es hyper casse couille  [Unbreaking X] pour 1,000,000.00β sur survie_new
[21:33:38] [ITEM_LISTED]: pierro vend 16 x Egg  pour 100.00β sur survie_new
[21:33:41] [ITEM_LISTED]: pierro vend 16 x Egg  pour 100.00β sur survie_new
[21:33:49] [ITEM_LISTED]: pierro vend 16 x Egg  pour 100.00β sur survie_new
[21:33:51] [ITEM_LISTED]: pierro vend 16 x Egg  pour 100.00β sur survie_new
[21:49:39] [ITEM_CANCELLED]: limastic annule la vente de 1x  T'es hyper casse couille [Unbreaking X] pour 1,000,000.00β sur survie_new
[21:49:42] [ITEM_RETURNED]: 1 x  T'es hyper casse couille  [Unbreaking X] renvoyé à limastic le survie_new
[21:49:45] [ITEM_RETURNED]: 1 x Diamond Leggings  [Unbreaking III, Curse of Vanishing] renvoyé à limastic le survie_new
[21:52:49] [ITEM_SOLD]: tmax06 vendu 64 x Rail à  Axiton pour 300.00 β le survie_new
[22:04:21] [ITEM_SOLD]: RazerJojo vendu 64 x Redstone Block à  Sifflote pour 300.00 β le survie_new
[22:22:41] [ITEM_LISTED]: Zougless vend 64 x Spruce Log  pour 350.00β sur survie_new
[22:22:44] [ITEM_LISTED]: Zougless vend 64 x Spruce Log  pour 350.00β sur survie_new
[22:22:46] [ITEM_LISTED]: Zougless vend 64 x Spruce Log  pour 350.00β sur survie_new
[22:22:48] [ITEM_LISTED]: Zougless vend 64 x Spruce Log  pour 350.00β sur survie_new
[22:22:50] [ITEM_LISTED]: Zougless vend 64 x Spruce Log  pour 350.00β sur survie_new
[22:22:53] [ITEM_LISTED]: Zougless vend 64 x Spruce Log  pour 350.00β sur survie_new
[22:22:58] [ITEM_LISTED]: Zougless vend 64 x Spruce Log  pour 350.00β sur survie_new
[22:23:00] [ITEM_LISTED]: Zougless vend 64 x Spruce Log  pour 350.00β sur survie_new
[22:23:02] [ITEM_LISTED]: Zougless vend 64 x Spruce Log  pour 350.00β sur survie_new
[22:26:14] [ITEM_SOLD]: Zougless vendu 64 x Spruce Log à  Axiton pour 350.00 β le survie_new
[22:26:15] [ITEM_SOLD]: Zougless vendu 64 x Spruce Log à  Axiton pour 350.00 β le survie_new
[22:26:16] [ITEM_SOLD]: Zougless vendu 64 x Spruce Log à  Axiton pour 350.00 β le survie_new
[22:26:17] [ITEM_SOLD]: Zougless vendu 64 x Spruce Log à  Axiton pour 350.00 β le survie_new
[22:26:18] [ITEM_SOLD]: Zougless vendu 64 x Spruce Log à  Axiton pour 350.00 β le survie_new
[22:26:20] [ITEM_SOLD]: Zougless vendu 64 x Spruce Log à  Axiton pour 350.00 β le survie_new
[22:26:21] [ITEM_SOLD]: Zougless vendu 64 x Spruce Log à  Axiton pour 350.00 β le survie_new
[22:26:22] [ITEM_SOLD]: Zougless vendu 64 x Spruce Log à  Axiton pour 350.00 β le survie_new
[22:26:23] [ITEM_SOLD]: Zougless vendu 64 x Spruce Log à  Axiton pour 350.00 β le survie_new
[22:28:42] [ITEM_LISTED]: Zougless vend 64 x Spruce Log  pour 350.00β sur survie_new
[22:28:44] [ITEM_LISTED]: Zougless vend 64 x Spruce Log  pour 350.00β sur survie_new
[22:28:46] [ITEM_LISTED]: Zougless vend 64 x Spruce Log  pour 350.00β sur survie_new
[22:28:48] [ITEM_LISTED]: Zougless vend 64 x Spruce Log  pour 350.00β sur survie_new
[22:28:49] [ITEM_LISTED]: Zougless vend 64 x Spruce Log  pour 350.00β sur survie_new
[22:28:51] [ITEM_LISTED]: Zougless vend 64 x Spruce Log  pour 350.00β sur survie_new
[22:28:53] [ITEM_LISTED]: Zougless vend 64 x Spruce Log  pour 350.00β sur survie_new
[22:28:56] [ITEM_LISTED]: Zougless vend 64 x Spruce Log  pour 350.00β sur survie_new
[22:28:58] [ITEM_LISTED]: Zougless vend 64 x Spruce Log  pour 350.00β sur survie_new
[22:34:52] [ITEM_SOLD]: K666D vendu 64 x Melon Slice à  _megamigit_ pour 15.00 β le survie_new
[22:34:54] [ITEM_SOLD]: K666D vendu 64 x Melon Slice à  _megamigit_ pour 15.00 β le survie_new
[23:01:56] [ITEM_LISTED]: Axiton vend 1 x Enchanted Book  pour 2,500.00β sur survie_new
[23:44:00] [ITEM_SOLD]: IntegraleEpice vendu 1 x Crossbow à  clementderi pour 100.00 β le survie_new
[23:46:43] [ITEM_SOLD]: Zougless vendu 64 x Spruce Log à  kalaistar pour 350.00 β le survie_new
[23:46:43] [ITEM_SOLD]: Zougless vendu 64 x Spruce Log à  kalaistar pour 350.00 β le survie_new
[23:46:44] [ITEM_SOLD]: Zougless vendu 64 x Spruce Log à  kalaistar pour 350.00 β le survie_new
[23:46:45] [ITEM_SOLD]: Zougless vendu 64 x Spruce Log à  kalaistar pour 350.00 β le survie_new
[23:46:46] [ITEM_SOLD]: Zougless vendu 64 x Spruce Log à  kalaistar pour 350.00 β le survie_new
[23:46:47] [ITEM_SOLD]: Zougless vendu 64 x Spruce Log à  kalaistar pour 350.00 β le survie_new
[23:46:47] [ITEM_SOLD]: Zougless vendu 64 x Spruce Log à  kalaistar pour 350.00 β le survie_new
[23:46:48] [ITEM_SOLD]: Zougless vendu 64 x Spruce Log à  kalaistar pour 350.00 β le survie_new
[23:46:49] [ITEM_SOLD]: Zougless vendu 64 x Spruce Log à  kalaistar pour 350.00 β le survie_new
[23:47:43] [ITEM_SOLD]: RazerJojo vendu 64 x Redstone Block à  kalaistar pour 300.00 β le survie_new
[23:47:44] [ITEM_SOLD]: RazerJojo vendu 64 x Redstone Block à  kalaistar pour 300.00 β le survie_new
