[00:01:58] [ITEM_LISTED]: Stebanou vend 22 x Cooked Porkchop  pour 2,000.00β sur survie_new
[00:02:07] [ITEM_CANCELLED]: Stebanou annule la vente de 22x Cooked Porkchop pour 2,000.00β sur survie_new
[00:02:09] [ITEM_RETURNED]: 22 x Cooked Porkchop  renvoyé à Stebanou le survie_new
[13:47:09] [ITEM_LISTED]: Haru_M vend 1 x Enchanted Book  pour 8,500.00β sur survie_new
[13:47:11] [ITEM_LISTED]: Haru_M vend 1 x Enchanted Book  pour 8,500.00β sur survie_new
[13:47:14] [ITEM_LISTED]: Haru_M vend 1 x Enchanted Book  pour 8,500.00β sur survie_new
[13:47:15] [ITEM_LISTED]: Haru_M vend 1 x Enchanted Book  pour 8,500.00β sur survie_new
[13:47:20] [ITEM_LISTED]: Haru_M vend 1 x Enchanted Book  pour 8,500.00β sur survie_new
[13:47:21] [ITEM_LISTED]: Haru_M vend 1 x Enchanted Book  pour 8,500.00β sur survie_new
[13:47:26] [ITEM_LISTED]: Haru_M vend 1 x Enchanted Book  pour 8,500.00β sur survie_new
[13:47:28] [ITEM_LISTED]: Haru_M vend 1 x Enchanted Book  pour 8,500.00β sur survie_new
[13:47:31] [ITEM_LISTED]: Haru_M vend 1 x Enchanted Book  pour 8,500.00β sur survie_new
[13:48:12] [ITEM_LISTED]: Haru_M vend 1 x Enchanted Book  pour 3,000.00β sur survie_new
[13:48:16] [ITEM_LISTED]: Haru_M vend 1 x Enchanted Book  pour 3,000.00β sur survie_new
[13:48:18] [ITEM_LISTED]: Haru_M vend 1 x Enchanted Book  pour 3,000.00β sur survie_new
[13:48:21] [ITEM_LISTED]: Haru_M vend 1 x Enchanted Book  pour 3,000.00β sur survie_new
[14:43:15] [ITEM_LISTED]: Christophe_ vend 64 x Glowstone  pour 500.00β sur survie_new_nether
[14:43:16] [ITEM_LISTED]: Christophe_ vend 64 x Glowstone  pour 500.00β sur survie_new_nether
[14:43:17] [ITEM_SOLD]: Christophe_ vendu 64 x Glowstone à  Yohan81 pour 500.00 β le survie_new_nether
[14:43:19] [ITEM_SOLD]: Christophe_ vendu 64 x Glowstone à  Yohan81 pour 500.00 β le survie_new_nether
[14:43:32] [ITEM_SOLD]: Toryar vendu 1 x Christmas Calendar Present à  Christophe_ pour 100,000.00 β le survie_new
[15:15:34] [ITEM_LISTED]: Darinor_ vend 1 x Name Tag  pour 800.00β sur survie_new
[15:15:37] [ITEM_LISTED]: Darinor_ vend 1 x Name Tag  pour 800.00β sur survie_new
[15:15:40] [ITEM_LISTED]: Darinor_ vend 1 x Name Tag  pour 800.00β sur survie_new
[15:15:43] [ITEM_LISTED]: Darinor_ vend 1 x Name Tag  pour 800.00β sur survie_new
[15:15:46] [ITEM_LISTED]: Darinor_ vend 3 x Name Tag  pour 800.00β sur survie_new
[15:16:07] [ITEM_LISTED]: Darinor_ vend 1 x Enchanted Book  pour 2,500.00β sur survie_new
[15:17:56] [ITEM_LISTED]: Darinor_ vend 1 x Elytra  pour 10,000.00β sur survie_new
[15:49:39] [ITEM_LISTED]: Yohan81 vend 1 x Turtle Egg  pour 5,000.00β sur survie_new
[15:49:47] [ITEM_LISTED]: Yohan81 vend 1 x Creeper Banner Pattern  pour 1,000.00β sur survie_new
[16:05:40] [ITEM_LISTED]: Stebanou vend 1 x Music Disc Mall  pour 2,000.00β sur survie_new
[16:17:30] [ITEM_CANCELLED]: Darinor_ annule la vente de 3x Name Tag pour 800.00β sur survie_new
[16:17:52] [ITEM_RETURNED]: 3 x Name Tag  renvoyé à Darinor_ le survie_new
[16:56:20] [ITEM_CANCELLED]: Stebanou annule la vente de 1x Music Disc Blocks pour 3,000.00β sur survie_new
[16:56:23] [ITEM_RETURNED]: 1 x Music Disc Blocks  renvoyé à Stebanou le survie_new
[16:57:54] [ITEM_LISTED]: OfCourse vend 64 x Sugar Cane  pour 40.00β sur survie_new
[16:58:05] [ITEM_LISTED]: OfCourse vend 64 x Sugar Cane  pour 40.00β sur survie_new
[16:58:09] [ITEM_LISTED]: OfCourse vend 64 x Sugar Cane  pour 40.00β sur survie_new
[16:58:13] [ITEM_SOLD]: OfCourse vendu 64 x Sugar Cane à  Yohan81 pour 40.00 β le survie_new
[16:58:13] [ITEM_LISTED]: OfCourse vend 64 x Sugar Cane  pour 40.00β sur survie_new
[16:58:14] [ITEM_SOLD]: OfCourse vendu 64 x Sugar Cane à  Yohan81 pour 40.00 β le survie_new
[16:58:15] [ITEM_SOLD]: OfCourse vendu 64 x Sugar Cane à  Yohan81 pour 40.00 β le survie_new
[16:58:16] [ITEM_SOLD]: OfCourse vendu 64 x Sugar Cane à  Yohan81 pour 40.00 β le survie_new
[16:58:21] [ITEM_LISTED]: OfCourse vend 8 x Sugar Cane  pour 0.00β sur survie_new
[17:00:54] [ITEM_LISTED]: OfCourse vend 1 x Stonecutter  pour 10.00β sur survie_new
[17:02:11] [ITEM_CANCELLED]: OfCourse annule la vente de 1x Stonecutter pour 10.00β sur survie_new
[17:02:13] [ITEM_CANCELLED]: OfCourse annule la vente de 8x Sugar Cane pour 0.00β sur survie_new
[17:02:34] [ITEM_RETURNED]: 64 x Apple  renvoyé à OfCourse le survie_new
[17:02:36] [ITEM_RETURNED]: 1 x Stonecutter  renvoyé à OfCourse le survie_new
[17:02:37] [ITEM_RETURNED]: 8 x Sugar Cane  renvoyé à OfCourse le survie_new
[17:37:57] [ITEM_SOLD]: Yohan81 vendu 1 x Creeper Banner Pattern à  Zarbikop pour 1,000.00 β le survie_new
[17:56:27] [ITEM_LISTED]: Yohan81 vend 38 x Sugar Cane  pour 30.00β sur survie_new
[17:59:08] [ITEM_LISTED]: OfCourse vend 1 x Golden Shovel  pour 20.00β sur survie_new
[17:59:10] [ITEM_SOLD]: OfCourse vendu 1 x Golden Shovel à  Yohan81 pour 20.00 β le survie_new
[17:59:56] [ITEM_LISTED]: Yohan81 vend 1 x Pelle Magique  [Efficiency IV, Mending, Unbreaking VII] pour 1,000,000.00β sur survie_new
[18:00:01] [ITEM_CANCELLED]: Yohan81 annule la vente de 1x Pelle Magique [Efficiency IV, Mending, Unbreaking VII] pour 1,000,000.00β sur survie_new
[18:00:41] [ITEM_RETURNED]: 1 x Pelle Magique  [Efficiency IV, Mending, Unbreaking VII] renvoyé à Yohan81 le survie_new
[18:32:53] [ITEM_CANCELLED]: Stebanou annule la vente de 1x §;§:Spawner à Araignée venimeuse 1x pour 5,000.00β sur survie_new
[18:32:55] [ITEM_RETURNED]: 1 x §;§:Spawner à Araignée venimeuse 1x  renvoyé à Stebanou le survie_new
[18:36:11] [ITEM_LISTED]: Stebanou vend 64 x Acacia Log  pour 3,000.00β sur survie_new
[18:36:18] [ITEM_LISTED]: Stebanou vend 1 x §;§:Spawner à Araignée venimeuse 1x  pour 3,000.00β sur survie_new
[18:36:23] [ITEM_CANCELLED]: Stebanou annule la vente de 64x Acacia Log pour 3,000.00β sur survie_new
[18:36:24] [ITEM_RETURNED]: 64 x Acacia Log  renvoyé à Stebanou le survie_new
[18:36:38] [ITEM_LISTED]: OfCourse vend 1 x Fire Charge  pour 200.00β sur survie_new
[18:46:47] [ITEM_SOLD]: Darinor_ vendu 1 x Elytra à  Stebanou pour 10,000.00 β le survie_new
[19:07:26] [ITEM_LISTED]: OfCourse vend 1 x §;§:Spawner à Araignée venimeuse 1x  pour 1,500.00β sur survie_new
[19:13:55] [ITEM_SOLD]: TheSolobaid vendu 7 x Jungle Log à  Val64 pour 20.00 β le survie_new
[19:46:48] [ITEM_LISTED]: Mathis6000 vend 1 x Stonecutter  pour 10.00β sur survie_new
[19:47:11] [ITEM_LISTED]: Mathis6000 vend 1 x Blaze Rod  pour 20.00β sur survie_new
[19:48:15] [ITEM_LISTED]: Mathis6000 vend 1 x Written Book  pour 1,000.00β sur survie_new
[19:49:21] [ITEM_LISTED]: Mathis6000 vend 1 x Written Book  pour 0.00β sur survie_new
[19:50:52] [ITEM_LISTED]: Mathis6000 vend 1 x Written Book  pour 123.00β sur survie_new
[19:51:26] [ITEM_LISTED]: Mathis6000 vend 1 x Bread  pour 1.00β sur survie_new
[19:58:05] [ITEM_LISTED]: OfCourse vend 1 x Livre pour une création Légendaire  pour 1,000.00β sur survie_new
[20:11:37] [ITEM_LISTED]: Stebanou vend 1 x Music Disc Stal  pour 2,000.00β sur survie_new
[20:37:35] [ITEM_LISTED]: Yohan81 vend 1 x Saddle  pour 100.00β sur survie_new
[20:41:56] [ITEM_LISTED]: xlaser vend 1 x Chicken  pour 200.00β sur survie_new
[21:39:22] [ITEM_LISTED]: CroixVeBaton vend 1 x Grade Fantôme ou Empereur  pour 500,000.00β sur survie_new
[21:59:45] [ITEM_CANCELLED]: CroixVeBaton annule la vente de 1x Grade Fantôme ou Empereur pour 500,000.00β sur survie_new
[22:00:18] [ITEM_RETURNED]: 1 x Grade Fantôme ou Empereur  renvoyé à CroixVeBaton le survie_new
[22:42:26] [ITEM_SOLD]: Sifflote vendu 1 x Diamond Pickaxe à  [Efficiency III, Silk Touch, Unbreaking III] ticiatrhd pour 7,500.00 β le survie_new
[23:12:06] [ITEM_SOLD]: OfCourse vendu 1 x §;§:Spawner à Araignée venimeuse 1x à  RoroElPadre pour 1,500.00 β le survie_new
[23:13:36] [ITEM_CANCELLED]: Stebanou annule la vente de 1x §;§:Spawner à Araignée venimeuse 1x pour 3,000.00β sur survie_new
[23:13:37] [ITEM_RETURNED]: 1 x §;§:Spawner à Araignée venimeuse 1x  renvoyé à Stebanou le survie_new
[23:47:40] [ITEM_SOLD]: OfCourse vendu 1 x Livre pour une création Légendaire à  aidan pour 1,000.00 β le survie_new
[23:47:46] [ITEM_LISTED]: Stebanou vend 1 x Music Disc Chirp  pour 2,000.00β sur survie_new
