[02:18:51] [ITEM_LISTED]: amnotte vend 1 x §;§:Spawner à Arraigné 1x  pour 15,000.00β sur survie_new
[02:43:26] [ITEM_SOLD]: Blazd vendu 1 x Enchanted Book à  Dilixc pour 7,000.00 β le survie_new
[02:46:57] [ITEM_LISTED]: amnotte vend 1 x Music Disc Cat  pour 8,000.00β sur survie_new
[02:47:01] [ITEM_LISTED]: amnotte vend 1 x Music Disc 13  pour 8,000.00β sur survie_new
[02:48:45] [ITEM_LISTED]: amnotte vend 64 x Sugar Cane  pour 3,000.00β sur survie_new
[02:48:48] [ITEM_LISTED]: amnotte vend 64 x Sugar Cane  pour 3,000.00β sur survie_new
[02:48:49] [ITEM_LISTED]: amnotte vend 64 x Sugar Cane  pour 3,000.00β sur survie_new
[02:48:54] [ITEM_LISTED]: amnotte vend 64 x Sugar Cane  pour 3,000.00β sur survie_new
[02:48:57] [ITEM_LISTED]: amnotte vend 64 x Sugar Cane  pour 3,000.00β sur survie_new
[02:49:20] [ITEM_SOLD]: OfCourse vendu 1 x Poisonous Potato à  Dilixc pour 0.00 β le survie_new
[02:49:33] [ITEM_LISTED]: amnotte vend 48 x Sugar Cane  pour 2,200.00β sur survie_new
[02:49:52] [ITEM_LISTED]: amnotte vend 1 x Cake  pour 5,000.00β sur survie_new
[02:49:56] [ITEM_LISTED]: amnotte vend 1 x Cake  pour 5,000.00β sur survie_new
[02:49:58] [ITEM_LISTED]: amnotte vend 1 x Cake  pour 5,000.00β sur survie_new
[02:49:59] [ITEM_LISTED]: amnotte vend 1 x Cake  pour 5,000.00β sur survie_new
[02:50:01] [ITEM_LISTED]: amnotte vend 1 x Cake  pour 5,000.00β sur survie_new
[09:59:06] [ITEM_LISTED]: sylverfire02 vend 1 x §;§:Spawner à Blaze 1x  pour 35,000.00β sur survie_new
[09:59:09] [ITEM_LISTED]: sylverfire02 vend 1 x §;§:Spawner à Blaze 1x  pour 35,000.00β sur survie_new
[11:29:37] [ITEM_SOLD]: Blazd vendu 1 x Enchanted Book à  REGDYLAN pour 14,000.00 β le survie_new
[16:40:06] [ITEM_SOLD]: Kaio_Beninou vendu 1 x Saddle à  Asotrot pour 500.00 β le survie_new
[17:53:49] [ITEM_LISTED]: Bertrand vend 1 x Music Disc Wait  pour 500.00β sur survie_new
[18:26:54] [ITEM_SOLD]: Lenny vendu 64 x Sweet Berries à  gamerlenon pour 135.00 β le survie_new
[18:46:46] [ITEM_LISTED]: Bertrand vend 1 x Experience Bottle  pour 1,000.00β sur survie_new
[18:54:24] [ITEM_LISTED]: Christophe_ vend 1 x Golden Sword  [Sharpness VIII] pour 10,000.00β sur survie_new
[19:01:20] [ITEM_CANCELLED]: sylverfire02 annule la vente de 1x §;§:Spawner à Blaze 1x pour 35,000.00β sur survie_new
[19:01:21] [ITEM_CANCELLED]: sylverfire02 annule la vente de 1x §;§:Spawner à Blaze 1x pour 35,000.00β sur survie_new
[19:01:50] [ITEM_RETURNED]: 64 x Phantom Membrane  renvoyé à sylverfire02 le survie_new
[19:01:50] [ITEM_RETURNED]: 1 x §;§:Spawner à Blaze 1x  renvoyé à sylverfire02 le survie_new
[19:01:52] [ITEM_RETURNED]: 1 x §;§:Spawner à Blaze 1x  renvoyé à sylverfire02 le survie_new
[19:02:04] [ITEM_LISTED]: sylverfire02 vend 1 x §;§:Spawner à Blaze 1x  pour 4,000.00β sur survie_new
[19:02:07] [ITEM_LISTED]: sylverfire02 vend 1 x §;§:Spawner à Blaze 1x  pour 4,000.00β sur survie_new
[19:02:08] [ITEM_SOLD]: sylverfire02 vendu 1 x §;§:Spawner à Blaze 1x à  Christophe_ pour 4,000.00 β le survie_new
[19:02:10] [ITEM_SOLD]: sylverfire02 vendu 1 x §;§:Spawner à Blaze 1x à  Christophe_ pour 4,000.00 β le survie_new
[19:06:26] [ITEM_LISTED]: Bertrand vend 1 x §;§:Spawner à Blaze 1x  pour 4,000.00β sur survie_new_nether
[19:11:18] [ITEM_LISTED]: Bertrand vend 1 x §;§:Spawner à Blaze 1x  pour 4,000.00β sur survie_new_nether
[19:11:50] [ITEM_SOLD]: Bertrand vendu 1 x §;§:Spawner à Blaze 1x à  Christophe_ pour 4,000.00 β le survie_new_nether
[19:11:51] [ITEM_SOLD]: Bertrand vendu 1 x §;§:Spawner à Blaze 1x à  Christophe_ pour 4,000.00 β le survie_new_nether
[19:16:21] [ITEM_LISTED]: Christophe_ vend 1 x Arbalète du vieux Aaran  [Unbreaking V] pour 10,000.00β sur survie_new
[19:16:33] [ITEM_CANCELLED]: Christophe_ annule la vente de 1x Arbalète du vieux Aaran [Unbreaking V] pour 10,000.00β sur survie_new
[19:16:35] [ITEM_RETURNED]: 1 x Arbalète du vieux Aaran  [Unbreaking V] renvoyé à Christophe_ le survie_new
[19:17:47] [ITEM_LISTED]: Christophe_ vend 1 x Arbalète   [Unbreaking V] pour 10,000.00β sur survie_new
[19:25:09] [ITEM_LISTED]: sylverfire02 vend 1 x §;§:Spawner à Blaze 1x  pour 5,000.00β sur survie_new
[19:25:13] [ITEM_LISTED]: sylverfire02 vend 1 x §;§:Spawner à Blaze 1x  pour 5,000.00β sur survie_new
[19:25:15] [ITEM_LISTED]: sylverfire02 vend 1 x §;§:Spawner à Blaze 1x  pour 5,000.00β sur survie_new
[19:25:17] [ITEM_LISTED]: sylverfire02 vend 1 x §;§:Spawner à Blaze 1x  pour 5,000.00β sur survie_new
[19:25:19] [ITEM_LISTED]: sylverfire02 vend 1 x §;§:Spawner à Blaze 1x  pour 5,000.00β sur survie_new
[19:25:21] [ITEM_LISTED]: sylverfire02 vend 1 x §;§:Spawner à Blaze 1x  pour 5,000.00β sur survie_new
[19:25:23] [ITEM_LISTED]: sylverfire02 vend 1 x §;§:Spawner à Blaze 1x  pour 5,000.00β sur survie_new
[19:25:25] [ITEM_LISTED]: sylverfire02 vend 1 x §;§:Spawner à Blaze 1x  pour 5,000.00β sur survie_new
[19:25:27] [ITEM_LISTED]: sylverfire02 vend 1 x §;§:Spawner à Blaze 1x  pour 5,000.00β sur survie_new
[19:25:47] [ITEM_LISTED]: sylverfire02 vend 1 x §;§:Spawner à Blaze 1x  pour 5,000.00β sur survie_new
[19:25:49] [ITEM_LISTED]: sylverfire02 vend 1 x §;§:Spawner à Blaze 1x  pour 5,000.00β sur survie_new
[19:25:52] [ITEM_LISTED]: sylverfire02 vend 1 x §;§:Spawner à Blaze 1x  pour 5,000.00β sur survie_new
[19:25:53] [ITEM_LISTED]: sylverfire02 vend 1 x §;§:Spawner à Blaze 1x  pour 5,000.00β sur survie_new
[19:25:56] [ITEM_LISTED]: sylverfire02 vend 1 x §;§:Spawner à Blaze 1x  pour 5,000.00β sur survie_new
[19:25:57] [ITEM_LISTED]: sylverfire02 vend 1 x §;§:Spawner à Blaze 1x  pour 5,000.00β sur survie_new
[19:25:59] [ITEM_LISTED]: sylverfire02 vend 1 x §;§:Spawner à Blaze 1x  pour 5,000.00β sur survie_new
[19:26:01] [ITEM_LISTED]: sylverfire02 vend 1 x §;§:Spawner à Blaze 1x  pour 5,000.00β sur survie_new
[19:26:04] [ITEM_LISTED]: sylverfire02 vend 1 x §;§:Spawner à Blaze 1x  pour 5,000.00β sur survie_new
[19:26:10] [ITEM_LISTED]: sylverfire02 vend 1 x §;§:Spawner à Blaze 1x  pour 5,000.00β sur survie_new
[19:26:12] [ITEM_LISTED]: sylverfire02 vend 1 x §;§:Spawner à Blaze 1x  pour 5,000.00β sur survie_new
[19:28:58] [ITEM_CANCELLED]: sylverfire02 annule la vente de 1x §;§:Spawner à Blaze 1x pour 5,000.00β sur survie_new
[19:28:58] [ITEM_CANCELLED]: sylverfire02 annule la vente de 1x §;§:Spawner à Blaze 1x pour 5,000.00β sur survie_new
[19:29:00] [ITEM_CANCELLED]: sylverfire02 annule la vente de 1x §;§:Spawner à Blaze 1x pour 5,000.00β sur survie_new
[19:29:00] [ITEM_CANCELLED]: sylverfire02 annule la vente de 1x §;§:Spawner à Blaze 1x pour 5,000.00β sur survie_new
[19:29:02] [ITEM_CANCELLED]: sylverfire02 annule la vente de 1x §;§:Spawner à Blaze 1x pour 5,000.00β sur survie_new
[19:29:02] [ITEM_CANCELLED]: sylverfire02 annule la vente de 1x §;§:Spawner à Blaze 1x pour 5,000.00β sur survie_new
[19:29:03] [ITEM_CANCELLED]: sylverfire02 annule la vente de 1x §;§:Spawner à Blaze 1x pour 5,000.00β sur survie_new
[19:29:03] [ITEM_CANCELLED]: sylverfire02 annule la vente de 1x §;§:Spawner à Blaze 1x pour 5,000.00β sur survie_new
[19:29:04] [ITEM_CANCELLED]: sylverfire02 annule la vente de 1x §;§:Spawner à Blaze 1x pour 5,000.00β sur survie_new
[19:29:04] [ITEM_CANCELLED]: sylverfire02 annule la vente de 1x §;§:Spawner à Blaze 1x pour 5,000.00β sur survie_new
[19:29:05] [ITEM_CANCELLED]: sylverfire02 annule la vente de 1x §;§:Spawner à Blaze 1x pour 5,000.00β sur survie_new
[19:29:05] [ITEM_CANCELLED]: sylverfire02 annule la vente de 1x §;§:Spawner à Blaze 1x pour 5,000.00β sur survie_new
[19:29:06] [ITEM_CANCELLED]: sylverfire02 annule la vente de 1x §;§:Spawner à Blaze 1x pour 5,000.00β sur survie_new
[19:29:06] [ITEM_CANCELLED]: sylverfire02 annule la vente de 1x §;§:Spawner à Blaze 1x pour 5,000.00β sur survie_new
[19:29:06] [ITEM_CANCELLED]: sylverfire02 annule la vente de 1x §;§:Spawner à Blaze 1x pour 5,000.00β sur survie_new
[19:29:07] [ITEM_CANCELLED]: sylverfire02 annule la vente de 1x §;§:Spawner à Blaze 1x pour 5,000.00β sur survie_new
[19:29:07] [ITEM_CANCELLED]: sylverfire02 annule la vente de 1x §;§:Spawner à Blaze 1x pour 5,000.00β sur survie_new
[19:29:09] [ITEM_CANCELLED]: sylverfire02 annule la vente de 1x §;§:Spawner à Blaze 1x pour 5,000.00β sur survie_new
[19:29:09] [ITEM_CANCELLED]: sylverfire02 annule la vente de 1x §;§:Spawner à Blaze 1x pour 5,000.00β sur survie_new
[19:29:10] [ITEM_CANCELLED]: sylverfire02 annule la vente de 1x §;§:Spawner à Blaze 1x pour 5,000.00β sur survie_new
[19:29:16] [ITEM_RETURNED]: 1 x §;§:Spawner à Blaze 1x  renvoyé à sylverfire02 le survie_new
[19:29:16] [ITEM_RETURNED]: 1 x §;§:Spawner à Blaze 1x  renvoyé à sylverfire02 le survie_new
[19:29:16] [ITEM_RETURNED]: 1 x §;§:Spawner à Blaze 1x  renvoyé à sylverfire02 le survie_new
[19:29:16] [ITEM_RETURNED]: 1 x §;§:Spawner à Blaze 1x  renvoyé à sylverfire02 le survie_new
[19:29:16] [ITEM_RETURNED]: 1 x §;§:Spawner à Blaze 1x  renvoyé à sylverfire02 le survie_new
[19:29:16] [ITEM_RETURNED]: 1 x §;§:Spawner à Blaze 1x  renvoyé à sylverfire02 le survie_new
[19:29:16] [ITEM_RETURNED]: 1 x §;§:Spawner à Blaze 1x  renvoyé à sylverfire02 le survie_new
[19:29:16] [ITEM_RETURNED]: 1 x §;§:Spawner à Blaze 1x  renvoyé à sylverfire02 le survie_new
[19:29:16] [ITEM_RETURNED]: 1 x §;§:Spawner à Blaze 1x  renvoyé à sylverfire02 le survie_new
[19:29:17] [ITEM_RETURNED]: 1 x §;§:Spawner à Blaze 1x  renvoyé à sylverfire02 le survie_new
[19:29:17] [ITEM_RETURNED]: 1 x §;§:Spawner à Blaze 1x  renvoyé à sylverfire02 le survie_new
[19:29:17] [ITEM_RETURNED]: 1 x §;§:Spawner à Blaze 1x  renvoyé à sylverfire02 le survie_new
[19:29:17] [ITEM_RETURNED]: 1 x §;§:Spawner à Blaze 1x  renvoyé à sylverfire02 le survie_new
[19:29:17] [ITEM_RETURNED]: 1 x §;§:Spawner à Blaze 1x  renvoyé à sylverfire02 le survie_new
[19:29:17] [ITEM_RETURNED]: 1 x §;§:Spawner à Blaze 1x  renvoyé à sylverfire02 le survie_new
[19:29:17] [ITEM_RETURNED]: 1 x §;§:Spawner à Blaze 1x  renvoyé à sylverfire02 le survie_new
[19:29:17] [ITEM_RETURNED]: 1 x §;§:Spawner à Blaze 1x  renvoyé à sylverfire02 le survie_new
[19:29:17] [ITEM_RETURNED]: 1 x §;§:Spawner à Blaze 1x  renvoyé à sylverfire02 le survie_new
[19:29:17] [ITEM_RETURNED]: 1 x §;§:Spawner à Blaze 1x  renvoyé à sylverfire02 le survie_new
[19:29:17] [ITEM_RETURNED]: 1 x §;§:Spawner à Blaze 1x  renvoyé à sylverfire02 le survie_new
[20:18:46] [ITEM_LISTED]: Chacalus vend 2 x Pufferfish  pour 50.00β sur survie_new
[20:18:56] [ITEM_CANCELLED]: Chacalus annule la vente de 2x Pufferfish pour 50.00β sur survie_new
[20:19:12] [ITEM_RETURNED]: 2 x Pufferfish  renvoyé à Chacalus le survie_new
[20:19:18] [ITEM_LISTED]: Chacalus vend 2 x Pufferfish  pour 100.00β sur survie_new
[20:19:28] [ITEM_SOLD]: Chacalus vendu 2 x Pufferfish à  Christophe_ pour 100.00 β le survie_new
[20:24:08] [ITEM_LISTED]: Bertrand vend 1 x Music Disc Mall  pour 600.00β sur survie_new
[20:52:29] [ITEM_LISTED]: Chacalus vend 3 x Pufferfish  pour 150.00β sur survie_new
[20:52:46] [ITEM_SOLD]: Chacalus vendu 3 x Pufferfish à  Christophe_ pour 150.00 β le survie_new
[21:18:02] [ITEM_SOLD]: Bertrand vendu 1 x Music Disc Wait à  Isaorya pour 500.00 β le survie_new
[21:18:24] [ITEM_SOLD]: Bertrand vendu 1 x Music Disc Mall à  Isaorya pour 600.00 β le survie_new
[21:46:09] [ITEM_LISTED]: DrAnomis vend 7 x §;§:Spawner à Blaze 1x  pour 30,000.00β sur survie_new
[21:46:13] [ITEM_SOLD]: DrAnomis vendu 7 x §;§:Spawner à Blaze 1x à  Christophe_ pour 30,000.00 β le survie_new
[21:48:24] [ITEM_LISTED]: Blazd vend 64 x Mycelium  pour 20,000.00β sur survie_new
[21:48:39] [ITEM_CANCELLED]: Bertrand annule la vente de 1x Music Disc Cat pour 300.00β sur survie_new
[21:48:43] [ITEM_RETURNED]: 1 x Music Disc Cat  renvoyé à Bertrand le survie_new
[21:48:56] [ITEM_LISTED]: Bertrand vend 1 x Music Disc Cat  pour 400.00β sur survie_new
[22:17:33] [ITEM_LISTED]: hugoleb vend 64 x Sugar Cane  pour 50.00β sur survie_new
[22:17:38] [ITEM_LISTED]: hugoleb vend 64 x Sugar Cane  pour 50.00β sur survie_new
[22:17:40] [ITEM_LISTED]: hugoleb vend 64 x Sugar Cane  pour 50.00β sur survie_new
[22:17:47] [ITEM_LISTED]: hugoleb vend 64 x Sugar Cane  pour 50.00β sur survie_new
[22:17:50] [ITEM_LISTED]: hugoleb vend 64 x Sugar Cane  pour 50.00β sur survie_new
[22:17:55] [ITEM_LISTED]: hugoleb vend 64 x Sugar Cane  pour 50.00β sur survie_new
[22:18:01] [ITEM_LISTED]: hugoleb vend 64 x Sugar Cane  pour 50.00β sur survie_new
[22:19:27] [ITEM_LISTED]: hugoleb vend 64 x Sugar Cane  pour 50.00β sur survie_new
[22:19:29] [ITEM_LISTED]: hugoleb vend 64 x Sugar Cane  pour 50.00β sur survie_new
[22:19:31] [ITEM_LISTED]: hugoleb vend 64 x Sugar Cane  pour 50.00β sur survie_new
[22:19:33] [ITEM_LISTED]: hugoleb vend 64 x Sugar Cane  pour 50.00β sur survie_new
[22:19:38] [ITEM_LISTED]: hugoleb vend 64 x Sugar Cane  pour 50.00β sur survie_new
[22:19:41] [ITEM_LISTED]: hugoleb vend 64 x Sugar Cane  pour 50.00β sur survie_new
[22:19:43] [ITEM_LISTED]: hugoleb vend 64 x Sugar Cane  pour 50.00β sur survie_new
[22:19:46] [ITEM_LISTED]: hugoleb vend 64 x Sugar Cane  pour 50.00β sur survie_new
[22:19:53] [ITEM_LISTED]: hugoleb vend 64 x Sugar Cane  pour 50.00β sur survie_new
[22:19:55] [ITEM_LISTED]: hugoleb vend 64 x Sugar Cane  pour 50.00β sur survie_new
[22:19:57] [ITEM_LISTED]: hugoleb vend 64 x Sugar Cane  pour 50.00β sur survie_new
[22:20:00] [ITEM_LISTED]: hugoleb vend 64 x Sugar Cane  pour 50.00β sur survie_new
[22:20:30] [ITEM_LISTED]: hugoleb vend 64 x Sugar Cane  pour 50.00β sur survie_new
[22:20:32] [ITEM_LISTED]: hugoleb vend 64 x Sugar Cane  pour 50.00β sur survie_new
[22:20:34] [ITEM_LISTED]: hugoleb vend 64 x Sugar Cane  pour 50.00β sur survie_new
[22:20:36] [ITEM_LISTED]: hugoleb vend 64 x Sugar Cane  pour 50.00β sur survie_new
[22:20:49] [ITEM_SOLD]: hugoleb vendu 64 x Sugar Cane à  CroixVeBaton pour 50.00 β le survie_new
[22:20:51] [ITEM_SOLD]: hugoleb vendu 64 x Sugar Cane à  CroixVeBaton pour 50.00 β le survie_new
[22:20:52] [ITEM_SOLD]: hugoleb vendu 64 x Sugar Cane à  CroixVeBaton pour 50.00 β le survie_new
[22:20:53] [ITEM_LISTED]: hugoleb vend 64 x Sugar Cane  pour 50.00β sur survie_new
[22:20:57] [ITEM_LISTED]: hugoleb vend 64 x Sugar Cane  pour 50.00β sur survie_new
[22:20:58] [ITEM_SOLD]: hugoleb vendu 64 x Sugar Cane à  CroixVeBaton pour 50.00 β le survie_new
[22:20:59] [ITEM_SOLD]: hugoleb vendu 64 x Sugar Cane à  CroixVeBaton pour 50.00 β le survie_new
[22:21:00] [ITEM_SOLD]: hugoleb vendu 64 x Sugar Cane à  CroixVeBaton pour 50.00 β le survie_new
[22:21:01] [ITEM_SOLD]: hugoleb vendu 64 x Sugar Cane à  CroixVeBaton pour 50.00 β le survie_new
[22:21:02] [ITEM_SOLD]: hugoleb vendu 64 x Sugar Cane à  CroixVeBaton pour 50.00 β le survie_new
[22:21:03] [ITEM_SOLD]: hugoleb vendu 64 x Sugar Cane à  CroixVeBaton pour 50.00 β le survie_new
[22:21:04] [ITEM_LISTED]: hugoleb vend 64 x Sugar Cane  pour 50.00β sur survie_new
[22:21:04] [ITEM_SOLD]: hugoleb vendu 64 x Sugar Cane à  CroixVeBaton pour 50.00 β le survie_new
[22:21:06] [ITEM_SOLD]: hugoleb vendu 64 x Sugar Cane à  CroixVeBaton pour 50.00 β le survie_new
[22:21:07] [ITEM_SOLD]: hugoleb vendu 64 x Sugar Cane à  CroixVeBaton pour 50.00 β le survie_new
[22:21:08] [ITEM_SOLD]: hugoleb vendu 64 x Sugar Cane à  CroixVeBaton pour 50.00 β le survie_new
[22:21:09] [ITEM_SOLD]: hugoleb vendu 64 x Sugar Cane à  CroixVeBaton pour 50.00 β le survie_new
[22:21:10] [ITEM_SOLD]: hugoleb vendu 64 x Sugar Cane à  CroixVeBaton pour 50.00 β le survie_new
[22:21:11] [ITEM_SOLD]: hugoleb vendu 64 x Sugar Cane à  CroixVeBaton pour 50.00 β le survie_new
[22:21:12] [ITEM_SOLD]: hugoleb vendu 64 x Sugar Cane à  CroixVeBaton pour 50.00 β le survie_new
[22:21:13] [ITEM_SOLD]: hugoleb vendu 64 x Sugar Cane à  CroixVeBaton pour 50.00 β le survie_new
[22:21:15] [ITEM_SOLD]: hugoleb vendu 64 x Sugar Cane à  CroixVeBaton pour 50.00 β le survie_new
[22:21:16] [ITEM_SOLD]: hugoleb vendu 64 x Sugar Cane à  CroixVeBaton pour 50.00 β le survie_new
[22:21:18] [ITEM_SOLD]: hugoleb vendu 64 x Sugar Cane à  CroixVeBaton pour 50.00 β le survie_new
[22:21:19] [ITEM_SOLD]: hugoleb vendu 64 x Sugar Cane à  CroixVeBaton pour 50.00 β le survie_new
[22:21:21] [ITEM_SOLD]: hugoleb vendu 64 x Sugar Cane à  CroixVeBaton pour 50.00 β le survie_new
[22:21:23] [ITEM_SOLD]: hugoleb vendu 64 x Sugar Cane à  CroixVeBaton pour 50.00 β le survie_new
[22:21:24] [ITEM_SOLD]: hugoleb vendu 64 x Sugar Cane à  CroixVeBaton pour 50.00 β le survie_new
[22:22:29] [ITEM_SOLD]: hugoleb vendu 64 x Sugar Cane à  CroixVeBaton pour 50.00 β le survie_new
[22:39:15] [ITEM_CANCELLED]: Blazd annule la vente de 1x Enchanted Book pour 9,000.00β sur survie_new
[22:39:17] [ITEM_RETURNED]: 1 x Enchanted Book  renvoyé à Blazd le survie_new
[22:39:24] [ITEM_LISTED]: Blazd vend 1 x Enchanted Book  pour 5,000.00β sur survie_new
[22:39:37] [ITEM_SOLD]: Blazd vendu 1 x Enchanted Book à  laelia59 pour 5,000.00 β le survie_new
[22:44:57] [ITEM_LISTED]: hugoleb vend 64 x Blaze Rod  pour 600.00β sur survie_new
[22:45:44] [ITEM_SOLD]: SSLLOOTTHH vendu 1 x Enchanted Book à  Athiire pour 1,000.00 β le survie_new
[23:09:47] [ITEM_SOLD]: omega2028 vendu 1 x Enchanted Book à  bofkaya pour 2,500.00 β le survie_new
[23:21:54] [ITEM_LISTED]: Blazd vend 64 x Ink Sac  pour 5,000.00β sur survie_new
[23:22:35] [ITEM_CANCELLED]: Blazd annule la vente de 64x Ink Sac pour 5,000.00β sur survie_new
[23:22:48] [ITEM_RETURNED]: 64 x Ink Sac  renvoyé à Blazd le survie_new
[23:23:12] [ITEM_LISTED]: Blazd vend 64 x Ink Sac  pour 3,200.00β sur survie_new
[23:44:34] [ITEM_LISTED]: Bertrand vend 8 x Ink Sac  pour 300.00β sur survie_new
[23:45:08] [ITEM_LISTED]: Bertrand vend 64 x Blaze Rod  pour 400.00β sur survie_new
[23:47:14] [ITEM_LISTED]: Bertrand vend 64 x Sugar Cane  pour 200.00β sur survie_new
[23:47:19] [ITEM_LISTED]: Bertrand vend 64 x Sugar Cane  pour 200.00β sur survie_new
[23:47:22] [ITEM_LISTED]: Bertrand vend 64 x Sugar Cane  pour 200.00β sur survie_new
[23:47:31] [ITEM_LISTED]: Bertrand vend 64 x Sugar Cane  pour 200.00β sur survie_new
[23:47:36] [ITEM_LISTED]: Bertrand vend 64 x Sugar Cane  pour 200.00β sur survie_new
[23:47:40] [ITEM_LISTED]: Bertrand vend 64 x Sugar Cane  pour 200.00β sur survie_new
[23:48:14] [ITEM_LISTED]: Bertrand vend 32 x Scaffolding  pour 500.00β sur survie_new
[23:49:12] [ITEM_CANCELLED]: Bertrand annule la vente de 64x Blaze Rod pour 400.00β sur survie_new
[23:49:15] [ITEM_RETURNED]: 64 x Blaze Rod  renvoyé à Bertrand le survie_new
