[01:25:45] [ITEM_SOLD]: Moon_space62 vend 10x Obsidian sur K1_x pour $100.00 sur Survie
[02:36:37] [ITEM_SOLD]: Yageko vend 64x Sand sur Axernon pour $45.00 sur spawn
[02:36:47] [ITEM_SOLD]: Yageko vend 64x Sand sur Axernon pour $45.00 sur spawn
[02:37:14] [ITEM_SOLD]: lori110301 vend 64x Coal sur Axernon pour $2.50 sur spawn
[02:37:19] [ITEM_SOLD]: lori110301 vend 64x Coal sur Axernon pour $2.50 sur spawn
[02:52:52] [ITEM_SOLD]: lori110301 vend 64x Coal sur K1_x pour $2.50 sur spawn
[03:23:04] [ITEM_SOLD]: limastic vend 1x Saddle sur K1_x pour $100.00 sur Survie
[03:28:57] [ITEM_SOLD]: limastic vend 1x Saddle sur K1_x pour $100.00 sur Survie
[03:45:44] [ITEM_SOLD]: Piltrax vend 64x Cooked Porkchop sur Axernon pour $20.00 sur Survie
[03:48:39] [ITEM_SOLD]: H_Caw vend 64x Oak Log sur Axernon pour $340.00 sur Survie
[03:48:42] [ITEM_SOLD]: H_Caw vend 64x Oak Log sur Axernon pour $340.00 sur Survie
[06:56:58] [ITEM_SOLD]: H_Caw vend 1x [Zombie Spawner] sur K1_x pour $8,000.00 sur Survie
[06:57:00] [ITEM_SOLD]: H_Caw vend 1x [Cave spider Spawner] sur K1_x pour $4,500.00 sur Survie
[06:57:03] [ITEM_SOLD]: H_Caw vend 1x [Zombie Spawner] sur K1_x pour $8,000.00 sur Survie
[06:57:11] [ITEM_SOLD]: H_Caw vend 1x [Spider Spawner] sur K1_x pour $5,000.00 sur spawn
[06:57:14] [ITEM_SOLD]: H_Caw vend 1x [Spider Spawner] sur K1_x pour $5,000.00 sur spawn
[06:57:23] [ITEM_SOLD]: Amaxet vend 1x Infinity breaker sur  [Flame, Infinity, Power V, Punch II, Unbreaking III]K1_x pour $25,000.00 sur spawn
[06:57:31] [ITEM_SOLD]: limastic vend 1x Shulker Box sur K1_x pour $5,000.00 sur Survie
[06:57:32] [ITEM_SOLD]: limastic vend 1x Shulker Box sur K1_x pour $5,000.00 sur Survie
[06:57:33] [ITEM_SOLD]: limastic vend 1x Shulker Box sur K1_x pour $5,000.00 sur Survie
[10:32:36] [ITEM_SOLD]: Pro7gaming566 vend 30x Blaze Rod sur Aquasi pour $85.00 sur world
[10:33:10] [ITEM_SOLD]: Piltrax vend 64x Cooked Porkchop sur Aquasi pour $20.00 sur Ressource
[10:33:12] [ITEM_SOLD]: Piltrax vend 64x Cooked Porkchop sur Aquasi pour $20.00 sur Ressource
[10:33:14] [ITEM_SOLD]: Piltrax vend 64x Cooked Porkchop sur Aquasi pour $20.00 sur Survie
[14:27:23] [ITEM_SOLD]: Piltrax vend 64x Cooked Porkchop sur K1_x pour $20.00 sur Ressource
[15:40:00] [ITEM_LISTED]: Axernon listed 9x Emerald for $900.00 on spawn
[15:56:45] [ITEM_SOLD]: Piltrax vend 64x Cooked Porkchop sur vava34670 pour $20.00 sur Survie
[15:56:50] [ITEM_SOLD]: Piltrax vend 64x Cooked Porkchop sur vava34670 pour $20.00 sur Survie
[15:56:52] [ITEM_SOLD]: Piltrax vend 64x Cooked Porkchop sur vava34670 pour $20.00 sur Survie
[18:26:18] [ITEM_SOLD]: limastic vend 1x Saddle sur CapitaineNiamor pour $100.00 sur Survie
[19:32:10] [ITEM_SOLD]: Piltrax vend 64x Cooked Porkchop sur _Hipix_ pour $20.00 sur Survie
[19:32:11] [ITEM_SOLD]: Piltrax vend 64x Cooked Porkchop sur _Hipix_ pour $20.00 sur Survie
[20:18:29] [ITEM_LISTED]: Kaio_Beninou listed 10x Slime Ball for $2,000.00 on spawn
[20:59:46] [ITEM_LISTED]: limastic listed 1x Saddle for $100.00 on survie_new
[20:59:50] [ITEM_LISTED]: limastic listed 1x Saddle for $100.00 on survie_new
