[00:00:04] [ITEM_LISTED]: lasoeurdadrien vend 1 x Enchanted Book  pour 2,500.00β sur survie_new
[00:00:08] [ITEM_LISTED]: lasoeurdadrien vend 1 x Enchanted Book  pour 2,500.00β sur survie_new
[00:00:12] [ITEM_LISTED]: lasoeurdadrien vend 1 x Enchanted Book  pour 2,500.00β sur survie_new
[00:02:11] [ITEM_LISTED]: lasoeurdadrien vend 15 x Bookshelf  pour 790.00β sur survie_new
[00:03:44] [ITEM_SOLD]: lasoeurdadrien vendu 15 x Bookshelf à  portedegaia pour 790.00 β le survie_new
[00:04:43] [ITEM_LISTED]: GuiGuiPlay vend 64 x Melon  pour 200.00β sur survie_new
[00:18:40] [ITEM_SOLD]: REGDYLAN vendu 1 x Diamond Pickaxe à  [Efficiency IV, Unbreaking III] Skilyder pour 2,000.00 β le survie_new
[00:20:22] [ITEM_SOLD]: REGDYLAN vendu 1 x [Cow Spawner] à  k0ru pour 10,000.00 β le survie_new
[00:20:43] [ITEM_SOLD]: Newt_hp vendu 1 x Enchanted Book à  IvarTheBoneless pour 1,500.00 β le survie_new
[00:25:46] [ITEM_SOLD]: REGDYLAN vendu 1 x [Cow Spawner] à  k0ru pour 10,000.00 β le survie_new
[00:33:04] [ITEM_LISTED]: GuiGuiPlay vend 64 x Melon  pour 200.00β sur survie_new
[00:35:18] [ITEM_LISTED]: RazerJojo vend 1 x Enchanted Book  pour 300.00β sur survie_new
[00:36:11] [ITEM_LISTED]: RazerJojo vend 1 x Diamond Pickaxe  [Unbreaking III] pour 450.00β sur survie_new
[00:38:48] [ITEM_CANCELLED]: RazerJojo annule la vente de 16x Ender Pearl pour 500.00β sur survie_new
[00:38:49] [ITEM_CANCELLED]: RazerJojo annule la vente de 16x Ender Pearl pour 500.00β sur survie_new
[00:38:49] [ITEM_CANCELLED]: RazerJojo annule la vente de 16x Ender Pearl pour 500.00β sur survie_new
[00:38:50] [ITEM_CANCELLED]: RazerJojo annule la vente de 16x Ender Pearl pour 500.00β sur survie_new
[00:38:50] [ITEM_CANCELLED]: RazerJojo annule la vente de 16x Ender Pearl pour 1,000.00β sur survie_new
[00:38:50] [ITEM_CANCELLED]: RazerJojo annule la vente de 16x Ender Pearl pour 1,000.00β sur survie_new
[00:38:50] [ITEM_CANCELLED]: RazerJojo annule la vente de 16x Ender Pearl pour 1,000.00β sur survie_new
[00:38:51] [ITEM_CANCELLED]: RazerJojo annule la vente de 16x Ender Pearl pour 1,000.00β sur survie_new
[00:38:51] [ITEM_CANCELLED]: RazerJojo annule la vente de 16x Ender Pearl pour 1,000.00β sur survie_new
[00:38:51] [ITEM_CANCELLED]: RazerJojo annule la vente de 16x Ender Pearl pour 1,000.00β sur survie_new
[00:38:52] [ITEM_CANCELLED]: RazerJojo annule la vente de 16x Ender Pearl pour 1,000.00β sur survie_new
[00:39:10] [ITEM_RETURNED]: 16 x Ender Pearl  renvoyé à RazerJojo le survie_new
[00:39:10] [ITEM_RETURNED]: 16 x Ender Pearl  renvoyé à RazerJojo le survie_new
[00:39:11] [ITEM_RETURNED]: 16 x Ender Pearl  renvoyé à RazerJojo le survie_new
[00:39:11] [ITEM_RETURNED]: 16 x Ender Pearl  renvoyé à RazerJojo le survie_new
[00:39:11] [ITEM_RETURNED]: 16 x Ender Pearl  renvoyé à RazerJojo le survie_new
[00:39:11] [ITEM_RETURNED]: 16 x Ender Pearl  renvoyé à RazerJojo le survie_new
[00:39:11] [ITEM_RETURNED]: 16 x Ender Pearl  renvoyé à RazerJojo le survie_new
[00:39:11] [ITEM_RETURNED]: 16 x Ender Pearl  renvoyé à RazerJojo le survie_new
[00:39:12] [ITEM_RETURNED]: 16 x Ender Pearl  renvoyé à RazerJojo le survie_new
[00:39:12] [ITEM_RETURNED]: 16 x Ender Pearl  renvoyé à RazerJojo le survie_new
[00:39:12] [ITEM_RETURNED]: 16 x Ender Pearl  renvoyé à RazerJojo le survie_new
[00:39:12] [ITEM_CANCELLED]: RazerJojo annule la vente de 1x Diamond Pickaxe [Unbreaking III] pour 450.00β sur survie_new
[00:39:12] [ITEM_CANCELLED]: RazerJojo annule la vente de 1x Enchanted Book pour 300.00β sur survie_new
[00:39:22] [ITEM_RETURNED]: 1 x Enchanted Book  renvoyé à RazerJojo le survie_new
[00:39:23] [ITEM_RETURNED]: 1 x Diamond Pickaxe  [Unbreaking III] renvoyé à RazerJojo le survie_new
[00:39:31] [ITEM_LISTED]: RazerJojo vend 1 x Enchanted Book  pour 300.00β sur survie_new
[00:39:36] [ITEM_LISTED]: RazerJojo vend 1 x Diamond Pickaxe  [Unbreaking III] pour 400.00β sur survie_new
[00:39:54] [ITEM_LISTED]: RazerJojo vend 16 x Ender Pearl  pour 199.00β sur survie_new
[00:39:57] [ITEM_LISTED]: RazerJojo vend 16 x Ender Pearl  pour 199.00β sur survie_new
[00:40:00] [ITEM_LISTED]: RazerJojo vend 16 x Ender Pearl  pour 199.00β sur survie_new
[00:40:05] [ITEM_LISTED]: RazerJojo vend 16 x Ender Pearl  pour 199.00β sur survie_new
[00:40:14] [ITEM_LISTED]: RazerJojo vend 16 x Ender Pearl  pour 200.00β sur survie_new
[00:40:16] [ITEM_LISTED]: RazerJojo vend 16 x Ender Pearl  pour 200.00β sur survie_new
[00:40:19] [ITEM_LISTED]: RazerJojo vend 16 x Ender Pearl  pour 200.00β sur survie_new
[00:40:22] [ITEM_LISTED]: RazerJojo vend 16 x Ender Pearl  pour 200.00β sur survie_new
[00:40:26] [ITEM_LISTED]: RazerJojo vend 16 x Ender Pearl  pour 200.00β sur survie_new
[00:40:28] [ITEM_LISTED]: RazerJojo vend 16 x Ender Pearl  pour 200.00β sur survie_new
[00:40:31] [ITEM_LISTED]: RazerJojo vend 16 x Ender Pearl  pour 200.00β sur survie_new
[00:51:09] [ITEM_CANCELLED]: REGDYLAN annule la vente de 1x [Cow Spawner] pour 10,000.00β sur survie_new
[00:51:09] [ITEM_CANCELLED]: REGDYLAN annule la vente de 1x [Cow Spawner] pour 10,000.00β sur survie_new
[00:51:10] [ITEM_CANCELLED]: REGDYLAN annule la vente de 1x [Cow Spawner] pour 10,000.00β sur survie_new
[00:51:12] [ITEM_RETURNED]: 1 x [Cow Spawner]  renvoyé à REGDYLAN le survie_new
[00:51:12] [ITEM_RETURNED]: 1 x [Cow Spawner]  renvoyé à REGDYLAN le survie_new
[00:51:12] [ITEM_RETURNED]: 1 x [Cow Spawner]  renvoyé à REGDYLAN le survie_new
[00:51:24] [ITEM_LISTED]: REGDYLAN vend 1 x [Cow Spawner]  pour 15,000.00β sur survie_new
[00:51:27] [ITEM_LISTED]: REGDYLAN vend 1 x [Cow Spawner]  pour 15,000.00β sur survie_new
[00:51:29] [ITEM_LISTED]: REGDYLAN vend 1 x [Cow Spawner]  pour 15,000.00β sur survie_new
[01:06:13] [ITEM_SOLD]: HeFk vendu 1 x Journal de quêtes à  Siley_stone pour 0.10 β le survie_new
[01:07:41] [ITEM_SOLD]: Tchong vendu 1 x Brewing Stand à  Siley_stone pour 470.00 β le survie_new
[01:08:49] [ITEM_SOLD]: Fr3nCh_CraFt vendu 1 x Enchanted Book à  Siley_stone pour 300.00 β le survie_new
[01:09:26] [ITEM_SOLD]: castor26 vendu 64 x Blaze Rod à  Siley_stone pour 500.00 β le survie_new
[01:16:14] [ITEM_LISTED]: GuiGuiPlay vend 64 x Melon  pour 200.00β sur survie_new
[01:29:26] [ITEM_SOLD]: castor26 vendu 64 x Blaze Rod à  Siley_stone pour 500.00 β le survie_new
[01:29:27] [ITEM_SOLD]: castor26 vendu 64 x Blaze Rod à  Siley_stone pour 500.00 β le survie_new
[01:30:30] [ITEM_SOLD]: Yohan81 vendu 64 x Bread à  Siley_stone pour 100.00 β le spawn
[01:30:38] [ITEM_SOLD]: Vladata vendu 14 x Cooked Salmon à  Siley_stone pour 28.00 β le spawn
[01:30:47] [ITEM_SOLD]: Vladata vendu 20 x Cooked Cod à  Siley_stone pour 40.00 β le spawn
[01:49:59] [ITEM_SOLD]: RazerJojo vendu 1 x Diamond Pickaxe à  [Unbreaking III] portedegaia pour 400.00 β le survie_new
[01:50:20] [ITEM_SOLD]: RazerJojo vendu 1 x Enchanted Book à  portedegaia pour 300.00 β le survie_new
[01:59:41] [ITEM_LISTED]: Siley_stone vend 42 x Iron Ingot  pour 15,000.00β sur spawn
[02:02:36] [ITEM_SOLD]: REGDYLAN vendu 1 x Diamond Pickaxe à  [Efficiency IV, Unbreaking III] portedegaia pour 2,000.00 β le survie_new
[04:25:45] [ITEM_LISTED]: BiscuitSoda69 vend 64 x Obsidian  pour 500.00β sur spawn
[06:49:22] [ITEM_SOLD]: aidan vendu 1 x Enchanted Book à  sylverfire02 pour 1,000.00 β le survie_new
[06:49:52] [ITEM_LISTED]: sylverfire02 vend 1 x Enchanted Book  pour 1,000.00β sur survie_new
[07:53:31] [ITEM_SOLD]: lasoeurdadrien vendu 1 x Enchanted Book à  MaloZazina pour 2,500.00 β le survie_new
[07:53:32] [ITEM_SOLD]: lasoeurdadrien vendu 1 x Enchanted Book à  MaloZazina pour 2,500.00 β le survie_new
[09:44:47] [ITEM_LISTED]: Cryyzi vend 1 x Shulker Shell  pour 1,500.00β sur survie_new
[09:44:49] [ITEM_LISTED]: Cryyzi vend 1 x Shulker Shell  pour 1,500.00β sur survie_new
[09:44:52] [ITEM_LISTED]: Cryyzi vend 1 x Shulker Shell  pour 1,500.00β sur survie_new
[09:44:56] [ITEM_LISTED]: Cryyzi vend 1 x Shulker Shell  pour 1,500.00β sur survie_new
[09:44:58] [ITEM_LISTED]: Cryyzi vend 1 x Shulker Shell  pour 1,500.00β sur survie_new
[09:45:02] [ITEM_LISTED]: Cryyzi vend 1 x Shulker Shell  pour 1,500.00β sur survie_new
[11:16:07] [ITEM_SOLD]: Newt_hp vendu 64 x Baked Potato à  tmax06 pour 250.00 β le survie_new
[11:16:42] [ITEM_SOLD]: _Wiizy_ vendu 1 x Diamond Chestplate à  [Fire Protection IV, Unbreaking III] tmax06 pour 500.00 β le survie_new
[11:17:23] [ITEM_SOLD]: lasoeurdadrien vendu 1 x Enchanted Book à  tmax06 pour 1,450.00 β le survie_new
[11:18:14] [ITEM_LISTED]: cmdix36 vend 1 x Diamond Horse Armor  pour 200.00β sur survie_new
[11:18:34] [ITEM_SOLD]: BiscuitSoda69 vendu 64 x Obsidian à  REGDYLAN pour 500.00 β le spawn
[11:19:34] [ITEM_SOLD]: CroixVeBaton vendu 1 x Diamond Helmet à  [Protection III] tmax06 pour 2,000.00 β le survie_new
[11:37:02] [ITEM_LISTED]: REGDYLAN vend 1 x Diamond Pickaxe  [Efficiency V, Fortune III, Unbreaking III] pour 3,000.00β sur survie_new
[11:37:18] [ITEM_LISTED]: REGDYLAN vend 1 x Diamond Pickaxe  [Efficiency V, Unbreaking III] pour 3,000.00β sur survie_new
[11:37:33] [ITEM_CANCELLED]: REGDYLAN annule la vente de 1x Diamond Pickaxe [Efficiency V, Fortune III, Unbreaking III] pour 3,000.00β sur survie_new
[11:37:35] [ITEM_RETURNED]: 1 x Diamond Pickaxe  [Efficiency V, Fortune III, Unbreaking III] renvoyé à REGDYLAN le survie_new
[11:37:44] [ITEM_LISTED]: REGDYLAN vend 1 x Diamond Pickaxe  [Efficiency V, Fortune III, Unbreaking III] pour 3,500.00β sur survie_new
[11:37:59] [ITEM_LISTED]: REGDYLAN vend 1 x Diamond Sword  [Fire Aspect II, Looting III, Sharpness IV, Unbreaking III] pour 5,000.00β sur survie_new
[11:38:02] [ITEM_LISTED]: REGDYLAN vend 1 x Diamond Sword  [Fire Aspect II, Looting III, Sharpness IV, Unbreaking III] pour 5,000.00β sur survie_new
[11:38:11] [ITEM_LISTED]: REGDYLAN vend 1 x Diamond Sword  [Fire Aspect II, Knockback II, Sharpness IV, Sweeping Edge III, Unbreaking III] pour 4,500.00β sur survie_new
[11:39:49] [ITEM_SOLD]: REGDYLAN vendu 1 x Diamond Sword à  [Fire Aspect II, Knockback II, Sharpness IV, Sweeping Edge III, Unbreaking III] tmax06 pour 4,500.00 β le survie_new
[11:40:12] [ITEM_SOLD]: Waxay vendu 1 x [Spider Spawner] à  Vladata pour 2,800.00 β le survie_new
[11:40:25] [ITEM_CANCELLED]: REGDYLAN annule la vente de 1x [Cow Spawner] pour 15,000.00β sur survie_new
[11:40:25] [ITEM_LISTED]: tmax06 vend 1 x [Skeleton Spawner]  pour 15,000.00β sur spawn
[11:40:26] [ITEM_CANCELLED]: REGDYLAN annule la vente de 1x [Cow Spawner] pour 15,000.00β sur survie_new
[11:40:26] [ITEM_CANCELLED]: REGDYLAN annule la vente de 1x [Cow Spawner] pour 15,000.00β sur survie_new
[11:40:29] [ITEM_CANCELLED]: REGDYLAN annule la vente de 1x Enchanted Book pour 2,800.00β sur survie_new
[11:40:30] [ITEM_CANCELLED]: REGDYLAN annule la vente de 1x Enchanted Book pour 2,800.00β sur survie_new
[11:40:31] [ITEM_CANCELLED]: REGDYLAN annule la vente de 1x Enchanted Book pour 2,800.00β sur survie_new
[11:40:31] [ITEM_CANCELLED]: REGDYLAN annule la vente de 1x Enchanted Book pour 2,800.00β sur survie_new
[11:40:32] [ITEM_CANCELLED]: REGDYLAN annule la vente de 1x Enchanted Book pour 2,800.00β sur survie_new
[11:40:32] [ITEM_CANCELLED]: REGDYLAN annule la vente de 1x Enchanted Book pour 2,800.00β sur survie_new
[11:40:32] [ITEM_CANCELLED]: REGDYLAN annule la vente de 1x Enchanted Book pour 2,800.00β sur survie_new
[11:40:32] [ITEM_CANCELLED]: REGDYLAN annule la vente de 1x Enchanted Book pour 2,800.00β sur survie_new
[11:40:32] [ITEM_CANCELLED]: REGDYLAN annule la vente de 1x Enchanted Book pour 2,800.00β sur survie_new
[11:40:33] [ITEM_CANCELLED]: REGDYLAN annule la vente de 1x Enchanted Book pour 2,800.00β sur survie_new
[11:40:33] [ITEM_CANCELLED]: REGDYLAN annule la vente de 1x Enchanted Book pour 2,800.00β sur survie_new
[11:40:33] [ITEM_CANCELLED]: REGDYLAN annule la vente de 1x Enchanted Book pour 2,800.00β sur survie_new
[11:40:34] [ITEM_CANCELLED]: REGDYLAN annule la vente de 1x Elytra pour 4,000.00β sur survie_new
[11:40:36] [ITEM_CANCELLED]: REGDYLAN annule la vente de 1x Elytra pour 4,000.00β sur survie_new
[11:40:36] [ITEM_CANCELLED]: REGDYLAN annule la vente de 1x Enchanted Book pour 2,800.00β sur survie_new
[11:40:36] [ITEM_CANCELLED]: REGDYLAN annule la vente de 1x Enchanted Book pour 2,800.00β sur survie_new
[11:40:37] [ITEM_CANCELLED]: REGDYLAN annule la vente de 1x Dragon Head pour 1,250.00β sur survie_new
[11:40:37] [ITEM_CANCELLED]: REGDYLAN annule la vente de 1x Enchanted Book pour 2,800.00β sur survie_new
[11:40:37] [ITEM_CANCELLED]: REGDYLAN annule la vente de 1x Enchanted Book pour 2,800.00β sur survie_new
[11:40:37] [ITEM_CANCELLED]: REGDYLAN annule la vente de 1x Enchanted Book pour 2,800.00β sur survie_new
[11:41:34] [ITEM_CANCELLED]: REGDYLAN annule la vente de 1x Diamond Sword [Fire Aspect II, Looting III, Sharpness IV, Unbreaking III] pour 5,000.00β sur survie_new
[11:41:36] [ITEM_RETURNED]: 1 x Diamond Sword  [Fire Aspect II, Looting III, Sharpness IV, Unbreaking III] renvoyé à REGDYLAN le survie_new
[11:41:45] [ITEM_LISTED]: REGDYLAN vend 1 x Diamond Sword  [Fire Aspect II, Looting III, Sharpness IV, Unbreaking III] pour 5,000.00β sur survie_new
[11:41:54] [ITEM_RETURNED]: 1 x Enchanted Book  renvoyé à REGDYLAN le survie_new
[11:41:54] [ITEM_RETURNED]: 1 x Enchanted Book  renvoyé à REGDYLAN le survie_new
[11:41:54] [ITEM_RETURNED]: 1 x Enchanted Book  renvoyé à REGDYLAN le survie_new
[11:41:56] [ITEM_RETURNED]: 1 x Enchanted Book  renvoyé à REGDYLAN le survie_new
[11:41:56] [ITEM_RETURNED]: 1 x Enchanted Book  renvoyé à REGDYLAN le survie_new
[11:41:57] [ITEM_RETURNED]: 1 x Enchanted Book  renvoyé à REGDYLAN le survie_new
[11:41:58] [ITEM_RETURNED]: 1 x Enchanted Book  renvoyé à REGDYLAN le survie_new
[11:41:58] [ITEM_RETURNED]: 1 x Enchanted Book  renvoyé à REGDYLAN le survie_new
[11:41:58] [ITEM_RETURNED]: 1 x Enchanted Book  renvoyé à REGDYLAN le survie_new
[11:41:58] [ITEM_RETURNED]: 1 x Enchanted Book  renvoyé à REGDYLAN le survie_new
[11:41:58] [ITEM_RETURNED]: 1 x Enchanted Book  renvoyé à REGDYLAN le survie_new
[11:41:59] [ITEM_RETURNED]: 1 x Enchanted Book  renvoyé à REGDYLAN le survie_new
[11:41:59] [ITEM_RETURNED]: 1 x Enchanted Book  renvoyé à REGDYLAN le survie_new
[11:41:59] [ITEM_RETURNED]: 1 x Enchanted Book  renvoyé à REGDYLAN le survie_new
[11:41:59] [ITEM_RETURNED]: 1 x Enchanted Book  renvoyé à REGDYLAN le survie_new
[11:41:59] [ITEM_RETURNED]: 1 x Enchanted Book  renvoyé à REGDYLAN le survie_new
[11:42:00] [ITEM_RETURNED]: 1 x Enchanted Book  renvoyé à REGDYLAN le survie_new
[11:42:00] [ITEM_RETURNED]: 1 x [Cow Spawner]  renvoyé à REGDYLAN le survie_new
[11:42:00] [ITEM_RETURNED]: 1 x [Cow Spawner]  renvoyé à REGDYLAN le survie_new
[11:42:01] [ITEM_RETURNED]: 1 x [Cow Spawner]  renvoyé à REGDYLAN le survie_new
[11:42:15] [ITEM_LISTED]: REGDYLAN vend 1 x Enchanted Book  pour 2,450.00β sur survie_new
[11:42:19] [ITEM_LISTED]: REGDYLAN vend 1 x Enchanted Book  pour 2,450.00β sur survie_new
[11:42:20] [ITEM_LISTED]: REGDYLAN vend 1 x Enchanted Book  pour 2,450.00β sur survie_new
[11:42:21] [ITEM_LISTED]: REGDYLAN vend 1 x Enchanted Book  pour 2,450.00β sur survie_new
[11:42:22] [ITEM_LISTED]: REGDYLAN vend 1 x Enchanted Book  pour 2,450.00β sur survie_new
[11:42:24] [ITEM_LISTED]: REGDYLAN vend 1 x Enchanted Book  pour 2,450.00β sur survie_new
[11:42:25] [ITEM_LISTED]: REGDYLAN vend 1 x Enchanted Book  pour 2,450.00β sur survie_new
[11:42:26] [ITEM_LISTED]: REGDYLAN vend 1 x Enchanted Book  pour 2,450.00β sur survie_new
[11:42:27] [ITEM_LISTED]: REGDYLAN vend 1 x Enchanted Book  pour 2,450.00β sur survie_new
[11:42:42] [ITEM_LISTED]: REGDYLAN vend 1 x Enchanted Book  pour 2,450.00β sur survie_new
[11:42:43] [ITEM_LISTED]: REGDYLAN vend 1 x Enchanted Book  pour 2,450.00β sur survie_new
[11:42:44] [ITEM_LISTED]: REGDYLAN vend 1 x Enchanted Book  pour 2,450.00β sur survie_new
[11:42:45] [ITEM_LISTED]: REGDYLAN vend 1 x Enchanted Book  pour 2,450.00β sur survie_new
[11:42:46] [ITEM_LISTED]: REGDYLAN vend 1 x Enchanted Book  pour 2,450.00β sur survie_new
[11:42:48] [ITEM_LISTED]: REGDYLAN vend 1 x Enchanted Book  pour 2,450.00β sur survie_new
[11:42:49] [ITEM_LISTED]: REGDYLAN vend 1 x Enchanted Book  pour 2,450.00β sur survie_new
[11:42:52] [ITEM_LISTED]: REGDYLAN vend 1 x Enchanted Book  pour 2,450.00β sur survie_new
[11:42:53] [ITEM_LISTED]: REGDYLAN vend 1 x Enchanted Book  pour 2,450.00β sur survie_new
[11:43:22] [ITEM_RETURNED]: 1 x Elytra  renvoyé à REGDYLAN le survie_new
[11:43:22] [ITEM_RETURNED]: 1 x Elytra  renvoyé à REGDYLAN le survie_new
[11:43:24] [ITEM_RETURNED]: 1 x Dragon Head  renvoyé à REGDYLAN le survie_new
[11:43:37] [ITEM_LISTED]: REGDYLAN vend 1 x Elytra  pour 3,500.00β sur survie_new
[11:43:40] [ITEM_LISTED]: REGDYLAN vend 1 x Elytra  pour 3,500.00β sur survie_new
[11:43:44] [ITEM_LISTED]: REGDYLAN vend 1 x Dragon Head  pour 1,000.00β sur survie_new
[11:44:44] [ITEM_LISTED]: REGDYLAN vend 1 x [Cow Spawner]  pour 15,000.00β sur survie_new
[11:44:46] [ITEM_LISTED]: REGDYLAN vend 1 x [Cow Spawner]  pour 15,000.00β sur survie_new
[11:44:47] [ITEM_LISTED]: REGDYLAN vend 1 x [Cow Spawner]  pour 15,000.00β sur survie_new
[11:47:09] [ITEM_LISTED]: tmax06 vend 1 x Iron Horse Armor  pour 500.00β sur spawn
[11:48:49] [ITEM_LISTED]: tmax06 vend 1 x Tnt  pour 100.00β sur survie_new
[11:50:48] [ITEM_LISTED]: tmax06 vend 1 x Golden Apple  pour 500.00β sur survie_new
[12:49:20] [ITEM_LISTED]: _Shoku_ vend 64 x Diamond Block  pour 60,000.00β sur survie_new
[12:49:23] [ITEM_SOLD]: _Shoku_ vendu 64 x Diamond Block à  REGDYLAN pour 60,000.00 β le survie_new
[12:50:21] [ITEM_LISTED]: _Shoku_ vend 12 x Diamond Block  pour 3,000.00β sur survie_new
[12:50:29] [ITEM_SOLD]: _Shoku_ vendu 12 x Diamond Block à  REGDYLAN pour 3,000.00 β le survie_new
[13:24:34] [ITEM_SOLD]: REGDYLAN vendu 1 x Diamond Pickaxe à  [Efficiency V, Fortune III, Unbreaking III] vava34670 pour 3,500.00 β le survie_new
[14:01:01] [ITEM_SOLD]: REGDYLAN vendu 1 x [Cow Spawner] à  Kaam98 pour 15,000.00 β le survie_new
[14:16:31] [ITEM_LISTED]: tmax06 vend 10 x Dispenser  pour 100.00β sur survie_new
[14:31:35] [ITEM_SOLD]: REGDYLAN vendu 1 x [Cow Spawner] à  IvarTheBoneless pour 15,000.00 β le survie_new
[14:38:20] [ITEM_SOLD]: Tchong vendu 1 x Shulker Box à  Christophe_ pour 2,000.00 β le survie_new
[15:03:43] [ITEM_SOLD]: Newt_hp vendu 64 x Bamboo à  Caldryk pour 32.00 β le survie_new
[15:27:04] [ITEM_CANCELLED]: tmax06 annule la vente de 1x [Skeleton Spawner] pour 15,000.00β sur spawn
[15:27:58] [ITEM_RETURNED]: 1 x [Skeleton Spawner]  renvoyé à tmax06 le spawn
[15:37:24] [ITEM_SOLD]: REGDYLAN vendu 1 x Enchanted Book à  Flashtric pour 2,450.00 β le survie_new
[15:41:13] [ITEM_LISTED]: AzodFR vend 1 x Anvil  pour 100.00β sur survie_new
[15:41:21] [ITEM_SOLD]: AzodFR vendu 1 x Anvil à  Flashtric pour 100.00 β le survie_new
[15:49:00] [ITEM_LISTED]: Vladata vend 1 x Enchanted Book  pour 1,500.00β sur spawn
[15:49:06] [ITEM_LISTED]: Vladata vend 1 x Enchanted Book  pour 1,000.00β sur spawn
[16:17:14] [ITEM_SOLD]: Newt_hp vendu 64 x Baked Potato à  Christophe_ pour 250.00 β le survie_new
[16:30:13] [ITEM_SOLD]: REGDYLAN vendu 1 x Elytra à  Flashtric pour 3,500.00 β le survie_new
[16:33:54] [ITEM_SOLD]: Haru_M vendu 1 x Beacon à  MaloZazina pour 15,000.00 β le survie_new
[16:33:56] [ITEM_SOLD]: Haru_M vendu 1 x Beacon à  MaloZazina pour 15,000.00 β le survie_new
[16:40:45] [ITEM_LISTED]: lasoeurdadrien vend 1 x Enchanted Book  pour 2,500.00β sur survie_new
[16:40:49] [ITEM_LISTED]: lasoeurdadrien vend 1 x Enchanted Book  pour 2,500.00β sur survie_new
[16:40:53] [ITEM_LISTED]: lasoeurdadrien vend 1 x Enchanted Book  pour 2,500.00β sur survie_new
[16:40:58] [ITEM_LISTED]: lasoeurdadrien vend 1 x Enchanted Book  pour 2,500.00β sur survie_new
[16:42:48] [ITEM_CANCELLED]: lasoeurdadrien annule la vente de 1x Enchanted Book pour 2,500.00β sur survie_new
[16:42:48] [ITEM_CANCELLED]: lasoeurdadrien annule la vente de 1x Enchanted Book pour 2,500.00β sur survie_new
[16:42:49] [ITEM_CANCELLED]: lasoeurdadrien annule la vente de 1x Enchanted Book pour 2,500.00β sur survie_new
[16:42:49] [ITEM_CANCELLED]: lasoeurdadrien annule la vente de 1x Enchanted Book pour 2,500.00β sur survie_new
[16:42:50] [ITEM_CANCELLED]: lasoeurdadrien annule la vente de 1x Enchanted Book pour 2,500.00β sur survie_new
[16:42:51] [ITEM_CANCELLED]: lasoeurdadrien annule la vente de 1x Enchanted Book pour 2,500.00β sur survie_new
[16:42:54] [ITEM_CANCELLED]: lasoeurdadrien annule la vente de 1x Enchanted Book pour 1,450.00β sur survie_new
[16:42:55] [ITEM_CANCELLED]: lasoeurdadrien annule la vente de 1x Enchanted Book pour 1,450.00β sur survie_new
[16:42:57] [ITEM_CANCELLED]: lasoeurdadrien annule la vente de 1x Enchanted Book pour 1,450.00β sur survie_new
[16:42:57] [ITEM_CANCELLED]: lasoeurdadrien annule la vente de 1x Enchanted Book pour 1,450.00β sur survie_new
[16:43:02] [ITEM_RETURNED]: 1 x Enchanted Book  renvoyé à lasoeurdadrien le survie_new
[16:43:03] [ITEM_RETURNED]: 1 x Enchanted Book  renvoyé à lasoeurdadrien le survie_new
[16:43:03] [ITEM_RETURNED]: 1 x Enchanted Book  renvoyé à lasoeurdadrien le survie_new
[16:43:03] [ITEM_RETURNED]: 1 x Enchanted Book  renvoyé à lasoeurdadrien le survie_new
[16:43:03] [ITEM_RETURNED]: 1 x Enchanted Book  renvoyé à lasoeurdadrien le survie_new
[16:43:04] [ITEM_RETURNED]: 1 x Enchanted Book  renvoyé à lasoeurdadrien le survie_new
[16:43:04] [ITEM_RETURNED]: 1 x Enchanted Book  renvoyé à lasoeurdadrien le survie_new
[16:43:04] [ITEM_RETURNED]: 1 x Enchanted Book  renvoyé à lasoeurdadrien le survie_new
[16:43:04] [ITEM_RETURNED]: 1 x Enchanted Book  renvoyé à lasoeurdadrien le survie_new
[16:43:04] [ITEM_RETURNED]: 1 x Enchanted Book  renvoyé à lasoeurdadrien le survie_new
[16:43:31] [ITEM_LISTED]: lasoeurdadrien vend 1 x Enchanted Book  pour 2,400.00β sur survie_new
[16:43:36] [ITEM_LISTED]: lasoeurdadrien vend 1 x Enchanted Book  pour 2,400.00β sur survie_new
[16:43:41] [ITEM_LISTED]: lasoeurdadrien vend 1 x Enchanted Book  pour 2,400.00β sur survie_new
[16:43:45] [ITEM_LISTED]: lasoeurdadrien vend 1 x Enchanted Book  pour 2,400.00β sur survie_new
[16:43:50] [ITEM_LISTED]: lasoeurdadrien vend 1 x Enchanted Book  pour 2,400.00β sur survie_new
[16:43:54] [ITEM_LISTED]: lasoeurdadrien vend 1 x Enchanted Book  pour 2,400.00β sur survie_new
[16:44:04] [ITEM_LISTED]: lasoeurdadrien vend 1 x Enchanted Book  pour 1,450.00β sur survie_new
[16:44:11] [ITEM_LISTED]: lasoeurdadrien vend 1 x Enchanted Book  pour 1,190.00β sur survie_new
[16:44:15] [ITEM_LISTED]: lasoeurdadrien vend 1 x Enchanted Book  pour 1,190.00β sur survie_new
[16:44:22] [ITEM_LISTED]: lasoeurdadrien vend 1 x Enchanted Book  pour 1,190.00β sur survie_new
[16:44:34] [ITEM_CANCELLED]: lasoeurdadrien annule la vente de 1x Enchanted Book pour 1,450.00β sur survie_new
[16:44:47] [ITEM_RETURNED]: 1 x Enchanted Book  renvoyé à lasoeurdadrien le survie_new
[16:44:53] [ITEM_LISTED]: lasoeurdadrien vend 1 x Enchanted Book  pour 1,190.00β sur survie_new
[16:45:08] [ITEM_CANCELLED]: lasoeurdadrien annule la vente de 64x White Wool pour 500.00β sur survie_new
[16:45:08] [ITEM_CANCELLED]: lasoeurdadrien annule la vente de 64x Iron Ingot pour 2,100.00β sur survie_new
[16:45:09] [ITEM_CANCELLED]: lasoeurdadrien annule la vente de 1x Elytra [Mending] pour 5,000.00β sur survie_new
[16:45:09] [ITEM_CANCELLED]: lasoeurdadrien annule la vente de 1x Elytra [Mending] pour 5,000.00β sur survie_new
[16:45:09] [ITEM_CANCELLED]: lasoeurdadrien annule la vente de 64x Iron Ingot pour 2,100.00β sur survie_new
[16:45:09] [ITEM_CANCELLED]: lasoeurdadrien annule la vente de 64x Iron Ingot pour 2,100.00β sur survie_new
[16:45:10] [ITEM_CANCELLED]: lasoeurdadrien annule la vente de 64x Iron Ingot pour 2,100.00β sur survie_new
[16:45:10] [ITEM_CANCELLED]: lasoeurdadrien annule la vente de 64x Iron Ingot pour 2,100.00β sur survie_new
[16:45:12] [ITEM_RETURNED]: 64 x Iron Ingot  renvoyé à lasoeurdadrien le survie_new
[16:45:13] [ITEM_RETURNED]: 64 x Iron Ingot  renvoyé à lasoeurdadrien le survie_new
[16:45:13] [ITEM_RETURNED]: 64 x Iron Ingot  renvoyé à lasoeurdadrien le survie_new
[16:45:13] [ITEM_RETURNED]: 64 x Iron Ingot  renvoyé à lasoeurdadrien le survie_new
[16:45:14] [ITEM_RETURNED]: 1 x Elytra  [Mending] renvoyé à lasoeurdadrien le survie_new
[16:45:14] [ITEM_RETURNED]: 1 x Elytra  [Mending] renvoyé à lasoeurdadrien le survie_new
[16:45:15] [ITEM_RETURNED]: 64 x Iron Ingot  renvoyé à lasoeurdadrien le survie_new
[16:45:16] [ITEM_RETURNED]: 64 x White Wool  renvoyé à lasoeurdadrien le survie_new
[16:46:01] [ITEM_LISTED]: lasoeurdadrien vend 64 x White Wool  pour 500.00β sur survie_new
[16:46:07] [ITEM_LISTED]: lasoeurdadrien vend 64 x Iron Ingot  pour 2,000.00β sur survie_new
[16:46:12] [ITEM_LISTED]: lasoeurdadrien vend 64 x Iron Ingot  pour 2,000.00β sur survie_new
[16:46:16] [ITEM_LISTED]: lasoeurdadrien vend 64 x Iron Ingot  pour 2,000.00β sur survie_new
[16:46:20] [ITEM_LISTED]: lasoeurdadrien vend 64 x Iron Ingot  pour 2,000.00β sur survie_new
[16:46:24] [ITEM_LISTED]: lasoeurdadrien vend 64 x Iron Ingot  pour 2,000.00β sur survie_new
[16:46:29] [ITEM_LISTED]: lasoeurdadrien vend 1 x Elytra  [Mending] pour 5,000.00β sur survie_new
[16:46:34] [ITEM_LISTED]: lasoeurdadrien vend 1 x Elytra  [Mending] pour 5,000.00β sur survie_new
[16:49:05] [ITEM_SOLD]: REGDYLAN vendu 1 x Enchanted Book à  Flashtric pour 2,450.00 β le survie_new
[16:55:57] [ITEM_SOLD]: RazerJojo vendu 16 x Ender Pearl à  TiBouX pour 199.00 β le survie_new
[17:03:08] [ITEM_RETURNED]: 64 x Redstone Block  renvoyé à Tesla248 le survie_new
[17:03:08] [ITEM_RETURNED]: 64 x Redstone Block  renvoyé à Tesla248 le survie_new
[17:03:09] [ITEM_RETURNED]: 64 x Redstone Block  renvoyé à Tesla248 le survie_new
[17:03:10] [ITEM_RETURNED]: 64 x Redstone Block  renvoyé à Tesla248 le survie_new
[17:03:10] [ITEM_RETURNED]: 1 x Ominous Banner  renvoyé à Tesla248 le survie_new
[17:03:10] [ITEM_RETURNED]: 1 x Ominous Banner  renvoyé à Tesla248 le survie_new
[17:03:11] [ITEM_RETURNED]: 64 x Bamboo  renvoyé à Tesla248 le survie_new
[17:03:11] [ITEM_RETURNED]: 64 x Cyan Glazed Terracotta  renvoyé à Tesla248 le survie_new
[17:03:12] [ITEM_RETURNED]: 64 x Coal Block  renvoyé à Tesla248 le survie_new
[17:03:12] [ITEM_RETURNED]: 64 x Coal Block  renvoyé à Tesla248 le survie_new
[17:03:13] [ITEM_RETURNED]: 64 x Coal Block  renvoyé à Tesla248 le survie_new
[17:03:13] [ITEM_RETURNED]: 64 x Bamboo  renvoyé à Tesla248 le survie_new
[17:03:14] [ITEM_RETURNED]: 1 x Ominous Banner  renvoyé à Tesla248 le survie_new
[17:03:55] [ITEM_LISTED]: Skylord28 vend 1 x Diamond Pickaxe  [Efficiency IV, Fortune II, Unbreaking III] pour 5,500.00β sur survie_new
[17:08:01] [ITEM_CANCELLED]: lasoeurdadrien annule la vente de 64x Iron Ingot pour 2,000.00β sur survie_new
[17:08:01] [ITEM_CANCELLED]: lasoeurdadrien annule la vente de 64x Iron Ingot pour 2,000.00β sur survie_new
[17:08:02] [ITEM_CANCELLED]: lasoeurdadrien annule la vente de 64x Iron Ingot pour 2,000.00β sur survie_new
[17:08:02] [ITEM_CANCELLED]: lasoeurdadrien annule la vente de 64x Iron Ingot pour 2,000.00β sur survie_new
[17:08:02] [ITEM_CANCELLED]: lasoeurdadrien annule la vente de 64x Iron Ingot pour 2,000.00β sur survie_new
[17:08:09] [ITEM_RETURNED]: 64 x Iron Ingot  renvoyé à lasoeurdadrien le survie_new
[17:08:09] [ITEM_RETURNED]: 64 x Iron Ingot  renvoyé à lasoeurdadrien le survie_new
[17:08:09] [ITEM_RETURNED]: 64 x Iron Ingot  renvoyé à lasoeurdadrien le survie_new
[17:08:09] [ITEM_RETURNED]: 64 x Iron Ingot  renvoyé à lasoeurdadrien le survie_new
[17:08:10] [ITEM_RETURNED]: 64 x Iron Ingot  renvoyé à lasoeurdadrien le survie_new
[17:08:10] [ITEM_CANCELLED]: lasoeurdadrien annule la vente de 1x Elytra [Mending] pour 5,000.00β sur survie_new
[17:08:13] [ITEM_RETURNED]: 1 x Elytra  [Mending] renvoyé à lasoeurdadrien le survie_new
[17:08:26] [ITEM_LISTED]: lasoeurdadrien vend 64 x Iron Ingot  pour 1,150.00β sur survie_new
[17:08:32] [ITEM_LISTED]: lasoeurdadrien vend 64 x Iron Ingot  pour 1,150.00β sur survie_new
[17:08:36] [ITEM_LISTED]: Tesla248 vend 64 x Coal  pour 500.00β sur survie_new
[17:08:37] [ITEM_LISTED]: lasoeurdadrien vend 64 x Iron Ingot  pour 1,150.00β sur survie_new
[17:08:43] [ITEM_LISTED]: lasoeurdadrien vend 64 x Iron Ingot  pour 1,150.00β sur survie_new
[17:08:44] [ITEM_LISTED]: Tesla248 vend 64 x Coal  pour 500.00β sur survie_new
[17:08:47] [ITEM_LISTED]: lasoeurdadrien vend 64 x Iron Ingot  pour 1,150.00β sur survie_new
[17:08:52] [ITEM_LISTED]: Tesla248 vend 64 x Coal  pour 500.00β sur survie_new
[17:08:58] [ITEM_SOLD]: lasoeurdadrien vendu 64 x Iron Ingot à  Kaam98 pour 1,150.00 β le survie_new
[17:08:59] [ITEM_SOLD]: lasoeurdadrien vendu 64 x Iron Ingot à  Kaam98 pour 1,150.00 β le survie_new
[17:09:01] [ITEM_SOLD]: lasoeurdadrien vendu 64 x Iron Ingot à  Kaam98 pour 1,150.00 β le survie_new
[17:09:01] [ITEM_LISTED]: Tesla248 vend 64 x Coal  pour 500.00β sur survie_new
[17:09:02] [ITEM_SOLD]: lasoeurdadrien vendu 64 x Iron Ingot à  Kaam98 pour 1,150.00 β le survie_new
[17:09:03] [ITEM_SOLD]: lasoeurdadrien vendu 64 x Iron Ingot à  Kaam98 pour 1,150.00 β le survie_new
[17:09:11] [ITEM_LISTED]: Tesla248 vend 64 x Coal  pour 500.00β sur survie_new
[17:09:18] [ITEM_LISTED]: Tesla248 vend 64 x Coal  pour 500.00β sur survie_new
[17:09:20] [ITEM_LISTED]: lasoeurdadrien vend 1 x Elytra  [Mending] pour 5,000.00β sur survie_new
[17:09:26] [ITEM_LISTED]: Tesla248 vend 64 x Coal  pour 500.00β sur survie_new
[17:09:35] [ITEM_LISTED]: Tesla248 vend 64 x Coal  pour 500.00β sur survie_new
[17:09:42] [ITEM_LISTED]: Tesla248 vend 64 x Coal  pour 500.00β sur survie_new
[17:09:56] [ITEM_LISTED]: Tesla248 vend 64 x Redstone  pour 500.00β sur survie_new
[17:10:05] [ITEM_LISTED]: Tesla248 vend 64 x Redstone  pour 500.00β sur survie_new
[17:10:11] [ITEM_LISTED]: Tesla248 vend 64 x Redstone  pour 500.00β sur survie_new
[17:10:19] [ITEM_LISTED]: Tesla248 vend 64 x Redstone  pour 500.00β sur survie_new
[17:10:25] [ITEM_LISTED]: Tesla248 vend 64 x Redstone  pour 500.00β sur survie_new
[17:10:36] [ITEM_LISTED]: Tesla248 vend 64 x Redstone  pour 500.00β sur survie_new
[17:10:43] [ITEM_LISTED]: Tesla248 vend 64 x Redstone  pour 500.00β sur survie_new
[17:10:50] [ITEM_LISTED]: Tesla248 vend 64 x Redstone  pour 500.00β sur survie_new
[17:10:56] [ITEM_LISTED]: Tesla248 vend 64 x Redstone  pour 500.00β sur survie_new
[17:11:14] [ITEM_LISTED]: Tesla248 vend 1 x Ominous Banner  pour 200.00β sur survie_new
[17:11:23] [ITEM_LISTED]: Tesla248 vend 1 x Ominous Banner  pour 200.00β sur survie_new
[17:11:32] [ITEM_LISTED]: Tesla248 vend 1 x Ominous Banner  pour 200.00β sur survie_new
[17:21:36] [ITEM_SOLD]: Skylord28 vendu 1 x Diamond Pickaxe à  [Efficiency IV, Fortune II, Unbreaking III] Neefast pour 5,500.00 β le survie_new
[17:24:06] [ITEM_CANCELLED]: WyRz_ annule la vente de 3x [Cave spider Spawner] pour 6,000.00β sur spawn
[17:24:18] [ITEM_RETURNED]: 3 x [Cave spider Spawner]  renvoyé à WyRz_ le spawn
[17:35:15] [ITEM_SOLD]: pierro vendu 16 x Egg à  Vladata pour 200.00 β le survie_new
[17:35:43] [ITEM_SOLD]: Newt_hp vendu 64 x Baked Potato à  Vladata pour 250.00 β le survie_new
[17:39:55] [ITEM_LISTED]: Kaam98 vend 1 x Diamond Chestplate  [Fire Protection III] pour 200.00β sur survie_new
[17:40:02] [ITEM_LISTED]: Kaam98 vend 1 x Diamond Chestplate  [Fire Protection III, Unbreaking III] pour 250.00β sur survie_new
[17:40:09] [ITEM_LISTED]: Kaam98 vend 1 x Diamond Chestplate  [Protection IV] pour 400.00β sur survie_new
[17:40:37] [ITEM_LISTED]: Kaam98 vend 1 x Diamond Pickaxe  [Fortune III, Unbreaking III] pour 600.00β sur survie_new
[17:40:47] [ITEM_LISTED]: Kaam98 vend 1 x Diamond Chestplate  [Protection III, Thorns II] pour 350.00β sur survie_new
[17:40:54] [ITEM_LISTED]: Kaam98 vend 1 x Diamond Chestplate  [Blast Protection IV, Unbreaking III] pour 350.00β sur survie_new
[17:41:03] [ITEM_LISTED]: Kaam98 vend 1 x Diamond Sword  [Fire Aspect II, Knockback II, Sharpness III] pour 200.00β sur survie_new
[17:41:06] [ITEM_LISTED]: Kaam98 vend 1 x Diamond Sword  [Bane of Arthropods IV] pour 200.00β sur survie_new
[17:41:10] [ITEM_LISTED]: Kaam98 vend 1 x Diamond Axe  [Unbreaking III] pour 200.00β sur survie_new
[17:47:35] [ITEM_SOLD]: Kaam98 vendu 1 x Diamond Chestplate à  [Protection IV] Mister_IO pour 400.00 β le survie_new
[17:55:44] [ITEM_SOLD]: REGDYLAN vendu 1 x [Cow Spawner] à  Nexusso pour 15,000.00 β le survie_new
[18:24:21] [ITEM_RETURNED]: 1 x Enchanted Book  renvoyé à The_Wiz_D le survie_new
[18:24:22] [ITEM_RETURNED]: 1 x Enchanted Book  renvoyé à The_Wiz_D le survie_new
[18:33:53] [ITEM_SOLD]: Jarreshan vendu 1 x [Cave spider Spawner] à  Newt_hp pour 3,000.00 β le survie_new
[18:37:07] [ITEM_CANCELLED]: tmax06 annule la vente de 64x Cyan Glazed Terracotta pour 1,000.00β sur spawn
[18:37:12] [ITEM_RETURNED]: 64 x Cyan Glazed Terracotta  renvoyé à tmax06 le spawn
[18:37:14] [ITEM_CANCELLED]: tmax06 annule la vente de 1x Iron Horse Armor pour 500.00β sur spawn
[18:37:15] [ITEM_CANCELLED]: tmax06 annule la vente de 1x Tnt pour 100.00β sur survie_new
[18:37:18] [ITEM_RETURNED]: 1 x Iron Horse Armor  renvoyé à tmax06 le spawn
[18:37:18] [ITEM_RETURNED]: 1 x Tnt  renvoyé à tmax06 le survie_new
[18:37:20] [ITEM_CANCELLED]: tmax06 annule la vente de 10x Dispenser pour 100.00β sur survie_new
[18:37:21] [ITEM_CANCELLED]: tmax06 annule la vente de 1x Golden Apple pour 500.00β sur survie_new
[18:37:23] [ITEM_RETURNED]: 10 x Dispenser  renvoyé à tmax06 le survie_new
[18:37:24] [ITEM_RETURNED]: 1 x Golden Apple  renvoyé à tmax06 le survie_new
[18:38:49] [ITEM_SOLD]: Kaam98 vendu 1 x Diamond Sword à  [Bane of Arthropods IV] tmax06 pour 200.00 β le survie_new
[18:39:15] [ITEM_SOLD]: Kaam98 vendu 1 x Diamond Pickaxe à  [Fortune III, Unbreaking III] tmax06 pour 600.00 β le survie_new
[18:40:31] [ITEM_SOLD]: Kaam98 vendu 1 x Diamond Axe à  [Unbreaking III] tmax06 pour 200.00 β le survie_new
[18:40:51] [ITEM_LISTED]: tmax06 vend 64 x Cyan Glazed Terracotta  pour 500.00β sur survie_new
[18:41:09] [ITEM_LISTED]: tmax06 vend 1 x Iron Horse Armor  pour 100.00β sur survie_new
[18:41:23] [ITEM_LISTED]: tmax06 vend 1 x Tnt  pour 100.00β sur survie_new
[18:42:26] [ITEM_SOLD]: lasoeurdadrien vendu 1 x Enchanted Book à  tmax06 pour 2,400.00 β le survie_new
[18:42:52] [ITEM_LISTED]: Newt_hp vend 1 x [Cave spider Spawner]  pour 3,000.00β sur survie_new
[18:45:00] [ITEM_SOLD]: tmax06 vendu 64 x Cyan Glazed Terracotta à  Cryyzi pour 500.00 β le survie_new
[18:49:25] [ITEM_SOLD]: Kaam98 vendu 1 x Diamond Chestplate à  [Fire Protection III, Unbreaking III] Mikiu_Ahegao pour 250.00 β le survie_new
[18:49:34] [ITEM_SOLD]: Kaam98 vendu 1 x Diamond Sword à  [Fire Aspect II, Knockback II, Sharpness III] Mikiu_Ahegao pour 200.00 β le survie_new
[18:50:08] [ITEM_SOLD]: GuiGuiPlay vendu 64 x Sugar Cane à  Mikiu_Ahegao pour 100.00 β le survie_new
[19:03:49] [ITEM_LISTED]: tmax06 vend 1 x [Cave spider Spawner]  pour 10,000.00β sur survie_new
[19:17:29] [ITEM_LISTED]: tmax06 vend 1 x Leather Leggings  [Unbreaking I] pour 200.00β sur survie_new
[19:17:40] [ITEM_LISTED]: tmax06 vend 1 x Leather Helmet  [Respiration I] pour 200.00β sur survie_new
[19:31:42] [ITEM_SOLD]: Kaio_Beninou vendu 1 x Trident à  [Loyalty III, Unbreaking III] pimendespelette pour 15,000.00 β le survie_new
[20:12:50] [ITEM_SOLD]: lasoeurdadrien vendu 1 x Enchanted Book à  Mathis6000 pour 1,190.00 β le survie_new
[20:14:55] [ITEM_CANCELLED]: lasoeurdadrien annule la vente de 1x Elytra [Mending] pour 5,000.00β sur survie_new
[20:14:57] [ITEM_RETURNED]: 1 x Elytra  [Mending] renvoyé à lasoeurdadrien le survie_new
[20:21:04] [ITEM_LISTED]: Flashtric vend 1 x Enchanted Book  pour 3,000.00β sur survie_new
[20:39:24] [ITEM_LISTED]: Cryyzi vend 1 x Music Disc Cat  pour 50.00β sur survie_new
[20:39:26] [ITEM_LISTED]: Cryyzi vend 1 x Music Disc Cat  pour 50.00β sur survie_new
[20:39:34] [ITEM_LISTED]: Cryyzi vend 1 x Music Disc 13  pour 50.00β sur survie_new
[21:40:50] [ITEM_LISTED]: Kaam98 vend 3 x Wither Skeleton Skull  pour 9,999.00β sur survie_new
[22:05:17] [ITEM_LISTED]: Kaam98 vend 64 x Sandstone  pour 300.00β sur survie_new
[22:05:18] [ITEM_LISTED]: Kaam98 vend 64 x Sandstone  pour 300.00β sur survie_new
[22:05:20] [ITEM_LISTED]: Kaam98 vend 64 x Sandstone  pour 300.00β sur survie_new
[22:05:22] [ITEM_LISTED]: Kaam98 vend 64 x Sandstone  pour 300.00β sur survie_new
[22:15:11] [ITEM_SOLD]: Cryyzi vendu 1 x White Bed à  DXdu816 pour 11.00 β le survie_new
[22:15:12] [ITEM_SOLD]: Cryyzi vendu 1 x White Bed à  DXdu816 pour 11.00 β le survie_new
[22:15:13] [ITEM_SOLD]: Cryyzi vendu 1 x Yellow Bed à  DXdu816 pour 11.00 β le survie_new
[22:15:15] [ITEM_SOLD]: Cryyzi vendu 1 x White Bed à  DXdu816 pour 11.00 β le survie_new
[22:16:58] [ITEM_LISTED]: Mikiu_Ahegao vend 64 x Gunpowder  pour 299.00β sur survie_new
[22:18:37] [ITEM_LISTED]: Cryyzi vend 64 x Sand  pour 200.00β sur survie_new
[22:18:40] [ITEM_LISTED]: Cryyzi vend 64 x Sand  pour 200.00β sur survie_new
[22:19:43] [ITEM_LISTED]: Cryyzi vend 1 x White Bed  pour 11.00β sur survie_new
[22:19:45] [ITEM_LISTED]: Cryyzi vend 1 x White Bed  pour 11.00β sur survie_new
[22:19:47] [ITEM_LISTED]: Cryyzi vend 1 x White Bed  pour 11.00β sur survie_new
[22:19:49] [ITEM_LISTED]: Cryyzi vend 1 x White Bed  pour 11.00β sur survie_new
[22:19:53] [ITEM_LISTED]: Cryyzi vend 1 x White Bed  pour 11.00β sur survie_new
[22:19:55] [ITEM_LISTED]: Cryyzi vend 1 x Yellow Bed  pour 11.00β sur survie_new
[22:20:00] [ITEM_LISTED]: Cryyzi vend 1 x Yellow Bed  pour 11.00β sur survie_new
[22:20:04] [ITEM_LISTED]: Cryyzi vend 1 x Yellow Bed  pour 11.00β sur survie_new
[22:20:11] [ITEM_LISTED]: Cryyzi vend 1 x Purple Bed  pour 11.00β sur survie_new
[22:20:15] [ITEM_LISTED]: Cryyzi vend 1 x Blue Bed  pour 11.00β sur survie_new
[22:20:18] [ITEM_LISTED]: Cryyzi vend 1 x Blue Bed  pour 11.00β sur survie_new
[22:20:19] [ITEM_LISTED]: Cryyzi vend 1 x Purple Bed  pour 11.00β sur survie_new
[22:20:35] [ITEM_SOLD]: pierro vendu 16 x Egg à  cmdix36 pour 200.00 β le survie_new
[22:27:53] [ITEM_LISTED]: Mikiu_Ahegao vend 1 x Potion  pour 199.00β sur survie_new
[22:28:01] [ITEM_LISTED]: Mikiu_Ahegao vend 1 x Potion  pour 199.00β sur survie_new
[22:28:09] [ITEM_LISTED]: Mikiu_Ahegao vend 1 x Potion  pour 99.00β sur survie_new
[22:28:17] [ITEM_SOLD]: Cryyzi vendu 64 x Sand à  Mikiu_Ahegao pour 200.00 β le survie_new
[22:28:19] [ITEM_SOLD]: Cryyzi vendu 64 x Sand à  Mikiu_Ahegao pour 200.00 β le survie_new
[22:29:12] [ITEM_CANCELLED]: tmax06 annule la vente de 1x [Cave spider Spawner] pour 10,000.00β sur survie_new
[22:29:15] [ITEM_RETURNED]: 1 x [Cave spider Spawner]  renvoyé à tmax06 le survie_new
[22:29:52] [ITEM_LISTED]: tmax06 vend 1 x [Cave spider Spawner]  pour 5,000.00β sur survie_new
[22:30:20] [ITEM_CANCELLED]: tmax06 annule la vente de 1x [Cave spider Spawner] pour 5,000.00β sur survie_new
[22:30:22] [ITEM_RETURNED]: 1 x [Cave spider Spawner]  renvoyé à tmax06 le survie_new
[22:30:37] [ITEM_LISTED]: tmax06 vend 1 x [Cave spider Spawner]  pour 2,800.00β sur survie_new
[22:33:19] [ITEM_LISTED]: tmax06 vend 2 x Detector Rail  pour 200.00β sur survie_new
[22:33:31] [ITEM_LISTED]: tmax06 vend 2 x Activator Rail  pour 200.00β sur survie_new
[22:33:52] [ITEM_LISTED]: tmax06 vend 5 x Powered Rail  pour 400.00β sur survie_new
[22:34:17] [ITEM_LISTED]: tmax06 vend 64 x Rail  pour 300.00β sur survie_new
[22:34:27] [ITEM_LISTED]: tmax06 vend 64 x Rail  pour 300.00β sur survie_new
[22:34:38] [ITEM_LISTED]: tmax06 vend 64 x Rail  pour 300.00β sur survie_new
[22:34:53] [ITEM_LISTED]: tmax06 vend 64 x Rail  pour 300.00β sur survie_new
[22:35:03] [ITEM_LISTED]: tmax06 vend 64 x Rail  pour 300.00β sur survie_new
[22:36:11] [ITEM_LISTED]: tmax06 vend 30 x Rail  pour 150.00β sur survie_new
[22:45:55] [ITEM_LISTED]: Waxay vend 20 x Redstone Block  pour 200.00β sur survie_new
[22:46:09] [ITEM_LISTED]: Waxay vend 64 x Redstone Block  pour 640.00β sur survie_new
[22:50:26] [ITEM_LISTED]: BiscuitSoda69 vend 1 x Diamond Sword  [Sharpness IV, Unbreaking III] pour 2,000.00β sur survie_new
[23:05:57] [ITEM_SOLD]: pierro vendu 16 x Egg à  cmdix36 pour 200.00 β le survie_new
[23:10:29] [ITEM_SOLD]: pierro vendu 16 x Egg à  cmdix36 pour 200.00 β le survie_new
[23:10:31] [ITEM_SOLD]: pierro vendu 16 x Egg à  cmdix36 pour 200.00 β le survie_new
[23:10:33] [ITEM_SOLD]: pierro vendu 16 x Egg à  cmdix36 pour 200.00 β le survie_new
[23:13:06] [ITEM_SOLD]: Kaam98 vendu 1 x Diamond Chestplate à  [Fire Protection III] Cyborg_10_000 pour 200.00 β le survie_new
[23:14:16] [ITEM_SOLD]: Cryyzi vendu 1 x Blue Bed à  Cyborg_10_000 pour 11.00 β le survie_new
[23:14:20] [ITEM_SOLD]: Cryyzi vendu 1 x Blue Bed à  Cyborg_10_000 pour 11.00 β le survie_new
[23:15:31] [ITEM_LISTED]: cmdix36 vend 64 x Dirt  pour 150.00β sur survie_new
[23:15:36] [ITEM_LISTED]: cmdix36 vend 64 x Dirt  pour 150.00β sur survie_new
[23:15:39] [ITEM_LISTED]: cmdix36 vend 64 x Dirt  pour 150.00β sur survie_new
[23:15:42] [ITEM_LISTED]: cmdix36 vend 64 x Dirt  pour 150.00β sur survie_new
[23:15:45] [ITEM_LISTED]: cmdix36 vend 64 x Dirt  pour 150.00β sur survie_new
[23:15:47] [ITEM_LISTED]: cmdix36 vend 64 x Dirt  pour 150.00β sur survie_new
