[01:22:05] [ITEM_SOLD]: toonjosh vendu 64 x Bone à  nuggs pour 200.00 β le survie_new
[01:55:51] [ITEM_SOLD]: AzodFR vendu 1 x Written Book à  kalaistar pour 10,000.00 β le survie_new
[03:11:12] [ITEM_SOLD]: SSLLOOTTHH vendu 1 x Elytra à  LiKaneH pour 10,000.00 β le survie_new_the_end
[09:09:03] [ITEM_SOLD]: SSLLOOTTHH vendu 1 x Iron Sword à  [Bane of Arthropods V, Knockback II, Mending] scirion pour 200.00 β le survie_new_the_end
[09:54:09] [ITEM_LISTED]: Sifflote vend 64 x Iron Ingot  pour 1,500.00β sur survie_new
[09:54:20] [ITEM_LISTED]: Sifflote vend 64 x Gold Ingot  pour 2,500.00β sur survie_new
[09:54:28] [ITEM_LISTED]: Sifflote vend 64 x Gold Ingot  pour 2,500.00β sur survie_new
[09:54:38] [ITEM_LISTED]: Sifflote vend 64 x Gold Ingot  pour 2,500.00β sur survie_new
[09:54:49] [ITEM_LISTED]: Sifflote vend 64 x Iron Ingot  pour 1,750.00β sur survie_new
[09:55:07] [ITEM_LISTED]: Sifflote vend 1 x Name Tag  pour 2,000.00β sur survie_new
[11:39:47] [ITEM_SOLD]: Caldryk vendu 40 x Sweet Berries à  HatsuHaruuu pour 100.00 β le survie_new
[12:33:25] [ITEM_SOLD]: SSLLOOTTHH vendu 1 x Diamond Boots à  [Blast Protection III, Feather Falling IV] BolatBorz pour 1,500.00 β le survie_new_the_end
[12:37:11] [ITEM_LISTED]: _Kotura vend 64 x Iron Ore  pour 5,000.00β sur survie_new
[13:16:03] [ITEM_LISTED]: scirion vend 1 x Enchanted Book  pour 14,000.00β sur survie_new
[13:29:16] [ITEM_SOLD]: _Kotura vendu 64 x Iron Ore à  CouzVeBaton pour 5,000.00 β le survie_new
[13:39:34] [ITEM_SOLD]: SSLLOOTTHH vendu 1 x Diamond Pickaxe à  [Efficiency III] yokianderson pour 300.00 β le survie_new_the_end
[13:40:25] [ITEM_SOLD]: omega2028 vendu 1 x Enchanted Book à  yokianderson pour 5,000.00 β le survie_new
[13:46:38] [ITEM_LISTED]: IntegraleEpice vend 1 x Enchanted Book  pour 5,000.00β sur survie_new
[13:46:40] [ITEM_LISTED]: IntegraleEpice vend 1 x Enchanted Book  pour 5,000.00β sur survie_new
[13:46:41] [ITEM_LISTED]: IntegraleEpice vend 1 x Enchanted Book  pour 5,000.00β sur survie_new
[13:50:56] [ITEM_SOLD]: Sifflote vendu 64 x Iron Ingot à  zombie_cool pour 1,500.00 β le survie_new
[13:53:19] [ITEM_LISTED]: SSLLOOTTHH vend 64 x Iron Block  pour 15,000.00β sur survie_new
[13:57:08] [ITEM_SOLD]: IntegraleEpice vendu 1 x Enchanted Book à  Tesla248 pour 5,000.00 β le survie_new
[13:57:10] [ITEM_SOLD]: IntegraleEpice vendu 1 x Enchanted Book à  HeFk pour 5,000.00 β le survie_new
[13:57:11] [ITEM_SOLD]: IntegraleEpice vendu 1 x Enchanted Book à  HeFk pour 5,000.00 β le survie_new
[14:00:07] [ITEM_CANCELLED]: Blazd annule la vente de 1x Enchanted Book pour 14,000.00β sur survie_new
[14:00:09] [ITEM_CANCELLED]: Blazd annule la vente de 1x Enchanted Book pour 14,000.00β sur survie_new
[14:00:14] [ITEM_CANCELLED]: Blazd annule la vente de 1x Enchanted Book pour 8,000.00β sur survie_new
[14:00:15] [ITEM_CANCELLED]: Blazd annule la vente de 1x Enchanted Book pour 12,000.00β sur survie_new
[14:00:15] [ITEM_CANCELLED]: Blazd annule la vente de 1x Enchanted Book pour 4,000.00β sur survie_new
[14:00:16] [ITEM_CANCELLED]: Blazd annule la vente de 1x Enchanted Book pour 6,000.00β sur survie_new
[14:00:16] [ITEM_CANCELLED]: Blazd annule la vente de 1x Enchanted Book pour 3,000.00β sur survie_new
[14:00:16] [ITEM_CANCELLED]: Blazd annule la vente de 1x Enchanted Book pour 5,000.00β sur survie_new
[14:00:19] [ITEM_RETURNED]: 1 x Enchanted Book  renvoyé à Blazd le survie_new
[14:00:19] [ITEM_RETURNED]: 1 x Enchanted Book  renvoyé à Blazd le survie_new
[14:00:19] [ITEM_RETURNED]: 1 x Enchanted Book  renvoyé à Blazd le survie_new
[14:00:20] [ITEM_RETURNED]: 1 x Enchanted Book  renvoyé à Blazd le survie_new
[14:00:20] [ITEM_RETURNED]: 1 x Enchanted Book  renvoyé à Blazd le survie_new
[14:00:20] [ITEM_RETURNED]: 1 x Enchanted Book  renvoyé à Blazd le survie_new
[14:00:20] [ITEM_RETURNED]: 1 x Enchanted Book  renvoyé à Blazd le survie_new
[14:00:20] [ITEM_RETURNED]: 1 x Enchanted Book  renvoyé à Blazd le survie_new
[14:01:00] [ITEM_LISTED]: Tesla248 vend 1 x Enchanted Book  pour 9,000.00β sur survie_new
[14:01:13] [ITEM_SOLD]: Tesla248 vendu 1 x Enchanted Book à  HeFk pour 9,000.00 β le survie_new
[14:04:14] [ITEM_CANCELLED]: Bouletotor annule la vente de 1x Torch pour 300.00β sur survie_new
[14:04:26] [ITEM_RETURNED]: 1 x Torch  renvoyé à Bouletotor le survie_new
[14:04:28] [ITEM_LISTED]: IntegraleEpice vend 1 x Enchanted Book  pour 5,000.00β sur survie_new
[14:04:31] [ITEM_LISTED]: IntegraleEpice vend 1 x Enchanted Book  pour 5,000.00β sur survie_new
[14:04:33] [ITEM_LISTED]: IntegraleEpice vend 1 x Enchanted Book  pour 5,000.00β sur survie_new
[14:04:34] [ITEM_LISTED]: IntegraleEpice vend 1 x Enchanted Book  pour 5,000.00β sur survie_new
[14:04:37] [ITEM_LISTED]: IntegraleEpice vend 1 x Enchanted Book  pour 5,000.00β sur survie_new
[14:04:39] [ITEM_LISTED]: IntegraleEpice vend 1 x Enchanted Book  pour 5,000.00β sur survie_new
[14:07:49] [ITEM_SOLD]: IntegraleEpice vendu 1 x Enchanted Book à  Tesla248 pour 5,000.00 β le survie_new
[14:08:01] [ITEM_SOLD]: IntegraleEpice vendu 1 x Enchanted Book à  Tesla248 pour 5,000.00 β le survie_new
[14:08:04] [ITEM_SOLD]: IntegraleEpice vendu 1 x Enchanted Book à  Tesla248 pour 5,000.00 β le survie_new
[14:11:01] [ITEM_SOLD]: IntegraleEpice vendu 1 x Enchanted Book à  SSLLOOTTHH pour 5,000.00 β le survie_new
[14:11:03] [ITEM_SOLD]: IntegraleEpice vendu 1 x Enchanted Book à  SSLLOOTTHH pour 5,000.00 β le survie_new
[14:11:05] [ITEM_SOLD]: IntegraleEpice vendu 1 x Enchanted Book à  SSLLOOTTHH pour 5,000.00 β le survie_new
[14:12:31] [ITEM_LISTED]: IntegraleEpice vend 1 x Enchanted Book  pour 5,000.00β sur survie_new
[14:12:36] [ITEM_SOLD]: IntegraleEpice vendu 1 x Enchanted Book à  Bouletotor pour 5,000.00 β le survie_new
[14:20:15] [ITEM_LISTED]: Blazd vend 1 x Enchanted Book  pour 5,000.00β sur survie_new
[14:21:00] [ITEM_LISTED]: Blazd vend 1 x Enchanted Book  pour 4,000.00β sur survie_new
[14:21:07] [ITEM_LISTED]: Blazd vend 1 x Enchanted Book  pour 7,000.00β sur survie_new
[14:21:13] [ITEM_LISTED]: Nexusso vend 64 x White Wool  pour 50.00β sur survie_new
[14:21:14] [ITEM_LISTED]: Blazd vend 1 x Enchanted Book  pour 5,000.00β sur survie_new
[14:21:15] [ITEM_LISTED]: Nexusso vend 64 x White Wool  pour 50.00β sur survie_new
[14:21:20] [ITEM_LISTED]: Nexusso vend 64 x White Wool  pour 50.00β sur survie_new
[14:21:22] [ITEM_SOLD]: Nexusso vendu 64 x White Wool à  SSLLOOTTHH pour 50.00 β le survie_new
[14:21:29] [ITEM_LISTED]: Blazd vend 1 x Enchanted Book  pour 9,000.00β sur survie_new
[14:21:29] [ITEM_SOLD]: Nexusso vendu 64 x White Wool à  SSLLOOTTHH pour 50.00 β le survie_new
[14:21:32] [ITEM_SOLD]: Nexusso vendu 64 x White Wool à  Tesla248 pour 50.00 β le survie_new
[14:21:43] [ITEM_LISTED]: Blazd vend 1 x Enchanted Book  pour 9,000.00β sur survie_new
[14:21:48] [ITEM_LISTED]: Blazd vend 1 x Enchanted Book  pour 12,000.00β sur survie_new
[14:21:56] [ITEM_LISTED]: Blazd vend 1 x Enchanted Book  pour 8,000.00β sur survie_new
[14:22:01] [ITEM_LISTED]: Blazd vend 1 x Enchanted Book  pour 14,000.00β sur survie_new
[14:22:08] [ITEM_LISTED]: Nexusso vend 64 x White Wool  pour 50.00β sur survie_new
[14:22:10] [ITEM_LISTED]: Nexusso vend 64 x White Wool  pour 50.00β sur survie_new
[14:22:12] [ITEM_SOLD]: Nexusso vendu 64 x White Wool à  HeFk pour 50.00 β le survie_new
[14:22:13] [ITEM_SOLD]: Nexusso vendu 64 x White Wool à  HeFk pour 50.00 β le survie_new
[14:28:29] [ITEM_LISTED]: Blazd vend 1 x Enchanted Book  pour 9,000.00β sur survie_new
[14:28:58] [ITEM_CANCELLED]: Blazd annule la vente de 1x Enchanted Book pour 7,000.00β sur survie_new
[14:28:59] [ITEM_RETURNED]: 1 x Enchanted Book  renvoyé à Blazd le survie_new
[14:35:21] [ITEM_SOLD]: Dreyda vendu 1 x Enchanted Book à  Blazd pour 1,750.00 β le survie_new
[14:42:01] [ITEM_LISTED]: Yohan81 vend 1 x Saddle  pour 50.00β sur survie_new
[14:42:03] [ITEM_LISTED]: Yohan81 vend 1 x Saddle  pour 50.00β sur survie_new
[14:42:28] [ITEM_LISTED]: Yohan81 vend 1 x Totem Of Undying  pour 90.00β sur survie_new
[14:42:29] [ITEM_LISTED]: Yohan81 vend 1 x Totem Of Undying  pour 90.00β sur survie_new
[14:49:14] [ITEM_SOLD]: Yohan81 vendu 1 x Totem Of Undying à  Tesla248 pour 90.00 β le survie_new
[14:49:16] [ITEM_SOLD]: Yohan81 vendu 1 x Totem Of Undying à  Tesla248 pour 90.00 β le survie_new
[14:49:39] [ITEM_LISTED]: Tesla248 vend 1 x Totem Of Undying  pour 1,000.00β sur survie_new
[14:49:45] [ITEM_LISTED]: Tesla248 vend 1 x Totem Of Undying  pour 1,000.00β sur survie_new
[14:56:05] [ITEM_SOLD]: Blazd vendu 1 x Enchanted Book à  LiKaneH pour 14,000.00 β le survie_new
[15:02:16] [ITEM_LISTED]: Tesla248 vend 1 x Enchanted Book  pour 12,000.00β sur survie_new
[15:02:30] [ITEM_LISTED]: Tesla248 vend 1 x Enchanted Book  pour 12,000.00β sur survie_new
[15:02:38] [ITEM_LISTED]: Tesla248 vend 1 x Enchanted Book  pour 12,000.00β sur survie_new
[15:02:47] [ITEM_LISTED]: Tesla248 vend 1 x Enchanted Book  pour 12,000.00β sur survie_new
[15:03:21] [ITEM_LISTED]: Tesla248 vend 1 x Enchanted Book  pour 9,000.00β sur survie_new
[15:03:35] [ITEM_LISTED]: Tesla248 vend 1 x Enchanted Book  pour 9,000.00β sur survie_new
[15:03:46] [ITEM_LISTED]: Tesla248 vend 1 x Enchanted Book  pour 9,000.00β sur survie_new
[15:03:55] [ITEM_LISTED]: Tesla248 vend 1 x Enchanted Book  pour 3,000.00β sur survie_new
[15:04:08] [ITEM_LISTED]: Tesla248 vend 1 x Enchanted Book  pour 9,000.00β sur survie_new
[15:04:18] [ITEM_LISTED]: Tesla248 vend 1 x Enchanted Book  pour 9,000.00β sur survie_new
[15:04:26] [ITEM_LISTED]: Tesla248 vend 1 x Enchanted Book  pour 3,000.00β sur survie_new
[15:04:33] [ITEM_LISTED]: Tesla248 vend 1 x Enchanted Book  pour 3,000.00β sur survie_new
[15:17:02] [ITEM_LISTED]: Yohan81 vend 1 x Saddle  pour 50.00β sur survie_new
[15:19:50] [ITEM_LISTED]: SSLLOOTTHH vend 1 x Enchanted Book  pour 5,000.00β sur survie_new
[15:22:15] [ITEM_LISTED]: omega2028 vend 1 x Totem Of Undying  pour 1,000.00β sur survie_new
[15:22:19] [ITEM_LISTED]: omega2028 vend 1 x Totem Of Undying  pour 1,000.00β sur survie_new
[15:22:21] [ITEM_LISTED]: omega2028 vend 1 x Totem Of Undying  pour 1,000.00β sur survie_new
[15:22:24] [ITEM_LISTED]: omega2028 vend 1 x Totem Of Undying  pour 1,000.00β sur survie_new
[15:22:25] [ITEM_CANCELLED]: SSLLOOTTHH annule la vente de 1x Enchanted Book pour 5,000.00β sur survie_new
[15:22:31] [ITEM_RETURNED]: 1 x Totem Of Undying  renvoyé à SSLLOOTTHH le survie_new
[15:22:32] [ITEM_RETURNED]: 1 x Enchanted Book  renvoyé à SSLLOOTTHH le survie_new
[15:22:38] [ITEM_LISTED]: SSLLOOTTHH vend 1 x Totem Of Undying  pour 100.00β sur survie_new
[15:22:57] [ITEM_LISTED]: SSLLOOTTHH vend 1 x Enchanted Book  pour 1,500.00β sur survie_new
[15:23:37] [ITEM_SOLD]: SSLLOOTTHH vendu 1 x Enchanted Book à  Tesla248 pour 1,500.00 β le survie_new
[15:24:01] [ITEM_LISTED]: SSLLOOTTHH vend 1 x Enchanted Book  pour 1,500.00β sur survie_new
[15:24:02] [ITEM_LISTED]: SSLLOOTTHH vend 1 x Enchanted Book  pour 1,500.00β sur survie_new
[15:24:03] [ITEM_LISTED]: SSLLOOTTHH vend 1 x Enchanted Book  pour 1,500.00β sur survie_new
[15:24:04] [ITEM_LISTED]: SSLLOOTTHH vend 1 x Enchanted Book  pour 1,500.00β sur survie_new
[15:24:48] [ITEM_CANCELLED]: SSLLOOTTHH annule la vente de 1x Enchanted Book pour 1,300.00β sur survie_new
[15:24:51] [ITEM_RETURNED]: 1 x Enchanted Book  renvoyé à SSLLOOTTHH le survie_new
[15:24:53] [ITEM_SOLD]: SSLLOOTTHH vendu 1 x Enchanted Book à  Bouletotor pour 1,300.00 β le survie_new
[15:25:40] [ITEM_LISTED]: SSLLOOTTHH vend 1 x Enchanted Book  pour 1,300.00β sur survie_new
[15:26:06] [ITEM_SOLD]: SSLLOOTTHH vendu 1 x Enchanted Book à  Tesla248 pour 1,500.00 β le survie_new
[15:34:57] [ITEM_CANCELLED]: SSLLOOTTHH annule la vente de 1x Enchanted Book pour 1,500.00β sur survie_new
[15:34:59] [ITEM_CANCELLED]: SSLLOOTTHH annule la vente de 1x Enchanted Book pour 1,500.00β sur survie_new
[15:34:59] [ITEM_CANCELLED]: SSLLOOTTHH annule la vente de 1x Enchanted Book pour 1,500.00β sur survie_new
[15:35:14] [ITEM_RETURNED]: 1 x Enchanted Book  renvoyé à SSLLOOTTHH le survie_new
[15:35:14] [ITEM_RETURNED]: 1 x Enchanted Book  renvoyé à SSLLOOTTHH le survie_new
[15:35:15] [ITEM_RETURNED]: 1 x Enchanted Book  renvoyé à SSLLOOTTHH le survie_new
[15:35:22] [ITEM_LISTED]: SSLLOOTTHH vend 1 x Enchanted Book  pour 1,350.00β sur survie_new
[15:35:29] [ITEM_SOLD]: SSLLOOTTHH vendu 1 x Enchanted Book à  eric2a pour 1,350.00 β le survie_new
[15:35:32] [ITEM_LISTED]: SSLLOOTTHH vend 1 x Enchanted Book  pour 1,350.00β sur survie_new
[15:35:32] [ITEM_LISTED]: SSLLOOTTHH vend 1 x Enchanted Book  pour 1,350.00β sur survie_new
[15:36:18] [ITEM_SOLD]: SSLLOOTTHH vendu 1 x Diamond Helmet à  [Unbreaking III] eric2a pour 300.00 β le survie_new_the_end
[15:36:52] [ITEM_SOLD]: SSLLOOTTHH vendu 1 x Elytra à  eric2a pour 10,000.00 β le survie_new_the_end
[15:37:06] [ITEM_LISTED]: SSLLOOTTHH vend 1 x Grass Block  pour 100,000.00β sur survie_new
[15:40:40] [ITEM_LISTED]: omega2028 vend 1 x Totem Of Undying  pour 1,000.00β sur survie_new
[15:40:42] [ITEM_LISTED]: omega2028 vend 1 x Totem Of Undying  pour 1,000.00β sur survie_new
[16:17:41] [ITEM_LISTED]: eric2a vend 1 x mystery box ^^ acheter pour voir  pour 12,500.00β sur survie_new
[16:19:18] [ITEM_SOLD]: eric2a vendu 1 x mystery box ^^ acheter pour voir à  AzodFR pour 12,500.00 β le survie_new
[16:19:57] [ITEM_LISTED]: AzodFR vend 1 x mystery box ^^ acheter pour voir  pour 15,000.00β sur survie_new
[16:24:29] [ITEM_SOLD]: Lenny vendu 64 x Sweet Berries à  yokianderson pour 125.00 β le survie_new
[16:24:49] [ITEM_CANCELLED]: SSLLOOTTHH annule la vente de 1x Enchanted Book pour 1,350.00β sur survie_new
[16:24:51] [ITEM_RETURNED]: 1 x Enchanted Book  renvoyé à SSLLOOTTHH le survie_new
[16:25:01] [ITEM_LISTED]: SSLLOOTTHH vend 1 x Enchanted Book  pour 1,000.00β sur survie_new
[16:25:05] [ITEM_SOLD]: SSLLOOTTHH vendu 1 x Enchanted Book à  Bouletotor pour 1,000.00 β le survie_new
[16:25:40] [ITEM_SOLD]: AzodFR vendu 1 x mystery box ^^ acheter pour voir à  kalaistar pour 15,000.00 β le survie_new
[16:26:37] [ITEM_LISTED]: kalaistar vend 1 x mystery box ^^ acheter pour voir  pour 17,000.00β sur survie_new
[17:00:27] [ITEM_DROPPED]: Abandon de la vente CouzVeBaton expirée de 1 x Prismarine Crystals  pour 0.00β à leurs pieds le survie_new
[17:01:01] [ITEM_LISTED]: CouzVeBaton vend 1 x Prismarine Crystals  pour 150.00β sur survie_new
[17:04:13] [ITEM_SOLD]: Sifflote vendu 64 x Iron Ingot à  yokianderson pour 1,750.00 β le survie_new
[17:12:12] [ITEM_CANCELLED]: kalaistar annule la vente de 1x mystery box ^^ acheter pour voir pour 17,000.00β sur survie_new
[17:12:24] [ITEM_RETURNED]: 1 x mystery box ^^ acheter pour voir  renvoyé à kalaistar le survie_new
[17:32:15] [ITEM_LISTED]: Blazd vend 1 x Porkchop  pour 1,000,000.00β sur survie_new
[17:32:55] [ITEM_LISTED]: LiKaneH vend 25 x Baked Potato  pour 10.00β sur survie_new
[17:34:05] [ITEM_CANCELLED]: LiKaneH annule la vente de 25x Baked Potato pour 10.00β sur survie_new
[17:34:16] [ITEM_LISTED]: LiKaneH vend 64 x Baked Potato  pour 10.00β sur survie_new
[17:34:52] [ITEM_SOLD]: LiKaneH vendu 64 x Baked Potato à  SSLLOOTTHH pour 10.00 β le survie_new
[17:35:28] [ITEM_CANCELLED]: Blazd annule la vente de 1x Porkchop pour 1,000,000.00β sur survie_new
[17:35:30] [ITEM_RETURNED]: 1 x Porkchop  renvoyé à Blazd le survie_new
[17:52:32] [ITEM_SOLD]: SSLLOOTTHH vendu 1 x Enchanted Book à  CroixVeBaton pour 1,350.00 β le survie_new
[18:00:02] [ITEM_CANCELLED]: SSLLOOTTHH annule la vente de 64x Iron Block pour 15,000.00β sur survie_new
[18:00:05] [ITEM_RETURNED]: 64 x Iron Block  renvoyé à SSLLOOTTHH le survie_new
[18:00:12] [ITEM_LISTED]: SSLLOOTTHH vend 64 x Iron Block  pour 11,000.00β sur survie_new
[18:00:50] [ITEM_SOLD]: SSLLOOTTHH vendu 64 x Iron Block à  limastic pour 11,000.00 β le survie_new
[18:11:15] [ITEM_SOLD]: SSLLOOTTHH vendu 1 x Diamond Leggings à  [Fire Protection IV, Unbreaking III] EDM_ZMK42 pour 300.00 β le survie_new_the_end
[18:17:16] [ITEM_LISTED]: limastic vend 64 x Iron Ore  pour 5,000.00β sur survie_new
[18:17:18] [ITEM_LISTED]: limastic vend 64 x Iron Ore  pour 5,000.00β sur survie_new
[18:17:21] [ITEM_LISTED]: limastic vend 64 x Iron Ore  pour 5,000.00β sur survie_new
[18:17:25] [ITEM_LISTED]: limastic vend 64 x Iron Ore  pour 5,000.00β sur survie_new
[18:17:28] [ITEM_LISTED]: limastic vend 64 x Iron Ore  pour 5,000.00β sur survie_new
[18:17:31] [ITEM_LISTED]: limastic vend 64 x Iron Ore  pour 5,000.00β sur survie_new
[18:17:33] [ITEM_LISTED]: limastic vend 64 x Iron Ore  pour 5,000.00β sur survie_new
[18:17:40] [ITEM_LISTED]: limastic vend 33 x Iron Ore  pour 2,500.00β sur survie_new
[18:18:16] [ITEM_LISTED]: limastic vend 64 x Gold Ore  pour 6,500.00β sur survie_new
[18:18:18] [ITEM_LISTED]: limastic vend 64 x Gold Ore  pour 6,500.00β sur survie_new
[18:28:57] [ITEM_LISTED]: Blazd vend 15 x Cooked Beef  pour 1.00β sur survie_new
[18:29:22] [ITEM_SOLD]: Blazd vendu 15 x Cooked Beef à  tis007 pour 1.00 β le survie_new
[18:29:51] [ITEM_SOLD]: Lenny vendu 64 x Sweet Berries à  Mikad0z pour 135.00 β le survie_new
[19:20:32] [ITEM_SOLD]: Lenny vendu 64 x Sweet Berries à  tis007 pour 125.00 β le survie_new
[19:23:33] [ITEM_SOLD]: Bouletotor vendu 64 x Oak Log à  SeiyaDxD pour 150.00 β le survie_new
[19:23:35] [ITEM_SOLD]: Bouletotor vendu 64 x Oak Log à  SeiyaDxD pour 150.00 β le survie_new
[19:23:37] [ITEM_SOLD]: Bouletotor vendu 64 x Oak Log à  SeiyaDxD pour 150.00 β le survie_new
[19:25:10] [ITEM_SOLD]: portedegaia vendu 64 x Dark Oak Log à  SeiyaDxD pour 750.00 β le survie_new
[19:25:11] [ITEM_SOLD]: portedegaia vendu 64 x Dark Oak Log à  SeiyaDxD pour 750.00 β le survie_new
[19:25:12] [ITEM_SOLD]: portedegaia vendu 64 x Dark Oak Log à  SeiyaDxD pour 750.00 β le survie_new
[19:25:13] [ITEM_SOLD]: portedegaia vendu 64 x Dark Oak Log à  SeiyaDxD pour 750.00 β le survie_new
[19:25:14] [ITEM_SOLD]: portedegaia vendu 64 x Dark Oak Log à  SeiyaDxD pour 750.00 β le survie_new
[19:25:16] [ITEM_SOLD]: portedegaia vendu 64 x Dark Oak Log à  SeiyaDxD pour 750.00 β le survie_new
[19:25:17] [ITEM_SOLD]: portedegaia vendu 64 x Dark Oak Log à  SeiyaDxD pour 750.00 β le survie_new
[19:25:19] [ITEM_SOLD]: portedegaia vendu 64 x Dark Oak Log à  SeiyaDxD pour 750.00 β le survie_new
[19:43:32] [ITEM_SOLD]: limastic vendu 64 x Iron Ore à  kalaistar pour 5,000.00 β le survie_new
[19:43:33] [ITEM_SOLD]: limastic vendu 64 x Iron Ore à  kalaistar pour 5,000.00 β le survie_new
[19:43:34] [ITEM_SOLD]: limastic vendu 64 x Iron Ore à  kalaistar pour 5,000.00 β le survie_new
[19:43:35] [ITEM_SOLD]: limastic vendu 64 x Iron Ore à  kalaistar pour 5,000.00 β le survie_new
[19:43:36] [ITEM_SOLD]: limastic vendu 64 x Iron Ore à  kalaistar pour 5,000.00 β le survie_new
[19:43:37] [ITEM_SOLD]: limastic vendu 64 x Iron Ore à  kalaistar pour 5,000.00 β le survie_new
[19:43:38] [ITEM_SOLD]: limastic vendu 64 x Iron Ore à  kalaistar pour 5,000.00 β le survie_new
[19:43:48] [ITEM_LISTED]: SSLLOOTTHH vend 64 x Diamond Block  pour 51,800.00β sur survie_new
[19:43:55] [ITEM_SOLD]: SSLLOOTTHH vendu 64 x Diamond Block à  kalaistar pour 51,800.00 β le survie_new
[19:44:20] [ITEM_SOLD]: limastic vendu 33 x Iron Ore à  kalaistar pour 2,500.00 β le survie_new
[19:45:44] [ITEM_SOLD]: limastic vendu 64 x Gold Ore à  kalaistar pour 6,500.00 β le survie_new
[19:45:45] [ITEM_SOLD]: limastic vendu 64 x Gold Ore à  kalaistar pour 6,500.00 β le survie_new
[19:47:25] [ITEM_LISTED]: SSLLOOTTHH vend 64 x Redstone Block  pour 900.00β sur survie_new
[19:49:17] [ITEM_LISTED]: SSLLOOTTHH vend 64 x Gold Block  pour 12,672.00β sur survie_new
[19:49:28] [ITEM_SOLD]: SSLLOOTTHH vendu 64 x Gold Block à  kalaistar pour 12,672.00 β le survie_new
[19:53:44] [ITEM_LISTED]: SSLLOOTTHH vend 64 x Iron Block  pour 103,688.00β sur survie_new
[19:54:50] [ITEM_CANCELLED]: SSLLOOTTHH annule la vente de 64x Iron Block pour 103,688.00β sur survie_new
[19:54:53] [ITEM_RETURNED]: 64 x Iron Block  renvoyé à SSLLOOTTHH le survie_new
[19:55:00] [ITEM_LISTED]: SSLLOOTTHH vend 64 x Iron Block  pour 10,368.00β sur survie_new
[19:55:07] [ITEM_SOLD]: SSLLOOTTHH vendu 64 x Iron Block à  SeiyaDxD pour 10,368.00 β le survie_new
[19:56:55] [ITEM_LISTED]: SeiyaDxD vend 64 x Iron Block  pour 10,368.00β sur survie_new
[19:57:07] [ITEM_SOLD]: SeiyaDxD vendu 64 x Iron Block à  kalaistar pour 10,368.00 β le survie_new
[19:59:12] [ITEM_LISTED]: CroixVeBaton vend 1 x Iron Helmet  [Mending, Protection IV] pour 2,000.00β sur survie_new_the_end
[20:09:19] [ITEM_CANCELLED]: SSLLOOTTHH annule la vente de 1x Diamond Sword [Bane of Arthropods V] pour 900.00β sur survie_new_the_end
[20:09:23] [ITEM_RETURNED]: 1 x Diamond Sword  [Bane of Arthropods V] renvoyé à SSLLOOTTHH le survie_new_the_end
[20:09:35] [ITEM_LISTED]: SSLLOOTTHH vend 1 x Diamond Sword  [Bane of Arthropods V] pour 400.00β sur survie_new
[20:32:17] [ITEM_SOLD]: SSLLOOTTHH vendu 1 x Dragon Head à  omega2028 pour 1,000.00 β le survie_new_the_end
[20:33:05] [ITEM_SOLD]: Lenny vendu 51 x Sweet Berries à  Cyborg_10_000 pour 115.00 β le survie_new
[20:33:45] [ITEM_LISTED]: hugoleb vend 1 x TUTO : Comment faire des Bébé  pour 1.00β sur survie_new
[20:34:10] [ITEM_RETURNED]: 64 x Nether Wart  renvoyé à hugoleb le survie_new
[20:34:11] [ITEM_RETURNED]: 64 x Leather  renvoyé à hugoleb le survie_new
[20:34:11] [ITEM_RETURNED]: 64 x Sugar Cane  renvoyé à hugoleb le survie_new
[20:34:13] [ITEM_CANCELLED]: hugoleb annule la vente de 1x TUTO : Comment faire des Bébé pour 1.00β sur survie_new
[20:34:14] [ITEM_CANCELLED]: hugoleb annule la vente de 64x Bamboo pour 50.00β sur survie_new
[21:23:44] [ITEM_LISTED]: hugoleb vend 1 x tuto comment devenir youtubeurs  pour 10.00β sur survie_new
[21:30:50] [ITEM_SOLD]: hugoleb vendu 1 x tuto comment devenir youtubeurs à  Yohan81 pour 10.00 β le survie_new
[21:36:31] [ITEM_LISTED]: AzodFR vend 1 x Written Book  pour 10,000.00β sur survie_new
[21:36:42] [ITEM_LISTED]: AzodFR vend 1 x Written Book  pour 10,000.00β sur survie_new
[21:36:43] [ITEM_LISTED]: AzodFR vend 1 x Written Book  pour 10,000.00β sur survie_new
[21:36:43] [ITEM_LISTED]: AzodFR vend 1 x Written Book  pour 10,000.00β sur survie_new
[21:36:46] [ITEM_LISTED]: AzodFR vend 1 x Written Book  pour 10,000.00β sur survie_new
[21:36:47] [ITEM_LISTED]: AzodFR vend 1 x Written Book  pour 10,000.00β sur survie_new
[21:36:48] [ITEM_LISTED]: AzodFR vend 1 x Written Book  pour 10,000.00β sur survie_new
[21:36:49] [ITEM_LISTED]: AzodFR vend 1 x Written Book  pour 10,000.00β sur survie_new
[21:36:52] [ITEM_LISTED]: AzodFR vend 1 x Written Book  pour 10,000.00β sur survie_new
[21:36:54] [ITEM_LISTED]: AzodFR vend 1 x Written Book  pour 10,000.00β sur survie_new
[21:37:02] [ITEM_LISTED]: AzodFR vend 1 x Written Book  pour 10,000.00β sur survie_new
[21:37:02] [ITEM_LISTED]: AzodFR vend 1 x Written Book  pour 10,000.00β sur survie_new
[21:37:05] [ITEM_LISTED]: AzodFR vend 1 x Written Book  pour 10,000.00β sur survie_new
[21:37:05] [ITEM_LISTED]: AzodFR vend 1 x Written Book  pour 10,000.00β sur survie_new
[21:37:06] [ITEM_LISTED]: AzodFR vend 1 x Written Book  pour 10,000.00β sur survie_new
[21:37:07] [ITEM_LISTED]: AzodFR vend 1 x Written Book  pour 10,000.00β sur survie_new
[21:37:07] [ITEM_LISTED]: AzodFR vend 1 x Written Book  pour 10,000.00β sur survie_new
[21:37:08] [ITEM_LISTED]: AzodFR vend 1 x Written Book  pour 10,000.00β sur survie_new
[21:37:09] [ITEM_LISTED]: AzodFR vend 1 x Written Book  pour 10,000.00β sur survie_new
[21:37:15] [ITEM_LISTED]: AzodFR vend 1 x Written Book  pour 10,000.00β sur survie_new
[21:37:16] [ITEM_LISTED]: AzodFR vend 1 x Written Book  pour 10,000.00β sur survie_new
[21:37:18] [ITEM_LISTED]: AzodFR vend 1 x Written Book  pour 10,000.00β sur survie_new
[21:37:20] [ITEM_LISTED]: AzodFR vend 1 x Written Book  pour 10,000.00β sur survie_new
[21:37:21] [ITEM_LISTED]: AzodFR vend 1 x Written Book  pour 10,000.00β sur survie_new
[21:37:22] [ITEM_LISTED]: AzodFR vend 1 x Written Book  pour 10,000.00β sur survie_new
[21:37:23] [ITEM_LISTED]: AzodFR vend 1 x Written Book  pour 10,000.00β sur survie_new
[21:37:26] [ITEM_LISTED]: AzodFR vend 1 x Written Book  pour 10,000.00β sur survie_new
[21:37:26] [ITEM_LISTED]: AzodFR vend 1 x Written Book  pour 10,000.00β sur survie_new
[21:37:32] [ITEM_SOLD]: Blazd vendu 1 x Enchanted Book à  HeFk pour 8,000.00 β le survie_new
[21:37:33] [ITEM_LISTED]: AzodFR vend 1 x Written Book  pour 10,000.00β sur survie_new
[21:37:35] [ITEM_LISTED]: AzodFR vend 1 x Written Book  pour 10,000.00β sur survie_new
[21:37:35] [ITEM_LISTED]: AzodFR vend 1 x Written Book  pour 10,000.00β sur survie_new
[21:37:36] [ITEM_LISTED]: AzodFR vend 1 x Written Book  pour 10,000.00β sur survie_new
[21:37:37] [ITEM_LISTED]: AzodFR vend 1 x Written Book  pour 10,000.00β sur survie_new
[21:37:38] [ITEM_LISTED]: AzodFR vend 1 x Written Book  pour 10,000.00β sur survie_new
[21:37:39] [ITEM_LISTED]: AzodFR vend 1 x Written Book  pour 10,000.00β sur survie_new
[21:37:40] [ITEM_LISTED]: AzodFR vend 1 x Written Book  pour 10,000.00β sur survie_new
[21:37:41] [ITEM_LISTED]: AzodFR vend 1 x Written Book  pour 10,000.00β sur survie_new
[21:37:48] [ITEM_LISTED]: AzodFR vend 1 x Written Book  pour 10,000.00β sur survie_new
[21:37:49] [ITEM_LISTED]: AzodFR vend 1 x Written Book  pour 10,000.00β sur survie_new
[21:37:50] [ITEM_LISTED]: AzodFR vend 1 x Written Book  pour 10,000.00β sur survie_new
[21:37:50] [ITEM_LISTED]: AzodFR vend 1 x Written Book  pour 10,000.00β sur survie_new
[21:37:52] [ITEM_LISTED]: AzodFR vend 1 x Written Book  pour 10,000.00β sur survie_new
[21:37:53] [ITEM_LISTED]: AzodFR vend 1 x Written Book  pour 10,000.00β sur survie_new
[21:37:56] [ITEM_LISTED]: AzodFR vend 1 x Written Book  pour 10,000.00β sur survie_new
[21:37:57] [ITEM_LISTED]: AzodFR vend 1 x Written Book  pour 10,000.00β sur survie_new
[21:37:58] [ITEM_LISTED]: AzodFR vend 1 x Written Book  pour 10,000.00β sur survie_new
[21:38:03] [ITEM_LISTED]: AzodFR vend 1 x Written Book  pour 10,000.00β sur survie_new
[21:38:03] [ITEM_LISTED]: AzodFR vend 1 x Written Book  pour 10,000.00β sur survie_new
[21:38:04] [ITEM_LISTED]: AzodFR vend 1 x Written Book  pour 10,000.00β sur survie_new
[21:38:06] [ITEM_LISTED]: AzodFR vend 1 x Written Book  pour 10,000.00β sur survie_new
[21:38:07] [ITEM_LISTED]: AzodFR vend 1 x Written Book  pour 10,000.00β sur survie_new
[21:38:09] [ITEM_LISTED]: AzodFR vend 1 x Written Book  pour 10,000.00β sur survie_new
[21:38:10] [ITEM_LISTED]: AzodFR vend 1 x Written Book  pour 10,000.00β sur survie_new
[21:38:11] [ITEM_LISTED]: AzodFR vend 1 x Written Book  pour 10,000.00β sur survie_new
[21:38:14] [ITEM_LISTED]: AzodFR vend 1 x Written Book  pour 10,000.00β sur survie_new
[21:42:20] [ITEM_LISTED]: hugoleb vend 1 x TUTO : Comment etre RICHE  pour 100.00β sur survie_new
[21:52:00] [ITEM_SOLD]: Tesla248 vendu 1 x Enchanted Book à  LiKaneH pour 12,000.00 β le survie_new
[21:54:16] [ITEM_SOLD]: Blazd vendu 1 x Enchanted Book à  Christophe_ pour 9,000.00 β le survie_new
[21:54:18] [ITEM_SOLD]: Blazd vendu 1 x Enchanted Book à  Christophe_ pour 12,000.00 β le survie_new
[21:54:28] [ITEM_SOLD]: Blazd vendu 1 x Enchanted Book à  Christophe_ pour 5,000.00 β le survie_new
[22:05:40] [ITEM_SOLD]: SSLLOOTTHH vendu 1 x Enchanted Book à  hugoleb pour 1,300.00 β le survie_new
[22:09:12] [ITEM_LISTED]: limastic vend 1 x Enchanted Book  pour 3,000.00β sur survie_new
[22:09:17] [ITEM_LISTED]: limastic vend 1 x Enchanted Book  pour 3,000.00β sur survie_new
[22:09:20] [ITEM_LISTED]: limastic vend 1 x Enchanted Book  pour 3,000.00β sur survie_new
[22:09:26] [ITEM_LISTED]: limastic vend 1 x Enchanted Book  pour 3,000.00β sur survie_new
[22:10:15] [ITEM_SOLD]: hugoleb vendu 1 x TUTO : Comment etre RICHE à  limastic pour 100.00 β le survie_new
[22:10:38] [ITEM_LISTED]: limastic vend 1 x TUTO : Comment etre RICHE  pour 100.00β sur survie_new
[22:13:31] [ITEM_SOLD]: limastic vendu 1 x TUTO : Comment etre RICHE à  Christophe_ pour 100.00 β le survie_new
[22:29:08] [ITEM_SOLD]: LiKaneH vendu 16 x Ender Pearl à  _Shoku_ pour 100.00 β le survie_new
[22:36:26] [ITEM_SOLD]: SSLLOOTTHH vendu 1 x Enchanted Book à  Dreyda pour 1,300.00 β le survie_new
[22:42:34] [ITEM_LISTED]: hugoleb vend 2 x HALLOWEEN  pour 100.00β sur survie_new
[23:26:07] [ITEM_LISTED]: Christophe_ vend 1 x Parrot Spawn Egg  pour 1,000.00β sur survie_new
