[00:04:40] [ITEM_SOLD]: Haru_M sold 1x Enchanted Book to REGDYLAN for $2,500.00 on survie_new
[00:24:35] [ITEM_SOLD]: Andrew_90 sold 1x Shulker Box to RKBouRiTo for $1,900.00 on survie_new
[00:24:37] [ITEM_SOLD]: Andrew_90 sold 1x Shulker Box to RKBouRiTo for $1,900.00 on survie_new
[00:24:54] [ITEM_SOLD]: Jarreshan sold 64x Dark Oak Log to RKBouRiTo for $75.00 on survie_new
[00:24:55] [ITEM_SOLD]: Jarreshan sold 64x Dark Oak Log to RKBouRiTo for $75.00 on survie_new
[00:24:56] [ITEM_SOLD]: Jarreshan sold 64x Dark Oak Log to RKBouRiTo for $75.00 on survie_new
[00:24:57] [ITEM_SOLD]: Jarreshan sold 64x Dark Oak Log to RKBouRiTo for $75.00 on survie_new
[00:24:58] [ITEM_SOLD]: Jarreshan sold 64x Dark Oak Log to RKBouRiTo for $75.00 on survie_new
[00:24:59] [ITEM_SOLD]: Jarreshan sold 64x Dark Oak Log to RKBouRiTo for $75.00 on survie_new
[00:25:01] [ITEM_SOLD]: Jarreshan sold 64x Dark Oak Log to RKBouRiTo for $75.00 on survie_new
[00:25:02] [ITEM_SOLD]: REGDYLAN sold 64x Dark Oak Log to RKBouRiTo for $100.00 on spawn
[00:25:03] [ITEM_SOLD]: REGDYLAN sold 64x Dark Oak Log to RKBouRiTo for $100.00 on spawn
[00:25:05] [ITEM_SOLD]: REGDYLAN sold 64x Dark Oak Log to RKBouRiTo for $100.00 on spawn
[00:25:06] [ITEM_SOLD]: REGDYLAN sold 64x Dark Oak Log to RKBouRiTo for $100.00 on spawn
[00:25:07] [ITEM_SOLD]: REGDYLAN sold 64x Dark Oak Log to RKBouRiTo for $100.00 on spawn
[00:25:10] [ITEM_SOLD]: REGDYLAN sold 64x Dark Oak Log to RKBouRiTo for $100.00 on spawn
[00:25:11] [ITEM_SOLD]: REGDYLAN sold 64x Dark Oak Log to RKBouRiTo for $100.00 on spawn
[00:25:12] [ITEM_SOLD]: REGDYLAN sold 64x Dark Oak Log to RKBouRiTo for $100.00 on spawn
[00:25:14] [ITEM_SOLD]: REGDYLAN sold 64x Dark Oak Log to RKBouRiTo for $100.00 on spawn
[00:25:16] [ITEM_SOLD]: REGDYLAN sold 64x Dark Oak Log to RKBouRiTo for $100.00 on spawn
[00:25:30] [ITEM_SOLD]: REGDYLAN sold 64x Dark Oak Log to RKBouRiTo for $100.00 on Ressource
[00:25:31] [ITEM_SOLD]: REGDYLAN sold 64x Dark Oak Log to RKBouRiTo for $100.00 on Ressource
[00:25:34] [ITEM_SOLD]: REGDYLAN sold 64x Dark Oak Log to RKBouRiTo for $100.00 on spawn
[00:25:36] [ITEM_SOLD]: REGDYLAN sold 64x Dark Oak Log to RKBouRiTo for $100.00 on spawn
[00:25:37] [ITEM_SOLD]: REGDYLAN sold 64x Dark Oak Log to RKBouRiTo for $100.00 on spawn
[00:25:59] [ITEM_LISTED]: REGDYLAN listed 64x Dark Oak Log for $100.00 on survie_new
[00:26:02] [ITEM_LISTED]: REGDYLAN listed 64x Dark Oak Log for $100.00 on survie_new
[00:26:05] [ITEM_LISTED]: REGDYLAN listed 64x Dark Oak Log for $100.00 on survie_new
[00:26:07] [ITEM_LISTED]: REGDYLAN listed 64x Dark Oak Log for $100.00 on survie_new
[00:26:08] [ITEM_LISTED]: REGDYLAN listed 64x Dark Oak Log for $100.00 on survie_new
[00:26:10] [ITEM_LISTED]: REGDYLAN listed 64x Dark Oak Log for $100.00 on survie_new
[00:26:12] [ITEM_LISTED]: REGDYLAN listed 64x Dark Oak Log for $100.00 on survie_new
[00:26:16] [ITEM_LISTED]: REGDYLAN listed 64x Dark Oak Log for $100.00 on survie_new
[00:26:24] [ITEM_LISTED]: REGDYLAN listed 64x Dark Oak Log for $100.00 on survie_new
[00:26:26] [ITEM_LISTED]: REGDYLAN listed 64x Dark Oak Log for $100.00 on survie_new
[00:26:27] [ITEM_LISTED]: REGDYLAN listed 64x Dark Oak Log for $100.00 on survie_new
[00:26:28] [ITEM_LISTED]: REGDYLAN listed 64x Dark Oak Log for $100.00 on survie_new
[00:26:34] [ITEM_LISTED]: REGDYLAN listed 64x Dark Oak Log for $100.00 on survie_new
[00:26:38] [ITEM_LISTED]: REGDYLAN listed 64x Dark Oak Log for $100.00 on survie_new
[00:26:40] [ITEM_LISTED]: REGDYLAN listed 64x Dark Oak Log for $100.00 on survie_new
[00:26:42] [ITEM_LISTED]: REGDYLAN listed 64x Dark Oak Log for $100.00 on survie_new
[00:26:47] [ITEM_LISTED]: REGDYLAN listed 64x Dark Oak Log for $100.00 on survie_new
[00:26:48] [ITEM_LISTED]: REGDYLAN listed 64x Dark Oak Log for $100.00 on survie_new
[00:26:50] [ITEM_LISTED]: REGDYLAN listed 64x Dark Oak Log for $100.00 on survie_new
[00:26:52] [ITEM_LISTED]: REGDYLAN listed 64x Dark Oak Log for $100.00 on survie_new
[00:26:54] [ITEM_LISTED]: REGDYLAN listed 64x Dark Oak Log for $100.00 on survie_new
[00:26:56] [ITEM_LISTED]: REGDYLAN listed 64x Dark Oak Log for $100.00 on survie_new
[00:27:11] [ITEM_LISTED]: REGDYLAN listed 64x Dark Oak Log for $100.00 on survie_new
[00:27:14] [ITEM_LISTED]: REGDYLAN listed 64x Dark Oak Log for $100.00 on survie_new
[00:27:16] [ITEM_LISTED]: REGDYLAN listed 64x Dark Oak Log for $100.00 on survie_new
[00:28:10] [ITEM_LISTED]: REGDYLAN listed 64x Spruce Log for $100.00 on survie_new
[00:28:13] [ITEM_LISTED]: REGDYLAN listed 64x Spruce Log for $100.00 on survie_new
[00:28:15] [ITEM_LISTED]: REGDYLAN listed 64x Spruce Log for $100.00 on survie_new
[00:28:18] [ITEM_LISTED]: REGDYLAN listed 64x Spruce Log for $100.00 on survie_new
[00:28:19] [ITEM_LISTED]: REGDYLAN listed 64x Spruce Log for $100.00 on survie_new
[00:28:20] [ITEM_LISTED]: REGDYLAN listed 64x Spruce Log for $100.00 on survie_new
[00:28:21] [ITEM_LISTED]: REGDYLAN listed 64x Spruce Log for $100.00 on survie_new
[00:28:25] [ITEM_LISTED]: REGDYLAN listed 64x Spruce Log for $100.00 on survie_new
[00:28:35] [ITEM_LISTED]: REGDYLAN listed 64x Spruce Log for $100.00 on survie_new
[00:28:36] [ITEM_LISTED]: REGDYLAN listed 64x Spruce Log for $100.00 on survie_new
[00:28:37] [ITEM_LISTED]: REGDYLAN listed 64x Spruce Log for $100.00 on survie_new
[00:28:38] [ITEM_LISTED]: REGDYLAN listed 64x Spruce Log for $100.00 on survie_new
[00:28:40] [ITEM_LISTED]: REGDYLAN listed 64x Spruce Log for $100.00 on survie_new
[00:28:42] [ITEM_LISTED]: REGDYLAN listed 64x Spruce Log for $100.00 on survie_new
[00:28:43] [ITEM_LISTED]: REGDYLAN listed 64x Spruce Log for $100.00 on survie_new
[00:28:45] [ITEM_LISTED]: REGDYLAN listed 64x Spruce Log for $100.00 on survie_new
[01:04:08] [ITEM_LISTED]: Fr3nCh_CraFt listed 1x Fishing Rod [Mending] for $1,200.00 on survie_new
[07:57:28] [ITEM_LISTED]: REGDYLAN listed 1x Trident [Channeling, Impaling IV, Loyalty III, Mending, Unbreaking III] for $100,000.00 on survie_new
[08:07:40] [ITEM_CANCELLED]: REGDYLAN cancelled an auction for 1x Trident [Channeling, Impaling IV, Loyalty III, Mending, Unbreaking III] for $100,000.00 on survie_new
[08:07:41] [ITEM_RETURNED]: Returned 1x Trident [Channeling, Impaling IV, Loyalty III, Mending, Unbreaking III] to REGDYLAN on survie_new
[09:58:15] [ITEM_LISTED]: pierro listed 64x Coal for $100.00 on survie_new
[09:58:32] [ITEM_LISTED]: pierro listed 64x Coal for $100.00 on survie_new
[09:58:58] [ITEM_LISTED]: pierro listed 64x Coal for $100.00 on survie_new
[09:59:04] [ITEM_LISTED]: pierro listed 64x Coal for $100.00 on survie_new
[09:59:13] [ITEM_LISTED]: pierro listed 64x Coal for $100.00 on survie_new
[12:05:00] [ITEM_SOLD]: REGDYLAN sold 64x Spruce Log to SawArrow_ for $100.00 on survie_new
[12:05:02] [ITEM_SOLD]: REGDYLAN sold 64x Spruce Log to SawArrow_ for $100.00 on survie_new
[12:05:03] [ITEM_SOLD]: REGDYLAN sold 64x Dark Oak Log to SawArrow_ for $100.00 on survie_new
[12:05:05] [ITEM_SOLD]: REGDYLAN sold 64x Spruce Log to SawArrow_ for $100.00 on survie_new
[12:07:12] [ITEM_SOLD]: Fr3nCh_CraFt sold 1x Fishing Rod to  [Mending]SpencYvern for $1,200.00 on survie_new
[12:07:48] [ITEM_SOLD]: Mr_Yt_Fr sold 1x [Cave spider Spawner] to SpencYvern for $1,000.00 on survie_new
[12:08:45] [ITEM_LISTED]: SpencYvern listed 2x Lead for $500.00 on spawn
[12:29:05] [ITEM_SOLD]: Haru_M sold 32x Emerald Block to Andrew_90 for $10,000.00 on survie_new
[12:30:23] [ITEM_SOLD]: Haru_M sold 32x Emerald Block to Andrew_90 for $10,000.00 on survie_new
[13:05:26] [ITEM_SOLD]: REGDYLAN sold 64x Spruce Log to SawArrow_ for $100.00 on survie_new
[13:07:07] [ITEM_LISTED]: Haru_M listed 64x Wet Sponge for $2,000.00 on survie_new
[13:11:16] [ITEM_SOLD]: REGDYLAN sold 64x Spruce Log to SawArrow_ for $100.00 on survie_new
[13:11:18] [ITEM_SOLD]: REGDYLAN sold 64x Spruce Log to SawArrow_ for $100.00 on survie_new
[13:11:20] [ITEM_SOLD]: REGDYLAN sold 64x Spruce Log to SawArrow_ for $100.00 on survie_new
[13:11:21] [ITEM_SOLD]: REGDYLAN sold 64x Spruce Log to SawArrow_ for $100.00 on survie_new
[13:11:23] [ITEM_SOLD]: REGDYLAN sold 64x Spruce Log to SawArrow_ for $100.00 on survie_new
[13:28:41] [ITEM_LISTED]: Jarreshan listed 1x Enchanted Golden Apple for $7,000.00 on Ressource
[13:29:22] [ITEM_LISTED]: Andrew_90 listed 1x Enchanted Golden Apple for $5,000.00 on survie_new
[13:32:02] [ITEM_SOLD]: REGDYLAN sold 64x Dark Oak Log to Noelmans28 for $100.00 on survie_new
[13:32:04] [ITEM_SOLD]: REGDYLAN sold 64x Dark Oak Log to Noelmans28 for $100.00 on survie_new
[13:32:05] [ITEM_SOLD]: REGDYLAN sold 64x Dark Oak Log to Noelmans28 for $100.00 on survie_new
[13:32:06] [ITEM_SOLD]: REGDYLAN sold 64x Dark Oak Log to Noelmans28 for $100.00 on survie_new
[13:38:16] [ITEM_SOLD]: EbLhH sold 64x Bamboo to Gr33nEagl3 for $50.00 on survie_new
[13:38:19] [ITEM_SOLD]: EbLhH sold 64x Bamboo to Gr33nEagl3 for $50.00 on survie_new
[13:38:20] [ITEM_SOLD]: EbLhH sold 64x Bamboo to Gr33nEagl3 for $50.00 on survie_new
[13:40:34] [ITEM_LISTED]: _Wiizy_ listed 1x Diamond Sword [Fire Aspect I, Smite IV, Sweeping Edge III] for $5,000.00 on Nether
[13:40:48] [ITEM_LISTED]: _Wiizy_ listed 1x Diamond Chestplate [Curse of Binding, Protection IV] for $3,000.00 on Nether
[13:41:01] [ITEM_LISTED]: _Wiizy_ listed 1x Elytra for $4,500.00 on Nether
[13:41:08] [ITEM_LISTED]: _Wiizy_ listed 1x Dragon Head for $2,500.00 on Nether
[13:41:52] [ITEM_SOLD]: EbLhH sold 64x Bamboo to Gr33nEagl3 for $50.00 on survie_new
[14:03:50] [ITEM_SOLD]: REGDYLAN sold 64x Spruce Log to SawArrow_ for $100.00 on survie_new
[14:03:51] [ITEM_SOLD]: REGDYLAN sold 64x Spruce Log to SawArrow_ for $100.00 on survie_new
[14:26:38] [ITEM_LISTED]: Fr3nCh_CraFt listed 1x Fishing Rod [unknown, Mending, Unbreaking III, Curse of Vanishing] for $990.00 on survie_new
[14:37:14] [ITEM_LISTED]: Andrew_90 listed 1x Enchanted Book for $2,800.00 on survie_new
[14:45:42] [ITEM_SOLD]: REGDYLAN sold 64x Spruce Log to SawArrow_ for $100.00 on survie_new
[15:05:17] [ITEM_LISTED]: Haru_M listed 1x Diamond Shovel [Efficiency IV, Fortune III, Unbreaking III] for $800.00 on survie_new
[15:05:49] [ITEM_SOLD]: Haru_M sold 1x Diamond Shovel to  [Efficiency IV, Fortune III, Unbreaking III]Jarreshan for $800.00 on survie_new
[15:06:55] [ITEM_LISTED]: Haru_M listed 1x Diamond Shovel [Efficiency III, Fortune II] for $500.00 on survie_new
[15:06:59] [ITEM_LISTED]: Haru_M listed 1x Iron Shovel [Efficiency V, Fortune III, Unbreaking III] for $800.00 on survie_new
[15:07:01] [ITEM_LISTED]: Haru_M listed 1x Iron Shovel [Efficiency IV, Fortune III, Mending] for $800.00 on survie_new
[15:07:02] [ITEM_LISTED]: Haru_M listed 1x Diamond Shovel [Efficiency IV, Unbreaking III] for $800.00 on survie_new
[15:07:19] [ITEM_SOLD]: Haru_M sold 1x Diamond Shovel to  [Efficiency IV, Unbreaking III]SawArrow_ for $800.00 on survie_new
[15:07:45] [ITEM_CANCELLED]: Haru_M cancelled an auction for 1x Iron Shovel [Efficiency V, Fortune III, Unbreaking III] for $800.00 on survie_new
[15:07:46] [ITEM_CANCELLED]: Haru_M cancelled an auction for 1x Iron Shovel [Efficiency IV, Fortune III, Mending] for $800.00 on survie_new
[15:07:52] [ITEM_RETURNED]: Returned 1x Iron Shovel [Efficiency V, Fortune III, Unbreaking III] to Haru_M on survie_new
[15:07:53] [ITEM_RETURNED]: Returned 1x Iron Shovel [Efficiency IV, Fortune III, Mending] to Haru_M on survie_new
[15:07:56] [ITEM_LISTED]: Haru_M listed 1x Iron Shovel [Efficiency V, Fortune III, Unbreaking III] for $500.00 on survie_new
[15:07:58] [ITEM_LISTED]: Haru_M listed 1x Iron Shovel [Efficiency IV, Fortune III, Mending] for $500.00 on survie_new
[15:09:59] [ITEM_LISTED]: Haru_M listed 5x Dragon Breath for $800.00 on survie_new
[15:10:25] [ITEM_CANCELLED]: Haru_M cancelled an auction for 1x Elytra for $4,500.00 on survie_new
[15:10:26] [ITEM_CANCELLED]: Haru_M cancelled an auction for 1x Elytra for $4,500.00 on survie_new
[15:10:27] [ITEM_CANCELLED]: Haru_M cancelled an auction for 1x Elytra for $4,500.00 on survie_new
[15:10:28] [ITEM_CANCELLED]: Haru_M cancelled an auction for 1x Elytra for $4,500.00 on survie_new
[15:10:40] [ITEM_RETURNED]: Returned 1x Elytra to Haru_M on survie_new
[15:10:41] [ITEM_RETURNED]: Returned 1x Elytra to Haru_M on survie_new
[15:10:41] [ITEM_RETURNED]: Returned 1x Elytra to Haru_M on survie_new
[15:10:42] [ITEM_RETURNED]: Returned 1x Elytra to Haru_M on survie_new
[15:10:49] [ITEM_LISTED]: Haru_M listed 1x Elytra for $4,000.00 on survie_new
[15:10:50] [ITEM_LISTED]: Haru_M listed 1x Elytra for $4,000.00 on survie_new
[15:10:52] [ITEM_LISTED]: Haru_M listed 1x Elytra for $4,000.00 on survie_new
[15:10:54] [ITEM_LISTED]: Haru_M listed 1x Elytra for $4,000.00 on survie_new
[15:12:16] [ITEM_LISTED]: Haru_M listed 1x Diamond Pickaxe [Efficiency V, Fortune III, Unbreaking III] for $2,000.00 on survie_new
[15:12:41] [ITEM_SOLD]: Haru_M sold 1x Diamond Pickaxe to  [Efficiency V, Fortune III, Unbreaking III]SawArrow_ for $2,000.00 on survie_new
[15:14:18] [ITEM_LISTED]: Haru_M listed 1x Enchanted Book for $1,500.00 on survie_new
[15:14:39] [ITEM_SOLD]: Haru_M sold 1x Enchanted Book to aidan for $1,500.00 on survie_new
[15:16:51] [ITEM_LISTED]: Haru_M listed 1x Enchanted Book for $1,500.00 on survie_new
[15:17:08] [ITEM_SOLD]: Haru_M sold 1x Enchanted Book to SawArrow_ for $1,500.00 on survie_new
[15:19:30] [ITEM_LISTED]: Haru_M listed 1x [Skeleton Spawner] for $5,000.00 on survie_new
[15:19:32] [ITEM_LISTED]: Haru_M listed 1x [Skeleton Spawner] for $5,000.00 on survie_new
[15:19:48] [ITEM_LISTED]: Haru_M listed 6x [Cave spider Spawner] for $5,000.00 on survie_new
[15:20:07] [ITEM_CANCELLED]: Haru_M cancelled an auction for 64x Mycelium for $800.00 on Ressource
[15:20:10] [ITEM_LISTED]: Haru_M listed 6x [Cave spider Spawner] for $5,000.00 on survie_new
[15:37:24] [ITEM_LISTED]: SawArrow_ listed 1x Diamond Shovel [Efficiency II, Unbreaking II] for $350.00 on survie_new
[15:37:38] [ITEM_CANCELLED]: Haru_M cancelled an auction for 1x Enchanted Book for $2,500.00 on survie_new
[15:37:41] [ITEM_LISTED]: Haru_M listed 32x Diamond for $2,260.00 on survie_new
[15:37:50] [ITEM_SOLD]: Haru_M sold 32x Diamond to Jarreshan for $2,260.00 on survie_new
[15:52:17] [ITEM_CANCELLED]: Haru_M cancelled an auction for 1x Iron Shovel [Efficiency V, Fortune III, Unbreaking III] for $500.00 on survie_new
[15:52:23] [ITEM_RETURNED]: Returned 1x Iron Shovel [Efficiency V, Fortune III, Unbreaking III] to Haru_M on survie_new
[17:12:09] [ITEM_LISTED]: CapitaineNiamor listed 1x Shulker Box for $2,000.00 on survie_new
[17:12:13] [ITEM_LISTED]: CapitaineNiamor listed 1x Shulker Box for $2,000.00 on survie_new
[17:12:15] [ITEM_LISTED]: CapitaineNiamor listed 1x Shulker Box for $2,000.00 on survie_new
[17:12:17] [ITEM_LISTED]: CapitaineNiamor listed 1x Shulker Box for $2,000.00 on survie_new
[17:12:51] [ITEM_SOLD]: Andrew_90 sold 1x Elytra to Dasso88 for $3,300.00 on survie_new
[17:23:03] [ITEM_LISTED]: CapitaineNiamor listed 1x Iron Pickaxe [Efficiency I, Unbreaking I] for $50.00 on survie_new
[17:23:06] [ITEM_LISTED]: CapitaineNiamor listed 1x Iron Axe [Efficiency I, Unbreaking I] for $50.00 on survie_new
[17:23:07] [ITEM_LISTED]: CapitaineNiamor listed 1x Iron Shovel [Efficiency I, Unbreaking I] for $50.00 on survie_new
[17:23:09] [ITEM_LISTED]: CapitaineNiamor listed 1x Iron Sword [Sharpness I, Unbreaking I] for $50.00 on survie_new
[17:23:16] [ITEM_LISTED]: CapitaineNiamor listed 1x Leather Helmet [Protection II] for $50.00 on survie_new
[17:23:18] [ITEM_LISTED]: CapitaineNiamor listed 1x Leather Chestplate [Protection II] for $50.00 on survie_new
[17:23:20] [ITEM_LISTED]: CapitaineNiamor listed 1x Leather Leggings [Protection II] for $50.00 on survie_new
[17:23:21] [ITEM_LISTED]: CapitaineNiamor listed 1x Leather Boots [Protection II] for $50.00 on survie_new
[17:29:09] [ITEM_RETURNED]: Returned 1x Dad to mayte_ on survie_new
[17:29:29] [ITEM_LISTED]: mayte_ listed 1x Dad for $200.00 on survie_new
[17:30:19] [ITEM_LISTED]: mayte_ listed 1x Diamond Chestplate for $50.00 on survie_new
[17:30:21] [ITEM_LISTED]: mayte_ listed 1x Diamond Chestplate for $50.00 on survie_new
[17:30:27] [ITEM_RETURNED]: Returned 1x Diamond Chestplate to mayte_ on survie_new
[17:30:27] [ITEM_RETURNED]: Returned 1x Cobblestone to mayte_ on survie_new
[17:30:28] [ITEM_RETURNED]: Returned 1x Diamond Chestplate to mayte_ on survie_new
[17:30:30] [ITEM_LISTED]: mayte_ listed 1x Diamond Chestplate for $50.00 on survie_new
[17:30:32] [ITEM_LISTED]: mayte_ listed 1x Diamond Chestplate for $50.00 on survie_new
[17:34:42] [ITEM_SOLD]: _Wiizy_ sold 1x Elytra to Noelmans28 for $3,500.00 on survie_new
[17:46:52] [ITEM_SOLD]: REGDYLAN sold 64x Dark Oak Log to jos807 for $100.00 on survie_new
[17:46:57] [ITEM_SOLD]: REGDYLAN sold 64x Dark Oak Log to jos807 for $100.00 on survie_new
[17:46:59] [ITEM_SOLD]: REGDYLAN sold 64x Dark Oak Log to jos807 for $100.00 on survie_new
[17:47:06] [ITEM_SOLD]: REGDYLAN sold 64x Dark Oak Log to jos807 for $100.00 on survie_new
[17:47:09] [ITEM_SOLD]: REGDYLAN sold 64x Dark Oak Log to jos807 for $100.00 on survie_new
[18:08:34] [ITEM_SOLD]: Andrew_90 sold 1x Enchanted Book to Migoux for $2,800.00 on survie_new
[18:17:53] [ITEM_LISTED]: CapitaineNiamor listed 1x Diamond Pickaxe [Efficiency IV, Fortune III, Mending, Unbreaking III] for $5,000.00 on survie_new
[18:18:17] [ITEM_CANCELLED]: CapitaineNiamor cancelled an auction for 1x Enchanted Book for $2,500.00 on survie_new
[18:18:19] [ITEM_CANCELLED]: CapitaineNiamor cancelled an auction for 3x Wither Skeleton Skull for $10,000.00 on survie_new
[18:18:19] [ITEM_CANCELLED]: CapitaineNiamor cancelled an auction for 1x Dragon Head for $2,000.00 on survie_new
[18:18:20] [ITEM_CANCELLED]: CapitaineNiamor cancelled an auction for 1x Dragon Head for $2,000.00 on survie_new
[18:18:25] [ITEM_RETURNED]: Returned 1x Dragon Head to CapitaineNiamor on survie_new
[18:18:25] [ITEM_RETURNED]: Returned 1x Dragon Head to CapitaineNiamor on survie_new
[18:18:26] [ITEM_RETURNED]: Returned 3x Wither Skeleton Skull to CapitaineNiamor on survie_new
[18:18:38] [ITEM_LISTED]: CapitaineNiamor listed 3x Wither Skeleton Skull for $10,000.00 on survie_new
[18:18:48] [ITEM_LISTED]: CapitaineNiamor listed 1x Dragon Head for $2,000.00 on survie_new
[18:18:50] [ITEM_LISTED]: CapitaineNiamor listed 1x Dragon Head for $2,000.00 on survie_new
[18:19:04] [ITEM_CANCELLED]: CapitaineNiamor cancelled an auction for 1x [Cave spider Spawner] for $1,500.00 on survie_new
[18:19:07] [ITEM_CANCELLED]: CapitaineNiamor cancelled an auction for 1x Shulker Box for $2,000.00 on survie_new
[18:19:07] [ITEM_CANCELLED]: CapitaineNiamor cancelled an auction for 1x Shulker Box for $2,000.00 on survie_new
[18:19:08] [ITEM_CANCELLED]: CapitaineNiamor cancelled an auction for 1x Shulker Box for $2,000.00 on survie_new
[18:19:08] [ITEM_CANCELLED]: CapitaineNiamor cancelled an auction for 1x Shulker Box for $2,000.00 on survie_new
[18:19:15] [ITEM_RETURNED]: Returned 1x Shulker Box to CapitaineNiamor on survie_new
[18:19:16] [ITEM_RETURNED]: Returned 1x Shulker Box to CapitaineNiamor on survie_new
[18:19:16] [ITEM_RETURNED]: Returned 1x Shulker Box to CapitaineNiamor on survie_new
[18:19:17] [ITEM_RETURNED]: Returned 1x Shulker Box to CapitaineNiamor on survie_new
[18:19:18] [ITEM_RETURNED]: Returned 1x [Cave spider Spawner] to CapitaineNiamor on survie_new
[18:19:27] [ITEM_LISTED]: CapitaineNiamor listed 1x Shulker Box for $2,500.00 on survie_new
[18:19:30] [ITEM_LISTED]: CapitaineNiamor listed 1x Shulker Box for $2,500.00 on survie_new
[18:19:31] [ITEM_LISTED]: CapitaineNiamor listed 1x Shulker Box for $2,500.00 on survie_new
[18:19:33] [ITEM_LISTED]: CapitaineNiamor listed 1x Shulker Box for $2,500.00 on survie_new
[18:19:39] [ITEM_LISTED]: CapitaineNiamor listed 1x [Cave spider Spawner] for $1,500.00 on survie_new
[18:51:18] [ITEM_SOLD]: Draiikow sold 64x Sweet Berries to Migoux for $250.00 on survie_new
[18:53:36] [ITEM_SOLD]: Haru_M sold 1x Enchanted Book to kalaistar for $2,500.00 on survie_new
[19:00:47] [ITEM_SOLD]: pierro sold 64x Coal to Murdock_Co for $100.00 on survie_new
[19:00:50] [ITEM_SOLD]: pierro sold 64x Coal to Murdock_Co for $100.00 on survie_new
[19:00:53] [ITEM_SOLD]: pierro sold 64x Coal to Murdock_Co for $100.00 on survie_new
[19:00:56] [ITEM_SOLD]: pierro sold 64x Coal to Murdock_Co for $100.00 on survie_new
[19:00:58] [ITEM_SOLD]: pierro sold 64x Coal to Murdock_Co for $100.00 on survie_new
[19:01:49] [ITEM_SOLD]: Andrew_90 sold 1x Shulker Box to Murdock_Co for $1,900.00 on survie_new
[19:01:53] [ITEM_SOLD]: Andrew_90 sold 1x Shulker Box to Murdock_Co for $1,900.00 on survie_new
[19:08:26] [ITEM_SOLD]: Haru_M sold 1x Enchanted Book to Baltya for $2,500.00 on survie_new
[19:14:58] [ITEM_SOLD]: mayte_ sold 1x Diamond Chestplate to castor26 for $50.00 on survie_new
[19:20:09] [ITEM_SOLD]: Andrew_90 sold 1x Splash Potion to jos807 for $350.00 on survie_new
[19:21:06] [ITEM_SOLD]: REGDYLAN sold 64x Spruce Log to Haru_M for $100.00 on survie_new
[19:32:33] [ITEM_LISTED]: Haru_M listed 64x Oak Log for $100.00 on survie_new
[19:32:35] [ITEM_LISTED]: Haru_M listed 64x Oak Log for $100.00 on survie_new
[19:32:39] [ITEM_LISTED]: Haru_M listed 64x Oak Log for $100.00 on survie_new
[19:32:41] [ITEM_LISTED]: Haru_M listed 64x Oak Log for $100.00 on survie_new
[19:33:59] [ITEM_LISTED]: chanell_ listed 1x Buried Treasure Map for $300.00 on survie_new
[19:34:32] [ITEM_SOLD]: Haru_M sold 64x Oak Log to SawArrow_ for $100.00 on survie_new
[19:34:33] [ITEM_SOLD]: Haru_M sold 64x Oak Log to SawArrow_ for $100.00 on survie_new
[19:34:34] [ITEM_SOLD]: Haru_M sold 64x Oak Log to SawArrow_ for $100.00 on survie_new
[19:34:35] [ITEM_SOLD]: Haru_M sold 64x Oak Log to SawArrow_ for $100.00 on survie_new
[19:47:21] [ITEM_SOLD]: EbLhH sold 20x Coal Ore to Migoux for $100.00 on survie_new
[20:27:14] [ITEM_CANCELLED]: ElfeZoulou cancelled an auction for 1x eau de bain d'Haru_M for $4,999.99 on survie_new
[20:27:22] [ITEM_RETURNED]: Returned 1x eau de bain d'Haru_M to ElfeZoulou on survie_new
[20:29:33] [ITEM_LISTED]: ElfeZoulou listed 1x eau de bain d'Haru_M for $2,999.99 on spawn
[20:29:48] [ITEM_CANCELLED]: ElfeZoulou cancelled an auction for 1x eau de bain d'Haru_M for $2,999.99 on spawn
[20:29:51] [ITEM_RETURNED]: Returned 1x eau de bain d'Haru_M to ElfeZoulou on spawn
[20:30:14] [ITEM_LISTED]: ElfeZoulou listed 1x eau de bain d'Haru_M for $8,999.99 on spawn
[20:54:34] [ITEM_LISTED]: Haru_M listed 1x Enchanted Book for $3,000.00 on survie_new
[20:55:21] [ITEM_SOLD]: Haru_M sold 1x Enchanted Book to CroixVeBaton for $3,000.00 on survie_new
[20:59:33] [ITEM_SOLD]: Haru_M sold 1x Enchanted Book to CroixVeBaton for $2,500.00 on survie_new
[21:15:51] [ITEM_DROPPED]: Dropped Yageko's expired listing of 64x Gravel for $0.00 at their feet on spawn
[21:22:47] [ITEM_LISTED]: jimzp listed 1x Fishing Rod [Mending] for $1,350.00 on survie_new
[21:35:20] [ITEM_LISTED]: MrEspeon listed 1x [Zombie Spawner] for $3,000.00 on Ressource
[21:35:40] [ITEM_LISTED]: MrEspeon listed 1x [Zombie Spawner] for $5,000.00 on Ressource
[21:46:58] [ITEM_SOLD]: Haru_M sold 1x Enchanted Book to Jarreshan for $2,500.00 on survie_new
[21:53:21] [ITEM_LISTED]: MrEspeon listed 1x [Cave spider Spawner] for $3,000.00 on Ressource
[21:58:47] [ITEM_SOLD]: Haru_M sold 1x [Skeleton Spawner] to Zougless for $5,000.00 on survie_new
[21:58:53] [ITEM_SOLD]: Haru_M sold 1x [Skeleton Spawner] to Zougless for $5,000.00 on survie_new
[22:02:17] [ITEM_SOLD]: chanell_ sold 1x Buried Treasure Map to yokianderson for $300.00 on survie_new
[22:02:38] [ITEM_SOLD]: EbLhH sold 1x Iron Leggings to yokianderson for $100.00 on survie_new
[22:02:46] [ITEM_SOLD]: EbLhH sold 1x Iron Chestplate to yokianderson for $100.00 on survie_new
[22:02:55] [ITEM_SOLD]: EbLhH sold 1x Iron Helmet to yokianderson for $100.00 on survie_new
[22:03:22] [ITEM_SOLD]: _Wiizy_ sold 1x Diamond Boots to  [Protection IV, Curse of Vanishing]yokianderson for $750.00 on survie_new
[22:04:16] [ITEM_SOLD]: REGDYLAN sold 64x Baked Potato to chanell_ for $300.00 on survie_new
[22:05:16] [ITEM_SOLD]: Haru_M sold 1x Elytra to Joox_ for $4,000.00 on survie_new
[22:10:51] [ITEM_LISTED]: chanell_ listed 1x Iron Pickaxe [Mending, Silk Touch] for $300.00 on End
[22:10:52] [ITEM_LISTED]: chanell_ listed 1x Iron Pickaxe [Efficiency IV, Silk Touch, Unbreaking III] for $300.00 on End
[22:10:55] [ITEM_LISTED]: chanell_ listed 1x Iron Pickaxe [Efficiency III, Unbreaking III] for $300.00 on End
[22:10:57] [ITEM_LISTED]: chanell_ listed 1x Iron Pickaxe [Efficiency IV, Silk Touch, Unbreaking III] for $300.00 on End
[22:13:19] [ITEM_SOLD]: SpencYvern sold 2x Lead to Jarreshan for $500.00 on spawn
[22:17:20] [ITEM_LISTED]: Haru_M listed 64x Ink Sac for $250.00 on survie_new
[22:18:36] [ITEM_SOLD]: REGDYLAN sold 64x Dark Oak Log to MrEspeon for $100.00 on survie_new
[22:18:37] [ITEM_SOLD]: REGDYLAN sold 64x Dark Oak Log to MrEspeon for $100.00 on survie_new
[22:18:39] [ITEM_SOLD]: REGDYLAN sold 64x Dark Oak Log to MrEspeon for $100.00 on survie_new
[22:18:41] [ITEM_SOLD]: REGDYLAN sold 64x Dark Oak Log to MrEspeon for $100.00 on survie_new
[22:18:42] [ITEM_SOLD]: REGDYLAN sold 64x Dark Oak Log to MrEspeon for $100.00 on survie_new
[22:18:43] [ITEM_SOLD]: REGDYLAN sold 64x Dark Oak Log to MrEspeon for $100.00 on survie_new
[22:18:44] [ITEM_SOLD]: REGDYLAN sold 64x Dark Oak Log to MrEspeon for $100.00 on survie_new
[22:18:46] [ITEM_SOLD]: REGDYLAN sold 64x Dark Oak Log to MrEspeon for $100.00 on survie_new
[22:18:50] [ITEM_SOLD]: REGDYLAN sold 64x Dark Oak Log to MrEspeon for $100.00 on survie_new
[22:18:51] [ITEM_SOLD]: REGDYLAN sold 64x Dark Oak Log to MrEspeon for $100.00 on survie_new
[22:18:52] [ITEM_SOLD]: REGDYLAN sold 64x Dark Oak Log to MrEspeon for $100.00 on survie_new
[22:18:53] [ITEM_SOLD]: REGDYLAN sold 64x Dark Oak Log to MrEspeon for $100.00 on survie_new
[22:18:55] [ITEM_SOLD]: REGDYLAN sold 64x Dark Oak Log to MrEspeon for $100.00 on survie_new
[22:18:57] [ITEM_SOLD]: REGDYLAN sold 64x Dark Oak Log to MrEspeon for $100.00 on survie_new
[22:18:58] [ITEM_SOLD]: REGDYLAN sold 64x Dark Oak Log to MrEspeon for $100.00 on survie_new
[22:43:39] [ITEM_SOLD]: Haru_M sold 1x Iron Shovel to  [Efficiency IV, Fortune III, Mending]Jarreshan for $500.00 on survie_new
[22:48:49] [ITEM_SOLD]: MrEspeon sold 1x [Zombie Spawner] to Oxyigen for $3,000.00 on Ressource
[22:49:00] [ITEM_SOLD]: MrEspeon sold 1x [Zombie Spawner] to Oxyigen for $5,000.00 on Ressource
[22:49:21] [ITEM_SOLD]: SawArrow_ sold 1x Diamond Shovel to  [Efficiency II, Unbreaking II]Jarreshan for $350.00 on survie_new
[22:49:21] [ITEM_CANCELLED]: chanell_ cancelled an auction for 1x Iron Pickaxe [Efficiency IV, Silk Touch, Unbreaking III] for $300.00 on End
[22:49:21] [ITEM_CANCELLED]: chanell_ cancelled an auction for 1x Iron Pickaxe [Efficiency III, Unbreaking III] for $300.00 on End
[22:49:22] [ITEM_CANCELLED]: chanell_ cancelled an auction for 1x Iron Pickaxe [Mending, Silk Touch] for $300.00 on End
[22:49:22] [ITEM_CANCELLED]: chanell_ cancelled an auction for 1x Iron Pickaxe [Efficiency IV, Silk Touch, Unbreaking III] for $300.00 on End
[22:49:26] [ITEM_RETURNED]: Returned 1x Iron Pickaxe [Efficiency IV, Silk Touch, Unbreaking III] to chanell_ on End
[22:49:27] [ITEM_RETURNED]: Returned 1x Iron Pickaxe [Mending, Silk Touch] to chanell_ on End
[22:49:27] [ITEM_RETURNED]: Returned 1x Iron Pickaxe [Efficiency III, Unbreaking III] to chanell_ on End
[22:49:27] [ITEM_RETURNED]: Returned 1x Iron Pickaxe [Efficiency IV, Silk Touch, Unbreaking III] to chanell_ on End
[22:49:32] [ITEM_SOLD]: CapitaineNiamor sold 1x Diamond Pickaxe to  [Efficiency IV, Fortune III, Mending, Unbreaking III]MrEspeon for $5,000.00 on survie_new
[22:49:43] [ITEM_LISTED]: chanell_ listed 1x Iron Pickaxe [Efficiency III, Unbreaking III] for $50.00 on End
[22:49:45] [ITEM_LISTED]: chanell_ listed 1x Iron Pickaxe [Mending, Silk Touch] for $50.00 on End
[22:49:46] [ITEM_LISTED]: chanell_ listed 1x Iron Pickaxe [Efficiency IV, Silk Touch, Unbreaking III] for $50.00 on End
[22:49:48] [ITEM_LISTED]: chanell_ listed 1x Iron Pickaxe [Efficiency IV, Silk Touch, Unbreaking III] for $50.00 on End
[22:49:53] [ITEM_LISTED]: chanell_ listed 1x Diamond Chestplate [Curse of Binding, Protection IV] for $150.00 on End
[22:54:24] [ITEM_LISTED]: Haru_M listed 1x Diamond Shovel [Efficiency IV, Unbreaking III] for $800.00 on survie_new
[22:54:29] [ITEM_SOLD]: Haru_M sold 1x Diamond Shovel to  [Efficiency IV, Unbreaking III]Kaam98 for $800.00 on survie_new
[22:55:14] [ITEM_LISTED]: Kaam98 listed 1x Diamond Shovel [Efficiency IV, Unbreaking III] for $801.00 on survie_new
[22:55:18] [ITEM_SOLD]: Kaam98 sold 1x Diamond Shovel to  [Efficiency IV, Unbreaking III]Jarreshan for $801.00 on survie_new
[22:57:55] [ITEM_LISTED]: CapitaineNiamor listed 64x Sugar Cane for $500.00 on survie_new
[22:58:40] [ITEM_SOLD]: Azerter_ sold 64x Sugar Cane to Joox_ for $400.00 on survie_new
[23:01:22] [ITEM_SOLD]: chanell_ sold 1x Iron Pickaxe to  [Efficiency IV, Silk Touch, Unbreaking III]PlayCrew for $50.00 on End
[23:01:36] [ITEM_SOLD]: EbLhH sold 1x Apple to chanell_ for $1.00 on survie_new
[23:01:59] [ITEM_SOLD]: chanell_ sold 1x Diamond Chestplate to  [Curse of Binding, Protection IV]PlayCrew for $150.00 on End
[23:20:31] [ITEM_LISTED]: pierro listed 64x Iron Ingot for $900.00 on survie_new
[23:20:37] [ITEM_LISTED]: pierro listed 64x Iron Ingot for $900.00 on survie_new
[23:20:49] [ITEM_LISTED]: pierro listed 64x Lapis Lazuli for $300.00 on survie_new
[23:26:57] [ITEM_LISTED]: Joox_ listed 1x Iron Chestplate [Mending, Thorns II] for $500.00 on survie_new
[23:31:17] [ITEM_LISTED]: pierro listed 64x Coal for $150.00 on survie_new
[23:31:23] [ITEM_LISTED]: pierro listed 64x Coal for $150.00 on survie_new
[23:31:29] [ITEM_LISTED]: pierro listed 64x Coal for $150.00 on survie_new
[23:31:32] [ITEM_DROPPED]: Dropped Haru_M's expired listing of 1x Cooked Porkchop for $0.00 at their feet on Ressource
[23:31:35] [ITEM_LISTED]: pierro listed 64x Coal for $150.00 on survie_new
[23:31:42] [ITEM_LISTED]: pierro listed 64x Coal for $150.00 on survie_new
[23:31:50] [ITEM_LISTED]: pierro listed 64x Coal for $150.00 on survie_new
[23:31:55] [ITEM_LISTED]: pierro listed 64x Coal for $150.00 on survie_new
[23:32:00] [ITEM_LISTED]: pierro listed 64x Coal for $150.00 on survie_new
[23:32:04] [ITEM_LISTED]: pierro listed 64x Coal for $150.00 on survie_new
[23:32:09] [ITEM_LISTED]: pierro listed 64x Coal for $150.00 on survie_new
[23:32:15] [ITEM_LISTED]: pierro listed 64x Coal for $150.00 on survie_new
[23:47:15] [ITEM_DROPPED]: Dropped Piltrax's expired listing of 1x Iron Pickaxe [Mending] for $0.00 at their feet on Survie
[23:47:15] [ITEM_LISTED]: Euphare13 listed 64x Cobblestone for $1.00 on survie_new
[23:47:21] [ITEM_LISTED]: Euphare13 listed 64x Cobblestone for $1.00 on survie_new
[23:47:27] [ITEM_LISTED]: Euphare13 listed 64x Cobblestone for $1.00 on survie_new
[23:47:28] [ITEM_LISTED]: Euphare13 listed 64x Cobblestone for $1.00 on survie_new
[23:47:29] [ITEM_LISTED]: Euphare13 listed 64x Cobblestone for $1.00 on survie_new
[23:47:31] [ITEM_LISTED]: Euphare13 listed 64x Cobblestone for $1.00 on survie_new
[23:47:33] [ITEM_LISTED]: Euphare13 listed 64x Cobblestone for $1.00 on survie_new
[23:47:47] [ITEM_LISTED]: Euphare13 listed 64x Cobblestone for $1.00 on survie_new
[23:47:48] [ITEM_LISTED]: Euphare13 listed 64x Cobblestone for $1.00 on survie_new
[23:47:50] [ITEM_LISTED]: Euphare13 listed 64x Cobblestone for $1.00 on survie_new
[23:47:51] [ITEM_LISTED]: Euphare13 listed 64x Cobblestone for $1.00 on survie_new
[23:51:10] [ITEM_LISTED]: Jarreshan listed 1x Heart Of The Sea for $500.00 on Ressource
[23:59:26] [ITEM_SOLD]: Euphare13 sold 64x Cobblestone to Qeldhar for $1.00 on survie_new
[23:59:32] [ITEM_SOLD]: Euphare13 sold 64x Cobblestone to Qeldhar for $1.00 on survie_new
[23:59:33] [ITEM_SOLD]: Euphare13 sold 64x Cobblestone to Qeldhar for $1.00 on survie_new
