[00:15:15] [ITEM_SOLD]: The_Wiz_D vendu 64 x Arrow à  Nadreel pour 100.00 β le survie_new
[00:17:54] [ITEM_SOLD]: LeVoleurDeStylo vendu 1 x [Skeleton Spawner] à  Teinavaa pour 7,000.00 β le survie_new
[00:19:58] [ITEM_SOLD]: eric2a vendu 10 x Cooked Chicken à  pierro pour 15.00 β le survie_new
[00:20:08] [ITEM_LISTED]: ghis22940 vend 1 x Golden Horse Armor  pour 100.00β sur survie_new
[00:21:18] [ITEM_LISTED]: Siley_stone vend 64 x Cobblestone  pour 50.00β sur survie_new
[00:21:22] [ITEM_SOLD]: Siley_stone vendu 64 x Cobblestone à  Nadreel pour 50.00 β le survie_new
[00:21:32] [ITEM_LISTED]: Siley_stone vend 1 x Water Bucket  pour 50.00β sur survie_new
[00:21:52] [ITEM_LISTED]: Siley_stone vend 64 x Cobblestone  pour 50.00β sur survie_new
[00:21:54] [ITEM_SOLD]: Siley_stone vendu 64 x Cobblestone à  Nadreel pour 50.00 β le survie_new
[00:21:59] [ITEM_LISTED]: Siley_stone vend 64 x Cobblestone  pour 50.00β sur survie_new
[00:22:08] [ITEM_LISTED]: Siley_stone vend 64 x Cobblestone  pour 50.00β sur survie_new
[00:22:15] [ITEM_SOLD]: Siley_stone vendu 64 x Cobblestone à  Nadreel pour 50.00 β le survie_new
[00:22:16] [ITEM_LISTED]: Siley_stone vend 64 x Cobblestone  pour 50.00β sur survie_new
[00:22:17] [ITEM_SOLD]: Siley_stone vendu 64 x Cobblestone à  Nadreel pour 50.00 β le survie_new
[00:22:25] [ITEM_LISTED]: Siley_stone vend 64 x Cobblestone  pour 50.00β sur survie_new
[00:22:28] [ITEM_SOLD]: Siley_stone vendu 64 x Cobblestone à  Nadreel pour 50.00 β le survie_new
[00:22:29] [ITEM_SOLD]: Siley_stone vendu 64 x Cobblestone à  Nadreel pour 50.00 β le survie_new
[00:22:32] [ITEM_LISTED]: Siley_stone vend 64 x Cobblestone  pour 50.00β sur survie_new
[00:22:36] [ITEM_SOLD]: Siley_stone vendu 64 x Cobblestone à  Nadreel pour 50.00 β le survie_new
[00:51:03] [ITEM_SOLD]: Cryyzi vendu 1 x Iron Pickaxe à  [Efficiency I, Unbreaking I] Nadreel pour 50.00 β le survie_new
[01:37:37] [ITEM_SOLD]: The_Wiz_D vendu 64 x Arrow à  Nadreel pour 100.00 β le survie_new
[02:37:02] [ITEM_SOLD]: Axiton vendu 1 x Enchanted Book à  portedegaia pour 500.00 β le survie_new
[02:37:19] [ITEM_SOLD]: Cryyzi vendu 1 x Buried Treasure Map à  portedegaia pour 50.00 β le survie_new
[02:37:28] [ITEM_SOLD]: The_Wiz_D vendu 64 x Arrow à  portedegaia pour 100.00 β le survie_new
[02:37:30] [ITEM_SOLD]: The_Wiz_D vendu 64 x Arrow à  portedegaia pour 100.00 β le survie_new
[02:37:32] [ITEM_SOLD]: The_Wiz_D vendu 64 x Arrow à  portedegaia pour 100.00 β le survie_new
[10:23:10] [ITEM_LISTED]: MyNameIs42 vend 1 x Enchanted Book  pour 250.00β sur survie_new
[10:23:18] [ITEM_SOLD]: MyNameIs42 vendu 1 x Enchanted Book à  MaloZazina pour 250.00 β le survie_new
[12:37:07] [ITEM_LISTED]: Axiton vend 64 x Diamond  pour 7,000.00β sur survie_new
[12:54:31] [ITEM_LISTED]: Axiton vend 1 x Enchanted Book  pour 500.00β sur survie_new
[12:54:36] [ITEM_LISTED]: Axiton vend 1 x Enchanted Book  pour 750.00β sur survie_new
[12:54:44] [ITEM_LISTED]: Axiton vend 1 x Enchanted Book  pour 400.00β sur survie_new
[13:07:38] [ITEM_LISTED]: Axiton vend 1 x Enchanted Book  pour 400.00β sur survie_new
[13:07:43] [ITEM_LISTED]: Axiton vend 1 x Enchanted Book  pour 500.00β sur survie_new
[13:07:52] [ITEM_LISTED]: Axiton vend 1 x Enchanted Book  pour 750.00β sur survie_new
[13:35:33] [ITEM_SOLD]: Axiton vendu 1 x Enchanted Book à  Teinavaa pour 750.00 β le survie_new
[14:28:47] [ITEM_SOLD]: portedegaia vendu 64 x Dark Oak Log à  REGDYLAN pour 500.00 β le survie_new
[14:28:48] [ITEM_SOLD]: portedegaia vendu 64 x Dark Oak Log à  REGDYLAN pour 500.00 β le survie_new
[14:28:49] [ITEM_SOLD]: portedegaia vendu 64 x Dark Oak Log à  REGDYLAN pour 500.00 β le survie_new
[14:28:51] [ITEM_SOLD]: portedegaia vendu 64 x Dark Oak Log à  REGDYLAN pour 500.00 β le survie_new
[14:28:52] [ITEM_SOLD]: portedegaia vendu 64 x Dark Oak Log à  REGDYLAN pour 500.00 β le survie_new
[14:28:54] [ITEM_SOLD]: portedegaia vendu 64 x Dark Oak Log à  REGDYLAN pour 500.00 β le survie_new
[14:28:55] [ITEM_SOLD]: portedegaia vendu 64 x Dark Oak Log à  REGDYLAN pour 500.00 β le survie_new
[14:28:56] [ITEM_SOLD]: portedegaia vendu 64 x Dark Oak Log à  REGDYLAN pour 500.00 β le survie_new
[14:28:59] [ITEM_SOLD]: portedegaia vendu 64 x Dark Oak Log à  REGDYLAN pour 700.00 β le survie_new
[14:29:01] [ITEM_SOLD]: portedegaia vendu 64 x Dark Oak Log à  REGDYLAN pour 700.00 β le survie_new
[14:29:02] [ITEM_SOLD]: portedegaia vendu 64 x Dark Oak Log à  REGDYLAN pour 700.00 β le survie_new
[14:29:03] [ITEM_SOLD]: portedegaia vendu 64 x Dark Oak Log à  REGDYLAN pour 700.00 β le survie_new
[14:29:04] [ITEM_SOLD]: portedegaia vendu 64 x Dark Oak Log à  REGDYLAN pour 700.00 β le survie_new
[14:50:21] [ITEM_SOLD]: sylverfire02 vendu 1 x Fishing Rod à  [Mending] Salamander_89 pour 2,000.00 β le survie_new
[15:06:58] [ITEM_CANCELLED]: portedegaia annule la vente de 64x Bamboo pour 600.00β sur survie_new
[15:06:59] [ITEM_CANCELLED]: portedegaia annule la vente de 64x Bamboo pour 600.00β sur survie_new
[15:07:00] [ITEM_CANCELLED]: portedegaia annule la vente de 64x Bamboo pour 700.00β sur survie_new
[15:07:00] [ITEM_CANCELLED]: portedegaia annule la vente de 64x Bamboo pour 700.00β sur survie_new
[15:07:01] [ITEM_CANCELLED]: portedegaia annule la vente de 64x Bamboo pour 700.00β sur survie_new
[15:07:02] [ITEM_CANCELLED]: portedegaia annule la vente de 64x Bamboo pour 700.00β sur survie_new
[15:07:13] [ITEM_RETURNED]: 64 x Bamboo  renvoyé à portedegaia le survie_new
[15:07:13] [ITEM_RETURNED]: 64 x Bamboo  renvoyé à portedegaia le survie_new
[15:07:13] [ITEM_RETURNED]: 64 x Bamboo  renvoyé à portedegaia le survie_new
[15:07:13] [ITEM_RETURNED]: 64 x Bamboo  renvoyé à portedegaia le survie_new
[15:07:13] [ITEM_RETURNED]: 64 x Bamboo  renvoyé à portedegaia le survie_new
[15:07:13] [ITEM_RETURNED]: 64 x Bamboo  renvoyé à portedegaia le survie_new
[15:42:59] [ITEM_SOLD]: Axiton vendu 64 x Diamond à  kalaistar pour 7,000.00 β le survie_new
[16:04:41] [ITEM_LISTED]: Axiton vend 64 x Blaze Rod  pour 350.00β sur survie_new
[16:04:43] [ITEM_LISTED]: Axiton vend 64 x Blaze Rod  pour 350.00β sur survie_new
[16:04:44] [ITEM_LISTED]: Axiton vend 64 x Blaze Rod  pour 350.00β sur survie_new
[16:05:57] [ITEM_LISTED]: eric2a vend 64 x Acacia Log  pour 650.00β sur survie_new
[16:06:11] [ITEM_LISTED]: eric2a vend 64 x Dark Oak Log  pour 450.00β sur survie_new
[16:06:27] [ITEM_LISTED]: eric2a vend 64 x Spruce Log  pour 450.00β sur survie_new
[16:07:32] [ITEM_LISTED]: portedegaia vend 64 x Jungle Log  pour 650.00β sur survie_new
[16:07:54] [ITEM_SOLD]: eric2a vendu 64 x Acacia Log à  Teinavaa pour 650.00 β le survie_new
[16:07:55] [ITEM_SOLD]: eric2a vendu 64 x Dark Oak Log à  Teinavaa pour 450.00 β le survie_new
[16:07:56] [ITEM_SOLD]: eric2a vendu 64 x Spruce Log à  Teinavaa pour 450.00 β le survie_new
[16:07:57] [ITEM_SOLD]: portedegaia vendu 64 x Jungle Log à  Teinavaa pour 650.00 β le survie_new
[16:10:11] [ITEM_SOLD]: Cryyzi vendu 1 x Iron Axe à  [Efficiency I, Unbreaking I] eric2a pour 50.00 β le survie_new
[16:11:20] [ITEM_CANCELLED]: eric2a annule la vente de 1x Blaze Rod pour 200.00β sur survie_new
[16:19:28] [ITEM_LISTED]: eric2a vend 64 x Sugar Cane  pour 100.00β sur survie_new
[16:19:39] [ITEM_LISTED]: eric2a vend 64 x Sugar Cane  pour 100.00β sur survie_new
[16:19:49] [ITEM_SOLD]: eric2a vendu 64 x Sugar Cane à  Teinavaa pour 100.00 β le survie_new
[16:19:50] [ITEM_SOLD]: eric2a vendu 64 x Sugar Cane à  Teinavaa pour 100.00 β le survie_new
[16:19:54] [ITEM_LISTED]: eric2a vend 64 x Sugar Cane  pour 100.00β sur survie_new
[16:20:07] [ITEM_SOLD]: eric2a vendu 64 x Sugar Cane à  Teinavaa pour 100.00 β le survie_new
[16:20:12] [ITEM_LISTED]: eric2a vend 64 x Sugar Cane  pour 100.00β sur survie_new
[16:20:28] [ITEM_LISTED]: eric2a vend 64 x Sugar Cane  pour 100.00β sur survie_new
[16:20:46] [ITEM_LISTED]: eric2a vend 64 x Sugar Cane  pour 100.00β sur survie_new
[16:20:55] [ITEM_SOLD]: eric2a vendu 64 x Sugar Cane à  Teinavaa pour 100.00 β le survie_new
[16:20:57] [ITEM_SOLD]: eric2a vendu 64 x Sugar Cane à  Teinavaa pour 100.00 β le survie_new
[16:20:58] [ITEM_SOLD]: eric2a vendu 64 x Sugar Cane à  Teinavaa pour 100.00 β le survie_new
[16:21:08] [ITEM_LISTED]: eric2a vend 64 x Sugar Cane  pour 200.00β sur survie_new
[16:21:22] [ITEM_LISTED]: eric2a vend 2 x Sugar Cane  pour 5.00β sur survie_new
[16:21:57] [ITEM_SOLD]: eric2a vendu 64 x Sugar Cane à  Teinavaa pour 200.00 β le survie_new
[16:21:59] [ITEM_SOLD]: eric2a vendu 2 x Sugar Cane à  Teinavaa pour 5.00 β le survie_new
[16:28:06] [ITEM_SOLD]: Oziroal vendu 1 x Enchanted Book à  Skilyder pour 500.00 β le survie_new
[16:28:11] [ITEM_SOLD]: Axiton vendu 1 x Enchanted Book à  Skilyder pour 500.00 β le survie_new
[16:28:23] [ITEM_SOLD]: RomanZ vendu 1 x Enchanted Book à  Skilyder pour 300.00 β le survie_new
[16:35:10] [ITEM_LISTED]: sylverfire02 vend 1 x Enchanted Book  pour 1,000.00β sur survie_new
[17:27:02] [ITEM_SOLD]: Axiton vendu 1 x Enchanted Book à  kalaistar pour 400.00 β le survie_new
[17:27:13] [ITEM_SOLD]: eric2a vendu 64 x Rotten Flesh à  kalaistar pour 20.00 β le survie_new
[18:14:50] [ITEM_LISTED]: K666D vend 64 x Cobblestone  pour 50.00β sur survie_new
[18:14:58] [ITEM_LISTED]: K666D vend 64 x Cobblestone  pour 50.00β sur survie_new
[18:15:09] [ITEM_LISTED]: K666D vend 64 x Cobblestone  pour 50.00β sur survie_new
[18:15:22] [ITEM_LISTED]: K666D vend 64 x Cobblestone  pour 50.00β sur survie_new
[18:15:29] [ITEM_LISTED]: K666D vend 64 x Cobblestone  pour 50.00β sur survie_new
[18:15:34] [ITEM_LISTED]: K666D vend 64 x Cobblestone  pour 50.00β sur survie_new
[18:15:39] [ITEM_LISTED]: K666D vend 64 x Cobblestone  pour 50.00β sur survie_new
[18:15:46] [ITEM_LISTED]: K666D vend 64 x Cobblestone  pour 50.00β sur survie_new
[18:15:51] [ITEM_LISTED]: K666D vend 64 x Cobblestone  pour 50.00β sur survie_new
[18:16:20] [ITEM_LISTED]: K666D vend 64 x Carrot  pour 70.00β sur survie_new
[18:16:41] [ITEM_LISTED]: K666D vend 64 x Cactus  pour 70.00β sur survie_new
[18:17:11] [ITEM_LISTED]: K666D vend 10 x Apple  pour 50.00β sur survie_new
[18:17:25] [ITEM_LISTED]: K666D vend 64 x Melon Slice  pour 50.00β sur survie_new
[18:34:23] [ITEM_LISTED]: LeVoleurDeStylo vend 4 x Stick  pour 2,330.00β sur survie_new
[18:34:29] [ITEM_SOLD]: LeVoleurDeStylo vendu 4 x Stick à  KillianLeFifou pour 2,330.00 β le survie_new
[18:43:15] [ITEM_LISTED]: LeVoleurDeStylo vend 4 x Rotten Flesh  pour 2,100.00β sur survie_new
[18:47:06] [ITEM_SOLD]: LeVoleurDeStylo vendu 4 x Rotten Flesh à  jaimepalesgro pour 2,100.00 β le survie_new
[18:49:38] [ITEM_LISTED]: K666D vend 5 x Jungle Leaves  pour 200.00β sur survie_new
[18:49:47] [ITEM_SOLD]: K666D vendu 5 x Jungle Leaves à  jaimepalesgro pour 200.00 β le survie_new
[18:52:10] [ITEM_LISTED]: LeVoleurDeStylo vend 34 x Cocoa Beans  pour 2,100.00β sur survie_new
[19:00:30] [ITEM_SOLD]: pierro vendu 1 x White Shulker Box à  LiKaneH pour 2,800.00 β le survie_new
[19:08:42] [ITEM_LISTED]: sylverfire02 vend 1 x Enchanted Book  pour 2,000.00β sur survie_new
[19:12:39] [ITEM_RETURNED]: 1 x Shulker Box  renvoyé à Tesla248 le survie_new
[19:12:40] [ITEM_RETURNED]: 1 x Shulker Box  renvoyé à Tesla248 le survie_new
[19:18:38] [ITEM_LISTED]: Tesla248 vend 1 x Shulker Box  pour 2,000.00β sur survie_new_the_end
[19:18:51] [ITEM_LISTED]: Tesla248 vend 1 x Shulker Box  pour 2,000.00β sur survie_new_the_end
[19:18:59] [ITEM_SOLD]: Tesla248 vendu 1 x Shulker Box à  kalaistar pour 2,000.00 β le survie_new_the_end
[19:19:00] [ITEM_SOLD]: Tesla248 vendu 1 x Shulker Box à  kalaistar pour 2,000.00 β le survie_new_the_end
[19:27:54] [ITEM_SOLD]: pierro vendu 1 x Yellow Shulker Box à  Mikiu_Ahegao pour 2,800.00 β le survie_new
[23:15:27] [ITEM_LISTED]: pierro vend 1 x Enchanted Book  pour 2,500.00β sur survie_new
[23:17:26] [ITEM_DROPPED]: Abandon de la vente REGDYLAN expirée de 1 x Golden Apple  pour 0.00β à leurs pieds le survie_new
[23:17:26] [ITEM_DROPPED]: Abandon de la vente REGDYLAN expirée de 1 x Golden Apple  pour 0.00β à leurs pieds le survie_new
[23:17:26] [ITEM_DROPPED]: Abandon de la vente REGDYLAN expirée de 1 x Golden Apple  pour 0.00β à leurs pieds le survie_new
[23:17:26] [ITEM_DROPPED]: Abandon de la vente REGDYLAN expirée de 1 x Golden Apple  pour 0.00β à leurs pieds le survie_new
[23:17:26] [ITEM_DROPPED]: Abandon de la vente REGDYLAN expirée de 1 x Golden Apple  pour 0.00β à leurs pieds le survie_new
[23:17:26] [ITEM_DROPPED]: Abandon de la vente REGDYLAN expirée de 1 x Golden Apple  pour 0.00β à leurs pieds le survie_new
[23:17:26] [ITEM_DROPPED]: Abandon de la vente REGDYLAN expirée de 1 x Golden Apple  pour 0.00β à leurs pieds le survie_new
[23:17:26] [ITEM_DROPPED]: Abandon de la vente REGDYLAN expirée de 1 x Golden Apple  pour 0.00β à leurs pieds le survie_new
[23:17:26] [ITEM_DROPPED]: Abandon de la vente REGDYLAN expirée de 1 x Pomme des Cieux  pour 0.00β à leurs pieds le survie_new
[23:17:26] [ITEM_DROPPED]: Abandon de la vente REGDYLAN expirée de 1 x Pomme des Cieux  pour 0.00β à leurs pieds le survie_new
[23:17:26] [ITEM_DROPPED]: Abandon de la vente REGDYLAN expirée de 1 x Pomme des Cieux  pour 0.00β à leurs pieds le survie_new
[23:17:26] [ITEM_DROPPED]: Abandon de la vente REGDYLAN expirée de 1 x Enchanted Golden Apple  pour 0.00β à leurs pieds le survie_new
[23:19:21] [ITEM_LISTED]: eric2a vend 64 x Sugar Cane  pour 100.00β sur survie_new
[23:19:28] [ITEM_SOLD]: eric2a vendu 64 x Sugar Cane à  Teinavaa pour 100.00 β le survie_new
[23:33:08] [ITEM_SOLD]: Axiton vendu 1 x Enchanted Book à  eric2a pour 750.00 β le survie_new
[23:37:22] [ITEM_LISTED]: pierro vend 64 x Prismarine Crystals  pour 15,000.00β sur survie_new
[23:43:28] [ITEM_LISTED]: pierro vend 64 x Sponge  pour 15,000.00β sur survie_new
