[00:00:19] [ITEM_LISTED]: AzodFR listed 1x ticket pour monter en l'air ma daro for $499,000.00 on survie_new
[00:00:24] [ITEM_SOLD]: AzodFR sold 1x ticket pour monter en l'air ma daro to Jarreshan for $499,000.00 on survie_new
[00:01:27] [ITEM_LISTED]: Jarreshan listed 1x se faire branle par la main dtn frr for $499,000.00 on survie_new
[00:01:37] [ITEM_SOLD]: Jarreshan sold 1x se faire branle par la main dtn frr to AzodFR for $499,000.00 on survie_new
[00:02:45] [ITEM_LISTED]: AzodFR listed 1x fister ta mere avc l main dmon reuf for $499,000.00 on survie_new
[00:02:50] [ITEM_SOLD]: AzodFR sold 1x fister ta mere avc l main dmon reuf to Jarreshan for $499,000.00 on survie_new
[00:03:25] [ITEM_LISTED]: Jarreshan listed 1x cote à cbn tu kick watson ? for $499,000.00 on survie_new
[00:03:40] [ITEM_SOLD]: Jarreshan sold 1x cote à cbn tu kick watson ? to AzodFR for $499,000.00 on survie_new
[00:04:34] [ITEM_LISTED]: AzodFR listed 1x cote a combien tu lui dit ftg for $499,000.00 on survie_new
[00:04:42] [ITEM_SOLD]: AzodFR sold 1x cote a combien tu lui dit ftg to Jarreshan for $499,000.00 on survie_new
[00:06:07] [ITEM_LISTED]: Jarreshan listed 1x cote a combien tu lui dis ntgm au m for $499,000.00 on survie_new
[00:06:23] [ITEM_SOLD]: Jarreshan sold 1x cote a combien tu lui dis ntgm au m to AzodFR for $499,000.00 on survie_new
[00:08:18] [ITEM_LISTED]: AzodFR listed 1x baise ta mere for $499,000.00 on survie_new
[00:08:24] [ITEM_SOLD]: AzodFR sold 1x baise ta mere to Jarreshan for $499,000.00 on survie_new
[00:08:45] [ITEM_LISTED]: Jarreshan listed 1x emma grosse chienne for $499,000.00 on survie_new
[00:09:03] [ITEM_SOLD]: Jarreshan sold 1x emma grosse chienne to AzodFR for $499,000.00 on survie_new
[00:09:15] [ITEM_LISTED]: AzodFR listed 1x emma grosse chienne++++++++++++++++ for $499,000.00 on survie_new
[00:09:24] [ITEM_SOLD]: AzodFR sold 1x emma grosse chienne++++++++++++++++ to Jarreshan for $499,000.00 on survie_new
[00:09:59] [ITEM_LISTED]: Jarreshan listed 1x le T de emma for $499,000.00 on survie_new
[00:10:02] [ITEM_SOLD]: Jarreshan sold 1x le T de emma to AzodFR for $499,000.00 on survie_new
[00:10:18] [ITEM_LISTED]: AzodFR listed 1x le cuivreeeeeeeeeeeee for $499,000.00 on survie_new
[00:12:19] [ITEM_SOLD]: AzodFR sold 1x le cuivreeeeeeeeeeeee to Jarreshan for $499,000.00 on survie_new
[00:12:45] [ITEM_LISTED]: Jarreshan listed 1x LLlcocoman_Hrz grosse pute for $499,000.00 on survie_new
[00:13:13] [ITEM_SOLD]: Jarreshan sold 1x LLlcocoman_Hrz grosse pute to AzodFR for $499,000.00 on survie_new
[00:14:16] [ITEM_LISTED]: AzodFR listed 1x ON FAIS AVEC ça tqt for $499,000.00 on survie_new
[00:19:30] [ITEM_CANCELLED]: AzodFR cancelled an auction for 1x ON FAIS AVEC ça tqt for $499,000.00 on survie_new
[00:19:34] [ITEM_RETURNED]: Returned 1x ON FAIS AVEC ça tqt to AzodFR on survie_new
[00:20:15] [ITEM_SOLD]: pierro sold 64x Nether Wart to Fr3nCh_CraFt for $500.00 on survie_new
[00:25:35] [ITEM_LISTED]: lasoeurdadrien listed 64x Iron Ingot for $2,500.00 on survie_new
[01:29:33] [ITEM_LISTED]: REGDYLAN listed 1x Enchanted Book for $2,500.00 on survie_new
[01:29:36] [ITEM_LISTED]: REGDYLAN listed 1x Enchanted Book for $2,500.00 on survie_new
[01:29:37] [ITEM_LISTED]: REGDYLAN listed 1x Enchanted Book for $2,500.00 on survie_new
[01:29:38] [ITEM_LISTED]: REGDYLAN listed 1x Enchanted Book for $2,500.00 on survie_new
[01:29:40] [ITEM_LISTED]: REGDYLAN listed 1x Enchanted Book for $2,500.00 on survie_new
[01:29:41] [ITEM_LISTED]: REGDYLAN listed 1x Enchanted Book for $2,500.00 on survie_new
[01:29:42] [ITEM_LISTED]: REGDYLAN listed 1x Enchanted Book for $2,500.00 on survie_new
[01:29:45] [ITEM_LISTED]: REGDYLAN listed 1x Enchanted Book for $2,500.00 on survie_new
[01:29:47] [ITEM_LISTED]: REGDYLAN listed 1x Enchanted Book for $2,500.00 on survie_new
[01:29:54] [ITEM_LISTED]: REGDYLAN listed 1x Enchanted Book for $2,500.00 on survie_new
[01:29:55] [ITEM_LISTED]: REGDYLAN listed 1x Enchanted Book for $2,500.00 on survie_new
[01:29:57] [ITEM_LISTED]: REGDYLAN listed 1x Enchanted Book for $2,500.00 on survie_new
[01:29:58] [ITEM_LISTED]: REGDYLAN listed 1x Enchanted Book for $2,500.00 on survie_new
[01:29:59] [ITEM_LISTED]: REGDYLAN listed 1x Enchanted Book for $2,500.00 on survie_new
[01:30:00] [ITEM_LISTED]: REGDYLAN listed 1x Enchanted Book for $2,500.00 on survie_new
[01:30:01] [ITEM_LISTED]: REGDYLAN listed 1x Enchanted Book for $2,500.00 on survie_new
[01:30:03] [ITEM_LISTED]: REGDYLAN listed 1x Enchanted Book for $2,500.00 on survie_new
[01:30:05] [ITEM_LISTED]: REGDYLAN listed 1x Enchanted Book for $2,500.00 on survie_new
[01:30:17] [ITEM_SOLD]: lasoeurdadrien sold 32x Emerald to REGDYLAN for $600.00 on survie_new
[01:31:35] [ITEM_CANCELLED]: REGDYLAN cancelled an auction for 1x Enchanted Book for $2,500.00 on survie_new
[01:31:37] [ITEM_CANCELLED]: REGDYLAN cancelled an auction for 1x Enchanted Book for $2,500.00 on survie_new
[01:31:38] [ITEM_CANCELLED]: REGDYLAN cancelled an auction for 1x Enchanted Book for $2,500.00 on survie_new
[01:31:39] [ITEM_CANCELLED]: REGDYLAN cancelled an auction for 1x Enchanted Book for $2,500.00 on survie_new
[01:31:40] [ITEM_CANCELLED]: REGDYLAN cancelled an auction for 1x Enchanted Book for $2,500.00 on survie_new
[01:31:41] [ITEM_CANCELLED]: REGDYLAN cancelled an auction for 1x Enchanted Book for $2,500.00 on survie_new
[01:31:41] [ITEM_CANCELLED]: REGDYLAN cancelled an auction for 1x Enchanted Book for $2,500.00 on survie_new
[01:31:41] [ITEM_CANCELLED]: REGDYLAN cancelled an auction for 1x Enchanted Book for $2,500.00 on survie_new
[01:31:41] [ITEM_CANCELLED]: REGDYLAN cancelled an auction for 1x Enchanted Book for $2,500.00 on survie_new
[01:31:41] [ITEM_CANCELLED]: REGDYLAN cancelled an auction for 1x Enchanted Book for $2,500.00 on survie_new
[01:31:42] [ITEM_CANCELLED]: REGDYLAN cancelled an auction for 1x Enchanted Book for $2,500.00 on survie_new
[01:31:42] [ITEM_CANCELLED]: REGDYLAN cancelled an auction for 1x Enchanted Book for $2,500.00 on survie_new
[01:31:42] [ITEM_CANCELLED]: REGDYLAN cancelled an auction for 1x Enchanted Book for $2,500.00 on survie_new
[01:31:42] [ITEM_CANCELLED]: REGDYLAN cancelled an auction for 1x Enchanted Book for $2,500.00 on survie_new
[01:31:43] [ITEM_CANCELLED]: REGDYLAN cancelled an auction for 1x Enchanted Book for $2,500.00 on survie_new
[01:31:43] [ITEM_CANCELLED]: REGDYLAN cancelled an auction for 1x Enchanted Book for $2,500.00 on survie_new
[01:31:43] [ITEM_CANCELLED]: REGDYLAN cancelled an auction for 1x Enchanted Book for $2,500.00 on survie_new
[01:31:44] [ITEM_CANCELLED]: REGDYLAN cancelled an auction for 1x Enchanted Book for $2,500.00 on survie_new
[01:31:57] [ITEM_RETURNED]: Returned 1x Enchanted Book to REGDYLAN on survie_new
[01:31:58] [ITEM_RETURNED]: Returned 1x Enchanted Book to REGDYLAN on survie_new
[01:31:58] [ITEM_RETURNED]: Returned 1x Enchanted Book to REGDYLAN on survie_new
[01:31:58] [ITEM_RETURNED]: Returned 1x Enchanted Book to REGDYLAN on survie_new
[01:31:58] [ITEM_RETURNED]: Returned 1x Enchanted Book to REGDYLAN on survie_new
[01:31:58] [ITEM_RETURNED]: Returned 1x Enchanted Book to REGDYLAN on survie_new
[01:31:59] [ITEM_RETURNED]: Returned 1x Enchanted Book to REGDYLAN on survie_new
[01:31:59] [ITEM_RETURNED]: Returned 1x Enchanted Book to REGDYLAN on survie_new
[01:31:59] [ITEM_RETURNED]: Returned 1x Enchanted Book to REGDYLAN on survie_new
[01:31:59] [ITEM_RETURNED]: Returned 1x Enchanted Book to REGDYLAN on survie_new
[01:31:59] [ITEM_RETURNED]: Returned 1x Enchanted Book to REGDYLAN on survie_new
[01:31:59] [ITEM_RETURNED]: Returned 1x Enchanted Book to REGDYLAN on survie_new
[01:32:00] [ITEM_RETURNED]: Returned 1x Enchanted Book to REGDYLAN on survie_new
[01:32:00] [ITEM_RETURNED]: Returned 1x Enchanted Book to REGDYLAN on survie_new
[01:32:00] [ITEM_RETURNED]: Returned 1x Enchanted Book to REGDYLAN on survie_new
[01:32:00] [ITEM_RETURNED]: Returned 1x Enchanted Book to REGDYLAN on survie_new
[01:32:00] [ITEM_RETURNED]: Returned 1x Enchanted Book to REGDYLAN on survie_new
[01:32:00] [ITEM_RETURNED]: Returned 1x Enchanted Book to REGDYLAN on survie_new
[01:32:12] [ITEM_LISTED]: REGDYLAN listed 1x Enchanted Book for $2,800.00 on survie_new
[01:32:14] [ITEM_LISTED]: REGDYLAN listed 1x Enchanted Book for $2,800.00 on survie_new
[01:32:15] [ITEM_LISTED]: REGDYLAN listed 1x Enchanted Book for $2,800.00 on survie_new
[01:32:16] [ITEM_LISTED]: REGDYLAN listed 1x Enchanted Book for $2,800.00 on survie_new
[01:32:20] [ITEM_LISTED]: REGDYLAN listed 1x Enchanted Book for $2,800.00 on survie_new
[01:32:24] [ITEM_LISTED]: REGDYLAN listed 1x Enchanted Book for $2,800.00 on survie_new
[01:32:25] [ITEM_LISTED]: REGDYLAN listed 1x Enchanted Book for $2,800.00 on survie_new
[01:32:27] [ITEM_LISTED]: REGDYLAN listed 1x Enchanted Book for $2,800.00 on survie_new
[01:32:33] [ITEM_LISTED]: REGDYLAN listed 1x Enchanted Book for $2,800.00 on survie_new
[01:32:34] [ITEM_LISTED]: REGDYLAN listed 1x Enchanted Book for $2,800.00 on survie_new
[01:32:35] [ITEM_LISTED]: REGDYLAN listed 1x Enchanted Book for $2,800.00 on survie_new
[01:32:36] [ITEM_LISTED]: REGDYLAN listed 1x Enchanted Book for $2,800.00 on survie_new
[01:32:37] [ITEM_LISTED]: REGDYLAN listed 1x Enchanted Book for $2,800.00 on survie_new
[01:32:40] [ITEM_LISTED]: REGDYLAN listed 1x Enchanted Book for $2,800.00 on survie_new
[01:32:40] [ITEM_LISTED]: REGDYLAN listed 1x Enchanted Book for $2,800.00 on survie_new
[01:32:42] [ITEM_LISTED]: REGDYLAN listed 1x Enchanted Book for $2,800.00 on survie_new
[01:32:52] [ITEM_LISTED]: REGDYLAN listed 1x Enchanted Book for $2,800.00 on survie_new
[01:32:54] [ITEM_LISTED]: REGDYLAN listed 1x Enchanted Book for $2,800.00 on survie_new
[01:49:57] [ITEM_LISTED]: lasoeurdadrien listed 64x Iron Ingot for $2,000.00 on survie_new
[01:50:05] [ITEM_CANCELLED]: lasoeurdadrien cancelled an auction for 64x Iron Ingot for $2,500.00 on survie_new
[01:50:06] [ITEM_CANCELLED]: lasoeurdadrien cancelled an auction for 64x Iron Ingot for $2,500.00 on survie_new
[01:50:19] [ITEM_RETURNED]: Returned 64x Iron Ingot to lasoeurdadrien on survie_new
[01:50:19] [ITEM_RETURNED]: Returned 64x Iron Ingot to lasoeurdadrien on survie_new
[01:50:34] [ITEM_LISTED]: lasoeurdadrien listed 64x Iron Ingot for $2,000.00 on survie_new
[01:50:42] [ITEM_LISTED]: lasoeurdadrien listed 64x Iron Ingot for $2,000.00 on survie_new
[01:59:20] [ITEM_LISTED]: REGDYLAN listed 1x §U§C§-§{§"§p§s§s§i§"§:§"§F§L§E§T§C§H§E§R§"§,§"§y§"§:§s§,§"§h§t§h§"§:§.§,§"§t§y§p§"§:§"§V§I§L§L§A§G§E§R§"§}§~Oeuf de Villageois for $10,000.00 on survie_new
[01:59:26] [ITEM_LISTED]: REGDYLAN listed 1x §U§C§I§;§I§s§;Oeuf de Pierre for $9,000.00 on survie_new
[01:59:28] [ITEM_LISTED]: REGDYLAN listed 1x §U§C§I§;§I§s§;Oeuf de Pierre for $9,000.00 on survie_new
[01:59:30] [ITEM_LISTED]: REGDYLAN listed 1x §U§C§I§;§I§s§;Oeuf de Pierre for $9,000.00 on survie_new
[01:59:31] [ITEM_LISTED]: REGDYLAN listed 1x §U§C§I§;§I§s§;Oeuf de Pierre for $9,000.00 on survie_new
[01:59:33] [ITEM_LISTED]: REGDYLAN listed 1x §U§C§I§;§I§s§;Oeuf de Pierre for $9,000.00 on survie_new
[01:59:34] [ITEM_LISTED]: REGDYLAN listed 1x §U§C§I§;§I§s§;Oeuf de Pierre for $9,000.00 on survie_new
[01:59:35] [ITEM_LISTED]: REGDYLAN listed 1x §U§C§I§;§I§s§;Oeuf de Pierre for $9,000.00 on survie_new
[01:59:37] [ITEM_LISTED]: REGDYLAN listed 1x §U§C§-§{§"§p§s§s§i§"§:§"§F§A§R§M§E§R§"§,§"§y§"§:§s§,§"§h§t§h§"§:§.§,§"§t§y§p§"§:§"§V§I§L§L§A§G§E§R§"§}§~Oeuf de Villageois for $10,000.00 on survie_new
[02:04:04] [ITEM_SOLD]: Jarreshan sold 1x Diamond Pickaxe to  [Efficiency III, Fortune II, Unbreaking III]BiscuitSoda69 for $4,500.00 on survie_new
[02:04:27] [ITEM_SOLD]: CapitaineNiamor sold 1x Diamond Sword to  [Sharpness IV, Unbreaking III]BiscuitSoda69 for $1,000.00 on survie_new
[02:04:32] [ITEM_SOLD]: lasoeurdadrien sold 1x Enchanted Book to REGDYLAN for $1,200.00 on survie_new
[02:05:29] [ITEM_LISTED]: REGDYLAN listed 1x Trident [Channeling, Impaling IV, Loyalty III, Mending, Unbreaking III] for $25,000.00 on survie_new
[02:07:29] [ITEM_LISTED]: REGDYLAN listed 1x Diamond Pickaxe [Efficiency IV, Fortune III, Unbreaking III] for $3,000.00 on survie_new
[02:07:44] [ITEM_CANCELLED]: REGDYLAN cancelled an auction for 1x Diamond Pickaxe [Efficiency IV, Fortune III, Unbreaking III] for $3,000.00 on survie_new
[02:07:46] [ITEM_RETURNED]: Returned 1x Diamond Pickaxe [Efficiency IV, Fortune III, Unbreaking III] to REGDYLAN on survie_new
[02:07:54] [ITEM_LISTED]: REGDYLAN listed 1x Diamond Pickaxe [Efficiency IV, Fortune III, Unbreaking III] for $2,500.00 on survie_new
[02:08:31] [ITEM_LISTED]: REGDYLAN listed 1x Elytra for $4,000.00 on survie_new
[02:08:33] [ITEM_LISTED]: REGDYLAN listed 1x Elytra for $4,000.00 on survie_new
[02:08:35] [ITEM_LISTED]: REGDYLAN listed 1x Elytra for $4,000.00 on survie_new
[02:15:03] [ITEM_LISTED]: REGDYLAN listed 1x Elytra for $4,000.00 on survie_new
[02:15:21] [ITEM_LISTED]: REGDYLAN listed 1x Dragon Head for $1,250.00 on survie_new
[02:15:23] [ITEM_LISTED]: REGDYLAN listed 1x Dragon Head for $1,250.00 on survie_new
[02:15:25] [ITEM_LISTED]: REGDYLAN listed 1x Dragon Head for $1,250.00 on survie_new
[02:15:26] [ITEM_LISTED]: REGDYLAN listed 1x Dragon Head for $1,250.00 on survie_new
[02:21:59] [ITEM_LISTED]: k0ru listed 1x Enchanted Book for $1,200.00 on survie_new
[02:56:10] [ITEM_SOLD]: REGDYLAN sold 1x Diamond Pickaxe to  [Efficiency IV, Fortune III, Unbreaking III]President_Taupe for $2,500.00 on survie_new
[03:37:13] [ITEM_SOLD]: Oniah sold 1x Fishing Rod to  [unknown, Lure II, Mending, Unbreaking III]Dexstroy for $3,500.00 on survie_new
[03:45:17] [ITEM_LISTED]: lasoeurdadrien listed 64x Iron Ingot for $2,000.00 on survie_new
[07:36:04] [ITEM_SOLD]: castor26 sold 64x Blaze Rod to Eskimo_TheUgly for $500.00 on survie_new
[07:36:07] [ITEM_SOLD]: castor26 sold 64x Blaze Rod to Eskimo_TheUgly for $500.00 on survie_new
[08:36:10] [ITEM_SOLD]: lasoeurdadrien sold 64x Iron Ingot to Oniah for $2,000.00 on survie_new
[08:36:17] [ITEM_SOLD]: lasoeurdadrien sold 64x Iron Ingot to Oniah for $2,000.00 on survie_new
[08:36:20] [ITEM_SOLD]: lasoeurdadrien sold 64x Iron Ingot to Oniah for $2,000.00 on survie_new
[08:36:21] [ITEM_SOLD]: lasoeurdadrien sold 64x Iron Ingot to Oniah for $2,000.00 on survie_new
[08:36:37] [ITEM_SOLD]: REGDYLAN sold 1x §U§C§-§{§"§p§s§s§i§"§:§"§F§A§R§M§E§R§"§,§"§y§"§:§s§,§"§h§t§h§"§:§.§,§"§t§y§p§"§:§"§V§I§L§L§A§G§E§R§"§}§~Oeuf de Villageois to Oniah for $10,000.00 on survie_new
[09:11:15] [ITEM_SOLD]: REGDYLAN sold 1x §U§C§-§{§"§p§s§s§i§"§:§"§F§L§E§T§C§H§E§R§"§,§"§y§"§:§s§,§"§h§t§h§"§:§.§,§"§t§y§p§"§:§"§V§I§L§L§A§G§E§R§"§}§~Oeuf de Villageois to Oniah for $10,000.00 on survie_new
[10:29:57] [ITEM_SOLD]: k0ru sold 1x Enchanted Book to cmdix36 for $1,200.00 on survie_new
[10:53:07] [ITEM_LISTED]: pierro listed 16x Egg for $200.00 on survie_new
[10:53:10] [ITEM_LISTED]: pierro listed 16x Egg for $200.00 on survie_new
[13:31:34] [ITEM_LISTED]: cmdix36 listed 1x [Cave spider Spawner] for $999.00 on survie_new
[13:48:45] [ITEM_SOLD]: Jarreshan sold 1x Diamond Pickaxe to  [Efficiency IV]Iswoodz for $2,000.00 on survie_new
[13:58:34] [ITEM_LISTED]: lasoeurdadrien listed 1x Enchanted Book for $2,000.00 on survie_new
[13:58:43] [ITEM_LISTED]: lasoeurdadrien listed 1x Enchanted Book for $2,000.00 on survie_new
[13:58:51] [ITEM_LISTED]: lasoeurdadrien listed 1x Enchanted Book for $2,000.00 on survie_new
[13:59:03] [ITEM_LISTED]: lasoeurdadrien listed 1x Enchanted Book for $2,000.00 on survie_new
[14:05:34] [ITEM_SOLD]: lasoeurdadrien sold 1x Enchanted Book to Gr33nEagl3 for $2,000.00 on survie_new
[14:05:36] [ITEM_SOLD]: lasoeurdadrien sold 1x Enchanted Book to Gr33nEagl3 for $2,000.00 on survie_new
[14:05:41] [ITEM_SOLD]: lasoeurdadrien sold 1x Enchanted Book to Gr33nEagl3 for $2,000.00 on survie_new
[14:07:03] [ITEM_CANCELLED]: REGDYLAN cancelled an auction for 1x §U§C§I§;§I§s§;Oeuf de Pierre for $9,000.00 on survie_new
[14:07:03] [ITEM_CANCELLED]: REGDYLAN cancelled an auction for 1x §U§C§I§;§I§s§;Oeuf de Pierre for $9,000.00 on survie_new
[14:07:04] [ITEM_CANCELLED]: REGDYLAN cancelled an auction for 1x §U§C§I§;§I§s§;Oeuf de Pierre for $9,000.00 on survie_new
[14:07:04] [ITEM_SOLD]: lasoeurdadrien sold 1x Enchanted Book to Gr33nEagl3 for $2,000.00 on survie_new
[14:07:04] [ITEM_CANCELLED]: REGDYLAN cancelled an auction for 1x §U§C§I§;§I§s§;Oeuf de Pierre for $9,000.00 on survie_new
[14:07:04] [ITEM_CANCELLED]: REGDYLAN cancelled an auction for 1x §U§C§I§;§I§s§;Oeuf de Pierre for $9,000.00 on survie_new
[14:07:05] [ITEM_CANCELLED]: REGDYLAN cancelled an auction for 1x §U§C§I§;§I§s§;Oeuf de Pierre for $9,000.00 on survie_new
[14:07:05] [ITEM_CANCELLED]: REGDYLAN cancelled an auction for 1x §U§C§I§;§I§s§;Oeuf de Pierre for $9,000.00 on survie_new
[14:07:06] [ITEM_CANCELLED]: REGDYLAN cancelled an auction for 1x §U§C§-§{§"§p§s§s§i§"§:§"§L§I§B§R§A§R§I§A§N§"§,§"§y§"§:§s§,§"§h§t§h§"§:§.§,§"§t§y§p§"§:§"§V§I§L§L§A§G§E§R§"§}§~Oeuf de Villageois for $10,000.00 on survie_new
[14:07:08] [ITEM_RETURNED]: Returned 1x §U§C§-§{§"§p§s§s§i§"§:§"§L§I§B§R§A§R§I§A§N§"§,§"§y§"§:§s§,§"§h§t§h§"§:§.§,§"§t§y§p§"§:§"§V§I§L§L§A§G§E§R§"§}§~Oeuf de Villageois to REGDYLAN on survie_new
[14:07:08] [ITEM_RETURNED]: Returned 1x §U§C§I§;§I§s§;Oeuf de Pierre to REGDYLAN on survie_new
[14:07:08] [ITEM_RETURNED]: Returned 1x §U§C§I§;§I§s§;Oeuf de Pierre to REGDYLAN on survie_new
[14:07:08] [ITEM_RETURNED]: Returned 1x §U§C§I§;§I§s§;Oeuf de Pierre to REGDYLAN on survie_new
[14:07:08] [ITEM_RETURNED]: Returned 1x §U§C§I§;§I§s§;Oeuf de Pierre to REGDYLAN on survie_new
[14:07:08] [ITEM_RETURNED]: Returned 1x §U§C§I§;§I§s§;Oeuf de Pierre to REGDYLAN on survie_new
[14:07:09] [ITEM_RETURNED]: Returned 1x §U§C§I§;§I§s§;Oeuf de Pierre to REGDYLAN on survie_new
[14:07:09] [ITEM_RETURNED]: Returned 1x §U§C§I§;§I§s§;Oeuf de Pierre to REGDYLAN on survie_new
[14:07:09] [ITEM_CANCELLED]: REGDYLAN cancelled an auction for 1x Dragon Head for $1,250.00 on survie_new
[14:08:50] [ITEM_SOLD]: lasoeurdadrien sold 1x Enchanted Book to LLIcocoman_Hrz for $1,200.00 on survie_new
[14:13:46] [ITEM_CANCELLED]: lasoeurdadrien cancelled an auction for 1x Enchanted Book for $1,200.00 on survie_new
[14:13:47] [ITEM_CANCELLED]: lasoeurdadrien cancelled an auction for 1x Enchanted Book for $1,200.00 on survie_new
[14:13:47] [ITEM_CANCELLED]: lasoeurdadrien cancelled an auction for 1x Enchanted Book for $1,200.00 on survie_new
[14:13:47] [ITEM_CANCELLED]: lasoeurdadrien cancelled an auction for 1x Enchanted Book for $1,200.00 on survie_new
[14:13:47] [ITEM_CANCELLED]: lasoeurdadrien cancelled an auction for 1x Enchanted Book for $1,200.00 on survie_new
[14:13:47] [ITEM_CANCELLED]: lasoeurdadrien cancelled an auction for 1x Enchanted Book for $1,200.00 on survie_new
[14:13:48] [ITEM_CANCELLED]: lasoeurdadrien cancelled an auction for 1x Enchanted Book for $1,200.00 on survie_new
[14:14:06] [ITEM_RETURNED]: Returned 1x Enchanted Book to lasoeurdadrien on survie_new
[14:14:06] [ITEM_RETURNED]: Returned 1x Enchanted Book to lasoeurdadrien on survie_new
[14:14:06] [ITEM_RETURNED]: Returned 1x Enchanted Book to lasoeurdadrien on survie_new
[14:14:07] [ITEM_RETURNED]: Returned 1x Enchanted Book to lasoeurdadrien on survie_new
[14:14:07] [ITEM_RETURNED]: Returned 1x Enchanted Book to lasoeurdadrien on survie_new
[14:14:07] [ITEM_RETURNED]: Returned 1x Enchanted Book to lasoeurdadrien on survie_new
[14:14:07] [ITEM_RETURNED]: Returned 1x Enchanted Book to lasoeurdadrien on survie_new
[14:15:18] [ITEM_LISTED]: lasoeurdadrien listed 1x Enchanted Book for $1,450.00 on survie_new
[14:15:22] [ITEM_LISTED]: lasoeurdadrien listed 1x Enchanted Book for $1,450.00 on survie_new
[14:15:30] [ITEM_LISTED]: lasoeurdadrien listed 1x Enchanted Book for $1,450.00 on survie_new
[14:15:36] [ITEM_LISTED]: lasoeurdadrien listed 1x Enchanted Book for $1,450.00 on survie_new
[14:15:46] [ITEM_LISTED]: lasoeurdadrien listed 1x Enchanted Book for $1,450.00 on survie_new
[14:15:51] [ITEM_LISTED]: lasoeurdadrien listed 1x Enchanted Book for $1,450.00 on survie_new
[14:15:55] [ITEM_LISTED]: lasoeurdadrien listed 1x Enchanted Book for $1,450.00 on survie_new
[15:06:44] [ITEM_LISTED]: Gr33nEagl3 vend 1 x Diamond Pickaxe  [Efficiency V, Unbreaking III] pour 3,000.00β sur survie_new
[15:07:00] [ITEM_SOLD]: Gr33nEagl3 vendu 1 x Diamond Pickaxe à  [Efficiency V, Unbreaking III] vava34670 pour 3,000.00 β le survie_new
[15:09:54] [ITEM_LISTED]: AzodFR vend 1 x Bone  pour 1.00β sur Nether
[15:11:46] [ITEM_LISTED]: Haru_M vend 1 x Beacon  pour 15,000.00β sur survie_new
[15:11:49] [ITEM_LISTED]: Haru_M vend 1 x Beacon  pour 15,000.00β sur survie_new
[15:11:54] [ITEM_LISTED]: Haru_M vend 1 x Beacon  pour 15,000.00β sur survie_new
[15:11:56] [ITEM_LISTED]: Haru_M vend 1 x Beacon  pour 15,000.00β sur survie_new
[15:12:00] [ITEM_LISTED]: Haru_M vend 1 x Beacon  pour 15,000.00β sur survie_new
[15:12:02] [ITEM_LISTED]: Haru_M vend 1 x Beacon  pour 15,000.00β sur survie_new
[15:12:08] [ITEM_LISTED]: Haru_M vend 1 x Beacon  pour 15,000.00β sur survie_new
[15:12:10] [ITEM_LISTED]: Haru_M vend 1 x Beacon  pour 15,000.00β sur survie_new
[15:12:38] [ITEM_LISTED]: Gr33nEagl3 vend 1 x Iron Chestplate  [Unbreaking III] pour 200.00β sur survie_new
[15:12:42] [ITEM_LISTED]: Gr33nEagl3 vend 1 x Iron Leggings  [Fire Protection IV] pour 200.00β sur survie_new
[15:12:49] [ITEM_LISTED]: lasoeurdadrien vend 1 x Enchanted Book  pour 2,500.00β sur survie_new
[15:12:54] [ITEM_LISTED]: lasoeurdadrien vend 1 x Enchanted Book  pour 2,500.00β sur survie_new
[15:13:01] [ITEM_LISTED]: lasoeurdadrien vend 1 x Enchanted Book  pour 2,500.00β sur survie_new
[15:13:08] [ITEM_LISTED]: lasoeurdadrien vend 1 x Enchanted Book  pour 2,500.00β sur survie_new
[15:22:24] [ITEM_SOLD]: Jarreshan vendu 1 x [Zombie Spawner] à  Newt_hp pour 2,500.00 β le survie_new
[15:22:27] [ITEM_SOLD]: Jarreshan vendu 1 x [Zombie Spawner] à  Newt_hp pour 3,000.00 β le Ressource
[15:22:33] [ITEM_SOLD]: Jarreshan vendu 1 x [Zombie Spawner] à  Newt_hp pour 2,500.00 β le survie_new
[15:27:09] [ITEM_LISTED]: lasoeurdadrien vend 64 x Iron Ingot  pour 2,500.00β sur survie_new
[15:58:12] [ITEM_SOLD]: pierro vendu 16 x Egg à  Abi pour 100.00 β le survie_new
[16:35:51] [ITEM_SOLD]: lasoeurdadrien vendu 1 x Enchanted Book à  Finouk pour 2,500.00 β le survie_new
[16:45:36] [ITEM_SOLD]: CapitaineNiamor vendu 1 x Iron Pickaxe à  [Efficiency III] jordan8413 pour 100.00 β le survie_new
[17:10:29] [ITEM_SOLD]: lasoeurdadrien vendu 1 x Enchanted Book à  Finouk pour 2,500.00 β le survie_new
[17:19:34] [ITEM_SOLD]: Fr3nCh_CraFt vendu 1 x Fishing Rod à  [unknown, Mending, Unbreaking III] Kokoro_Kun pour 4,000.00 β le survie_new
[17:32:59] [ITEM_CANCELLED]: Isaorya annule la vente de 11x Terracotta pour 11.00β sur survie_new
[17:33:09] [ITEM_RETURNED]: 11 x Terracotta  renvoyé à Isaorya le survie_new
[18:11:26] [ITEM_LISTED]: Newt_hp vend 1 x [Cave spider Spawner]  pour 1,000.00β sur survie_new
[18:11:29] [ITEM_LISTED]: Newt_hp vend 1 x [Cave spider Spawner]  pour 1,000.00β sur survie_new
[18:11:34] [ITEM_LISTED]: Newt_hp vend 1 x [Spider Spawner]  pour 1,500.00β sur survie_new
[19:01:49] [ITEM_RETURNED]: 64 x Melon  renvoyé à GuiGuiPlay le survie_new
[19:01:50] [ITEM_RETURNED]: 64 x Melon  renvoyé à GuiGuiPlay le survie_new
[19:01:51] [ITEM_RETURNED]: 64 x Melon  renvoyé à GuiGuiPlay le survie_new
[19:02:55] [ITEM_LISTED]: GuiGuiPlay vend 64 x Melon  pour 500.00β sur survie_new
[19:02:57] [ITEM_LISTED]: GuiGuiPlay vend 64 x Melon  pour 500.00β sur survie_new
[19:02:59] [ITEM_LISTED]: GuiGuiPlay vend 64 x Melon  pour 500.00β sur survie_new
[19:03:00] [ITEM_LISTED]: GuiGuiPlay vend 64 x Melon  pour 500.00β sur survie_new
[19:03:07] [ITEM_LISTED]: GuiGuiPlay vend 9 x Melon  pour 20.00β sur survie_new
[19:03:12] [ITEM_LISTED]: GuiGuiPlay vend 6 x Melon Slice  pour 4.00β sur survie_new
[19:07:24] [ITEM_LISTED]: Gr33nEagl3 vend 64 x Smooth Stone  pour 100.00β sur survie_new
[19:07:32] [ITEM_LISTED]: Gr33nEagl3 vend 64 x Smooth Stone  pour 100.00β sur survie_new
[19:07:38] [ITEM_LISTED]: Gr33nEagl3 vend 64 x Smooth Stone  pour 100.00β sur survie_new
[19:07:46] [ITEM_LISTED]: Gr33nEagl3 vend 64 x Smooth Stone  pour 100.00β sur survie_new
[19:07:49] [ITEM_LISTED]: Gr33nEagl3 vend 64 x Smooth Stone  pour 100.00β sur survie_new
[19:12:27] [ITEM_SOLD]: castor26 vendu 64 x Blaze Rod à  Oniah pour 500.00 β le survie_new
[19:12:29] [ITEM_SOLD]: castor26 vendu 64 x Blaze Rod à  Oniah pour 500.00 β le survie_new
[19:18:15] [ITEM_SOLD]: pierro vendu 64 x Nether Wart à  MrChacha pour 500.00 β le survie_new
[19:20:25] [ITEM_LISTED]: Newt_hp vend 1 x Enchanted Book  pour 1,500.00β sur survie_new
[19:20:27] [ITEM_LISTED]: Newt_hp vend 1 x Enchanted Book  pour 1,500.00β sur survie_new
[19:20:29] [ITEM_LISTED]: Newt_hp vend 1 x Enchanted Book  pour 1,500.00β sur survie_new
[19:20:31] [ITEM_LISTED]: Newt_hp vend 1 x Enchanted Book  pour 1,500.00β sur survie_new
[19:20:34] [ITEM_LISTED]: Newt_hp vend 1 x Enchanted Book  pour 1,500.00β sur survie_new
[19:20:35] [ITEM_LISTED]: Newt_hp vend 1 x Enchanted Book  pour 1,500.00β sur survie_new
[19:21:55] [ITEM_SOLD]: pierro vendu 16 x Egg à  Newt_hp pour 200.00 β le survie_new
[19:21:57] [ITEM_SOLD]: pierro vendu 16 x Egg à  Newt_hp pour 200.00 β le survie_new
[19:26:30] [ITEM_LISTED]: orion2000 vend 29 x End Rod  pour 8,000.00β sur spawn
[19:27:34] [ITEM_SOLD]: REGDYLAN vendu 1 x Dragon Head à  orion2000 pour 1,250.00 β le survie_new
[19:28:17] [ITEM_CANCELLED]: orion2000 annule la vente de 29x End Rod pour 8,000.00β sur spawn
[19:28:42] [ITEM_RETURNED]: 29 x End Rod  renvoyé à orion2000 le spawn
[20:04:13] [ITEM_LISTED]: B00RIS vend 34 x Diamond  pour 2,500.00β sur spawn
[20:04:47] [ITEM_SOLD]: B00RIS vendu 34 x Diamond à  bofkaya pour 2,500.00 β le spawn
[20:09:11] [ITEM_LISTED]: B00RIS vend 10 x Diamond  pour 1,000.00β sur survie_new
[20:35:31] [ITEM_SOLD]: Gr33nEagl3 vendu 64 x Smooth Stone à  MrChacha pour 100.00 β le survie_new
[20:35:33] [ITEM_SOLD]: Gr33nEagl3 vendu 64 x Smooth Stone à  MrChacha pour 100.00 β le survie_new
[20:35:36] [ITEM_SOLD]: Gr33nEagl3 vendu 64 x Smooth Stone à  MrChacha pour 100.00 β le survie_new
[20:35:38] [ITEM_SOLD]: Gr33nEagl3 vendu 64 x Smooth Stone à  MrChacha pour 100.00 β le survie_new
[20:35:40] [ITEM_SOLD]: Gr33nEagl3 vendu 64 x Smooth Stone à  MrChacha pour 100.00 β le survie_new
[20:40:28] [ITEM_LISTED]: Gr33nEagl3 vend 64 x Smooth Stone  pour 100.00β sur survie_new
[20:40:34] [ITEM_LISTED]: Gr33nEagl3 vend 64 x Smooth Stone  pour 100.00β sur survie_new
[20:40:38] [ITEM_LISTED]: Gr33nEagl3 vend 64 x Smooth Stone  pour 100.00β sur survie_new
[20:40:43] [ITEM_LISTED]: Gr33nEagl3 vend 64 x Smooth Stone  pour 150.00β sur survie_new
[20:41:02] [ITEM_LISTED]: Gr33nEagl3 vend 64 x Smooth Stone  pour 100.00β sur survie_new
[20:41:08] [ITEM_LISTED]: Gr33nEagl3 vend 64 x Smooth Stone  pour 100.00β sur survie_new
[20:41:10] [ITEM_LISTED]: Gr33nEagl3 vend 64 x Smooth Stone  pour 100.00β sur survie_new
[20:44:50] [ITEM_LISTED]: castor26 vend 1 x Enchanted Book  pour 500.00β sur survie_new
[20:44:53] [ITEM_LISTED]: castor26 vend 1 x Enchanted Book  pour 500.00β sur survie_new
[20:46:00] [ITEM_SOLD]: lasoeurdadrien vendu 1 x Enchanted Book à  castor26 pour 2,500.00 β le survie_new
[21:11:12] [ITEM_LISTED]: lasoeurdadrien vend 64 x Iron Ingot  pour 2,500.00β sur survie_new
[21:36:28] [ITEM_SOLD]: Gr33nEagl3 vendu 64 x Smooth Stone à  Isaorya pour 100.00 β le survie_new
[21:43:29] [ITEM_CANCELLED]: B00RIS annule la vente de 10x Diamond pour 1,000.00β sur survie_new
[21:43:33] [ITEM_RETURNED]: 10 x Diamond  renvoyé à B00RIS le survie_new
[21:47:53] [ITEM_SOLD]: REGDYLAN vendu 1 x Elytra à  lmoaborghini pour 4,000.00 β le survie_new
[21:48:42] [ITEM_SOLD]: jordan8413 vendu 64 x Dirt à  IvarTheBoneless pour 5.00 β le survie_new
[21:48:43] [ITEM_SOLD]: jordan8413 vendu 64 x Dirt à  IvarTheBoneless pour 5.00 β le survie_new
[21:48:44] [ITEM_SOLD]: jordan8413 vendu 64 x Dirt à  IvarTheBoneless pour 5.00 β le survie_new
[21:48:45] [ITEM_SOLD]: jordan8413 vendu 64 x Dirt à  IvarTheBoneless pour 5.00 β le survie_new
[21:51:28] [ITEM_SOLD]: jordan8413 vendu 64 x Dirt à  IvarTheBoneless pour 2.00 β le survie_new
[21:51:30] [ITEM_SOLD]: jordan8413 vendu 64 x Dirt à  IvarTheBoneless pour 10.00 β le survie_new
[21:59:07] [ITEM_LISTED]: lasoeurdadrien vend 1 x Enchanted Book  pour 2,500.00β sur survie_new
[22:13:28] [ITEM_SOLD]: lasoeurdadrien vendu 64 x Iron Ingot à  The_Wiz_D pour 2,500.00 β le survie_new
[22:13:31] [ITEM_SOLD]: lasoeurdadrien vendu 64 x Iron Ingot à  The_Wiz_D pour 2,500.00 β le survie_new
[22:24:55] [ITEM_SOLD]: pierro vendu 16 x Egg à  Abi pour 250.00 β le survie_new
[22:27:31] [ITEM_LISTED]: Newt_hp vend 2 x Peony  pour 0.01β sur survie_new
[22:27:34] [ITEM_LISTED]: Newt_hp vend 6 x Red Tulip  pour 0.01β sur survie_new
[22:27:35] [ITEM_LISTED]: Newt_hp vend 3 x White Tulip  pour 0.01β sur survie_new
[22:27:37] [ITEM_LISTED]: Newt_hp vend 2 x Allium  pour 0.01β sur survie_new
[22:27:38] [ITEM_LISTED]: Newt_hp vend 1 x Rose Bush  pour 0.01β sur survie_new
[22:27:38] [ITEM_LISTED]: Newt_hp vend 2 x Lilac  pour 0.01β sur survie_new
[22:27:39] [ITEM_LISTED]: Newt_hp vend 3 x Dandelion  pour 0.01β sur survie_new
[22:27:40] [ITEM_LISTED]: Newt_hp vend 5 x Pink Tulip  pour 0.01β sur survie_new
[22:27:40] [ITEM_LISTED]: Newt_hp vend 5 x Poppy  pour 0.01β sur survie_new
[22:27:47] [ITEM_LISTED]: Newt_hp vend 2 x Orange Tulip  pour 0.01β sur survie_new
[22:27:49] [ITEM_LISTED]: Newt_hp vend 6 x Blue Orchid  pour 0.01β sur survie_new
[22:34:12] [ITEM_LISTED]: aidan vend 1 x Enchanted Book  pour 1,000.00β sur survie_new
[22:34:14] [ITEM_LISTED]: aidan vend 1 x Enchanted Book  pour 1,000.00β sur survie_new
[22:34:16] [ITEM_LISTED]: aidan vend 1 x Enchanted Book  pour 1,000.00β sur survie_new
[22:34:18] [ITEM_LISTED]: aidan vend 1 x Enchanted Book  pour 1,000.00β sur survie_new
[22:34:21] [ITEM_LISTED]: aidan vend 1 x Enchanted Book  pour 1,000.00β sur survie_new
[22:34:23] [ITEM_LISTED]: aidan vend 1 x Enchanted Book  pour 1,000.00β sur survie_new
[22:34:25] [ITEM_LISTED]: aidan vend 1 x Enchanted Book  pour 1,000.00β sur survie_new
[22:41:42] [ITEM_RETURNED]: 1 x Dragon Head  renvoyé à REGDYLAN le survie_new
[22:43:35] [ITEM_CANCELLED]: REGDYLAN annule la vente de 1x Dragon Head pour 1,250.00β sur survie_new
[22:43:36] [ITEM_RETURNED]: 1 x Dragon Head  renvoyé à REGDYLAN le survie_new
[22:54:03] [ITEM_SOLD]: lasoeurdadrien vendu 1 x Enchanted Book à  Finouk pour 2,500.00 β le survie_new
[22:55:27] [ITEM_LISTED]: lasoeurdadrien vend 1 x Enchanted Book  pour 2,500.00β sur survie_new
[22:55:32] [ITEM_LISTED]: lasoeurdadrien vend 1 x Enchanted Book  pour 2,500.00β sur survie_new
[23:08:40] [ITEM_RETURNED]: 10 x Dragon Breath  renvoyé à Nexusso le Ressource
[23:08:55] [ITEM_LISTED]: Nexusso vend 64 x Quartz Block  pour 800.00β sur Nether
[23:08:58] [ITEM_LISTED]: Nexusso vend 64 x Quartz Block  pour 800.00β sur Nether
[23:09:03] [ITEM_LISTED]: Nexusso vend 64 x Quartz Block  pour 800.00β sur Nether
[23:09:05] [ITEM_LISTED]: Nexusso vend 64 x Quartz Block  pour 800.00β sur Nether
[23:09:07] [ITEM_LISTED]: Nexusso vend 64 x Quartz Block  pour 800.00β sur Nether
[23:09:40] [ITEM_LISTED]: Nexusso vend 40 x Dragon Breath  pour 2,000.00β sur survie_new
[23:30:57] [ITEM_SOLD]: lasoeurdadrien vendu 1 x Enchanted Book à  Fr3nCh_CraFt pour 2,500.00 β le survie_new
[23:41:05] [ITEM_SOLD]: CapitaineNiamor vendu 1 x Diamond Horse Armor à  _megamigit_ pour 100.00 β le Nether
