[00:08:49] [ITEM_SOLD]: ekkubb vendu 2 x Dolphin Spawn Egg à  CroixVeBaton pour 1,000.00 β le survie_new
[00:24:42] [ITEM_SOLD]: Trailler_42 vendu 35 x Iron Ingot à  Crak_N pour 999.00 β le survie_new
[00:27:45] [ITEM_LISTED]: Stebanou vend 1 x Bee Nest  pour 15,000.00β sur survie_new
[00:27:47] [ITEM_LISTED]: Stebanou vend 1 x Bee Nest  pour 15,000.00β sur survie_new
[00:27:48] [ITEM_LISTED]: Stebanou vend 1 x Bee Nest  pour 15,000.00β sur survie_new
[00:33:48] [ITEM_LISTED]: Max_Le_Max vend 1 x §;§:Spawner à Zombie 1x  pour 10,000.00β sur survie_new
[00:38:04] [ITEM_LISTED]: Stebanou vend 1 x Woman  pour 35,000.00β sur survie_new
[00:38:36] [ITEM_LISTED]: Zeelyrules vend 8 x Nautilus Shell  pour 1,000.00β sur survie_new
[00:38:46] [ITEM_SOLD]: Zeelyrules vendu 8 x Nautilus Shell à  Minebark pour 1,000.00 β le survie_new
[00:39:11] [ITEM_LISTED]: Max_Le_Max vend 3 x Nautilus Shell  pour 350.00β sur survie_new
[00:43:15] [ITEM_LISTED]: Max_Le_Max vend 1 x Heart Of The Sea  pour 10,000.00β sur survie_new
[01:02:59] [ITEM_SOLD]: h_ney vendu 64 x Carrot à  Crak_N pour 32.00 β le survie_new
[01:03:00] [ITEM_SOLD]: h_ney vendu 64 x Potato à  Crak_N pour 32.00 β le survie_new
[01:15:10] [ITEM_SOLD]: Max_Le_Max vendu 3 x Nautilus Shell à  Minebark pour 350.00 β le survie_new
[02:06:40] [ITEM_LISTED]: Stebanou vend 1 x Golden Sword  [Sharpness VIII] pour 5,000.00β sur survie_new
[02:07:14] [ITEM_LISTED]: Stebanou vend 1 x Player Head  pour 1.00β sur survie_new
[02:54:14] [ITEM_SOLD]: Stebanou vendu 1 x Player Head à  Rayan pour 1.00 β le survie_new
[05:01:18] [ITEM_LISTED]: ekkubb vend 1 x sortie  pour 1,000.00β sur survie_new
[05:01:26] [ITEM_CANCELLED]: ekkubb annule la vente de 1x sortie pour 1,000.00β sur survie_new
[05:01:41] [ITEM_RETURNED]: 1 x sortie  renvoyé à ekkubb le survie_new
[05:01:49] [ITEM_LISTED]: ekkubb vend 1 x sortie  pour 10,000.00β sur survie_new
[05:03:36] [ITEM_LISTED]: ekkubb vend 1 x sortie mais moins bien  pour 100.00β sur survie_new
[05:06:13] [ITEM_SOLD]: ekkubb vendu 1 x sortie mais moins bien à  Stebanou pour 100.00 β le survie_new
[05:22:17] [ITEM_CANCELLED]: Stebanou annule la vente de 1x Woman pour 35,000.00β sur survie_new
[05:22:19] [ITEM_RETURNED]: 1 x Woman  renvoyé à Stebanou le survie_new
[08:51:46] [ITEM_SOLD]: h_ney vendu 64 x Carrot à  Crak_N pour 32.00 β le survie_new
[08:51:48] [ITEM_SOLD]: h_ney vendu 64 x Potato à  Crak_N pour 32.00 β le survie_new
[10:40:36] [ITEM_SOLD]: CroixVeBaton vendu 64 x Dark Oak Log à  Loan02 pour 200.00 β le survie_new
[11:02:41] [ITEM_LISTED]: Yohan81 vend 1 x Dolphin Spawn Egg  pour 2,000.00β sur survie_new
[11:03:16] [ITEM_SOLD]: Yohan81 vendu 1 x Dolphin Spawn Egg à  Loan02 pour 2,000.00 β le survie_new
[11:08:27] [ITEM_LISTED]: Skullcute vend 1 x Poisonous Potato  pour 2,000.00β sur survie_new
[11:13:08] [ITEM_LISTED]: Trailler_42 vend 15 x Iron Block  pour 1,999.00β sur survie_new
[11:17:17] [ITEM_LISTED]: Loan02 vend 1 x Beehive  pour 5,000.00β sur survie_new
[11:34:41] [ITEM_SOLD]: Loan02 vendu 1 x Beehive à  blazou38 pour 5,000.00 β le survie_new
[11:39:31] [ITEM_LISTED]: Loan02 vend 1 x Beehive  pour 10,000.00β sur survie_new
[11:39:36] [ITEM_LISTED]: Loan02 vend 1 x Beehive  pour 10,000.00β sur survie_new
[11:53:01] [ITEM_LISTED]: Loan02 vend 1 x Beehive  pour 10,000.00β sur survie_new
[11:53:08] [ITEM_LISTED]: Loan02 vend 1 x Beehive  pour 10,500.00β sur survie_new
[12:02:56] [ITEM_SOLD]: h_ney vendu 64 x Carrot à  Crak_N pour 32.00 β le survie_new
[12:02:57] [ITEM_SOLD]: h_ney vendu 64 x Carrot à  Crak_N pour 32.00 β le survie_new
[12:02:58] [ITEM_SOLD]: h_ney vendu 64 x Potato à  Crak_N pour 32.00 β le survie_new
[12:02:59] [ITEM_SOLD]: h_ney vendu 64 x Potato à  Crak_N pour 32.00 β le survie_new
[12:03:03] [ITEM_SOLD]: pouille vendu 64 x Melon à  Crak_N pour 576.00 β le survie_new
[12:05:40] [ITEM_LISTED]: Loan02 vend 15 x Honey Bottle  pour 1,000.00β sur survie_new
[12:13:55] [ITEM_SOLD]: CroixVeBaton vendu 64 x Dark Oak Log à  Loan02 pour 200.00 β le survie_new
[12:25:48] [ITEM_LISTED]: omega2028 vend 64 x Iron Block  pour 11,000.00β sur survie_new
[12:25:55] [ITEM_LISTED]: omega2028 vend 64 x Iron Block  pour 11,000.00β sur survie_new
[12:25:56] [ITEM_LISTED]: omega2028 vend 64 x Iron Block  pour 11,000.00β sur survie_new
[12:25:59] [ITEM_LISTED]: omega2028 vend 64 x Iron Block  pour 11,000.00β sur survie_new
[12:32:10] [ITEM_SOLD]: CroixVeBaton vendu 64 x Dark Oak Log à  Loan02 pour 200.00 β le survie_new
[12:32:10] [ITEM_LISTED]: toutoubrosse vend 24 x Bee Nest  pour 1,000.00β sur survie_new
[12:41:42] [ITEM_SOLD]: toutoubrosse vendu 24 x Bee Nest à  samdec666 pour 1,000.00 β le survie_new
[12:44:06] [ITEM_SOLD]: Skullcute vendu 64 x Carrot à  Crak_N pour 1.00 β le survie_new
[12:59:09] [ITEM_LISTED]: toutoubrosse vend 1 x §;§:Spawner à Zombie 1x  pour 2,000.00β sur survie_new
[14:12:52] [ITEM_RETURNED]: 1 x Written Book  renvoyé à ekkubb le survie_new
[14:19:04] [ITEM_SOLD]: Stebanou vendu 1 x Bee Nest à  louloured03 pour 15,000.00 β le survie_new
[14:40:59] [ITEM_SOLD]: ekkubb vendu 1 x nul à  [Protection III, Unbreaking III] Ekiliox pour 300.00 β le survie_new
[14:44:53] [ITEM_LISTED]: ekkubb vend 1 x lol pranked  pour 1,000.00β sur survie_new
[14:52:26] [ITEM_LISTED]: pouille vend 4 x Bee Nest  pour 400.00β sur survie_new
[14:54:28] [ITEM_LISTED]: Ekiliox vend 64 x Spruce Log  pour 150.00β sur survie_new
[14:54:40] [ITEM_LISTED]: Ekiliox vend 64 x Spruce Log  pour 150.00β sur survie_new
[14:54:55] [ITEM_LISTED]: Ekiliox vend 64 x Acacia Log  pour 150.00β sur survie_new
[14:55:02] [ITEM_LISTED]: Ekiliox vend 64 x Dark Oak Log  pour 150.00β sur survie_new
[14:55:09] [ITEM_LISTED]: Ekiliox vend 32 x Birch Log  pour 80.00β sur survie_new
[14:55:15] [ITEM_LISTED]: Ekiliox vend 64 x Oak Log  pour 150.00β sur survie_new
[14:55:18] [ITEM_LISTED]: Ekiliox vend 64 x Spruce Log  pour 150.00β sur survie_new
[14:55:20] [ITEM_LISTED]: Ekiliox vend 64 x Dark Oak Log  pour 150.00β sur survie_new
[14:55:22] [ITEM_LISTED]: Ekiliox vend 64 x Spruce Log  pour 150.00β sur survie_new
[14:55:25] [ITEM_LISTED]: Ekiliox vend 64 x Spruce Log  pour 150.00β sur survie_new
[14:55:27] [ITEM_LISTED]: Ekiliox vend 64 x Spruce Log  pour 150.00β sur survie_new
[15:03:27] [ITEM_SOLD]: toutoubrosse vendu 1 x §;§:Spawner à Zombie 1x à  omega2028 pour 2,000.00 β le survie_new
[15:03:44] [ITEM_SOLD]: Loan02 vendu 15 x Honey Bottle à  omega2028 pour 1,000.00 β le survie_new
[15:05:24] [ITEM_LISTED]: D3sTryk3 vend 1 x Partie d'équipement : III  pour 8,000.00β sur survie_new
[15:05:28] [ITEM_LISTED]: D3sTryk3 vend 1 x Partie d'équipement : II  pour 8,000.00β sur survie_new
[15:05:30] [ITEM_LISTED]: D3sTryk3 vend 1 x Partie d'équipement : I  pour 8,000.00β sur survie_new
[15:05:32] [ITEM_LISTED]: D3sTryk3 vend 1 x Partie d'équipement : VI  pour 8,000.00β sur survie_new
[15:05:34] [ITEM_LISTED]: D3sTryk3 vend 1 x Partie d'équipement : V  pour 8,000.00β sur survie_new
[15:05:36] [ITEM_LISTED]: D3sTryk3 vend 1 x Partie d'équipement : IV  pour 8,000.00β sur survie_new
[15:05:49] [ITEM_LISTED]: D3sTryk3 vend 1 x Player Head  pour 20,000.00β sur survie_new
[15:13:02] [ITEM_SOLD]: Skullcute vendu 5 x Carrot à  Djo676 pour 0.00 β le survie_new
[15:13:06] [ITEM_SOLD]: h_ney vendu 64 x Potato à  Djo676 pour 0.00 β le survie_new
[15:13:09] [ITEM_SOLD]: Skullcute vendu 6 x Carrot à  Djo676 pour 0.00 β le survie_new
[17:41:07] [ITEM_SOLD]: Ekiliox vendu 64 x Oak Log à  Loan02 pour 150.00 β le survie_new
[17:47:12] [ITEM_SOLD]: Ekiliox vendu 64 x Spruce Log à  omega2028 pour 150.00 β le survie_new
[17:50:02] [ITEM_LISTED]: Ekiliox vend 64 x Spruce Log  pour 150.00β sur survie_new
[17:50:05] [ITEM_LISTED]: Ekiliox vend 64 x Spruce Log  pour 150.00β sur survie_new
[17:50:10] [ITEM_LISTED]: Ekiliox vend 64 x VikingWood Premium™ - Langesthei AG  pour 150.00β sur survie_new
[17:50:18] [ITEM_LISTED]: Ekiliox vend 64 x Jungle Log  pour 150.00β sur survie_new
[17:50:27] [ITEM_LISTED]: Ekiliox vend 64 x Spruce Log  pour 150.00β sur survie_new
[17:50:31] [ITEM_LISTED]: Ekiliox vend 64 x Dark Oak Log  pour 150.00β sur survie_new
[17:50:36] [ITEM_LISTED]: Ekiliox vend 64 x Spruce Log  pour 150.00β sur survie_new
[17:50:38] [ITEM_LISTED]: Ekiliox vend 64 x Spruce Log  pour 150.00β sur survie_new
[18:03:48] [ITEM_LISTED]: LLIcocoman_Hrz vend 1 x §;§:Spawner à Araignée venimeuse 1x  pour 10,000.00β sur survie_new
[18:03:49] [ITEM_LISTED]: LLIcocoman_Hrz vend 1 x §;§:Spawner à Araignée venimeuse 1x  pour 10,000.00β sur survie_new
[18:03:58] [ITEM_LISTED]: LLIcocoman_Hrz vend 8 x Sponge  pour 2,500.00β sur survie_new
[18:20:00] [ITEM_LISTED]: Rayan vend 10 x Chorus Fruit  pour 900.00β sur survie_new
[18:21:40] [ITEM_LISTED]: Rayan vend 1 x Skeleton Skull  pour 500,000.00β sur survie_new
[18:22:33] [ITEM_LISTED]: Rayan vend 1 x Skeleton Skull  pour 500,000.00β sur survie_new
[18:23:05] [ITEM_CANCELLED]: Rayan annule la vente de 1x Skeleton Skull pour 500,000.00β sur survie_new
[18:23:25] [ITEM_RETURNED]: 1 x Skeleton Skull  renvoyé à Rayan le survie_new
[18:23:27] [ITEM_CANCELLED]: Rayan annule la vente de 1x Skeleton Skull pour 500,000.00β sur survie_new
[18:23:29] [ITEM_CANCELLED]: Rayan annule la vente de 10x Chorus Fruit pour 900.00β sur survie_new
[18:25:22] [ITEM_LISTED]: Rayan vend 1 x Skeleton Skull  pour 150,000.00β sur survie_new
[18:26:00] [ITEM_CANCELLED]: Rayan annule la vente de 1x Skeleton Skull pour 150,000.00β sur survie_new
[18:26:12] [ITEM_RETURNED]: 1 x Skeleton Skull  renvoyé à Rayan le survie_new
[18:26:13] [ITEM_RETURNED]: 10 x Chorus Fruit  renvoyé à Rayan le survie_new
[18:26:14] [ITEM_RETURNED]: 1 x Skeleton Skull  renvoyé à Rayan le survie_new
[18:26:37] [ITEM_LISTED]: Rayan vend 2 x Skeleton Skull  pour 150,000.00β sur survie_new
[18:28:04] [ITEM_LISTED]: Rayan vend 1 x Bow  [Flame, Infinity] pour 10,000.00β sur survie_new
[18:28:15] [ITEM_LISTED]: Rayan vend 1 x Bow  [Flame, Infinity] pour 10,000.00β sur survie_new
[18:29:05] [ITEM_LISTED]: Loan02 vend 1 x Nautilus Shell  pour 7,000.00β sur survie_new
[18:29:23] [ITEM_LISTED]: Rayan vend 1 x §;§:Spawner à Araignée venimeuse 1x  pour 10,000.00β sur survie_new
[18:29:29] [ITEM_LISTED]: Rayan vend 1 x §;§:Spawner à Araignée venimeuse 1x  pour 10,000.00β sur survie_new
[19:30:23] [ITEM_SOLD]: Skullcute vendu 64 x Carrot à  djm02 pour 1.00 β le survie_new
[19:30:29] [ITEM_SOLD]: Skullcute vendu 64 x Carrot à  djm02 pour 1.00 β le survie_new
[19:45:19] [ITEM_SOLD]: Skullcute vendu 64 x Carrot à  djm02 pour 1.00 β le survie_new
[19:45:21] [ITEM_SOLD]: Skullcute vendu 64 x Carrot à  djm02 pour 1.00 β le survie_new
[19:51:23] [ITEM_CANCELLED]: Rayan annule la vente de 2x Skeleton Skull pour 150,000.00β sur survie_new
[19:51:34] [ITEM_RETURNED]: 2 x Skeleton Skull  renvoyé à Rayan le survie_new
[19:52:24] [ITEM_LISTED]: Rayan vend 1 x Skeleton Skull  pour 150,000.00β sur survie_new
[19:52:37] [ITEM_CANCELLED]: Rayan annule la vente de 1x Skeleton Skull pour 150,000.00β sur survie_new
[19:52:44] [ITEM_RETURNED]: 1 x Skeleton Skull  renvoyé à Rayan le survie_new
[19:52:56] [ITEM_SOLD]: Trailler_42 vendu 15 x Iron Block à  Isaorya pour 1,999.00 β le survie_new
[19:53:03] [ITEM_LISTED]: Rayan vend 1 x Skeleton Skull  pour 150,000.00β sur survie_new
[19:53:15] [ITEM_LISTED]: Rayan vend 1 x Skeleton Skull  pour 15,000.00β sur survie_new
[19:53:28] [ITEM_CANCELLED]: Rayan annule la vente de 1x Skeleton Skull pour 150,000.00β sur survie_new
[19:53:34] [ITEM_CANCELLED]: Rayan annule la vente de 1x Skeleton Skull pour 15,000.00β sur survie_new
[19:53:35] [ITEM_CANCELLED]: Rayan annule la vente de 1x Iron Horse Armor pour 2,000.00β sur survie_new
[19:54:00] [ITEM_LISTED]: Rayan vend 1 x Skeleton Skull  pour 15,000.00β sur survie_new
[19:54:05] [ITEM_LISTED]: Rayan vend 1 x Skeleton Skull  pour 15,000.00β sur survie_new
[20:07:30] [ITEM_SOLD]: Stebanou vendu 1 x Bee Nest à  gamerlenon pour 15,000.00 β le survie_new
[20:07:34] [ITEM_SOLD]: Loan02 vendu 1 x Beehive à  gamerlenon pour 10,500.00 β le survie_new
[20:08:12] [ITEM_SOLD]: pikatchou82 vendu 1 x cordes en grosses quantités à  Prismohs pour 5,000.00 β le survie_new
[20:08:14] [ITEM_SOLD]: pikatchou82 vendu 1 x cordes en grosse quantité à  Prismohs pour 5,000.00 β le survie_new
[20:08:18] [ITEM_SOLD]: pikatchou82 vendu 1 x full jukebox à  Prismohs pour 5,000.00 β le survie_new
[20:08:21] [ITEM_SOLD]: pikatchou82 vendu 1 x cordes en grosses quantités à  Prismohs pour 5,000.00 β le survie_new
[20:09:57] [ITEM_LISTED]: Prismohs vend 64 x Jukebox  pour 200.00β sur survie_new
[20:10:21] [ITEM_LISTED]: Prismohs vend 64 x Jukebox  pour 200.00β sur survie_new
[20:10:27] [ITEM_LISTED]: Prismohs vend 64 x Jukebox  pour 200.00β sur survie_new
[20:10:31] [ITEM_LISTED]: Prismohs vend 64 x Jukebox  pour 200.00β sur survie_new
[20:10:33] [ITEM_LISTED]: Prismohs vend 64 x Jukebox  pour 200.00β sur survie_new
[20:10:38] [ITEM_LISTED]: Prismohs vend 64 x Jukebox  pour 200.00β sur survie_new
[20:10:41] [ITEM_LISTED]: Prismohs vend 64 x Jukebox  pour 200.00β sur survie_new
[20:10:49] [ITEM_LISTED]: Prismohs vend 64 x Jukebox  pour 200.00β sur survie_new
[20:10:56] [ITEM_LISTED]: Prismohs vend 64 x Jukebox  pour 200.00β sur survie_new
[20:11:10] [ITEM_LISTED]: Prismohs vend 64 x Jukebox  pour 200.00β sur survie_new
[20:11:13] [ITEM_LISTED]: Prismohs vend 64 x Jukebox  pour 200.00β sur survie_new
[20:11:16] [ITEM_LISTED]: Prismohs vend 64 x Jukebox  pour 200.00β sur survie_new
[20:11:18] [ITEM_LISTED]: Prismohs vend 64 x Jukebox  pour 200.00β sur survie_new
[20:11:20] [ITEM_LISTED]: Prismohs vend 64 x Jukebox  pour 200.00β sur survie_new
[20:11:22] [ITEM_LISTED]: Prismohs vend 64 x Jukebox  pour 200.00β sur survie_new
[20:11:25] [ITEM_LISTED]: Prismohs vend 64 x Jukebox  pour 200.00β sur survie_new
[20:11:27] [ITEM_LISTED]: Prismohs vend 64 x Jukebox  pour 200.00β sur survie_new
[20:11:29] [ITEM_LISTED]: Prismohs vend 64 x Jukebox  pour 200.00β sur survie_new
[20:11:35] [ITEM_LISTED]: Prismohs vend 64 x Jukebox  pour 200.00β sur survie_new
[20:11:39] [ITEM_LISTED]: Prismohs vend 64 x Jukebox  pour 200.00β sur survie_new
[20:11:42] [ITEM_LISTED]: Prismohs vend 64 x Jukebox  pour 200.00β sur survie_new
[20:11:45] [ITEM_LISTED]: Prismohs vend 64 x Jukebox  pour 200.00β sur survie_new
[20:11:49] [ITEM_LISTED]: Prismohs vend 64 x Jukebox  pour 200.00β sur survie_new
[20:11:51] [ITEM_LISTED]: Prismohs vend 64 x Jukebox  pour 200.00β sur survie_new
[20:11:53] [ITEM_LISTED]: Prismohs vend 64 x Jukebox  pour 200.00β sur survie_new
[20:11:55] [ITEM_LISTED]: Prismohs vend 64 x Jukebox  pour 200.00β sur survie_new
[20:11:57] [ITEM_LISTED]: Prismohs vend 64 x Jukebox  pour 200.00β sur survie_new
[20:15:22] [ITEM_SOLD]: pikatchou82 vendu 1 x full enclume  à  gamerlenon pour 10,000.00 β le survie_new
[21:49:52] [ITEM_LISTED]: Crak_N vend 1 x Holiday Ham  pour 10,000.00β sur survie_new
[21:50:40] [ITEM_SOLD]: Ekiliox vendu 64 x Baked Potato à  Mrzozoto1919 pour 50.00 β le survie_new
[21:56:15] [ITEM_SOLD]: Skullcute vendu 64 x Potato à  djm02 pour 1.00 β le survie_new
[21:56:29] [ITEM_SOLD]: Skullcute vendu 64 x Carrot à  djm02 pour 1.00 β le survie_new
[21:56:31] [ITEM_SOLD]: Skullcute vendu 64 x Carrot à  djm02 pour 1.00 β le survie_new
[21:56:54] [ITEM_SOLD]: h_ney vendu 64 x Potato à  djm02 pour 32.00 β le survie_new
[22:06:02] [ITEM_SOLD]: pouille vendu 64 x Melon à  djm02 pour 576.00 β le survie_new
[22:28:23] [ITEM_CANCELLED]: louloured03 annule la vente de 1x Fishing Rod [Mending] pour 30,000.00β sur survie_new
[22:28:26] [ITEM_RETURNED]: 1 x Fishing Rod  [Mending] renvoyé à louloured03 le survie_new
[22:29:48] [ITEM_LISTED]: louloured03 vend 1 x Fishing Rod  [Mending] pour 10,000.00β sur survie_new
[22:49:17] [ITEM_CANCELLED]: Max_Le_Max annule la vente de 1x §;§:Spawner à Zombie 1x pour 10,000.00β sur survie_new
[22:49:18] [ITEM_CANCELLED]: Max_Le_Max annule la vente de 1x Heart Of The Sea pour 10,000.00β sur survie_new
[22:49:37] [ITEM_RETURNED]: 1 x §;§:Spawner à Zombie 1x  renvoyé à Max_Le_Max le survie_new
[22:49:38] [ITEM_RETURNED]: 1 x Heart Of The Sea  renvoyé à Max_Le_Max le survie_new
[22:49:50] [ITEM_LISTED]: Max_Le_Max vend 1 x §;§:Spawner à Zombie 1x  pour 5,000.00β sur survie_new
[22:49:58] [ITEM_LISTED]: Max_Le_Max vend 1 x Heart Of The Sea  pour 1,250.00β sur survie_new
[23:53:13] [ITEM_SOLD]: Max_Le_Max vendu 1 x §;§:Spawner à Zombie 1x à  omega2028 pour 5,000.00 β le survie_new
[23:53:17] [ITEM_SOLD]: Crak_N vendu 1 x Holiday Ham à  omega2028 pour 10,000.00 β le survie_new
[23:57:40] [ITEM_SOLD]: pouille vendu 4 x Bee Nest à  Crak_N pour 400.00 β le survie_new
[23:58:31] [ITEM_LISTED]: Crak_N vend 1 x Bee Nest  pour 1,000.00β sur survie_new
[23:59:13] [ITEM_LISTED]: Crak_N vend 1 x Bee Nest  pour 1,000.00β sur survie_new
[23:59:21] [ITEM_LISTED]: Crak_N vend 1 x Bee Nest  pour 1,000.00β sur survie_new
[23:59:25] [ITEM_LISTED]: Crak_N vend 1 x Bee Nest  pour 1,000.00β sur survie_new
