[00:01:03] [ITEM_PURGED]: Purge de la liste abandonnée de 1 x Emerald  pour 0.00β sur Ressource par TheRobuxMan156
[08:01:02] [ITEM_PURGED]: Purge de la liste abandonnée de 5 x Emerald  pour 0.00β sur Survie par TheRobuxMan156
[20:16:01] [ITEM_LISTED]: Christophe_ vend 64 x Melon Slice  pour 1.00β sur survie_new
[21:35:28] [ITEM_LISTED]: Stebanou vend 1 x MonChérie  pour 1,000,000.00β sur survie_new_nether
[22:26:31] [ITEM_LISTED]: pikatchou82 vend 64 x Jukebox  pour 250.00β sur survie_new
[22:26:35] [ITEM_SOLD]: pikatchou82 vendu 64 x Jukebox à  ticiatrhd pour 250.00 β le survie_new
[22:26:47] [ITEM_LISTED]: pikatchou82 vend 64 x Jukebox  pour 2,500.00β sur survie_new
[22:27:09] [ITEM_CANCELLED]: pikatchou82 annule la vente de 64x Jukebox pour 2,500.00β sur survie_new
[22:27:12] [ITEM_RETURNED]: 64 x Jukebox  renvoyé à pikatchou82 le survie_new
[22:27:35] [ITEM_LISTED]: pikatchou82 vend 64 x Jukebox  pour 250.00β sur survie_new
[22:27:53] [ITEM_LISTED]: pikatchou82 vend 64 x Anvil  pour 1,000.00β sur survie_new
[22:27:56] [ITEM_LISTED]: pikatchou82 vend 64 x Anvil  pour 1,000.00β sur survie_new
[22:27:59] [ITEM_LISTED]: pikatchou82 vend 64 x Anvil  pour 1,000.00β sur survie_new
[22:28:03] [ITEM_LISTED]: pikatchou82 vend 64 x Anvil  pour 1,000.00β sur survie_new
[22:29:07] [ITEM_LISTED]: pikatchou82 vend 64 x Jukebox  pour 250.00β sur survie_new
[22:29:10] [ITEM_LISTED]: pikatchou82 vend 21 x Anvil  pour 250.00β sur survie_new
[23:19:04] [ITEM_LISTED]: Stebanou vend 1 x Shulker Box  pour 2,500.00β sur survie_new
[23:19:06] [ITEM_LISTED]: Stebanou vend 1 x Shulker Box  pour 2,500.00β sur survie_new
[23:19:08] [ITEM_LISTED]: Stebanou vend 1 x Shulker Box  pour 2,500.00β sur survie_new
[23:19:10] [ITEM_LISTED]: Stebanou vend 1 x Shulker Box  pour 2,500.00β sur survie_new
[23:19:11] [ITEM_LISTED]: Stebanou vend 1 x Shulker Box  pour 2,500.00β sur survie_new
[23:19:13] [ITEM_LISTED]: Stebanou vend 1 x Shulker Box  pour 2,500.00β sur survie_new
[23:19:15] [ITEM_LISTED]: Stebanou vend 1 x Shulker Box  pour 2,500.00β sur survie_new
[23:19:17] [ITEM_LISTED]: Stebanou vend 1 x Shulker Box  pour 2,500.00β sur survie_new
[23:19:19] [ITEM_LISTED]: Stebanou vend 1 x Shulker Box  pour 2,500.00β sur survie_new
[23:19:24] [ITEM_LISTED]: Stebanou vend 1 x Shulker Box  pour 2,500.00β sur survie_new
[23:19:26] [ITEM_LISTED]: Stebanou vend 1 x Shulker Box  pour 2,500.00β sur survie_new
[23:19:29] [ITEM_LISTED]: Stebanou vend 1 x Shulker Box  pour 2,500.00β sur survie_new
[23:19:30] [ITEM_LISTED]: Stebanou vend 1 x Shulker Box  pour 2,500.00β sur survie_new
[23:41:06] [ITEM_CANCELLED]: Stebanou annule la vente de 1x Shulker Box pour 2,500.00β sur survie_new
[23:41:07] [ITEM_RETURNED]: 1 x Shulker Box  renvoyé à Stebanou le survie_new
