[00:41:02] [ITEM_LISTED]: Mr_Yt_Fr listed 1x Ominous Banner for $1,500.00 on Ressource
[07:39:47] [ITEM_LISTED]: CapitaineNiamor listed 1x [Blaze Spawner] for $4,000.00 on survie_new
[07:39:48] [ITEM_LISTED]: CapitaineNiamor listed 1x [Blaze Spawner] for $4,000.00 on survie_new
[07:39:51] [ITEM_LISTED]: CapitaineNiamor listed 1x Elytra for $4,000.00 on survie_new
[07:39:58] [ITEM_LISTED]: CapitaineNiamor listed 1x Dragon Head for $2,000.00 on survie_new
[07:40:01] [ITEM_LISTED]: CapitaineNiamor listed 1x Dragon Head for $2,000.00 on survie_new
[07:40:11] [ITEM_LISTED]: CapitaineNiamor listed 3x Wither Skeleton Skull for $10,000.00 on survie_new
[07:40:14] [ITEM_LISTED]: CapitaineNiamor listed 3x Wither Skeleton Skull for $10,000.00 on survie_new
[07:40:30] [ITEM_CANCELLED]: CapitaineNiamor cancelled an auction for 1x Elytra for $4,500.00 on survie_new
[07:40:32] [ITEM_CANCELLED]: CapitaineNiamor cancelled an auction for 1x Elytra for $4,000.00 on survie_new
[07:40:32] [ITEM_CANCELLED]: CapitaineNiamor cancelled an auction for 1x [Blaze Spawner] for $5,000.00 on survie_new
[07:40:35] [ITEM_RETURNED]: Returned 1x Elytra to CapitaineNiamor on survie_new
[07:40:36] [ITEM_RETURNED]: Returned 1x Elytra to CapitaineNiamor on survie_new
[07:40:36] [ITEM_RETURNED]: Returned 1x [Blaze Spawner] to CapitaineNiamor on survie_new
[07:40:42] [ITEM_LISTED]: CapitaineNiamor listed 1x Elytra for $4,500.00 on survie_new
[07:40:45] [ITEM_LISTED]: CapitaineNiamor listed 1x Elytra for $4,500.00 on survie_new
[07:40:49] [ITEM_LISTED]: CapitaineNiamor listed 1x [Blaze Spawner] for $4,000.00 on survie_new
[10:52:06] [ITEM_SOLD]: CapitaineNiamor sold 1x Elytra to AiiDenOp for $4,500.00 on survie_new
[11:21:53] [ITEM_CANCELLED]: El_Pietro_31 cancelled an auction for 1x Golden Chestplate for $100.00 on spawn
[11:21:55] [ITEM_CANCELLED]: El_Pietro_31 cancelled an auction for 1x Golden Chestplate for $100.00 on spawn
[11:21:56] [ITEM_CANCELLED]: El_Pietro_31 cancelled an auction for 1x Golden Chestplate for $100.00 on spawn
[11:21:58] [ITEM_CANCELLED]: El_Pietro_31 cancelled an auction for 1x Golden Chestplate for $100.00 on spawn
[11:21:59] [ITEM_CANCELLED]: El_Pietro_31 cancelled an auction for 1x Golden Chestplate for $100.00 on spawn
[11:22:00] [ITEM_CANCELLED]: El_Pietro_31 cancelled an auction for 1x Golden Chestplate for $100.00 on spawn
[11:22:01] [ITEM_CANCELLED]: El_Pietro_31 cancelled an auction for 1x Golden Sword for $80.00 on spawn
[11:22:13] [ITEM_RETURNED]: Returned 1x Golden Chestplate to El_Pietro_31 on spawn
[11:22:14] [ITEM_RETURNED]: Returned 1x Golden Chestplate to El_Pietro_31 on spawn
[11:22:14] [ITEM_RETURNED]: Returned 1x Golden Chestplate to El_Pietro_31 on spawn
[11:22:14] [ITEM_RETURNED]: Returned 1x Golden Chestplate to El_Pietro_31 on spawn
[11:22:15] [ITEM_RETURNED]: Returned 1x Golden Chestplate to El_Pietro_31 on spawn
[11:22:15] [ITEM_RETURNED]: Returned 1x Golden Chestplate to El_Pietro_31 on spawn
[11:22:16] [ITEM_RETURNED]: Returned 1x Golden Sword to El_Pietro_31 on spawn
[11:24:12] [ITEM_LISTED]: BeeZyLeCaca listed 64x Magma Block for $1,500.00 on survie_new
[11:24:15] [ITEM_LISTED]: BeeZyLeCaca listed 64x Magma Block for $1,500.00 on survie_new
[11:24:18] [ITEM_LISTED]: BeeZyLeCaca listed 64x Magma Block for $1,500.00 on survie_new
[11:24:57] [ITEM_LISTED]: El_Pietro_31 listed 64x Quartz Pillar for $1,000.00 on survie_new
[11:25:08] [ITEM_LISTED]: El_Pietro_31 listed 9x Quartz Block for $200.00 on survie_new
[12:05:23] [ITEM_SOLD]: BeeZyLeCaca sold 64x Magma Block to Dasso88 for $1,500.00 on survie_new
[12:05:24] [ITEM_SOLD]: BeeZyLeCaca sold 64x Magma Block to Dasso88 for $1,500.00 on survie_new
[12:05:26] [ITEM_SOLD]: BeeZyLeCaca sold 64x Magma Block to Dasso88 for $1,500.00 on survie_new
[12:05:51] [ITEM_LISTED]: Dasso88 listed 64x Magma Block for $5,000.00 on survie_new
[12:05:56] [ITEM_LISTED]: Dasso88 listed 64x Magma Block for $5,000.00 on survie_new
[12:06:01] [ITEM_LISTED]: Dasso88 listed 64x Magma Block for $5,000.00 on survie_new
[12:20:01] [ITEM_LISTED]: El_Pietro_31 listed 1x Golden Chestplate [Blast Protection I, Unbreaking I] for $5.00 on survie_new
[12:20:10] [ITEM_LISTED]: El_Pietro_31 listed 1x Golden Sword [Sharpness I] for $10.00 on survie_new
[12:20:15] [ITEM_LISTED]: El_Pietro_31 listed 1x Golden Chestplate [Protection I, Unbreaking I] for $5.00 on survie_new
[12:43:41] [ITEM_SOLD]: MatyoCraft sold 1x Diamond Chestplate to  [Projectile Protection I]DOLL1 for $100.00 on spawn
[13:07:11] [ITEM_SOLD]: CapitaineNiamor sold 1x [Blaze Spawner] to AiiDenOp for $4,000.00 on survie_new
[13:41:32] [ITEM_SOLD]: CapitaineNiamor sold 1x Elytra to ploup07380 for $4,500.00 on survie_new
[13:49:04] [ITEM_SOLD]: Haru_M sold 1x Lime Shulker Box to El_Pietro_31 for $2,500.00 on survie_new
[14:00:01] [ITEM_LISTED]: Andrew_90 listed 1x Iron Helmet [Unbreaking III, Curse of Vanishing] for $200.00 on End
[14:00:07] [ITEM_LISTED]: Andrew_90 listed 1x Diamond Horse Armor for $300.00 on End
[14:00:17] [ITEM_LISTED]: Andrew_90 listed 1x Iron Shovel [Efficiency III, Curse of Vanishing] for $150.00 on End
[14:05:49] [ITEM_LISTED]: Andrew_90 listed 1x Iron Leggings [Mending, Protection IV, Unbreaking III] for $600.00 on End
[14:06:04] [ITEM_LISTED]: Andrew_90 listed 1x Iron Boots [Protection III, Unbreaking III] for $250.00 on End
[14:06:33] [ITEM_LISTED]: Andrew_90 listed 1x Diamond Shovel [Fortune III] for $200.00 on End
[14:06:36] [ITEM_LISTED]: Andrew_90 listed 1x Diamond Helmet [Curse of Binding, Protection III, Unbreaking III] for $150.00 on End
[14:06:56] [ITEM_LISTED]: Andrew_90 listed 1x Dragon Head for $500.00 on End
[14:31:30] [ITEM_LISTED]: Andrew_90 listed 1x Iron Chestplate [Protection III, Unbreaking III] for $250.00 on survie_new
[14:31:37] [ITEM_LISTED]: Andrew_90 listed 1x Iron Boots [Feather Falling IV] for $200.00 on survie_new
[14:31:43] [ITEM_LISTED]: Andrew_90 listed 1x Iron Leggings [Protection IV, Unbreaking III] for $350.00 on survie_new
[14:31:47] [ITEM_LISTED]: Andrew_90 listed 1x Iron Boots [Protection III] for $200.00 on survie_new
[14:32:33] [ITEM_LISTED]: Andrew_90 listed 1x Elytra for $4,700.00 on survie_new
[14:32:37] [ITEM_LISTED]: Andrew_90 listed 1x Elytra for $4,700.00 on survie_new
[14:33:08] [ITEM_LISTED]: Andrew_90 listed 1x Diamond Pickaxe [Silk Touch] for $1,700.00 on survie_new
[14:33:17] [ITEM_LISTED]: Andrew_90 listed 1x Iron Sword [Knockback II, Smite III, Sweeping Edge III] for $250.00 on survie_new
[14:33:59] [ITEM_LISTED]: Andrew_90 listed 1x Potion for $100.00 on survie_new
[14:34:01] [ITEM_LISTED]: Andrew_90 listed 1x Potion for $100.00 on survie_new
[14:34:03] [ITEM_LISTED]: Andrew_90 listed 1x Potion for $100.00 on survie_new
[14:34:05] [ITEM_LISTED]: Andrew_90 listed 1x Potion for $100.00 on survie_new
[14:42:16] [ITEM_LISTED]: El_Pietro_31 listed 34x Dirt for $1.00 on survie_new
[14:42:28] [ITEM_LISTED]: El_Pietro_31 listed 25x Cooked Beef for $50.00 on survie_new
[14:42:48] [ITEM_SOLD]: Andrew_90 sold 1x Potion to El_Pietro_31 for $100.00 on survie_new
[14:42:51] [ITEM_SOLD]: Andrew_90 sold 1x Potion to El_Pietro_31 for $100.00 on survie_new
[14:42:52] [ITEM_SOLD]: Andrew_90 sold 1x Potion to El_Pietro_31 for $100.00 on survie_new
[14:42:54] [ITEM_SOLD]: Andrew_90 sold 1x Potion to El_Pietro_31 for $100.00 on survie_new
[14:43:00] [ITEM_SOLD]: Andrew_90 sold 1x Diamond Horse Armor to El_Pietro_31 for $300.00 on End
[14:52:48] [ITEM_LISTED]: AiiDenOp listed 1x [Cave spider Spawner] for $1,000.00 on survie_new
[14:53:01] [ITEM_LISTED]: AiiDenOp listed 64x Sugar Cane for $400.00 on survie_new
[14:53:03] [ITEM_LISTED]: AiiDenOp listed 64x Sugar Cane for $400.00 on survie_new
[14:53:43] [ITEM_LISTED]: AiiDenOp listed 1x Buried Treasure Map for $100.00 on survie_new
[14:53:47] [ITEM_LISTED]: AiiDenOp listed 1x Buried Treasure Map for $100.00 on survie_new
[14:57:43] [ITEM_LISTED]: Andrew_90 listed 1x Shulker Box for $2,699.00 on survie_new
[14:57:46] [ITEM_LISTED]: Andrew_90 listed 1x Shulker Box for $2,699.00 on survie_new
[14:57:48] [ITEM_LISTED]: Andrew_90 listed 1x Shulker Box for $2,699.00 on survie_new
[14:57:50] [ITEM_LISTED]: Andrew_90 listed 1x Shulker Box for $2,699.00 on survie_new
[14:57:53] [ITEM_LISTED]: Andrew_90 listed 1x Shulker Box for $2,699.00 on survie_new
[14:57:55] [ITEM_LISTED]: Andrew_90 listed 1x Shulker Box for $2,699.00 on survie_new
[14:57:57] [ITEM_LISTED]: Andrew_90 listed 1x Shulker Box for $2,699.00 on survie_new
[14:58:00] [ITEM_LISTED]: Andrew_90 listed 1x Shulker Box for $2,699.00 on survie_new
[14:58:45] [ITEM_SOLD]: D4rk_Wolf_07 sold 1x Fishing Rod to  [Mending]Andrew_90 for $500.00 on Ressource
[15:26:33] [ITEM_LISTED]: Dasso88 listed 32x Cyan Concrete for $32.00 on survie_new
[15:26:37] [ITEM_LISTED]: Dasso88 listed 32x Yellow Concrete for $32.00 on survie_new
[15:26:38] [ITEM_SOLD]: Dasso88 sold 32x Cyan Concrete to Andrew_90 for $32.00 on survie_new
[15:27:32] [ITEM_SOLD]: Dasso88 sold 32x Yellow Concrete to Andrew_90 for $32.00 on survie_new
[15:40:02] [ITEM_SOLD]: Andrew_90 sold 1x Diamond Pickaxe to  [Silk Touch]REGDYLAN for $1,700.00 on survie_new
[15:52:51] [ITEM_SOLD]: Andrew_90 sold 1x Dragon Head to JaiPaye for $500.00 on End
[15:55:29] [ITEM_LISTED]: Andrew_90 listed 1x Shulker Box for $2,699.00 on survie_new
[15:55:30] [ITEM_LISTED]: Andrew_90 listed 1x Shulker Box for $2,699.00 on survie_new
[15:55:32] [ITEM_LISTED]: Andrew_90 listed 1x Shulker Box for $2,699.00 on survie_new
[15:55:36] [ITEM_LISTED]: Andrew_90 listed 1x Shulker Box for $2,699.00 on survie_new
[15:55:37] [ITEM_LISTED]: Andrew_90 listed 1x Shulker Box for $2,699.00 on survie_new
[15:55:38] [ITEM_LISTED]: Andrew_90 listed 1x Shulker Box for $2,699.00 on survie_new
[16:00:19] [ITEM_LISTED]: CapitaineNiamor listed 2x Phantom Membrane for $750.00 on survie_new
[16:00:32] [ITEM_SOLD]: CapitaineNiamor sold 2x Phantom Membrane to Andrew_90 for $750.00 on survie_new
[16:25:08] [ITEM_SOLD]: Acnologia_a sold 64x Sugar Cane to REGDYLAN for $100.00 on survie_new
[16:25:10] [ITEM_SOLD]: Acnologia_a sold 64x Sugar Cane to REGDYLAN for $100.00 on survie_new
[16:38:01] [ITEM_LISTED]: AiiDenOp listed 64x Magma Block for $2,000.00 on Nether
[16:38:05] [ITEM_LISTED]: AiiDenOp listed 64x Magma Block for $2,000.00 on Nether
[16:38:11] [ITEM_SOLD]: El_Pietro_31 sold 25x Cooked Beef to JaiPaye for $50.00 on survie_new
[16:38:12] [ITEM_LISTED]: AiiDenOp listed 64x Magma Block for $2,000.00 on Nether
[16:38:15] [ITEM_LISTED]: AiiDenOp listed 64x Magma Block for $2,000.00 on Nether
[17:05:51] [ITEM_LISTED]: Kaio_Beninou listed 10x Bookshelf for $500.00 on survie_new
[17:05:55] [ITEM_LISTED]: Kaio_Beninou listed 10x Bookshelf for $500.00 on survie_new
[17:05:59] [ITEM_LISTED]: Kaio_Beninou listed 10x Bookshelf for $500.00 on survie_new
[17:06:31] [ITEM_LISTED]: Kaio_Beninou listed 1x Enchanted Book for $2,000.00 on survie_new
[17:07:16] [ITEM_SOLD]: Andrew_90 sold 1x Diamond Shovel to  [Fortune III]MrEspeon for $200.00 on End
[17:07:22] [ITEM_SOLD]: Andrew_90 sold 1x Iron Shovel to  [Efficiency III, Curse of Vanishing]MrEspeon for $150.00 on End
[17:12:05] [ITEM_SOLD]: Andrew_90 sold 1x Iron Boots to  [Feather Falling IV]vava34670 for $200.00 on survie_new
[17:15:21] [ITEM_SOLD]: Dejouqueur83 sold 3x Obsidian to MrEspeon for $200.00 on spawn
[17:15:22] [ITEM_SOLD]: Haru_M sold 1x Enchanted Book to LifeIsGeek for $2,500.00 on survie_new
[17:15:49] [ITEM_SOLD]: Andrew_90 sold 1x Diamond Helmet to  [Curse of Binding, Protection III, Unbreaking III]LifeIsGeek for $150.00 on End
[17:45:49] [ITEM_LISTED]: Andrew_90 listed 1x Splash Potion for $350.00 on survie_new
[17:45:50] [ITEM_LISTED]: Andrew_90 listed 1x Splash Potion for $350.00 on survie_new
[17:46:47] [ITEM_SOLD]: CapitaineNiamor sold 1x [Blaze Spawner] to Mr_Yt_Fr for $4,000.00 on survie_new
[17:59:20] [ITEM_LISTED]: AzodFR listed 64x Coal for $128.00 on Ressource
[17:59:25] [ITEM_LISTED]: AzodFR listed 64x Coal for $128.00 on Ressource
[18:14:28] [ITEM_SOLD]: AzodFR sold 64x Coal to EbLhH for $128.00 on Ressource
[18:14:35] [ITEM_SOLD]: AzodFR sold 64x Coal to EbLhH for $128.00 on Ressource
[18:17:55] [ITEM_LISTED]: BeeZyLeCaca listed 64x Magma Block for $2,000.00 on survie_new
[18:17:58] [ITEM_LISTED]: BeeZyLeCaca listed 64x Magma Block for $2,000.00 on survie_new
[18:18:00] [ITEM_LISTED]: BeeZyLeCaca listed 64x Magma Block for $2,000.00 on survie_new
[18:22:51] [ITEM_SOLD]: Kaam98 sold 1x Diamond Chestplate to  [Fire Protection IV, Unbreaking III]lmoaborghini for $600.00 on spawn
[18:23:19] [ITEM_SOLD]: CapitaineNiamor sold 1x Diamond Sword to  [Knockback II]lmoaborghini for $500.00 on survie_new
[18:23:37] [ITEM_SOLD]: AiiDenOp sold 64x Sugar Cane to EbLhH for $400.00 on survie_new
[18:23:39] [ITEM_SOLD]: AiiDenOp sold 64x Sugar Cane to EbLhH for $400.00 on survie_new
[18:24:09] [ITEM_LISTED]: AiiDenOp listed 64x Sugar Cane for $500.00 on survie_new
[18:24:12] [ITEM_LISTED]: AiiDenOp listed 64x Sugar Cane for $500.00 on survie_new
[18:28:21] [ITEM_SOLD]: AiiDenOp sold 64x Sugar Cane to Azerter_ for $500.00 on survie_new
[18:28:24] [ITEM_SOLD]: AiiDenOp sold 64x Sugar Cane to Azerter_ for $500.00 on survie_new
[18:29:16] [ITEM_LISTED]: _Wiizy_ listed 64x Magma Block for $1,500.00 on survie_new
[18:29:18] [ITEM_LISTED]: _Wiizy_ listed 64x Magma Block for $1,500.00 on survie_new
[18:29:22] [ITEM_LISTED]: _Wiizy_ listed 36x Magma Block for $750.00 on survie_new
[18:29:24] [ITEM_LISTED]: _Wiizy_ listed 64x Magma Block for $1,500.00 on survie_new
[18:29:37] [ITEM_LISTED]: _Wiizy_ listed 1x Diamond Horse Armor for $1,000.00 on survie_new
[18:30:46] [ITEM_LISTED]: BeeZyLeCaca listed 1x Bow [Power III, Unbreaking III] for $2,000.00 on survie_new
[18:30:53] [ITEM_LISTED]: BeeZyLeCaca listed 1x Bow [Unbreaking III] for $1,000.00 on survie_new
[18:32:31] [ITEM_SOLD]: Kaio_Beninou sold 10x Bookshelf to LDM26 for $500.00 on survie_new
[18:33:23] [ITEM_LISTED]: _Wiizy_ listed 1x [Cave spider Spawner] for $1,500.00 on survie_new
[18:33:25] [ITEM_LISTED]: _Wiizy_ listed 1x [Spider Spawner] for $1,500.00 on survie_new
[18:44:20] [ITEM_SOLD]: The_Wiz_D sold 1x [Spider Spawner] to KWI_FMR for $1,500.00 on survie_new
[18:44:57] [ITEM_SOLD]: CapitaineNiamor sold 1x [Blaze Spawner] to BeeZyLeCaca for $4,000.00 on survie_new
[18:45:37] [ITEM_SOLD]: _Wiizy_ sold 1x [Spider Spawner] to KWI_FMR for $1,500.00 on survie_new
[18:46:29] [ITEM_CANCELLED]: Haru_M cancelled an auction for 1x Elytra for $5,000.00 on survie_new
[18:46:29] [ITEM_CANCELLED]: Haru_M cancelled an auction for 1x Elytra for $5,000.00 on survie_new
[18:46:30] [ITEM_CANCELLED]: Haru_M cancelled an auction for 1x Elytra for $5,000.00 on survie_new
[18:46:51] [ITEM_RETURNED]: Returned 1x Elytra to Haru_M on survie_new
[18:46:52] [ITEM_RETURNED]: Returned 1x Elytra to Haru_M on survie_new
[18:46:54] [ITEM_RETURNED]: Returned 1x Elytra to Haru_M on survie_new
[18:47:04] [ITEM_LISTED]: Haru_M listed 1x Elytra for $4,000.00 on survie_new
[18:47:06] [ITEM_LISTED]: Haru_M listed 1x Elytra for $4,000.00 on survie_new
[18:47:11] [ITEM_LISTED]: Haru_M listed 1x Elytra for $4,000.00 on survie_new
[18:49:20] [ITEM_LISTED]: EbLhH listed 1x Music Disc Cat for $1,000.00 on survie_new
[18:49:28] [ITEM_LISTED]: EbLhH listed 56x Torch for $300.00 on survie_new
[18:51:25] [ITEM_LISTED]: EbLhH listed 64x Redstone for $300.00 on survie_new
[18:51:26] [ITEM_LISTED]: EbLhH listed 64x Redstone for $300.00 on survie_new
[18:51:36] [ITEM_LISTED]: EbLhH listed 64x Redstone for $300.00 on survie_new
[18:54:11] [ITEM_LISTED]: limastic listed 64x Iron Ingot for $1,500.00 on survie_new
[18:54:40] [ITEM_SOLD]: limastic sold 64x Iron Ingot to KWI_FMR for $1,500.00 on survie_new
[19:05:03] [ITEM_SOLD]: BeeZyLeCaca sold 1x Bow to  [Power III, Unbreaking III]MrEspeon for $2,000.00 on survie_new
[19:15:23] [ITEM_LISTED]: REGDYLAN listed 1x [Cave spider Spawner] for $1,200.00 on survie_new
[19:15:29] [ITEM_LISTED]: REGDYLAN listed 1x [Cave spider Spawner] for $1,200.00 on survie_new
[19:15:32] [ITEM_LISTED]: REGDYLAN listed 1x [Cave spider Spawner] for $1,200.00 on survie_new
[19:15:37] [ITEM_LISTED]: REGDYLAN listed 1x [Cave spider Spawner] for $1,200.00 on survie_new
[19:15:42] [ITEM_LISTED]: REGDYLAN listed 1x [Cave spider Spawner] for $1,200.00 on survie_new
[19:15:45] [ITEM_LISTED]: REGDYLAN listed 1x [Cave spider Spawner] for $1,200.00 on survie_new
[19:20:56] [ITEM_SOLD]: CapitaineNiamor sold 1x Iron Helmet to  [Fire Protection IV]lmoaborghini for $100.00 on survie_new
[19:20:58] [ITEM_SOLD]: CapitaineNiamor sold 1x Iron Boots to  [Unbreaking III]lmoaborghini for $100.00 on survie_new
[19:22:39] [ITEM_SOLD]: Andrew_90 sold 1x Iron Sword to  [Knockback II, Smite III, Sweeping Edge III]EbLhH for $250.00 on survie_new
[19:29:36] [ITEM_CANCELLED]: REGDYLAN cancelled an auction for 1x [Cave spider Spawner] for $1,200.00 on survie_new
[19:29:39] [ITEM_CANCELLED]: REGDYLAN cancelled an auction for 1x [Cave spider Spawner] for $1,200.00 on survie_new
[19:29:45] [ITEM_CANCELLED]: REGDYLAN cancelled an auction for 1x [Cave spider Spawner] for $1,200.00 on survie_new
[19:29:45] [ITEM_CANCELLED]: REGDYLAN cancelled an auction for 1x [Cave spider Spawner] for $1,200.00 on survie_new
[19:29:46] [ITEM_CANCELLED]: REGDYLAN cancelled an auction for 1x [Cave spider Spawner] for $1,200.00 on survie_new
[19:29:46] [ITEM_CANCELLED]: REGDYLAN cancelled an auction for 1x [Cave spider Spawner] for $1,200.00 on survie_new
[19:30:01] [ITEM_RETURNED]: Returned 1x [Cave spider Spawner] to REGDYLAN on survie_new
[19:30:01] [ITEM_RETURNED]: Returned 1x [Cave spider Spawner] to REGDYLAN on survie_new
[19:30:02] [ITEM_RETURNED]: Returned 1x [Cave spider Spawner] to REGDYLAN on survie_new
[19:30:02] [ITEM_RETURNED]: Returned 1x [Cave spider Spawner] to REGDYLAN on survie_new
[19:30:02] [ITEM_RETURNED]: Returned 1x [Cave spider Spawner] to REGDYLAN on survie_new
[19:30:03] [ITEM_RETURNED]: Returned 1x [Cave spider Spawner] to REGDYLAN on survie_new
[19:30:15] [ITEM_LISTED]: REGDYLAN listed 1x [Cave spider Spawner] for $950.00 on survie_new
[19:30:21] [ITEM_LISTED]: REGDYLAN listed 1x [Cave spider Spawner] for $950.00 on survie_new
[19:30:23] [ITEM_LISTED]: REGDYLAN listed 1x [Cave spider Spawner] for $950.00 on survie_new
[19:30:25] [ITEM_LISTED]: REGDYLAN listed 1x [Cave spider Spawner] for $950.00 on survie_new
[19:30:26] [ITEM_LISTED]: REGDYLAN listed 1x [Cave spider Spawner] for $950.00 on survie_new
[19:30:29] [ITEM_LISTED]: REGDYLAN listed 1x [Cave spider Spawner] for $950.00 on survie_new
[19:37:02] [ITEM_LISTED]: CapitaineNiamor listed 64x Diamond for $4,800.00 on survie_new
[19:37:04] [ITEM_LISTED]: CapitaineNiamor listed 64x Diamond for $4,800.00 on survie_new
[19:37:13] [ITEM_SOLD]: CapitaineNiamor sold 64x Diamond to limastic for $4,800.00 on survie_new
[19:37:14] [ITEM_SOLD]: CapitaineNiamor sold 64x Diamond to limastic for $4,800.00 on survie_new
[19:42:15] [ITEM_LISTED]: Azerter_ listed 1x Boîte de Shulker for $2,750.00 on survie_new
[19:42:18] [ITEM_LISTED]: Azerter_ listed 1x Shulker Box for $2,750.00 on survie_new
[19:42:21] [ITEM_LISTED]: Azerter_ listed 1x Shulker Box for $2,750.00 on survie_new
[19:43:13] [ITEM_LISTED]: CapitaineNiamor listed 64x Diamond for $7,040.00 on survie_new
[19:43:13] [ITEM_SOLD]: Haru_M sold 1x Elytra to EbLhH for $4,000.00 on survie_new
[19:43:16] [ITEM_LISTED]: CapitaineNiamor listed 64x Diamond for $7,040.00 on survie_new
[19:43:17] [ITEM_LISTED]: CapitaineNiamor listed 64x Diamond for $7,040.00 on survie_new
[19:43:19] [ITEM_LISTED]: CapitaineNiamor listed 64x Diamond for $7,040.00 on survie_new
[19:43:21] [ITEM_LISTED]: CapitaineNiamor listed 64x Diamond for $7,040.00 on survie_new
[19:43:30] [ITEM_CANCELLED]: Azerter_ cancelled an auction for 1x Boîte de Shulker for $2,750.00 on survie_new
[19:43:33] [ITEM_CANCELLED]: Azerter_ cancelled an auction for 1x Shulker Box for $2,750.00 on survie_new
[19:43:34] [ITEM_CANCELLED]: Azerter_ cancelled an auction for 1x Shulker Box for $2,750.00 on survie_new
[19:43:35] [ITEM_RETURNED]: Returned 1x Shulker Box to Azerter_ on survie_new
[19:43:35] [ITEM_RETURNED]: Returned 1x Shulker Box to Azerter_ on survie_new
[19:43:36] [ITEM_RETURNED]: Returned 1x Boîte de Shulker to Azerter_ on survie_new
[19:43:43] [ITEM_LISTED]: Azerter_ listed 1x Boîte de Shulker for $2,500.00 on survie_new
[19:43:47] [ITEM_LISTED]: Azerter_ listed 1x Shulker Box for $2,500.00 on survie_new
[19:43:50] [ITEM_LISTED]: Azerter_ listed 1x Shulker Box for $2,500.00 on survie_new
[19:43:55] [ITEM_SOLD]: CapitaineNiamor sold 64x Diamond to Pseudal__ for $7,040.00 on survie_new
[19:43:57] [ITEM_SOLD]: CapitaineNiamor sold 64x Diamond to Pseudal__ for $7,040.00 on survie_new
[19:43:58] [ITEM_SOLD]: CapitaineNiamor sold 64x Diamond to Pseudal__ for $7,040.00 on survie_new
[19:43:59] [ITEM_SOLD]: CapitaineNiamor sold 64x Diamond to Pseudal__ for $7,040.00 on survie_new
[19:44:00] [ITEM_SOLD]: CapitaineNiamor sold 64x Diamond to Pseudal__ for $7,040.00 on survie_new
[19:47:49] [ITEM_LISTED]: EbLhH listed 1x [Cave spider Spawner] for $500.00 on survie_new
[19:47:54] [ITEM_LISTED]: EbLhH listed 1x [Cave spider Spawner] for $750.00 on survie_new
[19:47:56] [ITEM_LISTED]: EbLhH listed 1x [Cave spider Spawner] for $750.00 on survie_new
[19:48:06] [ITEM_LISTED]: EbLhH listed 1x [Cave spider Spawner] for $750.00 on survie_new
[19:48:10] [ITEM_LISTED]: EbLhH listed 1x [Zombie Spawner] for $1,000.00 on survie_new
[20:00:27] [ITEM_SOLD]: EbLhH sold 1x [Zombie Spawner] to Mr_Yt_Fr for $1,000.00 on survie_new
[20:01:56] [ITEM_LISTED]: Haru_M listed 1x Enchanted Book for $2,000.00 on survie_new
[20:02:23] [ITEM_SOLD]: MatyoCraft sold 1x Diamond Chestplate to  [Projectile Protection I]KWI_FMR for $100.00 on spawn
[20:02:59] [ITEM_LISTED]: Haru_M listed 1x Enchanted Book for $3,000.00 on survie_new
[20:03:20] [ITEM_SOLD]: EbLhH sold 1x [Cave spider Spawner] to KWI_FMR for $500.00 on survie_new
[20:03:26] [ITEM_SOLD]: EbLhH sold 1x [Cave spider Spawner] to KWI_FMR for $750.00 on survie_new
[20:03:54] [ITEM_SOLD]: Haru_M sold 1x Enchanted Book to lmoaborghini for $2,000.00 on survie_new
[20:04:05] [ITEM_LISTED]: LukasLemaire09 listed 1x Music Disc Wait for $2,000.00 on Ressource
[20:04:28] [ITEM_CANCELLED]: Haru_M cancelled an auction for 1x Enchanted Book for $3,000.00 on survie_new
[20:04:36] [ITEM_RETURNED]: Returned 1x Enchanted Book to Haru_M on survie_new
[20:29:05] [ITEM_LISTED]: limastic listed 5x Black Dye for $499.00 on survie_new
[20:30:39] [ITEM_SOLD]: limastic sold 5x Black Dye to AiiDenOp for $499.00 on survie_new
[20:34:48] [ITEM_LISTED]: CapitaineNiamor listed 1x [Cave spider Spawner] for $1,500.00 on survie_new
[20:38:01] [ITEM_LISTED]: CapitaineNiamor listed 1x Enchanted Book for $3,000.00 on survie_new
[20:38:18] [ITEM_SOLD]: CapitaineNiamor sold 1x Enchanted Book to AzodFR for $3,000.00 on survie_new
[20:54:26] [ITEM_LISTED]: Kaam98 listed 64x Acacia Log for $200.00 on survie_new
[20:54:37] [ITEM_LISTED]: Azerter_ listed 1x Wither Skeleton Skull for $2,750.00 on survie_new
[21:15:53] [ITEM_SOLD]: Azerter_ sold 1x Wither Skeleton Skull to Haru_M for $2,750.00 on survie_new
[21:17:50] [ITEM_LISTED]: BeeZyLeCaca listed 64x Dragon Breath for $4,500.00 on spawn
[21:23:59] [ITEM_LISTED]: Haru_M listed 32x Gunpowder for $500.00 on survie_new
[21:24:11] [ITEM_SOLD]: Haru_M sold 32x Gunpowder to Andrew_90 for $500.00 on survie_new
[21:32:40] [ITEM_LISTED]: Draiikow listed 64x Sweet Berries for $250.00 on survie_new
[21:36:17] [ITEM_SOLD]: Kaio_Beninou sold 1x Enchanted Book to Draiikow for $5,000.00 on survie_new
[21:55:24] [ITEM_LISTED]: Andrew_90 listed 1x Enchanted Golden Apple for $500.00 on Ressource
[21:58:00] [ITEM_LISTED]: Andrew_90 listed 1x Enchanted Book for $350.00 on Ressource
[22:03:58] [ITEM_LISTED]: Andrew_90 listed 1x Enchanted Book for $1,000.00 on survie_new
[22:04:07] [ITEM_SOLD]: Andrew_90 sold 1x Enchanted Book to CapitaineNiamor for $1,000.00 on survie_new
[22:32:52] [ITEM_LISTED]: Andrew_90 listed 1x [Cave spider Spawner] for $1,000.00 on survie_new
[22:52:58] [ITEM_CANCELLED]: Dasso88 cancelled an auction for 64x Magma Block for $5,000.00 on survie_new
[22:53:17] [ITEM_RETURNED]: Returned 64x Magma Block to Dasso88 on survie_new
[22:53:19] [ITEM_CANCELLED]: Dasso88 cancelled an auction for 64x Magma Block for $5,000.00 on survie_new
[22:53:21] [ITEM_CANCELLED]: Dasso88 cancelled an auction for 64x Magma Block for $5,000.00 on survie_new
[22:53:24] [ITEM_RETURNED]: Returned 64x Magma Block to Dasso88 on survie_new
[22:53:51] [ITEM_RETURNED]: Returned 64x Magma Block to Dasso88 on survie_new
[22:54:08] [ITEM_LISTED]: Dasso88 listed 64x Magma Block for $1,500.00 on survie_new
[22:54:18] [ITEM_LISTED]: Dasso88 listed 64x Magma Block for $1,500.00 on survie_new
[22:54:35] [ITEM_LISTED]: Dasso88 listed 64x Magma Block for $1,500.00 on survie_new
[23:37:56] [ITEM_SOLD]: Kaio_Beninou sold 1x Enchanted Book to CroixVeBaton for $5,000.00 on survie_new
[23:43:41] [ITEM_LISTED]: Mr_Yt_Fr listed 1x [Cave spider Spawner] for $1,000.00 on survie_new
[23:43:44] [ITEM_LISTED]: Mr_Yt_Fr listed 1x [Cave spider Spawner] for $1,000.00 on survie_new
[23:43:46] [ITEM_LISTED]: Mr_Yt_Fr listed 1x [Cave spider Spawner] for $1,000.00 on survie_new
[23:54:28] [ITEM_LISTED]: GuiGuiPlay listed 1x Dragon Breath for $25,000.00 on survie_new
[23:54:32] [ITEM_LISTED]: GuiGuiPlay listed 1x Dragon Breath for $25,000.00 on survie_new
[23:54:34] [ITEM_LISTED]: GuiGuiPlay listed 1x Dragon Breath for $25,000.00 on survie_new
[23:54:37] [ITEM_LISTED]: GuiGuiPlay listed 1x Dragon Breath for $25,000.00 on survie_new
[23:54:39] [ITEM_LISTED]: GuiGuiPlay listed 1x Dragon Breath for $25,000.00 on survie_new
[23:55:56] [ITEM_CANCELLED]: GuiGuiPlay cancelled an auction for 1x Dragon Breath for $25,000.00 on survie_new
[23:55:57] [ITEM_CANCELLED]: GuiGuiPlay cancelled an auction for 1x Dragon Breath for $25,000.00 on survie_new
[23:55:57] [ITEM_CANCELLED]: GuiGuiPlay cancelled an auction for 1x Dragon Breath for $25,000.00 on survie_new
[23:55:58] [ITEM_CANCELLED]: GuiGuiPlay cancelled an auction for 1x Dragon Breath for $25,000.00 on survie_new
[23:55:58] [ITEM_CANCELLED]: GuiGuiPlay cancelled an auction for 1x Dragon Breath for $25,000.00 on survie_new
[23:56:00] [ITEM_RETURNED]: Returned 1x Dragon Breath to GuiGuiPlay on survie_new
[23:56:01] [ITEM_RETURNED]: Returned 1x Dragon Breath to GuiGuiPlay on survie_new
[23:56:02] [ITEM_RETURNED]: Returned 1x Dragon Breath to GuiGuiPlay on survie_new
[23:56:02] [ITEM_RETURNED]: Returned 1x Dragon Breath to GuiGuiPlay on survie_new
[23:56:03] [ITEM_RETURNED]: Returned 1x Dragon Breath to GuiGuiPlay on survie_new
[23:56:30] [ITEM_SOLD]: BeeZyLeCaca sold 64x Dragon Breath to GuiGuiPlay for $4,500.00 on spawn
[23:56:41] [ITEM_LISTED]: GuiGuiPlay listed 1x Dragon Breath for $10,000.00 on survie_new
[23:56:43] [ITEM_LISTED]: GuiGuiPlay listed 1x Dragon Breath for $10,000.00 on survie_new
[23:56:47] [ITEM_LISTED]: GuiGuiPlay listed 1x Dragon Breath for $10,000.00 on survie_new
[23:56:48] [ITEM_LISTED]: GuiGuiPlay listed 1x Dragon Breath for $10,000.00 on survie_new
[23:56:49] [ITEM_LISTED]: GuiGuiPlay listed 1x Dragon Breath for $10,000.00 on survie_new
