[10:25:18] [ITEM_RETURNED]: 10 x Ink Sac  renvoyé à Kaio_Beninou le survie_new
[10:25:33] [ITEM_LISTED]: Kaio_Beninou vend 10 x Ink Sac  pour 500.00β sur survie_new
[10:25:38] [ITEM_LISTED]: Kaio_Beninou vend 1 x Saddle  pour 500.00β sur survie_new
[11:21:11] [ITEM_LISTED]: Kaio_Beninou vend 64 x Emerald  pour 3,200.00β sur survie_new
[11:21:38] [ITEM_LISTED]: Kaio_Beninou vend 64 x Gunpowder  pour 5,100.00β sur survie_new
[12:07:45] [ITEM_RETURNED]: 1 x Enchanted Book  renvoyé à pikatchou82 le survie_new
[12:07:46] [ITEM_RETURNED]: 1 x Enchanted Book  renvoyé à pikatchou82 le survie_new
[12:07:46] [ITEM_RETURNED]: 1 x Enchanted Book  renvoyé à pikatchou82 le survie_new
[12:07:47] [ITEM_RETURNED]: 1 x Enchanted Book  renvoyé à pikatchou82 le survie_new
[12:07:47] [ITEM_RETURNED]: 1 x Enchanted Book  renvoyé à pikatchou82 le survie_new
[12:07:48] [ITEM_RETURNED]: 1 x Enchanted Book  renvoyé à pikatchou82 le survie_new
[12:07:48] [ITEM_RETURNED]: 1 x Enchanted Book  renvoyé à pikatchou82 le survie_new
[12:07:48] [ITEM_RETURNED]: 1 x Enchanted Book  renvoyé à pikatchou82 le survie_new
[12:07:49] [ITEM_RETURNED]: 63 x Iron Door  renvoyé à pikatchou82 le survie_new
[12:07:50] [ITEM_RETURNED]: 64 x Jukebox  renvoyé à pikatchou82 le survie_new
[12:07:51] [ITEM_RETURNED]: 64 x Jukebox  renvoyé à pikatchou82 le survie_new
[12:07:51] [ITEM_RETURNED]: 64 x Jukebox  renvoyé à pikatchou82 le survie_new
[12:07:51] [ITEM_RETURNED]: 64 x Jukebox  renvoyé à pikatchou82 le survie_new
[12:07:52] [ITEM_RETURNED]: 64 x Jukebox  renvoyé à pikatchou82 le survie_new
[12:07:52] [ITEM_RETURNED]: 64 x Jukebox  renvoyé à pikatchou82 le survie_new
[12:08:12] [ITEM_LISTED]: pikatchou82 vend 63 x Iron Door  pour 800.00β sur survie_new
[12:08:28] [ITEM_LISTED]: pikatchou82 vend 1 x Enchanted Book  pour 999.00β sur survie_new
[12:08:31] [ITEM_LISTED]: pikatchou82 vend 1 x Enchanted Book  pour 999.00β sur survie_new
[12:08:34] [ITEM_LISTED]: pikatchou82 vend 1 x Enchanted Book  pour 999.00β sur survie_new
[12:08:36] [ITEM_LISTED]: pikatchou82 vend 1 x Enchanted Book  pour 999.00β sur survie_new
[12:08:38] [ITEM_LISTED]: pikatchou82 vend 1 x Enchanted Book  pour 999.00β sur survie_new
[12:08:41] [ITEM_LISTED]: pikatchou82 vend 1 x Enchanted Book  pour 999.00β sur survie_new
[12:08:43] [ITEM_LISTED]: pikatchou82 vend 1 x Enchanted Book  pour 999.00β sur survie_new
[12:08:59] [ITEM_LISTED]: pikatchou82 vend 64 x Jukebox  pour 200.00β sur survie_new
[12:09:06] [ITEM_LISTED]: pikatchou82 vend 64 x Jukebox  pour 200.00β sur survie_new
[12:09:10] [ITEM_LISTED]: pikatchou82 vend 64 x Jukebox  pour 200.00β sur survie_new
[12:09:13] [ITEM_LISTED]: pikatchou82 vend 64 x Jukebox  pour 200.00β sur survie_new
[12:09:15] [ITEM_LISTED]: pikatchou82 vend 64 x Jukebox  pour 200.00β sur survie_new
[12:09:17] [ITEM_LISTED]: pikatchou82 vend 64 x Jukebox  pour 200.00β sur survie_new
[12:12:19] [ITEM_LISTED]: pikatchou82 vend 1 x Enchanted Book  pour 1,000.00β sur survie_new
[13:07:59] [ITEM_LISTED]: 74Matt vend 35 x Nether Wart  pour 750.00β sur survie_new
[13:18:12] [ITEM_DROPPED]: Abandon de la vente pierro expirée de 1 x Iron Leggings  [Mending, Protection IV, Unbreaking III] pour 0.00β à leurs pieds le survie_new
[13:18:12] [ITEM_DROPPED]: Abandon de la vente pierro expirée de 1 x Iron Boots  [Fire Protection III, Unbreaking III] pour 0.00β à leurs pieds le survie_new
[13:18:12] [ITEM_DROPPED]: Abandon de la vente pierro expirée de 1 x Iron Leggings  [Protection IV, Unbreaking III] pour 0.00β à leurs pieds le survie_new
[13:18:12] [ITEM_DROPPED]: Abandon de la vente pierro expirée de 1 x Iron Leggings  [Fire Protection IV, Unbreaking III] pour 0.00β à leurs pieds le survie_new
[13:18:12] [ITEM_DROPPED]: Abandon de la vente pierro expirée de 1 x Iron Chestplate  [Curse of Binding, Fire Protection IV, Unbreaking III] pour 0.00β à leurs pieds le survie_new
[13:18:12] [ITEM_DROPPED]: Abandon de la vente pierro expirée de 1 x Iron Helmet  [Blast Protection III] pour 0.00β à leurs pieds le survie_new
[13:18:12] [ITEM_DROPPED]: Abandon de la vente pierro expirée de 1 x Iron Helmet  [Curse of Binding, Projectile Protection IV] pour 0.00β à leurs pieds le survie_new
[13:18:12] [ITEM_DROPPED]: Abandon de la vente pierro expirée de 1 x Iron Helmet  [Blast Protection III] pour 0.00β à leurs pieds le survie_new
[13:18:12] [ITEM_DROPPED]: Abandon de la vente pierro expirée de 1 x Iron Leggings  [Fire Protection III, Unbreaking III] pour 0.00β à leurs pieds le survie_new
[13:18:12] [ITEM_DROPPED]: Abandon de la vente pierro expirée de 1 x Iron Helmet  [Mending, Protection IV, Curse of Vanishing] pour 0.00β à leurs pieds le survie_new
[13:18:12] [ITEM_DROPPED]: Abandon de la vente pierro expirée de 1 x Iron Boots  [Fire Protection IV, Unbreaking III, Curse of Vanishing] pour 0.00β à leurs pieds le survie_new
[13:18:12] [ITEM_DROPPED]: Abandon de la vente pierro expirée de 1 x Buried Treasure Map  pour 0.00β à leurs pieds le survie_new
[13:18:12] [ITEM_DROPPED]: Abandon de la vente pierro expirée de 1 x Buried Treasure Map  pour 0.00β à leurs pieds le survie_new
[13:18:12] [ITEM_DROPPED]: Abandon de la vente pierro expirée de 64 x Blaze Rod  pour 0.00β à leurs pieds le survie_new
[13:18:12] [ITEM_DROPPED]: Abandon de la vente pierro expirée de 64 x Blaze Rod  pour 0.00β à leurs pieds le survie_new
[13:18:12] [ITEM_DROPPED]: Abandon de la vente pierro expirée de 64 x Prismarine Crystals  pour 0.00β à leurs pieds le survie_new
[13:19:52] [ITEM_LISTED]: pikatchou82 vend 1 x Enchanted Book  pour 5,000.00β sur survie_new
[13:20:05] [ITEM_LISTED]: pikatchou82 vend 1 x Enchanted Book  pour 6,000.00β sur survie_new
[13:20:08] [ITEM_LISTED]: pikatchou82 vend 1 x Enchanted Book  pour 6,000.00β sur survie_new
[13:26:02] [ITEM_LISTED]: pikatchou82 vend 1 x Enchanted Book  pour 4,000.00β sur survie_new
[13:26:24] [ITEM_CANCELLED]: pikatchou82 annule la vente de 16x Bucket pour 800.00β sur survie_new
[13:26:25] [ITEM_CANCELLED]: pikatchou82 annule la vente de 16x Bucket pour 800.00β sur survie_new
[13:26:26] [ITEM_CANCELLED]: pikatchou82 annule la vente de 16x Bucket pour 800.00β sur survie_new
[13:26:27] [ITEM_CANCELLED]: pikatchou82 annule la vente de 64x Anvil pour 5,000.00β sur survie_new
[13:26:28] [ITEM_CANCELLED]: pikatchou82 annule la vente de 1x Enchanted Book pour 900.00β sur survie_new
[13:26:34] [ITEM_RETURNED]: 16 x Bucket  renvoyé à pikatchou82 le survie_new
[13:26:35] [ITEM_RETURNED]: 16 x Bucket  renvoyé à pikatchou82 le survie_new
[13:26:35] [ITEM_RETURNED]: 16 x Bucket  renvoyé à pikatchou82 le survie_new
[13:26:35] [ITEM_RETURNED]: 64 x Anvil  renvoyé à pikatchou82 le survie_new
[13:26:38] [ITEM_RETURNED]: 1 x Enchanted Book  renvoyé à pikatchou82 le survie_new
[13:26:58] [ITEM_LISTED]: pikatchou82 vend 1 x Enchanted Book  pour 4,000.00β sur survie_new
[13:27:01] [ITEM_LISTED]: pikatchou82 vend 1 x Enchanted Book  pour 4,000.00β sur survie_new
[13:27:07] [ITEM_LISTED]: pikatchou82 vend 1 x Enchanted Book  pour 999.00β sur survie_new
[13:30:57] [ITEM_LISTED]: pikatchou82 vend 1 x Enchanted Book  pour 6,000.00β sur survie_new
[13:31:00] [ITEM_LISTED]: pikatchou82 vend 1 x Enchanted Book  pour 6,000.00β sur survie_new
[13:31:42] [ITEM_SOLD]: Yohan81 vendu 8 x Morceau de Parchemin à  pikatchou82 pour 320.00 β le survie_new
[13:31:52] [ITEM_CANCELLED]: pikatchou82 annule la vente de 16x Bucket pour 900.00β sur survie_new
[13:31:59] [ITEM_CANCELLED]: pikatchou82 annule la vente de 64x Iron Door pour 800.00β sur survie_new
[13:31:59] [ITEM_CANCELLED]: pikatchou82 annule la vente de 64x Iron Door pour 800.00β sur survie_new
[13:32:02] [ITEM_RETURNED]: 16 x Bucket  renvoyé à pikatchou82 le survie_new
[13:32:03] [ITEM_RETURNED]: 64 x Iron Door  renvoyé à pikatchou82 le survie_new
[13:32:03] [ITEM_RETURNED]: 64 x Iron Door  renvoyé à pikatchou82 le survie_new
[13:32:14] [ITEM_LISTED]: pikatchou82 vend 1 x Enchanted Book  pour 6,000.00β sur survie_new
[13:32:34] [ITEM_LISTED]: pikatchou82 vend 1 x Enchanted Book  pour 3,000.00β sur survie_new
[14:25:44] [ITEM_LISTED]: pikatchou82 vend 64 x Golden Apple  pour 6,000.00β sur survie_new
[14:37:50] [ITEM_DROPPED]: Abandon de la vente Yohan81 expirée de 1 x Enchanted Book  pour 0.00β à leurs pieds le survie_new
[15:16:25] [ITEM_LISTED]: Yohan81 vend 8 x Gold Block  pour 1,800.00β sur survie_new
[15:17:25] [ITEM_SOLD]: Yohan81 vendu 8 x Gold Block à  pikatchou82 pour 1,800.00 β le survie_new
[15:23:09] [ITEM_CANCELLED]: pikatchou82 annule la vente de 64x Anvil pour 7,000.00β sur survie_new
[15:23:10] [ITEM_CANCELLED]: pikatchou82 annule la vente de 64x Anvil pour 10,000.00β sur survie_new
[15:23:10] [ITEM_CANCELLED]: pikatchou82 annule la vente de 64x Anvil pour 7,000.00β sur survie_new
[15:23:18] [ITEM_RETURNED]: 64 x Anvil  renvoyé à pikatchou82 le survie_new
[15:23:18] [ITEM_RETURNED]: 64 x Anvil  renvoyé à pikatchou82 le survie_new
[15:23:21] [ITEM_RETURNED]: 64 x Anvil  renvoyé à pikatchou82 le survie_new
[15:43:47] [ITEM_LISTED]: Yohan81 vend 32 x Gold Block  pour 27,500.00β sur survie_new
[15:44:50] [ITEM_CANCELLED]: Yohan81 annule la vente de 32x Gold Block pour 27,500.00β sur survie_new
[15:44:54] [ITEM_RETURNED]: 32 x Gold Block  renvoyé à Yohan81 le survie_new
[15:45:04] [ITEM_LISTED]: Yohan81 vend 32 x Gold Block  pour 5,500.00β sur survie_new
[15:46:01] [ITEM_SOLD]: Yohan81 vendu 32 x Gold Block à  pikatchou82 pour 5,500.00 β le survie_new
[16:03:47] [ITEM_LISTED]: Darinor_ vend 1 x §;§:Spawner à Araignée venimeuse 1x  pour 1,500.00β sur survie_new
[16:04:53] [ITEM_LISTED]: Yohan81 vend 64 x Coal Block  pour 1,000.00β sur survie_new
[16:04:54] [ITEM_LISTED]: Yohan81 vend 64 x Coal Block  pour 1,000.00β sur survie_new
[16:05:20] [ITEM_SOLD]: Yohan81 vendu 64 x Coal Block à  OfCourse pour 1,000.00 β le survie_new
[16:05:37] [ITEM_SOLD]: Darinor_ vendu 1 x §;§:Spawner à Araignée venimeuse 1x à  bioniclucas pour 1,500.00 β le survie_new
[16:06:02] [ITEM_SOLD]: Yohan81 vendu 64 x Coal Block à  OfCourse pour 1,000.00 β le survie_new
[16:06:35] [ITEM_SOLD]: Kaio_Beninou vendu 64 x Gunpowder à  Christophe_ pour 5,100.00 β le survie_new
[16:21:36] [ITEM_LISTED]: Christophe_ vend 8 x Prismarine Crystals  pour 320.00β sur survie_new
[16:21:44] [ITEM_SOLD]: Christophe_ vendu 8 x Prismarine Crystals à  Yohan81 pour 320.00 β le survie_new
[16:31:51] [ITEM_RETURNED]: 64 x Clay  renvoyé à Yohan81 le survie_new
[16:42:06] [ITEM_LISTED]: OfCourse vend 16 x Prismarine Crystals  pour 640.00β sur survie_new
[16:42:23] [ITEM_SOLD]: OfCourse vendu 16 x Prismarine Crystals à  Yohan81 pour 640.00 β le survie_new
[16:43:26] [ITEM_LISTED]: bioniclucas vend 1 x Heart Of The Sea  pour 5,000.00β sur survie_new
[16:43:31] [ITEM_LISTED]: bioniclucas vend 1 x Heart Of The Sea  pour 5,000.00β sur survie_new
[16:43:33] [ITEM_LISTED]: bioniclucas vend 1 x Heart Of The Sea  pour 5,000.00β sur survie_new
[16:43:36] [ITEM_LISTED]: bioniclucas vend 1 x Heart Of The Sea  pour 5,000.00β sur survie_new
[16:43:40] [ITEM_LISTED]: bioniclucas vend 1 x Heart Of The Sea  pour 5,000.00β sur survie_new
[17:02:35] [ITEM_LISTED]: Yohan81 vend 1 x Orc  pour 1,000.00β sur survie_new
[17:02:56] [ITEM_SOLD]: Yohan81 vendu 1 x Orc à  pikatchou82 pour 1,000.00 β le survie_new
[17:05:16] [ITEM_LISTED]: Stebanou vend 1 x Chicken Spawn Egg  pour 3,000.00β sur survie_new
[17:05:19] [ITEM_SOLD]: Stebanou vendu 1 x Chicken Spawn Egg à  Yohan81 pour 3,000.00 β le survie_new
[17:36:23] [ITEM_CANCELLED]: Stebanou annule la vente de 1x Heart Of The Sea pour 20,000.00β sur survie_new
[17:37:27] [ITEM_RETURNED]: 1 x Dragon Head  renvoyé à Stebanou le survie_new
[17:37:28] [ITEM_RETURNED]: 1 x Dragon Head  renvoyé à Stebanou le survie_new
[17:37:29] [ITEM_RETURNED]: 1 x Dragon Head  renvoyé à Stebanou le survie_new
[17:37:30] [ITEM_RETURNED]: 1 x Heart Of The Sea  renvoyé à Stebanou le survie_new
[17:37:36] [ITEM_RETURNED]: 1 x Journal de quêtes  renvoyé à Stebanou le survie_new
[17:37:56] [ITEM_LISTED]: Stebanou vend 1 x Journal de quêtes  pour 1.00β sur survie_new
[17:38:19] [ITEM_RETURNED]: 1 x Diamond Pickaxe  [Efficiency V, Silk Touch, Unbreaking III] renvoyé à Stebanou le survie_new
[17:53:00] [ITEM_SOLD]: Stebanou vendu 1 x Journal de quêtes à  bioniclucas pour 1.00 β le survie_new
[17:54:09] [ITEM_LISTED]: Christophe_ vend 64 x Prismarine Crystals  pour 2,560.00β sur survie_new
[17:54:20] [ITEM_SOLD]: Christophe_ vendu 64 x Prismarine Crystals à  Yohan81 pour 2,560.00 β le survie_new
[17:56:16] [ITEM_LISTED]: Yohan81 vend 19 x Clay  pour 50.00β sur survie_new
[18:10:10] [ITEM_LISTED]: Yohan81 vend 54 x Clay  pour 100.00β sur survie_new
[19:25:43] [ITEM_LISTED]: Christophe_ vend 40 x Prismarine Crystals  pour 1,600.00β sur survie_new
[19:25:50] [ITEM_SOLD]: Christophe_ vendu 40 x Prismarine Crystals à  Minebark pour 1,600.00 β le survie_new
[19:39:49] [ITEM_SOLD]: Yohan81 vendu 54 x Clay à  Christophe_ pour 100.00 β le survie_new
[19:39:51] [ITEM_SOLD]: Yohan81 vendu 19 x Clay à  Christophe_ pour 50.00 β le survie_new
[19:59:50] [ITEM_SOLD]: Minebark vendu 1 x Shulker Box à  toutoubrosse pour 2,500.00 β le survie_new
[20:00:51] [ITEM_SOLD]: bioniclucas vendu 1 x Plastron à  [Protection V, Unbreaking V] KTANDR3A pour 1,000.00 β le survie_new
[20:00:54] [ITEM_SOLD]: Darinor_ vendu 1 x Iron Boots à  [Fire Protection IV, Unbreaking III] KTANDR3A pour 50.00 β le survie_new
[20:00:58] [ITEM_SOLD]: Arzess vendu 1 x Diamond Axe à  [Efficiency IV] KTANDR3A pour 400.00 β le survie_new
[20:33:04] [ITEM_SOLD]: Minebark vendu 1 x Shulker Box à  Arzess pour 2,500.00 β le survie_new
[20:33:07] [ITEM_SOLD]: Minebark vendu 1 x Shulker Box à  Arzess pour 2,500.00 β le survie_new
[22:35:36] [ITEM_LISTED]: Minebark vend 1 x Dolphin Spawn Egg  pour 4,000.00β sur survie_new
[22:35:38] [ITEM_SOLD]: Minebark vendu 1 x Dolphin Spawn Egg à  CouzVeBaton pour 4,000.00 β le survie_new
[22:43:50] [ITEM_RETURNED]: 1 x Wither Rose  renvoyé à Stebanou le survie_new
[22:43:51] [ITEM_RETURNED]: 1 x Wither Rose  renvoyé à Stebanou le survie_new
