[00:10:04] [ITEM_LISTED]: _megamigit_ vend 1 x Potion  pour 50.00β sur survie_new
[00:10:07] [ITEM_LISTED]: _megamigit_ vend 1 x Potion  pour 50.00β sur survie_new
[00:10:09] [ITEM_LISTED]: _megamigit_ vend 1 x Potion  pour 50.00β sur survie_new
[00:10:13] [ITEM_LISTED]: _megamigit_ vend 1 x Potion  pour 50.00β sur survie_new
[00:10:18] [ITEM_LISTED]: _megamigit_ vend 1 x Potion  pour 50.00β sur survie_new
[00:10:21] [ITEM_LISTED]: _megamigit_ vend 1 x Potion  pour 50.00β sur survie_new
[00:10:23] [ITEM_LISTED]: _megamigit_ vend 1 x Potion  pour 50.00β sur survie_new
[00:10:25] [ITEM_LISTED]: _megamigit_ vend 1 x Potion  pour 50.00β sur survie_new
[00:10:25] [ITEM_SOLD]: REGDYLAN vendu 1 x Enchanted Book à  Joox_ pour 2,450.00 β le survie_new
[00:10:27] [ITEM_SOLD]: REGDYLAN vendu 1 x Enchanted Book à  Joox_ pour 2,450.00 β le survie_new
[00:10:30] [ITEM_SOLD]: REGDYLAN vendu 1 x Enchanted Book à  Joox_ pour 2,450.00 β le survie_new
[00:10:36] [ITEM_LISTED]: _megamigit_ vend 1 x Potion  pour 50.00β sur survie_new
[00:10:37] [ITEM_LISTED]: _megamigit_ vend 1 x Potion  pour 50.00β sur survie_new
[00:10:39] [ITEM_LISTED]: _megamigit_ vend 1 x Potion  pour 50.00β sur survie_new
[00:11:24] [ITEM_LISTED]: _megamigit_ vend 1 x Potion  pour 50.00β sur survie_new
[00:11:26] [ITEM_LISTED]: _megamigit_ vend 1 x Potion  pour 50.00β sur survie_new
[00:11:28] [ITEM_LISTED]: _megamigit_ vend 1 x Potion  pour 50.00β sur survie_new
[00:11:30] [ITEM_LISTED]: _megamigit_ vend 1 x Potion  pour 50.00β sur survie_new
[00:11:31] [ITEM_LISTED]: _megamigit_ vend 1 x Potion  pour 50.00β sur survie_new
[00:11:32] [ITEM_LISTED]: _megamigit_ vend 1 x Potion  pour 50.00β sur survie_new
[00:11:38] [ITEM_LISTED]: _megamigit_ vend 1 x Potion  pour 50.00β sur survie_new
[00:11:40] [ITEM_LISTED]: _megamigit_ vend 1 x Potion  pour 50.00β sur survie_new
[00:11:42] [ITEM_LISTED]: _megamigit_ vend 1 x Potion  pour 50.00β sur survie_new
[00:11:43] [ITEM_LISTED]: _megamigit_ vend 1 x Potion  pour 50.00β sur survie_new
[00:11:44] [ITEM_LISTED]: _megamigit_ vend 1 x Potion  pour 50.00β sur survie_new
[00:11:47] [ITEM_LISTED]: _megamigit_ vend 1 x Potion  pour 50.00β sur survie_new
[00:12:59] [ITEM_LISTED]: _megamigit_ vend 1 x Potion  pour 50.00β sur survie_new
[00:13:01] [ITEM_LISTED]: _megamigit_ vend 1 x Potion  pour 50.00β sur survie_new
[00:13:03] [ITEM_LISTED]: _megamigit_ vend 1 x Potion  pour 50.00β sur survie_new
[00:13:04] [ITEM_LISTED]: _megamigit_ vend 1 x Potion  pour 50.00β sur survie_new
[00:13:06] [ITEM_LISTED]: _megamigit_ vend 1 x Potion  pour 50.00β sur survie_new
[00:13:07] [ITEM_LISTED]: _megamigit_ vend 1 x Potion  pour 50.00β sur survie_new
[00:13:09] [ITEM_LISTED]: _megamigit_ vend 1 x Potion  pour 50.00β sur survie_new
[00:13:11] [ITEM_LISTED]: _megamigit_ vend 1 x Potion  pour 50.00β sur survie_new
[00:13:30] [ITEM_SOLD]: LLIcocoman_Hrz vendu 1 x Turtle Egg à  Zougless pour 100.00 β le spawn
[00:16:47] [ITEM_LISTED]: Zougless vend 64 x Spruce Log  pour 350.00β sur survie_new
[00:16:51] [ITEM_LISTED]: Zougless vend 64 x Spruce Log  pour 350.00β sur survie_new
[00:17:00] [ITEM_LISTED]: Zougless vend 64 x Spruce Log  pour 350.00β sur survie_new
[00:17:03] [ITEM_LISTED]: Zougless vend 64 x Spruce Log  pour 350.00β sur survie_new
[00:17:09] [ITEM_LISTED]: Zougless vend 64 x Spruce Log  pour 350.00β sur survie_new
[00:17:12] [ITEM_LISTED]: Zougless vend 64 x Spruce Log  pour 350.00β sur survie_new
[00:21:24] [ITEM_LISTED]: Joox_ vend 1 x Elytra  [Mending] pour 3,500.00β sur survie_new
[00:27:59] [ITEM_SOLD]: Joox_ vendu 1 x Elytra à  [Mending] Skootrose pour 3,500.00 β le survie_new
[00:36:42] [ITEM_LISTED]: pierro vend 16 x Egg  pour 150.00β sur survie_new
[00:36:44] [ITEM_LISTED]: pierro vend 16 x Egg  pour 150.00β sur survie_new
[00:36:48] [ITEM_LISTED]: pierro vend 16 x Egg  pour 150.00β sur survie_new
[00:36:51] [ITEM_LISTED]: pierro vend 16 x Egg  pour 150.00β sur survie_new
[00:37:00] [ITEM_LISTED]: pierro vend 16 x Egg  pour 150.00β sur survie_new
[00:37:03] [ITEM_LISTED]: pierro vend 16 x Egg  pour 150.00β sur survie_new
[00:37:05] [ITEM_LISTED]: pierro vend 16 x Egg  pour 150.00β sur survie_new
[00:37:08] [ITEM_LISTED]: pierro vend 16 x Egg  pour 150.00β sur survie_new
[00:37:59] [ITEM_LISTED]: LowzenMA vend 1 x Loom  pour 150.00β sur survie_new
[00:45:35] [ITEM_SOLD]: REGDYLAN vendu 1 x Diamond Pickaxe à  [Efficiency IV] LowzenMA pour 1,500.00 β le survie_new
[00:59:21] [ITEM_SOLD]: REGDYLAN vendu 1 x Diamond Pickaxe à  [Efficiency IV, Unbreaking III] KeVinHa92 pour 2,000.00 β le survie_new
[01:00:44] [ITEM_SOLD]: cmdix36 vendu 1 x Diamond Horse Armor à  KeVinHa92 pour 200.00 β le survie_new
[01:01:26] [ITEM_SOLD]: GuiGuiPlay vendu 64 x Melon à  KeVinHa92 pour 200.00 β le survie_new
[01:54:12] [ITEM_LISTED]: pierro vend 16 x Egg  pour 150.00β sur survie_new
[01:54:15] [ITEM_LISTED]: pierro vend 16 x Egg  pour 150.00β sur survie_new
[02:27:46] [ITEM_LISTED]: KeVinHa92 vend 64 x Melon Slice  pour 100.00β sur survie_new
[11:33:11] [ITEM_SOLD]: cmdix36 vendu 64 x Dirt à  Mikiu_Ahegao pour 150.00 β le survie_new
[11:33:46] [ITEM_LISTED]: Vladata vend 64 x Sugar Cane  pour 19.20β sur spawn
[11:33:50] [ITEM_LISTED]: Vladata vend 64 x Sugar Cane  pour 19.20β sur spawn
[11:33:52] [ITEM_LISTED]: Vladata vend 64 x Sugar Cane  pour 19.20β sur spawn
[11:33:54] [ITEM_LISTED]: Vladata vend 64 x Sugar Cane  pour 19.20β sur spawn
[11:33:57] [ITEM_LISTED]: Vladata vend 64 x Sugar Cane  pour 19.20β sur spawn
[11:34:46] [ITEM_SOLD]: Kaam98 vendu 64 x Sandstone à  Mikiu_Ahegao pour 300.00 β le survie_new
[11:35:44] [ITEM_SOLD]: Kaam98 vendu 64 x Sandstone à  Mikiu_Ahegao pour 300.00 β le survie_new
[11:36:28] [ITEM_SOLD]: cmdix36 vendu 64 x Dirt à  Mikiu_Ahegao pour 150.00 β le survie_new
[11:36:30] [ITEM_SOLD]: cmdix36 vendu 64 x Dirt à  Mikiu_Ahegao pour 150.00 β le survie_new
[11:38:07] [ITEM_SOLD]: cmdix36 vendu 64 x Dirt à  Mikiu_Ahegao pour 150.00 β le survie_new
[11:47:08] [ITEM_SOLD]: Vladata vendu 64 x Sugar Cane à  CroixVeBaton pour 19.20 β le spawn
[11:47:09] [ITEM_SOLD]: Vladata vendu 64 x Sugar Cane à  CroixVeBaton pour 19.20 β le spawn
[11:47:11] [ITEM_SOLD]: Vladata vendu 64 x Sugar Cane à  CroixVeBaton pour 19.20 β le spawn
[11:47:12] [ITEM_SOLD]: Vladata vendu 64 x Sugar Cane à  CroixVeBaton pour 19.20 β le spawn
[11:47:13] [ITEM_SOLD]: Vladata vendu 64 x Sugar Cane à  CroixVeBaton pour 19.20 β le spawn
[11:47:51] [ITEM_LISTED]: Kaam98 vend 64 x Sandstone  pour 300.00β sur survie_new
[11:47:52] [ITEM_LISTED]: Kaam98 vend 64 x Sandstone  pour 300.00β sur survie_new
[11:47:56] [ITEM_LISTED]: Kaam98 vend 64 x Sandstone  pour 300.00β sur survie_new
[11:47:58] [ITEM_LISTED]: Kaam98 vend 64 x Sandstone  pour 300.00β sur survie_new
[11:48:13] [ITEM_LISTED]: CouzVeBaton vend 64 x Quartz Block  pour 450.00β sur survie_new
[11:48:16] [ITEM_LISTED]: CouzVeBaton vend 64 x Quartz Block  pour 450.00β sur survie_new
[11:48:28] [ITEM_LISTED]: CouzVeBaton vend 46 x Quartz Block  pour 350.00β sur survie_new
[11:54:25] [ITEM_SOLD]: Mikiu_Ahegao vendu 64 x Gunpowder à  D4rk_Wolf_07 pour 299.00 β le survie_new
[12:06:59] [ITEM_LISTED]: Mikiu_Ahegao vend 64 x Gunpowder  pour 500.00β sur survie_new
[12:07:26] [ITEM_SOLD]: sylverfire02 vendu 1 x Enchanted Book à  Mikiu_Ahegao pour 1,000.00 β le spawn
[12:21:52] [ITEM_SOLD]: Cryyzi vendu 1 x Music Disc Cat à  LowzenMA pour 200.00 β le survie_new
[12:32:39] [ITEM_SOLD]: cmdix36 vendu 64 x Dirt à  Mikiu_Ahegao pour 150.00 β le survie_new
[12:49:00] [ITEM_LISTED]: DXdu816 vend 64 x Arrow  pour 500.00β sur survie_new
[12:52:06] [ITEM_LISTED]: Mikiu_Ahegao vend 1 x bière  pour 200.00β sur survie_new
[12:52:11] [ITEM_LISTED]: Mikiu_Ahegao vend 1 x bière  pour 200.00β sur survie_new
[12:52:20] [ITEM_LISTED]: Mikiu_Ahegao vend 1 x bière  pour 200.00β sur survie_new
[12:58:02] [ITEM_LISTED]: Mikiu_Ahegao vend 64 x Sugar Cane  pour 38.40β sur survie_new
[12:58:09] [ITEM_SOLD]: Mikiu_Ahegao vendu 64 x Sugar Cane à  CroixVeBaton pour 38.40 β le survie_new
[12:58:12] [ITEM_LISTED]: Mikiu_Ahegao vend 64 x Sugar Cane  pour 38.40β sur survie_new
[12:58:30] [ITEM_LISTED]: Mikiu_Ahegao vend 64 x Sugar Cane  pour 38.40β sur survie_new
[12:58:53] [ITEM_SOLD]: Mikiu_Ahegao vendu 64 x Sugar Cane à  CroixVeBaton pour 38.40 β le survie_new
[12:58:54] [ITEM_SOLD]: Mikiu_Ahegao vendu 64 x Sugar Cane à  CroixVeBaton pour 38.40 β le survie_new
[13:41:00] [ITEM_SOLD]: Kaam98 vendu 64 x Sandstone à  Mikiu_Ahegao pour 300.00 β le survie_new
[13:41:36] [ITEM_SOLD]: Kaam98 vendu 64 x Sandstone à  Mikiu_Ahegao pour 300.00 β le survie_new
[13:42:22] [ITEM_SOLD]: Kaam98 vendu 64 x Sandstone à  Mikiu_Ahegao pour 300.00 β le survie_new
[13:42:55] [ITEM_SOLD]: Kaam98 vendu 64 x Sandstone à  Mikiu_Ahegao pour 300.00 β le survie_new
[13:51:40] [ITEM_SOLD]: Tesla248 vendu 64 x Coal à  Estidabeille pour 500.00 β le survie_new
[14:01:02] [ITEM_SOLD]: Mikiu_Ahegao vendu 64 x Gunpowder à  D4rk_Wolf_07 pour 500.00 β le survie_new
[14:11:40] [ITEM_SOLD]: Cryyzi vendu 1 x White Bed à  DraVaP_VdZ pour 11.00 β le survie_new
[14:14:41] [ITEM_SOLD]: pierro vendu 16 x Egg à  cmdix36 pour 150.00 β le survie_new
[14:14:44] [ITEM_SOLD]: pierro vendu 16 x Egg à  cmdix36 pour 150.00 β le survie_new
[14:14:47] [ITEM_SOLD]: pierro vendu 16 x Egg à  cmdix36 pour 150.00 β le survie_new
[14:14:49] [ITEM_SOLD]: pierro vendu 16 x Egg à  cmdix36 pour 150.00 β le survie_new
[14:14:51] [ITEM_SOLD]: pierro vendu 16 x Egg à  cmdix36 pour 150.00 β le survie_new
[14:15:13] [ITEM_LISTED]: DXdu816 vend 1 x Fishing Rod  [unknown] pour 1,000.00β sur survie_new
[14:33:20] [ITEM_LISTED]: REGDYLAN vend 1 x Epée des Cieux  [Looting II, Sharpness V, Unbreaking II] pour 3,000.00β sur survie_new
[14:33:41] [ITEM_SOLD]: CouzVeBaton vendu 64 x Quartz Block à  Zougless pour 450.00 β le survie_new
[14:33:43] [ITEM_SOLD]: CouzVeBaton vendu 64 x Quartz Block à  Zougless pour 450.00 β le survie_new
[14:33:58] [ITEM_SOLD]: CouzVeBaton vendu 46 x Quartz Block à  Zougless pour 350.00 β le survie_new
[14:47:45] [ITEM_LISTED]: _TMLC_R34_ vend 64 x Redstone Block  pour 300.00β sur survie_new
[14:47:54] [ITEM_LISTED]: _TMLC_R34_ vend 4 x Redstone Block  pour 30.00β sur survie_new
[15:04:28] [ITEM_SOLD]: REGDYLAN vendu 1 x Enchanted Book à  Legendaires pour 2,450.00 β le survie_new
[15:28:17] [ITEM_SOLD]: REGDYLAN vendu 1 x Epée des Cieux à  [Looting II, Sharpness V, Unbreaking II] DraVaP_VdZ pour 3,000.00 β le survie_new
[15:29:20] [ITEM_SOLD]: Haru_M vendu 1 x Enchanted Book à  Finouk pour 2,500.00 β le survie_new
[15:32:02] [ITEM_CANCELLED]: _megamigit_ annule la vente de 1x Potion pour 50.00β sur survie_new
[15:32:06] [ITEM_CANCELLED]: _megamigit_ annule la vente de 1x Potion pour 50.00β sur survie_new
[15:32:16] [ITEM_CANCELLED]: _megamigit_ annule la vente de 1x Potion pour 50.00β sur survie_new
[15:32:16] [ITEM_CANCELLED]: _megamigit_ annule la vente de 1x Potion pour 50.00β sur survie_new
[15:32:17] [ITEM_CANCELLED]: _megamigit_ annule la vente de 1x Potion pour 50.00β sur survie_new
[15:32:17] [ITEM_CANCELLED]: _megamigit_ annule la vente de 1x Potion pour 50.00β sur survie_new
[15:32:18] [ITEM_CANCELLED]: _megamigit_ annule la vente de 1x Potion pour 50.00β sur survie_new
[15:32:18] [ITEM_CANCELLED]: _megamigit_ annule la vente de 1x Potion pour 50.00β sur survie_new
[15:32:18] [ITEM_CANCELLED]: _megamigit_ annule la vente de 1x Potion pour 50.00β sur survie_new
[15:32:18] [ITEM_CANCELLED]: _megamigit_ annule la vente de 1x Potion pour 50.00β sur survie_new
[15:32:19] [ITEM_CANCELLED]: _megamigit_ annule la vente de 1x Potion pour 50.00β sur survie_new
[15:32:19] [ITEM_CANCELLED]: _megamigit_ annule la vente de 1x Potion pour 50.00β sur survie_new
[15:32:19] [ITEM_CANCELLED]: _megamigit_ annule la vente de 1x Potion pour 50.00β sur survie_new
[15:32:19] [ITEM_CANCELLED]: _megamigit_ annule la vente de 1x Potion pour 50.00β sur survie_new
[15:32:20] [ITEM_CANCELLED]: _megamigit_ annule la vente de 1x Potion pour 50.00β sur survie_new
[15:32:20] [ITEM_CANCELLED]: _megamigit_ annule la vente de 1x Potion pour 50.00β sur survie_new
[15:32:20] [ITEM_CANCELLED]: _megamigit_ annule la vente de 1x Potion pour 50.00β sur survie_new
[15:32:20] [ITEM_CANCELLED]: _megamigit_ annule la vente de 1x Potion pour 50.00β sur survie_new
[15:32:21] [ITEM_CANCELLED]: _megamigit_ annule la vente de 1x Potion pour 50.00β sur survie_new
[15:32:22] [ITEM_CANCELLED]: _megamigit_ annule la vente de 1x Potion pour 50.00β sur survie_new
[15:32:22] [ITEM_CANCELLED]: _megamigit_ annule la vente de 1x Potion pour 50.00β sur survie_new
[15:32:22] [ITEM_CANCELLED]: _megamigit_ annule la vente de 1x Potion pour 50.00β sur survie_new
[15:32:22] [ITEM_CANCELLED]: _megamigit_ annule la vente de 1x Potion pour 50.00β sur survie_new
[15:32:23] [ITEM_CANCELLED]: _megamigit_ annule la vente de 1x Potion pour 50.00β sur survie_new
[15:32:23] [ITEM_CANCELLED]: _megamigit_ annule la vente de 1x Potion pour 50.00β sur survie_new
[15:32:23] [ITEM_CANCELLED]: _megamigit_ annule la vente de 1x Potion pour 50.00β sur survie_new
[15:32:23] [ITEM_CANCELLED]: _megamigit_ annule la vente de 1x Potion pour 50.00β sur survie_new
[15:32:23] [ITEM_CANCELLED]: _megamigit_ annule la vente de 1x Potion pour 50.00β sur survie_new
[15:32:24] [ITEM_CANCELLED]: _megamigit_ annule la vente de 1x Potion pour 50.00β sur survie_new
[15:32:24] [ITEM_CANCELLED]: _megamigit_ annule la vente de 1x Potion pour 50.00β sur survie_new
[15:32:26] [ITEM_CANCELLED]: _megamigit_ annule la vente de 1x Potion pour 50.00β sur survie_new
[15:32:39] [ITEM_RETURNED]: 1 x Potion  renvoyé à _megamigit_ le survie_new
[15:32:43] [ITEM_RETURNED]: 1 x Potion  renvoyé à _megamigit_ le survie_new
[15:32:44] [ITEM_RETURNED]: 1 x Potion  renvoyé à _megamigit_ le survie_new
[15:33:15] [ITEM_RETURNED]: 1 x Potion  renvoyé à _megamigit_ le survie_new
[15:33:15] [ITEM_RETURNED]: 1 x Potion  renvoyé à _megamigit_ le survie_new
[15:33:15] [ITEM_RETURNED]: 1 x Potion  renvoyé à _megamigit_ le survie_new
[15:33:16] [ITEM_RETURNED]: 1 x Potion  renvoyé à _megamigit_ le survie_new
[15:33:16] [ITEM_RETURNED]: 1 x Potion  renvoyé à _megamigit_ le survie_new
[15:33:16] [ITEM_RETURNED]: 1 x Potion  renvoyé à _megamigit_ le survie_new
[15:33:17] [ITEM_RETURNED]: 1 x Potion  renvoyé à _megamigit_ le survie_new
[15:33:17] [ITEM_RETURNED]: 1 x Potion  renvoyé à _megamigit_ le survie_new
[15:33:17] [ITEM_RETURNED]: 1 x Potion  renvoyé à _megamigit_ le survie_new
[15:33:17] [ITEM_RETURNED]: 1 x Potion  renvoyé à _megamigit_ le survie_new
[15:33:27] [ITEM_RETURNED]: 1 x Potion  renvoyé à _megamigit_ le survie_new
[15:33:28] [ITEM_RETURNED]: 1 x Potion  renvoyé à _megamigit_ le survie_new
[15:33:28] [ITEM_RETURNED]: 1 x Potion  renvoyé à _megamigit_ le survie_new
[15:33:28] [ITEM_RETURNED]: 1 x Potion  renvoyé à _megamigit_ le survie_new
[15:33:28] [ITEM_RETURNED]: 1 x Potion  renvoyé à _megamigit_ le survie_new
[15:33:29] [ITEM_RETURNED]: 1 x Potion  renvoyé à _megamigit_ le survie_new
[15:33:29] [ITEM_RETURNED]: 1 x Potion  renvoyé à _megamigit_ le survie_new
[15:33:30] [ITEM_RETURNED]: 1 x Potion  renvoyé à _megamigit_ le survie_new
[15:33:31] [ITEM_RETURNED]: 1 x Potion  renvoyé à _megamigit_ le survie_new
[15:33:40] [ITEM_RETURNED]: 1 x Potion  renvoyé à _megamigit_ le survie_new
[15:33:41] [ITEM_RETURNED]: 1 x Potion  renvoyé à _megamigit_ le survie_new
[15:33:41] [ITEM_RETURNED]: 1 x Potion  renvoyé à _megamigit_ le survie_new
[15:33:41] [ITEM_RETURNED]: 1 x Potion  renvoyé à _megamigit_ le survie_new
[15:33:42] [ITEM_RETURNED]: 1 x Potion  renvoyé à _megamigit_ le survie_new
[15:33:42] [ITEM_RETURNED]: 1 x Potion  renvoyé à _megamigit_ le survie_new
[15:33:50] [ITEM_RETURNED]: 1 x Potion  renvoyé à _megamigit_ le survie_new
[15:33:51] [ITEM_RETURNED]: 1 x Potion  renvoyé à _megamigit_ le survie_new
[15:33:51] [ITEM_RETURNED]: 1 x Potion  renvoyé à _megamigit_ le survie_new
[15:49:56] [ITEM_SOLD]: Cryyzi vendu 1 x Shulker Shell à  DraVaP_VdZ pour 1,500.00 β le survie_new
[15:50:00] [ITEM_SOLD]: Cryyzi vendu 1 x Shulker Shell à  DraVaP_VdZ pour 1,500.00 β le survie_new
[15:55:23] [ITEM_LISTED]: REGDYLAN vend 64 x Spruce Log  pour 150.00β sur survie_new
[15:55:26] [ITEM_LISTED]: REGDYLAN vend 64 x Spruce Log  pour 150.00β sur survie_new
[15:55:27] [ITEM_LISTED]: REGDYLAN vend 64 x Spruce Log  pour 150.00β sur survie_new
[16:00:13] [ITEM_LISTED]: Flashtric vend 3 x End Crystal  pour 4,000.00β sur survie_new
[16:00:17] [ITEM_LISTED]: LLIcocoman_Hrz vend 1 x Right Leg X  pour 10.00β sur survie_new
[16:00:25] [ITEM_CANCELLED]: LLIcocoman_Hrz annule la vente de 1x Right Leg X pour 10.00β sur survie_new
[16:03:35] [ITEM_SOLD]: REGDYLAN vendu 64 x Spruce Log à  kalaistar pour 150.00 β le survie_new
[16:03:36] [ITEM_SOLD]: REGDYLAN vendu 64 x Spruce Log à  kalaistar pour 150.00 β le survie_new
[16:03:37] [ITEM_SOLD]: REGDYLAN vendu 64 x Spruce Log à  kalaistar pour 150.00 β le survie_new
[16:39:09] [ITEM_LISTED]: pierro vend 64 x Sugar Cane  pour 100.00β sur survie_new
[16:39:17] [ITEM_SOLD]: pierro vendu 64 x Sugar Cane à  HeFk pour 100.00 β le survie_new
[16:51:16] [ITEM_SOLD]: Haru_M vendu 1 x Enchanted Book à  ElfeZoulou pour 2,500.00 β le survie_new
[16:52:25] [ITEM_SOLD]: pierro vendu 16 x Egg à  Flashtric pour 150.00 β le survie_new
[16:56:55] [ITEM_CANCELLED]: CroixVeBaton annule la vente de 1x Diamond Axe [Efficiency VI] pour 10,000.00β sur spawn
[16:57:15] [ITEM_RETURNED]: 1 x Iron Chestplate  [Mending, Protection III, Unbreaking III] renvoyé à CroixVeBaton le survie_new
[16:57:17] [ITEM_RETURNED]: 1 x Iron Chestplate  [Protection IV, Unbreaking III] renvoyé à CroixVeBaton le survie_new
[16:57:17] [ITEM_RETURNED]: 1 x Iron Boots  [Mending] renvoyé à CroixVeBaton le survie_new
[16:57:17] [ITEM_RETURNED]: 1 x Diamond Chestplate  [Curse of Binding] renvoyé à CroixVeBaton le survie_new
[16:57:18] [ITEM_RETURNED]: 1 x Diamond Chestplate  [Curse of Binding] renvoyé à CroixVeBaton le survie_new
[16:57:18] [ITEM_RETURNED]: 1 x Diamond Axe  [Efficiency VI] renvoyé à CroixVeBaton le spawn
[16:59:55] [ITEM_LISTED]: CroixVeBaton vend 1 x Iron Boots  [Mending] pour 20,003.00β sur survie_new
[17:00:10] [ITEM_LISTED]: CroixVeBaton vend 1 x Iron Chestplate  [Protection IV, Unbreaking III] pour 2,500.00β sur survie_new
[17:00:17] [ITEM_LISTED]: CroixVeBaton vend 1 x Iron Chestplate  [Mending, Protection III, Unbreaking III] pour 4,000.00β sur survie_new
[17:02:46] [ITEM_SOLD]: Cryyzi vendu 1 x Music Disc Cat à  Christophe_ pour 50.00 β le survie_new
[17:02:47] [ITEM_SOLD]: Cryyzi vendu 1 x Music Disc Cat à  Christophe_ pour 50.00 β le survie_new
[17:02:49] [ITEM_SOLD]: Cryyzi vendu 1 x Music Disc 13 à  Christophe_ pour 50.00 β le survie_new
[17:04:52] [ITEM_SOLD]: Flashtric vendu 1 x Enchanted Book à  Christophe_ pour 3,000.00 β le survie_new
[17:04:56] [ITEM_SOLD]: sylverfire02 vendu 1 x Enchanted Book à  Christophe_ pour 1,000.00 β le spawn
[17:05:38] [ITEM_SOLD]: lasoeurdadrien vendu 1 x Enchanted Book à  Christophe_ pour 2,400.00 β le survie_new
[17:14:51] [ITEM_CANCELLED]: sylverfire02 annule la vente de 1x Beacon pour 11,000.00β sur survie_new
[17:14:52] [ITEM_CANCELLED]: sylverfire02 annule la vente de 1x Beacon pour 11,000.00β sur survie_new
[17:14:59] [ITEM_RETURNED]: 1 x Beacon  renvoyé à sylverfire02 le survie_new
[17:14:59] [ITEM_RETURNED]: 1 x Beacon  renvoyé à sylverfire02 le survie_new
[17:15:23] [ITEM_LISTED]: sylverfire02 vend 1 x Beacon  pour 9,500.00β sur survie_new
[17:15:28] [ITEM_LISTED]: sylverfire02 vend 1 x Beacon  pour 9,500.00β sur survie_new
[17:28:46] [ITEM_RETURNED]: 1 x Right Leg X  renvoyé à LLIcocoman_Hrz le survie_new
[17:28:55] [ITEM_SOLD]: KeVinHa92 vendu 64 x Melon Slice à  SoFraise83 pour 100.00 β le survie_new
[18:21:54] [ITEM_LISTED]: D4rk_Wolf_07 vend 64 x Sea Lantern  pour 20,000.00β sur survie_new
[18:23:42] [ITEM_RETURNED]: 1 x Enchanted Book  renvoyé à Haru_M le survie_new
[18:30:44] [ITEM_SOLD]: REGDYLAN vendu 1 x Diamond Pickaxe à  [Efficiency IV] CouzVeBaton pour 1,500.00 β le survie_new
[18:30:46] [ITEM_SOLD]: REGDYLAN vendu 1 x Diamond Pickaxe à  [Efficiency IV] CouzVeBaton pour 1,500.00 β le survie_new
[18:41:29] [ITEM_RETURNED]: 1 x Enchanted Book  renvoyé à Haru_M le survie_new
[18:41:29] [ITEM_RETURNED]: 1 x Enchanted Book  renvoyé à Haru_M le survie_new
[19:18:13] [ITEM_LISTED]: CouzVeBaton vend 1 x Diamond Pickaxe  [Efficiency V] pour 2,800.00β sur survie_new
[20:23:04] [ITEM_RETURNED]: 38 x Quartz Block  renvoyé à Nexusso le survie_new
[20:23:05] [ITEM_RETURNED]: 1 x Gilet Jaune  [Projectile Protection II] renvoyé à Nexusso le survie_new
[20:23:05] [ITEM_RETURNED]: 64 x Quartz Block  renvoyé à Nexusso le Nether
[20:23:06] [ITEM_RETURNED]: 64 x Quartz Block  renvoyé à Nexusso le Nether
[20:23:07] [ITEM_RETURNED]: 64 x Quartz Block  renvoyé à Nexusso le Nether
[20:23:07] [ITEM_RETURNED]: 64 x Quartz Block  renvoyé à Nexusso le Nether
[20:23:08] [ITEM_RETURNED]: 64 x Quartz Block  renvoyé à Nexusso le Nether
[20:38:12] [ITEM_SOLD]: sylverfire02 vendu 1 x Beacon à  REGDYLAN pour 9,500.00 β le survie_new
[20:38:14] [ITEM_SOLD]: sylverfire02 vendu 1 x Beacon à  REGDYLAN pour 9,500.00 β le survie_new
[20:39:08] [ITEM_SOLD]: Haru_M vendu 1 x Beacon à  _megamigit_ pour 10,000.00 β le spawn
[20:39:11] [ITEM_SOLD]: Haru_M vendu 1 x Beacon à  _megamigit_ pour 10,000.00 β le spawn
[21:10:35] [ITEM_LISTED]: LLIcocoman_Hrz vend 1 x Quitter le Jump  pour 5.00β sur survie_new
[21:10:42] [ITEM_CANCELLED]: LLIcocoman_Hrz annule la vente de 1x Quitter le Jump pour 5.00β sur survie_new
[21:10:52] [ITEM_RETURNED]: 1 x Quitter le Jump  renvoyé à LLIcocoman_Hrz le survie_new
[21:10:54] [ITEM_CANCELLED]: LLIcocoman_Hrz annule la vente de 64x Stick pour 10.00β sur survie_new
[21:10:57] [ITEM_CANCELLED]: LLIcocoman_Hrz annule la vente de 64x Stick pour 10.00β sur survie_new
[21:10:57] [ITEM_CANCELLED]: LLIcocoman_Hrz annule la vente de 64x Stick pour 10.00β sur survie_new
[21:10:58] [ITEM_CANCELLED]: LLIcocoman_Hrz annule la vente de 64x Oak Button pour 10.00β sur survie_new
[21:24:08] [ITEM_SOLD]: Zougless vendu 64 x Spruce Log à  Kaam98 pour 350.00 β le survie_new
[22:16:13] [ITEM_LISTED]: CouzVeBaton vend 1 x Ghast Tear  pour 1,000.00β sur survie_new
[22:30:10] [ITEM_CANCELLED]: Kaam98 annule la vente de 3x Wither Skeleton Skull pour 9,999.00β sur survie_new
[22:30:21] [ITEM_RETURNED]: 3 x Wither Skeleton Skull  renvoyé à Kaam98 le survie_new
[22:30:26] [ITEM_LISTED]: Kaam98 vend 3 x Wither Skeleton Skull  pour 8,000.00β sur survie_new
[22:31:02] [ITEM_LISTED]: REGDYLAN vend 1 x Diamond Pickaxe  [Efficiency IV, Fortune III, Unbreaking III] pour 3,000.00β sur survie_new
[22:31:04] [ITEM_LISTED]: REGDYLAN vend 1 x Diamond Pickaxe  [Efficiency IV, Fortune III, Unbreaking III] pour 3,000.00β sur survie_new
[22:31:05] [ITEM_LISTED]: REGDYLAN vend 1 x Diamond Pickaxe  [Efficiency IV, Fortune III, Unbreaking III] pour 3,000.00β sur survie_new
[22:31:06] [ITEM_LISTED]: REGDYLAN vend 1 x Diamond Pickaxe  [Efficiency IV, Fortune III, Unbreaking III] pour 3,000.00β sur survie_new
[22:31:32] [ITEM_LISTED]: REGDYLAN vend 1 x Diamond Pickaxe  [Efficiency IV, Unbreaking III] pour 2,500.00β sur survie_new
[22:31:34] [ITEM_LISTED]: REGDYLAN vend 1 x Diamond Pickaxe  [Efficiency IV, Unbreaking III] pour 2,500.00β sur survie_new
[22:31:36] [ITEM_LISTED]: REGDYLAN vend 1 x Diamond Pickaxe  [Efficiency IV, Unbreaking III] pour 2,500.00β sur survie_new
[22:31:37] [ITEM_LISTED]: REGDYLAN vend 1 x Diamond Pickaxe  [Efficiency IV, Unbreaking III] pour 2,500.00β sur survie_new
[22:39:55] [ITEM_SOLD]: REGDYLAN vendu 1 x Diamond Pickaxe à  [Efficiency IV, Unbreaking III] Christophe_ pour 2,500.00 β le survie_new
[22:41:59] [ITEM_SOLD]: REGDYLAN vendu 1 x Elytra à  Christophe_ pour 3,500.00 β le survie_new
[22:42:07] [ITEM_SOLD]: Haru_M vendu 1 x Enchanted Book à  Christophe_ pour 2,500.00 β le survie_new
[22:44:00] [ITEM_SOLD]: TiBouX vendu 1 x Enchanted Book à  Christophe_ pour 2,000.00 β le survie_new
[22:52:38] [ITEM_LISTED]: LLIcocoman_Hrz vend 1 x Retour au Checkpoint  pour 10.00β sur survie_new
[22:52:49] [ITEM_CANCELLED]: LLIcocoman_Hrz annule la vente de 1x Retour au Checkpoint pour 10.00β sur survie_new
[22:55:33] [ITEM_SOLD]: Haru_M vendu 1 x Enchanted Book à  PoseyDon82 pour 2,500.00 β le survie_new
[22:55:52] [ITEM_LISTED]: LLIcocoman_Hrz vend 1 x Retour au Checkpoint  pour 10.00β sur survie_new
[22:55:58] [ITEM_CANCELLED]: LLIcocoman_Hrz annule la vente de 1x Retour au Checkpoint pour 10.00β sur survie_new
[22:56:07] [ITEM_RETURNED]: 1 x Retour au Checkpoint  renvoyé à LLIcocoman_Hrz le survie_new
[22:56:07] [ITEM_RETURNED]: 64 x Oak Button  renvoyé à LLIcocoman_Hrz le survie_new
[22:56:08] [ITEM_RETURNED]: 1 x Retour au Checkpoint  renvoyé à LLIcocoman_Hrz le survie_new
[22:56:08] [ITEM_RETURNED]: 64 x Stick  renvoyé à LLIcocoman_Hrz le survie_new
[22:56:09] [ITEM_RETURNED]: 64 x Stick  renvoyé à LLIcocoman_Hrz le survie_new
[22:56:09] [ITEM_RETURNED]: 64 x Stick  renvoyé à LLIcocoman_Hrz le survie_new
[22:56:32] [ITEM_LISTED]: LLIcocoman_Hrz vend 2 x Retour au Checkpoint  pour 10.00β sur survie_new
[22:56:45] [ITEM_CANCELLED]: LLIcocoman_Hrz annule la vente de 2x Retour au Checkpoint pour 10.00β sur survie_new
[22:56:51] [ITEM_RETURNED]: 2 x Retour au Checkpoint  renvoyé à LLIcocoman_Hrz le survie_new
[22:58:21] [ITEM_LISTED]: LLIcocoman_Hrz vend 1 x GUI Multi-Tool  pour 10.00β sur survie_new
[22:58:26] [ITEM_CANCELLED]: LLIcocoman_Hrz annule la vente de 1x GUI Multi-Tool pour 10.00β sur survie_new
[22:58:32] [ITEM_RETURNED]: 1 x GUI Multi-Tool  renvoyé à LLIcocoman_Hrz le survie_new
[23:00:28] [ITEM_SOLD]: Haru_M vendu 1 x Enchanted Book à  PoseyDon82 pour 2,500.00 β le survie_new
