[00:15:08] [ITEM_LISTED]: Anonyime7 listed 1x [Pig Spawner] for $250,000.00 on Survie
[00:28:36] [ITEM_SOLD]: limastic vend 9x Emerald sur Anonyime7 pour $100.00 sur End
[00:33:44] [ITEM_SOLD]: limastic vend 13x Bamboo sur Liaxum pour $30.00 sur Survie
[00:34:16] [ITEM_SOLD]: Piltrax vend 64x Cooked Porkchop sur Liaxum pour $20.00 sur Survie
[01:11:45] [ITEM_CANCELLED]: Anonyime7 cancelled an auction for 1x [Pig Spawner] for $250,000.00 on Survie
[01:11:50] [ITEM_RETURNED]: Retour 1x [Pig Spawner] de Anonyime7 sur Survie
[02:32:57] [ITEM_SOLD]: Piltrax vend 1x Diamond Pickaxe sur  [Unbreaking III]Reicky pour $300.00 sur Survie
[11:57:22] [ITEM_LISTED]: Reicky listed 1x Totem Of Undying for $20,000.00 on spawn
[13:30:47] [ITEM_LISTED]: Anonyime7 listed 1x [Pig Spawner] for $250,000.00 on survie_new
[13:40:15] [ITEM_LISTED]: limastic listed 1x Saddle for $100.00 on Survie
[13:40:18] [ITEM_LISTED]: limastic listed 1x Saddle for $100.00 on Survie
[13:40:21] [ITEM_LISTED]: limastic listed 1x Saddle for $100.00 on Survie
[14:10:07] [ITEM_SOLD]: H_Caw vend 8x Iron Block sur vava34670 pour $480.00 sur Survie
[14:10:13] [ITEM_SOLD]: H_Caw vend 8x Iron Block sur vava34670 pour $480.00 sur Survie
[14:10:14] [ITEM_SOLD]: H_Caw vend 8x Iron Block sur vava34670 pour $480.00 sur Survie
[14:13:06] [ITEM_SOLD]: Kaam98 vend 1x Diamond Pickaxe sur  [Efficiency V, Fortune III, Mending, Unbreaking III]Reicky pour $9,000.00 sur Survie
[14:16:37] [ITEM_CANCELLED]: limastic cancelled an auction for 1x Shulker Box for $5,000.00 on Survie
[14:16:39] [ITEM_RETURNED]: Retour 1x Shulker Box de limastic sur Survie
[16:06:55] [ITEM_LISTED]: Yageko listed 32x Firework Rocket for $50.00 on spawn
[18:52:32] [ITEM_SOLD]: H_Caw vend 8x Nether Wart sur Gogo017 pour $2,000.00 sur Survie
[21:42:04] [ITEM_SOLD]: Piltrax vend 32x Cooked Porkchop sur _Hipix_ pour $10.00 sur Survie
[23:45:33] [ITEM_SOLD]: Piltrax vend 64x Cooked Porkchop sur _Hipix_ pour $20.00 sur Survie
