[00:09:19] [ITEM_SOLD]: Blazd vendu 1 x Enchanted Book à  eric2a pour 9,000.00 β le survie_new
[00:09:22] [ITEM_SOLD]: Blazd vendu 1 x Enchanted Book à  eric2a pour 9,000.00 β le survie_new
[00:09:36] [ITEM_SOLD]: Blazd vendu 1 x Enchanted Book à  eric2a pour 9,000.00 β le survie_new
[00:09:58] [ITEM_SOLD]: Blazd vendu 1 x Enchanted Book à  eric2a pour 8,000.00 β le survie_new
[00:10:02] [ITEM_SOLD]: Blazd vendu 1 x Enchanted Book à  eric2a pour 15,000.00 β le survie_new
[00:10:13] [ITEM_SOLD]: Blazd vendu 1 x Enchanted Book à  eric2a pour 6,000.00 β le survie_new
[00:10:29] [ITEM_SOLD]: pikatchou82 vendu 1 x Enchanted Book à  eric2a pour 5,000.00 β le survie_new
[00:11:45] [ITEM_SOLD]: Aurelien13 vendu 1 x Enchanted Book à  eric2a pour 2,000.00 β le survie_new
[00:12:15] [ITEM_SOLD]: Blazd vendu 1 x Enchanted Book à  eric2a pour 7,000.00 β le survie_new
[04:29:54] [ITEM_SOLD]: Blazd vendu 64 x Emerald à  Zarbikop pour 9,000.00 β le survie_new
[05:42:31] [ITEM_LISTED]: Zarbikop vend 1 x Leather Horse Armor  pour 500.00β sur survie_new
[05:42:39] [ITEM_LISTED]: Zarbikop vend 1 x Leather Horse Armor  pour 500.00β sur survie_new
[08:34:56] [ITEM_SOLD]: Kaio_Beninou vendu 1 x Saddle à  Rayan pour 500.00 β le survie_new
[15:23:40] [ITEM_LISTED]: P2M2A2 vend 64 x Jukebox  pour 250.00β sur survie_new
[15:23:42] [ITEM_LISTED]: P2M2A2 vend 64 x Jukebox  pour 250.00β sur survie_new
[15:23:45] [ITEM_LISTED]: P2M2A2 vend 64 x Jukebox  pour 250.00β sur survie_new
[15:23:47] [ITEM_LISTED]: P2M2A2 vend 64 x Jukebox  pour 250.00β sur survie_new
[15:23:49] [ITEM_LISTED]: P2M2A2 vend 64 x Jukebox  pour 250.00β sur survie_new
[15:23:50] [ITEM_LISTED]: P2M2A2 vend 64 x Jukebox  pour 250.00β sur survie_new
[15:23:52] [ITEM_LISTED]: P2M2A2 vend 64 x Jukebox  pour 250.00β sur survie_new
[15:23:54] [ITEM_LISTED]: P2M2A2 vend 64 x Jukebox  pour 250.00β sur survie_new
[15:23:56] [ITEM_LISTED]: P2M2A2 vend 64 x Jukebox  pour 250.00β sur survie_new
[15:25:57] [ITEM_LISTED]: P2M2A2 vend 64 x Jukebox  pour 250.00β sur survie_new
[15:25:58] [ITEM_LISTED]: P2M2A2 vend 64 x Jukebox  pour 250.00β sur survie_new
[15:26:00] [ITEM_LISTED]: P2M2A2 vend 64 x Jukebox  pour 250.00β sur survie_new
[15:26:02] [ITEM_LISTED]: P2M2A2 vend 64 x Jukebox  pour 250.00β sur survie_new
[15:26:03] [ITEM_LISTED]: P2M2A2 vend 64 x Jukebox  pour 250.00β sur survie_new
[15:26:05] [ITEM_LISTED]: P2M2A2 vend 64 x Jukebox  pour 250.00β sur survie_new
[15:26:07] [ITEM_LISTED]: P2M2A2 vend 64 x Jukebox  pour 250.00β sur survie_new
[15:26:09] [ITEM_LISTED]: P2M2A2 vend 64 x Jukebox  pour 250.00β sur survie_new
[15:26:11] [ITEM_LISTED]: P2M2A2 vend 64 x Jukebox  pour 250.00β sur survie_new
[15:26:20] [ITEM_LISTED]: P2M2A2 vend 64 x Jukebox  pour 250.00β sur survie_new
[15:26:23] [ITEM_LISTED]: P2M2A2 vend 64 x Jukebox  pour 250.00β sur survie_new
[15:26:25] [ITEM_LISTED]: P2M2A2 vend 64 x Jukebox  pour 250.00β sur survie_new
[15:26:27] [ITEM_LISTED]: P2M2A2 vend 64 x Jukebox  pour 250.00β sur survie_new
[15:26:29] [ITEM_LISTED]: P2M2A2 vend 64 x Jukebox  pour 250.00β sur survie_new
[15:26:30] [ITEM_LISTED]: P2M2A2 vend 64 x Jukebox  pour 250.00β sur survie_new
[15:26:32] [ITEM_LISTED]: P2M2A2 vend 64 x Jukebox  pour 250.00β sur survie_new
[15:26:34] [ITEM_LISTED]: P2M2A2 vend 64 x Jukebox  pour 250.00β sur survie_new
[15:26:35] [ITEM_LISTED]: P2M2A2 vend 64 x Jukebox  pour 250.00β sur survie_new
[18:42:48] [ITEM_SOLD]: LLIcocoman_Hrz vendu 1 x Turtle Spawn Egg à  Haru_M pour 2,500.00 β le survie_new
[18:47:52] [ITEM_SOLD]: Kaio_Beninou vendu 1 x Enchanted Book à  pikatchou82 pour 20,000.00 β le survie_new
[18:53:22] [ITEM_LISTED]: Haru_M vend 1 x Enchanted Book  pour 8,000.00β sur survie_new
[18:53:23] [ITEM_LISTED]: Haru_M vend 1 x Enchanted Book  pour 8,000.00β sur survie_new
[18:53:28] [ITEM_LISTED]: Haru_M vend 1 x Enchanted Book  pour 8,000.00β sur survie_new
[18:53:30] [ITEM_LISTED]: Haru_M vend 1 x Enchanted Book  pour 8,000.00β sur survie_new
[18:53:31] [ITEM_LISTED]: Haru_M vend 1 x Enchanted Book  pour 8,000.00β sur survie_new
[18:53:33] [ITEM_LISTED]: Hypnotiica vend 23 x Cooked Porkchop  pour 30,000.00β sur survie_new
[18:53:34] [ITEM_SOLD]: Haru_M vendu 1 x Enchanted Book à  mouton01 pour 8,000.00 β le survie_new
[18:53:35] [ITEM_LISTED]: Haru_M vend 1 x Enchanted Book  pour 8,000.00β sur survie_new
[18:53:35] [ITEM_SOLD]: Haru_M vendu 1 x Enchanted Book à  mouton01 pour 8,000.00 β le survie_new
[18:54:03] [ITEM_LISTED]: Haru_M vend 1 x Enchanted Book  pour 8,000.00β sur survie_new
[18:54:04] [ITEM_LISTED]: Haru_M vend 1 x Enchanted Book  pour 8,000.00β sur survie_new
[18:54:08] [ITEM_LISTED]: Haru_M vend 1 x Enchanted Book  pour 8,000.00β sur survie_new
[18:54:10] [ITEM_LISTED]: Haru_M vend 1 x Enchanted Book  pour 8,000.00β sur survie_new
[18:54:15] [ITEM_LISTED]: Haru_M vend 1 x Enchanted Book  pour 8,000.00β sur survie_new
[18:54:16] [ITEM_LISTED]: Haru_M vend 1 x Enchanted Book  pour 8,000.00β sur survie_new
[18:54:18] [ITEM_SOLD]: Haru_M vendu 1 x Enchanted Book à  Stebanou pour 8,000.00 β le survie_new
[18:54:25] [ITEM_SOLD]: Haru_M vendu 1 x Enchanted Book à  mouton01 pour 8,000.00 β le survie_new
[18:54:26] [ITEM_SOLD]: Haru_M vendu 1 x Enchanted Book à  mouton01 pour 8,000.00 β le survie_new
[18:54:49] [ITEM_SOLD]: Haru_M vendu 1 x Enchanted Book à  Stebanou pour 8,000.00 β le survie_new
[18:54:53] [ITEM_SOLD]: Haru_M vendu 1 x Enchanted Book à  pikatchou82 pour 8,000.00 β le survie_new
[18:55:01] [ITEM_SOLD]: Haru_M vendu 1 x Enchanted Book à  Christophe_ pour 8,000.00 β le survie_new
[18:55:02] [ITEM_SOLD]: Haru_M vendu 1 x Enchanted Book à  Christophe_ pour 8,000.00 β le survie_new
[18:55:04] [ITEM_SOLD]: Haru_M vendu 1 x Enchanted Book à  Christophe_ pour 8,000.00 β le survie_new
[18:55:05] [ITEM_SOLD]: Haru_M vendu 1 x Enchanted Book à  Christophe_ pour 8,000.00 β le survie_new
[18:55:06] [ITEM_SOLD]: Haru_M vendu 1 x Enchanted Book à  Christophe_ pour 8,000.00 β le survie_new
[18:55:14] [ITEM_DROPPED]: Abandon de la vente Christophe_ expirée de 1 x Golden Sword  [Sharpness VIII] pour 0.00β à leurs pieds le survie_new
[19:16:15] [ITEM_SOLD]: Blazd vendu 1 x Cat Spawn Egg à  Mikiu_Ahegao pour 10,000.00 β le survie_new
[19:18:33] [ITEM_DROPPED]: Abandon de la vente Christophe_ expirée de 1 x Arbalète   [Unbreaking V] pour 0.00β à leurs pieds le survie_new
[19:21:50] [ITEM_CANCELLED]: Hypnotiica annule la vente de 23x Cooked Porkchop pour 30,000.00β sur survie_new
[19:22:07] [ITEM_RETURNED]: 23 x Cooked Porkchop  renvoyé à Hypnotiica le survie_new
[19:37:51] [ITEM_LISTED]: Stebanou vend 1 x §;§:Spawner à Araignée venimeuse 1x  pour 5,000.00β sur survie_new
[19:38:00] [ITEM_LISTED]: Stebanou vend 1 x §;§:Spawner à Araignée venimeuse 1x  pour 4,000.00β sur survie_new
[19:43:39] [ITEM_LISTED]: Yohan81 vend 64 x Blue Ice  pour 500.00β sur survie_new
[19:43:47] [ITEM_SOLD]: Yohan81 vendu 64 x Blue Ice à  Christophe_ pour 500.00 β le survie_new
[19:47:41] [ITEM_LISTED]: Yohan81 vend 1 x Enchanted Book  pour 4,000.00β sur survie_new
[19:47:51] [ITEM_CANCELLED]: Yohan81 annule la vente de 1x Enchanted Book pour 4,000.00β sur survie_new
[19:47:53] [ITEM_CANCELLED]: Yohan81 annule la vente de 1x Enchanted Book pour 6,000.00β sur survie_new
[19:47:54] [ITEM_CANCELLED]: Yohan81 annule la vente de 1x Enchanted Book pour 3,000.00β sur survie_new
[19:48:16] [ITEM_RETURNED]: 1 x Enchanted Book  renvoyé à Yohan81 le survie_new
[19:48:18] [ITEM_RETURNED]: 1 x Enchanted Book  renvoyé à Yohan81 le survie_new
[19:49:15] [ITEM_SOLD]: Stebanou vendu 1 x §;§:Spawner à Araignée venimeuse 1x à  miaouoke pour 4,000.00 β le survie_new
[19:50:58] [ITEM_LISTED]: Yohan81 vend 1 x Enchanted Book  pour 6,000.00β sur survie_new
[19:52:13] [ITEM_CANCELLED]: Stebanou annule la vente de 1x §;§:Spawner à Araignée venimeuse 1x pour 5,000.00β sur survie_new
[19:52:15] [ITEM_RETURNED]: 1 x §;§:Spawner à Araignée venimeuse 1x  renvoyé à Stebanou le survie_new
[20:45:09] [ITEM_LISTED]: PtitBiscuit55 vend 64 x Bamboo  pour 1,500.00β sur survie_new
[20:45:25] [ITEM_LISTED]: pikatchou82 vend 1 x Enchanted Book  pour 1,000.00β sur survie_new
[20:45:28] [ITEM_LISTED]: pikatchou82 vend 1 x Enchanted Book  pour 1,000.00β sur survie_new
[20:45:30] [ITEM_LISTED]: pikatchou82 vend 1 x Enchanted Book  pour 1,000.00β sur survie_new
[20:45:33] [ITEM_LISTED]: pikatchou82 vend 1 x Enchanted Book  pour 1,000.00β sur survie_new
[20:45:36] [ITEM_LISTED]: pikatchou82 vend 1 x Enchanted Book  pour 1,000.00β sur survie_new
[20:45:38] [ITEM_LISTED]: pikatchou82 vend 1 x Enchanted Book  pour 1,000.00β sur survie_new
[20:45:41] [ITEM_LISTED]: pikatchou82 vend 1 x Enchanted Book  pour 1,000.00β sur survie_new
[20:46:09] [ITEM_LISTED]: pikatchou82 vend 1 x Enchanted Book  pour 2,000.00β sur survie_new
[20:46:16] [ITEM_LISTED]: pikatchou82 vend 1 x Enchanted Book  pour 2,000.00β sur survie_new
[20:46:21] [ITEM_LISTED]: pikatchou82 vend 1 x Enchanted Book  pour 2,000.00β sur survie_new
[20:46:22] [ITEM_SOLD]: 74Matt vendu 5 x Perle à  miaouoke pour 800.00 β le survie_new
[20:46:25] [ITEM_LISTED]: pikatchou82 vend 1 x Enchanted Book  pour 2,000.00β sur survie_new
[20:46:27] [ITEM_LISTED]: pikatchou82 vend 1 x Enchanted Book  pour 2,000.00β sur survie_new
[20:46:30] [ITEM_LISTED]: pikatchou82 vend 1 x Enchanted Book  pour 2,000.00β sur survie_new
[20:46:36] [ITEM_LISTED]: pikatchou82 vend 1 x Enchanted Book  pour 2,000.00β sur survie_new
[20:48:01] [ITEM_LISTED]: pikatchou82 vend 1 x Enchanted Book  pour 4,000.00β sur survie_new
[20:48:05] [ITEM_LISTED]: pikatchou82 vend 1 x Enchanted Book  pour 4,000.00β sur survie_new
[20:48:07] [ITEM_LISTED]: pikatchou82 vend 1 x Enchanted Book  pour 4,000.00β sur survie_new
[20:48:10] [ITEM_LISTED]: pikatchou82 vend 1 x Enchanted Book  pour 4,000.00β sur survie_new
[20:48:12] [ITEM_LISTED]: pikatchou82 vend 1 x Enchanted Book  pour 4,000.00β sur survie_new
[20:48:15] [ITEM_LISTED]: pikatchou82 vend 1 x Enchanted Book  pour 4,000.00β sur survie_new
[20:48:22] [ITEM_LISTED]: pikatchou82 vend 1 x Enchanted Book  pour 4,000.00β sur survie_new
[20:48:25] [ITEM_LISTED]: pikatchou82 vend 1 x Enchanted Book  pour 4,000.00β sur survie_new
[20:48:27] [ITEM_LISTED]: pikatchou82 vend 1 x Enchanted Book  pour 4,000.00β sur survie_new
[20:48:40] [ITEM_LISTED]: miaouoke vend 1 x bobi  pour 1,000.00β sur survie_new
[20:50:49] [ITEM_LISTED]: pikatchou82 vend 1 x Enchanted Book  pour 1,000.00β sur survie_new
[20:50:51] [ITEM_LISTED]: pikatchou82 vend 1 x Enchanted Book  pour 1,000.00β sur survie_new
[20:50:54] [ITEM_LISTED]: pikatchou82 vend 1 x Enchanted Book  pour 1,000.00β sur survie_new
[22:15:49] [ITEM_SOLD]: limastic vendu 1 x Enchanted Book à  PtitBiscuit55 pour 1,000.00 β le survie_new
[23:12:53] [ITEM_LISTED]: Solasis7 vend 42 x Quartz Block  pour 500.00β sur survie_new
[23:15:45] [ITEM_LISTED]: Solasis7 vend 23 x Quartz Block  pour 200.00β sur survie_new
