[02:01:18] [ITEM_SOLD]: pikatchou82 vendu 64 x Anvil à  Isaorya pour 1,000.00 β le survie_new
[11:46:22] [ITEM_CANCELLED]: omega2028 annule la vente de 64x Iron Block pour 11,000.00β sur survie_new
[11:46:23] [ITEM_CANCELLED]: omega2028 annule la vente de 64x Iron Block pour 11,000.00β sur survie_new
[11:46:23] [ITEM_CANCELLED]: omega2028 annule la vente de 64x Iron Block pour 11,000.00β sur survie_new
[11:46:24] [ITEM_CANCELLED]: omega2028 annule la vente de 64x Iron Block pour 11,000.00β sur survie_new
[11:46:24] [ITEM_CANCELLED]: omega2028 annule la vente de 64x Iron Block pour 11,000.00β sur survie_new
[11:46:27] [ITEM_CANCELLED]: omega2028 annule la vente de 64x Iron Block pour 11,000.00β sur survie_new
[11:46:27] [ITEM_CANCELLED]: omega2028 annule la vente de 64x Iron Block pour 11,000.00β sur survie_new
[11:46:27] [ITEM_CANCELLED]: omega2028 annule la vente de 64x Iron Block pour 11,000.00β sur survie_new
[11:46:27] [ITEM_CANCELLED]: omega2028 annule la vente de 64x Iron Block pour 11,000.00β sur survie_new
[11:46:27] [ITEM_CANCELLED]: omega2028 annule la vente de 64x Iron Block pour 11,000.00β sur survie_new
[11:46:27] [ITEM_CANCELLED]: omega2028 annule la vente de 64x Iron Block pour 11,000.00β sur survie_new
[11:46:28] [ITEM_CANCELLED]: omega2028 annule la vente de 64x Iron Block pour 11,000.00β sur survie_new
[11:46:28] [ITEM_CANCELLED]: omega2028 annule la vente de 64x Iron Block pour 11,000.00β sur survie_new
[11:46:28] [ITEM_CANCELLED]: omega2028 annule la vente de 64x Iron Block pour 11,000.00β sur survie_new
[11:46:28] [ITEM_CANCELLED]: omega2028 annule la vente de 64x Iron Block pour 11,000.00β sur survie_new
[11:46:28] [ITEM_CANCELLED]: omega2028 annule la vente de 64x Iron Block pour 11,000.00β sur survie_new
[11:46:28] [ITEM_CANCELLED]: omega2028 annule la vente de 64x Iron Block pour 11,000.00β sur survie_new
[11:46:29] [ITEM_CANCELLED]: omega2028 annule la vente de 64x Iron Block pour 11,000.00β sur survie_new
[11:46:29] [ITEM_CANCELLED]: omega2028 annule la vente de 64x Iron Block pour 11,000.00β sur survie_new
[11:46:29] [ITEM_CANCELLED]: omega2028 annule la vente de 64x Iron Block pour 11,000.00β sur survie_new
[11:46:29] [ITEM_CANCELLED]: omega2028 annule la vente de 64x Iron Block pour 11,000.00β sur survie_new
[11:46:29] [ITEM_CANCELLED]: omega2028 annule la vente de 64x Iron Block pour 11,000.00β sur survie_new
[11:46:30] [ITEM_CANCELLED]: omega2028 annule la vente de 64x Iron Block pour 11,000.00β sur survie_new
[11:46:30] [ITEM_CANCELLED]: omega2028 annule la vente de 64x Iron Block pour 11,000.00β sur survie_new
[11:46:30] [ITEM_CANCELLED]: omega2028 annule la vente de 64x Iron Block pour 11,000.00β sur survie_new
[11:46:30] [ITEM_CANCELLED]: omega2028 annule la vente de 64x Iron Block pour 11,000.00β sur survie_new
[11:46:30] [ITEM_CANCELLED]: omega2028 annule la vente de 64x Iron Block pour 11,000.00β sur survie_new
[11:46:31] [ITEM_CANCELLED]: omega2028 annule la vente de 64x Iron Block pour 11,000.00β sur survie_new
[11:46:31] [ITEM_CANCELLED]: omega2028 annule la vente de 64x Iron Block pour 11,000.00β sur survie_new
[11:46:31] [ITEM_CANCELLED]: omega2028 annule la vente de 64x Iron Block pour 11,000.00β sur survie_new
[11:46:31] [ITEM_CANCELLED]: omega2028 annule la vente de 64x Iron Block pour 11,000.00β sur survie_new
[11:46:31] [ITEM_CANCELLED]: omega2028 annule la vente de 64x Iron Block pour 11,000.00β sur survie_new
[11:46:31] [ITEM_CANCELLED]: omega2028 annule la vente de 64x Iron Block pour 11,000.00β sur survie_new
[11:46:32] [ITEM_CANCELLED]: omega2028 annule la vente de 64x Iron Block pour 11,000.00β sur survie_new
[11:46:32] [ITEM_CANCELLED]: omega2028 annule la vente de 64x Iron Block pour 11,000.00β sur survie_new
[11:46:32] [ITEM_CANCELLED]: omega2028 annule la vente de 64x Iron Block pour 11,000.00β sur survie_new
[11:46:32] [ITEM_CANCELLED]: omega2028 annule la vente de 64x Iron Block pour 11,000.00β sur survie_new
[11:46:32] [ITEM_CANCELLED]: omega2028 annule la vente de 64x Iron Block pour 11,000.00β sur survie_new
[11:46:33] [ITEM_CANCELLED]: omega2028 annule la vente de 64x Iron Block pour 11,000.00β sur survie_new
[11:46:33] [ITEM_CANCELLED]: omega2028 annule la vente de 64x Iron Block pour 11,000.00β sur survie_new
[11:46:33] [ITEM_CANCELLED]: omega2028 annule la vente de 64x Iron Block pour 11,000.00β sur survie_new
[11:46:33] [ITEM_CANCELLED]: omega2028 annule la vente de 64x Iron Block pour 11,000.00β sur survie_new
[11:46:37] [ITEM_RETURNED]: 64 x Iron Block  renvoyé à omega2028 le survie_new
[11:46:37] [ITEM_RETURNED]: 64 x Iron Block  renvoyé à omega2028 le survie_new
[11:46:37] [ITEM_RETURNED]: 64 x Iron Block  renvoyé à omega2028 le survie_new
[11:46:37] [ITEM_RETURNED]: 64 x Iron Block  renvoyé à omega2028 le survie_new
[11:46:37] [ITEM_RETURNED]: 64 x Iron Block  renvoyé à omega2028 le survie_new
[11:46:37] [ITEM_RETURNED]: 64 x Iron Block  renvoyé à omega2028 le survie_new
[11:46:38] [ITEM_RETURNED]: 64 x Iron Block  renvoyé à omega2028 le survie_new
[11:46:38] [ITEM_RETURNED]: 64 x Iron Block  renvoyé à omega2028 le survie_new
[11:46:38] [ITEM_RETURNED]: 64 x Iron Block  renvoyé à omega2028 le survie_new
[11:46:38] [ITEM_RETURNED]: 64 x Iron Block  renvoyé à omega2028 le survie_new
[11:46:38] [ITEM_RETURNED]: 64 x Iron Block  renvoyé à omega2028 le survie_new
[11:46:38] [ITEM_RETURNED]: 64 x Iron Block  renvoyé à omega2028 le survie_new
[11:46:39] [ITEM_RETURNED]: 64 x Iron Block  renvoyé à omega2028 le survie_new
[11:46:39] [ITEM_RETURNED]: 64 x Iron Block  renvoyé à omega2028 le survie_new
[11:46:39] [ITEM_RETURNED]: 64 x Iron Block  renvoyé à omega2028 le survie_new
[11:46:39] [ITEM_RETURNED]: 64 x Iron Block  renvoyé à omega2028 le survie_new
[11:46:39] [ITEM_RETURNED]: 64 x Iron Block  renvoyé à omega2028 le survie_new
[11:46:40] [ITEM_RETURNED]: 64 x Iron Block  renvoyé à omega2028 le survie_new
[11:46:40] [ITEM_RETURNED]: 64 x Iron Block  renvoyé à omega2028 le survie_new
[11:46:40] [ITEM_RETURNED]: 64 x Iron Block  renvoyé à omega2028 le survie_new
[11:46:40] [ITEM_RETURNED]: 64 x Iron Block  renvoyé à omega2028 le survie_new
[11:47:12] [ITEM_RETURNED]: 64 x Iron Block  renvoyé à omega2028 le survie_new
[11:47:12] [ITEM_RETURNED]: 64 x Iron Block  renvoyé à omega2028 le survie_new
[11:47:12] [ITEM_RETURNED]: 64 x Iron Block  renvoyé à omega2028 le survie_new
[11:47:12] [ITEM_RETURNED]: 64 x Iron Block  renvoyé à omega2028 le survie_new
[11:47:13] [ITEM_RETURNED]: 64 x Iron Block  renvoyé à omega2028 le survie_new
[11:47:13] [ITEM_RETURNED]: 64 x Iron Block  renvoyé à omega2028 le survie_new
[11:47:13] [ITEM_RETURNED]: 64 x Iron Block  renvoyé à omega2028 le survie_new
[11:47:13] [ITEM_RETURNED]: 64 x Iron Block  renvoyé à omega2028 le survie_new
[11:47:13] [ITEM_RETURNED]: 64 x Iron Block  renvoyé à omega2028 le survie_new
[11:47:13] [ITEM_RETURNED]: 64 x Iron Block  renvoyé à omega2028 le survie_new
[11:47:14] [ITEM_RETURNED]: 64 x Iron Block  renvoyé à omega2028 le survie_new
[11:47:14] [ITEM_RETURNED]: 64 x Iron Block  renvoyé à omega2028 le survie_new
[11:47:14] [ITEM_RETURNED]: 64 x Iron Block  renvoyé à omega2028 le survie_new
[11:47:14] [ITEM_RETURNED]: 64 x Iron Block  renvoyé à omega2028 le survie_new
[11:47:14] [ITEM_RETURNED]: 64 x Iron Block  renvoyé à omega2028 le survie_new
[11:47:14] [ITEM_RETURNED]: 64 x Iron Block  renvoyé à omega2028 le survie_new
[11:47:15] [ITEM_RETURNED]: 64 x Iron Block  renvoyé à omega2028 le survie_new
[11:47:15] [ITEM_RETURNED]: 64 x Iron Block  renvoyé à omega2028 le survie_new
[11:47:15] [ITEM_RETURNED]: 64 x Iron Block  renvoyé à omega2028 le survie_new
[11:47:15] [ITEM_RETURNED]: 64 x Iron Block  renvoyé à omega2028 le survie_new
[11:47:15] [ITEM_RETURNED]: 64 x Iron Block  renvoyé à omega2028 le survie_new
[11:50:41] [ITEM_CANCELLED]: Loan02 annule la vente de 26x Slime Ball pour 3,000.00β sur survie_new
[11:50:58] [ITEM_RETURNED]: 26 x Slime Ball  renvoyé à Loan02 le survie_new
[12:31:23] [ITEM_SOLD]: Loan02 vendu 64 x Iron Block à  gamerlenon pour 9,000.00 β le survie_new
[12:57:21] [ITEM_RETURNED]: 16 x Gunpowder  renvoyé à Loan02 le survie_new
[12:57:21] [ITEM_RETURNED]: 64 x Cooked Porkchop  renvoyé à Loan02 le survie_new
[12:57:21] [ITEM_RETURNED]: 64 x Cooked Porkchop  renvoyé à Loan02 le survie_new
[12:57:21] [ITEM_RETURNED]: 64 x Cooked Porkchop  renvoyé à Loan02 le survie_new
[13:18:57] [ITEM_LISTED]: CouzVeBaton vend 1 x Diamond Boots  [Depth Strider II, Projectile Protection IV, Feather Falling IV, Mending] pour 6,000.00β sur survie_new_the_end
[13:20:00] [ITEM_LISTED]: CouzVeBaton vend 1 x Diamond Boots  [Frost Walker II, Protection III] pour 2,000.00β sur survie_new_the_end
[13:20:31] [ITEM_SOLD]: CouzVeBaton vendu 1 x Diamond Boots à  [Depth Strider II, Projectile Protection IV, Feather Falling IV, Mending] Stebanou pour 6,000.00 β le survie_new_the_end
[13:29:55] [ITEM_LISTED]: CouzVeBaton vend 1 x Diamond Chestplate  [Protection IV] pour 2,500.00β sur survie_new_the_end
[13:30:05] [ITEM_LISTED]: CouzVeBaton vend 1 x Diamond Chestplate  [Protection IV, Unbreaking III, Mending] pour 7,000.00β sur survie_new_the_end
[15:25:04] [ITEM_LISTED]: limastic vend 1 x ceci rend les houes folles  pour 60,000.00β sur survie_new
[15:25:51] [ITEM_CANCELLED]: limastic annule la vente de 1x ceci rend les houes folles pour 60,000.00β sur survie_new
[15:25:54] [ITEM_RETURNED]: 1 x ceci rend les houes folles  renvoyé à limastic le survie_new
[15:26:01] [ITEM_LISTED]: limastic vend 1 x ceci rend les houes folles  pour 6,001.00β sur survie_new
[15:26:07] [ITEM_SOLD]: limastic vendu 1 x ceci rend les houes folles à  CouzVeBaton pour 6,001.00 β le survie_new
[18:02:59] [ITEM_RETURNED]: 1 x MonChérie  renvoyé à Stebanou le survie_new_nether
[18:03:00] [ITEM_RETURNED]: 1 x Mycelium  renvoyé à Stebanou le survie_new
[18:03:00] [ITEM_RETURNED]: 1 x Mycelium  renvoyé à Stebanou le survie_new
[18:03:01] [ITEM_RETURNED]: 1 x Mycelium  renvoyé à Stebanou le survie_new
[18:03:01] [ITEM_RETURNED]: 1 x Mycelium  renvoyé à Stebanou le survie_new
[18:03:01] [ITEM_RETURNED]: 1 x Mycelium  renvoyé à Stebanou le survie_new
[18:03:02] [ITEM_RETURNED]: 1 x Mycelium  renvoyé à Stebanou le survie_new
[18:03:02] [ITEM_RETURNED]: 1 x Mycelium  renvoyé à Stebanou le survie_new
[18:03:02] [ITEM_RETURNED]: 1 x Mycelium  renvoyé à Stebanou le survie_new
[18:03:03] [ITEM_RETURNED]: 1 x Mycelium  renvoyé à Stebanou le survie_new
[18:04:57] [ITEM_LISTED]: Stebanou vend 1 x Shulker Box  pour 2,500.00β sur survie_new
[18:05:00] [ITEM_LISTED]: Stebanou vend 1 x Shulker Box  pour 2,500.00β sur survie_new
[18:05:01] [ITEM_LISTED]: Stebanou vend 1 x Shulker Box  pour 2,500.00β sur survie_new
[18:05:03] [ITEM_LISTED]: Stebanou vend 1 x Shulker Box  pour 2,500.00β sur survie_new
[18:05:04] [ITEM_LISTED]: Stebanou vend 1 x Shulker Box  pour 2,500.00β sur survie_new
[18:05:06] [ITEM_LISTED]: Stebanou vend 1 x Shulker Box  pour 2,500.00β sur survie_new
[18:05:08] [ITEM_LISTED]: Stebanou vend 1 x Shulker Box  pour 2,500.00β sur survie_new
[18:05:17] [ITEM_LISTED]: Stebanou vend 1 x Shulker Box  pour 2,500.00β sur survie_new
[19:24:09] [ITEM_SOLD]: LLIcocoman_Hrz vendu 64 x Quartz Block à  Christophe_ pour 200.00 β le survie_new
[19:24:39] [ITEM_LISTED]: Luky123413 vend 1 x Dolphin Spawn Egg  pour 5,000.00β sur survie_new
[19:26:52] [ITEM_SOLD]: Luky123413 vendu 1 x Dolphin Spawn Egg à  Loan02 pour 5,000.00 β le survie_new
[20:01:16] [ITEM_SOLD]: CouzVeBaton vendu 1 x Diamond Chestplate à  [Protection IV, Unbreaking III, Mending] Loan02 pour 7,000.00 β le survie_new_the_end
[20:01:24] [ITEM_SOLD]: CouzVeBaton vendu 1 x Diamond Boots à  [Frost Walker II, Protection III] Loan02 pour 2,000.00 β le survie_new_the_end
