[00:35:44] [ITEM_SOLD]: Yohan81 vendu 1 x Saddle à  P2M2A2 pour 75.00 β le survie_new
[11:04:30] [ITEM_DROPPED]: Abandon de la vente Breyyyy expirée de 1 x Enchanted Golden Apple  pour 0.00β à leurs pieds le survie_new
[12:22:23] [ITEM_SOLD]: SSLLOOTTHH vendu 1 x Enchanted Book à  Christophe_ pour 2,000.00 β le survie_new
[13:14:32] [ITEM_LISTED]: HeFk vend 64 x Cooked Porkchop  pour 150.00β sur survie_new
[13:14:35] [ITEM_LISTED]: HeFk vend 64 x Cooked Porkchop  pour 150.00β sur survie_new
[13:27:35] [ITEM_SOLD]: Bertrand vendu 64 x Redstone Ore à  Luky123413 pour 300.00 β le survie_new
[13:28:55] [ITEM_LISTED]: HeFk vend 64 x Anvil  pour 3,000.00β sur survie_new
[14:12:34] [ITEM_LISTED]: Tiyi vend 1 x §;§:Spawner à Zombie 1x  pour 12,000.00β sur survie_new
[14:12:50] [ITEM_LISTED]: Tiyi vend 1 x §;§:Spawner à Arraigné 1x  pour 12,000.00β sur survie_new
[14:13:03] [ITEM_LISTED]: Tiyi vend 1 x §;§:Spawner à Araignée venimeuse 1x  pour 9,000.00β sur survie_new
[14:16:33] [ITEM_SOLD]: OfCourse vendu 1 x Stone Shovel à  Tiyi pour 0.00 β le survie_new
[14:16:43] [ITEM_SOLD]: OfCourse vendu 1 x Stone Shovel à  Tiyi pour 0.00 β le survie_new
[14:16:48] [ITEM_SOLD]: OfCourse vendu 1 x Stone Shovel à  Tiyi pour 0.00 β le survie_new
[14:16:51] [ITEM_SOLD]: OfCourse vendu 1 x Stone Shovel à  Tiyi pour 0.00 β le survie_new
[14:16:53] [ITEM_SOLD]: OfCourse vendu 1 x Stone Shovel à  Tiyi pour 0.00 β le survie_new
[14:23:22] [ITEM_LISTED]: Bouletotor vend 64 x Leather  pour 250.00β sur survie_new
[14:23:24] [ITEM_LISTED]: Bouletotor vend 64 x Leather  pour 250.00β sur survie_new
[15:00:24] [ITEM_LISTED]: 74Matt vend 49 x Golden Carrot  pour 100,000.00β sur survie_new
[15:01:12] [ITEM_CANCELLED]: 74Matt annule la vente de 49x Golden Carrot pour 100,000.00β sur survie_new
[15:01:24] [ITEM_RETURNED]: 49 x Golden Carrot  renvoyé à 74Matt le survie_new
[16:05:09] [ITEM_SOLD]: hugoleb vendu 64 x Blaze Rod à  yokianderson pour 600.00 β le survie_new
[17:27:17] [ITEM_LISTED]: Bouletotor vend 64 x Iron Ingot  pour 3,000.00β sur survie_new
[17:27:19] [ITEM_LISTED]: Bouletotor vend 64 x Iron Ingot  pour 3,000.00β sur survie_new
[17:27:31] [ITEM_LISTED]: Bouletotor vend 64 x Coal Ore  pour 1,000.00β sur survie_new
[17:43:58] [ITEM_LISTED]: Yohan81 vend 64 x Cooked Porkchop  pour 60.00β sur survie_new
[17:44:01] [ITEM_LISTED]: Yohan81 vend 64 x Cooked Beef  pour 60.00β sur survie_new
[17:44:02] [ITEM_LISTED]: Yohan81 vend 64 x Cooked Beef  pour 60.00β sur survie_new
[17:44:05] [ITEM_LISTED]: Yohan81 vend 64 x Cooked Porkchop  pour 60.00β sur survie_new
[17:44:15] [ITEM_LISTED]: Yohan81 vend 64 x Cooked Beef  pour 60.00β sur survie_new
[17:44:17] [ITEM_LISTED]: Yohan81 vend 64 x Cooked Beef  pour 60.00β sur survie_new
[17:46:22] [ITEM_LISTED]: Yohan81 vend 64 x Cooked Porkchop  pour 60.00β sur survie_new
[17:46:24] [ITEM_LISTED]: Yohan81 vend 64 x Cooked Porkchop  pour 60.00β sur survie_new
[17:46:26] [ITEM_LISTED]: Yohan81 vend 64 x Cooked Porkchop  pour 60.00β sur survie_new
[17:46:28] [ITEM_LISTED]: Yohan81 vend 64 x Cooked Porkchop  pour 60.00β sur survie_new
[17:46:39] [ITEM_LISTED]: Yohan81 vend 12 x Cooked Porkchop  pour 10.00β sur survie_new
[17:50:34] [ITEM_SOLD]: Blazd vendu 1 x Enchanted Book à  HeFk pour 12,000.00 β le survie_new
[17:55:43] [ITEM_CANCELLED]: Blazd annule la vente de 1x Enchanted Book pour 10,000.00β sur survie_new
[17:55:44] [ITEM_CANCELLED]: Blazd annule la vente de 1x Enchanted Book pour 6,000.00β sur survie_new
[17:55:44] [ITEM_CANCELLED]: Blazd annule la vente de 1x Enchanted Book pour 9,000.00β sur survie_new
[17:55:45] [ITEM_CANCELLED]: Blazd annule la vente de 1x Enchanted Book pour 4,000.00β sur survie_new
[17:55:45] [ITEM_CANCELLED]: Blazd annule la vente de 1x Enchanted Book pour 5,000.00β sur survie_new
[17:55:46] [ITEM_CANCELLED]: Blazd annule la vente de 64x Mycelium pour 20,000.00β sur survie_new
[17:55:47] [ITEM_CANCELLED]: Blazd annule la vente de 64x Ink Sac pour 3,200.00β sur survie_new
[17:55:49] [ITEM_RETURNED]: 64 x Ink Sac  renvoyé à Blazd le survie_new
[17:55:49] [ITEM_RETURNED]: 64 x Mycelium  renvoyé à Blazd le survie_new
[17:55:49] [ITEM_RETURNED]: 1 x Enchanted Book  renvoyé à Blazd le survie_new
[17:55:49] [ITEM_RETURNED]: 1 x Enchanted Book  renvoyé à Blazd le survie_new
[17:55:50] [ITEM_RETURNED]: 1 x Enchanted Book  renvoyé à Blazd le survie_new
[17:55:50] [ITEM_RETURNED]: 1 x Enchanted Book  renvoyé à Blazd le survie_new
[17:55:50] [ITEM_RETURNED]: 1 x Enchanted Book  renvoyé à Blazd le survie_new
[17:57:05] [ITEM_LISTED]: Yohan81 vend 64 x String  pour 40.00β sur survie_new
[17:57:08] [ITEM_LISTED]: Yohan81 vend 18 x String  pour 5.00β sur survie_new
[17:57:13] [ITEM_LISTED]: Blazd vend 1 x Enchanted Book  pour 5,000.00β sur survie_new
[17:57:16] [ITEM_LISTED]: Yohan81 vend 53 x Spider Eye  pour 36.00β sur survie_new
[17:57:20] [ITEM_LISTED]: Blazd vend 1 x Enchanted Book  pour 7,000.00β sur survie_new
[17:57:28] [ITEM_LISTED]: Blazd vend 1 x Enchanted Book  pour 8,000.00β sur survie_new
[17:57:34] [ITEM_LISTED]: Blazd vend 1 x Enchanted Book  pour 8,000.00β sur survie_new
[17:57:47] [ITEM_LISTED]: Blazd vend 1 x Enchanted Book  pour 9,000.00β sur survie_new
[17:57:51] [ITEM_LISTED]: Yohan81 vend 64 x Cooked Porkchop  pour 60.00β sur survie_new
[17:57:53] [ITEM_LISTED]: Yohan81 vend 64 x Cooked Porkchop  pour 60.00β sur survie_new
[17:57:55] [ITEM_LISTED]: Yohan81 vend 64 x Cooked Porkchop  pour 60.00β sur survie_new
[17:57:55] [ITEM_LISTED]: Blazd vend 1 x Enchanted Book  pour 12,000.00β sur survie_new
[17:57:57] [ITEM_LISTED]: Yohan81 vend 64 x Cooked Porkchop  pour 60.00β sur survie_new
[17:58:09] [ITEM_LISTED]: Blazd vend 1 x Enchanted Book  pour 12,000.00β sur survie_new
[17:58:15] [ITEM_LISTED]: Blazd vend 1 x Enchanted Book  pour 14,000.00β sur survie_new
[17:58:29] [ITEM_LISTED]: Blazd vend 64 x Mycelium  pour 10,000.00β sur survie_new
[18:02:35] [ITEM_LISTED]: Yohan81 vend 64 x String  pour 40.00β sur survie_new
[18:02:40] [ITEM_LISTED]: Yohan81 vend 64 x String  pour 40.00β sur survie_new
[18:02:44] [ITEM_LISTED]: Yohan81 vend 56 x String  pour 35.00β sur survie_new
[18:19:29] [ITEM_LISTED]: Blazd vend 64 x Grass Block  pour 5,000.00β sur survie_new
[18:41:25] [ITEM_SOLD]: Yohan81 vendu 64 x Cooked Porkchop à  Bertrand pour 60.00 β le survie_new
[18:41:41] [ITEM_SOLD]: Yohan81 vendu 12 x Cooked Porkchop à  Bertrand pour 10.00 β le survie_new
[19:40:52] [ITEM_SOLD]: Blazd vendu 1 x Enchanted Book à  Geratinapute pour 8,000.00 β le survie_new
[19:41:36] [ITEM_LISTED]: Blazd vend 1 x Enchanted Book  pour 8,000.00β sur survie_new
[19:50:08] [ITEM_SOLD]: Yohan81 vendu 1 x Epée à  [Looting II, Sharpness V, Unbreaking II] Ocarina_Bros pour 4,000.00 β le survie_new
[20:05:02] [ITEM_SOLD]: SeiyaDxD vendu 1 x Enchanted Book à  heca_rime pour 1,000.00 β le survie_new
[20:44:27] [ITEM_CANCELLED]: Tiyi annule la vente de 1x §;§:Spawner à Zombie 1x pour 12,000.00β sur survie_new
[20:44:28] [ITEM_CANCELLED]: Tiyi annule la vente de 1x §;§:Spawner à Arraigné 1x pour 12,000.00β sur survie_new
[20:44:29] [ITEM_CANCELLED]: Tiyi annule la vente de 1x §;§:Spawner à Araignée venimeuse 1x pour 9,000.00β sur survie_new
[20:44:48] [ITEM_RETURNED]: 1 x §;§:Spawner à Zombie 1x  renvoyé à Tiyi le survie_new
[20:44:49] [ITEM_RETURNED]: 1 x §;§:Spawner à Arraigné 1x  renvoyé à Tiyi le survie_new
[20:44:50] [ITEM_RETURNED]: 1 x §;§:Spawner à Araignée venimeuse 1x  renvoyé à Tiyi le survie_new
[20:47:06] [ITEM_LISTED]: Tiyi vend 1 x §;§:Spawner à Zombie 1x  pour 6,000.00β sur survie_new
[20:47:17] [ITEM_LISTED]: Tiyi vend 1 x §;§:Spawner à Arraigné 1x  pour 5,000.00β sur survie_new
[20:47:27] [ITEM_LISTED]: Tiyi vend 1 x §;§:Spawner à Araignée venimeuse 1x  pour 4,500.00β sur survie_new
[20:51:51] [ITEM_LISTED]: Bertrand vend 64 x Cocoa Beans  pour 300.00β sur survie_new
[20:51:56] [ITEM_LISTED]: Bertrand vend 64 x Cocoa Beans  pour 300.00β sur survie_new
[20:52:01] [ITEM_LISTED]: Bertrand vend 64 x Cocoa Beans  pour 300.00β sur survie_new
[21:11:13] [ITEM_LISTED]: Tiyi vend 12 x §;§:Spawner à Araignée venimeuse 1x  pour 40,000.00β sur survie_new
[21:11:18] [ITEM_SOLD]: Tiyi vendu 12 x §;§:Spawner à Araignée venimeuse 1x à  Christophe_ pour 40,000.00 β le survie_new
[21:24:59] [ITEM_LISTED]: Blazd vend 1 x Golden Sword  [Sharpness VIII] pour 2,000.00β sur survie_new
[21:34:29] [ITEM_SOLD]: SSLLOOTTHH vendu 1 x Enchanted Book à  LiKaneH pour 1,000.00 β le survie_new
[21:54:47] [ITEM_LISTED]: GMK001 vend 1 x Enchanted Book  pour 15,000.00β sur survie_new
[21:58:01] [ITEM_CANCELLED]: GMK001 annule la vente de 1x Enchanted Book pour 15,000.00β sur survie_new
[21:58:19] [ITEM_RETURNED]: 1 x Enchanted Book  renvoyé à GMK001 le survie_new
[21:58:33] [ITEM_LISTED]: GMK001 vend 1 x Enchanted Book  pour 10,000.00β sur survie_new
[22:00:28] [ITEM_LISTED]: SSLLOOTTHH vend 1 x Diamond Horse Armor  pour 10.00β sur survie_new
[22:02:28] [ITEM_LISTED]: SSLLOOTTHH vend 1 x §;§:Spawner à Arraigné 1x  pour 2,000.00β sur survie_new
[22:03:50] [ITEM_SOLD]: SSLLOOTTHH vendu 1 x §;§:Spawner à Arraigné 1x à  Tiyi pour 2,000.00 β le survie_new
[22:04:22] [ITEM_CANCELLED]: Tiyi annule la vente de 1x §;§:Spawner à Arraigné 1x pour 5,000.00β sur survie_new
[22:04:26] [ITEM_RETURNED]: 1 x §;§:Spawner à Arraigné 1x  renvoyé à Tiyi le survie_new
[22:06:35] [ITEM_LISTED]: Tiyi vend 4 x §;§:Spawner à Arraigné 1x  pour 15,000.00β sur survie_new
[22:07:05] [ITEM_SOLD]: Tiyi vendu 4 x §;§:Spawner à Arraigné 1x à  Christophe_ pour 15,000.00 β le survie_new
[22:12:15] [ITEM_SOLD]: GMK001 vendu 1 x Enchanted Book à  Tiyi pour 10,000.00 β le survie_new
[22:48:58] [ITEM_LISTED]: SSLLOOTTHH vend 1 x Diamond Shovel  [Unbreaking III] pour 100.00β sur survie_new_the_end
[22:50:27] [ITEM_LISTED]: SSLLOOTTHH vend 1 x Diamond Shovel  [Efficiency IV, Unbreaking III] pour 200.00β sur survie_new_the_end
[22:50:42] [ITEM_LISTED]: SSLLOOTTHH vend 1 x Elytra  pour 20,000.00β sur survie_new_the_end
[22:50:42] [ITEM_SOLD]: SSLLOOTTHH vendu 1 x Diamond Shovel à  [Efficiency IV, Unbreaking III] Christophe_ pour 200.00 β le survie_new_the_end
[23:06:40] [ITEM_LISTED]: SSLLOOTTHH vend 1 x Diamond Sword  [Smite IV, Sweeping Edge III, Unbreaking III] pour 200.00β sur survie_new_the_end
[23:07:18] [ITEM_LISTED]: SSLLOOTTHH vend 1 x Elytra  pour 20,000.00β sur survie_new_the_end
[23:09:04] [ITEM_LISTED]: SSLLOOTTHH vend 1 x Dragon Head  pour 200.00β sur survie_new_the_end
[23:09:46] [ITEM_LISTED]: SSLLOOTTHH vend 1 x Diamond Pickaxe  [Fortune III] pour 300.00β sur survie_new_the_end
[23:10:07] [ITEM_LISTED]: SSLLOOTTHH vend 1 x Diamond Pickaxe  [Efficiency IV, Unbreaking III] pour 1,000.00β sur survie_new_the_end
[23:17:48] [ITEM_CANCELLED]: SSLLOOTTHH annule la vente de 1x Diamond Pickaxe [Efficiency IV, Unbreaking III] pour 1,000.00β sur survie_new_the_end
[23:17:54] [ITEM_RETURNED]: 1 x Diamond Sword  [Bane of Arthropods V] renvoyé à SSLLOOTTHH le survie_new
[23:17:55] [ITEM_RETURNED]: 64 x Redstone Block  renvoyé à SSLLOOTTHH le survie_new
[23:17:56] [ITEM_RETURNED]: 1 x Diamond Pickaxe  [Efficiency IV, Unbreaking III] renvoyé à SSLLOOTTHH le survie_new_the_end
[23:19:29] [ITEM_LISTED]: SSLLOOTTHH vend 1 x Elytra  pour 20,000.00β sur survie_new
[23:26:32] [ITEM_LISTED]: SSLLOOTTHH vend 1 x Elytra  pour 20,000.00β sur survie_new_the_end
[23:27:19] [ITEM_CANCELLED]: SSLLOOTTHH annule la vente de 1x Elytra pour 20,000.00β sur survie_new_the_end
[23:27:21] [ITEM_CANCELLED]: SSLLOOTTHH annule la vente de 1x Elytra pour 20,000.00β sur survie_new_the_end
[23:27:22] [ITEM_CANCELLED]: SSLLOOTTHH annule la vente de 1x Elytra pour 20,000.00β sur survie_new
[23:27:24] [ITEM_RETURNED]: 1 x Elytra  renvoyé à SSLLOOTTHH le survie_new
[23:27:24] [ITEM_RETURNED]: 1 x Elytra  renvoyé à SSLLOOTTHH le survie_new_the_end
[23:27:25] [ITEM_RETURNED]: 1 x Elytra  renvoyé à SSLLOOTTHH le survie_new_the_end
[23:28:37] [ITEM_CANCELLED]: SSLLOOTTHH annule la vente de 1x Elytra pour 20,000.00β sur survie_new_the_end
[23:28:39] [ITEM_RETURNED]: 1 x Elytra  renvoyé à SSLLOOTTHH le survie_new_the_end
[23:29:23] [ITEM_LISTED]: SSLLOOTTHH vend 1 x Elytra  [Unbreaking III] pour 20,000.00β sur survie_new
[23:29:24] [ITEM_LISTED]: SSLLOOTTHH vend 1 x Elytra  [Unbreaking III] pour 20,000.00β sur survie_new
[23:29:25] [ITEM_LISTED]: SSLLOOTTHH vend 1 x Elytra  [Unbreaking III] pour 20,000.00β sur survie_new
[23:29:27] [ITEM_LISTED]: SSLLOOTTHH vend 1 x Elytra  [Unbreaking III] pour 20,000.00β sur survie_new
[23:45:56] [ITEM_LISTED]: SSLLOOTTHH vend 64 x Cookie  pour 0.00β sur survie_new
