[02:58:05] [ITEM_SOLD]: Kaam98 vend 1x Golden Sword sur limastic pour $20.00 sur world
[03:46:19] [ITEM_LISTED]: Kaam98 listed 1x Diamond Pickaxe [Efficiency V, Fortune III, Mending, Unbreaking III] for $15,000.00 on Survie
[14:23:58] [ITEM_SOLD]: Kaam98 vend 64x Cooked Chicken sur limastic pour $180.00 sur world
[15:55:12] [ITEM_LISTED]: Yageko listed 64x Sand for $45.00 on spawn
[15:55:36] [ITEM_LISTED]: Yageko listed 64x Sand for $45.00 on spawn
[15:56:50] [ITEM_LISTED]: Yageko listed 28x Dispenser for $20.00 on spawn
[16:14:51] [ITEM_LISTED]: Kaam98 listed 32x Tipped Arrow for $1,000.00 on spawn
[16:14:54] [ITEM_LISTED]: Kaam98 listed 32x Tipped Arrow for $1,000.00 on spawn
[16:16:43] [ITEM_LISTED]: Kaam98 listed 1x Wither Skeleton Skull for $5,000.00 on spawn
[16:16:45] [ITEM_LISTED]: Kaam98 listed 1x Wither Skeleton Skull for $5,000.00 on spawn
[16:16:47] [ITEM_LISTED]: Kaam98 listed 1x Wither Skeleton Skull for $5,000.00 on spawn
[16:16:54] [ITEM_LISTED]: Kaam98 listed 1x Nether Star for $21,000.00 on spawn
[16:18:17] [ITEM_CANCELLED]: limastic cancelled an auction for 1x Mistery Box for $50,000.00 on Survie
[16:18:19] [ITEM_RETURNED]: Retour 1x Mistery Box de limastic sur Survie
[18:00:07] [ITEM_CANCELLED]: Kaam98 cancelled an auction for 32x Tipped Arrow for $1,000.00 on spawn
[18:00:08] [ITEM_CANCELLED]: Kaam98 cancelled an auction for 1x Wither Skeleton Skull for $5,000.00 on spawn
[18:00:09] [ITEM_CANCELLED]: Kaam98 cancelled an auction for 32x Tipped Arrow for $1,000.00 on spawn
[18:00:16] [ITEM_RETURNED]: Retour 32x Tipped Arrow de Kaam98 sur spawn
[18:00:16] [ITEM_RETURNED]: Retour 32x Tipped Arrow de Kaam98 sur spawn
[18:00:17] [ITEM_RETURNED]: Retour 64x Baked Potato de Kaam98 sur world
[18:00:17] [ITEM_RETURNED]: Retour 64x Baked Potato de Kaam98 sur world
[18:00:18] [ITEM_RETURNED]: Retour 64x Baked Potato de Kaam98 sur world
[18:00:19] [ITEM_RETURNED]: Retour 1x Wither Skeleton Skull de Kaam98 sur spawn
[18:00:28] [ITEM_LISTED]: Kaam98 listed 1x Wither Skeleton Skull for $5,000.00 on spawn
[18:00:39] [ITEM_LISTED]: limastic listed 1x Shulker Box for $5,000.00 on Survie
[18:00:45] [ITEM_LISTED]: limastic listed 1x Shulker Box for $5,000.00 on Survie
[18:00:52] [ITEM_LISTED]: limastic listed 1x Shulker Box for $5,000.00 on Survie
[18:01:18] [ITEM_LISTED]: limastic listed 1x Shulker Box for $5,000.00 on Survie
[18:02:15] [ITEM_LISTED]: limastic listed 1x Potion for $1,000.00 on Survie
[18:02:18] [ITEM_LISTED]: limastic listed 1x Potion for $1,000.00 on Survie
[18:05:51] [ITEM_LISTED]: limastic listed 1x Diamond Leggings [Unbreaking III, Curse of Vanishing] for $500.00 on Survie
[18:06:11] [ITEM_LISTED]: limastic listed 1x Diamond Chestplate [Fire Protection III] for $500.00 on Survie
[18:06:27] [ITEM_LISTED]: limastic listed 1x Diamond Chestplate [Curse of Binding, Protection IV] for $700.00 on Survie
[18:07:22] [ITEM_CANCELLED]: Amaxet cancelled an auction for 1x Enchanted Book for $4,000.00 on world
[18:07:25] [ITEM_RETURNED]: Retour 1x Enchanted Book de Amaxet sur world
[18:07:46] [ITEM_LISTED]: Amaxet listed 1x Infinity breaker [Flame, Infinity, Power V, Punch II, Unbreaking III] for $25,000.00 on spawn
[20:09:59] [ITEM_LISTED]: H_Caw listed 8x String for $160.00 on Survie
[20:10:02] [ITEM_LISTED]: H_Caw listed 8x String for $160.00 on Survie
[20:10:10] [ITEM_LISTED]: H_Caw listed 8x String for $160.00 on Survie
[20:10:13] [ITEM_LISTED]: H_Caw listed 8x String for $160.00 on Survie
[20:12:25] [ITEM_LISTED]: H_Caw listed 1x Saddle for $320.00 on Survie
[20:12:27] [ITEM_LISTED]: H_Caw listed 1x Saddle for $320.00 on Survie
[20:12:30] [ITEM_LISTED]: H_Caw listed 1x Saddle for $320.00 on Survie
[20:13:52] [ITEM_LISTED]: H_Caw listed 8x Lapis Block for $400.00 on Survie
[20:13:56] [ITEM_LISTED]: H_Caw listed 8x Lapis Block for $400.00 on Survie
[20:14:16] [ITEM_LISTED]: H_Caw listed 16x Coal Block for $400.00 on Survie
[20:14:19] [ITEM_LISTED]: H_Caw listed 16x Coal Block for $400.00 on Survie
[20:14:51] [ITEM_LISTED]: H_Caw listed 8x Nether Wart for $2,000.00 on Survie
[20:15:28] [ITEM_LISTED]: H_Caw listed 16x Black Glazed Terracotta for $2,000.00 on Survie
[20:15:31] [ITEM_LISTED]: H_Caw listed 16x Black Glazed Terracotta for $2,000.00 on Survie
[20:16:58] [ITEM_LISTED]: H_Caw listed 64x Oak Log for $340.00 on Survie
[20:17:01] [ITEM_LISTED]: H_Caw listed 64x Oak Log for $340.00 on Survie
[20:17:04] [ITEM_LISTED]: H_Caw listed 64x Oak Log for $340.00 on Survie
[20:17:08] [ITEM_LISTED]: H_Caw listed 64x Oak Log for $340.00 on Survie
[20:17:10] [ITEM_LISTED]: H_Caw listed 64x Oak Log for $340.00 on Survie
[20:17:12] [ITEM_LISTED]: H_Caw listed 64x Oak Log for $340.00 on Survie
[20:17:26] [ITEM_LISTED]: H_Caw listed 64x Birch Log for $340.00 on Survie
[20:17:33] [ITEM_LISTED]: H_Caw listed 64x Birch Log for $340.00 on Survie
[20:19:04] [ITEM_LISTED]: H_Caw listed 8x Iron Block for $400.00 on Survie
[20:19:10] [ITEM_LISTED]: H_Caw listed 8x Iron Block for $400.00 on Survie
[20:19:16] [ITEM_LISTED]: H_Caw listed 8x Iron Block for $400.00 on Survie
[20:19:19] [ITEM_LISTED]: H_Caw listed 8x Iron Block for $400.00 on Survie
[20:28:43] [ITEM_LISTED]: H_Caw listed 8x Nether Wart for $2,000.00 on Survie
[20:28:45] [ITEM_LISTED]: H_Caw listed 8x Nether Wart for $2,000.00 on Survie
[22:14:15] [ITEM_LISTED]: H_Caw listed 8x Iron Block for $480.00 on Survie
[22:14:18] [ITEM_LISTED]: H_Caw listed 8x Iron Block for $480.00 on Survie
[22:14:20] [ITEM_LISTED]: H_Caw listed 8x Iron Block for $480.00 on Survie
[23:24:32] [ITEM_LISTED]: Piltrax listed 1x Iron Sword [Sharpness III] for $100.00 on Survie
[23:24:41] [ITEM_LISTED]: Piltrax listed 1x Iron Leggings [Mending, Protection IV] for $200.00 on Survie
[23:40:35] [ITEM_SOLD]: Piltrax vend 1x Iron Sword sur  [Sharpness III]Amaxet pour $100.00 sur Survie
[23:42:13] [ITEM_LISTED]: Piltrax listed 1x Diamond Pickaxe [Unbreaking III] for $500.00 on Survie
[23:42:22] [ITEM_LISTED]: Piltrax listed 1x Diamond Pickaxe [Unbreaking III] for $300.00 on Survie
[23:42:47] [ITEM_LISTED]: Piltrax listed 1x Iron Pickaxe [Mending] for $2,500.00 on Survie
[23:47:17] [ITEM_LISTED]: Piltrax listed 1x Diamond Helmet [Fire Protection IV, Unbreaking III] for $300.00 on Ressource
[23:47:20] [ITEM_LISTED]: Piltrax listed 1x Diamond Chestplate [Blast Protection IV] for $300.00 on Ressource
[23:47:26] [ITEM_LISTED]: Piltrax listed 1x Diamond Chestplate [Protection III, Curse of Vanishing] for $400.00 on Ressource
[23:51:03] [ITEM_LISTED]: limastic listed 1x Ominous Banner for $100.00 on Ressource
