[21:14:09] [ITEM_LISTED]: Kaam98 listed 1x Lantern for $2.00 on world
[21:14:47] [ITEM_SOLD]: Kaam98 sold 1x Lantern to Toryar for $2.00 on world
[21:18:00] [ITEM_LISTED]: H_Caw listed 12x Stone Brick Stairs for $20.00 on world
[21:18:08] [ITEM_SOLD]: H_Caw sold 12x Stone Brick Stairs to Toryar for $20.00 on world
[21:18:52] [ITEM_LISTED]: H_Caw listed 6x Stone for $1.00 on world
[21:19:18] [ITEM_CANCELLED]: H_Caw cancelled an auction for 6x Stone for $1.00 on world
[21:19:18] [ITEM_LISTED]: H_Caw listed 32x Stone for $1.00 on world
[21:19:23] [ITEM_SOLD]: H_Caw sold 32x Stone to Toryar for $1.00 on world
[21:19:36] [ITEM_LISTED]: H_Caw listed 17x Stone for $1.00 on world
[21:19:42] [ITEM_SOLD]: H_Caw sold 17x Stone to Toryar for $1.00 on world
[21:21:24] [ITEM_LISTED]: fredo listed 1x Woodland Explorer Map for $5,000.00 on world
[21:24:27] [ITEM_LISTED]: Kaam98 listed 64x Potato for $80.00 on world
[21:24:31] [ITEM_LISTED]: Kaam98 listed 64x Potato for $80.00 on world
[21:24:35] [ITEM_LISTED]: Kaam98 listed 64x Potato for $80.00 on world
[21:24:38] [ITEM_LISTED]: Kaam98 listed 64x Potato for $80.00 on world
[23:06:21] [ITEM_LISTED]: ExE_MethyloR listed 1x Golden Apple for $10.00 on world
[23:07:14] [ITEM_LISTED]: ExE_MethyloR listed 1x Zombie Head for $500.00 on world
[23:21:05] [ITEM_SOLD]: Kaam98 vend 64x Potato sur Mr_Lezzy pour $80.00 sur world
[23:21:07] [ITEM_SOLD]: Kaam98 vend 64x Potato sur Mr_Lezzy pour $80.00 sur world
[23:21:28] [ITEM_LISTED]: Amaxet listed 1x Enchanted Book for $15,000.00 on world
[23:26:45] [ITEM_LISTED]: Mr_Lezzy listed 64x Bread for $150.00 on Survie
[23:26:47] [ITEM_LISTED]: Mr_Lezzy listed 64x Bread for $150.00 on Survie
[23:26:49] [ITEM_LISTED]: Mr_Lezzy listed 64x Bread for $150.00 on Survie
[23:26:50] [ITEM_LISTED]: Mr_Lezzy listed 64x Bread for $150.00 on Survie
[23:26:51] [ITEM_LISTED]: Mr_Lezzy listed 64x Bread for $150.00 on Survie
[23:26:56] [ITEM_LISTED]: Mr_Lezzy listed 64x Bread for $150.00 on Survie
[23:26:58] [ITEM_LISTED]: Mr_Lezzy listed 64x Bread for $150.00 on Survie
[23:27:16] [ITEM_LISTED]: Mr_Lezzy listed 1x Enchanted Book for $2,500.00 on Survie
[23:31:20] [ITEM_LISTED]: Mr_Lezzy listed 1x Diamond Pickaxe [Unbreaking III, Fortune III] for $6,500.00 on Survie
