[00:14:02] [ITEM_LISTED]: LLIcocoman_Hrz vend 1 x Globe  pour 10,000.00β sur survie_new
[00:14:22] [ITEM_SOLD]: LLIcocoman_Hrz vendu 1 x Globe à  Christophe_ pour 10,000.00 β le survie_new
[09:58:11] [ITEM_RETURNED]: 1 x Enchanted Book  renvoyé à Kaio_Beninou le survie_new
[09:58:33] [ITEM_LISTED]: Kaio_Beninou vend 1 x Enchanted Book  pour 20,000.00β sur survie_new
[09:58:39] [ITEM_LISTED]: Kaio_Beninou vend 10 x Ink Sac  pour 500.00β sur survie_new
[09:58:50] [ITEM_LISTED]: Kaio_Beninou vend 1 x Shulker Box  pour 6,500.00β sur survie_new
[10:30:28] [ITEM_SOLD]: RoroElPadre vendu 1 x Enchanted Book à  TheSolobaid pour 2,000.00 β le survie_new
[12:52:54] [ITEM_LISTED]: Darinor_ vend 1 x Kit Médical  pour 6,000.00β sur survie_new
[15:10:56] [ITEM_LISTED]: Yohan81 vend 1 x Enchanted Book  pour 3,000.00β sur survie_new
[15:18:29] [ITEM_LISTED]: Yohan81 vend 1 x Diamond Sword  [Looting IV, Sharpness III, Sweeping Edge III] pour 3,000.00β sur survie_new
[15:18:37] [ITEM_CANCELLED]: Yohan81 annule la vente de 1x Diamond Sword [Looting IV, Sharpness III, Sweeping Edge III] pour 3,000.00β sur survie_new
[15:18:53] [ITEM_RETURNED]: 1 x Diamond Sword  [Looting IV, Sharpness III, Sweeping Edge III] renvoyé à Yohan81 le survie_new
[16:28:11] [ITEM_LISTED]: Kaio_Beninou vend 64 x Emerald  pour 5,000.00β sur survie_new
[16:28:15] [ITEM_LISTED]: Kaio_Beninou vend 64 x Emerald  pour 5,000.00β sur survie_new
[16:29:46] [ITEM_SOLD]: Kaio_Beninou vendu 64 x Emerald à  Yohan81 pour 5,000.00 β le survie_new
[16:30:38] [ITEM_SOLD]: Kaio_Beninou vendu 64 x Emerald à  Yohan81 pour 5,000.00 β le survie_new
[16:32:03] [ITEM_LISTED]: Kaio_Beninou vend 64 x Emerald  pour 5,000.00β sur survie_new
[16:32:07] [ITEM_SOLD]: Kaio_Beninou vendu 64 x Emerald à  Yohan81 pour 5,000.00 β le survie_new
[16:33:33] [ITEM_LISTED]: Yohan81 vend 2 x Émeraude  pour 160.00β sur survie_new
[16:33:40] [ITEM_LISTED]: Yohan81 vend 1 x Emerald  pour 80.00β sur survie_new
[16:40:58] [ITEM_RETURNED]: 64 x Fire Coral Block  renvoyé à Sifflote le survie_new
[16:40:59] [ITEM_RETURNED]: 64 x Tube Coral Block  renvoyé à Sifflote le survie_new
[16:56:25] [ITEM_LISTED]: Kaio_Beninou vend 53 x Gunpowder  pour 4,200.00β sur survie_new
[16:56:34] [ITEM_SOLD]: Kaio_Beninou vendu 53 x Gunpowder à  Yohan81 pour 4,200.00 β le survie_new
[17:22:39] [ITEM_LISTED]: Yohan81 vend 8 x Morceau de Parchemin  pour 320.00β sur survie_new
[17:48:36] [ITEM_SOLD]: Yohan81 vendu 2 x Émeraude à  ketsumochi pour 160.00 β le survie_new
[17:48:37] [ITEM_SOLD]: Yohan81 vendu 1 x Emerald à  ketsumochi pour 80.00 β le survie_new
[17:50:06] [ITEM_SOLD]: RoroElPadre vendu 1 x Enchanted Book à  ketsumochi pour 800.00 β le survie_new
[17:54:56] [ITEM_LISTED]: ketsumochi vend 64 x Bamboo  pour 100.00β sur survie_new
[17:55:02] [ITEM_LISTED]: ketsumochi vend 64 x Bamboo  pour 100.00β sur survie_new
[17:55:07] [ITEM_LISTED]: ketsumochi vend 64 x Bamboo  pour 100.00β sur survie_new
[17:55:09] [ITEM_LISTED]: ketsumochi vend 64 x Bamboo  pour 100.00β sur survie_new
[17:55:11] [ITEM_LISTED]: ketsumochi vend 64 x Bamboo  pour 100.00β sur survie_new
[17:55:27] [ITEM_LISTED]: ketsumochi vend 58 x Bamboo  pour 90.00β sur survie_new
[19:38:49] [ITEM_LISTED]: CouzVeBaton vend 1 x Lead  pour 10.00β sur survie_new
[19:39:04] [ITEM_CANCELLED]: CouzVeBaton annule la vente de 1x Lead pour 10.00β sur survie_new
[19:39:16] [ITEM_RETURNED]: 1 x Lead  renvoyé à CouzVeBaton le survie_new
[19:41:32] [ITEM_LISTED]: CouzVeBaton vend 1 x La Grande Pioche  [Efficiency X, Fortune V, Unbreaking VIII, Curse of Vanishing] pour 1,000,000.00β sur survie_new
[19:41:40] [ITEM_CANCELLED]: CouzVeBaton annule la vente de 1x La Grande Pioche [Efficiency X, Fortune V, Unbreaking VIII, Curse of Vanishing] pour 1,000,000.00β sur survie_new
[19:41:45] [ITEM_RETURNED]: 1 x La Grande Pioche  [Efficiency X, Fortune V, Unbreaking VIII, Curse of Vanishing] renvoyé à CouzVeBaton le survie_new
[21:08:29] [ITEM_LISTED]: Stebanou vend 1 x Wither Rose  pour 5,000.00β sur survie_new
[21:08:31] [ITEM_LISTED]: Stebanou vend 1 x Wither Rose  pour 5,000.00β sur survie_new
[21:25:44] [ITEM_SOLD]: Minebark vendu 1 x Shulker Box à  Zarbikop pour 3,000.00 β le survie_new
[21:36:28] [ITEM_LISTED]: pikatchou82 vend 1 x Diamond Shovel  [Efficiency IV, Silk Touch, Unbreaking III] pour 800.00β sur survie_new
[21:36:41] [ITEM_CANCELLED]: pikatchou82 annule la vente de 1x Diamond Shovel [Efficiency IV, Silk Touch, Unbreaking III] pour 800.00β sur survie_new
[21:36:49] [ITEM_RETURNED]: 1 x Diamond Shovel  [Efficiency IV, Silk Touch, Unbreaking III] renvoyé à pikatchou82 le survie_new
[21:37:04] [ITEM_LISTED]: pikatchou82 vend 64 x Iron Door  pour 800.00β sur survie_new
[21:37:15] [ITEM_LISTED]: pikatchou82 vend 64 x Iron Door  pour 800.00β sur survie_new
[21:40:47] [ITEM_LISTED]: pikatchou82 vend 16 x Bucket  pour 800.00β sur survie_new
[21:41:06] [ITEM_LISTED]: pikatchou82 vend 16 x Bucket  pour 800.00β sur survie_new
[21:41:09] [ITEM_LISTED]: pikatchou82 vend 16 x Bucket  pour 800.00β sur survie_new
[21:41:11] [ITEM_LISTED]: pikatchou82 vend 16 x Bucket  pour 800.00β sur survie_new
[21:41:35] [ITEM_RETURNED]: 1 x Enchanted Book  renvoyé à pikatchou82 le survie_new
[21:41:35] [ITEM_RETURNED]: 1 x Enchanted Book  renvoyé à pikatchou82 le survie_new
[21:41:35] [ITEM_RETURNED]: 1 x Enchanted Book  renvoyé à pikatchou82 le survie_new
[21:41:36] [ITEM_RETURNED]: 1 x Enchanted Book  renvoyé à pikatchou82 le survie_new
[21:41:36] [ITEM_RETURNED]: 1 x Enchanted Book  renvoyé à pikatchou82 le survie_new
[21:41:36] [ITEM_RETURNED]: 1 x Enchanted Book  renvoyé à pikatchou82 le survie_new
[21:41:37] [ITEM_RETURNED]: 1 x Enchanted Book  renvoyé à pikatchou82 le survie_new
[21:41:37] [ITEM_RETURNED]: 1 x Enchanted Book  renvoyé à pikatchou82 le survie_new
[21:41:37] [ITEM_RETURNED]: 1 x Enchanted Book  renvoyé à pikatchou82 le survie_new
[21:41:38] [ITEM_RETURNED]: 1 x Enchanted Book  renvoyé à pikatchou82 le survie_new
[21:41:38] [ITEM_RETURNED]: 1 x Enchanted Book  renvoyé à pikatchou82 le survie_new
[21:41:38] [ITEM_RETURNED]: 1 x Enchanted Book  renvoyé à pikatchou82 le survie_new
[21:41:39] [ITEM_RETURNED]: 1 x Enchanted Book  renvoyé à pikatchou82 le survie_new
[21:41:39] [ITEM_RETURNED]: 1 x Enchanted Book  renvoyé à pikatchou82 le survie_new
[21:41:39] [ITEM_RETURNED]: 1 x Enchanted Book  renvoyé à pikatchou82 le survie_new
[21:41:39] [ITEM_RETURNED]: 1 x Enchanted Book  renvoyé à pikatchou82 le survie_new
[21:41:40] [ITEM_RETURNED]: 1 x Enchanted Book  renvoyé à pikatchou82 le survie_new
[21:41:40] [ITEM_RETURNED]: 1 x Enchanted Book  renvoyé à pikatchou82 le survie_new
[21:41:40] [ITEM_RETURNED]: 1 x Enchanted Book  renvoyé à pikatchou82 le survie_new
[21:41:41] [ITEM_CANCELLED]: pikatchou82 annule la vente de 16x Bucket pour 800.00β sur survie_new
[21:41:45] [ITEM_RETURNED]: 16 x Bucket  renvoyé à pikatchou82 le survie_new
[21:42:15] [ITEM_LISTED]: pikatchou82 vend 1 x Enchanted Book  pour 900.00β sur survie_new
[21:42:18] [ITEM_LISTED]: pikatchou82 vend 1 x Enchanted Book  pour 900.00β sur survie_new
[21:42:21] [ITEM_LISTED]: pikatchou82 vend 1 x Enchanted Book  pour 900.00β sur survie_new
[21:42:23] [ITEM_LISTED]: pikatchou82 vend 1 x Enchanted Book  pour 900.00β sur survie_new
[21:42:25] [ITEM_LISTED]: pikatchou82 vend 1 x Enchanted Book  pour 900.00β sur survie_new
[21:42:27] [ITEM_LISTED]: pikatchou82 vend 1 x Enchanted Book  pour 900.00β sur survie_new
[21:42:29] [ITEM_LISTED]: pikatchou82 vend 1 x Enchanted Book  pour 900.00β sur survie_new
[21:42:31] [ITEM_LISTED]: pikatchou82 vend 1 x Enchanted Book  pour 900.00β sur survie_new
[21:42:33] [ITEM_LISTED]: pikatchou82 vend 1 x Enchanted Book  pour 900.00β sur survie_new
[21:42:42] [ITEM_LISTED]: pikatchou82 vend 1 x Enchanted Book  pour 900.00β sur survie_new
[21:42:45] [ITEM_LISTED]: pikatchou82 vend 1 x Enchanted Book  pour 900.00β sur survie_new
[21:42:47] [ITEM_LISTED]: pikatchou82 vend 1 x Enchanted Book  pour 900.00β sur survie_new
[21:42:49] [ITEM_LISTED]: pikatchou82 vend 1 x Enchanted Book  pour 900.00β sur survie_new
[21:42:51] [ITEM_LISTED]: pikatchou82 vend 1 x Enchanted Book  pour 900.00β sur survie_new
[21:42:53] [ITEM_LISTED]: pikatchou82 vend 1 x Enchanted Book  pour 900.00β sur survie_new
[21:42:55] [ITEM_LISTED]: pikatchou82 vend 1 x Enchanted Book  pour 900.00β sur survie_new
[21:42:57] [ITEM_LISTED]: pikatchou82 vend 1 x Enchanted Book  pour 900.00β sur survie_new
[21:42:59] [ITEM_LISTED]: pikatchou82 vend 1 x Enchanted Book  pour 900.00β sur survie_new
[21:43:08] [ITEM_LISTED]: pikatchou82 vend 1 x Enchanted Book  pour 900.00β sur survie_new
[21:43:29] [ITEM_LISTED]: pikatchou82 vend 1 x 6lEpée  [Fire Aspect II, Knockback II, Looting II, Sharpness V, Unbreaking II] pour 900.00β sur survie_new
[21:43:41] [ITEM_CANCELLED]: pikatchou82 annule la vente de 1x 6lEpée [Fire Aspect II, Knockback II, Looting II, Sharpness V, Unbreaking II] pour 900.00β sur survie_new
[21:43:44] [ITEM_RETURNED]: 1 x 6lEpée  [Fire Aspect II, Knockback II, Looting II, Sharpness V, Unbreaking II] renvoyé à pikatchou82 le survie_new
[21:44:09] [ITEM_LISTED]: pikatchou82 vend 16 x Bucket  pour 900.00β sur survie_new
[21:46:54] [ITEM_SOLD]: Solasis7 vendu 64 x Smooth Stone à  pikatchou82 pour 150.00 β le survie_new
[21:46:56] [ITEM_SOLD]: Solasis7 vendu 64 x Smooth Stone à  pikatchou82 pour 150.00 β le survie_new
[21:46:57] [ITEM_SOLD]: Solasis7 vendu 64 x Smooth Stone à  pikatchou82 pour 150.00 β le survie_new
[21:56:52] [ITEM_LISTED]: Darinor_ vend 1 x Chambre Magique  pour 2,000.00β sur survie_new
[21:57:01] [ITEM_CANCELLED]: Darinor_ annule la vente de 1x Kit Médical pour 6,000.00β sur survie_new
[21:57:14] [ITEM_RETURNED]: 1 x Kit Médical  renvoyé à Darinor_ le survie_new
[21:57:23] [ITEM_LISTED]: Darinor_ vend 1 x Kit Médical  pour 3,000.00β sur survie_new
[22:07:08] [ITEM_LISTED]: pikatchou82 vend 64 x Anvil  pour 5,000.00β sur survie_new
[22:07:18] [ITEM_LISTED]: pikatchou82 vend 64 x Anvil  pour 7,000.00β sur survie_new
[22:27:31] [ITEM_SOLD]: Darinor_ vendu 1 x Chambre Magique à  Zarbikop pour 2,000.00 β le survie_new
[22:28:52] [ITEM_CANCELLED]: pikatchou82 annule la vente de 64x Iron Block pour 10,000.00β sur survie_new
[22:28:54] [ITEM_CANCELLED]: pikatchou82 annule la vente de 64x Iron Block pour 10,000.00β sur survie_new
[22:28:56] [ITEM_RETURNED]: 64 x Iron Block  renvoyé à pikatchou82 le survie_new
[22:28:56] [ITEM_RETURNED]: 64 x Iron Block  renvoyé à pikatchou82 le survie_new
[22:29:09] [ITEM_LISTED]: pikatchou82 vend 64 x Anvil  pour 10,000.00β sur survie_new
[22:36:42] [ITEM_LISTED]: pikatchou82 vend 64 x Anvil  pour 7,000.00β sur survie_new
[23:01:42] [ITEM_SOLD]: Darinor_ vendu 1 x Diamond Shovel à  [Efficiency IV, Unbreaking III] Hypnotiica pour 800.00 β le survie_new_the_end
[23:07:37] [ITEM_SOLD]: pikatchou82 vendu 1 x Enchanted Book à  Zarbikop pour 4,000.00 β le survie_new
[23:08:13] [ITEM_SOLD]: Haru_M vendu 1 x Enchanted Book à  Zarbikop pour 8,500.00 β le survie_new
[23:08:17] [ITEM_SOLD]: Haru_M vendu 1 x Enchanted Book à  Zarbikop pour 8,500.00 β le survie_new
