[00:02:12] [ITEM_LISTED]: Nadreel vend 1 x Iron Pickaxe  [Efficiency I, Unbreaking I] pour 1,500.00β sur survie_new
[00:02:21] [ITEM_LISTED]: Nadreel vend 1 x Leather Chestplate  [Protection II] pour 1,800.00β sur survie_new
[00:02:38] [ITEM_CANCELLED]: Nadreel annule la vente de 1x Epée [Looting II, Sharpness V, Unbreaking II] pour 11,000.00β sur survie_new
[00:02:38] [ITEM_CANCELLED]: Nadreel annule la vente de 1x Iron Pickaxe [Efficiency I, Unbreaking I] pour 1,500.00β sur survie_new
[00:02:38] [ITEM_CANCELLED]: Nadreel annule la vente de 1x Leather Chestplate [Protection II] pour 1,800.00β sur survie_new
[00:02:44] [ITEM_RETURNED]: 1 x Epée  [Looting II, Sharpness V, Unbreaking II] renvoyé à Nadreel le survie_new
[00:02:45] [ITEM_RETURNED]: 1 x Iron Pickaxe  [Efficiency I, Unbreaking I] renvoyé à Nadreel le survie_new
[00:02:46] [ITEM_RETURNED]: 1 x Leather Chestplate  [Protection II] renvoyé à Nadreel le survie_new
[00:02:50] [ITEM_LISTED]: Nadreel vend 1 x Iron Pickaxe  [Efficiency I, Unbreaking I] pour 1,800.00β sur survie_new
[00:02:58] [ITEM_LISTED]: Nadreel vend 1 x Epée  [Looting II, Sharpness V, Unbreaking II] pour 10,000.00β sur survie_new
[01:42:17] [ITEM_LISTED]: _megamigit_ vend 1 x Journal de quêtes  pour 1.00β sur survie_new
[09:45:19] [ITEM_SOLD]: Nadreel vendu 1 x Epée à  [Looting II, Sharpness V, Unbreaking II] Skylord28 pour 10,000.00 β le survie_new
[10:05:06] [ITEM_SOLD]: WyRz_ vendu 64 x Blaze Rod à  HeFk pour 100.00 β le survie_new
[10:17:45] [ITEM_SOLD]: Murdock_Co vendu 64 x Bread à  PouetPouet_ pour 150.00 β le survie_new
[10:17:46] [ITEM_SOLD]: Murdock_Co vendu 64 x Bread à  PouetPouet_ pour 150.00 β le survie_new
[10:17:47] [ITEM_SOLD]: Murdock_Co vendu 64 x Bread à  PouetPouet_ pour 150.00 β le survie_new
[11:05:55] [ITEM_LISTED]: limastic vend 2 x Ghast Tear  pour 100.00β sur survie_new
[11:06:01] [ITEM_LISTED]: limastic vend 52 x Gold Nugget  pour 150.00β sur survie_new
[11:16:45] [ITEM_SOLD]: MyNameIs42 vendu 64 x Bread à  Yohan81 pour 100.00 β le survie_new
[11:18:57] [ITEM_SOLD]: limastic vendu 2 x Ghast Tear à  Mikiu_Ahegao pour 100.00 β le survie_new
[11:21:48] [ITEM_LISTED]: Mikiu_Ahegao vend 1 x Potion  pour 250.00β sur survie_new
[11:22:07] [ITEM_LISTED]: Yohan81 vend 64 x Lily Pad  pour 50.00β sur survie_new
[11:22:41] [ITEM_SOLD]: Yohan81 vendu 64 x Lily Pad à  MyNameIs42 pour 50.00 β le survie_new
[11:22:49] [ITEM_LISTED]: Mikiu_Ahegao vend 1 x Potion  pour 300.00β sur survie_new
[11:23:05] [ITEM_LISTED]: Mikiu_Ahegao vend 1 x Potion  pour 300.00β sur survie_new
[11:25:47] [ITEM_LISTED]: Yohan81 vend 64 x Lily Pad  pour 50.00β sur survie_new
[11:26:11] [ITEM_SOLD]: Yohan81 vendu 64 x Lily Pad à  MyNameIs42 pour 50.00 β le survie_new
[11:27:46] [ITEM_LISTED]: Yohan81 vend 64 x Sugar Cane  pour 100.00β sur survie_new
[11:27:50] [ITEM_LISTED]: Yohan81 vend 64 x Sugar Cane  pour 100.00β sur survie_new
[11:27:53] [ITEM_LISTED]: Yohan81 vend 64 x Sugar Cane  pour 100.00β sur survie_new
[11:27:56] [ITEM_SOLD]: Yohan81 vendu 64 x Sugar Cane à  _megamigit_ pour 100.00 β le survie_new
[11:27:57] [ITEM_LISTED]: Yohan81 vend 64 x Sugar Cane  pour 100.00β sur survie_new
[11:27:58] [ITEM_SOLD]: Yohan81 vendu 64 x Sugar Cane à  _megamigit_ pour 100.00 β le survie_new
[11:28:00] [ITEM_SOLD]: Yohan81 vendu 64 x Sugar Cane à  _megamigit_ pour 100.00 β le survie_new
[11:28:02] [ITEM_SOLD]: Yohan81 vendu 64 x Sugar Cane à  _megamigit_ pour 100.00 β le survie_new
[11:28:09] [ITEM_LISTED]: Yohan81 vend 64 x Sugar Cane  pour 100.00β sur survie_new
[11:28:24] [ITEM_SOLD]: Yohan81 vendu 64 x Sugar Cane à  _megamigit_ pour 100.00 β le survie_new
[11:28:36] [ITEM_CANCELLED]: limastic annule la vente de 1x Carrot [Knockback50] pour 1,000,000.00β sur survie_new
[11:28:42] [ITEM_RETURNED]: 1 x Carrot  [Knockback50] renvoyé à limastic le survie_new
[11:28:46] [ITEM_LISTED]: Yohan81 vend 64 x Sugar Cane  pour 100.00β sur survie_new
[11:28:48] [ITEM_LISTED]: Yohan81 vend 64 x Sugar Cane  pour 100.00β sur survie_new
[11:28:50] [ITEM_LISTED]: Yohan81 vend 64 x Sugar Cane  pour 100.00β sur survie_new
[11:28:54] [ITEM_LISTED]: limastic vend 1 x Carrot  [Knockback50] pour 500,000.00β sur survie_new
[11:29:18] [ITEM_LISTED]: Yohan81 vend 64 x Sugar Cane  pour 100.00β sur survie_new
[11:29:22] [ITEM_LISTED]: Yohan81 vend 64 x Sugar Cane  pour 100.00β sur survie_new
[11:29:25] [ITEM_SOLD]: Yohan81 vendu 64 x Sugar Cane à  _megamigit_ pour 100.00 β le survie_new
[11:29:26] [ITEM_LISTED]: Yohan81 vend 64 x Sugar Cane  pour 100.00β sur survie_new
[11:29:26] [ITEM_SOLD]: Yohan81 vendu 64 x Sugar Cane à  _megamigit_ pour 100.00 β le survie_new
[11:29:30] [ITEM_SOLD]: Yohan81 vendu 64 x Sugar Cane à  _megamigit_ pour 100.00 β le survie_new
[11:29:31] [ITEM_SOLD]: Yohan81 vendu 64 x Sugar Cane à  _megamigit_ pour 100.00 β le survie_new
[11:29:32] [ITEM_SOLD]: Yohan81 vendu 64 x Sugar Cane à  _megamigit_ pour 100.00 β le survie_new
[11:29:34] [ITEM_SOLD]: Yohan81 vendu 64 x Sugar Cane à  _megamigit_ pour 100.00 β le survie_new
[11:29:51] [ITEM_LISTED]: Yohan81 vend 64 x Sugar Cane  pour 100.00β sur survie_new
[11:29:52] [ITEM_LISTED]: Yohan81 vend 64 x Sugar Cane  pour 100.00β sur survie_new
[11:29:56] [ITEM_LISTED]: Yohan81 vend 64 x Sugar Cane  pour 100.00β sur survie_new
[11:30:08] [ITEM_SOLD]: Yohan81 vendu 64 x Sugar Cane à  _megamigit_ pour 100.00 β le survie_new
[11:30:09] [ITEM_SOLD]: Yohan81 vendu 64 x Sugar Cane à  _megamigit_ pour 100.00 β le survie_new
[11:30:11] [ITEM_SOLD]: Yohan81 vendu 64 x Sugar Cane à  _megamigit_ pour 100.00 β le survie_new
[11:30:59] [ITEM_LISTED]: Yohan81 vend 64 x Sugar Cane  pour 100.00β sur survie_new
[11:31:00] [ITEM_LISTED]: Yohan81 vend 64 x Sugar Cane  pour 100.00β sur survie_new
[11:31:03] [ITEM_LISTED]: Yohan81 vend 64 x Sugar Cane  pour 100.00β sur survie_new
[11:31:15] [ITEM_SOLD]: Yohan81 vendu 64 x Sugar Cane à  _megamigit_ pour 100.00 β le survie_new
[11:31:17] [ITEM_SOLD]: Yohan81 vendu 64 x Sugar Cane à  _megamigit_ pour 100.00 β le survie_new
[11:31:19] [ITEM_SOLD]: Yohan81 vendu 64 x Sugar Cane à  _megamigit_ pour 100.00 β le survie_new
[11:31:37] [ITEM_LISTED]: Yohan81 vend 64 x Sugar Cane  pour 100.00β sur survie_new
[11:31:38] [ITEM_LISTED]: Yohan81 vend 64 x Sugar Cane  pour 100.00β sur survie_new
[11:31:40] [ITEM_LISTED]: Yohan81 vend 64 x Sugar Cane  pour 100.00β sur survie_new
[11:32:03] [ITEM_LISTED]: Yohan81 vend 64 x Sugar Cane  pour 100.00β sur survie_new
[11:32:04] [ITEM_LISTED]: Yohan81 vend 64 x Sugar Cane  pour 100.00β sur survie_new
[11:32:06] [ITEM_LISTED]: Yohan81 vend 64 x Sugar Cane  pour 100.00β sur survie_new
[11:32:41] [ITEM_SOLD]: Yohan81 vendu 64 x Sugar Cane à  _megamigit_ pour 100.00 β le survie_new
[11:32:42] [ITEM_SOLD]: Yohan81 vendu 64 x Sugar Cane à  _megamigit_ pour 100.00 β le survie_new
[11:32:44] [ITEM_SOLD]: Yohan81 vendu 64 x Sugar Cane à  _megamigit_ pour 100.00 β le survie_new
[11:32:45] [ITEM_SOLD]: Yohan81 vendu 64 x Sugar Cane à  _megamigit_ pour 100.00 β le survie_new
[11:32:47] [ITEM_SOLD]: Yohan81 vendu 64 x Sugar Cane à  _megamigit_ pour 100.00 β le survie_new
[11:32:48] [ITEM_SOLD]: Yohan81 vendu 64 x Sugar Cane à  _megamigit_ pour 100.00 β le survie_new
[11:32:58] [ITEM_LISTED]: Yohan81 vend 64 x Sugar Cane  pour 100.00β sur survie_new
[11:33:01] [ITEM_LISTED]: Yohan81 vend 64 x Sugar Cane  pour 100.00β sur survie_new
[11:33:04] [ITEM_LISTED]: Yohan81 vend 64 x Sugar Cane  pour 100.00β sur survie_new
[11:33:21] [ITEM_SOLD]: Yohan81 vendu 64 x Sugar Cane à  _megamigit_ pour 100.00 β le survie_new
[11:33:23] [ITEM_SOLD]: Yohan81 vendu 64 x Sugar Cane à  _megamigit_ pour 100.00 β le survie_new
[11:33:25] [ITEM_SOLD]: Yohan81 vendu 64 x Sugar Cane à  _megamigit_ pour 100.00 β le survie_new
[11:36:45] [ITEM_LISTED]: Yohan81 vend 64 x Sugar Cane  pour 100.00β sur survie_new
[11:36:48] [ITEM_SOLD]: Yohan81 vendu 64 x Sugar Cane à  _megamigit_ pour 100.00 β le survie_new
[11:36:48] [ITEM_LISTED]: Yohan81 vend 64 x Sugar Cane  pour 100.00β sur survie_new
[11:36:52] [ITEM_SOLD]: Yohan81 vendu 64 x Sugar Cane à  _megamigit_ pour 100.00 β le survie_new
[11:36:53] [ITEM_LISTED]: Yohan81 vend 64 x Sugar Cane  pour 100.00β sur survie_new
[11:36:56] [ITEM_SOLD]: Yohan81 vendu 64 x Sugar Cane à  _megamigit_ pour 100.00 β le survie_new
[11:37:18] [ITEM_SOLD]: Murdock_Co vendu 64 x Bread à  limastic pour 150.00 β le survie_new
[13:12:43] [ITEM_SOLD]: MyNameIs42 vendu 64 x Melon Slice à  sylverfire02 pour 50.00 β le survie_new
[15:11:15] [ITEM_LISTED]: Breyyyy vend 6 x §;§:Spawner à Araignée venimeuse 1x  pour 12,000.00β sur survie_new
[16:23:47] [ITEM_CANCELLED]: Nadreel annule la vente de 1x Iron Pickaxe [Efficiency I, Unbreaking I] pour 1,800.00β sur survie_new
[16:23:54] [ITEM_RETURNED]: 1 x Iron Pickaxe  [Efficiency I, Unbreaking I] renvoyé à Nadreel le survie_new
[16:24:03] [ITEM_LISTED]: Nadreel vend 1 x Golden Sword  [Knockback I] pour 600.00β sur survie_new
[16:24:06] [ITEM_LISTED]: Nadreel vend 1 x Golden Axe  [Efficiency I] pour 600.00β sur survie_new
[16:24:13] [ITEM_LISTED]: Nadreel vend 1 x Golden Chestplate  [Protection II] pour 800.00β sur survie_new
[16:24:18] [ITEM_LISTED]: Nadreel vend 1 x Golden Shovel  [Efficiency II, Silk Touch] pour 600.00β sur survie_new
[16:24:21] [ITEM_LISTED]: Nadreel vend 1 x Golden Shovel  [Efficiency II] pour 600.00β sur survie_new
[16:24:24] [ITEM_LISTED]: Nadreel vend 1 x Golden Axe  [Efficiency II] pour 650.00β sur survie_new
[16:24:35] [ITEM_LISTED]: Nadreel vend 1 x Golden Leggings  [Fire Protection II, Unbreaking III] pour 800.00β sur survie_new
[16:24:40] [ITEM_LISTED]: Nadreel vend 1 x Golden Pickaxe  [Efficiency II] pour 650.00β sur survie_new
[17:19:53] [ITEM_LISTED]: Yohan81 vend 64 x Wheat  pour 50.00β sur survie_new
[17:19:55] [ITEM_LISTED]: Yohan81 vend 64 x Wheat  pour 50.00β sur survie_new
[17:20:41] [ITEM_SOLD]: Yohan81 vendu 64 x Wheat à  kalaistar pour 50.00 β le survie_new
[17:20:42] [ITEM_SOLD]: Yohan81 vendu 64 x Wheat à  kalaistar pour 50.00 β le survie_new
[17:38:07] [ITEM_SOLD]: BetAlpha19 vendu 64 x Cooked Cod à  Ganaesha pour 300.00 β le survie_new
[17:45:51] [ITEM_SOLD]: Nadreel vendu 1 x Golden Chestplate à  [Protection II] BolatBorz pour 800.00 β le survie_new
[17:45:52] [ITEM_SOLD]: Nadreel vendu 1 x Golden Leggings à  [Fire Protection II, Unbreaking III] BolatBorz pour 800.00 β le survie_new
[17:46:14] [ITEM_SOLD]: WyRz_ vendu 1 x Enchanted Book à  BolatBorz pour 50.00 β le survie_new
[17:46:31] [ITEM_SOLD]: WyRz_ vendu 1 x Enchanted Book à  BolatBorz pour 350.00 β le survie_new
[17:46:47] [ITEM_SOLD]: WyRz_ vendu 1 x Enchanted Book à  BolatBorz pour 300.00 β le survie_new
[17:47:07] [ITEM_SOLD]: RomanZ vendu 2 x Enchanted Golden Apple à  BolatBorz pour 500.00 β le survie_new
[17:47:08] [ITEM_SOLD]: MyNameIs42 vendu 1 x Enchanted Golden Apple à  BolatBorz pour 200.00 β le survie_new
[19:23:49] [ITEM_CANCELLED]: Breyyyy annule la vente de 6x §;§:Spawner à Araignée venimeuse 1x pour 12,000.00β sur survie_new
[19:23:55] [ITEM_RETURNED]: 6 x §;§:Spawner à Araignée venimeuse 1x  renvoyé à Breyyyy le survie_new
[19:24:02] [ITEM_LISTED]: Breyyyy vend 6 x §;§:Spawner à Araignée venimeuse 1x  pour 10,000.00β sur survie_new
[19:53:01] [ITEM_LISTED]: sylverfire02 vend 1 x Trident  [Channeling, Impaling IV, Loyalty III, Mending, Unbreaking III] pour 35,000.00β sur survie_new
[20:15:03] [ITEM_CANCELLED]: Breyyyy annule la vente de 6x §;§:Spawner à Araignée venimeuse 1x pour 10,000.00β sur survie_new
[20:15:08] [ITEM_RETURNED]: 6 x §;§:Spawner à Araignée venimeuse 1x  renvoyé à Breyyyy le survie_new
[20:16:19] [ITEM_LISTED]: Breyyyy vend 9 x §;§:Spawner à Araignée venimeuse 1x  pour 14,000.00β sur survie_new
[20:17:19] [ITEM_SOLD]: WyRz_ vendu 1 x Enchanted Book à  Breyyyy pour 350.00 β le survie_new
[20:43:19] [ITEM_SOLD]: HeFk vendu 64 x Anvil à  hugoleb pour 600.00 β le survie_new
[21:47:57] [ITEM_SOLD]: Yohan81 vendu 14 x Cookie à  D0uds06 pour 10.00 β le survie_new
[21:47:59] [ITEM_SOLD]: Murdock_Co vendu 64 x Bread à  D0uds06 pour 150.00 β le survie_new
[22:33:49] [ITEM_SOLD]: Mikiu_Ahegao vendu 1 x Potion à  Zougless pour 250.00 β le survie_new
[22:42:47] [ITEM_CANCELLED]: Breyyyy annule la vente de 9x §;§:Spawner à Araignée venimeuse 1x pour 14,000.00β sur survie_new
[22:42:52] [ITEM_RETURNED]: 9 x §;§:Spawner à Araignée venimeuse 1x  renvoyé à Breyyyy le survie_new
[22:43:15] [ITEM_LISTED]: Breyyyy vend 10 x §;§:Spawner à Araignée venimeuse 1x  pour 17,500.00β sur survie_new
[23:10:51] [ITEM_LISTED]: eric2a vend 64 x Cooked Beef  pour 50.00β sur survie_new
[23:11:01] [ITEM_LISTED]: eric2a vend 64 x Cooked Beef  pour 50.00β sur survie_new
[23:11:17] [ITEM_LISTED]: eric2a vend 64 x Cooked Beef  pour 50.00β sur survie_new
[23:13:33] [ITEM_SOLD]: eric2a vendu 64 x Cooked Beef à  Mikiu_Ahegao pour 50.00 β le survie_new
[23:18:29] [ITEM_LISTED]: eric2a vend 64 x Cooked Beef  pour 100.00β sur survie_new
[23:18:43] [ITEM_LISTED]: eric2a vend 64 x Cooked Beef  pour 100.00β sur survie_new
[23:18:52] [ITEM_LISTED]: eric2a vend 64 x Cooked Beef  pour 100.00β sur survie_new
[23:19:14] [ITEM_LISTED]: eric2a vend 64 x Cooked Beef  pour 100.00β sur survie_new
[23:33:24] [ITEM_SOLD]: eric2a vendu 64 x Cooked Beef à  Mikiu_Ahegao pour 50.00 β le survie_new
[23:40:05] [ITEM_LISTED]: limastic vend 29 x Cocoa Beans  pour 100.00β sur survie_new
[23:40:10] [ITEM_LISTED]: limastic vend 64 x Cocoa Beans  pour 150.00β sur survie_new
[23:40:18] [ITEM_LISTED]: limastic vend 62 x Bone Meal  pour 200.00β sur survie_new
[23:40:22] [ITEM_LISTED]: limastic vend 64 x Bone Meal  pour 200.00β sur survie_new
[23:40:28] [ITEM_LISTED]: limastic vend 26 x Cocoa Beans  pour 200.00β sur survie_new
