[08:52:22] [ITEM_SOLD]: ChoLoSh vendu 1 x Stick à  Mboubou pour 1.00 β le survie_new
[09:01:58] [ITEM_LISTED]: Mboubou vend 10 x Diamond  pour 1,000.00β sur survie_new
[09:02:01] [ITEM_SOLD]: Mboubou vendu 10 x Diamond à  OfCourse pour 1,000.00 β le survie_new
[09:05:16] [ITEM_LISTED]: Mboubou vend 1 x Diamond Axe  pour 200.00β sur survie_new
[09:05:58] [ITEM_SOLD]: Mboubou vendu 1 x Diamond Axe à  RoroElPadre pour 200.00 β le survie_new
[09:09:36] [ITEM_SOLD]: xerinou vendu 64 x Cooked Porkchop à  RoroElPadre pour 50.00 β le survie_new
[09:13:33] [ITEM_LISTED]: Mboubou vend 1 x Diamond Axe  pour 175.00β sur survie_new
[09:18:36] [ITEM_LISTED]: OfCourse vend 1 x Cat Spawn Egg  pour 500.00β sur survie_new
[09:18:43] [ITEM_SOLD]: Mboubou vendu 1 x Diamond Axe à  TheFaszerre pour 175.00 β le survie_new
[09:18:59] [ITEM_SOLD]: xerinou vendu 64 x Cooked Porkchop à  TheFaszerre pour 50.00 β le survie_new
[09:19:01] [ITEM_SOLD]: xerinou vendu 64 x Cooked Porkchop à  TheFaszerre pour 50.00 β le survie_new
[09:58:05] [ITEM_SOLD]: OfCourse vendu 1 x Cat Spawn Egg à  Mboubou pour 500.00 β le survie_new
[10:00:05] [ITEM_LISTED]: OfCourse vend 64 x Dirt  pour 0.10β sur survie_new
[10:00:07] [ITEM_LISTED]: OfCourse vend 64 x Dirt  pour 0.10β sur survie_new
[10:00:09] [ITEM_LISTED]: OfCourse vend 64 x Dirt  pour 0.10β sur survie_new
[10:00:10] [ITEM_LISTED]: OfCourse vend 64 x Dirt  pour 0.10β sur survie_new
[10:00:20] [ITEM_LISTED]: OfCourse vend 64 x Dirt  pour 0.10β sur survie_new
[10:00:23] [ITEM_LISTED]: OfCourse vend 64 x Dirt  pour 0.10β sur survie_new
[10:00:35] [ITEM_LISTED]: OfCourse vend 64 x Dirt  pour 0.10β sur survie_new
[10:00:37] [ITEM_LISTED]: OfCourse vend 64 x Dirt  pour 0.10β sur survie_new
[10:00:39] [ITEM_LISTED]: OfCourse vend 64 x Dirt  pour 0.10β sur survie_new
[10:00:44] [ITEM_LISTED]: OfCourse vend 64 x Dirt  pour 0.10β sur survie_new
[10:00:48] [ITEM_LISTED]: OfCourse vend 64 x Dirt  pour 0.10β sur survie_new
[10:00:50] [ITEM_LISTED]: OfCourse vend 64 x Dirt  pour 0.10β sur survie_new
[10:00:54] [ITEM_LISTED]: OfCourse vend 64 x Dirt  pour 0.10β sur survie_new
[10:00:56] [ITEM_LISTED]: OfCourse vend 64 x Dirt  pour 0.10β sur survie_new
[10:00:59] [ITEM_LISTED]: OfCourse vend 64 x Dirt  pour 0.10β sur survie_new
[10:01:04] [ITEM_LISTED]: OfCourse vend 64 x Dirt  pour 0.10β sur survie_new
[10:01:06] [ITEM_LISTED]: OfCourse vend 64 x Dirt  pour 0.10β sur survie_new
[10:01:09] [ITEM_LISTED]: OfCourse vend 64 x Dirt  pour 0.10β sur survie_new
[10:01:15] [ITEM_LISTED]: OfCourse vend 64 x Dirt  pour 0.10β sur survie_new
[10:01:17] [ITEM_LISTED]: OfCourse vend 64 x Dirt  pour 0.10β sur survie_new
[10:01:20] [ITEM_LISTED]: OfCourse vend 64 x Dirt  pour 0.10β sur survie_new
[10:01:27] [ITEM_LISTED]: OfCourse vend 64 x Dirt  pour 0.10β sur survie_new
[10:01:29] [ITEM_LISTED]: OfCourse vend 64 x Dirt  pour 0.10β sur survie_new
[10:01:31] [ITEM_LISTED]: OfCourse vend 64 x Dirt  pour 0.10β sur survie_new
[10:01:38] [ITEM_LISTED]: OfCourse vend 64 x Dirt  pour 0.10β sur survie_new
[10:01:43] [ITEM_LISTED]: OfCourse vend 9 x Dirt  pour 0.00β sur survie_new
[11:30:56] [ITEM_LISTED]: REGDYLAN vend 1 x §;§:Spawner à Cochon-Zombie 1x  pour 30,000.00β sur survie_new
[11:31:05] [ITEM_SOLD]: REGDYLAN vendu 1 x §;§:Spawner à Cochon-Zombie 1x à  omega2028 pour 30,000.00 β le survie_new
[11:41:12] [ITEM_SOLD]: pikatchou82 vendu 1 x Diamond Pickaxe à  [Efficiency III, Unbreaking III] frenchi_17 pour 2,000.00 β le survie_new
[11:45:18] [ITEM_DROPPED]: Abandon de la vente _Shoku_ expirée de 1 x Journal de quêtes  pour 0.00β à leurs pieds le survie_new
[12:09:30] [ITEM_SOLD]: Blazd vendu 1 x Enchanted Book à  OfCourse pour 10,000.00 β le survie_new
[12:27:43] [ITEM_LISTED]: LLIcocoman_Hrz vend 64 x Quartz Block  pour 150.00β sur survie_new
[12:28:05] [ITEM_SOLD]: LLIcocoman_Hrz vendu 64 x Quartz Block à  Hypnotiica pour 150.00 β le survie_new
[12:30:50] [ITEM_LISTED]: _Shoku_ vend 1 x Journal de quêtes  pour 0.50β sur survie_new
[12:34:24] [ITEM_SOLD]: OfCourse vendu 9 x Dirt à  LiKaneH pour 0.00 β le survie_new
[12:35:23] [ITEM_SOLD]: LLIcocoman_Hrz vendu 16 x Emerald à  _Shoku_ pour 300.00 β le survie_new
[12:57:18] [ITEM_LISTED]: LLIcocoman_Hrz vend 8 x Sponge  pour 200.00β sur survie_new
[13:42:17] [ITEM_SOLD]: LLIcocoman_Hrz vendu 8 x Sponge à  Blazd pour 200.00 β le survie_new
[13:53:50] [ITEM_SOLD]: OfCourse vendu 64 x Dirt à  KrayZu27 pour 0.10 β le survie_new
[13:53:51] [ITEM_SOLD]: OfCourse vendu 64 x Dirt à  KrayZu27 pour 0.10 β le survie_new
[13:53:52] [ITEM_SOLD]: OfCourse vendu 64 x Dirt à  KrayZu27 pour 0.10 β le survie_new
[13:56:13] [ITEM_SOLD]: OfCourse vendu 64 x Dirt à  KrayZu27 pour 0.10 β le survie_new
[13:56:14] [ITEM_SOLD]: OfCourse vendu 64 x Dirt à  KrayZu27 pour 0.10 β le survie_new
[13:56:15] [ITEM_SOLD]: OfCourse vendu 64 x Dirt à  KrayZu27 pour 0.10 β le survie_new
[14:01:57] [ITEM_SOLD]: CouzVeBaton vendu 8 x Diamond Ore à  Mikiu_Ahegao pour 1,500.00 β le survie_new
[14:02:41] [ITEM_LISTED]: Mikiu_Ahegao vend 8 x Diamond Ore  pour 5,000.00β sur survie_new
[14:06:28] [ITEM_SOLD]: xerinou vendu 64 x Cooked Porkchop à  Cyborg_10_000 pour 50.00 β le survie_new
[14:09:28] [ITEM_LISTED]: Cyborg_10_000 vend 64 x Redstone  pour 10.00β sur survie_new
[15:00:27] [ITEM_SOLD]: Yohan81 vendu 1 x Written Book à  eric2a pour 7,000.00 β le survie_new
[15:15:35] [ITEM_CANCELLED]: _Shoku_ annule la vente de 1x Journal de quêtes pour 0.50β sur survie_new
[15:15:50] [ITEM_CANCELLED]: Christophe_ annule la vente de 1x Journal de quêtes pour 100,000.00β sur survie_new
[15:15:53] [ITEM_CANCELLED]: Christophe_ annule la vente de 1x Journal de quêtes pour 1.00β sur survie_new
[15:16:57] [ITEM_LISTED]: Bertrand vend 32 x Redstone Ore  pour 1,000.00β sur survie_new
[15:17:05] [ITEM_LISTED]: Bertrand vend 32 x Diamond Ore  pour 6,000.00β sur survie_new
[15:17:15] [ITEM_SOLD]: xerinou vendu 64 x Cooked Porkchop à  SkyKnight60 pour 50.00 β le survie_new
[15:27:03] [ITEM_SOLD]: Bertrand vendu 32 x Diamond Ore à  P2M2A2 pour 6,000.00 β le survie_new
[15:27:50] [ITEM_LISTED]: EclaRaft vend 2 x §;§:Spawner à Zombie 1x  pour 5,000.00β sur survie_new
[15:28:05] [ITEM_SOLD]: EclaRaft vendu 2 x §;§:Spawner à Zombie 1x à  eric2a pour 5,000.00 β le survie_new
[15:45:42] [ITEM_LISTED]: Bertrand vend 1 x §;§:Spawner à Araignée venimeuse 1x  pour 3,500.00β sur survie_new
[15:45:48] [ITEM_LISTED]: Bertrand vend 1 x §;§:Spawner à Araignée venimeuse 1x  pour 3,500.00β sur survie_new
[15:45:53] [ITEM_LISTED]: Bertrand vend 1 x §;§:Spawner à Araignée venimeuse 1x  pour 3,500.00β sur survie_new
[18:25:27] [ITEM_LISTED]: hugoleb vend 1 x Globe de Transformations  pour 4,500.00β sur survie_new
[18:25:34] [ITEM_SOLD]: hugoleb vendu 1 x Globe de Transformations à  CouzVeBaton pour 4,500.00 β le survie_new
[18:47:13] [ITEM_LISTED]: LLIcocoman_Hrz vend 24 x Sponge  pour 2,400.00β sur survie_new
[18:47:19] [ITEM_SOLD]: LLIcocoman_Hrz vendu 24 x Sponge à  Blazd pour 2,400.00 β le survie_new
[18:49:36] [ITEM_LISTED]: LLIcocoman_Hrz vend 32 x Emerald  pour 1,000.00β sur survie_new
[19:12:09] [ITEM_SOLD]: xerinou vendu 64 x Cooked Porkchop à  SSLLOOTTHH pour 50.00 β le survie_new
[19:12:20] [ITEM_SOLD]: limastic vendu 64 x Cooked Beef à  SSLLOOTTHH pour 1.00 β le survie_new
[20:20:53] [ITEM_SOLD]: LLIcocoman_Hrz vendu 32 x Emerald à  Bertrand pour 1,000.00 β le survie_new
[20:34:44] [ITEM_DROPPED]: Abandon de la vente hugoleb expirée de 1 x TUTO : Comment faire des Bébé  pour 0.00β à leurs pieds le survie_new
[20:34:44] [ITEM_DROPPED]: Abandon de la vente hugoleb expirée de 64 x Bamboo  pour 0.00β à leurs pieds le survie_new
[20:34:45] [ITEM_SOLD]: Gorilla1991 vendu 64 x Iron Ore à  Marcoco50100 pour 7,000.00 β le survie_new
[21:31:18] [ITEM_SOLD]: Cyborg_10_000 vendu 64 x Redstone à  Bertrand pour 10.00 β le survie_new
[21:31:28] [ITEM_CANCELLED]: Bertrand annule la vente de 32x Redstone Ore pour 1,000.00β sur survie_new
[21:31:49] [ITEM_RETURNED]: 64 x Nether Wart Block  renvoyé à Bertrand le survie_new
[21:31:50] [ITEM_RETURNED]: 1 x Music Disc Cat  renvoyé à Bertrand le survie_new
[21:31:53] [ITEM_RETURNED]: 64 x Cocoa Beans  renvoyé à Bertrand le survie_new
[21:31:55] [ITEM_RETURNED]: 64 x Redstone Ore  renvoyé à Bertrand le survie_new
[21:31:57] [ITEM_RETURNED]: 32 x Redstone Ore  renvoyé à Bertrand le survie_new
[21:31:59] [ITEM_RETURNED]: 64 x Sugar Cane  renvoyé à Bertrand le survie_new
[21:32:00] [ITEM_RETURNED]: 64 x Sugar Cane  renvoyé à Bertrand le survie_new
[21:32:45] [ITEM_SOLD]: HeFk vendu 1 x Diamond Pickaxe à  [Efficiency IV, Silk Touch, Unbreaking III] pikatchou82 pour 7,000.00 β le survie_new
[21:32:52] [ITEM_LISTED]: Bertrand vend 1 x Music Disc Cat  pour 500.00β sur survie_new
[21:32:58] [ITEM_LISTED]: Bertrand vend 64 x Redstone Ore  pour 500.00β sur survie_new
[21:33:03] [ITEM_LISTED]: Bertrand vend 64 x Cocoa Beans  pour 200.00β sur survie_new
[21:34:14] [ITEM_SOLD]: HeFk vendu 1 x Diamond Pickaxe à  [Efficiency V, Silk Touch, Unbreaking III] ticiatrhd pour 7,000.00 β le survie_new
[23:12:17] [ITEM_LISTED]: omega2028 vend 64 x Diamond Block  pour 60,000.00β sur survie_new
[23:12:24] [ITEM_SOLD]: omega2028 vendu 64 x Diamond Block à  pikatchou82 pour 60,000.00 β le survie_new
[23:31:07] [ITEM_LISTED]: LLIcocoman_Hrz vend 3 x Name Tag  pour 500.00β sur survie_new
[23:31:19] [ITEM_LISTED]: LLIcocoman_Hrz vend 3 x §;§:Spawner à Araignée venimeuse 1x  pour 5,000.00β sur survie_new
