[00:00:22] [ITEM_LISTED]: eric2a vend 64 x Clay  pour 100.00β sur survie_new
[00:00:33] [ITEM_LISTED]: eric2a vend 64 x Bamboo  pour 50.00β sur survie_new
[00:08:07] [ITEM_SOLD]: eric2a vendu 64 x Clay à  kalaistar pour 100.00 β le survie_new
[00:16:17] [ITEM_CANCELLED]: Gr33nEagl3 annule la vente de 1x *Baguette d'Harry Potter* pour 100,000.00β sur survie_new
[00:16:19] [ITEM_CANCELLED]: Gr33nEagl3 annule la vente de 1x /Baguette de Voldemort\ pour 90,000.00β sur survie_new
[00:16:20] [ITEM_CANCELLED]: Gr33nEagl3 annule la vente de 1x Sabre Laser de L'elu pour 10,000.00β sur survie_new
[00:16:20] [ITEM_CANCELLED]: Gr33nEagl3 annule la vente de 1x x Le Black Pearl x pour 10,000.00β sur survie_new
[00:16:20] [ITEM_CANCELLED]: Gr33nEagl3 annule la vente de 1x - Pupitre de Jacques Chirac - pour 10,000.00β sur survie_new
[00:16:21] [ITEM_CANCELLED]: Gr33nEagl3 annule la vente de 1x Escabot de Chantier pour 500.00β sur survie_new
[00:16:42] [ITEM_RETURNED]: 1 x Iron Leggings  [Fire Protection IV] renvoyé à Gr33nEagl3 le survie_new
[00:16:44] [ITEM_RETURNED]: 1 x *Baguette d'Harry Potter*  renvoyé à Gr33nEagl3 le survie_new
[00:16:44] [ITEM_RETURNED]: 1 x /Baguette de Voldemort\  renvoyé à Gr33nEagl3 le survie_new
[00:16:44] [ITEM_RETURNED]: 1 x Sabre Laser de L'elu  renvoyé à Gr33nEagl3 le survie_new
[00:16:45] [ITEM_RETURNED]: 1 x x Le Black Pearl x  renvoyé à Gr33nEagl3 le survie_new
[00:16:45] [ITEM_RETURNED]: 1 x - Pupitre de Jacques Chirac -  renvoyé à Gr33nEagl3 le survie_new
[00:16:46] [ITEM_RETURNED]: 1 x Escabot de Chantier  renvoyé à Gr33nEagl3 le survie_new
[00:17:05] [ITEM_SOLD]: AzodFR vendu 4 x Ink Sac à  kalaistar pour 1.00 β le survie_new
[00:17:49] [ITEM_SOLD]: GuiGuiPlay vendu 64 x Melon à  kalaistar pour 130.00 β le survie_new
[00:17:50] [ITEM_SOLD]: GuiGuiPlay vendu 64 x Melon à  kalaistar pour 130.00 β le survie_new
[00:27:48] [ITEM_LISTED]: eric2a vend 64 x Rotten Flesh  pour 20.00β sur survie_new
[00:28:06] [ITEM_LISTED]: eric2a vend 30 x Bread  pour 50.00β sur survie_new
[00:28:55] [ITEM_LISTED]: eric2a vend 64 x Bone Block  pour 500.00β sur survie_new
[00:29:39] [ITEM_LISTED]: eric2a vend 5 x Diamond  pour 200.00β sur survie_new
[00:30:53] [ITEM_LISTED]: eric2a vend 60 x Coal Block  pour 150.00β sur survie_new
[00:31:17] [ITEM_LISTED]: eric2a vend 60 x Redstone Block  pour 65.00β sur survie_new
[00:32:42] [ITEM_LISTED]: eric2a vend 10 x Cooked Cod  pour 30.00β sur survie_new
[00:33:08] [ITEM_LISTED]: eric2a vend 7 x Golden Carrot  pour 70.00β sur survie_new
[00:33:23] [ITEM_LISTED]: eric2a vend 2 x Golden Apple  pour 25.00β sur survie_new
[00:33:35] [ITEM_LISTED]: eric2a vend 10 x Cooked Chicken  pour 15.00β sur survie_new
[00:33:52] [ITEM_LISTED]: eric2a vend 20 x Cooked Beef  pour 40.00β sur survie_new
[00:34:04] [ITEM_LISTED]: eric2a vend 35 x Cooked Porkchop  pour 70.00β sur survie_new
[01:34:57] [ITEM_SOLD]: Kaio_Beninou vendu 1 x Trident à  [Channeling, Unbreaking III] PoseyDon82 pour 17,000.00 β le survie_new
[01:35:47] [ITEM_SOLD]: Cryyzi vendu 1 x Fishing Rod à  [unknown, Lure III, Mending] PoseyDon82 pour 17,000.00 β le survie_new
[07:40:53] [ITEM_SOLD]: eric2a vendu 5 x Diamond à  vava34670 pour 200.00 β le survie_new
[09:33:41] [ITEM_LISTED]: pierro vend 1 x Magenta Shulker Box  pour 2,800.00β sur survie_new
[09:33:44] [ITEM_LISTED]: pierro vend 1 x White Shulker Box  pour 2,800.00β sur survie_new
[09:33:46] [ITEM_LISTED]: pierro vend 1 x Yellow Shulker Box  pour 2,800.00β sur survie_new
[10:19:24] [ITEM_LISTED]: pierro vend 64 x Quartz  pour 500.00β sur survie_new
[10:26:23] [ITEM_SOLD]: eric2a vendu 60 x Coal Block à  Teinavaa pour 150.00 β le survie_new
[10:26:31] [ITEM_SOLD]: eric2a vendu 60 x Redstone Block à  Teinavaa pour 65.00 β le survie_new
[12:58:09] [ITEM_LISTED]: pierro vend 64 x Blaze Rod  pour 480.00β sur survie_new
[13:01:31] [ITEM_LISTED]: pierro vend 64 x Blaze Rod  pour 480.00β sur survie_new
[13:16:29] [ITEM_LISTED]: pierro vend 64 x Blaze Rod  pour 480.00β sur survie_new
[13:17:33] [ITEM_LISTED]: pierro vend 64 x Blaze Rod  pour 480.00β sur survie_new
[14:44:56] [ITEM_CANCELLED]: Elliryk annule la vente de 64x Bread pour 300.00β sur survie_new
[14:44:58] [ITEM_CANCELLED]: Elliryk annule la vente de 64x Paper pour 550.00β sur survie_new
[14:44:58] [ITEM_CANCELLED]: Elliryk annule la vente de 64x Paper pour 550.00β sur survie_new
[14:44:59] [ITEM_CANCELLED]: Elliryk annule la vente de 64x Paper pour 550.00β sur survie_new
[14:45:01] [ITEM_RETURNED]: 64 x Paper  renvoyé à Elliryk le survie_new
[14:45:01] [ITEM_RETURNED]: 64 x Paper  renvoyé à Elliryk le survie_new
[14:45:01] [ITEM_RETURNED]: 64 x Bread  renvoyé à Elliryk le survie_new
[14:45:02] [ITEM_RETURNED]: 64 x Paper  renvoyé à Elliryk le survie_new
[14:45:16] [ITEM_LISTED]: Elliryk vend 64 x Paper  pour 250.00β sur survie_new
[14:45:21] [ITEM_LISTED]: Elliryk vend 64 x Paper  pour 250.00β sur survie_new
[14:45:26] [ITEM_LISTED]: Elliryk vend 64 x Paper  pour 250.00β sur survie_new
[14:45:35] [ITEM_LISTED]: Elliryk vend 64 x Bread  pour 200.00β sur survie_new
[14:45:51] [ITEM_SOLD]: pierro vendu 64 x Blaze Rod à  kalaistar pour 480.00 β le survie_new
[14:45:52] [ITEM_SOLD]: pierro vendu 64 x Blaze Rod à  kalaistar pour 480.00 β le survie_new
[14:45:53] [ITEM_SOLD]: pierro vendu 64 x Blaze Rod à  kalaistar pour 480.00 β le survie_new
[14:45:54] [ITEM_SOLD]: pierro vendu 64 x Blaze Rod à  kalaistar pour 480.00 β le survie_new
[15:16:10] [ITEM_LISTED]: Tchong vend 64 x Iron Ingot  pour 1,150.00β sur survie_new
[15:16:18] [ITEM_LISTED]: Tchong vend 64 x Iron Ingot  pour 1,150.00β sur survie_new
[15:16:41] [ITEM_SOLD]: Tchong vendu 64 x Iron Ingot à  kalaistar pour 1,150.00 β le survie_new
[15:16:42] [ITEM_SOLD]: Tchong vendu 64 x Iron Ingot à  kalaistar pour 1,150.00 β le survie_new
[15:49:30] [ITEM_DROPPED]: Abandon de la vente AzodFR expirée de 1 x stack de rien  pour 0.00β à leurs pieds le survie_new
[16:42:21] [ITEM_SOLD]: Elliryk vendu 64 x Paper à  kalaistar pour 250.00 β le survie_new
[16:44:52] [ITEM_RETURNED]: 1 x Enchanted Book  renvoyé à Kaio_Beninou le survie_new
[16:44:56] [ITEM_LISTED]: K666D vend 64 x Wheat  pour 25.00β sur survie_new
[16:45:02] [ITEM_LISTED]: Kaio_Beninou vend 1 x Enchanted Book  pour 5,000.00β sur survie_new
[16:45:03] [ITEM_LISTED]: K666D vend 64 x Wheat  pour 25.00β sur survie_new
[16:53:48] [ITEM_SOLD]: eric2a vendu 64 x Bamboo à  Siley_stone pour 50.00 β le survie_new
[16:56:30] [ITEM_SOLD]: The_Wiz_D vendu 30 x Arrow à  Nadreel pour 50.00 β le survie_new
[16:56:39] [ITEM_SOLD]: K666D vendu 64 x Wheat à  Nadreel pour 25.00 β le survie_new
[16:56:54] [ITEM_SOLD]: eric2a vendu 20 x Cooked Beef à  Nadreel pour 40.00 β le survie_new
[16:57:18] [ITEM_SOLD]: Sifflote vendu 1 x Diamond Horse Armor à  Nadreel pour 500.00 β le survie_new
[17:00:05] [ITEM_SOLD]: Kaio_Beninou vendu 1 x Enchanted Book à  Teinavaa pour 5,000.00 β le survie_new
[17:19:44] [ITEM_SOLD]: eric2a vendu 64 x Bone Block à  Teinavaa pour 500.00 β le survie_new
[17:30:02] [ITEM_LISTED]: pierro vend 1 x Elytra  pour 25,000.00β sur survie_new_the_end
[17:34:08] [ITEM_LISTED]: pierro vend 1 x White Shulker Box  pour 2,800.00β sur survie_new
[17:34:10] [ITEM_LISTED]: pierro vend 1 x Yellow Shulker Box  pour 2,800.00β sur survie_new
[17:34:32] [ITEM_LISTED]: pierro vend 1 x Brown Shulker Box  pour 2,800.00β sur survie_new
[17:35:13] [ITEM_LISTED]: pierro vend 64 x Blaze Rod  pour 480.00β sur survie_new
[17:37:41] [ITEM_LISTED]: pierro vend 1 x Iron Pickaxe  [Efficiency III, Mending, Silk Touch] pour 4,500.00β sur survie_new
[17:38:08] [ITEM_LISTED]: pierro vend 1 x Iron Pickaxe  [Mending, Unbreaking III] pour 2,500.00β sur survie_new
[17:49:21] [ITEM_LISTED]: pierro vend 16 x Egg  pour 100.00β sur survie_new
[17:49:23] [ITEM_LISTED]: pierro vend 16 x Egg  pour 100.00β sur survie_new
[17:53:09] [ITEM_SOLD]: pierro vendu 16 x Egg à  kalaistar pour 100.00 β le survie_new
[17:53:10] [ITEM_SOLD]: pierro vendu 16 x Egg à  kalaistar pour 100.00 β le survie_new
[17:53:15] [ITEM_SOLD]: K666D vendu 64 x Wheat à  kalaistar pour 25.00 β le survie_new
[17:58:04] [ITEM_SOLD]: The_Wiz_D vendu 64 x Arrow à  Nadreel pour 100.00 β le survie_new
[18:06:51] [ITEM_SOLD]: Elliryk vendu 64 x Bread à  Isaorya pour 200.00 β le survie_new
[18:20:40] [ITEM_SOLD]: D4rk_Wolf_07 vendu 64 x Mycelium à  IntegraleEpice pour 10,000.00 β le survie_new
[18:30:13] [ITEM_SOLD]: eric2a vendu 10 x Cooked Cod à  Skilyder pour 30.00 β le survie_new
[18:42:57] [ITEM_LISTED]: AzodFR vend 1 x Journal de quêtes  pour 0.00β sur survie_new
[18:43:04] [ITEM_CANCELLED]: AzodFR annule la vente de 1x Journal de quêtes pour 0.00β sur survie_new
[18:43:06] [ITEM_CANCELLED]: AzodFR annule la vente de 1x Mineur pour 1,000,000.00β sur survie_new
[19:14:32] [ITEM_LISTED]: RomanZ vend 1 x Iron Horse Armor  pour 400.00β sur survie_new
[19:14:38] [ITEM_LISTED]: RomanZ vend 1 x Golden Horse Armor  pour 400.00β sur survie_new
[19:14:39] [ITEM_LISTED]: RomanZ vend 1 x Golden Horse Armor  pour 400.00β sur survie_new
[19:14:52] [ITEM_LISTED]: RomanZ vend 1 x Iron Horse Armor  pour 400.00β sur survie_new
[19:14:54] [ITEM_LISTED]: RomanZ vend 1 x Iron Horse Armor  pour 400.00β sur survie_new
[19:18:14] [ITEM_LISTED]: RomanZ vend 2 x Enchanted Golden Apple  pour 500.00β sur survie_new
[19:43:53] [ITEM_SOLD]: Cryyzi vendu 1 x Buried Treasure Map à  Mikiu_Ahegao pour 50.00 β le survie_new
[20:01:12] [ITEM_SOLD]: pierro vendu 1 x Iron Sword à  [Fire Aspect II] hugoleb pour 450.00 β le survie_new
[20:02:42] [ITEM_LISTED]: Axiton vend 64 x Diamond  pour 7,000.00β sur survie_new
[20:13:25] [ITEM_SOLD]: pierro vendu 1 x Iron Pickaxe à  [Mending, Unbreaking III] hugoleb pour 2,500.00 β le survie_new
[20:57:16] [ITEM_CANCELLED]: Axiton annule la vente de 64x Blaze Rod pour 1,500.00β sur survie_new
[20:57:16] [ITEM_CANCELLED]: Axiton annule la vente de 64x Blaze Rod pour 1,500.00β sur survie_new
[20:57:17] [ITEM_CANCELLED]: Axiton annule la vente de 64x Blaze Rod pour 1,500.00β sur survie_new
[20:57:17] [ITEM_CANCELLED]: Axiton annule la vente de 64x Blaze Rod pour 1,500.00β sur survie_new
[20:57:28] [ITEM_RETURNED]: 64 x Blaze Rod  renvoyé à Axiton le survie_new
[20:57:28] [ITEM_RETURNED]: 64 x Blaze Rod  renvoyé à Axiton le survie_new
[20:57:28] [ITEM_RETURNED]: 64 x Blaze Rod  renvoyé à Axiton le survie_new
[20:57:28] [ITEM_RETURNED]: 64 x Blaze Rod  renvoyé à Axiton le survie_new
[20:57:34] [ITEM_LISTED]: Axiton vend 64 x Blaze Rod  pour 300.00β sur survie_new
[20:57:38] [ITEM_LISTED]: Axiton vend 64 x Blaze Rod  pour 300.00β sur survie_new
[20:57:41] [ITEM_LISTED]: Axiton vend 64 x Blaze Rod  pour 300.00β sur survie_new
[20:57:43] [ITEM_LISTED]: Axiton vend 64 x Blaze Rod  pour 300.00β sur survie_new
[20:57:49] [ITEM_LISTED]: Axiton vend 64 x Blaze Rod  pour 300.00β sur survie_new
[20:57:50] [ITEM_LISTED]: Axiton vend 64 x Blaze Rod  pour 300.00β sur survie_new
[20:57:54] [ITEM_LISTED]: Axiton vend 64 x Blaze Rod  pour 300.00β sur survie_new
[20:58:04] [ITEM_LISTED]: LeandroCosta vend 21 x Redstone Block  pour 105.00β sur survie_new
[21:34:35] [ITEM_SOLD]: The_Wiz_D vendu 64 x Arrow à  Isaorya pour 100.00 β le survie_new
[21:53:58] [ITEM_SOLD]: pierro vendu 1 x Diamond Chestplate à  [Fire Protection II, Unbreaking III] portedegaia pour 1,200.00 β le survie_new
[21:56:52] [ITEM_LISTED]: portedegaia vend 64 x Dark Oak Log  pour 500.00β sur survie_new
[21:56:58] [ITEM_LISTED]: portedegaia vend 64 x Dark Oak Log  pour 500.00β sur survie_new
[21:57:05] [ITEM_LISTED]: portedegaia vend 64 x Dark Oak Log  pour 500.00β sur survie_new
[21:57:09] [ITEM_LISTED]: portedegaia vend 64 x Dark Oak Log  pour 500.00β sur survie_new
[21:57:14] [ITEM_LISTED]: portedegaia vend 64 x Dark Oak Log  pour 500.00β sur survie_new
[21:57:18] [ITEM_LISTED]: portedegaia vend 64 x Dark Oak Log  pour 500.00β sur survie_new
[21:57:22] [ITEM_LISTED]: portedegaia vend 64 x Dark Oak Log  pour 500.00β sur survie_new
[21:57:26] [ITEM_LISTED]: portedegaia vend 64 x Dark Oak Log  pour 500.00β sur survie_new
[21:57:39] [ITEM_LISTED]: portedegaia vend 64 x Bamboo  pour 600.00β sur survie_new
[21:57:43] [ITEM_LISTED]: portedegaia vend 64 x Bamboo  pour 600.00β sur survie_new
[21:57:53] [ITEM_LISTED]: portedegaia vend 64 x Bamboo  pour 700.00β sur survie_new
[21:57:57] [ITEM_LISTED]: portedegaia vend 64 x Bamboo  pour 700.00β sur survie_new
[21:58:00] [ITEM_LISTED]: portedegaia vend 64 x Bamboo  pour 700.00β sur survie_new
[21:58:03] [ITEM_LISTED]: portedegaia vend 64 x Bamboo  pour 700.00β sur survie_new
[21:58:07] [ITEM_LISTED]: portedegaia vend 64 x Bamboo  pour 700.00β sur survie_new
[21:58:09] [ITEM_LISTED]: portedegaia vend 64 x Bamboo  pour 700.00β sur survie_new
[21:58:18] [ITEM_LISTED]: portedegaia vend 64 x Dark Oak Log  pour 700.00β sur survie_new
[21:58:24] [ITEM_LISTED]: portedegaia vend 64 x Dark Oak Log  pour 700.00β sur survie_new
[21:58:27] [ITEM_LISTED]: portedegaia vend 64 x Dark Oak Log  pour 700.00β sur survie_new
[21:58:29] [ITEM_LISTED]: portedegaia vend 64 x Dark Oak Log  pour 700.00β sur survie_new
[21:58:32] [ITEM_LISTED]: portedegaia vend 64 x Dark Oak Log  pour 700.00β sur survie_new
[22:01:59] [ITEM_DROPPED]: Abandon de la vente taratata6923 expirée de 1 x Enchanted Book  pour 0.00β à leurs pieds le survie_new
[22:01:59] [ITEM_DROPPED]: Abandon de la vente taratata6923 expirée de 1 x Enchanted Book  pour 0.00β à leurs pieds le survie_new
[22:08:56] [ITEM_SOLD]: Cryyzi vendu 1 x Shulker Shell à  hugoleb pour 1,500.00 β le survie_new
[22:09:27] [ITEM_LISTED]: RomanZ vend 1 x Enchanted Book  pour 300.00β sur survie_new
[22:12:11] [ITEM_SOLD]: Cryyzi vendu 1 x Shulker Shell à  hugoleb pour 1,500.00 β le survie_new
[22:13:24] [ITEM_LISTED]: Oziroal vend 1 x Enchanted Book  pour 2,000.00β sur survie_new
[22:23:20] [ITEM_SOLD]: eric2a vendu 35 x Cooked Porkchop à  Isaorya pour 70.00 β le survie_new
[22:35:58] [ITEM_LISTED]: eric2a vend 29 x Bone Block  pour 200.00β sur survie_new
[22:36:14] [ITEM_LISTED]: eric2a vend 64 x Netherrack  pour 150.00β sur survie_new
[22:36:30] [ITEM_LISTED]: eric2a vend 44 x Nether Bricks  pour 190.00β sur survie_new
[22:36:52] [ITEM_LISTED]: eric2a vend 1 x Blaze Rod  pour 200.00β sur survie_new
[22:37:18] [ITEM_LISTED]: eric2a vend 1 x Diamond Horse Armor  pour 250.00β sur survie_new
[22:37:41] [ITEM_LISTED]: eric2a vend 1 x Diamond Horse Armor  pour 250.00β sur survie_new
[23:03:08] [ITEM_SOLD]: Oziroal vendu 1 x Enchanted Book à  pimendespelette pour 2,000.00 β le survie_new
[23:40:01] [ITEM_LISTED]: Cryyzi vend 1 x Cat Spawn Egg  pour 5,000.00β sur survie_new
[23:40:11] [ITEM_LISTED]: Cryyzi vend 1 x Potion  pour 120.00β sur survie_new
[23:40:14] [ITEM_LISTED]: Cryyzi vend 1 x Potion  pour 120.00β sur survie_new
[23:40:25] [ITEM_LISTED]: Cryyzi vend 1 x Iron Pickaxe  [Efficiency I, Unbreaking I] pour 50.00β sur survie_new
[23:40:28] [ITEM_LISTED]: Cryyzi vend 1 x Iron Sword  [Sharpness I, Unbreaking I] pour 50.00β sur survie_new
[23:40:30] [ITEM_LISTED]: Cryyzi vend 1 x Iron Axe  [Efficiency I, Unbreaking I] pour 50.00β sur survie_new
[23:40:32] [ITEM_LISTED]: Cryyzi vend 1 x Iron Shovel  [Efficiency I, Unbreaking I] pour 50.00β sur survie_new
[23:58:53] [ITEM_SOLD]: The_Wiz_D vendu 64 x Arrow à  Nadreel pour 100.00 β le survie_new
