[11:37:23] [ITEM_SOLD]: pikatchou82 vendu 16 x Anvil à  omega2028 pour 1.00 β le survie_new
[11:37:36] [ITEM_LISTED]: omega2028 vend 16 x Anvil  pour 2,000.00β sur survie_new
[12:10:48] [ITEM_SOLD]: Wenos_XIII vendu 64 x Blaze Rod à  vodkakov pour 210.00 β le survie_new
[12:27:54] [ITEM_SOLD]: Wenos_XIII vendu 64 x Jungle Log à  vodkakov pour 200.00 β le survie_new
[12:34:18] [ITEM_LISTED]: aidan vend 1 x Enchanted Book  pour 20,000.00β sur survie_new
[12:34:29] [ITEM_SOLD]: aidan vendu 1 x Enchanted Book à  bioniclucas pour 20,000.00 β le survie_new
[12:35:07] [ITEM_LISTED]: pikatchou82 vend 64 x Anvil  pour 1,000.00β sur survie_new
[12:44:07] [ITEM_LISTED]: LLIcocoman_Hrz vend 2 x Dolphin Spawn Egg  pour 2,500.00β sur survie_new
[12:46:53] [ITEM_LISTED]: LLIcocoman_Hrz vend 16 x Sponge  pour 2,000.00β sur survie_new
[12:50:46] [ITEM_LISTED]: omega2028 vend 64 x Iron Block  pour 10,000.00β sur survie_new
[12:50:48] [ITEM_LISTED]: omega2028 vend 64 x Iron Block  pour 10,000.00β sur survie_new
[12:50:49] [ITEM_LISTED]: omega2028 vend 64 x Iron Block  pour 10,000.00β sur survie_new
[12:50:53] [ITEM_LISTED]: omega2028 vend 64 x Iron Block  pour 10,000.00β sur survie_new
[12:50:54] [ITEM_LISTED]: omega2028 vend 64 x Iron Block  pour 10,000.00β sur survie_new
[12:50:56] [ITEM_LISTED]: omega2028 vend 64 x Iron Block  pour 10,000.00β sur survie_new
[12:50:59] [ITEM_LISTED]: omega2028 vend 64 x Iron Block  pour 10,000.00β sur survie_new
[12:51:02] [ITEM_LISTED]: omega2028 vend 64 x Iron Block  pour 10,000.00β sur survie_new
[12:51:54] [ITEM_SOLD]: LLIcocoman_Hrz vendu 2 x Dolphin Spawn Egg à  CroixVeBaton pour 2,500.00 β le survie_new
[12:52:10] [ITEM_SOLD]: omega2028 vendu 64 x Iron Block à  pikatchou82 pour 10,000.00 β le survie_new
[12:52:15] [ITEM_SOLD]: omega2028 vendu 64 x Iron Block à  pikatchou82 pour 10,000.00 β le survie_new
[12:52:17] [ITEM_SOLD]: omega2028 vendu 64 x Iron Block à  pikatchou82 pour 10,000.00 β le survie_new
[12:52:18] [ITEM_SOLD]: omega2028 vendu 64 x Iron Block à  pikatchou82 pour 10,000.00 β le survie_new
[12:52:20] [ITEM_SOLD]: omega2028 vendu 64 x Iron Block à  pikatchou82 pour 10,000.00 β le survie_new
[12:52:21] [ITEM_SOLD]: omega2028 vendu 64 x Iron Block à  pikatchou82 pour 10,000.00 β le survie_new
[12:52:22] [ITEM_SOLD]: omega2028 vendu 64 x Iron Block à  pikatchou82 pour 10,000.00 β le survie_new
[12:52:25] [ITEM_SOLD]: omega2028 vendu 64 x Iron Block à  pikatchou82 pour 10,000.00 β le survie_new
[12:52:29] [ITEM_SOLD]: Loan02 vendu 1 x Diamond Axe à  [Unbreaking III] vodkakov pour 500.00 β le survie_new
[12:53:26] [ITEM_LISTED]: Loan02 vend 1 x Partie d'équipement : IV  pour 50,000.00β sur survie_new
[12:53:33] [ITEM_LISTED]: Loan02 vend 1 x Candy Cane (pink)  pour 35,000.00β sur survie_new
[12:53:52] [ITEM_LISTED]: Loan02 vend 1 x Wither Skeleton Skull  pour 6,000.00β sur survie_new
[12:54:13] [ITEM_LISTED]: Loan02 vend 1 x Potion  pour 100.00β sur survie_new
[12:55:56] [ITEM_LISTED]: LLIcocoman_Hrz vend 1 x Dolphin Spawn Egg  pour 5,000.00β sur survie_new
[12:55:59] [ITEM_SOLD]: LLIcocoman_Hrz vendu 1 x Dolphin Spawn Egg à  CroixVeBaton pour 5,000.00 β le survie_new
[12:56:10] [ITEM_LISTED]: limastic vend 1 x Dolphin Spawn Egg  pour 6,000.00β sur survie_new
[12:56:40] [ITEM_CANCELLED]: limastic annule la vente de 1x Dolphin Spawn Egg pour 6,000.00β sur survie_new
[12:56:53] [ITEM_RETURNED]: 1 x Dolphin Spawn Egg  renvoyé à limastic le survie_new
[12:57:57] [ITEM_LISTED]: limastic vend 1 x Dolphin Spawn Egg  pour 6,000.00β sur survie_new
[12:58:00] [ITEM_SOLD]: limastic vendu 1 x Dolphin Spawn Egg à  omega2028 pour 6,000.00 β le survie_new
[13:01:06] [ITEM_LISTED]: limastic vend 1 x §;§:Spawner à Araignée venimeuse 1x  pour 8,000.00β sur survie_new
[13:01:21] [ITEM_SOLD]: limastic vendu 1 x §;§:Spawner à Araignée venimeuse 1x à  CouzVeBaton pour 8,000.00 β le survie_new
[13:05:40] [ITEM_LISTED]: aidan vend 1 x Dolphin Spawn Egg  pour 5,000.00β sur survie_new
[13:05:53] [ITEM_SOLD]: aidan vendu 1 x Dolphin Spawn Egg à  omega2028 pour 5,000.00 β le survie_new
[13:05:58] [ITEM_SOLD]: omega2028 vendu 16 x Anvil à  vodkakov pour 2,000.00 β le survie_new
[13:24:44] [ITEM_SOLD]: CroixVeBaton vendu 64 x Dark Oak Log à  _Wiizy_ pour 160.00 β le survie_new
[14:23:43] [ITEM_LISTED]: LLIcocoman_Hrz vend 1 x Dolphin Spawn Egg  pour 5,000.00β sur survie_new
[14:24:59] [ITEM_SOLD]: LLIcocoman_Hrz vendu 1 x Dolphin Spawn Egg à  Loan02 pour 5,000.00 β le survie_new
[14:32:40] [ITEM_SOLD]: LLIcocoman_Hrz vendu 16 x Sponge à  Christophe_ pour 2,000.00 β le survie_new
[14:40:52] [ITEM_LISTED]: Loan02 vend 16 x Gunpowder  pour 16.00β sur survie_new
[14:41:04] [ITEM_CANCELLED]: Loan02 annule la vente de 16x Gunpowder pour 16.00β sur survie_new
[14:42:18] [ITEM_SOLD]: CroixVeBaton vendu 64 x Dark Oak Log à  omega2028 pour 160.00 β le survie_new
[14:42:19] [ITEM_SOLD]: CroixVeBaton vendu 64 x Dark Oak Log à  omega2028 pour 160.00 β le survie_new
[14:42:19] [ITEM_SOLD]: CroixVeBaton vendu 64 x Dark Oak Log à  omega2028 pour 160.00 β le survie_new
[14:42:20] [ITEM_SOLD]: CroixVeBaton vendu 64 x Dark Oak Log à  omega2028 pour 160.00 β le survie_new
[14:42:21] [ITEM_SOLD]: CroixVeBaton vendu 64 x Dark Oak Log à  omega2028 pour 160.00 β le survie_new
[14:42:22] [ITEM_SOLD]: CroixVeBaton vendu 64 x Dark Oak Log à  omega2028 pour 160.00 β le survie_new
[14:59:56] [ITEM_SOLD]: CroixVeBaton vendu 64 x Dark Oak Log à  omega2028 pour 160.00 β le survie_new
[14:59:58] [ITEM_SOLD]: CroixVeBaton vendu 64 x Dark Oak Log à  omega2028 pour 160.00 β le survie_new
[14:59:59] [ITEM_SOLD]: CroixVeBaton vendu 64 x Dark Oak Log à  omega2028 pour 160.00 β le survie_new
[15:00:01] [ITEM_SOLD]: CroixVeBaton vendu 64 x Dark Oak Log à  omega2028 pour 160.00 β le survie_new
[15:12:58] [ITEM_RETURNED]: 1 x Shulker Box  renvoyé à Stebanou le survie_new
[15:12:58] [ITEM_RETURNED]: 1 x Shulker Box  renvoyé à Stebanou le survie_new
[15:12:58] [ITEM_RETURNED]: 1 x Shulker Box  renvoyé à Stebanou le survie_new
[15:12:59] [ITEM_RETURNED]: 1 x Shulker Box  renvoyé à Stebanou le survie_new
[15:12:59] [ITEM_RETURNED]: 1 x Shulker Box  renvoyé à Stebanou le survie_new
[15:13:00] [ITEM_RETURNED]: 1 x Shulker Box  renvoyé à Stebanou le survie_new
[15:32:07] [ITEM_SOLD]: CroixVeBaton vendu 64 x Dark Oak Log à  omega2028 pour 160.00 β le survie_new
[15:32:09] [ITEM_SOLD]: CroixVeBaton vendu 64 x Dark Oak Log à  omega2028 pour 160.00 β le survie_new
[15:34:44] [ITEM_SOLD]: CroixVeBaton vendu 64 x Dark Oak Log à  omega2028 pour 160.00 β le survie_new
[15:34:45] [ITEM_SOLD]: CroixVeBaton vendu 64 x Dark Oak Log à  omega2028 pour 160.00 β le survie_new
[15:49:10] [ITEM_SOLD]: CroixVeBaton vendu 64 x Dark Oak Log à  Loan02 pour 160.00 β le survie_new
[15:50:16] [ITEM_SOLD]: Loan02 vendu 1 x Wither Skeleton Skull à  louloured03 pour 6,000.00 β le survie_new
[15:56:55] [ITEM_SOLD]: Yohan81 vendu 1 x Shulker Box à  pikatchou82 pour 2,000.00 β le survie_new_nether
[16:02:31] [ITEM_SOLD]: Wenos_XIII vendu 64 x Acacia Log à  Loan02 pour 200.00 β le survie_new
[16:03:47] [ITEM_LISTED]: pikatchou82 vend 1 x cadeau de noel bien garni  pour 10,000.00β sur survie_new
[16:07:17] [ITEM_SOLD]: CroixVeBaton vendu 64 x Dark Oak Log à  Loan02 pour 160.00 β le survie_new
[16:32:24] [ITEM_LISTED]: Stebanou vend 1 x §;§:Spawner à Dauphin 1x  pour 8,500.00β sur survie_new
[16:34:08] [ITEM_CANCELLED]: Stebanou annule la vente de 1x §;§:Spawner à Dauphin 1x pour 8,500.00β sur survie_new
[16:34:12] [ITEM_RETURNED]: 1 x §;§:Spawner à Dauphin 1x  renvoyé à Stebanou le survie_new
[16:34:22] [ITEM_LISTED]: Stebanou vend 1 x §;§:Spawner à Dauphin 1x  pour 6,000.00β sur survie_new
[16:34:39] [ITEM_SOLD]: Stebanou vendu 1 x §;§:Spawner à Dauphin 1x à  Loan02 pour 6,000.00 β le survie_new
[17:04:44] [ITEM_LISTED]: Loan02 vend 64 x Cooked Porkchop  pour 50.00β sur survie_new
[17:04:48] [ITEM_LISTED]: Loan02 vend 64 x Cooked Porkchop  pour 50.00β sur survie_new
[17:04:54] [ITEM_LISTED]: Loan02 vend 64 x Cooked Porkchop  pour 50.00β sur survie_new
[17:05:49] [ITEM_SOLD]: Wenos_XIII vendu 1 x Enchanted Book à  Lallethu pour 500.00 β le survie_new
[17:10:06] [ITEM_CANCELLED]: Stebanou annule la vente de 15x White Wool pour 2,000.00β sur survie_new
[17:10:11] [ITEM_RETURNED]: 15 x White Wool  renvoyé à Stebanou le survie_new
[17:19:12] [ITEM_SOLD]: CroixVeBaton vendu 64 x Dark Oak Log à  Loan02 pour 160.00 β le survie_new
[17:39:31] [ITEM_LISTED]: Djo676 vend 48 x Glowstone  pour 1,500.00β sur survie_new
[17:39:37] [ITEM_SOLD]: Djo676 vendu 48 x Glowstone à  limastic pour 1,500.00 β le survie_new
[18:11:31] [ITEM_SOLD]: LLIcocoman_Hrz vendu 8 x Sponge à  Isaorya pour 1,500.00 β le survie_new
[18:14:20] [ITEM_LISTED]: Stebanou vend 1 x Rainbow Arrow Right Up  pour 35,000.00β sur survie_new
[18:16:16] [ITEM_SOLD]: Wenos_XIII vendu 64 x Stripped Dark Oak Log à  Loan02 pour 250.00 β le survie_new
[19:16:35] [ITEM_CANCELLED]: Stebanou annule la vente de 1x Rainbow Arrow Right Up pour 35,000.00β sur survie_new
[19:16:36] [ITEM_RETURNED]: 1 x Rainbow Arrow Right Up  renvoyé à Stebanou le survie_new
[19:24:12] [ITEM_SOLD]: REGDYLAN vendu 1 x §;§:Spawner à Cochon-Zombie 1x à  omega2028 pour 50,000.00 β le survie_new
[19:24:14] [ITEM_SOLD]: REGDYLAN vendu 1 x §;§:Spawner à Cochon-Zombie 1x à  omega2028 pour 50,000.00 β le survie_new
[19:24:16] [ITEM_SOLD]: REGDYLAN vendu 1 x §;§:Spawner à Cochon-Zombie 1x à  omega2028 pour 50,000.00 β le survie_new
[19:24:17] [ITEM_SOLD]: REGDYLAN vendu 1 x §;§:Spawner à Cochon-Zombie 1x à  omega2028 pour 50,000.00 β le survie_new
[19:24:18] [ITEM_SOLD]: REGDYLAN vendu 1 x §;§:Spawner à Cochon-Zombie 1x à  omega2028 pour 50,000.00 β le survie_new
[19:24:19] [ITEM_SOLD]: REGDYLAN vendu 1 x §;§:Spawner à Cochon-Zombie 1x à  omega2028 pour 50,000.00 β le survie_new
[19:24:21] [ITEM_SOLD]: REGDYLAN vendu 1 x §;§:Spawner à Cochon-Zombie 1x à  omega2028 pour 50,000.00 β le survie_new
[19:28:42] [ITEM_LISTED]: Stebanou vend 1 x Player Head  pour 25,000.00β sur survie_new
[19:47:39] [ITEM_LISTED]: omega2028 vend 64 x Iron Block  pour 11,000.00β sur survie_new
[19:47:41] [ITEM_LISTED]: omega2028 vend 64 x Iron Block  pour 11,000.00β sur survie_new
[19:47:43] [ITEM_LISTED]: omega2028 vend 64 x Iron Block  pour 11,000.00β sur survie_new
[19:47:46] [ITEM_LISTED]: omega2028 vend 64 x Iron Block  pour 11,000.00β sur survie_new
[19:47:48] [ITEM_LISTED]: omega2028 vend 64 x Iron Block  pour 11,000.00β sur survie_new
[19:47:50] [ITEM_LISTED]: omega2028 vend 64 x Iron Block  pour 11,000.00β sur survie_new
[19:47:54] [ITEM_LISTED]: omega2028 vend 64 x Iron Block  pour 11,000.00β sur survie_new
[19:47:56] [ITEM_LISTED]: omega2028 vend 64 x Iron Block  pour 11,000.00β sur survie_new
[19:47:57] [ITEM_LISTED]: omega2028 vend 64 x Iron Block  pour 11,000.00β sur survie_new
[19:48:01] [ITEM_LISTED]: omega2028 vend 64 x Iron Block  pour 11,000.00β sur survie_new
[19:48:03] [ITEM_LISTED]: omega2028 vend 64 x Iron Block  pour 11,000.00β sur survie_new
[19:48:05] [ITEM_LISTED]: omega2028 vend 64 x Iron Block  pour 11,000.00β sur survie_new
[19:48:09] [ITEM_LISTED]: omega2028 vend 64 x Iron Block  pour 11,000.00β sur survie_new
[19:48:11] [ITEM_LISTED]: omega2028 vend 64 x Iron Block  pour 11,000.00β sur survie_new
[19:48:13] [ITEM_LISTED]: omega2028 vend 64 x Iron Block  pour 11,000.00β sur survie_new
[19:48:18] [ITEM_LISTED]: omega2028 vend 64 x Iron Block  pour 11,000.00β sur survie_new
[19:50:50] [ITEM_SOLD]: CroixVeBaton vendu 64 x Dark Oak Log à  Loan02 pour 160.00 β le survie_new
[20:01:48] [ITEM_SOLD]: CroixVeBaton vendu 64 x Dark Oak Log à  Loan02 pour 160.00 β le survie_new
[20:03:37] [ITEM_SOLD]: Wenos_XIII vendu 64 x meilleure bois de tout le serv à  blazou38 pour 200.00 β le survie_new
[20:04:51] [ITEM_SOLD]: CroixVeBaton vendu 64 x Dark Oak Log à  omega2028 pour 160.00 β le survie_new
[20:04:52] [ITEM_SOLD]: CroixVeBaton vendu 64 x Dark Oak Log à  omega2028 pour 160.00 β le survie_new
[20:04:52] [ITEM_SOLD]: CroixVeBaton vendu 64 x Dark Oak Log à  omega2028 pour 160.00 β le survie_new
[20:04:53] [ITEM_SOLD]: CroixVeBaton vendu 64 x Dark Oak Log à  omega2028 pour 160.00 β le survie_new
[20:04:53] [ITEM_SOLD]: CroixVeBaton vendu 64 x Dark Oak Log à  omega2028 pour 160.00 β le survie_new
[20:04:54] [ITEM_SOLD]: CroixVeBaton vendu 64 x Dark Oak Log à  omega2028 pour 160.00 β le survie_new
[20:04:55] [ITEM_SOLD]: CroixVeBaton vendu 64 x Dark Oak Log à  omega2028 pour 160.00 β le survie_new
[20:04:55] [ITEM_SOLD]: CroixVeBaton vendu 64 x Dark Oak Log à  omega2028 pour 160.00 β le survie_new
[20:04:56] [ITEM_SOLD]: CroixVeBaton vendu 64 x Dark Oak Log à  omega2028 pour 160.00 β le survie_new
[20:04:57] [ITEM_SOLD]: CroixVeBaton vendu 64 x Dark Oak Log à  omega2028 pour 160.00 β le survie_new
[20:04:57] [ITEM_SOLD]: CroixVeBaton vendu 64 x Dark Oak Log à  omega2028 pour 160.00 β le survie_new
[20:04:58] [ITEM_SOLD]: CroixVeBaton vendu 64 x Dark Oak Log à  omega2028 pour 160.00 β le survie_new
[20:28:20] [ITEM_SOLD]: Loan02 vendu 1 x Potion à  Wenos_XIII pour 100.00 β le survie_new
[20:28:35] [ITEM_SOLD]: pouille vendu 64 x Melon Slice à  Wenos_XIII pour 10.00 β le survie_new
[20:29:17] [ITEM_SOLD]: Loan02 vendu 1 x Diamond Sword à  [Bane of Arthropods IV, Knockback II, Sweeping Edge III] Wenos_XIII pour 1,000.00 β le survie_new
[21:06:47] [ITEM_LISTED]: omega2028 vend 64 x Iron Block  pour 11,000.00β sur survie_new
[21:06:49] [ITEM_LISTED]: omega2028 vend 64 x Iron Block  pour 11,000.00β sur survie_new
[21:06:53] [ITEM_LISTED]: omega2028 vend 64 x Iron Block  pour 11,000.00β sur survie_new
[21:06:54] [ITEM_LISTED]: omega2028 vend 64 x Iron Block  pour 11,000.00β sur survie_new
[21:06:58] [ITEM_LISTED]: omega2028 vend 64 x Iron Block  pour 11,000.00β sur survie_new
[21:12:12] [ITEM_SOLD]: pikatchou82 vendu 1 x cadeau de noel bien garni à  omega2028 pour 10,000.00 β le survie_new
[21:12:38] [ITEM_LISTED]: omega2028 vend 1 x cadeau de noel bien garni  pour 10,000.00β sur survie_new
[21:42:59] [ITEM_SOLD]: nonokiwi vendu 2 x Diamond à  Mathis6000 pour 1,000.00 β le survie_new
[22:12:20] [ITEM_LISTED]: pouille vend 1 x Iron Sword  pour 1,000.00β sur survie_new
[22:56:51] [ITEM_SOLD]: CroixVeBaton vendu 64 x Dark Oak Log à  Lallethu pour 160.00 β le survie_new
[23:13:54] [ITEM_LISTED]: omega2028 vend 64 x Iron Block  pour 11,000.00β sur survie_new
[23:13:57] [ITEM_LISTED]: omega2028 vend 64 x Iron Block  pour 11,000.00β sur survie_new
[23:13:59] [ITEM_LISTED]: omega2028 vend 64 x Iron Block  pour 11,000.00β sur survie_new
[23:14:02] [ITEM_LISTED]: omega2028 vend 64 x Iron Block  pour 11,000.00β sur survie_new
[23:14:03] [ITEM_LISTED]: omega2028 vend 64 x Iron Block  pour 11,000.00β sur survie_new
[23:14:05] [ITEM_LISTED]: omega2028 vend 64 x Iron Block  pour 11,000.00β sur survie_new
[23:14:08] [ITEM_LISTED]: omega2028 vend 64 x Iron Block  pour 11,000.00β sur survie_new
[23:14:10] [ITEM_LISTED]: omega2028 vend 64 x Iron Block  pour 11,000.00β sur survie_new
[23:14:11] [ITEM_LISTED]: omega2028 vend 64 x Iron Block  pour 11,000.00β sur survie_new
[23:14:17] [ITEM_LISTED]: omega2028 vend 64 x Iron Block  pour 11,000.00β sur survie_new
[23:14:18] [ITEM_LISTED]: omega2028 vend 64 x Iron Block  pour 11,000.00β sur survie_new
[23:35:11] [ITEM_LISTED]: louloured03 vend 1 x Fishing Rod  [Mending] pour 300,000.00β sur survie_new
[23:36:06] [ITEM_CANCELLED]: omega2028 annule la vente de 1x cadeau de noel bien garni pour 10,000.00β sur survie_new
[23:36:10] [ITEM_RETURNED]: 1 x cadeau de noel bien garni  renvoyé à omega2028 le survie_new
[23:55:20] [ITEM_LISTED]: Djo676 vend 1 x §;§:Spawner à Zombie 1x  pour 20,000.00β sur survie_new
