[02:05:50] [ITEM_LISTED]: Darinor_ vend 64 x Scaffolding  pour 800.00β sur survie_new
[02:16:00] [ITEM_CANCELLED]: Darinor_ annule la vente de 64x Scaffolding pour 800.00β sur survie_new
[02:16:19] [ITEM_RETURNED]: 64 x Scaffolding  renvoyé à Darinor_ le survie_new
[02:16:29] [ITEM_LISTED]: Darinor_ vend 64 x Scaffolding  pour 250.00β sur survie_new
[04:30:44] [ITEM_SOLD]: D3sTryk3 vendu 1 x Potion à  Zarbikop pour 5.00 β le survie_new
[14:06:33] [ITEM_LISTED]: Christophe_ vend 1 x Diamond Boots  [Feather Falling III, Protection IV, Unbreaking III] pour 10,000.00β sur survie_new
[16:27:01] [ITEM_RETURNED]: 1 x Enchanted Book  renvoyé à Christophe_ le survie_new
[18:20:39] [ITEM_LISTED]: Darinor_ vend 33 x Carrelage Rouge et Noir  pour 100.00β sur survie_new
[18:24:35] [ITEM_CANCELLED]: Darinor_ annule la vente de 1x Elytra pour 9,500.00β sur survie_new_the_end
[18:24:51] [ITEM_RETURNED]: 1 x Elytra  renvoyé à Darinor_ le survie_new_the_end
[18:25:02] [ITEM_LISTED]: Darinor_ vend 1 x Elytra  pour 8,000.00β sur survie_new
[18:37:51] [ITEM_SOLD]: 74Matt vendu 2 x Nether Wart à  Val64 pour 400.00 β le survie_new
[19:08:04] [ITEM_LISTED]: Darinor_ vend 1 x Iron Shovel  [Curse of Vanishing] pour 1.00β sur survie_new
[19:58:49] [ITEM_SOLD]: pikatchou82 vendu 64 x Jukebox à  Darinor_ pour 250.00 β le survie_new
[20:01:12] [ITEM_DROPPED]: Abandon de la vente hugoleb expirée de 64 x Packed Ice  pour 0.00β à leurs pieds le survie_new
[20:01:12] [ITEM_DROPPED]: Abandon de la vente hugoleb expirée de 64 x Packed Ice  pour 0.00β à leurs pieds le survie_new
[20:01:12] [ITEM_DROPPED]: Abandon de la vente hugoleb expirée de 64 x Packed Ice  pour 0.00β à leurs pieds le survie_new
[20:01:12] [ITEM_DROPPED]: Abandon de la vente hugoleb expirée de 64 x Packed Ice  pour 0.00β à leurs pieds le survie_new
[20:01:12] [ITEM_DROPPED]: Abandon de la vente hugoleb expirée de 64 x Packed Ice  pour 0.00β à leurs pieds le survie_new
[20:01:16] [ITEM_LISTED]: Stebanou vend 1 x Enchanted Book  pour 10,000.00β sur survie_new
[20:01:32] [ITEM_CANCELLED]: Stebanou annule la vente de 1x Enchanted Book pour 10,000.00β sur survie_new
[20:01:34] [ITEM_RETURNED]: 1 x Enchanted Book  renvoyé à Stebanou le survie_new
[20:33:37] [ITEM_SOLD]: RoroElPadre vendu 1 x Enchanted Book à  TheSolobaid pour 1,500.00 β le survie_new
[20:33:42] [ITEM_SOLD]: RoroElPadre vendu 1 x Enchanted Book à  TheSolobaid pour 1,500.00 β le survie_new
[20:33:47] [ITEM_SOLD]: RoroElPadre vendu 1 x Enchanted Book à  TheSolobaid pour 1,000.00 β le survie_new
[20:44:24] [ITEM_SOLD]: Christophe_ vendu 16 x Ender Pearl à  ketsumochi pour 500.00 β le survie_new_the_end
[20:47:40] [ITEM_LISTED]: Stebanou vend 1 x Journal de quêtes  pour 1.00β sur survie_new
[20:47:48] [ITEM_CANCELLED]: Stebanou annule la vente de 1x Journal de quêtes pour 1.00β sur survie_new
[20:47:50] [ITEM_RETURNED]: 1 x Journal de quêtes  renvoyé à Stebanou le survie_new
[20:47:56] [ITEM_LISTED]: Stebanou vend 1 x Journal de quêtes  pour 1.00β sur survie_new
[20:48:00] [ITEM_CANCELLED]: Stebanou annule la vente de 1x Journal de quêtes pour 1.00β sur survie_new
