[00:01:36] [ITEM_SOLD]: Haru_M sold 1x Enchanted Book to Dasso88 for $2,500.00 on survie_new
[00:29:40] [ITEM_SOLD]: chanell_ sold 1x Iron Pickaxe to  [Efficiency IV, Silk Touch, Unbreaking III]Legendaires for $50.00 on End
[00:29:44] [ITEM_SOLD]: Haru_M sold 64x Ink Sac to GuiGuiPlay for $250.00 on survie_new
[02:04:37] [ITEM_SOLD]: mayte_ sold 1x Player Head to Piltrax for $5,000.00 on survie_new
[02:05:20] [ITEM_SOLD]: LukasLemaire09 sold 1x Music Disc Wait to Piltrax for $2,000.00 on Ressource
[02:05:53] [ITEM_SOLD]: Haru_M sold 1x Elytra to Piltrax for $4,000.00 on survie_new
[02:06:00] [ITEM_SOLD]: Haru_M sold 1x Elytra to Piltrax for $4,000.00 on survie_new
[02:06:01] [ITEM_SOLD]: Haru_M sold 1x Elytra to Piltrax for $4,000.00 on survie_new
[02:07:27] [ITEM_SOLD]: Haru_M sold 64x Wet Sponge to Piltrax for $2,000.00 on survie_new
[02:07:34] [ITEM_SOLD]: Haru_M sold 64x Mycelium to Piltrax for $800.00 on Ressource
[02:11:18] [ITEM_LISTED]: Haru_M listed 1x Elytra [Mending, Unbreaking III] for $8,000.00 on survie_new
[02:11:20] [ITEM_LISTED]: Haru_M listed 1x Elytra [Mending, Unbreaking III] for $8,000.00 on survie_new
[02:11:26] [ITEM_LISTED]: Haru_M listed 1x Enchanted Book for $2,000.00 on survie_new
[02:11:28] [ITEM_LISTED]: Haru_M listed 1x Enchanted Book for $2,000.00 on survie_new
[02:18:45] [ITEM_SOLD]: Haru_M sold 1x Diamond Shovel to  [Efficiency III, Fortune II]GuiGuiPlay for $500.00 on survie_new
[03:02:00] [ITEM_CANCELLED]: Haru_M cancelled an auction for 1x Enchanted Book for $2,500.00 on survie_new
[03:02:08] [ITEM_RETURNED]: Returned 1x Enchanted Book to Haru_M on survie_new
[03:02:14] [ITEM_LISTED]: Haru_M listed 1x Enchanted Book for $1,500.00 on survie_new
[03:02:20] [ITEM_SOLD]: Haru_M sold 1x Enchanted Book to Dasso88 for $1,500.00 on survie_new
[03:04:22] [ITEM_SOLD]: mayte_ sold 1x Diamond Chestplate to Stephane for $50.00 on survie_new
[03:05:35] [ITEM_SOLD]: mayte_ sold 1x Diamond Chestplate to cameltefume for $50.00 on survie_new
[03:06:02] [ITEM_SOLD]: chanell_ sold 1x Iron Pickaxe to  [Efficiency III, Unbreaking III]Stephane for $50.00 on End
[03:06:57] [ITEM_SOLD]: chanell_ sold 1x Iron Pickaxe to  [Mending, Silk Touch]cameltefume for $50.00 on End
[03:07:05] [ITEM_SOLD]: CapitaineNiamor sold 1x Leather Leggings to  [Protection II]cameltefume for $50.00 on survie_new
[03:07:07] [ITEM_SOLD]: CapitaineNiamor sold 1x Leather Boots to  [Protection II]cameltefume for $50.00 on survie_new
[03:07:11] [ITEM_LISTED]: Haru_M listed 64x Ink Sac for $800.00 on survie_new
[03:07:13] [ITEM_LISTED]: Haru_M listed 64x Ink Sac for $800.00 on survie_new
[03:07:19] [ITEM_LISTED]: Haru_M listed 64x Ink Sac for $800.00 on survie_new
[03:07:29] [ITEM_CANCELLED]: Haru_M cancelled an auction for 1x Enchanted Book for $2,500.00 on survie_new
[03:07:30] [ITEM_CANCELLED]: Haru_M cancelled an auction for 1x Enchanted Book for $1,500.00 on survie_new
[03:07:31] [ITEM_CANCELLED]: Haru_M cancelled an auction for 5x Heart Of The Sea for $1,500.00 on survie_new
[03:07:31] [ITEM_CANCELLED]: Haru_M cancelled an auction for 1x Enchanted Book for $1,500.00 on survie_new
[03:07:32] [ITEM_CANCELLED]: Haru_M cancelled an auction for 1x Enchanted Book for $1,500.00 on survie_new
[03:07:33] [ITEM_CANCELLED]: Haru_M cancelled an auction for 1x Enchanted Book for $1,500.00 on survie_new
[03:07:34] [ITEM_CANCELLED]: Haru_M cancelled an auction for 1x Enchanted Book for $2,800.00 on survie_new
[03:07:35] [ITEM_CANCELLED]: Haru_M cancelled an auction for 1x Enchanted Book for $2,800.00 on survie_new
[03:07:35] [ITEM_CANCELLED]: Haru_M cancelled an auction for 1x Enchanted Book for $2,800.00 on survie_new
[03:07:36] [ITEM_CANCELLED]: Haru_M cancelled an auction for 1x Enchanted Book for $2,500.00 on survie_new
[03:07:37] [ITEM_CANCELLED]: Haru_M cancelled an auction for 1x Enchanted Book for $2,500.00 on survie_new
[03:07:38] [ITEM_CANCELLED]: Haru_M cancelled an auction for 5x Heart Of The Sea for $1,500.00 on survie_new
[03:07:39] [ITEM_CANCELLED]: Haru_M cancelled an auction for 64x Mycelium for $800.00 on Ressource
[03:07:39] [ITEM_CANCELLED]: Haru_M cancelled an auction for 64x Mycelium for $800.00 on Ressource
[03:07:41] [ITEM_CANCELLED]: Haru_M cancelled an auction for 64x Mycelium for $800.00 on Ressource
[03:07:42] [ITEM_CANCELLED]: Haru_M cancelled an auction for 64x Mycelium for $800.00 on Ressource
[03:07:43] [ITEM_CANCELLED]: Haru_M cancelled an auction for 64x Iron Block for $11,000.00 on survie_new
[03:07:44] [ITEM_CANCELLED]: Haru_M cancelled an auction for 1x Lime Shulker Box for $2,000.00 on survie_new
[03:07:45] [ITEM_CANCELLED]: Haru_M cancelled an auction for 5x Dragon Breath for $800.00 on survie_new
[03:07:45] [ITEM_CANCELLED]: Haru_M cancelled an auction for 1x Light Blue Shulker Box for $2,000.00 on survie_new
[03:07:46] [ITEM_CANCELLED]: Haru_M cancelled an auction for 1x Magenta Shulker Box for $2,000.00 on survie_new
[03:07:47] [ITEM_CANCELLED]: Haru_M cancelled an auction for 1x Blue Shulker Box for $2,000.00 on survie_new
[03:07:48] [ITEM_CANCELLED]: Haru_M cancelled an auction for 1x Pink Shulker Box for $2,000.00 on survie_new
[03:07:49] [ITEM_CANCELLED]: Haru_M cancelled an auction for 1x Orange Shulker Box for $2,000.00 on survie_new
[03:07:50] [ITEM_CANCELLED]: Haru_M cancelled an auction for 1x Yellow Shulker Box for $2,000.00 on survie_new
[03:07:58] [ITEM_RETURNED]: Returned 1x Enchanted Book to Haru_M on survie_new
[03:07:59] [ITEM_RETURNED]: Returned 1x Enchanted Book to Haru_M on survie_new
[03:08:56] [ITEM_LISTED]: Haru_M listed 1x Enchanted Book for $2,500.00 on survie_new
[03:08:59] [ITEM_LISTED]: Haru_M listed 1x Enchanted Book for $2,500.00 on survie_new
[03:09:01] [ITEM_LISTED]: Haru_M listed 1x Enchanted Book for $2,500.00 on survie_new
[03:09:06] [ITEM_LISTED]: Haru_M listed 1x Enchanted Book for $2,500.00 on survie_new
[03:09:08] [ITEM_LISTED]: Haru_M listed 1x Enchanted Book for $2,500.00 on survie_new
[03:09:14] [ITEM_LISTED]: Haru_M listed 1x Enchanted Book for $2,500.00 on survie_new
[03:09:16] [ITEM_LISTED]: Haru_M listed 1x Enchanted Book for $2,500.00 on survie_new
[03:09:41] [ITEM_LISTED]: Haru_M listed 1x Enchanted Book for $2,500.00 on survie_new
[03:09:43] [ITEM_LISTED]: Haru_M listed 1x Enchanted Book for $2,500.00 on survie_new
[03:09:45] [ITEM_LISTED]: Haru_M listed 1x Enchanted Book for $2,500.00 on survie_new
[03:10:16] [ITEM_LISTED]: Haru_M listed 1x Enchanted Book for $2,000.00 on survie_new
[03:10:18] [ITEM_LISTED]: Haru_M listed 1x Enchanted Book for $2,000.00 on survie_new
[03:10:37] [ITEM_LISTED]: Haru_M listed 1x Enchanted Book for $2,000.00 on survie_new
[03:10:38] [ITEM_LISTED]: Haru_M listed 1x Enchanted Book for $2,000.00 on survie_new
[03:10:40] [ITEM_LISTED]: Haru_M listed 1x Enchanted Book for $2,000.00 on survie_new
[03:10:59] [ITEM_RETURNED]: Returned 1x Enchanted Book to Haru_M on survie_new
[03:11:01] [ITEM_RETURNED]: Returned 1x Enchanted Book to Haru_M on survie_new
[03:21:01] [ITEM_LISTED]: Haru_M listed 1x Enchanted Book for $3,000.00 on survie_new
[03:21:04] [ITEM_LISTED]: Haru_M listed 1x Enchanted Book for $3,000.00 on survie_new
[03:26:28] [ITEM_RETURNED]: Returned 1x Lime Shulker Box to Haru_M on survie_new
[03:26:32] [ITEM_RETURNED]: Returned 1x Yellow Shulker Box to Haru_M on survie_new
[03:26:33] [ITEM_RETURNED]: Returned 1x Pink Shulker Box to Haru_M on survie_new
[03:26:33] [ITEM_RETURNED]: Returned 1x Orange Shulker Box to Haru_M on survie_new
[03:26:34] [ITEM_RETURNED]: Returned 1x Blue Shulker Box to Haru_M on survie_new
[03:26:35] [ITEM_RETURNED]: Returned 1x Light Blue Shulker Box to Haru_M on survie_new
[03:26:36] [ITEM_RETURNED]: Returned 1x Magenta Shulker Box to Haru_M on survie_new
[03:27:13] [ITEM_LISTED]: Haru_M listed 1x Blue Shulker Box for $1,800.00 on survie_new
[03:27:15] [ITEM_LISTED]: Haru_M listed 1x Light Blue Shulker Box for $1,800.00 on survie_new
[03:27:17] [ITEM_LISTED]: Haru_M listed 1x Lime Shulker Box for $1,800.00 on survie_new
[03:27:19] [ITEM_LISTED]: Haru_M listed 1x Yellow Shulker Box for $1,800.00 on survie_new
[03:27:20] [ITEM_LISTED]: Haru_M listed 1x Orange Shulker Box for $1,800.00 on survie_new
[03:27:26] [ITEM_LISTED]: Haru_M listed 1x Pink Shulker Box for $1,800.00 on survie_new
[03:27:28] [ITEM_LISTED]: Haru_M listed 1x Magenta Shulker Box for $1,800.00 on survie_new
[06:43:35] [ITEM_SOLD]: _Wiizy_ sold 1x [Cave spider Spawner] to Migoux for $1,500.00 on survie_new
[06:56:13] [ITEM_SOLD]: CapitaineNiamor sold 1x [Cave spider Spawner] to Migoux for $1,500.00 on survie_new
[08:46:18] [ITEM_SOLD]: CapitaineNiamor sold 3x Wither Skeleton Skull to Aiwix for $10,000.00 on survie_new
[08:55:10] [ITEM_SOLD]: CapitaineNiamor sold 1x Iron Sword to  [Sharpness I, Unbreaking I]jos807 for $50.00 on survie_new
[08:55:34] [ITEM_CANCELLED]: CapitaineNiamor cancelled an auction for 64x Sugar Cane for $500.00 on survie_new
[08:55:34] [ITEM_CANCELLED]: CapitaineNiamor cancelled an auction for 1x Shulker Box for $2,500.00 on survie_new
[08:55:35] [ITEM_CANCELLED]: CapitaineNiamor cancelled an auction for 1x Shulker Box for $2,500.00 on survie_new
[08:55:35] [ITEM_CANCELLED]: CapitaineNiamor cancelled an auction for 1x Shulker Box for $2,500.00 on survie_new
[08:55:36] [ITEM_CANCELLED]: CapitaineNiamor cancelled an auction for 1x Shulker Box for $2,500.00 on survie_new
[08:55:41] [ITEM_RETURNED]: Returned 1x Shulker Box to CapitaineNiamor on survie_new
[08:55:41] [ITEM_RETURNED]: Returned 1x Shulker Box to CapitaineNiamor on survie_new
[08:55:42] [ITEM_RETURNED]: Returned 1x Shulker Box to CapitaineNiamor on survie_new
[08:55:42] [ITEM_RETURNED]: Returned 1x Shulker Box to CapitaineNiamor on survie_new
[08:55:43] [ITEM_RETURNED]: Returned 64x Sugar Cane to CapitaineNiamor on survie_new
[08:55:56] [ITEM_LISTED]: CapitaineNiamor listed 3x Wither Skeleton Skull for $10,000.00 on survie_new
[08:56:03] [ITEM_LISTED]: CapitaineNiamor listed 1x Shulker Box for $1,600.00 on survie_new
[08:56:04] [ITEM_LISTED]: CapitaineNiamor listed 1x Shulker Box for $1,600.00 on survie_new
[08:56:06] [ITEM_LISTED]: CapitaineNiamor listed 1x Shulker Box for $1,600.00 on survie_new
[08:56:10] [ITEM_LISTED]: CapitaineNiamor listed 1x Shulker Box for $1,600.00 on survie_new
[08:56:24] [ITEM_SOLD]: Haru_M sold 1x Enchanted Book to CapitaineNiamor for $2,000.00 on survie_new
[10:04:42] [ITEM_LISTED]: CapitaineNiamor listed 1x Enchanted Book for $4,000.00 on survie_new
[10:14:36] [ITEM_SOLD]: CapitaineNiamor sold 1x Iron Shovel to  [Efficiency I, Unbreaking I]Yadsoja for $50.00 on survie_new
[10:45:03] [ITEM_SOLD]: Euphare13 sold 64x Cobblestone to AiiDenOp for $1.00 on survie_new
[10:45:04] [ITEM_SOLD]: Euphare13 sold 64x Cobblestone to AiiDenOp for $1.00 on survie_new
[10:45:05] [ITEM_SOLD]: Euphare13 sold 64x Cobblestone to AiiDenOp for $1.00 on survie_new
[10:45:06] [ITEM_SOLD]: Euphare13 sold 64x Cobblestone to AiiDenOp for $1.00 on survie_new
[10:45:19] [ITEM_SOLD]: Euphare13 sold 64x Cobblestone to AiiDenOp for $1.00 on survie_new
[10:45:20] [ITEM_SOLD]: Euphare13 sold 64x Cobblestone to AiiDenOp for $1.00 on survie_new
[10:45:21] [ITEM_SOLD]: Euphare13 sold 64x Cobblestone to AiiDenOp for $1.00 on survie_new
[10:45:23] [ITEM_SOLD]: Euphare13 sold 64x Cobblestone to AiiDenOp for $1.00 on survie_new
[11:12:33] [ITEM_SOLD]: REGDYLAN sold 64x Spruce Log to _Chanel_ for $100.00 on survie_new
[11:36:24] [ITEM_SOLD]: Haru_M sold 1x Enchanted Book to Flacabon for $2,500.00 on survie_new
[12:19:35] [ITEM_SOLD]: mayte_ sold 1x Diamond Chestplate to Fr3nCh_CraFt for $50.00 on survie_new
[12:22:24] [ITEM_RETURNED]: Returned 1x Enchanted Golden Apple to mayte_ on survie_new
[12:22:25] [ITEM_RETURNED]: Returned 26x Chorus Fruit to mayte_ on survie_new
[12:22:26] [ITEM_RETURNED]: Returned 2x Golden Apple to mayte_ on survie_new
[12:22:27] [ITEM_LISTED]: Migoux listed 1x [Cave spider Spawner] for $1,000.00 on survie_new
[12:22:45] [ITEM_LISTED]: mayte_ listed 1x Enchanted Golden Apple for $1,500.00 on survie_new
[12:22:54] [ITEM_LISTED]: mayte_ listed 2x Turtle Egg for $1,000.00 on survie_new
[12:26:35] [ITEM_SOLD]: Haru_M sold 1x Enchanted Book to Migoux for $2,500.00 on survie_new
[12:46:53] [ITEM_SOLD]: CapitaineNiamor sold 1x Shulker Box to MrEspeon for $1,600.00 on survie_new
[12:46:57] [ITEM_SOLD]: CapitaineNiamor sold 1x Shulker Box to MrEspeon for $1,600.00 on survie_new
[12:56:24] [ITEM_LISTED]: Fr3nCh_CraFt listed 1x Fishing Rod [Mending] for $1,300.00 on survie_new
[12:57:48] [ITEM_SOLD]: REGDYLAN sold 64x Spruce Log to Oxyigen for $100.00 on survie_new
[13:05:21] [ITEM_LISTED]: Haru_M listed 1x [Squid Spawner] for $8,000.00 on survie_new
[13:05:23] [ITEM_LISTED]: Haru_M listed 1x [Squid Spawner] for $8,000.00 on survie_new
[13:05:24] [ITEM_LISTED]: Haru_M listed 1x [Squid Spawner] for $8,000.00 on survie_new
[13:19:13] [ITEM_SOLD]: GuiGuiPlay sold 64x Melon to Syr_bobibo for $640.00 on survie_new
[13:22:06] [ITEM_SOLD]: Haru_M sold 1x Enchanted Book to wisel51 for $3,000.00 on survie_new
[13:39:44] [ITEM_LISTED]: wisel51 listed 5x Dragon Breath for $1,500.00 on Ressource
[13:40:17] [ITEM_CANCELLED]: wisel51 cancelled an auction for 5x Dragon Breath for $1,500.00 on Ressource
[13:40:38] [ITEM_RETURNED]: Returned 5x Dragon Breath to wisel51 on Ressource
[13:40:55] [ITEM_LISTED]: wisel51 listed 5x Dragon Breath for $150.00 on Ressource
[13:41:07] [ITEM_LISTED]: wisel51 listed 1x [Cave spider Spawner] for $750.00 on Ressource
[13:41:15] [ITEM_LISTED]: wisel51 listed 1x [Cave spider Spawner] for $750.00 on Ressource
[13:42:42] [ITEM_LISTED]: wisel51 listed 5x Cooked Porkchop for $100.00 on Ressource
[13:42:48] [ITEM_LISTED]: wisel51 listed 5x Cooked Porkchop for $100.00 on Ressource
[13:42:59] [ITEM_LISTED]: wisel51 listed 5x Cooked Porkchop for $100.00 on Ressource
[13:43:10] [ITEM_LISTED]: wisel51 listed 5x Cooked Mutton for $100.00 on Ressource
[13:43:19] [ITEM_LISTED]: wisel51 listed 5x Cooked Mutton for $100.00 on Ressource
[13:43:53] [ITEM_LISTED]: wisel51 listed 5x Baked Potato for $150.00 on Ressource
[13:44:02] [ITEM_LISTED]: wisel51 listed 5x Baked Potato for $150.00 on Ressource
[13:44:08] [ITEM_LISTED]: wisel51 listed 5x Baked Potato for $150.00 on Ressource
[13:44:16] [ITEM_LISTED]: wisel51 listed 5x Baked Potato for $150.00 on Ressource
[13:45:42] [ITEM_LISTED]: wisel51 listed 64x Iron Ore for $1,000.00 on Ressource
[14:08:08] [ITEM_LISTED]: Aiwix listed 64x Magma Block for $1,100.00 on survie_new
[14:08:09] [ITEM_LISTED]: Aiwix listed 64x Magma Block for $1,100.00 on survie_new
[14:08:10] [ITEM_LISTED]: Aiwix listed 64x Magma Block for $1,100.00 on survie_new
[14:08:10] [ITEM_LISTED]: Aiwix listed 64x Magma Block for $1,100.00 on survie_new
[14:08:11] [ITEM_LISTED]: Aiwix listed 64x Magma Block for $1,100.00 on survie_new
[14:08:12] [ITEM_LISTED]: Aiwix listed 64x Magma Block for $1,100.00 on survie_new
[14:08:12] [ITEM_LISTED]: Aiwix listed 64x Magma Block for $1,100.00 on survie_new
[14:08:13] [ITEM_LISTED]: Aiwix listed 64x Magma Block for $1,100.00 on survie_new
[14:08:15] [ITEM_LISTED]: Aiwix listed 64x Magma Block for $1,100.00 on survie_new
[14:08:20] [ITEM_LISTED]: Aiwix listed 64x Magma Block for $1,100.00 on survie_new
[14:08:22] [ITEM_LISTED]: Aiwix listed 64x Magma Block for $1,100.00 on survie_new
[14:08:23] [ITEM_LISTED]: Aiwix listed 64x Magma Block for $1,100.00 on survie_new
[14:08:23] [ITEM_LISTED]: Aiwix listed 64x Magma Block for $1,100.00 on survie_new
[14:08:24] [ITEM_LISTED]: Aiwix listed 64x Magma Block for $1,100.00 on survie_new
[14:08:25] [ITEM_LISTED]: Aiwix listed 64x Magma Block for $1,100.00 on survie_new
[14:08:26] [ITEM_LISTED]: Aiwix listed 64x Magma Block for $1,100.00 on survie_new
[14:08:27] [ITEM_LISTED]: Aiwix listed 64x Magma Block for $1,100.00 on survie_new
[14:08:27] [ITEM_LISTED]: Aiwix listed 64x Magma Block for $1,100.00 on survie_new
[14:08:31] [ITEM_LISTED]: Aiwix listed 64x Magma Block for $1,100.00 on survie_new
[14:08:32] [ITEM_LISTED]: Aiwix listed 64x Magma Block for $1,100.00 on survie_new
[14:08:33] [ITEM_LISTED]: Aiwix listed 64x Magma Block for $1,100.00 on survie_new
[14:08:33] [ITEM_LISTED]: Aiwix listed 64x Magma Block for $1,100.00 on survie_new
[14:13:21] [ITEM_SOLD]: REGDYLAN sold 64x Spruce Log to chanell_ for $100.00 on survie_new
[14:20:12] [ITEM_LISTED]: Kaam98 listed 1x Diamond Sword [Unbreaking III] for $150.00 on survie_new
[14:20:14] [ITEM_LISTED]: Kaam98 listed 1x Diamond Sword [Bane of Arthropods IV] for $150.00 on survie_new
[14:20:28] [ITEM_LISTED]: Kaam98 listed 1x Diamond Sword [Knockback II, Looting II, Sharpness III] for $400.00 on survie_new
[14:20:30] [ITEM_LISTED]: Kaam98 listed 1x Diamond Sword [Fire Aspect II, Sweeping Edge III] for $400.00 on survie_new
[14:20:33] [ITEM_LISTED]: Kaam98 listed 1x Diamond Sword [Smite V] for $500.00 on survie_new
[14:20:48] [ITEM_LISTED]: Kaam98 listed 1x Diamond Pickaxe [Efficiency IV] for $350.00 on survie_new
[14:20:50] [ITEM_LISTED]: Kaam98 listed 1x Diamond Pickaxe [Efficiency IV] for $350.00 on survie_new
[14:21:07] [ITEM_LISTED]: Kaam98 listed 1x Diamond Pickaxe [Efficiency IV, Unbreaking III] for $500.00 on survie_new
[14:21:17] [ITEM_LISTED]: Kaam98 listed 1x Diamond Pickaxe [Efficiency IV, Fortune III, Unbreaking III] for $1,000.00 on survie_new
[14:21:22] [ITEM_SOLD]: REGDYLAN sold 64x Spruce Log to jos807 for $100.00 on survie_new
[14:21:47] [ITEM_LISTED]: Kaam98 listed 1x Diamond Boots [Unbreaking III] for $500.00 on survie_new
[14:21:57] [ITEM_LISTED]: Kaam98 listed 1x Diamond Boots [Blast Protection IV] for $500.00 on survie_new
[14:22:02] [ITEM_LISTED]: Kaam98 listed 1x Diamond Boots [Depth Strider III, Fire Protection IV] for $600.00 on survie_new
[14:22:04] [ITEM_LISTED]: Kaam98 listed 1x Diamond Boots [Depth Strider III, Fire Protection IV, Unbreaking III] for $600.00 on survie_new
[14:22:06] [ITEM_LISTED]: Kaam98 listed 1x Diamond Boots [Blast Protection IV, Unbreaking III] for $600.00 on survie_new
[14:22:19] [ITEM_LISTED]: Kaam98 listed 1x Diamond Leggings [Protection III, Unbreaking III] for $900.00 on survie_new
[14:22:20] [ITEM_LISTED]: Kaam98 listed 1x Diamond Leggings [Protection IV] for $900.00 on survie_new
[14:22:22] [ITEM_LISTED]: Kaam98 listed 1x Diamond Leggings [Protection III, Unbreaking III] for $900.00 on survie_new
[14:22:26] [ITEM_LISTED]: Kaam98 listed 1x Diamond Leggings [Fire Protection III, Unbreaking III] for $900.00 on survie_new
[14:22:40] [ITEM_LISTED]: Kaam98 listed 1x Diamond Helmet [Unbreaking III] for $600.00 on survie_new
[14:22:50] [ITEM_LISTED]: Kaam98 listed 1x Diamond Helmet [Protection III, Unbreaking III] for $800.00 on survie_new
[14:22:52] [ITEM_LISTED]: Kaam98 listed 1x Diamond Helmet [Protection III, Respiration III, Unbreaking III] for $800.00 on survie_new
[14:22:54] [ITEM_LISTED]: Kaam98 listed 1x Diamond Helmet [Aqua Affinity, Protection IV, Unbreaking III] for $800.00 on survie_new
[14:22:56] [ITEM_LISTED]: Kaam98 listed 1x Diamond Helmet [Aqua Affinity, Protection IV, Respiration III] for $800.00 on survie_new
[14:22:57] [ITEM_LISTED]: Kaam98 listed 1x Diamond Helmet [Fire Protection IV, Unbreaking III] for $800.00 on survie_new
[14:22:59] [ITEM_LISTED]: Kaam98 listed 1x Diamond Helmet [Aqua Affinity, Blast Protection IV, Unbreaking III] for $800.00 on survie_new
[14:24:50] [ITEM_DROPPED]: Dropped Haru_M's expired listing of 64x Bookshelf for $0.00 at their feet on survie_new
[14:28:28] [ITEM_SOLD]: Haru_M sold 1x Enchanted Book to Oxyigen for $2,000.00 on survie_new
[14:29:00] [ITEM_SOLD]: EbLhH sold 16x Bookshelf to Oxyigen for $2,000.00 on survie_new
[14:31:05] [ITEM_SOLD]: Kaam98 sold 1x Diamond Sword to  [Knockback II, Looting II, Sharpness III]Migoux for $400.00 on survie_new
[14:41:07] [ITEM_SOLD]: EbLhH sold 19x Wheat to Euphare13 for $50.00 on survie_new
[14:41:16] [ITEM_SOLD]: Kaam98 sold 1x Diamond Helmet to  [Aqua Affinity, Protection IV, Respiration III]JaiPaye for $800.00 on survie_new
[14:41:43] [ITEM_SOLD]: Kaam98 sold 1x Diamond Boots to  [Depth Strider III, Fire Protection IV]JaiPaye for $600.00 on survie_new
[14:45:16] [ITEM_SOLD]: CapitaineNiamor sold 3x Wither Skeleton Skull to _Shoku_ for $10,000.00 on survie_new
[14:46:30] [ITEM_SOLD]: Kaam98 sold 1x Diamond Pickaxe to  [Efficiency IV, Fortune III, Unbreaking III]CapitaineNiamor for $1,000.00 on survie_new
[14:46:32] [ITEM_SOLD]: Kaam98 sold 1x Diamond Pickaxe to  [Efficiency IV, Unbreaking III]CapitaineNiamor for $500.00 on survie_new
[14:52:19] [ITEM_SOLD]: REGDYLAN sold 64x Spruce Log to kalaistar for $100.00 on survie_new
[14:53:17] [ITEM_SOLD]: wisel51 sold 5x Cooked Porkchop to Euphare13 for $100.00 on Ressource
[15:00:42] [ITEM_LISTED]: Kaam98 listed 1x Diamond Sword [Knockback II] for $150.00 on survie_new
[15:00:51] [ITEM_LISTED]: Kaam98 listed 1x Diamond Sword [Fire Aspect II] for $400.00 on survie_new
[15:00:53] [ITEM_LISTED]: Kaam98 listed 1x Diamond Sword [Sharpness IV] for $400.00 on survie_new
[15:00:55] [ITEM_LISTED]: Kaam98 listed 1x Diamond Sword [Smite IV] for $400.00 on survie_new
[15:01:07] [ITEM_LISTED]: Kaam98 listed 1x Enchanted Book for $1,500.00 on survie_new
[15:01:14] [ITEM_SOLD]: Haru_M sold 1x Enchanted Book to ploup07380 for $2,500.00 on survie_new
[15:01:54] [ITEM_LISTED]: Kaam98 listed 1x Enchanted Book for $800.00 on survie_new
[15:02:00] [ITEM_LISTED]: Kaam98 listed 1x Enchanted Book for $500.00 on survie_new
[15:02:07] [ITEM_LISTED]: Kaam98 listed 1x Enchanted Book for $700.00 on survie_new
[15:04:28] [ITEM_SOLD]: Kaam98 sold 1x Enchanted Book to _Shoku_ for $800.00 on survie_new
[15:04:38] [ITEM_SOLD]: Kaam98 sold 1x Diamond Sword to  [Sharpness IV]_Shoku_ for $400.00 on survie_new
[15:05:14] [ITEM_LISTED]: Kaam98 listed 1x Enchanted Book for $800.00 on survie_new
[15:05:15] [ITEM_LISTED]: Kaam98 listed 1x Enchanted Book for $800.00 on survie_new
[15:05:21] [ITEM_LISTED]: Kaam98 listed 1x Enchanted Book for $1,500.00 on survie_new
[15:06:27] [ITEM_SOLD]: wisel51 sold 1x [Cave spider Spawner] to Kaam98 for $750.00 on Ressource
[15:06:28] [ITEM_SOLD]: Kaam98 sold 1x Diamond Sword to  [Fire Aspect II]_Shoku_ for $400.00 on survie_new
[15:06:28] [ITEM_SOLD]: wisel51 sold 1x [Cave spider Spawner] to Kaam98 for $750.00 on Ressource
[15:08:55] [ITEM_SOLD]: El_Pietro_31 sold 1x Golden Chestplate to  [Protection I, Unbreaking I]Kaam98 for $5.00 on survie_new
[15:08:56] [ITEM_SOLD]: El_Pietro_31 sold 1x Golden Chestplate to  [Blast Protection I, Unbreaking I]Kaam98 for $5.00 on survie_new
[15:08:58] [ITEM_SOLD]: El_Pietro_31 sold 1x Golden Sword to  [Sharpness I]Kaam98 for $10.00 on survie_new
[15:32:00] [ITEM_LISTED]: chanell_ listed 1x Enchanted Book for $1,500.00 on survie_new
[15:32:02] [ITEM_LISTED]: chanell_ listed 1x Enchanted Book for $1,500.00 on survie_new
[15:44:08] [ITEM_SOLD]: Kaam98 sold 1x Diamond Sword to  [Fire Aspect II, Sweeping Edge III]bluebraze for $400.00 on survie_new
[15:53:38] [ITEM_SOLD]: Kaam98 sold 1x Enchanted Book to chanell_ for $800.00 on survie_new
[15:57:53] [ITEM_SOLD]: Haru_M sold 1x Enchanted Book to CroixVeBaton for $2,500.00 on survie_new
[15:57:56] [ITEM_SOLD]: Haru_M sold 1x Enchanted Book to CroixVeBaton for $2,500.00 on survie_new
[16:06:13] [ITEM_LISTED]: toutom83 listed 4x Diamond for $800.00 on survie_new
[16:17:15] [ITEM_SOLD]: Kaam98 sold 1x Diamond Pickaxe to  [Efficiency IV]Hydrenoir for $350.00 on survie_new
[16:17:25] [ITEM_SOLD]: Kaam98 sold 1x Diamond Pickaxe to  [Efficiency IV]Hydrenoir for $350.00 on survie_new
[16:21:49] [ITEM_SOLD]: Haru_M sold 1x Enchanted Book to chanell_ for $2,500.00 on survie_new
[16:28:00] [ITEM_SOLD]: Haru_M sold 1x Enchanted Book to chanell_ for $2,500.00 on survie_new
[16:34:12] [ITEM_SOLD]: mayte_ sold 2x Turtle Egg to pimendespelette for $1,000.00 on survie_new
[17:01:34] [ITEM_LISTED]: chanell_ listed 1x Water Bucket for $0.10 on survie_new
[17:02:00] [ITEM_SOLD]: chanell_ sold 1x Water Bucket to kalaistar for $0.10 on survie_new
[17:33:05] [ITEM_SOLD]: wisel51 sold 5x Cooked Porkchop to Euphare13 for $100.00 on Ressource
[17:33:07] [ITEM_SOLD]: Kaam98 sold 1x Diamond Helmet to  [Aqua Affinity, Protection IV, Unbreaking III]PlayCrew for $800.00 on survie_new
[17:33:18] [ITEM_SOLD]: Kaam98 sold 1x Diamond Boots to  [Depth Strider III, Fire Protection IV, Unbreaking III]PlayCrew for $600.00 on survie_new
[17:33:32] [ITEM_SOLD]: Kaam98 sold 1x Diamond Leggings to  [Protection IV]PlayCrew for $900.00 on survie_new
[17:48:59] [ITEM_SOLD]: pierro sold 64x Coal to kalaistar for $150.00 on survie_new
[17:53:22] [ITEM_LISTED]: pierro listed 64x Bamboo for $50.00 on survie_new
[17:53:37] [ITEM_LISTED]: pierro listed 64x Bamboo for $50.00 on survie_new
[17:53:41] [ITEM_LISTED]: pierro listed 64x Bamboo for $50.00 on survie_new
[17:53:49] [ITEM_LISTED]: pierro listed 64x Bamboo for $50.00 on survie_new
[17:56:57] [ITEM_LISTED]: pierro listed 64x Bamboo for $50.00 on survie_new
[17:57:02] [ITEM_LISTED]: pierro listed 64x Bamboo for $50.00 on survie_new
[17:58:52] [ITEM_LISTED]: pierro listed 64x Bamboo for $50.00 on survie_new
[18:02:38] [ITEM_SOLD]: pierro sold 64x Bamboo to chanell_ for $50.00 on survie_new
[18:07:17] [ITEM_SOLD]: Kaam98 sold 1x Enchanted Book to ploup07380 for $1,500.00 on survie_new
[18:09:12] [ITEM_SOLD]: wisel51 sold 5x Cooked Mutton to jujuconcombre for $100.00 on Ressource
[18:15:24] [ITEM_SOLD]: CapitaineNiamor sold 1x Iron Pickaxe to  [Efficiency I, Unbreaking I]jos807 for $50.00 on survie_new
[18:16:31] [ITEM_LISTED]: Kaam98 listed 1x Diamond Pickaxe [Efficiency I, Unbreaking I] for $400.00 on survie_new
[18:16:38] [ITEM_LISTED]: Kaam98 listed 1x Diamond Pickaxe [Efficiency IV, Unbreaking III] for $800.00 on survie_new
[18:16:55] [ITEM_LISTED]: Kaam98 listed 1x Diamond Pickaxe [Efficiency IV, Mending, Silk Touch, Unbreaking III] for $3,500.00 on survie_new
[18:18:36] [ITEM_LISTED]: pierro listed 64x Scaffolding for $120.00 on survie_new
[18:29:54] [ITEM_LISTED]: Joox_ listed 1x Diamond Pickaxe [Efficiency IV, Silk Touch, Unbreaking III] for $3,250.00 on survie_new
[18:30:08] [ITEM_SOLD]: Kaam98 sold 1x Diamond Pickaxe to  [Efficiency IV, Mending, Silk Touch, Unbreaking III]Aiwix for $3,500.00 on survie_new
[18:35:39] [ITEM_SOLD]: pierro sold 64x Bamboo to Joox_ for $50.00 on survie_new
[18:37:59] [ITEM_SOLD]: Kaam98 sold 1x Enchanted Book to Senrey for $800.00 on survie_new
[18:43:40] [ITEM_SOLD]: Joox_ sold 1x Diamond Pickaxe to  [Efficiency IV, Silk Touch, Unbreaking III]TheSpirou641 for $3,250.00 on survie_new
[19:16:46] [ITEM_SOLD]: Kaam98 sold 1x Diamond Helmet to  [Protection III, Respiration III, Unbreaking III]_Shoku_ for $800.00 on survie_new
[19:18:30] [ITEM_SOLD]: Nexusso sold 10x Dragon Breath to _Shoku_ for $650.00 on survie_new
[19:19:21] [ITEM_SOLD]: pierro sold 64x Iron Ingot to Pseudal__ for $900.00 on survie_new
[19:19:23] [ITEM_SOLD]: pierro sold 64x Iron Ingot to Pseudal__ for $900.00 on survie_new
[19:19:35] [ITEM_SOLD]: EbLhH sold 2x Gold Ingot to Pseudal__ for $10.00 on survie_new
[19:19:39] [ITEM_SOLD]: EbLhH sold 5x Iron Ingot to Pseudal__ for $100.00 on survie_new
[19:46:59] [ITEM_SOLD]: wisel51 sold 64x Iron Ore to Pseudal__ for $1,000.00 on Ressource
[19:47:19] [ITEM_SOLD]: EbLhH sold 12x Bone to Pseudal__ for $50.00 on survie_new
[19:47:33] [ITEM_SOLD]: EbLhH sold 64x Gold Ingot to Pseudal__ for $750.00 on survie_new
[20:03:21] [ITEM_SOLD]: pierro sold 64x Scaffolding to Senrey for $120.00 on survie_new
[20:16:52] [ITEM_LISTED]: Nexusso listed 10x Un 10 Gramme for $10.00 on survie_new
[20:16:55] [ITEM_LISTED]: Nexusso listed 10x Un 10 Gramme for $10.00 on survie_new
[20:30:31] [ITEM_LISTED]: Nexusso listed 1x Space Soupe for $125.00 on survie_new
[20:30:34] [ITEM_LISTED]: Nexusso listed 1x Space Soupe for $125.00 on survie_new
[20:30:36] [ITEM_LISTED]: Nexusso listed 1x Space Soupe for $125.00 on survie_new
[20:30:38] [ITEM_LISTED]: Nexusso listed 1x Space Soupe for $125.00 on survie_new
[20:30:40] [ITEM_LISTED]: Nexusso listed 1x Space Soupe for $125.00 on survie_new
[20:31:31] [ITEM_SOLD]: Nexusso sold 1x Space Soupe to Haru_M for $125.00 on survie_new
[20:31:45] [ITEM_LISTED]: Nexusso listed 1x Space Soupe for $125.00 on survie_new
[20:31:47] [ITEM_LISTED]: Nexusso listed 1x Space Soupe for $125.00 on survie_new
[20:31:52] [ITEM_LISTED]: Nexusso listed 1x Space Soupe for $125.00 on survie_new
[20:33:35] [ITEM_SOLD]: Nexusso sold 1x Space Soupe to jos807 for $125.00 on survie_new
[20:33:38] [ITEM_SOLD]: Nexusso sold 10x Un 10 Gramme to jos807 for $10.00 on survie_new
[20:37:21] [ITEM_SOLD]: Nexusso sold 1x Space Soupe to jos807 for $125.00 on survie_new
[20:37:23] [ITEM_SOLD]: Nexusso sold 1x Space Soupe to jos807 for $125.00 on survie_new
[20:37:24] [ITEM_SOLD]: Nexusso sold 1x Space Soupe to jos807 for $125.00 on survie_new
[20:37:26] [ITEM_SOLD]: Nexusso sold 1x Space Soupe to jos807 for $125.00 on survie_new
[20:37:28] [ITEM_SOLD]: Nexusso sold 1x Space Soupe to jos807 for $125.00 on survie_new
[20:37:30] [ITEM_SOLD]: Nexusso sold 1x Space Soupe to jos807 for $125.00 on survie_new
[20:37:32] [ITEM_SOLD]: Nexusso sold 10x Un 10 Gramme to jos807 for $10.00 on survie_new
[20:54:41] [ITEM_SOLD]: Haru_M sold 1x Elytra to  [Mending, Unbreaking III]KertyBro for $8,000.00 on survie_new
[20:58:09] [ITEM_SOLD]: Azerter_ sold 64x Sugar Cane to SqueZzor for $400.00 on survie_new
[21:05:45] [ITEM_SOLD]: chanell_ sold 1x Enchanted Book to mayte_ for $1,500.00 on survie_new
[21:08:58] [ITEM_LISTED]: Haru_M listed 1x Diamond Sword [Fire Aspect II] for $1,500.00 on survie_new
[21:09:11] [ITEM_SOLD]: Haru_M sold 1x Diamond Sword to  [Fire Aspect II]mayte_ for $1,500.00 on survie_new
[21:09:51] [ITEM_SOLD]: Haru_M sold 1x Enchanted Book to T_TRO_NUL for $3,000.00 on survie_new
[21:10:12] [ITEM_SOLD]: Haru_M sold 1x Enchanted Book to T_TRO_NUL for $2,500.00 on survie_new
[21:17:31] [ITEM_LISTED]: T_TRO_NUL listed 1x [Cave spider Spawner] for $1,000.00 on Ressource
[21:17:33] [ITEM_LISTED]: T_TRO_NUL listed 1x [Cave spider Spawner] for $1,000.00 on Ressource
[21:17:35] [ITEM_LISTED]: T_TRO_NUL listed 1x [Cave spider Spawner] for $1,000.00 on Ressource
[21:18:30] [ITEM_LISTED]: Haru_M listed 1x Enchanted Book for $3,000.00 on survie_new
[21:18:32] [ITEM_LISTED]: Haru_M listed 1x Enchanted Book for $3,000.00 on survie_new
[21:18:34] [ITEM_LISTED]: Haru_M listed 1x Enchanted Book for $3,000.00 on survie_new
[21:18:40] [ITEM_LISTED]: Haru_M listed 1x Enchanted Book for $2,500.00 on survie_new
[21:18:41] [ITEM_LISTED]: Haru_M listed 1x Enchanted Book for $2,500.00 on survie_new
[21:19:26] [ITEM_LISTED]: T_TRO_NUL listed 64x Packed Ice for $1,000.00 on Ressource
[21:19:28] [ITEM_LISTED]: T_TRO_NUL listed 64x Packed Ice for $1,000.00 on Ressource
[21:19:29] [ITEM_LISTED]: T_TRO_NUL listed 64x Packed Ice for $1,000.00 on Ressource
[21:19:31] [ITEM_LISTED]: T_TRO_NUL listed 64x Packed Ice for $1,000.00 on Ressource
[21:19:35] [ITEM_LISTED]: T_TRO_NUL listed 64x Packed Ice for $1,000.00 on Ressource
[21:19:36] [ITEM_LISTED]: T_TRO_NUL listed 64x Packed Ice for $1,000.00 on Ressource
[21:19:37] [ITEM_LISTED]: T_TRO_NUL listed 64x Packed Ice for $1,000.00 on Ressource
[21:19:45] [ITEM_LISTED]: Haru_M listed 1x Iron Shovel [Efficiency V, Unbreaking III] for $1,000.00 on survie_new
[21:19:47] [ITEM_LISTED]: Haru_M listed 1x Iron Shovel [Efficiency IV, Fortune III, Unbreaking III] for $1,000.00 on survie_new
[21:20:14] [ITEM_LISTED]: Haru_M listed 1x Iron Shovel [Efficiency V, Mending, Unbreaking III] for $1,000.00 on survie_new
[21:20:21] [ITEM_LISTED]: Haru_M listed 1x Diamond Shovel [Efficiency III, Unbreaking III] for $1,500.00 on survie_new
[21:20:23] [ITEM_LISTED]: Haru_M listed 1x Diamond Shovel [Efficiency IV, Fortune III, Unbreaking III] for $1,500.00 on survie_new
[21:20:33] [ITEM_CANCELLED]: Haru_M cancelled an auction for 1x Iron Shovel [Efficiency V, Unbreaking III] for $1,000.00 on survie_new
[21:20:34] [ITEM_CANCELLED]: Haru_M cancelled an auction for 1x Iron Shovel [Efficiency V, Mending, Unbreaking III] for $1,000.00 on survie_new
[21:20:36] [ITEM_CANCELLED]: Haru_M cancelled an auction for 1x Iron Shovel [Efficiency IV, Fortune III, Unbreaking III] for $1,000.00 on survie_new
[21:21:16] [ITEM_LISTED]: mayte_ listed 1x [Spider Spawner] for $500.00 on survie_new
[21:27:12] [ITEM_LISTED]: T_TRO_NUL listed 64x Blue Ice for $10,000.00 on Ressource
[21:27:24] [ITEM_SOLD]: mayte_ sold 1x [Spider Spawner] to T_TRO_NUL for $500.00 on survie_new
[21:27:28] [ITEM_LISTED]: T_TRO_NUL listed 1x [Spider Spawner] for $1,000.00 on Ressource
[21:46:53] [ITEM_LISTED]: Haru_M listed 1x Diamond for $110.00 on survie_new
[21:46:58] [ITEM_SOLD]: Haru_M sold 1x Diamond to mayte_ for $110.00 on survie_new
[21:47:59] [ITEM_LISTED]: Nexusso listed 10x Dragon Breath for $650.00 on Ressource
[21:48:17] [ITEM_LISTED]: Nexusso listed 1x Breakerland ! for $100.00 on Ressource
[21:48:40] [ITEM_SOLD]: Nexusso sold 1x Breakerland ! to mayte_ for $100.00 on Ressource
[21:48:52] [ITEM_LISTED]: mayte_ listed 1x Breakerland ! for $5,000.00 on spawn
[21:51:01] [ITEM_LISTED]: LukasLemaire09 listed 1x Oak Fence Gate for $1.00 on survie_new
[22:06:13] [ITEM_SOLD]: wisel51 sold 5x Baked Potato to fredwills23 for $150.00 on Ressource
[22:08:09] [ITEM_LISTED]: fredwills23 listed 64x Kelp for $1,000.00 on survie_new
[22:08:19] [ITEM_LISTED]: fredwills23 listed 64x Kelp for $1,000.00 on survie_new
[22:08:21] [ITEM_LISTED]: fredwills23 listed 64x Kelp for $1,000.00 on survie_new
[22:08:23] [ITEM_LISTED]: fredwills23 listed 64x Kelp for $1,000.00 on survie_new
[22:08:28] [ITEM_LISTED]: fredwills23 listed 38x Kelp for $10.00 on survie_new
[22:19:50] [ITEM_SOLD]: Fr3nCh_CraFt sold 1x Fishing Rod to  [Mending]Bamsir for $1,300.00 on survie_new
[22:20:10] [ITEM_SOLD]: Haru_M sold 1x Lime Shulker Box to Bamsir for $1,800.00 on survie_new
[22:20:37] [ITEM_LISTED]: Nexusso listed 1x Diamond for $1,000.00 on survie_new
[22:20:55] [ITEM_LISTED]: Senoiyaki listed 1x Diamond for $10,000.00 on survie_new
[22:20:58] [ITEM_LISTED]: AlphaFox_FR listed 1x Diamond for $250.00 on survie_new
[22:21:02] [ITEM_LISTED]: Syr_bobibo listed 1x Diamond for $100.00 on survie_new
[22:21:13] [ITEM_SOLD]: Syr_bobibo sold 1x Diamond to mayte_ for $100.00 on survie_new
[22:21:16] [ITEM_CANCELLED]: Nexusso cancelled an auction for 1x Diamond for $1,000.00 on survie_new
[22:21:46] [ITEM_CANCELLED]: AlphaFox_FR cancelled an auction for 1x Diamond for $250.00 on survie_new
[22:21:53] [ITEM_RETURNED]: Returned 1x Diamond to AlphaFox_FR on survie_new
[22:37:46] [ITEM_LISTED]: mayte_ listed 2x Enchanted Golden Apple for $2,000.00 on Ressource
[22:37:59] [ITEM_LISTED]: mayte_ listed 1x [Cave spider Spawner] for $500.00 on Ressource
[22:38:00] [ITEM_LISTED]: mayte_ listed 1x [Spider Spawner] for $500.00 on Ressource
[22:38:02] [ITEM_LISTED]: mayte_ listed 1x [Zombie Spawner] for $500.00 on Ressource
[22:38:28] [ITEM_SOLD]: mayte_ sold 1x [Zombie Spawner] to Kaam98 for $500.00 on Ressource
[22:38:29] [ITEM_SOLD]: mayte_ sold 1x [Spider Spawner] to Kaam98 for $500.00 on Ressource
[22:38:30] [ITEM_SOLD]: mayte_ sold 1x [Cave spider Spawner] to Kaam98 for $500.00 on Ressource
[22:41:44] [ITEM_LISTED]: mayte_ listed 1x [Cave spider Spawner] for $500.00 on Ressource
[22:47:59] [ITEM_LISTED]: mayte_ listed 1x [Spider Spawner] for $500.00 on Ressource
[22:48:36] [ITEM_SOLD]: mayte_ sold 1x [Spider Spawner] to Kaam98 for $500.00 on Ressource
[22:48:38] [ITEM_SOLD]: mayte_ sold 1x [Cave spider Spawner] to Kaam98 for $500.00 on Ressource
[22:59:31] [ITEM_LISTED]: mayte_ listed 1x Enchanted Book for $1,000.00 on spawn
[22:59:33] [ITEM_LISTED]: mayte_ listed 1x Enchanted Book for $1,000.00 on spawn
[23:00:51] [ITEM_SOLD]: mayte_ sold 1x Enchanted Book to CapitaineNiamor for $1,000.00 on spawn
[23:00:59] [ITEM_LISTED]: Kaam98 listed 1x Diamond Sword for $150.00 on survie_new
[23:01:21] [ITEM_LISTED]: Kaam98 listed 1x Diamond Sword [Sharpness IV] for $500.00 on survie_new
[23:01:30] [ITEM_LISTED]: Kaam98 listed 1x Diamond Sword [Bane of Arthropods IV, Sweeping Edge III, Unbreaking III] for $450.00 on survie_new
[23:01:36] [ITEM_SOLD]: Kaam98 sold 1x Diamond Sword to mayte_ for $150.00 on survie_new
[23:01:36] [ITEM_LISTED]: Kaam98 listed 1x Diamond Pickaxe [Unbreaking III] for $400.00 on survie_new
[23:01:53] [ITEM_SOLD]: Haru_M sold 1x Elytra to  [Mending, Unbreaking III]Tr0_F0r_M0i for $8,000.00 on survie_new
[23:02:36] [ITEM_SOLD]: Haru_M sold 1x Enchanted Book to Tr0_F0r_M0i for $2,500.00 on survie_new
[23:08:41] [ITEM_LISTED]: mayte_ listed 1x Diamond Sword [Fire Aspect II, Sharpness VI, Unbreaking III] for $20,000.00 on survie_new
[23:09:35] [ITEM_CANCELLED]: mayte_ cancelled an auction for 1x Enchanted Book for $1,000.00 on spawn
[23:09:39] [ITEM_RETURNED]: Returned 1x Enchanted Book to mayte_ on spawn
[23:14:07] [ITEM_CANCELLED]: mayte_ cancelled an auction for 1x Diamond Sword [Fire Aspect II, Sharpness VI, Unbreaking III] for $20,000.00 on survie_new
[23:14:08] [ITEM_RETURNED]: Returned 1x Diamond Sword [Fire Aspect II, Sharpness VI, Unbreaking III] to mayte_ on survie_new
[23:14:17] [ITEM_LISTED]: mayte_ listed 1x Diamond Sword [Fire Aspect II, Sharpness VI, Unbreaking III] for $15,000.00 on survie_new
[23:44:00] [ITEM_SOLD]: Kaio_Beninou sold 1x Enchanted Book to ExE_MethyloR for $5,000.00 on survie_new
[23:46:37] [ITEM_RETURNED]: Returned 1x Diamond Chestplate [Blast Protection IV] to Kaam98 on survie_new
[23:46:38] [ITEM_RETURNED]: Returned 1x Diamond Chestplate [Fire Protection III, Unbreaking III] to Kaam98 on survie_new
[23:46:45] [ITEM_LISTED]: Kaam98 listed 1x Diamond Chestplate [Blast Protection IV] for $150.00 on survie_new
[23:46:46] [ITEM_LISTED]: Kaam98 listed 1x Diamond Chestplate [Fire Protection III, Unbreaking III] for $150.00 on survie_new
[23:57:52] [ITEM_RETURNED]: Returned 1x Enchanted Book to CapitaineNiamor on survie_new
[23:59:16] [ITEM_SOLD]: chanell_ sold 1x Enchanted Book to CapitaineNiamor for $1,500.00 on survie_new
