[11:50:11] [ITEM_CANCELLED]: Loan02 annule la vente de 64x Cooked Porkchop pour 50.00β sur survie_new
[11:50:12] [ITEM_CANCELLED]: Loan02 annule la vente de 64x Cooked Porkchop pour 50.00β sur survie_new
[11:50:13] [ITEM_CANCELLED]: Loan02 annule la vente de 64x Cooked Porkchop pour 50.00β sur survie_new
[12:06:03] [ITEM_LISTED]: pouille vend 1 x Bow  [Flame, Infinity] pour 100,000.00β sur survie_new
[12:23:54] [ITEM_LISTED]: aidan vend 3 x Dolphin Spawn Egg  pour 15,000.00β sur survie_new
[12:24:08] [ITEM_SOLD]: aidan vendu 3 x Dolphin Spawn Egg à  Loan02 pour 15,000.00 β le survie_new
[12:27:32] [ITEM_LISTED]: aidan vend 4 x §;§:Spawner à Araignée venimeuse 1x  pour 10,000.00β sur survie_new
[12:27:43] [ITEM_SOLD]: aidan vendu 4 x §;§:Spawner à Araignée venimeuse 1x à  Loan02 pour 10,000.00 β le survie_new
[13:23:59] [ITEM_SOLD]: CroixVeBaton vendu 64 x Dark Oak Log à  Isaorya pour 160.00 β le survie_new
[14:45:25] [ITEM_LISTED]: omega2028 vend 64 x Iron Block  pour 11,000.00β sur survie_new
[14:45:34] [ITEM_LISTED]: omega2028 vend 64 x Iron Block  pour 11,000.00β sur survie_new
[14:45:37] [ITEM_LISTED]: omega2028 vend 64 x Iron Block  pour 11,000.00β sur survie_new
[14:45:38] [ITEM_LISTED]: omega2028 vend 64 x Iron Block  pour 11,000.00β sur survie_new
[14:45:40] [ITEM_LISTED]: omega2028 vend 64 x Iron Block  pour 11,000.00β sur survie_new
[14:45:42] [ITEM_LISTED]: omega2028 vend 64 x Iron Block  pour 11,000.00β sur survie_new
[14:45:44] [ITEM_LISTED]: omega2028 vend 64 x Iron Block  pour 11,000.00β sur survie_new
[14:45:46] [ITEM_LISTED]: omega2028 vend 64 x Iron Block  pour 11,000.00β sur survie_new
[14:45:48] [ITEM_LISTED]: omega2028 vend 64 x Iron Block  pour 11,000.00β sur survie_new
[14:45:50] [ITEM_LISTED]: omega2028 vend 64 x Iron Block  pour 11,000.00β sur survie_new
[15:48:46] [ITEM_SOLD]: CroixVeBaton vendu 64 x Dark Oak Log à  Loan02 pour 160.00 β le survie_new
[15:51:55] [ITEM_SOLD]: CroixVeBaton vendu 64 x Dark Oak Log à  Loan02 pour 160.00 β le survie_new
[15:56:54] [ITEM_SOLD]: CroixVeBaton vendu 64 x Dark Oak Log à  Loan02 pour 160.00 β le survie_new
[16:16:03] [ITEM_LISTED]: CouzVeBaton vend 1 x Diamond  pour 1,000,000.00β sur survie_new
[16:16:18] [ITEM_CANCELLED]: CouzVeBaton annule la vente de 1x Diamond pour 1,000,000.00β sur survie_new
[16:16:21] [ITEM_RETURNED]: 1 x Diamond  renvoyé à CouzVeBaton le survie_new
[16:20:33] [ITEM_LISTED]: OfCourse vend 1 x Partie d'équipement : III  pour 10,000.00β sur survie_new
[16:21:24] [ITEM_LISTED]: OfCourse vend 1 x Partie d'équipement : I  pour 10,000.00β sur survie_new
[16:46:32] [ITEM_CANCELLED]: Djo676 annule la vente de 1x §;§:Spawner à Zombie 1x pour 20,000.00β sur survie_new
[16:46:40] [ITEM_RETURNED]: 1 x §;§:Spawner à Zombie 1x  renvoyé à Djo676 le survie_new
[16:46:58] [ITEM_LISTED]: Djo676 vend 1 x §;§:Spawner à Zombie 1x  pour 10,000.00β sur survie_new
[16:47:38] [ITEM_LISTED]: Djo676 vend 2 x §;§:Spawner à Squelette 1x  pour 10,000.00β sur survie_new
[16:47:46] [ITEM_CANCELLED]: Djo676 annule la vente de 2x §;§:Spawner à Squelette 1x pour 10,000.00β sur survie_new
[16:47:50] [ITEM_RETURNED]: 2 x §;§:Spawner à Squelette 1x  renvoyé à Djo676 le survie_new
[16:47:51] [ITEM_CANCELLED]: Djo676 annule la vente de 1x §;§:Spawner à Zombie 1x pour 10,000.00β sur survie_new
[16:48:00] [ITEM_LISTED]: Djo676 vend 1 x §;§:Spawner à Squelette 1x  pour 10,000.00β sur survie_new
[16:48:02] [ITEM_LISTED]: Djo676 vend 1 x §;§:Spawner à Zombie 1x  pour 10,000.00β sur survie_new
[16:48:04] [ITEM_LISTED]: Djo676 vend 1 x §;§:Spawner à Araignée venimeuse 1x  pour 10,000.00β sur survie_new
[16:48:16] [ITEM_LISTED]: Djo676 vend 1 x §;§:Spawner à Araignée venimeuse 1x  pour 10,000.00β sur survie_new
[16:48:18] [ITEM_LISTED]: Djo676 vend 1 x §;§:Spawner à Squelette 1x  pour 10,000.00β sur survie_new
[16:48:20] [ITEM_LISTED]: Djo676 vend 1 x §;§:Spawner à Zombie 1x  pour 10,000.00β sur survie_new
[16:48:21] [ITEM_LISTED]: Djo676 vend 1 x §;§:Spawner à Zombie 1x  pour 10,000.00β sur survie_new
[16:48:22] [ITEM_LISTED]: Djo676 vend 1 x §;§:Spawner à Blaze 1x  pour 10,000.00β sur survie_new
[16:48:24] [ITEM_LISTED]: Djo676 vend 1 x §;§:Spawner à Blaze 1x  pour 10,000.00β sur survie_new
[16:48:27] [ITEM_LISTED]: Djo676 vend 1 x §;§:Spawner à Blaze 1x  pour 10,000.00β sur survie_new
[16:48:30] [ITEM_LISTED]: Djo676 vend 1 x §;§:Spawner à Blaze 1x  pour 10,000.00β sur survie_new
[16:48:31] [ITEM_LISTED]: Djo676 vend 1 x §;§:Spawner à Blaze 1x  pour 10,000.00β sur survie_new
[16:48:34] [ITEM_LISTED]: Djo676 vend 1 x §;§:Spawner à Blaze 1x  pour 10,000.00β sur survie_new
[16:48:36] [ITEM_LISTED]: Djo676 vend 1 x §;§:Spawner à Blaze 1x  pour 10,000.00β sur survie_new
[16:48:37] [ITEM_LISTED]: Djo676 vend 1 x §;§:Spawner à Blaze 1x  pour 10,000.00β sur survie_new
[16:51:19] [ITEM_LISTED]: Djo676 vend 1 x §;§:Spawner à Araignée venimeuse 1x  pour 10,000.00β sur survie_new
[17:34:31] [ITEM_SOLD]: nonokiwi vendu 1 x Diamond Sword à  nuka_blood pour 1,000.00 β le survie_new
[17:34:47] [ITEM_SOLD]: Wenos_XIII vendu 64 x Arrow à  nuka_blood pour 99.00 β le survie_new
[17:34:49] [ITEM_SOLD]: Wenos_XIII vendu 64 x Arrow à  nuka_blood pour 99.00 β le survie_new
[17:34:51] [ITEM_SOLD]: Wenos_XIII vendu 64 x Bone à  nuka_blood pour 190.00 β le survie_new
[17:34:52] [ITEM_SOLD]: Wenos_XIII vendu 64 x Blaze Powder à  nuka_blood pour 210.00 β le survie_new
[17:34:56] [ITEM_SOLD]: Ekiliox vendu 64 x Bread à  nuka_blood pour 500.00 β le survie_new
[17:35:01] [ITEM_SOLD]: Wenos_XIII vendu 64 x Blaze Rod à  nuka_blood pour 210.00 β le survie_new
[17:35:02] [ITEM_SOLD]: Wenos_XIII vendu 64 x Blaze Rod à  nuka_blood pour 210.00 β le survie_new
[17:51:06] [ITEM_LISTED]: Loan02 vend 1 x Bière  pour 2,000.00β sur survie_new
[18:19:25] [ITEM_SOLD]: CroixVeBaton vendu 64 x Dark Oak Log à  Loan02 pour 160.00 β le survie_new
[19:27:40] [ITEM_LISTED]: Loan02 vend 1 x Diamond Chestplate  [Curse of Binding, Fire Protection III, Thorns II] pour 500.00β sur survie_new_the_end
[22:50:53] [ITEM_SOLD]: Djo676 vendu 1 x §;§:Spawner à Blaze 1x à  CouzVeBaton pour 10,000.00 β le survie_new
[22:50:55] [ITEM_SOLD]: Djo676 vendu 1 x §;§:Spawner à Blaze 1x à  CouzVeBaton pour 10,000.00 β le survie_new
[22:50:57] [ITEM_SOLD]: Djo676 vendu 1 x §;§:Spawner à Blaze 1x à  CouzVeBaton pour 10,000.00 β le survie_new
[22:50:58] [ITEM_SOLD]: Djo676 vendu 1 x §;§:Spawner à Blaze 1x à  CouzVeBaton pour 10,000.00 β le survie_new
[22:51:00] [ITEM_SOLD]: Djo676 vendu 1 x §;§:Spawner à Blaze 1x à  CouzVeBaton pour 10,000.00 β le survie_new
[22:51:02] [ITEM_SOLD]: Djo676 vendu 1 x §;§:Spawner à Blaze 1x à  CouzVeBaton pour 10,000.00 β le survie_new
[22:51:03] [ITEM_SOLD]: Djo676 vendu 1 x §;§:Spawner à Blaze 1x à  CouzVeBaton pour 10,000.00 β le survie_new
[22:51:05] [ITEM_SOLD]: Djo676 vendu 1 x §;§:Spawner à Blaze 1x à  CouzVeBaton pour 10,000.00 β le survie_new
[23:34:30] [ITEM_LISTED]: CouzVeBaton vend 1 x Diamond Pickaxe  [Silk Touch] pour 3,000.00β sur survie_new
[23:41:19] [ITEM_LISTED]: CouzVeBaton vend 1 x Diamond Pickaxe  [Silk Touch] pour 3,000.00β sur survie_new
[23:41:21] [ITEM_LISTED]: CouzVeBaton vend 1 x Diamond Pickaxe  [Silk Touch] pour 3,000.00β sur survie_new
