[00:00:44] [ITEM_SOLD]: lasoeurdadrien vendu 1 x Enchanted Book à  bluebraze pour 2,400.00 β le survie_new
[00:00:46] [ITEM_SOLD]: lasoeurdadrien vendu 1 x Enchanted Book à  bluebraze pour 2,400.00 β le survie_new
[00:00:47] [ITEM_SOLD]: lasoeurdadrien vendu 1 x Enchanted Book à  bluebraze pour 2,400.00 β le survie_new
[00:00:49] [ITEM_SOLD]: lasoeurdadrien vendu 1 x Enchanted Book à  bluebraze pour 2,400.00 β le survie_new
[00:03:15] [ITEM_LISTED]: Waxay vend 64 x Melon Slice  pour 150.00β sur survie_new
[00:03:28] [ITEM_LISTED]: Waxay vend 64 x Melon Slice  pour 150.00β sur survie_new
[00:03:44] [ITEM_LISTED]: Waxay vend 64 x Melon Slice  pour 150.00β sur survie_new
[00:07:36] [ITEM_CANCELLED]: REGDYLAN annule la vente de 1x Diamond Sword [Fire Aspect II, Looting III, Sharpness IV, Unbreaking III] pour 5,000.00β sur survie_new
[00:07:38] [ITEM_CANCELLED]: REGDYLAN annule la vente de 1x Enchanted Book pour 2,450.00β sur survie_new
[00:07:47] [ITEM_RETURNED]: 1 x Enchanted Book  renvoyé à REGDYLAN le survie_new
[00:07:48] [ITEM_RETURNED]: 1 x Diamond Sword  [Fire Aspect II, Looting III, Sharpness IV, Unbreaking III] renvoyé à REGDYLAN le survie_new
[00:13:45] [ITEM_SOLD]: Tchong vendu 1 x Shulker Box à  Fr3nCh_CraFt pour 2,000.00 β le survie_new
[00:14:42] [ITEM_LISTED]: lasoeurdadrien vend 1 x Enchanted Book  pour 2,400.00β sur survie_new
[00:15:03] [ITEM_LISTED]: lasoeurdadrien vend 1 x Enchanted Book  pour 2,400.00β sur survie_new
[00:15:07] [ITEM_LISTED]: lasoeurdadrien vend 1 x Enchanted Book  pour 2,400.00β sur survie_new
[00:15:13] [ITEM_LISTED]: lasoeurdadrien vend 1 x Enchanted Book  pour 2,400.00β sur survie_new
[00:44:44] [ITEM_LISTED]: lasoeurdadrien vend 64 x Iron Ingot  pour 1,800.00β sur survie_new
[00:47:19] [ITEM_LISTED]: lasoeurdadrien vend 1 x Shears  [Efficiency V, Unbreaking III] pour 8,500.00β sur survie_new
[00:47:35] [ITEM_SOLD]: lasoeurdadrien vendu 1 x Shears à  [Efficiency V, Unbreaking III] GuiGuiPlay pour 8,500.00 β le survie_new
[01:00:38] [ITEM_SOLD]: Haru_M vendu 1 x Beacon à  MaloZazina pour 15,000.00 β le survie_new
[02:26:54] [ITEM_LISTED]: RedBanana03 vend 64 x Sand  pour 40.00β sur survie_new
[02:27:17] [ITEM_LISTED]: RedBanana03 vend 64 x Sand  pour 50.00β sur survie_new
[02:27:49] [ITEM_LISTED]: RedBanana03 vend 64 x Sand  pour 45.00β sur survie_new
[02:28:44] [ITEM_SOLD]: RedBanana03 vendu 64 x Sand à  Waxay pour 45.00 β le survie_new
[02:28:46] [ITEM_SOLD]: RedBanana03 vendu 64 x Sand à  Waxay pour 40.00 β le survie_new
[02:28:48] [ITEM_SOLD]: RedBanana03 vendu 64 x Sand à  Waxay pour 50.00 β le survie_new
[02:52:57] [ITEM_LISTED]: Waxay vend 32 x Diamond  pour 5,000.00β sur survie_new
[02:53:14] [ITEM_LISTED]: Waxay vend 20 x Emerald  pour 20,000.00β sur survie_new
[02:59:13] [ITEM_LISTED]: Waxay vend 64 x Coal Block  pour 2,500.00β sur survie_new
[02:59:27] [ITEM_LISTED]: Waxay vend 64 x Coal Block  pour 2,500.00β sur survie_new
[03:13:50] [ITEM_SOLD]: lasoeurdadrien vendu 1 x Elytra à  [Mending] Dexstroy pour 5,000.00 β le survie_new
[10:14:14] [ITEM_SOLD]: Waxay vendu 64 x Melon Slice à  HeFk pour 150.00 β le survie_new
[10:58:50] [ITEM_SOLD]: lasoeurdadrien vendu 1 x Enchanted Book à  sylverfire02 pour 2,400.00 β le survie_new
[10:58:53] [ITEM_SOLD]: lasoeurdadrien vendu 1 x Enchanted Book à  sylverfire02 pour 2,400.00 β le survie_new
[10:59:45] [ITEM_RETURNED]: 64 x Heavy Weighted Pressure Plate  renvoyé à Kaam98 le survie_new
[10:59:46] [ITEM_RETURNED]: 64 x Heavy Weighted Pressure Plate  renvoyé à Kaam98 le survie_new
[10:59:46] [ITEM_RETURNED]: 64 x Heavy Weighted Pressure Plate  renvoyé à Kaam98 le survie_new
[11:00:04] [ITEM_RETURNED]: 1 x Diamond Helmet  [Fire Protection IV, Unbreaking III] renvoyé à Kaam98 le survie_new
[11:00:04] [ITEM_RETURNED]: 64 x Heavy Weighted Pressure Plate  renvoyé à Kaam98 le survie_new
[11:00:22] [ITEM_SOLD]: lasoeurdadrien vendu 1 x Enchanted Book à  sylverfire02 pour 2,400.00 β le survie_new
[11:00:24] [ITEM_SOLD]: lasoeurdadrien vendu 1 x Enchanted Book à  sylverfire02 pour 2,400.00 β le survie_new
[11:06:21] [ITEM_CANCELLED]: CapitaineNiamor annule la vente de 1x Iron Leggings [Protection III, Unbreaking III] pour 100.00β sur survie_new
[11:06:21] [ITEM_CANCELLED]: CapitaineNiamor annule la vente de 1x Iron Chestplate [Curse of Binding, Thorns II] pour 100.00β sur survie_new
[11:06:22] [ITEM_CANCELLED]: CapitaineNiamor annule la vente de 1x Iron Leggings [Fire Protection IV, Mending] pour 100.00β sur survie_new
[11:06:26] [ITEM_RETURNED]: 1 x Iron Boots  [Curse of Binding, Protection IV] renvoyé à CapitaineNiamor le survie_new
[11:06:27] [ITEM_RETURNED]: 1 x Iron Leggings  [Fire Protection IV, Mending] renvoyé à CapitaineNiamor le survie_new
[11:06:27] [ITEM_RETURNED]: 1 x Iron Chestplate  [Curse of Binding, Thorns II] renvoyé à CapitaineNiamor le survie_new
[11:06:28] [ITEM_RETURNED]: 1 x Iron Leggings  [Protection III, Unbreaking III] renvoyé à CapitaineNiamor le survie_new
[11:06:28] [ITEM_RETURNED]: 1 x Saddle  renvoyé à CapitaineNiamor le survie_new
[11:07:31] [ITEM_LISTED]: OfCourse vend 1 x Elytra  pour 3,000.00β sur survie_new
[11:16:54] [ITEM_SOLD]: GuiGuiPlay vendu 64 x Melon à  DXdu816 pour 200.00 β le survie_new
[11:16:56] [ITEM_SOLD]: GuiGuiPlay vendu 64 x Melon à  DXdu816 pour 200.00 β le survie_new
[11:23:29] [ITEM_SOLD]: GuiGuiPlay vendu 64 x Sugar Cane à  DXdu816 pour 100.00 β le survie_new
[11:42:34] [ITEM_SOLD]: cmdix36 vendu 64 x Dirt à  Mikiu_Ahegao pour 150.00 β le survie_new
[12:36:16] [ITEM_SOLD]: BiscuitSoda69 vendu 1 x Diamond Sword à  [Sharpness IV, Unbreaking III] DXdu816 pour 2,000.00 β le survie_new
[12:49:40] [ITEM_LISTED]: sylverfire02 vend 1 x Beacon  pour 15,000.00β sur survie_new
[12:50:02] [ITEM_CANCELLED]: Haru_M annule la vente de 1x Beacon pour 15,000.00β sur survie_new
[12:50:03] [ITEM_CANCELLED]: Haru_M annule la vente de 1x Beacon pour 15,000.00β sur survie_new
[12:50:03] [ITEM_CANCELLED]: Haru_M annule la vente de 1x Beacon pour 15,000.00β sur survie_new
[12:50:04] [ITEM_CANCELLED]: Haru_M annule la vente de 1x Beacon pour 15,000.00β sur survie_new
[12:50:05] [ITEM_CANCELLED]: Haru_M annule la vente de 1x Beacon pour 15,000.00β sur survie_new
[12:50:20] [ITEM_RETURNED]: 1 x Beacon  renvoyé à Haru_M le survie_new
[12:50:20] [ITEM_RETURNED]: 1 x Beacon  renvoyé à Haru_M le survie_new
[12:50:21] [ITEM_RETURNED]: 1 x Beacon  renvoyé à Haru_M le survie_new
[12:50:22] [ITEM_RETURNED]: 1 x Beacon  renvoyé à Haru_M le survie_new
[12:50:24] [ITEM_RETURNED]: 1 x Beacon  renvoyé à Haru_M le survie_new
[12:51:01] [ITEM_LISTED]: Haru_M vend 1 x Beacon  pour 12,000.00β sur survie_new
[12:51:03] [ITEM_LISTED]: Haru_M vend 1 x Beacon  pour 12,000.00β sur survie_new
[12:51:05] [ITEM_LISTED]: Haru_M vend 1 x Beacon  pour 12,000.00β sur survie_new
[12:51:17] [ITEM_LISTED]: Haru_M vend 1 x Beacon  pour 12,000.00β sur survie_new
[12:51:19] [ITEM_LISTED]: Haru_M vend 1 x Beacon  pour 12,000.00β sur survie_new
[12:51:28] [ITEM_CANCELLED]: sylverfire02 annule la vente de 1x Beacon pour 15,000.00β sur survie_new
[12:51:42] [ITEM_RETURNED]: 1 x Beacon  renvoyé à sylverfire02 le survie_new
[12:51:59] [ITEM_LISTED]: sylverfire02 vend 1 x Beacon  pour 10,000.00β sur survie_new
[13:29:45] [ITEM_SOLD]: Newt_hp vendu 64 x Bamboo à  pizzaOchorizo pour 32.00 β le survie_new
[13:31:35] [ITEM_SOLD]: pierro vendu 1 x Iron Axe à  pizzaOchorizo pour 150.00 β le survie_new
[13:32:47] [ITEM_SOLD]: HeFk vendu 1 x Journal de quêtes à  pizzaOchorizo pour 10.00 β le Ressource
[13:36:22] [ITEM_SOLD]: GuiGuiPlay vendu 64 x Sugar Cane à  Yohan81 pour 100.00 β le survie_new
[13:38:50] [ITEM_SOLD]: GuiGuiPlay vendu 64 x Sugar Cane à  Yohan81 pour 100.00 β le survie_new
[13:38:51] [ITEM_SOLD]: GuiGuiPlay vendu 64 x Sugar Cane à  Yohan81 pour 100.00 β le survie_new
[13:38:53] [ITEM_SOLD]: GuiGuiPlay vendu 64 x Sugar Cane à  Yohan81 pour 100.00 β le survie_new
[13:43:51] [ITEM_SOLD]: Tchong vendu 1 x Shulker Box à  D4rk_Wolf_07 pour 2,000.00 β le survie_new
[13:44:08] [ITEM_SOLD]: sylverfire02 vendu 1 x Beacon à  D4rk_Wolf_07 pour 10,000.00 β le survie_new
[14:17:25] [ITEM_LISTED]: lasoeurdadrien vend 1 x Enchanted Book  pour 2,400.00β sur survie_new
[14:17:29] [ITEM_LISTED]: lasoeurdadrien vend 1 x Enchanted Book  pour 2,400.00β sur survie_new
[14:17:35] [ITEM_LISTED]: lasoeurdadrien vend 1 x Enchanted Book  pour 2,400.00β sur survie_new
[14:17:41] [ITEM_LISTED]: lasoeurdadrien vend 1 x Enchanted Book  pour 2,400.00β sur survie_new
[14:22:12] [ITEM_SOLD]: Newt_hp vendu 64 x Bamboo à  HyFunTex pour 32.00 β le survie_new
[14:22:19] [ITEM_SOLD]: GuiGuiPlay vendu 64 x Sugar Cane à  HyFunTex pour 100.00 β le survie_new
[14:22:22] [ITEM_SOLD]: GuiGuiPlay vendu 64 x Cocoa Beans à  HyFunTex pour 100.00 β le survie_new
[14:22:34] [ITEM_SOLD]: GuiGuiPlay vendu 64 x Melon à  HyFunTex pour 200.00 β le survie_new
[14:26:18] [ITEM_RETURNED]: 1 x Enchanted Book  renvoyé à Haru_M le survie_new
[14:26:19] [ITEM_RETURNED]: 1 x Enchanted Book  renvoyé à Haru_M le survie_new
[14:26:20] [ITEM_RETURNED]: 1 x Enchanted Book  renvoyé à Haru_M le survie_new
[14:26:21] [ITEM_RETURNED]: 1 x Enchanted Book  renvoyé à Haru_M le survie_new
[14:26:22] [ITEM_RETURNED]: 1 x Enchanted Book  renvoyé à Haru_M le survie_new
[14:26:23] [ITEM_RETURNED]: 1 x Enchanted Book  renvoyé à Haru_M le survie_new
[14:27:01] [ITEM_LISTED]: Haru_M vend 1 x Enchanted Book  pour 1,500.00β sur survie_new
[14:27:14] [ITEM_LISTED]: Haru_M vend 1 x Enchanted Book  pour 1,500.00β sur survie_new
[14:27:15] [ITEM_LISTED]: Haru_M vend 1 x Enchanted Book  pour 1,500.00β sur survie_new
[14:27:18] [ITEM_LISTED]: Haru_M vend 1 x Enchanted Book  pour 1,500.00β sur survie_new
[14:27:21] [ITEM_LISTED]: Haru_M vend 1 x Enchanted Book  pour 1,500.00β sur survie_new
[14:27:27] [ITEM_LISTED]: Haru_M vend 1 x Enchanted Book  pour 1,500.00β sur survie_new
[14:27:35] [ITEM_LISTED]: Haru_M vend 1 x Enchanted Book  pour 1,500.00β sur survie_new
[14:27:57] [ITEM_LISTED]: Haru_M vend 1 x Enchanted Book  pour 2,500.00β sur survie_new
[14:28:01] [ITEM_LISTED]: Haru_M vend 1 x Enchanted Book  pour 2,500.00β sur survie_new
[14:28:06] [ITEM_LISTED]: Haru_M vend 1 x Enchanted Book  pour 2,500.00β sur survie_new
[14:28:08] [ITEM_LISTED]: Haru_M vend 1 x Enchanted Book  pour 2,500.00β sur survie_new
[14:28:13] [ITEM_LISTED]: Haru_M vend 1 x Enchanted Book  pour 2,500.00β sur survie_new
[14:28:15] [ITEM_LISTED]: Haru_M vend 1 x Enchanted Book  pour 2,500.00β sur survie_new
[14:28:19] [ITEM_LISTED]: Haru_M vend 1 x Enchanted Book  pour 2,500.00β sur survie_new
[14:28:21] [ITEM_LISTED]: Haru_M vend 1 x Enchanted Book  pour 2,500.00β sur survie_new
[14:28:23] [ITEM_LISTED]: Haru_M vend 1 x Enchanted Book  pour 2,500.00β sur survie_new
[14:40:43] [ITEM_LISTED]: Mathis6000 vend 47 x Sand  pour 5.00β sur spawn
[14:42:06] [ITEM_LISTED]: Mathis6000 vend 64 x Dirt  pour 0.10β sur spawn
[14:42:28] [ITEM_LISTED]: Mathis6000 vend 1 x Andesite  pour 1.00β sur spawn
[14:42:57] [ITEM_LISTED]: Mathis6000 vend 64 x Dirt  pour 1.00β sur spawn
[14:43:09] [ITEM_LISTED]: Mathis6000 vend 64 x Dirt  pour 1.00β sur spawn
[14:43:28] [ITEM_LISTED]: Mathis6000 vend 47 x Dirt  pour 0.90β sur spawn
[14:45:03] [ITEM_LISTED]: Mathis6000 vend 64 x Dirt  pour 1.00β sur spawn
[14:45:10] [ITEM_SOLD]: OfCourse vendu 1 x Elytra à  pimendespelette pour 3,000.00 β le survie_new
[14:53:35] [ITEM_SOLD]: sylverfire02 vendu 1 x Enchanted Book à  Nexusso pour 1,000.00 β le survie_new
[15:06:14] [ITEM_SOLD]: Newt_hp vendu 64 x Baked Potato à  HeFk pour 250.00 β le survie_new
[15:06:35] [ITEM_SOLD]: Victorious vendu 1 x Lingering Potion à  Cyborg_10_000 pour 5.00 β le survie_new
[15:06:39] [ITEM_SOLD]: Victorious vendu 1 x Lingering Potion à  Cyborg_10_000 pour 5.00 β le survie_new
[15:06:46] [ITEM_SOLD]: Victorious vendu 1 x Lingering Potion à  Cyborg_10_000 pour 5.00 β le survie_new
[15:16:29] [ITEM_SOLD]: Mathis6000 vendu 64 x Dirt à  kalaistar pour 1.00 β le spawn
[15:16:30] [ITEM_SOLD]: Mathis6000 vendu 47 x Dirt à  kalaistar pour 0.90 β le spawn
[15:16:31] [ITEM_SOLD]: Mathis6000 vendu 64 x Dirt à  kalaistar pour 1.00 β le spawn
[15:16:32] [ITEM_SOLD]: Mathis6000 vendu 64 x Dirt à  kalaistar pour 1.00 β le spawn
[15:16:33] [ITEM_SOLD]: Mathis6000 vendu 64 x Dirt à  kalaistar pour 0.10 β le spawn
[15:16:58] [ITEM_SOLD]: Haru_M vendu 1 x Enchanted Book à  Christophe_ pour 1,500.00 β le survie_new
[15:17:03] [ITEM_SOLD]: Haru_M vendu 1 x Enchanted Book à  kalaistar pour 1,500.00 β le survie_new
[15:17:05] [ITEM_SOLD]: Haru_M vendu 1 x Enchanted Book à  kalaistar pour 1,500.00 β le survie_new
[15:17:08] [ITEM_LISTED]: CroixVeBaton vend 1 x Ender Eye  pour 300.00β sur spawn
[15:17:18] [ITEM_SOLD]: CroixVeBaton vendu 1 x Ender Eye à  Christophe_ pour 300.00 β le spawn
[15:17:48] [ITEM_SOLD]: lasoeurdadrien vendu 1 x Enchanted Book à  kalaistar pour 1,190.00 β le survie_new
[15:17:49] [ITEM_SOLD]: lasoeurdadrien vendu 1 x Enchanted Book à  kalaistar pour 1,190.00 β le survie_new
[15:17:50] [ITEM_SOLD]: lasoeurdadrien vendu 1 x Enchanted Book à  kalaistar pour 1,190.00 β le survie_new
[15:18:08] [ITEM_SOLD]: RazerJojo vendu 16 x Ender Pearl à  kalaistar pour 200.00 β le survie_new
[15:18:09] [ITEM_SOLD]: RazerJojo vendu 16 x Ender Pearl à  kalaistar pour 200.00 β le survie_new
[15:18:10] [ITEM_SOLD]: RazerJojo vendu 16 x Ender Pearl à  kalaistar pour 200.00 β le survie_new
[15:18:11] [ITEM_SOLD]: RazerJojo vendu 16 x Ender Pearl à  kalaistar pour 200.00 β le survie_new
[15:18:12] [ITEM_SOLD]: RazerJojo vendu 16 x Ender Pearl à  kalaistar pour 200.00 β le survie_new
[15:18:14] [ITEM_SOLD]: RazerJojo vendu 16 x Ender Pearl à  kalaistar pour 200.00 β le survie_new
[15:18:15] [ITEM_SOLD]: RazerJojo vendu 16 x Ender Pearl à  kalaistar pour 200.00 β le survie_new
[15:18:17] [ITEM_SOLD]: RazerJojo vendu 16 x Ender Pearl à  kalaistar pour 199.00 β le survie_new
[15:18:18] [ITEM_SOLD]: RazerJojo vendu 16 x Ender Pearl à  kalaistar pour 199.00 β le survie_new
[15:18:19] [ITEM_SOLD]: RazerJojo vendu 16 x Ender Pearl à  kalaistar pour 199.00 β le survie_new
[15:22:20] [ITEM_CANCELLED]: sylverfire02 annule la vente de 1x Enchanted Book pour 1,000.00β sur survie_new
[15:22:21] [ITEM_CANCELLED]: sylverfire02 annule la vente de 1x Enchanted Book pour 1,000.00β sur survie_new
[15:22:30] [ITEM_RETURNED]: 1 x Enchanted Book  renvoyé à sylverfire02 le survie_new
[15:22:30] [ITEM_RETURNED]: 1 x Enchanted Book  renvoyé à sylverfire02 le survie_new
[15:22:42] [ITEM_LISTED]: sylverfire02 vend 1 x Enchanted Book  pour 1,000.00β sur spawn
[15:22:44] [ITEM_LISTED]: sylverfire02 vend 1 x Enchanted Book  pour 1,000.00β sur spawn
[15:33:09] [ITEM_SOLD]: GuiGuiPlay vendu 64 x Melon à  HeFk pour 200.00 β le survie_new
[15:50:38] [ITEM_SOLD]: Kaam98 vendu 1 x Diamond Chestplate à  [Protection III, Thorns II] Mathis6000 pour 350.00 β le survie_new
[16:12:56] [ITEM_SOLD]: Kaam98 vendu 64 x Sandstone à  Isaorya pour 300.00 β le survie_new
[16:12:58] [ITEM_SOLD]: Kaam98 vendu 64 x Sandstone à  Isaorya pour 300.00 β le survie_new
[16:22:02] [ITEM_SOLD]: REGDYLAN vendu 1 x Diamond Pickaxe à  [Efficiency V, Unbreaking III] _megamigit_ pour 3,000.00 β le survie_new
[16:25:59] [ITEM_SOLD]: jordan8413 vendu 64 x Wheat Seeds à  HeFk pour 50.00 β le survie_new
[16:29:54] [ITEM_LISTED]: HeFk vend 1 x Journal de quêtes  pour 0.00β sur spawn
[16:31:53] [ITEM_LISTED]: Christophe_ vend 64 x Coal  pour 100,000.00β sur survie_new
[16:32:01] [ITEM_CANCELLED]: Christophe_ annule la vente de 64x Coal pour 100,000.00β sur survie_new
[16:32:08] [ITEM_RETURNED]: 64 x Coal  renvoyé à Christophe_ le survie_new
[16:32:19] [ITEM_LISTED]: CouzVeBaton vend 1 x Pomme des Cieux  pour 1,000.00β sur Nether
[16:49:58] [ITEM_SOLD]: HeFk vendu 1 x Journal de quêtes à  Christophe_ pour 0.00 β le spawn
[16:50:17] [ITEM_LISTED]: Christophe_ vend 1 x Journal de quêtes  pour 0.00β sur survie_new
[17:06:02] [ITEM_LISTED]: BiscuitSoda69 vend 50 x Diamond  pour 5,000.00β sur survie_new
[17:06:09] [ITEM_SOLD]: BiscuitSoda69 vendu 50 x Diamond à  kalaistar pour 5,000.00 β le survie_new
[17:06:22] [ITEM_SOLD]: REGDYLAN vendu 1 x Diamond Pickaxe à  [Efficiency IV, Unbreaking III] DraVaP_VdZ pour 2,000.00 β le survie_new
[17:08:01] [ITEM_SOLD]: Gr33nEagl3 vendu 1 x Iron Chestplate à  [Unbreaking III] DraVaP_VdZ pour 200.00 β le survie_new
[17:27:17] [ITEM_SOLD]: Cryyzi vendu 1 x White Bed à  DraVaP_VdZ pour 11.00 β le survie_new
[17:27:46] [ITEM_SOLD]: Christophe_ vendu 1 x Journal de quêtes à  DraVaP_VdZ pour 0.00 β le survie_new
[17:28:19] [ITEM_LISTED]: DraVaP_VdZ vend 1 x Journal de quêtes  pour 10.00β sur survie_new
[17:32:42] [ITEM_LISTED]: BiscuitSoda69 vend 2 x Nether Star  pour 18,000.00β sur spawn
[17:35:43] [ITEM_SOLD]: GuiGuiPlay vendu 64 x Melon à  CouzVeBaton pour 200.00 β le survie_new
[17:49:45] [ITEM_SOLD]: Kaam98 vendu 1 x Diamond Chestplate à  [Blast Protection IV, Unbreaking III] SisiLaFamille pour 350.00 β le survie_new
[18:08:12] [ITEM_SOLD]: GuiGuiPlay vendu 64 x Sugar Cane à  CouzVeBaton pour 100.00 β le survie_new
[18:24:36] [ITEM_LISTED]: sylverfire02 vend 1 x Beacon  pour 11,000.00β sur survie_new
[18:25:14] [ITEM_SOLD]: BiscuitSoda69 vendu 2 x Nether Star à  sylverfire02 pour 18,000.00 β le spawn
[18:28:32] [ITEM_LISTED]: sylverfire02 vend 1 x Beacon  pour 11,000.00β sur survie_new
[18:28:34] [ITEM_LISTED]: sylverfire02 vend 1 x Beacon  pour 11,000.00β sur survie_new
[18:28:36] [ITEM_LISTED]: sylverfire02 vend 1 x Beacon  pour 11,000.00β sur survie_new
[18:57:42] [ITEM_LISTED]: CroixVeBaton vend 1 x Diamond Axe  [Efficiency VI] pour 10,000.00β sur spawn
[18:59:32] [ITEM_SOLD]: lasoeurdadrien vendu 64 x Iron Ingot à  pimendespelette pour 1,800.00 β le survie_new
[19:04:28] [ITEM_SOLD]: Haru_M vendu 1 x Enchanted Book à  Legendaires pour 2,500.00 β le survie_new
[19:16:09] [ITEM_SOLD]: sylverfire02 vendu 1 x Beacon à  _megamigit_ pour 11,000.00 β le survie_new
[19:41:40] [ITEM_LISTED]: WyRz_ vend 1 x [Spider Spawner]  pour 3,000.00β sur survie_new
[19:42:16] [ITEM_CANCELLED]: Haru_M annule la vente de 1x Beacon pour 12,000.00β sur survie_new
[19:42:21] [ITEM_RETURNED]: 1 x Beacon  renvoyé à Haru_M le survie_new
[19:42:21] [ITEM_SOLD]: Mathis6000 vendu 47 x Sand à  _megamigit_ pour 5.00 β le spawn
[19:58:17] [ITEM_CANCELLED]: Haru_M annule la vente de 1x Enchanted Book pour 2,500.00β sur survie_new
[19:58:28] [ITEM_RETURNED]: 1 x Enchanted Book  renvoyé à Haru_M le survie_new
[20:21:27] [ITEM_SOLD]: Vladata vendu 1 x Enchanted Book à  CouzVeBaton pour 1,500.00 β le spawn
[20:22:36] [ITEM_LISTED]: Haru_M vend 42 x Bookshelf  pour 500.00β sur survie_new
[20:22:51] [ITEM_SOLD]: Haru_M vendu 42 x Bookshelf à  DraVaP_VdZ pour 500.00 β le survie_new
[20:50:45] [ITEM_LISTED]: DXdu816 vend 4 x Pierre-Tombale  pour 10,000.00β sur survie_new
[20:57:59] [ITEM_LISTED]: DXdu816 vend 1 x Iron Leggings  [Mending, Protection III] pour 1,000.00β sur survie_new
[20:58:05] [ITEM_SOLD]: sylverfire02 vendu 1 x Beacon à  Tesla248 pour 11,000.00 β le survie_new
[21:18:20] [ITEM_SOLD]: pierro vendu 1 x Iron Axe à  vava34670 pour 120.00 β le survie_new
[21:21:31] [ITEM_SOLD]: Waxay vendu 64 x Coal Block à  vava34670 pour 2,500.00 β le survie_new
[21:21:32] [ITEM_SOLD]: Waxay vendu 64 x Coal Block à  vava34670 pour 2,500.00 β le survie_new
[21:28:19] [ITEM_CANCELLED]: Haru_M annule la vente de 1x Beacon pour 12,000.00β sur survie_new
[21:28:20] [ITEM_CANCELLED]: Haru_M annule la vente de 1x Beacon pour 12,000.00β sur survie_new
[21:28:21] [ITEM_CANCELLED]: Haru_M annule la vente de 1x Beacon pour 12,000.00β sur survie_new
[21:28:22] [ITEM_CANCELLED]: Haru_M annule la vente de 1x Beacon pour 12,000.00β sur survie_new
[21:28:33] [ITEM_RETURNED]: 1 x Beacon  renvoyé à Haru_M le survie_new
[21:28:33] [ITEM_RETURNED]: 1 x Beacon  renvoyé à Haru_M le survie_new
[21:28:34] [ITEM_RETURNED]: 1 x Beacon  renvoyé à Haru_M le survie_new
[21:28:35] [ITEM_RETURNED]: 1 x Beacon  renvoyé à Haru_M le survie_new
[21:29:38] [ITEM_LISTED]: Haru_M vend 1 x Beacon  pour 10,000.00β sur spawn
[21:29:39] [ITEM_LISTED]: Haru_M vend 1 x Beacon  pour 10,000.00β sur spawn
[21:29:41] [ITEM_LISTED]: Haru_M vend 1 x Beacon  pour 10,000.00β sur spawn
[21:29:43] [ITEM_LISTED]: Haru_M vend 1 x Beacon  pour 10,000.00β sur spawn
[21:31:19] [ITEM_SOLD]: LLIcocoman_Hrz vendu 1 x End Crystal à  Zougless pour 1,000.00 β le spawn
[21:44:29] [ITEM_SOLD]: LLIcocoman_Hrz vendu 1 x End Crystal à  Zougless pour 1,000.00 β le spawn
[21:44:34] [ITEM_SOLD]: Cantyo vendu 1 x End Crystal à  Zougless pour 1,250.00 β le survie_new
[21:44:36] [ITEM_SOLD]: Cantyo vendu 1 x End Crystal à  Zougless pour 1,250.00 β le survie_new
[21:44:38] [ITEM_SOLD]: Cantyo vendu 1 x End Crystal à  Zougless pour 1,250.00 β le survie_new
[21:44:39] [ITEM_SOLD]: Cantyo vendu 1 x End Crystal à  Zougless pour 1,250.00 β le survie_new
[21:44:41] [ITEM_SOLD]: Cantyo vendu 1 x End Crystal à  Zougless pour 1,250.00 β le survie_new
[21:44:46] [ITEM_SOLD]: Jarreshan vendu 1 x Heart Of The Sea à  Zougless pour 500.00 β le survie_new
[21:59:36] [ITEM_SOLD]: Haru_M vendu 1 x Beacon à  watson44 pour 10,000.00 β le spawn
[22:22:22] [ITEM_DROPPED]: Abandon de la vente Nexusso expirée de 1 x Diamond  pour 0.00β à leurs pieds le survie_new
[22:31:10] [ITEM_SOLD]: LLIcocoman_Hrz vendu 64 x Stick à  DXdu816 pour 10.00 β le survie_new
[22:32:49] [ITEM_SOLD]: Haru_M vendu 1 x Enchanted Book à  DXdu816 pour 1,500.00 β le survie_new
[22:40:38] [ITEM_LISTED]: DXdu816 vend 64 x Blaze Rod  pour 500.00β sur survie_new
[22:59:01] [ITEM_LISTED]: Estidabeille vend 32 x Lapis Lazuli  pour 1,000.00β sur spawn
[23:00:05] [ITEM_DROPPED]: Abandon de la vente Draiikow expirée de 1 x Player Head  pour 0.00β à leurs pieds le survie_new
[23:00:05] [ITEM_DROPPED]: Abandon de la vente Draiikow expirée de 1 x Carrot On A Stick  pour 0.00β à leurs pieds le survie_new
[23:00:05] [ITEM_DROPPED]: Abandon de la vente Draiikow expirée de 1 x Carrot On A Stick  pour 0.00β à leurs pieds le survie_new
[23:00:05] [ITEM_DROPPED]: Abandon de la vente Draiikow expirée de 1 x Carrot On A Stick  pour 0.00β à leurs pieds le survie_new
[23:00:05] [ITEM_DROPPED]: Abandon de la vente Draiikow expirée de 1 x Carrot On A Stick  pour 0.00β à leurs pieds le survie_new
[23:00:05] [ITEM_DROPPED]: Abandon de la vente Draiikow expirée de 1 x Carrot On A Stick  pour 0.00β à leurs pieds le survie_new
[23:00:05] [ITEM_DROPPED]: Abandon de la vente Draiikow expirée de 1 x Carrot On A Stick  pour 0.00β à leurs pieds le survie_new
[23:00:05] [ITEM_DROPPED]: Abandon de la vente Draiikow expirée de 1 x Carrot On A Stick  pour 0.00β à leurs pieds le survie_new
[23:00:05] [ITEM_DROPPED]: Abandon de la vente Draiikow expirée de 1 x Carrot On A Stick  pour 0.00β à leurs pieds le survie_new
[23:00:05] [ITEM_DROPPED]: Abandon de la vente Draiikow expirée de 1 x Carrot On A Stick  pour 0.00β à leurs pieds le survie_new
[23:00:05] [ITEM_DROPPED]: Abandon de la vente Draiikow expirée de 1 x Carrot On A Stick  pour 0.00β à leurs pieds le survie_new
[23:00:05] [ITEM_DROPPED]: Abandon de la vente Draiikow expirée de 1 x Carrot On A Stick  pour 0.00β à leurs pieds le survie_new
[23:00:05] [ITEM_DROPPED]: Abandon de la vente Draiikow expirée de 1 x Carrot On A Stick  pour 0.00β à leurs pieds le survie_new
[23:00:05] [ITEM_DROPPED]: Abandon de la vente Draiikow expirée de 1 x Carrot On A Stick  pour 0.00β à leurs pieds le survie_new
[23:00:05] [ITEM_DROPPED]: Abandon de la vente Draiikow expirée de 1 x Player Head  pour 0.00β à leurs pieds le survie_new
[23:00:05] [ITEM_DROPPED]: Abandon de la vente Draiikow expirée de 1 x Player Head  pour 0.00β à leurs pieds le survie_new
[23:00:05] [ITEM_DROPPED]: Abandon de la vente Draiikow expirée de 1 x Player Head  pour 0.00β à leurs pieds le survie_new
[23:00:05] [ITEM_DROPPED]: Abandon de la vente Draiikow expirée de 1 x Player Head  pour 0.00β à leurs pieds le survie_new
[23:00:05] [ITEM_DROPPED]: Abandon de la vente Draiikow expirée de 1 x Player Head  pour 0.00β à leurs pieds le survie_new
[23:03:49] [ITEM_SOLD]: Waxay vendu 32 x Diamond à  Abi pour 5,000.00 β le survie_new
[23:04:20] [ITEM_LISTED]: LLIcocoman_Hrz vend 1 x Turtle Egg  pour 100.00β sur spawn
[23:04:38] [ITEM_SOLD]: REGDYLAN vendu 1 x Diamond Pickaxe à  [Efficiency IV, Unbreaking III] Abi pour 2,000.00 β le survie_new
