[00:09:12] [ITEM_SOLD]: Zougless vendu 64 x Spruce Log à  LeandroCosta pour 400.00 β le survie_new
[00:22:00] [ITEM_SOLD]: Sifflote vendu 1 x Saddle à  LeandroCosta pour 750.00 β le survie_new
[00:22:30] [ITEM_SOLD]: pierro vendu 1 x Diamond Helmet à  [Aqua Affinity, Protection III] LeandroCosta pour 650.00 β le survie_new
[00:23:25] [ITEM_SOLD]: Tchong vendu 64 x Iron Ingot à  kalaistar pour 1,150.00 β le survie_new
[00:23:26] [ITEM_SOLD]: Tchong vendu 64 x Iron Ingot à  kalaistar pour 1,150.00 β le survie_new
[00:23:27] [ITEM_SOLD]: Tchong vendu 64 x Iron Ingot à  kalaistar pour 1,150.00 β le survie_new
[00:23:37] [ITEM_SOLD]: Tchong vendu 64 x Iron Ingot à  kalaistar pour 1,150.00 β le survie_new
[00:24:34] [ITEM_SOLD]: pierro vendu 1 x Yellow Shulker Box à  Christophe_ pour 2,750.00 β le survie_new
[00:24:35] [ITEM_SOLD]: pierro vendu 1 x Yellow Shulker Box à  Christophe_ pour 2,750.00 β le survie_new
[00:24:37] [ITEM_SOLD]: pierro vendu 1 x Yellow Shulker Box à  Christophe_ pour 2,750.00 β le survie_new
[01:35:24] [ITEM_SOLD]: Elliryk vendu 64 x Paper à  LeandroCosta pour 750.00 β le survie_new
[01:35:26] [ITEM_SOLD]: Elliryk vendu 64 x Paper à  LeandroCosta pour 750.00 β le survie_new
[04:03:00] [ITEM_SOLD]: K666D vendu 64 x Cobblestone à  cmdix36 pour 30.00 β le survie_new
[04:03:02] [ITEM_SOLD]: K666D vendu 64 x Cobblestone à  cmdix36 pour 30.00 β le survie_new
[04:03:03] [ITEM_SOLD]: K666D vendu 64 x Cobblestone à  cmdix36 pour 30.00 β le survie_new
[08:50:36] [ITEM_LISTED]: pierro vend 1 x Pink Shulker Box  pour 2,800.00β sur survie_new
[08:50:39] [ITEM_LISTED]: pierro vend 1 x Magenta Shulker Box  pour 2,800.00β sur survie_new
[08:50:42] [ITEM_LISTED]: pierro vend 1 x Orange Shulker Box  pour 2,800.00β sur survie_new
[08:50:44] [ITEM_LISTED]: pierro vend 1 x Orange Shulker Box  pour 2,800.00β sur survie_new
[08:52:39] [ITEM_LISTED]: pierro vend 1 x White Shulker Box  pour 2,800.00β sur survie_new
[08:53:25] [ITEM_LISTED]: pierro vend 1 x Diamond Chestplate  [Unbreaking III] pour 950.00β sur survie_new
[08:53:33] [ITEM_LISTED]: pierro vend 1 x Diamond Chestplate  [Protection IV] pour 1,050.00β sur survie_new
[08:53:45] [ITEM_LISTED]: pierro vend 1 x Diamond Chestplate  [Fire Protection II, Unbreaking III] pour 1,200.00β sur survie_new
[08:53:56] [ITEM_LISTED]: pierro vend 1 x Iron Chestplate  [Mending] pour 1,000.00β sur survie_new
[08:54:11] [ITEM_LISTED]: pierro vend 1 x Iron Leggings  [Fire Protection III, Unbreaking III] pour 1,100.00β sur survie_new
[08:54:21] [ITEM_LISTED]: pierro vend 1 x Iron Helmet  [Mending, Protection IV, Curse of Vanishing] pour 1,200.00β sur survie_new
[08:54:29] [ITEM_LISTED]: pierro vend 1 x Iron Helmet  [Mending, Unbreaking III] pour 1,250.00β sur survie_new
[08:54:40] [ITEM_LISTED]: pierro vend 1 x Diamond Boots  [Protection IV, Unbreaking III] pour 1,150.00β sur survie_new
[08:54:51] [ITEM_LISTED]: pierro vend 1 x Iron Boots  [Fire Protection IV, Unbreaking III, Curse of Vanishing] pour 850.00β sur survie_new
[08:55:14] [ITEM_LISTED]: pierro vend 1 x Diamond Sword  [Fire Aspect II, Knockback II, Sharpness IV] pour 1,500.00β sur survie_new
[08:55:46] [ITEM_LISTED]: pierro vend 1 x Diamond Sword  [Looting II] pour 2,500.00β sur survie_new
[08:56:29] [ITEM_LISTED]: pierro vend 1 x Ender Chest  pour 500.00β sur survie_new
[08:56:34] [ITEM_LISTED]: pierro vend 1 x Ender Chest  pour 500.00β sur survie_new
[09:01:04] [ITEM_LISTED]: pierro vend 16 x Egg  pour 100.00β sur survie_new
[09:01:08] [ITEM_LISTED]: pierro vend 16 x Egg  pour 100.00β sur survie_new
[09:01:57] [ITEM_LISTED]: pierro vend 16 x Egg  pour 100.00β sur survie_new
[09:39:54] [ITEM_SOLD]: pierro vendu 16 x Egg à  laelia59 pour 100.00 β le survie_new
[09:39:55] [ITEM_SOLD]: pierro vendu 16 x Egg à  laelia59 pour 100.00 β le survie_new
[09:39:57] [ITEM_SOLD]: pierro vendu 16 x Egg à  laelia59 pour 100.00 β le survie_new
[10:22:39] [ITEM_SOLD]: Biboozz vendu 16 x Snowball à  pierro pour 10.00 β le survie_new
[10:24:04] [ITEM_SOLD]: Biboozz vendu 16 x Snowball à  pierro pour 10.00 β le survie_new
[10:24:05] [ITEM_SOLD]: Biboozz vendu 16 x Snowball à  pierro pour 10.00 β le survie_new
[10:56:18] [ITEM_SOLD]: pierro vendu 1 x Diamond Sword à  [Fire Aspect II, Knockback II, Sharpness IV] Teinavaa pour 1,500.00 β le survie_new
[10:57:55] [ITEM_SOLD]: pierro vendu 1 x Ender Chest à  Teinavaa pour 500.00 β le survie_new
[12:55:17] [ITEM_SOLD]: pierro vendu 1 x Iron Leggings à  [Mending, Protection III] hugoleb pour 1,500.00 β le survie_new
[12:56:59] [ITEM_SOLD]: REGDYLAN vendu 1 x [Cow Spawner] à  MaloZazina pour 15,000.00 β le survie_new
[12:57:01] [ITEM_SOLD]: REGDYLAN vendu 1 x [Cow Spawner] à  MaloZazina pour 15,000.00 β le survie_new
[14:15:33] [ITEM_LISTED]: K666D vend 64 x Spruce Log  pour 50.00β sur survie_new
[14:17:18] [ITEM_LISTED]: LeVoleurDeStylo vend 1 x Diamond  pour 2,330.00β sur survie_new
[14:17:26] [ITEM_SOLD]: LeVoleurDeStylo vendu 1 x Diamond à  bobolerigolo pour 2,330.00 β le survie_new
[14:23:51] [ITEM_SOLD]: Axiton vendu 1 x Fishing Rod à  [Mending, Unbreaking III] Oziroal pour 1,500.00 β le survie_new
[14:23:57] [ITEM_LISTED]: LeVoleurDeStylo vend 1 x Diamond  pour 2,300.00β sur survie_new
[14:24:07] [ITEM_SOLD]: LeVoleurDeStylo vendu 1 x Diamond à  teengay pour 2,300.00 β le survie_new
[14:31:11] [ITEM_SOLD]: K666D vendu 64 x Spruce Log à  Andrew_90 pour 50.00 β le survie_new
[14:33:49] [ITEM_LISTED]: K666D vend 10 x Bone Meal  pour 25.00β sur survie_new
[14:52:55] [ITEM_LISTED]: lasoeurdadrien vend 64 x Iron Ingot  pour 1,150.00β sur survie_new
[14:52:58] [ITEM_LISTED]: lasoeurdadrien vend 64 x Iron Ingot  pour 1,150.00β sur survie_new
[14:53:03] [ITEM_LISTED]: lasoeurdadrien vend 64 x Iron Ingot  pour 1,150.00β sur survie_new
[14:53:07] [ITEM_LISTED]: lasoeurdadrien vend 64 x Iron Ingot  pour 1,150.00β sur survie_new
[15:00:12] [ITEM_LISTED]: lasoeurdadrien vend 64 x Iron Ingot  pour 1,150.00β sur survie_new
[15:15:36] [ITEM_SOLD]: lasoeurdadrien vendu 64 x Iron Ingot à  kalaistar pour 1,150.00 β le survie_new
[15:15:37] [ITEM_SOLD]: lasoeurdadrien vendu 64 x Iron Ingot à  kalaistar pour 1,150.00 β le survie_new
[15:15:53] [ITEM_SOLD]: lasoeurdadrien vendu 64 x Iron Ingot à  kalaistar pour 1,150.00 β le survie_new
[15:15:54] [ITEM_SOLD]: lasoeurdadrien vendu 64 x Iron Ingot à  kalaistar pour 1,150.00 β le survie_new
[15:15:55] [ITEM_SOLD]: lasoeurdadrien vendu 64 x Iron Ingot à  kalaistar pour 1,150.00 β le survie_new
[15:16:15] [ITEM_LISTED]: lasoeurdadrien vend 64 x Iron Ingot  pour 1,150.00β sur survie_new
[15:16:19] [ITEM_LISTED]: lasoeurdadrien vend 64 x Iron Ingot  pour 1,150.00β sur survie_new
[15:17:34] [ITEM_LISTED]: Oziroal vend 1 x Enchanted Book  pour 1,000.00β sur survie_new
[15:17:46] [ITEM_LISTED]: lasoeurdadrien vend 64 x Iron Ingot  pour 1,150.00β sur survie_new
[15:19:47] [ITEM_SOLD]: The_Wiz_D vendu 64 x Arrow à  Nadreel pour 100.00 β le survie_new
[15:21:13] [ITEM_SOLD]: hugoleb vendu 1 x Journal de quêtes à  Nadreel pour 1.00 β le survie_new
[15:21:32] [ITEM_SOLD]: Sifflote vendu 1 x Saddle à  Nadreel pour 750.00 β le survie_new
[15:33:35] [ITEM_LISTED]: lasoeurdadrien vend 64 x Iron Ingot  pour 1,150.00β sur survie_new
[15:36:17] [ITEM_LISTED]: lasoeurdadrien vend 64 x Iron Ingot  pour 1,150.00β sur survie_new
[15:45:03] [ITEM_SOLD]: lasoeurdadrien vendu 64 x Iron Ingot à  kalaistar pour 1,150.00 β le survie_new
[15:45:04] [ITEM_SOLD]: lasoeurdadrien vendu 64 x Iron Ingot à  kalaistar pour 1,150.00 β le survie_new
[15:45:05] [ITEM_SOLD]: lasoeurdadrien vendu 64 x Iron Ingot à  kalaistar pour 1,150.00 β le survie_new
[15:45:06] [ITEM_SOLD]: lasoeurdadrien vendu 64 x Iron Ingot à  kalaistar pour 1,150.00 β le survie_new
[15:45:07] [ITEM_SOLD]: lasoeurdadrien vendu 64 x Iron Ingot à  kalaistar pour 1,150.00 β le survie_new
[15:45:39] [ITEM_SOLD]: Oziroal vendu 1 x Enchanted Book à  kalaistar pour 1,000.00 β le survie_new
[15:48:48] [ITEM_LISTED]: Oziroal vend 1 x Enchanted Book  pour 1,250.00β sur survie_new
[15:50:19] [ITEM_LISTED]: lasoeurdadrien vend 64 x Iron Ingot  pour 1,150.00β sur survie_new
[15:51:06] [ITEM_SOLD]: lasoeurdadrien vendu 64 x Iron Ingot à  kalaistar pour 1,150.00 β le survie_new
[15:51:08] [ITEM_SOLD]: Oziroal vendu 1 x Enchanted Book à  kalaistar pour 1,250.00 β le survie_new
[15:56:48] [ITEM_LISTED]: lasoeurdadrien vend 64 x Iron Ingot  pour 1,150.00β sur survie_new
[16:03:09] [ITEM_SOLD]: lasoeurdadrien vendu 64 x Iron Ingot à  kalaistar pour 1,150.00 β le survie_new
[16:25:43] [ITEM_SOLD]: Axiton vendu 1 x Fishing Rod à  [Lure III, Mending, Unbreaking III] kalaistar pour 5,000.00 β le survie_new
[16:27:43] [ITEM_SOLD]: Tesla248 vendu 64 x Blaze Rod à  Geratinapute pour 500.00 β le survie_new
[16:29:47] [ITEM_LISTED]: IntegraleEpice vend 20 x Prismarine Shard  pour 500.00β sur survie_new
[16:37:47] [ITEM_LISTED]: Elliryk vend 64 x Paper  pour 1,000.00β sur survie_new
[16:38:01] [ITEM_LISTED]: Elliryk vend 64 x Paper  pour 1,000.00β sur survie_new
[17:21:44] [ITEM_LISTED]: pierro vend 1 x Buried Treasure Map  pour 750.00β sur survie_new
[18:19:44] [ITEM_LISTED]: pierro vend 1 x Buried Treasure Map  pour 750.00β sur survie_new
[18:21:23] [ITEM_DROPPED]: Abandon de la vente Haru_M expirée de 64 x Stone Slab  pour 0.00β à leurs pieds le Nether
[19:22:22] [ITEM_LISTED]: pierro vend 1 x Buried Treasure Map  pour 750.00β sur survie_new
[19:37:41] [ITEM_SOLD]: pierro vendu 1 x Diamond Sword à  [Looting II] Geratinapute pour 2,500.00 β le survie_new
[19:58:01] [ITEM_LISTED]: ianito vend 1 x Wither Skeleton Skull  pour 3,000.00β sur survie_new
[20:02:53] [ITEM_SOLD]: pierro vendu 1 x Buried Treasure Map à  clementderi pour 750.00 β le survie_new
[20:03:04] [ITEM_SOLD]: Cryyzi vendu 1 x White Bed à  clementderi pour 11.00 β le survie_new
[20:03:08] [ITEM_SOLD]: pierro vendu 1 x Diamond Sword à  [Smite III] clementderi pour 450.00 β le survie_new
[20:03:16] [ITEM_SOLD]: HeFk vendu 1 x Diamond Shovel à  [Efficiency III, Unbreaking III] clementderi pour 2,000.00 β le survie_new
[20:04:09] [ITEM_SOLD]: Cryyzi vendu 1 x Diamond Pickaxe à  [Efficiency III] clementderi pour 800.00 β le survie_new
[20:04:14] [ITEM_SOLD]: pierro vendu 1 x Diamond Boots à  [Feather Falling IV, Protection III] clementderi pour 4,750.00 β le survie_new
[20:51:48] [ITEM_SOLD]: The_Wiz_D vendu 64 x Arrow à  Isaorya pour 100.00 β le survie_new
[20:51:50] [ITEM_SOLD]: The_Wiz_D vendu 64 x Arrow à  Isaorya pour 100.00 β le survie_new
[20:57:21] [ITEM_LISTED]: AzodFR vend 4 x Ink Sac  pour 1.00β sur survie_new
[21:11:26] [ITEM_SOLD]: Tesla248 vendu 1 x Shulker Box à  portedegaia pour 3,000.00 β le survie_new
[21:11:31] [ITEM_SOLD]: Tactical_Byslide vendu 1 x Shulker Box à  portedegaia pour 3,500.00 β le survie_new
[21:11:37] [ITEM_SOLD]: Tesla248 vendu 1 x Shulker Box à  portedegaia pour 3,000.00 β le survie_new
[21:27:07] [ITEM_CANCELLED]: Christophe_ annule la vente de 1x Bousole de Limastic [Aqua Affinity X, Fire Aspect X, Fortune X, Sharpness X, Silk Touch, Smite X, Thorns X, Unbreaking X] pour 100,000.00β sur survie_new
[21:27:16] [ITEM_RETURNED]: 1 x Bousole de Limastic  [Aqua Affinity X, Fire Aspect X, Fortune X, Sharpness X, Silk Touch, Smite X, Thorns X, Unbreaking X] renvoyé à Christophe_ le survie_new
[21:37:46] [ITEM_SOLD]: The_Wiz_D vendu 64 x Arrow à  Isaorya pour 100.00 β le survie_new
[21:40:51] [ITEM_SOLD]: pierro vendu 1 x Pink Shulker Box à  Isaorya pour 2,800.00 β le survie_new
[21:40:52] [ITEM_SOLD]: pierro vendu 1 x Magenta Shulker Box à  Isaorya pour 2,800.00 β le survie_new
[21:40:53] [ITEM_SOLD]: pierro vendu 1 x Orange Shulker Box à  Isaorya pour 2,800.00 β le survie_new
[21:40:54] [ITEM_SOLD]: pierro vendu 1 x Orange Shulker Box à  Isaorya pour 2,800.00 β le survie_new
[21:40:55] [ITEM_SOLD]: pierro vendu 1 x White Shulker Box à  Isaorya pour 2,800.00 β le survie_new
[21:41:01] [ITEM_SOLD]: IntegraleEpice vendu 20 x Prismarine Shard à  Isaorya pour 500.00 β le survie_new
[21:41:24] [ITEM_SOLD]: The_Wiz_D vendu 64 x Arrow à  Isaorya pour 100.00 β le survie_new
[21:43:49] [ITEM_SOLD]: Fr3nCh_CraFt vendu 1 x Tenders KFC à  portedegaia pour 9.00 β le survie_new
[21:44:11] [ITEM_SOLD]: Elliryk vendu 64 x Bread à  portedegaia pour 600.00 β le survie_new
[23:28:33] [ITEM_LISTED]: eric2a vend 64 x Sugar Cane  pour 100.00β sur survie_new
[23:45:28] [ITEM_CANCELLED]: Elliryk annule la vente de 64x Bread pour 600.00β sur survie_new
[23:45:29] [ITEM_CANCELLED]: Elliryk annule la vente de 64x Paper pour 1,000.00β sur survie_new
[23:45:30] [ITEM_CANCELLED]: Elliryk annule la vente de 64x Paper pour 1,000.00β sur survie_new
[23:46:12] [ITEM_RETURNED]: 64 x Paper  renvoyé à Elliryk le survie_new
[23:46:12] [ITEM_RETURNED]: 64 x Bread  renvoyé à Elliryk le survie_new
[23:46:13] [ITEM_RETURNED]: 64 x Paper  renvoyé à Elliryk le survie_new
[23:46:34] [ITEM_LISTED]: Elliryk vend 64 x Bread  pour 300.00β sur survie_new
[23:46:42] [ITEM_LISTED]: Elliryk vend 64 x Paper  pour 550.00β sur survie_new
[23:54:15] [ITEM_LISTED]: Elliryk vend 64 x Paper  pour 550.00β sur survie_new
[23:54:20] [ITEM_LISTED]: Elliryk vend 64 x Paper  pour 550.00β sur survie_new
[23:55:31] [ITEM_SOLD]: eric2a vendu 64 x Sugar Cane à  kalaistar pour 100.00 β le survie_new
