[00:03:39] [ITEM_SOLD]: Yohan81 vendu 1 x Enchanted Book à  ketsumochi pour 1,000.00 β le survie_new
[00:04:13] [ITEM_SOLD]: nilsou83 vendu 44 x Spider Eye à  ketsumochi pour 200.00 β le survie_new
[00:45:19] [ITEM_CANCELLED]: Stebanou annule la vente de 1x Golden Horse Armor pour 500.00β sur survie_new
[00:59:58] [ITEM_SOLD]: LLIcocoman_Hrz vendu 1 x Turtle Egg à  Dimazerty pour 2,000.00 β le survie_new
[01:00:39] [ITEM_SOLD]: Sifflote vendu 64 x Gold Ingot à  Dimazerty pour 3,000.00 β le survie_new
[01:01:16] [ITEM_SOLD]: eric2a vendu 1 x Elytra à  Minebark pour 10,000.00 β le survie_new
[01:01:18] [ITEM_LISTED]: LLIcocoman_Hrz vend 1 x Turtle Spawn Egg  pour 2,000.00β sur survie_new
[01:02:17] [ITEM_CANCELLED]: samdec666 annule la vente de 64x Carrot pour 24.00β sur survie_new
[01:02:17] [ITEM_CANCELLED]: samdec666 annule la vente de 64x Carrot pour 24.00β sur survie_new
[01:02:17] [ITEM_CANCELLED]: samdec666 annule la vente de 64x Carrot pour 24.00β sur survie_new
[01:02:18] [ITEM_CANCELLED]: samdec666 annule la vente de 64x Carrot pour 24.00β sur survie_new
[01:02:18] [ITEM_CANCELLED]: samdec666 annule la vente de 64x Carrot pour 24.00β sur survie_new
[01:02:19] [ITEM_CANCELLED]: samdec666 annule la vente de 64x Carrot pour 24.00β sur survie_new
[01:02:19] [ITEM_CANCELLED]: samdec666 annule la vente de 64x Carrot pour 24.00β sur survie_new
[01:02:36] [ITEM_RETURNED]: 64 x Carrot  renvoyé à samdec666 le survie_new
[01:02:36] [ITEM_RETURNED]: 64 x Carrot  renvoyé à samdec666 le survie_new
[01:02:37] [ITEM_RETURNED]: 64 x Carrot  renvoyé à samdec666 le survie_new
[01:02:37] [ITEM_RETURNED]: 64 x Carrot  renvoyé à samdec666 le survie_new
[01:02:38] [ITEM_RETURNED]: 64 x Carrot  renvoyé à samdec666 le survie_new
[01:02:38] [ITEM_RETURNED]: 64 x Carrot  renvoyé à samdec666 le survie_new
[01:02:39] [ITEM_RETURNED]: 64 x Carrot  renvoyé à samdec666 le survie_new
[01:02:40] [ITEM_CANCELLED]: samdec666 annule la vente de 64x Carrot pour 24.00β sur survie_new
[01:02:41] [ITEM_CANCELLED]: samdec666 annule la vente de 64x Carrot pour 24.00β sur survie_new
[01:02:42] [ITEM_CANCELLED]: samdec666 annule la vente de 64x Carrot pour 24.00β sur survie_new
[01:02:42] [ITEM_CANCELLED]: samdec666 annule la vente de 64x Carrot pour 24.00β sur survie_new
[01:02:43] [ITEM_CANCELLED]: samdec666 annule la vente de 64x Carrot pour 24.00β sur survie_new
[01:02:44] [ITEM_CANCELLED]: samdec666 annule la vente de 64x Carrot pour 24.00β sur survie_new
[01:02:44] [ITEM_CANCELLED]: samdec666 annule la vente de 64x Carrot pour 24.00β sur survie_new
[01:02:45] [ITEM_CANCELLED]: samdec666 annule la vente de 64x Carrot pour 24.00β sur survie_new
[01:02:45] [ITEM_CANCELLED]: samdec666 annule la vente de 64x Carrot pour 24.00β sur survie_new
[01:04:14] [ITEM_SOLD]: ianito vendu 1 x Diamond Pickaxe à  [Efficiency III, Mending, Unbreaking III] samdec666 pour 25,000.00 β le survie_new
[01:06:53] [ITEM_SOLD]: LLIcocoman_Hrz vendu 1 x Turtle Spawn Egg à  Christophe_ pour 2,000.00 β le survie_new
[01:07:06] [ITEM_SOLD]: LLIcocoman_Hrz vendu 1 x Chicken Spawn Egg à  Christophe_ pour 2,000.00 β le survie_new
[01:34:41] [ITEM_LISTED]: eric2a vend 1 x Livre pour une création Légendaire  pour 5,000.00β sur survie_new
[01:35:53] [ITEM_SOLD]: RoroElPadre vendu 1 x Diamond Sword à  [Fire Aspect II, Knockback II, Looting II, Sharpness V, Sweeping Edge III, Unbreaking III] eric2a pour 16,000.00 β le survie_new
[01:40:48] [ITEM_RETURNED]: 1 x Golden Horse Armor  renvoyé à Stebanou le survie_new
[01:52:54] [ITEM_SOLD]: Blazd vendu 1 x Enchanted Book à  eric2a pour 5,000.00 β le survie_new
[02:03:02] [ITEM_LISTED]: LLIcocoman_Hrz vend 1 x Turtle Spawn Egg  pour 2,000.00β sur survie_new
[02:24:21] [ITEM_SOLD]: LLIcocoman_Hrz vendu 1 x Turtle Spawn Egg à  eric2a pour 2,000.00 β le survie_new
[11:22:31] [ITEM_LISTED]: LLIcocoman_Hrz vend 32 x Spruce Log  pour 100.00β sur survie_new
[11:23:18] [ITEM_LISTED]: LLIcocoman_Hrz vend 1 x Turtle Spawn Egg  pour 2,500.00β sur survie_new
[11:26:12] [ITEM_DROPPED]: Abandon de la vente OfCourse expirée de 1 x Buried Treasure Map  pour 0.00β à leurs pieds le survie_new
[11:53:12] [ITEM_DROPPED]: Abandon de la vente OfCourse expirée de 1 x Enchanted Book  pour 0.00β à leurs pieds le survie_new
[11:53:39] [ITEM_LISTED]: OfCourse vend 1 x Enchanted Book  pour 100.00β sur survie_new
[11:54:12] [ITEM_DROPPED]: Abandon de la vente OfCourse expirée de 1 x Enchanted Book  pour 0.00β à leurs pieds le survie_new
[11:54:12] [ITEM_DROPPED]: Abandon de la vente OfCourse expirée de 1 x Enchanted Book  pour 0.00β à leurs pieds le survie_new
[11:54:12] [ITEM_DROPPED]: Abandon de la vente OfCourse expirée de 1 x Enchanted Book  pour 0.00β à leurs pieds le survie_new
[11:55:12] [ITEM_DROPPED]: Abandon de la vente OfCourse expirée de 1 x Enchanted Book  pour 0.00β à leurs pieds le survie_new
[11:55:29] [ITEM_LISTED]: OfCourse vend 1 x Enchanted Book  pour 10.00β sur survie_new
[11:55:37] [ITEM_LISTED]: OfCourse vend 1 x Enchanted Book  pour 10.00β sur survie_new
[11:55:41] [ITEM_LISTED]: OfCourse vend 1 x Enchanted Book  pour 10.00β sur survie_new
[11:55:46] [ITEM_LISTED]: OfCourse vend 1 x Enchanted Book  pour 10.00β sur survie_new
[11:57:31] [ITEM_SOLD]: LLIcocoman_Hrz vendu 32 x Obsidian à  KrayZu27 pour 500.00 β le survie_new
[13:12:53] [ITEM_SOLD]: OfCourse vendu 1 x Enchanted Book à  74Matt pour 10.00 β le survie_new
[13:35:08] [ITEM_LISTED]: Sifflote vend 64 x Fire Coral Block  pour 7,500.00β sur survie_new
[13:35:16] [ITEM_LISTED]: Sifflote vend 64 x Tube Coral Block  pour 7,500.00β sur survie_new
[13:46:00] [ITEM_SOLD]: LLIcocoman_Hrz vendu 1 x Turtle Spawn Egg à  P2M2A2 pour 2,500.00 β le survie_new
[14:04:35] [ITEM_SOLD]: Bertrand vendu 1 x Music Disc 13 à  gamerlenon pour 200.00 β le survie_new
[14:04:35] [ITEM_SOLD]: RoroElPadre vendu 1 x Fishing Rod à  [unknown, Lure III, Unbreaking III] P2M2A2 pour 7,000.00 β le survie_new
[14:05:56] [ITEM_SOLD]: Christophe_ vendu 1 x Livre pour une création Légendaire à  gamerlenon pour 5,000.00 β le survie_new
[14:24:50] [ITEM_SOLD]: Bertrand vendu 4 x Emerald Block à  gamerlenon pour 2,500.00 β le survie_new
[14:24:53] [ITEM_SOLD]: LLIcocoman_Hrz vendu 2 x Emerald Block à  gamerlenon pour 1,000.00 β le survie_new
[14:58:28] [ITEM_LISTED]: LLIcocoman_Hrz vend 1 x Turtle Spawn Egg  pour 2,000.00β sur survie_new
[15:00:03] [ITEM_SOLD]: eric2a vendu 64 x Gold Block à  RoroElPadre pour 40,000.00 β le survie_new
[15:00:12] [ITEM_SOLD]: LLIcocoman_Hrz vendu 32 x Spruce Log à  RoroElPadre pour 100.00 β le survie_new
[15:10:16] [ITEM_SOLD]: SkyKnight60 vendu 64 x Scaffolding à  NPXX pour 300.00 β le survie_new
[15:27:10] [ITEM_LISTED]: LLIcocoman_Hrz vend 64 x Spruce Log  pour 500.00β sur survie_new
[15:27:55] [ITEM_LISTED]: LLIcocoman_Hrz vend 4 x Diamond  pour 400.00β sur survie_new
[15:49:12] [ITEM_CANCELLED]: LLIcocoman_Hrz annule la vente de 4x Diamond pour 400.00β sur survie_new
[15:49:19] [ITEM_RETURNED]: 4 x Diamond  renvoyé à LLIcocoman_Hrz le survie_new
[15:49:19] [ITEM_RETURNED]: 64 x Rotten Flesh  renvoyé à LLIcocoman_Hrz le survie_new
[15:49:19] [ITEM_RETURNED]: 1 x Golden Sword  renvoyé à LLIcocoman_Hrz le survie_new
[15:49:19] [ITEM_RETURNED]: 64 x Quartz Block  renvoyé à LLIcocoman_Hrz le survie_new
[16:16:35] [ITEM_CANCELLED]: Blazd annule la vente de 1x Enchanted Book pour 8,000.00β sur survie_new
[16:18:02] [ITEM_LISTED]: Blazd vend 1 x Enchanted Book  pour 15,000.00β sur survie_new
[16:18:09] [ITEM_LISTED]: Blazd vend 1 x Enchanted Book  pour 8,000.00β sur survie_new
[16:18:20] [ITEM_LISTED]: Blazd vend 1 x Enchanted Book  pour 6,000.00β sur survie_new
[16:18:25] [ITEM_LISTED]: Blazd vend 1 x Enchanted Book  pour 10,000.00β sur survie_new
[16:18:44] [ITEM_CANCELLED]: Blazd annule la vente de 1x Enchanted Book pour 8,000.00β sur survie_new
[16:18:45] [ITEM_SOLD]: Blazd vendu 1 x Enchanted Book à  eric2a pour 6,000.00 β le survie_new
[16:19:12] [ITEM_LISTED]: Blazd vend 1 x Enchanted Book  pour 6,000.00β sur survie_new
[16:20:12] [ITEM_LISTED]: Blazd vend 1 x Enchanted Book  pour 8,000.00β sur survie_new
[16:20:27] [ITEM_LISTED]: Blazd vend 1 x Enchanted Book  pour 10,000.00β sur survie_new
[16:21:16] [ITEM_LISTED]: Blazd vend 1 x Enchanted Book  pour 7,000.00β sur survie_new
[16:23:18] [ITEM_LISTED]: Blazd vend 1 x Enchanted Book  pour 8,000.00β sur survie_new
[16:23:43] [ITEM_CANCELLED]: Blazd annule la vente de 1x Enchanted Book pour 10,000.00β sur survie_new
[16:23:44] [ITEM_CANCELLED]: Blazd annule la vente de 1x Réduction prix livres selon grade : pour 100,000.00β sur survie_new
[16:23:45] [ITEM_CANCELLED]: Blazd annule la vente de 1x (°-°) pour 5,000.00β sur survie_new
[16:23:45] [ITEM_CANCELLED]: Blazd annule la vente de 1x Enchanted Book pour 8,000.00β sur survie_new
[16:23:46] [ITEM_CANCELLED]: Blazd annule la vente de 1x Enchanted Book pour 10,000.00β sur survie_new
[16:23:47] [ITEM_CANCELLED]: Blazd annule la vente de 1x Enchanted Book pour 12,000.00β sur survie_new
[16:23:48] [ITEM_CANCELLED]: Blazd annule la vente de 1x Enchanted Book pour 8,000.00β sur survie_new
[16:23:54] [ITEM_RETURNED]: 1 x Enchanted Book  renvoyé à Blazd le survie_new
[16:23:54] [ITEM_RETURNED]: 1 x Enchanted Book  renvoyé à Blazd le survie_new
[16:23:55] [ITEM_RETURNED]: 1 x Enchanted Book  renvoyé à Blazd le survie_new
[16:23:58] [ITEM_RETURNED]: 1 x Enchanted Book  renvoyé à Blazd le survie_new
[16:23:59] [ITEM_RETURNED]: 1 x (°-°)  renvoyé à Blazd le survie_new
[16:24:00] [ITEM_RETURNED]: 1 x Réduction prix livres selon grade :  renvoyé à Blazd le survie_new
[16:24:01] [ITEM_RETURNED]: 1 x Enchanted Book  renvoyé à Blazd le survie_new
[16:24:48] [ITEM_LISTED]: Blazd vend 1 x Réduction prix livres selon grade :  pour 100,000.00β sur survie_new
[16:24:54] [ITEM_LISTED]: Blazd vend 1 x Enchanted Book  pour 10,000.00β sur survie_new
[16:25:00] [ITEM_LISTED]: Blazd vend 1 x (°-°)  pour 6,000.00β sur survie_new
[16:25:11] [ITEM_LISTED]: Blazd vend 1 x Enchanted Book  pour 10,000.00β sur survie_new
[16:25:27] [ITEM_LISTED]: Blazd vend 1 x Enchanted Book  pour 9,000.00β sur survie_new
[16:25:37] [ITEM_LISTED]: Blazd vend 1 x Enchanted Book  pour 8,000.00β sur survie_new
[16:25:43] [ITEM_LISTED]: Blazd vend 1 x Enchanted Book  pour 6,000.00β sur survie_new
[17:33:59] [ITEM_CANCELLED]: RoroElPadre annule la vente de 1x §;§:Spawner à Araignée venimeuse 1x pour 15,000.00β sur survie_new
[17:34:01] [ITEM_RETURNED]: 1 x §;§:Spawner à Araignée venimeuse 1x  renvoyé à RoroElPadre le survie_new
[17:41:03] [ITEM_LISTED]: CouzVeBaton vend 64 x Turtle Egg  pour 128,000.00β sur survie_new
[17:59:36] [ITEM_SOLD]: LLIcocoman_Hrz vendu 64 x Spruce Log à  RoroElPadre pour 500.00 β le survie_new
[18:00:21] [ITEM_LISTED]: LLIcocoman_Hrz vend 64 x Spruce Log  pour 250.00β sur survie_new
[18:00:35] [ITEM_SOLD]: LLIcocoman_Hrz vendu 64 x Spruce Log à  RoroElPadre pour 250.00 β le survie_new
[18:00:58] [ITEM_LISTED]: LLIcocoman_Hrz vend 64 x Spruce Log  pour 250.00β sur survie_new
[18:01:06] [ITEM_SOLD]: LLIcocoman_Hrz vendu 64 x Spruce Log à  RoroElPadre pour 250.00 β le survie_new
[18:12:33] [ITEM_CANCELLED]: CouzVeBaton annule la vente de 64x Turtle Egg pour 128,000.00β sur survie_new
[18:12:50] [ITEM_RETURNED]: 64 x Turtle Egg  renvoyé à CouzVeBaton le survie_new
[18:43:50] [ITEM_LISTED]: pikatchou82 vend 1 x Enchanted Book  pour 8,000.00β sur survie_new
[18:44:05] [ITEM_LISTED]: pikatchou82 vend 1 x Enchanted Book  pour 8,000.00β sur survie_new
[18:44:12] [ITEM_LISTED]: pikatchou82 vend 1 x Enchanted Book  pour 8,000.00β sur survie_new
[18:46:04] [ITEM_LISTED]: pikatchou82 vend 1 x Enchanted Book  pour 5,000.00β sur survie_new
[18:46:07] [ITEM_LISTED]: pikatchou82 vend 1 x Enchanted Book  pour 5,000.00β sur survie_new
[18:46:10] [ITEM_LISTED]: pikatchou82 vend 1 x Enchanted Book  pour 5,000.00β sur survie_new
[18:46:13] [ITEM_LISTED]: pikatchou82 vend 1 x Enchanted Book  pour 5,000.00β sur survie_new
[18:46:16] [ITEM_LISTED]: pikatchou82 vend 1 x Enchanted Book  pour 5,000.00β sur survie_new
[18:46:19] [ITEM_LISTED]: pikatchou82 vend 1 x Enchanted Book  pour 5,000.00β sur survie_new
[18:46:21] [ITEM_LISTED]: pikatchou82 vend 1 x Enchanted Book  pour 5,000.00β sur survie_new
[18:54:49] [ITEM_LISTED]: RoroElPadre vend 1 x Enchanted Book  pour 3,000.00β sur survie_new
[18:54:57] [ITEM_LISTED]: RoroElPadre vend 1 x Enchanted Book  pour 3,000.00β sur survie_new
[18:55:00] [ITEM_LISTED]: RoroElPadre vend 1 x Enchanted Book  pour 3,000.00β sur survie_new
[18:55:04] [ITEM_LISTED]: RoroElPadre vend 1 x Enchanted Book  pour 3,000.00β sur survie_new
[19:10:13] [ITEM_LISTED]: LLIcocoman_Hrz vend 32 x Spruce Log  pour 200.00β sur survie_new
[19:10:21] [ITEM_SOLD]: LLIcocoman_Hrz vendu 32 x Spruce Log à  RoroElPadre pour 200.00 β le survie_new
[20:00:02] [ITEM_SOLD]: RoroElPadre vendu 1 x Diamond Pickaxe à  [Unbreaking III] Teklow pour 700.00 β le survie_new
[20:00:41] [ITEM_SOLD]: Bertrand vendu 1 x Music Disc Cat à  Teklow pour 200.00 β le survie_new
[20:06:27] [ITEM_LISTED]: LLIcocoman_Hrz vend 64 x Spruce Log  pour 500.00β sur survie_new
[20:06:29] [ITEM_LISTED]: LLIcocoman_Hrz vend 64 x Spruce Log  pour 500.00β sur survie_new
[20:06:34] [ITEM_LISTED]: LLIcocoman_Hrz vend 32 x Spruce Log  pour 250.00β sur survie_new
[21:29:48] [ITEM_LISTED]: LLIcocoman_Hrz vend 64 x Spruce Log  pour 500.00β sur survie_new
[21:30:07] [ITEM_RETURNED]: 1 x Saddle  renvoyé à Kaio_Beninou le survie_new
[21:30:21] [ITEM_LISTED]: Kaio_Beninou vend 1 x Saddle  pour 500.00β sur survie_new
[21:30:34] [ITEM_LISTED]: Kaio_Beninou vend 1 x Shulker Box  pour 5,000.00β sur survie_new
[21:52:41] [ITEM_SOLD]: Kaio_Beninou vendu 1 x Shulker Box à  pikatchou82 pour 5,000.00 β le survie_new
[22:21:17] [ITEM_CANCELLED]: LLIcocoman_Hrz annule la vente de 32x Spruce Log pour 250.00β sur survie_new
[22:21:27] [ITEM_RETURNED]: 32 x Spruce Log  renvoyé à LLIcocoman_Hrz le survie_new
[22:21:29] [ITEM_RETURNED]: 16 x Obsidian  renvoyé à LLIcocoman_Hrz le survie_new
[22:21:29] [ITEM_RETURNED]: 32 x Quartz Block  renvoyé à LLIcocoman_Hrz le survie_new
[22:21:29] [ITEM_RETURNED]: 32 x Quartz Block  renvoyé à LLIcocoman_Hrz le survie_new
[22:21:41] [ITEM_LISTED]: LLIcocoman_Hrz vend 64 x Spruce Log  pour 500.00β sur survie_new
[22:32:58] [ITEM_LISTED]: Stebanou vend 2 x §;§:Spawner à Araignée venimeuse 1x  pour 3,000.00β sur survie_new
[22:33:10] [ITEM_CANCELLED]: Stebanou annule la vente de 2x §;§:Spawner à Araignée venimeuse 1x pour 3,000.00β sur survie_new
[22:33:18] [ITEM_RETURNED]: 2 x §;§:Spawner à Araignée venimeuse 1x  renvoyé à Stebanou le survie_new
[22:33:33] [ITEM_LISTED]: Stebanou vend 2 x §;§:Spawner à Araignée venimeuse 1x  pour 5,000.00β sur survie_new
[22:41:17] [ITEM_SOLD]: LLIcocoman_Hrz vendu 64 x Spruce Log à  _Nesta pour 500.00 β le survie_new
[22:41:18] [ITEM_SOLD]: LLIcocoman_Hrz vendu 64 x Spruce Log à  _Nesta pour 500.00 β le survie_new
[22:42:50] [ITEM_CANCELLED]: LLIcocoman_Hrz annule la vente de 64x Spruce Log pour 500.00β sur survie_new
[22:42:51] [ITEM_CANCELLED]: LLIcocoman_Hrz annule la vente de 64x Spruce Log pour 500.00β sur survie_new
[22:42:59] [ITEM_RETURNED]: 64 x Spruce Log  renvoyé à LLIcocoman_Hrz le survie_new
[22:42:59] [ITEM_RETURNED]: 64 x Spruce Log  renvoyé à LLIcocoman_Hrz le survie_new
[22:43:04] [ITEM_LISTED]: LLIcocoman_Hrz vend 64 x Spruce Log  pour 200.00β sur survie_new
[22:43:07] [ITEM_LISTED]: LLIcocoman_Hrz vend 64 x Spruce Log  pour 200.00β sur survie_new
[23:03:27] [ITEM_CANCELLED]: Stebanou annule la vente de 2x §;§:Spawner à Araignée venimeuse 1x pour 5,000.00β sur survie_new
[23:03:28] [ITEM_RETURNED]: 2 x §;§:Spawner à Araignée venimeuse 1x  renvoyé à Stebanou le survie_new
[23:08:54] [ITEM_LISTED]: Stebanou vend 2 x §;§:Spawner à Arraigné 1x  pour 3,000.00β sur survie_new
[23:09:54] [ITEM_SOLD]: Blazd vendu 1 x Enchanted Book à  Stebanou pour 15,000.00 β le survie_new
[23:49:09] [ITEM_LISTED]: LLIcocoman_Hrz vend 64 x Quartz Block  pour 500.00β sur survie_new
