[00:00:00] [ITEM_LISTED]: thariaka listed 1x Enchanted Book for $1,000.00 on survie_new
[00:00:02] [ITEM_LISTED]: thariaka listed 1x Enchanted Book for $1,000.00 on survie_new
[08:55:36] [ITEM_SOLD]: ExE_MethyloR sold 1x Iron Pickaxe to  [Efficiency III, Mending, Silk Touch, Unbreaking III]ChatFemale for $500.00 on End
[08:57:50] [ITEM_SOLD]: mayte_ sold 1x Diamond Chestplate to ChatFemale for $150.00 on survie_new
[08:58:01] [ITEM_SOLD]: The_Wiz_D sold 2x Experience Bottle to ChatFemale for $50.00 on Ressource
[08:58:54] [ITEM_SOLD]: Haru_M sold 1x Iron Pickaxe to  [Efficiency IV, Silk Touch]ChatFemale for $200.00 on End
[08:59:07] [ITEM_SOLD]: Haru_M sold 1x Iron Sword to  [Sharpness IV, Sweeping Edge III]ChatFemale for $100.00 on survie_new
[08:59:11] [ITEM_SOLD]: thariaka sold 1x Iron Boots to  [Depth Strider III, Protection IV]ChatFemale for $500.00 on survie_new
[08:59:48] [ITEM_SOLD]: Kaam98 sold 1x Diamond Leggings to  [Blast Protection IV]ChatFemale for $600.00 on survie_new
[09:21:50] [ITEM_LISTED]: thariaka listed 2x Turtle Egg for $500.00 on survie_new
[10:07:03] [ITEM_LISTED]: The_Wiz_D listed 1x Diamond Pickaxe [Fortune II] for $500.00 on survie_new
[10:07:10] [ITEM_LISTED]: The_Wiz_D listed 1x Diamond Pickaxe [Efficiency III, Silk Touch, Unbreaking III] for $2,000.00 on survie_new
[10:46:17] [ITEM_LISTED]: The_Wiz_D listed 1x Saddle for $100.00 on Ressource
[10:51:30] [ITEM_LISTED]: The_Wiz_D listed 1x [Spider Spawner] for $2,500.00 on survie_new
[11:22:02] [ITEM_CANCELLED]: The_Wiz_D cancelled an auction for 1x [Cave spider Spawner] for $2,000.00 on survie_new
[11:22:04] [ITEM_RETURNED]: Returned 1x [Cave spider Spawner] to The_Wiz_D on survie_new
[11:26:47] [ITEM_SOLD]: Haru_M sold 64x Quartz Block to NewKiller31 for $1,000.00 on Ressource
[11:33:02] [ITEM_LISTED]: The_Wiz_D listed 1x Fiole d'expérience (Jettable) for $250.00 on survie_new
[11:39:31] [ITEM_LISTED]: The_Wiz_D listed 1x Iron Shovel [Efficiency I, Unbreaking I] for $100.00 on survie_new
[11:39:33] [ITEM_LISTED]: The_Wiz_D listed 1x Iron Axe [Efficiency I, Unbreaking I] for $100.00 on survie_new
[11:39:34] [ITEM_LISTED]: The_Wiz_D listed 1x Iron Pickaxe [Efficiency I, Unbreaking I] for $100.00 on survie_new
[11:39:37] [ITEM_LISTED]: The_Wiz_D listed 1x Iron Sword [Sharpness I, Unbreaking I] for $100.00 on survie_new
[11:39:41] [ITEM_LISTED]: The_Wiz_D listed 1x Leather Helmet [Protection II] for $100.00 on survie_new
[11:39:43] [ITEM_LISTED]: The_Wiz_D listed 1x Leather Chestplate [Protection II] for $100.00 on survie_new
[11:39:44] [ITEM_LISTED]: The_Wiz_D listed 1x Leather Leggings [Protection II] for $100.00 on survie_new
[11:39:46] [ITEM_LISTED]: The_Wiz_D listed 1x Leather Boots [Protection II] for $100.00 on survie_new
[11:41:19] [ITEM_LISTED]: The_Wiz_D listed 1x Diamond Sword [Sharpness III] for $500.00 on survie_new
[11:41:36] [ITEM_LISTED]: The_Wiz_D listed 1x Diamond Sword [Unbreaking III] for $500.00 on survie_new
[13:39:42] [ITEM_SOLD]: The_Wiz_D sold 1x Fiole d'expérience (Jettable) to Marie for $250.00 on survie_new
[13:39:54] [ITEM_SOLD]: Piltrax sold 1x Diamond Chestplate to  [Projectile Protection I]Marie for $100.00 on spawn
[13:40:09] [ITEM_SOLD]: Kaam98 sold 1x Diamond Chestplate to  [Unbreaking III]Marie for $700.00 on survie_new
[13:41:05] [ITEM_SOLD]: The_Wiz_D sold 1x Iron Sword to  [Sharpness I, Unbreaking I]Marie for $100.00 on survie_new
[14:53:58] [ITEM_SOLD]: thariaka sold 2x Turtle Egg to RKBouRiTo for $500.00 on survie_new
[16:35:52] [ITEM_SOLD]: Axernon sold 2x Emerald to Pseudal__ for $110.00 on spawn
[16:35:54] [ITEM_SOLD]: Axernon sold 2x Emerald to Pseudal__ for $110.00 on spawn
[16:35:55] [ITEM_SOLD]: Axernon sold 2x Emerald to Pseudal__ for $110.00 on spawn
[16:35:57] [ITEM_SOLD]: Axernon sold 2x Emerald to Pseudal__ for $1,100.00 on spawn
[16:35:58] [ITEM_SOLD]: Axernon sold 2x Emerald to Pseudal__ for $110.00 on spawn
[16:36:21] [ITEM_SOLD]: Hydrenoir sold 16x Ender Pearl to Pseudal__ for $1,040.00 on spawn
[16:36:39] [ITEM_SOLD]: Kaio_Beninou sold 64x Iron Ingot to Pseudal__ for $900.00 on survie_new
[16:36:41] [ITEM_SOLD]: Kaio_Beninou sold 64x Iron Ingot to Pseudal__ for $900.00 on survie_new
[16:39:19] [ITEM_SOLD]: Draiikow sold 1x Carrot On A Stick to jos807 for $15.00 on survie_new
[16:39:42] [ITEM_LISTED]: Pseudal__ listed 1x Ender Chest for $5,000.00 on survie_new
[16:39:47] [ITEM_SOLD]: Draiikow sold 1x Ominous Banner to jos807 for $250.00 on survie_new
[16:39:47] [ITEM_LISTED]: Pseudal__ listed 1x Ender Chest for $5,000.00 on survie_new
[16:39:53] [ITEM_LISTED]: Pseudal__ listed 1x Ender Chest for $5,000.00 on survie_new
[16:39:57] [ITEM_LISTED]: Pseudal__ listed 1x Ender Chest for $5,000.00 on survie_new
[16:40:03] [ITEM_SOLD]: D4rk_Wolf_07 sold 64x Cobweb to jos807 for $900.00 on Ressource
[16:40:03] [ITEM_LISTED]: Pseudal__ listed 1x Ender Chest for $5,000.00 on survie_new
[16:40:20] [ITEM_SOLD]: lonely_knight sold 1x Enchanted Book to jos807 for $5,000.00 on survie_new
[16:44:19] [ITEM_SOLD]: H_Caw sold 1x [Cat Spawner] to vincent234 for $5,000.00 on survie_new
[16:52:18] [ITEM_LISTED]: jos807 listed 5x [Cave spider Spawner] for $20,000.00 on spawn
[16:52:58] [ITEM_SOLD]: Kaam98 sold 1x Diamond Sword to  [Knockback II, Smite IV, Sweeping Edge III]jos807 for $550.00 on survie_new
[16:53:26] [ITEM_SOLD]: Kaam98 sold 1x Diamond Sword to  [Smite IV, Sweeping Edge III]jos807 for $500.00 on survie_new
[16:57:37] [ITEM_SOLD]: The_Wiz_D sold 1x Diamond Pickaxe to  [Silk Touch, Unbreaking III]LDM26 for $1,500.00 on survie_new
[16:59:14] [ITEM_SOLD]: thariaka sold 1x Enchanted Book to D4rk_Wolf_07 for $1,000.00 on survie_new
[16:59:33] [ITEM_SOLD]: The_Wiz_D sold 1x Diamond Pickaxe to  [Efficiency III, Silk Touch, Unbreaking III]D4rk_Wolf_07 for $2,000.00 on survie_new
[17:07:31] [ITEM_CANCELLED]: Kaio_Beninou cancelled an auction for 1x Ender Chest for $6,000.00 on survie_new
[17:07:44] [ITEM_CANCELLED]: Kaio_Beninou cancelled an auction for 3x Tnt for $600.00 on survie_new
[17:16:14] [ITEM_SOLD]: thariaka sold 16x Leather to LDM26 for $300.00 on survie_new
[17:31:14] [ITEM_CANCELLED]: Haru_M cancelled an auction for 3x [Blaze Spawner] for $10,000.00 on survie_new
[17:31:23] [ITEM_RETURNED]: Returned 3x [Blaze Spawner] to Haru_M on survie_new
[18:26:54] [ITEM_SOLD]: Haru_M sold 64x Quartz Block to jos807 for $1,000.00 on Ressource
[18:26:57] [ITEM_SOLD]: Haru_M sold 64x Quartz Block to jos807 for $1,000.00 on Ressource
[19:32:46] [ITEM_LISTED]: Pseudal__ listed 64x Clock for $1.00 on survie_new
[19:33:46] [ITEM_CANCELLED]: Pseudal__ cancelled an auction for 64x Clock for $1.00 on survie_new
[19:33:49] [ITEM_RETURNED]: Returned 64x Clock to Pseudal__ on survie_new
[19:43:18] [ITEM_LISTED]: CapitaineNiamor listed 1x Beacon for $15,000.00 on survie_new
[19:43:54] [ITEM_SOLD]: CapitaineNiamor sold 1x Beacon to omega2028 for $15,000.00 on survie_new
[19:58:48] [ITEM_CANCELLED]: jos807 cancelled an auction for 5x [Cave spider Spawner] for $20,000.00 on spawn
[19:59:07] [ITEM_RETURNED]: Returned 5x [Cave spider Spawner] to jos807 on spawn
[20:46:15] [ITEM_LISTED]: CapitaineNiamor listed 1x Totem Of Undying for $2,000.00 on survie_new
[20:46:22] [ITEM_LISTED]: CapitaineNiamor listed 1x [Cave spider Spawner] for $2,000.00 on survie_new
[20:46:24] [ITEM_LISTED]: CapitaineNiamor listed 1x [Cave spider Spawner] for $2,000.00 on survie_new
[20:48:59] [ITEM_LISTED]: Amaxet listed 64x Coal Block for $250.00 on survie_new
[20:49:07] [ITEM_LISTED]: Amaxet listed 64x Coal Block for $250.00 on survie_new
[20:49:09] [ITEM_LISTED]: Amaxet listed 64x Coal Block for $250.00 on survie_new
[20:49:11] [ITEM_LISTED]: Amaxet listed 64x Coal Block for $250.00 on survie_new
[20:50:17] [ITEM_SOLD]: Amaxet sold 64x Coal Block to OneGamingShow for $250.00 on survie_new
[20:50:38] [ITEM_SOLD]: Amaxet sold 64x Coal Block to OneGamingShow for $250.00 on survie_new
[20:50:49] [ITEM_SOLD]: Amaxet sold 64x Coal Block to OneGamingShow for $250.00 on survie_new
[20:54:20] [ITEM_LISTED]: OneGamingShow listed 64x Sugar Cane for $25.00 on survie_new
[20:54:23] [ITEM_SOLD]: OneGamingShow sold 64x Sugar Cane to Pseudal__ for $25.00 on survie_new
[21:04:51] [ITEM_CANCELLED]: CapitaineNiamor cancelled an auction for 1x Enchanted Book for $4,000.00 on survie_new
[21:05:08] [ITEM_RETURNED]: Returned 1x Enchanted Book to CapitaineNiamor on survie_new
[21:05:56] [ITEM_LISTED]: CapitaineNiamor listed 1x Ni-armor [Frost Walker II, Mending, Protection IV, Unbreaking II] for $7,500.00 on survie_new
[21:29:47] [ITEM_CANCELLED]: CapitaineNiamor cancelled an auction for 1x Ni-armor [Frost Walker II, Mending, Protection IV, Unbreaking II] for $7,500.00 on survie_new
[21:29:50] [ITEM_RETURNED]: Returned 1x Ni-armor [Frost Walker II, Mending, Protection IV, Unbreaking II] to CapitaineNiamor on survie_new
[21:30:10] [ITEM_LISTED]: CapitaineNiamor listed 1x Ni-armor [Frost Walker II, Mending, Protection IV, Unbreaking II] for $4,000.00 on survie_new
[21:34:02] [ITEM_LISTED]: CapitaineNiamor listed 1x Diamond Pickaxe [Efficiency IV, Mending, Silk Touch, Unbreaking III] for $7,000.00 on survie_new
[21:34:19] [ITEM_SOLD]: The_Wiz_D sold 1x Diamond Pickaxe to  [Efficiency IV, Unbreaking III]CapitaineNiamor for $2,000.00 on survie_new
[21:34:25] [ITEM_SOLD]: CapitaineNiamor sold 1x Diamond Pickaxe to  [Efficiency IV, Mending, Silk Touch, Unbreaking III]omega2028 for $7,000.00 on survie_new
[21:35:14] [ITEM_LISTED]: OneGamingShow listed 1x §U§C§I§;§U§t§;Oeuf de Bois for $1,000.00 on survie_new
[21:35:22] [ITEM_SOLD]: OneGamingShow sold 1x §U§C§I§;§U§t§;Oeuf de Bois to Pseudal__ for $1,000.00 on survie_new
[22:08:21] [ITEM_LISTED]: NewKiller31 listed 5x Dragon Breath for $500.00 on survie_new
[22:14:14] [ITEM_SOLD]: CapitaineNiamor sold 1x Ni-armor to  [Frost Walker II, Mending, Protection IV, Unbreaking II]D4rk_Wolf_07 for $4,000.00 on survie_new
[22:15:37] [ITEM_LISTED]: MatyoCraft listed 1x Diamond Chestplate [Projectile Protection I] for $100.00 on spawn
[22:16:02] [ITEM_LISTED]: MatyoCraft listed 1x Diamond Chestplate [Projectile Protection I] for $100.00 on spawn
[22:17:00] [ITEM_LISTED]: MatyoCraft listed 1x Diamond Chestplate [Protection I] for $100.00 on spawn
[22:17:15] [ITEM_LISTED]: MatyoCraft listed 1x Diamond Chestplate [Protection I] for $100.00 on spawn
[22:17:41] [ITEM_LISTED]: MatyoCraft listed 1x Diamond Chestplate [Projectile Protection I] for $100.00 on spawn
[22:17:48] [ITEM_LISTED]: MatyoCraft listed 1x Diamond Chestplate [Protection I] for $100.00 on spawn
[22:17:55] [ITEM_LISTED]: MatyoCraft listed 1x Diamond Chestplate [Projectile Protection I] for $100.00 on spawn
[22:18:04] [ITEM_LISTED]: MatyoCraft listed 1x Diamond Chestplate [Projectile Protection I] for $100.00 on spawn
[22:18:13] [ITEM_LISTED]: MatyoCraft listed 1x Diamond Chestplate [Protection I] for $100.00 on spawn
[22:18:20] [ITEM_LISTED]: MatyoCraft listed 1x Diamond Chestplate [Projectile Protection I] for $100.00 on spawn
[22:18:28] [ITEM_LISTED]: MatyoCraft listed 1x Diamond Chestplate [Unbreaking I] for $100.00 on spawn
[22:18:34] [ITEM_LISTED]: MatyoCraft listed 1x Diamond Chestplate [Protection I] for $100.00 on spawn
[22:18:47] [ITEM_LISTED]: MatyoCraft listed 1x Diamond Chestplate [Protection I] for $100.00 on spawn
[22:18:56] [ITEM_LISTED]: MatyoCraft listed 1x Diamond Chestplate [Projectile Protection I] for $100.00 on spawn
[22:19:02] [ITEM_LISTED]: MatyoCraft listed 1x Diamond Chestplate [Projectile Protection I] for $100.00 on spawn
[22:19:12] [ITEM_LISTED]: MatyoCraft listed 1x Diamond Chestplate [Blast Protection I, Unbreaking I] for $100.00 on spawn
[22:19:20] [ITEM_LISTED]: MatyoCraft listed 1x Diamond Chestplate [Protection I] for $100.00 on spawn
[22:19:33] [ITEM_LISTED]: MatyoCraft listed 1x Diamond Chestplate [Protection I] for $100.00 on spawn
[22:22:21] [ITEM_LISTED]: D4rk_Wolf_07 listed 32x Green Concrete for $500.00 on survie_new
[22:22:26] [ITEM_LISTED]: D4rk_Wolf_07 listed 32x Orange Concrete for $500.00 on survie_new
[22:30:26] [ITEM_LISTED]: Amaxet listed 1x Diamond Chestplate for $50.00 on survie_new
[22:30:29] [ITEM_LISTED]: Amaxet listed 1x Diamond Chestplate for $50.00 on survie_new
[22:30:46] [ITEM_LISTED]: Amaxet listed 1x Diamond Chestplate for $50.00 on survie_new
[22:30:48] [ITEM_LISTED]: Amaxet listed 1x Diamond Chestplate for $50.00 on survie_new
[22:30:49] [ITEM_LISTED]: Amaxet listed 1x Diamond Chestplate for $50.00 on survie_new
[22:30:51] [ITEM_LISTED]: Amaxet listed 1x Diamond Chestplate for $50.00 on survie_new
[22:30:53] [ITEM_LISTED]: Amaxet listed 1x Diamond Chestplate for $50.00 on survie_new
[22:30:55] [ITEM_LISTED]: Amaxet listed 1x Diamond Chestplate for $50.00 on survie_new
[22:30:56] [ITEM_LISTED]: Amaxet listed 1x Diamond Chestplate for $50.00 on survie_new
[22:30:58] [ITEM_LISTED]: Amaxet listed 1x Diamond Chestplate for $50.00 on survie_new
[22:30:59] [ITEM_LISTED]: Amaxet listed 1x Diamond Chestplate for $50.00 on survie_new
[22:36:16] [ITEM_SOLD]: NewKiller31 sold 5x Dragon Breath to Pseudal__ for $500.00 on survie_new
[22:37:18] [ITEM_LISTED]: GuiGuiPlay listed 1x Ghast Tear for $200.00 on spawn
[22:47:53] [ITEM_LISTED]: GuiGuiPlay listed 7x Experience Bottle for $300.00 on survie_new
[23:00:33] [ITEM_LISTED]: thariaka listed 1x Enchanted Golden Apple for $500.00 on survie_new
[23:00:35] [ITEM_LISTED]: The_Wiz_D listed 1x Diamond Pickaxe [Efficiency IV, Fortune II, Unbreaking III] for $2,000.00 on survie_new
[23:00:42] [ITEM_LISTED]: The_Wiz_D listed 1x Diamond Pickaxe [Unbreaking III] for $500.00 on survie_new
[23:18:51] [ITEM_SOLD]: thariaka sold 1x Enchanted Golden Apple to D4rk_Wolf_07 for $500.00 on survie_new
[23:31:58] [ITEM_LISTED]: lonely_knight listed 1x Enchanted Book for $3,000.00 on survie_new
[23:34:56] [ITEM_LISTED]: The_Wiz_D listed 1x Beacon for $80,000.00 on spawn
[23:44:15] [ITEM_CANCELLED]: The_Wiz_D cancelled an auction for 1x Beacon for $80,000.00 on spawn
[23:44:17] [ITEM_RETURNED]: Returned 1x Beacon to The_Wiz_D on spawn
[23:44:24] [ITEM_LISTED]: The_Wiz_D listed 1x Beacon for $100,000.00 on survie_new
[23:55:59] [ITEM_LISTED]: H_Caw listed 32x Porkchop for $200.00 on spawn
[23:56:09] [ITEM_CANCELLED]: H_Caw cancelled an auction for 32x Porkchop for $200.00 on spawn
[23:56:44] [ITEM_RETURNED]: Returned 32x Porkchop to H_Caw on spawn
[23:57:14] [ITEM_RETURNED]: Returned 16x Diamond to H_Caw on Survie
[23:57:16] [ITEM_RETURNED]: Returned 16x Diamond to H_Caw on spawn
[23:57:16] [ITEM_RETURNED]: Returned 16x Diamond to H_Caw on Survie
[23:57:37] [ITEM_RETURNED]: Returned 8x Iron Block to H_Caw on Survie
[23:57:37] [ITEM_RETURNED]: Returned 8x Iron Block to H_Caw on Survie
[23:57:38] [ITEM_RETURNED]: Returned 8x Iron Block to H_Caw on Survie
[23:57:38] [ITEM_RETURNED]: Returned 8x Iron Block to H_Caw on Survie
[23:58:06] [ITEM_RETURNED]: Returned 8x Lapis Block to H_Caw on Survie
[23:58:07] [ITEM_RETURNED]: Returned 8x Lapis Block to H_Caw on Survie
[23:58:08] [ITEM_RETURNED]: Returned 1x Saddle to H_Caw on Survie
[23:58:09] [ITEM_RETURNED]: Returned 1x Saddle to H_Caw on Survie
[23:58:09] [ITEM_RETURNED]: Returned 64x Oak Log to H_Caw on Survie
[23:58:10] [ITEM_RETURNED]: Returned 64x Oak Log to H_Caw on Survie
[23:58:10] [ITEM_RETURNED]: Returned 64x Oak Log to H_Caw on Survie
[23:58:10] [ITEM_RETURNED]: Returned 8x String to H_Caw on Survie
[23:58:11] [ITEM_RETURNED]: Returned 64x Oak Log to H_Caw on Survie
[23:58:11] [ITEM_RETURNED]: Returned 4x Obsidian to H_Caw on Survie
[23:58:12] [ITEM_RETURNED]: Returned 8x String to H_Caw on Survie
[23:58:12] [ITEM_RETURNED]: Returned 8x String to H_Caw on Survie
[23:58:13] [ITEM_RETURNED]: Returned 16x Black Glazed Terracotta to H_Caw on Survie
[23:58:13] [ITEM_RETURNED]: Returned 16x Black Glazed Terracotta to H_Caw on Survie
[23:58:14] [ITEM_RETURNED]: Returned 64x Birch Log to H_Caw on Survie
[23:58:14] [ITEM_RETURNED]: Returned 64x Birch Log to H_Caw on Survie
[23:58:14] [ITEM_RETURNED]: Returned 8x Nether Wart to H_Caw on Survie
[23:58:15] [ITEM_RETURNED]: Returned 8x Nether Wart to H_Caw on Survie
[23:58:15] [ITEM_RETURNED]: Returned 2x Pumpkin Seeds to H_Caw on Survie
[23:58:15] [ITEM_RETURNED]: Returned 2x Pumpkin Seeds to H_Caw on Survie
[23:58:16] [ITEM_RETURNED]: Returned 2x Melon Seeds to H_Caw on Survie
[23:58:16] [ITEM_RETURNED]: Returned 2x Melon Seeds to H_Caw on Survie
[23:58:17] [ITEM_RETURNED]: Returned 18x Dragon Breath to H_Caw on Survie
[23:58:18] [ITEM_RETURNED]: Returned 18x Dragon Breath to H_Caw on Survie
[23:58:18] [ITEM_RETURNED]: Returned 1x Music Disc Cat to H_Caw on Survie
[23:58:19] [ITEM_RETURNED]: Returned 16x Dragon Breath to H_Caw on world
