[00:38:07] [ITEM_SOLD]: Kaio_Beninou vendu 1 x Shulker Box à  Zarbikop pour 6,500.00 β le survie_new
[00:38:20] [ITEM_SOLD]: Kaio_Beninou vendu 10 x Ink Sac à  Zarbikop pour 500.00 β le survie_new
[01:36:12] [ITEM_SOLD]: P2M2A2 vendu 50 x Jukebox à  Rayan pour 150.00 β le survie_new
[01:36:27] [ITEM_LISTED]: Zarbikop vend 1 x Faux Rubis  pour 666.00β sur survie_new
[01:38:22] [ITEM_SOLD]: Solasis7 vendu 54 x Quartz Block à  Rayan pour 1,000.00 β le survie_new_nether
[01:38:51] [ITEM_LISTED]: Zarbikop vend 1 x J'suis Sean Kevin  pour 1,000.00β sur survie_new
[01:39:35] [ITEM_CANCELLED]: Zarbikop annule la vente de 1x Enchanted Book pour 1,500.00β sur survie_new
[01:39:38] [ITEM_RETURNED]: 1 x Enchanted Book  renvoyé à Zarbikop le survie_new
[02:18:28] [ITEM_SOLD]: Solasis7 vendu 42 x Quartz Block à  Rayan pour 500.00 β le survie_new
[10:23:06] [ITEM_LISTED]: Darinor_ vend 64 x End Stone Bricks  pour 50.00β sur survie_new_the_end
[10:23:09] [ITEM_LISTED]: Darinor_ vend 64 x Magenta Stained Glass  pour 50.00β sur survie_new_the_end
[10:23:15] [ITEM_LISTED]: Darinor_ vend 64 x End Stone Bricks  pour 50.00β sur survie_new_the_end
[12:48:52] [ITEM_SOLD]: RoroElPadre vendu 1 x Enchanted Book à  TheSolobaid pour 3,000.00 β le survie_new
[18:12:32] [ITEM_DROPPED]: Abandon de la vente Yohan81 expirée de 64 x String  pour 0.00β à leurs pieds le survie_new
[18:12:32] [ITEM_DROPPED]: Abandon de la vente Yohan81 expirée de 18 x String  pour 0.00β à leurs pieds le survie_new
[18:12:32] [ITEM_DROPPED]: Abandon de la vente Yohan81 expirée de 53 x Spider Eye  pour 0.00β à leurs pieds le survie_new
[18:12:32] [ITEM_DROPPED]: Abandon de la vente Yohan81 expirée de 64 x String  pour 0.00β à leurs pieds le survie_new
[18:12:32] [ITEM_DROPPED]: Abandon de la vente Yohan81 expirée de 64 x String  pour 0.00β à leurs pieds le survie_new
[18:12:32] [ITEM_DROPPED]: Abandon de la vente Yohan81 expirée de 56 x String  pour 0.00β à leurs pieds le survie_new
[18:16:07] [ITEM_SOLD]: OfCourse vendu 1 x Enchanted Book à  TheSolobaid pour 10.00 β le survie_new
[18:16:25] [ITEM_SOLD]: OfCourse vendu 1 x Enchanted Book à  TheSolobaid pour 10.00 β le survie_new
[18:17:19] [ITEM_SOLD]: pikatchou82 vendu 1 x Enchanted Book à  TheSolobaid pour 1,000.00 β le survie_new
[18:56:31] [ITEM_DROPPED]: Abandon de la vente Bertrand expirée de 1 x Experience Bottle  pour 0.00β à leurs pieds le survie_new
[18:56:31] [ITEM_DROPPED]: Abandon de la vente Bertrand expirée de 64 x Sugar Cane  pour 0.00β à leurs pieds le survie_new
[18:56:31] [ITEM_DROPPED]: Abandon de la vente Bertrand expirée de 64 x Sugar Cane  pour 0.00β à leurs pieds le survie_new
[18:56:31] [ITEM_DROPPED]: Abandon de la vente Bertrand expirée de 64 x Sugar Cane  pour 0.00β à leurs pieds le survie_new
[18:56:31] [ITEM_DROPPED]: Abandon de la vente Bertrand expirée de 32 x Scaffolding  pour 0.00β à leurs pieds le survie_new
[18:56:31] [ITEM_DROPPED]: Abandon de la vente Bertrand expirée de 64 x Cocoa Beans  pour 0.00β à leurs pieds le survie_new
[19:04:52] [ITEM_LISTED]: D3sTryk3 vend 2 x §;§:Spawner à Araignée venimeuse 1x  pour 6,500.00β sur survie_new
[19:05:41] [ITEM_RETURNED]: 64 x Sugar Cane  renvoyé à Bertrand le survie_new
[19:06:35] [ITEM_SOLD]: pikatchou82 vendu 1 x Enchanted Book à  Bertrand pour 1,000.00 β le survie_new
[19:13:06] [ITEM_LISTED]: D3sTryk3 vend 1 x §;§:Spawner à Arraigné 1x  pour 2,500.00β sur survie_new
[19:14:15] [ITEM_LISTED]: D3sTryk3 vend 1 x Iron Horse Armor  pour 300.00β sur survie_new
[19:14:27] [ITEM_LISTED]: D3sTryk3 vend 1 x Music Disc Cat  pour 1,000.00β sur survie_new
[19:18:43] [ITEM_CANCELLED]: Ekiliox annule la vente de 1x Iron Horse Armor pour 200.00β sur survie_new
[19:18:45] [ITEM_RETURNED]: 1 x Iron Horse Armor  renvoyé à Ekiliox le survie_new
[19:18:49] [ITEM_LISTED]: Ekiliox vend 1 x Iron Horse Armor  pour 150.00β sur survie_new
[19:31:05] [ITEM_SOLD]: D3sTryk3 vendu 2 x §;§:Spawner à Araignée venimeuse 1x à  RoroElPadre pour 6,500.00 β le survie_new
[19:32:07] [ITEM_LISTED]: D3sTryk3 vend 1 x §;§:Spawner à Zombie 1x  pour 4,000.00β sur survie_new
[19:48:06] [ITEM_SOLD]: D3sTryk3 vendu 1 x §;§:Spawner à Zombie 1x à  Zarbikop pour 4,000.00 β le survie_new
[19:51:07] [ITEM_LISTED]: D3sTryk3 vend 2 x §;§:Spawner à Araignée venimeuse 1x  pour 6,500.00β sur survie_new
[19:54:46] [ITEM_CANCELLED]: D3sTryk3 annule la vente de 1x §;§:Spawner à Arraigné 1x pour 2,500.00β sur survie_new
[19:54:49] [ITEM_CANCELLED]: D3sTryk3 annule la vente de 2x §;§:Spawner à Araignée venimeuse 1x pour 6,500.00β sur survie_new
[19:55:16] [ITEM_RETURNED]: 2 x §;§:Spawner à Araignée venimeuse 1x  renvoyé à D3sTryk3 le survie_new
[19:55:17] [ITEM_RETURNED]: 1 x §;§:Spawner à Arraigné 1x  renvoyé à D3sTryk3 le survie_new
[19:55:19] [ITEM_CANCELLED]: D3sTryk3 annule la vente de 1x Music Disc Cat pour 1,000.00β sur survie_new
[19:55:21] [ITEM_CANCELLED]: D3sTryk3 annule la vente de 6x Name Tag pour 3,000.00β sur survie_new
[19:55:22] [ITEM_LISTED]: CouzVeBaton vend 60 x Stone  pour 800,000.00β sur survie_new
[19:55:29] [ITEM_RETURNED]: 6 x Name Tag  renvoyé à D3sTryk3 le survie_new
[19:55:29] [ITEM_CANCELLED]: CouzVeBaton annule la vente de 60x Stone pour 800,000.00β sur survie_new
[19:55:30] [ITEM_RETURNED]: 1 x Music Disc Cat  renvoyé à D3sTryk3 le survie_new
[19:55:42] [ITEM_RETURNED]: 60 x Stone  renvoyé à CouzVeBaton le survie_new
[19:57:36] [ITEM_SOLD]: pikatchou82 vendu 1 x Enchanted Book à  PtitBiscuit55 pour 1,000.00 β le survie_new
[20:21:29] [ITEM_LISTED]: TheSolobaid vend 1 x Enchanted Book  pour 4,000.00β sur survie_new
[20:26:30] [ITEM_RETURNED]: 64 x Redstone Ore  renvoyé à Bertrand le survie_new
[21:26:17] [ITEM_CANCELLED]: Minebark annule la vente de 1x Enchanted Book pour 1,000.00β sur survie_new
[21:27:23] [ITEM_LISTED]: Minebark vend 1 x Saddle  pour 100.00β sur survie_new
[21:27:28] [ITEM_LISTED]: Minebark vend 1 x Saddle  pour 100.00β sur survie_new
[21:27:34] [ITEM_LISTED]: Minebark vend 1 x Saddle  pour 100.00β sur survie_new
[21:27:39] [ITEM_LISTED]: Minebark vend 1 x Saddle  pour 100.00β sur survie_new
[21:27:44] [ITEM_LISTED]: Minebark vend 1 x Saddle  pour 100.00β sur survie_new
[21:27:47] [ITEM_LISTED]: Minebark vend 1 x Saddle  pour 100.00β sur survie_new
[21:27:52] [ITEM_LISTED]: Minebark vend 1 x Saddle  pour 100.00β sur survie_new
[21:31:00] [ITEM_DROPPED]: Abandon de la vente amnotte expirée de 64 x Sugar Cane  pour 0.00β à leurs pieds le survie_new
[21:31:00] [ITEM_DROPPED]: Abandon de la vente amnotte expirée de 1 x Music Disc Cat  pour 0.00β à leurs pieds le survie_new
[21:31:00] [ITEM_DROPPED]: Abandon de la vente amnotte expirée de 1 x Music Disc 13  pour 0.00β à leurs pieds le survie_new
[21:31:00] [ITEM_DROPPED]: Abandon de la vente amnotte expirée de 1 x Cake  pour 0.00β à leurs pieds le survie_new
[21:31:00] [ITEM_DROPPED]: Abandon de la vente amnotte expirée de 1 x Cake  pour 0.00β à leurs pieds le survie_new
[21:31:00] [ITEM_DROPPED]: Abandon de la vente amnotte expirée de 1 x Cake  pour 0.00β à leurs pieds le survie_new
[21:31:00] [ITEM_DROPPED]: Abandon de la vente amnotte expirée de 1 x Cake  pour 0.00β à leurs pieds le survie_new
[21:31:00] [ITEM_DROPPED]: Abandon de la vente amnotte expirée de 1 x Cake  pour 0.00β à leurs pieds le survie_new
[21:31:00] [ITEM_DROPPED]: Abandon de la vente amnotte expirée de 64 x Sugar Cane  pour 0.00β à leurs pieds le survie_new
[21:31:00] [ITEM_DROPPED]: Abandon de la vente amnotte expirée de 64 x Sugar Cane  pour 0.00β à leurs pieds le survie_new
[21:31:00] [ITEM_DROPPED]: Abandon de la vente amnotte expirée de 64 x Sugar Cane  pour 0.00β à leurs pieds le survie_new
[21:31:00] [ITEM_DROPPED]: Abandon de la vente amnotte expirée de 48 x Sugar Cane  pour 0.00β à leurs pieds le survie_new
[21:31:00] [ITEM_DROPPED]: Abandon de la vente amnotte expirée de 61 x Melon  pour 0.00β à leurs pieds le survie_new
[21:34:33] [ITEM_SOLD]: Darinor_ vendu 64 x End Stone Bricks à  ketsumochi pour 50.00 β le survie_new_the_end
[21:34:35] [ITEM_SOLD]: Darinor_ vendu 64 x Magenta Stained Glass à  ketsumochi pour 50.00 β le survie_new_the_end
[21:34:36] [ITEM_SOLD]: Darinor_ vendu 64 x End Stone Bricks à  ketsumochi pour 50.00 β le survie_new_the_end
[21:35:26] [ITEM_SOLD]: Ekiliox vendu 54 x Melon Slice à  ketsumochi pour 15.00 β le survie_new
[21:35:43] [ITEM_SOLD]: TheSolobaid vendu 64 x Jungle Log à  ketsumochi pour 300.00 β le survie_new
[21:37:26] [ITEM_CANCELLED]: Bertrand annule la vente de 64x Blue Ice pour 5,000.00β sur survie_new
[21:37:45] [ITEM_RETURNED]: 64 x Blue Ice  renvoyé à Bertrand le survie_new
[21:37:46] [ITEM_RETURNED]: 64 x White Wool  renvoyé à Bertrand le survie_new
[21:37:58] [ITEM_LISTED]: Bertrand vend 64 x Blue Ice  pour 2,000.00β sur survie_new
[21:38:06] [ITEM_LISTED]: Bertrand vend 64 x White Wool  pour 400.00β sur survie_new
[21:53:31] [ITEM_CANCELLED]: Bertrand annule la vente de 64x White Wool pour 400.00β sur survie_new
[21:53:39] [ITEM_RETURNED]: 64 x White Wool  renvoyé à Bertrand le survie_new
[22:01:14] [ITEM_LISTED]: Toryar vend 1 x Christmas Calendar Present  pour 100,000.00β sur survie_new
[22:31:35] [ITEM_RETURNED]: 64 x Jukebox  renvoyé à CouzVeBaton le survie_new
[22:31:35] [ITEM_RETURNED]: 64 x Jukebox  renvoyé à CouzVeBaton le survie_new
[22:31:35] [ITEM_RETURNED]: 64 x Jukebox  renvoyé à CouzVeBaton le survie_new
[22:31:35] [ITEM_RETURNED]: 64 x Jukebox  renvoyé à CouzVeBaton le survie_new
[22:31:35] [ITEM_RETURNED]: 64 x Jukebox  renvoyé à CouzVeBaton le survie_new
[22:31:35] [ITEM_RETURNED]: 64 x Jukebox  renvoyé à CouzVeBaton le survie_new
[22:31:35] [ITEM_RETURNED]: 64 x Jukebox  renvoyé à CouzVeBaton le survie_new
[22:31:35] [ITEM_RETURNED]: 64 x Jukebox  renvoyé à CouzVeBaton le survie_new
[22:31:35] [ITEM_RETURNED]: 64 x Jukebox  renvoyé à CouzVeBaton le survie_new
[22:31:35] [ITEM_RETURNED]: 64 x Jukebox  renvoyé à CouzVeBaton le survie_new
[22:31:35] [ITEM_RETURNED]: 64 x Jukebox  renvoyé à CouzVeBaton le survie_new
[22:31:36] [ITEM_RETURNED]: 64 x Jukebox  renvoyé à CouzVeBaton le survie_new
[22:31:36] [ITEM_RETURNED]: 64 x Jukebox  renvoyé à CouzVeBaton le survie_new
[22:31:36] [ITEM_RETURNED]: 64 x Jukebox  renvoyé à CouzVeBaton le survie_new
[22:31:36] [ITEM_RETURNED]: 64 x Jukebox  renvoyé à CouzVeBaton le survie_new
[22:31:36] [ITEM_RETURNED]: 64 x Jukebox  renvoyé à CouzVeBaton le survie_new
[22:31:36] [ITEM_RETURNED]: 64 x Jukebox  renvoyé à CouzVeBaton le survie_new
[22:31:36] [ITEM_RETURNED]: 64 x Jukebox  renvoyé à CouzVeBaton le survie_new
[22:31:36] [ITEM_RETURNED]: 64 x Jukebox  renvoyé à CouzVeBaton le survie_new
[22:31:36] [ITEM_RETURNED]: 64 x Jukebox  renvoyé à CouzVeBaton le survie_new
[22:31:36] [ITEM_RETURNED]: 64 x Jukebox  renvoyé à CouzVeBaton le survie_new
[22:31:36] [ITEM_RETURNED]: 64 x Jukebox  renvoyé à CouzVeBaton le survie_new
[22:31:36] [ITEM_RETURNED]: 64 x Jukebox  renvoyé à CouzVeBaton le survie_new
[22:31:36] [ITEM_RETURNED]: 64 x Jukebox  renvoyé à CouzVeBaton le survie_new
[22:31:37] [ITEM_RETURNED]: 64 x Jukebox  renvoyé à CouzVeBaton le survie_new
[22:31:37] [ITEM_RETURNED]: 64 x Jukebox  renvoyé à CouzVeBaton le survie_new
[22:31:37] [ITEM_RETURNED]: 64 x Jukebox  renvoyé à CouzVeBaton le survie_new
[22:31:37] [ITEM_RETURNED]: 64 x Jukebox  renvoyé à CouzVeBaton le survie_new
[22:31:37] [ITEM_RETURNED]: 64 x Jukebox  renvoyé à CouzVeBaton le survie_new
[22:31:37] [ITEM_RETURNED]: 64 x Jukebox  renvoyé à CouzVeBaton le survie_new
[22:31:37] [ITEM_RETURNED]: 64 x Jukebox  renvoyé à CouzVeBaton le survie_new
[22:31:37] [ITEM_RETURNED]: 64 x Jukebox  renvoyé à CouzVeBaton le survie_new
[22:31:37] [ITEM_RETURNED]: 64 x Jukebox  renvoyé à CouzVeBaton le survie_new
[22:31:37] [ITEM_RETURNED]: 64 x Jukebox  renvoyé à CouzVeBaton le survie_new
[22:31:37] [ITEM_RETURNED]: 64 x Jukebox  renvoyé à CouzVeBaton le survie_new
[22:31:37] [ITEM_RETURNED]: 64 x Jukebox  renvoyé à CouzVeBaton le survie_new
[22:31:37] [ITEM_RETURNED]: 64 x Jukebox  renvoyé à CouzVeBaton le survie_new
[22:31:37] [ITEM_RETURNED]: 64 x Jukebox  renvoyé à CouzVeBaton le survie_new
[22:31:37] [ITEM_RETURNED]: 64 x Jukebox  renvoyé à CouzVeBaton le survie_new
[22:31:38] [ITEM_RETURNED]: 64 x Jukebox  renvoyé à CouzVeBaton le survie_new
[22:31:38] [ITEM_RETURNED]: 64 x Jukebox  renvoyé à CouzVeBaton le survie_new
[22:31:38] [ITEM_RETURNED]: 64 x Jukebox  renvoyé à CouzVeBaton le survie_new
[22:31:38] [ITEM_RETURNED]: 64 x Jukebox  renvoyé à CouzVeBaton le survie_new
[22:31:38] [ITEM_RETURNED]: 64 x Jukebox  renvoyé à CouzVeBaton le survie_new
[22:31:38] [ITEM_RETURNED]: 64 x Jukebox  renvoyé à CouzVeBaton le survie_new
[22:31:38] [ITEM_RETURNED]: 64 x Jukebox  renvoyé à CouzVeBaton le survie_new
[22:31:38] [ITEM_RETURNED]: 64 x Jukebox  renvoyé à CouzVeBaton le survie_new
[22:31:38] [ITEM_RETURNED]: 64 x Jukebox  renvoyé à CouzVeBaton le survie_new
[22:31:38] [ITEM_RETURNED]: 64 x Jukebox  renvoyé à CouzVeBaton le survie_new
[22:31:38] [ITEM_RETURNED]: 64 x Jukebox  renvoyé à CouzVeBaton le survie_new
[22:31:38] [ITEM_RETURNED]: 64 x Jukebox  renvoyé à CouzVeBaton le survie_new
[22:31:38] [ITEM_RETURNED]: 64 x Jukebox  renvoyé à CouzVeBaton le survie_new
[22:31:38] [ITEM_RETURNED]: 64 x Jukebox  renvoyé à CouzVeBaton le survie_new
[22:31:39] [ITEM_RETURNED]: 64 x Jukebox  renvoyé à CouzVeBaton le survie_new
[22:31:39] [ITEM_RETURNED]: 64 x Jukebox  renvoyé à CouzVeBaton le survie_new
[22:31:39] [ITEM_RETURNED]: 64 x Jukebox  renvoyé à CouzVeBaton le survie_new
[22:31:39] [ITEM_RETURNED]: 64 x Jukebox  renvoyé à CouzVeBaton le survie_new
[22:31:39] [ITEM_RETURNED]: 64 x Jukebox  renvoyé à CouzVeBaton le survie_new
[22:31:39] [ITEM_RETURNED]: 64 x Jukebox  renvoyé à CouzVeBaton le survie_new
[22:31:39] [ITEM_RETURNED]: 64 x Jukebox  renvoyé à CouzVeBaton le survie_new
[22:31:39] [ITEM_RETURNED]: 64 x Jukebox  renvoyé à CouzVeBaton le survie_new
[22:31:39] [ITEM_RETURNED]: 64 x Jukebox  renvoyé à CouzVeBaton le survie_new
[22:31:39] [ITEM_RETURNED]: 64 x Jukebox  renvoyé à CouzVeBaton le survie_new
[22:31:39] [ITEM_RETURNED]: 64 x Jukebox  renvoyé à CouzVeBaton le survie_new
[22:31:39] [ITEM_RETURNED]: 64 x Jukebox  renvoyé à CouzVeBaton le survie_new
[22:43:43] [ITEM_LISTED]: Stebanou vend 1 x Music Disc Ward  pour 3,000.00β sur survie_new
[22:43:53] [ITEM_LISTED]: Stebanou vend 1 x Music Disc Blocks  pour 3,000.00β sur survie_new
[22:57:53] [ITEM_LISTED]: Zarbikop vend 1 x Written Book  pour 1,000.00β sur survie_new
[23:00:59] [ITEM_LISTED]: Stebanou vend 1 x Music Disc Blocks  pour 2,000.00β sur survie_new
[23:07:10] [ITEM_LISTED]: Stebanou vend 1 x Enchanted Book  pour 1.00β sur survie_new
[23:08:20] [ITEM_CANCELLED]: Stebanou annule la vente de 1x Enchanted Book pour 1.00β sur survie_new
[23:08:22] [ITEM_RETURNED]: 1 x Enchanted Book  renvoyé à Stebanou le survie_new
[23:13:15] [ITEM_DROPPED]: Abandon de la vente k0ru expirée de 1 x Enchanted Book  pour 0.00β à leurs pieds le survie_new
[23:13:15] [ITEM_DROPPED]: Abandon de la vente k0ru expirée de 1 x Enchanted Book  pour 0.00β à leurs pieds le survie_new
[23:13:15] [ITEM_DROPPED]: Abandon de la vente k0ru expirée de 1 x Enchanted Book  pour 0.00β à leurs pieds le survie_new
[23:13:15] [ITEM_DROPPED]: Abandon de la vente k0ru expirée de 1 x Enchanted Book  pour 0.00β à leurs pieds le survie_new
[23:13:15] [ITEM_DROPPED]: Abandon de la vente k0ru expirée de 1 x Enchanted Book  pour 0.00β à leurs pieds le survie_new
[23:13:15] [ITEM_DROPPED]: Abandon de la vente k0ru expirée de 1 x Enchanted Book  pour 0.00β à leurs pieds le survie_new
[23:13:15] [ITEM_DROPPED]: Abandon de la vente k0ru expirée de 1 x Enchanted Book  pour 0.00β à leurs pieds le survie_new
[23:13:15] [ITEM_DROPPED]: Abandon de la vente k0ru expirée de 1 x Enchanted Book  pour 0.00β à leurs pieds le survie_new
[23:13:15] [ITEM_DROPPED]: Abandon de la vente k0ru expirée de 1 x Enchanted Book  pour 0.00β à leurs pieds le survie_new
[23:28:53] [ITEM_LISTED]: Stebanou vend 1 x §;§:Spawner à Araignée venimeuse 1x  pour 5,000.00β sur survie_new
[23:47:01] [ITEM_LISTED]: Stebanou vend 1 x Music Disc Wait  pour 2,000.00β sur survie_new
