[00:06:19] [ITEM_SOLD]: AzodFR sold 1x Potion to Jarreshan for $10.00 on survie_new
[00:28:26] [ITEM_LISTED]: Jarreshan listed 1x le gros gland de AzodFR [Fire Aspect II, Looting II, Sharpness V, Unbreaking III] for $10,000.00 on survie_new
[00:29:57] [ITEM_SOLD]: AzodFR sold 1x Potion to Newt_hp for $10.00 on survie_new
[00:29:59] [ITEM_SOLD]: AzodFR sold 1x Potion to Newt_hp for $10.00 on survie_new
[00:30:00] [ITEM_SOLD]: AzodFR sold 1x Potion to Newt_hp for $10.00 on survie_new
[00:30:01] [ITEM_SOLD]: AzodFR sold 1x Potion to Newt_hp for $10.00 on survie_new
[00:30:02] [ITEM_SOLD]: AzodFR sold 1x Potion to Newt_hp for $10.00 on survie_new
[00:30:03] [ITEM_SOLD]: AzodFR sold 1x Potion to Newt_hp for $10.00 on survie_new
[00:30:04] [ITEM_SOLD]: AzodFR sold 1x Potion to Newt_hp for $10.00 on survie_new
[00:30:05] [ITEM_SOLD]: AzodFR sold 1x Potion to Newt_hp for $10.00 on survie_new
[00:30:06] [ITEM_SOLD]: AzodFR sold 1x Potion to Newt_hp for $10.00 on survie_new
[00:30:07] [ITEM_SOLD]: AzodFR sold 1x Potion to Newt_hp for $10.00 on survie_new
[00:30:23] [ITEM_CANCELLED]: Newt_hp cancelled an auction for 3x Emerald Block for $5,000.00 on survie_new
[00:30:24] [ITEM_CANCELLED]: Newt_hp cancelled an auction for 64x Lapis Block for $2,500.00 on survie_new
[00:30:25] [ITEM_CANCELLED]: Newt_hp cancelled an auction for 64x Coal Block for $2,000.00 on survie_new
[00:30:25] [ITEM_CANCELLED]: Newt_hp cancelled an auction for 64x Redstone Block for $2,000.00 on survie_new
[00:30:55] [ITEM_RETURNED]: Returned 3x Emerald Block to Newt_hp on survie_new
[00:30:56] [ITEM_RETURNED]: Returned 64x Lapis Block to Newt_hp on survie_new
[00:30:57] [ITEM_RETURNED]: Returned 64x Coal Block to Newt_hp on survie_new
[00:30:57] [ITEM_RETURNED]: Returned 64x Redstone Block to Newt_hp on survie_new
[00:32:50] [ITEM_LISTED]: Fr3nCh_CraFt listed 1x Enchanted Book for $1,200.00 on survie_new
[00:33:51] [ITEM_LISTED]: Fr3nCh_CraFt listed 1x Fishing Rod [unknown, Mending, Unbreaking III] for $4,000.00 on survie_new
[00:37:50] [ITEM_SOLD]: AzodFR sold 1x Potion to Xylophast for $10.00 on survie_new
[00:37:51] [ITEM_SOLD]: AzodFR sold 1x Potion to Xylophast for $10.00 on survie_new
[00:37:52] [ITEM_SOLD]: AzodFR sold 1x Potion to Xylophast for $10.00 on survie_new
[00:37:53] [ITEM_SOLD]: AzodFR sold 1x Potion to Xylophast for $10.00 on survie_new
[00:37:55] [ITEM_SOLD]: AzodFR sold 1x Potion to Xylophast for $10.00 on survie_new
[00:37:56] [ITEM_SOLD]: AzodFR sold 1x Potion to Xylophast for $10.00 on survie_new
[00:56:13] [ITEM_SOLD]: AzodFR sold 1x Potion to k0ru for $10.00 on survie_new
[00:56:30] [ITEM_SOLD]: AzodFR sold 1x Potion to k0ru for $10.00 on survie_new
[01:02:38] [ITEM_LISTED]: Newt_hp listed 1x Diamond Pickaxe [Fortune II] for $1,500.00 on survie_new
[01:21:13] [ITEM_CANCELLED]: RazerJojo cancelled an auction for 1x Enchanted Book for $1,000.00 on survie_new
[01:21:15] [ITEM_RETURNED]: Returned 1x Enchanted Book to RazerJojo on survie_new
[01:24:56] [ITEM_CANCELLED]: RazerJojo cancelled an auction for 1x Diamond Pickaxe [Silk Touch] for $1,999.00 on survie_new
[01:24:57] [ITEM_RETURNED]: Returned 1x Diamond Pickaxe [Silk Touch] to RazerJojo on survie_new
[01:32:33] [ITEM_SOLD]: AzodFR sold 1x Potion to MaloZazina for $10.00 on survie_new
[01:32:44] [ITEM_SOLD]: AzodFR sold 1x Potion to MaloZazina for $10.00 on survie_new
[01:33:41] [ITEM_LISTED]: AzodFR listed 1x Potion for $10.00 on survie_new
[01:33:44] [ITEM_LISTED]: AzodFR listed 1x Potion for $10.00 on survie_new
[01:33:44] [ITEM_LISTED]: AzodFR listed 1x Potion for $10.00 on survie_new
[01:33:45] [ITEM_LISTED]: AzodFR listed 1x Potion for $10.00 on survie_new
[01:33:47] [ITEM_LISTED]: AzodFR listed 1x Potion for $10.00 on survie_new
[01:33:49] [ITEM_LISTED]: AzodFR listed 1x Potion for $10.00 on survie_new
[01:33:50] [ITEM_LISTED]: AzodFR listed 1x Potion for $10.00 on survie_new
[01:33:51] [ITEM_LISTED]: AzodFR listed 1x Potion for $10.00 on survie_new
[01:33:52] [ITEM_LISTED]: AzodFR listed 1x Potion for $10.00 on survie_new
[01:34:05] [ITEM_LISTED]: AzodFR listed 1x Potion for $10.00 on survie_new
[01:34:06] [ITEM_LISTED]: AzodFR listed 1x Potion for $10.00 on survie_new
[01:34:08] [ITEM_LISTED]: AzodFR listed 1x Potion for $10.00 on survie_new
[01:34:09] [ITEM_LISTED]: AzodFR listed 1x Potion for $10.00 on survie_new
[01:34:10] [ITEM_LISTED]: AzodFR listed 1x Potion for $10.00 on survie_new
[01:34:11] [ITEM_LISTED]: AzodFR listed 1x Potion for $10.00 on survie_new
[01:34:12] [ITEM_LISTED]: AzodFR listed 1x Potion for $10.00 on survie_new
[01:34:14] [ITEM_LISTED]: AzodFR listed 1x Potion for $10.00 on survie_new
[01:34:15] [ITEM_LISTED]: AzodFR listed 1x Potion for $10.00 on survie_new
[01:34:25] [ITEM_LISTED]: AzodFR listed 1x Potion for $10.00 on survie_new
[01:34:26] [ITEM_LISTED]: AzodFR listed 1x Potion for $10.00 on survie_new
[01:34:27] [ITEM_LISTED]: AzodFR listed 1x Potion for $10.00 on survie_new
[01:38:41] [ITEM_SOLD]: AzodFR sold 1x Potion to k0ru for $10.00 on survie_new
[01:38:43] [ITEM_SOLD]: AzodFR sold 1x Potion to k0ru for $10.00 on survie_new
[01:40:22] [ITEM_LISTED]: AzodFR listed 1x Potion for $10.00 on survie_new
[01:40:24] [ITEM_LISTED]: AzodFR listed 1x Potion for $10.00 on survie_new
[01:44:54] [ITEM_SOLD]: AzodFR sold 1x Potion to MaloZazina for $10.00 on survie_new
[01:45:01] [ITEM_LISTED]: AzodFR listed 64x Cooked Porkchop for $150.00 on survie_new
[01:45:07] [ITEM_SOLD]: AzodFR sold 64x Cooked Porkchop to MaloZazina for $150.00 on survie_new
[01:45:43] [ITEM_LISTED]: AzodFR listed 1x Potion for $10.00 on survie_new
[02:08:03] [ITEM_SOLD]: AzodFR sold 1x Potion to RazerJojo for $10.00 on survie_new
[02:08:18] [ITEM_SOLD]: AzodFR sold 1x Potion to RazerJojo for $10.00 on survie_new
[02:08:21] [ITEM_SOLD]: AzodFR sold 1x Potion to RazerJojo for $10.00 on survie_new
[02:13:23] [ITEM_SOLD]: LukasLemaire09 sold 12x Blaze Rod to RazerJojo for $200.00 on survie_new
[08:20:16] [ITEM_SOLD]: Cyborg_10_000 sold 2x Slime Ball to pierro for $100.00 on spawn
[10:14:46] [ITEM_SOLD]: AzodFR sold 1x Potion to Xylophast for $10.00 on survie_new
[10:14:47] [ITEM_SOLD]: AzodFR sold 1x Potion to Xylophast for $10.00 on survie_new
[10:14:48] [ITEM_SOLD]: AzodFR sold 1x Potion to Xylophast for $10.00 on survie_new
[10:14:49] [ITEM_SOLD]: AzodFR sold 1x Potion to Xylophast for $10.00 on survie_new
[10:14:49] [ITEM_SOLD]: AzodFR sold 1x Potion to Xylophast for $10.00 on survie_new
[10:14:50] [ITEM_SOLD]: AzodFR sold 1x Potion to Xylophast for $10.00 on survie_new
[10:22:57] [ITEM_LISTED]: The_Wiz_D listed 1x Diamond Pickaxe [Efficiency V, Silk Touch, Unbreaking III] for $5,000.00 on survie_new
[10:23:08] [ITEM_SOLD]: AzodFR sold 1x Potion to Birmioh for $10.00 on survie_new
[10:23:45] [ITEM_SOLD]: AzodFR sold 1x Potion to KikaLaBrikol for $10.00 on survie_new
[10:25:31] [ITEM_SOLD]: jimzp sold 1x Fishing Rod to  [Mending]Birmioh for $1,350.00 on survie_new
[10:26:41] [ITEM_SOLD]: REGDYLAN sold 1x [Zombie Spawner] to KikaLaBrikol for $2,000.00 on survie_new
[10:30:22] [ITEM_SOLD]: CapitaineNiamor sold 1x Saddle to Birmioh for $50.00 on survie_new
[10:30:25] [ITEM_SOLD]: CapitaineNiamor sold 1x Diamond Horse Armor to Birmioh for $200.00 on survie_new
[10:35:12] [ITEM_SOLD]: AzodFR sold 1x Potion to KikaLaBrikol for $10.00 on survie_new
[10:35:41] [ITEM_SOLD]: AzodFR sold 1x Potion to KikaLaBrikol for $10.00 on survie_new
[10:40:26] [ITEM_SOLD]: Oniah sold 1x Saddle to Birmioh for $25.00 on spawn
[11:12:56] [ITEM_LISTED]: The_Wiz_D listed 1x Diamond Pickaxe [Efficiency V, Fortune III, Unbreaking III] for $5,000.00 on survie_new
[11:12:58] [ITEM_LISTED]: The_Wiz_D listed 1x Diamond Pickaxe [Efficiency V, Fortune III, Unbreaking III] for $5,000.00 on survie_new
[11:13:06] [ITEM_RETURNED]: Returned 1x Enchanted Book to The_Wiz_D on survie_new
[11:13:08] [ITEM_RETURNED]: Returned 1x Enchanted Book to The_Wiz_D on survie_new
[11:13:08] [ITEM_RETURNED]: Returned 1x Enchanted Book to The_Wiz_D on survie_new
[11:13:12] [ITEM_LISTED]: The_Wiz_D listed 1x Enchanted Book for $500.00 on survie_new
[11:13:15] [ITEM_LISTED]: The_Wiz_D listed 1x Enchanted Book for $500.00 on survie_new
[11:13:17] [ITEM_LISTED]: The_Wiz_D listed 1x Enchanted Book for $500.00 on survie_new
[11:17:30] [ITEM_SOLD]: Oniah sold 1x Saddle to Birmioh for $25.00 on spawn
[11:22:00] [ITEM_SOLD]: Oniah sold 1x Saddle to KikaLaBrikol for $25.00 on spawn
[11:26:13] [ITEM_SOLD]: AzodFR sold 1x Potion to KikaLaBrikol for $10.00 on survie_new
[11:26:16] [ITEM_SOLD]: AzodFR sold 1x Potion to KikaLaBrikol for $10.00 on survie_new
[11:26:21] [ITEM_SOLD]: AzodFR sold 1x Potion to KikaLaBrikol for $10.00 on survie_new
[11:26:28] [ITEM_SOLD]: AzodFR sold 1x Potion to Birmioh for $10.00 on survie_new
[12:15:38] [ITEM_SOLD]: Haru_M sold 1x Enchanted Book to aidan for $2,800.00 on survie_new
[12:15:40] [ITEM_SOLD]: Haru_M sold 1x Enchanted Book to aidan for $2,800.00 on survie_new
[12:15:42] [ITEM_SOLD]: Haru_M sold 1x Enchanted Book to aidan for $2,800.00 on survie_new
[12:15:45] [ITEM_SOLD]: Haru_M sold 1x Enchanted Book to aidan for $2,800.00 on survie_new
[12:15:47] [ITEM_SOLD]: Haru_M sold 1x Enchanted Book to aidan for $2,800.00 on survie_new
[12:19:16] [ITEM_SOLD]: DVTspyce sold 64x Wheat to Birmioh for $100.00 on spawn
[12:48:01] [ITEM_SOLD]: T_TRO_NUL sold 64x Packed Ice to Birmioh for $1,000.00 on Ressource
[12:54:56] [ITEM_RETURNED]: Returned 11x Wheat Seeds to pierro on survie_new
[12:54:56] [ITEM_RETURNED]: Returned 1x Diamond to pierro on survie_new
[12:55:38] [ITEM_RETURNED]: Returned 1x Diamond Boots [Depth Strider III, Protection IV, Unbreaking III] to Haru_M on survie_new
[12:55:38] [ITEM_RETURNED]: Returned 1x Diamond Leggings [Fire Protection IV, Mending, Unbreaking III] to Haru_M on survie_new
[12:55:38] [ITEM_RETURNED]: Returned 1x Diamond Chestplate [Fire Protection IV, Unbreaking III] to Haru_M on survie_new
[12:55:38] [ITEM_RETURNED]: Returned 64x Mycelium to Haru_M on Ressource
[12:55:38] [ITEM_RETURNED]: Returned 5x Heart Of The Sea to Haru_M on survie_new
[12:55:38] [ITEM_RETURNED]: Returned 5x Heart Of The Sea to Haru_M on survie_new
[12:55:38] [ITEM_RETURNED]: Returned 64x Mycelium to Haru_M on Ressource
[12:55:38] [ITEM_RETURNED]: Returned 64x Mycelium to Haru_M on Ressource
[12:55:38] [ITEM_RETURNED]: Returned 64x Mycelium to Haru_M on Ressource
[12:55:38] [ITEM_RETURNED]: Returned 64x Mycelium to Haru_M on Ressource
[12:55:38] [ITEM_RETURNED]: Returned 64x Iron Block to Haru_M on survie_new
[12:55:38] [ITEM_RETURNED]: Returned 5x Dragon Breath to Haru_M on survie_new
[12:55:38] [ITEM_RETURNED]: Returned 1x Iron Shovel [Efficiency V, Unbreaking III] to Haru_M on survie_new
[12:55:38] [ITEM_RETURNED]: Returned 1x Iron Shovel [Efficiency V, Mending, Unbreaking III] to Haru_M on survie_new
[12:55:38] [ITEM_RETURNED]: Returned 1x Iron Shovel [Efficiency IV, Fortune III, Unbreaking III] to Haru_M on survie_new
[12:55:38] [ITEM_RETURNED]: Returned 1x Yellow Shulker Box to Haru_M on survie_new
[12:55:38] [ITEM_RETURNED]: Returned 1x Light Blue Shulker Box to Haru_M on survie_new
[12:55:38] [ITEM_RETURNED]: Returned 1x Diamond Shovel [Efficiency III, Unbreaking III] to Haru_M on survie_new
[12:55:38] [ITEM_RETURNED]: Returned 64x Ink Sac to Haru_M on survie_new
[12:55:38] [ITEM_RETURNED]: Returned 6x [Cave spider Spawner] to Haru_M on survie_new
[12:55:38] [ITEM_RETURNED]: Returned 6x [Cave spider Spawner] to Haru_M on survie_new
[12:55:38] [ITEM_RETURNED]: Returned 1x Magenta Shulker Box to Haru_M on survie_new
[12:55:38] [ITEM_RETURNED]: Returned 1x Pink Shulker Box to Haru_M on survie_new
[12:55:38] [ITEM_RETURNED]: Returned 64x Ink Sac to Haru_M on survie_new
[12:55:38] [ITEM_RETURNED]: Returned 64x Ink Sac to Haru_M on survie_new
[12:55:38] [ITEM_RETURNED]: Returned 1x Enchanted Book to Haru_M on survie_new
[12:56:55] [ITEM_LISTED]: pierro listed 16x Egg for $100.00 on survie_new
[12:57:01] [ITEM_LISTED]: pierro listed 16x Egg for $100.00 on survie_new
[13:10:07] [ITEM_SOLD]: AzodFR sold 1x Potion to omega2028 for $10.00 on survie_new
[13:10:09] [ITEM_SOLD]: AzodFR sold 1x Potion to omega2028 for $10.00 on survie_new
[13:20:04] [ITEM_SOLD]: pierro sold 16x Egg to Xylophast for $100.00 on survie_new
[13:20:05] [ITEM_SOLD]: pierro sold 16x Egg to Xylophast for $100.00 on survie_new
[13:20:37] [ITEM_SOLD]: AzodFR sold 1x Potion to Xylophast for $10.00 on survie_new
[13:20:38] [ITEM_SOLD]: AzodFR sold 1x Potion to Xylophast for $10.00 on survie_new
[13:23:26] [ITEM_LISTED]: CrazyTh0mps0n listed 3x Cerveau Lot de 3 for $500.00 on survie_new
[13:29:31] [ITEM_SOLD]: AzodFR sold 1x Potion to omega2028 for $10.00 on survie_new
[13:29:33] [ITEM_SOLD]: AzodFR sold 1x Potion to omega2028 for $10.00 on survie_new
[13:35:18] [ITEM_SOLD]: The_Wiz_D sold 1x Diamond Pickaxe to  [Efficiency V, Fortune III, Unbreaking III]Isaorya for $5,000.00 on survie_new
[13:44:29] [ITEM_SOLD]: Haru_M sold 1x Enchanted Book to Mr_Yt_Fr for $3,000.00 on survie_new
[14:10:21] [ITEM_LISTED]: Jarreshan listed 6x Diamond for $600.00 on Ressource
[14:10:24] [ITEM_SOLD]: Jarreshan sold 6x Diamond to Mr_Yt_Fr for $600.00 on Ressource
[14:12:53] [ITEM_LISTED]: OfCourse listed 10x Dispenser for $100.00 on Ressource
[15:01:32] [ITEM_SOLD]: Haru_M sold 1x Enchanted Book to RazerJojo for $2,800.00 on survie_new
[15:01:44] [ITEM_SOLD]: AzodFR sold 1x Potion to Isaorya for $10.00 on survie_new
[15:01:45] [ITEM_SOLD]: AzodFR sold 1x Potion to Isaorya for $10.00 on survie_new
[15:01:46] [ITEM_SOLD]: AzodFR sold 1x Potion to Isaorya for $10.00 on survie_new
[15:01:56] [ITEM_SOLD]: Haru_M sold 1x Enchanted Book to RazerJojo for $2,800.00 on survie_new
[15:02:03] [ITEM_SOLD]: Haru_M sold 1x Enchanted Book to RazerJojo for $2,800.00 on survie_new
[15:13:36] [ITEM_LISTED]: AzodFR listed 1x Potion for $10.00 on survie_new
[15:13:38] [ITEM_LISTED]: AzodFR listed 1x Potion for $10.00 on survie_new
[15:13:39] [ITEM_LISTED]: AzodFR listed 1x Potion for $10.00 on survie_new
[15:13:40] [ITEM_LISTED]: AzodFR listed 1x Potion for $10.00 on survie_new
[15:13:41] [ITEM_LISTED]: AzodFR listed 1x Potion for $10.00 on survie_new
[15:13:42] [ITEM_LISTED]: AzodFR listed 1x Potion for $10.00 on survie_new
[15:13:44] [ITEM_LISTED]: AzodFR listed 1x Potion for $10.00 on survie_new
[15:13:45] [ITEM_LISTED]: AzodFR listed 1x Potion for $10.00 on survie_new
[15:13:46] [ITEM_LISTED]: AzodFR listed 1x Potion for $10.00 on survie_new
[15:13:56] [ITEM_LISTED]: AzodFR listed 1x Potion for $10.00 on survie_new
[15:13:56] [ITEM_LISTED]: AzodFR listed 1x Potion for $10.00 on survie_new
[15:13:58] [ITEM_LISTED]: AzodFR listed 1x Potion for $10.00 on survie_new
[15:14:00] [ITEM_LISTED]: AzodFR listed 1x Potion for $10.00 on survie_new
[15:14:01] [ITEM_LISTED]: AzodFR listed 1x Potion for $10.00 on survie_new
[15:14:02] [ITEM_LISTED]: AzodFR listed 1x Potion for $10.00 on survie_new
[15:14:03] [ITEM_LISTED]: AzodFR listed 1x Potion for $10.00 on survie_new
[15:14:03] [ITEM_LISTED]: AzodFR listed 1x Potion for $10.00 on survie_new
[15:14:04] [ITEM_LISTED]: AzodFR listed 1x Potion for $10.00 on survie_new
[15:14:14] [ITEM_LISTED]: AzodFR listed 1x Potion for $10.00 on survie_new
[15:14:15] [ITEM_LISTED]: AzodFR listed 1x Potion for $10.00 on survie_new
[15:14:15] [ITEM_LISTED]: AzodFR listed 1x Potion for $10.00 on survie_new
[15:14:16] [ITEM_LISTED]: AzodFR listed 1x Potion for $10.00 on survie_new
[15:14:17] [ITEM_LISTED]: AzodFR listed 1x Potion for $10.00 on survie_new
[15:14:18] [ITEM_LISTED]: AzodFR listed 1x Potion for $10.00 on survie_new
[15:14:19] [ITEM_LISTED]: AzodFR listed 1x Potion for $10.00 on survie_new
[15:14:27] [ITEM_LISTED]: AzodFR listed 1x Potion for $10.00 on survie_new
[15:28:09] [ITEM_DROPPED]: Dropped laennolife's expired listing of 1x Lily Pad for $0.00 at their feet on spawn
[15:52:48] [ITEM_LISTED]: pierro listed 16x Egg for $200.00 on survie_new
[16:08:07] [ITEM_SOLD]: AzodFR sold 1x Potion to Tiss_Touille for $10.00 on survie_new
[16:08:09] [ITEM_SOLD]: AzodFR sold 1x Potion to Tiss_Touille for $10.00 on survie_new
[16:14:03] [ITEM_SOLD]: REGDYLAN sold 1x [Zombie Spawner] to GrosBoze for $2,000.00 on survie_new
[16:14:08] [ITEM_SOLD]: REGDYLAN sold 1x [Zombie Spawner] to GrosBoze for $2,000.00 on survie_new
[16:14:14] [ITEM_SOLD]: REGDYLAN sold 1x [Zombie Spawner] to GrosBoze for $2,000.00 on survie_new
[16:25:44] [ITEM_LISTED]: Tesla248 listed 64x Sugar Cane for $200.00 on survie_new
[16:25:51] [ITEM_LISTED]: Tesla248 listed 64x Sugar Cane for $200.00 on survie_new
[16:26:45] [ITEM_SOLD]: Tesla248 sold 64x Sugar Cane to gormogon2012 for $200.00 on survie_new
[16:38:18] [ITEM_SOLD]: Tesla248 sold 64x Sugar Cane to GrosBoze for $200.00 on survie_new
[16:40:24] [ITEM_SOLD]: AzodFR sold 1x Potion to Mikiu_Ahegao for $10.00 on survie_new
[16:40:27] [ITEM_SOLD]: AzodFR sold 1x Potion to Mikiu_Ahegao for $10.00 on survie_new
[16:40:29] [ITEM_SOLD]: AzodFR sold 1x Potion to Mikiu_Ahegao for $10.00 on survie_new
[16:40:30] [ITEM_SOLD]: AzodFR sold 1x Potion to Mikiu_Ahegao for $10.00 on survie_new
[16:40:34] [ITEM_SOLD]: AzodFR sold 1x Potion to Mikiu_Ahegao for $10.00 on survie_new
[16:40:38] [ITEM_SOLD]: AzodFR sold 1x Potion to Mikiu_Ahegao for $10.00 on survie_new
[16:40:39] [ITEM_SOLD]: AzodFR sold 1x Potion to Mikiu_Ahegao for $10.00 on survie_new
[16:40:40] [ITEM_SOLD]: AzodFR sold 1x Potion to Mikiu_Ahegao for $10.00 on survie_new
[16:40:42] [ITEM_SOLD]: AzodFR sold 1x Potion to Mikiu_Ahegao for $10.00 on survie_new
[16:40:43] [ITEM_SOLD]: AzodFR sold 1x Potion to Mikiu_Ahegao for $10.00 on survie_new
[16:40:45] [ITEM_SOLD]: AzodFR sold 1x Potion to Mikiu_Ahegao for $10.00 on survie_new
[16:40:47] [ITEM_SOLD]: AzodFR sold 1x Potion to Mikiu_Ahegao for $10.00 on survie_new
[16:41:06] [ITEM_SOLD]: AzodFR sold 1x Potion to Mikiu_Ahegao for $10.00 on survie_new
[16:41:08] [ITEM_SOLD]: AzodFR sold 1x Potion to Mikiu_Ahegao for $10.00 on survie_new
[16:41:09] [ITEM_SOLD]: AzodFR sold 1x Potion to Mikiu_Ahegao for $10.00 on survie_new
[16:41:11] [ITEM_SOLD]: AzodFR sold 1x Potion to Mikiu_Ahegao for $10.00 on survie_new
[16:41:12] [ITEM_SOLD]: AzodFR sold 1x Potion to Mikiu_Ahegao for $10.00 on survie_new
[16:41:16] [ITEM_LISTED]: RazerJojo listed 1x Enchanted Book for $750.00 on survie_new
[16:41:23] [ITEM_SOLD]: AzodFR sold 1x Potion to Mikiu_Ahegao for $10.00 on survie_new
[16:41:25] [ITEM_SOLD]: AzodFR sold 1x Potion to Mikiu_Ahegao for $10.00 on survie_new
[16:41:27] [ITEM_SOLD]: AzodFR sold 1x Potion to Mikiu_Ahegao for $10.00 on survie_new
[16:42:00] [ITEM_SOLD]: AzodFR sold 1x Potion to Mikiu_Ahegao for $10.00 on survie_new
[16:42:02] [ITEM_SOLD]: AzodFR sold 1x Potion to Mikiu_Ahegao for $10.00 on survie_new
[16:42:05] [ITEM_SOLD]: AzodFR sold 1x Potion to Mikiu_Ahegao for $10.00 on survie_new
[16:42:07] [ITEM_SOLD]: AzodFR sold 1x Potion to Mikiu_Ahegao for $10.00 on survie_new
[16:42:08] [ITEM_SOLD]: AzodFR sold 1x Potion to Mikiu_Ahegao for $10.00 on survie_new
[16:43:27] [ITEM_SOLD]: AzodFR sold 1x Potion to Isaorya for $10.00 on survie_new
[16:43:58] [ITEM_LISTED]: Mikiu_Ahegao listed 1x Ominous Banner for $120.00 on survie_new
[16:47:45] [ITEM_LISTED]: AzodFR listed 1x Potion for $20.00 on survie_new
[16:47:46] [ITEM_LISTED]: AzodFR listed 1x Potion for $20.00 on survie_new
[16:47:47] [ITEM_LISTED]: AzodFR listed 1x Potion for $20.00 on survie_new
[16:47:48] [ITEM_LISTED]: AzodFR listed 1x Potion for $20.00 on survie_new
[16:47:48] [ITEM_LISTED]: AzodFR listed 1x Potion for $20.00 on survie_new
[16:47:49] [ITEM_LISTED]: AzodFR listed 1x Potion for $20.00 on survie_new
[16:47:51] [ITEM_LISTED]: AzodFR listed 1x Potion for $20.00 on survie_new
[16:47:53] [ITEM_LISTED]: AzodFR listed 1x Potion for $20.00 on survie_new
[16:47:54] [ITEM_LISTED]: AzodFR listed 1x Potion for $20.00 on survie_new
[16:48:03] [ITEM_LISTED]: AzodFR listed 1x Potion for $20.00 on survie_new
[16:48:04] [ITEM_LISTED]: AzodFR listed 1x Potion for $20.00 on survie_new
[16:48:05] [ITEM_LISTED]: AzodFR listed 1x Potion for $20.00 on survie_new
[16:48:05] [ITEM_LISTED]: AzodFR listed 1x Potion for $20.00 on survie_new
[16:48:06] [ITEM_LISTED]: AzodFR listed 1x Potion for $20.00 on survie_new
[16:48:09] [ITEM_LISTED]: AzodFR listed 1x Potion for $20.00 on survie_new
[16:48:14] [ITEM_LISTED]: AzodFR listed 1x Potion for $20.00 on survie_new
[16:48:17] [ITEM_LISTED]: AzodFR listed 1x Potion for $20.00 on survie_new
[16:48:21] [ITEM_LISTED]: AzodFR listed 1x Potion for $20.00 on survie_new
[16:48:31] [ITEM_LISTED]: AzodFR listed 1x Potion for $20.00 on survie_new
[16:48:31] [ITEM_LISTED]: AzodFR listed 1x Potion for $20.00 on survie_new
[16:48:32] [ITEM_LISTED]: AzodFR listed 1x Potion for $20.00 on survie_new
[16:51:47] [ITEM_SOLD]: AzodFR sold 1x Potion to Mikiu_Ahegao for $10.00 on survie_new
[16:51:49] [ITEM_SOLD]: AzodFR sold 1x Potion to Mikiu_Ahegao for $10.00 on survie_new
[16:51:51] [ITEM_SOLD]: AzodFR sold 1x Potion to Mikiu_Ahegao for $10.00 on survie_new
[16:51:53] [ITEM_SOLD]: AzodFR sold 1x Potion to Mikiu_Ahegao for $10.00 on survie_new
[16:51:56] [ITEM_SOLD]: AzodFR sold 1x Potion to Mikiu_Ahegao for $10.00 on survie_new
[16:51:58] [ITEM_SOLD]: AzodFR sold 1x Potion to Mikiu_Ahegao for $10.00 on survie_new
[16:52:01] [ITEM_SOLD]: AzodFR sold 1x Potion to Mikiu_Ahegao for $10.00 on survie_new
[16:59:59] [ITEM_SOLD]: AzodFR sold 1x Potion to Mikiu_Ahegao for $10.00 on survie_new
[17:00:02] [ITEM_SOLD]: AzodFR sold 1x Potion to Mikiu_Ahegao for $10.00 on survie_new
[17:00:27] [ITEM_SOLD]: Haru_M sold 1x Enchanted Book to castor26 for $2,800.00 on survie_new
[17:04:18] [ITEM_SOLD]: AzodFR sold 1x Potion to Isaorya for $20.00 on survie_new
[17:04:19] [ITEM_SOLD]: AzodFR sold 1x Potion to Isaorya for $20.00 on survie_new
[17:04:20] [ITEM_SOLD]: AzodFR sold 1x Potion to Isaorya for $20.00 on survie_new
[17:04:21] [ITEM_SOLD]: AzodFR sold 1x Potion to Isaorya for $20.00 on survie_new
[17:04:22] [ITEM_SOLD]: AzodFR sold 1x Potion to Isaorya for $20.00 on survie_new
[17:04:30] [ITEM_SOLD]: AzodFR sold 1x Potion to Isaorya for $10.00 on survie_new
[17:04:32] [ITEM_SOLD]: AzodFR sold 1x Potion to Isaorya for $10.00 on survie_new
[17:04:33] [ITEM_SOLD]: AzodFR sold 1x Potion to Isaorya for $10.00 on survie_new
[17:04:34] [ITEM_SOLD]: AzodFR sold 1x Potion to Isaorya for $10.00 on survie_new
[17:09:24] [ITEM_LISTED]: castor26 listed 64x Blaze Rod for $500.00 on survie_new
[17:09:26] [ITEM_LISTED]: castor26 listed 64x Blaze Rod for $500.00 on survie_new
[17:09:29] [ITEM_LISTED]: castor26 listed 64x Blaze Rod for $500.00 on survie_new
[17:09:32] [ITEM_LISTED]: castor26 listed 64x Blaze Rod for $500.00 on survie_new
[17:09:32] [ITEM_LISTED]: Jarreshan listed 1x Enchanted Golden Apple for $2,000.00 on survie_new
[17:09:40] [ITEM_LISTED]: Jarreshan listed 1x Enchanted Golden Apple for $2,000.00 on survie_new
[17:09:46] [ITEM_LISTED]: Jarreshan listed 1x Enchanted Golden Apple for $2,000.00 on survie_new
[17:09:52] [ITEM_LISTED]: Jarreshan listed 1x Enchanted Golden Apple for $2,000.00 on survie_new
[17:09:58] [ITEM_LISTED]: Jarreshan listed 1x Enchanted Golden Apple for $2,000.00 on survie_new
[17:10:03] [ITEM_LISTED]: Jarreshan listed 1x Enchanted Golden Apple for $2,000.00 on survie_new
[17:10:34] [ITEM_SOLD]: Haru_M sold 1x Enchanted Book to RazerJojo for $2,800.00 on survie_new
[17:14:41] [ITEM_SOLD]: AzodFR sold 1x Potion to Jarreshan for $10.00 on survie_new
[17:14:42] [ITEM_SOLD]: AzodFR sold 1x Potion to Jarreshan for $10.00 on survie_new
[17:14:44] [ITEM_SOLD]: AzodFR sold 1x Potion to Jarreshan for $10.00 on survie_new
[17:20:28] [ITEM_LISTED]: castor26 listed 64x Blaze Rod for $500.00 on survie_new
[17:20:30] [ITEM_LISTED]: castor26 listed 64x Blaze Rod for $500.00 on survie_new
[17:20:32] [ITEM_LISTED]: castor26 listed 64x Blaze Rod for $500.00 on survie_new
[17:20:35] [ITEM_LISTED]: castor26 listed 64x Blaze Rod for $500.00 on survie_new
[17:20:37] [ITEM_LISTED]: castor26 listed 64x Blaze Rod for $500.00 on survie_new
[17:20:39] [ITEM_LISTED]: castor26 listed 64x Blaze Rod for $500.00 on survie_new
[17:20:42] [ITEM_LISTED]: castor26 listed 64x Blaze Rod for $500.00 on survie_new
[17:20:44] [ITEM_LISTED]: castor26 listed 64x Blaze Rod for $500.00 on survie_new
[17:21:27] [ITEM_LISTED]: castor26 listed 64x Blaze Rod for $500.00 on survie_new
[17:21:29] [ITEM_LISTED]: castor26 listed 64x Blaze Rod for $500.00 on survie_new
[17:21:33] [ITEM_LISTED]: castor26 listed 64x Blaze Rod for $500.00 on survie_new
[17:22:02] [ITEM_SOLD]: DVTspyce sold 64x Wheat to ElFennek_ for $100.00 on spawn
[17:59:34] [ITEM_SOLD]: AzodFR sold 1x Potion to MaloZazina for $20.00 on survie_new
[17:59:36] [ITEM_SOLD]: AzodFR sold 1x Potion to MaloZazina for $20.00 on survie_new
[17:59:37] [ITEM_SOLD]: AzodFR sold 1x Potion to MaloZazina for $20.00 on survie_new
[18:12:44] [ITEM_LISTED]: Murdock_Co listed 1x [Zombie Spawner] for $1,500.00 on survie_new
[18:19:49] [ITEM_LISTED]: RazerJojo listed 1x Diamond Pickaxe [Efficiency III, Silk Touch] for $1,000.00 on survie_new
[18:23:44] [ITEM_SOLD]: Murdock_Co sold 1x [Zombie Spawner] to DVTspyce for $1,500.00 on survie_new
[18:45:23] [ITEM_SOLD]: AzodFR sold 1x Potion to Isaorya for $20.00 on survie_new
[18:45:24] [ITEM_SOLD]: AzodFR sold 1x Potion to Isaorya for $20.00 on survie_new
[18:50:29] [ITEM_SOLD]: AzodFR sold 1x Potion to Cantyo for $20.00 on survie_new
[18:50:31] [ITEM_SOLD]: AzodFR sold 1x Potion to Cantyo for $20.00 on survie_new
[18:50:32] [ITEM_SOLD]: AzodFR sold 1x Potion to Cantyo for $20.00 on survie_new
[18:50:33] [ITEM_SOLD]: AzodFR sold 1x Potion to Cantyo for $20.00 on survie_new
[18:50:35] [ITEM_SOLD]: AzodFR sold 1x Potion to Cantyo for $20.00 on survie_new
[18:50:36] [ITEM_SOLD]: AzodFR sold 1x Potion to Cantyo for $20.00 on survie_new
[18:50:38] [ITEM_SOLD]: AzodFR sold 1x Potion to Cantyo for $20.00 on survie_new
[18:50:39] [ITEM_SOLD]: AzodFR sold 1x Potion to Cantyo for $20.00 on survie_new
[18:50:41] [ITEM_SOLD]: AzodFR sold 1x Potion to Cantyo for $20.00 on survie_new
[18:50:44] [ITEM_SOLD]: AzodFR sold 1x Potion to Cantyo for $20.00 on survie_new
[18:50:46] [ITEM_SOLD]: AzodFR sold 1x Potion to Cantyo for $20.00 on survie_new
[18:52:50] [ITEM_SOLD]: Jarreshan sold 1x Crossbow to Murdock_Co for $100.00 on survie_new
[18:59:07] [ITEM_LISTED]: Haru_M listed 1x [Blaze Spawner] for $500.00 on survie_new
[18:59:13] [ITEM_SOLD]: Haru_M sold 1x [Blaze Spawner] to DVTspyce for $500.00 on survie_new
[18:59:20] [ITEM_LISTED]: Haru_M listed 1x [Blaze Spawner] for $500.00 on survie_new
[18:59:24] [ITEM_LISTED]: Haru_M listed 1x [Blaze Spawner] for $500.00 on survie_new
[18:59:26] [ITEM_LISTED]: Mr_Yt_Fr listed 1x [Blaze Spawner] for $2,000.00 on survie_new
[18:59:27] [ITEM_SOLD]: Haru_M sold 1x [Blaze Spawner] to REGDYLAN for $500.00 on survie_new
[18:59:27] [ITEM_LISTED]: Haru_M listed 1x [Blaze Spawner] for $500.00 on survie_new
[18:59:29] [ITEM_LISTED]: Mr_Yt_Fr listed 1x [Blaze Spawner] for $2,000.00 on survie_new
[18:59:31] [ITEM_LISTED]: Mr_Yt_Fr listed 1x [Blaze Spawner] for $2,000.00 on survie_new
[18:59:34] [ITEM_LISTED]: Haru_M listed 1x [Blaze Spawner] for $500.00 on survie_new
[18:59:36] [ITEM_SOLD]: Mr_Yt_Fr sold 1x [Blaze Spawner] to Isaorya for $2,000.00 on survie_new
[18:59:36] [ITEM_LISTED]: Mr_Yt_Fr listed 1x [Blaze Spawner] for $2,000.00 on survie_new
[18:59:37] [ITEM_LISTED]: Haru_M listed 1x [Blaze Spawner] for $500.00 on survie_new
[18:59:38] [ITEM_LISTED]: Mr_Yt_Fr listed 1x [Blaze Spawner] for $2,000.00 on survie_new
[18:59:40] [ITEM_LISTED]: Mr_Yt_Fr listed 1x [Blaze Spawner] for $2,000.00 on survie_new
[18:59:41] [ITEM_LISTED]: Haru_M listed 1x [Blaze Spawner] for $500.00 on survie_new
[18:59:42] [ITEM_SOLD]: Haru_M sold 1x [Blaze Spawner] to REGDYLAN for $500.00 on survie_new
[18:59:44] [ITEM_LISTED]: Mr_Yt_Fr listed 1x [Blaze Spawner] for $2,000.00 on survie_new
[18:59:44] [ITEM_SOLD]: Haru_M sold 1x [Blaze Spawner] to REGDYLAN for $500.00 on survie_new
[18:59:45] [ITEM_SOLD]: Haru_M sold 1x [Blaze Spawner] to Cryyzi for $500.00 on survie_new
[18:59:46] [ITEM_LISTED]: Mr_Yt_Fr listed 1x [Blaze Spawner] for $2,000.00 on survie_new
[18:59:50] [ITEM_LISTED]: Haru_M listed 1x [Blaze Spawner] for $500.00 on survie_new
[18:59:53] [ITEM_SOLD]: Haru_M sold 1x [Blaze Spawner] to REGDYLAN for $500.00 on survie_new
[18:59:55] [ITEM_LISTED]: Haru_M listed 1x [Blaze Spawner] for $500.00 on survie_new
[18:59:59] [ITEM_SOLD]: Haru_M sold 1x [Blaze Spawner] to REGDYLAN for $500.00 on survie_new
[18:59:59] [ITEM_LISTED]: Haru_M listed 1x [Blaze Spawner] for $500.00 on survie_new
[19:00:02] [ITEM_SOLD]: Haru_M sold 1x [Blaze Spawner] to Isaorya for $500.00 on survie_new
[19:00:02] [ITEM_LISTED]: Haru_M listed 1x [Blaze Spawner] for $500.00 on survie_new
[19:00:04] [ITEM_SOLD]: Haru_M sold 1x [Blaze Spawner] to REGDYLAN for $500.00 on survie_new
[19:00:05] [ITEM_LISTED]: Haru_M listed 1x [Blaze Spawner] for $500.00 on survie_new
[19:00:08] [ITEM_SOLD]: Haru_M sold 1x [Blaze Spawner] to REGDYLAN for $500.00 on survie_new
[19:00:10] [ITEM_SOLD]: Haru_M sold 1x [Blaze Spawner] to REGDYLAN for $500.00 on survie_new
[19:00:12] [ITEM_SOLD]: Haru_M sold 1x [Blaze Spawner] to REGDYLAN for $500.00 on survie_new
[19:00:15] [ITEM_SOLD]: RazerJojo sold 1x Diamond Pickaxe to  [Efficiency III, Silk Touch]Cryyzi for $1,000.00 on survie_new
[19:01:58] [ITEM_LISTED]: Mr_Yt_Fr listed 1x [Blaze Spawner] for $2,000.00 on survie_new
[19:08:05] [ITEM_LISTED]: pierro listed 16x Egg for $100.00 on survie_new
[19:11:36] [ITEM_SOLD]: RazerJojo sold 64x Redstone Block to Murdock_Co for $350.00 on survie_new
[19:17:21] [ITEM_SOLD]: pierro sold 16x Egg to Mikiu_Ahegao for $100.00 on survie_new
[19:17:54] [ITEM_SOLD]: castor26 sold 64x Blaze Rod to Mikiu_Ahegao for $500.00 on survie_new
[19:20:54] [ITEM_LISTED]: pimendespelette listed 1x Enchanting Table for $350.00 on survie_new
[19:21:00] [ITEM_LISTED]: pimendespelette listed 1x Enchanting Table for $350.00 on survie_new
[19:21:02] [ITEM_DROPPED]: Dropped ExE_MethyloR's expired listing of 1x Totem Of Undying for $0.00 at their feet on survie_new
[19:21:02] [ITEM_DROPPED]: Dropped ExE_MethyloR's expired listing of 1x Totem Of Undying for $0.00 at their feet on survie_new
[19:27:58] [ITEM_LISTED]: lasoeurdadrien listed 64x Iron Ingot for $1,150.00 on survie_new
[19:28:31] [ITEM_SOLD]: lasoeurdadrien sold 64x Iron Ingot to REGDYLAN for $1,150.00 on survie_new
[19:31:56] [ITEM_CANCELLED]: REGDYLAN cancelled an auction for 32x Enchanting Table for $4,500.00 on survie_new
[19:31:56] [ITEM_CANCELLED]: REGDYLAN cancelled an auction for 26x Enchanting Table for $3,500.00 on survie_new
[19:31:58] [ITEM_CANCELLED]: REGDYLAN cancelled an auction for 1x Enchanted Book for $1,000.00 on survie_new
[19:31:59] [ITEM_CANCELLED]: REGDYLAN cancelled an auction for 1x Enchanted Book for $2,000.00 on survie_new
[19:31:59] [ITEM_CANCELLED]: REGDYLAN cancelled an auction for 1x Enchanted Book for $2,000.00 on survie_new
[19:32:02] [ITEM_CANCELLED]: REGDYLAN cancelled an auction for 1x Elytra for $3,500.00 on survie_new
[19:32:02] [ITEM_CANCELLED]: REGDYLAN cancelled an auction for 1x Elytra for $3,500.00 on survie_new
[19:32:04] [ITEM_RETURNED]: Returned 1x Elytra to REGDYLAN on survie_new
[19:32:04] [ITEM_RETURNED]: Returned 1x Elytra to REGDYLAN on survie_new
[19:32:05] [ITEM_RETURNED]: Returned 1x Enchanted Book to REGDYLAN on survie_new
[19:32:05] [ITEM_RETURNED]: Returned 1x Enchanted Book to REGDYLAN on survie_new
[19:32:05] [ITEM_RETURNED]: Returned 1x Enchanted Book to REGDYLAN on survie_new
[19:32:06] [ITEM_RETURNED]: Returned 26x Enchanting Table to REGDYLAN on survie_new
[19:32:06] [ITEM_RETURNED]: Returned 32x Enchanting Table to REGDYLAN on survie_new
[19:51:02] [ITEM_SOLD]: CapitaineNiamor sold 1x Dragon Head to Sho_Capik for $1,000.00 on survie_new
[19:51:23] [ITEM_LISTED]: REGDYLAN listed 1x [Blaze Spawner] for $1,000.00 on survie_new
[19:51:25] [ITEM_LISTED]: REGDYLAN listed 1x [Blaze Spawner] for $1,000.00 on survie_new
[19:51:27] [ITEM_LISTED]: REGDYLAN listed 1x [Blaze Spawner] for $1,000.00 on survie_new
[19:51:28] [ITEM_LISTED]: REGDYLAN listed 1x [Blaze Spawner] for $1,000.00 on survie_new
[19:51:29] [ITEM_LISTED]: REGDYLAN listed 1x [Blaze Spawner] for $1,000.00 on survie_new
[19:51:31] [ITEM_LISTED]: REGDYLAN listed 1x [Blaze Spawner] for $1,000.00 on survie_new
[19:51:32] [ITEM_LISTED]: REGDYLAN listed 1x [Blaze Spawner] for $1,000.00 on survie_new
[19:51:35] [ITEM_LISTED]: REGDYLAN listed 1x [Blaze Spawner] for $1,000.00 on survie_new
[19:51:36] [ITEM_LISTED]: REGDYLAN listed 1x [Blaze Spawner] for $1,000.00 on survie_new
[19:51:40] [ITEM_LISTED]: REGDYLAN listed 1x [Blaze Spawner] for $1,000.00 on survie_new
[19:51:43] [ITEM_LISTED]: REGDYLAN listed 1x [Blaze Spawner] for $1,000.00 on survie_new
[19:51:44] [ITEM_LISTED]: REGDYLAN listed 1x [Blaze Spawner] for $1,000.00 on survie_new
[19:51:45] [ITEM_LISTED]: REGDYLAN listed 1x [Blaze Spawner] for $1,000.00 on survie_new
[19:51:49] [ITEM_LISTED]: REGDYLAN listed 1x [Blaze Spawner] for $1,000.00 on survie_new
[19:51:51] [ITEM_LISTED]: REGDYLAN listed 1x [Blaze Spawner] for $1,000.00 on survie_new
[19:52:11] [ITEM_LISTED]: REGDYLAN listed 1x [Blaze Spawner] for $1,000.00 on survie_new
[19:52:13] [ITEM_LISTED]: REGDYLAN listed 1x [Blaze Spawner] for $1,000.00 on survie_new
[19:52:16] [ITEM_LISTED]: REGDYLAN listed 1x [Blaze Spawner] for $1,000.00 on survie_new
[19:52:37] [ITEM_LISTED]: REGDYLAN listed 1x [Cave spider Spawner] for $500.00 on survie_new
[19:52:39] [ITEM_LISTED]: REGDYLAN listed 1x [Cave spider Spawner] for $500.00 on survie_new
[19:52:40] [ITEM_LISTED]: REGDYLAN listed 1x [Cave spider Spawner] for $500.00 on survie_new
[19:52:42] [ITEM_LISTED]: REGDYLAN listed 1x [Cave spider Spawner] for $500.00 on survie_new
[19:52:43] [ITEM_LISTED]: REGDYLAN listed 1x [Cave spider Spawner] for $500.00 on survie_new
[19:52:44] [ITEM_LISTED]: REGDYLAN listed 1x [Cave spider Spawner] for $500.00 on survie_new
[19:52:46] [ITEM_LISTED]: REGDYLAN listed 1x [Cave spider Spawner] for $500.00 on survie_new
[19:52:47] [ITEM_LISTED]: REGDYLAN listed 1x [Cave spider Spawner] for $500.00 on survie_new
[19:52:48] [ITEM_LISTED]: REGDYLAN listed 1x [Cave spider Spawner] for $500.00 on survie_new
[19:56:01] [ITEM_LISTED]: REGDYLAN listed 1x Pomme des Cieux for $1,500.00 on survie_new
[19:56:04] [ITEM_LISTED]: REGDYLAN listed 1x Pomme des Cieux for $1,500.00 on survie_new
[19:56:11] [ITEM_LISTED]: REGDYLAN listed 1x Golden Apple for $500.00 on survie_new
[19:56:13] [ITEM_LISTED]: REGDYLAN listed 1x Golden Apple for $500.00 on survie_new
[19:56:15] [ITEM_LISTED]: REGDYLAN listed 1x Golden Apple for $500.00 on survie_new
[19:56:16] [ITEM_LISTED]: REGDYLAN listed 1x Golden Apple for $500.00 on survie_new
[19:56:17] [ITEM_LISTED]: REGDYLAN listed 1x Golden Apple for $500.00 on survie_new
[19:56:18] [ITEM_SOLD]: REGDYLAN sold 1x [Blaze Spawner] to Fr3nCh_CraFt for $1,000.00 on survie_new
[19:56:21] [ITEM_LISTED]: REGDYLAN listed 1x Enchanted Golden Apple for $1,500.00 on survie_new
[19:56:23] [ITEM_LISTED]: REGDYLAN listed 1x Pomme des Cieux for $1,500.00 on survie_new
[19:56:38] [ITEM_SOLD]: REGDYLAN sold 1x [Blaze Spawner] to Sho_Capik for $1,000.00 on survie_new
[20:19:31] [ITEM_LISTED]: castor26 listed 64x Bamboo for $250.00 on survie_new
[20:19:33] [ITEM_LISTED]: castor26 listed 64x Bamboo for $250.00 on survie_new
[20:19:35] [ITEM_LISTED]: castor26 listed 64x Bamboo for $250.00 on survie_new
[20:19:38] [ITEM_LISTED]: castor26 listed 64x Bamboo for $250.00 on survie_new
[20:19:40] [ITEM_LISTED]: castor26 listed 64x Bamboo for $250.00 on survie_new
[20:19:42] [ITEM_LISTED]: castor26 listed 64x Bamboo for $250.00 on survie_new
[20:20:23] [ITEM_LISTED]: castor26 listed 64x Bamboo for $250.00 on survie_new
[20:20:24] [ITEM_LISTED]: castor26 listed 64x Bamboo for $250.00 on survie_new
[20:20:26] [ITEM_LISTED]: castor26 listed 64x Bamboo for $250.00 on survie_new
[20:20:29] [ITEM_LISTED]: castor26 listed 64x Bamboo for $250.00 on survie_new
[20:20:31] [ITEM_LISTED]: castor26 listed 64x Bamboo for $250.00 on survie_new
[20:20:32] [ITEM_LISTED]: castor26 listed 64x Bamboo for $250.00 on survie_new
[20:20:35] [ITEM_LISTED]: castor26 listed 64x Bamboo for $250.00 on survie_new
[20:20:37] [ITEM_LISTED]: castor26 listed 64x Bamboo for $250.00 on survie_new
[20:20:38] [ITEM_LISTED]: castor26 listed 64x Bamboo for $250.00 on survie_new
[20:20:42] [ITEM_LISTED]: castor26 listed 64x Bamboo for $250.00 on survie_new
[20:20:43] [ITEM_LISTED]: castor26 listed 64x Bamboo for $250.00 on survie_new
[20:20:46] [ITEM_LISTED]: castor26 listed 64x Bamboo for $250.00 on survie_new
[20:20:52] [ITEM_LISTED]: castor26 listed 64x Bamboo for $250.00 on survie_new
[20:20:54] [ITEM_LISTED]: castor26 listed 64x Bamboo for $250.00 on survie_new
[20:20:55] [ITEM_LISTED]: castor26 listed 64x Bamboo for $250.00 on survie_new
[20:20:59] [ITEM_LISTED]: castor26 listed 64x Bamboo for $250.00 on survie_new
[20:21:01] [ITEM_LISTED]: castor26 listed 64x Bamboo for $250.00 on survie_new
[20:21:32] [ITEM_SOLD]: KevoWaZ sold 64x Cobblestone to Sho_Capik for $40.00 on survie_new
[20:21:34] [ITEM_SOLD]: KevoWaZ sold 64x Cobblestone to Sho_Capik for $40.00 on survie_new
[20:24:47] [ITEM_SOLD]: KevoWaZ sold 64x Cobblestone to Sho_Capik for $40.00 on survie_new
[20:24:49] [ITEM_SOLD]: KevoWaZ sold 64x Cobblestone to Sho_Capik for $40.00 on survie_new
[20:43:06] [ITEM_LISTED]: DVTspyce listed 32x Blaze Rod for $150.00 on spawn
[20:45:57] [ITEM_LISTED]: Hydrenoir listed 64x Spider Eye for $100.00 on survie_new
[20:45:59] [ITEM_SOLD]: REGDYLAN sold 1x [Blaze Spawner] to Tesla248 for $1,000.00 on survie_new
[20:46:20] [ITEM_SOLD]: REGDYLAN sold 1x [Blaze Spawner] to Tesla248 for $1,000.00 on survie_new
[20:47:17] [ITEM_SOLD]: Hydrenoir sold 64x Spider Eye to lasoeurdadrien for $100.00 on survie_new
[20:58:14] [ITEM_LISTED]: CroixVeBaton listed 1x Diamond Shovel [Efficiency IV] for $2,500.00 on survie_new
[20:58:32] [ITEM_LISTED]: CroixVeBaton listed 1x Diamond Chestplate [Protection III] for $2,000.00 on survie_new
[20:58:41] [ITEM_LISTED]: CroixVeBaton listed 1x Diamond Helmet [Protection IV, Unbreaking III] for $4,500.00 on survie_new
[20:58:48] [ITEM_LISTED]: CroixVeBaton listed 1x Diamond Helmet [Protection III] for $2,000.00 on survie_new
[20:58:59] [ITEM_LISTED]: CroixVeBaton listed 1x Iron Chestplate [Mending, Protection III, Unbreaking III] for $5,000.00 on survie_new
[20:59:07] [ITEM_LISTED]: CroixVeBaton listed 1x Iron Chestplate [Protection IV, Unbreaking III] for $1,500.00 on survie_new
[20:59:15] [ITEM_LISTED]: CroixVeBaton listed 1x Iron Boots [Mending] for $3,000.00 on survie_new
[21:00:12] [ITEM_LISTED]: CroixVeBaton listed 1x Diamond Pickaxe [Unbreaking III] for $1,200.00 on survie_new
[21:09:08] [ITEM_LISTED]: DVTspyce listed 64x Blaze Rod for $250.00 on spawn
[21:15:27] [ITEM_SOLD]: Tesla248 sold 64x Bamboo to Newt_hp for $100.00 on survie_new
[21:24:13] [ITEM_SOLD]: Kasne sold 1x Diamond Sword to  [Bane of Arthropods IV]Newt_hp for $750.00 on survie_new
[21:26:29] [ITEM_LISTED]: Isaorya listed 64x Glass Pane for $30.00 on survie_new
[21:27:22] [ITEM_LISTED]: DVTspyce listed 64x Blaze Rod for $200.00 on spawn
[21:27:24] [ITEM_LISTED]: DVTspyce listed 64x Blaze Rod for $200.00 on spawn
[21:41:17] [ITEM_SOLD]: DVTspyce sold 64x Blaze Rod to lasoeurdadrien for $200.00 on spawn
[21:59:13] [ITEM_LISTED]: DVTspyce listed 64x Blaze Rod for $200.00 on spawn
[22:06:57] [ITEM_SOLD]: DVTspyce sold 64x Blaze Rod to Oniah for $250.00 on spawn
[22:07:02] [ITEM_SOLD]: DVTspyce sold 64x Blaze Rod to Oniah for $200.00 on spawn
[22:07:03] [ITEM_SOLD]: DVTspyce sold 64x Blaze Rod to Oniah for $200.00 on spawn
[22:07:44] [ITEM_SOLD]: REGDYLAN sold 1x [Cave spider Spawner] to guiboush for $500.00 on survie_new
[22:07:46] [ITEM_SOLD]: REGDYLAN sold 1x [Blaze Spawner] to Oniah for $1,000.00 on survie_new
[22:07:48] [ITEM_SOLD]: REGDYLAN sold 1x [Blaze Spawner] to Oniah for $1,000.00 on survie_new
[22:07:53] [ITEM_SOLD]: REGDYLAN sold 1x [Blaze Spawner] to Oniah for $1,000.00 on survie_new
[22:07:56] [ITEM_SOLD]: REGDYLAN sold 1x [Blaze Spawner] to Oniah for $1,000.00 on survie_new
[22:08:00] [ITEM_SOLD]: REGDYLAN sold 1x [Blaze Spawner] to Oniah for $1,000.00 on survie_new
[22:08:05] [ITEM_SOLD]: REGDYLAN sold 1x [Blaze Spawner] to Oniah for $1,000.00 on survie_new
[22:12:27] [ITEM_SOLD]: Kaio_Beninou sold 1x Enchanted Book to Baltya for $5,000.00 on survie_new
[22:14:28] [ITEM_CANCELLED]: The_Wiz_D cancelled an auction for 1x Diamond Pickaxe [Efficiency V, Silk Touch, Unbreaking III] for $5,000.00 on survie_new
[22:14:30] [ITEM_RETURNED]: Returned 1x Diamond Pickaxe [Efficiency V, Silk Touch, Unbreaking III] to The_Wiz_D on survie_new
[22:24:06] [ITEM_SOLD]: Isaorya sold 64x Glass Pane to GrosBoze for $30.00 on survie_new
[22:27:39] [ITEM_LISTED]: The_Wiz_D listed 1x [Cave spider Spawner] for $1,000.00 on survie_new
[22:27:41] [ITEM_LISTED]: The_Wiz_D listed 1x [Cave spider Spawner] for $1,000.00 on survie_new
[22:27:42] [ITEM_LISTED]: The_Wiz_D listed 1x [Cave spider Spawner] for $1,000.00 on survie_new
[22:27:44] [ITEM_LISTED]: The_Wiz_D listed 1x [Cave spider Spawner] for $1,000.00 on survie_new
[22:27:46] [ITEM_LISTED]: The_Wiz_D listed 1x [Cave spider Spawner] for $1,000.00 on survie_new
[22:27:51] [ITEM_LISTED]: The_Wiz_D listed 1x [Spider Spawner] for $1,000.00 on survie_new
[22:42:17] [ITEM_LISTED]: Oniah listed 1x Saddle for $25.00 on spawn
[22:45:41] [ITEM_SOLD]: mayte_ sold 1x Enchanted Book to Sho_Capik for $2,000.00 on Ressource
[22:56:07] [ITEM_SOLD]: mayte_ sold 5x Heart Of The Sea to Baltya for $1,000.00 on survie_new
[23:24:50] [ITEM_LISTED]: AlphaFox_FR listed 64x Iron Ingot for $448.00 on survie_new
[23:24:53] [ITEM_SOLD]: AlphaFox_FR sold 64x Iron Ingot to The_Wiz_D for $448.00 on survie_new
[23:28:25] [ITEM_SOLD]: Jarreshan sold 1x Enchanted Book to bluebraze for $2,700.00 on Ressource
[23:28:26] [ITEM_SOLD]: RazerJojo sold 1x Enchanted Book to bluebraze for $1,999.00 on survie_new
[23:28:55] [ITEM_SOLD]: Kaam98 sold 1x Diamond Boots to  [Unbreaking III]bluebraze for $500.00 on survie_new
[23:30:50] [ITEM_LISTED]: Baltya listed 64x Iron Ingot for $448.00 on survie_new
[23:30:56] [ITEM_LISTED]: DVTspyce listed 1x [Silverfish Spawner] for $15,000.00 on survie_new
[23:30:58] [ITEM_LISTED]: Baltya listed 54x Iron Ingot for $378.00 on survie_new
[23:31:01] [ITEM_SOLD]: Baltya sold 64x Iron Ingot to The_Wiz_D for $448.00 on survie_new
[23:31:06] [ITEM_SOLD]: Baltya sold 54x Iron Ingot to The_Wiz_D for $378.00 on survie_new
[23:33:08] [ITEM_LISTED]: DVTspyce listed 6x Ender Eye for $200.00 on survie_new
[23:33:21] [ITEM_LISTED]: DVTspyce listed 18x Rail for $300.00 on survie_new
[23:33:32] [ITEM_LISTED]: DVTspyce listed 44x Blaze Powder for $100.00 on survie_new
[23:34:20] [ITEM_SOLD]: pimendespelette sold 1x Enchanting Table to GrosBoze for $350.00 on survie_new
[23:52:48] [ITEM_SOLD]: CroixVeBaton sold 1x Diamond Pickaxe to  [Silk Touch, Unbreaking III]AF_flam77 for $3,000.00 on survie_new
[23:54:28] [ITEM_SOLD]: DVTspyce sold 7x Tnt to Sho_Capik for $450.00 on spawn
