[01:00:12] [ITEM_SOLD]: Sifflote vendu 1 x Saddle à  LeandroCosta pour 750.00 β le survie_new
[01:30:52] [ITEM_SOLD]: Isaorya vendu 64 x Wheat Seeds à  Biboozz pour 25.00 β le survie_new
[01:30:54] [ITEM_SOLD]: Cryyzi vendu 1 x White Bed à  Biboozz pour 11.00 β le survie_new
[02:25:10] [ITEM_SOLD]: Cryyzi vendu 1 x Diamond Sword à  [Bane of Arthropods IV, Knockback II] Estidabeille pour 500.00 β le survie_new
[09:59:40] [ITEM_LISTED]: pierro vend 1 x Red Shulker Box  pour 2,750.00β sur survie_new
[09:59:42] [ITEM_LISTED]: pierro vend 1 x Yellow Shulker Box  pour 2,750.00β sur survie_new
[09:59:46] [ITEM_LISTED]: pierro vend 1 x Blue Shulker Box  pour 2,750.00β sur survie_new
[09:59:54] [ITEM_LISTED]: pierro vend 1 x Green Shulker Box  pour 2,750.00β sur survie_new
[09:59:56] [ITEM_LISTED]: pierro vend 1 x Brown Shulker Box  pour 2,750.00β sur survie_new
[10:00:29] [ITEM_LISTED]: LeVoleurDeStylo vend 1 x Poisonous Potato  pour 10,000.00β sur survie_new
[10:00:44] [ITEM_LISTED]: pierro vend 1 x Diamond Sword  [Knockback I] pour 450.00β sur survie_new
[10:00:58] [ITEM_LISTED]: pierro vend 1 x Diamond Sword  [Knockback II] pour 650.00β sur survie_new
[10:01:08] [ITEM_LISTED]: pierro vend 1 x Diamond Sword  [Smite III] pour 45.00β sur survie_new
[10:01:19] [ITEM_CANCELLED]: pierro annule la vente de 1x Diamond Sword [Smite III] pour 45.00β sur survie_new
[10:02:15] [ITEM_RETURNED]: 1 x Diamond Sword  [Smite III] renvoyé à pierro le survie_new
[10:02:23] [ITEM_LISTED]: pierro vend 1 x Diamond Sword  [Smite III] pour 450.00β sur survie_new
[10:02:52] [ITEM_LISTED]: pierro vend 1 x Diamond Sword  [Bane of Arthropods IV, Fire Aspect II] pour 650.00β sur survie_new
[10:03:07] [ITEM_LISTED]: pierro vend 1 x Iron Sword  [Fire Aspect II] pour 450.00β sur survie_new
[10:03:13] [ITEM_LISTED]: pierro vend 1 x Iron Sword  [Knockback II, Sharpness III] pour 650.00β sur survie_new
[10:04:02] [ITEM_LISTED]: pierro vend 1 x Iron Shovel  [Efficiency III, Unbreaking III] pour 450.00β sur survie_new
[10:04:04] [ITEM_LISTED]: pierro vend 1 x Iron Boots  [Protection IV] pour 450.00β sur survie_new
[10:04:07] [ITEM_LISTED]: pierro vend 1 x Iron Boots  [Fire Protection III, Unbreaking III] pour 450.00β sur survie_new
[10:04:35] [ITEM_LISTED]: pierro vend 1 x Iron Leggings  [Protection IV, Unbreaking III] pour 500.00β sur survie_new
[10:04:38] [ITEM_LISTED]: pierro vend 1 x Iron Leggings  [Protection III, Unbreaking III] pour 500.00β sur survie_new
[10:04:52] [ITEM_LISTED]: pierro vend 1 x Iron Leggings  [Mending, Protection III] pour 1,500.00β sur survie_new
[10:05:12] [ITEM_LISTED]: pierro vend 1 x Diamond Leggings  [Unbreaking III, Curse of Vanishing] pour 500.00β sur survie_new
[10:05:14] [ITEM_LISTED]: pierro vend 1 x Iron Leggings  [Fire Protection IV, Unbreaking III] pour 500.00β sur survie_new
[10:05:35] [ITEM_LISTED]: pierro vend 1 x Iron Chestplate  [Curse of Binding, Fire Protection IV, Unbreaking III] pour 450.00β sur survie_new
[10:05:42] [ITEM_LISTED]: pierro vend 1 x Iron Chestplate  [Mending, Curse of Vanishing] pour 900.00β sur survie_new
[10:05:47] [ITEM_LISTED]: pierro vend 1 x Iron Chestplate  [Protection IV] pour 350.00β sur survie_new
[10:06:09] [ITEM_LISTED]: pierro vend 1 x Iron Helmet  [Blast Protection III] pour 300.00β sur survie_new
[10:06:12] [ITEM_LISTED]: pierro vend 1 x Iron Helmet  [Curse of Binding, Projectile Protection IV] pour 350.00β sur survie_new
[10:06:17] [ITEM_LISTED]: pierro vend 1 x Iron Helmet  [Blast Protection III] pour 350.00β sur survie_new
[10:06:39] [ITEM_LISTED]: pierro vend 1 x Diamond Helmet  [Aqua Affinity, Protection III] pour 650.00β sur survie_new
[10:06:43] [ITEM_LISTED]: pierro vend 1 x Diamond Helmet  [Protection III] pour 550.00β sur survie_new
[10:06:45] [ITEM_LISTED]: pierro vend 1 x Diamond Helmet  [Protection III] pour 550.00β sur survie_new
[10:07:39] [ITEM_LISTED]: pierro vend 1 x Diamond Helmet  [Curse of Binding, Mending, Protection III] pour 1,500.00β sur survie_new
[10:07:48] [ITEM_LISTED]: pierro vend 1 x Iron Helmet  [Mending, Protection IV, Unbreaking III] pour 1,500.00β sur survie_new
[10:07:57] [ITEM_LISTED]: pierro vend 1 x Iron Helmet  [Fire Protection III, Mending] pour 1,000.00β sur survie_new
[10:12:39] [ITEM_LISTED]: LeVoleurDeStylo vend 4 x Rotten Flesh  pour 2,500.00β sur survie_new
[10:13:17] [ITEM_LISTED]: LeVoleurDeStylo vend 3 x String  pour 2,300.00β sur survie_new
[10:13:36] [ITEM_SOLD]: LeVoleurDeStylo vendu 3 x String à  hiwigo14 pour 2,300.00 β le survie_new
[11:24:16] [ITEM_LISTED]: D4rk_Wolf_07 vend 64 x Mycelium  pour 10,000.00β sur survie_new
[12:18:19] [ITEM_LISTED]: Cryyzi vend 64 x Blue Ice  pour 1,200.00β sur survie_new
[12:18:46] [ITEM_LISTED]: Cryyzi vend 64 x Blue Ice  pour 1,200.00β sur survie_new
[12:19:26] [ITEM_LISTED]: Cryyzi vend 64 x Blue Ice  pour 1,200.00β sur survie_new
[12:19:33] [ITEM_SOLD]: Oziroal vendu 1 x Diamond Pickaxe à  [Efficiency IV, Silk Touch, Unbreaking III] Teinavaa pour 2,200.00 β le survie_new
[12:20:12] [ITEM_LISTED]: Cryyzi vend 64 x Blue Ice  pour 1,200.00β sur survie_new
[12:21:04] [ITEM_LISTED]: Cryyzi vend 64 x Blue Ice  pour 1,200.00β sur survie_new
[12:21:22] [ITEM_SOLD]: K666D vendu 64 x Melon Slice à  Teinavaa pour 15.00 β le survie_new
[12:21:23] [ITEM_SOLD]: K666D vendu 64 x Melon Slice à  Teinavaa pour 15.00 β le survie_new
[12:21:26] [ITEM_SOLD]: K666D vendu 64 x Melon Seeds à  Teinavaa pour 20.00 β le survie_new
[12:25:35] [ITEM_LISTED]: Axiton vend 1 x Fishing Rod  [Lure III, Mending, Unbreaking III] pour 5,000.00β sur survie_new
[12:26:44] [ITEM_LISTED]: Axiton vend 64 x Blaze Rod  pour 400.00β sur survie_new
[12:27:03] [ITEM_LISTED]: Axiton vend 1 x Bow  [Flame, Mending, Power V, Punch II, Unbreaking III] pour 10,000.00β sur survie_new
[12:42:56] [ITEM_SOLD]: REGDYLAN vendu 1 x [Cow Spawner] à  Geratinapute pour 15,000.00 β le survie_new
[13:06:24] [ITEM_CANCELLED]: Isaorya annule la vente de 64x Wheat Seeds pour 25.00β sur survie_new
[13:06:35] [ITEM_RETURNED]: 64 x Wheat Seeds  renvoyé à Isaorya le survie_new
[13:06:58] [ITEM_LISTED]: Oziroal vend 16 x Poudre Magique  pour 2,500.00β sur survie_new
[13:07:03] [ITEM_LISTED]: Oziroal vend 16 x Poudre Magique  pour 2,500.00β sur survie_new
[13:08:21] [ITEM_CANCELLED]: Oziroal annule la vente de 16x Poudre Magique pour 2,500.00β sur survie_new
[13:08:22] [ITEM_CANCELLED]: Oziroal annule la vente de 16x Poudre Magique pour 2,500.00β sur survie_new
[13:08:25] [ITEM_RETURNED]: 16 x Poudre Magique  renvoyé à Oziroal le survie_new
[13:08:25] [ITEM_RETURNED]: 16 x Poudre Magique  renvoyé à Oziroal le survie_new
[13:14:33] [ITEM_SOLD]: Sifflote vendu 64 x Sugar Cane à  Isaorya pour 500.00 β le survie_new
[13:14:34] [ITEM_SOLD]: Sifflote vendu 64 x Sugar Cane à  Isaorya pour 750.00 β le survie_new
[13:14:51] [ITEM_SOLD]: Sifflote vendu 64 x Sugar Cane à  Isaorya pour 500.00 β le survie_new
[13:20:08] [ITEM_SOLD]: pierro vendu 1 x Blue Shulker Box à  Teinavaa pour 2,750.00 β le survie_new
[13:25:52] [ITEM_CANCELLED]: Sifflote annule la vente de 64x Sugar Cane pour 1,000.00β sur survie_new
[13:26:36] [ITEM_LISTED]: Sifflote vend 64 x Sugar Cane  pour 750.00β sur survie_new
[13:26:44] [ITEM_LISTED]: Sifflote vend 64 x Sugar Cane  pour 750.00β sur survie_new
[13:26:54] [ITEM_LISTED]: Sifflote vend 64 x Emerald  pour 3,000.00β sur survie_new
[13:27:38] [ITEM_SOLD]: pierro vendu 1 x Diamond Sword à  [Bane of Arthropods IV, Fire Aspect II] Isaorya pour 650.00 β le survie_new
[13:27:42] [ITEM_SOLD]: pierro vendu 1 x Iron Sword à  [Knockback II, Sharpness III] Isaorya pour 650.00 β le survie_new
[13:31:22] [ITEM_SOLD]: Sifflote vendu 64 x Emerald à  kalaistar pour 3,000.00 β le survie_new
[13:37:55] [ITEM_SOLD]: Axiton vendu 1 x Bow à  [Flame, Mending, Power V, Punch II, Unbreaking III] Isaorya pour 10,000.00 β le survie_new
[13:39:16] [ITEM_LISTED]: bofkaya vend 1 x Enchanted Book  pour 100.00β sur survie_new
[13:39:34] [ITEM_LISTED]: The_Wiz_D vend 64 x Arrow  pour 100.00β sur survie_new
[13:39:38] [ITEM_LISTED]: The_Wiz_D vend 64 x Arrow  pour 100.00β sur survie_new
[13:39:40] [ITEM_LISTED]: The_Wiz_D vend 64 x Arrow  pour 100.00β sur survie_new
[13:39:42] [ITEM_LISTED]: The_Wiz_D vend 64 x Arrow  pour 100.00β sur survie_new
[13:39:45] [ITEM_LISTED]: The_Wiz_D vend 64 x Arrow  pour 100.00β sur survie_new
[13:39:47] [ITEM_LISTED]: The_Wiz_D vend 64 x Arrow  pour 100.00β sur survie_new
[13:39:49] [ITEM_LISTED]: The_Wiz_D vend 64 x Arrow  pour 100.00β sur survie_new
[13:39:52] [ITEM_LISTED]: The_Wiz_D vend 64 x Arrow  pour 100.00β sur survie_new
[13:39:54] [ITEM_LISTED]: The_Wiz_D vend 64 x Arrow  pour 100.00β sur survie_new
[13:39:56] [ITEM_LISTED]: The_Wiz_D vend 64 x Arrow  pour 100.00β sur survie_new
[13:39:58] [ITEM_LISTED]: The_Wiz_D vend 64 x Arrow  pour 100.00β sur survie_new
[13:40:00] [ITEM_LISTED]: The_Wiz_D vend 64 x Arrow  pour 100.00β sur survie_new
[13:40:03] [ITEM_LISTED]: The_Wiz_D vend 64 x Arrow  pour 100.00β sur survie_new
[13:40:06] [ITEM_LISTED]: The_Wiz_D vend 64 x Arrow  pour 100.00β sur survie_new
[13:40:18] [ITEM_SOLD]: bofkaya vendu 1 x Enchanted Book à  kalaistar pour 100.00 β le survie_new
[13:40:33] [ITEM_LISTED]: The_Wiz_D vend 64 x Arrow  pour 100.00β sur survie_new
[13:40:37] [ITEM_LISTED]: The_Wiz_D vend 64 x Arrow  pour 100.00β sur survie_new
[13:40:39] [ITEM_LISTED]: The_Wiz_D vend 64 x Arrow  pour 100.00β sur survie_new
[13:41:04] [ITEM_LISTED]: The_Wiz_D vend 64 x Arrow  pour 100.00β sur survie_new
[13:41:16] [ITEM_LISTED]: The_Wiz_D vend 64 x Arrow  pour 100.00β sur survie_new
[13:41:19] [ITEM_LISTED]: The_Wiz_D vend 64 x Arrow  pour 100.00β sur survie_new
[13:41:22] [ITEM_LISTED]: The_Wiz_D vend 64 x Arrow  pour 100.00β sur survie_new
[13:41:24] [ITEM_LISTED]: The_Wiz_D vend 64 x Arrow  pour 100.00β sur survie_new
[13:41:27] [ITEM_LISTED]: The_Wiz_D vend 64 x Arrow  pour 100.00β sur survie_new
[13:42:17] [ITEM_LISTED]: The_Wiz_D vend 64 x Arrow  pour 100.00β sur survie_new
[13:42:19] [ITEM_LISTED]: The_Wiz_D vend 64 x Arrow  pour 100.00β sur survie_new
[13:42:22] [ITEM_LISTED]: The_Wiz_D vend 64 x Arrow  pour 100.00β sur survie_new
[13:42:24] [ITEM_LISTED]: The_Wiz_D vend 64 x Arrow  pour 100.00β sur survie_new
[13:42:26] [ITEM_LISTED]: The_Wiz_D vend 64 x Arrow  pour 100.00β sur survie_new
[13:42:28] [ITEM_LISTED]: The_Wiz_D vend 64 x Arrow  pour 100.00β sur survie_new
[13:42:30] [ITEM_LISTED]: The_Wiz_D vend 64 x Arrow  pour 100.00β sur survie_new
[13:42:33] [ITEM_LISTED]: The_Wiz_D vend 64 x Arrow  pour 100.00β sur survie_new
[13:42:35] [ITEM_LISTED]: The_Wiz_D vend 64 x Arrow  pour 100.00β sur survie_new
[13:42:37] [ITEM_LISTED]: The_Wiz_D vend 64 x Arrow  pour 100.00β sur survie_new
[13:43:39] [ITEM_LISTED]: The_Wiz_D vend 64 x Arrow  pour 100.00β sur survie_new
[13:43:44] [ITEM_LISTED]: The_Wiz_D vend 64 x Arrow  pour 100.00β sur survie_new
[13:43:46] [ITEM_LISTED]: The_Wiz_D vend 64 x Arrow  pour 100.00β sur survie_new
[13:43:49] [ITEM_LISTED]: The_Wiz_D vend 64 x Arrow  pour 100.00β sur survie_new
[13:43:51] [ITEM_LISTED]: The_Wiz_D vend 64 x Arrow  pour 100.00β sur survie_new
[13:43:53] [ITEM_LISTED]: The_Wiz_D vend 64 x Arrow  pour 100.00β sur survie_new
[13:43:55] [ITEM_LISTED]: The_Wiz_D vend 64 x Arrow  pour 100.00β sur survie_new
[13:43:59] [ITEM_LISTED]: The_Wiz_D vend 64 x Arrow  pour 100.00β sur survie_new
[13:44:02] [ITEM_LISTED]: The_Wiz_D vend 64 x Arrow  pour 100.00β sur survie_new
[13:44:04] [ITEM_LISTED]: The_Wiz_D vend 64 x Arrow  pour 100.00β sur survie_new
[13:44:07] [ITEM_LISTED]: The_Wiz_D vend 64 x Arrow  pour 100.00β sur survie_new
[13:44:09] [ITEM_LISTED]: Isaorya vend 16 x Dirt  pour 0.01β sur survie_new
[13:44:10] [ITEM_LISTED]: The_Wiz_D vend 64 x Arrow  pour 100.00β sur survie_new
[13:44:12] [ITEM_LISTED]: Isaorya vend 64 x Dirt  pour 0.01β sur survie_new
[13:44:26] [ITEM_SOLD]: Isaorya vendu 64 x Dirt à  The_Wiz_D pour 0.01 β le survie_new
[13:44:28] [ITEM_SOLD]: Isaorya vendu 16 x Dirt à  The_Wiz_D pour 0.01 β le survie_new
[13:45:00] [ITEM_SOLD]: The_Wiz_D vendu 64 x Arrow à  Flashtric pour 100.00 β le survie_new
[13:45:01] [ITEM_SOLD]: The_Wiz_D vendu 64 x Arrow à  Flashtric pour 100.00 β le survie_new
[13:45:02] [ITEM_SOLD]: The_Wiz_D vendu 64 x Arrow à  Isaorya pour 100.00 β le survie_new
[13:45:03] [ITEM_SOLD]: The_Wiz_D vendu 64 x Arrow à  Isaorya pour 100.00 β le survie_new
[13:45:05] [ITEM_SOLD]: The_Wiz_D vendu 64 x Arrow à  Flashtric pour 100.00 β le survie_new
[13:45:10] [ITEM_SOLD]: Sifflote vendu 64 x Sugar Cane à  Isaorya pour 750.00 β le survie_new
[13:45:20] [ITEM_SOLD]: Sifflote vendu 64 x Sugar Cane à  Isaorya pour 750.00 β le survie_new
[13:45:27] [ITEM_SOLD]: The_Wiz_D vendu 64 x Arrow à  Isaorya pour 100.00 β le survie_new
[13:45:28] [ITEM_SOLD]: The_Wiz_D vendu 64 x Arrow à  Isaorya pour 100.00 β le survie_new
[13:45:29] [ITEM_SOLD]: The_Wiz_D vendu 64 x Arrow à  Isaorya pour 100.00 β le survie_new
[13:45:29] [ITEM_SOLD]: The_Wiz_D vendu 64 x Arrow à  Isaorya pour 100.00 β le survie_new
[13:45:30] [ITEM_SOLD]: The_Wiz_D vendu 64 x Arrow à  Isaorya pour 100.00 β le survie_new
[13:45:31] [ITEM_SOLD]: The_Wiz_D vendu 64 x Arrow à  Isaorya pour 100.00 β le survie_new
[13:45:32] [ITEM_SOLD]: The_Wiz_D vendu 64 x Arrow à  Isaorya pour 100.00 β le survie_new
[13:45:33] [ITEM_SOLD]: The_Wiz_D vendu 64 x Arrow à  Isaorya pour 100.00 β le survie_new
[13:45:34] [ITEM_SOLD]: The_Wiz_D vendu 64 x Arrow à  Isaorya pour 100.00 β le survie_new
[13:45:34] [ITEM_SOLD]: The_Wiz_D vendu 64 x Arrow à  Isaorya pour 100.00 β le survie_new
[13:45:36] [ITEM_SOLD]: The_Wiz_D vendu 64 x Arrow à  Isaorya pour 100.00 β le survie_new
[13:45:38] [ITEM_SOLD]: The_Wiz_D vendu 64 x Arrow à  Isaorya pour 100.00 β le survie_new
[13:45:39] [ITEM_SOLD]: The_Wiz_D vendu 64 x Arrow à  Isaorya pour 100.00 β le survie_new
[13:45:46] [ITEM_LISTED]: The_Wiz_D vend 64 x Arrow  pour 100.00β sur survie_new
[13:45:48] [ITEM_LISTED]: The_Wiz_D vend 64 x Arrow  pour 100.00β sur survie_new
[13:45:50] [ITEM_LISTED]: The_Wiz_D vend 64 x Arrow  pour 100.00β sur survie_new
[13:45:52] [ITEM_LISTED]: The_Wiz_D vend 64 x Arrow  pour 100.00β sur survie_new
[13:45:55] [ITEM_LISTED]: The_Wiz_D vend 64 x Arrow  pour 100.00β sur survie_new
[13:45:57] [ITEM_LISTED]: The_Wiz_D vend 64 x Arrow  pour 100.00β sur survie_new
[13:45:59] [ITEM_LISTED]: The_Wiz_D vend 64 x Arrow  pour 100.00β sur survie_new
[13:46:02] [ITEM_LISTED]: The_Wiz_D vend 64 x Arrow  pour 100.00β sur survie_new
[13:46:04] [ITEM_LISTED]: The_Wiz_D vend 64 x Arrow  pour 100.00β sur survie_new
[13:46:06] [ITEM_LISTED]: The_Wiz_D vend 64 x Arrow  pour 100.00β sur survie_new
[13:46:09] [ITEM_LISTED]: The_Wiz_D vend 64 x Arrow  pour 100.00β sur survie_new
[13:46:14] [ITEM_LISTED]: The_Wiz_D vend 30 x Arrow  pour 50.00β sur survie_new
[13:46:34] [ITEM_LISTED]: Teinavaa vend 1 x [Spider Spawner]  pour 1,500.00β sur survie_new
[13:46:44] [ITEM_LISTED]: Sifflote vend 1 x Saddle  pour 750.00β sur survie_new
[13:46:53] [ITEM_LISTED]: Sifflote vend 1 x Saddle  pour 750.00β sur survie_new
[13:47:22] [ITEM_LISTED]: The_Wiz_D vend 64 x Arrow  pour 100.00β sur survie_new
[13:47:27] [ITEM_LISTED]: Isaorya vend 64 x Dirt  pour 0.01β sur survie_new
[13:47:48] [ITEM_SOLD]: Isaorya vendu 64 x Dirt à  kalaistar pour 0.01 β le survie_new
[13:52:41] [ITEM_LISTED]: Axiton vend 64 x Diamond  pour 7,000.00β sur survie_new
[13:54:37] [ITEM_SOLD]: pierro vendu 1 x Red Shulker Box à  cmdix36 pour 2,750.00 β le survie_new
[13:54:48] [ITEM_LISTED]: Axiton vend 1 x Diamond Pickaxe  [Efficiency V, Fortune IV] pour 27,000.00β sur survie_new
[13:58:17] [ITEM_SOLD]: The_Wiz_D vendu 64 x Arrow à  tintin064 pour 100.00 β le survie_new
[14:18:41] [ITEM_SOLD]: Axiton vendu 64 x Diamond à  kalaistar pour 7,000.00 β le survie_new
[14:37:48] [ITEM_SOLD]: pierro vendu 1 x Iron Shovel à  [Efficiency III, Unbreaking III] Isaorya pour 450.00 β le survie_new
[14:42:57] [ITEM_LISTED]: bofkaya vend 64 x Quartz Block  pour 100.00β sur survie_new
[14:43:00] [ITEM_LISTED]: bofkaya vend 3 x Quartz Block  pour 1.00β sur survie_new
[14:43:13] [ITEM_LISTED]: Axiton vend 64 x Diamond  pour 7,000.00β sur survie_new
[14:43:28] [ITEM_SOLD]: Axiton vendu 64 x Diamond à  kalaistar pour 7,000.00 β le survie_new
[14:49:29] [ITEM_LISTED]: Biboozz vend 46 x Torch  pour 10.00β sur survie_new
[14:49:39] [ITEM_CANCELLED]: Biboozz annule la vente de 46x Torch pour 10.00β sur survie_new
[14:49:45] [ITEM_LISTED]: Biboozz vend 16 x Snowball  pour 10.00β sur survie_new
[14:49:47] [ITEM_LISTED]: Biboozz vend 16 x Snowball  pour 10.00β sur survie_new
[14:49:47] [ITEM_LISTED]: Biboozz vend 16 x Snowball  pour 10.00β sur survie_new
[14:51:24] [ITEM_SOLD]: bofkaya vendu 64 x Quartz Block à  Zougless pour 100.00 β le survie_new
[14:51:28] [ITEM_SOLD]: bofkaya vendu 3 x Quartz Block à  Zougless pour 1.00 β le survie_new
[14:51:42] [ITEM_LISTED]: Biboozz vend 16 x Snowball  pour 10.00β sur survie_new
[14:53:11] [ITEM_LISTED]: Axiton vend 64 x Iron Ingot  pour 1,400.00β sur survie_new
[14:53:13] [ITEM_LISTED]: Axiton vend 64 x Iron Ingot  pour 1,400.00β sur survie_new
[14:53:16] [ITEM_LISTED]: Axiton vend 64 x Iron Ingot  pour 1,400.00β sur survie_new
[14:53:19] [ITEM_LISTED]: Axiton vend 64 x Iron Ingot  pour 1,400.00β sur survie_new
[15:03:31] [ITEM_SOLD]: Cryyzi vendu 1 x Iron Axe à  [Efficiency I, Unbreaking I] Isaorya pour 50.00 β le survie_new
[15:07:05] [ITEM_LISTED]: Biboozz vend 64 x Wheat Seeds  pour 200.00β sur survie_new
[15:12:48] [ITEM_SOLD]: pierro vendu 1 x Green Shulker Box à  Teinavaa pour 2,750.00 β le survie_new
[15:15:41] [ITEM_SOLD]: Axiton vendu 64 x Iron Ingot à  kalaistar pour 1,400.00 β le survie_new
[15:15:51] [ITEM_SOLD]: Axiton vendu 64 x Iron Ingot à  kalaistar pour 1,400.00 β le survie_new
[15:15:52] [ITEM_SOLD]: Axiton vendu 64 x Iron Ingot à  kalaistar pour 1,400.00 β le survie_new
[15:15:53] [ITEM_SOLD]: Axiton vendu 64 x Iron Ingot à  kalaistar pour 1,400.00 β le survie_new
[15:16:29] [ITEM_SOLD]: Cryyzi vendu 1 x Cat Spawn Egg à  Flashtric pour 5,000.00 β le survie_new
[15:33:02] [ITEM_SOLD]: K666D vendu 64 x Bone Meal à  Teinavaa pour 100.00 β le survie_new
[15:33:10] [ITEM_SOLD]: GuiGuiPlay vendu 64 x Wheat Seeds à  Teinavaa pour 0.10 β le survie_new
[15:33:11] [ITEM_SOLD]: GuiGuiPlay vendu 64 x Wheat Seeds à  Teinavaa pour 0.10 β le survie_new
[15:33:12] [ITEM_SOLD]: GuiGuiPlay vendu 64 x Wheat Seeds à  Teinavaa pour 0.10 β le survie_new
[15:55:40] [ITEM_CANCELLED]: Teinavaa annule la vente de 1x [Spider Spawner] pour 1,500.00β sur survie_new
[15:55:48] [ITEM_RETURNED]: 1 x [Spider Spawner]  renvoyé à Teinavaa le survie_new
[16:01:38] [ITEM_LISTED]: Zougless vend 64 x Spruce Log  pour 350.00β sur survie_new
[16:01:42] [ITEM_LISTED]: Zougless vend 64 x Spruce Log  pour 350.00β sur survie_new
[16:01:44] [ITEM_LISTED]: Zougless vend 64 x Spruce Log  pour 350.00β sur survie_new
[16:01:47] [ITEM_LISTED]: Zougless vend 64 x Spruce Log  pour 350.00β sur survie_new
[16:01:49] [ITEM_LISTED]: Zougless vend 64 x Spruce Log  pour 350.00β sur survie_new
[16:01:51] [ITEM_LISTED]: Zougless vend 64 x Spruce Log  pour 350.00β sur survie_new
[16:01:53] [ITEM_LISTED]: Zougless vend 64 x Spruce Log  pour 350.00β sur survie_new
[16:01:55] [ITEM_LISTED]: Zougless vend 64 x Spruce Log  pour 350.00β sur survie_new
[16:01:57] [ITEM_LISTED]: Zougless vend 64 x Spruce Log  pour 350.00β sur survie_new
[16:04:27] [ITEM_CANCELLED]: LeandroCosta annule la vente de 1x Journal de quêtes pour 100.00β sur survie_new
[16:08:15] [ITEM_SOLD]: pierro vendu 1 x Brown Shulker Box à  Teinavaa pour 2,750.00 β le survie_new
[16:08:51] [ITEM_LISTED]: HeFk vend 64 x Bread  pour 10.00β sur survie_new
[16:08:51] [ITEM_SOLD]: Zougless vendu 64 x Spruce Log à  Isaorya pour 350.00 β le survie_new
[16:08:52] [ITEM_SOLD]: Zougless vendu 64 x Spruce Log à  Isaorya pour 350.00 β le survie_new
[16:08:54] [ITEM_SOLD]: HeFk vendu 64 x Bread à  Isaorya pour 10.00 β le survie_new
[16:08:55] [ITEM_SOLD]: Zougless vendu 64 x Spruce Log à  Isaorya pour 350.00 β le survie_new
[16:08:56] [ITEM_SOLD]: Zougless vendu 64 x Spruce Log à  Isaorya pour 350.00 β le survie_new
[16:22:24] [ITEM_SOLD]: Cryyzi vendu 1 x Cod Bucket à  Zougless pour 160.00 β le survie_new
[16:22:26] [ITEM_SOLD]: Cryyzi vendu 1 x Cod Bucket à  Zougless pour 160.00 β le survie_new
[16:22:46] [ITEM_SOLD]: Zougless vendu 64 x Spruce Log à  kalaistar pour 350.00 β le survie_new
[16:22:47] [ITEM_SOLD]: Zougless vendu 64 x Spruce Log à  kalaistar pour 350.00 β le survie_new
[16:22:48] [ITEM_SOLD]: Zougless vendu 64 x Spruce Log à  kalaistar pour 350.00 β le survie_new
[16:22:49] [ITEM_SOLD]: Zougless vendu 64 x Spruce Log à  kalaistar pour 350.00 β le survie_new
[16:22:50] [ITEM_SOLD]: Zougless vendu 64 x Spruce Log à  kalaistar pour 350.00 β le survie_new
[16:28:44] [ITEM_SOLD]: pierro vendu 1 x Yellow Shulker Box à  bofkaya pour 2,750.00 β le survie_new
[16:30:57] [ITEM_SOLD]: Cryyzi vendu 1 x Diamond Pickaxe à  [Unbreaking III] Elliryk pour 800.00 β le survie_new
[16:31:46] [ITEM_LISTED]: Elliryk vend 64 x Sugar Cane  pour 250.00β sur survie_new
[16:32:05] [ITEM_SOLD]: IntegraleEpice vendu 64 x Sea Pickle à  Murdock_Co pour 200.00 β le survie_new
[16:32:37] [ITEM_SOLD]: omega2028 vendu 1 x Enchanted Book à  MaloZazina pour 2,000.00 β le survie_new
[16:39:39] [ITEM_SOLD]: K666D vendu 64 x Melon Slice à  Teinavaa pour 15.00 β le survie_new
[16:50:05] [ITEM_LISTED]: Zougless vend 64 x Spruce Log  pour 350.00β sur survie_new
[16:50:08] [ITEM_LISTED]: Zougless vend 64 x Spruce Log  pour 350.00β sur survie_new
[16:50:10] [ITEM_LISTED]: Zougless vend 64 x Spruce Log  pour 350.00β sur survie_new
[16:50:12] [ITEM_LISTED]: Zougless vend 64 x Spruce Log  pour 350.00β sur survie_new
[16:50:16] [ITEM_LISTED]: Zougless vend 64 x Spruce Log  pour 400.00β sur survie_new
[16:50:20] [ITEM_LISTED]: Zougless vend 64 x Spruce Log  pour 350.00β sur survie_new
[16:50:23] [ITEM_LISTED]: Zougless vend 64 x Spruce Log  pour 350.00β sur survie_new
[16:50:25] [ITEM_LISTED]: Zougless vend 64 x Spruce Log  pour 350.00β sur survie_new
[16:50:27] [ITEM_LISTED]: Zougless vend 64 x Spruce Log  pour 350.00β sur survie_new
[16:51:54] [ITEM_SOLD]: Axiton vendu 64 x Blaze Rod à  Teinavaa pour 400.00 β le survie_new
[16:59:25] [ITEM_SOLD]: Elliryk vendu 64 x Sugar Cane à  Teinavaa pour 250.00 β le survie_new
[17:05:12] [ITEM_SOLD]: Zougless vendu 64 x Spruce Log à  kalaistar pour 350.00 β le survie_new
[17:05:13] [ITEM_SOLD]: Zougless vendu 64 x Spruce Log à  kalaistar pour 350.00 β le survie_new
[17:05:13] [ITEM_SOLD]: Zougless vendu 64 x Spruce Log à  kalaistar pour 350.00 β le survie_new
[17:05:14] [ITEM_SOLD]: Zougless vendu 64 x Spruce Log à  kalaistar pour 350.00 β le survie_new
[17:05:33] [ITEM_SOLD]: Zougless vendu 64 x Spruce Log à  kalaistar pour 350.00 β le survie_new
[17:05:35] [ITEM_SOLD]: Zougless vendu 64 x Spruce Log à  kalaistar pour 350.00 β le survie_new
[17:05:36] [ITEM_SOLD]: Zougless vendu 64 x Spruce Log à  kalaistar pour 350.00 β le survie_new
[17:05:37] [ITEM_SOLD]: Zougless vendu 64 x Spruce Log à  kalaistar pour 350.00 β le survie_new
[17:07:38] [ITEM_SOLD]: Cryyzi vendu 64 x Clay à  Isaorya pour 1,000.00 β le survie_new
[17:07:58] [ITEM_LISTED]: Oziroal vend 64 x Cooked Beef  pour 80.00β sur survie_new
[17:08:00] [ITEM_LISTED]: Oziroal vend 64 x Cooked Beef  pour 80.00β sur survie_new
[17:08:02] [ITEM_LISTED]: Oziroal vend 64 x Cooked Beef  pour 80.00β sur survie_new
[17:08:04] [ITEM_LISTED]: Oziroal vend 64 x Cooked Beef  pour 80.00β sur survie_new
[17:08:08] [ITEM_LISTED]: Oziroal vend 64 x Cooked Beef  pour 80.00β sur survie_new
[17:08:10] [ITEM_LISTED]: Oziroal vend 64 x Cooked Beef  pour 80.00β sur survie_new
[17:08:16] [ITEM_LISTED]: Oziroal vend 64 x Cooked Beef  pour 80.00β sur survie_new
[17:10:33] [ITEM_LISTED]: IntegraleEpice vend 1 x Melon Seeds  pour 1.00β sur survie_new
[17:10:38] [ITEM_CANCELLED]: IntegraleEpice annule la vente de 1x Melon Seeds pour 1.00β sur survie_new
[17:10:59] [ITEM_RETURNED]: 1 x Melon Seeds  renvoyé à IntegraleEpice le survie_new
[17:16:35] [ITEM_LISTED]: Zougless vend 64 x Spruce Log  pour 350.00β sur survie_new
[17:16:38] [ITEM_LISTED]: Zougless vend 64 x Spruce Log  pour 350.00β sur survie_new
[17:16:40] [ITEM_LISTED]: Zougless vend 64 x Spruce Log  pour 350.00β sur survie_new
[17:16:42] [ITEM_LISTED]: Zougless vend 64 x Spruce Log  pour 350.00β sur survie_new
[17:16:44] [ITEM_LISTED]: Zougless vend 64 x Spruce Log  pour 350.00β sur survie_new
[17:16:45] [ITEM_LISTED]: Zougless vend 64 x Spruce Log  pour 350.00β sur survie_new
[17:16:47] [ITEM_LISTED]: Zougless vend 64 x Spruce Log  pour 350.00β sur survie_new
[17:16:51] [ITEM_LISTED]: Zougless vend 64 x Spruce Log  pour 350.00β sur survie_new
[17:16:53] [ITEM_LISTED]: Zougless vend 64 x Spruce Log  pour 350.00β sur survie_new
[17:21:13] [ITEM_SOLD]: The_Wiz_D vendu 64 x Arrow à  Isaorya pour 100.00 β le survie_new
[17:21:14] [ITEM_SOLD]: The_Wiz_D vendu 64 x Arrow à  Isaorya pour 100.00 β le survie_new
[17:21:15] [ITEM_SOLD]: The_Wiz_D vendu 64 x Arrow à  Isaorya pour 100.00 β le survie_new
[17:21:16] [ITEM_SOLD]: The_Wiz_D vendu 64 x Arrow à  Isaorya pour 100.00 β le survie_new
[17:21:17] [ITEM_SOLD]: The_Wiz_D vendu 64 x Arrow à  Isaorya pour 100.00 β le survie_new
[17:21:19] [ITEM_SOLD]: The_Wiz_D vendu 64 x Arrow à  Isaorya pour 100.00 β le survie_new
[17:21:20] [ITEM_SOLD]: The_Wiz_D vendu 64 x Arrow à  Isaorya pour 100.00 β le survie_new
[17:21:21] [ITEM_SOLD]: The_Wiz_D vendu 64 x Arrow à  Isaorya pour 100.00 β le survie_new
[17:21:22] [ITEM_SOLD]: The_Wiz_D vendu 64 x Arrow à  Isaorya pour 100.00 β le survie_new
[17:21:22] [ITEM_SOLD]: The_Wiz_D vendu 64 x Arrow à  Isaorya pour 100.00 β le survie_new
[17:21:23] [ITEM_SOLD]: The_Wiz_D vendu 64 x Arrow à  Isaorya pour 100.00 β le survie_new
[17:21:32] [ITEM_SOLD]: The_Wiz_D vendu 64 x Arrow à  Isaorya pour 100.00 β le survie_new
[17:25:24] [ITEM_SOLD]: Isaorya vendu 64 x Packed Ice à  REGDYLAN pour 100.00 β le survie_new
[17:27:53] [ITEM_LISTED]: ianito vend 64 x Packed Ice  pour 500.00β sur survie_new
[17:28:41] [ITEM_SOLD]: Oziroal vendu 64 x Cooked Beef à  Teinavaa pour 80.00 β le survie_new
[17:28:44] [ITEM_SOLD]: Oziroal vendu 64 x Cooked Beef à  Teinavaa pour 80.00 β le survie_new
[17:28:45] [ITEM_SOLD]: Oziroal vendu 64 x Cooked Beef à  Teinavaa pour 80.00 β le survie_new
[17:28:46] [ITEM_SOLD]: Oziroal vendu 64 x Cooked Beef à  Teinavaa pour 80.00 β le survie_new
[17:28:59] [ITEM_SOLD]: ianito vendu 64 x Packed Ice à  REGDYLAN pour 500.00 β le survie_new
[17:29:02] [ITEM_SOLD]: The_Wiz_D vendu 64 x Arrow à  STANIS07 pour 100.00 β le survie_new
[17:29:04] [ITEM_SOLD]: The_Wiz_D vendu 64 x Arrow à  STANIS07 pour 100.00 β le survie_new
[17:29:08] [ITEM_SOLD]: The_Wiz_D vendu 64 x Arrow à  STANIS07 pour 100.00 β le survie_new
[17:29:10] [ITEM_SOLD]: The_Wiz_D vendu 64 x Arrow à  STANIS07 pour 100.00 β le survie_new
[17:29:12] [ITEM_SOLD]: The_Wiz_D vendu 64 x Arrow à  STANIS07 pour 100.00 β le survie_new
[17:29:13] [ITEM_SOLD]: The_Wiz_D vendu 64 x Arrow à  STANIS07 pour 100.00 β le survie_new
[17:29:15] [ITEM_SOLD]: The_Wiz_D vendu 64 x Arrow à  STANIS07 pour 100.00 β le survie_new
[17:30:20] [ITEM_CANCELLED]: REGDYLAN annule la vente de 1x Mineur pour 1,000,000.00β sur survie_new
[17:30:22] [ITEM_RETURNED]: 1 x Mineur  renvoyé à REGDYLAN le survie_new
[17:32:50] [ITEM_SOLD]: Zougless vendu 64 x Spruce Log à  kalaistar pour 350.00 β le survie_new
[17:32:51] [ITEM_SOLD]: Zougless vendu 64 x Spruce Log à  kalaistar pour 350.00 β le survie_new
[17:32:52] [ITEM_SOLD]: Zougless vendu 64 x Spruce Log à  kalaistar pour 350.00 β le survie_new
[17:32:53] [ITEM_SOLD]: Zougless vendu 64 x Spruce Log à  kalaistar pour 350.00 β le survie_new
[17:32:54] [ITEM_SOLD]: Zougless vendu 64 x Spruce Log à  kalaistar pour 350.00 β le survie_new
[17:32:55] [ITEM_SOLD]: Zougless vendu 64 x Spruce Log à  kalaistar pour 350.00 β le survie_new
[17:32:56] [ITEM_SOLD]: Zougless vendu 64 x Spruce Log à  kalaistar pour 350.00 β le survie_new
[17:32:57] [ITEM_SOLD]: Zougless vendu 64 x Spruce Log à  kalaistar pour 350.00 β le survie_new
[17:32:59] [ITEM_SOLD]: Zougless vendu 64 x Spruce Log à  kalaistar pour 350.00 β le survie_new
[17:33:14] [ITEM_LISTED]: AzodFR vend 1 x Mineur  pour 1,000,000.00β sur survie_new
[17:34:18] [ITEM_CANCELLED]: AzodFR annule la vente de 1x Mineur pour 1,000,000.00β sur survie_new
[17:34:33] [ITEM_LISTED]: AzodFR vend 1 x Mineur  pour 1,000,000.00β sur survie_new
[17:39:54] [ITEM_LISTED]: pierro vend 1 x Blue Shulker Box  pour 2,750.00β sur survie_new
[17:39:56] [ITEM_LISTED]: pierro vend 1 x Blue Shulker Box  pour 2,750.00β sur survie_new
[17:40:05] [ITEM_LISTED]: pierro vend 1 x Yellow Shulker Box  pour 2,750.00β sur survie_new
[17:40:07] [ITEM_LISTED]: pierro vend 1 x Yellow Shulker Box  pour 2,750.00β sur survie_new
[17:42:28] [ITEM_LISTED]: pierro vend 1 x White Shulker Box  pour 2,750.00β sur survie_new
[17:42:32] [ITEM_LISTED]: pierro vend 1 x White Shulker Box  pour 2,750.00β sur survie_new
[17:42:38] [ITEM_LISTED]: pierro vend 1 x Yellow Shulker Box  pour 2,750.00β sur survie_new
[17:42:45] [ITEM_LISTED]: pierro vend 1 x Brown Shulker Box  pour 2,750.00β sur survie_new
[17:43:19] [ITEM_DROPPED]: Abandon de la vente Andrew_90 expirée de 1 x Iron Chestplate  [Fire Protection II, Unbreaking III] pour 0.00β à leurs pieds le End
[17:43:19] [ITEM_DROPPED]: Abandon de la vente Andrew_90 expirée de 1 x Iron Boots  [Fire Protection IV, Unbreaking III] pour 0.00β à leurs pieds le survie_new
[17:43:19] [ITEM_DROPPED]: Abandon de la vente Andrew_90 expirée de 1 x Iron Helmet  [Unbreaking III, Curse of Vanishing] pour 0.00β à leurs pieds le End
[17:43:19] [ITEM_DROPPED]: Abandon de la vente Andrew_90 expirée de 1 x Iron Boots  [Protection III] pour 0.00β à leurs pieds le survie_new
[17:43:19] [ITEM_DROPPED]: Abandon de la vente Andrew_90 expirée de 1 x Mp moi pour acheter livre Mending  pour 0.00β à leurs pieds le survie_new
[17:43:19] [ITEM_DROPPED]: Abandon de la vente Andrew_90 expirée de 1 x Enchanted Golden Apple  pour 0.00β à leurs pieds le survie_new
[17:46:17] [ITEM_SOLD]: enolane59 vendu 10 x Spider Eye à  The_Wiz_D pour 15.00 β le survie_new
[18:10:18] [ITEM_LISTED]: Andrew_90 vend 1 x Ender Pearl  pour 12.00β sur survie_new
[18:10:29] [ITEM_CANCELLED]: Andrew_90 annule la vente de 1x Ender Pearl pour 12.00β sur survie_new
[18:10:31] [ITEM_RETURNED]: 1 x Ender Pearl  renvoyé à Andrew_90 le survie_new
[18:36:23] [ITEM_SOLD]: pierro vendu 1 x Iron Pickaxe à  [Fortune III, Mending] Teinavaa pour 5,000.00 β le survie_new
[18:38:29] [ITEM_SOLD]: pierro vendu 1 x Blue Shulker Box à  Mathis6000 pour 2,750.00 β le survie_new
[18:47:46] [ITEM_SOLD]: Oziroal vendu 64 x Cooked Beef à  Nadreel pour 80.00 β le survie_new
[19:01:04] [ITEM_SOLD]: pierro vendu 1 x White Shulker Box à  Isaorya pour 2,750.00 β le survie_new
[19:01:05] [ITEM_SOLD]: pierro vendu 1 x Blue Shulker Box à  Isaorya pour 2,750.00 β le survie_new
[19:04:51] [ITEM_LISTED]: Sifflote vend 1 x Music Disc Cat  pour 400.00β sur survie_new
[19:10:26] [ITEM_SOLD]: Oziroal vendu 64 x Cooked Beef à  binomialchunk pour 80.00 β le survie_new
[19:12:54] [ITEM_SOLD]: Oziroal vendu 64 x Cooked Beef à  Isaorya pour 80.00 β le survie_new
[19:15:45] [ITEM_DROPPED]: Abandon de la vente RedMagic_ expirée de 1 x bPêcheur  pour 0.00β à leurs pieds le survie_new
[19:17:03] [ITEM_LISTED]: Sifflote vend 64 x Red Sandstone Stairs  pour 500.00β sur survie_new
[19:19:58] [ITEM_DROPPED]: Abandon de la vente Flacabon expirée de 10 x Magma Block  pour 0.00β à leurs pieds le spawn
[19:24:51] [ITEM_RETURNED]: 64 x Sugar Cane  renvoyé à Sifflote le survie_new
[19:25:11] [ITEM_CANCELLED]: Sifflote annule la vente de 1x Music Disc Cat pour 400.00β sur survie_new
[19:25:13] [ITEM_RETURNED]: 1 x Music Disc Cat  renvoyé à Sifflote le survie_new
[19:25:23] [ITEM_LISTED]: Sifflote vend 64 x Sugar Cane  pour 750.00β sur survie_new
[19:25:31] [ITEM_LISTED]: Sifflote vend 1 x Music Disc Cat  pour 150.00β sur survie_new
[19:26:17] [ITEM_SOLD]: The_Wiz_D vendu 64 x Arrow à  Isaorya pour 100.00 β le survie_new
[19:27:26] [ITEM_CANCELLED]: Axiton annule la vente de 1x Diamond Pickaxe [Efficiency V, Fortune IV] pour 27,000.00β sur survie_new
[19:27:35] [ITEM_RETURNED]: 1 x Diamond Pickaxe  [Efficiency V, Fortune IV] renvoyé à Axiton le survie_new
[19:28:22] [ITEM_LISTED]: Axiton vend 1 x Diamond Pickaxe  [Efficiency V, Fortune IV] pour 20,000.00β sur survie_new
[19:28:57] [ITEM_LISTED]: Cryyzi vend 1 x Journal de quêtes  pour 0.10β sur survie_new
[19:48:28] [ITEM_LISTED]: Oziroal vend 1 x Diamond Sword  [Looting III, Unbreaking III] pour 3,000.00β sur survie_new
[19:55:25] [ITEM_CANCELLED]: pierro annule la vente de 1x Leather Leggings [Curse of Binding] pour 50.00β sur survie_new
[19:55:26] [ITEM_CANCELLED]: pierro annule la vente de 1x Leather Helmet [Curse of Binding] pour 50.00β sur survie_new
[19:55:26] [ITEM_CANCELLED]: pierro annule la vente de 1x Leather Boots [Protection II] pour 50.00β sur survie_new
[19:55:27] [ITEM_CANCELLED]: pierro annule la vente de 1x Leather Leggings [Curse of Vanishing] pour 50.00β sur survie_new
[19:55:28] [ITEM_CANCELLED]: pierro annule la vente de 1x Leather Helmet pour 50.00β sur survie_new
[19:55:29] [ITEM_CANCELLED]: pierro annule la vente de 1x Leather Boots pour 50.00β sur survie_new
[19:55:29] [ITEM_CANCELLED]: pierro annule la vente de 1x Leather Chestplate pour 50.00β sur survie_new
[19:55:30] [ITEM_CANCELLED]: pierro annule la vente de 1x Leather Helmet pour 50.00β sur survie_new
[19:55:31] [ITEM_CANCELLED]: pierro annule la vente de 1x Leather Helmet pour 50.00β sur survie_new
[19:55:31] [ITEM_CANCELLED]: pierro annule la vente de 1x Leather Chestplate pour 50.00β sur survie_new
[19:55:38] [ITEM_RETURNED]: 1 x Leather Leggings  [Curse of Binding] renvoyé à pierro le survie_new
[19:55:38] [ITEM_RETURNED]: 1 x Leather Chestplate  renvoyé à pierro le survie_new
[19:55:39] [ITEM_RETURNED]: 1 x Leather Helmet  renvoyé à pierro le survie_new
[19:55:39] [ITEM_RETURNED]: 1 x Leather Chestplate  renvoyé à pierro le survie_new
[19:55:40] [ITEM_RETURNED]: 1 x Leather Boots  renvoyé à pierro le survie_new
[19:55:40] [ITEM_RETURNED]: 1 x Leather Helmet  renvoyé à pierro le survie_new
[19:55:40] [ITEM_RETURNED]: 1 x Leather Helmet  renvoyé à pierro le survie_new
[19:55:40] [ITEM_RETURNED]: 1 x Leather Leggings  [Curse of Vanishing] renvoyé à pierro le survie_new
[19:55:40] [ITEM_RETURNED]: 1 x Leather Boots  [Protection II] renvoyé à pierro le survie_new
[19:55:41] [ITEM_RETURNED]: 1 x Leather Helmet  [Curse of Binding] renvoyé à pierro le survie_new
[19:55:41] [ITEM_CANCELLED]: pierro annule la vente de 1x Brown Shulker Box pour 2,750.00β sur survie_new
[19:59:05] [ITEM_LISTED]: pierro vend 1 x Diamond Pickaxe  [Fortune III, Unbreaking III, Curse of Vanishing] pour 1,000.00β sur survie_new
[20:01:44] [ITEM_LISTED]: Sifflote vend 64 x Sugar Cane  pour 750.00β sur survie_new
[20:06:35] [ITEM_SOLD]: pierro vendu 1 x Diamond Helmet à  [Curse of Binding, Mending, Protection III] Joox_ pour 1,500.00 β le survie_new
[20:25:52] [ITEM_LISTED]: Sifflote vend 1 x Diamond Horse Armor  pour 500.00β sur survie_new
[20:26:36] [ITEM_SOLD]: The_Wiz_D vendu 64 x Arrow à  Isaorya pour 100.00 β le survie_new
[20:30:33] [ITEM_LISTED]: IntegraleEpice vend 64 x Sea Pickle  pour 200.00β sur survie_new
[20:30:42] [ITEM_SOLD]: IntegraleEpice vendu 64 x Sea Pickle à  CroixVeBaton pour 200.00 β le survie_new
[20:51:45] [ITEM_SOLD]: pierro vendu 1 x Diamond Pickaxe à  [Fortune III, Unbreaking III, Curse of Vanishing] LeandroCosta pour 1,000.00 β le survie_new
[21:17:34] [ITEM_SOLD]: pierro vendu 1 x White Shulker Box à  Teinavaa pour 2,750.00 β le survie_new
[21:46:56] [ITEM_SOLD]: Sifflote vendu 64 x Sugar Cane à  LeandroCosta pour 750.00 β le survie_new
[22:28:27] [ITEM_SOLD]: Cryyzi vendu 1 x Journal de quêtes à  hugoleb pour 0.10 β le survie_new
[22:35:12] [ITEM_SOLD]: pierro vendu 1 x Diamond Leggings à  [Unbreaking III, Curse of Vanishing] Blazd pour 500.00 β le survie_new
[22:48:29] [ITEM_LISTED]: Blazd vend 1 x Bell  pour 3,000.00β sur survie_new
[22:49:14] [ITEM_LISTED]: hugoleb vend 1 x Journal de quêtes  pour 1.00β sur survie_new
[22:50:03] [ITEM_SOLD]: pierro vendu 1 x Iron Chestplate à  [Mending, Curse of Vanishing] hugoleb pour 900.00 β le survie_new
[22:50:11] [ITEM_SOLD]: pierro vendu 1 x Iron Helmet à  [Mending, Protection IV, Unbreaking III] hugoleb pour 1,500.00 β le survie_new
[22:50:14] [ITEM_SOLD]: pierro vendu 1 x Iron Helmet à  [Fire Protection III, Mending] hugoleb pour 1,000.00 β le survie_new
[22:55:10] [ITEM_LISTED]: lasoeurdadrien vend 64 x Iron Ingot  pour 1,150.00β sur survie_new
[22:55:18] [ITEM_SOLD]: Oziroal vendu 1 x Diamond Sword à  [Looting III, Unbreaking III] LeandroCosta pour 3,000.00 β le survie_new
[22:57:41] [ITEM_SOLD]: Biboozz vendu 16 x Snowball à  Geratinapute pour 10.00 β le survie_new
[22:57:52] [ITEM_LISTED]: lasoeurdadrien vend 64 x Iron Ingot  pour 1,150.00β sur survie_new
[22:58:56] [ITEM_LISTED]: IntegraleEpice vend 1 x Crossbow  pour 100.00β sur survie_new
[22:59:03] [ITEM_LISTED]: ianito vend 1 x Music Disc 13  pour 250.00β sur survie_new
[23:02:38] [ITEM_SOLD]: The_Wiz_D vendu 64 x Arrow à  Teinavaa pour 100.00 β le survie_new
[23:03:56] [ITEM_LISTED]: Zougless vend 64 x Spruce Log  pour 350.00β sur survie_new
[23:04:00] [ITEM_LISTED]: Zougless vend 64 x Spruce Log  pour 350.00β sur survie_new
[23:04:04] [ITEM_LISTED]: Zougless vend 64 x Spruce Log  pour 350.00β sur survie_new
[23:04:07] [ITEM_LISTED]: Zougless vend 64 x Spruce Log  pour 350.00β sur survie_new
[23:04:08] [ITEM_SOLD]: Zougless vendu 64 x Spruce Log à  kalaistar pour 350.00 β le survie_new
[23:04:09] [ITEM_SOLD]: Zougless vendu 64 x Spruce Log à  kalaistar pour 350.00 β le survie_new
[23:04:09] [ITEM_LISTED]: Zougless vend 64 x Spruce Log  pour 350.00β sur survie_new
[23:04:09] [ITEM_SOLD]: Zougless vendu 64 x Spruce Log à  kalaistar pour 350.00 β le survie_new
[23:04:10] [ITEM_SOLD]: Zougless vendu 64 x Spruce Log à  kalaistar pour 350.00 β le survie_new
[23:04:11] [ITEM_LISTED]: Zougless vend 64 x Spruce Log  pour 350.00β sur survie_new
[23:04:11] [ITEM_SOLD]: Zougless vendu 64 x Spruce Log à  kalaistar pour 350.00 β le survie_new
[23:04:13] [ITEM_LISTED]: Zougless vend 64 x Spruce Log  pour 350.00β sur survie_new
[23:04:14] [ITEM_SOLD]: Zougless vendu 64 x Spruce Log à  kalaistar pour 350.00 β le survie_new
[23:04:15] [ITEM_LISTED]: Zougless vend 64 x Spruce Log  pour 350.00β sur survie_new
[23:04:15] [ITEM_SOLD]: Zougless vendu 64 x Spruce Log à  kalaistar pour 350.00 β le survie_new
[23:04:16] [ITEM_LISTED]: Zougless vend 64 x Spruce Log  pour 350.00β sur survie_new
[23:04:16] [ITEM_SOLD]: Zougless vendu 64 x Spruce Log à  kalaistar pour 350.00 β le survie_new
[23:04:17] [ITEM_SOLD]: Zougless vendu 64 x Spruce Log à  kalaistar pour 350.00 β le survie_new
[23:04:26] [ITEM_SOLD]: lasoeurdadrien vendu 64 x Iron Ingot à  kalaistar pour 1,150.00 β le survie_new
[23:04:27] [ITEM_SOLD]: lasoeurdadrien vendu 64 x Iron Ingot à  kalaistar pour 1,150.00 β le survie_new
[23:11:22] [ITEM_SOLD]: REGDYLAN vendu 1 x [Cow Spawner] à  hugoleb pour 15,000.00 β le survie_new
[23:12:43] [ITEM_SOLD]: Axiton vendu 1 x Diamond Pickaxe à  [Efficiency V, Fortune IV] LeandroCosta pour 20,000.00 β le survie_new
[23:13:30] [ITEM_LISTED]: Tchong vend 64 x Iron Ingot  pour 1,150.00β sur survie_new
[23:13:37] [ITEM_LISTED]: Tchong vend 64 x Iron Ingot  pour 1,150.00β sur survie_new
[23:18:12] [ITEM_SOLD]: The_Wiz_D vendu 64 x Arrow à  Geratinapute pour 100.00 β le survie_new
[23:19:30] [ITEM_SOLD]: IntegraleEpice vendu 1 x Crossbow à  Teinavaa pour 100.00 β le survie_new
[23:21:01] [ITEM_LISTED]: Tchong vend 64 x Iron Ingot  pour 1,150.00β sur survie_new
[23:26:04] [ITEM_LISTED]: Tchong vend 64 x Iron Ingot  pour 1,150.00β sur survie_new
[23:31:26] [ITEM_LISTED]: Elliryk vend 64 x Bread  pour 850.00β sur survie_new
[23:31:33] [ITEM_LISTED]: Elliryk vend 64 x Bread  pour 850.00β sur survie_new
[23:34:40] [ITEM_CANCELLED]: Elliryk annule la vente de 64x Bread pour 850.00β sur survie_new
[23:34:43] [ITEM_CANCELLED]: Elliryk annule la vente de 64x Bread pour 850.00β sur survie_new
[23:34:55] [ITEM_RETURNED]: 64 x Bread  renvoyé à Elliryk le survie_new
[23:34:55] [ITEM_RETURNED]: 64 x Bread  renvoyé à Elliryk le survie_new
[23:35:14] [ITEM_LISTED]: Elliryk vend 64 x Paper  pour 850.00β sur survie_new
[23:35:20] [ITEM_LISTED]: Elliryk vend 64 x Paper  pour 850.00β sur survie_new
[23:35:33] [ITEM_LISTED]: Elliryk vend 64 x Bread  pour 600.00β sur survie_new
[23:35:41] [ITEM_LISTED]: Elliryk vend 64 x Bread  pour 600.00β sur survie_new
[23:38:57] [ITEM_CANCELLED]: Elliryk annule la vente de 64x Paper pour 850.00β sur survie_new
[23:38:57] [ITEM_CANCELLED]: Elliryk annule la vente de 64x Paper pour 850.00β sur survie_new
[23:39:03] [ITEM_RETURNED]: 64 x Paper  renvoyé à Elliryk le survie_new
[23:39:04] [ITEM_RETURNED]: 64 x Paper  renvoyé à Elliryk le survie_new
[23:39:13] [ITEM_LISTED]: Elliryk vend 64 x Paper  pour 750.00β sur survie_new
[23:39:20] [ITEM_LISTED]: Elliryk vend 64 x Paper  pour 750.00β sur survie_new
