[00:10:18] [ITEM_SOLD]: Yohan81 vendu 32 x Cooked Beef à  PrinceJUULS pour 50.00 β le survie_new
[00:10:37] [ITEM_SOLD]: Cryyzi vendu 1 x Iron Pickaxe à  [Efficiency IV, Fortune III, Mending, Unbreaking III] PrinceJUULS pour 2,500.00 β le survie_new
[00:19:25] [ITEM_SOLD]: HeFk vendu 64 x Anvil à  Dagalaz pour 600.00 β le survie_new
[00:27:45] [ITEM_LISTED]: Flashtric vend 1 x Fishing Rod  [Mending, Unbreaking III] pour 1,200.00β sur survie_new
[01:07:17] [ITEM_SOLD]: Yohan81 vendu 64 x Blaze Rod à  Flojo63 pour 50.00 β le survie_new
[01:07:31] [ITEM_SOLD]: Flashtric vendu 1 x Fishing Rod à  [Mending, Unbreaking III] Flojo63 pour 1,200.00 β le survie_new
[01:12:19] [ITEM_SOLD]: Hydrenoir vendu 1 x Enchanted Book à  _Kamonohashi_ pour 1,500.00 β le survie_new
[01:53:18] [ITEM_DROPPED]: Abandon de la vente fredwills23 expirée de 64 x Kelp  pour 0.00β à leurs pieds le survie_new
[01:53:18] [ITEM_DROPPED]: Abandon de la vente fredwills23 expirée de 64 x Kelp  pour 0.00β à leurs pieds le survie_new
[01:53:18] [ITEM_DROPPED]: Abandon de la vente fredwills23 expirée de 64 x Kelp  pour 0.00β à leurs pieds le survie_new
[01:53:18] [ITEM_DROPPED]: Abandon de la vente fredwills23 expirée de 38 x Kelp  pour 0.00β à leurs pieds le survie_new
[02:42:07] [ITEM_SOLD]: HeFk vendu 64 x Anvil à  nuggs pour 600.00 β le survie_new
[08:00:06] [ITEM_LISTED]: nuggs vend 64 x Bone  pour 200.00β sur survie_new
[08:10:58] [ITEM_LISTED]: nuggs vend 1 x Golden Apple  pour 4,500.00β sur survie_new
[09:07:41] [ITEM_SOLD]: Yohan81 vendu 64 x String à  HeFk pour 80.00 β le survie_new
[09:07:42] [ITEM_SOLD]: Yohan81 vendu 64 x String à  HeFk pour 80.00 β le survie_new
[09:07:43] [ITEM_SOLD]: Yohan81 vendu 64 x String à  HeFk pour 80.00 β le survie_new
[09:07:44] [ITEM_SOLD]: Yohan81 vendu 64 x String à  HeFk pour 80.00 β le survie_new
[09:07:46] [ITEM_SOLD]: Yohan81 vendu 64 x String à  HeFk pour 80.00 β le survie_new
[09:08:23] [ITEM_SOLD]: Yohan81 vendu 64 x String à  HeFk pour 80.00 β le survie_new
[09:08:25] [ITEM_SOLD]: Yohan81 vendu 64 x String à  HeFk pour 80.00 β le survie_new
[09:08:26] [ITEM_SOLD]: Yohan81 vendu 64 x String à  HeFk pour 80.00 β le survie_new
[09:08:27] [ITEM_SOLD]: Yohan81 vendu 64 x String à  HeFk pour 80.00 β le survie_new
[10:31:41] [ITEM_SOLD]: whanik vendu 64 x Bone à  SpraGy pour 500.00 β le survie_new
[11:10:36] [ITEM_SOLD]: Yohan81 vendu 64 x Blaze Rod à  Hydrenoir pour 50.00 β le survie_new
[11:12:31] [ITEM_SOLD]: MyNameIs42 vendu 1 x §U§C§I§;§U§t§;Oeuf de Bois à  Teinavaa pour 25,000.00 β le survie_new
[11:35:32] [ITEM_LISTED]: toonjosh vend 64 x Bone  pour 200.00β sur survie_new
[11:35:35] [ITEM_LISTED]: toonjosh vend 64 x Bone  pour 200.00β sur survie_new
[11:35:39] [ITEM_LISTED]: toonjosh vend 64 x Bone  pour 200.00β sur survie_new
[11:35:43] [ITEM_LISTED]: toonjosh vend 64 x Bone  pour 200.00β sur survie_new
[11:35:45] [ITEM_LISTED]: toonjosh vend 64 x Bone  pour 200.00β sur survie_new
[11:35:47] [ITEM_LISTED]: toonjosh vend 64 x Bone  pour 200.00β sur survie_new
[11:35:51] [ITEM_LISTED]: toonjosh vend 64 x Bone  pour 200.00β sur survie_new
[11:35:53] [ITEM_LISTED]: toonjosh vend 64 x Bone  pour 200.00β sur survie_new
[11:35:56] [ITEM_LISTED]: toonjosh vend 64 x Bone  pour 200.00β sur survie_new
[12:01:30] [ITEM_DROPPED]: Abandon de la vente Mikiu_Ahegao expirée de 1 x bière  pour 0.00β à leurs pieds le survie_new
[12:16:50] [ITEM_SOLD]: Cryyzi vendu 1 x Shulker Shell à  _Kamonohashi_ pour 1,500.00 β le survie_new
[12:16:52] [ITEM_SOLD]: Cryyzi vendu 1 x Shulker Shell à  _Kamonohashi_ pour 1,500.00 β le survie_new
[12:23:29] [ITEM_LISTED]: MyNameIs42 vend 8 x Sponge  pour 800.00β sur survie_new
[12:26:37] [ITEM_LISTED]: Mikiu_Ahegao vend 64 x Gunpowder  pour 999.00β sur survie_new
[12:31:46] [ITEM_SOLD]: Mikiu_Ahegao vendu 64 x Gunpowder à  REGDYLAN pour 999.00 β le survie_new
[12:32:34] [ITEM_SOLD]: MyNameIs42 vendu 8 x Sponge à  Christophe_ pour 800.00 β le survie_new
[13:05:55] [ITEM_SOLD]: Hydrenoir vendu 1 x Enchanted Book à  HatsuHaruuu pour 1,500.00 β le survie_new
[13:18:22] [ITEM_SOLD]: Nadreel vendu 1 x Golden Shovel à  [Efficiency II, Silk Touch] Terofar pour 300.00 β le survie_new
[13:40:57] [ITEM_SOLD]: Kaio_Beninou vendu 1 x Trident à  [Loyalty III, Unbreaking III] HatsuHaruuu pour 17,000.00 β le survie_new
[13:42:08] [ITEM_SOLD]: Kaio_Beninou vendu 1 x Enchanted Book à  HatsuHaruuu pour 15,000.00 β le survie_new
[13:42:49] [ITEM_LISTED]: Kaio_Beninou vend 1 x Enchanted Book  pour 15,000.00β sur survie_new
[13:54:57] [ITEM_LISTED]: limastic vend 64 x Slime Ball  pour 2,000.00β sur survie_new
[13:54:59] [ITEM_LISTED]: limastic vend 64 x Slime Ball  pour 2,000.00β sur survie_new
[13:55:09] [ITEM_LISTED]: limastic vend 27 x Slime Ball  pour 800.00β sur survie_new
[14:35:44] [ITEM_SOLD]: limastic vendu 64 x Slime Ball à  REGDYLAN pour 2,000.00 β le survie_new
[14:35:45] [ITEM_SOLD]: limastic vendu 64 x Slime Ball à  REGDYLAN pour 2,000.00 β le survie_new
[14:36:20] [ITEM_LISTED]: Cryyzi vend 1 x Shulker Shell  pour 1,500.00β sur survie_new_the_end
[14:36:22] [ITEM_LISTED]: Cryyzi vend 1 x Shulker Shell  pour 1,500.00β sur survie_new_the_end
[14:36:24] [ITEM_LISTED]: Cryyzi vend 1 x Shulker Shell  pour 1,500.00β sur survie_new_the_end
[14:48:19] [ITEM_SOLD]: Cryyzi vendu 1 x Shulker Shell à  Caldryk pour 1,500.00 β le survie_new
[14:48:21] [ITEM_SOLD]: Cryyzi vendu 1 x Shulker Shell à  Caldryk pour 1,500.00 β le survie_new
[15:14:00] [ITEM_SOLD]: Yohan81 vendu 64 x Carrot à  Patulacci_FR pour 50.00 β le survie_new
[15:14:04] [ITEM_SOLD]: Yohan81 vendu 64 x Carrot à  Patulacci_FR pour 50.00 β le survie_new
[15:14:08] [ITEM_SOLD]: Yohan81 vendu 64 x Carrot à  Patulacci_FR pour 50.00 β le survie_new
[15:14:11] [ITEM_SOLD]: Yohan81 vendu 64 x Carrot à  Patulacci_FR pour 50.00 β le survie_new
[15:16:05] [ITEM_SOLD]: whanik vendu 64 x Cooked Porkchop à  fredwills23 pour 200.00 β le survie_new
[15:38:53] [ITEM_SOLD]: Isaorya vendu 64 x Stone à  eric2a pour 50.00 β le survie_new
[15:43:45] [ITEM_SOLD]: MyNameIs42 vendu 64 x Golden Carrot à  Isaorya pour 800.00 β le survie_new
[15:54:52] [ITEM_SOLD]: HeFk vendu 64 x Anvil à  SSLLOOTTHH pour 600.00 β le survie_new
[16:01:21] [ITEM_DROPPED]: Abandon de la vente CroixVeBaton expirée de 1 x Iron Boots  [Mending] pour 0.00β à leurs pieds le survie_new
[16:01:21] [ITEM_DROPPED]: Abandon de la vente CroixVeBaton expirée de 1 x Iron Chestplate  [Protection IV, Unbreaking III] pour 0.00β à leurs pieds le survie_new
[16:01:21] [ITEM_DROPPED]: Abandon de la vente CroixVeBaton expirée de 1 x Iron Chestplate  [Mending, Protection III, Unbreaking III] pour 0.00β à leurs pieds le survie_new
[16:02:27] [ITEM_LISTED]: Isaorya vend 64 x Stone  pour 10.00β sur survie_new
[16:02:31] [ITEM_LISTED]: Isaorya vend 64 x Stone  pour 10.00β sur survie_new
[16:02:31] [ITEM_LISTED]: Isaorya vend 64 x Stone  pour 10.00β sur survie_new
[16:02:33] [ITEM_LISTED]: Isaorya vend 64 x Stone  pour 10.00β sur survie_new
[16:02:33] [ITEM_LISTED]: Isaorya vend 64 x Stone  pour 10.00β sur survie_new
[16:02:34] [ITEM_LISTED]: Isaorya vend 64 x Stone  pour 10.00β sur survie_new
[16:02:39] [ITEM_LISTED]: Isaorya vend 64 x Stone  pour 10.00β sur survie_new
[16:02:42] [ITEM_LISTED]: Isaorya vend 64 x Stone  pour 10.00β sur survie_new
[16:02:49] [ITEM_LISTED]: Isaorya vend 64 x Stone  pour 10.00β sur survie_new
[16:04:21] [ITEM_LISTED]: Isaorya vend 50 x Dirt  pour 0.10β sur survie_new
[16:04:24] [ITEM_LISTED]: Isaorya vend 14 x Grass Block  pour 0.10β sur survie_new
[16:04:38] [ITEM_SOLD]: Isaorya vendu 14 x Grass Block à  Gatogma pour 0.10 β le survie_new
[16:04:42] [ITEM_SOLD]: Isaorya vendu 50 x Dirt à  Gatogma pour 0.10 β le survie_new
[16:04:48] [ITEM_LISTED]: Isaorya vend 64 x Dirt  pour 0.10β sur survie_new
[16:04:48] [ITEM_SOLD]: Isaorya vendu 64 x Stone à  Gatogma pour 10.00 β le survie_new
[16:04:50] [ITEM_SOLD]: Isaorya vendu 64 x Stone à  Gatogma pour 10.00 β le survie_new
[16:04:52] [ITEM_SOLD]: Isaorya vendu 64 x Dirt à  Gatogma pour 0.10 β le survie_new
[16:04:54] [ITEM_SOLD]: Isaorya vendu 64 x Stone à  Gatogma pour 10.00 β le survie_new
[16:04:55] [ITEM_SOLD]: Isaorya vendu 64 x Stone à  Gatogma pour 10.00 β le survie_new
[16:04:56] [ITEM_SOLD]: Isaorya vendu 64 x Stone à  Gatogma pour 10.00 β le survie_new
[16:04:58] [ITEM_SOLD]: Isaorya vendu 64 x Stone à  Gatogma pour 10.00 β le survie_new
[16:04:59] [ITEM_SOLD]: Isaorya vendu 64 x Stone à  Gatogma pour 10.00 β le survie_new
[16:05:01] [ITEM_SOLD]: Isaorya vendu 64 x Stone à  Gatogma pour 10.00 β le survie_new
[16:05:02] [ITEM_SOLD]: Isaorya vendu 64 x Stone à  Gatogma pour 10.00 β le survie_new
[16:05:05] [ITEM_LISTED]: Isaorya vend 64 x Dirt  pour 0.10β sur survie_new
[16:05:09] [ITEM_SOLD]: Isaorya vendu 64 x Dirt à  Gatogma pour 0.10 β le survie_new
[16:05:18] [ITEM_LISTED]: Isaorya vend 64 x Dirt  pour 0.10β sur survie_new
[16:05:30] [ITEM_LISTED]: Isaorya vend 64 x Dirt  pour 0.10β sur survie_new
[16:05:53] [ITEM_SOLD]: limastic vendu 26 x Cocoa Beans à  Nexusso pour 200.00 β le survie_new
[16:05:55] [ITEM_LISTED]: Isaorya vend 64 x Dirt  pour 0.10β sur survie_new
[16:06:30] [ITEM_LISTED]: Isaorya vend 64 x Grass Block  pour 10.00β sur survie_new
[16:06:36] [ITEM_LISTED]: Isaorya vend 15 x Grass Block  pour 0.10β sur survie_new
[16:07:13] [ITEM_LISTED]: Isaorya vend 20 x Dirt  pour 0.10β sur survie_new
[16:07:26] [ITEM_LISTED]: Isaorya vend 64 x Stone  pour 0.10β sur survie_new
[16:08:48] [ITEM_LISTED]: Isaorya vend 64 x Dirt  pour 0.10β sur survie_new
[16:08:50] [ITEM_LISTED]: Isaorya vend 64 x Dirt  pour 0.10β sur survie_new
[16:08:52] [ITEM_LISTED]: Isaorya vend 64 x Dirt  pour 0.10β sur survie_new
[16:08:54] [ITEM_LISTED]: Isaorya vend 64 x Stone  pour 0.10β sur survie_new
[16:11:56] [ITEM_LISTED]: Isaorya vend 64 x Dirt  pour 10.00β sur survie_new
[16:11:58] [ITEM_LISTED]: Isaorya vend 64 x Dirt  pour 10.00β sur survie_new
[16:12:00] [ITEM_LISTED]: Isaorya vend 64 x Dirt  pour 10.00β sur survie_new
[16:13:27] [ITEM_SOLD]: HeFk vendu 64 x Anvil à  Stezey pour 600.00 β le survie_new
[16:13:38] [ITEM_LISTED]: Isaorya vend 64 x Grass Block  pour 10.00β sur survie_new
[16:13:40] [ITEM_LISTED]: Isaorya vend 64 x Dirt  pour 10.00β sur survie_new
[16:13:42] [ITEM_LISTED]: Isaorya vend 64 x Dirt  pour 10.00β sur survie_new
[16:13:44] [ITEM_LISTED]: Isaorya vend 64 x Dirt  pour 10.00β sur survie_new
[16:14:35] [ITEM_LISTED]: Isaorya vend 64 x Grass Block  pour 10.00β sur survie_new
[16:14:36] [ITEM_LISTED]: Isaorya vend 64 x Dirt  pour 10.00β sur survie_new
[16:15:53] [ITEM_SOLD]: Hydrenoir vendu 1 x Enchanted Book à  SSLLOOTTHH pour 1,500.00 β le survie_new
[16:16:43] [ITEM_LISTED]: Isaorya vend 64 x Dirt  pour 10.00β sur survie_new
[16:16:45] [ITEM_LISTED]: Isaorya vend 64 x Grass Block  pour 10.00β sur survie_new
[16:16:48] [ITEM_LISTED]: Isaorya vend 64 x Grass Block  pour 10.00β sur survie_new
[16:16:50] [ITEM_LISTED]: Isaorya vend 64 x Grass Block  pour 10.00β sur survie_new
[16:16:53] [ITEM_LISTED]: Isaorya vend 64 x Dirt  pour 10.00β sur survie_new
[16:16:55] [ITEM_LISTED]: Isaorya vend 64 x Dirt  pour 10.00β sur survie_new
[16:16:59] [ITEM_LISTED]: Isaorya vend 64 x Dirt  pour 10.00β sur survie_new
[16:17:00] [ITEM_LISTED]: Isaorya vend 64 x Grass Block  pour 10.00β sur survie_new
[16:17:29] [ITEM_SOLD]: Isaorya vendu 64 x Grass Block à  Gatogma pour 10.00 β le survie_new
[16:17:32] [ITEM_SOLD]: Isaorya vendu 64 x Dirt à  Gatogma pour 10.00 β le survie_new
[16:17:33] [ITEM_SOLD]: Isaorya vendu 64 x Dirt à  Gatogma pour 10.00 β le survie_new
[16:17:34] [ITEM_SOLD]: Isaorya vendu 64 x Dirt à  Gatogma pour 10.00 β le survie_new
[16:17:36] [ITEM_SOLD]: Isaorya vendu 64 x Grass Block à  Gatogma pour 10.00 β le survie_new
[16:17:37] [ITEM_SOLD]: Isaorya vendu 64 x Grass Block à  Gatogma pour 10.00 β le survie_new
[16:17:39] [ITEM_SOLD]: Isaorya vendu 64 x Grass Block à  Gatogma pour 10.00 β le survie_new
[16:17:40] [ITEM_SOLD]: Isaorya vendu 64 x Dirt à  Gatogma pour 10.00 β le survie_new
[16:17:42] [ITEM_SOLD]: Isaorya vendu 64 x Dirt à  Gatogma pour 10.00 β le survie_new
[16:17:43] [ITEM_SOLD]: Isaorya vendu 64 x Grass Block à  Gatogma pour 10.00 β le survie_new
[16:17:44] [ITEM_SOLD]: Isaorya vendu 64 x Dirt à  Gatogma pour 10.00 β le survie_new
[16:17:45] [ITEM_SOLD]: Isaorya vendu 64 x Dirt à  Gatogma pour 10.00 β le survie_new
[16:17:47] [ITEM_SOLD]: Isaorya vendu 64 x Grass Block à  Gatogma pour 10.00 β le survie_new
[16:17:49] [ITEM_SOLD]: Isaorya vendu 64 x Dirt à  Gatogma pour 10.00 β le survie_new
[16:17:51] [ITEM_SOLD]: Isaorya vendu 64 x Grass Block à  Gatogma pour 10.00 β le survie_new
[16:17:56] [ITEM_SOLD]: Isaorya vendu 15 x Grass Block à  Gatogma pour 0.10 β le survie_new
[16:18:00] [ITEM_SOLD]: Isaorya vendu 64 x Dirt à  Gatogma pour 0.10 β le survie_new
[16:18:07] [ITEM_SOLD]: Isaorya vendu 64 x Stone à  Gatogma pour 0.10 β le survie_new
[16:18:13] [ITEM_SOLD]: toonjosh vendu 64 x Bone à  Gatogma pour 200.00 β le survie_new
[16:18:15] [ITEM_SOLD]: Isaorya vendu 64 x Dirt à  Gatogma pour 0.10 β le survie_new
[16:18:16] [ITEM_SOLD]: Isaorya vendu 64 x Dirt à  Gatogma pour 0.10 β le survie_new
[16:18:18] [ITEM_SOLD]: Isaorya vendu 64 x Dirt à  Gatogma pour 10.00 β le survie_new
[16:18:42] [ITEM_SOLD]: Isaorya vendu 64 x Dirt à  Gatogma pour 0.10 β le survie_new
[16:18:46] [ITEM_SOLD]: Isaorya vendu 64 x Dirt à  Gatogma pour 0.10 β le survie_new
[16:18:49] [ITEM_SOLD]: Isaorya vendu 64 x Dirt à  Gatogma pour 10.00 β le survie_new
[16:19:17] [ITEM_LISTED]: Isaorya vend 64 x Stone  pour 0.10β sur survie_new
[16:19:19] [ITEM_LISTED]: Isaorya vend 64 x Dirt  pour 0.10β sur survie_new
[16:19:20] [ITEM_LISTED]: Isaorya vend 64 x Dirt  pour 0.10β sur survie_new
[16:19:22] [ITEM_LISTED]: Isaorya vend 51 x Dirt  pour 0.10β sur survie_new
[16:19:24] [ITEM_LISTED]: Isaorya vend 32 x Grass Block  pour 0.10β sur survie_new
[16:19:28] [ITEM_LISTED]: Isaorya vend 64 x Stone  pour 0.10β sur survie_new
[16:35:59] [ITEM_LISTED]: Tesla248 vend 1 x Shulker Box  pour 2,500.00β sur survie_new
[16:36:07] [ITEM_LISTED]: Tesla248 vend 1 x Shulker Box  pour 2,500.00β sur survie_new
[16:36:14] [ITEM_LISTED]: Tesla248 vend 1 x Shulker Box  pour 2,500.00β sur survie_new
[16:36:16] [ITEM_SOLD]: Isaorya vendu 64 x Dirt à  HenriLouisHenri pour 0.10 β le survie_new
[16:36:20] [ITEM_SOLD]: Cryyzi vendu 1 x Shulker Shell à  HenriLouisHenri pour 1,500.00 β le survie_new_the_end
[16:36:20] [ITEM_LISTED]: Tesla248 vend 1 x Shulker Box  pour 2,500.00β sur survie_new
[16:36:24] [ITEM_SOLD]: Cryyzi vendu 1 x Shulker Shell à  HenriLouisHenri pour 1,500.00 β le survie_new_the_end
[16:36:29] [ITEM_LISTED]: Tesla248 vend 1 x Shulker Box  pour 2,500.00β sur survie_new
[16:36:41] [ITEM_LISTED]: Tesla248 vend 1 x Shulker Shell  pour 1,250.00β sur survie_new
[16:37:20] [ITEM_SOLD]: Bertrand vendu 1 x Music Disc Stal à  Tesla248 pour 500.00 β le survie_new
[16:39:45] [ITEM_LISTED]: SSLLOOTTHH vend 1 x §;§:Spawner à Squelette 1x  pour 5,000.00β sur survie_new
[16:50:33] [ITEM_LISTED]: SSLLOOTTHH vend 1 x Enchanted Book  pour 5,000.00β sur survie_new
[16:51:01] [ITEM_SOLD]: Hydrenoir vendu 1 x Enchanted Book à  SSLLOOTTHH pour 1,500.00 β le survie_new
[16:51:20] [ITEM_LISTED]: SSLLOOTTHH vend 1 x Enchanted Book  pour 4,000.00β sur survie_new
[16:56:19] [ITEM_LISTED]: Breyyyy vend 64 x Iron Block  pour 8,999.00β sur survie_new
[16:57:55] [ITEM_SOLD]: Breyyyy vendu 64 x Iron Block à  kalaistar pour 8,999.00 β le survie_new
[16:58:23] [ITEM_SOLD]: Breyyyy vendu 64 x Podzol à  kalaistar pour 2,500.00 β le survie_new
[16:58:37] [ITEM_CANCELLED]: SSLLOOTTHH annule la vente de 1x Enchanted Book pour 5,000.00β sur survie_new
[16:58:39] [ITEM_CANCELLED]: SSLLOOTTHH annule la vente de 1x Enchanted Book pour 4,000.00β sur survie_new
[16:58:56] [ITEM_LISTED]: SSLLOOTTHH vend 1 x Enchanted Book  pour 1,000.00β sur survie_new
[16:58:57] [ITEM_SOLD]: Isaorya vendu 32 x Grass Block à  Breyyyy pour 0.10 β le survie_new
[16:58:59] [ITEM_LISTED]: SSLLOOTTHH vend 1 x Enchanted Book  pour 1,000.00β sur survie_new
[16:59:03] [ITEM_LISTED]: SSLLOOTTHH vend 1 x Enchanted Book  pour 1,000.00β sur survie_new
[16:59:32] [ITEM_LISTED]: SSLLOOTTHH vend 1 x Enchanted Book  pour 1,000.00β sur survie_new
[16:59:36] [ITEM_LISTED]: SSLLOOTTHH vend 1 x Enchanted Book  pour 1,000.00β sur survie_new
[16:59:41] [ITEM_LISTED]: SSLLOOTTHH vend 1 x Enchanted Book  pour 1,000.00β sur survie_new
[16:59:43] [ITEM_LISTED]: SSLLOOTTHH vend 1 x Enchanted Book  pour 1,000.00β sur survie_new
[16:59:45] [ITEM_LISTED]: SSLLOOTTHH vend 1 x Enchanted Book  pour 1,000.00β sur survie_new
[16:59:51] [ITEM_LISTED]: SSLLOOTTHH vend 1 x Enchanted Book  pour 1,000.00β sur survie_new
[16:59:55] [ITEM_LISTED]: SSLLOOTTHH vend 1 x Enchanted Book  pour 1,000.00β sur survie_new
[16:59:56] [ITEM_DROPPED]: Abandon de la vente AzodFR expirée de 1 x Mineur  pour 0.00β à leurs pieds le survie_new
[16:59:57] [ITEM_LISTED]: SSLLOOTTHH vend 1 x Enchanted Book  pour 1,000.00β sur survie_new
[17:00:05] [ITEM_SOLD]: SSLLOOTTHH vendu 1 x Enchanted Book à  Cryyzi pour 1,000.00 β le survie_new
[17:00:07] [ITEM_SOLD]: SSLLOOTTHH vendu 1 x Enchanted Book à  Cryyzi pour 1,000.00 β le survie_new
[17:00:09] [ITEM_SOLD]: SSLLOOTTHH vendu 1 x Enchanted Book à  Cryyzi pour 1,000.00 β le survie_new
[17:01:39] [ITEM_LISTED]: Breyyyy vend 64 x Gold Block  pour 11,500.00β sur survie_new
[17:02:08] [ITEM_SOLD]: Breyyyy vendu 64 x Gold Block à  kalaistar pour 11,500.00 β le survie_new
[17:02:33] [ITEM_LISTED]: Breyyyy vend 64 x Iron Block  pour 8,600.00β sur survie_new
[17:03:05] [ITEM_SOLD]: Breyyyy vendu 64 x Iron Block à  kalaistar pour 8,600.00 β le survie_new
[17:04:47] [ITEM_CANCELLED]: SSLLOOTTHH annule la vente de 1x Enchanted Book pour 1,000.00β sur survie_new
[17:04:47] [ITEM_CANCELLED]: SSLLOOTTHH annule la vente de 1x Enchanted Book pour 1,000.00β sur survie_new
[17:04:47] [ITEM_CANCELLED]: SSLLOOTTHH annule la vente de 1x Enchanted Book pour 1,000.00β sur survie_new
[17:04:48] [ITEM_CANCELLED]: SSLLOOTTHH annule la vente de 1x Enchanted Book pour 1,000.00β sur survie_new
[17:04:49] [ITEM_CANCELLED]: SSLLOOTTHH annule la vente de 1x Enchanted Book pour 1,000.00β sur survie_new
[17:04:49] [ITEM_CANCELLED]: SSLLOOTTHH annule la vente de 1x Enchanted Book pour 1,000.00β sur survie_new
[17:04:50] [ITEM_CANCELLED]: SSLLOOTTHH annule la vente de 1x Enchanted Book pour 1,000.00β sur survie_new
[17:04:50] [ITEM_CANCELLED]: SSLLOOTTHH annule la vente de 1x Enchanted Book pour 1,000.00β sur survie_new
[17:05:05] [ITEM_RETURNED]: 1 x Enchanted Book  renvoyé à SSLLOOTTHH le survie_new
[17:05:06] [ITEM_RETURNED]: 1 x Enchanted Book  renvoyé à SSLLOOTTHH le survie_new
[17:05:07] [ITEM_RETURNED]: 1 x Enchanted Book  renvoyé à SSLLOOTTHH le survie_new
[17:05:07] [ITEM_RETURNED]: 1 x Enchanted Book  renvoyé à SSLLOOTTHH le survie_new
[17:05:08] [ITEM_RETURNED]: 1 x Enchanted Book  renvoyé à SSLLOOTTHH le survie_new
[17:05:08] [ITEM_RETURNED]: 1 x Enchanted Book  renvoyé à SSLLOOTTHH le survie_new
[17:05:08] [ITEM_RETURNED]: 1 x Enchanted Book  renvoyé à SSLLOOTTHH le survie_new
[17:05:09] [ITEM_RETURNED]: 1 x Enchanted Book  renvoyé à SSLLOOTTHH le survie_new
[17:05:09] [ITEM_RETURNED]: 1 x Enchanted Book  renvoyé à SSLLOOTTHH le survie_new
[17:05:10] [ITEM_RETURNED]: 1 x Enchanted Book  renvoyé à SSLLOOTTHH le survie_new
[17:05:35] [ITEM_LISTED]: SSLLOOTTHH vend 1 x Enchanted Book  pour 1,300.00β sur survie_new
[17:05:37] [ITEM_LISTED]: SSLLOOTTHH vend 1 x Enchanted Book  pour 1,300.00β sur survie_new
[17:05:40] [ITEM_LISTED]: SSLLOOTTHH vend 1 x Enchanted Book  pour 1,300.00β sur survie_new
[17:05:41] [ITEM_LISTED]: SSLLOOTTHH vend 1 x Enchanted Book  pour 1,300.00β sur survie_new
[17:05:43] [ITEM_LISTED]: SSLLOOTTHH vend 1 x Enchanted Book  pour 1,300.00β sur survie_new
[17:05:46] [ITEM_LISTED]: SSLLOOTTHH vend 1 x Enchanted Book  pour 1,300.00β sur survie_new
[17:05:51] [ITEM_LISTED]: SSLLOOTTHH vend 1 x Enchanted Book  pour 1,300.00β sur survie_new
[17:05:52] [ITEM_LISTED]: SSLLOOTTHH vend 1 x Enchanted Book  pour 1,300.00β sur survie_new
[17:06:00] [ITEM_LISTED]: SSLLOOTTHH vend 1 x Enchanted Book  pour 1,300.00β sur survie_new
[17:06:01] [ITEM_LISTED]: SSLLOOTTHH vend 1 x Enchanted Book  pour 1,300.00β sur survie_new
[17:07:08] [ITEM_SOLD]: Isaorya vendu 20 x Dirt à  Marcoco50100 pour 0.10 β le survie_new
[17:07:10] [ITEM_SOLD]: Isaorya vendu 64 x Dirt à  Marcoco50100 pour 10.00 β le survie_new
[17:07:12] [ITEM_SOLD]: Isaorya vendu 64 x Stone à  Marcoco50100 pour 0.10 β le survie_new
[17:07:13] [ITEM_SOLD]: Isaorya vendu 64 x Stone à  Marcoco50100 pour 0.10 β le survie_new
[17:07:15] [ITEM_SOLD]: Isaorya vendu 64 x Dirt à  Marcoco50100 pour 0.10 β le survie_new
[17:07:16] [ITEM_SOLD]: Isaorya vendu 64 x Dirt à  Marcoco50100 pour 0.10 β le survie_new
[17:07:18] [ITEM_SOLD]: Isaorya vendu 51 x Dirt à  Marcoco50100 pour 0.10 β le survie_new
[17:07:20] [ITEM_SOLD]: Isaorya vendu 64 x Stone à  Marcoco50100 pour 0.10 β le survie_new
[17:17:40] [ITEM_LISTED]: AzodFR vend 1 x Quitter le Jump  pour 100,000.00β sur survie_new
[17:17:46] [ITEM_LISTED]: AzodFR vend 1 x Retour au Checkpoint  pour 100,000.00β sur survie_new
[17:18:03] [ITEM_CANCELLED]: AzodFR annule la vente de 1x Retour au Checkpoint pour 100,000.00β sur survie_new
[17:18:04] [ITEM_CANCELLED]: AzodFR annule la vente de 1x Quitter le Jump pour 100,000.00β sur survie_new
[17:18:09] [ITEM_RETURNED]: 1 x Quitter le Jump  renvoyé à AzodFR le survie_new
[17:18:24] [ITEM_LISTED]: AzodFR vend 1 x Quitter le Jump  pour 100,000.00β sur survie_new
[17:18:29] [ITEM_CANCELLED]: AzodFR annule la vente de 1x Quitter le Jump pour 100,000.00β sur survie_new
[17:18:43] [ITEM_RETURNED]: 1 x Quitter le Jump  renvoyé à AzodFR le survie_new
[17:18:45] [ITEM_RETURNED]: 1 x Retour au Checkpoint  renvoyé à AzodFR le survie_new
[17:21:52] [ITEM_LISTED]: SSLLOOTTHH vend 1 x Enchanted Book  pour 1,300.00β sur survie_new
[17:21:54] [ITEM_LISTED]: SSLLOOTTHH vend 1 x Enchanted Book  pour 1,300.00β sur survie_new
[17:21:55] [ITEM_LISTED]: SSLLOOTTHH vend 1 x Enchanted Book  pour 1,300.00β sur survie_new
[17:21:58] [ITEM_LISTED]: SSLLOOTTHH vend 1 x Enchanted Book  pour 1,300.00β sur survie_new
[17:21:59] [ITEM_LISTED]: SSLLOOTTHH vend 1 x Enchanted Book  pour 1,300.00β sur survie_new
[17:22:02] [ITEM_LISTED]: SSLLOOTTHH vend 1 x Enchanted Book  pour 1,300.00β sur survie_new
[17:22:04] [ITEM_LISTED]: SSLLOOTTHH vend 1 x Enchanted Book  pour 1,300.00β sur survie_new
[17:22:05] [ITEM_LISTED]: SSLLOOTTHH vend 1 x Enchanted Book  pour 1,300.00β sur survie_new
[17:22:07] [ITEM_LISTED]: SSLLOOTTHH vend 1 x Enchanted Book  pour 1,300.00β sur survie_new
[17:22:14] [ITEM_LISTED]: SSLLOOTTHH vend 1 x Enchanted Book  pour 1,300.00β sur survie_new
[17:22:15] [ITEM_LISTED]: SSLLOOTTHH vend 1 x Enchanted Book  pour 1,300.00β sur survie_new
[17:22:17] [ITEM_LISTED]: SSLLOOTTHH vend 1 x Enchanted Book  pour 1,300.00β sur survie_new
[17:22:18] [ITEM_LISTED]: SSLLOOTTHH vend 1 x Enchanted Book  pour 1,300.00β sur survie_new
[17:22:30] [ITEM_LISTED]: SSLLOOTTHH vend 1 x §;§:Spawner à Zombie 1x  pour 4,000.00β sur survie_new
[17:32:59] [ITEM_LISTED]: SSLLOOTTHH vend 1 x §;§:Spawner à Squelette 1x  pour 4,000.00β sur survie_new
[17:33:41] [ITEM_SOLD]: Yohan81 vendu 64 x Blaze Rod à  SSLLOOTTHH pour 50.00 β le survie_new
[17:34:20] [ITEM_SOLD]: Tesla248 vendu 1 x Shulker Box à  kalaistar pour 2,500.00 β le survie_new
[17:47:51] [ITEM_LISTED]: SSLLOOTTHH vend 1 x Enchanted Book  pour 2,000.00β sur survie_new
[17:47:54] [ITEM_LISTED]: SSLLOOTTHH vend 1 x Enchanted Book  pour 2,000.00β sur survie_new
[17:48:02] [ITEM_LISTED]: SSLLOOTTHH vend 1 x Enchanted Book  pour 20,000.00β sur survie_new
[17:48:05] [ITEM_LISTED]: SSLLOOTTHH vend 1 x Enchanted Book  pour 20,000.00β sur survie_new
[17:48:11] [ITEM_LISTED]: SSLLOOTTHH vend 1 x Enchanted Book  pour 2,000.00β sur survie_new
[17:48:12] [ITEM_LISTED]: SSLLOOTTHH vend 1 x Enchanted Book  pour 2,000.00β sur survie_new
[17:48:18] [ITEM_LISTED]: SSLLOOTTHH vend 1 x Enchanted Book  pour 2,000.00β sur survie_new
[17:48:19] [ITEM_LISTED]: SSLLOOTTHH vend 1 x Enchanted Book  pour 2,000.00β sur survie_new
[17:48:20] [ITEM_LISTED]: SSLLOOTTHH vend 1 x Enchanted Book  pour 2,000.00β sur survie_new
[17:48:26] [ITEM_LISTED]: SSLLOOTTHH vend 1 x Enchanted Book  pour 2,000.00β sur survie_new
[17:48:34] [ITEM_LISTED]: SSLLOOTTHH vend 1 x Enchanted Book  pour 2,000.00β sur survie_new
[17:48:36] [ITEM_LISTED]: SSLLOOTTHH vend 1 x Enchanted Book  pour 2,000.00β sur survie_new
[17:57:21] [ITEM_SOLD]: HeFk vendu 64 x Anvil à  whanik pour 600.00 β le survie_new
[18:27:09] [ITEM_SOLD]: SSLLOOTTHH vendu 1 x Enchanted Book à  Terofar pour 1,300.00 β le survie_new
[18:31:03] [ITEM_LISTED]: Kaio_Beninou vend 1 x Shulker Box  pour 5,000.00β sur survie_new
[18:53:51] [ITEM_SOLD]: SSLLOOTTHH vendu 1 x §;§:Spawner à Zombie 1x à  portedegaia pour 4,000.00 β le survie_new
[18:57:26] [ITEM_LISTED]: SSLLOOTTHH vend 1 x §;§:Spawner à Zombie 1x  pour 4,000.00β sur survie_new
[19:14:34] [ITEM_LISTED]: froseur vend 3 x §;§:Spawner à Araignée venimeuse 1x  pour 700.00β sur survie_new
[19:18:06] [ITEM_SOLD]: froseur vendu 3 x §;§:Spawner à Araignée venimeuse 1x à  IntegraleEpice pour 700.00 β le survie_new
[19:18:06] [ITEM_LISTED]: Yohan81 vend 64 x Pumpkin Seeds  pour 20.00β sur survie_new
[19:18:09] [ITEM_LISTED]: Yohan81 vend 64 x Pumpkin Seeds  pour 20.00β sur survie_new
[19:18:17] [ITEM_LISTED]: Yohan81 vend 24 x Pumpkin Seeds  pour 5.00β sur survie_new
[19:27:04] [ITEM_LISTED]: SSLLOOTTHH vend 1 x §;§:Spawner à Squelette 1x  pour 3,500.00β sur survie_new
[19:40:00] [ITEM_SOLD]: SSLLOOTTHH vendu 1 x §;§:Spawner à Squelette 1x à  Dagalaz pour 3,500.00 β le survie_new
[19:40:02] [ITEM_SOLD]: SSLLOOTTHH vendu 1 x §;§:Spawner à Zombie 1x à  Dagalaz pour 4,000.00 β le survie_new
[19:40:04] [ITEM_SOLD]: SSLLOOTTHH vendu 1 x §;§:Spawner à Squelette 1x à  Dagalaz pour 4,000.00 β le survie_new
[19:40:06] [ITEM_SOLD]: SSLLOOTTHH vendu 1 x §;§:Spawner à Squelette 1x à  Dagalaz pour 5,000.00 β le survie_new
[19:40:47] [ITEM_LISTED]: Breyyyy vend 12 x §;§:Spawner à Araignée venimeuse 1x  pour 20,000.00β sur survie_new
[19:42:34] [ITEM_LISTED]: Dagalaz vend 1 x §;§:Spawner à Zombie 1x  pour 5,000.00β sur survie_new
[19:42:36] [ITEM_LISTED]: Dagalaz vend 1 x §;§:Spawner à Squelette 1x  pour 5,000.00β sur survie_new
[19:42:39] [ITEM_LISTED]: Dagalaz vend 1 x §;§:Spawner à Squelette 1x  pour 5,000.00β sur survie_new
[19:42:41] [ITEM_LISTED]: Dagalaz vend 1 x §;§:Spawner à Squelette 1x  pour 5,000.00β sur survie_new
[19:44:37] [ITEM_SOLD]: Tesla248 vendu 1 x Shulker Box à  dovaqui pour 2,500.00 β le survie_new
[19:45:07] [ITEM_SOLD]: Breyyyy vendu 12 x §;§:Spawner à Araignée venimeuse 1x à  Christophe_ pour 20,000.00 β le survie_new
[19:47:06] [ITEM_LISTED]: Aku_Hatsu vend 1 x Stick  pour 2,973.00β sur survie_new
[19:47:16] [ITEM_SOLD]: Aku_Hatsu vendu 1 x Stick à  portedegaia pour 2,973.00 β le survie_new
[19:48:07] [ITEM_LISTED]: Aku_Hatsu vend 8 x Stick  pour 10.00β sur survie_new
[19:48:11] [ITEM_SOLD]: Aku_Hatsu vendu 8 x Stick à  portedegaia pour 10.00 β le survie_new
[19:51:28] [ITEM_SOLD]: Dagalaz vendu 1 x §;§:Spawner à Squelette 1x à  LiKaneH pour 5,000.00 β le survie_new
[19:51:59] [ITEM_SOLD]: Tesla248 vendu 1 x Shulker Shell à  LiKaneH pour 1,250.00 β le survie_new
[20:15:02] [ITEM_LISTED]: Tesla248 vend 1 x Elytra  pour 5,000.00β sur survie_new
[20:15:26] [ITEM_SOLD]: Tesla248 vendu 1 x Elytra à  SSLLOOTTHH pour 5,000.00 β le survie_new
[20:24:06] [ITEM_SOLD]: Yohan81 vendu 1 x Saddle à  _Kamonohashi_ pour 200.00 β le survie_new
[20:24:08] [ITEM_SOLD]: Yohan81 vendu 1 x Saddle à  _Kamonohashi_ pour 200.00 β le survie_new
[20:24:10] [ITEM_SOLD]: Yohan81 vendu 1 x Saddle à  _Kamonohashi_ pour 150.00 β le survie_new
[20:24:12] [ITEM_SOLD]: Kaio_Beninou vendu 1 x Saddle à  _Kamonohashi_ pour 500.00 β le survie_new
[20:24:14] [ITEM_SOLD]: Kaio_Beninou vendu 1 x Saddle à  _Kamonohashi_ pour 500.00 β le survie_new
[20:44:50] [ITEM_SOLD]: MyNameIs42 vendu 64 x Golden Carrot à  lucasmts pour 800.00 β le survie_new
[20:50:06] [ITEM_SOLD]: SSLLOOTTHH vendu 1 x Enchanted Book à  Dreyda pour 1,300.00 β le survie_new
[20:58:07] [ITEM_SOLD]: Tesla248 vendu 1 x Shulker Box à  Isaorya pour 2,500.00 β le survie_new
[20:58:09] [ITEM_SOLD]: Tesla248 vendu 1 x Shulker Box à  Isaorya pour 2,500.00 β le survie_new
[21:03:40] [ITEM_LISTED]: SSLLOOTTHH vend 1 x §;§:Spawner à Zombie 1x  pour 3,000.00β sur survie_new
[21:07:53] [ITEM_LISTED]: SSLLOOTTHH vend 1 x §;§:Spawner à Cochon 1x  pour 6,000.00β sur survie_new
[21:11:00] [ITEM_LISTED]: portedegaia vend 64 x Dark Oak Log  pour 750.00β sur survie_new
[21:11:08] [ITEM_LISTED]: portedegaia vend 64 x Dark Oak Log  pour 750.00β sur survie_new
[21:11:13] [ITEM_LISTED]: portedegaia vend 64 x Dark Oak Log  pour 750.00β sur survie_new
[21:11:18] [ITEM_LISTED]: portedegaia vend 64 x Dark Oak Log  pour 750.00β sur survie_new
[21:11:24] [ITEM_LISTED]: portedegaia vend 64 x Dark Oak Log  pour 750.00β sur survie_new
[21:11:32] [ITEM_LISTED]: portedegaia vend 64 x Dark Oak Log  pour 750.00β sur survie_new
[21:11:39] [ITEM_LISTED]: portedegaia vend 64 x Dark Oak Log  pour 750.00β sur survie_new
[21:11:46] [ITEM_LISTED]: portedegaia vend 64 x Dark Oak Log  pour 750.00β sur survie_new
[21:19:14] [ITEM_LISTED]: SSLLOOTTHH vend 1 x §;§:Spawner à Squelette 1x  pour 3,000.00β sur survie_new
[21:21:19] [ITEM_SOLD]: SSLLOOTTHH vendu 1 x Enchanted Book à  Isaorya pour 1,300.00 β le survie_new
[21:24:54] [ITEM_SOLD]: SSLLOOTTHH vendu 1 x §;§:Spawner à Cochon 1x à  Nexusso pour 6,000.00 β le survie_new
[21:27:17] [ITEM_LISTED]: SSLLOOTTHH vend 1 x §;§:Spawner à Arraigné 1x  pour 4,000.00β sur survie_new
[21:30:37] [ITEM_LISTED]: SSLLOOTTHH vend 1 x §;§:Spawner à Zombie 1x  pour 3,000.00β sur survie_new
[21:30:43] [ITEM_LISTED]: portedegaia vend 64 x Dark Oak Log  pour 750.00β sur survie_new
[21:30:47] [ITEM_LISTED]: portedegaia vend 64 x Dark Oak Log  pour 750.00β sur survie_new
[21:30:52] [ITEM_LISTED]: portedegaia vend 64 x Dark Oak Log  pour 750.00β sur survie_new
[21:30:56] [ITEM_LISTED]: portedegaia vend 64 x Dark Oak Log  pour 750.00β sur survie_new
[21:30:59] [ITEM_LISTED]: portedegaia vend 64 x Dark Oak Log  pour 750.00β sur survie_new
[21:31:02] [ITEM_LISTED]: portedegaia vend 64 x Dark Oak Log  pour 750.00β sur survie_new
[21:31:07] [ITEM_LISTED]: portedegaia vend 64 x Dark Oak Log  pour 750.00β sur survie_new
[21:34:38] [ITEM_LISTED]: SSLLOOTTHH vend 1 x §;§:Spawner à Arraigné 1x  pour 3,500.00β sur survie_new
[21:43:07] [ITEM_LISTED]: Kaio_Beninou vend 1 x Saddle  pour 500.00β sur survie_new
[21:43:12] [ITEM_LISTED]: Kaio_Beninou vend 1 x Saddle  pour 500.00β sur survie_new
[21:44:50] [ITEM_SOLD]: Isaorya vendu 64 x Stone à  Nexusso pour 25.00 β le survie_new
[21:44:51] [ITEM_SOLD]: Isaorya vendu 64 x Stone à  Nexusso pour 25.00 β le survie_new
[21:44:52] [ITEM_SOLD]: Isaorya vendu 64 x Stone à  Nexusso pour 25.00 β le survie_new
[21:44:55] [ITEM_SOLD]: Isaorya vendu 64 x Stone à  Nexusso pour 50.00 β le survie_new
[21:45:47] [ITEM_SOLD]: Kaio_Beninou vendu 1 x Black Shulker Box à  HenriLouisHenri pour 5,000.00 β le survie_new
[21:49:31] [ITEM_SOLD]: toonjosh vendu 64 x Bone à  REGDYLAN pour 200.00 β le survie_new
[21:56:46] [ITEM_SOLD]: SSLLOOTTHH vendu 1 x §;§:Spawner à Zombie 1x à  PrinceJUULS pour 3,000.00 β le survie_new
[21:57:28] [ITEM_SOLD]: SSLLOOTTHH vendu 1 x §;§:Spawner à Zombie 1x à  PrinceJUULS pour 3,000.00 β le survie_new
[22:00:36] [ITEM_LISTED]: PrinceJUULS vend 1 x §;§:Spawner à Zombie 1x  pour 4,000.00β sur survie_new
[22:00:46] [ITEM_LISTED]: PrinceJUULS vend 1 x §;§:Spawner à Zombie 1x  pour 4,000.00β sur survie_new
[22:49:04] [ITEM_LISTED]: Isaorya vend 64 x Dirt  pour 0.01β sur survie_new
[22:49:11] [ITEM_LISTED]: Isaorya vend 64 x Grass Block  pour 0.01β sur survie_new
[22:49:13] [ITEM_LISTED]: Isaorya vend 64 x Grass Block  pour 0.01β sur survie_new
[23:01:34] [ITEM_SOLD]: Isaorya vendu 64 x Grass Block à  kalaistar pour 0.01 β le survie_new
[23:01:36] [ITEM_SOLD]: Isaorya vendu 64 x Grass Block à  kalaistar pour 0.01 β le survie_new
[23:24:49] [ITEM_SOLD]: Kaio_Beninou vendu 1 x Enchanted Book à  Jettonial pour 15,000.00 β le survie_new
[23:37:21] [ITEM_LISTED]: Jettonial vend 16 x Ender Pearl  pour 25.00β sur survie_new
[23:37:22] [ITEM_LISTED]: Jettonial vend 16 x Ender Pearl  pour 25.00β sur survie_new
[23:37:24] [ITEM_LISTED]: Jettonial vend 16 x Ender Pearl  pour 25.00β sur survie_new
[23:37:25] [ITEM_LISTED]: Jettonial vend 16 x Ender Pearl  pour 25.00β sur survie_new
[23:43:14] [ITEM_SOLD]: Jettonial vendu 16 x Ender Pearl à  Cryyzi pour 25.00 β le survie_new
[23:43:16] [ITEM_SOLD]: Jettonial vendu 16 x Ender Pearl à  Cryyzi pour 25.00 β le survie_new
[23:43:17] [ITEM_SOLD]: Jettonial vendu 16 x Ender Pearl à  Cryyzi pour 25.00 β le survie_new
[23:43:18] [ITEM_SOLD]: Jettonial vendu 16 x Ender Pearl à  Cryyzi pour 25.00 β le survie_new
[23:45:43] [ITEM_SOLD]: limastic vendu 27 x Slime Ball à  Cryyzi pour 800.00 β le survie_new
[23:46:31] [ITEM_SOLD]: MisterJump vendu 64 x Sugar à  Cryyzi pour 20.00 β le survie_new
[23:51:21] [ITEM_LISTED]: REGDYLAN vend 1 x Panel d'outil  pour 3.00β sur survie_new
[23:51:27] [ITEM_CANCELLED]: REGDYLAN annule la vente de 1x Panel d'outil pour 3.00β sur survie_new
[23:51:28] [ITEM_RETURNED]: 1 x Panel d'outil  renvoyé à REGDYLAN le survie_new
[23:57:18] [ITEM_LISTED]: Kaio_Beninou vend 1 x Enchanted Book  pour 15,000.00β sur survie_new
