[00:01:53] [ITEM_LISTED]: Darinor_ vend 1 x Iron Chestplate  [Protection IV, Thorns II, Unbreaking III] pour 400.00β sur survie_new_the_end
[00:07:54] [ITEM_LISTED]: Darinor_ vend 1 x Diamond Shovel  [Efficiency IV, Unbreaking III] pour 800.00β sur survie_new_the_end
[00:07:58] [ITEM_LISTED]: Darinor_ vend 1 x Diamond Shovel  [Efficiency IV, Unbreaking III] pour 800.00β sur survie_new_the_end
[00:08:07] [ITEM_LISTED]: Darinor_ vend 1 x Diamond Shovel  [Efficiency IV] pour 700.00β sur survie_new_the_end
[02:39:13] [ITEM_LISTED]: Christophe_ vend 1 x Enchanted Book  pour 25,000.00β sur survie_new
[02:56:01] [ITEM_SOLD]: RoroElPadre vendu 1 x Enchanted Book à  Christophe_ pour 3,500.00 β le survie_new
[02:56:58] [ITEM_SOLD]: pikatchou82 vendu 1 x Enchanted Book à  Christophe_ pour 2,000.00 β le survie_new
[09:26:47] [ITEM_SOLD]: D3sTryk3 vendu 64 x Blaze Rod à  ketsumochi pour 95.00 β le survie_new
[09:26:51] [ITEM_SOLD]: D3sTryk3 vendu 1 x Totem Of Undying à  ketsumochi pour 300.00 β le survie_new
[09:27:46] [ITEM_SOLD]: P2M2A2 vendu 64 x Jukebox à  ketsumochi pour 250.00 β le survie_new
[09:29:56] [ITEM_SOLD]: Darinor_ vendu 1 x Iron Helmet à  [Protection III, Respiration II, Unbreaking III, Curse of Vanishing] ketsumochi pour 100.00 β le survie_new_the_end
[09:30:29] [ITEM_SOLD]: Stebanou vendu 1 x Elytra à  ketsumochi pour 7,000.00 β le survie_new
[09:30:31] [ITEM_SOLD]: Minebark vendu 1 x Shulker Box à  ketsumochi pour 3,000.00 β le survie_new
[11:58:55] [ITEM_LISTED]: Darinor_ vend 1 x Diamond Chestplate  [Mending, Protection IV, Unbreaking III] pour 3,000.00β sur survie_new_the_end
[12:02:02] [ITEM_RETURNED]: 1 x Enchanted Book  renvoyé à pikatchou82 le survie_new
[12:02:03] [ITEM_RETURNED]: 1 x Enchanted Book  renvoyé à pikatchou82 le survie_new
[12:02:04] [ITEM_RETURNED]: 1 x Enchanted Book  renvoyé à pikatchou82 le survie_new
[12:02:04] [ITEM_RETURNED]: 1 x Enchanted Book  renvoyé à pikatchou82 le survie_new
[12:02:08] [ITEM_RETURNED]: 1 x Enchanted Book  renvoyé à pikatchou82 le survie_new
[12:02:08] [ITEM_RETURNED]: 1 x Enchanted Book  renvoyé à pikatchou82 le survie_new
[12:02:09] [ITEM_RETURNED]: 1 x Enchanted Book  renvoyé à pikatchou82 le survie_new
[12:02:09] [ITEM_RETURNED]: 1 x Enchanted Book  renvoyé à pikatchou82 le survie_new
[12:02:10] [ITEM_RETURNED]: 1 x Enchanted Book  renvoyé à pikatchou82 le survie_new
[12:02:49] [ITEM_LISTED]: pikatchou82 vend 1 x Enchanted Book  pour 4,000.00β sur survie_new
[12:02:59] [ITEM_LISTED]: pikatchou82 vend 1 x Enchanted Book  pour 4,000.00β sur survie_new
[12:03:12] [ITEM_LISTED]: pikatchou82 vend 1 x Enchanted Book  pour 2,000.00β sur survie_new
[12:03:15] [ITEM_LISTED]: pikatchou82 vend 1 x Enchanted Book  pour 2,000.00β sur survie_new
[12:03:17] [ITEM_LISTED]: pikatchou82 vend 1 x Enchanted Book  pour 2,000.00β sur survie_new
[12:03:19] [ITEM_LISTED]: pikatchou82 vend 1 x Enchanted Book  pour 2,000.00β sur survie_new
[12:03:22] [ITEM_LISTED]: pikatchou82 vend 1 x Enchanted Book  pour 2,000.00β sur survie_new
[12:03:25] [ITEM_LISTED]: pikatchou82 vend 1 x Enchanted Book  pour 2,000.00β sur survie_new
[12:03:28] [ITEM_LISTED]: pikatchou82 vend 1 x Enchanted Book  pour 2,000.00β sur survie_new
[16:10:41] [ITEM_SOLD]: Darinor_ vendu 1 x Diamond Chestplate à  [Mending, Protection IV, Unbreaking III] Zarbikop pour 3,000.00 β le survie_new_the_end
[18:40:05] [ITEM_SOLD]: Darinor_ vendu 1 x Diamond Shovel à  [Efficiency IV] TheSolobaid pour 700.00 β le survie_new_the_end
[18:40:25] [ITEM_SOLD]: Yohan81 vendu 1 x Saddle à  TheSolobaid pour 100.00 β le survie_new
[19:41:14] [ITEM_LISTED]: D3sTryk3 vend 1 x Saddle  pour 100.00β sur survie_new
[19:41:16] [ITEM_LISTED]: D3sTryk3 vend 1 x Saddle  pour 100.00β sur survie_new
[19:41:23] [ITEM_LISTED]: D3sTryk3 vend 1 x Saddle  pour 100.00β sur survie_new
[19:41:26] [ITEM_LISTED]: D3sTryk3 vend 1 x Saddle  pour 100.00β sur survie_new
[19:41:28] [ITEM_LISTED]: D3sTryk3 vend 1 x Saddle  pour 100.00β sur survie_new
[19:41:30] [ITEM_LISTED]: D3sTryk3 vend 1 x Saddle  pour 100.00β sur survie_new
[19:41:42] [ITEM_LISTED]: D3sTryk3 vend 1 x Saddle  pour 100.00β sur survie_new
[19:41:43] [ITEM_LISTED]: D3sTryk3 vend 1 x Saddle  pour 100.00β sur survie_new
[19:41:45] [ITEM_LISTED]: D3sTryk3 vend 1 x Saddle  pour 100.00β sur survie_new
[19:41:47] [ITEM_LISTED]: D3sTryk3 vend 1 x Saddle  pour 100.00β sur survie_new
[19:41:50] [ITEM_LISTED]: D3sTryk3 vend 1 x Saddle  pour 100.00β sur survie_new
[19:42:11] [ITEM_LISTED]: D3sTryk3 vend 1 x Potion  pour 5.00β sur survie_new
[20:28:12] [ITEM_LISTED]: pikatchou82 vend 63 x Iron Door  pour 800.00β sur survie_new
[20:45:49] [ITEM_LISTED]: pikatchou82 vend 64 x Jukebox  pour 250.00β sur survie_new
[20:45:51] [ITEM_LISTED]: pikatchou82 vend 64 x Jukebox  pour 250.00β sur survie_new
[20:45:53] [ITEM_LISTED]: pikatchou82 vend 64 x Jukebox  pour 250.00β sur survie_new
[20:45:55] [ITEM_LISTED]: pikatchou82 vend 64 x Jukebox  pour 250.00β sur survie_new
[20:45:58] [ITEM_LISTED]: pikatchou82 vend 64 x Jukebox  pour 250.00β sur survie_new
[20:46:01] [ITEM_LISTED]: pikatchou82 vend 64 x Jukebox  pour 250.00β sur survie_new
[20:49:21] [ITEM_LISTED]: pikatchou82 vend 64 x Jukebox  pour 250.00β sur survie_new
[20:49:34] [ITEM_LISTED]: pikatchou82 vend 64 x Jukebox  pour 250.00β sur survie_new
[20:50:08] [ITEM_SOLD]: pikatchou82 vendu 64 x Jukebox à  TheSolobaid pour 250.00 β le survie_new
[21:08:49] [ITEM_LISTED]: Stebanou vend 1 x Diamond Pickaxe  [Efficiency V, Silk Touch, Unbreaking III] pour 5,000.00β sur survie_new
[21:17:07] [ITEM_RETURNED]: 1 x Saddle  renvoyé à Kaio_Beninou le survie_new
[21:17:08] [ITEM_RETURNED]: 1 x Enchanted Book  renvoyé à Kaio_Beninou le survie_new
[21:17:20] [ITEM_LISTED]: Kaio_Beninou vend 1 x Saddle  pour 500.00β sur survie_new
[21:17:29] [ITEM_LISTED]: Kaio_Beninou vend 1 x Enchanted Book  pour 2,000.00β sur survie_new
[21:22:58] [ITEM_DROPPED]: Abandon de la vente limastic expirée de 4 x Chicken  pour 0.00β à leurs pieds le survie_new
[21:33:25] [ITEM_SOLD]: Solasis7 vendu 64 x Smooth Stone à  PtitBiscuit55 pour 150.00 β le survie_new
[22:01:47] [ITEM_LISTED]: Kaio_Beninou vend 1 x Trident  pour 20,000.00β sur survie_new
[22:05:32] [ITEM_LISTED]: Kaio_Beninou vend 1 x Trident  pour 20,000.00β sur survie_new
[22:49:23] [ITEM_SOLD]: Kaio_Beninou vendu 1 x Trident à  Stebanou pour 20,000.00 β le survie_new
