[01:09:18] [ITEM_SOLD]: Mathis6000 vendu 1 x Written Book à  RoroElPadre pour 123.00 β le survie_new
[01:20:13] [ITEM_SOLD]: Haru_M vendu 1 x Enchanted Book à  Stebanou pour 8,500.00 β le survie_new
[01:34:05] [ITEM_SOLD]: Yohan81 vendu 38 x Sugar Cane à  RoroElPadre pour 30.00 β le survie_new
[03:10:57] [ITEM_LISTED]: Christophe_ vend 16 x Ender Pearl  pour 500.00β sur survie_new_the_end
[03:10:58] [ITEM_LISTED]: Christophe_ vend 16 x Ender Pearl  pour 500.00β sur survie_new_the_end
[03:10:59] [ITEM_LISTED]: Christophe_ vend 16 x Ender Pearl  pour 500.00β sur survie_new_the_end
[03:11:04] [ITEM_LISTED]: Christophe_ vend 16 x Ender Pearl  pour 500.00β sur survie_new_the_end
[03:11:05] [ITEM_LISTED]: Christophe_ vend 16 x Ender Pearl  pour 500.00β sur survie_new_the_end
[03:11:05] [ITEM_LISTED]: Christophe_ vend 16 x Ender Pearl  pour 500.00β sur survie_new_the_end
[03:11:09] [ITEM_LISTED]: Christophe_ vend 16 x Ender Pearl  pour 500.00β sur survie_new_the_end
[03:11:10] [ITEM_LISTED]: Christophe_ vend 16 x Ender Pearl  pour 500.00β sur survie_new_the_end
[03:11:11] [ITEM_LISTED]: Christophe_ vend 16 x Ender Pearl  pour 500.00β sur survie_new_the_end
[03:11:13] [ITEM_LISTED]: Christophe_ vend 16 x Ender Pearl  pour 500.00β sur survie_new_the_end
[03:11:43] [ITEM_LISTED]: Christophe_ vend 16 x Ender Pearl  pour 500.00β sur survie_new_the_end
[03:12:38] [ITEM_LISTED]: Christophe_ vend 16 x Ender Pearl  pour 500.00β sur survie_new_the_end
[03:13:17] [ITEM_LISTED]: Christophe_ vend 16 x Ender Pearl  pour 500.00β sur survie_new_the_end
[03:13:41] [ITEM_LISTED]: Christophe_ vend 16 x Ender Pearl  pour 500.00β sur survie_new_the_end
[03:17:56] [ITEM_LISTED]: Christophe_ vend 16 x Ender Pearl  pour 500.00β sur survie_new_the_end
[03:17:58] [ITEM_LISTED]: Christophe_ vend 16 x Ender Pearl  pour 500.00β sur survie_new_the_end
[03:18:01] [ITEM_LISTED]: Christophe_ vend 16 x Ender Pearl  pour 500.00β sur survie_new_the_end
[03:18:56] [ITEM_LISTED]: Christophe_ vend 16 x Ender Pearl  pour 500.00β sur survie_new_the_end
[03:19:39] [ITEM_LISTED]: Christophe_ vend 16 x Ender Pearl  pour 500.00β sur survie_new_the_end
[03:21:20] [ITEM_LISTED]: Christophe_ vend 16 x Ender Pearl  pour 500.00β sur survie_new_the_end
[03:21:22] [ITEM_LISTED]: Christophe_ vend 16 x Ender Pearl  pour 500.00β sur survie_new_the_end
[03:24:15] [ITEM_LISTED]: Christophe_ vend 16 x Ender Pearl  pour 500.00β sur survie_new_the_end
[03:24:16] [ITEM_LISTED]: Christophe_ vend 16 x Ender Pearl  pour 500.00β sur survie_new_the_end
[03:24:17] [ITEM_LISTED]: Christophe_ vend 16 x Ender Pearl  pour 500.00β sur survie_new_the_end
[03:25:49] [ITEM_LISTED]: Christophe_ vend 16 x Ender Pearl  pour 500.00β sur survie_new_the_end
[03:25:50] [ITEM_LISTED]: Christophe_ vend 16 x Ender Pearl  pour 500.00β sur survie_new_the_end
[03:25:53] [ITEM_LISTED]: Christophe_ vend 16 x Ender Pearl  pour 500.00β sur survie_new_the_end
[08:54:42] [ITEM_CANCELLED]: RoroElPadre annule la vente de 1x Enchanted Book pour 3,000.00β sur survie_new
[08:54:42] [ITEM_CANCELLED]: RoroElPadre annule la vente de 1x Enchanted Book pour 3,000.00β sur survie_new
[08:54:43] [ITEM_CANCELLED]: RoroElPadre annule la vente de 1x Enchanted Book pour 3,000.00β sur survie_new
[08:54:43] [ITEM_CANCELLED]: RoroElPadre annule la vente de 1x Enchanted Book pour 2,000.00β sur survie_new
[08:54:43] [ITEM_CANCELLED]: RoroElPadre annule la vente de 1x Diamond Shovel [Unbreaking III] pour 700.00β sur survie_new
[08:54:43] [ITEM_CANCELLED]: RoroElPadre annule la vente de 1x Fishing Rod [Unbreaking III] pour 2,000.00β sur survie_new
[08:54:43] [ITEM_CANCELLED]: RoroElPadre annule la vente de 1x Fishing Rod [Unbreaking III] pour 2,000.00β sur survie_new
[08:54:44] [ITEM_CANCELLED]: RoroElPadre annule la vente de 1x Fishing Rod [Unbreaking III] pour 2,000.00β sur survie_new
[08:54:44] [ITEM_CANCELLED]: RoroElPadre annule la vente de 1x Fishing Rod [Unbreaking III] pour 2,000.00β sur survie_new
[08:54:44] [ITEM_CANCELLED]: RoroElPadre annule la vente de 1x Fishing Rod [Unbreaking III] pour 2,000.00β sur survie_new
[08:54:46] [ITEM_RETURNED]: 1 x Fishing Rod  [Unbreaking III] renvoyé à RoroElPadre le survie_new
[08:54:47] [ITEM_RETURNED]: 1 x Fishing Rod  [Unbreaking III] renvoyé à RoroElPadre le survie_new
[08:54:47] [ITEM_RETURNED]: 1 x Fishing Rod  [Unbreaking III] renvoyé à RoroElPadre le survie_new
[08:54:47] [ITEM_RETURNED]: 1 x Fishing Rod  [Unbreaking III] renvoyé à RoroElPadre le survie_new
[08:54:48] [ITEM_RETURNED]: 1 x Fishing Rod  [Unbreaking III] renvoyé à RoroElPadre le survie_new
[08:54:48] [ITEM_RETURNED]: 1 x Diamond Shovel  [Unbreaking III] renvoyé à RoroElPadre le survie_new
[08:54:48] [ITEM_RETURNED]: 1 x Enchanted Book  renvoyé à RoroElPadre le survie_new
[08:54:48] [ITEM_RETURNED]: 1 x Enchanted Book  renvoyé à RoroElPadre le survie_new
[08:54:48] [ITEM_RETURNED]: 1 x Enchanted Book  renvoyé à RoroElPadre le survie_new
[08:54:49] [ITEM_RETURNED]: 1 x Enchanted Book  renvoyé à RoroElPadre le survie_new
[08:55:05] [ITEM_LISTED]: RoroElPadre vend 1 x Diamond Shovel  [Unbreaking III] pour 700.00β sur survie_new
[08:55:19] [ITEM_LISTED]: RoroElPadre vend 1 x Enchanted Book  pour 1,000.00β sur survie_new
[08:55:29] [ITEM_LISTED]: RoroElPadre vend 1 x Enchanted Book  pour 900.00β sur survie_new
[08:55:36] [ITEM_LISTED]: RoroElPadre vend 1 x Enchanted Book  pour 900.00β sur survie_new
[08:55:46] [ITEM_LISTED]: RoroElPadre vend 1 x Fishing Rod  [Unbreaking III] pour 650.00β sur survie_new
[08:55:48] [ITEM_LISTED]: RoroElPadre vend 1 x Fishing Rod  [Unbreaking III] pour 650.00β sur survie_new
[08:55:50] [ITEM_LISTED]: RoroElPadre vend 1 x Fishing Rod  [Unbreaking III] pour 650.00β sur survie_new
[08:55:52] [ITEM_LISTED]: RoroElPadre vend 1 x Fishing Rod  [Unbreaking III] pour 650.00β sur survie_new
[08:55:55] [ITEM_LISTED]: RoroElPadre vend 1 x Fishing Rod  [Unbreaking III] pour 650.00β sur survie_new
[09:31:53] [ITEM_SOLD]: Haru_M vendu 1 x Enchanted Book à  RoroElPadre pour 3,000.00 β le survie_new
[11:39:24] [ITEM_SOLD]: RoroElPadre vendu 1 x Enchanted Book à  Bertrand pour 900.00 β le survie_new
[12:20:25] [ITEM_SOLD]: Mathis6000 vendu 1 x Stonecutter à  Ekiliox pour 10.00 β le survie_new
[13:54:45] [ITEM_LISTED]: 74Matt vend 64 x Carrot  pour 10.00β sur survie_new
[13:54:50] [ITEM_LISTED]: 74Matt vend 64 x Carrot  pour 10.00β sur survie_new
[13:54:56] [ITEM_LISTED]: 74Matt vend 64 x Carrot  pour 10.00β sur survie_new
[14:03:44] [ITEM_SOLD]: Haru_M vendu 1 x Enchanted Book à  74Matt pour 8,500.00 β le survie_new
[14:14:20] [ITEM_DROPPED]: Abandon de la vente Yohan81 expirée de 1 x Saddle  pour 0.00β à leurs pieds le survie_new
[14:17:03] [ITEM_LISTED]: Yohan81 vend 1 x Saddle  pour 100.00β sur survie_new
[14:22:44] [ITEM_LISTED]: 74Matt vend 64 x Quartz Block  pour 800.00β sur survie_new
[14:22:51] [ITEM_RETURNED]: 1 x Iron Sword  [Sharpness I] renvoyé à 74Matt le survie_new
[14:22:51] [ITEM_RETURNED]: 36 x Rose Bush  renvoyé à 74Matt le survie_new
[14:22:52] [ITEM_RETURNED]: 2 x Pomme  renvoyé à 74Matt le survie_new
[14:22:52] [ITEM_RETURNED]: 1 x Iron Pickaxe  [Efficiency IV, Silk Touch, Unbreaking III] renvoyé à 74Matt le survie_new
[14:24:23] [ITEM_CANCELLED]: 74Matt annule la vente de 64x Carrot pour 10.00β sur survie_new
[14:24:24] [ITEM_CANCELLED]: 74Matt annule la vente de 64x Carrot pour 10.00β sur survie_new
[14:24:25] [ITEM_CANCELLED]: 74Matt annule la vente de 64x Carrot pour 10.00β sur survie_new
[14:24:31] [ITEM_RETURNED]: 64 x Carrot  renvoyé à 74Matt le survie_new
[14:24:31] [ITEM_RETURNED]: 64 x Carrot  renvoyé à 74Matt le survie_new
[14:24:31] [ITEM_RETURNED]: 64 x Carrot  renvoyé à 74Matt le survie_new
[14:28:14] [ITEM_LISTED]: 74Matt vend 5 x Nether Wart  pour 1,000.00β sur survie_new
[14:28:52] [ITEM_LISTED]: 74Matt vend 5 x Nether Wart  pour 1,000.00β sur survie_new
[14:29:01] [ITEM_LISTED]: 74Matt vend 5 x Nether Wart  pour 1,000.00β sur survie_new
[14:29:07] [ITEM_LISTED]: 74Matt vend 5 x Nether Wart  pour 1,000.00β sur survie_new
[14:29:14] [ITEM_LISTED]: 74Matt vend 2 x Nether Wart  pour 400.00β sur survie_new
[14:29:52] [ITEM_LISTED]: 74Matt vend 64 x Dried Kelp  pour 20.00β sur survie_new
[14:40:03] [ITEM_SOLD]: RoroElPadre vendu 1 x Diamond Shovel à  [Unbreaking III] Ekiliox pour 700.00 β le survie_new
[14:49:44] [ITEM_LISTED]: Mathis6000 vend 64 x Rotten Flesh  pour 100.00β sur survie_new
[14:50:01] [ITEM_LISTED]: Mathis6000 vend 64 x Rotten Flesh  pour 100.00β sur survie_new
[14:50:35] [ITEM_LISTED]: Mathis6000 vend 31 x Rotten Flesh  pour 50.00β sur survie_new
[15:08:27] [ITEM_LISTED]: Yohan81 vend 12 x Gold Ingot  pour 300.00β sur survie_new
[15:08:42] [ITEM_LISTED]: Yohan81 vend 45 x Iron Ingot  pour 675.00β sur survie_new
[15:09:06] [ITEM_SOLD]: Yohan81 vendu 12 x Gold Ingot à  RoroElPadre pour 300.00 β le survie_new
[15:12:58] [ITEM_LISTED]: Stebanou vend 1 x Ulfhednar  [Fire Aspect I, Looting III, Mending, Sharpness V, Sweeping Edge III, Unbreaking II] pour 1,500.00β sur survie_new
[15:13:06] [ITEM_CANCELLED]: Stebanou annule la vente de 1x Ulfhednar [Fire Aspect I, Looting III, Mending, Sharpness V, Sweeping Edge III, Unbreaking II] pour 1,500.00β sur survie_new
[15:13:08] [ITEM_RETURNED]: 1 x Ulfhednar  [Fire Aspect I, Looting III, Mending, Sharpness V, Sweeping Edge III, Unbreaking II] renvoyé à Stebanou le survie_new
[15:13:20] [ITEM_LISTED]: Stebanou vend 1 x Ulfhednar  [Fire Aspect I, Looting III, Mending, Sharpness V, Sweeping Edge III, Unbreaking II] pour 15,000.00β sur survie_new
[15:14:39] [ITEM_LISTED]: Yohan81 vend 30 x Lapis Lazuli  pour 50.00β sur survie_new
[15:16:12] [ITEM_DROPPED]: Abandon de la vente Christophe_ expirée de 1 x Journal de quêtes  pour 0.00β à leurs pieds le survie_new
[15:16:12] [ITEM_DROPPED]: Abandon de la vente Christophe_ expirée de 1 x Journal de quêtes  pour 0.00β à leurs pieds le survie_new
[15:31:20] [ITEM_SOLD]: Yohan81 vendu 30 x Lapis Lazuli à  RoroElPadre pour 50.00 β le survie_new
[15:33:14] [ITEM_LISTED]: Stebanou vend 1 x Enchanted Book  pour 2,000.00β sur survie_new
[15:36:09] [ITEM_LISTED]: Stebanou vend 1 x Enchanted Book  pour 2,000.00β sur survie_new
[15:36:17] [ITEM_LISTED]: Stebanou vend 1 x Enchanted Book  pour 2,000.00β sur survie_new
[15:45:22] [ITEM_LISTED]: FlashChant29 vend 1 x Stonecutter  pour 1,000.00β sur survie_new
[15:45:31] [ITEM_LISTED]: FlashChant29 vend 1 x Grindstone  pour 1,000.00β sur survie_new
[15:55:03] [ITEM_LISTED]: RoroElPadre vend 1 x Enchanted Book  pour 2,500.00β sur survie_new
[15:55:05] [ITEM_LISTED]: RoroElPadre vend 1 x Enchanted Book  pour 2,500.00β sur survie_new
[16:03:19] [ITEM_SOLD]: RoroElPadre vendu 1 x Enchanted Book à  Yohan81 pour 2,500.00 β le survie_new
[16:48:39] [ITEM_LISTED]: Yohan81 vend 64 x Clay  pour 150.00β sur survie_new
[16:48:54] [ITEM_SOLD]: Yohan81 vendu 64 x Clay à  Christophe_ pour 150.00 β le survie_new
[17:01:26] [ITEM_LISTED]: Yohan81 vend 64 x Clay  pour 200.00β sur survie_new
[17:01:28] [ITEM_LISTED]: Yohan81 vend 64 x Clay  pour 200.00β sur survie_new
[17:01:30] [ITEM_LISTED]: Yohan81 vend 64 x Clay  pour 200.00β sur survie_new
[17:01:32] [ITEM_SOLD]: Yohan81 vendu 64 x Clay à  aidan pour 200.00 β le survie_new
[17:01:33] [ITEM_LISTED]: Yohan81 vend 64 x Clay  pour 200.00β sur survie_new
[17:01:34] [ITEM_LISTED]: Yohan81 vend 64 x Clay  pour 200.00β sur survie_new
[17:01:36] [ITEM_LISTED]: Yohan81 vend 64 x Clay  pour 200.00β sur survie_new
[17:01:36] [ITEM_SOLD]: Yohan81 vendu 64 x Clay à  Christophe_ pour 200.00 β le survie_new
[17:01:37] [ITEM_SOLD]: Yohan81 vendu 64 x Clay à  Christophe_ pour 200.00 β le survie_new
[17:01:38] [ITEM_LISTED]: Yohan81 vend 64 x Clay  pour 200.00β sur survie_new
[17:01:38] [ITEM_SOLD]: Yohan81 vendu 64 x Clay à  Christophe_ pour 200.00 β le survie_new
[17:01:39] [ITEM_LISTED]: Yohan81 vend 64 x Clay  pour 200.00β sur survie_new
[17:01:40] [ITEM_SOLD]: Yohan81 vendu 64 x Clay à  Christophe_ pour 200.00 β le survie_new
[17:01:42] [ITEM_SOLD]: Yohan81 vendu 64 x Clay à  Christophe_ pour 200.00 β le survie_new
[17:01:43] [ITEM_SOLD]: Yohan81 vendu 64 x Clay à  Christophe_ pour 200.00 β le survie_new
[17:01:49] [ITEM_SOLD]: Yohan81 vendu 64 x Clay à  Christophe_ pour 200.00 β le survie_new
[17:03:28] [ITEM_LISTED]: Yohan81 vend 64 x Clay  pour 200.00β sur survie_new
[17:03:30] [ITEM_LISTED]: Yohan81 vend 64 x Clay  pour 200.00β sur survie_new
[17:03:31] [ITEM_LISTED]: Yohan81 vend 64 x Clay  pour 200.00β sur survie_new
[17:20:06] [ITEM_DROPPED]: Abandon de la vente OfCourse expirée de 64 x Pumpkin  pour 0.00β à leurs pieds le survie_new
[17:58:34] [ITEM_SOLD]: Haru_M vendu 1 x Enchanted Book à  Stebanou pour 8,500.00 β le survie_new
[20:05:12] [ITEM_SOLD]: Minebark vendu 1 x Saddle à  Ekiliox pour 100.00 β le survie_new
[20:09:57] [ITEM_CANCELLED]: Ekiliox annule la vente de 1x Iron Horse Armor pour 150.00β sur survie_new
[20:10:00] [ITEM_RETURNED]: 1 x Iron Horse Armor  renvoyé à Ekiliox le survie_new
[22:17:17] [ITEM_SOLD]: Stebanou vendu 1 x Ulfhednar à  [Fire Aspect I, Looting III, Mending, Sharpness V, Sweeping Edge III, Unbreaking II] ticiatrhd pour 15,000.00 β le survie_new
[22:22:36] [ITEM_SOLD]: pikatchou82 vendu 1 x Enchanted Book à  omega2028 pour 4,000.00 β le survie_new
