[00:45:17] [ITEM_LISTED]: Teinavaa vend 1 x [Spider Spawner]  pour 2,000.00β sur survie_new
[00:47:48] [ITEM_LISTED]: Teinavaa vend 1 x Enchanted Book  pour 1,000.00β sur survie_new
[00:47:54] [ITEM_LISTED]: Teinavaa vend 1 x Enchanted Book  pour 1,000.00β sur survie_new
[00:47:57] [ITEM_LISTED]: Teinavaa vend 1 x Enchanted Book  pour 1,000.00β sur survie_new
[00:48:01] [ITEM_LISTED]: Teinavaa vend 1 x Enchanted Book  pour 200.00β sur survie_new
[00:48:08] [ITEM_LISTED]: Teinavaa vend 1 x Enchanted Book  pour 200.00β sur survie_new
[00:48:59] [ITEM_LISTED]: Teinavaa vend 37 x Emerald  pour 2,000.00β sur survie_new
[05:47:11] [ITEM_SOLD]: sylverfire02 vendu 1 x Enchanted Book à  Luzarielle pour 2,000.00 β le survie_new
[07:25:20] [ITEM_SOLD]: Teinavaa vendu 1 x [Spider Spawner] à  Skylord28 pour 2,000.00 β le survie_new
[12:54:45] [ITEM_SOLD]: pierro vendu 1 x Ender Chest à  Caldryk pour 500.00 β le survie_new
[13:28:10] [ITEM_SOLD]: pierro vendu 64 x Blaze Rod à  JUBJUBll74 pour 480.00 β le survie_new
[13:53:11] [ITEM_LISTED]: REGDYLAN vend 1 x Diamond Pickaxe  [Efficiency V, Fortune III, Unbreaking III] pour 3,500.00β sur survie_new
[13:53:14] [ITEM_LISTED]: REGDYLAN vend 1 x Diamond Pickaxe  [Efficiency V, Fortune III, Unbreaking III] pour 3,500.00β sur survie_new
[13:53:15] [ITEM_LISTED]: REGDYLAN vend 1 x Diamond Pickaxe  [Efficiency V, Silk Touch, Unbreaking III] pour 3,500.00β sur survie_new
[13:53:16] [ITEM_LISTED]: REGDYLAN vend 1 x Diamond Pickaxe  [Efficiency V, Fortune III, Unbreaking III] pour 3,500.00β sur survie_new
[14:01:52] [ITEM_CANCELLED]: REGDYLAN annule la vente de 1x Diamond Pickaxe [Efficiency V, Silk Touch, Unbreaking III] pour 3,500.00β sur survie_new
[14:01:54] [ITEM_RETURNED]: 1 x Diamond Pickaxe  [Efficiency V, Silk Touch, Unbreaking III] renvoyé à REGDYLAN le survie_new
[14:41:57] [ITEM_SOLD]: REGDYLAN vendu 1 x Diamond Pickaxe à  [Efficiency V, Fortune III, Unbreaking III] Jadequeenbleu pour 3,500.00 β le survie_new
[14:53:35] [ITEM_SOLD]: Teinavaa vendu 37 x Emerald à  Axiton pour 2,000.00 β le survie_new
[15:24:54] [ITEM_SOLD]: Cryyzi vendu 1 x Epée des Cieux à  [Looting II, Sharpness V, Unbreaking II] portedegaia pour 20,000.00 β le survie_new
[15:25:40] [ITEM_SOLD]: REGDYLAN vendu 1 x Diamond Pickaxe à  [Efficiency V, Fortune III, Unbreaking III] portedegaia pour 3,500.00 β le survie_new
[15:49:21] [ITEM_SOLD]: REGDYLAN vendu 1 x Diamond Pickaxe à  [Efficiency V, Fortune III, Unbreaking III] eric2a pour 3,500.00 β le survie_new
[15:50:18] [ITEM_SOLD]: pierro vendu 1 x Diamond Helmet à  [Protection III] eric2a pour 550.00 β le survie_new
[15:50:22] [ITEM_SOLD]: pierro vendu 1 x Diamond Boots à  [Protection IV, Unbreaking III] eric2a pour 1,150.00 β le survie_new
[15:50:29] [ITEM_SOLD]: pierro vendu 1 x Diamond Chestplate à  [Protection IV] eric2a pour 1,050.00 β le survie_new
[15:57:39] [ITEM_DROPPED]: Abandon de la vente OfCourse expirée de 10 x Dispenser  pour 0.00β à leurs pieds le Ressource
[15:58:30] [ITEM_LISTED]: OfCourse vend 10 x Dispenser  pour 1,000.00β sur survie_new
[16:02:52] [ITEM_CANCELLED]: Elliryk annule la vente de 64x Paper pour 250.00β sur survie_new
[16:02:54] [ITEM_CANCELLED]: Elliryk annule la vente de 64x Paper pour 250.00β sur survie_new
[16:13:44] [ITEM_SOLD]: pierro vendu 1 x Enchanted Book à  Dragonoss pour 2,500.00 β le survie_new
[16:15:43] [ITEM_SOLD]: Axiton vendu 64 x Blaze Rod à  hugoleb pour 350.00 β le survie_new
[16:17:58] [ITEM_LISTED]: RomanZ vend 1 x Potion  pour 700.00β sur survie_new
[16:18:00] [ITEM_LISTED]: RomanZ vend 1 x Potion  pour 700.00β sur survie_new
[16:18:03] [ITEM_LISTED]: RomanZ vend 1 x Potion  pour 700.00β sur survie_new
[16:18:05] [ITEM_LISTED]: RomanZ vend 1 x Potion  pour 700.00β sur survie_new
[16:18:07] [ITEM_LISTED]: RomanZ vend 1 x Potion  pour 700.00β sur survie_new
[16:21:59] [ITEM_SOLD]: K666D vendu 64 x Melon Slice à  hugoleb pour 50.00 β le survie_new
[16:22:02] [ITEM_SOLD]: K666D vendu 64 x Carrot à  hugoleb pour 70.00 β le survie_new
[16:34:10] [ITEM_LISTED]: Kaio_Beninou vend 1 x Enchanted Book  pour 7,500.00β sur survie_new
[16:34:13] [ITEM_LISTED]: Kaio_Beninou vend 1 x Enchanted Book  pour 7,500.00β sur survie_new
[16:34:18] [ITEM_LISTED]: Kaio_Beninou vend 1 x Enchanted Book  pour 7,500.00β sur survie_new
[16:38:36] [ITEM_LISTED]: hugoleb vend 64 x Leather  pour 450.00β sur survie_new
[16:39:19] [ITEM_CANCELLED]: RomanZ annule la vente de 1x Potion pour 700.00β sur survie_new
[16:39:32] [ITEM_RETURNED]: 1 x Potion  renvoyé à RomanZ le survie_new
[16:49:57] [ITEM_SOLD]: Teinavaa vendu 1 x Enchanted Book à  kalaistar pour 200.00 β le survie_new
[16:49:57] [ITEM_SOLD]: Teinavaa vendu 1 x Enchanted Book à  kalaistar pour 200.00 β le survie_new
[16:58:27] [ITEM_SOLD]: Teinavaa vendu 1 x Enchanted Book à  eric2a pour 1,000.00 β le survie_new
[17:00:05] [ITEM_SOLD]: hugoleb vendu 64 x Leather à  eric2a pour 450.00 β le survie_new
[17:09:53] [ITEM_SOLD]: Axiton vendu 64 x Blaze Rod à  clementderi pour 350.00 β le survie_new
[17:13:17] [ITEM_SOLD]: Axiton vendu 1 x Fishing Rod à  [Mending, Unbreaking III] clementderi pour 1,500.00 β le survie_new
[17:33:47] [ITEM_LISTED]: WyRz_ vend 1 x Experience Bottle  pour 100.00β sur survie_new
[17:34:54] [ITEM_LISTED]: MyNameIs42 vend 1 x Globe  pour 500.00β sur survie_new
[17:34:58] [ITEM_SOLD]: MyNameIs42 vendu 1 x Globe à  aidan pour 500.00 β le survie_new
[18:24:07] [ITEM_SOLD]: Blazd vendu 1 x Bell à  Murdock_Co pour 3,000.00 β le survie_new
[19:03:49] [ITEM_SOLD]: Kaio_Beninou vendu 1 x Enchanted Book à  Teinavaa pour 7,500.00 β le survie_new
[19:21:45] [ITEM_LISTED]: Kaio_Beninou vend 10 x Ink Sac  pour 1,500.00β sur survie_new
[19:21:45] [ITEM_LISTED]: HeFk vend 64 x Magma Block  pour 200.00β sur survie_new
[19:22:07] [ITEM_SOLD]: HeFk vendu 64 x Magma Block à  Luzarielle pour 200.00 β le survie_new
[19:48:15] [ITEM_SOLD]: Cryyzi vendu 1 x White Bed à  Nadreel pour 11.00 β le survie_new
[19:48:50] [ITEM_CANCELLED]: Christophe_ annule la vente de 1x Journal de quêtes pour 100,000.00β sur survie_new
[19:49:54] [ITEM_SOLD]: K666D vendu 64 x Cobblestone à  oxiflight pour 50.00 β le survie_new
[19:50:25] [ITEM_SOLD]: eric2a vendu 30 x Bread à  oxiflight pour 50.00 β le survie_new
[20:21:29] [ITEM_SOLD]: pierro vendu 1 x Diamond Chestplate à  [Unbreaking III] kyouky2008 pour 950.00 β le survie_new
[20:21:51] [ITEM_SOLD]: Cryyzi vendu 1 x Iron Sword à  [Sharpness I, Unbreaking I] kyouky2008 pour 50.00 β le survie_new
[20:22:07] [ITEM_SOLD]: pierro vendu 1 x Iron Helmet à  [Protection IV] kyouky2008 pour 750.00 β le survie_new
[20:22:33] [ITEM_SOLD]: pierro vendu 1 x Iron Leggings à  [Protection III, Unbreaking III] kyouky2008 pour 500.00 β le survie_new
[20:22:36] [ITEM_SOLD]: pierro vendu 1 x Iron Chestplate à  [Protection IV] kyouky2008 pour 350.00 β le survie_new
[20:22:47] [ITEM_SOLD]: pierro vendu 1 x Iron Boots à  [Protection IV] kyouky2008 pour 450.00 β le survie_new
[20:35:27] [ITEM_DROPPED]: Abandon de la vente Mikiu_Ahegao expirée de 1 x Ominous Banner  pour 0.00β à leurs pieds le survie_new
[20:38:32] [ITEM_LISTED]: REGDYLAN vend 1 x Diamond Sword  [Looting III, Sharpness V, Unbreaking III] pour 3,500.00β sur survie_new
[21:04:51] [ITEM_SOLD]: WyRz_ vendu 1 x Experience Bottle à  Mikiu_Ahegao pour 100.00 β le survie_new
[21:06:34] [ITEM_SOLD]: Sifflote vendu 1 x Music Disc Cat à  Mikiu_Ahegao pour 150.00 β le survie_new
[21:13:08] [ITEM_SOLD]: ianito vendu 1 x Music Disc 13 à  Mikiu_Ahegao pour 250.00 β le survie_new
[21:17:25] [ITEM_LISTED]: BetAlpha19 vend 1 x Epée  [Looting II, Sharpness V, Unbreaking II] pour 20,000.00β sur survie_new
[21:31:50] [ITEM_SOLD]: REGDYLAN vendu 1 x Diamond Sword à  [Looting III, Sharpness V, Unbreaking III] pierro pour 3,500.00 β le survie_new
[22:08:16] [ITEM_SOLD]: Axiton vendu 1 x Enchanted Book à  Flashtric pour 2,000.00 β le survie_new
[22:53:44] [ITEM_SOLD]: pierro vendu 1 x Magenta Shulker Box à  hugoleb pour 2,800.00 β le survie_new
[22:53:49] [ITEM_SOLD]: pierro vendu 1 x Yellow Shulker Box à  hugoleb pour 2,800.00 β le survie_new
[23:23:51] [ITEM_LISTED]: Flashtric vend 1 x Fishing Rod  [unknown, Mending, Unbreaking III] pour 1,500.00β sur survie_new
[23:25:14] [ITEM_SOLD]: eric2a vendu 1 x Diamond Horse Armor à  BolatBorz pour 250.00 β le survie_new
[23:30:20] [ITEM_SOLD]: Teinavaa vendu 1 x Enchanted Book à  BolatBorz pour 1,000.00 β le survie_new
[23:31:35] [ITEM_SOLD]: Flashtric vendu 1 x Fishing Rod à  [unknown, Mending, Unbreaking III] BetAlpha19 pour 1,500.00 β le survie_new
[23:38:52] [ITEM_LISTED]: Flashtric vend 1 x Fishing Rod  [unknown, Lure III, Unbreaking III] pour 1,500.00β sur survie_new
[23:40:46] [ITEM_LISTED]: eric2a vend 2 x Name Tag  pour 10,000.00β sur survie_new
[23:40:53] [ITEM_SOLD]: eric2a vendu 2 x Name Tag à  REGDYLAN pour 10,000.00 β le survie_new
[23:44:26] [ITEM_LISTED]: Flashtric vend 1 x Enchanted Book  pour 800.00β sur survie_new
[23:49:12] [ITEM_LISTED]: BetAlpha19 vend 1 x Bow  [Mending, Unbreaking III, Curse of Vanishing] pour 1,250.00β sur survie_new
[23:51:41] [ITEM_LISTED]: BetAlpha19 vend 1 x Golden Sword  pour 600.00β sur survie_new
