[00:11:14] [ITEM_LISTED]: Haru_M listed 64x Nether Wart for $2,500.00 on survie_new
[00:11:24] [ITEM_CANCELLED]: Haru_M cancelled an auction for 64x Nether Wart for $2,500.00 on survie_new
[00:11:32] [ITEM_LISTED]: Haru_M listed 1x Enchanted Book for $2,500.00 on survie_new
[00:11:57] [ITEM_LISTED]: Haru_M listed 1x Enchanted Book for $2,500.00 on survie_new
[00:11:59] [ITEM_LISTED]: Haru_M listed 1x Enchanted Book for $2,500.00 on survie_new
[00:19:30] [ITEM_LISTED]: taratata6923 listed 1x Enchanted Book for $2,000.00 on survie_new
[00:20:51] [ITEM_RETURNED]: Returned 64x Nether Wart to Haru_M on survie_new
[00:25:42] [ITEM_SOLD]: T_TRO_NUL sold 64x Packed Ice to REGDYLAN for $1,000.00 on Ressource
[00:44:15] [ITEM_LISTED]: Starkous listed 1x Name Tag for $1,000.00 on survie_new
[00:44:31] [ITEM_SOLD]: Starkous sold 1x Name Tag to REGDYLAN for $1,000.00 on survie_new
[01:21:54] [ITEM_LISTED]: Haru_M listed 1x Name Tag for $500.00 on survie_new
[01:22:04] [ITEM_SOLD]: Haru_M sold 1x Name Tag to REGDYLAN for $500.00 on survie_new
[01:37:16] [ITEM_SOLD]: Haru_M sold 1x Enchanted Book to Fr3nCh_CraFt for $2,500.00 on survie_new
[09:27:38] [ITEM_SOLD]: CapitaineNiamor sold 1x Iron Pickaxe to  [Unbreaking III]vava34670 for $100.00 on survie_new
[09:31:33] [ITEM_SOLD]: Haru_M sold 1x Enchanted Book to Oniah for $2,500.00 on survie_new
[10:08:28] [ITEM_LISTED]: pierro listed 64x Nether Wart for $500.00 on survie_new
[10:21:32] [ITEM_SOLD]: Haru_M sold 1x Enchanted Book to Oniah for $2,500.00 on survie_new
[10:24:43] [ITEM_SOLD]: pierro sold 64x Nether Wart to Oniah for $500.00 on survie_new
[10:29:38] [ITEM_SOLD]: EbLhH sold 1x Iron Pickaxe to Crunchen for $100.00 on survie_new
[10:32:09] [ITEM_SOLD]: T_TRO_NUL sold 1x [Cave spider Spawner] to Chekiba for $1,000.00 on Ressource
[11:50:46] [ITEM_SOLD]: Fr3nCh_CraFt sold 1x Fishing Rod to  [Mending, Unbreaking III]ItsFoxity for $1,200.00 on survie_new
[11:54:20] [ITEM_LISTED]: Haru_M listed 1x Enchanted Book for $2,000.00 on survie_new
[11:54:24] [ITEM_LISTED]: Haru_M listed 1x Enchanted Book for $2,000.00 on survie_new
[11:54:28] [ITEM_LISTED]: Haru_M listed 1x Enchanted Book for $2,000.00 on survie_new
[12:37:30] [ITEM_SOLD]: CapitaineNiamor sold 1x Diamond Chestplate to  [Protection III, Unbreaking III]JeanLimonade for $1,000.00 on survie_new
[12:37:37] [ITEM_SOLD]: CapitaineNiamor sold 1x Diamond Leggings to  [Protection III]JeanLimonade for $500.00 on survie_new
[12:37:55] [ITEM_SOLD]: Murdock_Co sold 64x Bread to JeanLimonade for $150.00 on survie_new
[12:37:57] [ITEM_SOLD]: Murdock_Co sold 64x Bread to JeanLimonade for $150.00 on survie_new
[12:38:17] [ITEM_SOLD]: Kaam98 sold 1x Diamond Boots to  [Blast Protection IV, Unbreaking III]JeanLimonade for $600.00 on survie_new
[12:38:20] [ITEM_SOLD]: Kaam98 sold 1x Diamond Helmet to  [Unbreaking III]JeanLimonade for $600.00 on survie_new
[12:46:21] [ITEM_LISTED]: Haru_M listed 1x Enchanted Book for $3,000.00 on survie_new
[12:46:23] [ITEM_LISTED]: Haru_M listed 1x Enchanted Book for $3,000.00 on survie_new
[12:46:26] [ITEM_LISTED]: Haru_M listed 1x Enchanted Book for $3,000.00 on survie_new
[12:46:28] [ITEM_LISTED]: Haru_M listed 1x Enchanted Book for $3,000.00 on survie_new
[12:46:32] [ITEM_LISTED]: Haru_M listed 1x Enchanted Book for $3,000.00 on survie_new
[12:46:33] [ITEM_LISTED]: Haru_M listed 1x Enchanted Book for $3,000.00 on survie_new
[12:46:37] [ITEM_LISTED]: Haru_M listed 1x Enchanted Book for $3,000.00 on survie_new
[12:46:39] [ITEM_LISTED]: Haru_M listed 1x Enchanted Book for $3,000.00 on survie_new
[12:46:43] [ITEM_LISTED]: Haru_M listed 1x Enchanted Book for $3,000.00 on survie_new
[12:46:46] [ITEM_LISTED]: Haru_M listed 1x Enchanted Book for $3,000.00 on survie_new
[12:46:50] [ITEM_LISTED]: Haru_M listed 1x Enchanted Book for $3,000.00 on survie_new
[12:46:52] [ITEM_LISTED]: Haru_M listed 1x Enchanted Book for $3,000.00 on survie_new
[12:49:08] [ITEM_SOLD]: Haru_M sold 1x Enchanted Book to AzodFR for $3,000.00 on survie_new
[12:49:10] [ITEM_SOLD]: Haru_M sold 1x Enchanted Book to AzodFR for $3,000.00 on survie_new
[12:56:18] [ITEM_SOLD]: Fr3nCh_CraFt sold 1x Bow to  [Flame, Unbreaking III]Haru_M for $1,111.00 on survie_new
[13:06:42] [ITEM_SOLD]: pierro sold 64x Scaffolding to Gr33nEagl3 for $200.00 on survie_new
[13:08:58] [ITEM_CANCELLED]: Haru_M cancelled an auction for 1x Enchanted Book for $3,000.00 on survie_new
[13:08:59] [ITEM_CANCELLED]: Haru_M cancelled an auction for 1x Enchanted Book for $3,000.00 on survie_new
[13:09:01] [ITEM_CANCELLED]: Haru_M cancelled an auction for 1x Enchanted Book for $3,000.00 on survie_new
[13:09:02] [ITEM_CANCELLED]: Haru_M cancelled an auction for 1x Enchanted Book for $3,000.00 on survie_new
[13:09:03] [ITEM_CANCELLED]: Haru_M cancelled an auction for 1x Enchanted Book for $3,000.00 on survie_new
[13:09:04] [ITEM_CANCELLED]: Haru_M cancelled an auction for 1x Enchanted Book for $3,000.00 on survie_new
[13:09:05] [ITEM_CANCELLED]: Haru_M cancelled an auction for 1x Enchanted Book for $3,000.00 on survie_new
[13:09:07] [ITEM_CANCELLED]: Haru_M cancelled an auction for 1x Enchanted Book for $3,000.00 on survie_new
[13:09:22] [ITEM_RETURNED]: Returned 1x Enchanted Book to Haru_M on survie_new
[13:09:23] [ITEM_RETURNED]: Returned 1x Enchanted Book to Haru_M on survie_new
[13:09:23] [ITEM_RETURNED]: Returned 1x Enchanted Book to Haru_M on survie_new
[13:09:24] [ITEM_RETURNED]: Returned 1x Enchanted Book to Haru_M on survie_new
[13:09:25] [ITEM_RETURNED]: Returned 1x Enchanted Book to Haru_M on survie_new
[13:09:26] [ITEM_RETURNED]: Returned 1x Enchanted Book to Haru_M on survie_new
[13:09:27] [ITEM_RETURNED]: Returned 1x Enchanted Book to Haru_M on survie_new
[13:09:28] [ITEM_RETURNED]: Returned 1x Enchanted Book to Haru_M on survie_new
[13:09:50] [ITEM_LISTED]: Haru_M listed 1x Enchanted Book for $2,500.00 on survie_new
[13:09:52] [ITEM_LISTED]: Haru_M listed 1x Enchanted Book for $2,500.00 on survie_new
[13:09:56] [ITEM_SOLD]: Haru_M sold 1x Enchanted Book to aidan for $2,500.00 on survie_new
[13:09:58] [ITEM_SOLD]: Haru_M sold 1x Enchanted Book to Oniah for $2,500.00 on survie_new
[13:10:00] [ITEM_LISTED]: Haru_M listed 1x Enchanted Book for $2,500.00 on survie_new
[13:10:03] [ITEM_LISTED]: Haru_M listed 1x Enchanted Book for $2,500.00 on survie_new
[13:10:06] [ITEM_LISTED]: Haru_M listed 1x Enchanted Book for $2,500.00 on survie_new
[13:10:07] [ITEM_SOLD]: Haru_M sold 1x Enchanted Book to aidan for $2,500.00 on survie_new
[13:10:09] [ITEM_LISTED]: Haru_M listed 1x Enchanted Book for $2,500.00 on survie_new
[13:10:09] [ITEM_SOLD]: Haru_M sold 1x Enchanted Book to aidan for $2,500.00 on survie_new
[13:10:11] [ITEM_SOLD]: Haru_M sold 1x Enchanted Book to aidan for $2,500.00 on survie_new
[13:10:11] [ITEM_LISTED]: Haru_M listed 1x Enchanted Book for $2,500.00 on survie_new
[13:10:13] [ITEM_SOLD]: Haru_M sold 1x Enchanted Book to aidan for $2,500.00 on survie_new
[13:10:15] [ITEM_SOLD]: Haru_M sold 1x Enchanted Book to aidan for $2,500.00 on survie_new
[13:10:18] [ITEM_LISTED]: Haru_M listed 1x Enchanted Book for $2,500.00 on survie_new
[13:10:36] [ITEM_SOLD]: Andrew_90 sold 1x Shulker Box to Champini for $1,400.00 on survie_new
[13:11:18] [ITEM_CANCELLED]: Haru_M cancelled an auction for 1x Enchanted Book for $2,500.00 on survie_new
[13:11:26] [ITEM_RETURNED]: Returned 1x Enchanted Book to Haru_M on survie_new
[13:11:30] [ITEM_LISTED]: Haru_M listed 1x Enchanted Book for $3,000.00 on survie_new
[13:13:03] [ITEM_LISTED]: Haru_M listed 1x Enchanted Book for $2,800.00 on survie_new
[13:13:10] [ITEM_LISTED]: Haru_M listed 1x Enchanted Book for $2,800.00 on survie_new
[13:13:12] [ITEM_LISTED]: Haru_M listed 1x Enchanted Book for $2,800.00 on survie_new
[13:13:15] [ITEM_LISTED]: Haru_M listed 1x Enchanted Book for $2,800.00 on survie_new
[13:13:18] [ITEM_LISTED]: Haru_M listed 1x Enchanted Book for $2,800.00 on survie_new
[13:13:21] [ITEM_LISTED]: Haru_M listed 1x Enchanted Book for $2,800.00 on survie_new
[13:13:24] [ITEM_LISTED]: Haru_M listed 1x Enchanted Book for $2,800.00 on survie_new
[13:13:28] [ITEM_LISTED]: Haru_M listed 1x Enchanted Book for $2,800.00 on survie_new
[13:13:31] [ITEM_LISTED]: Haru_M listed 1x Enchanted Book for $2,800.00 on survie_new
[13:13:34] [ITEM_LISTED]: Haru_M listed 1x Enchanted Book for $2,800.00 on survie_new
[13:13:37] [ITEM_LISTED]: Haru_M listed 1x Enchanted Book for $2,800.00 on survie_new
[13:13:39] [ITEM_LISTED]: Haru_M listed 1x Enchanted Book for $2,800.00 on survie_new
[13:18:38] [ITEM_SOLD]: Haru_M sold 1x Enchanted Book to _Shoku_ for $2,800.00 on survie_new
[13:20:06] [ITEM_LISTED]: pierro listed 64x Nether Wart for $600.00 on survie_new
[13:22:10] [ITEM_LISTED]: _Shoku_ listed 1x [Zombie Spawner] for $3,000.00 on survie_new
[13:22:57] [ITEM_CANCELLED]: _Shoku_ cancelled an auction for 1x [Zombie Spawner] for $3,000.00 on survie_new
[13:23:13] [ITEM_RETURNED]: Returned 1x [Zombie Spawner] to _Shoku_ on survie_new
[13:23:29] [ITEM_LISTED]: _Shoku_ listed 1x [Zombie Spawner] for $2,500.00 on survie_new
[13:23:36] [ITEM_SOLD]: AiiDenOp sold 1x Buried Treasure Map to ErwanCht for $100.00 on survie_new
[13:23:58] [ITEM_SOLD]: Andrew_90 sold 1x Shulker Box to Oniah for $1,400.00 on survie_new
[13:23:59] [ITEM_LISTED]: Haru_M listed 64x Sea Lantern for $2,000.00 on survie_new
[13:29:31] [ITEM_CANCELLED]: Haru_M cancelled an auction for 64x Sea Lantern for $2,000.00 on survie_new
[13:29:39] [ITEM_RETURNED]: Returned 64x Sea Lantern to Haru_M on survie_new
[13:29:44] [ITEM_LISTED]: Haru_M listed 64x Sea Lantern for $2,500.00 on survie_new
[13:31:32] [ITEM_CANCELLED]: Haru_M cancelled an auction for 64x Sea Lantern for $2,500.00 on survie_new
[13:32:48] [ITEM_RETURNED]: Returned 64x Sea Lantern to Haru_M on survie_new
[13:33:06] [ITEM_LISTED]: Haru_M listed 64x Sea Lantern for $1,950.00 on survie_new
[13:33:38] [ITEM_SOLD]: Haru_M sold 64x Sea Lantern to REGDYLAN for $1,950.00 on survie_new
[13:36:19] [ITEM_SOLD]: Kaam98 sold 1x Diamond Leggings to  [Protection III, Unbreaking III]ErwanCht for $900.00 on survie_new
[13:36:22] [ITEM_SOLD]: Kaam98 sold 1x Diamond Helmet to  [Protection III, Unbreaking III]ErwanCht for $800.00 on survie_new
[13:36:51] [ITEM_SOLD]: wisel51 sold 5x Cooked Porkchop to ErwanCht for $100.00 on Ressource
[13:36:53] [ITEM_SOLD]: wisel51 sold 5x Cooked Mutton to ErwanCht for $100.00 on Ressource
[13:36:59] [ITEM_SOLD]: wisel51 sold 5x Baked Potato to ErwanCht for $150.00 on Ressource
[13:37:00] [ITEM_SOLD]: wisel51 sold 5x Baked Potato to ErwanCht for $150.00 on Ressource
[13:37:01] [ITEM_SOLD]: wisel51 sold 5x Baked Potato to ErwanCht for $150.00 on Ressource
[13:47:45] [ITEM_CANCELLED]: Haru_M cancelled an auction for 1x Enchanted Book for $2,800.00 on survie_new
[13:47:46] [ITEM_CANCELLED]: Haru_M cancelled an auction for 1x Enchanted Book for $2,800.00 on survie_new
[13:47:52] [ITEM_RETURNED]: Returned 1x Enchanted Book to Haru_M on survie_new
[13:47:53] [ITEM_RETURNED]: Returned 1x Enchanted Book to Haru_M on survie_new
[13:54:45] [ITEM_SOLD]: Andrew_90 sold 1x Shulker Box to Oniah for $1,400.00 on survie_new
[13:58:32] [ITEM_LISTED]: _Shoku_ listed 1x Potion for $1,000.00 on survie_new
[13:58:44] [ITEM_LISTED]: _Shoku_ listed 1x Potion for $1,000.00 on survie_new
[13:58:55] [ITEM_LISTED]: _Shoku_ listed 1x Potion for $800.00 on survie_new
[14:01:21] [ITEM_LISTED]: _Shoku_ listed 1x Potion for $800.00 on survie_new
[14:01:29] [ITEM_LISTED]: _Shoku_ listed 1x Potion for $800.00 on survie_new
[14:01:47] [ITEM_LISTED]: _Shoku_ listed 1x Potion for $800.00 on survie_new
[14:12:41] [ITEM_CANCELLED]: _Shoku_ cancelled an auction for 1x Potion for $1,000.00 on survie_new
[14:12:43] [ITEM_CANCELLED]: _Shoku_ cancelled an auction for 1x Potion for $1,000.00 on survie_new
[14:12:44] [ITEM_CANCELLED]: _Shoku_ cancelled an auction for 1x Potion for $800.00 on survie_new
[14:12:44] [ITEM_CANCELLED]: _Shoku_ cancelled an auction for 1x Potion for $800.00 on survie_new
[14:12:45] [ITEM_CANCELLED]: _Shoku_ cancelled an auction for 1x Potion for $800.00 on survie_new
[14:12:45] [ITEM_CANCELLED]: _Shoku_ cancelled an auction for 1x Potion for $800.00 on survie_new
[14:13:01] [ITEM_RETURNED]: Returned 1x Potion to _Shoku_ on survie_new
[14:13:02] [ITEM_RETURNED]: Returned 1x Potion to _Shoku_ on survie_new
[14:13:02] [ITEM_RETURNED]: Returned 1x Potion to _Shoku_ on survie_new
[14:13:02] [ITEM_RETURNED]: Returned 1x Potion to _Shoku_ on survie_new
[14:13:03] [ITEM_RETURNED]: Returned 1x Potion to _Shoku_ on survie_new
[14:13:03] [ITEM_RETURNED]: Returned 1x Potion to _Shoku_ on survie_new
[14:21:43] [ITEM_SOLD]: SqueZzor sold 1x Enchanted Book to Oniah for $1,000.00 on spawn
[14:37:52] [ITEM_LISTED]: Kaam98 listed 64x Heavy Weighted Pressure Plate for $150.00 on survie_new
[14:37:54] [ITEM_LISTED]: Kaam98 listed 64x Heavy Weighted Pressure Plate for $150.00 on survie_new
[14:37:57] [ITEM_LISTED]: Kaam98 listed 64x Heavy Weighted Pressure Plate for $150.00 on survie_new
[14:38:00] [ITEM_LISTED]: Kaam98 listed 64x Heavy Weighted Pressure Plate for $150.00 on survie_new
[15:14:43] [ITEM_LISTED]: AzodFR listed 1x stack de rien for $1,000,000.00 on survie_new
[15:30:26] [ITEM_LISTED]: pierro listed 64x Nether Wart for $550.00 on survie_new
[16:29:57] [ITEM_SOLD]: Haru_M sold 1x Enchanted Book to Oniah for $2,800.00 on survie_new
[16:40:46] [ITEM_RETURNED]: Returned 1x Heart Of The Sea to D4rk_Wolf_07 on survie_new
[16:40:47] [ITEM_RETURNED]: Returned 2x Heart Of The Sea to D4rk_Wolf_07 on survie_new
[16:40:47] [ITEM_RETURNED]: Returned 5x Wither Rose to D4rk_Wolf_07 on survie_new
[16:40:48] [ITEM_RETURNED]: Returned 40x Sponge to D4rk_Wolf_07 on survie_new
[16:40:49] [ITEM_RETURNED]: Returned 1x Fishing Rod [Mending] to D4rk_Wolf_07 on survie_new
[16:40:49] [ITEM_RETURNED]: Returned 1x Music Disc 13 to D4rk_Wolf_07 on survie_new
[16:40:52] [ITEM_RETURNED]: Returned 32x Green Concrete to D4rk_Wolf_07 on survie_new
[16:41:18] [ITEM_LISTED]: D4rk_Wolf_07 listed 5x Wither Rose for $10,000.00 on survie_new
[17:02:40] [ITEM_LISTED]: ErwanCht listed 64x Magma Block for $800.00 on survie_new
[17:02:46] [ITEM_LISTED]: ErwanCht listed 64x Magma Block for $800.00 on survie_new
[17:48:36] [ITEM_CANCELLED]: mayte_ cancelled an auction for 1x Player Head for $1,500.00 on spawn
[17:48:37] [ITEM_CANCELLED]: mayte_ cancelled an auction for 1x Player Head for $1,500.00 on spawn
[17:48:37] [ITEM_CANCELLED]: mayte_ cancelled an auction for 1x Player Head for $1,500.00 on spawn
[17:48:37] [ITEM_CANCELLED]: mayte_ cancelled an auction for 1x Player Head for $1,500.00 on spawn
[17:48:37] [ITEM_CANCELLED]: mayte_ cancelled an auction for 1x Player Head for $1,500.00 on spawn
[17:48:37] [ITEM_CANCELLED]: mayte_ cancelled an auction for 1x Player Head for $1,500.00 on spawn
[17:48:38] [ITEM_CANCELLED]: mayte_ cancelled an auction for 1x Player Head for $1,500.00 on spawn
[17:48:38] [ITEM_CANCELLED]: mayte_ cancelled an auction for 1x Player Head for $1,500.00 on spawn
[17:48:38] [ITEM_CANCELLED]: mayte_ cancelled an auction for 1x Player Head for $1,500.00 on spawn
[17:48:39] [ITEM_CANCELLED]: mayte_ cancelled an auction for 1x Player Head for $1,500.00 on spawn
[17:48:39] [ITEM_CANCELLED]: mayte_ cancelled an auction for 1x Player Head for $1,500.00 on spawn
[17:48:39] [ITEM_CANCELLED]: mayte_ cancelled an auction for 1x Player Head for $1,500.00 on spawn
[17:48:39] [ITEM_CANCELLED]: mayte_ cancelled an auction for 1x Player Head for $1,500.00 on spawn
[17:48:39] [ITEM_CANCELLED]: mayte_ cancelled an auction for 1x Player Head for $1,500.00 on spawn
[17:48:40] [ITEM_CANCELLED]: mayte_ cancelled an auction for 1x Player Head for $1,500.00 on spawn
[17:48:40] [ITEM_CANCELLED]: mayte_ cancelled an auction for 1x Player Head for $1,500.00 on spawn
[17:48:40] [ITEM_CANCELLED]: mayte_ cancelled an auction for 1x Player Head for $1,500.00 on spawn
[17:48:41] [ITEM_CANCELLED]: mayte_ cancelled an auction for 1x Player Head for $1,500.00 on spawn
[17:48:42] [ITEM_RETURNED]: Returned 1x Player Head to mayte_ on spawn
[17:48:43] [ITEM_RETURNED]: Returned 1x Player Head to mayte_ on spawn
[17:48:43] [ITEM_RETURNED]: Returned 1x Player Head to mayte_ on spawn
[17:48:43] [ITEM_RETURNED]: Returned 1x Player Head to mayte_ on spawn
[17:48:43] [ITEM_RETURNED]: Returned 1x Player Head to mayte_ on spawn
[17:48:44] [ITEM_RETURNED]: Returned 1x Player Head to mayte_ on spawn
[17:48:44] [ITEM_RETURNED]: Returned 1x Player Head to mayte_ on spawn
[17:48:44] [ITEM_RETURNED]: Returned 1x Player Head to mayte_ on spawn
[17:48:44] [ITEM_RETURNED]: Returned 1x Player Head to mayte_ on spawn
[17:48:44] [ITEM_RETURNED]: Returned 1x Player Head to mayte_ on spawn
[17:48:45] [ITEM_RETURNED]: Returned 1x Player Head to mayte_ on spawn
[17:48:45] [ITEM_RETURNED]: Returned 1x Player Head to mayte_ on spawn
[17:48:45] [ITEM_RETURNED]: Returned 1x Player Head to mayte_ on spawn
[17:48:45] [ITEM_RETURNED]: Returned 1x Player Head to mayte_ on spawn
[17:48:46] [ITEM_RETURNED]: Returned 1x Player Head to mayte_ on spawn
[17:48:46] [ITEM_RETURNED]: Returned 1x Player Head to mayte_ on spawn
[17:48:46] [ITEM_RETURNED]: Returned 1x Player Head to mayte_ on spawn
[17:48:46] [ITEM_RETURNED]: Returned 1x Player Head to mayte_ on spawn
[17:48:55] [ITEM_LISTED]: mayte_ listed 18x Player Head for $10,000.00 on survie_new
[17:50:04] [ITEM_LISTED]: mayte_ listed 1x Beacon for $20,000.00 on survie_new
[17:50:52] [ITEM_CANCELLED]: mayte_ cancelled an auction for 1x Beacon for $20,000.00 on survie_new
[17:50:53] [ITEM_RETURNED]: Returned 1x Beacon to mayte_ on survie_new
[17:53:50] [ITEM_LISTED]: mayte_ listed 1x Beacon for $15,000.00 on survie_new
[17:54:18] [ITEM_SOLD]: mayte_ sold 1x Beacon to AzodFR for $15,000.00 on survie_new
[18:23:17] [ITEM_LISTED]: Haru_M listed 64x Ink Sac for $500.00 on survie_new
[18:23:21] [ITEM_LISTED]: Haru_M listed 64x Ink Sac for $500.00 on survie_new
[18:23:53] [ITEM_SOLD]: Haru_M sold 64x Ink Sac to REGDYLAN for $500.00 on survie_new
[18:37:35] [ITEM_SOLD]: Kaam98 sold 1x Diamond Helmet to  [Aqua Affinity, Blast Protection IV, Unbreaking III]Flacabon for $800.00 on survie_new
[18:37:40] [ITEM_SOLD]: Kaam98 sold 1x Diamond Leggings to  [Fire Protection III, Unbreaking III]Flacabon for $900.00 on survie_new
[18:39:03] [ITEM_SOLD]: _Wiizy_ sold 1x Diamond Sword to  [Fire Aspect I, Smite IV, Sweeping Edge III]Flacabon for $5,000.00 on Nether
[18:41:56] [ITEM_SOLD]: _Wiizy_ sold 1x Diamond Chestplate to  [Curse of Binding, Protection IV]Flacabon for $3,000.00 on Nether
[18:42:17] [ITEM_SOLD]: Kaam98 sold 1x Diamond Boots to  [Blast Protection IV]Flacabon for $500.00 on survie_new
[18:46:33] [ITEM_SOLD]: Kaam98 sold 1x Diamond Sword to  [Bane of Arthropods IV, Sweeping Edge III, Unbreaking III]Kasne for $450.00 on survie_new
[18:46:48] [ITEM_SOLD]: Kaam98 sold 1x Diamond Sword to  [Smite IV]Kasne for $400.00 on survie_new
[18:47:09] [ITEM_SOLD]: Kaam98 sold 1x Diamond Sword to  [Bane of Arthropods IV]Kasne for $150.00 on survie_new
[18:57:46] [ITEM_SOLD]: Murdock_Co sold 64x Bread to francois95jrs for $150.00 on survie_new
[19:05:08] [ITEM_LISTED]: RazerJojo listed 3x Name Tag for $900.00 on survie_new
[19:05:16] [ITEM_SOLD]: RazerJojo sold 3x Name Tag to REGDYLAN for $900.00 on survie_new
[19:18:14] [ITEM_SOLD]: Haru_M sold 1x Enchanted Book to Kaam98 for $2,800.00 on survie_new
[19:22:02] [ITEM_SOLD]: Haru_M sold 1x Enchanted Book to Kaam98 for $2,000.00 on survie_new
[19:28:12] [ITEM_SOLD]: Haru_M sold 1x Enchanted Book to Kaam98 for $2,000.00 on survie_new
[19:58:09] [ITEM_LISTED]: Mr_Yt_Fr listed 1x Music Disc Cat for $1,000.00 on survie_new
[19:58:12] [ITEM_LISTED]: Mr_Yt_Fr listed 1x Music Disc Cat for $1,000.00 on survie_new
[19:58:13] [ITEM_LISTED]: Mr_Yt_Fr listed 1x Music Disc 13 for $1,000.00 on survie_new
[20:05:05] [ITEM_LISTED]: REGDYLAN listed 1x Fishing Rod [Unbreaking III] for $100.00 on survie_new
[20:05:09] [ITEM_LISTED]: REGDYLAN listed 1x Fishing Rod [Unbreaking I] for $50.00 on survie_new
[20:13:04] [ITEM_CANCELLED]: Haru_M cancelled an auction for 1x Enchanted Book for $2,800.00 on survie_new
[20:13:09] [ITEM_RETURNED]: Returned 1x Enchanted Book to Haru_M on survie_new
[20:20:32] [ITEM_SOLD]: Haru_M sold 1x Enchanted Book to Gr33nEagl3 for $2,800.00 on survie_new
[20:20:39] [ITEM_SOLD]: Haru_M sold 1x Enchanted Book to Gr33nEagl3 for $2,800.00 on survie_new
[20:22:58] [ITEM_CANCELLED]: _Shoku_ cancelled an auction for 1x [Zombie Spawner] for $2,500.00 on survie_new
[20:23:05] [ITEM_RETURNED]: Returned 1x [Zombie Spawner] to _Shoku_ on survie_new
[20:23:18] [ITEM_LISTED]: _Shoku_ listed 1x [Zombie Spawner] for $1,500.00 on survie_new
[20:38:10] [ITEM_SOLD]: Haru_M sold 1x Enchanted Book to _Shoku_ for $2,000.00 on survie_new
[21:01:37] [ITEM_SOLD]: Haru_M sold 1x Enchanted Book to Legendaires for $2,800.00 on survie_new
[21:45:00] [ITEM_LISTED]: RazerJojo listed 1x Diamond Pickaxe [Unbreaking III] for $1,000.00 on survie_new
[21:46:28] [ITEM_LISTED]: Jarreshan listed 20x Sea Lantern for $1,000.00 on Ressource
[21:46:38] [ITEM_SOLD]: Jarreshan sold 20x Sea Lantern to _Shoku_ for $1,000.00 on Ressource
[21:55:44] [ITEM_LISTED]: RazerJojo listed 1x Diamond Pickaxe [Unbreaking III] for $999.00 on survie_new
[21:56:08] [ITEM_LISTED]: RazerJojo listed 1x Diamond for $0.00 on survie_new
[21:56:51] [ITEM_CANCELLED]: RazerJojo cancelled an auction for 1x Diamond for $0.00 on survie_new
[21:57:01] [ITEM_CANCELLED]: RazerJojo cancelled an auction for 1x Diamond Pickaxe [Unbreaking III] for $1,000.00 on survie_new
[21:57:58] [ITEM_RETURNED]: Returned 1x Diamond Pickaxe [Unbreaking III] to RazerJojo on survie_new
[21:57:59] [ITEM_RETURNED]: Returned 1x Diamond to RazerJojo on survie_new
[21:58:16] [ITEM_LISTED]: RazerJojo listed 1x Diamond Pickaxe [Unbreaking III] for $999.00 on survie_new
[21:58:31] [ITEM_SOLD]: CapitaineNiamor sold 1x Shulker Box to D4rk_Wolf_07 for $1,500.00 on survie_new
[22:11:42] [ITEM_LISTED]: Haru_M listed 64x Firework Rocket for $800.00 on survie_new
[22:11:49] [ITEM_SOLD]: Haru_M sold 64x Firework Rocket to _Shoku_ for $800.00 on survie_new
[22:18:49] [ITEM_CANCELLED]: Jarreshan cancelled an auction for 1x Enchanted Golden Apple for $7,000.00 on Ressource
[22:18:55] [ITEM_CANCELLED]: Jarreshan cancelled an auction for 8x Sponge for $2,000.00 on spawn
[22:19:09] [ITEM_RETURNED]: Returned 1x Enchanted Golden Apple to Jarreshan on Ressource
[22:19:10] [ITEM_RETURNED]: Returned 8x Sponge to Jarreshan on spawn
[22:32:41] [ITEM_SOLD]: CroixVeBaton sold 64x White Wool to _Shoku_ for $500.00 on survie_new
[22:38:44] [ITEM_SOLD]: Haru_M sold 1x Enchanted Book to pimendespelette for $2,800.00 on survie_new
[22:38:46] [ITEM_SOLD]: Haru_M sold 1x Enchanted Book to pimendespelette for $2,800.00 on survie_new
[22:38:48] [ITEM_SOLD]: Haru_M sold 1x Enchanted Book to pimendespelette for $2,800.00 on survie_new
[22:41:59] [ITEM_CANCELLED]: Haru_M cancelled an auction for 1x Enchanted Book for $3,000.00 on survie_new
[22:42:00] [ITEM_CANCELLED]: Haru_M cancelled an auction for 1x Enchanted Book for $3,000.00 on survie_new
[22:42:01] [ITEM_CANCELLED]: Haru_M cancelled an auction for 1x Enchanted Book for $3,000.00 on survie_new
[22:42:15] [ITEM_RETURNED]: Returned 1x Enchanted Book to Haru_M on survie_new
[22:42:16] [ITEM_RETURNED]: Returned 1x Enchanted Book to Haru_M on survie_new
[22:42:18] [ITEM_RETURNED]: Returned 1x Enchanted Book to Haru_M on survie_new
[22:42:22] [ITEM_LISTED]: Haru_M listed 1x Enchanted Book for $2,800.00 on survie_new
[22:42:24] [ITEM_LISTED]: Haru_M listed 1x Enchanted Book for $2,800.00 on survie_new
[22:42:31] [ITEM_LISTED]: Haru_M listed 1x Enchanted Book for $2,800.00 on survie_new
[22:44:29] [ITEM_SOLD]: Haru_M sold 1x Enchanted Book to RazerJojo for $2,800.00 on survie_new
[23:05:56] [ITEM_LISTED]: RazerJojo listed 1x Diamond Pickaxe [Efficiency V] for $2,000.00 on survie_new
[23:17:00] [ITEM_LISTED]: RazerJojo listed 1x Diamond Sword [Knockback II] for $100,000.00 on survie_new
[23:17:46] [ITEM_CANCELLED]: RazerJojo cancelled an auction for 1x Diamond Sword [Knockback II] for $100,000.00 on survie_new
[23:17:49] [ITEM_RETURNED]: Returned 1x Diamond Sword [Knockback II] to RazerJojo on survie_new
[23:18:41] [ITEM_LISTED]: RazerJojo listed 1x Stick for $1,000,000.00 on survie_new
[23:19:22] [ITEM_LISTED]: RazerJojo listed 1x ☠ϟϟϟStormBreakerϟϟϟ☠ [Fire Aspect II, Knockback II, Looting III, Mending, Sharpness V, Sweeping Edge III, Unbreaking III] for $19,000.00 on survie_new
[23:20:22] [ITEM_CANCELLED]: RazerJojo cancelled an auction for 1x ☠ϟϟϟStormBreakerϟϟϟ☠ [Fire Aspect II, Knockback II, Looting III, Mending, Sharpness V, Sweeping Edge III, Unbreaking III] for $19,000.00 on survie_new
[23:20:37] [ITEM_RETURNED]: Returned 1x ☠ϟϟϟStormBreakerϟϟϟ☠ [Fire Aspect II, Knockback II, Looting III, Mending, Sharpness V, Sweeping Edge III, Unbreaking III] to RazerJojo on survie_new
[23:21:25] [ITEM_LISTED]: RazerJojo listed 1x ☠ϟϟϟStormBreakerϟϟϟ☠ [Fire Aspect II, Knockback II, Looting III, Mending, Sharpness V, Sweeping Edge III, Unbreaking III] for $15,000.00 on survie_new
[23:23:01] [ITEM_SOLD]: RazerJojo sold 1x ☠ϟϟϟStormBreakerϟϟϟ☠ to  [Fire Aspect II, Knockback II, Looting III, Mending, Sharpness V, Sweeping Edge III, Unbreaking III]limastic for $15,000.00 on survie_new
[23:24:58] [ITEM_SOLD]: Haru_M sold 1x Enchanted Book to kalaistar for $2,800.00 on survie_new
[23:24:59] [ITEM_SOLD]: Haru_M sold 1x Enchanted Book to kalaistar for $2,800.00 on survie_new
[23:52:11] [ITEM_CANCELLED]: Haru_M cancelled an auction for 1x Diamond Shovel [Efficiency IV, Mending, Unbreaking III] for $3,000.00 on survie_new
[23:52:23] [ITEM_RETURNED]: Returned 1x Diamond Shovel [Efficiency IV, Mending, Unbreaking III] to Haru_M on survie_new
[23:52:28] [ITEM_LISTED]: Haru_M listed 1x Diamond Shovel [Efficiency IV, Mending, Unbreaking III] for $2,500.00 on survie_new
[23:52:39] [ITEM_SOLD]: Haru_M sold 1x Diamond Shovel to  [Efficiency IV, Mending, Unbreaking III]RazerJojo for $2,500.00 on survie_new
[23:54:43] [ITEM_LISTED]: RazerJojo listed 1x Diamond Shovel [Efficiency IV, Silk Touch, Unbreaking III] for $1,999.00 on survie_new
[23:55:56] [ITEM_CANCELLED]: RazerJojo cancelled an auction for 1x Diamond Shovel [Efficiency IV, Silk Touch, Unbreaking III] for $1,999.00 on survie_new
[23:55:58] [ITEM_RETURNED]: Returned 1x Diamond Shovel [Efficiency IV, Silk Touch, Unbreaking III] to RazerJojo on survie_new
[23:56:18] [ITEM_LISTED]: RazerJojo listed 1x Diamond Shovel [Efficiency IV, Silk Touch, Unbreaking III] for $2,499.00 on survie_new
