[00:00:56] [ITEM_LISTED]: Mr_Yt_Fr listed 1x [Cave spider Spawner] for $1,000.00 on survie_new
[00:01:04] [ITEM_LISTED]: Mr_Yt_Fr listed 1x [Cave spider Spawner] for $1,000.00 on survie_new
[00:01:07] [ITEM_LISTED]: Mr_Yt_Fr listed 1x [Cave spider Spawner] for $1,000.00 on survie_new
[00:07:29] [ITEM_SOLD]: Jarreshan sold 1x Diamond Axe to  [Efficiency IV, Unbreaking III]Mr_Yt_Fr for $3,000.00 on survie_new
[00:17:15] [ITEM_SOLD]: lasoeurdadrien sold 1x Enchanted Book to Mr_Yt_Fr for $1,500.00 on survie_new
[00:19:18] [ITEM_LISTED]: lasoeurdadrien listed 1x Splash Potion for $500.00 on survie_new
[00:19:24] [ITEM_SOLD]: lasoeurdadrien sold 1x Splash Potion to k0ru for $500.00 on survie_new
[00:19:27] [ITEM_LISTED]: lasoeurdadrien listed 1x Splash Potion for $500.00 on survie_new
[00:19:35] [ITEM_LISTED]: lasoeurdadrien listed 1x Splash Potion for $500.00 on survie_new
[00:19:39] [ITEM_LISTED]: lasoeurdadrien listed 1x Splash Potion for $500.00 on survie_new
[00:30:37] [ITEM_LISTED]: k0ru listed 1x Enchanted Book for $2,799.00 on survie_new
[00:30:41] [ITEM_LISTED]: k0ru listed 1x Enchanted Book for $2,799.00 on survie_new
[00:30:43] [ITEM_LISTED]: k0ru listed 1x Enchanted Book for $2,799.00 on survie_new
[00:30:45] [ITEM_LISTED]: k0ru listed 1x Enchanted Book for $2,799.00 on survie_new
[00:32:08] [ITEM_LISTED]: k0ru listed 1x Enchanted Book for $2,799.00 on survie_new
[00:32:11] [ITEM_LISTED]: k0ru listed 1x Enchanted Book for $2,799.00 on survie_new
[00:32:12] [ITEM_LISTED]: k0ru listed 1x Enchanted Book for $2,799.00 on survie_new
[00:44:40] [ITEM_LISTED]: RazerJojo listed 18x Quartz for $10.00 on survie_new
[01:01:27] [ITEM_LISTED]: jordan8413 listed 62x Blaze Rod for $3,200.00 on survie_new
[01:10:34] [ITEM_SOLD]: k0ru sold 1x Enchanted Book to Mr_Yt_Fr for $2,799.00 on survie_new
[01:12:18] [ITEM_LISTED]: El_Pietro_31 listed 64x Blaze Rod for $3,200.00 on survie_new
[01:18:44] [ITEM_LISTED]: jordan8413 listed 64x Wheat Seeds for $50.00 on survie_new
[01:18:55] [ITEM_LISTED]: jordan8413 listed 64x Wheat Seeds for $50.00 on survie_new
[01:20:40] [ITEM_LISTED]: jordan8413 listed 64x Wheat Seeds for $50.00 on survie_new
[01:29:31] [ITEM_LISTED]: jordan8413 listed 64x Dirt for $10.00 on survie_new
[01:29:52] [ITEM_LISTED]: jordan8413 listed 64x Dirt for $2.00 on survie_new
[01:30:16] [ITEM_LISTED]: jordan8413 listed 64x Dirt for $5.00 on survie_new
[01:30:27] [ITEM_LISTED]: jordan8413 listed 64x Dirt for $5.00 on survie_new
[01:30:36] [ITEM_LISTED]: jordan8413 listed 64x Dirt for $5.00 on survie_new
[01:31:10] [ITEM_LISTED]: jordan8413 listed 64x Dirt for $5.00 on survie_new
[01:31:17] [ITEM_LISTED]: jordan8413 listed 64x Dirt for $5.00 on survie_new
[01:31:36] [ITEM_LISTED]: jordan8413 listed 18x Granite for $15.00 on survie_new
[01:31:45] [ITEM_LISTED]: jordan8413 listed 64x Dirt for $5.00 on survie_new
[01:31:54] [ITEM_LISTED]: jordan8413 listed 64x Dirt for $5.00 on survie_new
[01:32:01] [ITEM_LISTED]: jordan8413 listed 64x Dirt for $5.00 on survie_new
[01:34:01] [ITEM_LISTED]: jordan8413 listed 64x Wheat Seeds for $50.00 on survie_new
[01:34:10] [ITEM_LISTED]: jordan8413 listed 64x Wheat Seeds for $50.00 on survie_new
[01:52:21] [ITEM_CANCELLED]: jordan8413 cancelled an auction for 18x Granite for $15.00 on survie_new
[01:52:36] [ITEM_RETURNED]: Returned 18x Granite to jordan8413 on survie_new
[02:16:44] [ITEM_CANCELLED]: lasoeurdadrien cancelled an auction for 1x Splash Potion for $500.00 on survie_new
[02:16:44] [ITEM_CANCELLED]: lasoeurdadrien cancelled an auction for 1x Splash Potion for $500.00 on survie_new
[02:16:45] [ITEM_CANCELLED]: lasoeurdadrien cancelled an auction for 1x Splash Potion for $500.00 on survie_new
[02:31:30] [ITEM_SOLD]: REGDYLAN sold 1x Beacon to MaloZazina for $20,000.00 on survie_new
[02:31:53] [ITEM_SOLD]: k0ru sold 1x Enchanted Book to MaloZazina for $2,799.00 on survie_new
[02:31:54] [ITEM_SOLD]: k0ru sold 1x Enchanted Book to MaloZazina for $2,799.00 on survie_new
[02:31:55] [ITEM_SOLD]: k0ru sold 1x Enchanted Book to MaloZazina for $2,799.00 on survie_new
[02:31:56] [ITEM_SOLD]: k0ru sold 1x Enchanted Book to MaloZazina for $2,799.00 on survie_new
[02:31:57] [ITEM_SOLD]: k0ru sold 1x Enchanted Book to MaloZazina for $2,799.00 on survie_new
[02:31:58] [ITEM_SOLD]: k0ru sold 1x Enchanted Book to MaloZazina for $2,799.00 on survie_new
[02:32:29] [ITEM_SOLD]: Haru_M sold 1x Enchanted Book to MaloZazina for $2,000.00 on survie_new
[02:46:49] [ITEM_SOLD]: jordan8413 sold 64x Dirt to k0ru for $5.00 on survie_new
[02:46:50] [ITEM_SOLD]: jordan8413 sold 64x Dirt to k0ru for $5.00 on survie_new
[02:46:52] [ITEM_SOLD]: jordan8413 sold 64x Dirt to k0ru for $5.00 on survie_new
[02:46:54] [ITEM_SOLD]: jordan8413 sold 64x Dirt to k0ru for $5.00 on survie_new
[03:10:13] [ITEM_SOLD]: Legendaires sold 1x Elytra to lasoeurdadrien for $5,000.00 on survie_new
[03:10:56] [ITEM_SOLD]: Haru_M sold 1x Enchanted Book to Tchong for $2,800.00 on survie_new
[04:11:03] [ITEM_CANCELLED]: lasoeurdadrien cancelled an auction for 1x Enchanted Book for $1,500.00 on survie_new
[04:11:03] [ITEM_CANCELLED]: lasoeurdadrien cancelled an auction for 1x Enchanted Book for $1,500.00 on survie_new
[04:11:03] [ITEM_CANCELLED]: lasoeurdadrien cancelled an auction for 1x Enchanted Book for $1,500.00 on survie_new
[04:11:04] [ITEM_CANCELLED]: lasoeurdadrien cancelled an auction for 1x Enchanted Book for $1,500.00 on survie_new
[04:11:04] [ITEM_CANCELLED]: lasoeurdadrien cancelled an auction for 1x Enchanted Book for $1,500.00 on survie_new
[04:11:04] [ITEM_CANCELLED]: lasoeurdadrien cancelled an auction for 1x Enchanted Book for $1,500.00 on survie_new
[04:11:04] [ITEM_CANCELLED]: lasoeurdadrien cancelled an auction for 1x Enchanted Book for $1,500.00 on survie_new
[04:11:04] [ITEM_CANCELLED]: lasoeurdadrien cancelled an auction for 1x Enchanted Book for $1,500.00 on survie_new
[04:11:06] [ITEM_RETURNED]: Returned 1x Enchanted Book to lasoeurdadrien on survie_new
[04:11:06] [ITEM_RETURNED]: Returned 1x Enchanted Book to lasoeurdadrien on survie_new
[04:11:07] [ITEM_RETURNED]: Returned 1x Enchanted Book to lasoeurdadrien on survie_new
[04:11:07] [ITEM_RETURNED]: Returned 1x Enchanted Book to lasoeurdadrien on survie_new
[04:11:07] [ITEM_RETURNED]: Returned 1x Enchanted Book to lasoeurdadrien on survie_new
[04:11:07] [ITEM_RETURNED]: Returned 1x Enchanted Book to lasoeurdadrien on survie_new
[04:11:07] [ITEM_RETURNED]: Returned 1x Enchanted Book to lasoeurdadrien on survie_new
[04:11:07] [ITEM_RETURNED]: Returned 1x Enchanted Book to lasoeurdadrien on survie_new
[04:11:07] [ITEM_RETURNED]: Returned 1x Splash Potion to lasoeurdadrien on survie_new
[04:11:08] [ITEM_RETURNED]: Returned 1x Splash Potion to lasoeurdadrien on survie_new
[04:11:08] [ITEM_RETURNED]: Returned 1x Splash Potion to lasoeurdadrien on survie_new
[04:11:08] [ITEM_RETURNED]: Returned 64x Green Dye to lasoeurdadrien on survie_new
[04:11:34] [ITEM_LISTED]: k0ru listed 1x Enchanted Book for $2,800.00 on survie_new
[04:11:36] [ITEM_LISTED]: k0ru listed 1x Enchanted Book for $2,800.00 on survie_new
[04:11:37] [ITEM_LISTED]: k0ru listed 1x Enchanted Book for $2,800.00 on survie_new
[04:11:38] [ITEM_LISTED]: k0ru listed 1x Enchanted Book for $2,800.00 on survie_new
[04:11:38] [ITEM_LISTED]: lasoeurdadrien listed 1x Enchanted Book for $1,200.00 on survie_new
[04:11:39] [ITEM_LISTED]: k0ru listed 1x Enchanted Book for $2,800.00 on survie_new
[04:11:44] [ITEM_LISTED]: k0ru listed 1x Enchanted Book for $2,800.00 on survie_new
[04:11:47] [ITEM_LISTED]: lasoeurdadrien listed 1x Enchanted Book for $1,200.00 on survie_new
[04:11:57] [ITEM_LISTED]: lasoeurdadrien listed 1x Enchanted Book for $1,200.00 on survie_new
[04:12:01] [ITEM_LISTED]: lasoeurdadrien listed 1x Enchanted Book for $1,200.00 on survie_new
[04:12:06] [ITEM_LISTED]: lasoeurdadrien listed 1x Enchanted Book for $1,200.00 on survie_new
[04:12:10] [ITEM_LISTED]: lasoeurdadrien listed 1x Enchanted Book for $1,200.00 on survie_new
[04:12:16] [ITEM_LISTED]: lasoeurdadrien listed 1x Enchanted Book for $1,200.00 on survie_new
[04:12:22] [ITEM_LISTED]: lasoeurdadrien listed 1x Enchanted Book for $1,200.00 on survie_new
[04:12:27] [ITEM_LISTED]: lasoeurdadrien listed 1x Enchanted Book for $1,200.00 on survie_new
[04:12:39] [ITEM_LISTED]: lasoeurdadrien listed 1x Enchanted Book for $1,200.00 on survie_new
[04:12:43] [ITEM_LISTED]: lasoeurdadrien listed 1x Enchanted Book for $1,200.00 on survie_new
[04:12:48] [ITEM_LISTED]: lasoeurdadrien listed 1x Enchanted Book for $1,200.00 on survie_new
[04:12:54] [ITEM_LISTED]: lasoeurdadrien listed 1x Enchanted Book for $1,200.00 on survie_new
[04:23:59] [ITEM_CANCELLED]: k0ru cancelled an auction for 1x Enchanted Book for $2,800.00 on survie_new
[04:24:01] [ITEM_CANCELLED]: k0ru cancelled an auction for 1x Enchanted Book for $2,800.00 on survie_new
[04:24:01] [ITEM_CANCELLED]: k0ru cancelled an auction for 1x Enchanted Book for $2,800.00 on survie_new
[04:24:01] [ITEM_CANCELLED]: k0ru cancelled an auction for 1x Enchanted Book for $2,800.00 on survie_new
[04:24:02] [ITEM_CANCELLED]: k0ru cancelled an auction for 1x Enchanted Book for $2,800.00 on survie_new
[04:24:04] [ITEM_CANCELLED]: k0ru cancelled an auction for 1x Enchanted Book for $2,800.00 on survie_new
[04:24:36] [ITEM_RETURNED]: Returned 1x Enchanted Book to k0ru on survie_new
[04:24:36] [ITEM_RETURNED]: Returned 1x Enchanted Book to k0ru on survie_new
[04:24:36] [ITEM_RETURNED]: Returned 1x Enchanted Book to k0ru on survie_new
[04:24:37] [ITEM_RETURNED]: Returned 1x Enchanted Book to k0ru on survie_new
[04:24:37] [ITEM_RETURNED]: Returned 1x Enchanted Book to k0ru on survie_new
[04:24:37] [ITEM_RETURNED]: Returned 1x Enchanted Book to k0ru on survie_new
[04:24:48] [ITEM_LISTED]: k0ru listed 1x Enchanted Book for $2,800.00 on survie_new
[04:24:51] [ITEM_LISTED]: k0ru listed 1x Enchanted Book for $2,800.00 on survie_new
[04:24:52] [ITEM_LISTED]: k0ru listed 1x Enchanted Book for $2,800.00 on survie_new
[04:24:54] [ITEM_LISTED]: k0ru listed 1x Enchanted Book for $2,800.00 on survie_new
[04:24:55] [ITEM_LISTED]: k0ru listed 1x Enchanted Book for $2,800.00 on survie_new
[04:24:56] [ITEM_LISTED]: k0ru listed 1x Enchanted Book for $2,800.00 on survie_new
[04:33:25] [ITEM_LISTED]: k0ru listed 1x Enchanted Book for $2,800.00 on survie_new
[04:33:26] [ITEM_LISTED]: k0ru listed 1x Enchanted Book for $2,800.00 on survie_new
[04:33:27] [ITEM_LISTED]: k0ru listed 1x Enchanted Book for $2,800.00 on survie_new
[04:33:28] [ITEM_LISTED]: k0ru listed 1x Enchanted Book for $2,800.00 on survie_new
[04:33:29] [ITEM_LISTED]: k0ru listed 1x Enchanted Book for $2,800.00 on survie_new
[04:51:46] [ITEM_LISTED]: lasoeurdadrien listed 1x Name Tag for $500.00 on survie_new
[04:51:51] [ITEM_LISTED]: lasoeurdadrien listed 1x Name Tag for $500.00 on survie_new
[04:51:57] [ITEM_LISTED]: lasoeurdadrien listed 1x Name Tag for $500.00 on survie_new
[04:52:01] [ITEM_LISTED]: lasoeurdadrien listed 1x Name Tag for $500.00 on survie_new
[04:52:08] [ITEM_LISTED]: lasoeurdadrien listed 1x Name Tag for $500.00 on survie_new
[04:52:15] [ITEM_LISTED]: lasoeurdadrien listed 1x Name Tag for $500.00 on survie_new
[05:21:28] [ITEM_LISTED]: Tchong listed 10x Acacia Sapling for $10.00 on survie_new
[05:21:41] [ITEM_SOLD]: Tchong sold 10x Acacia Sapling to k0ru for $10.00 on survie_new
[05:23:00] [ITEM_LISTED]: Tchong listed 2x Jungle Sapling for $2.00 on survie_new
[05:24:00] [ITEM_SOLD]: Tchong sold 2x Jungle Sapling to k0ru for $2.00 on survie_new
[06:08:38] [ITEM_LISTED]: lasoeurdadrien listed 1x Name Tag for $500.00 on survie_new
[06:08:43] [ITEM_LISTED]: lasoeurdadrien listed 1x Name Tag for $500.00 on survie_new
[06:08:47] [ITEM_LISTED]: lasoeurdadrien listed 1x Name Tag for $500.00 on survie_new
[06:08:52] [ITEM_LISTED]: lasoeurdadrien listed 1x Name Tag for $500.00 on survie_new
[06:08:57] [ITEM_LISTED]: lasoeurdadrien listed 1x Name Tag for $500.00 on survie_new
[06:09:03] [ITEM_LISTED]: lasoeurdadrien listed 1x Name Tag for $500.00 on survie_new
[06:09:06] [ITEM_LISTED]: lasoeurdadrien listed 1x Name Tag for $500.00 on survie_new
[06:18:55] [ITEM_LISTED]: lasoeurdadrien listed 1x Name Tag for $500.00 on survie_new
[06:19:00] [ITEM_LISTED]: lasoeurdadrien listed 1x Name Tag for $500.00 on survie_new
[06:19:05] [ITEM_LISTED]: lasoeurdadrien listed 1x Name Tag for $500.00 on survie_new
[06:19:09] [ITEM_LISTED]: lasoeurdadrien listed 1x Name Tag for $500.00 on survie_new
[06:19:14] [ITEM_LISTED]: lasoeurdadrien listed 1x Name Tag for $500.00 on survie_new
[06:19:24] [ITEM_LISTED]: lasoeurdadrien listed 1x Name Tag for $500.00 on survie_new
[06:19:30] [ITEM_LISTED]: lasoeurdadrien listed 1x Name Tag for $500.00 on survie_new
[06:19:33] [ITEM_LISTED]: lasoeurdadrien listed 1x Name Tag for $500.00 on survie_new
[06:19:40] [ITEM_LISTED]: lasoeurdadrien listed 1x Name Tag for $500.00 on survie_new
[06:19:45] [ITEM_LISTED]: lasoeurdadrien listed 1x Name Tag for $500.00 on survie_new
[06:19:49] [ITEM_LISTED]: lasoeurdadrien listed 1x Name Tag for $500.00 on survie_new
[06:20:06] [ITEM_LISTED]: lasoeurdadrien listed 1x Name Tag for $500.00 on survie_new
[07:00:57] [ITEM_LISTED]: lasoeurdadrien listed 64x Iron Ingot for $1,500.00 on survie_new
[07:05:23] [ITEM_LISTED]: lasoeurdadrien listed 64x Iron Ingot for $1,500.00 on survie_new
[07:06:13] [ITEM_CANCELLED]: lasoeurdadrien cancelled an auction for 64x Iron Ingot for $1,500.00 on survie_new
[07:06:14] [ITEM_CANCELLED]: lasoeurdadrien cancelled an auction for 64x Iron Ingot for $1,500.00 on survie_new
[07:06:16] [ITEM_RETURNED]: Returned 64x Iron Ingot to lasoeurdadrien on survie_new
[07:06:16] [ITEM_RETURNED]: Returned 64x Iron Ingot to lasoeurdadrien on survie_new
[07:06:22] [ITEM_LISTED]: lasoeurdadrien listed 64x Iron Ingot for $1,800.00 on survie_new
[07:06:28] [ITEM_LISTED]: lasoeurdadrien listed 64x Iron Ingot for $1,800.00 on survie_new
[07:07:36] [ITEM_LISTED]: lasoeurdadrien listed 64x White Wool for $750.00 on survie_new
[07:07:41] [ITEM_LISTED]: lasoeurdadrien listed 64x White Wool for $750.00 on survie_new
[07:25:19] [ITEM_LISTED]: lasoeurdadrien listed 64x Iron Ingot for $1,800.00 on survie_new
[07:25:27] [ITEM_LISTED]: lasoeurdadrien listed 64x Iron Ingot for $1,800.00 on survie_new
[07:30:04] [ITEM_CANCELLED]: Cantyo cancelled an auction for 1x End Crystal for $1,500.00 on survie_new
[07:30:04] [ITEM_CANCELLED]: Cantyo cancelled an auction for 1x End Crystal for $1,500.00 on survie_new
[07:30:04] [ITEM_CANCELLED]: Cantyo cancelled an auction for 1x End Crystal for $1,500.00 on survie_new
[07:30:12] [ITEM_RETURNED]: Returned 1x End Crystal to Cantyo on survie_new
[07:30:12] [ITEM_RETURNED]: Returned 1x End Crystal to Cantyo on survie_new
[07:30:13] [ITEM_RETURNED]: Returned 1x End Crystal to Cantyo on survie_new
[07:30:41] [ITEM_LISTED]: Cantyo listed 1x End Crystal for $1,250.00 on survie_new
[07:30:45] [ITEM_LISTED]: Cantyo listed 1x End Crystal for $1,250.00 on survie_new
[07:30:58] [ITEM_LISTED]: Cantyo listed 1x End Crystal for $1,250.00 on survie_new
[07:31:00] [ITEM_LISTED]: Cantyo listed 1x End Crystal for $1,250.00 on survie_new
[07:31:05] [ITEM_LISTED]: Cantyo listed 1x End Crystal for $1,250.00 on survie_new
[07:31:07] [ITEM_LISTED]: Cantyo listed 1x End Crystal for $1,250.00 on survie_new
[07:33:09] [ITEM_LISTED]: lasoeurdadrien listed 1x Enchanted Book for $1,800.00 on survie_new
[08:14:03] [ITEM_SOLD]: lasoeurdadrien sold 64x Iron Ingot to Oniah for $1,800.00 on survie_new
[08:16:21] [ITEM_SOLD]: REGDYLAN sold 1x Golden Apple to Oniah for $200.00 on survie_new
[09:34:20] [ITEM_SOLD]: lasoeurdadrien sold 64x Iron Ingot to Oniah for $1,800.00 on survie_new
[10:40:46] [ITEM_LISTED]: jordan8413 listed 64x Wheat Seeds for $50.00 on survie_new
[10:40:56] [ITEM_LISTED]: jordan8413 listed 64x Wheat Seeds for $50.00 on survie_new
[11:35:46] [ITEM_SOLD]: lasoeurdadrien sold 64x Iron Ingot to Oniah for $1,800.00 on survie_new
[11:37:59] [ITEM_SOLD]: Jarreshan sold 1x Enchanted Book to Kaio_Beninou for $1,000.00 on survie_new
[11:47:31] [ITEM_SOLD]: lasoeurdadrien sold 64x Iron Ingot to Oniah for $1,800.00 on survie_new
[12:53:37] [ITEM_SOLD]: lasoeurdadrien sold 1x Enchanted Book to IvarTheBoneless for $1,800.00 on survie_new
[13:25:27] [ITEM_LISTED]: Haru_M listed 1x Enchanted Book for $2,000.00 on survie_new
[13:25:29] [ITEM_LISTED]: Haru_M listed 1x Enchanted Book for $2,000.00 on survie_new
[13:25:36] [ITEM_SOLD]: Jarreshan sold 1x [Zombie Spawner] to Oniah for $3,000.00 on Ressource
[14:52:35] [ITEM_LISTED]: lasoeurdadrien listed 1x Enchanted Book for $2,000.00 on survie_new
[14:52:40] [ITEM_LISTED]: lasoeurdadrien listed 1x Enchanted Book for $2,000.00 on survie_new
[16:30:54] [ITEM_SOLD]: lasoeurdadrien sold 1x Enchanted Book to GrosBoze for $2,000.00 on survie_new
[16:37:42] [ITEM_SOLD]: lasoeurdadrien sold 1x Enchanted Book to GrosBoze for $2,000.00 on survie_new
[16:48:47] [ITEM_SOLD]: Haru_M sold 1x Enchanted Book to GrosBoze for $2,000.00 on survie_new
[16:51:53] [ITEM_LISTED]: Jarreshan listed 1x Heart Of The Sea for $500.00 on survie_new
[17:01:02] [ITEM_SOLD]: Haru_M sold 1x Enchanted Book to GrosBoze for $2,000.00 on survie_new
[17:04:53] [ITEM_LISTED]: REGDYLAN listed 1x Diamond Pickaxe [Efficiency IV, Unbreaking III] for $2,000.00 on survie_new
[17:04:55] [ITEM_LISTED]: REGDYLAN listed 1x Diamond Pickaxe [Efficiency IV, Unbreaking III] for $2,000.00 on survie_new
[17:05:00] [ITEM_LISTED]: REGDYLAN listed 1x Diamond Pickaxe [Efficiency IV, Fortune III, Unbreaking III] for $2,500.00 on survie_new
[17:05:02] [ITEM_LISTED]: REGDYLAN listed 1x Diamond Pickaxe [Efficiency IV, Fortune III, Unbreaking III] for $2,500.00 on survie_new
[17:14:38] [ITEM_LISTED]: jordan8413 listed 1x Rotten Flesh for $1.00 on survie_new
[17:25:06] [ITEM_LISTED]: jordan8413 listed 1x Rotten Flesh for $1.00 on survie_new
[17:28:24] [ITEM_SOLD]: REGDYLAN sold 1x Diamond Pickaxe to  [Efficiency IV, Fortune III, Unbreaking III]cmdix36 for $2,500.00 on survie_new
[17:31:21] [ITEM_LISTED]: Jarreshan listed 1x [Zombie Spawner] for $3,000.00 on Ressource
[17:37:56] [ITEM_LISTED]: jordan8413 listed 2x Rotten Flesh for $1.00 on survie_new
[17:58:57] [ITEM_SOLD]: Jarreshan sold 1x le gros gland de AzodFR to  [Fire Aspect II, Looting II, Sharpness V, Unbreaking III]Katsiah for $10,000.00 on survie_new
[18:03:16] [ITEM_LISTED]: Jarreshan listed 1x [Zombie Spawner] for $2,500.00 on survie_new
[18:03:24] [ITEM_LISTED]: Jarreshan listed 1x [Zombie Spawner] for $2,500.00 on survie_new
[18:03:32] [ITEM_LISTED]: Jarreshan listed 1x [Cave spider Spawner] for $500.00 on survie_new
[18:14:47] [ITEM_LISTED]: pierro listed 16x Egg for $250.00 on survie_new
[18:14:55] [ITEM_LISTED]: pierro listed 16x Egg for $250.00 on survie_new
[18:15:15] [ITEM_RETURNED]: Returned 64x Lapis Lazuli to pierro on survie_new
[18:15:16] [ITEM_RETURNED]: Returned 64x Bamboo to pierro on survie_new
[18:15:16] [ITEM_RETURNED]: Returned 64x Bamboo to pierro on survie_new
[18:15:17] [ITEM_RETURNED]: Returned 64x Bamboo to pierro on survie_new
[18:15:17] [ITEM_RETURNED]: Returned 64x Bamboo to pierro on survie_new
[18:15:18] [ITEM_RETURNED]: Returned 64x Bamboo to pierro on survie_new
[18:20:39] [ITEM_LISTED]: Haru_M listed 64x Stone Slab for $111.00 on Nether
[18:20:56] [ITEM_CANCELLED]: Haru_M cancelled an auction for 64x Stone Slab for $111.00 on Nether
[18:20:58] [ITEM_SOLD]: k0ru sold 1x Enchanted Book to Fr3nCh_CraFt for $2,800.00 on survie_new
[18:23:49] [ITEM_LISTED]: jordan8413 listed 1x Rotten Flesh for $1.00 on survie_new
[18:26:16] [ITEM_CANCELLED]: lasoeurdadrien cancelled an auction for 1x Name Tag for $500.00 on survie_new
[18:26:16] [ITEM_CANCELLED]: lasoeurdadrien cancelled an auction for 1x Name Tag for $500.00 on survie_new
[18:26:16] [ITEM_CANCELLED]: lasoeurdadrien cancelled an auction for 1x Name Tag for $500.00 on survie_new
[18:26:17] [ITEM_CANCELLED]: lasoeurdadrien cancelled an auction for 1x Name Tag for $500.00 on survie_new
[18:26:17] [ITEM_CANCELLED]: lasoeurdadrien cancelled an auction for 1x Name Tag for $500.00 on survie_new
[18:26:17] [ITEM_CANCELLED]: lasoeurdadrien cancelled an auction for 1x Name Tag for $500.00 on survie_new
[18:26:17] [ITEM_CANCELLED]: lasoeurdadrien cancelled an auction for 1x Name Tag for $500.00 on survie_new
[18:26:17] [ITEM_CANCELLED]: lasoeurdadrien cancelled an auction for 1x Name Tag for $500.00 on survie_new
[18:26:18] [ITEM_CANCELLED]: lasoeurdadrien cancelled an auction for 1x Name Tag for $500.00 on survie_new
[18:26:18] [ITEM_CANCELLED]: lasoeurdadrien cancelled an auction for 1x Name Tag for $500.00 on survie_new
[18:26:18] [ITEM_CANCELLED]: lasoeurdadrien cancelled an auction for 1x Name Tag for $500.00 on survie_new
[18:26:18] [ITEM_CANCELLED]: lasoeurdadrien cancelled an auction for 1x Name Tag for $500.00 on survie_new
[18:26:18] [ITEM_CANCELLED]: lasoeurdadrien cancelled an auction for 1x Name Tag for $500.00 on survie_new
[18:26:18] [ITEM_CANCELLED]: lasoeurdadrien cancelled an auction for 1x Name Tag for $500.00 on survie_new
[18:26:18] [ITEM_CANCELLED]: lasoeurdadrien cancelled an auction for 1x Name Tag for $500.00 on survie_new
[18:26:19] [ITEM_CANCELLED]: lasoeurdadrien cancelled an auction for 1x Name Tag for $500.00 on survie_new
[18:26:19] [ITEM_CANCELLED]: lasoeurdadrien cancelled an auction for 1x Name Tag for $500.00 on survie_new
[18:26:19] [ITEM_CANCELLED]: lasoeurdadrien cancelled an auction for 1x Name Tag for $500.00 on survie_new
[18:26:19] [ITEM_CANCELLED]: lasoeurdadrien cancelled an auction for 1x Name Tag for $500.00 on survie_new
[18:26:19] [ITEM_CANCELLED]: lasoeurdadrien cancelled an auction for 1x Name Tag for $500.00 on survie_new
[18:26:20] [ITEM_CANCELLED]: lasoeurdadrien cancelled an auction for 1x Name Tag for $500.00 on survie_new
[18:26:20] [ITEM_CANCELLED]: lasoeurdadrien cancelled an auction for 1x Name Tag for $500.00 on survie_new
[18:26:20] [ITEM_CANCELLED]: lasoeurdadrien cancelled an auction for 1x Name Tag for $500.00 on survie_new
[18:26:20] [ITEM_CANCELLED]: lasoeurdadrien cancelled an auction for 1x Name Tag for $500.00 on survie_new
[18:26:20] [ITEM_CANCELLED]: lasoeurdadrien cancelled an auction for 1x Name Tag for $500.00 on survie_new
[18:29:05] [ITEM_RETURNED]: Returned 1x Name Tag to lasoeurdadrien on survie_new
[18:29:05] [ITEM_RETURNED]: Returned 1x Name Tag to lasoeurdadrien on survie_new
[18:29:05] [ITEM_RETURNED]: Returned 1x Name Tag to lasoeurdadrien on survie_new
[18:29:06] [ITEM_RETURNED]: Returned 1x Name Tag to lasoeurdadrien on survie_new
[18:29:06] [ITEM_RETURNED]: Returned 1x Name Tag to lasoeurdadrien on survie_new
[18:29:06] [ITEM_RETURNED]: Returned 1x Name Tag to lasoeurdadrien on survie_new
[18:29:06] [ITEM_RETURNED]: Returned 1x Name Tag to lasoeurdadrien on survie_new
[18:29:06] [ITEM_RETURNED]: Returned 1x Name Tag to lasoeurdadrien on survie_new
[18:29:07] [ITEM_RETURNED]: Returned 1x Name Tag to lasoeurdadrien on survie_new
[18:29:07] [ITEM_RETURNED]: Returned 1x Name Tag to lasoeurdadrien on survie_new
[18:29:07] [ITEM_RETURNED]: Returned 1x Name Tag to lasoeurdadrien on survie_new
[18:29:07] [ITEM_RETURNED]: Returned 1x Name Tag to lasoeurdadrien on survie_new
[18:29:07] [ITEM_RETURNED]: Returned 1x Name Tag to lasoeurdadrien on survie_new
[18:29:07] [ITEM_RETURNED]: Returned 1x Name Tag to lasoeurdadrien on survie_new
[18:29:07] [ITEM_RETURNED]: Returned 1x Name Tag to lasoeurdadrien on survie_new
[18:29:08] [ITEM_RETURNED]: Returned 1x Name Tag to lasoeurdadrien on survie_new
[18:29:08] [ITEM_RETURNED]: Returned 1x Name Tag to lasoeurdadrien on survie_new
[18:29:08] [ITEM_RETURNED]: Returned 1x Name Tag to lasoeurdadrien on survie_new
[18:29:08] [ITEM_RETURNED]: Returned 1x Name Tag to lasoeurdadrien on survie_new
[18:29:08] [ITEM_RETURNED]: Returned 1x Name Tag to lasoeurdadrien on survie_new
[18:29:08] [ITEM_RETURNED]: Returned 1x Name Tag to lasoeurdadrien on survie_new
[18:29:09] [ITEM_RETURNED]: Returned 1x Name Tag to lasoeurdadrien on survie_new
[18:29:09] [ITEM_RETURNED]: Returned 1x Name Tag to lasoeurdadrien on survie_new
[18:29:09] [ITEM_RETURNED]: Returned 1x Name Tag to lasoeurdadrien on survie_new
[18:29:09] [ITEM_RETURNED]: Returned 1x Name Tag to lasoeurdadrien on survie_new
[18:29:09] [ITEM_CANCELLED]: lasoeurdadrien cancelled an auction for 64x White Wool for $750.00 on survie_new
[18:29:09] [ITEM_CANCELLED]: lasoeurdadrien cancelled an auction for 64x White Wool for $750.00 on survie_new
[18:29:10] [ITEM_CANCELLED]: lasoeurdadrien cancelled an auction for 1x Enchanted Book for $1,200.00 on survie_new
[18:29:10] [ITEM_CANCELLED]: lasoeurdadrien cancelled an auction for 1x Enchanted Book for $1,200.00 on survie_new
[18:29:10] [ITEM_CANCELLED]: lasoeurdadrien cancelled an auction for 1x Enchanted Book for $1,200.00 on survie_new
[18:29:15] [ITEM_RETURNED]: Returned 1x Enchanted Book to lasoeurdadrien on survie_new
[18:29:16] [ITEM_RETURNED]: Returned 1x Enchanted Book to lasoeurdadrien on survie_new
[18:29:16] [ITEM_RETURNED]: Returned 1x Enchanted Book to lasoeurdadrien on survie_new
[18:29:16] [ITEM_RETURNED]: Returned 64x White Wool to lasoeurdadrien on survie_new
[18:29:16] [ITEM_RETURNED]: Returned 64x White Wool to lasoeurdadrien on survie_new
[18:29:16] [ITEM_CANCELLED]: lasoeurdadrien cancelled an auction for 1x Enchanted Book for $1,200.00 on survie_new
[18:29:19] [ITEM_RETURNED]: Returned 1x Enchanted Book to lasoeurdadrien on survie_new
[18:31:14] [ITEM_LISTED]: Oniah listed 1x Fishing Rod [unknown, Lure II, Mending, Unbreaking III] for $3,500.00 on survie_new
[18:32:29] [ITEM_LISTED]: pierro listed 1x Leather Helmet for $20.00 on survie_new
[18:32:35] [ITEM_LISTED]: pierro listed 1x Leather Helmet for $20.00 on survie_new
[18:32:39] [ITEM_LISTED]: pierro listed 1x Leather Chestplate for $20.00 on survie_new
[18:32:42] [ITEM_LISTED]: pierro listed 1x Leather Boots for $20.00 on survie_new
[18:33:04] [ITEM_LISTED]: pierro listed 1x Leather Helmet for $20.00 on survie_new
[18:33:07] [ITEM_LISTED]: pierro listed 1x Leather Chestplate for $20.00 on survie_new
[18:33:42] [ITEM_LISTED]: pierro listed 1x Leather Helmet [Curse of Binding] for $20.00 on survie_new
[18:33:45] [ITEM_LISTED]: pierro listed 1x Leather Leggings [Curse of Vanishing] for $20.00 on survie_new
[18:33:48] [ITEM_LISTED]: pierro listed 1x Leather Leggings [Curse of Binding] for $20.00 on survie_new
[18:33:50] [ITEM_LISTED]: pierro listed 1x Leather Boots [Protection II] for $20.00 on survie_new
[18:34:43] [ITEM_LISTED]: lasoeurdadrien listed 64x White Wool for $500.00 on survie_new
[18:34:48] [ITEM_LISTED]: lasoeurdadrien listed 64x White Wool for $500.00 on survie_new
[18:42:07] [ITEM_LISTED]: CapitaineNiamor listed 1x Saddle for $50.00 on Nether
[18:42:13] [ITEM_LISTED]: CapitaineNiamor listed 1x Diamond Horse Armor for $100.00 on Nether
[18:54:24] [ITEM_LISTED]: lasoeurdadrien listed 32x Emerald for $600.00 on survie_new
[18:54:35] [ITEM_LISTED]: lasoeurdadrien listed 32x Emerald for $600.00 on survie_new
[19:06:17] [ITEM_SOLD]: REGDYLAN sold 1x Diamond Pickaxe to  [Efficiency IV, Fortune III, Unbreaking III]Asotrot for $2,500.00 on survie_new
[19:47:44] [ITEM_LISTED]: pierro listed 64x Nether Wart for $500.00 on survie_new
[19:48:01] [ITEM_LISTED]: pierro listed 16x Egg for $100.00 on survie_new
[19:48:04] [ITEM_LISTED]: pierro listed 16x Egg for $100.00 on survie_new
[20:10:46] [ITEM_LISTED]: lasoeurdadrien listed 64x Iron Ingot for $2,500.00 on survie_new
[20:44:53] [ITEM_SOLD]: REGDYLAN sold 1x Diamond Pickaxe to  [Efficiency IV, Unbreaking III]HeFk for $2,000.00 on survie_new
[20:48:15] [ITEM_SOLD]: REGDYLAN sold 64x Experience Bottle to GrosBoze for $2,000.00 on End
[20:48:47] [ITEM_SOLD]: lasoeurdadrien sold 64x Iron Ingot to Oniah for $2,500.00 on survie_new
[20:48:49] [ITEM_LISTED]: REGDYLAN listed 1x Diamond Pickaxe [Efficiency V, Unbreaking III] for $3,000.00 on survie_new
[20:49:02] [ITEM_CANCELLED]: REGDYLAN cancelled an auction for 1x Diamond Pickaxe [Efficiency IV, Unbreaking III] for $2,000.00 on survie_new
[20:49:03] [ITEM_CANCELLED]: REGDYLAN cancelled an auction for 1x Diamond Pickaxe [Efficiency V, Unbreaking III] for $3,000.00 on survie_new
[20:49:05] [ITEM_SOLD]: pierro sold 16x Egg to vava34670 for $100.00 on survie_new
[20:49:08] [ITEM_RETURNED]: Returned 1x Diamond Pickaxe [Efficiency V, Unbreaking III] to REGDYLAN on survie_new
[20:49:10] [ITEM_RETURNED]: Returned 1x Diamond Pickaxe [Efficiency IV, Unbreaking III] to REGDYLAN on survie_new
[20:49:15] [ITEM_LISTED]: REGDYLAN listed 1x Diamond Pickaxe [Efficiency V, Unbreaking III] for $3,000.00 on survie_new
[20:49:19] [ITEM_SOLD]: REGDYLAN sold 1x Diamond Pickaxe to  [Efficiency V, Unbreaking III]vava34670 for $3,000.00 on survie_new
[21:01:40] [ITEM_SOLD]: lasoeurdadrien sold 32x Emerald to pierro for $600.00 on survie_new
[21:10:16] [ITEM_SOLD]: CapitaineNiamor sold 1x Saddle to Mikiu_Ahegao for $50.00 on Nether
[21:19:32] [ITEM_LISTED]: lasoeurdadrien listed 64x Iron Ingot for $2,500.00 on survie_new
[21:21:07] [ITEM_LISTED]: sylverfire02 listed 1x Enchanted Book for $1,500.00 on survie_new
[21:49:49] [ITEM_LISTED]: Tchong listed 64x Iron Ingot for $2,200.00 on survie_new
[21:54:20] [ITEM_SOLD]: k0ru sold 1x Enchanted Book to Fr3nCh_CraFt for $2,800.00 on survie_new
[21:56:42] [ITEM_RETURNED]: Returned 1x Enchanted Book to Fr3nCh_CraFt on survie_new
[21:56:54] [ITEM_LISTED]: Fr3nCh_CraFt listed 1x Enchanted Book for $300.00 on survie_new
[21:57:56] [ITEM_LISTED]: Fr3nCh_CraFt listed 1x Enchanted Book for $150.00 on survie_new
[22:45:29] [ITEM_SOLD]: Tchong sold 64x Iron Ingot to Oniah for $2,200.00 on survie_new
[22:45:31] [ITEM_SOLD]: lasoeurdadrien sold 64x Iron Ingot to Oniah for $2,500.00 on survie_new
[23:06:53] [ITEM_SOLD]: Jarreshan sold 1x Diamond Pickaxe to  [Efficiency IV, Fortune III, Unbreaking III]lmoaborghini for $5,000.00 on survie_new
[23:08:35] [ITEM_LISTED]: Cryyzi listed 1x Suspicious Stew for $50.00 on survie_new
[23:08:43] [ITEM_LISTED]: Cryyzi listed 6x Poisonous Potato for $50.00 on survie_new
[23:10:33] [ITEM_SOLD]: RazerJojo sold 18x Quartz to Cryyzi for $10.00 on survie_new
[23:11:08] [ITEM_LISTED]: lasoeurdadrien listed 64x Iron Ingot for $2,500.00 on survie_new
[23:12:33] [ITEM_SOLD]: toutom83 sold 64x Bamboo to Cryyzi for $60.00 on survie_new
[23:15:28] [ITEM_LISTED]: LLIcocoman_Hrz listed 1x End Crystal for $1,000.00 on spawn
[23:15:35] [ITEM_LISTED]: LLIcocoman_Hrz listed 1x End Crystal for $1,000.00 on spawn
[23:28:34] [ITEM_LISTED]: Jarreshan listed 1x Red Tulip for $100,000.00 on survie_new
[23:28:42] [ITEM_CANCELLED]: Jarreshan cancelled an auction for 1x Red Tulip for $100,000.00 on survie_new
[23:28:44] [ITEM_RETURNED]: Returned 1x Red Tulip to Jarreshan on survie_new
[23:29:36] [ITEM_LISTED]: Jarreshan listed 1x Coeur de Jarreshan for $100,000.00 on survie_new
[23:30:05] [ITEM_LISTED]: Gr33nEagl3 listed 64x Smooth Stone for $200.00 on survie_new
[23:30:09] [ITEM_LISTED]: Gr33nEagl3 listed 64x Smooth Stone for $200.00 on survie_new
[23:30:17] [ITEM_LISTED]: Gr33nEagl3 listed 64x Smooth Stone for $200.00 on survie_new
[23:30:17] [ITEM_SOLD]: Jarreshan sold 1x Coeur de Jarreshan to Kaam98 for $100,000.00 on survie_new
[23:30:20] [ITEM_LISTED]: Gr33nEagl3 listed 64x Smooth Stone for $200.00 on survie_new
[23:30:38] [ITEM_LISTED]: Gr33nEagl3 listed 25x Smooth Stone for $50.00 on survie_new
[23:32:07] [ITEM_LISTED]: Jarreshan listed 1x Coeur de Jarreshan for $100,000.00 on survie_new
[23:34:17] [ITEM_CANCELLED]: Jarreshan cancelled an auction for 1x Coeur de Jarreshan for $100,000.00 on survie_new
[23:34:20] [ITEM_RETURNED]: Returned 1x Coeur de Jarreshan to Jarreshan on survie_new
[23:34:34] [ITEM_LISTED]: Jarreshan listed 1x Coeur de Jarreshan for $50,000.00 on survie_new
[23:36:13] [ITEM_SOLD]: Jarreshan sold 1x [Cave spider Spawner] to Gr33nEagl3 for $500.00 on survie_new
[23:43:00] [ITEM_SOLD]: Jarreshan sold 1x Coeur de Jarreshan to AzodFR for $50,000.00 on survie_new
[23:47:24] [ITEM_LISTED]: Jarreshan listed 1x Théo gros pd for $1.00 on survie_new
[23:47:33] [ITEM_SOLD]: Jarreshan sold 1x Théo gros pd to AzodFR for $1.00 on survie_new
[23:47:52] [ITEM_LISTED]: AzodFR listed 1x Théo gros pd, toi même Ju for $1.00 on survie_new
[23:48:01] [ITEM_SOLD]: AzodFR sold 1x Théo gros pd, toi même Ju to Jarreshan for $1.00 on survie_new
[23:48:22] [ITEM_LISTED]: Jarreshan listed 1x t'es sérieux ??? for $10,000.00 on survie_new
[23:48:25] [ITEM_SOLD]: Jarreshan sold 1x t'es sérieux ??? to AzodFR for $10,000.00 on survie_new
[23:49:09] [ITEM_LISTED]: AzodFR listed 1x bah oui gros for $2.00 on survie_new
[23:49:13] [ITEM_SOLD]: AzodFR sold 1x bah oui gros to Jarreshan for $2.00 on survie_new
[23:49:39] [ITEM_LISTED]: Jarreshan listed 1x gros fdp va for $500,000.00 on survie_new
[23:50:19] [ITEM_SOLD]: Jarreshan sold 1x gros fdp va to AzodFR for $500,000.00 on survie_new
[23:51:01] [ITEM_LISTED]: AzodFR listed 1x rends moi mes 500k for $500,000.00 on survie_new
[23:51:06] [ITEM_SOLD]: AzodFR sold 1x rends moi mes 500k to Jarreshan for $500,000.00 on survie_new
[23:51:30] [ITEM_LISTED]: Jarreshan listed 1x tiens for $500,000.00 on survie_new
[23:52:04] [ITEM_SOLD]: Jarreshan sold 1x tiens to AzodFR for $500,000.00 on survie_new
[23:52:34] [ITEM_LISTED]: AzodFR listed 1x si tu penses que watson est gay buy for $499,000.00 on survie_new
[23:52:39] [ITEM_SOLD]: AzodFR sold 1x si tu penses que watson est gay buy to Jarreshan for $499,000.00 on survie_new
[23:53:13] [ITEM_LISTED]: Jarreshan listed 1x y pecho la meuf de son bro for $499,000.00 on survie_new
[23:53:20] [ITEM_SOLD]: Jarreshan sold 1x y pecho la meuf de son bro to AzodFR for $499,000.00 on survie_new
[23:53:46] [ITEM_LISTED]: AzodFR listed 1x c vraiment une tarlouze for $499,000.00 on survie_new
[23:53:56] [ITEM_SOLD]: AzodFR sold 1x c vraiment une tarlouze to Jarreshan for $499,000.00 on survie_new
[23:54:41] [ITEM_LISTED]: Jarreshan listed 1x achete si tu bouffe la chatte d'emm for $499,000.00 on survie_new
[23:54:45] [ITEM_SOLD]: Jarreshan sold 1x achete si tu bouffe la chatte d'emm to AzodFR for $499,000.00 on survie_new
[23:55:58] [ITEM_LISTED]: AzodFR listed 1x elle ma manqué l'odeur de sa culott for $499,000.00 on survie_new
[23:56:10] [ITEM_SOLD]: AzodFR sold 1x elle ma manqué l'odeur de sa culott to Jarreshan for $499,000.00 on survie_new
[23:56:40] [ITEM_LISTED]: Jarreshan listed 1x hatchounimek zebi for $50,000.00 on survie_new
[23:57:21] [ITEM_SOLD]: Jarreshan sold 1x hatchounimek zebi to AzodFR for $50,000.00 on survie_new
[23:58:09] [ITEM_LISTED]: AzodFR listed 1x ticket pour baisé emma: lifetime for $50,000.00 on survie_new
[23:58:36] [ITEM_SOLD]: AzodFR sold 1x ticket pour baisé emma: lifetime to Jarreshan for $50,000.00 on survie_new
[23:58:59] [ITEM_LISTED]: Jarreshan listed 1x ticket pour acheter ma mere for $499,000.00 on survie_new
[23:59:18] [ITEM_SOLD]: Jarreshan sold 1x ticket pour acheter ma mere to AzodFR for $499,000.00 on survie_new
