[00:10:58] [ITEM_LISTED]: CapitaineNiamor listed 1x Diamond Pickaxe [Efficiency IV, Silk Touch, Unbreaking III] for $5,000.00 on survie_new
[00:16:42] [ITEM_LISTED]: Mr_Yt_Fr listed 64x Nether Wart for $100,000.00 on survie_new
[00:16:44] [ITEM_LISTED]: Mr_Yt_Fr listed 64x Nether Wart for $100,000.00 on survie_new
[00:16:45] [ITEM_LISTED]: Mr_Yt_Fr listed 64x Nether Wart for $100,000.00 on survie_new
[00:16:48] [ITEM_LISTED]: Mr_Yt_Fr listed 64x Nether Wart for $100,000.00 on survie_new
[00:16:49] [ITEM_LISTED]: Mr_Yt_Fr listed 64x Nether Wart for $100,000.00 on survie_new
[00:16:51] [ITEM_LISTED]: Mr_Yt_Fr listed 64x Nether Wart for $100,000.00 on survie_new
[00:16:56] [ITEM_LISTED]: Mr_Yt_Fr listed 64x Nether Wart for $100,000.00 on survie_new
[00:16:57] [ITEM_LISTED]: Mr_Yt_Fr listed 64x Nether Wart for $100,000.00 on survie_new
[00:16:58] [ITEM_LISTED]: Mr_Yt_Fr listed 64x Nether Wart for $100,000.00 on survie_new
[00:16:59] [ITEM_LISTED]: Mr_Yt_Fr listed 64x Nether Wart for $100,000.00 on survie_new
[00:17:00] [ITEM_LISTED]: Mr_Yt_Fr listed 64x Nether Wart for $100,000.00 on survie_new
[00:17:02] [ITEM_LISTED]: Mr_Yt_Fr listed 64x Nether Wart for $100,000.00 on survie_new
[00:17:07] [ITEM_LISTED]: Mr_Yt_Fr listed 64x Nether Wart for $100,000.00 on survie_new
[00:17:08] [ITEM_LISTED]: Mr_Yt_Fr listed 64x Nether Wart for $100,000.00 on survie_new
[00:17:14] [ITEM_LISTED]: Mr_Yt_Fr listed 64x Nether Wart for $100,000.00 on survie_new
[00:17:15] [ITEM_LISTED]: Mr_Yt_Fr listed 64x Nether Wart for $100,000.00 on survie_new
[00:17:19] [ITEM_LISTED]: Mr_Yt_Fr listed 64x Nether Wart for $100,000.00 on survie_new
[00:17:20] [ITEM_LISTED]: Mr_Yt_Fr listed 64x Nether Wart for $100,000.00 on survie_new
[00:17:25] [ITEM_LISTED]: Mr_Yt_Fr listed 64x Nether Wart for $100,000.00 on survie_new
[00:17:26] [ITEM_LISTED]: Mr_Yt_Fr listed 64x Nether Wart for $100,000.00 on survie_new
[00:17:31] [ITEM_LISTED]: Mr_Yt_Fr listed 64x Nether Wart for $100,000.00 on survie_new
[00:17:34] [ITEM_LISTED]: Mr_Yt_Fr listed 64x Nether Wart for $100,000.00 on survie_new
[00:17:36] [ITEM_LISTED]: Mr_Yt_Fr listed 64x Nether Wart for $100,000.00 on survie_new
[00:17:37] [ITEM_LISTED]: Mr_Yt_Fr listed 64x Nether Wart for $100,000.00 on survie_new
[00:17:43] [ITEM_LISTED]: Mr_Yt_Fr listed 64x Nether Wart for $100,000.00 on survie_new
[00:17:45] [ITEM_LISTED]: Mr_Yt_Fr listed 64x Nether Wart for $100,000.00 on survie_new
[00:17:49] [ITEM_LISTED]: Mr_Yt_Fr listed 64x Nether Wart for $100,000.00 on survie_new
[00:17:50] [ITEM_LISTED]: Mr_Yt_Fr listed 64x Nether Wart for $100,000.00 on survie_new
[00:18:07] [ITEM_LISTED]: Mr_Yt_Fr listed 64x Nether Wart for $100,000.00 on survie_new
[00:18:09] [ITEM_LISTED]: Mr_Yt_Fr listed 64x Nether Wart for $100,000.00 on survie_new
[00:18:12] [ITEM_LISTED]: Mr_Yt_Fr listed 64x Nether Wart for $100,000.00 on survie_new
[00:18:13] [ITEM_LISTED]: Mr_Yt_Fr listed 64x Nether Wart for $100,000.00 on survie_new
[00:18:14] [ITEM_LISTED]: Mr_Yt_Fr listed 64x Nether Wart for $100,000.00 on survie_new
[00:18:16] [ITEM_LISTED]: Mr_Yt_Fr listed 64x Nether Wart for $100,000.00 on survie_new
[00:18:21] [ITEM_LISTED]: Mr_Yt_Fr listed 64x Nether Wart for $100,000.00 on survie_new
[00:18:22] [ITEM_LISTED]: Mr_Yt_Fr listed 64x Nether Wart for $100,000.00 on survie_new
[00:18:23] [ITEM_LISTED]: Mr_Yt_Fr listed 64x Nether Wart for $100,000.00 on survie_new
[00:18:25] [ITEM_LISTED]: Mr_Yt_Fr listed 64x Nether Wart for $100,000.00 on survie_new
[00:18:26] [ITEM_LISTED]: Mr_Yt_Fr listed 64x Nether Wart for $100,000.00 on survie_new
[00:19:54] [ITEM_CANCELLED]: Mr_Yt_Fr cancelled an auction for 64x Nether Wart for $100,000.00 on survie_new
[00:19:55] [ITEM_CANCELLED]: Mr_Yt_Fr cancelled an auction for 64x Nether Wart for $100,000.00 on survie_new
[00:19:55] [ITEM_CANCELLED]: Mr_Yt_Fr cancelled an auction for 64x Nether Wart for $100,000.00 on survie_new
[00:19:55] [ITEM_CANCELLED]: Mr_Yt_Fr cancelled an auction for 64x Nether Wart for $100,000.00 on survie_new
[00:19:55] [ITEM_CANCELLED]: Mr_Yt_Fr cancelled an auction for 64x Nether Wart for $100,000.00 on survie_new
[00:19:55] [ITEM_CANCELLED]: Mr_Yt_Fr cancelled an auction for 64x Nether Wart for $100,000.00 on survie_new
[00:19:56] [ITEM_CANCELLED]: Mr_Yt_Fr cancelled an auction for 64x Nether Wart for $100,000.00 on survie_new
[00:19:56] [ITEM_CANCELLED]: Mr_Yt_Fr cancelled an auction for 64x Nether Wart for $100,000.00 on survie_new
[00:19:56] [ITEM_CANCELLED]: Mr_Yt_Fr cancelled an auction for 64x Nether Wart for $100,000.00 on survie_new
[00:19:56] [ITEM_CANCELLED]: Mr_Yt_Fr cancelled an auction for 64x Nether Wart for $100,000.00 on survie_new
[00:19:56] [ITEM_CANCELLED]: Mr_Yt_Fr cancelled an auction for 64x Nether Wart for $100,000.00 on survie_new
[00:19:57] [ITEM_CANCELLED]: Mr_Yt_Fr cancelled an auction for 64x Nether Wart for $100,000.00 on survie_new
[00:19:57] [ITEM_CANCELLED]: Mr_Yt_Fr cancelled an auction for 64x Nether Wart for $100,000.00 on survie_new
[00:19:57] [ITEM_CANCELLED]: Mr_Yt_Fr cancelled an auction for 64x Nether Wart for $100,000.00 on survie_new
[00:19:57] [ITEM_CANCELLED]: Mr_Yt_Fr cancelled an auction for 64x Nether Wart for $100,000.00 on survie_new
[00:19:57] [ITEM_CANCELLED]: Mr_Yt_Fr cancelled an auction for 64x Nether Wart for $100,000.00 on survie_new
[00:19:58] [ITEM_CANCELLED]: Mr_Yt_Fr cancelled an auction for 64x Nether Wart for $100,000.00 on survie_new
[00:19:58] [ITEM_CANCELLED]: Mr_Yt_Fr cancelled an auction for 64x Nether Wart for $100,000.00 on survie_new
[00:19:58] [ITEM_CANCELLED]: Mr_Yt_Fr cancelled an auction for 64x Nether Wart for $100,000.00 on survie_new
[00:19:58] [ITEM_CANCELLED]: Mr_Yt_Fr cancelled an auction for 64x Nether Wart for $100,000.00 on survie_new
[00:19:58] [ITEM_CANCELLED]: Mr_Yt_Fr cancelled an auction for 64x Nether Wart for $100,000.00 on survie_new
[00:19:59] [ITEM_CANCELLED]: Mr_Yt_Fr cancelled an auction for 64x Nether Wart for $100,000.00 on survie_new
[00:19:59] [ITEM_CANCELLED]: Mr_Yt_Fr cancelled an auction for 64x Nether Wart for $100,000.00 on survie_new
[00:19:59] [ITEM_CANCELLED]: Mr_Yt_Fr cancelled an auction for 64x Nether Wart for $100,000.00 on survie_new
[00:19:59] [ITEM_CANCELLED]: Mr_Yt_Fr cancelled an auction for 64x Nether Wart for $100,000.00 on survie_new
[00:19:59] [ITEM_CANCELLED]: Mr_Yt_Fr cancelled an auction for 64x Nether Wart for $100,000.00 on survie_new
[00:20:00] [ITEM_CANCELLED]: Mr_Yt_Fr cancelled an auction for 64x Nether Wart for $100,000.00 on survie_new
[00:20:00] [ITEM_CANCELLED]: Mr_Yt_Fr cancelled an auction for 64x Nether Wart for $100,000.00 on survie_new
[00:20:00] [ITEM_CANCELLED]: Mr_Yt_Fr cancelled an auction for 64x Nether Wart for $100,000.00 on survie_new
[00:20:00] [ITEM_CANCELLED]: Mr_Yt_Fr cancelled an auction for 64x Nether Wart for $100,000.00 on survie_new
[00:20:00] [ITEM_CANCELLED]: Mr_Yt_Fr cancelled an auction for 64x Nether Wart for $100,000.00 on survie_new
[00:20:01] [ITEM_CANCELLED]: Mr_Yt_Fr cancelled an auction for 64x Nether Wart for $100,000.00 on survie_new
[00:20:01] [ITEM_CANCELLED]: Mr_Yt_Fr cancelled an auction for 64x Nether Wart for $100,000.00 on survie_new
[00:20:01] [ITEM_CANCELLED]: Mr_Yt_Fr cancelled an auction for 64x Nether Wart for $100,000.00 on survie_new
[00:20:01] [ITEM_CANCELLED]: Mr_Yt_Fr cancelled an auction for 64x Nether Wart for $100,000.00 on survie_new
[00:20:01] [ITEM_CANCELLED]: Mr_Yt_Fr cancelled an auction for 64x Nether Wart for $100,000.00 on survie_new
[00:20:02] [ITEM_CANCELLED]: Mr_Yt_Fr cancelled an auction for 64x Nether Wart for $100,000.00 on survie_new
[00:20:02] [ITEM_CANCELLED]: Mr_Yt_Fr cancelled an auction for 64x Nether Wart for $100,000.00 on survie_new
[00:20:02] [ITEM_CANCELLED]: Mr_Yt_Fr cancelled an auction for 64x Nether Wart for $100,000.00 on survie_new
[00:20:12] [ITEM_RETURNED]: Returned 64x Nether Wart to Mr_Yt_Fr on survie_new
[00:20:13] [ITEM_RETURNED]: Returned 64x Nether Wart to Mr_Yt_Fr on survie_new
[00:20:13] [ITEM_RETURNED]: Returned 64x Nether Wart to Mr_Yt_Fr on survie_new
[00:20:14] [ITEM_RETURNED]: Returned 64x Nether Wart to Mr_Yt_Fr on survie_new
[00:20:14] [ITEM_RETURNED]: Returned 64x Nether Wart to Mr_Yt_Fr on survie_new
[00:20:14] [ITEM_RETURNED]: Returned 64x Nether Wart to Mr_Yt_Fr on survie_new
[00:20:14] [ITEM_RETURNED]: Returned 64x Nether Wart to Mr_Yt_Fr on survie_new
[00:20:15] [ITEM_RETURNED]: Returned 64x Nether Wart to Mr_Yt_Fr on survie_new
[00:20:15] [ITEM_RETURNED]: Returned 64x Nether Wart to Mr_Yt_Fr on survie_new
[00:20:15] [ITEM_RETURNED]: Returned 64x Nether Wart to Mr_Yt_Fr on survie_new
[00:20:15] [ITEM_RETURNED]: Returned 64x Nether Wart to Mr_Yt_Fr on survie_new
[00:20:15] [ITEM_RETURNED]: Returned 64x Nether Wart to Mr_Yt_Fr on survie_new
[00:20:16] [ITEM_RETURNED]: Returned 64x Nether Wart to Mr_Yt_Fr on survie_new
[00:20:16] [ITEM_RETURNED]: Returned 64x Nether Wart to Mr_Yt_Fr on survie_new
[00:20:16] [ITEM_RETURNED]: Returned 64x Nether Wart to Mr_Yt_Fr on survie_new
[00:20:16] [ITEM_RETURNED]: Returned 64x Nether Wart to Mr_Yt_Fr on survie_new
[00:20:16] [ITEM_RETURNED]: Returned 64x Nether Wart to Mr_Yt_Fr on survie_new
[00:20:17] [ITEM_RETURNED]: Returned 64x Nether Wart to Mr_Yt_Fr on survie_new
[00:20:17] [ITEM_RETURNED]: Returned 64x Nether Wart to Mr_Yt_Fr on survie_new
[00:20:17] [ITEM_RETURNED]: Returned 64x Nether Wart to Mr_Yt_Fr on survie_new
[00:20:17] [ITEM_RETURNED]: Returned 64x Nether Wart to Mr_Yt_Fr on survie_new
[00:20:18] [ITEM_RETURNED]: Returned 64x Nether Wart to Mr_Yt_Fr on survie_new
[00:20:18] [ITEM_RETURNED]: Returned 64x Nether Wart to Mr_Yt_Fr on survie_new
[00:20:18] [ITEM_RETURNED]: Returned 64x Nether Wart to Mr_Yt_Fr on survie_new
[00:20:18] [ITEM_RETURNED]: Returned 64x Nether Wart to Mr_Yt_Fr on survie_new
[00:20:19] [ITEM_RETURNED]: Returned 64x Nether Wart to Mr_Yt_Fr on survie_new
[00:20:19] [ITEM_RETURNED]: Returned 64x Nether Wart to Mr_Yt_Fr on survie_new
[00:20:19] [ITEM_RETURNED]: Returned 64x Nether Wart to Mr_Yt_Fr on survie_new
[00:20:19] [ITEM_RETURNED]: Returned 64x Nether Wart to Mr_Yt_Fr on survie_new
[00:20:19] [ITEM_RETURNED]: Returned 64x Nether Wart to Mr_Yt_Fr on survie_new
[00:20:20] [ITEM_RETURNED]: Returned 64x Nether Wart to Mr_Yt_Fr on survie_new
[00:20:20] [ITEM_RETURNED]: Returned 64x Nether Wart to Mr_Yt_Fr on survie_new
[00:20:20] [ITEM_RETURNED]: Returned 64x Nether Wart to Mr_Yt_Fr on survie_new
[00:20:20] [ITEM_RETURNED]: Returned 64x Nether Wart to Mr_Yt_Fr on survie_new
[00:20:24] [ITEM_RETURNED]: Returned 64x Nether Wart to Mr_Yt_Fr on survie_new
[00:20:24] [ITEM_RETURNED]: Returned 64x Nether Wart to Mr_Yt_Fr on survie_new
[00:20:24] [ITEM_RETURNED]: Returned 64x Nether Wart to Mr_Yt_Fr on survie_new
[00:20:24] [ITEM_RETURNED]: Returned 64x Nether Wart to Mr_Yt_Fr on survie_new
[00:20:24] [ITEM_RETURNED]: Returned 64x Nether Wart to Mr_Yt_Fr on survie_new
[00:20:25] [ITEM_CANCELLED]: Mr_Yt_Fr cancelled an auction for 1x Diamond Boots [Projectile Protection I] for $300.00 on survie_new
[00:23:24] [ITEM_SOLD]: _Wiizy_ sold 1x Dragon Head to Mr_Yt_Fr for $2,000.00 on survie_new
[00:23:29] [ITEM_SOLD]: limastic sold 1x Carapace de Michel to  [Blast Protection III, Respiration II, Unbreaking III]Mr_Yt_Fr for $4,999.00 on survie_new
[00:23:43] [ITEM_SOLD]: titixel2465 sold 64x Quartz to Andrew_90 for $125.00 on survie_new
[00:24:02] [ITEM_SOLD]: The_Wiz_D sold 1x Enchanted Book to Mr_Yt_Fr for $500.00 on survie_new
[00:24:10] [ITEM_SOLD]: The_Wiz_D sold 1x Enchanted Book to Mr_Yt_Fr for $500.00 on survie_new
[00:24:17] [ITEM_SOLD]: Kaam98 sold 1x Diamond Sword to  [Knockback I, Unbreaking I]Mr_Yt_Fr for $150.00 on survie_new
[00:24:34] [ITEM_SOLD]: titixel2465 sold 64x Quartz to Mr_Yt_Fr for $125.00 on survie_new
[00:24:35] [ITEM_SOLD]: titixel2465 sold 64x Quartz to Mr_Yt_Fr for $125.00 on survie_new
[00:24:36] [ITEM_SOLD]: titixel2465 sold 64x Quartz to Mr_Yt_Fr for $125.00 on survie_new
[00:24:37] [ITEM_SOLD]: titixel2465 sold 64x Quartz to Mr_Yt_Fr for $125.00 on survie_new
[00:24:40] [ITEM_SOLD]: titixel2465 sold 64x Quartz to Mr_Yt_Fr for $125.00 on survie_new
[00:24:40] [ITEM_SOLD]: titixel2465 sold 64x Quartz to Mr_Yt_Fr for $125.00 on survie_new
[00:24:41] [ITEM_SOLD]: titixel2465 sold 64x Quartz to Mr_Yt_Fr for $125.00 on survie_new
[00:24:42] [ITEM_SOLD]: titixel2465 sold 64x Quartz to Mr_Yt_Fr for $125.00 on survie_new
[00:24:42] [ITEM_SOLD]: titixel2465 sold 64x Quartz to Mr_Yt_Fr for $125.00 on survie_new
[00:24:43] [ITEM_SOLD]: titixel2465 sold 64x Quartz to Mr_Yt_Fr for $125.00 on survie_new
[00:24:44] [ITEM_SOLD]: titixel2465 sold 64x Quartz to Mr_Yt_Fr for $125.00 on survie_new
[00:24:44] [ITEM_SOLD]: titixel2465 sold 64x Quartz to Mr_Yt_Fr for $125.00 on survie_new
[00:24:47] [ITEM_SOLD]: titixel2465 sold 64x Quartz to Mr_Yt_Fr for $125.00 on survie_new
[00:59:09] [ITEM_LISTED]: RedMagic_ listed 1x bPêcheur for $100,000.00 on survie_new
[01:06:48] [ITEM_LISTED]: Legendaires listed 1x Enchanted Book for $300.00 on survie_new
[01:08:19] [ITEM_DROPPED]: Dropped Piltrax's expired listing of 64x Cooked Porkchop for $0.00 at their feet on Survie
[01:08:19] [ITEM_DROPPED]: Dropped Piltrax's expired listing of 64x Cooked Porkchop for $0.00 at their feet on Survie
[01:08:19] [ITEM_DROPPED]: Dropped Piltrax's expired listing of 64x Cooked Porkchop for $0.00 at their feet on Survie
[01:08:19] [ITEM_DROPPED]: Dropped Piltrax's expired listing of 64x Cooked Porkchop for $0.00 at their feet on Survie
[01:08:19] [ITEM_DROPPED]: Dropped Piltrax's expired listing of 64x Cooked Porkchop for $0.00 at their feet on Survie
[01:08:19] [ITEM_DROPPED]: Dropped Piltrax's expired listing of 64x Cooked Porkchop for $0.00 at their feet on Survie
[01:08:19] [ITEM_DROPPED]: Dropped Piltrax's expired listing of 60x Cooked Porkchop for $0.00 at their feet on Survie
[01:08:19] [ITEM_DROPPED]: Dropped Piltrax's expired listing of 64x Cooked Porkchop for $0.00 at their feet on Survie
[01:08:19] [ITEM_DROPPED]: Dropped Piltrax's expired listing of 64x Cooked Porkchop for $0.00 at their feet on Survie
[01:08:19] [ITEM_DROPPED]: Dropped Piltrax's expired listing of 64x Cooked Porkchop for $0.00 at their feet on Survie
[01:08:19] [ITEM_DROPPED]: Dropped Piltrax's expired listing of 64x Cooked Porkchop for $0.00 at their feet on Survie
[01:08:19] [ITEM_DROPPED]: Dropped Piltrax's expired listing of 64x Cooked Porkchop for $0.00 at their feet on Survie
[01:08:19] [ITEM_DROPPED]: Dropped Piltrax's expired listing of 64x Cooked Porkchop for $0.00 at their feet on Survie
[01:08:19] [ITEM_DROPPED]: Dropped Piltrax's expired listing of 64x Cooked Porkchop for $0.00 at their feet on Survie
[01:33:04] [ITEM_SOLD]: Nexusso sold 1x Enchanted Book to Tiss_Touille for $500.00 on survie_new
[02:43:33] [ITEM_CANCELLED]: Haru_M cancelled an auction for 64x Quartz Block for $800.00 on survie_new
[02:43:34] [ITEM_CANCELLED]: Haru_M cancelled an auction for 64x Quartz Block for $800.00 on survie_new
[02:43:35] [ITEM_CANCELLED]: Haru_M cancelled an auction for 64x Quartz Block for $800.00 on survie_new
[02:43:44] [ITEM_RETURNED]: Returned 64x Quartz Block to Haru_M on survie_new
[02:43:45] [ITEM_RETURNED]: Returned 64x Quartz Block to Haru_M on survie_new
[02:43:45] [ITEM_RETURNED]: Returned 64x Quartz Block to Haru_M on survie_new
[04:30:07] [ITEM_SOLD]: thariaka sold 10x Turtle Egg to Haru_M for $1,000.00 on survie_new
[10:40:44] [ITEM_LISTED]: The_Wiz_D listed 1x Fiole d'expérience (Jettable) for $500.00 on survie_new
[10:40:50] [ITEM_LISTED]: The_Wiz_D listed 1x Fiole d'expérience (Jettable) for $250.00 on survie_new
[10:48:28] [ITEM_LISTED]: CapitaineNiamor listed 1x Iron Helmet [Protection IV, Respiration III] for $200.00 on End
[10:52:01] [ITEM_LISTED]: CapitaineNiamor listed 1x Iron Boots [Frost Walker II, Protection III] for $200.00 on End
[10:52:06] [ITEM_LISTED]: CapitaineNiamor listed 1x Diamond Shovel [Efficiency III, Mending] for $750.00 on End
[11:03:10] [ITEM_LISTED]: The_Wiz_D listed 1x Beacon for $50,000.00 on survie_new
[11:04:46] [ITEM_SOLD]: CapitaineNiamor sold 1x Iron Helmet to  [Protection IV, Respiration III]MrEspeon for $200.00 on End
[11:04:48] [ITEM_SOLD]: CapitaineNiamor sold 1x Iron Boots to  [Frost Walker II, Protection III]MrEspeon for $200.00 on End
[11:04:51] [ITEM_SOLD]: CapitaineNiamor sold 1x Diamond Shovel to  [Efficiency III, Mending]MrEspeon for $750.00 on End
[11:06:32] [ITEM_LISTED]: CapitaineNiamor listed 1x Shulker Box for $3,000.00 on survie_new
[11:06:35] [ITEM_LISTED]: CapitaineNiamor listed 1x Shulker Box for $3,000.00 on survie_new
[11:06:43] [ITEM_SOLD]: Noxatris sold 1x Enchanted Book to BeeZyLeCaca for $5,000.00 on survie_new
[11:13:48] [ITEM_SOLD]: Kaam98 sold 1x Diamond Pickaxe to  [Efficiency I]Andrew_90 for $150.00 on survie_new
[11:20:05] [ITEM_SOLD]: CapitaineNiamor sold 1x Diamond Pickaxe to  [Efficiency IV, Silk Touch, Unbreaking III]rsBlackSmith for $5,000.00 on survie_new
[11:23:27] [ITEM_CANCELLED]: omega2028 cancelled an auction for 1x Heart Of The Sea for $19,500.00 on Ressource
[11:24:13] [ITEM_RETURNED]: Returned 1x Heart Of The Sea to omega2028 on Ressource
[11:34:10] [ITEM_SOLD]: The_Wiz_D sold 1x Fiole d'expérience (Jettable) to MrEspeon for $250.00 on survie_new
[11:37:54] [ITEM_RETURNED]: Returned 1x Diamond Chestplate [Fire Protection IV, Unbreaking III] to Kaam98 on survie_new
[11:37:55] [ITEM_RETURNED]: Returned 1x Diamond Chestplate [Fire Protection IV, Unbreaking III] to Kaam98 on survie_new
[11:38:21] [ITEM_LISTED]: Kaam98 listed 1x Diamond Chestplate [Fire Protection IV, Unbreaking III] for $600.00 on spawn
[11:38:23] [ITEM_LISTED]: Kaam98 listed 1x Diamond Chestplate [Fire Protection IV, Unbreaking III] for $600.00 on spawn
[11:41:22] [ITEM_LISTED]: The_Wiz_D listed 1x Diamond Axe [Efficiency V, Fortune III] for $3,000.00 on survie_new
[11:41:40] [ITEM_SOLD]: The_Wiz_D sold 1x Diamond Axe to  [Efficiency V, Fortune III]CapitaineNiamor for $3,000.00 on survie_new
[11:51:09] [ITEM_LISTED]: CapitaineNiamor listed 1x [Blaze Spawner] for $5,000.00 on survie_new
[11:51:15] [ITEM_LISTED]: CapitaineNiamor listed 1x [Zombie Spawner] for $2,500.00 on survie_new
[11:52:00] [ITEM_LISTED]: CapitaineNiamor listed 1x Diamond Pickaxe [Efficiency IV, Unbreaking III] for $3,000.00 on survie_new
[11:52:10] [ITEM_LISTED]: CapitaineNiamor listed 1x Diamond Sword [Fire Aspect II] for $500.00 on survie_new
[11:52:16] [ITEM_LISTED]: CapitaineNiamor listed 1x Diamond Sword [Knockback II] for $500.00 on survie_new
[11:52:39] [ITEM_LISTED]: CapitaineNiamor listed 1x Diamond Shovel [Efficiency IV, Silk Touch] for $1,000.00 on survie_new
[11:52:43] [ITEM_LISTED]: CapitaineNiamor listed 1x Diamond Shovel [Efficiency III, Fortune II] for $1,000.00 on survie_new
[11:52:49] [ITEM_LISTED]: CapitaineNiamor listed 1x Diamond Shovel [Efficiency III, Silk Touch] for $1,000.00 on survie_new
[11:52:55] [ITEM_LISTED]: CapitaineNiamor listed 1x Diamond Shovel [Efficiency IV, Unbreaking III, Curse of Vanishing] for $500.00 on survie_new
[11:53:11] [ITEM_LISTED]: CapitaineNiamor listed 1x Diamond Leggings [Fire Protection IV] for $500.00 on survie_new
[11:53:17] [ITEM_LISTED]: CapitaineNiamor listed 1x Diamond Chestplate [Fire Protection II] for $500.00 on survie_new
[11:53:18] [ITEM_LISTED]: CapitaineNiamor listed 1x Diamond Leggings [Fire Protection III, Mending, Curse of Vanishing] for $500.00 on survie_new
[11:53:20] [ITEM_LISTED]: CapitaineNiamor listed 1x Diamond Boots [Unbreaking III] for $500.00 on survie_new
[11:53:22] [ITEM_LISTED]: CapitaineNiamor listed 1x Diamond Chestplate [Curse of Binding, Protection IV, Unbreaking III] for $500.00 on survie_new
[11:54:03] [ITEM_LISTED]: CapitaineNiamor listed 1x Iron Shovel [Efficiency IV, Unbreaking III, Curse of Vanishing] for $100.00 on survie_new
[11:54:10] [ITEM_LISTED]: CapitaineNiamor listed 1x Iron Pickaxe [Unbreaking III, Curse of Vanishing] for $100.00 on survie_new
[11:54:12] [ITEM_LISTED]: CapitaineNiamor listed 1x Iron Helmet [Protection IV, Respiration III] for $100.00 on survie_new
[11:54:14] [ITEM_LISTED]: CapitaineNiamor listed 1x Iron Leggings [Projectile Protection IV, Unbreaking III] for $100.00 on survie_new
[11:54:16] [ITEM_LISTED]: CapitaineNiamor listed 1x Iron Sword [Sharpness III, Unbreaking III] for $100.00 on survie_new
[11:54:22] [ITEM_LISTED]: CapitaineNiamor listed 1x Iron Leggings [Fire Protection IV, Mending] for $100.00 on survie_new
[11:54:24] [ITEM_LISTED]: CapitaineNiamor listed 1x Iron Sword [Bane of Arthropods III, Unbreaking III] for $100.00 on survie_new
[11:54:26] [ITEM_LISTED]: CapitaineNiamor listed 1x Iron Pickaxe [Efficiency IV, Fortune II] for $100.00 on survie_new
[11:54:27] [ITEM_LISTED]: CapitaineNiamor listed 1x Iron Chestplate [Curse of Binding, Protection IV, Unbreaking III] for $100.00 on survie_new
[11:54:29] [ITEM_LISTED]: CapitaineNiamor listed 1x Iron Shovel [Mending] for $100.00 on survie_new
[11:54:34] [ITEM_LISTED]: CapitaineNiamor listed 1x Iron Shovel [Efficiency IV, Fortune III, Mending, Unbreaking III] for $100.00 on survie_new
[11:54:36] [ITEM_LISTED]: CapitaineNiamor listed 1x Iron Helmet [Fire Protection IV] for $100.00 on survie_new
[11:54:37] [ITEM_LISTED]: CapitaineNiamor listed 1x Iron Boots [Unbreaking III] for $100.00 on survie_new
[11:56:33] [ITEM_SOLD]: CapitaineNiamor sold 1x Diamond Sword to  [Fire Aspect II]Andrew_90 for $500.00 on survie_new
[11:57:26] [ITEM_SOLD]: The_Wiz_D sold 1x [Cave spider Spawner] to AiiDenOp for $1,500.00 on survie_new
[11:57:36] [ITEM_SOLD]: CapitaineNiamor sold 1x Iron Pickaxe to  [Efficiency IV, Fortune II]AiiDenOp for $100.00 on survie_new
[11:57:48] [ITEM_SOLD]: CapitaineNiamor sold 1x Iron Shovel to  [Efficiency IV, Unbreaking III, Curse of Vanishing]AiiDenOp for $100.00 on survie_new
[11:57:58] [ITEM_SOLD]: Nexusso sold 1x Enchanted Book to AiiDenOp for $500.00 on survie_new
[11:58:09] [ITEM_SOLD]: CapitaineNiamor sold 1x Diamond Shovel to  [Efficiency IV, Silk Touch]AiiDenOp for $1,000.00 on survie_new
[12:05:14] [ITEM_LISTED]: thariaka listed 10x Turtle Egg for $1,000.00 on survie_new
[12:05:17] [ITEM_LISTED]: thariaka listed 10x Turtle Egg for $1,000.00 on survie_new
[12:05:19] [ITEM_LISTED]: thariaka listed 10x Turtle Egg for $1,000.00 on survie_new
[12:06:53] [ITEM_SOLD]: CapitaineNiamor sold 1x Iron Helmet to  [Protection IV, Respiration III]LifeIsGeek for $100.00 on survie_new
[12:07:06] [ITEM_SOLD]: CapitaineNiamor sold 1x Iron Pickaxe to  [Efficiency IV, Mending]LifeIsGeek for $500.00 on survie_new
[12:07:12] [ITEM_SOLD]: CapitaineNiamor sold 1x Diamond Boots to  [Unbreaking III]LifeIsGeek for $500.00 on survie_new
[12:12:16] [ITEM_LISTED]: CapitaineNiamor listed 1x Iron Helmet [Aqua Affinity, Curse of Binding, Protection III] for $100.00 on survie_new
[12:12:19] [ITEM_LISTED]: CapitaineNiamor listed 1x Iron Shovel for $100.00 on survie_new
[12:12:25] [ITEM_LISTED]: CapitaineNiamor listed 1x Fishing Rod [unknown, Mending, Unbreaking III] for $250.00 on survie_new
[12:36:07] [ITEM_SOLD]: D4rk_Wolf_07 sold 32x Orange Concrete to Zangdaar for $500.00 on survie_new
[12:42:31] [ITEM_LISTED]: Andrew_90 listed 1x Diamond Pickaxe [Efficiency II, Unbreaking II] for $250.00 on survie_new
[12:43:30] [ITEM_SOLD]: CapitaineNiamor sold 1x Iron Sword to  [Sharpness III, Unbreaking III]Devain57 for $100.00 on survie_new
[12:43:41] [ITEM_SOLD]: Andrew_90 sold 1x Diamond Pickaxe to  [Efficiency II, Unbreaking II]Devain57 for $250.00 on survie_new
[12:43:51] [ITEM_SOLD]: D4rk_Wolf_07 sold 1x Iron Pickaxe to  [Efficiency I, Unbreaking I]Devain57 for $50.00 on survie_new
[12:45:17] [ITEM_LISTED]: Andrew_90 listed 1x [Cave spider Spawner] for $700.00 on survie_new
[12:45:25] [ITEM_LISTED]: Andrew_90 listed 1x [Spider Spawner] for $850.00 on survie_new
[12:56:24] [ITEM_SOLD]: Kaam98 sold 1x Diamond Sword to  [Bane of Arthropods I]Slyni for $150.00 on survie_new
[12:56:44] [ITEM_SOLD]: Kaam98 sold 1x Diamond Pickaxe to  [Efficiency I, Unbreaking I]Slyni for $200.00 on survie_new
[12:57:36] [ITEM_SOLD]: Andrew_90 sold 1x [Spider Spawner] to Slyni for $850.00 on survie_new
[12:58:28] [ITEM_SOLD]: Kaam98 sold 1x Diamond Pickaxe to  [Unbreaking I]RomanLaD for $150.00 on survie_new
[12:58:29] [ITEM_SOLD]: Kaam98 sold 1x Diamond Pickaxe to  [Unbreaking I]RomanLaD for $150.00 on survie_new
[13:26:18] [ITEM_SOLD]: CapitaineNiamor sold 1x Fishing Rod to  [unknown, Mending, Unbreaking III]BeeZyLeCaca for $250.00 on survie_new
[13:31:22] [ITEM_SOLD]: thariaka sold 10x Turtle Egg to AiiDenOp for $1,000.00 on survie_new
[13:51:22] [ITEM_LISTED]: Acnologia_a listed 64x Cyan Concrete for $500.00 on survie_new
[13:51:32] [ITEM_LISTED]: Acnologia_a listed 32x Lime Concrete for $400.00 on survie_new
[13:51:35] [ITEM_LISTED]: Acnologia_a listed 32x Purple Concrete for $400.00 on survie_new
[13:51:38] [ITEM_LISTED]: Acnologia_a listed 32x Cyan Concrete for $400.00 on survie_new
[13:51:40] [ITEM_LISTED]: Acnologia_a listed 32x Light Gray Concrete for $400.00 on survie_new
[13:54:08] [ITEM_LISTED]: Acnologia_a listed 1x Enchanted Book for $450.00 on survie_new
[14:29:27] [ITEM_SOLD]: The_Wiz_D sold 1x Fiole d'expérience (Jettable) to Joox_ for $500.00 on survie_new
[14:44:16] [ITEM_LISTED]: CapitaineNiamor listed 1x Enchanted Book for $3,500.00 on survie_new
[14:44:27] [ITEM_SOLD]: CapitaineNiamor sold 1x Enchanted Book to ploup07380 for $3,500.00 on survie_new
[14:51:25] [ITEM_SOLD]: titixel2465 sold 64x Quartz to Mr_Yt_Fr for $125.00 on survie_new
[15:05:48] [ITEM_SOLD]: MatyoCraft sold 1x Diamond Chestplate to  [Projectile Protection I]Iban_ for $100.00 on spawn
[15:07:12] [ITEM_LISTED]: Kaio_Beninou listed 1x Enchanted Book for $5,000.00 on survie_new
[15:07:17] [ITEM_LISTED]: Kaio_Beninou listed 1x Enchanted Book for $5,000.00 on survie_new
[15:07:20] [ITEM_LISTED]: Kaio_Beninou listed 1x Enchanted Book for $5,000.00 on survie_new
[15:07:24] [ITEM_LISTED]: Kaio_Beninou listed 1x Enchanted Book for $5,000.00 on survie_new
[15:07:29] [ITEM_LISTED]: Kaio_Beninou listed 1x Enchanted Book for $5,000.00 on survie_new
[15:18:24] [ITEM_SOLD]: Kaio_Beninou sold 1x Enchanted Book to Baltya for $5,000.00 on survie_new
[15:19:00] [ITEM_SOLD]: MatyoCraft sold 1x Diamond Chestplate to  [Unbreaking I]victor_68 for $100.00 on spawn
[15:19:05] [ITEM_SOLD]: Kaam98 sold 1x Diamond Helmet to  [Unbreaking I]victor_68 for $450.00 on survie_new
[15:19:07] [ITEM_SOLD]: Kaam98 sold 1x Diamond Leggings to  [Projectile Protection I]victor_68 for $600.00 on survie_new
[15:19:20] [ITEM_SOLD]: Kaam98 sold 1x Diamond Sword to  [Bane of Arthropods I]victor_68 for $150.00 on survie_new
[15:25:19] [ITEM_LISTED]: AiiDenOp listed 12x Gunpowder for $500.00 on survie_new
[15:25:51] [ITEM_SOLD]: AiiDenOp sold 12x Gunpowder to pimendespelette for $500.00 on survie_new
[15:27:17] [ITEM_SOLD]: The_Wiz_D sold 1x Enchanted Book to pimendespelette for $500.00 on survie_new
[15:37:52] [ITEM_LISTED]: AiiDenOp listed 64x Bamboo for $200.00 on survie_new
[15:37:55] [ITEM_LISTED]: AiiDenOp listed 64x Bamboo for $200.00 on survie_new
[15:37:59] [ITEM_LISTED]: AiiDenOp listed 26x Bamboo for $75.00 on survie_new
[15:37:59] [ITEM_SOLD]: AiiDenOp sold 64x Bamboo to Yadsoja for $200.00 on survie_new
[15:38:09] [ITEM_LISTED]: AiiDenOp listed 64x Bamboo for $200.00 on survie_new
[15:38:23] [ITEM_LISTED]: AiiDenOp listed 64x Kelp for $200.00 on survie_new
[15:38:25] [ITEM_LISTED]: AiiDenOp listed 64x Kelp for $200.00 on survie_new
[15:38:27] [ITEM_LISTED]: AiiDenOp listed 64x Kelp for $200.00 on survie_new
[15:38:56] [ITEM_LISTED]: AiiDenOp listed 23x Sugar Cane for $300.00 on survie_new
[15:39:07] [ITEM_LISTED]: Acnologia_a listed 12x Sugar Cane for $20.00 on survie_new
[15:40:18] [ITEM_LISTED]: AiiDenOp listed 64x Grass Block for $400.00 on survie_new
[15:40:34] [ITEM_CANCELLED]: AiiDenOp cancelled an auction for 23x Sugar Cane for $300.00 on survie_new
[15:40:36] [ITEM_CANCELLED]: AiiDenOp cancelled an auction for 64x Kelp for $200.00 on survie_new
[15:40:37] [ITEM_CANCELLED]: AiiDenOp cancelled an auction for 64x Kelp for $200.00 on survie_new
[15:40:57] [ITEM_RETURNED]: Returned 23x Sugar Cane to AiiDenOp on survie_new
[15:40:58] [ITEM_RETURNED]: Returned 64x Kelp to AiiDenOp on survie_new
[15:40:58] [ITEM_RETURNED]: Returned 64x Kelp to AiiDenOp on survie_new
[15:44:57] [ITEM_SOLD]: The_Wiz_D sold 1x Enchanted Book to LifeIsGeek for $500.00 on survie_new
[15:45:04] [ITEM_SOLD]: The_Wiz_D sold 1x Enchanted Book to LifeIsGeek for $500.00 on survie_new
[15:49:46] [ITEM_SOLD]: Andrew_90 sold 1x [Cave spider Spawner] to Yadsoja for $700.00 on survie_new
[15:53:06] [ITEM_SOLD]: Grenobie sold 1x Diamond Chestplate to  [Protection I]MrEspeon for $100.00 on Ressource
[15:53:08] [ITEM_SOLD]: MatyoCraft sold 1x Diamond Chestplate to  [Protection I]MrEspeon for $100.00 on spawn
[15:53:51] [ITEM_SOLD]: Legendaires sold 1x Enchanted Book to MrEspeon for $300.00 on survie_new
[16:04:05] [ITEM_CANCELLED]: Mr_Yt_Fr cancelled an auction for 64x Magma Block for $25,000.00 on survie_new
[16:04:15] [ITEM_RETURNED]: Returned 64x Magma Block to Mr_Yt_Fr on survie_new
[16:04:15] [ITEM_RETURNED]: Returned 1x Diamond Boots [Projectile Protection I] to Mr_Yt_Fr on survie_new
[16:04:21] [ITEM_LISTED]: Mr_Yt_Fr listed 64x Magma Block for $30,000.00 on survie_new
[16:25:27] [ITEM_SOLD]: CapitaineNiamor sold 1x Diamond Chestplate to  [Curse of Binding, Protection IV, Unbreaking III]LifeIsGeek for $500.00 on survie_new
[17:00:35] [ITEM_SOLD]: Nexusso sold 1x Enchanted Book to El_Pietro_31 for $500.00 on survie_new
[17:01:59] [ITEM_SOLD]: CapitaineNiamor sold 1x Iron Helmet to  [Aqua Affinity, Curse of Binding, Protection III]El_Pietro_31 for $100.00 on survie_new
[17:03:29] [ITEM_SOLD]: Kaam98 sold 1x Diamond Chestplate to  [Fire Protection IV, Unbreaking III]El_Pietro_31 for $600.00 on spawn
[17:03:35] [ITEM_SOLD]: Acnologia_a sold 12x Sugar Cane to El_Pietro_31 for $20.00 on survie_new
[17:49:46] [ITEM_SOLD]: limastic sold 1x Saddle to corentinh612 for $100.00 on survie_new
[18:02:23] [ITEM_SOLD]: CapitaineNiamor sold 1x Diamond Pickaxe to  [Efficiency IV, Unbreaking III]MrEspeon for $3,000.00 on survie_new
[18:18:40] [ITEM_SOLD]: CapitaineNiamor sold 1x Diamond Leggings to  [Fire Protection IV]MrEspeon for $500.00 on survie_new
[18:35:02] [ITEM_SOLD]: CapitaineNiamor sold 1x Iron Sword to  [Bane of Arthropods III, Unbreaking III]MrEspeon for $100.00 on survie_new
[18:43:52] [ITEM_SOLD]: titixel2465 sold 64x Quartz to Dasso88 for $125.00 on survie_new
[18:58:52] [ITEM_LISTED]: D4rk_Wolf_07 listed 2x Heart Of The Sea for $12,000.00 on survie_new
[18:59:36] [ITEM_LISTED]: D4rk_Wolf_07 listed 5x Wither Rose for $25,000.00 on survie_new
[19:27:53] [ITEM_LISTED]: Kaio_Beninou listed 1x Black Dye for $50.00 on survie_new
[19:28:05] [ITEM_LISTED]: Kaio_Beninou listed 10x Ink Sac for $500.00 on survie_new
[19:37:01] [ITEM_SOLD]: CapitaineNiamor sold 1x [Zombie Spawner] to apsotik for $2,500.00 on survie_new
[20:33:10] [ITEM_CANCELLED]: D4rk_Wolf_07 cancelled an auction for 5x Wither Rose for $25,000.00 on survie_new
[20:33:31] [ITEM_RETURNED]: Returned 5x Wither Rose to D4rk_Wolf_07 on survie_new
[20:33:32] [ITEM_RETURNED]: Returned 1x [Cave spider Spawner] to D4rk_Wolf_07 on Ressource
[20:33:33] [ITEM_RETURNED]: Returned 1x [Cave spider Spawner] to D4rk_Wolf_07 on Ressource
[20:33:46] [ITEM_LISTED]: Tiss_Touille listed 64x Iron Ingot for $50,000.00 on survie_new
[20:33:49] [ITEM_LISTED]: D4rk_Wolf_07 listed 5x Wither Rose for $18,000.00 on survie_new
[20:34:00] [ITEM_LISTED]: D4rk_Wolf_07 listed 2x [Cave spider Spawner] for $2,000.00 on survie_new
[20:34:01] [ITEM_SOLD]: CapitaineNiamor sold 1x Diamond Shovel to  [Efficiency III, Fortune II]EbLhH for $1,000.00 on survie_new
[20:37:46] [ITEM_SOLD]: Acnologia_a sold 32x Lime Concrete to EbLhH for $400.00 on survie_new
[20:37:48] [ITEM_SOLD]: Acnologia_a sold 32x Cyan Concrete to EbLhH for $400.00 on survie_new
[20:37:50] [ITEM_SOLD]: Acnologia_a sold 32x Purple Concrete to EbLhH for $400.00 on survie_new
[20:37:51] [ITEM_SOLD]: Acnologia_a sold 32x Light Gray Concrete to EbLhH for $400.00 on survie_new
[20:37:52] [ITEM_SOLD]: Acnologia_a sold 64x Cyan Concrete to EbLhH for $500.00 on survie_new
[20:45:50] [ITEM_SOLD]: CapitaineNiamor sold 1x Iron Shovel to  [Efficiency IV, Fortune III, Mending, Unbreaking III]EbLhH for $100.00 on survie_new
[20:53:10] [ITEM_SOLD]: thariaka sold 10x Turtle Egg to Tr0_F0r_M0i for $1,000.00 on survie_new
[20:55:12] [ITEM_SOLD]: AiiDenOp sold 64x Grass Block to EbLhH for $400.00 on survie_new
[21:21:48] [ITEM_LISTED]: D4rk_Wolf_07 listed 1x Enchanted Book for $1,500.00 on survie_new
[21:21:52] [ITEM_LISTED]: D4rk_Wolf_07 listed 1x Enchanted Book for $1,500.00 on survie_new
[21:21:55] [ITEM_LISTED]: D4rk_Wolf_07 listed 1x Enchanted Book for $1,500.00 on survie_new
[21:22:03] [ITEM_LISTED]: D4rk_Wolf_07 listed 1x Enchanted Book for $1,500.00 on survie_new
[21:22:06] [ITEM_LISTED]: D4rk_Wolf_07 listed 1x Enchanted Book for $1,500.00 on survie_new
[21:22:09] [ITEM_LISTED]: D4rk_Wolf_07 listed 1x Enchanted Book for $1,500.00 on survie_new
[21:22:16] [ITEM_LISTED]: D4rk_Wolf_07 listed 1x Enchanted Book for $1,500.00 on survie_new
[21:22:19] [ITEM_LISTED]: D4rk_Wolf_07 listed 1x Enchanted Book for $1,500.00 on survie_new
[21:22:22] [ITEM_LISTED]: D4rk_Wolf_07 listed 1x Enchanted Book for $1,500.00 on survie_new
[21:22:59] [ITEM_SOLD]: D4rk_Wolf_07 sold 1x Enchanted Book to BeeZyLeCaca for $1,500.00 on survie_new
[21:23:01] [ITEM_SOLD]: D4rk_Wolf_07 sold 1x Enchanted Book to BeeZyLeCaca for $1,500.00 on survie_new
[21:23:03] [ITEM_SOLD]: D4rk_Wolf_07 sold 1x Enchanted Book to BeeZyLeCaca for $1,500.00 on survie_new
[21:30:31] [ITEM_LISTED]: D4rk_Wolf_07 listed 40x Sponge for $20,000.00 on survie_new
[21:55:41] [ITEM_LISTED]: D4rk_Wolf_07 listed 1x Fishing Rod [Mending] for $1,500.00 on survie_new
[22:11:18] [ITEM_SOLD]: CapitaineNiamor sold 1x Diamond Shovel to  [Efficiency IV, Unbreaking III, Curse of Vanishing]El_Pietro_31 for $500.00 on survie_new
[22:11:35] [ITEM_SOLD]: D4rk_Wolf_07 sold 1x Enchanted Book to El_Pietro_31 for $1,500.00 on survie_new
[22:11:44] [ITEM_SOLD]: D4rk_Wolf_07 sold 1x Enchanted Book to El_Pietro_31 for $1,500.00 on survie_new
[22:38:36] [ITEM_SOLD]: AiiDenOp sold 64x Kelp to Mr_Yt_Fr for $200.00 on survie_new
[22:59:18] [ITEM_LISTED]: El_Pietro_31 listed 1x Golden Chestplate for $100.00 on spawn
[22:59:34] [ITEM_LISTED]: El_Pietro_31 listed 1x Golden Chestplate for $100.00 on spawn
[22:59:38] [ITEM_LISTED]: El_Pietro_31 listed 1x Golden Chestplate for $100.00 on spawn
[22:59:42] [ITEM_LISTED]: El_Pietro_31 listed 1x Golden Chestplate for $100.00 on spawn
[22:59:48] [ITEM_LISTED]: El_Pietro_31 listed 1x Golden Chestplate for $100.00 on spawn
[22:59:51] [ITEM_LISTED]: El_Pietro_31 listed 1x Golden Chestplate for $100.00 on spawn
[23:00:04] [ITEM_LISTED]: El_Pietro_31 listed 1x Golden Sword for $80.00 on spawn
[23:21:31] [ITEM_LISTED]: El_Pietro_31 listed 1x Heart Of The Sea for $15,000.00 on spawn
[23:27:07] [ITEM_LISTED]: El_Pietro_31 listed 20x Magma Block for $20,000.00 on spawn
[23:30:25] [ITEM_SOLD]: thariaka sold 10x Turtle Egg to Haru_M for $1,000.00 on survie_new
[23:49:23] [ITEM_SOLD]: Kaam98 sold 1x Nether Star to kalaistar for $15,999.00 on survie_new
[23:49:32] [ITEM_SOLD]: D4rk_Wolf_07 sold 1x Enchanted Book to watson44 for $1,500.00 on survie_new
