[00:31:25] [ITEM_LISTED]: Nadreel vend 1 x Epée  [Looting II, Sharpness V, Unbreaking II] pour 11,000.00β sur survie_new
[01:32:12] [ITEM_LISTED]: Bertrand vend 1 x Experience Bottle  pour 2,000.00β sur survie_new
[01:32:18] [ITEM_LISTED]: Bertrand vend 1 x Experience Bottle  pour 2,000.00β sur survie_new
[01:47:41] [ITEM_SOLD]: Kaio_Beninou vendu 1 x Light Blue Shulker Box à  Luzarielle pour 5,000.00 β le survie_new
[02:28:27] [ITEM_SOLD]: Elliryk vendu 64 x Paper à  Luzarielle pour 200.00 β le survie_new
[03:25:10] [ITEM_SOLD]: dovaqui vendu 1 x Emerald à  Luzarielle pour 60.00 β le survie_new
[03:25:12] [ITEM_SOLD]: dovaqui vendu 1 x Emerald à  Luzarielle pour 60.00 β le survie_new
[03:25:13] [ITEM_SOLD]: dovaqui vendu 1 x Emerald à  Luzarielle pour 60.00 β le survie_new
[03:25:14] [ITEM_SOLD]: dovaqui vendu 1 x Emerald à  Luzarielle pour 60.00 β le survie_new
[03:25:15] [ITEM_SOLD]: dovaqui vendu 1 x Emerald à  Luzarielle pour 60.00 β le survie_new
[03:25:17] [ITEM_SOLD]: dovaqui vendu 1 x Emerald à  Luzarielle pour 60.00 β le survie_new
[04:24:20] [ITEM_SOLD]: Yohan81 vendu 64 x Carrot à  nuggs pour 50.00 β le survie_new
[12:48:09] [ITEM_SOLD]: Marcoco50100 vendu 2 x Jungle Sapling à  GMK001 pour 0.00 β le survie_new
[13:01:49] [ITEM_DROPPED]: Abandon de la vente Mikiu_Ahegao expirée de 1 x Potion  pour 0.00β à leurs pieds le survie_new
[13:01:49] [ITEM_DROPPED]: Abandon de la vente Mikiu_Ahegao expirée de 1 x Potion  pour 0.00β à leurs pieds le survie_new
[13:01:49] [ITEM_DROPPED]: Abandon de la vente Mikiu_Ahegao expirée de 1 x Potion  pour 0.00β à leurs pieds le survie_new
[13:26:57] [ITEM_SOLD]: Cryyzi vendu 1 x Shulker Shell à  Hydrenoir pour 1,500.00 β le survie_new
[13:27:07] [ITEM_SOLD]: Cryyzi vendu 1 x Shulker Shell à  Hydrenoir pour 1,500.00 β le survie_new
[13:27:23] [ITEM_LISTED]: BetAlpha19 vend 1 x Epée  [Looting II, Sharpness V, Unbreaking II] pour 11,000.00β sur survie_new
[13:28:55] [ITEM_LISTED]: Hydrenoir vend 1 x Shulker Box  pour 3,500.00β sur survie_new
[13:29:31] [ITEM_SOLD]: whanik vendu 64 x Arrow à  REGDYLAN pour 800.00 β le survie_new
[13:36:16] [ITEM_SOLD]: MyNameIs42 vendu 1 x Cake à  whanik pour 200.00 β le survie_new
[13:51:09] [ITEM_LISTED]: Hydrenoir vend 1 x Enchanted Book  pour 1,500.00β sur survie_new
[13:51:13] [ITEM_LISTED]: Hydrenoir vend 1 x Enchanted Book  pour 1,500.00β sur survie_new
[13:51:16] [ITEM_LISTED]: Hydrenoir vend 1 x Enchanted Book  pour 1,500.00β sur survie_new
[13:51:18] [ITEM_LISTED]: Hydrenoir vend 1 x Enchanted Book  pour 1,500.00β sur survie_new
[13:51:23] [ITEM_LISTED]: Hydrenoir vend 1 x Enchanted Book  pour 1,500.00β sur survie_new
[13:52:52] [ITEM_SOLD]: BetAlpha19 vendu 64 x Redstone à  1622731 pour 250.00 β le survie_new
[14:06:11] [ITEM_SOLD]: Hydrenoir vendu 1 x Enchanted Book à  kalaistar pour 1,500.00 β le survie_new
[14:06:12] [ITEM_SOLD]: Hydrenoir vendu 1 x Enchanted Book à  kalaistar pour 1,500.00 β le survie_new
[14:06:13] [ITEM_SOLD]: Hydrenoir vendu 1 x Enchanted Book à  kalaistar pour 1,500.00 β le survie_new
[14:06:14] [ITEM_SOLD]: Hydrenoir vendu 1 x Enchanted Book à  kalaistar pour 1,500.00 β le survie_new
[14:06:15] [ITEM_SOLD]: Hydrenoir vendu 1 x Enchanted Book à  kalaistar pour 1,500.00 β le survie_new
[14:06:16] [ITEM_SOLD]: Hydrenoir vendu 1 x Enchanted Book à  kalaistar pour 1,500.00 β le survie_new
[14:06:17] [ITEM_SOLD]: Hydrenoir vendu 1 x Enchanted Book à  kalaistar pour 1,500.00 β le survie_new
[14:06:18] [ITEM_SOLD]: Hydrenoir vendu 1 x Enchanted Book à  kalaistar pour 1,500.00 β le survie_new
[14:06:22] [ITEM_SOLD]: Hydrenoir vendu 1 x Enchanted Book à  kalaistar pour 1,500.00 β le survie_new
[14:06:23] [ITEM_SOLD]: Hydrenoir vendu 1 x Enchanted Book à  kalaistar pour 1,500.00 β le survie_new
[14:06:24] [ITEM_SOLD]: Hydrenoir vendu 1 x Enchanted Book à  kalaistar pour 1,500.00 β le survie_new
[14:06:25] [ITEM_SOLD]: Hydrenoir vendu 1 x Enchanted Book à  kalaistar pour 1,500.00 β le survie_new
[14:06:26] [ITEM_SOLD]: Hydrenoir vendu 1 x Enchanted Book à  kalaistar pour 1,500.00 β le survie_new
[14:06:51] [ITEM_LISTED]: Hydrenoir vend 1 x Enchanted Book  pour 1,500.00β sur survie_new
[14:06:54] [ITEM_LISTED]: Hydrenoir vend 1 x Enchanted Book  pour 1,500.00β sur survie_new
[14:06:56] [ITEM_LISTED]: Hydrenoir vend 1 x Enchanted Book  pour 1,500.00β sur survie_new
[14:07:00] [ITEM_LISTED]: Hydrenoir vend 1 x Enchanted Book  pour 1,500.00β sur survie_new
[14:07:03] [ITEM_LISTED]: Hydrenoir vend 1 x Enchanted Book  pour 1,500.00β sur survie_new
[14:07:10] [ITEM_LISTED]: Hydrenoir vend 1 x Enchanted Book  pour 1,500.00β sur survie_new
[14:16:09] [ITEM_LISTED]: BetAlpha19 vend 1 x Music Disc Cat  pour 390.00β sur survie_new
[14:16:11] [ITEM_LISTED]: BetAlpha19 vend 1 x Music Disc Cat  pour 390.00β sur survie_new
[14:16:14] [ITEM_LISTED]: BetAlpha19 vend 1 x Music Disc Cat  pour 390.00β sur survie_new
[14:44:00] [ITEM_SOLD]: REGDYLAN vendu 1 x Diamond Pickaxe à  [Efficiency V, Fortune III, Unbreaking III] Marcoco50100 pour 10,000.00 β le survie_new
[14:44:52] [ITEM_SOLD]: Kaio_Beninou vendu 1 x Enchanted Book à  Marcoco50100 pour 15,000.00 β le survie_new
[14:47:50] [ITEM_LISTED]: whanik vend 1 x Diamond Pickaxe  [Fortune II, Unbreaking III] pour 7,000.00β sur survie_new
[14:55:16] [ITEM_SOLD]: Yohan81 vendu 64 x Blaze Rod à  whanik pour 50.00 β le survie_new
[15:09:09] [ITEM_LISTED]: Cryyzi vend 1 x Shulker Shell  pour 1,500.00β sur survie_new
[15:09:12] [ITEM_LISTED]: Cryyzi vend 1 x Shulker Shell  pour 1,500.00β sur survie_new
[15:09:14] [ITEM_LISTED]: Cryyzi vend 1 x Shulker Shell  pour 1,500.00β sur survie_new
[15:09:20] [ITEM_LISTED]: Cryyzi vend 1 x Shulker Shell  pour 1,500.00β sur survie_new
[15:11:38] [ITEM_SOLD]: MyNameIs42 vendu 64 x Cookie à  Isaorya pour 64.00 β le survie_new
[15:35:38] [ITEM_LISTED]: Cryyzi vend 1 x Iron Pickaxe  [Efficiency III, Fortune II, Unbreaking III] pour 800.00β sur survie_new
[15:36:27] [ITEM_LISTED]: Cryyzi vend 1 x Iron Pickaxe  [Efficiency IV, Fortune III, Mending, Unbreaking III] pour 2,500.00β sur survie_new
[15:37:12] [ITEM_SOLD]: Cryyzi vendu 1 x Iron Pickaxe à  [Efficiency III, Fortune II, Unbreaking III] kyouky2008 pour 800.00 β le survie_new
[15:53:24] [ITEM_SOLD]: Teinavaa vendu 64 x Nether Wart à  GMK001 pour 1,000.00 β le survie_new
[15:59:42] [ITEM_LISTED]: Kaio_Beninou vend 1 x Black Shulker Box  pour 5,000.00β sur survie_new
[15:59:50] [ITEM_RETURNED]: 10 x Ink Sac  renvoyé à Kaio_Beninou le survie_new
[16:00:11] [ITEM_LISTED]: Kaio_Beninou vend 10 x Ink Sac  pour 500.00β sur survie_new
[16:03:10] [ITEM_SOLD]: REGDYLAN vendu 1 x Diamond Pickaxe à  [Efficiency V, Fortune III, Unbreaking III] nuggs pour 10,000.00 β le survie_new
[16:08:02] [ITEM_LISTED]: whanik vend 10 x Ender Eye  pour 1,500.00β sur survie_new
[16:09:17] [ITEM_SOLD]: Luzarielle vendu 1 x §U§C§I§;§R§g§u§;Oeuf de Terre à  Teinavaa pour 10,000.00 β le survie_new
[16:21:48] [ITEM_SOLD]: Yohan81 vendu 64 x Blaze Rod à  Gatogma pour 50.00 β le survie_new
[16:40:19] [ITEM_LISTED]: Kaio_Beninou vend 1 x Enchanted Book  pour 15,000.00β sur survie_new
[16:54:44] [ITEM_LISTED]: whanik vend 64 x Bone  pour 500.00β sur survie_new
[16:54:52] [ITEM_LISTED]: whanik vend 64 x Bone  pour 500.00β sur survie_new
[16:55:03] [ITEM_LISTED]: whanik vend 64 x Arrow  pour 1,000.00β sur survie_new
[16:55:14] [ITEM_LISTED]: whanik vend 64 x Bone  pour 1,000.00β sur survie_new
[16:55:23] [ITEM_LISTED]: whanik vend 64 x Bone  pour 500.00β sur survie_new
[16:55:26] [ITEM_LISTED]: whanik vend 64 x Bone  pour 500.00β sur survie_new
[16:55:57] [ITEM_CANCELLED]: whanik annule la vente de 64x Bone pour 1,000.00β sur survie_new
[16:56:10] [ITEM_LISTED]: whanik vend 64 x Arrow  pour 1,000.00β sur survie_new
[16:56:14] [ITEM_LISTED]: whanik vend 64 x Arrow  pour 1,000.00β sur survie_new
[16:56:39] [ITEM_LISTED]: whanik vend 64 x Redstone  pour 750.00β sur survie_new
[16:56:47] [ITEM_LISTED]: whanik vend 64 x Redstone  pour 500.00β sur survie_new
[16:56:54] [ITEM_LISTED]: whanik vend 64 x Redstone  pour 500.00β sur survie_new
[16:57:06] [ITEM_CANCELLED]: whanik annule la vente de 64x Redstone pour 750.00β sur survie_new
[16:57:52] [ITEM_RETURNED]: 64 x Bone  renvoyé à whanik le survie_new
[16:57:53] [ITEM_RETURNED]: 64 x Redstone  renvoyé à whanik le survie_new
[17:01:22] [ITEM_LISTED]: whanik vend 1 x Iron Door  pour 100.00β sur survie_new
[17:05:30] [ITEM_LISTED]: whanik vend 64 x Cooked Porkchop  pour 200.00β sur survie_new
[17:23:43] [ITEM_SOLD]: HeFk vendu 64 x Anvil à  GMK001 pour 600.00 β le survie_new
[18:20:35] [ITEM_SOLD]: Kaio_Beninou vendu 1 x Enchanted Book à  CouzVeBaton pour 2,500.00 β le survie_new
[18:54:14] [ITEM_LISTED]: 1622731 vend 64 x Quartz  pour 100.00β sur survie_new
[18:54:24] [ITEM_LISTED]: 1622731 vend 64 x Quartz  pour 100.00β sur survie_new
[19:01:24] [ITEM_LISTED]: Yohan81 vend 32 x Cooked Beef  pour 50.00β sur survie_new
[19:01:35] [ITEM_LISTED]: Yohan81 vend 27 x Cooked Porkchop  pour 50.00β sur survie_new
[23:12:24] [ITEM_CANCELLED]: Nadreel annule la vente de 1x Epée [Looting II, Sharpness V, Unbreaking II] pour 11,000.00β sur survie_new
[23:12:29] [ITEM_RETURNED]: 1 x Epée  [Looting II, Sharpness V, Unbreaking II] renvoyé à Nadreel le survie_new
[23:12:29] [ITEM_RETURNED]: 1 x Golden Axe  [Efficiency II] renvoyé à Nadreel le survie_new
[23:12:30] [ITEM_RETURNED]: 1 x Golden Sword  [Knockback I] renvoyé à Nadreel le survie_new
[23:12:31] [ITEM_RETURNED]: 1 x Golden Shovel  [Efficiency II, Silk Touch] renvoyé à Nadreel le survie_new
[23:12:31] [ITEM_RETURNED]: 1 x Golden Pickaxe  [Efficiency II] renvoyé à Nadreel le survie_new
[23:14:43] [ITEM_LISTED]: Nadreel vend 1 x Epée  [Looting II, Sharpness V, Unbreaking II] pour 10,000.00β sur survie_new
[23:14:58] [ITEM_LISTED]: Nadreel vend 1 x Golden Axe  [Efficiency II] pour 300.00β sur survie_new
[23:15:00] [ITEM_LISTED]: Nadreel vend 1 x Golden Pickaxe  [Efficiency II] pour 300.00β sur survie_new
[23:15:01] [ITEM_LISTED]: Nadreel vend 1 x Golden Sword  [Knockback I] pour 300.00β sur survie_new
[23:15:03] [ITEM_LISTED]: Nadreel vend 1 x Golden Shovel  [Efficiency II, Silk Touch] pour 300.00β sur survie_new
[23:32:17] [ITEM_SOLD]: Hydrenoir vendu 1 x Shulker Box à  HenriLouisHenri pour 3,500.00 β le survie_new
[23:35:26] [ITEM_CANCELLED]: Nadreel annule la vente de 1x Golden Axe [Efficiency II] pour 300.00β sur survie_new
[23:35:37] [ITEM_RETURNED]: 1 x Golden Axe  [Efficiency II] renvoyé à Nadreel le survie_new
[23:43:07] [ITEM_SOLD]: Hydrenoir vendu 1 x Enchanted Book à  GMK001 pour 1,500.00 β le survie_new
[23:45:18] [ITEM_SOLD]: 1622731 vendu 64 x Quartz à  Hydrenoir pour 100.00 β le survie_new
[23:45:19] [ITEM_SOLD]: 1622731 vendu 64 x Quartz à  Hydrenoir pour 100.00 β le survie_new
[23:53:22] [ITEM_LISTED]: Kaio_Beninou vend 1 x Enchanted Book  pour 3,000.00β sur survie_new
