[00:03:10] [ITEM_SOLD]: Fr3nCh_CraFt sold 1x Enchanted Book to GrosBoze for $300.00 on survie_new
[00:03:20] [ITEM_SOLD]: Jarreshan sold 1x Enchanted Book to GrosBoze for $500.00 on survie_new
[00:03:23] [ITEM_SOLD]: Fr3nCh_CraFt sold 1x Enchanted Book to GrosBoze for $1,200.00 on survie_new
[00:09:03] [ITEM_CANCELLED]: REGDYLAN cancelled an auction for 1x §U§C§I§;§I§s§;Oeuf de Pierre for $10,000.00 on survie_new
[00:09:05] [ITEM_CANCELLED]: REGDYLAN cancelled an auction for 1x [Cave spider Spawner] for $500.00 on survie_new
[00:09:07] [ITEM_RETURNED]: Returned 1x §U§C§I§;§I§s§;Oeuf de Pierre to REGDYLAN on survie_new
[00:09:07] [ITEM_RETURNED]: Returned 1x [Cave spider Spawner] to REGDYLAN on survie_new
[00:31:45] [ITEM_CANCELLED]: REGDYLAN cancelled an auction for 1x §U§C§I§;§I§s§;Oeuf de Pierre for $10,000.00 on survie_new
[00:31:47] [ITEM_RETURNED]: Returned 1x §U§C§I§;§I§s§;Oeuf de Pierre to REGDYLAN on survie_new
[00:32:04] [ITEM_LISTED]: REGDYLAN listed 1x §U§C§-§{§"§p§s§s§i§"§:§"§L§I§B§R§A§R§I§A§N§"§,§"§y§"§:§s§,§"§h§t§h§"§:§.§,§"§t§y§p§"§:§"§V§I§L§L§A§G§E§R§"§}§~Oeuf de Villageois for $15,000.00 on survie_new
[01:05:12] [ITEM_SOLD]: Fr3nCh_CraFt sold 1x Enchanted Book to Mr_Yt_Fr for $1,000.00 on survie_new
[01:05:58] [ITEM_SOLD]: T_TRO_NUL sold 1x Enchanted Book to Mr_Yt_Fr for $10,000.00 on survie_new
[01:06:01] [ITEM_SOLD]: Kaio_Beninou sold 1x Enchanted Book to Mr_Yt_Fr for $5,000.00 on survie_new
[01:07:00] [ITEM_SOLD]: The_Wiz_D sold 1x [Spider Spawner] to GrosBoze for $1,000.00 on survie_new
[01:12:46] [ITEM_CANCELLED]: Legendaires cancelled an auction for 1x Wither Skeleton Skull for $10,000.00 on survie_new
[01:12:48] [ITEM_RETURNED]: Returned 1x Wither Skeleton Skull to Legendaires on survie_new
[01:44:47] [ITEM_SOLD]: Legendaires sold 64x Quartz to Mr_Yt_Fr for $100.00 on survie_new
[01:44:49] [ITEM_SOLD]: Legendaires sold 64x Quartz to Mr_Yt_Fr for $100.00 on survie_new
[01:44:50] [ITEM_SOLD]: Legendaires sold 64x Quartz to Mr_Yt_Fr for $100.00 on survie_new
[01:44:52] [ITEM_SOLD]: Legendaires sold 64x Quartz to Mr_Yt_Fr for $100.00 on survie_new
[01:44:53] [ITEM_SOLD]: Legendaires sold 64x Quartz to Mr_Yt_Fr for $100.00 on survie_new
[01:44:54] [ITEM_SOLD]: Legendaires sold 64x Quartz to Mr_Yt_Fr for $100.00 on survie_new
[01:44:55] [ITEM_SOLD]: Legendaires sold 64x Quartz to Mr_Yt_Fr for $100.00 on survie_new
[01:44:56] [ITEM_SOLD]: Legendaires sold 64x Quartz to Mr_Yt_Fr for $100.00 on survie_new
[01:44:57] [ITEM_SOLD]: Legendaires sold 64x Quartz to Mr_Yt_Fr for $100.00 on survie_new
[01:45:07] [ITEM_SOLD]: CapitaineNiamor sold 1x Dragon Head to Mr_Yt_Fr for $1,500.00 on survie_new
[02:48:35] [ITEM_SOLD]: Yohan81 sold 64x Wheat to Tchong for $50.00 on Ressource
[02:48:37] [ITEM_SOLD]: Yohan81 sold 64x Wheat to Tchong for $50.00 on Ressource
[02:48:39] [ITEM_SOLD]: Yohan81 sold 64x Wheat to Tchong for $50.00 on Ressource
[02:49:20] [ITEM_SOLD]: RazerJojo sold 64x Redstone Block to Tchong for $400.00 on survie_new
[03:31:29] [ITEM_SOLD]: RazerJojo sold 1x Diamond Sword to  [Knockback I]Estidabeille for $100.00 on survie_new
[03:32:11] [ITEM_LISTED]: RazerJojo listed 1x Diamond Pickaxe [Fortune III, Unbreaking III] for $100.00 on spawn
[03:33:32] [ITEM_CANCELLED]: RazerJojo cancelled an auction for 1x Stick for $1,000,000.00 on survie_new
[03:33:36] [ITEM_RETURNED]: Returned 1x Stick to RazerJojo on survie_new
[03:42:20] [ITEM_SOLD]: RazerJojo sold 1x Diamond Pickaxe to  [Fortune III, Unbreaking III]Tchong for $100.00 on spawn
[03:47:15] [ITEM_SOLD]: CroixVeBaton sold 1x Shulker Box to Estidabeille for $1,000.00 on survie_new
[03:47:26] [ITEM_SOLD]: CroixVeBaton sold 1x Diamond Pickaxe to  [Unbreaking III]Estidabeille for $1,200.00 on survie_new
[03:49:51] [ITEM_LISTED]: RazerJojo listed 2x Name Tag for $100.00 on survie_new
[04:07:39] [ITEM_LISTED]: RazerJojo listed 64x Lapis Block for $1,000.00 on survie_new
[04:07:41] [ITEM_LISTED]: RazerJojo listed 64x Lapis Block for $1,000.00 on survie_new
[04:07:44] [ITEM_LISTED]: RazerJojo listed 64x Lapis Block for $1,000.00 on survie_new
[04:07:46] [ITEM_LISTED]: RazerJojo listed 64x Lapis Block for $1,000.00 on survie_new
[04:07:47] [ITEM_LISTED]: RazerJojo listed 64x Lapis Block for $1,000.00 on survie_new
[04:07:56] [ITEM_LISTED]: RazerJojo listed 64x Redstone Block for $600.00 on survie_new
[04:07:58] [ITEM_LISTED]: RazerJojo listed 64x Redstone Block for $600.00 on survie_new
[04:08:00] [ITEM_LISTED]: RazerJojo listed 64x Redstone Block for $600.00 on survie_new
[04:08:02] [ITEM_LISTED]: RazerJojo listed 64x Redstone Block for $600.00 on survie_new
[04:08:03] [ITEM_LISTED]: RazerJojo listed 64x Redstone Block for $600.00 on survie_new
[04:08:26] [ITEM_CANCELLED]: RazerJojo cancelled an auction for 2x Name Tag for $100.00 on survie_new
[04:08:29] [ITEM_CANCELLED]: RazerJojo cancelled an auction for 64x Redstone Block for $450.00 on survie_new
[04:08:31] [ITEM_RETURNED]: Returned 64x Redstone Block to RazerJojo on survie_new
[04:08:32] [ITEM_RETURNED]: Returned 2x Name Tag to RazerJojo on survie_new
[04:08:38] [ITEM_LISTED]: RazerJojo listed 64x Redstone Block for $500.00 on survie_new
[04:09:42] [ITEM_LISTED]: RazerJojo listed 64x Quartz for $200.00 on survie_new
[04:09:44] [ITEM_LISTED]: RazerJojo listed 64x Quartz for $200.00 on survie_new
[04:09:46] [ITEM_LISTED]: RazerJojo listed 64x Quartz for $200.00 on survie_new
[04:09:47] [ITEM_LISTED]: RazerJojo listed 64x Quartz for $200.00 on survie_new
[04:09:57] [ITEM_LISTED]: RazerJojo listed 64x Quartz for $200.00 on survie_new
[04:10:00] [ITEM_LISTED]: RazerJojo listed 64x Quartz for $200.00 on survie_new
[04:10:03] [ITEM_LISTED]: RazerJojo listed 64x Quartz for $200.00 on survie_new
[04:10:05] [ITEM_LISTED]: RazerJojo listed 64x Quartz for $200.00 on survie_new
[04:10:11] [ITEM_LISTED]: RazerJojo listed 64x Quartz for $200.00 on survie_new
[04:10:12] [ITEM_LISTED]: RazerJojo listed 64x Quartz for $200.00 on survie_new
[04:10:14] [ITEM_LISTED]: RazerJojo listed 64x Quartz for $200.00 on survie_new
[04:10:17] [ITEM_LISTED]: RazerJojo listed 64x Quartz for $200.00 on survie_new
[05:15:56] [ITEM_LISTED]: lasoeurdadrien listed 64x Iron Ingot for $1,500.00 on survie_new
[05:16:06] [ITEM_LISTED]: lasoeurdadrien listed 64x Iron Ingot for $1,500.00 on survie_new
[05:19:57] [ITEM_LISTED]: lasoeurdadrien listed 64x White Wool for $790.00 on survie_new
[05:36:14] [ITEM_SOLD]: REGDYLAN sold 1x Golden Apple to lasoeurdadrien for $500.00 on survie_new
[06:09:57] [ITEM_LISTED]: lasoeurdadrien listed 1x Enchanted Book for $1,500.00 on survie_new
[06:10:02] [ITEM_LISTED]: lasoeurdadrien listed 1x Enchanted Book for $1,500.00 on survie_new
[06:10:07] [ITEM_LISTED]: lasoeurdadrien listed 1x Enchanted Book for $1,500.00 on survie_new
[06:10:12] [ITEM_LISTED]: lasoeurdadrien listed 1x Enchanted Book for $1,500.00 on survie_new
[06:10:15] [ITEM_LISTED]: lasoeurdadrien listed 1x Enchanted Book for $1,500.00 on survie_new
[06:10:25] [ITEM_LISTED]: lasoeurdadrien listed 1x Enchanted Book for $1,500.00 on survie_new
[06:10:30] [ITEM_LISTED]: lasoeurdadrien listed 1x Enchanted Book for $1,500.00 on survie_new
[06:10:34] [ITEM_LISTED]: lasoeurdadrien listed 1x Enchanted Book for $1,500.00 on survie_new
[08:31:02] [ITEM_SOLD]: lasoeurdadrien sold 64x Iron Ingot to Oniah for $1,500.00 on survie_new
[09:50:05] [ITEM_CANCELLED]: Cantyo cancelled an auction for 1x End Crystal for $1,700.00 on survie_new
[09:50:10] [ITEM_CANCELLED]: Cantyo cancelled an auction for 1x End Crystal for $1,700.00 on survie_new
[09:50:11] [ITEM_CANCELLED]: Cantyo cancelled an auction for 1x End Crystal for $1,700.00 on survie_new
[09:50:23] [ITEM_RETURNED]: Returned 1x End Crystal to Cantyo on survie_new
[09:50:23] [ITEM_RETURNED]: Returned 1x End Crystal to Cantyo on survie_new
[09:50:25] [ITEM_RETURNED]: Returned 1x End Crystal to Cantyo on survie_new
[09:50:47] [ITEM_LISTED]: Cantyo listed 1x End Crystal for $1,500.00 on survie_new
[09:50:50] [ITEM_LISTED]: Cantyo listed 1x End Crystal for $1,500.00 on survie_new
[09:50:53] [ITEM_LISTED]: Cantyo listed 1x End Crystal for $1,500.00 on survie_new
[10:08:27] [ITEM_SOLD]: lasoeurdadrien sold 1x Enchanted Book to _Sayrow_ for $1,500.00 on survie_new
[10:11:20] [ITEM_SOLD]: REGDYLAN sold 1x [Cave spider Spawner] to HeFk for $500.00 on survie_new
[10:11:23] [ITEM_SOLD]: REGDYLAN sold 1x [Cave spider Spawner] to HeFk for $500.00 on survie_new
[10:28:38] [ITEM_LISTED]: HeFk listed 1x Journal de quêtes for $10.00 on Ressource
[10:39:33] [ITEM_SOLD]: Newt_hp sold 1x Diamond Pickaxe to  [Fortune II]HeFk for $1,500.00 on survie_new
[10:56:00] [ITEM_LISTED]: AzodFR listed 1x Frein Endommagé de Jarreshan for $10,000.00 on survie_new
[11:11:49] [ITEM_CANCELLED]: REGDYLAN cancelled an auction for 1x §U§C§-§{§"§p§s§s§i§"§:§"§L§I§B§R§A§R§I§A§N§"§,§"§y§"§:§s§,§"§h§t§h§"§:§.§,§"§t§y§p§"§:§"§V§I§L§L§A§G§E§R§"§}§~Oeuf de Villageois for $15,000.00 on survie_new
[11:11:50] [ITEM_CANCELLED]: REGDYLAN cancelled an auction for 1x §U§C§I§;§I§s§;Oeuf de Pierre for $10,000.00 on survie_new
[11:11:50] [ITEM_CANCELLED]: REGDYLAN cancelled an auction for 1x Golden Apple for $500.00 on survie_new
[11:11:50] [ITEM_CANCELLED]: REGDYLAN cancelled an auction for 1x Golden Apple for $500.00 on survie_new
[11:11:51] [ITEM_CANCELLED]: REGDYLAN cancelled an auction for 1x Golden Apple for $500.00 on survie_new
[11:11:51] [ITEM_CANCELLED]: REGDYLAN cancelled an auction for 1x Golden Apple for $500.00 on survie_new
[11:11:51] [ITEM_CANCELLED]: REGDYLAN cancelled an auction for 1x Golden Apple for $500.00 on survie_new
[11:11:52] [ITEM_CANCELLED]: REGDYLAN cancelled an auction for 1x Golden Apple for $500.00 on survie_new
[11:11:52] [ITEM_CANCELLED]: REGDYLAN cancelled an auction for 1x Golden Apple for $500.00 on survie_new
[11:11:52] [ITEM_CANCELLED]: REGDYLAN cancelled an auction for 1x Golden Apple for $500.00 on survie_new
[11:11:52] [ITEM_CANCELLED]: REGDYLAN cancelled an auction for 1x Golden Apple for $500.00 on survie_new
[11:11:52] [ITEM_CANCELLED]: REGDYLAN cancelled an auction for 1x Golden Apple for $500.00 on survie_new
[11:11:52] [ITEM_CANCELLED]: REGDYLAN cancelled an auction for 1x Golden Apple for $500.00 on survie_new
[11:11:53] [ITEM_CANCELLED]: REGDYLAN cancelled an auction for 1x Golden Apple for $500.00 on survie_new
[11:11:53] [ITEM_CANCELLED]: REGDYLAN cancelled an auction for 1x Golden Apple for $500.00 on survie_new
[11:11:53] [ITEM_CANCELLED]: REGDYLAN cancelled an auction for 1x Pomme des Cieux for $1,500.00 on survie_new
[11:11:56] [ITEM_RETURNED]: Returned 1x Pomme des Cieux to REGDYLAN on survie_new
[11:11:56] [ITEM_RETURNED]: Returned 1x Golden Apple to REGDYLAN on survie_new
[11:11:57] [ITEM_RETURNED]: Returned 1x Golden Apple to REGDYLAN on survie_new
[11:11:57] [ITEM_RETURNED]: Returned 1x Golden Apple to REGDYLAN on survie_new
[11:11:57] [ITEM_RETURNED]: Returned 1x Golden Apple to REGDYLAN on survie_new
[11:11:57] [ITEM_RETURNED]: Returned 1x Golden Apple to REGDYLAN on survie_new
[11:11:58] [ITEM_RETURNED]: Returned 1x Golden Apple to REGDYLAN on survie_new
[11:11:58] [ITEM_RETURNED]: Returned 1x Golden Apple to REGDYLAN on survie_new
[11:11:58] [ITEM_RETURNED]: Returned 1x Golden Apple to REGDYLAN on survie_new
[11:11:59] [ITEM_RETURNED]: Returned 1x Golden Apple to REGDYLAN on survie_new
[11:11:59] [ITEM_RETURNED]: Returned 1x Golden Apple to REGDYLAN on survie_new
[11:11:59] [ITEM_RETURNED]: Returned 1x Golden Apple to REGDYLAN on survie_new
[11:12:00] [ITEM_RETURNED]: Returned 1x Golden Apple to REGDYLAN on survie_new
[11:12:00] [ITEM_RETURNED]: Returned 1x Golden Apple to REGDYLAN on survie_new
[11:12:00] [ITEM_RETURNED]: Returned 1x §U§C§I§;§I§s§;Oeuf de Pierre to REGDYLAN on survie_new
[11:12:00] [ITEM_RETURNED]: Returned 1x §U§C§-§{§"§p§s§s§i§"§:§"§L§I§B§R§A§R§I§A§N§"§,§"§y§"§:§s§,§"§h§t§h§"§:§.§,§"§t§y§p§"§:§"§V§I§L§L§A§G§E§R§"§}§~Oeuf de Villageois to REGDYLAN on survie_new
[11:13:04] [ITEM_LISTED]: REGDYLAN listed 1x Golden Apple for $200.00 on survie_new
[11:13:07] [ITEM_LISTED]: REGDYLAN listed 1x Golden Apple for $200.00 on survie_new
[11:13:09] [ITEM_LISTED]: REGDYLAN listed 1x Golden Apple for $200.00 on survie_new
[11:13:11] [ITEM_LISTED]: REGDYLAN listed 1x Golden Apple for $200.00 on survie_new
[11:13:13] [ITEM_LISTED]: REGDYLAN listed 1x Golden Apple for $200.00 on survie_new
[11:13:14] [ITEM_LISTED]: REGDYLAN listed 1x Golden Apple for $200.00 on survie_new
[11:13:16] [ITEM_LISTED]: REGDYLAN listed 1x Golden Apple for $200.00 on survie_new
[11:13:17] [ITEM_LISTED]: REGDYLAN listed 1x Golden Apple for $200.00 on survie_new
[11:13:19] [ITEM_LISTED]: REGDYLAN listed 1x Golden Apple for $200.00 on survie_new
[11:13:54] [ITEM_LISTED]: REGDYLAN listed 1x Pomme des Cieux for $1,500.00 on survie_new
[11:14:10] [ITEM_LISTED]: REGDYLAN listed 1x Pomme des Cieux for $1,500.00 on survie_new
[11:14:14] [ITEM_LISTED]: REGDYLAN listed 1x Pomme des Cieux for $1,500.00 on survie_new
[11:15:17] [ITEM_CANCELLED]: RedMagic_ cancelled an auction for 1x bPêcheur for $10,000.00 on survie_new
[11:15:59] [ITEM_LISTED]: REGDYLAN listed 64x Experience Bottle for $2,000.00 on End
[11:16:13] [ITEM_LISTED]: REGDYLAN listed 1x Epée des Cieux [Looting II, Sharpness V, Unbreaking II] for $3,000.00 on End
[11:20:17] [ITEM_LISTED]: pierro listed 16x Egg for $200.00 on survie_new
[11:20:27] [ITEM_LISTED]: pierro listed 16x Egg for $200.00 on survie_new
[11:33:04] [ITEM_LISTED]: REGDYLAN listed 1x Pomme des Cieux for $1,500.00 on survie_new
[11:33:07] [ITEM_LISTED]: REGDYLAN listed 1x Enchanted Golden Apple for $1,500.00 on survie_new
[11:41:30] [ITEM_LISTED]: HeFk listed 18x Iron Block for $1,500.00 on Ressource
[11:41:39] [ITEM_SOLD]: HeFk sold 18x Iron Block to vava34670 for $1,500.00 on Ressource
[11:48:38] [ITEM_LISTED]: CapitaineNiamor listed 3x Sea Lantern for $300.00 on survie_new
[11:48:50] [ITEM_SOLD]: CapitaineNiamor sold 3x Sea Lantern to Cantyo for $300.00 on survie_new
[12:20:39] [ITEM_SOLD]: Yohan81 sold 16x Bamboo to Shxrmy for $10.00 on Ressource
[12:29:23] [ITEM_LISTED]: CapitaineNiamor listed 1x Dragon Head for $1,500.00 on survie_new
[12:29:29] [ITEM_LISTED]: CapitaineNiamor listed 1x Elytra for $2,000.00 on survie_new
[12:29:39] [ITEM_LISTED]: CapitaineNiamor listed 1x Diamond Pickaxe [Efficiency III, Fortune II, Unbreaking III] for $1,000.00 on survie_new
[12:29:51] [ITEM_LISTED]: CapitaineNiamor listed 1x Diamond Sword [Sharpness IV, Unbreaking III] for $1,000.00 on survie_new
[12:29:52] [ITEM_SOLD]: CroixVeBaton sold 1x Diamond Chestplate to  [Curse of Binding, Protection IV, Unbreaking III]Shxrmy for $1,000.00 on survie_new
[12:29:59] [ITEM_LISTED]: CapitaineNiamor listed 1x Diamond Leggings [Protection IV, Unbreaking III] for $1,000.00 on survie_new
[12:30:10] [ITEM_LISTED]: CapitaineNiamor listed 1x Diamond Boots [Projectile Protection IV] for $100.00 on survie_new
[12:30:12] [ITEM_LISTED]: CapitaineNiamor listed 1x Diamond Chestplate [Curse of Binding, Protection III, Unbreaking III] for $100.00 on survie_new
[12:30:14] [ITEM_LISTED]: CapitaineNiamor listed 1x Diamond Chestplate [Fire Protection III, Unbreaking III, Curse of Vanishing] for $100.00 on survie_new
[12:30:15] [ITEM_LISTED]: CapitaineNiamor listed 1x Iron Chestplate [Curse of Binding, Thorns II] for $100.00 on survie_new
[12:30:16] [ITEM_LISTED]: CapitaineNiamor listed 1x Iron Pickaxe [Efficiency III, Fortune II] for $100.00 on survie_new
[12:30:23] [ITEM_LISTED]: CapitaineNiamor listed 1x Iron Pickaxe [Efficiency III] for $100.00 on survie_new
[12:30:24] [ITEM_LISTED]: CapitaineNiamor listed 1x Iron Pickaxe [Mending] for $100.00 on survie_new
[12:30:26] [ITEM_LISTED]: CapitaineNiamor listed 1x Iron Sword [Bane of Arthropods III, Looting I] for $100.00 on survie_new
[12:30:27] [ITEM_LISTED]: CapitaineNiamor listed 1x Iron Chestplate [Curse of Binding, Fire Protection III] for $100.00 on survie_new
[12:30:29] [ITEM_LISTED]: CapitaineNiamor listed 1x Diamond Leggings [Protection IV] for $100.00 on survie_new
[12:30:35] [ITEM_LISTED]: CapitaineNiamor listed 1x Iron Pickaxe [Unbreaking III] for $100.00 on survie_new
[12:30:37] [ITEM_LISTED]: CapitaineNiamor listed 1x Diamond Sword [Knockback II, Sharpness IV] for $100.00 on survie_new
[12:30:42] [ITEM_SOLD]: CapitaineNiamor sold 1x Diamond Leggings to  [Protection IV]Shxrmy for $100.00 on survie_new
[12:30:46] [ITEM_LISTED]: CapitaineNiamor listed 1x Iron Leggings [Protection III, Unbreaking III] for $100.00 on survie_new
[12:30:47] [ITEM_LISTED]: CapitaineNiamor listed 1x Diamond Leggings [Curse of Binding, Mending, Protection IV] for $100.00 on survie_new
[12:30:49] [ITEM_LISTED]: CapitaineNiamor listed 1x Iron Helmet [Protection IV, Respiration III] for $100.00 on survie_new
[12:30:53] [ITEM_SOLD]: CapitaineNiamor sold 1x Diamond Sword to  [Knockback II, Sharpness IV]Shxrmy for $100.00 on survie_new
[12:32:01] [ITEM_SOLD]: CapitaineNiamor sold 1x Iron Helmet to  [Protection IV, Respiration III]vava34670 for $100.00 on survie_new
[12:32:15] [ITEM_SOLD]: CapitaineNiamor sold 1x Iron Pickaxe to  [Efficiency III, Fortune II]vava34670 for $100.00 on survie_new
[12:32:44] [ITEM_SOLD]: CapitaineNiamor sold 1x Diamond Pickaxe to  [Efficiency III, Fortune II, Unbreaking III]vava34670 for $1,000.00 on survie_new
[12:53:49] [ITEM_LISTED]: AzodFR listed 3x Wither Skeleton Skull for $3,000.00 on survie_new
[12:53:59] [ITEM_SOLD]: AzodFR sold 3x Wither Skeleton Skull to omega2028 for $3,000.00 on survie_new
[13:14:38] [ITEM_LISTED]: AzodFR listed 3x Wither Skeleton Skull for $4,000.00 on survie_new
[13:16:01] [ITEM_SOLD]: AzodFR sold 3x Wither Skeleton Skull to REGDYLAN for $4,000.00 on survie_new
[13:18:49] [ITEM_LISTED]: AzodFR listed 3x Wither Skeleton Skull for $4,000.00 on survie_new
[13:18:52] [ITEM_SOLD]: AzodFR sold 3x Wither Skeleton Skull to pierro for $4,000.00 on survie_new
[13:20:55] [ITEM_SOLD]: pierro sold 16x Egg to Mikiu_Ahegao for $200.00 on survie_new
[13:25:58] [ITEM_SOLD]: Mikiu_Ahegao sold 1x Potion to REGDYLAN for $30.00 on survie_new
[13:28:52] [ITEM_LISTED]: Mikiu_Ahegao listed 64x Bone Meal for $300.00 on survie_new
[13:32:09] [ITEM_CANCELLED]: REGDYLAN cancelled an auction for 1x Pomme des Cieux for $1,500.00 on survie_new
[13:32:11] [ITEM_RETURNED]: Returned 1x Pomme des Cieux to REGDYLAN on survie_new
[13:34:16] [ITEM_SOLD]: pierro sold 16x Egg to Mikiu_Ahegao for $200.00 on survie_new
[13:34:51] [ITEM_SOLD]: CapitaineNiamor sold 1x Elytra to Isaorya for $2,000.00 on survie_new
[13:49:30] [ITEM_LISTED]: MatyoCraft listed 64x Cooked Beef for $500.00 on spawn
[13:49:35] [ITEM_SOLD]: MatyoCraft sold 64x Cooked Beef to MrChacha for $500.00 on spawn
[13:58:18] [ITEM_SOLD]: Jarreshan sold 1x Trident to  [Channeling, Impaling IV, Loyalty III, Mending, Unbreaking III]ExE_MethyloR for $30,000.00 on Ressource
[13:59:33] [ITEM_LISTED]: ExE_MethyloR listed 1x [Spider Spawner] for $1,000.00 on spawn
[13:59:38] [ITEM_LISTED]: ExE_MethyloR listed 1x Enchanted Book for $750.00 on spawn
[13:59:47] [ITEM_LISTED]: REGDYLAN listed 1x Beacon for $20,000.00 on survie_new
[13:59:50] [ITEM_LISTED]: REGDYLAN listed 1x Beacon for $20,000.00 on survie_new
[14:08:42] [ITEM_LISTED]: ExE_MethyloR listed 1x [Zombie Spawner] for $1,250.00 on spawn
[14:09:00] [ITEM_SOLD]: lasoeurdadrien sold 64x Iron Ingot to Pitchikwow for $1,500.00 on survie_new
[14:09:08] [ITEM_LISTED]: BlackTek listed 1x Book for $100.00 on survie_new
[14:09:26] [ITEM_CANCELLED]: BlackTek cancelled an auction for 1x Book for $100.00 on survie_new
[14:10:27] [ITEM_LISTED]: _megamigit_ listed 16x Book for $1,000.00 on survie_new
[14:10:30] [ITEM_SOLD]: _megamigit_ sold 16x Book to MrChacha for $1,000.00 on survie_new
[14:14:52] [ITEM_LISTED]: Jarreshan listed 1x Pomme des Cieux for $2,000.00 on survie_new
[14:14:57] [ITEM_LISTED]: Jarreshan listed 1x Pomme des Cieux for $2,000.00 on survie_new
[14:15:49] [ITEM_LISTED]: Jarreshan listed 1x Epée des Cieux [Looting II, Sharpness V, Unbreaking II] for $3,000.00 on survie_new
[14:19:35] [ITEM_SOLD]: castor26 sold 64x Blaze Rod to BlackTek for $500.00 on survie_new
[14:22:51] [ITEM_SOLD]: lasoeurdadrien sold 64x White Wool to BlackTek for $790.00 on survie_new
[14:24:52] [ITEM_LISTED]: Mikiu_Ahegao listed 1x Splash Potion for $100.00 on survie_new
[14:24:59] [ITEM_LISTED]: Mikiu_Ahegao listed 1x Splash Potion for $100.00 on survie_new
[14:25:05] [ITEM_LISTED]: Mikiu_Ahegao listed 1x Splash Potion for $100.00 on survie_new
[14:26:30] [ITEM_SOLD]: ExE_MethyloR sold 1x [Zombie Spawner] to Shxrmy for $1,250.00 on spawn
[14:28:29] [ITEM_SOLD]: lasoeurdadrien sold 1x Enchanted Book to sylverfire02 for $1,500.00 on survie_new
[14:45:38] [ITEM_SOLD]: ExE_MethyloR sold 1x Enchanted Book to Mr_Yt_Fr for $750.00 on spawn
[14:46:21] [ITEM_SOLD]: CapitaineNiamor sold 1x Iron Sword to  [Bane of Arthropods III, Looting I]Mr_Yt_Fr for $100.00 on survie_new
[14:46:45] [ITEM_SOLD]: CapitaineNiamor sold 1x Iron Pickaxe to  [Unbreaking III]Mr_Yt_Fr for $100.00 on survie_new
[14:46:49] [ITEM_SOLD]: Mikiu_Ahegao sold 1x Splash Potion to Mr_Yt_Fr for $100.00 on survie_new
[14:46:52] [ITEM_SOLD]: Mikiu_Ahegao sold 1x Splash Potion to Mr_Yt_Fr for $100.00 on survie_new
[14:46:57] [ITEM_SOLD]: Mikiu_Ahegao sold 1x Splash Potion to Mr_Yt_Fr for $100.00 on survie_new
[14:47:54] [ITEM_LISTED]: Mr_Yt_Fr listed 1x Iron Sword [Bane of Arthropods III, Looting I] for $400.00 on survie_new
[14:48:01] [ITEM_LISTED]: Mr_Yt_Fr listed 1x Iron Pickaxe [Unbreaking III] for $200.00 on survie_new
[14:51:01] [ITEM_LISTED]: Nexusso listed 64x Quartz Block for $800.00 on Nether
[14:51:03] [ITEM_LISTED]: Nexusso listed 64x Quartz Block for $800.00 on Nether
[14:51:05] [ITEM_LISTED]: Nexusso listed 64x Quartz Block for $800.00 on Nether
[14:51:07] [ITEM_LISTED]: Nexusso listed 64x Quartz Block for $800.00 on Nether
[14:51:09] [ITEM_LISTED]: Nexusso listed 64x Quartz Block for $800.00 on Nether
[14:52:16] [ITEM_SOLD]: CapitaineNiamor sold 1x Diamond Boots to  [Projectile Protection IV]Mr_Yt_Fr for $100.00 on survie_new
[14:59:14] [ITEM_LISTED]: REGDYLAN listed 1x Enchanted Book for $3,000.00 on survie_new
[14:59:17] [ITEM_LISTED]: REGDYLAN listed 1x Enchanted Book for $3,000.00 on survie_new
[14:59:19] [ITEM_LISTED]: REGDYLAN listed 1x Enchanted Book for $3,000.00 on survie_new
[15:10:32] [ITEM_LISTED]: Mikiu_Ahegao listed 1x Potion for $200.00 on survie_new
[15:10:43] [ITEM_LISTED]: Mikiu_Ahegao listed 1x Potion for $200.00 on survie_new
[15:10:51] [ITEM_LISTED]: Mikiu_Ahegao listed 1x Potion for $200.00 on survie_new
[15:14:16] [ITEM_LISTED]: Mikiu_Ahegao listed 1x Diamond Sword [Smite III] for $750.00 on survie_new
[15:18:03] [ITEM_LISTED]: Mikiu_Ahegao listed 1x Diamond Sword [Bane of Arthropods I] for $600.00 on survie_new
[15:24:27] [ITEM_SOLD]: CapitaineNiamor sold 1x Diamond Chestplate to  [Fire Protection III, Unbreaking III, Curse of Vanishing]HeFk for $100.00 on survie_new
[15:24:38] [ITEM_SOLD]: CapitaineNiamor sold 1x Diamond Chestplate to  [Curse of Binding, Protection III, Unbreaking III]HeFk for $100.00 on survie_new
[15:51:16] [ITEM_SOLD]: lasoeurdadrien sold 1x Enchanted Book to castor26 for $1,500.00 on survie_new
[15:51:56] [ITEM_SOLD]: REGDYLAN sold 1x Enchanted Book to castor26 for $3,000.00 on survie_new
[16:06:39] [ITEM_LISTED]: pierro listed 16x Egg for $250.00 on survie_new
[16:06:42] [ITEM_LISTED]: pierro listed 16x Egg for $250.00 on survie_new
[16:06:46] [ITEM_LISTED]: pierro listed 16x Egg for $250.00 on survie_new
[16:25:12] [ITEM_SOLD]: lasoeurdadrien sold 1x Enchanted Book to Newt_hp for $1,500.00 on survie_new
[16:42:30] [ITEM_LISTED]: lasoeurdadrien listed 64x White Wool for $1,600.00 on survie_new
[16:42:36] [ITEM_LISTED]: lasoeurdadrien listed 64x White Wool for $1,600.00 on survie_new
[16:43:16] [ITEM_CANCELLED]: lasoeurdadrien cancelled an auction for 1x Enchanted Book for $1,800.00 on survie_new
[16:43:17] [ITEM_CANCELLED]: lasoeurdadrien cancelled an auction for 1x Enchanted Book for $1,800.00 on survie_new
[16:43:18] [ITEM_CANCELLED]: lasoeurdadrien cancelled an auction for 1x Enchanted Book for $1,800.00 on survie_new
[16:43:19] [ITEM_CANCELLED]: lasoeurdadrien cancelled an auction for 1x Enchanted Book for $1,800.00 on survie_new
[16:43:20] [ITEM_CANCELLED]: lasoeurdadrien cancelled an auction for 1x Enchanted Book for $1,800.00 on survie_new
[16:43:21] [ITEM_CANCELLED]: lasoeurdadrien cancelled an auction for 1x Enchanted Book for $1,800.00 on survie_new
[16:43:23] [ITEM_CANCELLED]: lasoeurdadrien cancelled an auction for 1x Enchanted Book for $1,800.00 on survie_new
[16:43:24] [ITEM_CANCELLED]: lasoeurdadrien cancelled an auction for 64x White Wool for $1,600.00 on survie_new
[16:43:25] [ITEM_CANCELLED]: lasoeurdadrien cancelled an auction for 64x White Wool for $1,600.00 on survie_new
[16:43:28] [ITEM_RETURNED]: Returned 64x White Wool to lasoeurdadrien on survie_new
[16:43:28] [ITEM_RETURNED]: Returned 64x White Wool to lasoeurdadrien on survie_new
[16:43:29] [ITEM_RETURNED]: Returned 1x Enchanted Book to lasoeurdadrien on survie_new
[16:43:29] [ITEM_RETURNED]: Returned 1x Enchanted Book to lasoeurdadrien on survie_new
[16:43:29] [ITEM_RETURNED]: Returned 1x Enchanted Book to lasoeurdadrien on survie_new
[16:43:29] [ITEM_RETURNED]: Returned 1x Enchanted Book to lasoeurdadrien on survie_new
[16:43:30] [ITEM_RETURNED]: Returned 1x Enchanted Book to lasoeurdadrien on survie_new
[16:43:30] [ITEM_RETURNED]: Returned 1x Enchanted Book to lasoeurdadrien on survie_new
[16:43:30] [ITEM_RETURNED]: Returned 1x Enchanted Book to lasoeurdadrien on survie_new
[16:43:49] [ITEM_LISTED]: lasoeurdadrien listed 64x White Wool for $790.00 on survie_new
[16:44:02] [ITEM_LISTED]: lasoeurdadrien listed 64x White Wool for $790.00 on survie_new
[16:44:07] [ITEM_LISTED]: lasoeurdadrien listed 1x Enchanted Book for $1,500.00 on survie_new
[16:44:14] [ITEM_LISTED]: lasoeurdadrien listed 1x Enchanted Book for $1,500.00 on survie_new
[16:44:18] [ITEM_LISTED]: lasoeurdadrien listed 1x Enchanted Book for $1,500.00 on survie_new
[16:44:23] [ITEM_LISTED]: lasoeurdadrien listed 1x Enchanted Book for $1,500.00 on survie_new
[16:44:29] [ITEM_LISTED]: lasoeurdadrien listed 1x Enchanted Book for $1,500.00 on survie_new
[16:44:33] [ITEM_LISTED]: lasoeurdadrien listed 1x Enchanted Book for $1,500.00 on survie_new
[16:44:39] [ITEM_LISTED]: lasoeurdadrien listed 1x Enchanted Book for $1,500.00 on survie_new
[16:56:34] [ITEM_SOLD]: REGDYLAN sold 1x Epée des Cieux to  [Looting II, Sharpness V, Unbreaking II]HeFk for $3,000.00 on End
[16:57:00] [ITEM_SOLD]: CapitaineNiamor sold 1x Diamond Leggings to  [Protection IV, Unbreaking III]HeFk for $1,000.00 on survie_new
[17:01:49] [ITEM_SOLD]: REGDYLAN sold 1x Enchanted Book to sylverfire02 for $3,000.00 on survie_new
[17:01:54] [ITEM_SOLD]: REGDYLAN sold 1x Enchanted Book to sylverfire02 for $3,000.00 on survie_new
[17:29:43] [ITEM_LISTED]: Haru_M listed 1x Enchanted Book for $2,800.00 on survie_new
[17:29:47] [ITEM_LISTED]: Haru_M listed 1x Enchanted Book for $2,800.00 on survie_new
[17:29:49] [ITEM_LISTED]: Haru_M listed 1x Enchanted Book for $2,800.00 on survie_new
[17:29:52] [ITEM_LISTED]: Haru_M listed 1x Enchanted Book for $2,800.00 on survie_new
[17:29:54] [ITEM_LISTED]: Haru_M listed 1x Enchanted Book for $2,800.00 on survie_new
[17:29:57] [ITEM_LISTED]: Haru_M listed 1x Enchanted Book for $2,800.00 on survie_new
[17:30:00] [ITEM_LISTED]: Haru_M listed 1x Enchanted Book for $2,800.00 on survie_new
[17:30:05] [ITEM_LISTED]: Haru_M listed 1x Enchanted Book for $2,800.00 on survie_new
[17:30:07] [ITEM_LISTED]: Haru_M listed 1x Enchanted Book for $2,800.00 on survie_new
[17:30:11] [ITEM_LISTED]: Haru_M listed 1x Enchanted Book for $2,800.00 on survie_new
[17:30:12] [ITEM_LISTED]: Haru_M listed 1x Enchanted Book for $2,800.00 on survie_new
[17:30:17] [ITEM_LISTED]: Haru_M listed 1x Enchanted Book for $2,800.00 on survie_new
[17:37:43] [ITEM_LISTED]: Vax28 listed 1x Polished Andesite for $555.00 on Ressource
[17:43:34] [ITEM_LISTED]: Vax28 listed 26x Granite Wall for $50.00 on survie_new
[17:50:43] [ITEM_SOLD]: Haru_M sold 1x Enchanted Book to Legendaires for $2,800.00 on survie_new
[18:13:10] [ITEM_LISTED]: REGDYLAN listed 1x §U§C§-§{§"§p§s§s§i§"§:§"§L§I§B§R§A§R§I§A§N§"§,§"§y§"§:§s§,§"§h§t§h§"§:§.§,§"§t§y§p§"§:§"§V§I§L§L§A§G§E§R§"§}§~Oeuf de Villageois for $10,000.00 on survie_new
[18:38:11] [ITEM_SOLD]: _Wiizy_ sold 1x Elytra to HeFk for $4,500.00 on survie_new
[18:50:28] [ITEM_SOLD]: lasoeurdadrien sold 1x Enchanted Book to MrChacha for $1,500.00 on survie_new
[18:51:00] [ITEM_SOLD]: pierro sold 16x Egg to MrChacha for $250.00 on survie_new
[18:51:50] [ITEM_SOLD]: Tesla248 sold 1x Ominous Banner to MrChacha for $200.00 on survie_new
[19:00:30] [ITEM_SOLD]: CroixVeBaton sold 1x Shulker Box to _Victor2 for $1,000.00 on survie_new
[19:00:40] [ITEM_SOLD]: CroixVeBaton sold 1x Shulker Box to _Victor2 for $1,000.00 on survie_new
[19:06:29] [ITEM_SOLD]: Jarreshan sold 1x Epée des Cieux to  [Looting II, Sharpness V, Unbreaking II]PlayCrew for $3,000.00 on survie_new
[19:08:28] [ITEM_SOLD]: Haru_M sold 1x Enchanted Book to PlayCrew for $2,800.00 on survie_new
[19:17:01] [ITEM_LISTED]: Kaio_Beninou listed 1x Enchanted Book for $5,000.00 on survie_new
[19:17:06] [ITEM_LISTED]: Kaio_Beninou listed 1x Enchanted Book for $5,000.00 on survie_new
[19:17:11] [ITEM_LISTED]: Kaio_Beninou listed 1x Enchanted Book for $5,000.00 on survie_new
[19:26:16] [ITEM_LISTED]: Jarreshan listed 1x [Zombie Spawner] for $3,000.00 on Ressource
[19:36:02] [ITEM_LISTED]: Legendaires listed 1x Elytra for $5,000.00 on survie_new
[19:47:05] [ITEM_SOLD]: mayte_ sold 64x Rotten Flesh to Mikiu_Ahegao for $5.00 on survie_new
[19:47:49] [ITEM_SOLD]: mayte_ sold 64x Rotten Flesh to Mikiu_Ahegao for $5.00 on survie_new
[19:47:52] [ITEM_SOLD]: mayte_ sold 64x Rotten Flesh to Mikiu_Ahegao for $5.00 on survie_new
[19:47:55] [ITEM_SOLD]: mayte_ sold 64x Rotten Flesh to Mikiu_Ahegao for $5.00 on survie_new
[19:47:57] [ITEM_SOLD]: mayte_ sold 64x Rotten Flesh to Mikiu_Ahegao for $5.00 on survie_new
[19:48:00] [ITEM_SOLD]: mayte_ sold 64x Rotten Flesh to Mikiu_Ahegao for $5.00 on survie_new
[19:48:04] [ITEM_SOLD]: mayte_ sold 64x Rotten Flesh to Mikiu_Ahegao for $5.00 on survie_new
[19:48:06] [ITEM_SOLD]: mayte_ sold 64x Rotten Flesh to Mikiu_Ahegao for $5.00 on survie_new
[20:30:46] [ITEM_CANCELLED]: AlphaFox_FR cancelled an auction for 1x Iron Pickaxe [Silk Touch, Unbreaking III] for $10,000.00 on spawn
[20:30:47] [ITEM_CANCELLED]: AlphaFox_FR cancelled an auction for 1x Iron Pickaxe [Efficiency III, Silk Touch, Unbreaking III] for $10,000.00 on spawn
[20:30:53] [ITEM_RETURNED]: Returned 1x Iron Pickaxe [Silk Touch, Unbreaking III] to AlphaFox_FR on spawn
[20:30:53] [ITEM_RETURNED]: Returned 1x Iron Pickaxe [Efficiency III, Silk Touch, Unbreaking III] to AlphaFox_FR on spawn
[20:31:17] [ITEM_LISTED]: AlphaFox_FR listed 1x Iron Pickaxe [Efficiency III, Silk Touch, Unbreaking III] for $5,000.00 on Ressource
[20:31:28] [ITEM_LISTED]: AlphaFox_FR listed 1x Iron Pickaxe [Silk Touch, Unbreaking III] for $5,000.00 on Ressource
[20:35:18] [ITEM_LISTED]: lasoeurdadrien listed 64x White Wool for $1,000.00 on survie_new
[20:37:41] [ITEM_LISTED]: Jarreshan listed 1x Diamond Pickaxe [Efficiency IV, Fortune III, Unbreaking III] for $5,000.00 on survie_new
[20:37:51] [ITEM_LISTED]: Jarreshan listed 1x Diamond Pickaxe [Efficiency III, Fortune II, Unbreaking III] for $4,500.00 on survie_new
[20:38:01] [ITEM_LISTED]: Jarreshan listed 1x Diamond Pickaxe [Efficiency IV] for $2,000.00 on survie_new
[20:38:08] [ITEM_LISTED]: Jarreshan listed 1x Diamond Axe [Efficiency IV, Unbreaking III] for $3,000.00 on survie_new
[20:38:14] [ITEM_LISTED]: Jarreshan listed 1x Diamond Shovel [Efficiency IV, Unbreaking III] for $3,000.00 on survie_new
[20:38:52] [ITEM_LISTED]: Jarreshan listed 1x §U§C§I§;§I§s§;Oeuf de Pierre for $10,000.00 on survie_new
[20:39:00] [ITEM_LISTED]: Jarreshan listed 1x §U§C§I§;§I§s§;Oeuf de Pierre for $10,000.00 on survie_new
[20:39:31] [ITEM_LISTED]: Jarreshan listed 1x Enchanted Book for $1,000.00 on survie_new
[20:39:39] [ITEM_LISTED]: Jarreshan listed 1x Enchanted Book for $1,000.00 on survie_new
[20:39:52] [ITEM_LISTED]: Jarreshan listed 1x [Cave spider Spawner] for $3,000.00 on survie_new
[20:39:59] [ITEM_LISTED]: Jarreshan listed 1x [Cave spider Spawner] for $3,000.00 on survie_new
[20:40:10] [ITEM_LISTED]: Jarreshan listed 1x [Spider Spawner] for $3,500.00 on survie_new
[20:40:19] [ITEM_LISTED]: Cryyzi listed 1x Buried Treasure Map for $50.00 on Ressource
[20:41:54] [ITEM_LISTED]: Cryyzi listed 1x Buried Treasure Map for $50.00 on Ressource
[20:48:17] [ITEM_LISTED]: Cryyzi listed 1x Buried Treasure Map for $50.00 on Ressource
[20:49:02] [ITEM_SOLD]: Haru_M sold 1x Enchanted Book to GrosBoze for $2,800.00 on survie_new
[20:49:05] [ITEM_SOLD]: Haru_M sold 1x Enchanted Book to GrosBoze for $2,800.00 on survie_new
[21:22:30] [ITEM_SOLD]: Haru_M sold 1x Enchanted Book to GrosBoze for $2,800.00 on survie_new
[21:32:30] [ITEM_SOLD]: Cryyzi sold 1x Buried Treasure Map to jordan8413 for $50.00 on Ressource
[21:33:22] [ITEM_SOLD]: CapitaineNiamor sold 1x Iron Leggings to  [Projectile Protection IV, Unbreaking III]jordan8413 for $100.00 on survie_new
[21:33:45] [ITEM_SOLD]: CapitaineNiamor sold 1x Iron Chestplate to  [Curse of Binding, Fire Protection III]jordan8413 for $100.00 on survie_new
[21:33:58] [ITEM_SOLD]: CapitaineNiamor sold 1x Diamond Leggings to  [Curse of Binding, Mending, Protection IV]jordan8413 for $100.00 on survie_new
[21:35:02] [ITEM_SOLD]: Jarreshan sold 1x Crossbow to jordan8413 for $100.00 on survie_new
[21:36:32] [ITEM_LISTED]: jordan8413 listed 1x Iron Leggings [Projectile Protection IV, Unbreaking III] for $300.00 on spawn
[21:42:11] [ITEM_SOLD]: REGDYLAN sold 1x Beacon to Baltya for $20,000.00 on survie_new
[21:58:51] [ITEM_SOLD]: lasoeurdadrien sold 1x Enchanted Book to El_Pietro_31 for $1,500.00 on survie_new
[21:59:43] [ITEM_RETURNED]: Returned 20x Magma Block to El_Pietro_31 on survie_new
[21:59:44] [ITEM_RETURNED]: Returned 1x Heart Of The Sea to El_Pietro_31 on survie_new
[22:00:21] [ITEM_SOLD]: Mikiu_Ahegao sold 1x Splash Potion to El_Pietro_31 for $21.00 on survie_new
[22:00:23] [ITEM_SOLD]: Mikiu_Ahegao sold 1x Splash Potion to El_Pietro_31 for $23.00 on survie_new
[22:30:48] [ITEM_CANCELLED]: AlphaFox_FR cancelled an auction for 1x Iron Pickaxe [Silk Touch, Unbreaking III] for $5,000.00 on Ressource
[22:30:49] [ITEM_CANCELLED]: AlphaFox_FR cancelled an auction for 1x Iron Pickaxe [Efficiency III, Silk Touch, Unbreaking III] for $5,000.00 on Ressource
[22:30:50] [ITEM_RETURNED]: Returned 1x Iron Pickaxe [Efficiency III, Silk Touch, Unbreaking III] to AlphaFox_FR on Ressource
[22:30:50] [ITEM_RETURNED]: Returned 1x Iron Pickaxe [Silk Touch, Unbreaking III] to AlphaFox_FR on Ressource
[22:36:26] [ITEM_RETURNED]: Returned 64x Slime Ball to Baltya on survie_new
[22:36:27] [ITEM_RETURNED]: Returned 64x Slime Ball to Baltya on survie_new
[23:33:57] [ITEM_CANCELLED]: lasoeurdadrien cancelled an auction for 64x White Wool for $1,000.00 on survie_new
[23:33:58] [ITEM_CANCELLED]: lasoeurdadrien cancelled an auction for 64x White Wool for $790.00 on survie_new
[23:33:58] [ITEM_CANCELLED]: lasoeurdadrien cancelled an auction for 64x White Wool for $790.00 on survie_new
[23:34:19] [ITEM_RETURNED]: Returned 64x White Wool to lasoeurdadrien on survie_new
[23:34:20] [ITEM_RETURNED]: Returned 64x White Wool to lasoeurdadrien on survie_new
[23:34:21] [ITEM_RETURNED]: Returned 64x White Wool to lasoeurdadrien on survie_new
[23:48:27] [ITEM_SOLD]: Mikiu_Ahegao sold 1x Diamond Sword to  [Smite III]Mr_Yt_Fr for $750.00 on survie_new
[23:51:09] [ITEM_SOLD]: Fr3nCh_CraFt sold 1x Enchanted Book to Mr_Yt_Fr for $1,000.00 on survie_new
