[00:09:09] [ITEM_SOLD]: Kaio_Beninou sold 1x [Cave spider Spawner] to RivJug for $3,000.00 on survie_new
[02:36:00] [ITEM_SOLD]: H_Caw sold 8x Iron Block to orion2000 for $800.00 on survie_new
[05:49:06] [ITEM_LISTED]: Kaam98 listed 24x Gray Wool for $20.00 on spawn
[05:49:21] [ITEM_SOLD]: Kaam98 sold 24x Gray Wool to Pseudal__ for $20.00 on spawn
[05:50:43] [ITEM_RETURNED]: Returned 1x Wither Skeleton Skull to Kaam98 on spawn
[05:50:43] [ITEM_RETURNED]: Returned 1x Wither Skeleton Skull to Kaam98 on spawn
[05:50:44] [ITEM_RETURNED]: Returned 1x Nether Star to Kaam98 on spawn
[05:50:44] [ITEM_RETURNED]: Returned 1x Wither Skeleton Skull to Kaam98 on spawn
[05:50:44] [ITEM_RETURNED]: Returned 64x Dirt to Kaam98 on world
[05:51:00] [ITEM_LISTED]: Kaam98 listed 1x Nether Star for $16,000.00 on spawn
[05:51:09] [ITEM_LISTED]: Kaam98 listed 3x Wither Skeleton Skull for $12,000.00 on spawn
[05:56:34] [ITEM_LISTED]: Kaam98 listed 1x Diamond Sword [Knockback II] for $100.00 on survie_new
[05:56:37] [ITEM_LISTED]: Kaam98 listed 1x Diamond Sword [Fire Aspect I, Smite III] for $100.00 on survie_new
[05:56:44] [ITEM_LISTED]: Kaam98 listed 1x Diamond Sword [Sharpness III] for $150.00 on survie_new
[05:56:49] [ITEM_LISTED]: Kaam98 listed 1x Diamond Sword [Unbreaking III] for $100.00 on survie_new
[05:56:59] [ITEM_LISTED]: Kaam98 listed 1x Diamond Sword [Smite III, Sweeping Edge III, Unbreaking III] for $150.00 on survie_new
[05:57:04] [ITEM_LISTED]: Kaam98 listed 1x Diamond Sword [Knockback II, Sharpness III, Unbreaking III] for $150.00 on survie_new
[05:57:26] [ITEM_LISTED]: Kaam98 listed 1x Diamond Sword [Bane of Arthropods IV] for $200.00 on survie_new
[05:57:31] [ITEM_LISTED]: Kaam98 listed 1x Diamond Sword [Bane of Arthropods IV] for $200.00 on survie_new
[05:57:42] [ITEM_LISTED]: Kaam98 listed 1x Diamond Sword [Bane of Arthropods IV, Knockback II] for $250.00 on survie_new
[05:57:49] [ITEM_LISTED]: Kaam98 listed 1x Diamond Sword [Bane of Arthropods IV, Knockback II, Looting II] for $300.00 on survie_new
[05:58:04] [ITEM_LISTED]: Kaam98 listed 1x Diamond Sword [Knockback II, Sharpness IV] for $500.00 on survie_new
[05:58:07] [ITEM_LISTED]: Kaam98 listed 1x Diamond Sword [Smite IV] for $500.00 on survie_new
[05:58:10] [ITEM_LISTED]: Kaam98 listed 1x Diamond Sword [Smite IV, Sweeping Edge III] for $500.00 on survie_new
[05:58:13] [ITEM_LISTED]: Kaam98 listed 1x Diamond Sword [Smite IV, Unbreaking III] for $500.00 on survie_new
[05:58:20] [ITEM_LISTED]: Kaam98 listed 1x Diamond Sword [Knockback II, Smite IV, Sweeping Edge III] for $550.00 on survie_new
[05:58:36] [ITEM_LISTED]: Kaam98 listed 1x Diamond Sword [Knockback II, Looting III, Sharpness III] for $1,000.00 on survie_new
[05:58:57] [ITEM_LISTED]: Kaam98 listed 1x Diamond Sword [Looting III, Sharpness IV, Unbreaking III] for $1,100.00 on survie_new
[05:59:00] [ITEM_LISTED]: Kaam98 listed 1x Diamond Sword [Knockback II, Looting III, Sharpness IV] for $1,100.00 on survie_new
[05:59:02] [ITEM_LISTED]: Kaam98 listed 1x Diamond Sword [Fire Aspect II, Looting III, Smite IV] for $1,100.00 on survie_new
[05:59:55] [ITEM_LISTED]: Kaam98 listed 1x Diamond Sword [Unbreaking III] for $100.00 on survie_new
[06:00:08] [ITEM_LISTED]: Kaam98 listed 1x Diamond Sword [Looting III, Sharpness IV] for $1,000.00 on survie_new
[06:00:24] [ITEM_LISTED]: Kaam98 listed 1x Diamond Sword [Bane of Arthropods IV, Knockback II, Unbreaking III] for $200.00 on survie_new
[06:00:32] [ITEM_LISTED]: Kaam98 listed 1x Diamond Sword [Fire Aspect I, Smite IV] for $500.00 on survie_new
[06:00:38] [ITEM_LISTED]: Kaam98 listed 1x Diamond Sword [Sharpness III, Sweeping Edge III] for $300.00 on survie_new
[06:01:23] [ITEM_LISTED]: Kaam98 listed 1x Bow [Flame, Infinity, Power V, Punch II, Unbreaking III] for $6,000.00 on survie_new
[08:48:38] [ITEM_SOLD]: Kaam98 sold 1x Diamond Sword to  [Knockback II, Looting III, Sharpness III]Pseudal__ for $1,000.00 on survie_new
[08:51:46] [ITEM_SOLD]: Kaam98 sold 1x Diamond Sword to  [Looting III, Sharpness IV, Unbreaking III]Pseudal__ for $1,100.00 on survie_new
[11:36:47] [ITEM_LISTED]: laennolife listed 1x Saddle for $100.00 on spawn
[11:36:59] [ITEM_LISTED]: laennolife listed 1x Saddle for $100.00 on spawn
[11:37:01] [ITEM_LISTED]: laennolife listed 1x Saddle for $100.00 on spawn
[11:39:09] [ITEM_LISTED]: laennolife listed 1x Name Tag for $10.00 on spawn
[11:39:16] [ITEM_LISTED]: laennolife listed 1x Lily Pad for $10.00 on spawn
[11:39:24] [ITEM_LISTED]: laennolife listed 1x Potion for $10.00 on spawn
[11:42:45] [ITEM_SOLD]: Kaam98 sold 1x Diamond Sword to  [Unbreaking III]lonely_knight for $100.00 on survie_new
[12:55:00] [ITEM_SOLD]: laennolife sold 1x Potion to Pseudal__ for $10.00 on spawn
[13:10:57] [ITEM_SOLD]: Kaam98 sold 1x Diamond Sword to  [Knockback II, Sharpness III, Unbreaking III]Haru_M for $150.00 on survie_new
[13:11:22] [ITEM_SOLD]: laennolife sold 1x Name Tag to Haru_M for $10.00 on spawn
[14:42:24] [ITEM_LISTED]: Haru_M listed 12x Book for $100.00 on survie_new
[14:50:26] [ITEM_SOLD]: Kaam98 sold 1x Diamond Sword to  [Fire Aspect I, Smite III]Haru_M for $100.00 on survie_new
[17:01:28] [ITEM_SOLD]: lonely_knight sold 1x Enchanted Book to Haru_M for $3,000.00 on spawn
[18:12:40] [ITEM_DROPPED]: Dropped H_Caw's expired listing of 6x Stone for $0.00 at their feet on world
[18:18:14] [ITEM_LISTED]: lonely_knight listed 1x Enchanted Book for $3,000.00 on spawn
[18:19:20] [ITEM_LISTED]: thariaka listed 1x Enchanted Book for $2,999.00 on spawn
[18:19:46] [ITEM_SOLD]: Kaam98 sold 1x Diamond Sword to  [Smite IV]thariaka for $500.00 on survie_new
[18:19:52] [ITEM_SOLD]: Kaam98 sold 1x Diamond Sword to  [Smite IV, Unbreaking III]thariaka for $500.00 on survie_new
[18:45:30] [ITEM_SOLD]: Kaam98 sold 1x Diamond Sword to  [Sharpness III, Sweeping Edge III]Haru_M for $300.00 on survie_new
[18:50:54] [ITEM_SOLD]: thariaka sold 1x Enchanted Book to Pseudal__ for $2,999.00 on spawn
[19:27:13] [ITEM_SOLD]: Kaam98 sold 1x Diamond Sword to  [Bane of Arthropods IV, Knockback II, Unbreaking III]thariaka for $200.00 on survie_new
[19:27:21] [ITEM_SOLD]: Kaam98 sold 1x Diamond Sword to  [Unbreaking III]thariaka for $100.00 on survie_new
[19:27:32] [ITEM_SOLD]: Kaam98 sold 1x Diamond Sword to  [Looting III, Sharpness IV]thariaka for $1,000.00 on survie_new
[19:28:03] [ITEM_SOLD]: Kaam98 sold 1x Diamond Sword to  [Fire Aspect I, Smite IV]thariaka for $500.00 on survie_new
[19:42:12] [ITEM_LISTED]: Kaam98 listed 1x Diamond Boots [Unbreaking III] for $200.00 on survie_new
[19:42:29] [ITEM_CANCELLED]: Kaam98 cancelled an auction for 1x Diamond Boots [Unbreaking III] for $200.00 on survie_new
[19:42:32] [ITEM_RETURNED]: Returned 1x Diamond Boots [Unbreaking III] to Kaam98 on survie_new
[19:42:38] [ITEM_LISTED]: Kaam98 listed 1x Diamond Boots [Unbreaking III] for $400.00 on survie_new
[19:42:55] [ITEM_LISTED]: Kaam98 listed 1x Diamond Boots [Protection III] for $500.00 on survie_new
[19:43:07] [ITEM_LISTED]: Kaam98 listed 1x Diamond Boots [Protection III, Unbreaking III] for $600.00 on survie_new
[19:43:28] [ITEM_LISTED]: Kaam98 listed 1x Diamond Boots [Feather Falling IV, Protection III] for $800.00 on survie_new
[19:43:34] [ITEM_LISTED]: Kaam98 listed 1x Diamond Boots [Depth Strider III, Protection IV, Unbreaking III] for $1,200.00 on survie_new
[19:44:04] [ITEM_LISTED]: Kaam98 listed 1x Diamond Helmet [Fire Protection III, Unbreaking III] for $500.00 on survie_new
[19:44:11] [ITEM_LISTED]: Kaam98 listed 1x Diamond Helmet [Aqua Affinity, Fire Protection III] for $500.00 on survie_new
[19:44:22] [ITEM_LISTED]: Kaam98 listed 1x Diamond Helmet [Protection III, Respiration III] for $600.00 on survie_new
[19:44:35] [ITEM_LISTED]: Kaam98 listed 1x Diamond Helmet [Protection IV, Unbreaking III] for $800.00 on survie_new
[19:44:44] [ITEM_LISTED]: Kaam98 listed 1x Diamond Helmet [Aqua Affinity, Fire Protection IV, Unbreaking III] for $1,200.00 on survie_new
[19:44:55] [ITEM_LISTED]: Kaam98 listed 1x Diamond Pickaxe [Unbreaking II] for $200.00 on survie_new
[19:45:06] [ITEM_LISTED]: Kaam98 listed 1x Diamond Pickaxe [Efficiency III] for $400.00 on survie_new
[19:45:09] [ITEM_LISTED]: Kaam98 listed 1x Diamond Pickaxe [Efficiency III] for $400.00 on survie_new
[19:45:18] [ITEM_LISTED]: Kaam98 listed 1x Diamond Pickaxe [Efficiency III, Fortune II] for $1,000.00 on survie_new
[19:45:26] [ITEM_LISTED]: Kaam98 listed 1x Diamond Pickaxe [Fortune III] for $1,200.00 on survie_new
[19:45:50] [ITEM_LISTED]: Kaam98 listed 1x Diamond Leggings [Unbreaking III] for $500.00 on survie_new
[19:46:13] [ITEM_LISTED]: Kaam98 listed 1x Diamond Leggings [Blast Protection IV] for $600.00 on survie_new
[19:46:24] [ITEM_LISTED]: Kaam98 listed 1x Diamond Leggings [Protection III, Unbreaking III] for $700.00 on survie_new
[19:46:33] [ITEM_LISTED]: Kaam98 listed 1x Diamond Leggings [Protection IV, Unbreaking III] for $1,200.00 on survie_new
[19:46:35] [ITEM_LISTED]: Kaam98 listed 1x Diamond Leggings [Protection IV, Unbreaking III] for $1,200.00 on survie_new
[19:46:56] [ITEM_LISTED]: Kaam98 listed 1x Diamond Chestplate [Unbreaking III] for $700.00 on survie_new
[19:47:08] [ITEM_LISTED]: Kaam98 listed 1x Diamond Chestplate [Protection III, Unbreaking III] for $1,200.00 on survie_new
[19:47:17] [ITEM_LISTED]: Kaam98 listed 1x Diamond Chestplate [Fire Protection IV, Unbreaking III] for $1,200.00 on survie_new
[19:47:20] [ITEM_LISTED]: Kaam98 listed 1x Diamond Chestplate [Fire Protection IV, Unbreaking III] for $1,200.00 on survie_new
[19:47:22] [ITEM_LISTED]: Kaam98 listed 1x Diamond Chestplate [Fire Protection IV, Unbreaking III] for $1,200.00 on survie_new
[20:24:59] [ITEM_SOLD]: ExE_MethyloR sold 1x Diamond Sword to  [Sweeping Edge III]_Hipix_ for $100.00 on End
[20:25:13] [ITEM_SOLD]: Kaam98 sold 1x Diamond Sword to  [Knockback II, Sharpness IV]_Hipix_ for $500.00 on survie_new
[20:25:23] [ITEM_SOLD]: Kaam98 sold 1x Diamond Pickaxe to  [Fortune III]_Hipix_ for $1,200.00 on survie_new
[20:25:25] [ITEM_SOLD]: Kaam98 sold 1x Diamond Pickaxe to  [Efficiency III, Fortune II]_Hipix_ for $1,000.00 on survie_new
[20:25:44] [ITEM_SOLD]: Kaam98 sold 1x Diamond Sword to  [Knockback II, Looting III, Sharpness IV]_Hipix_ for $1,100.00 on survie_new
[20:44:55] [ITEM_SOLD]: lonely_knight sold 1x Enchanted Book to Cylou49 for $3,000.00 on spawn
[20:54:18] [ITEM_SOLD]: Kaam98 sold 1x Diamond Pickaxe to  [Unbreaking II]_Hipix_ for $200.00 on survie_new
[21:01:30] [ITEM_SOLD]: Kaam98 sold 1x Diamond Sword to  [Bane of Arthropods IV, Knockback II, Looting II]Hydrenoir for $300.00 on survie_new
[21:27:32] [ITEM_LISTED]: Haru_M listed 1x Heart Of The Sea for $1,000.00 on Ressource
[21:44:10] [ITEM_LISTED]: blocux listed 5x Emerald for $250.00 on spawn
[22:07:04] [ITEM_LISTED]: Haru_M listed 1x Cooked Porkchop for $10.00 on Ressource
[22:07:11] [ITEM_LISTED]: Piltrax listed 1x Wet Sponge for $5,000.00 on Ressource
[22:07:55] [ITEM_LISTED]: Flacabon listed 1x Golden Horse Armor for $100,000.00 on spawn
[22:09:03] [ITEM_CANCELLED]: Flacabon cancelled an auction for 1x Golden Horse Armor for $100,000.00 on spawn
[22:09:28] [ITEM_RETURNED]: Returned 1x Golden Horse Armor to Flacabon on spawn
[22:12:14] [ITEM_LISTED]: Flacabon listed 1x Golden Horse Armor for $8,000.00 on spawn
[22:16:59] [ITEM_LISTED]: Flacabon listed 1x [Zombie Spawner] for $50,000.00 on spawn
[22:21:57] [ITEM_SOLD]: H_Caw sold 8x Iron Block to Hikariio for $800.00 on survie_new
[22:23:12] [ITEM_SOLD]: H_Caw sold 16x Coal Block to Hikariio for $500.00 on survie_new
[22:23:14] [ITEM_SOLD]: H_Caw sold 8x Iron Block to Hikariio for $800.00 on survie_new
[22:23:27] [ITEM_SOLD]: H_Caw sold 16x Coal Block to Hikariio for $500.00 on survie_new
[22:24:57] [ITEM_LISTED]: lonely_knight listed 1x Enchanted Book for $3,000.00 on spawn
[22:25:33] [ITEM_SOLD]: lonely_knight sold 1x Enchanted Book to Piltrax for $3,000.00 on spawn
[22:26:28] [ITEM_LISTED]: Kaam98 listed 1x Name Tag for $500.00 on survie_new
[22:26:36] [ITEM_SOLD]: Kaam98 sold 1x Diamond Pickaxe to  [Efficiency III]Haru_M for $400.00 on survie_new
[22:26:40] [ITEM_SOLD]: Haru_M sold 1x Heart Of The Sea to Pseudal__ for $1,000.00 on Ressource
[23:07:13] [ITEM_CANCELLED]: Flacabon cancelled an auction for 1x Golden Horse Armor for $8,000.00 on spawn
[23:07:15] [ITEM_CANCELLED]: Flacabon cancelled an auction for 1x [Zombie Spawner] for $50,000.00 on spawn
[23:07:23] [ITEM_RETURNED]: Returned 1x [Zombie Spawner] to Flacabon on spawn
[23:07:24] [ITEM_RETURNED]: Returned 1x Golden Horse Armor to Flacabon on spawn
[23:08:18] [ITEM_LISTED]: Flacabon listed 1x [Zombie Spawner] for $30,000.00 on spawn
[23:08:50] [ITEM_LISTED]: Flacabon listed 1x Golden Horse Armor for $3,500.00 on spawn
[23:29:21] [ITEM_LISTED]: lonely_knight listed 1x Enchanted Book for $3,000.00 on spawn
[23:31:01] [ITEM_CANCELLED]: Haru_M cancelled an auction for 12x Book for $100.00 on survie_new
[23:31:03] [ITEM_CANCELLED]: Haru_M cancelled an auction for 1x Cooked Porkchop for $10.00 on Ressource
[23:32:23] [ITEM_LISTED]: Hydrenoir listed 10x Book for $300.00 on Ressource
[23:32:35] [ITEM_SOLD]: Hydrenoir sold 10x Book to Haru_M for $300.00 on Ressource
