[00:07:04] [ITEM_LISTED]: Gorilla1991 vend 64 x Iron Ore  pour 7,000.00β sur survie_new
[00:08:16] [ITEM_SOLD]: HeFk vendu 64 x Anvil à  SeiyaDxD pour 2,000.00 β le survie_new
[10:13:00] [ITEM_SOLD]: LLIcocoman_Hrz vendu 21 x Obsidian à  EclaRaft pour 300.00 β le survie_new
[10:14:15] [ITEM_SOLD]: Zougless vendu 64 x Spruce Log à  EclaRaft pour 450.00 β le survie_new
[10:59:31] [ITEM_SOLD]: SSLLOOTTHH vendu 1 x Elytra à  [Unbreaking III] EclaRaft pour 9,000.00 β le survie_new
[11:28:27] [ITEM_SOLD]: amnotte vendu 64 x Sugar Cane à  EclaRaft pour 110.00 β le survie_new
[11:57:03] [ITEM_LISTED]: Bouletotor vend 64 x Iron Ore  pour 7,500.00β sur survie_new
[11:57:18] [ITEM_CANCELLED]: Bouletotor annule la vente de 64x Coal Ore pour 750.00β sur survie_new
[11:57:18] [ITEM_CANCELLED]: Bouletotor annule la vente de 64x Bone pour 300.00β sur survie_new
[11:57:19] [ITEM_CANCELLED]: Bouletotor annule la vente de 64x Iron Ore pour 7,500.00β sur survie_new
[11:57:20] [ITEM_CANCELLED]: Bouletotor annule la vente de 1x T'es pauvre xD pour 1,000.00β sur survie_new
[11:57:30] [ITEM_RETURNED]: 64 x Coal Ore  renvoyé à Bouletotor le survie_new
[11:57:30] [ITEM_RETURNED]: 64 x Bone  renvoyé à Bouletotor le survie_new
[11:57:31] [ITEM_RETURNED]: 64 x Iron Ore  renvoyé à Bouletotor le survie_new
[11:57:31] [ITEM_RETURNED]: 1 x T'es pauvre xD  renvoyé à Bouletotor le survie_new
[11:57:37] [ITEM_LISTED]: Bouletotor vend 64 x Coal Ore  pour 250.00β sur survie_new
[11:57:45] [ITEM_LISTED]: Bouletotor vend 64 x Bone  pour 100.00β sur survie_new
[11:57:50] [ITEM_LISTED]: Bouletotor vend 64 x Iron Ore  pour 7,500.00β sur survie_new
[11:57:53] [ITEM_LISTED]: Bouletotor vend 1 x T'es pauvre xD  pour 1.00β sur survie_new
[13:04:37] [ITEM_LISTED]: Bouletotor vend 64 x Iron Ore  pour 7,500.00β sur survie_new
[13:04:42] [ITEM_LISTED]: Bouletotor vend 64 x Iron Ore  pour 8,000.00β sur survie_new
[14:15:06] [ITEM_SOLD]: Bertrand vendu 64 x Sugar Cane à  never_oveur pour 200.00 β le survie_new
[14:15:38] [ITEM_LISTED]: Bertrand vend 64 x Sugar Cane  pour 200.00β sur survie_new
[14:15:43] [ITEM_LISTED]: Bertrand vend 64 x Sugar Cane  pour 200.00β sur survie_new
[14:27:10] [ITEM_DROPPED]: Abandon de la vente IntegraleEpice expirée de 1 x Leather Chestplate  pour 0.00β à leurs pieds le survie_new
[14:27:10] [ITEM_DROPPED]: Abandon de la vente IntegraleEpice expirée de 1 x Leather Chestplate  pour 0.00β à leurs pieds le survie_new
[14:27:10] [ITEM_DROPPED]: Abandon de la vente IntegraleEpice expirée de 1 x Leather Chestplate  pour 0.00β à leurs pieds le survie_new
[14:27:10] [ITEM_DROPPED]: Abandon de la vente IntegraleEpice expirée de 1 x Leather Horse Armor  pour 0.00β à leurs pieds le survie_new
[15:34:46] [ITEM_LISTED]: Tiyi vend 1 x Enchanted Book  pour 5,500.00β sur survie_new
[15:50:50] [ITEM_SOLD]: amnotte vendu 64 x Sugar Cane à  cleo_craft pour 110.00 β le survie_new
[15:51:12] [ITEM_SOLD]: OfCourse vendu 47 x Melon Seeds à  cleo_craft pour 50.00 β le survie_new
[16:28:59] [ITEM_SOLD]: SSLLOOTTHH vendu 1 x Enchanted Book à  GMK001 pour 7,000.00 β le survie_new
[16:41:14] [ITEM_SOLD]: Bertrand vendu 64 x Cocoa Beans à  SSLLOOTTHH pour 300.00 β le survie_new
[17:32:21] [ITEM_SOLD]: amnotte vendu 1 x §;§:Spawner à Arraigné 1x à  eric2a pour 3,000.00 β le survie_new
[17:51:02] [ITEM_SOLD]: OfCourse vendu 64 x Baked Potato à  Foudy0 pour 100.00 β le survie_new
[18:06:00] [ITEM_SOLD]: Nadreel vendu 1 x Epée à  [Looting II, Sharpness V, Unbreaking II] black_Bear105 pour 5,600.00 β le survie_new
[18:21:14] [ITEM_LISTED]: Christophe_ vend 1 x Enchanted Book  pour 2,500.00β sur survie_new
[18:21:20] [ITEM_SOLD]: Christophe_ vendu 1 x Enchanted Book à  Yohan81 pour 2,500.00 β le survie_new
[18:57:31] [ITEM_SOLD]: Tiyi vendu 1 x Enchanted Book à  LiKaneH pour 5,500.00 β le survie_new
[19:12:47] [ITEM_SOLD]: 74Matt vendu 1 x Epée à  [Looting II, Sharpness V, Unbreaking II] Gorilla1991 pour 7,000.00 β le survie_new
[19:15:09] [ITEM_SOLD]: amnotte vendu 49 x Pumpkin à  yokianderson pour 500.00 β le survie_new
[20:09:30] [ITEM_SOLD]: Bertrand vendu 64 x Sugar Cane à  Zarbikop pour 200.00 β le survie_new
[20:09:42] [ITEM_SOLD]: Bouletotor vendu 64 x Bone à  Zarbikop pour 100.00 β le survie_new
[20:12:19] [ITEM_SOLD]: Chacalus vendu 1 x §;§:Spawner à Arraigné 1x à  Zarbikop pour 4,000.00 β le survie_new
[20:20:33] [ITEM_SOLD]: Zougless vendu 64 x Spruce Log à  SSLLOOTTHH pour 450.00 β le survie_new
[20:20:38] [ITEM_SOLD]: Zougless vendu 64 x Spruce Log à  SSLLOOTTHH pour 450.00 β le survie_new
[21:02:31] [ITEM_LISTED]: limastic vend 64 x Cooked Porkchop  pour 1.00β sur survie_new
[21:02:33] [ITEM_LISTED]: limastic vend 64 x Cooked Porkchop  pour 1.00β sur survie_new
[21:02:35] [ITEM_LISTED]: limastic vend 64 x Cooked Porkchop  pour 1.00β sur survie_new
[21:02:42] [ITEM_LISTED]: limastic vend 64 x Cooked Porkchop  pour 1.00β sur survie_new
[21:02:44] [ITEM_LISTED]: limastic vend 52 x Cooked Porkchop  pour 1.00β sur survie_new
[21:02:46] [ITEM_LISTED]: limastic vend 64 x Cooked Porkchop  pour 1.00β sur survie_new
[21:02:48] [ITEM_LISTED]: limastic vend 64 x Cooked Porkchop  pour 1.00β sur survie_new
[21:02:51] [ITEM_LISTED]: limastic vend 64 x Cooked Porkchop  pour 1.00β sur survie_new
[21:02:54] [ITEM_LISTED]: limastic vend 64 x Cooked Porkchop  pour 1.00β sur survie_new
[21:04:04] [ITEM_LISTED]: Tiyi vend 1 x Enchanted Book  pour 5,900.00β sur survie_new
[21:04:09] [ITEM_LISTED]: Tiyi vend 1 x Enchanted Book  pour 5,900.00β sur survie_new
[21:05:20] [ITEM_LISTED]: limastic vend 64 x Cooked Beef  pour 1.00β sur survie_new
[21:05:22] [ITEM_LISTED]: limastic vend 64 x Leather  pour 1.00β sur survie_new
[21:05:24] [ITEM_LISTED]: limastic vend 64 x Leather  pour 1.00β sur survie_new
[21:05:25] [ITEM_LISTED]: limastic vend 64 x Beef  pour 1.00β sur survie_new
[21:05:32] [ITEM_LISTED]: limastic vend 64 x Rotten Flesh  pour 1.00β sur survie_new
[21:05:34] [ITEM_LISTED]: limastic vend 64 x Leather  pour 1.00β sur survie_new
[21:05:35] [ITEM_LISTED]: limastic vend 7 x Beef  pour 1.00β sur survie_new
[21:05:37] [ITEM_LISTED]: limastic vend 47 x Cooked Beef  pour 1.00β sur survie_new
[21:05:43] [ITEM_LISTED]: limastic vend 64 x Beef  pour 1.00β sur survie_new
[21:05:45] [ITEM_LISTED]: limastic vend 64 x Beef  pour 1.00β sur survie_new
[21:05:47] [ITEM_LISTED]: limastic vend 53 x Leather  pour 1.00β sur survie_new
[21:05:48] [ITEM_LISTED]: limastic vend 64 x Leather  pour 1.00β sur survie_new
[21:05:53] [ITEM_LISTED]: limastic vend 4 x Chicken  pour 1.00β sur survie_new
[21:05:56] [ITEM_LISTED]: limastic vend 64 x Cooked Beef  pour 1.00β sur survie_new
[21:05:58] [ITEM_LISTED]: limastic vend 64 x Cooked Beef  pour 1.00β sur survie_new
[21:06:08] [ITEM_SOLD]: limastic vendu 64 x Leather à  Tiyi pour 1.00 β le survie_new
[21:06:11] [ITEM_SOLD]: limastic vendu 64 x Leather à  Tiyi pour 1.00 β le survie_new
[21:06:14] [ITEM_SOLD]: limastic vendu 53 x Leather à  Tiyi pour 1.00 β le survie_new
[21:06:22] [ITEM_RETURNED]: 1 x Panel d'outil  renvoyé à limastic le survie_new
[21:06:25] [ITEM_SOLD]: limastic vendu 47 x Cooked Beef à  Tiyi pour 1.00 β le survie_new
[21:06:28] [ITEM_SOLD]: limastic vendu 64 x Cooked Beef à  Tiyi pour 1.00 β le survie_new
[21:06:40] [ITEM_SOLD]: limastic vendu 64 x Cooked Beef à  Tiyi pour 1.00 β le survie_new
[21:06:44] [ITEM_SOLD]: limastic vendu 64 x Leather à  Tiyi pour 1.00 β le survie_new
[21:06:51] [ITEM_SOLD]: limastic vendu 64 x Cooked Beef à  Tiyi pour 1.00 β le survie_new
[21:06:54] [ITEM_SOLD]: limastic vendu 64 x Cooked Porkchop à  Tiyi pour 1.00 β le survie_new
[21:06:57] [ITEM_SOLD]: limastic vendu 64 x Cooked Porkchop à  Tiyi pour 1.00 β le survie_new
[21:07:06] [ITEM_SOLD]: limastic vendu 64 x Leather à  Tiyi pour 1.00 β le survie_new
[21:07:13] [ITEM_SOLD]: limastic vendu 64 x Cooked Porkchop à  Tiyi pour 1.00 β le survie_new
[21:07:15] [ITEM_SOLD]: limastic vendu 64 x Cooked Porkchop à  Tiyi pour 1.00 β le survie_new
[21:07:20] [ITEM_SOLD]: limastic vendu 52 x Cooked Porkchop à  Tiyi pour 1.00 β le survie_new
[21:07:31] [ITEM_SOLD]: limastic vendu 64 x Beef à  Tiyi pour 1.00 β le survie_new
[21:07:33] [ITEM_SOLD]: limastic vendu 64 x Beef à  Tiyi pour 1.00 β le survie_new
[21:08:09] [ITEM_SOLD]: limastic vendu 64 x Beef à  Tiyi pour 1.00 β le survie_new
[21:08:12] [ITEM_SOLD]: limastic vendu 7 x Beef à  Tiyi pour 1.00 β le survie_new
[21:08:25] [ITEM_SOLD]: limastic vendu 64 x Cooked Porkchop à  Tiyi pour 1.00 β le survie_new
[21:08:29] [ITEM_SOLD]: limastic vendu 64 x Cooked Porkchop à  Tiyi pour 1.00 β le survie_new
[21:08:32] [ITEM_SOLD]: limastic vendu 64 x Cooked Porkchop à  Tiyi pour 1.00 β le survie_new
[21:08:35] [ITEM_SOLD]: limastic vendu 64 x Cooked Porkchop à  Tiyi pour 1.00 β le survie_new
[22:28:59] [ITEM_SOLD]: limastic vendu 64 x Rotten Flesh à  Tiyi pour 1.00 β le survie_new
[22:40:53] [ITEM_SOLD]: Blazd vendu 1 x Golden Sword à  [Sharpness VIII] Zarbikop pour 500.00 β le survie_new
[22:58:22] [ITEM_SOLD]: HeFk vendu 1 x Diamond Pickaxe à  [Efficiency V, Fortune II, Unbreaking III] Zarbikop pour 6,500.00 β le survie_new
[23:59:03] [ITEM_SOLD]: amnotte vendu 16 x Bamboo à  Zarbikop pour 25.00 β le survie_new
