[15:09:18] [ITEM_LISTED]: 74Matt vend 2 x Pomme  pour 2,000.00β sur survie_new
[15:10:27] [ITEM_LISTED]: 74Matt vend 5 x Perle  pour 800.00β sur survie_new
[15:40:47] [ITEM_LISTED]: Yohan81 vend 64 x Leather  pour 150.00β sur survie_new
[15:40:49] [ITEM_LISTED]: Yohan81 vend 64 x Leather  pour 150.00β sur survie_new
[15:40:57] [ITEM_LISTED]: Yohan81 vend 64 x Beef  pour 100.00β sur survie_new
[15:41:00] [ITEM_LISTED]: Yohan81 vend 64 x Beef  pour 100.00β sur survie_new
[15:41:02] [ITEM_LISTED]: Yohan81 vend 64 x Beef  pour 100.00β sur survie_new
[15:41:10] [ITEM_LISTED]: Yohan81 vend 59 x Leather  pour 147.00β sur survie_new
[15:41:17] [ITEM_LISTED]: Yohan81 vend 18 x Beef  pour 20.00β sur survie_new
[15:57:11] [ITEM_LISTED]: Kaio_Beninou vend 1 x Enchanted Book  pour 20,000.00β sur survie_new
[18:05:35] [ITEM_LISTED]: Christophe_ vend 1 x Enchanted Book  pour 5,000.00β sur survie_new
[18:05:36] [ITEM_LISTED]: Christophe_ vend 1 x Enchanted Book  pour 5,000.00β sur survie_new
[18:05:43] [ITEM_LISTED]: Christophe_ vend 1 x Enchanted Book  pour 5,000.00β sur survie_new
[18:05:45] [ITEM_LISTED]: Christophe_ vend 1 x Enchanted Book  pour 5,000.00β sur survie_new
[18:05:49] [ITEM_LISTED]: Christophe_ vend 1 x Enchanted Book  pour 5,000.00β sur survie_new
[18:05:50] [ITEM_LISTED]: Christophe_ vend 1 x Enchanted Book  pour 5,000.00β sur survie_new
[18:06:02] [ITEM_SOLD]: Christophe_ vendu 1 x Enchanted Book à  pikatchou82 pour 5,000.00 β le survie_new
[19:43:36] [ITEM_LISTED]: Mboubou vend 64 x Spruce Log  pour 1,500.00β sur survie_new
[20:02:13] [ITEM_DROPPED]: Abandon de la vente Yohan81 expirée de 1 x Saddle  pour 0.00β à leurs pieds le survie_new
[20:02:36] [ITEM_LISTED]: Yohan81 vend 1 x Saddle  pour 50.00β sur survie_new
[22:30:56] [ITEM_SOLD]: Yohan81 vendu 64 x Leather à  _Nesta pour 150.00 β le survie_new
[22:31:00] [ITEM_SOLD]: Yohan81 vendu 64 x Beef à  Zougless pour 100.00 β le survie_new
[22:31:01] [ITEM_SOLD]: Yohan81 vendu 64 x Beef à  Zougless pour 100.00 β le survie_new
[22:31:03] [ITEM_SOLD]: Yohan81 vendu 64 x Beef à  Zougless pour 100.00 β le survie_new
[22:31:06] [ITEM_SOLD]: 74Matt vendu 64 x Cooked Beef à  Zougless pour 100.00 β le survie_new
[22:31:08] [ITEM_SOLD]: 74Matt vendu 64 x Cooked Beef à  Zougless pour 100.00 β le survie_new
[22:31:09] [ITEM_SOLD]: 74Matt vendu 64 x Cooked Beef à  Zougless pour 100.00 β le survie_new
[22:31:15] [ITEM_SOLD]: Yohan81 vendu 59 x Leather à  Zougless pour 147.00 β le survie_new
[22:31:17] [ITEM_SOLD]: Yohan81 vendu 64 x Leather à  Zougless pour 150.00 β le survie_new
[22:31:24] [ITEM_SOLD]: Yohan81 vendu 18 x Beef à  Zougless pour 20.00 β le survie_new
[22:31:40] [ITEM_SOLD]: hugoleb vendu 64 x Cooked Porkchop à  Zougless pour 50.00 β le survie_new
[22:31:54] [ITEM_SOLD]: xerinou vendu 64 x Cooked Porkchop à  Zougless pour 50.00 β le survie_new
[22:31:55] [ITEM_SOLD]: xerinou vendu 64 x Cooked Porkchop à  Zougless pour 50.00 β le survie_new
[22:31:57] [ITEM_SOLD]: xerinou vendu 64 x Cooked Porkchop à  Zougless pour 50.00 β le survie_new
[22:31:59] [ITEM_SOLD]: xerinou vendu 64 x Cooked Porkchop à  Zougless pour 50.00 β le survie_new
[22:32:02] [ITEM_SOLD]: xerinou vendu 64 x Cooked Porkchop à  Zougless pour 50.00 β le survie_new
[22:32:36] [ITEM_SOLD]: xerinou vendu 64 x Cooked Porkchop à  Zougless pour 50.00 β le survie_new
[22:32:38] [ITEM_SOLD]: xerinou vendu 64 x Cooked Porkchop à  Zougless pour 50.00 β le survie_new
[22:32:40] [ITEM_SOLD]: xerinou vendu 64 x Cooked Porkchop à  Zougless pour 50.00 β le survie_new
[23:12:44] [ITEM_LISTED]: Bertrand vend 1 x Music Disc Cat  pour 400.00β sur survie_new
