[00:11:44] [ITEM_LISTED]: Kaam98 listed 1x Enchanted Book for $4,000.00 on survie_new
[00:48:29] [ITEM_LISTED]: Pseudal__ listed 1x Fishing Rod [unknown, Lure II, Mending, Unbreaking III] for $4,000.00 on survie_new
[01:30:19] [ITEM_LISTED]: lonely_knight listed 1x Enchanted Book for $5,000.00 on survie_new
[01:30:40] [ITEM_LISTED]: lonely_knight listed 1x Enchanted Book for $3,000.00 on survie_new
[01:37:58] [ITEM_LISTED]: lonely_knight listed 32x Sea Lantern for $4,000.00 on survie_new
[02:30:13] [ITEM_SOLD]: Kaam98 sold 1x Enchanted Book to Vengeur2005 for $4,000.00 on survie_new
[09:38:46] [ITEM_LISTED]: CapitaineNiamor listed 1x Diamond Pickaxe [Efficiency IV, Fortune II] for $1,500.00 on survie_new
[11:00:16] [ITEM_LISTED]: The_Wiz_D listed 1x [Cave spider Spawner] for $7,500.00 on survie_new
[11:00:34] [ITEM_CANCELLED]: The_Wiz_D cancelled an auction for 1x [Cave spider Spawner] for $10,000.00 on survie_new
[11:00:34] [ITEM_CANCELLED]: The_Wiz_D cancelled an auction for 1x [Zombie Spawner] for $10,000.00 on survie_new
[11:00:35] [ITEM_CANCELLED]: The_Wiz_D cancelled an auction for 1x [Cave spider Spawner] for $10,000.00 on survie_new
[11:00:37] [ITEM_RETURNED]: Returned 1x [Cave spider Spawner] to The_Wiz_D on survie_new
[11:00:37] [ITEM_RETURNED]: Returned 1x [Cave spider Spawner] to The_Wiz_D on survie_new
[11:00:38] [ITEM_RETURNED]: Returned 1x [Zombie Spawner] to The_Wiz_D on survie_new
[11:00:45] [ITEM_LISTED]: The_Wiz_D listed 1x [Cave spider Spawner] for $7,500.00 on survie_new
[11:00:47] [ITEM_LISTED]: The_Wiz_D listed 1x [Zombie Spawner] for $7,500.00 on survie_new
[11:00:49] [ITEM_LISTED]: The_Wiz_D listed 1x [Cave spider Spawner] for $7,500.00 on survie_new
[11:48:33] [ITEM_LISTED]: Kaio_Beninou listed 1x Brown Mushroom for $5.00 on survie_new
[11:48:44] [ITEM_LISTED]: Kaio_Beninou listed 1x Apple for $10.00 on survie_new
[11:48:54] [ITEM_SOLD]: CapitaineNiamor sold 1x Diamond Pickaxe to  [Efficiency IV, Fortune II]bluebraze for $1,500.00 on survie_new
[11:48:59] [ITEM_SOLD]: thariaka sold 16x Leather to bluebraze for $300.00 on Ressource
[11:49:00] [ITEM_SOLD]: thariaka sold 16x Leather to bluebraze for $300.00 on Ressource
[11:49:01] [ITEM_SOLD]: thariaka sold 16x Leather to bluebraze for $300.00 on Ressource
[11:49:55] [ITEM_SOLD]: Kaio_Beninou sold 1x Apple to matxo for $10.00 on survie_new
[11:49:57] [ITEM_SOLD]: Kaio_Beninou sold 1x Brown Mushroom to matxo for $5.00 on survie_new
[12:57:28] [ITEM_LISTED]: thariaka listed 1x Diamond Chestplate [Blast Protection IV, Unbreaking III] for $500.00 on survie_new
[12:57:47] [ITEM_SOLD]: mayte_ sold 1x Diamond Chestplate to thariaka for $150.00 on survie_new
[12:59:58] [ITEM_LISTED]: thariaka listed 16x Leather for $300.00 on survie_new
[13:00:03] [ITEM_LISTED]: thariaka listed 16x Leather for $300.00 on survie_new
[13:00:07] [ITEM_LISTED]: thariaka listed 16x Leather for $300.00 on survie_new
[13:00:11] [ITEM_LISTED]: thariaka listed 16x Leather for $300.00 on survie_new
[13:00:16] [ITEM_LISTED]: thariaka listed 16x Leather for $300.00 on survie_new
[13:00:18] [ITEM_LISTED]: thariaka listed 16x Leather for $300.00 on survie_new
[13:00:20] [ITEM_LISTED]: thariaka listed 16x Leather for $300.00 on survie_new
[13:00:22] [ITEM_LISTED]: thariaka listed 16x Leather for $300.00 on survie_new
[13:00:29] [ITEM_LISTED]: thariaka listed 16x Leather for $300.00 on survie_new
[13:00:32] [ITEM_LISTED]: thariaka listed 16x Leather for $300.00 on survie_new
[13:00:34] [ITEM_LISTED]: thariaka listed 16x Leather for $300.00 on survie_new
[13:00:36] [ITEM_LISTED]: thariaka listed 16x Leather for $300.00 on survie_new
[13:00:40] [ITEM_LISTED]: thariaka listed 16x Leather for $300.00 on survie_new
[13:00:43] [ITEM_LISTED]: thariaka listed 16x Leather for $300.00 on survie_new
[13:00:44] [ITEM_LISTED]: thariaka listed 16x Leather for $300.00 on survie_new
[13:00:46] [ITEM_LISTED]: thariaka listed 16x Leather for $300.00 on survie_new
[13:51:53] [ITEM_SOLD]: thariaka sold 16x Cooked Beef to D4rk_Wolf_07 for $100.00 on Ressource
[13:54:50] [ITEM_SOLD]: lonely_knight sold 1x Enchanted Book to D4rk_Wolf_07 for $3,000.00 on survie_new
[14:02:27] [ITEM_SOLD]: Kaio_Beninou sold 10x Slime Ball to Reicky for $2,000.00 on spawn
[14:02:49] [ITEM_LISTED]: lonely_knight listed 1x Enchanted Book for $3,000.00 on survie_new
[14:22:40] [ITEM_SOLD]: mayte_ sold 1x Diamond Chestplate to thariaka for $150.00 on survie_new
[14:27:35] [ITEM_LISTED]: thariaka listed 1x Diamond Chestplate [Protection IV] for $800.00 on survie_new
[14:32:20] [ITEM_LISTED]: thariaka listed 1x Diamond Chestplate [Protection IV] for $800.00 on survie_new
[14:40:42] [ITEM_SOLD]: Kaam98 sold 1x Diamond Sword to  [Fire Aspect II, Looting III, Smite IV]D4rk_Wolf_07 for $1,100.00 on survie_new
[14:44:35] [ITEM_SOLD]: mayte_ sold 1x Diamond Chestplate to LDM26 for $150.00 on survie_new
[14:45:23] [ITEM_SOLD]: mayte_ sold 1x Diamond Chestplate to cocotaz for $150.00 on survie_new
[15:10:09] [ITEM_SOLD]: thariaka sold 1x Diamond Chestplate to  [Protection IV]D4rk_Wolf_07 for $800.00 on survie_new
[15:10:56] [ITEM_SOLD]: CapitaineNiamor sold 1x Diamond Leggings to  [Protection IV]Panchito_Vargas for $1,000.00 on survie_new
[15:11:42] [ITEM_SOLD]: thariaka sold 1x Diamond Chestplate to  [Protection IV]Mania6z for $800.00 on survie_new
[15:12:11] [ITEM_SOLD]: Piltrax sold 1x Diamond Chestplate to  [Unbreaking I]Mania6z for $100.00 on spawn
[15:14:10] [ITEM_SOLD]: Axernon sold 1x Minecart to Mania6z for $30.00 on spawn
[15:14:22] [ITEM_SOLD]: Axernon sold 3x Activator Rail to Panchito_Vargas for $20.00 on spawn
[15:14:40] [ITEM_SOLD]: H_Caw sold 8x Iron Block to Mania6z for $800.00 on survie_new
[15:14:51] [ITEM_SOLD]: thariaka sold 16x Cooked Mutton to Panchito_Vargas for $80.00 on Ressource
[15:20:44] [ITEM_SOLD]: CapitaineNiamor sold 1x Diamond Helmet to  [Curse of Binding, Protection IV]Panchito_Vargas for $500.00 on survie_new
[15:30:35] [ITEM_LISTED]: Kaam98 listed 1x Apple for $5.00 on survie_new
[15:30:47] [ITEM_SOLD]: Kaam98 sold 1x Apple to matxo for $5.00 on survie_new
[15:31:58] [ITEM_LISTED]: matxo listed 1x Enchanted Book for $1,250.00 on survie_new
[15:46:43] [ITEM_SOLD]: thariaka sold 16x Cooked Mutton to D4rk_Wolf_07 for $80.00 on Ressource
[15:46:45] [ITEM_SOLD]: thariaka sold 16x Cooked Mutton to D4rk_Wolf_07 for $80.00 on Ressource
[15:46:47] [ITEM_SOLD]: thariaka sold 16x Cooked Mutton to D4rk_Wolf_07 for $80.00 on Ressource
[15:46:53] [ITEM_SOLD]: thariaka sold 16x Cooked Mutton to D4rk_Wolf_07 for $80.00 on Ressource
[15:57:02] [ITEM_CANCELLED]: mayte_ cancelled an auction for 1x Cobblestone for $2,500.00 on survie_new
[15:57:03] [ITEM_CANCELLED]: mayte_ cancelled an auction for 1x Cobblestone for $2,500.00 on survie_new
[15:57:03] [ITEM_CANCELLED]: mayte_ cancelled an auction for 1x Cobblestone for $2,500.00 on survie_new
[15:57:03] [ITEM_CANCELLED]: mayte_ cancelled an auction for 1x Cobblestone for $2,500.00 on survie_new
[15:57:04] [ITEM_CANCELLED]: mayte_ cancelled an auction for 1x Cobblestone for $2,500.00 on survie_new
[15:57:04] [ITEM_CANCELLED]: mayte_ cancelled an auction for 1x Cobblestone for $2,500.00 on survie_new
[15:57:05] [ITEM_CANCELLED]: mayte_ cancelled an auction for 1x Cobblestone for $2,500.00 on survie_new
[15:57:05] [ITEM_CANCELLED]: mayte_ cancelled an auction for 1x Diamond Chestplate for $150.00 on survie_new
[15:57:06] [ITEM_CANCELLED]: mayte_ cancelled an auction for 1x Cobblestone for $2,500.00 on survie_new
[15:57:07] [ITEM_CANCELLED]: mayte_ cancelled an auction for 1x Cobblestone for $2,500.00 on survie_new
[15:57:12] [ITEM_RETURNED]: Returned 1x Diamond Chestplate to mayte_ on survie_new
[15:57:16] [ITEM_LISTED]: mayte_ listed 1x Diamond Chestplate for $125.00 on survie_new
[15:58:13] [ITEM_LISTED]: Pseudal__ listed 1x Enchanted Book for $3,000.00 on survie_new
[15:58:23] [ITEM_LISTED]: Pseudal__ listed 1x Enchanted Book for $2,000.00 on survie_new
[15:58:30] [ITEM_LISTED]: Pseudal__ listed 1x Enchanted Book for $5,000.00 on survie_new
[16:00:31] [ITEM_LISTED]: Kaam98 listed 1x Elytra [Mending] for $15,000.00 on survie_new
[16:01:20] [ITEM_LISTED]: mayte_ listed 1x Elytra for $7,000.00 on survie_new
[16:01:39] [ITEM_CANCELLED]: mayte_ cancelled an auction for 1x Elytra for $7,000.00 on survie_new
[16:01:40] [ITEM_RETURNED]: Returned 1x Elytra to mayte_ on survie_new
[16:01:45] [ITEM_LISTED]: mayte_ listed 1x Elytra for $6,999.00 on survie_new
[16:01:50] [ITEM_SOLD]: mayte_ sold 1x Elytra to _Hipix_ for $6,999.00 on survie_new
[16:03:58] [ITEM_LISTED]: Piltrax listed 1x Enchanted Book for $4,000.00 on survie_new
[16:06:44] [ITEM_SOLD]: Piltrax sold 1x Enchanted Book to mayte_ for $4,000.00 on survie_new
[16:16:11] [ITEM_SOLD]: lonely_knight sold 1x Enchanted Book to Vengeur2005 for $3,000.00 on survie_new
[16:16:32] [ITEM_SOLD]: matxo sold 1x Enchanted Book to Vengeur2005 for $1,250.00 on survie_new
[16:22:37] [ITEM_LISTED]: mayte_ listed 1x Elytra for $7,000.00 on survie_new
[16:22:39] [ITEM_LISTED]: mayte_ listed 1x Elytra for $7,000.00 on survie_new
[16:22:41] [ITEM_LISTED]: mayte_ listed 1x Elytra for $7,000.00 on survie_new
[16:22:42] [ITEM_LISTED]: mayte_ listed 1x Elytra for $7,000.00 on survie_new
[16:24:28] [ITEM_SOLD]: mayte_ sold 1x Elytra to Pseudal__ for $7,000.00 on survie_new
[16:31:39] [ITEM_SOLD]: Kaam98 sold 1x Diamond Chestplate to  [Fire Protection IV, Unbreaking III]Lordva for $1,200.00 on survie_new
[16:31:41] [ITEM_SOLD]: Haru_M sold 64x Quartz Block to Lordva for $1,000.00 on Ressource
[16:31:46] [ITEM_SOLD]: Kaam98 sold 1x Diamond Sword to  [Bane of Arthropods IV, Knockback II]Lordva for $250.00 on survie_new
[16:38:22] [ITEM_SOLD]: Pseudal__ sold 1x Fishing Rod to  [unknown, Lure II, Mending, Unbreaking III]jos807 for $4,000.00 on survie_new
[16:39:24] [ITEM_SOLD]: Pseudal__ sold 1x Enchanted Book to Draiikow for $3,000.00 on survie_new
[16:39:53] [ITEM_SOLD]: mayte_ sold 1x Elytra to jos807 for $7,000.00 on survie_new
[16:47:27] [ITEM_SOLD]: mayte_ sold 1x Elytra to _Victor2 for $7,000.00 on survie_new
[17:39:43] [ITEM_LISTED]: D4rk_Wolf_07 listed 64x Cobweb for $900.00 on Ressource
[17:40:26] [ITEM_LISTED]: D4rk_Wolf_07 listed 1x [Cave spider Spawner] for $3,000.00 on Ressource
[17:41:36] [ITEM_LISTED]: D4rk_Wolf_07 listed 1x [Cave spider Spawner] for $3,000.00 on Ressource
[17:45:44] [ITEM_LISTED]: Kaam98 listed 1x Enchanted Book for $2,000.00 on survie_new
[17:51:20] [ITEM_SOLD]: Kaam98 sold 1x Enchanted Book to omega2028 for $2,000.00 on survie_new
[17:57:45] [ITEM_CANCELLED]: The_Wiz_D cancelled an auction for 1x Diamond Horse Armor for $100.00 on survie_new
[17:57:45] [ITEM_CANCELLED]: The_Wiz_D cancelled an auction for 1x Golden Horse Armor for $50.00 on survie_new
[17:57:45] [ITEM_CANCELLED]: The_Wiz_D cancelled an auction for 1x Golden Horse Armor for $50.00 on survie_new
[17:57:46] [ITEM_CANCELLED]: The_Wiz_D cancelled an auction for 1x Iron Horse Armor for $20.00 on survie_new
[17:57:46] [ITEM_CANCELLED]: The_Wiz_D cancelled an auction for 1x Iron Horse Armor for $20.00 on survie_new
[17:57:46] [ITEM_CANCELLED]: The_Wiz_D cancelled an auction for 1x Golden Horse Armor for $50.00 on survie_new
[17:57:46] [ITEM_CANCELLED]: The_Wiz_D cancelled an auction for 1x [Cave spider Spawner] for $7,500.00 on survie_new
[17:57:46] [ITEM_CANCELLED]: The_Wiz_D cancelled an auction for 1x [Zombie Spawner] for $7,500.00 on survie_new
[17:57:46] [ITEM_CANCELLED]: The_Wiz_D cancelled an auction for 1x [Cave spider Spawner] for $7,500.00 on survie_new
[17:57:47] [ITEM_CANCELLED]: The_Wiz_D cancelled an auction for 1x [Cave spider Spawner] for $7,500.00 on survie_new
[17:57:47] [ITEM_CANCELLED]: The_Wiz_D cancelled an auction for 1x Iron Horse Armor for $20.00 on survie_new
[17:57:47] [ITEM_CANCELLED]: The_Wiz_D cancelled an auction for 1x Iron Horse Armor for $20.00 on survie_new
[17:57:48] [ITEM_CANCELLED]: The_Wiz_D cancelled an auction for 1x Golden Horse Armor for $50.00 on survie_new
[17:57:50] [ITEM_RETURNED]: Returned 1x Iron Horse Armor to The_Wiz_D on survie_new
[17:57:50] [ITEM_RETURNED]: Returned 1x [Cave spider Spawner] to The_Wiz_D on survie_new
[17:57:50] [ITEM_RETURNED]: Returned 1x Diamond Horse Armor to The_Wiz_D on survie_new
[17:57:50] [ITEM_RETURNED]: Returned 1x Golden Horse Armor to The_Wiz_D on survie_new
[17:57:50] [ITEM_RETURNED]: Returned 1x Iron Horse Armor to The_Wiz_D on survie_new
[17:57:51] [ITEM_RETURNED]: Returned 1x Golden Horse Armor to The_Wiz_D on survie_new
[17:57:51] [ITEM_RETURNED]: Returned 1x Iron Horse Armor to The_Wiz_D on survie_new
[17:57:51] [ITEM_RETURNED]: Returned 1x Golden Horse Armor to The_Wiz_D on survie_new
[17:57:51] [ITEM_RETURNED]: Returned 1x [Cave spider Spawner] to The_Wiz_D on survie_new
[17:57:51] [ITEM_RETURNED]: Returned 1x [Zombie Spawner] to The_Wiz_D on survie_new
[17:57:51] [ITEM_RETURNED]: Returned 1x [Cave spider Spawner] to The_Wiz_D on survie_new
[17:57:52] [ITEM_RETURNED]: Returned 1x Iron Horse Armor to The_Wiz_D on survie_new
[17:57:52] [ITEM_RETURNED]: Returned 1x Golden Horse Armor to The_Wiz_D on survie_new
[18:00:38] [ITEM_LISTED]: The_Wiz_D listed 1x Diamond Pickaxe [Efficiency IV, Unbreaking III] for $5,500.00 on spawn
[18:17:49] [ITEM_CANCELLED]: mayte_ cancelled an auction for 3x Name Tag for $1,500.00 on survie_new
[18:17:51] [ITEM_RETURNED]: Returned 3x Name Tag to mayte_ on survie_new
[18:22:58] [ITEM_LISTED]: ExE_MethyloR listed 1x Iron Chestplate [Protection IV, Unbreaking III] for $200.00 on End
[18:23:11] [ITEM_LISTED]: ExE_MethyloR listed 1x Iron Pickaxe [Efficiency III, Mending, Silk Touch, Unbreaking III] for $500.00 on End
[18:25:20] [ITEM_LISTED]: Eraton listed 22x Quartz for $20,000.00 on Nether
[18:25:24] [ITEM_SOLD]: Eraton sold 22x Quartz to ExE_MethyloR for $20,000.00 on Nether
[18:25:37] [ITEM_LISTED]: Draiikow listed 1x Ominous Banner for $250.00 on survie_new
[18:29:04] [ITEM_CANCELLED]: The_Wiz_D cancelled an auction for 1x Diamond Pickaxe [Efficiency IV, Unbreaking III] for $5,500.00 on spawn
[18:29:06] [ITEM_RETURNED]: Returned 1x Diamond Pickaxe [Efficiency IV, Unbreaking III] to The_Wiz_D on spawn
[18:29:11] [ITEM_LISTED]: LDM26 listed 1x Melon Slice for $2,500.00 on survie_new
[18:29:18] [ITEM_LISTED]: The_Wiz_D listed 1x Diamond Pickaxe [Efficiency IV, Unbreaking III] for $2,000.00 on survie_new
[18:29:21] [ITEM_LISTED]: The_Wiz_D listed 1x Diamond Pickaxe [Efficiency IV, Unbreaking III] for $2,000.00 on survie_new
[18:29:30] [ITEM_SOLD]: LDM26 sold 1x Melon Slice to lucy2006 for $2,500.00 on survie_new
[18:29:49] [ITEM_LISTED]: The_Wiz_D listed 1x [Cave spider Spawner] for $2,000.00 on survie_new
[18:29:50] [ITEM_LISTED]: The_Wiz_D listed 1x [Cave spider Spawner] for $2,000.00 on survie_new
[18:29:55] [ITEM_LISTED]: The_Wiz_D listed 1x [Cave spider Spawner] for $2,000.00 on survie_new
[18:39:55] [ITEM_SOLD]: Kaam98 sold 1x Diamond Helmet to  [Aqua Affinity, Fire Protection III]TrefleZ for $500.00 on survie_new
[18:43:07] [ITEM_LISTED]: omega2028 listed 1x Heart Of The Sea for $19,500.00 on Ressource
[18:44:14] [ITEM_LISTED]: The_Wiz_D listed 1x [Zombie Spawner] for $5,000.00 on survie_new
[18:44:16] [ITEM_LISTED]: The_Wiz_D listed 1x [Blaze Spawner] for $5,000.00 on survie_new
[18:57:12] [ITEM_SOLD]: thariaka sold 16x Cooked Beef to TrefleZ for $100.00 on Ressource
[19:03:05] [ITEM_LISTED]: mayte_ listed 1x Enchanted Golden Apple for $20,000.00 on survie_new
[19:03:49] [ITEM_LISTED]: mayte_ listed 1x Dad for $200.00 on survie_new
[19:09:22] [ITEM_LISTED]: The_Wiz_D listed 15x Blaze Rod for $30.00 on spawn
[19:14:35] [ITEM_LISTED]: The_Wiz_D listed 15x Blaze Rod for $30.00 on survie_new
[19:15:23] [ITEM_SOLD]: Kaam98 sold 3x Wither Skeleton Skull to mayte_ for $12,000.00 on spawn
[19:16:22] [ITEM_LISTED]: The_Wiz_D listed 15x Blaze Rod for $30.00 on survie_new
[19:33:13] [ITEM_CANCELLED]: The_Wiz_D cancelled an auction for 15x Blaze Rod for $30.00 on survie_new
[19:33:13] [ITEM_CANCELLED]: The_Wiz_D cancelled an auction for 15x Blaze Rod for $30.00 on spawn
[19:33:14] [ITEM_CANCELLED]: The_Wiz_D cancelled an auction for 15x Blaze Rod for $30.00 on survie_new
[19:33:16] [ITEM_RETURNED]: Returned 15x Blaze Rod to The_Wiz_D on survie_new
[19:33:16] [ITEM_RETURNED]: Returned 15x Blaze Rod to The_Wiz_D on survie_new
[19:33:17] [ITEM_RETURNED]: Returned 15x Blaze Rod to The_Wiz_D on spawn
[19:38:39] [ITEM_SOLD]: thariaka sold 16x Leather to Nexusso for $300.00 on survie_new
[19:48:44] [ITEM_LISTED]: The_Wiz_D listed 1x Diamond Pickaxe [Efficiency IV] for $1,000.00 on survie_new
[19:49:09] [ITEM_LISTED]: The_Wiz_D listed 1x Diamond Pickaxe [Efficiency IV, Fortune III] for $2,000.00 on survie_new
[19:50:04] [ITEM_SOLD]: Haru_M sold 64x Quartz Block to NewKiller31 for $1,000.00 on Ressource
[19:50:59] [ITEM_CANCELLED]: The_Wiz_D cancelled an auction for 1x Diamond Pickaxe [Efficiency IV, Fortune III] for $2,000.00 on survie_new
[19:51:01] [ITEM_RETURNED]: Returned 1x Diamond Pickaxe [Efficiency IV, Fortune III] to The_Wiz_D on survie_new
[19:51:09] [ITEM_LISTED]: The_Wiz_D listed 1x Diamond Pickaxe [Efficiency IV, Fortune III] for $1,500.00 on survie_new
[19:51:16] [ITEM_SOLD]: The_Wiz_D sold 1x Diamond Pickaxe to  [Efficiency IV, Fortune III]omega2028 for $1,500.00 on survie_new
[20:26:46] [ITEM_LISTED]: Hikariio listed 4x [Cave spider Spawner] for $12,000.00 on spawn
[20:47:14] [ITEM_LISTED]: mayte_ listed 1x Shulker Box for $5,000.00 on survie_new
[20:47:16] [ITEM_LISTED]: mayte_ listed 1x Shulker Box for $5,000.00 on survie_new
[21:04:23] [ITEM_LISTED]: Devain57 listed 1x [Cave spider Spawner] for $3,500.00 on spawn
[21:28:00] [ITEM_SOLD]: The_Wiz_D sold 1x [Cave spider Spawner] to Pseudal__ for $2,000.00 on survie_new
[21:58:44] [ITEM_LISTED]: The_Wiz_D listed 1x Diamond Pickaxe [Efficiency III, Unbreaking III] for $650.00 on survie_new
[21:59:31] [ITEM_LISTED]: mayte_ listed 1x Cod Bucket for $500.00 on survie_new
[21:59:49] [ITEM_SOLD]: mayte_ sold 1x Cod Bucket to Pseudal__ for $500.00 on survie_new
[22:00:36] [ITEM_LISTED]: Kaam98 listed 1x Diamond Pickaxe [Efficiency IV, Fortune III, Unbreaking III] for $5,000.00 on survie_new
