[00:13:13] [ITEM_LISTED]: Stebanou vend 64 x Dark Oak Log  pour 500.00β sur survie_new
[00:13:16] [ITEM_LISTED]: Stebanou vend 64 x Dark Oak Log  pour 500.00β sur survie_new
[00:13:17] [ITEM_LISTED]: Stebanou vend 64 x Dark Oak Log  pour 500.00β sur survie_new
[00:13:25] [ITEM_LISTED]: Stebanou vend 64 x Dark Oak Log  pour 500.00β sur survie_new
[00:13:31] [ITEM_LISTED]: Stebanou vend 64 x Dark Oak Log  pour 500.00β sur survie_new
[00:13:40] [ITEM_LISTED]: Stebanou vend 64 x Dark Oak Log  pour 400.00β sur survie_new
[00:13:42] [ITEM_LISTED]: Stebanou vend 64 x Dark Oak Log  pour 400.00β sur survie_new
[00:13:44] [ITEM_LISTED]: Stebanou vend 64 x Dark Oak Log  pour 400.00β sur survie_new
[00:13:47] [ITEM_LISTED]: Stebanou vend 64 x Dark Oak Log  pour 400.00β sur survie_new
[00:13:49] [ITEM_LISTED]: Stebanou vend 64 x Dark Oak Log  pour 400.00β sur survie_new
[00:13:51] [ITEM_LISTED]: Stebanou vend 64 x Dark Oak Log  pour 400.00β sur survie_new
[00:13:54] [ITEM_SOLD]: Stebanou vendu 64 x Dark Oak Log à  omega2028 pour 400.00 β le survie_new
[00:13:55] [ITEM_SOLD]: Stebanou vendu 64 x Dark Oak Log à  omega2028 pour 400.00 β le survie_new
[00:13:56] [ITEM_SOLD]: Stebanou vendu 64 x Dark Oak Log à  omega2028 pour 400.00 β le survie_new
[00:13:57] [ITEM_SOLD]: Stebanou vendu 64 x Dark Oak Log à  omega2028 pour 400.00 β le survie_new
[00:13:58] [ITEM_SOLD]: Stebanou vendu 64 x Dark Oak Log à  omega2028 pour 400.00 β le survie_new
[00:13:59] [ITEM_SOLD]: Stebanou vendu 64 x Dark Oak Log à  omega2028 pour 400.00 β le survie_new
[00:13:59] [ITEM_SOLD]: Stebanou vendu 64 x Dark Oak Log à  omega2028 pour 500.00 β le survie_new
[00:14:00] [ITEM_SOLD]: Stebanou vendu 64 x Dark Oak Log à  omega2028 pour 500.00 β le survie_new
[00:14:01] [ITEM_SOLD]: Stebanou vendu 64 x Dark Oak Log à  omega2028 pour 500.00 β le survie_new
[00:14:02] [ITEM_SOLD]: Stebanou vendu 64 x Dark Oak Log à  omega2028 pour 500.00 β le survie_new
[00:14:03] [ITEM_SOLD]: Stebanou vendu 64 x Dark Oak Log à  omega2028 pour 500.00 β le survie_new
[01:44:55] [ITEM_LISTED]: Darinor_ vend 1 x Totem Of Undying  pour 1,000.00β sur survie_new
[13:06:25] [ITEM_LISTED]: pikatchou82 vend 64 x Anvil  pour 1,000.00β sur survie_new
[13:06:27] [ITEM_LISTED]: pikatchou82 vend 64 x Anvil  pour 1,000.00β sur survie_new
[13:06:29] [ITEM_LISTED]: pikatchou82 vend 64 x Anvil  pour 1,000.00β sur survie_new
[13:10:52] [ITEM_LISTED]: pikatchou82 vend 64 x Anvil  pour 1,000.00β sur survie_new
[13:10:54] [ITEM_LISTED]: pikatchou82 vend 64 x Anvil  pour 1,000.00β sur survie_new
[13:10:57] [ITEM_LISTED]: pikatchou82 vend 64 x Anvil  pour 1,000.00β sur survie_new
[13:10:59] [ITEM_LISTED]: pikatchou82 vend 64 x Anvil  pour 1,000.00β sur survie_new
[13:11:01] [ITEM_LISTED]: pikatchou82 vend 64 x Anvil  pour 1,000.00β sur survie_new
[13:19:26] [ITEM_SOLD]: Stebanou vendu 1 x Shulker Box à  Isaorya pour 2,500.00 β le survie_new
[13:23:33] [ITEM_LISTED]: Stebanou vend 64 x Birch Log  pour 500.00β sur survie_new
[13:23:35] [ITEM_LISTED]: Stebanou vend 64 x Spruce Log  pour 500.00β sur survie_new
[13:23:36] [ITEM_LISTED]: Stebanou vend 64 x Acacia Log  pour 500.00β sur survie_new
[13:23:38] [ITEM_LISTED]: Stebanou vend 64 x Spruce Log  pour 500.00β sur survie_new
[13:23:40] [ITEM_LISTED]: Stebanou vend 64 x Jungle Log  pour 500.00β sur survie_new
[13:23:41] [ITEM_LISTED]: Stebanou vend 64 x Dark Oak Log  pour 500.00β sur survie_new
[13:23:43] [ITEM_LISTED]: Stebanou vend 64 x Oak Log  pour 500.00β sur survie_new
[13:23:44] [ITEM_LISTED]: Stebanou vend 64 x Oak Log  pour 500.00β sur survie_new
[13:23:46] [ITEM_LISTED]: Stebanou vend 64 x Dark Oak Log  pour 500.00β sur survie_new
[13:24:04] [ITEM_LISTED]: Stebanou vend 64 x Jungle Log  pour 500.00β sur survie_new
[13:24:06] [ITEM_LISTED]: Stebanou vend 64 x Birch Log  pour 500.00β sur survie_new
[13:24:07] [ITEM_LISTED]: Stebanou vend 64 x Acacia Log  pour 500.00β sur survie_new
[13:27:32] [ITEM_LISTED]: pikatchou82 vend 64 x Clock  pour 1,000.00β sur survie_new
[13:27:34] [ITEM_LISTED]: pikatchou82 vend 64 x Clock  pour 1,000.00β sur survie_new
[13:27:37] [ITEM_LISTED]: pikatchou82 vend 64 x Clock  pour 1,000.00β sur survie_new
[13:27:39] [ITEM_LISTED]: pikatchou82 vend 64 x Clock  pour 1,000.00β sur survie_new
[13:27:41] [ITEM_LISTED]: pikatchou82 vend 64 x Clock  pour 1,000.00β sur survie_new
[13:27:44] [ITEM_LISTED]: pikatchou82 vend 64 x Clock  pour 1,000.00β sur survie_new
[13:27:46] [ITEM_LISTED]: pikatchou82 vend 64 x Clock  pour 1,000.00β sur survie_new
[13:27:48] [ITEM_LISTED]: pikatchou82 vend 64 x Clock  pour 1,000.00β sur survie_new
[13:27:50] [ITEM_LISTED]: pikatchou82 vend 48 x Clock  pour 1,000.00β sur survie_new
[13:27:58] [ITEM_LISTED]: pikatchou82 vend 64 x Clock  pour 1,000.00β sur survie_new
[13:30:46] [ITEM_CANCELLED]: Stebanou annule la vente de 64x Acacia Log pour 500.00β sur survie_new
[13:30:47] [ITEM_CANCELLED]: Stebanou annule la vente de 64x Jungle Log pour 500.00β sur survie_new
[13:30:47] [ITEM_CANCELLED]: Stebanou annule la vente de 64x Birch Log pour 500.00β sur survie_new
[13:30:47] [ITEM_CANCELLED]: Stebanou annule la vente de 64x Dark Oak Log pour 500.00β sur survie_new
[13:30:47] [ITEM_CANCELLED]: Stebanou annule la vente de 64x Oak Log pour 500.00β sur survie_new
[13:30:48] [ITEM_CANCELLED]: Stebanou annule la vente de 64x Oak Log pour 500.00β sur survie_new
[13:30:48] [ITEM_CANCELLED]: Stebanou annule la vente de 64x Dark Oak Log pour 500.00β sur survie_new
[13:30:48] [ITEM_CANCELLED]: Stebanou annule la vente de 64x Jungle Log pour 500.00β sur survie_new
[13:30:48] [ITEM_CANCELLED]: Stebanou annule la vente de 64x Spruce Log pour 500.00β sur survie_new
[13:30:48] [ITEM_CANCELLED]: Stebanou annule la vente de 64x Acacia Log pour 500.00β sur survie_new
[13:30:48] [ITEM_CANCELLED]: Stebanou annule la vente de 64x Spruce Log pour 500.00β sur survie_new
[13:30:49] [ITEM_CANCELLED]: Stebanou annule la vente de 64x Birch Log pour 500.00β sur survie_new
[13:30:50] [ITEM_RETURNED]: 64 x Birch Log  renvoyé à Stebanou le survie_new
[13:30:50] [ITEM_RETURNED]: 64 x Spruce Log  renvoyé à Stebanou le survie_new
[13:30:51] [ITEM_RETURNED]: 64 x Acacia Log  renvoyé à Stebanou le survie_new
[13:30:51] [ITEM_RETURNED]: 64 x Spruce Log  renvoyé à Stebanou le survie_new
[13:30:51] [ITEM_RETURNED]: 64 x Jungle Log  renvoyé à Stebanou le survie_new
[13:30:51] [ITEM_RETURNED]: 64 x Dark Oak Log  renvoyé à Stebanou le survie_new
[13:30:51] [ITEM_RETURNED]: 64 x Oak Log  renvoyé à Stebanou le survie_new
[13:30:51] [ITEM_RETURNED]: 64 x Oak Log  renvoyé à Stebanou le survie_new
[13:30:51] [ITEM_RETURNED]: 64 x Dark Oak Log  renvoyé à Stebanou le survie_new
[13:30:51] [ITEM_RETURNED]: 64 x Birch Log  renvoyé à Stebanou le survie_new
[13:30:52] [ITEM_RETURNED]: 64 x Jungle Log  renvoyé à Stebanou le survie_new
[13:30:52] [ITEM_RETURNED]: 64 x Acacia Log  renvoyé à Stebanou le survie_new
[13:31:02] [ITEM_LISTED]: Stebanou vend 64 x Birch Log  pour 260.00β sur survie_new
[13:31:04] [ITEM_LISTED]: Stebanou vend 64 x Birch Log  pour 260.00β sur survie_new
[13:31:07] [ITEM_LISTED]: Stebanou vend 64 x Spruce Log  pour 260.00β sur survie_new
[13:31:09] [ITEM_LISTED]: Stebanou vend 64 x Spruce Log  pour 260.00β sur survie_new
[13:31:14] [ITEM_LISTED]: Stebanou vend 64 x Jungle Log  pour 260.00β sur survie_new
[13:31:15] [ITEM_LISTED]: Stebanou vend 64 x Jungle Log  pour 260.00β sur survie_new
[13:31:32] [ITEM_LISTED]: Stebanou vend 64 x Dark Oak Log  pour 260.00β sur survie_new
[13:31:34] [ITEM_LISTED]: Stebanou vend 64 x Dark Oak Log  pour 260.00β sur survie_new
[13:31:35] [ITEM_LISTED]: Stebanou vend 64 x Oak Log  pour 260.00β sur survie_new
[13:31:37] [ITEM_LISTED]: Stebanou vend 64 x Oak Log  pour 260.00β sur survie_new
[13:31:38] [ITEM_LISTED]: Stebanou vend 64 x Acacia Log  pour 260.00β sur survie_new
[13:31:39] [ITEM_LISTED]: Stebanou vend 64 x Acacia Log  pour 260.00β sur survie_new
[13:37:41] [ITEM_LISTED]: LicorneZX vend 10 x Dispenser  pour 1,000.00β sur survie_new
[14:09:12] [ITEM_SOLD]: Stebanou vendu 64 x Acacia Log à  pikatchou82 pour 260.00 β le survie_new
[14:09:14] [ITEM_SOLD]: Stebanou vendu 64 x Oak Log à  pikatchou82 pour 260.00 β le survie_new
[14:09:15] [ITEM_SOLD]: Stebanou vendu 64 x Dark Oak Log à  pikatchou82 pour 260.00 β le survie_new
[14:09:16] [ITEM_SOLD]: Stebanou vendu 64 x Jungle Log à  pikatchou82 pour 260.00 β le survie_new
[14:09:17] [ITEM_SOLD]: Stebanou vendu 64 x Spruce Log à  pikatchou82 pour 260.00 β le survie_new
[14:09:19] [ITEM_SOLD]: Stebanou vendu 64 x Jungle Log à  pikatchou82 pour 260.00 β le survie_new
[14:12:53] [ITEM_LISTED]: Loan02 vend 30 x Diamond  pour 2,750.00β sur survie_new
[14:13:06] [ITEM_SOLD]: Loan02 vendu 30 x Diamond à  pikatchou82 pour 2,750.00 β le survie_new
[14:13:12] [ITEM_LISTED]: Loan02 vend 38 x Iron Ingot  pour 600.00β sur survie_new
[14:13:25] [ITEM_SOLD]: Loan02 vendu 38 x Iron Ingot à  pikatchou82 pour 600.00 β le survie_new
[14:15:10] [ITEM_LISTED]: pikatchou82 vend 64 x Jukebox  pour 1,000.00β sur survie_new
[14:15:15] [ITEM_LISTED]: pikatchou82 vend 64 x Jukebox  pour 1,000.00β sur survie_new
[14:15:20] [ITEM_LISTED]: pikatchou82 vend 64 x Jukebox  pour 1,000.00β sur survie_new
[14:15:31] [ITEM_LISTED]: Loan02 vend 32 x Diamond  pour 3,500.00β sur survie_new
[14:16:24] [ITEM_SOLD]: Loan02 vendu 32 x Diamond à  pikatchou82 pour 3,500.00 β le survie_new
[14:24:25] [ITEM_LISTED]: Loan02 vend 1 x Chicken Spawn Egg  pour 5,000.00β sur survie_new
[14:24:36] [ITEM_SOLD]: Loan02 vendu 1 x Chicken Spawn Egg à  CroixVeBaton pour 5,000.00 β le survie_new
[14:26:18] [ITEM_LISTED]: pikatchou82 vend 1 x Orc  pour 45,000.00β sur survie_new
[14:26:39] [ITEM_SOLD]: pikatchou82 vendu 1 x Orc à  CroixVeBaton pour 45,000.00 β le survie_new
[14:31:25] [ITEM_LISTED]: Loan02 vend 1 x Quartz Ч  pour 35,100.00β sur survie_new
[14:31:30] [ITEM_SOLD]: Loan02 vendu 1 x Quartz Ч à  CroixVeBaton pour 35,100.00 β le survie_new
[14:31:41] [ITEM_SOLD]: pikatchou82 vendu 64 x Anvil à  Ekiliox pour 1,000.00 β le survie_new
[14:32:30] [ITEM_LISTED]: Ekiliox vend 64 x Dark Oak Log  pour 250.00β sur survie_new
[14:32:33] [ITEM_LISTED]: Ekiliox vend 64 x Dark Oak Log  pour 250.00β sur survie_new
[14:32:35] [ITEM_LISTED]: Ekiliox vend 64 x Oak Log  pour 250.00β sur survie_new
[14:32:38] [ITEM_LISTED]: Ekiliox vend 64 x Acacia Log  pour 250.00β sur survie_new
[14:32:39] [ITEM_LISTED]: Ekiliox vend 64 x Dark Oak Log  pour 250.00β sur survie_new
[14:32:41] [ITEM_LISTED]: Ekiliox vend 64 x Acacia Log  pour 250.00β sur survie_new
[14:32:43] [ITEM_LISTED]: Ekiliox vend 64 x Birch Log  pour 250.00β sur survie_new
[14:32:45] [ITEM_LISTED]: Ekiliox vend 64 x Dark Oak Log  pour 250.00β sur survie_new
[14:32:48] [ITEM_LISTED]: Ekiliox vend 64 x Spruce Log  pour 250.00β sur survie_new
[14:32:51] [ITEM_LISTED]: Ekiliox vend 64 x Dark Oak Log  pour 250.00β sur survie_new
[14:40:14] [ITEM_SOLD]: Ekiliox vendu 64 x Spruce Log à  LicorneZX pour 250.00 β le survie_new
[14:41:50] [ITEM_LISTED]: Ekiliox vend 64 x Bois Premium™ Made in Langesthei  pour 400.00β sur survie_new
[14:45:25] [ITEM_SOLD]: Ekiliox vendu 64 x Oak Log à  LicorneZX pour 250.00 β le survie_new
[15:00:19] [ITEM_LISTED]: LLIcocoman_Hrz vend 8 x Sponge  pour 1,000.00β sur survie_new
[15:02:19] [ITEM_LISTED]: LLIcocoman_Hrz vend 8 x Sponge  pour 1,000.00β sur survie_new
[15:02:29] [ITEM_LISTED]: LLIcocoman_Hrz vend 1 x Dolphin Spawn Egg  pour 2,000.00β sur survie_new
[15:05:27] [ITEM_LISTED]: LicorneZX vend 12 x Oak Fence  pour 1.00β sur survie_new
[15:06:06] [ITEM_SOLD]: LLIcocoman_Hrz vendu 1 x Dolphin Spawn Egg à  pikatchou82 pour 2,000.00 β le survie_new
[15:06:07] [ITEM_SOLD]: LicorneZX vendu 12 x Oak Fence à  pikatchou82 pour 1.00 β le survie_new
[15:14:44] [ITEM_SOLD]: Minebark vendu 1 x Black Shulker Box à  tz_gameur pour 2,500.00 β le survie_new
[15:15:28] [ITEM_SOLD]: Stebanou vendu 64 x Birch Log à  Zeelyrules pour 260.00 β le survie_new
[15:50:18] [ITEM_SOLD]: pikatchou82 vendu 64 x Anvil à  Darinor_ pour 1,000.00 β le survie_new
[16:22:25] [ITEM_LISTED]: Ekiliox vend 1 x Sprite™ Stebanou Flavored  pour 100,000.00β sur survie_new
[16:49:23] [ITEM_LISTED]: Ekiliox vend 64 x VikingWood Premium™ - Langesthei AG  pour 300.00β sur survie_new
[16:58:49] [ITEM_LISTED]: bioniclucas vend 2 x Chicken Spawn Egg  pour 8,000.00β sur survie_new
[16:59:02] [ITEM_LISTED]: bioniclucas vend 2 x Dolphin Spawn Egg  pour 8,000.00β sur survie_new
[17:05:19] [ITEM_SOLD]: bioniclucas vendu 2 x Dolphin Spawn Egg à  CouzVeBaton pour 8,000.00 β le survie_new
[17:05:23] [ITEM_SOLD]: bioniclucas vendu 2 x Chicken Spawn Egg à  CroixVeBaton pour 8,000.00 β le survie_new
[17:08:18] [ITEM_LISTED]: bioniclucas vend 1 x Cogsworth  pour 100,000.00β sur survie_new
[17:12:43] [ITEM_SOLD]: Minebark vendu 1 x Red Shulker Box à  Loan02 pour 2,500.00 β le survie_new
[17:46:11] [ITEM_LISTED]: Darinor_ vend 1 x Capucin Jaune (poisson Commun)  pour 200.00β sur survie_new
[17:59:17] [ITEM_LISTED]: Darinor_ vend 1 x Water Bucket  pour 200.00β sur survie_new
[17:59:25] [ITEM_CANCELLED]: Darinor_ annule la vente de 1x Water Bucket pour 200.00β sur survie_new
[18:00:58] [ITEM_RETURNED]: 1 x Water Bucket  renvoyé à Darinor_ le survie_new
[18:02:55] [ITEM_LISTED]: Darinor_ vend 1 x Frétilleur Magenta Gris clair(Rare)  pour 500.00β sur survie_new
[18:02:57] [ITEM_LISTED]: Darinor_ vend 1 x Héliorai vert clair Bleu (Rare)  pour 500.00β sur survie_new
[18:04:18] [ITEM_LISTED]: Darinor_ vend 3 x Boue  pour 0.00β sur survie_new
[18:44:40] [ITEM_SOLD]: Ekiliox vendu 64 x Dark Oak Log à  LicorneZX pour 250.00 β le survie_new
[19:00:18] [ITEM_SOLD]: Stebanou vendu 1 x Shulker Box à  1622731 pour 2,500.00 β le survie_new
[19:18:01] [ITEM_SOLD]: Stebanou vendu 64 x Spruce Log à  LicorneZX pour 260.00 β le survie_new
[19:19:07] [ITEM_SOLD]: Minebark vendu 1 x Blue Shulker Box à  Loan02 pour 2,500.00 β le survie_new
[19:19:19] [ITEM_SOLD]: Minebark vendu 1 x White Shulker Box à  Loan02 pour 2,500.00 β le survie_new
[19:21:42] [ITEM_LISTED]: LicorneZX vend 64 x Dark Oak Planks  pour 1,000.00β sur survie_new
[19:22:08] [ITEM_LISTED]: LicorneZX vend 64 x Dark Oak Planks  pour 250,000.00β sur survie_new
[19:32:55] [ITEM_LISTED]: Ekiliox vend 1 x Lait du Père Noël Vache !  pour 1,000,000.00β sur survie_new
[19:33:19] [ITEM_CANCELLED]: Ekiliox annule la vente de 1x Lait du Père Noël Vache ! pour 1,000,000.00β sur survie_new
[19:33:21] [ITEM_RETURNED]: 1 x Lait du Père Noël Vache !  renvoyé à Ekiliox le survie_new
[19:33:30] [ITEM_LISTED]: Ekiliox vend 1 x Lait du Père Noël Vache !  pour 420.69β sur survie_new
[19:33:57] [ITEM_SOLD]: Ekiliox vendu 1 x Lait du Père Noël Vache ! à  ekkubb pour 420.69 β le survie_new
[19:53:54] [ITEM_LISTED]: blazou38 vend 1 x MonChérie  pour 150,000.00β sur survie_new
[20:12:56] [ITEM_SOLD]: Stebanou vendu 64 x Oak Log à  LicorneZX pour 260.00 β le survie_new
[20:54:37] [ITEM_LISTED]: Stebanou vend 1 x Purple Backslash  pour 50,000.00β sur survie_new
[22:22:34] [ITEM_CANCELLED]: Stebanou annule la vente de 1x Purple Backslash pour 50,000.00β sur survie_new
[22:22:36] [ITEM_RETURNED]: 1 x Purple Backslash  renvoyé à Stebanou le survie_new
[22:22:50] [ITEM_LISTED]: Stebanou vend 1 x Purple Backslash  pour 35,000.00β sur survie_new
[22:22:54] [ITEM_SOLD]: Stebanou vendu 1 x Purple Backslash à  CroixVeBaton pour 35,000.00 β le survie_new
[22:23:42] [ITEM_LISTED]: Stebanou vend 1 x Poe Dameron  pour 35,000.00β sur survie_new
[22:23:47] [ITEM_SOLD]: Stebanou vendu 1 x Poe Dameron à  CroixVeBaton pour 35,000.00 β le survie_new
[22:38:57] [ITEM_LISTED]: Stebanou vend 5 x Beacon  pour 50,000.00β sur survie_new
[22:39:07] [ITEM_CANCELLED]: Stebanou annule la vente de 5x Beacon pour 50,000.00β sur survie_new
[22:39:09] [ITEM_RETURNED]: 5 x Beacon  renvoyé à Stebanou le survie_new
[23:09:33] [ITEM_SOLD]: Darinor_ vendu 3 x Boue à  Rayan pour 0.00 β le survie_new
[23:30:56] [ITEM_SOLD]: LLIcocoman_Hrz vendu 8 x Sponge à  Christophe_ pour 1,000.00 β le survie_new
[23:30:58] [ITEM_SOLD]: LLIcocoman_Hrz vendu 8 x Sponge à  Christophe_ pour 1,000.00 β le survie_new
[23:33:48] [ITEM_LISTED]: Stebanou vend 1 x Améthiste Polie  pour 20,000.00β sur survie_new
