[01:31:58] [ITEM_SOLD]: Prismohs vendu 64 x Jukebox à  Crak_N pour 200.00 β le survie_new
[07:19:12] [ITEM_SOLD]: CouzVeBaton vendu 1 x Diamond Chestplate à  [Protection IV] Rayan pour 2,500.00 β le survie_new_the_end
[09:01:15] [ITEM_SOLD]: Crak_N vendu 1 x Bee Nest à  The_Ninjaz70 pour 1,000.00 β le survie_new
[09:53:39] [ITEM_LISTED]: The_Ninjaz70 vend 1 x Golden Chestplate  [Protection II, Unbreaking II] pour 1.00β sur survie_new
[09:53:43] [ITEM_LISTED]: The_Ninjaz70 vend 1 x Leather Boots  [Protection III] pour 1.00β sur survie_new
[09:53:51] [ITEM_LISTED]: The_Ninjaz70 vend 1 x Golden Boots  [Protection II] pour 1.00β sur survie_new
[09:53:55] [ITEM_LISTED]: The_Ninjaz70 vend 1 x Chainmail Helmet  pour 1.00β sur survie_new
[09:53:58] [ITEM_LISTED]: The_Ninjaz70 vend 1 x Spruce Sapling  pour 1.00β sur survie_new
[10:32:33] [ITEM_SOLD]: Crak_N vendu 1 x Bee Nest à  OfCourse pour 1,000.00 β le survie_new
[10:35:11] [ITEM_LISTED]: OfCourse vend 1 x Bee Nest  pour 15,000.00β sur survie_new
[10:53:14] [ITEM_LISTED]: OfCourse vend 1 x Podzol  pour 100.00β sur survie_new
[11:10:31] [ITEM_LISTED]: Mrzozoto1919 vend 64 x Bamboo  pour 1,000.00β sur survie_new
[11:10:35] [ITEM_LISTED]: Mrzozoto1919 vend 64 x Bamboo  pour 1,000.00β sur survie_new
[11:10:40] [ITEM_LISTED]: Mrzozoto1919 vend 1 x Diamond Sword  [Sharpness I] pour 1,000.00β sur survie_new
[11:34:31] [ITEM_SOLD]: Trailler_42 vendu 1 x Name Tag à  OfCourse pour 599.00 β le survie_new
[11:45:25] [ITEM_LISTED]: OfCourse vend 1 x Livre pour une création Légendaire  pour 1,000.00β sur survie_new
[11:45:31] [ITEM_LISTED]: OfCourse vend 1 x Larme de Chimère  pour 1,000.00β sur survie_new
[11:45:41] [ITEM_LISTED]: OfCourse vend 1 x Globe de Transformations  pour 1,000.00β sur survie_new
[11:49:21] [ITEM_LISTED]: Trailler_42 vend 7 x Lapis Block  pour 999.00β sur survie_new
[11:56:55] [ITEM_SOLD]: Crak_N vendu 1 x Bee Nest à  xXSmNXx pour 1,000.00 β le survie_new
[12:01:44] [ITEM_SOLD]: OfCourse vendu 1 x Globe de Transformations à  CouzVeBaton pour 1,000.00 β le survie_new
[12:08:00] [ITEM_SOLD]: OfCourse vendu 1 x Larme de Chimère à  CouzVeBaton pour 1,000.00 β le survie_new
[12:08:46] [ITEM_CANCELLED]: Loan02 annule la vente de 1x Nautilus Shell pour 7,000.00β sur survie_new
[12:08:49] [ITEM_RETURNED]: 1 x Nautilus Shell  renvoyé à Loan02 le survie_new
[12:11:34] [ITEM_LISTED]: OfCourse vend 22 x Livre  pour 15,000.00β sur survie_new
[12:11:48] [ITEM_SOLD]: OfCourse vendu 22 x Livre à  Yohan81 pour 15,000.00 β le survie_new
[12:32:10] [ITEM_LISTED]: aidan vend 1 x Casque  [Protection V, Unbreaking V] pour 1,000.00β sur survie_new
[12:32:14] [ITEM_LISTED]: aidan vend 1 x Plastron  [Protection V, Unbreaking V] pour 1,500.00β sur survie_new
[12:32:16] [ITEM_LISTED]: aidan vend 1 x Jambières  [Protection V, Unbreaking V] pour 1,500.00β sur survie_new
[12:32:18] [ITEM_LISTED]: aidan vend 1 x Bottes  [Protection V, Unbreaking V] pour 1,500.00β sur survie_new
[12:32:22] [ITEM_LISTED]: aidan vend 1 x Epée  [Looting II, Sharpness V, Unbreaking II] pour 3,000.00β sur survie_new
[12:33:25] [ITEM_LISTED]: Loan02 vend 1 x Ame  [Sharpness II, Unbreaking II] pour 50.00β sur survie_new
[12:33:40] [ITEM_SOLD]: OfCourse vendu 1 x Livre pour une création Légendaire à  aidan pour 1,000.00 β le survie_new
[12:40:30] [ITEM_SOLD]: Ekiliox vendu 64 x Spruce Log à  omega2028 pour 150.00 β le survie_new
[12:40:31] [ITEM_SOLD]: Ekiliox vendu 64 x Spruce Log à  omega2028 pour 150.00 β le survie_new
[12:40:33] [ITEM_SOLD]: Ekiliox vendu 64 x Spruce Log à  omega2028 pour 150.00 β le survie_new
[12:40:36] [ITEM_SOLD]: Ekiliox vendu 64 x Spruce Log à  omega2028 pour 150.00 β le survie_new
[12:40:38] [ITEM_SOLD]: Ekiliox vendu 64 x Spruce Log à  omega2028 pour 150.00 β le survie_new
[12:40:51] [ITEM_SOLD]: Loan02 vendu 1 x Ame à  [Sharpness II, Unbreaking II] Yohan81 pour 50.00 β le survie_new
[12:41:12] [ITEM_LISTED]: Skullcute vend 53 x Bread  pour 50.00β sur survie_new
[12:41:43] [ITEM_LISTED]: Skullcute vend 32 x Bread  pour 32.00β sur survie_new
[12:49:07] [ITEM_SOLD]: Zeelyrules vendu 1 x Diamond Pickaxe à  [Silk Touch] Crak_N pour 2,000.00 β le survie_new
[13:14:51] [ITEM_CANCELLED]: OfCourse annule la vente de 1x Bee Nest pour 15,000.00β sur survie_new
[13:15:04] [ITEM_RETURNED]: 1 x Bee Nest  renvoyé à OfCourse le survie_new
[13:15:05] [ITEM_RETURNED]: 1 x Partie d'équipement : II  renvoyé à OfCourse le survie_new
[13:15:19] [ITEM_LISTED]: OfCourse vend 1 x Bee Nest  pour 1,500.00β sur survie_new
[13:15:29] [ITEM_LISTED]: OfCourse vend 1 x Partie d'équipement : II  pour 10,000.00β sur survie_new
[13:36:14] [ITEM_SOLD]: OfCourse vendu 1 x Bee Nest à  Isaorya pour 1,500.00 β le survie_new
[13:36:37] [ITEM_SOLD]: Max_Le_Max vendu 1 x Heart Of The Sea à  Isaorya pour 1,250.00 β le survie_new
[13:36:56] [ITEM_SOLD]: Ekiliox vendu 64 x Dark Oak Log à  Isaorya pour 150.00 β le survie_new
[13:36:57] [ITEM_SOLD]: Ekiliox vendu 64 x Jungle Log à  Isaorya pour 150.00 β le survie_new
[13:50:06] [ITEM_SOLD]: Skullcute vendu 32 x Bread à  Isaorya pour 32.00 β le survie_new
[13:51:21] [ITEM_SOLD]: Ekiliox vendu 64 x Spruce Log à  Isaorya pour 150.00 β le survie_new
[13:51:23] [ITEM_SOLD]: Ekiliox vendu 64 x Spruce Log à  Isaorya pour 150.00 β le survie_new
[13:51:24] [ITEM_SOLD]: Ekiliox vendu 64 x Spruce Log à  Isaorya pour 150.00 β le survie_new
[13:51:27] [ITEM_SOLD]: Ekiliox vendu 64 x Spruce Log à  Isaorya pour 150.00 β le survie_new
[13:51:28] [ITEM_SOLD]: Ekiliox vendu 64 x Spruce Log à  Isaorya pour 150.00 β le survie_new
[14:02:47] [ITEM_RETURNED]: 1 x Skeleton Skull  renvoyé à Rayan le survie_new
[14:02:49] [ITEM_RETURNED]: 1 x Skeleton Skull  renvoyé à Rayan le survie_new
[14:02:50] [ITEM_RETURNED]: 1 x Iron Horse Armor  renvoyé à Rayan le survie_new
[14:22:05] [ITEM_LISTED]: Skullcute vend 52 x Rail  pour 50.00β sur survie_new
[14:23:30] [ITEM_LISTED]: OfCourse vend 1 x Ampoule de Génie  pour 10,000.00β sur survie_new
[14:47:01] [ITEM_LISTED]: louloured03 vend 1 x Coffre du 24 Décembre  pour 50,000.00β sur survie_new
[15:35:19] [ITEM_LISTED]: CroixVeBaton vend 64 x Spruce Log  pour 190.00β sur survie_new
[15:35:22] [ITEM_LISTED]: CroixVeBaton vend 64 x Spruce Log  pour 190.00β sur survie_new
[15:35:24] [ITEM_LISTED]: CroixVeBaton vend 64 x Spruce Log  pour 190.00β sur survie_new
[15:35:27] [ITEM_LISTED]: CroixVeBaton vend 64 x Spruce Log  pour 190.00β sur survie_new
[15:35:30] [ITEM_LISTED]: CroixVeBaton vend 64 x Spruce Log  pour 190.00β sur survie_new
[15:35:32] [ITEM_LISTED]: CroixVeBaton vend 64 x Spruce Log  pour 190.00β sur survie_new
[15:35:34] [ITEM_LISTED]: CroixVeBaton vend 64 x Spruce Log  pour 190.00β sur survie_new
[15:35:37] [ITEM_LISTED]: CroixVeBaton vend 64 x Spruce Log  pour 190.00β sur survie_new
[15:35:39] [ITEM_LISTED]: CroixVeBaton vend 64 x Spruce Log  pour 190.00β sur survie_new
[15:35:42] [ITEM_LISTED]: CroixVeBaton vend 64 x Spruce Log  pour 190.00β sur survie_new
[15:35:45] [ITEM_LISTED]: CroixVeBaton vend 64 x Spruce Log  pour 190.00β sur survie_new
[15:35:47] [ITEM_LISTED]: CroixVeBaton vend 64 x Spruce Log  pour 190.00β sur survie_new
[15:35:50] [ITEM_LISTED]: CroixVeBaton vend 64 x Spruce Log  pour 190.00β sur survie_new
[15:36:07] [ITEM_SOLD]: CroixVeBaton vendu 64 x Spruce Log à  omega2028 pour 190.00 β le survie_new
[15:36:08] [ITEM_SOLD]: CroixVeBaton vendu 64 x Spruce Log à  omega2028 pour 190.00 β le survie_new
[15:36:09] [ITEM_SOLD]: CroixVeBaton vendu 64 x Spruce Log à  omega2028 pour 190.00 β le survie_new
[15:36:18] [ITEM_SOLD]: CroixVeBaton vendu 64 x Spruce Log à  omega2028 pour 190.00 β le survie_new
[16:05:14] [ITEM_SOLD]: Rayan vendu 1 x §;§:Spawner à Araignée venimeuse 1x à  omega2028 pour 10,000.00 β le survie_new
[16:05:16] [ITEM_SOLD]: Rayan vendu 1 x §;§:Spawner à Araignée venimeuse 1x à  omega2028 pour 10,000.00 β le survie_new
[16:05:17] [ITEM_SOLD]: LLIcocoman_Hrz vendu 1 x §;§:Spawner à Araignée venimeuse 1x à  omega2028 pour 10,000.00 β le survie_new
[16:05:18] [ITEM_SOLD]: LLIcocoman_Hrz vendu 1 x §;§:Spawner à Araignée venimeuse 1x à  omega2028 pour 10,000.00 β le survie_new
[16:05:53] [ITEM_SOLD]: CroixVeBaton vendu 64 x Spruce Log à  Skullcute pour 190.00 β le survie_new
[16:07:23] [ITEM_SOLD]: Trailler_42 vendu 24 x Gold Ingot à  Skullcute pour 670.00 β le survie_new
[16:23:41] [ITEM_LISTED]: Rayan vend 1 x §;§:Spawner à Zombie 1x  pour 250,000.00β sur survie_new
[16:23:51] [ITEM_CANCELLED]: Rayan annule la vente de 1x §;§:Spawner à Zombie 1x pour 250,000.00β sur survie_new
[16:24:05] [ITEM_RETURNED]: 1 x §;§:Spawner à Zombie 1x  renvoyé à Rayan le survie_new
[16:26:07] [ITEM_LISTED]: Rayan vend 1 x §;§:Spawner à Zombie 1x  pour 15,000.00β sur survie_new
[16:26:14] [ITEM_LISTED]: Rayan vend 1 x §;§:Spawner à Zombie 1x  pour 15,000.00β sur survie_new
[16:58:35] [ITEM_SOLD]: Loan02 vendu 1 x Beehive à  Rayan pour 10,000.00 β le survie_new
[17:01:29] [ITEM_LISTED]: CroixVeBaton vend 64 x Spruce Sapling  pour 1.00β sur survie_new
[17:03:43] [ITEM_SOLD]: CroixVeBaton vendu 64 x Spruce Sapling à  HeFk pour 1.00 β le survie_new
[17:06:18] [ITEM_SOLD]: OfCourse vendu 1 x Ampoule de Génie à  CouzVeBaton pour 10,000.00 β le survie_new
[17:13:10] [ITEM_LISTED]: CouzVeBaton vend 1 x Coffre du 24 Décembre  pour 1,500.00β sur survie_new
[17:13:16] [ITEM_SOLD]: CouzVeBaton vendu 1 x Coffre du 24 Décembre à  blazou38 pour 1,500.00 β le survie_new
[17:14:15] [ITEM_LISTED]: CroixVeBaton vend 1 x Coffre du 24 Décembre  pour 20,000.00β sur survie_new
[17:14:21] [ITEM_LISTED]: CroixVeBaton vend 1 x Poupée Russe  pour 20,000.00β sur survie_new
[17:20:32] [ITEM_SOLD]: The_Ninjaz70 vendu 1 x Golden Boots à  [Protection II] Skullcute pour 1.00 β le survie_new
[17:20:35] [ITEM_SOLD]: The_Ninjaz70 vendu 1 x Golden Chestplate à  [Protection II, Unbreaking II] Skullcute pour 1.00 β le survie_new
[17:22:29] [ITEM_LISTED]: Stebanou vend 1 x Coffre du 24 Décembre  pour 5,000.00β sur survie_new
[17:24:49] [ITEM_LISTED]: Stebanou vend 1 x Epée du Père Fouêtard  [Sharpness X, Sweeping Edge IV, Unbreaking X] pour 50,000.00β sur survie_new
[17:25:12] [ITEM_CANCELLED]: Stebanou annule la vente de 1x Thorsberg [Mending, Protection IV, Unbreaking III] pour 10,000.00β sur survie_new
[17:25:13] [ITEM_RETURNED]: 1 x Thorsberg  [Mending, Protection IV, Unbreaking III] renvoyé à Stebanou le survie_new
[17:35:23] [ITEM_CANCELLED]: ekkubb annule la vente de 1x Diamond Chestplate [Protection IV, Thorns II] pour 7,000.00β sur survie_new
[17:35:32] [ITEM_RETURNED]: 1 x Diamond Chestplate  [Protection IV, Thorns II] renvoyé à ekkubb le survie_new
[17:41:57] [ITEM_SOLD]: aidan vendu 1 x Bottes à  [Protection V, Unbreaking V] louloured03 pour 1,500.00 β le survie_new
[18:02:00] [ITEM_SOLD]: CouzVeBaton vendu 1 x Honey Bottle à  ekkubb pour 500.00 β le survie_new
[18:15:45] [ITEM_SOLD]: CroixVeBaton vendu 64 x Spruce Log à  omega2028 pour 190.00 β le survie_new
[18:15:51] [ITEM_SOLD]: CroixVeBaton vendu 64 x Spruce Log à  omega2028 pour 190.00 β le survie_new
[18:15:53] [ITEM_SOLD]: CroixVeBaton vendu 64 x Spruce Log à  omega2028 pour 190.00 β le survie_new
[18:15:54] [ITEM_SOLD]: CroixVeBaton vendu 64 x Spruce Log à  omega2028 pour 190.00 β le survie_new
[18:37:20] [ITEM_SOLD]: Ekiliox vendu 1 x Kverk à  [Depth Strider III, Protection III, Unbreaking III] Rayan pour 500.00 β le survie_new
[18:47:26] [ITEM_LISTED]: Stebanou vend 2 x Dolphin Spawn Egg  pour 100,000.00β sur survie_new
[18:47:36] [ITEM_CANCELLED]: Stebanou annule la vente de 2x Dolphin Spawn Egg pour 100,000.00β sur survie_new
[18:47:39] [ITEM_RETURNED]: 2 x Dolphin Spawn Egg  renvoyé à Stebanou le survie_new
[18:47:43] [ITEM_LISTED]: Stebanou vend 2 x Dolphin Spawn Egg  pour 10,000.00β sur survie_new
[18:47:46] [ITEM_SOLD]: Stebanou vendu 2 x Dolphin Spawn Egg à  omega2028 pour 10,000.00 β le survie_new
[19:13:51] [ITEM_LISTED]: samdec666 vend 64 x Carrot  pour 1.00β sur survie_new
[19:13:55] [ITEM_LISTED]: samdec666 vend 64 x Carrot  pour 1.00β sur survie_new
[19:13:57] [ITEM_LISTED]: samdec666 vend 64 x Carrot  pour 1.00β sur survie_new
[19:13:59] [ITEM_LISTED]: samdec666 vend 64 x Carrot  pour 1.00β sur survie_new
[19:14:00] [ITEM_LISTED]: samdec666 vend 64 x Carrot  pour 1.00β sur survie_new
[19:14:02] [ITEM_LISTED]: samdec666 vend 64 x Carrot  pour 1.00β sur survie_new
[19:14:04] [ITEM_LISTED]: samdec666 vend 64 x Carrot  pour 1.00β sur survie_new
[19:14:11] [ITEM_LISTED]: samdec666 vend 64 x Carrot  pour 1.00β sur survie_new
[19:14:13] [ITEM_LISTED]: samdec666 vend 64 x Carrot  pour 1.00β sur survie_new
[19:14:14] [ITEM_LISTED]: samdec666 vend 64 x Carrot  pour 1.00β sur survie_new
[19:14:16] [ITEM_LISTED]: samdec666 vend 64 x Carrot  pour 1.00β sur survie_new
[19:14:17] [ITEM_LISTED]: samdec666 vend 64 x Carrot  pour 1.00β sur survie_new
[19:14:19] [ITEM_LISTED]: samdec666 vend 64 x Carrot  pour 1.00β sur survie_new
[19:14:21] [ITEM_LISTED]: samdec666 vend 64 x Carrot  pour 1.00β sur survie_new
[19:14:24] [ITEM_LISTED]: samdec666 vend 64 x Carrot  pour 1.00β sur survie_new
[19:14:25] [ITEM_LISTED]: samdec666 vend 64 x Carrot  pour 1.00β sur survie_new
[19:18:37] [ITEM_SOLD]: CroixVeBaton vendu 64 x Spruce Log à  Zeelyrules pour 190.00 β le survie_new
[19:20:53] [ITEM_LISTED]: Skullcute vend 1 x Enchanted Book  pour 25.00β sur survie_new
[19:29:17] [ITEM_LISTED]: Skullcute vend 5 x Glistering Melon Slice  pour 12.50β sur survie_new
[19:44:30] [ITEM_SOLD]: Zeelyrules vendu 1 x Diamond Pickaxe à  [Silk Touch] djm02 pour 2,000.00 β le survie_new
[19:59:08] [ITEM_SOLD]: Mrzozoto1919 vendu 1 x Diamond Sword à  [Sharpness I] ayaytbs374 pour 1,000.00 β le survie_new
[19:59:28] [ITEM_SOLD]: Trailler_42 vendu 1 x Diamond Leggings à  ayaytbs374 pour 999.00 β le survie_new
[20:10:07] [ITEM_SOLD]: Skullcute vendu 1 x Enchanted Book à  Rayan pour 25.00 β le survie_new
[20:32:12] [ITEM_SOLD]: Rinpyo vendu 64 x Stone à  Isaorya pour 100.00 β le survie_new
[20:55:29] [ITEM_LISTED]: FlyiingSheep vend 1 x Orange Tulip  pour 1,000.00β sur survie_new
[21:09:19] [ITEM_LISTED]: Stebanou vend 10 x Dragon Breath  pour 5.00β sur survie_new
[21:25:02] [ITEM_SOLD]: Ekiliox vendu 32 x Birch Log à  djm02 pour 80.00 β le survie_new
[21:40:47] [ITEM_SOLD]: OfCourse vendu 1 x Podzol à  Stebanou pour 100.00 β le survie_new
[22:26:37] [ITEM_LISTED]: Max_Le_Max vend 1 x Partie d'équipement : I  pour 250.00β sur survie_new
[22:26:41] [ITEM_LISTED]: Max_Le_Max vend 1 x Partie d'équipement : II  pour 250.00β sur survie_new
[22:26:56] [ITEM_LISTED]: Max_Le_Max vend 1 x Partie d'équipement : III  pour 250.00β sur survie_new
[22:26:58] [ITEM_LISTED]: Max_Le_Max vend 1 x Partie d'équipement : IV  pour 250.00β sur survie_new
[22:27:02] [ITEM_LISTED]: Max_Le_Max vend 1 x Partie d'équipement : V  pour 250.00β sur survie_new
[22:27:16] [ITEM_SOLD]: Stebanou vendu 10 x Dragon Breath à  Max_Le_Max pour 5.00 β le survie_new
[22:34:27] [ITEM_SOLD]: pikatchou82 vendu 64 x Anvil à  CroixVeBaton pour 1,000.00 β le survie_new
[22:35:30] [ITEM_RETURNED]: 64 x Dark Oak Log  renvoyé à CroixVeBaton le survie_new
[22:35:32] [ITEM_RETURNED]: 64 x Dark Oak Log  renvoyé à CroixVeBaton le survie_new
[22:35:34] [ITEM_RETURNED]: 64 x Dark Oak Log  renvoyé à CroixVeBaton le survie_new
[22:35:36] [ITEM_RETURNED]: 64 x Dark Oak Log  renvoyé à CroixVeBaton le survie_new
[22:35:36] [ITEM_RETURNED]: 64 x Dark Oak Log  renvoyé à CroixVeBaton le survie_new
[22:35:37] [ITEM_RETURNED]: 64 x Dark Oak Log  renvoyé à CroixVeBaton le survie_new
[22:35:38] [ITEM_RETURNED]: 64 x Dark Oak Log  renvoyé à CroixVeBaton le survie_new
[22:35:39] [ITEM_RETURNED]: 64 x Dark Oak Log  renvoyé à CroixVeBaton le survie_new
[22:35:40] [ITEM_RETURNED]: 64 x Dark Oak Log  renvoyé à CroixVeBaton le survie_new
[22:35:40] [ITEM_RETURNED]: 64 x Dark Oak Log  renvoyé à CroixVeBaton le survie_new
[22:35:41] [ITEM_RETURNED]: 64 x Dark Oak Log  renvoyé à CroixVeBaton le survie_new
[22:35:43] [ITEM_RETURNED]: 64 x Dark Oak Log  renvoyé à CroixVeBaton le survie_new
[22:35:43] [ITEM_RETURNED]: 64 x Dark Oak Log  renvoyé à CroixVeBaton le survie_new
[22:35:43] [ITEM_RETURNED]: 64 x Dark Oak Log  renvoyé à CroixVeBaton le survie_new
[22:35:43] [ITEM_RETURNED]: 64 x Dark Oak Log  renvoyé à CroixVeBaton le survie_new
[22:35:43] [ITEM_RETURNED]: 64 x Dark Oak Log  renvoyé à CroixVeBaton le survie_new
[22:35:43] [ITEM_RETURNED]: 64 x Dark Oak Log  renvoyé à CroixVeBaton le survie_new
[22:35:43] [ITEM_RETURNED]: 64 x Dark Oak Log  renvoyé à CroixVeBaton le survie_new
[22:35:43] [ITEM_RETURNED]: 64 x Dark Oak Log  renvoyé à CroixVeBaton le survie_new
[22:35:43] [ITEM_RETURNED]: 64 x Dark Oak Log  renvoyé à CroixVeBaton le survie_new
[22:35:43] [ITEM_RETURNED]: 64 x Dark Oak Log  renvoyé à CroixVeBaton le survie_new
[22:35:43] [ITEM_RETURNED]: 64 x Dark Oak Log  renvoyé à CroixVeBaton le survie_new
[22:35:43] [ITEM_RETURNED]: 64 x Dark Oak Log  renvoyé à CroixVeBaton le survie_new
[22:35:43] [ITEM_RETURNED]: 64 x Dark Oak Log  renvoyé à CroixVeBaton le survie_new
[22:35:43] [ITEM_RETURNED]: 64 x Dark Oak Log  renvoyé à CroixVeBaton le survie_new
[22:35:43] [ITEM_RETURNED]: 64 x Dark Oak Log  renvoyé à CroixVeBaton le survie_new
[22:35:43] [ITEM_RETURNED]: 64 x Dark Oak Log  renvoyé à CroixVeBaton le survie_new
[23:37:41] [ITEM_LISTED]: CroixVeBaton vend 1 x Diamond Shovel  [Efficiency III, Silk Touch, Unbreaking III] pour 5,000.00β sur survie_new
[23:37:44] [ITEM_LISTED]: CroixVeBaton vend 1 x Diamond Shovel  [Silk Touch] pour 5,000.00β sur survie_new
[23:37:46] [ITEM_LISTED]: CroixVeBaton vend 1 x Diamond Helmet  [Respiration II, Unbreaking III] pour 5,000.00β sur survie_new
[23:37:49] [ITEM_LISTED]: CroixVeBaton vend 1 x Diamond Leggings  [Blast Protection IV, Unbreaking III] pour 5,000.00β sur survie_new
[23:37:51] [ITEM_LISTED]: CroixVeBaton vend 1 x Diamond Helmet  pour 5,000.00β sur survie_new
[23:37:55] [ITEM_LISTED]: CroixVeBaton vend 1 x Elytra  pour 5,000.00β sur survie_new
[23:37:59] [ITEM_LISTED]: CroixVeBaton vend 1 x Elytra  pour 5,000.00β sur survie_new
[23:38:01] [ITEM_LISTED]: CroixVeBaton vend 1 x Elytra  pour 5,000.00β sur survie_new
[23:38:10] [ITEM_LISTED]: CroixVeBaton vend 1 x Bow  [Power IV, Punch II] pour 5,000.00β sur survie_new
[23:38:18] [ITEM_LISTED]: CroixVeBaton vend 1 x Diamond Hoe  [Unbreaking II] pour 5,000.00β sur survie_new
[23:41:09] [ITEM_LISTED]: CroixVeBaton vend 1 x Dragon Head  pour 5,000.00β sur survie_new
[23:41:12] [ITEM_LISTED]: CroixVeBaton vend 1 x Dragon Head  pour 5,000.00β sur survie_new
[23:41:15] [ITEM_LISTED]: CroixVeBaton vend 1 x Dragon Head  pour 5,000.00β sur survie_new
[23:41:17] [ITEM_LISTED]: CroixVeBaton vend 1 x Dragon Head  pour 5,000.00β sur survie_new
[23:41:28] [ITEM_SOLD]: Max_Le_Max vendu 1 x Partie d'équipement : V à  omega2028 pour 250.00 β le survie_new
[23:41:30] [ITEM_SOLD]: Max_Le_Max vendu 1 x Partie d'équipement : IV à  omega2028 pour 250.00 β le survie_new
[23:41:31] [ITEM_SOLD]: Max_Le_Max vendu 1 x Partie d'équipement : III à  omega2028 pour 250.00 β le survie_new
[23:41:32] [ITEM_SOLD]: Max_Le_Max vendu 1 x Partie d'équipement : II à  omega2028 pour 250.00 β le survie_new
[23:41:33] [ITEM_SOLD]: Max_Le_Max vendu 1 x Partie d'équipement : I à  omega2028 pour 250.00 β le survie_new
[23:46:16] [ITEM_SOLD]: CroixVeBaton vendu 1 x Elytra à  omega2028 pour 5,000.00 β le survie_new
[23:53:25] [ITEM_LISTED]: Max_Le_Max vend 1 x Fishing Rod  [unknown, Mending] pour 1,000.00β sur survie_new
[23:53:38] [ITEM_LISTED]: Max_Le_Max vend 1 x Fishing Rod  [Mending] pour 700.00β sur survie_new
