[00:12:46] [ITEM_LISTED]: Fr3nCh_CraFt vend 1 x Tenders KFC  pour 9.00β sur survie_new
[00:15:32] [ITEM_LISTED]: Fr3nCh_CraFt vend 1 x Adidas Gold'style (limited edition)  pour 119.00β sur survie_new
[00:17:27] [ITEM_LISTED]: Fr3nCh_CraFt vend 1 x Nike Air Max 98 (gold remastered)  pour 180.00β sur survie_new
[00:23:19] [ITEM_SOLD]: pimendespelette vendu 64 x Spruce Log à  kalaistar pour 299.00 β le survie_new
[00:23:20] [ITEM_SOLD]: pimendespelette vendu 64 x Spruce Log à  kalaistar pour 299.00 β le survie_new
[00:23:21] [ITEM_SOLD]: pimendespelette vendu 64 x Spruce Log à  kalaistar pour 299.00 β le survie_new
[00:23:22] [ITEM_SOLD]: pimendespelette vendu 64 x Spruce Log à  kalaistar pour 299.00 β le survie_new
[00:23:23] [ITEM_SOLD]: pimendespelette vendu 64 x Spruce Log à  kalaistar pour 299.00 β le survie_new
[00:23:24] [ITEM_SOLD]: pimendespelette vendu 64 x Spruce Log à  kalaistar pour 299.00 β le survie_new
[00:23:25] [ITEM_SOLD]: pimendespelette vendu 64 x Spruce Log à  kalaistar pour 299.00 β le survie_new
[00:23:26] [ITEM_SOLD]: pimendespelette vendu 20 x Spruce Log à  kalaistar pour 299.00 β le survie_new
[00:42:12] [ITEM_LISTED]: Tactical_Byslide vend 1 x Shulker Box  pour 3,400.00β sur survie_new
[01:36:29] [ITEM_RETURNED]: 64 x Redstone Block  renvoyé à RazerJojo le survie_new
[01:36:29] [ITEM_RETURNED]: 64 x Redstone Block  renvoyé à RazerJojo le survie_new
[01:36:30] [ITEM_RETURNED]: 64 x Redstone Block  renvoyé à RazerJojo le survie_new
[01:36:30] [ITEM_RETURNED]: 64 x Redstone Block  renvoyé à RazerJojo le survie_new
[01:36:30] [ITEM_CANCELLED]: RazerJojo annule la vente de 1x FISHER - Losing It pour 2,000.00β sur survie_new
[01:37:37] [ITEM_LISTED]: RazerJojo vend 64 x Redstone Block  pour 300.00β sur survie_new
[01:37:40] [ITEM_LISTED]: RazerJojo vend 64 x Redstone Block  pour 300.00β sur survie_new
[01:37:42] [ITEM_LISTED]: RazerJojo vend 64 x Redstone Block  pour 300.00β sur survie_new
[01:37:44] [ITEM_LISTED]: RazerJojo vend 64 x Redstone Block  pour 300.00β sur survie_new
[01:38:10] [ITEM_CANCELLED]: RazerJojo annule la vente de 64x Redstone Block pour 300.00β sur survie_new
[01:38:10] [ITEM_CANCELLED]: RazerJojo annule la vente de 64x Redstone Block pour 300.00β sur survie_new
[01:38:10] [ITEM_CANCELLED]: RazerJojo annule la vente de 64x Redstone Block pour 300.00β sur survie_new
[01:38:10] [ITEM_CANCELLED]: RazerJojo annule la vente de 64x Redstone Block pour 300.00β sur survie_new
[01:38:13] [ITEM_RETURNED]: 64 x Redstone Block  renvoyé à RazerJojo le survie_new
[01:38:13] [ITEM_RETURNED]: 64 x Redstone Block  renvoyé à RazerJojo le survie_new
[01:38:13] [ITEM_RETURNED]: 64 x Redstone Block  renvoyé à RazerJojo le survie_new
[01:38:14] [ITEM_RETURNED]: 64 x Redstone Block  renvoyé à RazerJojo le survie_new
[07:39:29] [ITEM_SOLD]: pierro vendu 16 x Egg à  laelia59 pour 100.00 β le survie_new
[07:39:31] [ITEM_SOLD]: pierro vendu 16 x Egg à  laelia59 pour 100.00 β le survie_new
[10:16:09] [ITEM_DROPPED]: Abandon de la vente _Wiizy_ expirée de 64 x Magma Block  pour 0.00β à leurs pieds le survie_new
[10:16:09] [ITEM_DROPPED]: Abandon de la vente _Wiizy_ expirée de 64 x Magma Block  pour 0.00β à leurs pieds le survie_new
[10:16:09] [ITEM_DROPPED]: Abandon de la vente _Wiizy_ expirée de 36 x Magma Block  pour 0.00β à leurs pieds le survie_new
[10:16:09] [ITEM_DROPPED]: Abandon de la vente _Wiizy_ expirée de 64 x Magma Block  pour 0.00β à leurs pieds le survie_new
[11:14:50] [ITEM_LISTED]: Cryyzi vend 1 x Music Disc 13  pour 200.00β sur survie_new
[11:14:53] [ITEM_LISTED]: Cryyzi vend 1 x Music Disc Cat  pour 200.00β sur survie_new
[11:19:47] [ITEM_SOLD]: Tactical_Byslide vendu 1 x Shulker Box à  Geratinapute pour 3,400.00 β le survie_new
[11:32:02] [ITEM_LISTED]: Cryyzi vend 1 x Music Disc 13  pour 200.00β sur survie_new
[12:26:11] [ITEM_SOLD]: HeFk vendu 30 x Torch à  STANIS07 pour 30.00 β le survie_new
[13:26:44] [ITEM_LISTED]: Cryyzi vend 1 x Tropical Fish Bucket  pour 300.00β sur survie_new
[13:26:51] [ITEM_LISTED]: Cryyzi vend 1 x Pufferfish Bucket  pour 500.00β sur survie_new
[13:26:55] [ITEM_LISTED]: Cryyzi vend 1 x Tropical Fish Bucket  pour 300.00β sur survie_new
[13:27:00] [ITEM_LISTED]: pierro vend 16 x Egg  pour 100.00β sur survie_new
[13:27:03] [ITEM_LISTED]: pierro vend 16 x Egg  pour 100.00β sur survie_new
[13:27:05] [ITEM_LISTED]: Cryyzi vend 1 x Cod Bucket  pour 160.00β sur survie_new
[13:27:06] [ITEM_LISTED]: pierro vend 16 x Egg  pour 100.00β sur survie_new
[13:27:09] [ITEM_LISTED]: Cryyzi vend 1 x Cod Bucket  pour 160.00β sur survie_new
[13:27:16] [ITEM_LISTED]: Cryyzi vend 1 x Pufferfish Bucket  pour 500.00β sur survie_new
[13:27:19] [ITEM_LISTED]: Cryyzi vend 1 x Pufferfish Bucket  pour 500.00β sur survie_new
[13:37:12] [ITEM_LISTED]: Cryyzi vend 1 x Fishing Rod  [unknown, Lure III, Mending] pour 15,000.00β sur survie_new
[13:49:33] [ITEM_SOLD]: pierro vendu 16 x Egg à  laelia59 pour 100.00 β le survie_new
[13:49:35] [ITEM_SOLD]: pierro vendu 16 x Egg à  laelia59 pour 100.00 β le survie_new
[13:49:39] [ITEM_SOLD]: pierro vendu 16 x Egg à  laelia59 pour 100.00 β le survie_new
[14:23:38] [ITEM_LISTED]: Cryyzi vend 1 x Buried Treasure Map  pour 50.00β sur survie_new
[14:46:19] [ITEM_LISTED]: Cryyzi vend 1 x Buried Treasure Map  pour 50.00β sur survie_new
[15:20:26] [ITEM_LISTED]: Tactical_Byslide vend 1 x Shulker Box  pour 3,500.00β sur survie_new
[15:36:44] [ITEM_LISTED]: pierro vend 16 x Egg  pour 100.00β sur survie_new
[15:36:48] [ITEM_LISTED]: pierro vend 16 x Egg  pour 100.00β sur survie_new
[15:38:39] [ITEM_SOLD]: Cryyzi vendu 1 x Shulker Shell à  STANIS07 pour 1,500.00 β le survie_new
[15:52:36] [ITEM_RETURNED]: 1 x Iron Axe  renvoyé à pierro le survie_new
[15:52:37] [ITEM_RETURNED]: 1 x Iron Axe  renvoyé à pierro le survie_new
[15:52:37] [ITEM_RETURNED]: 1 x Iron Axe  renvoyé à pierro le survie_new
[15:52:37] [ITEM_RETURNED]: 1 x Iron Axe  renvoyé à pierro le survie_new
[15:52:38] [ITEM_RETURNED]: 1 x Iron Axe  renvoyé à pierro le survie_new
[15:52:38] [ITEM_RETURNED]: 1 x Iron Axe  renvoyé à pierro le survie_new
[15:52:38] [ITEM_RETURNED]: 1 x Iron Axe  renvoyé à pierro le survie_new
[15:52:39] [ITEM_RETURNED]: 1 x Iron Axe  renvoyé à pierro le survie_new
[15:52:39] [ITEM_RETURNED]: 1 x Iron Axe  renvoyé à pierro le survie_new
[15:54:22] [ITEM_LISTED]: pierro vend 64 x String  pour 500.00β sur survie_new
[15:54:26] [ITEM_LISTED]: pierro vend 64 x String  pour 500.00β sur survie_new
[16:04:59] [ITEM_LISTED]: Cryyzi vend 64 x Clay  pour 1,000.00β sur survie_new
[16:05:05] [ITEM_LISTED]: Cryyzi vend 64 x Clay  pour 1,000.00β sur survie_new
[16:06:52] [ITEM_LISTED]: pierro vend 64 x String  pour 500.00β sur survie_new
[16:06:55] [ITEM_LISTED]: pierro vend 64 x String  pour 500.00β sur survie_new
[16:21:48] [ITEM_SOLD]: enolane59 vendu 2 x Bread à  ghis22940 pour 5.00 β le survie_new
[17:00:32] [ITEM_SOLD]: Cryyzi vendu 64 x Clay à  Christophe_ pour 1,000.00 β le survie_new
[17:16:00] [ITEM_LISTED]: REGDYLAN vend 1 x Diamond Pickaxe  [Efficiency IV, Fortune III, Unbreaking III] pour 3,000.00β sur survie_new
[17:20:42] [ITEM_RETURNED]: 32 x Leather  renvoyé à REGDYLAN le survie_new
[17:20:43] [ITEM_RETURNED]: 32 x Leather  renvoyé à REGDYLAN le survie_new
[17:20:55] [ITEM_LISTED]: IntegraleEpice vend 1 x Crossbow  pour 100.00β sur survie_new
[17:20:57] [ITEM_LISTED]: REGDYLAN vend 32 x Leather  pour 500.00β sur survie_new
[17:20:59] [ITEM_LISTED]: REGDYLAN vend 32 x Leather  pour 500.00β sur survie_new
[17:22:35] [ITEM_LISTED]: Tesla248 vend 1 x Shulker Box  pour 3,000.00β sur survie_new
[17:22:44] [ITEM_LISTED]: Tesla248 vend 1 x Shulker Box  pour 3,000.00β sur survie_new
[17:22:53] [ITEM_LISTED]: Tesla248 vend 1 x Shulker Box  pour 3,000.00β sur survie_new
[17:23:02] [ITEM_LISTED]: Tesla248 vend 1 x Shulker Box  pour 3,000.00β sur survie_new
[17:23:10] [ITEM_LISTED]: Tesla248 vend 1 x Shulker Box  pour 3,000.00β sur survie_new
[17:23:28] [ITEM_LISTED]: IntegraleEpice vend 1 x Crossbow  pour 100.00β sur survie_new
[17:41:28] [ITEM_LISTED]: REGDYLAN vend 1 x Diamond Sword  [Fire Aspect II, Looting IV, Sharpness IV, Unbreaking III] pour 25,000.00β sur survie_new
[18:32:02] [ITEM_DROPPED]: Abandon de la vente Toryar expirée de 1 x  Un item pour me faire de l'argent  pour 0.00β à leurs pieds le spawn
[19:08:27] [ITEM_SOLD]: IntegraleEpice vendu 1 x Crossbow à  Axiton pour 100.00 β le survie_new
[20:20:42] [ITEM_SOLD]: Newt_hp vendu 64 x Bamboo à  hugoleb pour 32.00 β le survie_new
[20:30:19] [ITEM_LISTED]: Cryyzi vend 64 x Clay  pour 1,000.00β sur survie_new
[20:30:22] [ITEM_LISTED]: Cryyzi vend 64 x Clay  pour 1,000.00β sur survie_new
[20:30:24] [ITEM_LISTED]: Cryyzi vend 64 x Clay  pour 1,000.00β sur survie_new
[21:01:57] [ITEM_SOLD]: Haru_M vendu 1 x Enchanted Book à  HeFk pour 1,500.00 β le survie_new
[21:01:58] [ITEM_SOLD]: Haru_M vendu 1 x Enchanted Book à  HeFk pour 1,500.00 β le survie_new
[21:30:32] [ITEM_LISTED]: IntegraleEpice vend 64 x Sea Pickle  pour 200.00β sur survie_new
[21:32:00] [ITEM_LISTED]: Cryyzi vend 5 x Emerald  pour 500.00β sur survie_new_the_end
[21:38:20] [ITEM_LISTED]: Cryyzi vend 1 x Epée des Cieux  [Looting II, Sharpness V, Unbreaking II] pour 20,000.00β sur survie_new
[21:41:36] [ITEM_LISTED]: Cryyzi vend 1 x Diamond Sword  [Knockback I, Looting I, Sharpness III, Unbreaking III] pour 10,000.00β sur survie_new
[21:51:22] [ITEM_RETURNED]: 1 x FISHER - Losing It  renvoyé à RazerJojo le survie_new
[21:51:31] [ITEM_LISTED]: RazerJojo vend 1 x FISHER - Losing It  pour 1,000.00β sur survie_new
[21:52:49] [ITEM_LISTED]: RazerJojo vend 64 x Redstone Block  pour 3,000.00β sur survie_new
[21:52:56] [ITEM_LISTED]: RazerJojo vend 64 x Redstone Block  pour 300.00β sur survie_new
[21:52:58] [ITEM_LISTED]: RazerJojo vend 64 x Redstone Block  pour 300.00β sur survie_new
[21:53:01] [ITEM_LISTED]: RazerJojo vend 64 x Redstone Block  pour 300.00β sur survie_new
[21:53:17] [ITEM_CANCELLED]: RazerJojo annule la vente de 64x Redstone Block pour 3,000.00β sur survie_new
[21:53:19] [ITEM_RETURNED]: 64 x Redstone Block  renvoyé à RazerJojo le survie_new
[21:53:24] [ITEM_LISTED]: RazerJojo vend 64 x Redstone Block  pour 300.00β sur survie_new
[22:00:48] [ITEM_SOLD]: RazerJojo vendu 64 x Redstone Block à  ivaayzx pour 300.00 β le survie_new
[22:32:03] [ITEM_SOLD]: REGDYLAN vendu 1 x Dragon Head à  LowzenMA pour 1,000.00 β le survie_new
[22:32:55] [ITEM_LISTED]: Cryyzi vend 1 x Diamond Pickaxe  [Efficiency III, Fortune II] pour 1,500.00β sur survie_new
[22:33:12] [ITEM_LISTED]: Cryyzi vend 1 x Diamond Pickaxe  [Mending, Unbreaking III] pour 1,000.00β sur survie_new
[22:33:27] [ITEM_LISTED]: Cryyzi vend 1 x Diamond Sword  [Fire Aspect II, Knockback II, Smite IV] pour 1,000.00β sur survie_new
[22:33:32] [ITEM_LISTED]: Cryyzi vend 1 x Diamond Sword  [Bane of Arthropods IV, Knockback II] pour 500.00β sur survie_new
[22:33:40] [ITEM_LISTED]: Cryyzi vend 1 x Diamond Shovel  [Mending] pour 500.00β sur survie_new
[22:33:48] [ITEM_LISTED]: Cryyzi vend 1 x Diamond Pickaxe  [Efficiency III] pour 800.00β sur survie_new
[22:33:59] [ITEM_LISTED]: Cryyzi vend 1 x Diamond Sword  [Knockback II, Sharpness III] pour 800.00β sur survie_new
[22:35:25] [ITEM_LISTED]: Cryyzi vend 1 x Diamond Pickaxe  [Efficiency III] pour 800.00β sur survie_new
[22:35:30] [ITEM_LISTED]: Cryyzi vend 1 x Diamond Pickaxe  [Unbreaking III] pour 800.00β sur survie_new
[22:37:59] [ITEM_LISTED]: Cryyzi vend 1 x Diamond Sword  [Smite IV, Unbreaking III, Curse of Vanishing] pour 500.00β sur survie_new
[22:38:10] [ITEM_LISTED]: Cryyzi vend 1 x Diamond Pickaxe  [Efficiency III, Mending] pour 200.00β sur survie_new
[22:38:30] [ITEM_CANCELLED]: Cryyzi annule la vente de 1x Diamond Pickaxe [Efficiency III, Mending] pour 200.00β sur survie_new
[22:39:03] [ITEM_RETURNED]: 1 x Diamond Pickaxe  [Efficiency III, Mending] renvoyé à Cryyzi le survie_new
[22:39:12] [ITEM_RETURNED]: 1 x Pomme des Cieux  renvoyé à Cryyzi le survie_new
[22:39:52] [ITEM_LISTED]: Cryyzi vend 1 x Diamond Pickaxe  [Efficiency III, Mending] pour 1,300.00β sur survie_new
[22:47:08] [ITEM_LISTED]: Zougless vend 64 x Spruce Log  pour 350.00β sur survie_new
[22:47:10] [ITEM_LISTED]: Zougless vend 64 x Spruce Log  pour 350.00β sur survie_new
[22:47:12] [ITEM_LISTED]: Zougless vend 64 x Spruce Log  pour 350.00β sur survie_new
[22:47:14] [ITEM_LISTED]: Zougless vend 64 x Spruce Log  pour 350.00β sur survie_new
[22:47:16] [ITEM_LISTED]: Zougless vend 64 x Spruce Log  pour 350.00β sur survie_new
[22:47:18] [ITEM_LISTED]: Zougless vend 64 x Spruce Log  pour 350.00β sur survie_new
[22:47:21] [ITEM_LISTED]: Zougless vend 64 x Spruce Log  pour 350.00β sur survie_new
[22:47:23] [ITEM_LISTED]: Zougless vend 64 x Spruce Log  pour 350.00β sur survie_new
[22:47:25] [ITEM_LISTED]: Zougless vend 64 x Spruce Log  pour 350.00β sur survie_new
[23:19:45] [ITEM_SOLD]: Cryyzi vendu 1 x Diamond Pickaxe à  [Mending, Unbreaking III] RazerJojo pour 1,000.00 β le survie_new
[23:19:50] [ITEM_SOLD]: Cryyzi vendu 1 x Diamond Pickaxe à  [Efficiency III, Mending] RazerJojo pour 1,300.00 β le survie_new
[23:20:01] [ITEM_SOLD]: Cryyzi vendu 1 x Diamond Shovel à  [Mending] RazerJojo pour 500.00 β le survie_new
