[00:01:06] [ITEM_DROPPED]: Abandon de la vente limastic expirée de 1 x Diamond Sword  [Smite IV] pour 0.00β à leurs pieds le survie_new
[00:01:06] [ITEM_DROPPED]: Abandon de la vente limastic expirée de 1 x Diamond Sword  [Smite IV] pour 0.00β à leurs pieds le survie_new
[02:09:43] [ITEM_SOLD]: Minebark vendu 1 x Shulker Box à  xilatien pour 3,000.00 β le survie_new
[07:31:20] [ITEM_LISTED]: Cantyo vend 1 x §;§:Spawner à Araignée venimeuse 1x  pour 1,100.00β sur survie_new
[07:56:20] [ITEM_LISTED]: Cantyo vend 1 x §;§:Spawner à Araignée venimeuse 1x  pour 1,100.00β sur survie_new
[07:58:12] [ITEM_LISTED]: Cantyo vend 1 x §;§:Spawner à Araignée venimeuse 1x  pour 1,100.00β sur survie_new
[12:02:53] [ITEM_SOLD]: RoroElPadre vendu 1 x Enchanted Book à  Darinor_ pour 2,000.00 β le survie_new
[13:10:12] [ITEM_LISTED]: Ekiliox vend 1 x §;§:Spawner à Araignée venimeuse 1x  pour 6,000.00β sur survie_new
[13:10:24] [ITEM_CANCELLED]: Ekiliox annule la vente de 1x §;§:Spawner à Araignée venimeuse 1x pour 6,000.00β sur survie_new
[13:10:26] [ITEM_RETURNED]: 1 x §;§:Spawner à Araignée venimeuse 1x  renvoyé à Ekiliox le survie_new
[13:11:22] [ITEM_CANCELLED]: Christophe_ annule la vente de 16x Ender Pearl pour 500.00β sur survie_new_the_end
[13:11:24] [ITEM_RETURNED]: 16 x Ender Pearl  renvoyé à Christophe_ le survie_new_the_end
[13:11:30] [ITEM_LISTED]: Ekiliox vend 1 x §;§:Spawner à Araignée venimeuse 1x  pour 1,000.00β sur survie_new
[15:13:33] [ITEM_LISTED]: Warsgunners34 vend 64 x Quartz Block  pour 500.00β sur survie_new
[15:13:36] [ITEM_LISTED]: Warsgunners34 vend 64 x Quartz Block  pour 500.00β sur survie_new
[15:13:39] [ITEM_LISTED]: Warsgunners34 vend 64 x Quartz Block  pour 500.00β sur survie_new
[15:13:41] [ITEM_LISTED]: Warsgunners34 vend 64 x Quartz Block  pour 500.00β sur survie_new
[15:13:42] [ITEM_LISTED]: Warsgunners34 vend 64 x Quartz Block  pour 500.00β sur survie_new
[15:13:44] [ITEM_LISTED]: Warsgunners34 vend 64 x Quartz Block  pour 500.00β sur survie_new
[15:13:47] [ITEM_LISTED]: Warsgunners34 vend 64 x Quartz Block  pour 500.00β sur survie_new
[17:04:29] [ITEM_SOLD]: Ekiliox vendu 1 x §;§:Spawner à Araignée venimeuse 1x à  hugoleb pour 1,000.00 β le survie_new
[17:04:33] [ITEM_SOLD]: Cantyo vendu 1 x §;§:Spawner à Araignée venimeuse 1x à  hugoleb pour 1,100.00 β le survie_new
[17:04:35] [ITEM_SOLD]: Cantyo vendu 1 x §;§:Spawner à Araignée venimeuse 1x à  hugoleb pour 1,100.00 β le survie_new
[17:04:38] [ITEM_SOLD]: Cantyo vendu 1 x §;§:Spawner à Araignée venimeuse 1x à  hugoleb pour 1,100.00 β le survie_new
[20:05:06] [ITEM_LISTED]: Stebanou vend 1 x Music Disc 11  pour 1.00β sur survie_new
[20:05:13] [ITEM_SOLD]: Stebanou vendu 1 x Music Disc 11 à  Minebark pour 1.00 β le survie_new
[20:05:33] [ITEM_LISTED]: Minebark vend 1 x Music Disc 11  pour 1,000.00β sur survie_new
[20:30:51] [ITEM_CANCELLED]: Stebanou annule la vente de 1x Music Disc Stal pour 2,000.00β sur survie_new
[20:30:53] [ITEM_RETURNED]: 1 x Music Disc Stal  renvoyé à Stebanou le survie_new
[20:57:00] [ITEM_SOLD]: pikatchou82 vendu 1 x Enchanted Book à  RoroElPadre pour 900.00 β le survie_new
[21:13:24] [ITEM_SOLD]: RoroElPadre vendu 1 x Enchanted Book à  CroixVeBaton pour 3,000.00 β le survie_new
[21:14:41] [ITEM_SOLD]: pikatchou82 vendu 1 x Enchanted Book à  CroixVeBaton pour 900.00 β le survie_new
[23:24:45] [ITEM_SOLD]: Minebark vendu 1 x Music Disc 11 à  Bertrand pour 1,000.00 β le survie_new
