[00:19:11] [ITEM_SOLD]: Stebanou vendu 64 x Jungle Log à  samdec666 pour 150.00 β le survie_new
[00:22:41] [ITEM_LISTED]: Stebanou vend 64 x Spruce Log  pour 150.00β sur survie_new
[00:22:43] [ITEM_LISTED]: Stebanou vend 64 x Spruce Log  pour 150.00β sur survie_new
[00:22:45] [ITEM_LISTED]: Stebanou vend 64 x Birch Log  pour 150.00β sur survie_new
[00:22:47] [ITEM_LISTED]: Stebanou vend 64 x Birch Log  pour 150.00β sur survie_new
[01:22:26] [ITEM_LISTED]: Christophe_ vend 1 x Written Book  pour 1.00β sur survie_new
[11:17:28] [ITEM_LISTED]: Zeelyrules vend 7 x Snow Block  pour 1,000.00β sur survie_new
[12:46:43] [ITEM_SOLD]: Ekiliox vendu 1 x Cadeau de la St-Valentin en avance. à  Toryar pour 2,500.00 β le survie_new
[12:48:31] [ITEM_SOLD]: CroixVeBaton vendu 1 x Beacon à  Rayan pour 10,000.00 β le survie_new
[13:10:47] [ITEM_SOLD]: Yohan81 vendu 1 x Music Disc 11 à  Rayan pour 500.00 β le survie_new
[14:20:05] [ITEM_SOLD]: CroixVeBaton vendu 1 x Bow à  [Infinity, Unbreaking III] niguetto5 pour 2,000.00 β le survie_new_nether
[14:32:35] [ITEM_SOLD]: louloured03 vendu 1 x Enchanted Book à  niguetto5 pour 3,000.00 β le survie_new
[14:56:40] [ITEM_LISTED]: Loan02 vend 64 x Iron Block  pour 10,500.00β sur survie_new
[14:56:44] [ITEM_LISTED]: Loan02 vend 64 x Iron Block  pour 10,500.00β sur survie_new
[14:56:57] [ITEM_LISTED]: Loan02 vend 64 x Iron Block  pour 10,500.00β sur survie_new
[14:57:06] [ITEM_LISTED]: Loan02 vend 64 x Iron Block  pour 10,500.00β sur survie_new
[14:57:11] [ITEM_LISTED]: Loan02 vend 64 x Iron Block  pour 105,000.00β sur survie_new
[14:59:20] [ITEM_CANCELLED]: Loan02 annule la vente de 64x Iron Block pour 105,000.00β sur survie_new
[14:59:26] [ITEM_RETURNED]: 64 x Iron Block  renvoyé à Loan02 le survie_new
[14:59:34] [ITEM_SOLD]: Stebanou vendu 64 x Oak Log à  Mrsuperours pour 150.00 β le survie_new
[14:59:38] [ITEM_LISTED]: Loan02 vend 64 x Iron Block  pour 10,500.00β sur survie_new
[14:59:43] [ITEM_SOLD]: Stebanou vendu 64 x Oak Log à  Mrsuperours pour 150.00 β le survie_new
[14:59:51] [ITEM_SOLD]: Stebanou vendu 64 x Oak Log à  Mrsuperours pour 150.00 β le survie_new
[15:00:12] [ITEM_SOLD]: Stebanou vendu 64 x Oak Log à  Mrsuperours pour 150.00 β le survie_new
[15:00:39] [ITEM_LISTED]: Stebanou vend 64 x Oak Log  pour 150.00β sur survie_new
[15:00:40] [ITEM_LISTED]: Stebanou vend 64 x Oak Log  pour 150.00β sur survie_new
[15:00:42] [ITEM_LISTED]: Stebanou vend 64 x Oak Log  pour 150.00β sur survie_new
[15:00:49] [ITEM_SOLD]: Loan02 vendu 64 x Iron Block à  pikatchou82 pour 10,500.00 β le survie_new
[15:00:50] [ITEM_SOLD]: Loan02 vendu 64 x Iron Block à  pikatchou82 pour 10,500.00 β le survie_new
[15:00:51] [ITEM_SOLD]: Loan02 vendu 64 x Iron Block à  pikatchou82 pour 10,500.00 β le survie_new
[15:00:52] [ITEM_SOLD]: Loan02 vendu 64 x Iron Block à  pikatchou82 pour 10,500.00 β le survie_new
[15:00:53] [ITEM_SOLD]: Loan02 vendu 64 x Iron Block à  pikatchou82 pour 10,500.00 β le survie_new
[15:05:09] [ITEM_SOLD]: Stebanou vendu 64 x Oak Log à  Rayan pour 150.00 β le survie_new
[15:12:16] [ITEM_SOLD]: Stebanou vendu 64 x Oak Log à  Isaorya pour 150.00 β le survie_new
[15:12:28] [ITEM_SOLD]: h_ney vendu 64 x Carrot à  Isaorya pour 32.00 β le survie_new
[15:12:38] [ITEM_SOLD]: Ekiliox vendu 1 x Diamond Helmet à  [Aqua Affinity] Isaorya pour 500.00 β le survie_new
[15:12:40] [ITEM_SOLD]: h_ney vendu 64 x Potato à  Isaorya pour 32.00 β le survie_new
[15:13:08] [ITEM_LISTED]: Loan02 vend 64 x Iron Block  pour 10,500.00β sur survie_new
[15:13:25] [ITEM_SOLD]: Christophe_ vendu 1 x Written Book à  Loan02 pour 1.00 β le survie_new
[15:13:35] [ITEM_SOLD]: Loan02 vendu 64 x Iron Block à  pikatchou82 pour 10,500.00 β le survie_new
[15:14:14] [ITEM_LISTED]: Stebanou vend 64 x Oak Log  pour 150.00β sur survie_new
[15:15:07] [ITEM_LISTED]: Loan02 vend 35 x Iron Block  pour 5,739.00β sur survie_new
[15:15:25] [ITEM_SOLD]: Loan02 vendu 35 x Iron Block à  pikatchou82 pour 5,739.00 β le survie_new
[15:23:24] [ITEM_LISTED]: Loan02 vend 28 x Gold Ingot  pour 560.00β sur survie_new
[15:37:39] [ITEM_LISTED]: Loan02 vend 26 x Iron Block  pour 4,264.00β sur survie_new
[15:44:10] [ITEM_CANCELLED]: Loan02 annule la vente de 1x Partie d'équipement : IV pour 50,000.00β sur survie_new
[15:44:10] [ITEM_CANCELLED]: Loan02 annule la vente de 1x Candy Cane (pink) pour 35,000.00β sur survie_new
[15:44:11] [ITEM_CANCELLED]: Loan02 annule la vente de 1x Bière pour 2,000.00β sur survie_new
[15:44:11] [ITEM_CANCELLED]: Loan02 annule la vente de 1x Diamond Chestplate [Curse of Binding, Fire Protection III, Thorns II] pour 500.00β sur survie_new_the_end
[15:44:12] [ITEM_CANCELLED]: Loan02 annule la vente de 28x Gold Ingot pour 560.00β sur survie_new
[15:44:12] [ITEM_CANCELLED]: Loan02 annule la vente de 26x Iron Block pour 4,264.00β sur survie_new
[15:44:23] [ITEM_RETURNED]: 1 x Partie d'équipement : IV  renvoyé à Loan02 le survie_new
[15:44:23] [ITEM_RETURNED]: 1 x Candy Cane (pink)  renvoyé à Loan02 le survie_new
[15:44:24] [ITEM_RETURNED]: 1 x Bière  renvoyé à Loan02 le survie_new
[15:44:24] [ITEM_RETURNED]: 1 x Diamond Chestplate  [Curse of Binding, Fire Protection III, Thorns II] renvoyé à Loan02 le survie_new_the_end
[15:44:25] [ITEM_RETURNED]: 26 x Iron Block  renvoyé à Loan02 le survie_new
[15:44:26] [ITEM_RETURNED]: 28 x Gold Ingot  renvoyé à Loan02 le survie_new
[15:46:34] [ITEM_LISTED]: Loan02 vend 1 x Diamond Chestplate  [Curse of Binding, Fire Protection III, Thorns II] pour 10.00β sur survie_new
[15:47:05] [ITEM_SOLD]: CroixVeBaton vendu 64 x Dark Oak Log à  Loan02 pour 200.00 β le survie_new
[15:48:14] [ITEM_LISTED]: Yohan81 vend 1 x Diamond Shovel  [Efficiency IV, Unbreaking III] pour 0.01β sur survie_new
[15:48:16] [ITEM_SOLD]: Yohan81 vendu 1 x Diamond Shovel à  [Efficiency IV, Unbreaking III] CouzVeBaton pour 0.01 β le survie_new
[15:49:01] [ITEM_SOLD]: Stebanou vendu 64 x Spruce Log à  Loan02 pour 150.00 β le survie_new
[15:50:21] [ITEM_SOLD]: Loan02 vendu 1 x Diamond Chestplate à  [Curse of Binding, Fire Protection III, Thorns II] 1622731 pour 10.00 β le survie_new
[15:53:31] [ITEM_SOLD]: Stebanou vendu 64 x Oak Log à  Loan02 pour 150.00 β le survie_new
[15:53:32] [ITEM_SOLD]: Stebanou vendu 64 x Oak Log à  Loan02 pour 150.00 β le survie_new
[15:55:37] [ITEM_LISTED]: CouzVeBaton vend 1 x Jukebox  pour 0.01β sur survie_new
[15:55:40] [ITEM_SOLD]: CouzVeBaton vendu 1 x Jukebox à  Yohan81 pour 0.01 β le survie_new
[15:57:41] [ITEM_LISTED]: Stebanou vend 64 x Oak Log  pour 150.00β sur survie_new
[15:57:45] [ITEM_LISTED]: Stebanou vend 64 x Oak Log  pour 150.00β sur survie_new
[15:57:47] [ITEM_LISTED]: Stebanou vend 64 x Oak Log  pour 150.00β sur survie_new
[15:57:48] [ITEM_LISTED]: Stebanou vend 64 x Oak Log  pour 150.00β sur survie_new
[15:59:46] [ITEM_LISTED]: Stebanou vend 1 x Thorsberg  [Mending, Protection IV, Unbreaking III] pour 10,000.00β sur survie_new
[15:59:46] [ITEM_SOLD]: Stebanou vendu 64 x Oak Log à  Loan02 pour 150.00 β le survie_new
[16:15:44] [ITEM_LISTED]: Loan02 vend 64 x Iron Block  pour 10,600.00β sur survie_new
[16:18:10] [ITEM_LISTED]: Ekiliox vend 1 x D'la bonne  pour 420.69β sur survie_new
[16:20:38] [ITEM_LISTED]: Ekiliox vend 1 x Kverk  [Depth Strider III, Protection III, Unbreaking III] pour 500.00β sur survie_new
[16:21:17] [ITEM_LISTED]: Ekiliox vend 64 x Baked Potato  pour 50.00β sur survie_new
[16:28:53] [ITEM_LISTED]: Loan02 vend 64 x Iron Block  pour 10,500.00β sur survie_new
[16:43:56] [ITEM_DROPPED]: Abandon de la vente Stebanou expirée de 1 x Journal de quêtes  pour 0.00β à leurs pieds le survie_new
[16:44:10] [ITEM_LISTED]: Stebanou vend 1 x Journal de quêtes  pour 1.00β sur survie_new
[16:44:14] [ITEM_CANCELLED]: Stebanou annule la vente de 1x Journal de quêtes pour 1.00β sur survie_new
[16:44:25] [ITEM_RETURNED]: 1 x Ameno  [Looting II, Sharpness III, Unbreaking III] renvoyé à Stebanou le survie_new
[16:46:40] [ITEM_LISTED]: Loan02 vend 64 x Iron Block  pour 10,500.00β sur survie_new
[17:05:08] [ITEM_SOLD]: Stebanou vendu 64 x Oak Log à  Mrzozoto1919 pour 150.00 β le survie_new
[17:05:50] [ITEM_LISTED]: Toryar vend 1 x Bee Nest  pour 5,000.00β sur survie_new
[17:05:50] [ITEM_LISTED]: Toryar vend 1 x Bee Nest  pour 5,000.00β sur survie_new
[17:05:52] [ITEM_LISTED]: Toryar vend 1 x Bee Nest  pour 5,000.00β sur survie_new
[17:05:54] [ITEM_LISTED]: Toryar vend 1 x Bee Nest  pour 5,000.00β sur survie_new
[17:05:58] [ITEM_LISTED]: Toryar vend 1 x Bee Nest  pour 50,000.00β sur survie_new
[17:06:02] [ITEM_LISTED]: Toryar vend 1 x Beehive  pour 5,000.00β sur survie_new
[17:06:04] [ITEM_LISTED]: Toryar vend 1 x Beehive  pour 5,000.00β sur survie_new
[17:06:05] [ITEM_LISTED]: Toryar vend 1 x Beehive  pour 5,000.00β sur survie_new
[17:06:07] [ITEM_LISTED]: Toryar vend 1 x Beehive  pour 5,000.00β sur survie_new
[17:06:11] [ITEM_LISTED]: Toryar vend 1 x Beehive  pour 50,000.00β sur survie_new
[17:06:35] [ITEM_SOLD]: Toryar vendu 1 x Beehive à  CouzVeBaton pour 5,000.00 β le survie_new
[17:06:36] [ITEM_SOLD]: Toryar vendu 1 x Beehive à  CouzVeBaton pour 50,000.00 β le survie_new
[17:06:37] [ITEM_SOLD]: Toryar vendu 1 x Beehive à  CouzVeBaton pour 5,000.00 β le survie_new
[17:06:38] [ITEM_SOLD]: Toryar vendu 1 x Bee Nest à  Stebanou pour 5,000.00 β le survie_new
[17:06:38] [ITEM_SOLD]: Toryar vendu 1 x Beehive à  CouzVeBaton pour 5,000.00 β le survie_new
[17:06:39] [ITEM_SOLD]: Toryar vendu 1 x Beehive à  CouzVeBaton pour 5,000.00 β le survie_new
[17:06:39] [ITEM_SOLD]: Toryar vendu 1 x Bee Nest à  CroixVeBaton pour 5,000.00 β le survie_new
[17:06:40] [ITEM_SOLD]: Toryar vendu 1 x Bee Nest à  CouzVeBaton pour 50,000.00 β le survie_new
[17:06:41] [ITEM_SOLD]: Toryar vendu 1 x Bee Nest à  CroixVeBaton pour 5,000.00 β le survie_new
[17:06:41] [ITEM_SOLD]: Toryar vendu 1 x Bee Nest à  CouzVeBaton pour 5,000.00 β le survie_new
[17:06:42] [ITEM_SOLD]: Loan02 vendu 64 x Iron Block à  CroixVeBaton pour 10,500.00 β le survie_new
[17:08:17] [ITEM_LISTED]: Toryar vend 1 x Beehive  pour 50,000.00β sur survie_new
[17:08:18] [ITEM_LISTED]: Toryar vend 1 x Beehive  pour 50,000.00β sur survie_new
[17:08:18] [ITEM_LISTED]: Toryar vend 1 x Beehive  pour 50,000.00β sur survie_new
[17:08:19] [ITEM_LISTED]: Toryar vend 1 x Beehive  pour 50,000.00β sur survie_new
[17:08:21] [ITEM_LISTED]: Toryar vend 1 x Beehive  pour 50,000.00β sur survie_new
[17:08:21] [ITEM_SOLD]: Toryar vendu 1 x Beehive à  louloured03 pour 50,000.00 β le survie_new
[17:08:22] [ITEM_LISTED]: Toryar vend 1 x Beehive  pour 50,000.00β sur survie_new
[17:08:26] [ITEM_SOLD]: Toryar vendu 1 x Beehive à  CouzVeBaton pour 50,000.00 β le survie_new
[17:08:27] [ITEM_SOLD]: Toryar vendu 1 x Beehive à  CouzVeBaton pour 50,000.00 β le survie_new
[17:08:27] [ITEM_LISTED]: Toryar vend 1 x Beehive  pour 50,000.00β sur survie_new
[17:08:27] [ITEM_SOLD]: Toryar vendu 1 x Beehive à  CouzVeBaton pour 50,000.00 β le survie_new
[17:08:28] [ITEM_SOLD]: Toryar vendu 1 x Beehive à  CouzVeBaton pour 50,000.00 β le survie_new
[17:08:29] [ITEM_SOLD]: Toryar vendu 1 x Beehive à  CouzVeBaton pour 50,000.00 β le survie_new
[17:08:30] [ITEM_SOLD]: Toryar vendu 1 x Beehive à  CroixVeBaton pour 50,000.00 β le survie_new
[17:08:30] [ITEM_LISTED]: Toryar vend 1 x Beehive  pour 50,000.00β sur survie_new
[17:08:33] [ITEM_SOLD]: Toryar vendu 1 x Beehive à  blazou38 pour 50,000.00 β le survie_new
[17:08:34] [ITEM_LISTED]: Toryar vend 1 x Beehive  pour 500,000.00β sur survie_new
[17:14:59] [ITEM_LISTED]: Stebanou vend 1 x Bee Nest  pour 20,000.00β sur survie_new
[17:15:20] [ITEM_SOLD]: Stebanou vendu 1 x Bee Nest à  blazou38 pour 20,000.00 β le survie_new
[17:16:21] [ITEM_LISTED]: CroixVeBaton vend 64 x Oak Sapling  pour 50.00β sur survie_new
[17:16:27] [ITEM_SOLD]: CroixVeBaton vendu 64 x Oak Sapling à  blazou38 pour 50.00 β le survie_new
[17:21:14] [ITEM_LISTED]: Ekiliox vend 1 x Shulker Box  pour 2,500.00β sur survie_new
[17:25:49] [ITEM_RETURNED]: 1 x Golden Horse Armor  renvoyé à Stebanou le survie_new
[17:30:30] [ITEM_SOLD]: Stebanou vendu 64 x Spruce Log à  Loan02 pour 150.00 β le survie_new
[17:40:06] [ITEM_LISTED]: Max_Le_Max vend 2 x §;§:Spawner à Araignée venimeuse 1x  pour 5,000.00β sur survie_new
[17:50:47] [ITEM_LISTED]: Stebanou vend 1 x Bee Nest  pour 30,000.00β sur survie_new
[17:51:53] [ITEM_LISTED]: CouzVeBaton vend 1 x Honey Bottle  pour 5,000.00β sur survie_new
[17:52:15] [ITEM_CANCELLED]: CouzVeBaton annule la vente de 1x Honey Bottle pour 5,000.00β sur survie_new
[17:52:19] [ITEM_RETURNED]: 1 x Honey Bottle  renvoyé à CouzVeBaton le survie_new
[17:59:27] [ITEM_LISTED]: Yohan81 vend 50 x Sugar Cane  pour 0.01β sur survie_new
[18:00:13] [ITEM_SOLD]: Yohan81 vendu 50 x Sugar Cane à  Skullcute pour 0.01 β le survie_new
[18:14:37] [ITEM_SOLD]: Stebanou vendu 64 x Oak Log à  Isaorya pour 150.00 β le survie_new
[18:27:03] [ITEM_LISTED]: CouzVeBaton vend 1 x Honey Bottle  pour 2,000.00β sur survie_new
[18:27:32] [ITEM_CANCELLED]: Toryar annule la vente de 1x Beehive pour 500,000.00β sur survie_new
[18:28:37] [ITEM_LISTED]: Loan02 vend 1 x Honey Bottle  pour 1,500.00β sur survie_new
[18:30:07] [ITEM_CANCELLED]: CouzVeBaton annule la vente de 1x Honey Bottle pour 2,000.00β sur survie_new
[18:30:09] [ITEM_RETURNED]: 1 x Honey Bottle  renvoyé à CouzVeBaton le survie_new
[18:30:32] [ITEM_LISTED]: CouzVeBaton vend 1 x Honey Bottle  pour 2,000.00β sur survie_new
[18:43:16] [ITEM_RETURNED]: 1 x Partie d'équipement : V  renvoyé à Toryar le survie_new
[18:43:16] [ITEM_RETURNED]: 1 x Beehive  renvoyé à Toryar le survie_new
[19:03:13] [ITEM_SOLD]: CroixVeBaton vendu 64 x Dark Oak Log à  Loan02 pour 200.00 β le survie_new
[19:23:51] [ITEM_LISTED]: OfCourse vend 4 x Name Tag  pour 240.00β sur survie_new
[19:24:04] [ITEM_SOLD]: OfCourse vendu 4 x Name Tag à  Loan02 pour 240.00 β le survie_new
[19:27:00] [ITEM_LISTED]: Ekiliox vend 1 x Accès illimité à une grande ferme  pour 100,000.00β sur survie_new
[19:38:57] [ITEM_LISTED]: Loan02 vend 64 x Iron Block  pour 10,500.00β sur survie_new
[19:39:24] [ITEM_SOLD]: Loan02 vendu 64 x Iron Block à  pikatchou82 pour 10,500.00 β le survie_new
[19:39:28] [ITEM_SOLD]: Loan02 vendu 64 x Iron Block à  pikatchou82 pour 10,500.00 β le survie_new
[19:40:29] [ITEM_LISTED]: Skullcute vend 64 x Potato  pour 1.00β sur survie_new
[19:40:42] [ITEM_LISTED]: OfCourse vend 2 x Diamond  pour 400.00β sur survie_new
[19:41:18] [ITEM_LISTED]: pikatchou82 vend 64 x Clock  pour 1.00β sur survie_new
[19:41:21] [ITEM_LISTED]: pikatchou82 vend 64 x Clock  pour 1.00β sur survie_new
[19:41:23] [ITEM_LISTED]: pikatchou82 vend 64 x Clock  pour 1.00β sur survie_new
[19:41:26] [ITEM_LISTED]: pikatchou82 vend 64 x Clock  pour 1.00β sur survie_new
[19:41:28] [ITEM_LISTED]: pikatchou82 vend 64 x Clock  pour 1.00β sur survie_new
[19:41:30] [ITEM_LISTED]: pikatchou82 vend 64 x Clock  pour 1.00β sur survie_new
[19:41:32] [ITEM_LISTED]: pikatchou82 vend 64 x Clock  pour 1.00β sur survie_new
[19:41:34] [ITEM_LISTED]: pikatchou82 vend 64 x Clock  pour 1.00β sur survie_new
[19:41:37] [ITEM_LISTED]: Skullcute vend 64 x Carrot  pour 1.00β sur survie_new
[19:41:44] [ITEM_LISTED]: Skullcute vend 64 x Carrot  pour 1.00β sur survie_new
[19:41:50] [ITEM_LISTED]: Skullcute vend 37 x Potato  pour 1.00β sur survie_new
[19:41:50] [ITEM_SOLD]: Skullcute vendu 64 x Carrot à  pikatchou82 pour 1.00 β le survie_new
[19:41:52] [ITEM_SOLD]: Skullcute vendu 37 x Potato à  pikatchou82 pour 1.00 β le survie_new
[19:41:53] [ITEM_SOLD]: Skullcute vendu 64 x Carrot à  pikatchou82 pour 1.00 β le survie_new
[19:41:56] [ITEM_SOLD]: OfCourse vendu 2 x Diamond à  Trailler_42 pour 400.00 β le survie_new
[19:42:12] [ITEM_LISTED]: Skullcute vend 5 x Carrot  pour 0.02β sur survie_new
[19:42:22] [ITEM_SOLD]: Skullcute vendu 5 x Carrot à  pikatchou82 pour 0.02 β le survie_new
[19:43:13] [ITEM_LISTED]: Skullcute vend 5 x Carrot  pour 0.02β sur survie_new
[19:44:02] [ITEM_LISTED]: OfCourse vend 20 x Book  pour 100.00β sur survie_new
[19:44:18] [ITEM_LISTED]: Skullcute vend 64 x Carrot  pour 1.00β sur survie_new
[19:44:25] [ITEM_LISTED]: Skullcute vend 64 x Carrot  pour 1.00β sur survie_new
[19:44:31] [ITEM_LISTED]: Skullcute vend 64 x Carrot  pour 1.00β sur survie_new
[19:44:34] [ITEM_LISTED]: Skullcute vend 64 x Carrot  pour 1.00β sur survie_new
[19:44:39] [ITEM_LISTED]: Skullcute vend 64 x Carrot  pour 1.00β sur survie_new
[19:44:40] [ITEM_SOLD]: OfCourse vendu 20 x Book à  Trailler_42 pour 100.00 β le survie_new
[19:44:44] [ITEM_LISTED]: Skullcute vend 64 x Carrot  pour 1.00β sur survie_new
[19:44:48] [ITEM_LISTED]: Skullcute vend 64 x Carrot  pour 1.00β sur survie_new
[19:45:08] [ITEM_LISTED]: Skullcute vend 64 x Carrot  pour 1.00β sur survie_new
[19:45:11] [ITEM_LISTED]: Skullcute vend 64 x Carrot  pour 1.00β sur survie_new
[19:45:21] [ITEM_LISTED]: Skullcute vend 6 x Carrot  pour 0.02β sur survie_new
[19:45:59] [ITEM_SOLD]: Skullcute vendu 64 x Carrot à  Loan02 pour 1.00 β le survie_new
[19:47:25] [ITEM_SOLD]: Stebanou vendu 64 x Oak Log à  Skullcute pour 150.00 β le survie_new
[19:47:29] [ITEM_SOLD]: Stebanou vendu 64 x Birch Log à  Skullcute pour 150.00 β le survie_new
[19:47:49] [ITEM_LISTED]: Trailler_42 vend 8 x Gold Block  pour 1,500.00β sur survie_new
[19:48:37] [ITEM_SOLD]: Trailler_42 vendu 8 x Gold Block à  Loan02 pour 1,500.00 β le survie_new
[19:49:22] [ITEM_LISTED]: Trailler_42 vend 19 x Iron Block  pour 2,000.00β sur survie_new
[19:50:04] [ITEM_SOLD]: Stebanou vendu 64 x Birch Log à  Loan02 pour 150.00 β le survie_new
[19:53:31] [ITEM_LISTED]: Trailler_42 vend 17 x Redstone Block  pour 2,900.00β sur survie_new
[19:56:04] [ITEM_SOLD]: Max_Le_Max vendu 2 x §;§:Spawner à Araignée venimeuse 1x à  Loan02 pour 5,000.00 β le survie_new
[19:57:12] [ITEM_SOLD]: LLIcocoman_Hrz vendu 16 x Sponge à  D3sTryk3 pour 5,000.00 β le survie_new
[19:59:39] [ITEM_LISTED]: Trailler_42 vend 18 x Coal Block  pour 1,200.00β sur survie_new
[20:01:03] [ITEM_LISTED]: OfCourse vend 9 x Name Tag  pour 540.00β sur survie_new
[20:01:27] [ITEM_SOLD]: OfCourse vendu 9 x Name Tag à  D3sTryk3 pour 540.00 β le survie_new
[20:09:13] [ITEM_LISTED]: Trailler_42 vend 10 x Obsidian  pour 900.00β sur survie_new
[20:09:32] [ITEM_LISTED]: Trailler_42 vend 35 x Iron Ingot  pour 999.00β sur survie_new
[20:11:41] [ITEM_LISTED]: Trailler_42 vend 64 x Bone  pour 450.00β sur survie_new
[20:11:59] [ITEM_LISTED]: Trailler_42 vend 64 x Arrow  pour 350.00β sur survie_new
[20:12:09] [ITEM_LISTED]: Trailler_42 vend 21 x String  pour 400.00β sur survie_new
[20:12:20] [ITEM_LISTED]: Trailler_42 vend 21 x Gunpowder  pour 700.00β sur survie_new
[20:14:16] [ITEM_LISTED]: Trailler_42 vend 19 x String  pour 300.00β sur survie_new
[20:14:34] [ITEM_LISTED]: Trailler_42 vend 34 x Arrow  pour 200.00β sur survie_new
[20:14:40] [ITEM_LISTED]: Trailler_42 vend 64 x Arrow  pour 500.00β sur survie_new
[20:16:50] [ITEM_SOLD]: Trailler_42 vendu 21 x Gunpowder à  pikatchou82 pour 700.00 β le survie_new
[20:16:57] [ITEM_LISTED]: Trailler_42 vend 64 x Blaze Rod  pour 300.00β sur survie_new
[20:17:02] [ITEM_SOLD]: Loan02 vendu 64 x Iron Block à  pikatchou82 pour 10,600.00 β le survie_new
[20:17:05] [ITEM_LISTED]: Trailler_42 vend 64 x Blaze Rod  pour 200.00β sur survie_new
[20:17:13] [ITEM_LISTED]: Trailler_42 vend 64 x Blaze Rod  pour 200.00β sur survie_new
[20:18:31] [ITEM_LISTED]: Trailler_42 vend 64 x Bone  pour 450.00β sur survie_new
[20:18:42] [ITEM_LISTED]: Trailler_42 vend 34 x Bone  pour 225.00β sur survie_new
[20:18:49] [ITEM_SOLD]: Trailler_42 vendu 19 x Iron Block à  pikatchou82 pour 2,000.00 β le survie_new
[20:19:04] [ITEM_SOLD]: Stebanou vendu 1 x Bee Nest à  pikatchou82 pour 30,000.00 β le survie_new
[20:19:09] [ITEM_SOLD]: Ekiliox vendu 1 x Shulker Box à  pikatchou82 pour 2,500.00 β le survie_new
[20:25:57] [ITEM_SOLD]: Trailler_42 vendu 17 x Redstone Block à  pikatchou82 pour 2,900.00 β le survie_new
[20:28:23] [ITEM_SOLD]: Stebanou vendu 1 x Shulker Box à  pikatchou82 pour 2,500.00 β le survie_new
[20:28:48] [ITEM_SOLD]: Stebanou vendu 1 x Player Head à  pikatchou82 pour 25,000.00 β le survie_new
[20:29:24] [ITEM_SOLD]: Trailler_42 vendu 18 x Coal Block à  Loan02 pour 1,200.00 β le survie_new
[20:29:28] [ITEM_SOLD]: Stebanou vendu 64 x Jungle Log à  Loan02 pour 150.00 β le survie_new
[20:30:21] [ITEM_SOLD]: Stebanou vendu 64 x Jungle Log à  Djo676 pour 150.00 β le survie_new
[20:30:22] [ITEM_SOLD]: Stebanou vendu 64 x Jungle Log à  Djo676 pour 150.00 β le survie_new
[20:30:23] [ITEM_SOLD]: Stebanou vendu 64 x Jungle Log à  Djo676 pour 150.00 β le survie_new
[20:30:24] [ITEM_SOLD]: Stebanou vendu 64 x Jungle Log à  Djo676 pour 150.00 β le survie_new
[20:32:17] [ITEM_LISTED]: omega2028 vend 1 x Honey Block  pour 5,000.00β sur survie_new
[21:00:34] [ITEM_LISTED]: Trailler_42 vend 9 x Iron Block  pour 999.00β sur survie_new
[21:09:02] [ITEM_LISTED]: omega2028 vend 64 x Iron Block  pour 10,500.00β sur survie_new
[21:09:07] [ITEM_LISTED]: omega2028 vend 64 x Iron Block  pour 10,500.00β sur survie_new
[21:09:11] [ITEM_LISTED]: omega2028 vend 64 x Iron Block  pour 10,500.00β sur survie_new
[21:23:03] [ITEM_SOLD]: omega2028 vendu 64 x Iron Block à  pikatchou82 pour 10,500.00 β le survie_new
[21:23:04] [ITEM_SOLD]: omega2028 vendu 64 x Iron Block à  pikatchou82 pour 10,500.00 β le survie_new
[21:23:05] [ITEM_SOLD]: omega2028 vendu 64 x Iron Block à  pikatchou82 pour 10,500.00 β le survie_new
[21:23:13] [ITEM_LISTED]: ticiatrhd vend 64 x Ipad en or  pour 1,500.00β sur survie_new
[21:24:01] [ITEM_LISTED]: ticiatrhd vend 1 x rolex de luxe  pour 45,000.00β sur survie_new
[21:27:26] [ITEM_LISTED]: Trailler_42 vend 11 x Iron Block  pour 1,200.00β sur survie_new
[21:28:11] [ITEM_SOLD]: Trailler_42 vendu 11 x Iron Block à  CouzVeBaton pour 1,200.00 β le survie_new
[21:29:52] [ITEM_LISTED]: Trailler_42 vend 1 x Diamond Leggings  pour 999.00β sur survie_new
[21:31:54] [ITEM_LISTED]: omega2028 vend 64 x Iron Block  pour 11,000.00β sur survie_new
[21:31:56] [ITEM_LISTED]: omega2028 vend 64 x Iron Block  pour 11,000.00β sur survie_new
[21:31:59] [ITEM_LISTED]: omega2028 vend 64 x Iron Block  pour 11,000.00β sur survie_new
[21:32:13] [ITEM_SOLD]: Trailler_42 vendu 9 x Iron Block à  omega2028 pour 999.00 β le survie_new
[21:32:33] [ITEM_SOLD]: pikatchou82 vendu 64 x Anvil à  omega2028 pour 1,000.00 β le survie_new
[21:32:35] [ITEM_SOLD]: pikatchou82 vendu 64 x Anvil à  omega2028 pour 1,000.00 β le survie_new
[21:32:38] [ITEM_SOLD]: pikatchou82 vendu 64 x Anvil à  omega2028 pour 1,000.00 β le survie_new
[21:32:40] [ITEM_SOLD]: pikatchou82 vendu 64 x Anvil à  omega2028 pour 1,000.00 β le survie_new
[21:32:41] [ITEM_SOLD]: pikatchou82 vendu 64 x Anvil à  omega2028 pour 1,000.00 β le survie_new
[21:32:42] [ITEM_SOLD]: pikatchou82 vendu 64 x Anvil à  omega2028 pour 1,000.00 β le survie_new
[21:32:45] [ITEM_SOLD]: pikatchou82 vendu 64 x Anvil à  omega2028 pour 1,000.00 β le survie_new
[21:43:38] [ITEM_LISTED]: Trailler_42 vend 24 x Gold Ingot  pour 670.00β sur survie_new
[21:58:51] [ITEM_SOLD]: pikatchou82 vendu 64 x Clock à  Ekiliox pour 1.00 β le survie_new
[22:03:34] [ITEM_LISTED]: ekkubb vend 1 x Diamond Chestplate  [Protection IV, Thorns II] pour 7,000.00β sur survie_new
[22:04:10] [ITEM_LISTED]: Zeelyrules vend 64 x Redstone Block  pour 100.00β sur survie_new
[22:04:29] [ITEM_LISTED]: Zeelyrules vend 64 x Redstone Block  pour 100.00β sur survie_new
[22:05:07] [ITEM_LISTED]: ekkubb vend 1 x nul  [Protection III, Unbreaking III] pour 300.00β sur survie_new
[22:05:19] [ITEM_SOLD]: Zeelyrules vendu 64 x Redstone Block à  pikatchou82 pour 100.00 β le survie_new
[22:05:20] [ITEM_SOLD]: Zeelyrules vendu 64 x Redstone Block à  pikatchou82 pour 100.00 β le survie_new
[22:08:28] [ITEM_LISTED]: ekkubb vend 1 x portée régulièrement par gamer girl  [Mending, Protection IV, Unbreaking III] pour 4,000.00β sur survie_new
[22:18:56] [ITEM_LISTED]: omega2028 vend 64 x Iron Block  pour 11,000.00β sur survie_new
[22:21:04] [ITEM_CANCELLED]: CouzVeBaton annule la vente de 1x Honey Bottle pour 2,000.00β sur survie_new
[22:21:11] [ITEM_RETURNED]: 1 x Honey Bottle  renvoyé à CouzVeBaton le survie_new
[22:21:21] [ITEM_LISTED]: CouzVeBaton vend 1 x Honey Bottle  pour 500.00β sur survie_new
[22:22:37] [ITEM_LISTED]: ekkubb vend 1 x araignées être comme: (mortes)  [Bane of Arthropods IV, Looting I] pour 200.00β sur survie_new
[22:23:08] [ITEM_SOLD]: Stebanou vendu 1 x Shulker Box à  pikatchou82 pour 2,500.00 β le survie_new
[22:23:10] [ITEM_SOLD]: Stebanou vendu 1 x Shulker Box à  pikatchou82 pour 2,500.00 β le survie_new
[22:24:13] [ITEM_SOLD]: Stebanou vendu 1 x Shulker Box à  pikatchou82 pour 2,500.00 β le survie_new
[22:24:15] [ITEM_SOLD]: Stebanou vendu 1 x Shulker Box à  pikatchou82 pour 2,500.00 β le survie_new
[22:24:16] [ITEM_SOLD]: Stebanou vendu 1 x Shulker Box à  pikatchou82 pour 2,500.00 β le survie_new
[22:24:49] [ITEM_SOLD]: Ekiliox vendu 1 x Diamond Helmet à  [Aqua Affinity] ekkubb pour 500.00 β le survie_new
[22:25:02] [ITEM_LISTED]: Stebanou vend 1 x Shulker Box  pour 25,000.00β sur survie_new
[22:25:06] [ITEM_LISTED]: Stebanou vend 1 x Shulker Box  pour 2,500.00β sur survie_new
[22:25:08] [ITEM_LISTED]: Stebanou vend 1 x Shulker Box  pour 2,500.00β sur survie_new
[22:25:09] [ITEM_LISTED]: Stebanou vend 1 x Shulker Box  pour 2,500.00β sur survie_new
[22:28:41] [ITEM_LISTED]: pikatchou82 vend 1 x cordes en grosse quantité  pour 5,000.00β sur survie_new
[22:28:45] [ITEM_LISTED]: pikatchou82 vend 1 x cordes en grosses quantités  pour 5,000.00β sur survie_new
[22:28:50] [ITEM_LISTED]: pikatchou82 vend 1 x cordes en grosses quantités  pour 5,000.00β sur survie_new
[22:30:05] [ITEM_LISTED]: pikatchou82 vend 1 x full jukebox  pour 5,000.00β sur survie_new
[22:31:23] [ITEM_LISTED]: pikatchou82 vend 1 x full plaques de pressions  pour 10,000.00β sur survie_new
[22:31:47] [ITEM_SOLD]: Stebanou vendu 1 x Shulker Box à  pikatchou82 pour 2,500.00 β le survie_new
[22:31:51] [ITEM_SOLD]: Stebanou vendu 1 x Shulker Box à  pikatchou82 pour 2,500.00 β le survie_new
[22:31:56] [ITEM_SOLD]: Stebanou vendu 1 x Shulker Box à  pikatchou82 pour 2,500.00 β le survie_new
[22:32:25] [ITEM_CANCELLED]: Stebanou annule la vente de 1x Shulker Box pour 25,000.00β sur survie_new
[22:32:26] [ITEM_RETURNED]: 1 x Shulker Box  renvoyé à Stebanou le survie_new
[22:32:32] [ITEM_LISTED]: Stebanou vend 1 x Shulker Box  pour 2,500.00β sur survie_new
[22:32:51] [ITEM_SOLD]: Stebanou vendu 1 x Shulker Box à  pikatchou82 pour 2,500.00 β le survie_new
[22:34:04] [ITEM_LISTED]: pikatchou82 vend 1 x full enclume   pour 10,000.00β sur survie_new
[22:44:01] [ITEM_LISTED]: Rinpyo vend 64 x Stone  pour 250.00β sur survie_new
[22:44:11] [ITEM_LISTED]: Rinpyo vend 64 x Stone  pour 250.00β sur survie_new
[22:44:24] [ITEM_LISTED]: Rinpyo vend 64 x Stone  pour 250.00β sur survie_new
[22:44:32] [ITEM_LISTED]: Rinpyo vend 64 x Stone  pour 250.00β sur survie_new
[22:44:42] [ITEM_SOLD]: Rinpyo vendu 64 x Stone à  ticiatrhd pour 250.00 β le survie_new
[22:44:44] [ITEM_SOLD]: Rinpyo vendu 64 x Stone à  ticiatrhd pour 250.00 β le survie_new
[22:44:45] [ITEM_SOLD]: Rinpyo vendu 64 x Stone à  ticiatrhd pour 250.00 β le survie_new
[22:44:47] [ITEM_SOLD]: Rinpyo vendu 64 x Stone à  ticiatrhd pour 250.00 β le survie_new
[22:45:26] [ITEM_LISTED]: Rinpyo vend 64 x Stone  pour 250.00β sur survie_new
[22:47:46] [ITEM_LISTED]: ekkubb vend 64 x bois  pour 100.00β sur survie_new
[22:47:57] [ITEM_LISTED]: ekkubb vend 64 x terre  pour 110.00β sur survie_new
[22:48:56] [ITEM_SOLD]: ekkubb vendu 1 x araignées être comme: (mortes) à  [Bane of Arthropods IV, Looting I] nuka_blood pour 200.00 β le survie_new
[22:53:08] [ITEM_LISTED]: Rinpyo vend 64 x Stone  pour 100.00β sur survie_new
[22:53:26] [ITEM_LISTED]: Rinpyo vend 64 x Stone  pour 100.00β sur survie_new
[22:53:31] [ITEM_LISTED]: Rinpyo vend 64 x Stone  pour 100.00β sur survie_new
[22:54:20] [ITEM_SOLD]: Rinpyo vendu 64 x Stone à  ticiatrhd pour 100.00 β le survie_new
[22:54:21] [ITEM_SOLD]: Rinpyo vendu 64 x Stone à  ticiatrhd pour 100.00 β le survie_new
[22:54:23] [ITEM_SOLD]: Rinpyo vendu 64 x Stone à  ticiatrhd pour 100.00 β le survie_new
[22:58:11] [ITEM_SOLD]: h_ney vendu 64 x Potato à  nuka_blood pour 32.00 β le survie_new
[22:58:13] [ITEM_LISTED]: Rinpyo vend 64 x Stone  pour 100.00β sur survie_new
[22:58:14] [ITEM_SOLD]: h_ney vendu 64 x Potato à  nuka_blood pour 32.00 β le survie_new
[22:58:15] [ITEM_SOLD]: h_ney vendu 64 x Potato à  nuka_blood pour 32.00 β le survie_new
[22:58:31] [ITEM_LISTED]: Rinpyo vend 64 x Stone  pour 100.00β sur survie_new
[22:59:02] [ITEM_SOLD]: h_ney vendu 64 x Potato à  nuka_blood pour 32.00 β le survie_new
[23:07:14] [ITEM_LISTED]: Rinpyo vend 64 x Stone  pour 100.00β sur survie_new
[23:42:15] [ITEM_LISTED]: Trailler_42 vend 57 x Lapis Lazuli  pour 600.00β sur survie_new
[23:44:32] [ITEM_LISTED]: Trailler_42 vend 1 x Name Tag  pour 599.00β sur survie_new
[23:51:17] [ITEM_LISTED]: ekkubb vend 2 x Dolphin Spawn Egg  pour 1,000.00β sur survie_new
