[00:02:26] [ITEM_DROPPED]: Abandon de la vente Jarreshan expirée de 1 x Map  pour 0.00β à leurs pieds le Ressource
[00:02:26] [ITEM_DROPPED]: Abandon de la vente Jarreshan expirée de 1 x Map  pour 0.00β à leurs pieds le Ressource
[00:02:26] [ITEM_DROPPED]: Abandon de la vente Jarreshan expirée de 1 x Heart Of The Sea  pour 0.00β à leurs pieds le Ressource
[00:02:26] [ITEM_DROPPED]: Abandon de la vente Jarreshan expirée de 1 x Heart Of The Sea  pour 0.00β à leurs pieds le Ressource
[00:02:26] [ITEM_DROPPED]: Abandon de la vente Jarreshan expirée de 1 x Heart Of The Sea  pour 0.00β à leurs pieds le Ressource
[00:02:26] [ITEM_DROPPED]: Abandon de la vente Jarreshan expirée de 1 x Heart Of The Sea  pour 0.00β à leurs pieds le Ressource
[00:02:26] [ITEM_DROPPED]: Abandon de la vente Jarreshan expirée de 1 x Enchanted Golden Apple  pour 0.00β à leurs pieds le survie_new
[00:02:26] [ITEM_DROPPED]: Abandon de la vente Jarreshan expirée de 1 x Enchanted Golden Apple  pour 0.00β à leurs pieds le survie_new
[00:02:26] [ITEM_DROPPED]: Abandon de la vente Jarreshan expirée de 1 x Enchanted Golden Apple  pour 0.00β à leurs pieds le survie_new
[00:02:26] [ITEM_DROPPED]: Abandon de la vente Jarreshan expirée de 1 x Enchanted Golden Apple  pour 0.00β à leurs pieds le survie_new
[00:02:26] [ITEM_DROPPED]: Abandon de la vente Jarreshan expirée de 1 x Enchanted Golden Apple  pour 0.00β à leurs pieds le survie_new
[00:02:26] [ITEM_DROPPED]: Abandon de la vente Jarreshan expirée de 1 x Enchanted Golden Apple  pour 0.00β à leurs pieds le survie_new
[00:02:26] [ITEM_DROPPED]: Abandon de la vente Jarreshan expirée de 1 x Pomme des Cieux  pour 0.00β à leurs pieds le survie_new
[00:02:26] [ITEM_DROPPED]: Abandon de la vente Jarreshan expirée de 1 x Pomme des Cieux  pour 0.00β à leurs pieds le survie_new
[00:02:26] [ITEM_DROPPED]: Abandon de la vente Jarreshan expirée de 1 x Enchanted Book  pour 0.00β à leurs pieds le survie_new
[00:02:26] [ITEM_DROPPED]: Abandon de la vente Jarreshan expirée de 1 x [Cave spider Spawner]  pour 0.00β à leurs pieds le survie_new
[00:02:26] [ITEM_DROPPED]: Abandon de la vente Jarreshan expirée de 1 x [Spider Spawner]  pour 0.00β à leurs pieds le survie_new
[05:47:21] [ITEM_CANCELLED]: amnotte annule la vente de 64x Bamboo pour 100.00β sur survie_new
[05:47:27] [ITEM_CANCELLED]: amnotte annule la vente de 64x Bamboo pour 100.00β sur survie_new
[05:47:27] [ITEM_CANCELLED]: amnotte annule la vente de 64x Bamboo pour 100.00β sur survie_new
[05:47:28] [ITEM_CANCELLED]: amnotte annule la vente de 64x Bamboo pour 100.00β sur survie_new
[05:47:28] [ITEM_CANCELLED]: amnotte annule la vente de 64x Bamboo pour 100.00β sur survie_new
[05:47:55] [ITEM_RETURNED]: 64 x Bamboo  renvoyé à amnotte le survie_new
[05:47:55] [ITEM_RETURNED]: 64 x Bamboo  renvoyé à amnotte le survie_new
[05:47:55] [ITEM_RETURNED]: 64 x Bamboo  renvoyé à amnotte le survie_new
[05:47:55] [ITEM_RETURNED]: 64 x Bamboo  renvoyé à amnotte le survie_new
[05:47:55] [ITEM_RETURNED]: 64 x Bamboo  renvoyé à amnotte le survie_new
[07:02:46] [ITEM_SOLD]: Blazd vendu 1 x Enchanted Book à  amnotte pour 8,000.00 β le survie_new
[10:11:35] [ITEM_RETURNED]: 1 x Saddle  renvoyé à Kaio_Beninou le survie_new
[10:11:35] [ITEM_RETURNED]: 1 x Saddle  renvoyé à Kaio_Beninou le survie_new
[10:11:35] [ITEM_RETURNED]: 1 x Shulker Box  renvoyé à Kaio_Beninou le survie_new
[10:11:35] [ITEM_RETURNED]: 1 x Enchanted Book  renvoyé à Kaio_Beninou le survie_new
[10:11:42] [ITEM_LISTED]: Kaio_Beninou vend 1 x Saddle  pour 500.00β sur survie_new
[10:11:47] [ITEM_LISTED]: Kaio_Beninou vend 1 x Saddle  pour 500.00β sur survie_new
[10:11:56] [ITEM_LISTED]: Kaio_Beninou vend 1 x Enchanted Book  pour 2,000.00β sur survie_new
[10:12:07] [ITEM_LISTED]: Kaio_Beninou vend 1 x Shulker Box  pour 5,000.00β sur survie_new
[10:34:43] [ITEM_LISTED]: Kaio_Beninou vend 10 x Ink Sac  pour 500.00β sur survie_new
[12:20:33] [ITEM_LISTED]: REGDYLAN vend 1 x §;§:Spawner à Cochon-Zombie 1x  pour 100,000.00β sur survie_new
[12:20:36] [ITEM_LISTED]: REGDYLAN vend 1 x §;§:Spawner à Cochon-Zombie 1x  pour 100,000.00β sur survie_new
[12:20:38] [ITEM_LISTED]: REGDYLAN vend 1 x §;§:Spawner à Cochon-Zombie 1x  pour 100,000.00β sur survie_new
[12:20:39] [ITEM_LISTED]: REGDYLAN vend 1 x §;§:Spawner à Cochon-Zombie 1x  pour 100,000.00β sur survie_new
[12:20:40] [ITEM_LISTED]: REGDYLAN vend 1 x §;§:Spawner à Cochon-Zombie 1x  pour 100,000.00β sur survie_new
[12:20:44] [ITEM_LISTED]: REGDYLAN vend 1 x §;§:Spawner à Cochon-Zombie 1x  pour 100,000.00β sur survie_new
[12:20:45] [ITEM_LISTED]: REGDYLAN vend 1 x §;§:Spawner à Cochon-Zombie 1x  pour 100,000.00β sur survie_new
[12:20:46] [ITEM_LISTED]: REGDYLAN vend 1 x §;§:Spawner à Cochon-Zombie 1x  pour 100,000.00β sur survie_new
[12:20:47] [ITEM_LISTED]: REGDYLAN vend 1 x §;§:Spawner à Cochon-Zombie 1x  pour 100,000.00β sur survie_new
[12:20:53] [ITEM_LISTED]: REGDYLAN vend 1 x §;§:Spawner à Cochon-Zombie 1x  pour 100,000.00β sur survie_new
[12:20:54] [ITEM_LISTED]: REGDYLAN vend 1 x §;§:Spawner à Cochon-Zombie 1x  pour 100,000.00β sur survie_new
[12:20:55] [ITEM_LISTED]: REGDYLAN vend 1 x §;§:Spawner à Cochon-Zombie 1x  pour 100,000.00β sur survie_new
[12:20:56] [ITEM_LISTED]: REGDYLAN vend 1 x §;§:Spawner à Cochon-Zombie 1x  pour 100,000.00β sur survie_new
[12:20:57] [ITEM_LISTED]: REGDYLAN vend 1 x §;§:Spawner à Cochon-Zombie 1x  pour 100,000.00β sur survie_new
[12:20:58] [ITEM_LISTED]: REGDYLAN vend 1 x §;§:Spawner à Cochon-Zombie 1x  pour 100,000.00β sur survie_new
[12:20:59] [ITEM_LISTED]: REGDYLAN vend 1 x §;§:Spawner à Cochon-Zombie 1x  pour 100,000.00β sur survie_new
[12:21:00] [ITEM_LISTED]: REGDYLAN vend 1 x §;§:Spawner à Cochon-Zombie 1x  pour 100,000.00β sur survie_new
[12:21:01] [ITEM_LISTED]: REGDYLAN vend 1 x §;§:Spawner à Cochon-Zombie 1x  pour 100,000.00β sur survie_new
[12:27:59] [ITEM_DROPPED]: Abandon de la vente STANIS07 expirée de 19 x Gold Ingot  pour 0.00β à leurs pieds le survie_new
[13:10:00] [ITEM_CANCELLED]: REGDYLAN annule la vente de 1x §;§:Spawner à Cochon-Zombie 1x pour 100,000.00β sur survie_new
[13:10:01] [ITEM_CANCELLED]: REGDYLAN annule la vente de 1x §;§:Spawner à Cochon-Zombie 1x pour 100,000.00β sur survie_new
[13:10:01] [ITEM_CANCELLED]: REGDYLAN annule la vente de 1x §;§:Spawner à Cochon-Zombie 1x pour 100,000.00β sur survie_new
[13:10:01] [ITEM_CANCELLED]: REGDYLAN annule la vente de 1x §;§:Spawner à Cochon-Zombie 1x pour 100,000.00β sur survie_new
[13:10:01] [ITEM_CANCELLED]: REGDYLAN annule la vente de 1x §;§:Spawner à Cochon-Zombie 1x pour 100,000.00β sur survie_new
[13:10:02] [ITEM_CANCELLED]: REGDYLAN annule la vente de 1x §;§:Spawner à Cochon-Zombie 1x pour 100,000.00β sur survie_new
[13:10:02] [ITEM_CANCELLED]: REGDYLAN annule la vente de 1x §;§:Spawner à Cochon-Zombie 1x pour 100,000.00β sur survie_new
[13:10:02] [ITEM_CANCELLED]: REGDYLAN annule la vente de 1x §;§:Spawner à Cochon-Zombie 1x pour 100,000.00β sur survie_new
[13:10:02] [ITEM_CANCELLED]: REGDYLAN annule la vente de 1x §;§:Spawner à Cochon-Zombie 1x pour 100,000.00β sur survie_new
[13:10:02] [ITEM_CANCELLED]: REGDYLAN annule la vente de 1x §;§:Spawner à Cochon-Zombie 1x pour 100,000.00β sur survie_new
[13:10:02] [ITEM_CANCELLED]: REGDYLAN annule la vente de 1x §;§:Spawner à Cochon-Zombie 1x pour 100,000.00β sur survie_new
[13:10:02] [ITEM_CANCELLED]: REGDYLAN annule la vente de 1x §;§:Spawner à Cochon-Zombie 1x pour 100,000.00β sur survie_new
[13:10:03] [ITEM_CANCELLED]: REGDYLAN annule la vente de 1x §;§:Spawner à Cochon-Zombie 1x pour 100,000.00β sur survie_new
[13:10:03] [ITEM_CANCELLED]: REGDYLAN annule la vente de 1x §;§:Spawner à Cochon-Zombie 1x pour 100,000.00β sur survie_new
[13:10:03] [ITEM_CANCELLED]: REGDYLAN annule la vente de 1x §;§:Spawner à Cochon-Zombie 1x pour 100,000.00β sur survie_new
[13:10:03] [ITEM_CANCELLED]: REGDYLAN annule la vente de 1x §;§:Spawner à Cochon-Zombie 1x pour 100,000.00β sur survie_new
[13:10:04] [ITEM_CANCELLED]: REGDYLAN annule la vente de 1x §;§:Spawner à Cochon-Zombie 1x pour 100,000.00β sur survie_new
[13:10:04] [ITEM_CANCELLED]: REGDYLAN annule la vente de 1x §;§:Spawner à Cochon-Zombie 1x pour 100,000.00β sur survie_new
[13:10:08] [ITEM_RETURNED]: 1 x §;§:Spawner à Cochon-Zombie 1x  renvoyé à REGDYLAN le survie_new
[13:10:08] [ITEM_RETURNED]: 1 x §;§:Spawner à Cochon-Zombie 1x  renvoyé à REGDYLAN le survie_new
[13:10:08] [ITEM_RETURNED]: 1 x §;§:Spawner à Cochon-Zombie 1x  renvoyé à REGDYLAN le survie_new
[13:10:08] [ITEM_RETURNED]: 1 x §;§:Spawner à Cochon-Zombie 1x  renvoyé à REGDYLAN le survie_new
[13:10:09] [ITEM_RETURNED]: 1 x §;§:Spawner à Cochon-Zombie 1x  renvoyé à REGDYLAN le survie_new
[13:10:09] [ITEM_RETURNED]: 1 x §;§:Spawner à Cochon-Zombie 1x  renvoyé à REGDYLAN le survie_new
[13:10:09] [ITEM_RETURNED]: 1 x §;§:Spawner à Cochon-Zombie 1x  renvoyé à REGDYLAN le survie_new
[13:10:09] [ITEM_RETURNED]: 1 x §;§:Spawner à Cochon-Zombie 1x  renvoyé à REGDYLAN le survie_new
[13:10:10] [ITEM_RETURNED]: 1 x §;§:Spawner à Cochon-Zombie 1x  renvoyé à REGDYLAN le survie_new
[13:10:10] [ITEM_RETURNED]: 1 x §;§:Spawner à Cochon-Zombie 1x  renvoyé à REGDYLAN le survie_new
[13:10:10] [ITEM_RETURNED]: 1 x §;§:Spawner à Cochon-Zombie 1x  renvoyé à REGDYLAN le survie_new
[13:10:10] [ITEM_RETURNED]: 1 x §;§:Spawner à Cochon-Zombie 1x  renvoyé à REGDYLAN le survie_new
[13:10:10] [ITEM_RETURNED]: 1 x §;§:Spawner à Cochon-Zombie 1x  renvoyé à REGDYLAN le survie_new
[13:10:11] [ITEM_RETURNED]: 1 x §;§:Spawner à Cochon-Zombie 1x  renvoyé à REGDYLAN le survie_new
[13:10:11] [ITEM_RETURNED]: 1 x §;§:Spawner à Cochon-Zombie 1x  renvoyé à REGDYLAN le survie_new
[13:10:11] [ITEM_RETURNED]: 1 x §;§:Spawner à Cochon-Zombie 1x  renvoyé à REGDYLAN le survie_new
[13:10:11] [ITEM_RETURNED]: 1 x §;§:Spawner à Cochon-Zombie 1x  renvoyé à REGDYLAN le survie_new
[13:10:12] [ITEM_RETURNED]: 1 x §;§:Spawner à Cochon-Zombie 1x  renvoyé à REGDYLAN le survie_new
[13:10:19] [ITEM_LISTED]: Geratinapute vend 64 x Iron Ore  pour 5,500.00β sur survie_new
[13:10:23] [ITEM_SOLD]: PrinceJUULS vendu 1 x Enchanted Book à  Christophe_ pour 5,000.00 β le survie_new
[13:10:23] [ITEM_LISTED]: Geratinapute vend 64 x Iron Ore  pour 5,500.00β sur survie_new
[13:10:25] [ITEM_LISTED]: Geratinapute vend 64 x Iron Ore  pour 5,500.00β sur survie_new
[13:10:27] [ITEM_LISTED]: Geratinapute vend 64 x Iron Ore  pour 5,500.00β sur survie_new
[13:10:30] [ITEM_LISTED]: REGDYLAN vend 1 x §;§:Spawner à Cochon-Zombie 1x  pour 50,000.00β sur survie_new
[13:10:31] [ITEM_LISTED]: REGDYLAN vend 1 x §;§:Spawner à Cochon-Zombie 1x  pour 50,000.00β sur survie_new
[13:10:33] [ITEM_LISTED]: REGDYLAN vend 1 x §;§:Spawner à Cochon-Zombie 1x  pour 50,000.00β sur survie_new
[13:10:33] [ITEM_LISTED]: REGDYLAN vend 1 x §;§:Spawner à Cochon-Zombie 1x  pour 50,000.00β sur survie_new
[13:10:34] [ITEM_LISTED]: REGDYLAN vend 1 x §;§:Spawner à Cochon-Zombie 1x  pour 50,000.00β sur survie_new
[13:10:35] [ITEM_LISTED]: REGDYLAN vend 1 x §;§:Spawner à Cochon-Zombie 1x  pour 50,000.00β sur survie_new
[13:10:38] [ITEM_LISTED]: REGDYLAN vend 1 x §;§:Spawner à Cochon-Zombie 1x  pour 50,000.00β sur survie_new
[13:10:39] [ITEM_LISTED]: REGDYLAN vend 1 x §;§:Spawner à Cochon-Zombie 1x  pour 50,000.00β sur survie_new
[13:10:41] [ITEM_LISTED]: REGDYLAN vend 1 x §;§:Spawner à Cochon-Zombie 1x  pour 50,000.00β sur survie_new
[13:10:46] [ITEM_LISTED]: REGDYLAN vend 1 x §;§:Spawner à Cochon-Zombie 1x  pour 50,000.00β sur survie_new
[13:10:47] [ITEM_LISTED]: REGDYLAN vend 1 x §;§:Spawner à Cochon-Zombie 1x  pour 50,000.00β sur survie_new
[13:10:48] [ITEM_LISTED]: REGDYLAN vend 1 x §;§:Spawner à Cochon-Zombie 1x  pour 50,000.00β sur survie_new
[13:10:49] [ITEM_LISTED]: REGDYLAN vend 1 x §;§:Spawner à Cochon-Zombie 1x  pour 50,000.00β sur survie_new
[13:10:49] [ITEM_LISTED]: REGDYLAN vend 1 x §;§:Spawner à Cochon-Zombie 1x  pour 50,000.00β sur survie_new
[13:10:50] [ITEM_LISTED]: REGDYLAN vend 1 x §;§:Spawner à Cochon-Zombie 1x  pour 50,000.00β sur survie_new
[13:10:51] [ITEM_LISTED]: REGDYLAN vend 1 x §;§:Spawner à Cochon-Zombie 1x  pour 50,000.00β sur survie_new
[13:10:52] [ITEM_LISTED]: REGDYLAN vend 1 x §;§:Spawner à Cochon-Zombie 1x  pour 50,000.00β sur survie_new
[13:10:53] [ITEM_LISTED]: REGDYLAN vend 1 x §;§:Spawner à Cochon-Zombie 1x  pour 50,000.00β sur survie_new
[13:10:58] [ITEM_SOLD]: Geratinapute vendu 64 x Iron Ore à  REGDYLAN pour 5,500.00 β le survie_new
[13:10:59] [ITEM_SOLD]: Geratinapute vendu 64 x Iron Ore à  REGDYLAN pour 5,500.00 β le survie_new
[13:11:00] [ITEM_SOLD]: Geratinapute vendu 64 x Iron Ore à  REGDYLAN pour 5,500.00 β le survie_new
[13:11:01] [ITEM_SOLD]: Geratinapute vendu 64 x Iron Ore à  REGDYLAN pour 5,500.00 β le survie_new
[14:59:01] [ITEM_LISTED]: Blazd vend 1 x Enchanted Book  pour 8,000.00β sur survie_new
[15:46:14] [ITEM_LISTED]: REGDYLAN vend 1 x §;§:Spawner à Golem de fer 1x  pour 100,000.00β sur survie_new
[15:49:55] [ITEM_SOLD]: Blazd vendu 1 x Enchanted Book à  Seikooc_ pour 8,000.00 β le survie_new
[15:50:52] [ITEM_SOLD]: REGDYLAN vendu 1 x §;§:Spawner à Golem de fer 1x à  Blazd pour 100,000.00 β le survie_new
[18:02:23] [ITEM_SOLD]: REGDYLAN vendu 1 x §;§:Spawner à Cochon-Zombie 1x à  HeFk pour 50,000.00 β le survie_new
[18:05:33] [ITEM_LISTED]: Bertrand vend 1 x Music Disc Wait  pour 500.00β sur survie_new
[18:10:04] [ITEM_SOLD]: Nadreel vendu 1 x Epée à  [Looting II, Sharpness V, Unbreaking II] yokianderson pour 7,500.00 β le survie_new
[18:11:24] [ITEM_LISTED]: Bertrand vend 1 x §;§:Spawner à Araignée venimeuse 1x  pour 1,500.00β sur survie_new
[18:11:42] [ITEM_LISTED]: Bertrand vend 1 x §;§:Spawner à Araignée venimeuse 1x  pour 1,500.00β sur survie_new
[18:28:44] [ITEM_CANCELLED]: REGDYLAN annule la vente de 1x §;§:Spawner à Cochon-Zombie 1x pour 50,000.00β sur survie_new
[18:28:46] [ITEM_RETURNED]: 1 x §;§:Spawner à Cochon-Zombie 1x  renvoyé à REGDYLAN le survie_new
[18:39:39] [ITEM_RETURNED]: 1 x Epée  [Looting II, Sharpness V, Unbreaking II] renvoyé à Nadreel le survie_new
[18:39:44] [ITEM_LISTED]: Nadreel vend 1 x Epée  [Looting II, Sharpness V, Unbreaking II] pour 5,600.00β sur survie_new
[19:12:20] [ITEM_SOLD]: Bertrand vendu 1 x §;§:Spawner à Araignée venimeuse 1x à  Christophe_ pour 1,500.00 β le survie_new
[19:12:23] [ITEM_SOLD]: Bertrand vendu 1 x §;§:Spawner à Araignée venimeuse 1x à  Christophe_ pour 1,500.00 β le survie_new
[19:12:39] [ITEM_SOLD]: LiKaneH vendu 1 x §;§:Arraigné Spawner 1x à  Christophe_ pour 2,500.00 β le survie_new
[19:12:42] [ITEM_SOLD]: Caldryk vendu 1 x §;§:Spawner à Araignée venimeuse 1x à  Christophe_ pour 2,500.00 β le survie_new
[19:12:44] [ITEM_SOLD]: SeiyaDxD vendu 1 x §;§:Spawner à Araignée venimeuse 1x à  Christophe_ pour 2,900.00 β le survie_new
[19:12:49] [ITEM_SOLD]: SeiyaDxD vendu 1 x §;§:Spawner à Araignée venimeuse 1x à  Christophe_ pour 2,900.00 β le survie_new
[19:12:55] [ITEM_SOLD]: SeiyaDxD vendu 1 x §;§:Spawner à Arraigné 1x à  Christophe_ pour 2,900.00 β le survie_new
[19:12:58] [ITEM_SOLD]: SeiyaDxD vendu 1 x §;§:Spawner à Araignée venimeuse 1x à  Christophe_ pour 2,900.00 β le survie_new
[19:14:56] [ITEM_LISTED]: SSLLOOTTHH vend 64 x Emerald Block  pour 34,000.00β sur survie_new
[19:16:12] [ITEM_CANCELLED]: SSLLOOTTHH annule la vente de 64x Emerald Block pour 34,000.00β sur survie_new
[19:16:19] [ITEM_RETURNED]: 64 x Emerald Block  renvoyé à SSLLOOTTHH le survie_new
[19:16:30] [ITEM_LISTED]: SSLLOOTTHH vend 64 x Emerald Block  pour 32,000.00β sur survie_new
[19:17:32] [ITEM_CANCELLED]: SSLLOOTTHH annule la vente de 64x Emerald Block pour 32,000.00β sur survie_new
[19:17:33] [ITEM_RETURNED]: 64 x Emerald Block  renvoyé à SSLLOOTTHH le survie_new
[19:17:44] [ITEM_LISTED]: SSLLOOTTHH vend 64 x Emerald Block  pour 29,999.00β sur survie_new
[19:18:06] [ITEM_SOLD]: SSLLOOTTHH vendu 64 x Emerald Block à  Christophe_ pour 29,999.00 β le survie_new
[19:18:29] [ITEM_SOLD]: Bertrand vendu 1 x Music Disc Wait à  Blazd pour 500.00 β le survie_new
[19:43:11] [ITEM_LISTED]: SSLLOOTTHH vend 64 x Emerald Block  pour 29,999.00β sur survie_new
[19:49:14] [ITEM_CANCELLED]: SSLLOOTTHH annule la vente de 64x Emerald Block pour 29,999.00β sur survie_new
[19:49:17] [ITEM_RETURNED]: 64 x Emerald Block  renvoyé à SSLLOOTTHH le survie_new
[19:49:38] [ITEM_LISTED]: SSLLOOTTHH vend 64 x Emerald Block  pour 20,000.00β sur survie_new
[19:51:22] [ITEM_LISTED]: Yohan81 vend 1 x Epée  [Looting II, Sharpness V, Unbreaking II] pour 4,000.00β sur survie_new
[20:00:08] [ITEM_SOLD]: SSLLOOTTHH vendu 64 x Emerald Block à  REGDYLAN pour 20,000.00 β le survie_new
[20:04:52] [ITEM_LISTED]: SSLLOOTTHH vend 1 x Diamond Sword  [Mending, Smite IV, Unbreaking III] pour 500.00β sur survie_new
[20:05:25] [ITEM_LISTED]: SSLLOOTTHH vend 1 x Dragon Head  pour 100.00β sur survie_new
[20:06:20] [ITEM_LISTED]: SSLLOOTTHH vend 1 x Enchanted Book  pour 1,500.00β sur survie_new
[20:06:21] [ITEM_LISTED]: SSLLOOTTHH vend 1 x Enchanted Book  pour 1,500.00β sur survie_new
[20:06:22] [ITEM_LISTED]: SSLLOOTTHH vend 1 x Enchanted Book  pour 1,500.00β sur survie_new
[20:06:23] [ITEM_LISTED]: SSLLOOTTHH vend 1 x Enchanted Book  pour 1,500.00β sur survie_new
[20:06:26] [ITEM_LISTED]: SSLLOOTTHH vend 1 x Enchanted Book  pour 1,500.00β sur survie_new
[20:06:44] [ITEM_SOLD]: SSLLOOTTHH vendu 1 x Enchanted Book à  Christophe_ pour 1,500.00 β le survie_new
[20:06:46] [ITEM_SOLD]: SSLLOOTTHH vendu 1 x Enchanted Book à  Christophe_ pour 1,500.00 β le survie_new
[20:06:47] [ITEM_SOLD]: SSLLOOTTHH vendu 1 x Enchanted Book à  Christophe_ pour 1,500.00 β le survie_new
[20:06:48] [ITEM_SOLD]: SSLLOOTTHH vendu 1 x Enchanted Book à  Christophe_ pour 1,500.00 β le survie_new
[20:06:49] [ITEM_SOLD]: SSLLOOTTHH vendu 1 x Enchanted Book à  Christophe_ pour 1,500.00 β le survie_new
[20:08:10] [ITEM_LISTED]: SSLLOOTTHH vend 1 x Enchanted Book  pour 1,000.00β sur survie_new
[20:08:22] [ITEM_LISTED]: SSLLOOTTHH vend 1 x Enchanted Book  pour 1,000.00β sur survie_new
[20:08:23] [ITEM_LISTED]: SSLLOOTTHH vend 1 x Enchanted Book  pour 1,000.00β sur survie_new
[20:08:28] [ITEM_LISTED]: SSLLOOTTHH vend 1 x Enchanted Book  pour 10,000.00β sur survie_new
[20:08:32] [ITEM_LISTED]: SSLLOOTTHH vend 1 x Enchanted Book  pour 10,000.00β sur survie_new
[20:08:42] [ITEM_CANCELLED]: SSLLOOTTHH annule la vente de 1x Enchanted Book pour 10,000.00β sur survie_new
[20:08:45] [ITEM_RETURNED]: 1 x Enchanted Book  renvoyé à SSLLOOTTHH le survie_new
[20:08:50] [ITEM_LISTED]: SSLLOOTTHH vend 1 x Enchanted Book  pour 1,000.00β sur survie_new
[20:08:53] [ITEM_LISTED]: SSLLOOTTHH vend 1 x Enchanted Book  pour 1,000.00β sur survie_new
[20:10:01] [ITEM_RETURNED]: 1 x Enchanted Book  renvoyé à SSLLOOTTHH le survie_new
[20:10:01] [ITEM_RETURNED]: 1 x Enchanted Book  renvoyé à SSLLOOTTHH le survie_new
[20:10:02] [ITEM_RETURNED]: 1 x Enchanted Book  renvoyé à SSLLOOTTHH le survie_new
[20:10:03] [ITEM_RETURNED]: 1 x Enchanted Book  renvoyé à SSLLOOTTHH le survie_new
[20:10:03] [ITEM_RETURNED]: 1 x Enchanted Book  renvoyé à SSLLOOTTHH le survie_new
[20:10:04] [ITEM_RETURNED]: 1 x Enchanted Book  renvoyé à SSLLOOTTHH le survie_new
[20:10:04] [ITEM_RETURNED]: 1 x Enchanted Book  renvoyé à SSLLOOTTHH le survie_new
[20:10:05] [ITEM_RETURNED]: 1 x Enchanted Book  renvoyé à SSLLOOTTHH le survie_new
[20:10:05] [ITEM_RETURNED]: 1 x Enchanted Book  renvoyé à SSLLOOTTHH le survie_new
[20:10:06] [ITEM_RETURNED]: 1 x Enchanted Book  renvoyé à SSLLOOTTHH le survie_new
[20:10:06] [ITEM_RETURNED]: 1 x Enchanted Book  renvoyé à SSLLOOTTHH le survie_new
[20:10:07] [ITEM_RETURNED]: 1 x Enchanted Book  renvoyé à SSLLOOTTHH le survie_new
[20:10:08] [ITEM_RETURNED]: 1 x Enchanted Book  renvoyé à SSLLOOTTHH le survie_new
[20:10:08] [ITEM_RETURNED]: 1 x Enchanted Book  renvoyé à SSLLOOTTHH le survie_new
[20:10:14] [ITEM_LISTED]: SSLLOOTTHH vend 1 x Enchanted Book  pour 1,000.00β sur survie_new
[20:10:15] [ITEM_LISTED]: SSLLOOTTHH vend 1 x Enchanted Book  pour 1,000.00β sur survie_new
[20:10:16] [ITEM_LISTED]: SSLLOOTTHH vend 1 x Enchanted Book  pour 1,000.00β sur survie_new
[20:10:24] [ITEM_LISTED]: SSLLOOTTHH vend 1 x Enchanted Book  pour 1,000.00β sur survie_new
[20:10:25] [ITEM_LISTED]: SSLLOOTTHH vend 1 x Enchanted Book  pour 1,000.00β sur survie_new
[20:10:31] [ITEM_LISTED]: SSLLOOTTHH vend 1 x Enchanted Book  pour 10,000.00β sur survie_new
[20:10:34] [ITEM_LISTED]: SSLLOOTTHH vend 1 x Enchanted Book  pour 1,000.00β sur survie_new
[20:10:36] [ITEM_LISTED]: SSLLOOTTHH vend 1 x Enchanted Book  pour 1,000.00β sur survie_new
[20:10:37] [ITEM_LISTED]: SSLLOOTTHH vend 1 x Enchanted Book  pour 1,000.00β sur survie_new
[20:10:39] [ITEM_LISTED]: SSLLOOTTHH vend 1 x Enchanted Book  pour 1,000.00β sur survie_new
[20:10:40] [ITEM_LISTED]: SSLLOOTTHH vend 1 x Enchanted Book  pour 1,000.00β sur survie_new
[20:10:44] [ITEM_LISTED]: SSLLOOTTHH vend 1 x Enchanted Book  pour 100,000.00β sur survie_new
[20:10:51] [ITEM_LISTED]: SSLLOOTTHH vend 1 x Enchanted Book  pour 1,000.00β sur survie_new
[20:10:52] [ITEM_LISTED]: SSLLOOTTHH vend 1 x Enchanted Book  pour 1,000.00β sur survie_new
[20:11:37] [ITEM_LISTED]: HeFk vend 1 x [Cat Spawner]  pour 3,000.00β sur survie_new
[20:13:29] [ITEM_CANCELLED]: SSLLOOTTHH annule la vente de 1x Enchanted Book pour 100,000.00β sur survie_new
[20:13:31] [ITEM_CANCELLED]: SSLLOOTTHH annule la vente de 1x Enchanted Book pour 1,000.00β sur survie_new
[20:13:33] [ITEM_CANCELLED]: SSLLOOTTHH annule la vente de 1x Enchanted Book pour 1,000.00β sur survie_new
[20:13:37] [ITEM_CANCELLED]: SSLLOOTTHH annule la vente de 1x Enchanted Book pour 1,000.00β sur survie_new
[20:13:40] [ITEM_RETURNED]: 1 x Enchanted Book  renvoyé à SSLLOOTTHH le survie_new
[20:13:41] [ITEM_RETURNED]: 1 x Enchanted Book  renvoyé à SSLLOOTTHH le survie_new
[20:13:42] [ITEM_RETURNED]: 1 x Enchanted Book  renvoyé à SSLLOOTTHH le survie_new
[20:13:51] [ITEM_LISTED]: SSLLOOTTHH vend 1 x Enchanted Book  pour 100,000.00β sur survie_new
[20:13:54] [ITEM_LISTED]: SSLLOOTTHH vend 1 x Enchanted Book  pour 1,000.00β sur survie_new
[20:13:55] [ITEM_LISTED]: SSLLOOTTHH vend 1 x Enchanted Book  pour 1,000.00β sur survie_new
[20:16:32] [ITEM_CANCELLED]: SSLLOOTTHH annule la vente de 1x Enchanted Book pour 100,000.00β sur survie_new
[20:16:34] [ITEM_CANCELLED]: SSLLOOTTHH annule la vente de 1x Enchanted Book pour 1,000.00β sur survie_new
[20:16:35] [ITEM_CANCELLED]: SSLLOOTTHH annule la vente de 1x Enchanted Book pour 1,000.00β sur survie_new
[20:16:37] [ITEM_CANCELLED]: SSLLOOTTHH annule la vente de 1x Enchanted Book pour 10,000.00β sur survie_new
[20:21:17] [ITEM_SOLD]: HeFk vendu 1 x [Cat Spawner] à  Bertrand pour 3,000.00 β le survie_new
[20:21:31] [ITEM_SOLD]: SSLLOOTTHH vendu 1 x Dragon Head à  Bertrand pour 100.00 β le survie_new
[20:24:39] [ITEM_LISTED]: Bertrand vend 64 x Redstone Ore  pour 300.00β sur survie_new
[20:24:45] [ITEM_LISTED]: Bertrand vend 64 x Redstone Ore  pour 300.00β sur survie_new
[20:27:19] [ITEM_SOLD]: REGDYLAN vendu 1 x §;§:Spawner à Cochon-Zombie 1x à  Nexusso pour 50,000.00 β le survie_new
[20:27:34] [ITEM_SOLD]: REGDYLAN vendu 1 x §;§:Spawner à Cochon-Zombie 1x à  Nexusso pour 50,000.00 β le survie_new
[20:33:17] [ITEM_SOLD]: Lenny vendu 64 x Sweet Berries à  Amaxet pour 135.00 β le survie_new
[20:34:47] [ITEM_LISTED]: SSLLOOTTHH vend 1 x Stone Shovel  [Unbreaking I] pour 25.00β sur survie_new
[20:34:48] [ITEM_LISTED]: SSLLOOTTHH vend 1 x Stone Pickaxe  [Unbreaking I] pour 25.00β sur survie_new
[20:34:49] [ITEM_LISTED]: SSLLOOTTHH vend 1 x Stone Axe  [Unbreaking I] pour 25.00β sur survie_new
[20:34:50] [ITEM_LISTED]: SSLLOOTTHH vend 1 x Stone Sword  [Unbreaking I] pour 25.00β sur survie_new
[20:34:58] [ITEM_LISTED]: SSLLOOTTHH vend 1 x Leather Helmet  [Protection I] pour 25.00β sur survie_new
[20:34:59] [ITEM_LISTED]: SSLLOOTTHH vend 1 x Leather Chestplate  [Protection I] pour 25.00β sur survie_new
[20:35:05] [ITEM_LISTED]: SSLLOOTTHH vend 1 x Leather Boots  [Protection I] pour 25.00β sur survie_new
[20:35:08] [ITEM_LISTED]: SSLLOOTTHH vend 1 x Leather Leggings  [Protection I] pour 25.00β sur survie_new
[20:46:48] [ITEM_CANCELLED]: SSLLOOTTHH annule la vente de 1x Diamond Sword [Mending, Smite IV, Unbreaking III] pour 500.00β sur survie_new
[20:48:15] [ITEM_RETURNED]: 1 x Diamond Sword  [Mending, Smite IV, Unbreaking III] renvoyé à SSLLOOTTHH le survie_new
[21:24:31] [ITEM_CANCELLED]: SSLLOOTTHH annule la vente de 1x Leather Leggings [Protection I] pour 25.00β sur survie_new
[21:24:32] [ITEM_CANCELLED]: SSLLOOTTHH annule la vente de 1x Leather Boots [Protection I] pour 25.00β sur survie_new
[21:24:32] [ITEM_CANCELLED]: SSLLOOTTHH annule la vente de 1x Leather Chestplate [Protection I] pour 25.00β sur survie_new
[21:24:33] [ITEM_CANCELLED]: SSLLOOTTHH annule la vente de 1x Leather Helmet [Protection I] pour 25.00β sur survie_new
[21:24:33] [ITEM_CANCELLED]: SSLLOOTTHH annule la vente de 1x Stone Sword [Unbreaking I] pour 25.00β sur survie_new
[21:24:34] [ITEM_CANCELLED]: SSLLOOTTHH annule la vente de 1x Stone Axe [Unbreaking I] pour 25.00β sur survie_new
[21:24:34] [ITEM_CANCELLED]: SSLLOOTTHH annule la vente de 1x Stone Pickaxe [Unbreaking I] pour 25.00β sur survie_new
[21:24:35] [ITEM_CANCELLED]: SSLLOOTTHH annule la vente de 1x Stone Shovel [Unbreaking I] pour 25.00β sur survie_new
[21:24:35] [ITEM_CANCELLED]: SSLLOOTTHH annule la vente de 1x Enchanted Book pour 1,000.00β sur survie_new
[21:24:39] [ITEM_RETURNED]: 1 x Stone Shovel  [Unbreaking I] renvoyé à SSLLOOTTHH le survie_new
[21:24:39] [ITEM_RETURNED]: 1 x Stone Pickaxe  [Unbreaking I] renvoyé à SSLLOOTTHH le survie_new
[21:24:40] [ITEM_RETURNED]: 1 x Stone Axe  [Unbreaking I] renvoyé à SSLLOOTTHH le survie_new
[21:24:40] [ITEM_RETURNED]: 1 x Stone Sword  [Unbreaking I] renvoyé à SSLLOOTTHH le survie_new
[21:24:41] [ITEM_RETURNED]: 1 x Leather Helmet  [Protection I] renvoyé à SSLLOOTTHH le survie_new
[21:24:41] [ITEM_RETURNED]: 1 x Leather Chestplate  [Protection I] renvoyé à SSLLOOTTHH le survie_new
[21:24:42] [ITEM_RETURNED]: 1 x Leather Boots  [Protection I] renvoyé à SSLLOOTTHH le survie_new
[21:24:45] [ITEM_RETURNED]: 1 x Leather Leggings  [Protection I] renvoyé à SSLLOOTTHH le survie_new
[21:24:56] [ITEM_CANCELLED]: SSLLOOTTHH annule la vente de 1x Enchanted Book pour 1,000.00β sur survie_new
[21:24:56] [ITEM_CANCELLED]: SSLLOOTTHH annule la vente de 1x Enchanted Book pour 1,000.00β sur survie_new
[21:24:57] [ITEM_CANCELLED]: SSLLOOTTHH annule la vente de 1x Enchanted Book pour 1,000.00β sur survie_new
[21:25:02] [ITEM_CANCELLED]: SSLLOOTTHH annule la vente de 1x Enchanted Book pour 1,000.00β sur survie_new
[21:25:02] [ITEM_CANCELLED]: SSLLOOTTHH annule la vente de 1x Enchanted Book pour 1,000.00β sur survie_new
[21:25:03] [ITEM_CANCELLED]: SSLLOOTTHH annule la vente de 1x Enchanted Book pour 1,000.00β sur survie_new
[21:25:04] [ITEM_CANCELLED]: SSLLOOTTHH annule la vente de 1x Enchanted Book pour 1,000.00β sur survie_new
[21:25:06] [ITEM_CANCELLED]: SSLLOOTTHH annule la vente de 1x Enchanted Book pour 1,000.00β sur survie_new
[21:25:08] [ITEM_RETURNED]: 1 x Enchanted Book  renvoyé à SSLLOOTTHH le survie_new
[21:25:09] [ITEM_RETURNED]: 1 x Enchanted Book  renvoyé à SSLLOOTTHH le survie_new
[21:25:09] [ITEM_RETURNED]: 1 x Enchanted Book  renvoyé à SSLLOOTTHH le survie_new
[21:25:10] [ITEM_RETURNED]: 1 x Enchanted Book  renvoyé à SSLLOOTTHH le survie_new
[21:25:10] [ITEM_RETURNED]: 1 x Enchanted Book  renvoyé à SSLLOOTTHH le survie_new
[21:25:11] [ITEM_RETURNED]: 1 x Enchanted Book  renvoyé à SSLLOOTTHH le survie_new
[21:25:11] [ITEM_RETURNED]: 1 x Enchanted Book  renvoyé à SSLLOOTTHH le survie_new
[21:25:12] [ITEM_RETURNED]: 1 x Enchanted Book  renvoyé à SSLLOOTTHH le survie_new
[21:25:12] [ITEM_RETURNED]: 1 x Enchanted Book  renvoyé à SSLLOOTTHH le survie_new
[21:25:17] [ITEM_LISTED]: SSLLOOTTHH vend 1 x Enchanted Book  pour 2,000.00β sur survie_new
[21:25:18] [ITEM_LISTED]: SSLLOOTTHH vend 1 x Enchanted Book  pour 2,000.00β sur survie_new
[21:25:23] [ITEM_LISTED]: SSLLOOTTHH vend 1 x Enchanted Book  pour 2,000.00β sur survie_new
[21:25:25] [ITEM_LISTED]: SSLLOOTTHH vend 1 x Enchanted Book  pour 2,000.00β sur survie_new
[21:25:27] [ITEM_LISTED]: SSLLOOTTHH vend 1 x Enchanted Book  pour 2,000.00β sur survie_new
[21:25:29] [ITEM_LISTED]: SSLLOOTTHH vend 1 x Enchanted Book  pour 2,000.00β sur survie_new
[21:25:30] [ITEM_LISTED]: SSLLOOTTHH vend 1 x Enchanted Book  pour 2,000.00β sur survie_new
[21:25:31] [ITEM_LISTED]: SSLLOOTTHH vend 1 x Enchanted Book  pour 2,000.00β sur survie_new
[21:25:32] [ITEM_LISTED]: SSLLOOTTHH vend 1 x Enchanted Book  pour 2,000.00β sur survie_new
[21:25:48] [ITEM_RETURNED]: 1 x Enchanted Book  renvoyé à SSLLOOTTHH le survie_new
[21:25:48] [ITEM_RETURNED]: 1 x Enchanted Book  renvoyé à SSLLOOTTHH le survie_new
[21:25:49] [ITEM_RETURNED]: 1 x Enchanted Book  renvoyé à SSLLOOTTHH le survie_new
[21:25:49] [ITEM_RETURNED]: 1 x Enchanted Book  renvoyé à SSLLOOTTHH le survie_new
[21:25:54] [ITEM_LISTED]: SSLLOOTTHH vend 1 x Enchanted Book  pour 2,000.00β sur survie_new
[21:25:55] [ITEM_LISTED]: SSLLOOTTHH vend 1 x Enchanted Book  pour 2,000.00β sur survie_new
[21:25:56] [ITEM_LISTED]: SSLLOOTTHH vend 1 x Enchanted Book  pour 2,000.00β sur survie_new
[21:25:57] [ITEM_LISTED]: SSLLOOTTHH vend 1 x Enchanted Book  pour 2,000.00β sur survie_new
[22:50:26] [ITEM_DROPPED]: Abandon de la vente GuiGuiPlay expirée de 64 x Cactus  pour 0.00β à leurs pieds le survie_new
[22:50:26] [ITEM_DROPPED]: Abandon de la vente GuiGuiPlay expirée de 1 x Written Book  pour 0.00β à leurs pieds le survie_new
[22:50:26] [ITEM_DROPPED]: Abandon de la vente GuiGuiPlay expirée de 1 x Written Book  pour 0.00β à leurs pieds le survie_new
[22:50:26] [ITEM_DROPPED]: Abandon de la vente GuiGuiPlay expirée de 1 x Written Book  pour 0.00β à leurs pieds le survie_new
[22:50:26] [ITEM_DROPPED]: Abandon de la vente GuiGuiPlay expirée de 64 x Cocoa Beans  pour 0.00β à leurs pieds le survie_new
[22:50:26] [ITEM_DROPPED]: Abandon de la vente GuiGuiPlay expirée de 64 x Cocoa Beans  pour 0.00β à leurs pieds le survie_new
