[00:11:17] [ITEM_SOLD]: Haru_M vendu 1 x Enchanted Book à  cmdix36 pour 1,500.00 β le survie_new
[00:11:54] [ITEM_CANCELLED]: RazerJojo annule la vente de 64x Diamond pour 10,000.00β sur survie_new
[00:11:57] [ITEM_RETURNED]: 64 x Diamond  renvoyé à RazerJojo le survie_new
[00:12:33] [ITEM_SOLD]: lasoeurdadrien vendu 1 x Enchanted Book à  cmdix36 pour 2,400.00 β le survie_new
[00:21:34] [ITEM_SOLD]: REGDYLAN vendu 1 x Diamond Pickaxe à  [Efficiency IV, Fortune III, Unbreaking III] Christophe_ pour 3,000.00 β le survie_new
[00:28:29] [ITEM_LISTED]: RazerJojo vend 1 x Diamond Pickaxe  [Efficiency III, Unbreaking III] pour 500.00β sur survie_new
[00:28:45] [ITEM_LISTED]: RazerJojo vend 1 x Diamond Sword  [Sharpness III] pour 300.00β sur survie_new
[00:51:31] [ITEM_SOLD]: Haru_M vendu 1 x Enchanted Book à  Finouk pour 2,500.00 β le survie_new
[01:00:54] [ITEM_LISTED]: GuiGuiPlay vend 64 x Sugar Cane  pour 100.00β sur survie_new
[01:00:56] [ITEM_LISTED]: GuiGuiPlay vend 64 x Sugar Cane  pour 100.00β sur survie_new
[01:00:57] [ITEM_LISTED]: GuiGuiPlay vend 64 x Sugar Cane  pour 100.00β sur survie_new
[01:01:01] [ITEM_LISTED]: GuiGuiPlay vend 64 x Sugar Cane  pour 100.00β sur survie_new
[01:01:02] [ITEM_LISTED]: GuiGuiPlay vend 64 x Sugar Cane  pour 100.00β sur survie_new
[01:01:03] [ITEM_LISTED]: GuiGuiPlay vend 64 x Sugar Cane  pour 100.00β sur survie_new
[01:01:09] [ITEM_LISTED]: GuiGuiPlay vend 64 x Sugar Cane  pour 100.00β sur survie_new
[01:01:10] [ITEM_LISTED]: GuiGuiPlay vend 64 x Sugar Cane  pour 100.00β sur survie_new
[01:01:11] [ITEM_LISTED]: GuiGuiPlay vend 64 x Sugar Cane  pour 100.00β sur survie_new
[01:24:28] [ITEM_SOLD]: Tesla248 vendu 64 x Coal à  _megamigit_ pour 500.00 β le survie_new
[01:24:29] [ITEM_SOLD]: Tesla248 vendu 64 x Coal à  _megamigit_ pour 500.00 β le survie_new
[01:24:30] [ITEM_SOLD]: Tesla248 vendu 64 x Coal à  _megamigit_ pour 500.00 β le survie_new
[01:24:31] [ITEM_SOLD]: Tesla248 vendu 64 x Coal à  _megamigit_ pour 500.00 β le survie_new
[01:24:37] [ITEM_SOLD]: Tesla248 vendu 64 x Coal à  _megamigit_ pour 500.00 β le survie_new
[01:24:38] [ITEM_SOLD]: Tesla248 vendu 64 x Coal à  _megamigit_ pour 500.00 β le survie_new
[01:24:39] [ITEM_SOLD]: Tesla248 vendu 64 x Coal à  _megamigit_ pour 500.00 β le survie_new
[01:24:41] [ITEM_SOLD]: Tesla248 vendu 64 x Coal à  _megamigit_ pour 500.00 β le survie_new
[01:30:01] [ITEM_SOLD]: REGDYLAN vendu 1 x Diamond Pickaxe à  [Efficiency IV, Fortune III, Unbreaking III] AzodFR pour 3,000.00 β le survie_new
[01:30:19] [ITEM_SOLD]: GuiGuiPlay vendu 64 x Sugar Cane à  kalaistar pour 100.00 β le survie_new
[01:30:20] [ITEM_SOLD]: GuiGuiPlay vendu 64 x Sugar Cane à  kalaistar pour 100.00 β le survie_new
[01:30:21] [ITEM_SOLD]: GuiGuiPlay vendu 64 x Sugar Cane à  kalaistar pour 100.00 β le survie_new
[01:30:21] [ITEM_SOLD]: GuiGuiPlay vendu 64 x Sugar Cane à  kalaistar pour 100.00 β le survie_new
[01:30:22] [ITEM_SOLD]: GuiGuiPlay vendu 64 x Sugar Cane à  kalaistar pour 100.00 β le survie_new
[01:30:23] [ITEM_SOLD]: GuiGuiPlay vendu 64 x Sugar Cane à  kalaistar pour 100.00 β le survie_new
[01:30:24] [ITEM_SOLD]: GuiGuiPlay vendu 64 x Sugar Cane à  kalaistar pour 100.00 β le survie_new
[01:30:25] [ITEM_SOLD]: GuiGuiPlay vendu 64 x Sugar Cane à  kalaistar pour 100.00 β le survie_new
[01:30:26] [ITEM_SOLD]: GuiGuiPlay vendu 64 x Sugar Cane à  kalaistar pour 100.00 β le survie_new
[01:31:02] [ITEM_LISTED]: GuiGuiPlay vend 64 x Sugar Cane  pour 150.00β sur survie_new
[01:31:03] [ITEM_LISTED]: GuiGuiPlay vend 64 x Sugar Cane  pour 150.00β sur survie_new
[01:31:05] [ITEM_LISTED]: GuiGuiPlay vend 64 x Sugar Cane  pour 150.00β sur survie_new
[01:31:08] [ITEM_LISTED]: GuiGuiPlay vend 64 x Sugar Cane  pour 150.00β sur survie_new
[01:31:09] [ITEM_LISTED]: GuiGuiPlay vend 64 x Sugar Cane  pour 150.00β sur survie_new
[01:31:10] [ITEM_LISTED]: GuiGuiPlay vend 64 x Sugar Cane  pour 150.00β sur survie_new
[01:31:14] [ITEM_LISTED]: GuiGuiPlay vend 64 x Sugar Cane  pour 150.00β sur survie_new
[01:31:15] [ITEM_LISTED]: GuiGuiPlay vend 64 x Sugar Cane  pour 150.00β sur survie_new
[01:31:17] [ITEM_LISTED]: GuiGuiPlay vend 64 x Sugar Cane  pour 150.00β sur survie_new
[01:31:27] [ITEM_SOLD]: GuiGuiPlay vendu 64 x Sugar Cane à  AzodFR pour 150.00 β le survie_new
[01:31:28] [ITEM_SOLD]: GuiGuiPlay vendu 64 x Sugar Cane à  AzodFR pour 150.00 β le survie_new
[01:31:29] [ITEM_SOLD]: GuiGuiPlay vendu 64 x Sugar Cane à  AzodFR pour 150.00 β le survie_new
[01:31:30] [ITEM_SOLD]: GuiGuiPlay vendu 64 x Sugar Cane à  AzodFR pour 150.00 β le survie_new
[01:31:31] [ITEM_SOLD]: GuiGuiPlay vendu 64 x Sugar Cane à  AzodFR pour 150.00 β le survie_new
[01:31:32] [ITEM_SOLD]: GuiGuiPlay vendu 64 x Sugar Cane à  AzodFR pour 150.00 β le survie_new
[01:31:33] [ITEM_SOLD]: GuiGuiPlay vendu 64 x Sugar Cane à  AzodFR pour 150.00 β le survie_new
[01:31:35] [ITEM_SOLD]: GuiGuiPlay vendu 64 x Sugar Cane à  AzodFR pour 150.00 β le survie_new
[01:31:36] [ITEM_SOLD]: GuiGuiPlay vendu 64 x Sugar Cane à  AzodFR pour 150.00 β le survie_new
[01:31:54] [ITEM_LISTED]: GuiGuiPlay vend 64 x Sugar Cane  pour 150.00β sur survie_new
[01:31:55] [ITEM_LISTED]: GuiGuiPlay vend 64 x Sugar Cane  pour 150.00β sur survie_new
[01:32:01] [ITEM_LISTED]: GuiGuiPlay vend 64 x Sugar Cane  pour 150.00β sur survie_new
[01:36:28] [ITEM_LISTED]: GuiGuiPlay vend 64 x Sugar Cane  pour 70.00β sur survie_new
[01:36:30] [ITEM_LISTED]: GuiGuiPlay vend 64 x Sugar Cane  pour 70.00β sur survie_new
[01:36:31] [ITEM_LISTED]: GuiGuiPlay vend 64 x Sugar Cane  pour 70.00β sur survie_new
[01:36:32] [ITEM_LISTED]: GuiGuiPlay vend 64 x Sugar Cane  pour 70.00β sur survie_new
[01:36:33] [ITEM_LISTED]: GuiGuiPlay vend 64 x Sugar Cane  pour 70.00β sur survie_new
[01:36:34] [ITEM_LISTED]: GuiGuiPlay vend 64 x Sugar Cane  pour 70.00β sur survie_new
[01:36:35] [ITEM_LISTED]: GuiGuiPlay vend 64 x Sugar Cane  pour 70.00β sur survie_new
[01:36:36] [ITEM_LISTED]: GuiGuiPlay vend 64 x Sugar Cane  pour 70.00β sur survie_new
[01:36:37] [ITEM_LISTED]: GuiGuiPlay vend 64 x Sugar Cane  pour 70.00β sur survie_new
[01:36:38] [ITEM_SOLD]: GuiGuiPlay vendu 64 x Sugar Cane à  kalaistar pour 70.00 β le survie_new
[01:36:39] [ITEM_SOLD]: GuiGuiPlay vendu 64 x Sugar Cane à  kalaistar pour 70.00 β le survie_new
[01:36:40] [ITEM_SOLD]: GuiGuiPlay vendu 64 x Sugar Cane à  kalaistar pour 70.00 β le survie_new
[01:36:40] [ITEM_SOLD]: GuiGuiPlay vendu 64 x Sugar Cane à  kalaistar pour 70.00 β le survie_new
[01:36:41] [ITEM_SOLD]: GuiGuiPlay vendu 64 x Sugar Cane à  kalaistar pour 70.00 β le survie_new
[01:36:42] [ITEM_SOLD]: GuiGuiPlay vendu 64 x Sugar Cane à  kalaistar pour 70.00 β le survie_new
[01:36:43] [ITEM_SOLD]: GuiGuiPlay vendu 64 x Sugar Cane à  kalaistar pour 70.00 β le survie_new
[01:36:44] [ITEM_SOLD]: GuiGuiPlay vendu 64 x Sugar Cane à  kalaistar pour 70.00 β le survie_new
[01:36:45] [ITEM_SOLD]: GuiGuiPlay vendu 64 x Sugar Cane à  kalaistar pour 70.00 β le survie_new
[01:36:47] [ITEM_LISTED]: GuiGuiPlay vend 64 x Sugar Cane  pour 70.00β sur survie_new
[01:36:48] [ITEM_LISTED]: GuiGuiPlay vend 64 x Sugar Cane  pour 70.00β sur survie_new
[01:36:49] [ITEM_LISTED]: GuiGuiPlay vend 64 x Sugar Cane  pour 70.00β sur survie_new
[01:36:50] [ITEM_LISTED]: GuiGuiPlay vend 64 x Sugar Cane  pour 70.00β sur survie_new
[01:36:51] [ITEM_LISTED]: GuiGuiPlay vend 64 x Sugar Cane  pour 70.00β sur survie_new
[01:36:52] [ITEM_LISTED]: GuiGuiPlay vend 64 x Sugar Cane  pour 70.00β sur survie_new
[01:36:53] [ITEM_SOLD]: GuiGuiPlay vendu 64 x Sugar Cane à  kalaistar pour 70.00 β le survie_new
[01:36:53] [ITEM_LISTED]: GuiGuiPlay vend 64 x Sugar Cane  pour 70.00β sur survie_new
[01:36:53] [ITEM_SOLD]: GuiGuiPlay vendu 64 x Sugar Cane à  kalaistar pour 70.00 β le survie_new
[01:36:54] [ITEM_LISTED]: GuiGuiPlay vend 64 x Sugar Cane  pour 70.00β sur survie_new
[01:36:54] [ITEM_SOLD]: GuiGuiPlay vendu 64 x Sugar Cane à  kalaistar pour 70.00 β le survie_new
[01:36:55] [ITEM_LISTED]: GuiGuiPlay vend 64 x Sugar Cane  pour 70.00β sur survie_new
[01:36:55] [ITEM_SOLD]: GuiGuiPlay vendu 64 x Sugar Cane à  kalaistar pour 70.00 β le survie_new
[01:36:56] [ITEM_SOLD]: GuiGuiPlay vendu 64 x Sugar Cane à  kalaistar pour 70.00 β le survie_new
[01:36:57] [ITEM_SOLD]: GuiGuiPlay vendu 64 x Sugar Cane à  kalaistar pour 70.00 β le survie_new
[01:36:57] [ITEM_SOLD]: GuiGuiPlay vendu 64 x Sugar Cane à  kalaistar pour 70.00 β le survie_new
[01:36:58] [ITEM_SOLD]: GuiGuiPlay vendu 64 x Sugar Cane à  kalaistar pour 70.00 β le survie_new
[01:36:59] [ITEM_SOLD]: GuiGuiPlay vendu 64 x Sugar Cane à  kalaistar pour 70.00 β le survie_new
[01:37:00] [ITEM_LISTED]: GuiGuiPlay vend 64 x Sugar Cane  pour 70.00β sur survie_new
[01:37:00] [ITEM_SOLD]: GuiGuiPlay vendu 64 x Sugar Cane à  kalaistar pour 150.00 β le survie_new
[01:37:01] [ITEM_LISTED]: GuiGuiPlay vend 64 x Sugar Cane  pour 70.00β sur survie_new
[01:37:01] [ITEM_SOLD]: GuiGuiPlay vendu 64 x Sugar Cane à  kalaistar pour 70.00 β le survie_new
[01:37:01] [ITEM_LISTED]: GuiGuiPlay vend 64 x Sugar Cane  pour 70.00β sur survie_new
[01:37:02] [ITEM_SOLD]: GuiGuiPlay vendu 64 x Sugar Cane à  kalaistar pour 70.00 β le survie_new
[01:37:02] [ITEM_LISTED]: GuiGuiPlay vend 64 x Sugar Cane  pour 70.00β sur survie_new
[01:37:03] [ITEM_SOLD]: GuiGuiPlay vendu 64 x Sugar Cane à  kalaistar pour 70.00 β le survie_new
[01:37:03] [ITEM_LISTED]: GuiGuiPlay vend 64 x Sugar Cane  pour 70.00β sur survie_new
[01:37:04] [ITEM_LISTED]: GuiGuiPlay vend 64 x Sugar Cane  pour 70.00β sur survie_new
[01:37:04] [ITEM_SOLD]: GuiGuiPlay vendu 64 x Sugar Cane à  kalaistar pour 70.00 β le survie_new
[01:37:05] [ITEM_LISTED]: GuiGuiPlay vend 64 x Sugar Cane  pour 70.00β sur survie_new
[01:37:05] [ITEM_SOLD]: GuiGuiPlay vendu 64 x Sugar Cane à  kalaistar pour 70.00 β le survie_new
[01:37:06] [ITEM_LISTED]: GuiGuiPlay vend 64 x Sugar Cane  pour 70.00β sur survie_new
[01:37:06] [ITEM_SOLD]: GuiGuiPlay vendu 64 x Sugar Cane à  kalaistar pour 70.00 β le survie_new
[01:37:07] [ITEM_SOLD]: GuiGuiPlay vendu 64 x Sugar Cane à  kalaistar pour 70.00 β le survie_new
[01:37:07] [ITEM_LISTED]: GuiGuiPlay vend 64 x Sugar Cane  pour 70.00β sur survie_new
[01:37:08] [ITEM_SOLD]: GuiGuiPlay vendu 64 x Sugar Cane à  kalaistar pour 70.00 β le survie_new
[01:37:09] [ITEM_SOLD]: GuiGuiPlay vendu 64 x Sugar Cane à  kalaistar pour 70.00 β le survie_new
[01:37:10] [ITEM_SOLD]: GuiGuiPlay vendu 64 x Sugar Cane à  Kaam98 pour 150.00 β le survie_new
[01:37:11] [ITEM_SOLD]: GuiGuiPlay vendu 64 x Sugar Cane à  kalaistar pour 150.00 β le survie_new
[01:37:13] [ITEM_LISTED]: GuiGuiPlay vend 64 x Sugar Cane  pour 70.00β sur survie_new
[01:37:14] [ITEM_LISTED]: GuiGuiPlay vend 64 x Sugar Cane  pour 70.00β sur survie_new
[01:37:15] [ITEM_LISTED]: GuiGuiPlay vend 64 x Sugar Cane  pour 70.00β sur survie_new
[01:37:16] [ITEM_LISTED]: GuiGuiPlay vend 64 x Sugar Cane  pour 70.00β sur survie_new
[01:37:17] [ITEM_LISTED]: GuiGuiPlay vend 64 x Sugar Cane  pour 70.00β sur survie_new
[01:37:18] [ITEM_LISTED]: GuiGuiPlay vend 64 x Sugar Cane  pour 70.00β sur survie_new
[01:37:19] [ITEM_LISTED]: GuiGuiPlay vend 64 x Sugar Cane  pour 70.00β sur survie_new
[01:37:20] [ITEM_LISTED]: GuiGuiPlay vend 64 x Sugar Cane  pour 70.00β sur survie_new
[01:37:21] [ITEM_SOLD]: GuiGuiPlay vendu 64 x Sugar Cane à  kalaistar pour 70.00 β le survie_new
[01:37:21] [ITEM_LISTED]: GuiGuiPlay vend 64 x Sugar Cane  pour 70.00β sur survie_new
[01:37:22] [ITEM_SOLD]: GuiGuiPlay vendu 64 x Sugar Cane à  kalaistar pour 70.00 β le survie_new
[01:37:23] [ITEM_SOLD]: GuiGuiPlay vendu 64 x Sugar Cane à  kalaistar pour 70.00 β le survie_new
[01:37:24] [ITEM_SOLD]: GuiGuiPlay vendu 64 x Sugar Cane à  kalaistar pour 70.00 β le survie_new
[01:37:25] [ITEM_SOLD]: GuiGuiPlay vendu 64 x Sugar Cane à  kalaistar pour 70.00 β le survie_new
[01:37:26] [ITEM_SOLD]: GuiGuiPlay vendu 64 x Sugar Cane à  kalaistar pour 70.00 β le survie_new
[01:37:26] [ITEM_LISTED]: GuiGuiPlay vend 64 x Sugar Cane  pour 70.00β sur survie_new
[01:37:26] [ITEM_SOLD]: GuiGuiPlay vendu 64 x Sugar Cane à  kalaistar pour 70.00 β le survie_new
[01:37:27] [ITEM_SOLD]: GuiGuiPlay vendu 64 x Sugar Cane à  kalaistar pour 70.00 β le survie_new
[01:37:28] [ITEM_LISTED]: GuiGuiPlay vend 64 x Sugar Cane  pour 70.00β sur survie_new
[01:37:28] [ITEM_LISTED]: GuiGuiPlay vend 64 x Sugar Cane  pour 70.00β sur survie_new
[01:37:28] [ITEM_SOLD]: GuiGuiPlay vendu 64 x Sugar Cane à  kalaistar pour 70.00 β le survie_new
[01:37:29] [ITEM_LISTED]: GuiGuiPlay vend 64 x Sugar Cane  pour 70.00β sur survie_new
[01:37:30] [ITEM_SOLD]: GuiGuiPlay vendu 64 x Sugar Cane à  kalaistar pour 70.00 β le survie_new
[01:37:30] [ITEM_LISTED]: GuiGuiPlay vend 64 x Sugar Cane  pour 70.00β sur survie_new
[01:37:31] [ITEM_SOLD]: GuiGuiPlay vendu 64 x Sugar Cane à  kalaistar pour 70.00 β le survie_new
[01:37:31] [ITEM_LISTED]: GuiGuiPlay vend 64 x Sugar Cane  pour 70.00β sur survie_new
[01:37:31] [ITEM_SOLD]: GuiGuiPlay vendu 64 x Sugar Cane à  kalaistar pour 70.00 β le survie_new
[01:37:32] [ITEM_LISTED]: GuiGuiPlay vend 64 x Sugar Cane  pour 70.00β sur survie_new
[01:37:32] [ITEM_SOLD]: GuiGuiPlay vendu 64 x Sugar Cane à  kalaistar pour 70.00 β le survie_new
[01:37:33] [ITEM_SOLD]: GuiGuiPlay vendu 64 x Sugar Cane à  kalaistar pour 70.00 β le survie_new
[01:37:34] [ITEM_SOLD]: GuiGuiPlay vendu 64 x Sugar Cane à  kalaistar pour 70.00 β le survie_new
[01:37:35] [ITEM_SOLD]: GuiGuiPlay vendu 64 x Sugar Cane à  kalaistar pour 70.00 β le survie_new
[01:37:36] [ITEM_LISTED]: GuiGuiPlay vend 64 x Sugar Cane  pour 70.00β sur survie_new
[01:37:36] [ITEM_LISTED]: GuiGuiPlay vend 64 x Sugar Cane  pour 70.00β sur survie_new
[01:37:37] [ITEM_SOLD]: GuiGuiPlay vendu 64 x Sugar Cane à  kalaistar pour 70.00 β le survie_new
[01:37:39] [ITEM_LISTED]: GuiGuiPlay vend 64 x Sugar Cane  pour 70.00β sur survie_new
[01:37:40] [ITEM_LISTED]: GuiGuiPlay vend 64 x Sugar Cane  pour 70.00β sur survie_new
[01:37:40] [ITEM_SOLD]: GuiGuiPlay vendu 64 x Sugar Cane à  kalaistar pour 70.00 β le survie_new
[01:37:41] [ITEM_SOLD]: GuiGuiPlay vendu 64 x Sugar Cane à  kalaistar pour 70.00 β le survie_new
[01:37:42] [ITEM_SOLD]: GuiGuiPlay vendu 64 x Sugar Cane à  kalaistar pour 70.00 β le survie_new
[01:37:44] [ITEM_LISTED]: GuiGuiPlay vend 64 x Sugar Cane  pour 70.00β sur survie_new
[01:37:45] [ITEM_LISTED]: GuiGuiPlay vend 64 x Sugar Cane  pour 70.00β sur survie_new
[01:37:46] [ITEM_LISTED]: GuiGuiPlay vend 64 x Sugar Cane  pour 70.00β sur survie_new
[01:37:47] [ITEM_LISTED]: GuiGuiPlay vend 64 x Sugar Cane  pour 70.00β sur survie_new
[01:37:48] [ITEM_LISTED]: GuiGuiPlay vend 64 x Sugar Cane  pour 70.00β sur survie_new
[01:37:52] [ITEM_LISTED]: GuiGuiPlay vend 64 x Sugar Cane  pour 70.00β sur survie_new
[01:37:54] [ITEM_LISTED]: GuiGuiPlay vend 64 x Sugar Cane  pour 70.00β sur survie_new
[01:37:55] [ITEM_LISTED]: GuiGuiPlay vend 64 x Sugar Cane  pour 70.00β sur survie_new
[01:37:57] [ITEM_LISTED]: GuiGuiPlay vend 64 x Sugar Cane  pour 70.00β sur survie_new
[01:37:58] [ITEM_LISTED]: GuiGuiPlay vend 64 x Sugar Cane  pour 70.00β sur survie_new
[01:37:59] [ITEM_LISTED]: GuiGuiPlay vend 64 x Sugar Cane  pour 70.00β sur survie_new
[01:37:59] [ITEM_SOLD]: GuiGuiPlay vendu 64 x Sugar Cane à  kalaistar pour 70.00 β le survie_new
[01:38:00] [ITEM_LISTED]: GuiGuiPlay vend 64 x Sugar Cane  pour 70.00β sur survie_new
[01:38:00] [ITEM_SOLD]: GuiGuiPlay vendu 64 x Sugar Cane à  kalaistar pour 70.00 β le survie_new
[01:38:01] [ITEM_LISTED]: GuiGuiPlay vend 64 x Sugar Cane  pour 70.00β sur survie_new
[01:38:01] [ITEM_SOLD]: GuiGuiPlay vendu 64 x Sugar Cane à  kalaistar pour 70.00 β le survie_new
[01:38:02] [ITEM_SOLD]: GuiGuiPlay vendu 64 x Sugar Cane à  kalaistar pour 70.00 β le survie_new
[01:38:03] [ITEM_SOLD]: GuiGuiPlay vendu 64 x Sugar Cane à  kalaistar pour 70.00 β le survie_new
[01:38:03] [ITEM_LISTED]: GuiGuiPlay vend 64 x Sugar Cane  pour 70.00β sur survie_new
[01:38:04] [ITEM_SOLD]: GuiGuiPlay vendu 64 x Sugar Cane à  kalaistar pour 70.00 β le survie_new
[01:38:04] [ITEM_SOLD]: GuiGuiPlay vendu 64 x Sugar Cane à  kalaistar pour 70.00 β le survie_new
[01:38:05] [ITEM_SOLD]: GuiGuiPlay vendu 64 x Sugar Cane à  kalaistar pour 70.00 β le survie_new
[01:38:06] [ITEM_SOLD]: GuiGuiPlay vendu 64 x Sugar Cane à  kalaistar pour 70.00 β le survie_new
[01:38:07] [ITEM_SOLD]: GuiGuiPlay vendu 64 x Sugar Cane à  kalaistar pour 70.00 β le survie_new
[01:38:07] [ITEM_LISTED]: GuiGuiPlay vend 64 x Sugar Cane  pour 70.00β sur survie_new
[01:38:08] [ITEM_SOLD]: GuiGuiPlay vendu 64 x Sugar Cane à  kalaistar pour 70.00 β le survie_new
[01:38:08] [ITEM_SOLD]: GuiGuiPlay vendu 64 x Sugar Cane à  kalaistar pour 70.00 β le survie_new
[01:38:09] [ITEM_LISTED]: GuiGuiPlay vend 64 x Sugar Cane  pour 70.00β sur survie_new
[01:38:10] [ITEM_SOLD]: GuiGuiPlay vendu 64 x Sugar Cane à  kalaistar pour 70.00 β le survie_new
[01:38:10] [ITEM_LISTED]: GuiGuiPlay vend 64 x Sugar Cane  pour 70.00β sur survie_new
[01:38:10] [ITEM_SOLD]: GuiGuiPlay vendu 64 x Sugar Cane à  kalaistar pour 70.00 β le survie_new
[01:38:11] [ITEM_LISTED]: GuiGuiPlay vend 64 x Sugar Cane  pour 70.00β sur survie_new
[01:38:11] [ITEM_SOLD]: GuiGuiPlay vendu 64 x Sugar Cane à  kalaistar pour 70.00 β le survie_new
[01:38:12] [ITEM_LISTED]: GuiGuiPlay vend 64 x Sugar Cane  pour 70.00β sur survie_new
[01:38:12] [ITEM_SOLD]: GuiGuiPlay vendu 64 x Sugar Cane à  kalaistar pour 70.00 β le survie_new
[01:38:13] [ITEM_LISTED]: GuiGuiPlay vend 64 x Sugar Cane  pour 70.00β sur survie_new
[01:38:13] [ITEM_SOLD]: GuiGuiPlay vendu 64 x Sugar Cane à  kalaistar pour 70.00 β le survie_new
[01:38:14] [ITEM_LISTED]: GuiGuiPlay vend 64 x Sugar Cane  pour 70.00β sur survie_new
[01:38:14] [ITEM_SOLD]: GuiGuiPlay vendu 64 x Sugar Cane à  kalaistar pour 70.00 β le survie_new
[01:38:15] [ITEM_LISTED]: GuiGuiPlay vend 64 x Sugar Cane  pour 70.00β sur survie_new
[01:38:15] [ITEM_SOLD]: GuiGuiPlay vendu 64 x Sugar Cane à  kalaistar pour 70.00 β le survie_new
[01:38:16] [ITEM_LISTED]: GuiGuiPlay vend 64 x Sugar Cane  pour 70.00β sur survie_new
[01:38:16] [ITEM_SOLD]: GuiGuiPlay vendu 64 x Sugar Cane à  kalaistar pour 70.00 β le survie_new
[01:38:17] [ITEM_SOLD]: GuiGuiPlay vendu 64 x Sugar Cane à  kalaistar pour 70.00 β le survie_new
[01:38:18] [ITEM_SOLD]: GuiGuiPlay vendu 64 x Sugar Cane à  kalaistar pour 70.00 β le survie_new
[01:38:19] [ITEM_SOLD]: GuiGuiPlay vendu 64 x Sugar Cane à  kalaistar pour 70.00 β le survie_new
[01:38:23] [ITEM_LISTED]: GuiGuiPlay vend 64 x Sugar Cane  pour 70.00β sur survie_new
[01:38:24] [ITEM_LISTED]: GuiGuiPlay vend 64 x Sugar Cane  pour 70.00β sur survie_new
[01:38:25] [ITEM_LISTED]: GuiGuiPlay vend 64 x Sugar Cane  pour 70.00β sur survie_new
[01:38:26] [ITEM_LISTED]: GuiGuiPlay vend 64 x Sugar Cane  pour 70.00β sur survie_new
[01:38:26] [ITEM_LISTED]: GuiGuiPlay vend 64 x Sugar Cane  pour 70.00β sur survie_new
[01:38:27] [ITEM_LISTED]: GuiGuiPlay vend 64 x Sugar Cane  pour 70.00β sur survie_new
[01:38:28] [ITEM_LISTED]: GuiGuiPlay vend 64 x Sugar Cane  pour 70.00β sur survie_new
[01:38:29] [ITEM_LISTED]: GuiGuiPlay vend 64 x Sugar Cane  pour 70.00β sur survie_new
[01:38:30] [ITEM_LISTED]: GuiGuiPlay vend 64 x Sugar Cane  pour 70.00β sur survie_new
[01:38:31] [ITEM_SOLD]: GuiGuiPlay vendu 64 x Sugar Cane à  kalaistar pour 70.00 β le survie_new
[01:38:32] [ITEM_SOLD]: GuiGuiPlay vendu 64 x Sugar Cane à  kalaistar pour 70.00 β le survie_new
[01:38:33] [ITEM_SOLD]: GuiGuiPlay vendu 64 x Sugar Cane à  kalaistar pour 70.00 β le survie_new
[01:38:34] [ITEM_SOLD]: GuiGuiPlay vendu 64 x Sugar Cane à  kalaistar pour 70.00 β le survie_new
[01:38:35] [ITEM_SOLD]: GuiGuiPlay vendu 64 x Sugar Cane à  kalaistar pour 70.00 β le survie_new
[01:38:36] [ITEM_SOLD]: GuiGuiPlay vendu 64 x Sugar Cane à  kalaistar pour 70.00 β le survie_new
[01:38:37] [ITEM_SOLD]: GuiGuiPlay vendu 64 x Sugar Cane à  kalaistar pour 70.00 β le survie_new
[01:38:38] [ITEM_SOLD]: GuiGuiPlay vendu 64 x Sugar Cane à  kalaistar pour 70.00 β le survie_new
[01:38:39] [ITEM_SOLD]: GuiGuiPlay vendu 64 x Sugar Cane à  kalaistar pour 70.00 β le survie_new
[01:38:42] [ITEM_LISTED]: GuiGuiPlay vend 64 x Sugar Cane  pour 70.00β sur survie_new
[01:38:43] [ITEM_LISTED]: GuiGuiPlay vend 64 x Sugar Cane  pour 70.00β sur survie_new
[01:38:44] [ITEM_LISTED]: GuiGuiPlay vend 64 x Sugar Cane  pour 70.00β sur survie_new
[01:38:45] [ITEM_LISTED]: GuiGuiPlay vend 64 x Sugar Cane  pour 70.00β sur survie_new
[01:38:46] [ITEM_LISTED]: GuiGuiPlay vend 64 x Sugar Cane  pour 70.00β sur survie_new
[01:38:46] [ITEM_LISTED]: GuiGuiPlay vend 64 x Sugar Cane  pour 70.00β sur survie_new
[01:38:47] [ITEM_SOLD]: GuiGuiPlay vendu 64 x Sugar Cane à  kalaistar pour 70.00 β le survie_new
[01:38:47] [ITEM_LISTED]: GuiGuiPlay vend 64 x Sugar Cane  pour 70.00β sur survie_new
[01:38:48] [ITEM_SOLD]: GuiGuiPlay vendu 64 x Sugar Cane à  kalaistar pour 70.00 β le survie_new
[01:38:48] [ITEM_LISTED]: GuiGuiPlay vend 64 x Sugar Cane  pour 70.00β sur survie_new
[01:38:49] [ITEM_SOLD]: GuiGuiPlay vendu 64 x Sugar Cane à  kalaistar pour 70.00 β le survie_new
[01:38:50] [ITEM_SOLD]: GuiGuiPlay vendu 64 x Sugar Cane à  kalaistar pour 70.00 β le survie_new
[01:38:51] [ITEM_SOLD]: GuiGuiPlay vendu 64 x Sugar Cane à  kalaistar pour 70.00 β le survie_new
[01:38:52] [ITEM_SOLD]: GuiGuiPlay vendu 64 x Sugar Cane à  kalaistar pour 70.00 β le survie_new
[01:38:53] [ITEM_SOLD]: GuiGuiPlay vendu 64 x Sugar Cane à  kalaistar pour 70.00 β le survie_new
[01:38:53] [ITEM_LISTED]: GuiGuiPlay vend 28 x Sugar Cane  pour 70.00β sur survie_new
[01:38:54] [ITEM_SOLD]: GuiGuiPlay vendu 64 x Sugar Cane à  kalaistar pour 70.00 β le survie_new
[01:38:54] [ITEM_LISTED]: GuiGuiPlay vend 64 x Sugar Cane  pour 70.00β sur survie_new
[01:38:55] [ITEM_LISTED]: GuiGuiPlay vend 64 x Sugar Cane  pour 70.00β sur survie_new
[01:38:56] [ITEM_LISTED]: GuiGuiPlay vend 64 x Sugar Cane  pour 70.00β sur survie_new
[01:38:57] [ITEM_SOLD]: GuiGuiPlay vendu 64 x Sugar Cane à  kalaistar pour 70.00 β le survie_new
[01:38:57] [ITEM_LISTED]: GuiGuiPlay vend 64 x Sugar Cane  pour 70.00β sur survie_new
[01:38:58] [ITEM_SOLD]: GuiGuiPlay vendu 64 x Sugar Cane à  kalaistar pour 70.00 β le survie_new
[01:38:59] [ITEM_SOLD]: GuiGuiPlay vendu 64 x Sugar Cane à  kalaistar pour 70.00 β le survie_new
[01:39:00] [ITEM_SOLD]: GuiGuiPlay vendu 64 x Sugar Cane à  kalaistar pour 70.00 β le survie_new
[01:39:03] [ITEM_SOLD]: GuiGuiPlay vendu 28 x Sugar Cane à  kalaistar pour 70.00 β le survie_new
[01:41:50] [ITEM_LISTED]: GuiGuiPlay vend 64 x Sugar Cane  pour 75.00β sur survie_new
[01:41:51] [ITEM_LISTED]: GuiGuiPlay vend 64 x Sugar Cane  pour 75.00β sur survie_new
[01:41:52] [ITEM_LISTED]: GuiGuiPlay vend 64 x Sugar Cane  pour 75.00β sur survie_new
[01:41:53] [ITEM_LISTED]: GuiGuiPlay vend 64 x Sugar Cane  pour 75.00β sur survie_new
[01:41:54] [ITEM_LISTED]: GuiGuiPlay vend 64 x Sugar Cane  pour 75.00β sur survie_new
[01:41:55] [ITEM_LISTED]: GuiGuiPlay vend 64 x Sugar Cane  pour 75.00β sur survie_new
[01:41:56] [ITEM_LISTED]: GuiGuiPlay vend 64 x Sugar Cane  pour 75.00β sur survie_new
[01:41:57] [ITEM_LISTED]: GuiGuiPlay vend 64 x Sugar Cane  pour 75.00β sur survie_new
[01:41:58] [ITEM_LISTED]: GuiGuiPlay vend 64 x Sugar Cane  pour 75.00β sur survie_new
[01:42:01] [ITEM_LISTED]: GuiGuiPlay vend 64 x Sugar Cane  pour 75.00β sur survie_new
[01:46:47] [ITEM_LISTED]: GuiGuiPlay vend 64 x Cactus  pour 200.00β sur survie_new
[01:46:49] [ITEM_LISTED]: GuiGuiPlay vend 64 x Cactus  pour 200.00β sur survie_new
[01:46:53] [ITEM_LISTED]: GuiGuiPlay vend 64 x Cactus  pour 200.00β sur survie_new
[01:51:57] [ITEM_SOLD]: GuiGuiPlay vendu 64 x Sugar Cane à  kalaistar pour 75.00 β le survie_new
[01:51:58] [ITEM_SOLD]: GuiGuiPlay vendu 64 x Sugar Cane à  kalaistar pour 75.00 β le survie_new
[01:51:59] [ITEM_SOLD]: GuiGuiPlay vendu 64 x Sugar Cane à  kalaistar pour 75.00 β le survie_new
[01:52:00] [ITEM_SOLD]: GuiGuiPlay vendu 64 x Sugar Cane à  kalaistar pour 75.00 β le survie_new
[01:52:01] [ITEM_SOLD]: GuiGuiPlay vendu 64 x Sugar Cane à  kalaistar pour 75.00 β le survie_new
[01:52:02] [ITEM_SOLD]: GuiGuiPlay vendu 64 x Sugar Cane à  kalaistar pour 75.00 β le survie_new
[01:52:03] [ITEM_SOLD]: GuiGuiPlay vendu 64 x Sugar Cane à  kalaistar pour 75.00 β le survie_new
[01:52:04] [ITEM_SOLD]: GuiGuiPlay vendu 64 x Sugar Cane à  kalaistar pour 75.00 β le survie_new
[01:52:04] [ITEM_SOLD]: GuiGuiPlay vendu 64 x Sugar Cane à  kalaistar pour 75.00 β le survie_new
[01:52:05] [ITEM_SOLD]: GuiGuiPlay vendu 64 x Sugar Cane à  kalaistar pour 75.00 β le survie_new
[01:54:43] [ITEM_LISTED]: GuiGuiPlay vend 64 x Sugar Cane  pour 75.00β sur survie_new
[01:54:44] [ITEM_LISTED]: GuiGuiPlay vend 64 x Sugar Cane  pour 75.00β sur survie_new
[01:54:45] [ITEM_LISTED]: GuiGuiPlay vend 64 x Sugar Cane  pour 75.00β sur survie_new
[01:54:46] [ITEM_LISTED]: GuiGuiPlay vend 64 x Sugar Cane  pour 75.00β sur survie_new
[01:54:51] [ITEM_LISTED]: GuiGuiPlay vend 64 x Sugar Cane  pour 75.00β sur survie_new
[01:54:51] [ITEM_LISTED]: GuiGuiPlay vend 64 x Sugar Cane  pour 75.00β sur survie_new
[01:54:52] [ITEM_LISTED]: GuiGuiPlay vend 64 x Sugar Cane  pour 75.00β sur survie_new
[01:54:53] [ITEM_LISTED]: GuiGuiPlay vend 64 x Sugar Cane  pour 75.00β sur survie_new
[01:55:15] [ITEM_SOLD]: GuiGuiPlay vendu 64 x Sugar Cane à  Xylophast pour 75.00 β le survie_new
[01:55:17] [ITEM_SOLD]: GuiGuiPlay vendu 64 x Sugar Cane à  Xylophast pour 75.00 β le survie_new
[01:55:18] [ITEM_SOLD]: GuiGuiPlay vendu 64 x Sugar Cane à  Xylophast pour 75.00 β le survie_new
[01:55:19] [ITEM_SOLD]: GuiGuiPlay vendu 64 x Sugar Cane à  Xylophast pour 75.00 β le survie_new
[01:55:20] [ITEM_SOLD]: GuiGuiPlay vendu 64 x Sugar Cane à  Xylophast pour 75.00 β le survie_new
[01:55:21] [ITEM_SOLD]: GuiGuiPlay vendu 64 x Sugar Cane à  Xylophast pour 75.00 β le survie_new
[01:55:29] [ITEM_SOLD]: GuiGuiPlay vendu 64 x Sugar Cane à  Xylophast pour 75.00 β le survie_new
[01:55:31] [ITEM_SOLD]: GuiGuiPlay vendu 64 x Sugar Cane à  Xylophast pour 75.00 β le survie_new
[01:55:37] [ITEM_LISTED]: GuiGuiPlay vend 64 x Sugar Cane  pour 75.00β sur survie_new
[01:55:38] [ITEM_LISTED]: GuiGuiPlay vend 60 x Sugar Cane  pour 75.00β sur survie_new
[01:57:07] [ITEM_LISTED]: GuiGuiPlay vend 64 x Sugar Cane  pour 75.00β sur survie_new
[01:57:08] [ITEM_LISTED]: GuiGuiPlay vend 64 x Sugar Cane  pour 75.00β sur survie_new
[01:57:09] [ITEM_LISTED]: GuiGuiPlay vend 64 x Sugar Cane  pour 75.00β sur survie_new
[01:57:10] [ITEM_LISTED]: GuiGuiPlay vend 64 x Sugar Cane  pour 75.00β sur survie_new
[01:57:22] [ITEM_LISTED]: GuiGuiPlay vend 64 x Sugar Cane  pour 75.00β sur survie_new
[01:57:24] [ITEM_LISTED]: GuiGuiPlay vend 64 x Sugar Cane  pour 75.00β sur survie_new
[01:57:26] [ITEM_LISTED]: GuiGuiPlay vend 64 x Sugar Cane  pour 75.00β sur survie_new
[01:57:27] [ITEM_LISTED]: GuiGuiPlay vend 64 x Sugar Cane  pour 75.00β sur survie_new
[01:57:31] [ITEM_LISTED]: GuiGuiPlay vend 64 x Sugar Cane  pour 75.00β sur survie_new
[01:57:32] [ITEM_LISTED]: GuiGuiPlay vend 64 x Sugar Cane  pour 75.00β sur survie_new
[01:57:33] [ITEM_LISTED]: GuiGuiPlay vend 64 x Sugar Cane  pour 75.00β sur survie_new
[01:57:34] [ITEM_LISTED]: GuiGuiPlay vend 64 x Sugar Cane  pour 75.00β sur survie_new
[01:57:43] [ITEM_LISTED]: GuiGuiPlay vend 64 x Sugar Cane  pour 75.00β sur survie_new
[01:57:43] [ITEM_LISTED]: GuiGuiPlay vend 64 x Sugar Cane  pour 75.00β sur survie_new
[01:57:44] [ITEM_LISTED]: GuiGuiPlay vend 64 x Sugar Cane  pour 75.00β sur survie_new
[01:57:45] [ITEM_LISTED]: GuiGuiPlay vend 59 x Sugar Cane  pour 75.00β sur survie_new
[01:57:49] [ITEM_LISTED]: GuiGuiPlay vend 64 x Sugar Cane  pour 75.00β sur survie_new
[01:57:50] [ITEM_LISTED]: GuiGuiPlay vend 64 x Sugar Cane  pour 75.00β sur survie_new
[01:57:57] [ITEM_LISTED]: GuiGuiPlay vend 64 x Sugar Cane  pour 75.00β sur survie_new
[01:57:58] [ITEM_LISTED]: GuiGuiPlay vend 64 x Sugar Cane  pour 75.00β sur survie_new
[01:57:58] [ITEM_LISTED]: GuiGuiPlay vend 64 x Sugar Cane  pour 75.00β sur survie_new
[01:57:59] [ITEM_LISTED]: GuiGuiPlay vend 64 x Sugar Cane  pour 75.00β sur survie_new
[01:58:08] [ITEM_LISTED]: GuiGuiPlay vend 64 x Sugar Cane  pour 75.00β sur survie_new
[01:58:09] [ITEM_LISTED]: GuiGuiPlay vend 64 x Sugar Cane  pour 75.00β sur survie_new
[01:58:10] [ITEM_LISTED]: GuiGuiPlay vend 64 x Sugar Cane  pour 75.00β sur survie_new
[01:58:11] [ITEM_LISTED]: GuiGuiPlay vend 64 x Sugar Cane  pour 75.00β sur survie_new
[01:58:16] [ITEM_LISTED]: GuiGuiPlay vend 64 x Sugar Cane  pour 75.00β sur survie_new
[01:58:17] [ITEM_LISTED]: GuiGuiPlay vend 64 x Sugar Cane  pour 75.00β sur survie_new
[01:58:18] [ITEM_LISTED]: GuiGuiPlay vend 64 x Sugar Cane  pour 75.00β sur survie_new
[01:58:18] [ITEM_LISTED]: GuiGuiPlay vend 64 x Sugar Cane  pour 75.00β sur survie_new
[01:58:25] [ITEM_LISTED]: GuiGuiPlay vend 64 x Sugar Cane  pour 75.00β sur survie_new
[01:58:26] [ITEM_LISTED]: GuiGuiPlay vend 64 x Sugar Cane  pour 75.00β sur survie_new
[01:58:27] [ITEM_LISTED]: GuiGuiPlay vend 64 x Sugar Cane  pour 75.00β sur survie_new
[02:05:19] [ITEM_SOLD]: GuiGuiPlay vendu 64 x Sugar Cane à  Kaam98 pour 75.00 β le survie_new
[02:05:20] [ITEM_SOLD]: GuiGuiPlay vendu 64 x Sugar Cane à  Kaam98 pour 75.00 β le survie_new
[02:05:21] [ITEM_SOLD]: GuiGuiPlay vendu 64 x Sugar Cane à  Kaam98 pour 75.00 β le survie_new
[02:05:22] [ITEM_SOLD]: GuiGuiPlay vendu 64 x Sugar Cane à  Kaam98 pour 75.00 β le survie_new
[02:05:22] [ITEM_SOLD]: GuiGuiPlay vendu 64 x Sugar Cane à  Kaam98 pour 75.00 β le survie_new
[02:05:23] [ITEM_SOLD]: GuiGuiPlay vendu 64 x Sugar Cane à  Kaam98 pour 75.00 β le survie_new
[02:05:24] [ITEM_SOLD]: GuiGuiPlay vendu 64 x Sugar Cane à  Kaam98 pour 75.00 β le survie_new
[02:05:25] [ITEM_SOLD]: GuiGuiPlay vendu 64 x Sugar Cane à  Kaam98 pour 75.00 β le survie_new
[02:05:25] [ITEM_SOLD]: GuiGuiPlay vendu 64 x Sugar Cane à  Kaam98 pour 75.00 β le survie_new
[02:05:26] [ITEM_SOLD]: GuiGuiPlay vendu 64 x Sugar Cane à  Kaam98 pour 75.00 β le survie_new
[02:05:27] [ITEM_SOLD]: GuiGuiPlay vendu 64 x Sugar Cane à  Kaam98 pour 75.00 β le survie_new
[02:05:29] [ITEM_SOLD]: GuiGuiPlay vendu 64 x Sugar Cane à  Kaam98 pour 75.00 β le survie_new
[02:05:30] [ITEM_SOLD]: GuiGuiPlay vendu 64 x Sugar Cane à  Kaam98 pour 75.00 β le survie_new
[02:05:30] [ITEM_SOLD]: GuiGuiPlay vendu 64 x Sugar Cane à  Kaam98 pour 75.00 β le survie_new
[02:05:32] [ITEM_SOLD]: GuiGuiPlay vendu 64 x Sugar Cane à  Kaam98 pour 75.00 β le survie_new
[02:05:33] [ITEM_SOLD]: GuiGuiPlay vendu 64 x Sugar Cane à  Kaam98 pour 75.00 β le survie_new
[02:05:34] [ITEM_SOLD]: GuiGuiPlay vendu 64 x Sugar Cane à  Kaam98 pour 75.00 β le survie_new
[02:05:35] [ITEM_SOLD]: GuiGuiPlay vendu 64 x Sugar Cane à  Kaam98 pour 75.00 β le survie_new
[02:05:36] [ITEM_SOLD]: GuiGuiPlay vendu 59 x Sugar Cane à  Kaam98 pour 75.00 β le survie_new
[02:05:37] [ITEM_SOLD]: GuiGuiPlay vendu 64 x Sugar Cane à  Kaam98 pour 75.00 β le survie_new
[02:05:38] [ITEM_SOLD]: GuiGuiPlay vendu 64 x Sugar Cane à  Kaam98 pour 75.00 β le survie_new
[02:05:39] [ITEM_SOLD]: GuiGuiPlay vendu 64 x Sugar Cane à  Kaam98 pour 75.00 β le survie_new
[02:05:40] [ITEM_SOLD]: GuiGuiPlay vendu 64 x Sugar Cane à  Kaam98 pour 75.00 β le survie_new
[02:05:41] [ITEM_SOLD]: GuiGuiPlay vendu 64 x Sugar Cane à  Kaam98 pour 75.00 β le survie_new
[02:05:53] [ITEM_SOLD]: GuiGuiPlay vendu 64 x Sugar Cane à  Kaam98 pour 75.00 β le survie_new
[02:05:54] [ITEM_SOLD]: GuiGuiPlay vendu 64 x Sugar Cane à  Kaam98 pour 75.00 β le survie_new
[02:05:55] [ITEM_SOLD]: GuiGuiPlay vendu 64 x Sugar Cane à  Kaam98 pour 75.00 β le survie_new
[02:05:56] [ITEM_SOLD]: GuiGuiPlay vendu 64 x Sugar Cane à  Kaam98 pour 75.00 β le survie_new
[02:05:57] [ITEM_SOLD]: GuiGuiPlay vendu 64 x Sugar Cane à  Kaam98 pour 75.00 β le survie_new
[02:05:58] [ITEM_SOLD]: GuiGuiPlay vendu 64 x Sugar Cane à  Kaam98 pour 75.00 β le survie_new
[02:06:00] [ITEM_SOLD]: GuiGuiPlay vendu 64 x Sugar Cane à  Kaam98 pour 75.00 β le survie_new
[02:06:01] [ITEM_SOLD]: GuiGuiPlay vendu 64 x Sugar Cane à  Kaam98 pour 75.00 β le survie_new
[02:06:02] [ITEM_SOLD]: GuiGuiPlay vendu 64 x Sugar Cane à  Kaam98 pour 75.00 β le survie_new
[02:06:03] [ITEM_SOLD]: GuiGuiPlay vendu 60 x Sugar Cane à  Kaam98 pour 75.00 β le survie_new
[02:06:04] [ITEM_SOLD]: GuiGuiPlay vendu 64 x Sugar Cane à  Kaam98 pour 75.00 β le survie_new
[02:08:33] [ITEM_LISTED]: GuiGuiPlay vend 64 x Bread  pour 199.00β sur survie_new
[02:08:35] [ITEM_LISTED]: GuiGuiPlay vend 64 x Bread  pour 199.00β sur survie_new
[02:08:36] [ITEM_LISTED]: GuiGuiPlay vend 64 x Bread  pour 199.00β sur survie_new
[02:08:37] [ITEM_LISTED]: GuiGuiPlay vend 64 x Bread  pour 199.00β sur survie_new
[02:29:11] [ITEM_SOLD]: _TMLC_R34_ vendu 4 x Redstone Block à  cmdix36 pour 30.00 β le survie_new
[02:54:22] [ITEM_LISTED]: BiscuitSoda69 vend 64 x Blaze Rod  pour 499.00β sur survie_new
[02:54:31] [ITEM_LISTED]: BiscuitSoda69 vend 64 x Magma Cream  pour 1,500.00β sur survie_new
[09:18:20] [ITEM_RETURNED]: 1 x Enchanted Book  renvoyé à Kaio_Beninou le survie_new
[09:18:21] [ITEM_RETURNED]: 1 x Enchanted Book  renvoyé à Kaio_Beninou le survie_new
[09:18:21] [ITEM_RETURNED]: 1 x Enchanted Book  renvoyé à Kaio_Beninou le survie_new
[09:18:52] [ITEM_LISTED]: Kaio_Beninou vend 1 x Enchanted Book  pour 5,000.00β sur survie_new
[09:18:56] [ITEM_LISTED]: Kaio_Beninou vend 1 x Enchanted Book  pour 5,000.00β sur survie_new
[09:18:59] [ITEM_LISTED]: Kaio_Beninou vend 1 x Enchanted Book  pour 5,000.00β sur survie_new
[09:58:47] [ITEM_SOLD]: pierro vendu 16 x Egg à  laelia59 pour 150.00 β le survie_new
[09:58:49] [ITEM_SOLD]: pierro vendu 16 x Egg à  laelia59 pour 150.00 β le survie_new
[09:58:51] [ITEM_SOLD]: pierro vendu 16 x Egg à  laelia59 pour 150.00 β le survie_new
[09:58:54] [ITEM_SOLD]: pierro vendu 16 x Egg à  laelia59 pour 150.00 β le survie_new
[11:04:51] [ITEM_LISTED]: AzodFR vend 1 x Epée des Cieux  [Looting II, Sharpness V, Unbreaking II] pour 3,000.00β sur survie_new
[11:07:34] [ITEM_LISTED]: GuiGuiPlay vend 64 x Sugar Cane  pour 95.00β sur survie_new
[11:07:39] [ITEM_LISTED]: GuiGuiPlay vend 64 x Sugar Cane  pour 95.00β sur survie_new
[11:07:40] [ITEM_LISTED]: GuiGuiPlay vend 64 x Sugar Cane  pour 95.00β sur survie_new
[11:07:41] [ITEM_LISTED]: GuiGuiPlay vend 64 x Sugar Cane  pour 95.00β sur survie_new
[11:07:44] [ITEM_LISTED]: GuiGuiPlay vend 64 x Sugar Cane  pour 95.00β sur survie_new
[11:07:45] [ITEM_LISTED]: GuiGuiPlay vend 64 x Sugar Cane  pour 95.00β sur survie_new
[11:07:47] [ITEM_LISTED]: GuiGuiPlay vend 64 x Sugar Cane  pour 95.00β sur survie_new
[11:07:51] [ITEM_LISTED]: GuiGuiPlay vend 64 x Sugar Cane  pour 95.00β sur survie_new
[11:07:52] [ITEM_LISTED]: GuiGuiPlay vend 64 x Sugar Cane  pour 95.00β sur survie_new
[11:07:53] [ITEM_LISTED]: GuiGuiPlay vend 64 x Sugar Cane  pour 95.00β sur survie_new
[11:07:57] [ITEM_LISTED]: GuiGuiPlay vend 64 x Sugar Cane  pour 95.00β sur survie_new
[11:40:04] [ITEM_SOLD]: D4rk_Wolf_07 vendu 64 x Sea Lantern à  AzodFR pour 20,000.00 β le survie_new
[12:01:11] [ITEM_SOLD]: GuiGuiPlay vendu 64 x Sugar Cane à  Axiton pour 95.00 β le survie_new
[12:06:39] [ITEM_SOLD]: Zougless vendu 64 x Spruce Log à  Christophe_ pour 350.00 β le survie_new
[12:06:42] [ITEM_SOLD]: Zougless vendu 64 x Spruce Log à  Christophe_ pour 350.00 β le survie_new
[12:06:43] [ITEM_SOLD]: Zougless vendu 64 x Spruce Log à  Christophe_ pour 350.00 β le survie_new
[13:25:35] [ITEM_LISTED]: pierro vend 16 x Egg  pour 100.00β sur survie_new
[13:25:39] [ITEM_LISTED]: pierro vend 16 x Egg  pour 100.00β sur survie_new
[13:25:41] [ITEM_LISTED]: pierro vend 16 x Egg  pour 100.00β sur survie_new
[13:25:43] [ITEM_LISTED]: pierro vend 16 x Egg  pour 100.00β sur survie_new
[13:25:46] [ITEM_LISTED]: pierro vend 16 x Egg  pour 100.00β sur survie_new
[15:00:35] [ITEM_SOLD]: REGDYLAN vendu 1 x Diamond Pickaxe à  [Efficiency IV, Fortune III, Unbreaking III] Christophe_ pour 3,000.00 β le survie_new
[15:00:49] [ITEM_SOLD]: REGDYLAN vendu 1 x Diamond Pickaxe à  [Efficiency IV, Unbreaking III] Christophe_ pour 2,500.00 β le survie_new
[15:23:09] [ITEM_SOLD]: Zougless vendu 64 x Spruce Log à  Christophe_ pour 350.00 β le survie_new
[15:45:31] [ITEM_SOLD]: pierro vendu 16 x Egg à  laelia59 pour 100.00 β le survie_new
[15:45:33] [ITEM_SOLD]: pierro vendu 16 x Egg à  laelia59 pour 100.00 β le survie_new
[15:45:35] [ITEM_SOLD]: pierro vendu 16 x Egg à  laelia59 pour 100.00 β le survie_new
[15:45:37] [ITEM_SOLD]: pierro vendu 16 x Egg à  laelia59 pour 100.00 β le survie_new
[15:45:39] [ITEM_SOLD]: pierro vendu 16 x Egg à  laelia59 pour 100.00 β le survie_new
[15:59:37] [ITEM_LISTED]: pierro vend 16 x Egg  pour 120.00β sur survie_new
[15:59:40] [ITEM_LISTED]: pierro vend 16 x Egg  pour 120.00β sur survie_new
[15:59:42] [ITEM_LISTED]: pierro vend 16 x Egg  pour 120.00β sur survie_new
[16:00:02] [ITEM_LISTED]: pierro vend 16 x Egg  pour 120.00β sur survie_new
[16:00:04] [ITEM_LISTED]: pierro vend 16 x Egg  pour 120.00β sur survie_new
[16:00:06] [ITEM_LISTED]: pierro vend 16 x Egg  pour 120.00β sur survie_new
[16:00:19] [ITEM_LISTED]: pierro vend 16 x Egg  pour 120.00β sur survie_new
[16:00:21] [ITEM_LISTED]: pierro vend 16 x Egg  pour 120.00β sur survie_new
[16:00:22] [ITEM_LISTED]: pierro vend 16 x Egg  pour 120.00β sur survie_new
[16:00:30] [ITEM_LISTED]: pierro vend 16 x Egg  pour 120.00β sur survie_new
[16:01:21] [ITEM_LISTED]: pierro vend 16 x Egg  pour 120.00β sur survie_new
[16:01:23] [ITEM_LISTED]: pierro vend 16 x Egg  pour 120.00β sur survie_new
[16:01:25] [ITEM_LISTED]: pierro vend 16 x Egg  pour 120.00β sur survie_new
[16:01:43] [ITEM_LISTED]: pierro vend 16 x Egg  pour 120.00β sur survie_new
[16:01:45] [ITEM_LISTED]: pierro vend 16 x Egg  pour 120.00β sur survie_new
[16:01:47] [ITEM_LISTED]: pierro vend 16 x Egg  pour 120.00β sur survie_new
[16:12:06] [ITEM_SOLD]: lasoeurdadrien vendu 1 x Enchanted Book à  pierro pour 2,400.00 β le survie_new
[16:25:48] [ITEM_SOLD]: Haru_M vendu 1 x Enchanted Book à  Christophe_ pour 2,500.00 β le survie_new
[17:20:29] [ITEM_LISTED]: IntegraleEpice vend 1 x Chainmail Helmet  pour 25.00β sur survie_new
[17:20:32] [ITEM_LISTED]: IntegraleEpice vend 1 x Chainmail Helmet  pour 25.00β sur survie_new
[17:20:34] [ITEM_LISTED]: IntegraleEpice vend 1 x Chainmail Helmet  pour 25.00β sur survie_new
[17:20:36] [ITEM_LISTED]: IntegraleEpice vend 1 x Chainmail Helmet  pour 25.00β sur survie_new
[17:20:38] [ITEM_LISTED]: IntegraleEpice vend 1 x Chainmail Helmet  pour 25.00β sur survie_new
[17:35:10] [ITEM_SOLD]: AzodFR vendu 1 x Epée des Cieux à  [Looting II, Sharpness V, Unbreaking II] tintin064 pour 3,000.00 β le survie_new
[17:36:28] [ITEM_SOLD]: Newt_hp vendu 64 x Bamboo à  tintin064 pour 32.00 β le survie_new
[17:37:15] [ITEM_SOLD]: Tesla248 vendu 1 x Ominous Banner à  tintin064 pour 200.00 β le survie_new
[17:37:17] [ITEM_SOLD]: Tesla248 vendu 1 x Ominous Banner à  tintin064 pour 200.00 β le survie_new
[17:42:23] [ITEM_SOLD]: Newt_hp vendu 2 x Peony à  tintin064 pour 0.01 β le survie_new
[17:42:28] [ITEM_SOLD]: Newt_hp vendu 3 x White Tulip à  tintin064 pour 0.01 β le survie_new
[17:42:32] [ITEM_SOLD]: Newt_hp vendu 2 x Allium à  tintin064 pour 0.01 β le survie_new
[17:42:34] [ITEM_SOLD]: Newt_hp vendu 2 x Lilac à  tintin064 pour 0.01 β le survie_new
[17:45:34] [ITEM_LISTED]: Waxay vend 1 x [Cave spider Spawner]  pour 2,888.00β sur survie_new
[18:15:19] [ITEM_LISTED]: _megamigit_ vend 64 x Sugar Cane  pour 50.00β sur survie_new
[18:15:21] [ITEM_LISTED]: _megamigit_ vend 64 x Sugar Cane  pour 50.00β sur survie_new
[18:15:23] [ITEM_LISTED]: _megamigit_ vend 64 x Sugar Cane  pour 50.00β sur survie_new
[18:15:24] [ITEM_LISTED]: _megamigit_ vend 64 x Sugar Cane  pour 50.00β sur survie_new
[18:15:25] [ITEM_LISTED]: _megamigit_ vend 64 x Sugar Cane  pour 50.00β sur survie_new
[18:15:27] [ITEM_LISTED]: _megamigit_ vend 64 x Sugar Cane  pour 50.00β sur survie_new
[18:15:29] [ITEM_LISTED]: _megamigit_ vend 64 x Sugar Cane  pour 50.00β sur survie_new
[18:15:30] [ITEM_LISTED]: _megamigit_ vend 64 x Sugar Cane  pour 50.00β sur survie_new
[18:15:34] [ITEM_LISTED]: _megamigit_ vend 64 x Sugar Cane  pour 50.00β sur survie_new
[18:46:40] [ITEM_LISTED]: K666D vend 64 x Wheat Seeds  pour 10.00β sur survie_new
[18:46:49] [ITEM_LISTED]: K666D vend 64 x Wheat Seeds  pour 10.00β sur survie_new
[18:46:50] [ITEM_LISTED]: Waxay vend 64 x Iron Ingot  pour 1,280.00β sur survie_new
[18:46:54] [ITEM_LISTED]: Waxay vend 64 x Iron Ingot  pour 1,280.00β sur survie_new
[18:46:56] [ITEM_LISTED]: Waxay vend 64 x Iron Ingot  pour 1,280.00β sur survie_new
[18:46:57] [ITEM_LISTED]: Waxay vend 64 x Iron Ingot  pour 1,280.00β sur survie_new
[18:46:59] [ITEM_LISTED]: Waxay vend 64 x Iron Ingot  pour 1,280.00β sur survie_new
[18:47:00] [ITEM_LISTED]: Waxay vend 64 x Iron Ingot  pour 1,280.00β sur survie_new
[18:47:35] [ITEM_LISTED]: Waxay vend 64 x Gold Ingot  pour 1,600.00β sur survie_new
[18:47:43] [ITEM_LISTED]: Waxay vend 64 x Gold Ingot  pour 1,600.00β sur survie_new
[18:47:50] [ITEM_SOLD]: Waxay vendu 64 x Iron Ingot à  kalaistar pour 1,280.00 β le survie_new
[18:47:52] [ITEM_SOLD]: Waxay vendu 64 x Iron Ingot à  kalaistar pour 1,280.00 β le survie_new
[18:47:52] [ITEM_SOLD]: Waxay vendu 64 x Iron Ingot à  kalaistar pour 1,280.00 β le survie_new
[18:47:53] [ITEM_SOLD]: Waxay vendu 64 x Iron Ingot à  kalaistar pour 1,280.00 β le survie_new
[18:47:54] [ITEM_SOLD]: Waxay vendu 64 x Iron Ingot à  kalaistar pour 1,280.00 β le survie_new
[18:47:55] [ITEM_SOLD]: Waxay vendu 64 x Iron Ingot à  kalaistar pour 1,280.00 β le survie_new
[18:47:56] [ITEM_SOLD]: Waxay vendu 64 x Gold Ingot à  kalaistar pour 1,600.00 β le survie_new
[18:47:56] [ITEM_SOLD]: Waxay vendu 64 x Gold Ingot à  kalaistar pour 1,600.00 β le survie_new
[18:48:19] [ITEM_LISTED]: Waxay vend 64 x Diamond  pour 7,500.00β sur survie_new
[18:48:28] [ITEM_SOLD]: Waxay vendu 64 x Diamond à  IntegraleEpice pour 7,500.00 β le survie_new
[18:48:56] [ITEM_SOLD]: _megamigit_ vendu 64 x Sugar Cane à  CroixVeBaton pour 50.00 β le survie_new
[18:48:58] [ITEM_SOLD]: _megamigit_ vendu 64 x Sugar Cane à  CroixVeBaton pour 50.00 β le survie_new
[18:49:00] [ITEM_SOLD]: _megamigit_ vendu 64 x Sugar Cane à  CroixVeBaton pour 50.00 β le survie_new
[18:49:02] [ITEM_SOLD]: _megamigit_ vendu 64 x Sugar Cane à  CroixVeBaton pour 50.00 β le survie_new
[18:49:04] [ITEM_SOLD]: _megamigit_ vendu 64 x Sugar Cane à  CroixVeBaton pour 50.00 β le survie_new
[18:49:05] [ITEM_SOLD]: _megamigit_ vendu 64 x Sugar Cane à  CroixVeBaton pour 50.00 β le survie_new
[18:49:07] [ITEM_SOLD]: _megamigit_ vendu 64 x Sugar Cane à  CroixVeBaton pour 50.00 β le survie_new
[18:49:09] [ITEM_SOLD]: _megamigit_ vendu 64 x Sugar Cane à  CroixVeBaton pour 50.00 β le survie_new
[18:49:10] [ITEM_SOLD]: _megamigit_ vendu 64 x Sugar Cane à  CroixVeBaton pour 50.00 β le survie_new
[18:49:53] [ITEM_SOLD]: Kaam98 vendu 3 x Wither Skeleton Skull à  Newt_hp pour 8,000.00 β le survie_new
[18:50:05] [ITEM_LISTED]: LeVoleurDeStylo vend 27 x Redstone  pour 10,000.00β sur survie_new
[18:50:08] [ITEM_LISTED]: kalaistar vend 64 x Golden Carrot  pour 400.00β sur survie_new
[18:50:23] [ITEM_LISTED]: kalaistar vend 64 x Golden Carrot  pour 400.00β sur survie_new
[18:50:39] [ITEM_SOLD]: RazerJojo vendu 1 x Diamond Pickaxe à  [Efficiency III, Unbreaking III] LeVoleurDeStylo pour 500.00 β le survie_new
[18:50:46] [ITEM_LISTED]: kalaistar vend 64 x Golden Carrot  pour 400.00β sur survie_new
[18:50:51] [ITEM_LISTED]: kalaistar vend 64 x Golden Carrot  pour 400.00β sur survie_new
[18:50:56] [ITEM_LISTED]: kalaistar vend 64 x Golden Carrot  pour 400.00β sur survie_new
[18:51:00] [ITEM_LISTED]: kalaistar vend 64 x Golden Carrot  pour 400.00β sur survie_new
[18:51:05] [ITEM_LISTED]: kalaistar vend 64 x Golden Carrot  pour 400.00β sur survie_new
[18:51:10] [ITEM_LISTED]: kalaistar vend 64 x Golden Carrot  pour 400.00β sur survie_new
[18:51:15] [ITEM_LISTED]: kalaistar vend 64 x Golden Carrot  pour 400.00β sur survie_new
[19:03:17] [ITEM_SOLD]: REGDYLAN vendu 1 x Diamond Pickaxe à  [Efficiency IV, Fortune III, Unbreaking III] Isaorya pour 3,000.00 β le survie_new
[19:05:56] [ITEM_SOLD]: REGDYLAN vendu 1 x Diamond Pickaxe à  [Efficiency IV, Unbreaking III] Isaorya pour 2,500.00 β le survie_new
[19:22:17] [ITEM_LISTED]: Newt_hp vend 1 x [Spider Spawner]  pour 3,000.00β sur survie_new
[19:48:41] [ITEM_SOLD]: DraVaP_VdZ vendu 1 x Journal de quêtes à  lmoaborghini pour 10.00 β le survie_new
[19:56:17] [ITEM_SOLD]: pierro vendu 16 x Egg à  lmoaborghini pour 120.00 β le survie_new
[19:56:19] [ITEM_SOLD]: pierro vendu 16 x Egg à  lmoaborghini pour 120.00 β le survie_new
[19:56:20] [ITEM_SOLD]: pierro vendu 16 x Egg à  lmoaborghini pour 120.00 β le survie_new
[19:56:22] [ITEM_SOLD]: pierro vendu 16 x Egg à  lmoaborghini pour 120.00 β le survie_new
[19:56:23] [ITEM_SOLD]: pierro vendu 16 x Egg à  lmoaborghini pour 120.00 β le survie_new
[19:56:25] [ITEM_SOLD]: pierro vendu 16 x Egg à  lmoaborghini pour 120.00 β le survie_new
[20:25:36] [ITEM_SOLD]: GuiGuiPlay vendu 64 x Sugar Cane à  Axiton pour 95.00 β le survie_new
[20:25:38] [ITEM_SOLD]: GuiGuiPlay vendu 64 x Sugar Cane à  Axiton pour 95.00 β le survie_new
[20:49:42] [ITEM_LISTED]: REGDYLAN vend 1 x Diamond Pickaxe  [Unbreaking III] pour 1,500.00β sur survie_new
[20:49:50] [ITEM_SOLD]: REGDYLAN vendu 1 x Diamond Pickaxe à  [Unbreaking III] Christophe_ pour 1,500.00 β le survie_new
[20:51:25] [ITEM_SOLD]: Kaio_Beninou vendu 1 x Enchanted Book à  Axiton pour 5,000.00 β le survie_new
[20:52:26] [ITEM_SOLD]: lasoeurdadrien vendu 1 x Enchanted Book à  Christophe_ pour 2,400.00 β le survie_new
[21:19:23] [ITEM_SOLD]: GuiGuiPlay vendu 64 x Sugar Cane à  REGDYLAN pour 95.00 β le survie_new
[21:19:24] [ITEM_SOLD]: GuiGuiPlay vendu 64 x Sugar Cane à  REGDYLAN pour 95.00 β le survie_new
[21:20:00] [ITEM_SOLD]: GuiGuiPlay vendu 64 x Sugar Cane à  REGDYLAN pour 95.00 β le survie_new
[21:20:01] [ITEM_SOLD]: GuiGuiPlay vendu 64 x Sugar Cane à  REGDYLAN pour 95.00 β le survie_new
[21:20:05] [ITEM_SOLD]: GuiGuiPlay vendu 64 x Sugar Cane à  REGDYLAN pour 95.00 β le survie_new
[21:20:06] [ITEM_SOLD]: GuiGuiPlay vendu 64 x Sugar Cane à  REGDYLAN pour 95.00 β le survie_new
[21:20:10] [ITEM_SOLD]: GuiGuiPlay vendu 64 x Sugar Cane à  REGDYLAN pour 95.00 β le survie_new
[21:20:11] [ITEM_SOLD]: GuiGuiPlay vendu 64 x Sugar Cane à  REGDYLAN pour 95.00 β le survie_new
[21:20:44] [ITEM_SOLD]: Newt_hp vendu 1 x Diamond Sword à  [Unbreaking III] REGDYLAN pour 1,500.00 β le survie_new
[21:33:53] [ITEM_CANCELLED]: kalaistar annule la vente de 64x Golden Carrot pour 400.00β sur survie_new
[21:33:58] [ITEM_CANCELLED]: kalaistar annule la vente de 64x Golden Carrot pour 400.00β sur survie_new
[21:34:01] [ITEM_CANCELLED]: kalaistar annule la vente de 64x Golden Carrot pour 400.00β sur survie_new
[21:34:01] [ITEM_CANCELLED]: kalaistar annule la vente de 64x Golden Carrot pour 400.00β sur survie_new
[21:34:01] [ITEM_CANCELLED]: kalaistar annule la vente de 64x Golden Carrot pour 400.00β sur survie_new
[21:34:02] [ITEM_CANCELLED]: kalaistar annule la vente de 64x Golden Carrot pour 400.00β sur survie_new
[21:34:02] [ITEM_CANCELLED]: kalaistar annule la vente de 64x Golden Carrot pour 400.00β sur survie_new
[21:34:02] [ITEM_CANCELLED]: kalaistar annule la vente de 64x Golden Carrot pour 400.00β sur survie_new
[21:34:02] [ITEM_CANCELLED]: kalaistar annule la vente de 64x Golden Carrot pour 400.00β sur survie_new
[21:34:11] [ITEM_RETURNED]: 64 x Golden Carrot  renvoyé à kalaistar le survie_new
[21:34:11] [ITEM_RETURNED]: 64 x Golden Carrot  renvoyé à kalaistar le survie_new
[21:34:11] [ITEM_RETURNED]: 64 x Golden Carrot  renvoyé à kalaistar le survie_new
[21:34:12] [ITEM_RETURNED]: 64 x Golden Carrot  renvoyé à kalaistar le survie_new
[21:34:12] [ITEM_RETURNED]: 64 x Golden Carrot  renvoyé à kalaistar le survie_new
[21:34:12] [ITEM_RETURNED]: 64 x Golden Carrot  renvoyé à kalaistar le survie_new
[21:34:12] [ITEM_RETURNED]: 64 x Golden Carrot  renvoyé à kalaistar le survie_new
[21:34:12] [ITEM_RETURNED]: 64 x Golden Carrot  renvoyé à kalaistar le survie_new
[21:34:12] [ITEM_RETURNED]: 64 x Golden Carrot  renvoyé à kalaistar le survie_new
[21:34:54] [ITEM_CANCELLED]: CouzVeBaton annule la vente de 1x Diamond Pickaxe [Efficiency V] pour 2,800.00β sur survie_new
[21:35:00] [ITEM_RETURNED]: 1 x Diamond Pickaxe  [Efficiency V] renvoyé à CouzVeBaton le survie_new
[22:07:38] [ITEM_LISTED]: chanell_ vend 1 x Palmes Magiques ✔  [Protection II, Unbreaking II] pour 2,000.00β sur survie_new
[22:16:16] [ITEM_LISTED]: Toryar vend 1 x Globe  pour 5,000.00β sur survie_new
[22:22:55] [ITEM_SOLD]: Kaio_Beninou vendu 1 x Enchanted Book à  Newt_hp pour 5,000.00 β le survie_new
[22:22:57] [ITEM_SOLD]: Kaio_Beninou vendu 1 x Enchanted Book à  Newt_hp pour 5,000.00 β le survie_new
[22:23:06] [ITEM_SOLD]: REGDYLAN vendu 1 x Enchanted Book à  Newt_hp pour 2,450.00 β le survie_new
[22:23:08] [ITEM_SOLD]: REGDYLAN vendu 1 x Enchanted Book à  Newt_hp pour 2,450.00 β le survie_new
[22:23:10] [ITEM_SOLD]: REGDYLAN vendu 1 x Enchanted Book à  Newt_hp pour 2,450.00 β le survie_new
[22:23:12] [ITEM_SOLD]: REGDYLAN vendu 1 x Enchanted Book à  Newt_hp pour 2,450.00 β le survie_new
[22:23:15] [ITEM_SOLD]: REGDYLAN vendu 1 x Enchanted Book à  Newt_hp pour 2,450.00 β le survie_new
[22:23:18] [ITEM_SOLD]: REGDYLAN vendu 1 x Enchanted Book à  Newt_hp pour 2,450.00 β le survie_new
[22:31:49] [ITEM_CANCELLED]: Cryyzi annule la vente de 1x Shulker Shell pour 1,500.00β sur survie_new
[22:31:50] [ITEM_CANCELLED]: Cryyzi annule la vente de 1x Shulker Shell pour 1,500.00β sur survie_new
[22:31:51] [ITEM_CANCELLED]: Cryyzi annule la vente de 1x Shulker Shell pour 1,500.00β sur survie_new
[22:31:52] [ITEM_CANCELLED]: Cryyzi annule la vente de 1x Shulker Shell pour 1,500.00β sur survie_new
[22:32:05] [ITEM_RETURNED]: 1 x Shulker Shell  renvoyé à Cryyzi le survie_new
[22:32:06] [ITEM_RETURNED]: 1 x Shulker Shell  renvoyé à Cryyzi le survie_new
[22:32:06] [ITEM_RETURNED]: 1 x Shulker Shell  renvoyé à Cryyzi le survie_new
[22:32:07] [ITEM_RETURNED]: 1 x Shulker Shell  renvoyé à Cryyzi le survie_new
[22:32:26] [ITEM_LISTED]: Cryyzi vend 1 x Shulker Shell  pour 1,500.00β sur survie_new
[22:32:28] [ITEM_LISTED]: Cryyzi vend 1 x Shulker Shell  pour 1,500.00β sur survie_new
[22:32:30] [ITEM_LISTED]: Cryyzi vend 1 x Shulker Shell  pour 1,500.00β sur survie_new
[22:32:32] [ITEM_LISTED]: Cryyzi vend 1 x Shulker Shell  pour 1,500.00β sur survie_new
[22:36:25] [ITEM_SOLD]: aidan vendu 1 x Enchanted Book à  Newt_hp pour 1,000.00 β le survie_new
[22:40:03] [ITEM_SOLD]: BiscuitSoda69 vendu 64 x Magma Cream à  RazerJojo pour 1,500.00 β le survie_new
[22:42:26] [ITEM_LISTED]: RazerJojo vend 1 x Name Tag  pour 300.00β sur survie_new
[22:49:42] [ITEM_SOLD]: IntegraleEpice vendu 1 x Chainmail Helmet à  Zougless pour 25.00 β le survie_new
[22:49:46] [ITEM_SOLD]: IntegraleEpice vendu 1 x Chainmail Helmet à  Zougless pour 25.00 β le survie_new
[22:49:50] [ITEM_SOLD]: IntegraleEpice vendu 1 x Chainmail Helmet à  Zougless pour 25.00 β le survie_new
[22:49:51] [ITEM_SOLD]: IntegraleEpice vendu 1 x Chainmail Helmet à  Zougless pour 25.00 β le survie_new
[22:49:53] [ITEM_SOLD]: IntegraleEpice vendu 1 x Chainmail Helmet à  Zougless pour 25.00 β le survie_new
[22:52:37] [ITEM_LISTED]: chanell_ vend 1 x chanell's poupée  pour 6,000.00β sur survie_new
[22:54:39] [ITEM_CANCELLED]: chanell_ annule la vente de 1x Palmes Magiques ✔ [Protection II, Unbreaking II] pour 2,000.00β sur survie_new
[22:54:40] [ITEM_CANCELLED]: chanell_ annule la vente de 1x chanell's poupée pour 6,000.00β sur survie_new
[22:54:58] [ITEM_RETURNED]: 1 x Palmes Magiques ✔  [Protection II, Unbreaking II] renvoyé à chanell_ le survie_new
[22:54:59] [ITEM_RETURNED]: 1 x chanell's poupée  renvoyé à chanell_ le survie_new
[22:55:16] [ITEM_LISTED]: chanell_ vend 1 x Palmes Magiques ✔  [Protection II, Unbreaking II] pour 2,000.00β sur survie_new
[22:55:22] [ITEM_LISTED]: chanell_ vend 1 x chanell's poupée  pour 6,000.00β sur survie_new
[22:55:31] [ITEM_LISTED]: chanell_ vend 1 x crâne de kalai  pour 1,200.00β sur survie_new
[22:58:02] [ITEM_SOLD]: chanell_ vendu 1 x crâne de kalai à  CroixVeBaton pour 1,200.00 β le survie_new
[22:58:17] [ITEM_SOLD]: chanell_ vendu 1 x chanell's poupée à  CouzVeBaton pour 6,000.00 β le survie_new
[23:03:56] [ITEM_LISTED]: RazerJojo vend 1 x Diamond Pickaxe  [Unbreaking III] pour 400.00β sur survie_new
[23:04:33] [ITEM_CANCELLED]: RazerJojo annule la vente de 1x Diamond Pickaxe [Unbreaking III] pour 400.00β sur survie_new
[23:04:35] [ITEM_RETURNED]: 1 x Diamond Pickaxe  [Unbreaking III] renvoyé à RazerJojo le survie_new
[23:29:35] [ITEM_SOLD]: RazerJojo vendu 1 x Name Tag à  AzodFR pour 300.00 β le survie_new
[23:29:42] [ITEM_SOLD]: Toryar vendu 1 x Globe à  AzodFR pour 5,000.00 β le survie_new
