[01:22:20] [ITEM_LISTED]: H_Caw listed 16x Dragon Breath for $900.00 on world
[01:23:34] [ITEM_CANCELLED]: Kaam98 cancelled an auction for 64x Baked Potato for $150.00 on world
[01:23:34] [ITEM_CANCELLED]: Kaam98 cancelled an auction for 64x Baked Potato for $150.00 on world
[01:23:35] [ITEM_CANCELLED]: Kaam98 cancelled an auction for 64x Baked Potato for $150.00 on world
[01:23:39] [ITEM_CANCELLED]: Kaam98 cancelled an auction for 64x Cooked Porkchop for $200.00 on world
[01:23:44] [ITEM_RETURNED]: Retour 64x Cooked Porkchop de Kaam98 sur world
[02:04:29] [ITEM_LISTED]: Kaio_Beninou listed 1x Lead for $500.00 on Survie
[02:04:40] [ITEM_LISTED]: Kaio_Beninou listed 1x Lead for $500.00 on Survie
[02:04:47] [ITEM_LISTED]: Kaio_Beninou listed 1x Lead for $500.00 on Survie
[02:05:45] [ITEM_LISTED]: Kaio_Beninou listed 10x Slime Ball for $2,000.00 on Survie
[02:05:49] [ITEM_LISTED]: Kaio_Beninou listed 10x Slime Ball for $2,000.00 on Survie
[02:05:53] [ITEM_LISTED]: Kaio_Beninou listed 10x Slime Ball for $2,000.00 on Survie
[02:06:00] [ITEM_LISTED]: Kaio_Beninou listed 10x Slime Ball for $2,000.00 on Survie
[02:06:05] [ITEM_LISTED]: Kaio_Beninou listed 10x Slime Ball for $2,000.00 on Survie
[02:06:37] [ITEM_SOLD]: Mr_Lezzy vend 64x Bread sur TheRobuxMan156 pour $150.00 sur Survie
[02:07:26] [ITEM_LISTED]: Kaio_Beninou listed 1x Enchanted Book for $1,200.00 on Survie
[02:07:51] [ITEM_SOLD]: Piltrax vend 42x Bone sur Kaio_Beninou pour $0.10 sur Survie
[02:08:45] [ITEM_SOLD]: Piltrax vend 1x Wither Rose sur TheRobuxMan156 pour $5.00 sur Survie
[02:18:04] [ITEM_LISTED]: TheRobuxMan156 listed 5x Emerald for $2,000.00 on Survie
[16:38:30] [ITEM_LISTED]: Kaam98 listed 64x Dirt for $80.00 on world
[16:38:44] [ITEM_LISTED]: Kaam98 listed 1x [Cave spider Spawner] for $4,000.00 on world
[16:38:48] [ITEM_LISTED]: Kaam98 listed 1x [Cave spider Spawner] for $4,000.00 on world
[16:38:51] [ITEM_LISTED]: Kaam98 listed 1x [Cave spider Spawner] for $4,000.00 on world
[17:04:09] [ITEM_SOLD]: Mr_Lezzy vend 64x Bread sur logan pour $150.00 sur Survie
[18:04:41] [ITEM_SOLD]: Mr_Lezzy vend 10x Blaze Rod sur Nyre pour $500.00 sur world
[18:04:46] [ITEM_SOLD]: Mr_Lezzy vend 10x Blaze Rod sur star30_ pour $500.00 sur world
[19:02:01] [ITEM_SOLD]: Kaam98 vend 1x [Cave spider Spawner] sur star30_ pour $4,000.00 sur world
[19:09:00] [ITEM_SOLD]: Kaio_Beninou vend 10x Slime Ball sur Amaxet pour $2,000.00 sur Survie
[19:09:03] [ITEM_SOLD]: Kaio_Beninou vend 10x Slime Ball sur Amaxet pour $2,000.00 sur Survie
[19:09:04] [ITEM_SOLD]: Kaio_Beninou vend 10x Slime Ball sur Amaxet pour $2,000.00 sur Survie
[19:10:45] [ITEM_SOLD]: Kaam98 vend 64x Cooked Chicken sur Kacylx pour $180.00 sur world
[19:17:33] [ITEM_SOLD]: Piltrax vend 1x Saddle sur star30_ pour $500.00 sur Survie
[19:23:01] [ITEM_SOLD]: Kaio_Beninou vend 1x Lead sur star30_ pour $500.00 sur Survie
[19:23:03] [ITEM_SOLD]: Kaio_Beninou vend 1x Lead sur star30_ pour $500.00 sur Survie
[19:38:51] [ITEM_LISTED]: Amaxet listed 8x Nether Wart for $2,500.00 on world
[19:39:02] [ITEM_LISTED]: Amaxet listed 8x Nether Wart for $2,500.00 on world
[19:39:09] [ITEM_LISTED]: Amaxet listed 8x Nether Wart for $2,500.00 on world
[19:39:24] [ITEM_LISTED]: Amaxet listed 8x Nether Wart for $2,500.00 on world
[19:39:30] [ITEM_LISTED]: Amaxet listed 8x Nether Wart for $2,500.00 on world
[19:39:46] [ITEM_LISTED]: Amaxet listed 8x Nether Wart for $2,500.00 on world
[19:39:52] [ITEM_LISTED]: Amaxet listed 8x Nether Wart for $2,500.00 on world
[19:39:58] [ITEM_LISTED]: Amaxet listed 8x Nether Wart for $2,500.00 on world
[20:11:28] [ITEM_SOLD]: Kaam98 vend 64x Cooked Mutton sur _Ganmax_ pour $180.00 sur world
[20:11:30] [ITEM_SOLD]: Kaam98 vend 64x Cooked Mutton sur _Ganmax_ pour $180.00 sur world
[20:11:31] [ITEM_SOLD]: Kaam98 vend 64x Cooked Mutton sur _Ganmax_ pour $180.00 sur world
[20:11:39] [ITEM_SOLD]: H_Caw vend 10x Obsidian sur DisruptedKiddo pour $400.00 sur world
[21:10:29] [ITEM_SOLD]: Mr_Lezzy vend 64x Bread sur Moon_space62 pour $150.00 sur Survie
[21:53:54] [ITEM_LISTED]: lori110301 listed 34x Redstone Block for $53.00 on world
[22:36:32] [ITEM_LISTED]: Anonyime7 listed 1x [Blaze Spawner] for $2,500.00 on world
[22:36:36] [ITEM_LISTED]: Anonyime7 listed 1x [Blaze Spawner] for $2,500.00 on world
[22:36:40] [ITEM_LISTED]: Anonyime7 listed 1x [Blaze Spawner] for $2,500.00 on world
