[01:45:25] [ITEM_LISTED]: limastic listed 1x Saddle for $100.00 on survie_new
[01:45:28] [ITEM_LISTED]: limastic listed 1x Saddle for $100.00 on survie_new
[01:45:31] [ITEM_LISTED]: limastic listed 1x Saddle for $100.00 on survie_new
[01:45:33] [ITEM_LISTED]: limastic listed 1x Saddle for $100.00 on survie_new
[01:45:35] [ITEM_LISTED]: limastic listed 1x Saddle for $100.00 on survie_new
[01:46:23] [ITEM_LISTED]: limastic listed 1x Fishing Rod [Mending] for $1,000.00 on survie_new
[03:03:37] [ITEM_LISTED]: Haru_M listed 64x Bookshelf for $500.00 on survie_new
[03:04:05] [ITEM_SOLD]: Haru_M sold 64x Bookshelf to Kasne for $500.00 on survie_new
[03:04:35] [ITEM_SOLD]: MatyoCraft sold 1x Diamond Chestplate to  [Protection I]Kasne for $100.00 on spawn
[03:04:51] [ITEM_SOLD]: Kaam98 sold 1x Diamond Boots to  [Protection I]Kasne for $400.00 on survie_new
[03:05:02] [ITEM_SOLD]: Kaam98 sold 1x Diamond Helmet to  [Unbreaking I]Kasne for $450.00 on survie_new
[03:05:05] [ITEM_SOLD]: Kaam98 sold 1x Diamond Leggings to  [Projectile Protection II, Unbreaking I]Kasne for $700.00 on survie_new
[03:06:23] [ITEM_SOLD]: Kaam98 sold 1x Diamond Pickaxe to  [Efficiency I]Kasne for $250.00 on survie_new
[03:06:25] [ITEM_SOLD]: Kaam98 sold 1x Diamond Pickaxe to  [Efficiency I]Kasne for $250.00 on survie_new
[03:06:27] [ITEM_SOLD]: Kaam98 sold 1x Diamond Pickaxe to  [Efficiency I]Kasne for $250.00 on survie_new
[08:52:55] [ITEM_SOLD]: MatyoCraft sold 1x Diamond Chestplate to  [Projectile Protection I]Murdock_Co for $100.00 on spawn
[10:08:25] [ITEM_SOLD]: limastic sold 1x Fishing Rod to  [Mending]D4rk_Wolf_07 for $1,000.00 on survie_new
[10:08:31] [ITEM_SOLD]: Haru_M sold 1x [Blaze Spawner] to D4rk_Wolf_07 for $2,000.00 on survie_new
[10:44:51] [ITEM_SOLD]: Haru_M sold 64x Quartz Block to H_Caw for $1,000.00 on survie_new
[10:44:53] [ITEM_SOLD]: Haru_M sold 64x Quartz Block to H_Caw for $1,000.00 on survie_new
[10:55:12] [ITEM_SOLD]: limastic sold 1x Saddle to _Wiizy_ for $100.00 on survie_new
[10:55:13] [ITEM_SOLD]: limastic sold 1x Saddle to _Wiizy_ for $100.00 on survie_new
[10:58:05] [ITEM_SOLD]: thariaka sold 1x Enchanted Book to Nexusso for $1,000.00 on survie_new
[11:00:59] [ITEM_SOLD]: Kaam98 sold 1x Diamond Sword to  [Sharpness I]titixel2465 for $150.00 on survie_new
[11:05:07] [ITEM_SOLD]: MatyoCraft sold 1x Diamond Chestplate to  [Protection I]RoseVegito for $100.00 on spawn
[11:06:00] [ITEM_SOLD]: Kaam98 sold 1x Diamond Sword to  [Sharpness I]RoseVegito for $150.00 on survie_new
[11:06:30] [ITEM_CANCELLED]: Mr_Yt_Fr cancelled an auction for 64x Magma Block for $60,000.00 on spawn
[11:06:30] [ITEM_CANCELLED]: Mr_Yt_Fr cancelled an auction for 5x Magma Block for $1,000.00 on spawn
[11:06:40] [ITEM_RETURNED]: Returned 5x Magma Block to Mr_Yt_Fr on spawn
[11:06:40] [ITEM_RETURNED]: Returned 64x Magma Block to Mr_Yt_Fr on spawn
[11:06:48] [ITEM_LISTED]: Mr_Yt_Fr listed 64x Magma Block for $40,000.00 on survie_new
[11:07:00] [ITEM_LISTED]: Mr_Yt_Fr listed 5x Magma Block for $500.00 on survie_new
[11:07:13] [ITEM_LISTED]: H_Caw listed 1x Enchanted Book for $1,500.00 on survie_new
[11:07:16] [ITEM_LISTED]: H_Caw listed 1x Enchanted Book for $1,500.00 on survie_new
[11:07:18] [ITEM_LISTED]: H_Caw listed 1x Enchanted Book for $1,500.00 on survie_new
[11:07:20] [ITEM_LISTED]: H_Caw listed 1x Enchanted Book for $1,500.00 on survie_new
[11:07:22] [ITEM_LISTED]: H_Caw listed 1x Enchanted Book for $1,500.00 on survie_new
[11:07:24] [ITEM_LISTED]: H_Caw listed 1x Enchanted Book for $1,500.00 on survie_new
[11:07:31] [ITEM_LISTED]: H_Caw listed 1x Enchanted Book for $1,500.00 on survie_new
[11:07:34] [ITEM_LISTED]: H_Caw listed 1x Enchanted Book for $1,500.00 on survie_new
[11:07:36] [ITEM_LISTED]: H_Caw listed 1x Enchanted Book for $1,500.00 on survie_new
[11:07:38] [ITEM_LISTED]: H_Caw listed 1x Enchanted Book for $1,500.00 on survie_new
[11:08:03] [ITEM_SOLD]: H_Caw sold 1x Enchanted Book to _Wiizy_ for $1,500.00 on survie_new
[11:08:04] [ITEM_SOLD]: H_Caw sold 1x Enchanted Book to _Wiizy_ for $1,500.00 on survie_new
[11:08:08] [ITEM_SOLD]: H_Caw sold 1x Enchanted Book to Noxatris for $1,500.00 on survie_new
[11:08:16] [ITEM_SOLD]: H_Caw sold 1x Enchanted Book to Noxatris for $1,500.00 on survie_new
[11:08:17] [ITEM_SOLD]: H_Caw sold 1x Enchanted Book to Noxatris for $1,500.00 on survie_new
[11:09:45] [ITEM_SOLD]: limastic sold 1x Saddle to titixel2465 for $100.00 on survie_new
[11:10:05] [ITEM_SOLD]: H_Caw sold 1x Enchanted Book to Noxatris for $1,500.00 on survie_new
[11:10:06] [ITEM_SOLD]: H_Caw sold 1x Enchanted Book to Noxatris for $1,500.00 on survie_new
[11:10:07] [ITEM_SOLD]: H_Caw sold 1x Enchanted Book to Noxatris for $1,500.00 on survie_new
[11:10:08] [ITEM_SOLD]: H_Caw sold 1x Enchanted Book to Noxatris for $1,500.00 on survie_new
[11:10:09] [ITEM_SOLD]: H_Caw sold 1x Enchanted Book to Noxatris for $1,500.00 on survie_new
[11:18:40] [ITEM_LISTED]: KertyBro listed 1x Enchanted Book for $200.00 on survie_new
[11:18:43] [ITEM_SOLD]: KertyBro sold 1x Enchanted Book to _Wiizy_ for $200.00 on survie_new
[11:19:50] [ITEM_SOLD]: Haru_M sold 64x Quartz Block to H_Caw for $1,000.00 on survie_new
[11:25:12] [ITEM_CANCELLED]: Mr_Yt_Fr cancelled an auction for 64x Magma Block for $40,000.00 on survie_new
[11:25:20] [ITEM_RETURNED]: Returned 64x Magma Block to Mr_Yt_Fr on survie_new
[11:25:35] [ITEM_LISTED]: Mr_Yt_Fr listed 64x Magma Block for $25,000.00 on survie_new
[11:38:44] [ITEM_LISTED]: Noxatris listed 1x Enchanted Book for $5,000.00 on survie_new
[11:39:16] [ITEM_LISTED]: titixel2465 listed 32x Quartz Block for $250.00 on Nether
[11:42:11] [ITEM_LISTED]: titixel2465 listed 32x Quartz Block for $250.00 on Nether
[11:47:04] [ITEM_LISTED]: omega2028 listed 64x Cobblestone for $32.00 on Ressource
[11:47:06] [ITEM_LISTED]: omega2028 listed 64x Cobblestone for $32.00 on Ressource
[11:47:08] [ITEM_LISTED]: omega2028 listed 64x Cobblestone for $32.00 on Ressource
[11:47:09] [ITEM_SOLD]: omega2028 sold 64x Cobblestone to ploup07380 for $32.00 on Ressource
[11:47:10] [ITEM_SOLD]: omega2028 sold 64x Cobblestone to ploup07380 for $32.00 on Ressource
[11:47:14] [ITEM_SOLD]: omega2028 sold 64x Cobblestone to ploup07380 for $32.00 on Ressource
[11:47:38] [ITEM_LISTED]: titixel2465 listed 32x Quartz Block for $250.00 on Nether
[11:58:02] [ITEM_LISTED]: AzodFR listed 2x Dispenser for $100.00 on survie_new
[11:58:19] [ITEM_SOLD]: AzodFR sold 2x Dispenser to Nexusso for $100.00 on survie_new
[12:04:26] [ITEM_SOLD]: Amaxet sold 1x Diamond Chestplate to AzodFR for $50.00 on survie_new
[12:08:09] [ITEM_SOLD]: Kaam98 sold 1x Diamond Boots to  [Protection I]AzodFR for $400.00 on survie_new
[12:08:23] [ITEM_SOLD]: Kaam98 sold 1x Diamond Helmet to  [Fire Protection I, Unbreaking I]AzodFR for $500.00 on survie_new
[12:09:00] [ITEM_SOLD]: Kaam98 sold 1x Diamond Boots to  [Projectile Protection II]_Wiizy_ for $400.00 on survie_new
[12:30:25] [ITEM_CANCELLED]: Haru_M cancelled an auction for 64x Quartz Block for $1,000.00 on survie_new
[12:30:26] [ITEM_CANCELLED]: Haru_M cancelled an auction for 64x Quartz Block for $1,000.00 on survie_new
[12:30:27] [ITEM_CANCELLED]: Haru_M cancelled an auction for 64x Quartz Block for $1,000.00 on survie_new
[12:30:28] [ITEM_CANCELLED]: Haru_M cancelled an auction for 64x Quartz Block for $1,000.00 on survie_new
[12:30:29] [ITEM_CANCELLED]: Haru_M cancelled an auction for 64x Quartz Block for $1,000.00 on survie_new
[12:30:30] [ITEM_CANCELLED]: Haru_M cancelled an auction for 64x Quartz Block for $1,000.00 on survie_new
[12:30:31] [ITEM_CANCELLED]: Haru_M cancelled an auction for 64x Quartz Block for $1,000.00 on survie_new
[12:30:31] [ITEM_CANCELLED]: Haru_M cancelled an auction for 64x Quartz Block for $1,000.00 on survie_new
[12:30:39] [ITEM_RETURNED]: Returned 64x Quartz Block to Haru_M on survie_new
[12:30:41] [ITEM_RETURNED]: Returned 64x Quartz Block to Haru_M on survie_new
[12:30:46] [ITEM_RETURNED]: Returned 64x Quartz Block to Haru_M on survie_new
[12:30:47] [ITEM_RETURNED]: Returned 64x Quartz Block to Haru_M on survie_new
[12:30:48] [ITEM_RETURNED]: Returned 64x Quartz Block to Haru_M on survie_new
[12:30:51] [ITEM_RETURNED]: Returned 64x Quartz Block to Haru_M on survie_new
[12:30:52] [ITEM_RETURNED]: Returned 64x Quartz Block to Haru_M on survie_new
[12:30:53] [ITEM_RETURNED]: Returned 64x Quartz Block to Haru_M on survie_new
[12:31:04] [ITEM_LISTED]: Haru_M listed 64x Quartz Block for $800.00 on survie_new
[12:31:12] [ITEM_LISTED]: Haru_M listed 64x Quartz Block for $800.00 on survie_new
[12:31:14] [ITEM_LISTED]: Haru_M listed 64x Quartz Block for $800.00 on survie_new
[12:31:16] [ITEM_LISTED]: Haru_M listed 64x Quartz Block for $800.00 on survie_new
[12:31:18] [ITEM_LISTED]: Haru_M listed 64x Quartz Block for $800.00 on survie_new
[12:31:20] [ITEM_LISTED]: Haru_M listed 64x Quartz Block for $800.00 on survie_new
[12:35:54] [ITEM_SOLD]: BeeZyLeCaca sold 1x Dragon Head to Baltya for $1,500.00 on survie_new
[12:46:42] [ITEM_SOLD]: MatyoCraft sold 1x Diamond Chestplate to  [Protection I]NeoTyran for $100.00 on spawn
[13:03:22] [ITEM_SOLD]: titixel2465 sold 32x Quartz Block to CapitaineNiamor for $250.00 on Nether
[13:05:03] [ITEM_LISTED]: titixel2465 listed 64x Quartz for $100.00 on Nether
[13:05:05] [ITEM_LISTED]: titixel2465 listed 64x Quartz for $100.00 on Nether
[13:05:07] [ITEM_LISTED]: titixel2465 listed 64x Quartz for $100.00 on Nether
[13:05:09] [ITEM_LISTED]: titixel2465 listed 64x Quartz for $100.00 on Nether
[13:05:11] [ITEM_LISTED]: titixel2465 listed 64x Quartz for $100.00 on Nether
[13:05:31] [ITEM_SOLD]: Kaam98 sold 1x Name Tag to Kasne for $500.00 on survie_new
[13:05:55] [ITEM_SOLD]: The_Wiz_D sold 1x Enchanted Book to Kasne for $500.00 on survie_new
[13:06:07] [ITEM_SOLD]: titixel2465 sold 64x Quartz to CapitaineNiamor for $100.00 on Nether
[13:06:08] [ITEM_SOLD]: titixel2465 sold 64x Quartz to CapitaineNiamor for $100.00 on Nether
[13:06:36] [ITEM_SOLD]: titixel2465 sold 64x Quartz to Mr_Yt_Fr for $100.00 on Nether
[13:06:37] [ITEM_SOLD]: titixel2465 sold 64x Quartz to Mr_Yt_Fr for $100.00 on Nether
[13:06:40] [ITEM_SOLD]: titixel2465 sold 64x Quartz to Mr_Yt_Fr for $100.00 on Nether
[13:07:21] [ITEM_LISTED]: Mr_Yt_Fr listed 1x Iron Horse Armor for $500.00 on survie_new
[13:07:24] [ITEM_LISTED]: Mr_Yt_Fr listed 1x Iron Horse Armor for $500.00 on survie_new
[13:07:25] [ITEM_LISTED]: Mr_Yt_Fr listed 1x Iron Horse Armor for $500.00 on survie_new
[13:07:27] [ITEM_LISTED]: Mr_Yt_Fr listed 1x Iron Horse Armor for $500.00 on survie_new
[13:29:04] [ITEM_SOLD]: thariaka sold 10x Turtle Egg to _Wiizy_ for $1,000.00 on survie_new
[13:29:47] [ITEM_SOLD]: Kaam98 sold 1x Diamond Pickaxe to  [Efficiency I]thomasdu6660 for $150.00 on survie_new
[13:43:05] [ITEM_SOLD]: Pseudal__ sold 8x Nautilus Shell to Haru_M for $1,000.00 on survie_new
[13:46:58] [ITEM_SOLD]: Kaam98 sold 1x Diamond Pickaxe to  [Efficiency II]Tiss_Touille for $250.00 on survie_new
[13:47:36] [ITEM_SOLD]: Kaam98 sold 1x Diamond Pickaxe to  [Efficiency II]Tiss_Touille for $250.00 on survie_new
[13:52:49] [ITEM_LISTED]: titixel2465 listed 64x Quartz for $125.00 on survie_new
[13:52:52] [ITEM_LISTED]: titixel2465 listed 64x Quartz for $125.00 on survie_new
[13:52:54] [ITEM_LISTED]: titixel2465 listed 64x Quartz for $125.00 on survie_new
[13:52:56] [ITEM_LISTED]: titixel2465 listed 64x Quartz for $125.00 on survie_new
[13:52:59] [ITEM_LISTED]: titixel2465 listed 64x Quartz for $125.00 on survie_new
[13:53:02] [ITEM_LISTED]: titixel2465 listed 64x Quartz for $125.00 on survie_new
[13:53:04] [ITEM_LISTED]: titixel2465 listed 64x Quartz for $125.00 on survie_new
[13:53:06] [ITEM_LISTED]: titixel2465 listed 64x Quartz for $125.00 on survie_new
[13:53:07] [ITEM_LISTED]: titixel2465 listed 64x Quartz for $125.00 on survie_new
[13:53:09] [ITEM_LISTED]: titixel2465 listed 64x Quartz for $125.00 on survie_new
[13:53:14] [ITEM_LISTED]: titixel2465 listed 64x Quartz for $125.00 on survie_new
[13:53:16] [ITEM_LISTED]: titixel2465 listed 64x Quartz for $125.00 on survie_new
[13:53:17] [ITEM_LISTED]: titixel2465 listed 64x Quartz for $125.00 on survie_new
[13:53:20] [ITEM_LISTED]: titixel2465 listed 64x Quartz for $125.00 on survie_new
[13:53:22] [ITEM_LISTED]: titixel2465 listed 64x Quartz for $125.00 on survie_new
[13:53:25] [ITEM_LISTED]: titixel2465 listed 64x Quartz for $125.00 on survie_new
[13:53:35] [ITEM_LISTED]: titixel2465 listed 64x Quartz for $125.00 on survie_new
[13:53:37] [ITEM_LISTED]: titixel2465 listed 64x Quartz for $125.00 on survie_new
[13:53:38] [ITEM_LISTED]: titixel2465 listed 64x Quartz for $125.00 on survie_new
[13:53:40] [ITEM_LISTED]: titixel2465 listed 64x Quartz for $125.00 on survie_new
[13:53:41] [ITEM_LISTED]: titixel2465 listed 64x Quartz for $125.00 on survie_new
[13:53:46] [ITEM_LISTED]: titixel2465 listed 64x Quartz for $125.00 on survie_new
[13:53:47] [ITEM_LISTED]: titixel2465 listed 64x Quartz for $125.00 on survie_new
[13:53:49] [ITEM_LISTED]: titixel2465 listed 64x Quartz for $125.00 on survie_new
[13:53:50] [ITEM_LISTED]: titixel2465 listed 64x Quartz for $125.00 on survie_new
[13:53:52] [ITEM_LISTED]: titixel2465 listed 64x Quartz for $125.00 on survie_new
[13:53:57] [ITEM_LISTED]: titixel2465 listed 64x Quartz for $125.00 on survie_new
[13:53:59] [ITEM_LISTED]: titixel2465 listed 64x Quartz for $125.00 on survie_new
[13:54:01] [ITEM_LISTED]: titixel2465 listed 64x Quartz for $125.00 on survie_new
[14:05:06] [ITEM_SOLD]: Haru_M sold 1x Elytra to Zougless for $5,000.00 on survie_new
[14:31:06] [ITEM_LISTED]: Kaio_Beninou listed 1x Diamond Pickaxe [Silk Touch] for $2,300.00 on survie_new
[14:32:15] [ITEM_SOLD]: Kaio_Beninou sold 1x Diamond Pickaxe to  [Silk Touch]Andrew_90 for $2,300.00 on survie_new
[14:38:28] [ITEM_SOLD]: Pseudal__ sold 8x Nautilus Shell to Mr_Yt_Fr for $1,000.00 on survie_new
[14:53:08] [ITEM_SOLD]: MatyoCraft sold 1x Diamond Chestplate to  [Blast Protection I, Unbreaking I]SonGoku25 for $100.00 on spawn
[15:07:25] [ITEM_SOLD]: The_Wiz_D sold 1x Enchanted Book to fabienveron for $500.00 on survie_new
[15:10:40] [ITEM_LISTED]: Andrew_90 listed 1x Beaux champs for $500.00 on survie_new
[15:10:52] [ITEM_CANCELLED]: Andrew_90 cancelled an auction for 1x Beaux champs for $500.00 on survie_new
[15:10:56] [ITEM_RETURNED]: Returned 1x Beaux champs to Andrew_90 on survie_new
[15:11:03] [ITEM_LISTED]: Andrew_90 listed 1x Beaux champs for $1,000.00 on survie_new
[15:51:52] [ITEM_LISTED]: Nexusso listed 1x Carapace de Michel [Blast Protection III, Respiration II, Unbreaking III] for $3,999.00 on survie_new
[15:52:14] [ITEM_SOLD]: Nexusso sold 1x Carapace de Michel to  [Blast Protection III, Respiration II, Unbreaking III]limastic for $3,999.00 on survie_new
[15:55:31] [ITEM_LISTED]: _Wiizy_ listed 1x Dragon Head for $2,000.00 on survie_new
[15:55:44] [ITEM_LISTED]: _Wiizy_ listed 1x White Shulker Box for $1,500.00 on survie_new
[15:55:46] [ITEM_LISTED]: _Wiizy_ listed 1x White Shulker Box for $1,500.00 on survie_new
[15:57:23] [ITEM_LISTED]: limastic listed 1x Carapace de Michel [Blast Protection III, Respiration II, Unbreaking III] for $4,999.00 on survie_new
[15:58:31] [ITEM_SOLD]: CapitaineNiamor sold 1x [Cave spider Spawner] to limastic for $1,000.00 on survie_new
[15:58:41] [ITEM_LISTED]: limastic listed 1x [Cave spider Spawner] for $1,200.00 on survie_new
[16:11:04] [ITEM_SOLD]: Kaam98 sold 1x Diamond Pickaxe to  [Efficiency I, Unbreaking I]Andrew_90 for $200.00 on survie_new
[16:46:46] [ITEM_SOLD]: MatyoCraft sold 1x Diamond Chestplate to  [Protection I]Andrew_90 for $100.00 on spawn
[16:53:30] [ITEM_SOLD]: _Wiizy_ sold 1x White Shulker Box to Pseudal__ for $1,500.00 on survie_new
[16:53:31] [ITEM_SOLD]: _Wiizy_ sold 1x White Shulker Box to Pseudal__ for $1,500.00 on survie_new
[17:32:57] [ITEM_SOLD]: titixel2465 sold 64x Quartz to Mr_Yt_Fr for $125.00 on survie_new
[17:32:59] [ITEM_SOLD]: titixel2465 sold 64x Quartz to Mr_Yt_Fr for $125.00 on survie_new
[17:33:01] [ITEM_SOLD]: titixel2465 sold 64x Quartz to Mr_Yt_Fr for $125.00 on survie_new
[17:38:16] [ITEM_SOLD]: Mr_Yt_Fr sold 5x Magma Block to T_TRO_NUL for $500.00 on survie_new
[18:08:58] [ITEM_SOLD]: limastic sold 1x Saddle to MrEspeon for $100.00 on survie_new
[18:13:34] [ITEM_SOLD]: Haru_M sold 1x Elytra to limastic for $5,000.00 on survie_new
[18:14:08] [ITEM_LISTED]: Haru_M listed 1x Elytra for $5,000.00 on survie_new
[18:14:12] [ITEM_LISTED]: Haru_M listed 1x Elytra for $5,000.00 on survie_new
[18:16:10] [ITEM_SOLD]: Haru_M sold 1x Elytra to omega2028 for $5,000.00 on survie_new
[18:16:46] [ITEM_LISTED]: limastic listed 1x Elytra for $5,001.00 on survie_new
[18:30:58] [ITEM_SOLD]: Amaxet sold 1x Diamond Chestplate to thariaka for $50.00 on survie_new
[18:32:50] [ITEM_SOLD]: Amaxet sold 1x Diamond Chestplate to thariaka for $50.00 on survie_new
[18:32:52] [ITEM_SOLD]: Amaxet sold 1x Diamond Chestplate to thariaka for $50.00 on survie_new
[18:33:20] [ITEM_SOLD]: Amaxet sold 1x Diamond Chestplate to thariaka for $50.00 on survie_new
[18:33:22] [ITEM_SOLD]: Amaxet sold 1x Diamond Chestplate to thariaka for $50.00 on survie_new
[18:33:23] [ITEM_SOLD]: Amaxet sold 1x Diamond Chestplate to thariaka for $50.00 on survie_new
[19:04:25] [ITEM_LISTED]: _Wiizy_ listed 11x Ender Pearl for $3,000.00 on survie_new
[19:06:36] [ITEM_SOLD]: titixel2465 sold 32x Quartz Block to CapitaineNiamor for $250.00 on Nether
[19:07:22] [ITEM_SOLD]: titixel2465 sold 32x Quartz Block to CapitaineNiamor for $250.00 on Nether
[19:17:58] [ITEM_LISTED]: Nexusso listed 1x Enchanted Book for $500.00 on survie_new
[19:18:02] [ITEM_LISTED]: Nexusso listed 1x Enchanted Book for $500.00 on survie_new
[19:18:05] [ITEM_LISTED]: Nexusso listed 1x Enchanted Book for $500.00 on survie_new
[19:18:11] [ITEM_LISTED]: Nexusso listed 1x Enchanted Book for $500.00 on survie_new
[19:18:13] [ITEM_LISTED]: Nexusso listed 1x Enchanted Book for $500.00 on survie_new
[19:18:14] [ITEM_LISTED]: Nexusso listed 1x Enchanted Book for $500.00 on survie_new
[19:18:22] [ITEM_LISTED]: Nexusso listed 1x Enchanted Book for $1,000.00 on survie_new
[19:18:24] [ITEM_LISTED]: Nexusso listed 1x Enchanted Book for $1,000.00 on survie_new
[19:18:27] [ITEM_LISTED]: Nexusso listed 1x Enchanted Book for $1,000.00 on survie_new
[19:18:33] [ITEM_LISTED]: Nexusso listed 1x Enchanted Book for $500.00 on survie_new
[19:18:37] [ITEM_LISTED]: Nexusso listed 1x Enchanted Book for $500.00 on survie_new
[19:18:38] [ITEM_LISTED]: Nexusso listed 1x Enchanted Book for $500.00 on survie_new
[19:19:06] [ITEM_LISTED]: Nexusso listed 1x Enchanted Book for $999.00 on survie_new
[19:19:09] [ITEM_LISTED]: Nexusso listed 1x Enchanted Book for $999.00 on survie_new
[19:20:15] [ITEM_SOLD]: Nexusso sold 1x Enchanted Book to _Wiizy_ for $999.00 on survie_new
[19:20:16] [ITEM_SOLD]: Nexusso sold 1x Enchanted Book to _Wiizy_ for $999.00 on survie_new
[19:20:19] [ITEM_SOLD]: Nexusso sold 1x Enchanted Book to _Wiizy_ for $500.00 on survie_new
[19:20:27] [ITEM_SOLD]: Nexusso sold 1x Enchanted Book to _Wiizy_ for $1,000.00 on survie_new
[19:20:29] [ITEM_SOLD]: Nexusso sold 1x Enchanted Book to _Wiizy_ for $1,000.00 on survie_new
[19:21:03] [ITEM_LISTED]: Nexusso listed 1x Enchanted Book for $1,000.00 on survie_new
[19:21:08] [ITEM_LISTED]: Nexusso listed 1x Enchanted Book for $1,000.00 on survie_new
[19:21:09] [ITEM_LISTED]: Nexusso listed 1x Enchanted Book for $1,000.00 on survie_new
[19:21:13] [ITEM_LISTED]: Nexusso listed 1x Enchanted Book for $1,000.00 on survie_new
[19:21:15] [ITEM_LISTED]: Nexusso listed 1x Enchanted Book for $1,000.00 on survie_new
[19:22:17] [ITEM_SOLD]: Nexusso sold 1x Enchanted Book to Zougless for $1,000.00 on survie_new
[19:22:23] [ITEM_SOLD]: Nexusso sold 1x Enchanted Book to Zougless for $1,000.00 on survie_new
[19:22:27] [ITEM_SOLD]: Nexusso sold 1x Enchanted Book to Zougless for $1,000.00 on survie_new
[19:22:33] [ITEM_SOLD]: Nexusso sold 1x Enchanted Book to Zougless for $1,000.00 on survie_new
[19:22:38] [ITEM_SOLD]: Nexusso sold 1x Enchanted Book to Zougless for $1,000.00 on survie_new
[19:22:43] [ITEM_SOLD]: Nexusso sold 1x Enchanted Book to Zougless for $1,000.00 on survie_new
[19:25:15] [ITEM_LISTED]: Nexusso listed 1x Enchanted Book for $750.00 on survie_new
[19:25:39] [ITEM_SOLD]: Nexusso sold 1x Enchanted Book to Zougless for $750.00 on survie_new
[19:53:26] [ITEM_RETURNED]: Returned 8x Nautilus Shell to Pseudal__ on survie_new
[20:09:35] [ITEM_SOLD]: titixel2465 sold 64x Quartz to Mr_Yt_Fr for $125.00 on survie_new
[20:09:37] [ITEM_SOLD]: titixel2465 sold 64x Quartz to Mr_Yt_Fr for $125.00 on survie_new
[20:09:38] [ITEM_SOLD]: titixel2465 sold 64x Quartz to Mr_Yt_Fr for $125.00 on survie_new
[20:09:40] [ITEM_SOLD]: titixel2465 sold 64x Quartz to Mr_Yt_Fr for $125.00 on survie_new
[20:25:52] [ITEM_SOLD]: titixel2465 sold 64x Quartz to Mr_Yt_Fr for $125.00 on survie_new
[21:05:14] [ITEM_DROPPED]: Dropped Amaxet's expired listing of 8x Nether Wart for $0.00 at their feet on world
[21:05:14] [ITEM_DROPPED]: Dropped Amaxet's expired listing of 8x Nether Wart for $0.00 at their feet on world
[21:05:14] [ITEM_DROPPED]: Dropped Amaxet's expired listing of 8x Nether Wart for $0.00 at their feet on world
[21:05:14] [ITEM_DROPPED]: Dropped Amaxet's expired listing of 8x Nether Wart for $0.00 at their feet on world
[21:05:14] [ITEM_DROPPED]: Dropped Amaxet's expired listing of 8x Nether Wart for $0.00 at their feet on world
[21:05:14] [ITEM_DROPPED]: Dropped Amaxet's expired listing of 8x Nether Wart for $0.00 at their feet on world
[21:05:14] [ITEM_DROPPED]: Dropped Amaxet's expired listing of 8x Nether Wart for $0.00 at their feet on world
[21:46:34] [ITEM_LISTED]: jimzp listed 2x Heart Of The Sea for $8,000.00 on survie_new
[21:46:49] [ITEM_CANCELLED]: jimzp cancelled an auction for 2x Heart Of The Sea for $8,000.00 on survie_new
[21:46:54] [ITEM_RETURNED]: Returned 2x Heart Of The Sea to jimzp on survie_new
[21:47:07] [ITEM_LISTED]: jimzp listed 2x Heart Of The Sea for $15,000.00 on survie_new
[22:12:42] [ITEM_SOLD]: blocux sold 1x Enchanted Book to BeeZyLeCaca for $150.00 on survie_new
[22:21:13] [ITEM_SOLD]: titixel2465 sold 64x Quartz to T_TRO_NUL for $125.00 on survie_new
[22:21:18] [ITEM_SOLD]: titixel2465 sold 64x Quartz to T_TRO_NUL for $125.00 on survie_new
[22:21:32] [ITEM_SOLD]: titixel2465 sold 64x Quartz to T_TRO_NUL for $125.00 on survie_new
[22:21:34] [ITEM_SOLD]: titixel2465 sold 64x Quartz to T_TRO_NUL for $125.00 on survie_new
[22:21:35] [ITEM_SOLD]: titixel2465 sold 64x Quartz to T_TRO_NUL for $125.00 on survie_new
[22:23:12] [ITEM_LISTED]: CapitaineNiamor listed 1x Iron Pickaxe [Efficiency IV, Mending] for $500.00 on survie_new
[22:27:45] [ITEM_CANCELLED]: Pseudal__ cancelled an auction for 1x Ender Chest for $5,000.00 on survie_new
[22:27:46] [ITEM_CANCELLED]: Pseudal__ cancelled an auction for 1x Ender Chest for $5,000.00 on survie_new
[22:27:47] [ITEM_CANCELLED]: Pseudal__ cancelled an auction for 1x Ender Chest for $5,000.00 on survie_new
[22:27:48] [ITEM_CANCELLED]: Pseudal__ cancelled an auction for 1x Ender Chest for $5,000.00 on survie_new
[22:27:50] [ITEM_RETURNED]: Returned 1x Ender Chest to Pseudal__ on survie_new
[22:27:50] [ITEM_RETURNED]: Returned 1x Ender Chest to Pseudal__ on survie_new
[22:27:51] [ITEM_RETURNED]: Returned 1x Ender Chest to Pseudal__ on survie_new
[22:27:52] [ITEM_RETURNED]: Returned 1x Ender Chest to Pseudal__ on survie_new
[22:29:07] [ITEM_SOLD]: CapitaineNiamor sold 1x Iron Pickaxe to  [Efficiency III, Mending, Unbreaking III, Curse of Vanishing]limastic for $500.00 on End
[22:32:32] [ITEM_SOLD]: _Wiizy_ sold 11x Ender Pearl to Pseudal__ for $3,000.00 on survie_new
[22:42:36] [ITEM_SOLD]: Nexusso sold 1x Enchanted Book to 3CoursPilepoil3 for $500.00 on survie_new
[22:52:10] [ITEM_LISTED]: CapitaineNiamor listed 64x Sand for $100.00 on survie_new
[22:59:08] [ITEM_SOLD]: Kaam98 sold 1x Diamond Sword to  [Sweeping Edge I]RedMagic_ for $150.00 on survie_new
[23:18:03] [ITEM_SOLD]: Kaam98 sold 1x Diamond Chestplate to  [Blast Protection IV, Unbreaking III]LifeIsGeek for $550.00 on survie_new
[23:18:15] [ITEM_SOLD]: The_Wiz_D sold 1x Enchanted Book to LifeIsGeek for $500.00 on survie_new
[23:19:26] [ITEM_SOLD]: CapitaineNiamor sold 1x Diamond Leggings to  [Fire Protection III, Curse of Vanishing]LifeIsGeek for $200.00 on survie_new
[23:20:05] [ITEM_SOLD]: Haru_M sold 1x Elytra to LifeIsGeek for $5,000.00 on survie_new
[23:20:25] [ITEM_SOLD]: Nexusso sold 1x Enchanted Book to LifeIsGeek for $500.00 on survie_new
[23:20:54] [ITEM_SOLD]: Nexusso sold 1x Enchanted Book to MrEspeon for $500.00 on survie_new
[23:21:07] [ITEM_SOLD]: Haru_M sold 64x Quartz Block to LifeIsGeek for $800.00 on survie_new
[23:40:31] [ITEM_SOLD]: limastic sold 1x Elytra to T_TRO_NUL for $5,001.00 on survie_new
