[00:56:48] [ITEM_SOLD]: omega2028 sold 1x Saddle to AzodFR for $2,500.00 on survie_new
[03:06:37] [ITEM_SOLD]: _Wiizy_ sold 1x Dragon Head to ElfeZoulou for $4,000.00 on survie_new
[11:24:49] [ITEM_LISTED]: The_Wiz_D listed 1x Enchanted Book for $500.00 on survie_new
[11:24:52] [ITEM_LISTED]: The_Wiz_D listed 1x Enchanted Book for $500.00 on survie_new
[11:49:20] [ITEM_LISTED]: The_Wiz_D listed 1x Enchanted Book for $500.00 on survie_new
[11:49:22] [ITEM_LISTED]: The_Wiz_D listed 1x Enchanted Book for $500.00 on survie_new
[12:51:24] [ITEM_LISTED]: Haru_M listed 1x Anvil for $10.00 on survie_new
[12:51:36] [ITEM_SOLD]: Haru_M sold 1x Anvil to AzodFR for $10.00 on survie_new
[13:14:41] [ITEM_CANCELLED]: The_Wiz_D cancelled an auction for 1x Beacon for $60,000.00 on survie_new
[13:14:43] [ITEM_RETURNED]: Returned 1x Beacon to The_Wiz_D on survie_new
[13:14:51] [ITEM_LISTED]: The_Wiz_D listed 1x Beacon for $50,000.00 on survie_new
[13:49:28] [ITEM_CANCELLED]: Kaio_Beninou cancelled an auction for 1x Dragon Head for $40,000.00 on survie_new
[13:49:30] [ITEM_CANCELLED]: Kaio_Beninou cancelled an auction for 1x Turtle Egg for $2,000.00 on survie_new
[13:49:30] [ITEM_CANCELLED]: Kaio_Beninou cancelled an auction for 1x Turtle Egg for $2,000.00 on survie_new
[13:49:31] [ITEM_CANCELLED]: Kaio_Beninou cancelled an auction for 1x Turtle Egg for $2,000.00 on survie_new
[13:49:36] [ITEM_RETURNED]: Returned 1x Dragon Head to Kaio_Beninou on survie_new
[13:49:37] [ITEM_RETURNED]: Returned 1x Turtle Egg to Kaio_Beninou on survie_new
[13:49:37] [ITEM_RETURNED]: Returned 1x Turtle Egg to Kaio_Beninou on survie_new
[13:49:37] [ITEM_RETURNED]: Returned 1x Turtle Egg to Kaio_Beninou on survie_new
[13:57:05] [ITEM_LISTED]: The_Wiz_D listed 1x Enchanted Book for $500.00 on survie_new
[13:57:08] [ITEM_LISTED]: The_Wiz_D listed 1x Enchanted Book for $500.00 on survie_new
[14:04:21] [ITEM_LISTED]: The_Wiz_D listed 1x Enchanted Book for $500.00 on survie_new
[14:05:58] [ITEM_LISTED]: The_Wiz_D listed 1x Enchanted Book for $500.00 on survie_new
[14:15:07] [ITEM_LISTED]: The_Wiz_D listed 1x Enchanted Book for $500.00 on survie_new
[14:34:05] [ITEM_LISTED]: The_Wiz_D listed 23x Diamond for $1,610.00 on spawn
[14:34:07] [ITEM_SOLD]: The_Wiz_D sold 23x Diamond to Pseudal__ for $1,610.00 on spawn
[14:38:27] [ITEM_LISTED]: The_Wiz_D listed 64x Iron Ingot for $512.00 on spawn
[14:38:29] [ITEM_LISTED]: The_Wiz_D listed 64x Iron Ingot for $512.00 on spawn
[14:38:29] [ITEM_SOLD]: The_Wiz_D sold 64x Iron Ingot to Pseudal__ for $512.00 on spawn
[14:38:31] [ITEM_SOLD]: The_Wiz_D sold 64x Iron Ingot to Pseudal__ for $512.00 on spawn
[14:38:32] [ITEM_LISTED]: The_Wiz_D listed 64x Iron Ingot for $512.00 on spawn
[14:38:34] [ITEM_SOLD]: The_Wiz_D sold 64x Iron Ingot to Pseudal__ for $512.00 on spawn
[14:38:44] [ITEM_LISTED]: The_Wiz_D listed 29x Iron Ingot for $232.00 on spawn
[14:38:47] [ITEM_SOLD]: The_Wiz_D sold 29x Iron Ingot to Pseudal__ for $232.00 on spawn
[14:39:33] [ITEM_LISTED]: The_Wiz_D listed 49x Gold Ingot for $588.00 on spawn
[14:39:43] [ITEM_SOLD]: The_Wiz_D sold 49x Gold Ingot to Pseudal__ for $588.00 on spawn
[14:43:04] [ITEM_SOLD]: mayte_ sold 1x Diamond Chestplate to Tiss_Touille for $150.00 on survie_new
[14:43:45] [ITEM_SOLD]: The_Wiz_D sold 1x Enchanted Book to Tiss_Touille for $500.00 on survie_new
[14:45:13] [ITEM_SOLD]: CapitaineNiamor sold 1x Diamond Sword to  [Unbreaking III]Tiss_Touille for $1,000.00 on survie_new
[14:54:00] [ITEM_LISTED]: Kaam98 listed 1x Diamond Sword [Sharpness I] for $150.00 on survie_new
[14:54:04] [ITEM_LISTED]: Kaam98 listed 1x Diamond Sword [Bane of Arthropods I] for $150.00 on survie_new
[14:54:08] [ITEM_LISTED]: Kaam98 listed 1x Diamond Sword [Sharpness I] for $150.00 on survie_new
[14:54:30] [ITEM_LISTED]: Kaam98 listed 1x Diamond Pickaxe [Efficiency I] for $250.00 on survie_new
[14:54:37] [ITEM_LISTED]: Kaam98 listed 1x Diamond Pickaxe [Efficiency I] for $250.00 on survie_new
[14:54:40] [ITEM_LISTED]: Kaam98 listed 1x Diamond Pickaxe [Efficiency I] for $250.00 on survie_new
[14:54:53] [ITEM_LISTED]: Kaam98 listed 1x Diamond Sword [Looting III, Sharpness IV, Unbreaking III] for $1,200.00 on survie_new
[14:55:23] [ITEM_LISTED]: Kaam98 listed 1x Diamond Boots [Protection I] for $400.00 on survie_new
[14:55:27] [ITEM_LISTED]: Kaam98 listed 1x Diamond Boots [Projectile Protection II] for $400.00 on survie_new
[14:55:33] [ITEM_LISTED]: Kaam98 listed 1x Diamond Boots [Protection I] for $400.00 on survie_new
[14:56:01] [ITEM_LISTED]: Kaam98 listed 1x Diamond Boots [Projectile Protection I] for $350.00 on survie_new
[14:56:39] [ITEM_LISTED]: Kaam98 listed 1x Diamond Helmet [Unbreaking I] for $450.00 on survie_new
[14:56:44] [ITEM_LISTED]: Kaam98 listed 1x Diamond Helmet [Unbreaking I] for $450.00 on survie_new
[14:56:56] [ITEM_LISTED]: Kaam98 listed 1x Diamond Helmet [Fire Protection I, Unbreaking I] for $500.00 on survie_new
[14:56:58] [ITEM_LISTED]: Kaam98 listed 1x Diamond Helmet [Projectile Protection I, Unbreaking I] for $500.00 on survie_new
[14:57:23] [ITEM_LISTED]: Kaam98 listed 1x Diamond Leggings [Projectile Protection I] for $600.00 on survie_new
[14:57:37] [ITEM_LISTED]: Kaam98 listed 1x Diamond Leggings [Projectile Protection II] for $650.00 on survie_new
[14:57:41] [ITEM_LISTED]: Kaam98 listed 1x Diamond Leggings [Projectile Protection II, Unbreaking I] for $700.00 on survie_new
[14:57:44] [ITEM_LISTED]: Kaam98 listed 1x Diamond Leggings [Protection I, Unbreaking I] for $700.00 on survie_new
[15:00:47] [ITEM_LISTED]: Kaam98 listed 1x Diamond Pickaxe [Unbreaking I] for $150.00 on survie_new
[15:00:49] [ITEM_LISTED]: Kaam98 listed 1x Diamond Pickaxe [Unbreaking I] for $150.00 on survie_new
[15:00:53] [ITEM_LISTED]: Kaam98 listed 1x Diamond Pickaxe [Efficiency I] for $150.00 on survie_new
[15:00:55] [ITEM_LISTED]: Kaam98 listed 1x Diamond Pickaxe [Efficiency I] for $150.00 on survie_new
[15:01:05] [ITEM_LISTED]: Kaam98 listed 1x Diamond Pickaxe [Efficiency I, Unbreaking I] for $200.00 on survie_new
[15:01:07] [ITEM_LISTED]: Kaam98 listed 1x Diamond Pickaxe [Efficiency I, Unbreaking I] for $200.00 on survie_new
[15:01:13] [ITEM_LISTED]: Kaam98 listed 1x Diamond Pickaxe [Efficiency II] for $250.00 on survie_new
[15:01:15] [ITEM_LISTED]: Kaam98 listed 1x Diamond Pickaxe [Efficiency II] for $250.00 on survie_new
[15:01:20] [ITEM_LISTED]: Kaam98 listed 1x Diamond Pickaxe [Efficiency II, Unbreaking II] for $300.00 on survie_new
[15:04:25] [ITEM_LISTED]: Kaam98 listed 1x Diamond Sword [Bane of Arthropods I] for $150.00 on survie_new
[15:04:27] [ITEM_LISTED]: Kaam98 listed 1x Diamond Sword [Knockback I, Unbreaking I] for $150.00 on survie_new
[15:04:31] [ITEM_LISTED]: Kaam98 listed 1x Diamond Sword [Sharpness I] for $150.00 on survie_new
[15:04:33] [ITEM_LISTED]: Kaam98 listed 1x Diamond Sword [Bane of Arthropods I, Fire Aspect I] for $150.00 on survie_new
[15:04:37] [ITEM_LISTED]: Kaam98 listed 1x Diamond Sword [Sweeping Edge I] for $150.00 on survie_new
[15:14:15] [ITEM_SOLD]: The_Wiz_D sold 1x Enchanted Book to Mr_Yt_Fr for $500.00 on survie_new
[15:21:54] [ITEM_CANCELLED]: The_Wiz_D cancelled an auction for 1x [Cave spider Spawner] for $2,000.00 on survie_new
[15:21:55] [ITEM_CANCELLED]: The_Wiz_D cancelled an auction for 1x Enchanted Book for $500.00 on survie_new
[15:21:56] [ITEM_RETURNED]: Returned 1x [Cave spider Spawner] to The_Wiz_D on survie_new
[15:21:58] [ITEM_RETURNED]: Returned 1x Enchanted Book to The_Wiz_D on survie_new
[15:21:59] [ITEM_CANCELLED]: The_Wiz_D cancelled an auction for 1x Beacon for $50,000.00 on survie_new
[15:22:00] [ITEM_RETURNED]: Returned 1x Beacon to The_Wiz_D on survie_new
[15:22:06] [ITEM_LISTED]: The_Wiz_D listed 1x [Cave spider Spawner] for $1,500.00 on survie_new
[15:22:11] [ITEM_LISTED]: The_Wiz_D listed 1x Enchanted Book for $500.00 on survie_new
[15:50:51] [ITEM_LISTED]: Mr_Yt_Fr listed 64x Magma Block for $60,000.00 on spawn
[15:51:11] [ITEM_LISTED]: Mr_Yt_Fr listed 5x Magma Block for $1,000.00 on spawn
[15:51:58] [ITEM_LISTED]: The_Wiz_D listed 64x Diamond for $4,800.00 on survie_new
[15:52:02] [ITEM_SOLD]: The_Wiz_D sold 64x Diamond to Pseudal__ for $4,800.00 on survie_new
[15:52:06] [ITEM_LISTED]: The_Wiz_D listed 14x Diamond for $1,050.00 on survie_new
[15:52:08] [ITEM_SOLD]: The_Wiz_D sold 14x Diamond to Pseudal__ for $1,050.00 on survie_new
[16:19:53] [ITEM_LISTED]: The_Wiz_D listed 1x Enchanted Book for $500.00 on survie_new
[16:19:56] [ITEM_LISTED]: The_Wiz_D listed 1x Enchanted Book for $500.00 on survie_new
[16:34:16] [ITEM_LISTED]: NewKiller31 listed 1x [Spider Spawner] for $500.00 on Ressource
[16:36:01] [ITEM_LISTED]: The_Wiz_D listed 1x Diamond Pickaxe [Unbreaking III] for $1,000.00 on survie_new
[16:36:04] [ITEM_LISTED]: The_Wiz_D listed 1x Diamond Pickaxe [Efficiency III, Unbreaking III] for $1,000.00 on survie_new
[17:15:48] [ITEM_LISTED]: The_Wiz_D listed 64x Iron Ingot for $576.00 on survie_new
[17:15:52] [ITEM_LISTED]: The_Wiz_D listed 64x Iron Ingot for $576.00 on survie_new
[17:15:55] [ITEM_LISTED]: The_Wiz_D listed 64x Iron Ingot for $576.00 on survie_new
[17:16:11] [ITEM_SOLD]: The_Wiz_D sold 64x Iron Ingot to Pseudal__ for $576.00 on survie_new
[17:16:12] [ITEM_SOLD]: The_Wiz_D sold 64x Iron Ingot to Pseudal__ for $576.00 on survie_new
[17:16:13] [ITEM_SOLD]: The_Wiz_D sold 64x Iron Ingot to Pseudal__ for $576.00 on survie_new
[17:26:32] [ITEM_SOLD]: The_Wiz_D sold 1x Enchanted Book to CapitaineNiamor for $500.00 on survie_new
[17:27:07] [ITEM_LISTED]: The_Wiz_D listed 1x [Zombie Spawner] for $3,000.00 on survie_new
[17:28:41] [ITEM_LISTED]: The_Wiz_D listed 1x [Cave spider Spawner] for $1,500.00 on survie_new
[17:28:43] [ITEM_LISTED]: The_Wiz_D listed 1x [Cave spider Spawner] for $1,500.00 on survie_new
[17:28:44] [ITEM_LISTED]: The_Wiz_D listed 1x [Cave spider Spawner] for $1,500.00 on survie_new
[17:28:46] [ITEM_LISTED]: The_Wiz_D listed 1x [Spider Spawner] for $1,500.00 on survie_new
[17:29:47] [ITEM_CANCELLED]: The_Wiz_D cancelled an auction for 1x [Zombie Spawner] for $3,000.00 on survie_new
[17:29:49] [ITEM_RETURNED]: Returned 1x [Zombie Spawner] to The_Wiz_D on survie_new
[17:29:56] [ITEM_LISTED]: The_Wiz_D listed 1x [Zombie Spawner] for $2,500.00 on survie_new
[17:30:02] [ITEM_SOLD]: The_Wiz_D sold 1x [Zombie Spawner] to CapitaineNiamor for $2,500.00 on survie_new
[17:30:29] [ITEM_LISTED]: CapitaineNiamor listed 1x [Cave spider Spawner] for $1,000.00 on survie_new
[17:30:31] [ITEM_LISTED]: CapitaineNiamor listed 1x [Cave spider Spawner] for $1,000.00 on survie_new
[17:30:38] [ITEM_CANCELLED]: CapitaineNiamor cancelled an auction for 1x [Cave spider Spawner] for $2,000.00 on survie_new
[17:30:38] [ITEM_CANCELLED]: CapitaineNiamor cancelled an auction for 1x [Cave spider Spawner] for $2,000.00 on survie_new
[17:30:39] [ITEM_RETURNED]: Returned 1x [Cave spider Spawner] to CapitaineNiamor on survie_new
[17:30:40] [ITEM_RETURNED]: Returned 1x [Cave spider Spawner] to CapitaineNiamor on survie_new
[17:30:46] [ITEM_LISTED]: CapitaineNiamor listed 1x [Cave spider Spawner] for $1,000.00 on survie_new
[17:30:50] [ITEM_LISTED]: CapitaineNiamor listed 1x [Cave spider Spawner] for $1,000.00 on survie_new
[17:44:34] [ITEM_SOLD]: Kaam98 sold 1x Diamond Sword to  [Bane of Arthropods I, Fire Aspect I]achtroubidoul for $150.00 on survie_new
[17:45:40] [ITEM_SOLD]: NewKiller31 sold 1x [Spider Spawner] to OneGamingShow for $500.00 on Ressource
[17:50:28] [ITEM_LISTED]: Haru_M listed 1x Elytra for $5,000.00 on survie_new
[17:50:31] [ITEM_LISTED]: Haru_M listed 1x Elytra for $5,000.00 on survie_new
[17:50:33] [ITEM_LISTED]: Haru_M listed 1x Elytra for $5,000.00 on survie_new
[17:51:19] [ITEM_LISTED]: Haru_M listed 3x Heart Of The Sea for $1,500.00 on survie_new
[17:51:56] [ITEM_LISTED]: Haru_M listed 64x Quartz Block for $1,000.00 on survie_new
[17:51:58] [ITEM_LISTED]: Haru_M listed 64x Quartz Block for $1,000.00 on survie_new
[17:52:01] [ITEM_LISTED]: Haru_M listed 64x Quartz Block for $1,000.00 on survie_new
[17:52:03] [ITEM_LISTED]: Haru_M listed 64x Quartz Block for $1,000.00 on survie_new
[17:52:09] [ITEM_LISTED]: Haru_M listed 64x Quartz Block for $1,000.00 on survie_new
[17:52:11] [ITEM_LISTED]: Haru_M listed 64x Quartz Block for $1,000.00 on survie_new
[17:52:12] [ITEM_LISTED]: Haru_M listed 64x Quartz Block for $1,000.00 on survie_new
[17:52:16] [ITEM_LISTED]: Haru_M listed 64x Quartz Block for $1,000.00 on survie_new
[17:52:20] [ITEM_LISTED]: Haru_M listed 64x Quartz Block for $1,000.00 on survie_new
[17:52:21] [ITEM_LISTED]: Haru_M listed 64x Quartz Block for $1,000.00 on survie_new
[17:52:23] [ITEM_LISTED]: Haru_M listed 64x Quartz Block for $1,000.00 on survie_new
[18:16:20] [ITEM_LISTED]: lonely_knight listed 1x Stone Shovel for $0.50 on survie_new
[18:16:25] [ITEM_LISTED]: lonely_knight listed 1x Stone Axe for $0.50 on survie_new
[18:16:30] [ITEM_LISTED]: lonely_knight listed 1x Stone Pickaxe for $0.50 on survie_new
[18:16:35] [ITEM_LISTED]: lonely_knight listed 1x Stone Sword for $0.50 on survie_new
[18:42:16] [ITEM_LISTED]: Kaio_Beninou listed 64x Iron Ingot for $900.00 on survie_new
[18:42:33] [ITEM_LISTED]: Kaio_Beninou listed 64x Iron Ingot for $900.00 on survie_new
[18:42:39] [ITEM_LISTED]: Kaio_Beninou listed 64x Iron Ingot for $900.00 on survie_new
[19:06:31] [ITEM_SOLD]: The_Wiz_D sold 1x Enchanted Book to BeeZyLeCaca for $500.00 on survie_new
[19:06:36] [ITEM_SOLD]: The_Wiz_D sold 1x Enchanted Book to BeeZyLeCaca for $500.00 on survie_new
[19:26:45] [ITEM_SOLD]: Haru_M sold 3x Heart Of The Sea to OneGamingShow for $1,500.00 on survie_new
[19:49:26] [ITEM_SOLD]: The_Wiz_D sold 1x Diamond Pickaxe to  [Efficiency III, Unbreaking III]Mr_Yt_Fr for $1,000.00 on survie_new
[19:50:34] [ITEM_SOLD]: Kaam98 sold 1x Diamond Boots to  [Projectile Protection I]Mr_Yt_Fr for $350.00 on survie_new
[19:50:42] [ITEM_SOLD]: Kaam98 sold 1x Diamond Helmet to  [Projectile Protection I, Unbreaking I]Mr_Yt_Fr for $500.00 on survie_new
[19:50:46] [ITEM_SOLD]: CapitaineNiamor sold 1x [Cave spider Spawner] to Mr_Yt_Fr for $1,000.00 on survie_new
[19:51:17] [ITEM_SOLD]: CapitaineNiamor sold 1x [Cave spider Spawner] to Mr_Yt_Fr for $1,000.00 on survie_new
[19:51:34] [ITEM_SOLD]: CapitaineNiamor sold 1x [Cave spider Spawner] to Mr_Yt_Fr for $1,000.00 on survie_new
[19:53:32] [ITEM_LISTED]: Mr_Yt_Fr listed 1x Diamond Boots [Projectile Protection I] for $300.00 on survie_new
[19:57:22] [ITEM_SOLD]: Kaam98 sold 1x Diamond Pickaxe to  [Efficiency II, Unbreaking II]Legendaires for $300.00 on survie_new
[20:06:55] [ITEM_LISTED]: BeeZyLeCaca listed 1x Dragon Head for $1,500.00 on survie_new
[20:06:58] [ITEM_LISTED]: BeeZyLeCaca listed 1x Dragon Head for $1,500.00 on survie_new
[20:08:20] [ITEM_SOLD]: Kaio_Beninou sold 64x Iron Ingot to Pseudal__ for $900.00 on survie_new
[20:08:21] [ITEM_SOLD]: Kaio_Beninou sold 64x Iron Ingot to Pseudal__ for $900.00 on survie_new
[20:08:23] [ITEM_SOLD]: Kaio_Beninou sold 64x Iron Ingot to Pseudal__ for $900.00 on survie_new
[20:09:14] [ITEM_SOLD]: Kaam98 sold 1x Diamond Leggings to  [Protection I, Unbreaking I]Tiss_Touille for $700.00 on survie_new
[20:09:29] [ITEM_SOLD]: The_Wiz_D sold 1x Diamond Pickaxe to  [Unbreaking III]Tiss_Touille for $1,000.00 on survie_new
[20:16:26] [ITEM_SOLD]: H_Caw sold 1x Enchanted Book to BeeZyLeCaca for $2,500.00 on survie_new
[20:20:45] [ITEM_SOLD]: Kaam98 sold 1x Diamond Leggings to  [Projectile Protection II]Mr_Yt_Fr for $650.00 on survie_new
[20:27:57] [ITEM_LISTED]: Haru_M listed 1x [Blaze Spawner] for $2,000.00 on survie_new
[20:29:37] [ITEM_SOLD]: The_Wiz_D sold 1x Enchanted Book to BeeZyLeCaca for $500.00 on survie_new
[21:15:16] [ITEM_LISTED]: Kaio_Beninou listed 64x Iron Ingot for $1,000.00 on survie_new
[21:15:26] [ITEM_LISTED]: Kaio_Beninou listed 64x Iron Ingot for $1,000.00 on survie_new
[21:16:23] [ITEM_SOLD]: Kaam98 sold 1x Diamond Sword to  [Looting III, Sharpness IV, Unbreaking III]Tiss_Touille for $1,200.00 on survie_new
[22:07:43] [ITEM_SOLD]: Amaxet sold 1x Diamond Chestplate to RedMagic_ for $50.00 on survie_new
[22:08:16] [ITEM_SOLD]: Kaam98 sold 1x Diamond Sword to  [Sharpness I]RedMagic_ for $150.00 on survie_new
[22:28:48] [ITEM_LISTED]: Joox_ listed 64x Packed Ice for $100.00 on survie_new
[22:36:19] [ITEM_SOLD]: Joox_ sold 64x Packed Ice to Mr_Yt_Fr for $100.00 on survie_new
[22:47:47] [ITEM_SOLD]: thariaka sold 10x Turtle Egg to Haru_M for $1,000.00 on survie_new
[23:09:02] [ITEM_SOLD]: Kaio_Beninou sold 64x Iron Ingot to Pseudal__ for $1,000.00 on survie_new
[23:09:03] [ITEM_SOLD]: Kaio_Beninou sold 64x Iron Ingot to Pseudal__ for $1,000.00 on survie_new
[23:18:45] [ITEM_SOLD]: BeeZyLeCaca sold 1x Dragon Head to Nexusso for $1,500.00 on survie_new
[23:19:00] [ITEM_SOLD]: Haru_M sold 1x Elytra to Nexusso for $5,000.00 on survie_new
[23:19:17] [ITEM_SOLD]: thariaka sold 10x Turtle Egg to Nexusso for $1,000.00 on survie_new
