[00:01:17] [ITEM_SOLD]: D4rk_Wolf_07 sold 2x [Cave spider Spawner] to AzodFR for $2,000.00 on survie_new
[00:03:12] [ITEM_LISTED]: Haru_M listed 11x Sugar Cane for $50.00 on Ressource
[00:04:04] [ITEM_SOLD]: Haru_M sold 11x Sugar Cane to Noelmans28 for $50.00 on Ressource
[00:12:31] [ITEM_LISTED]: AF_flam77 listed 1x Rabbit Foot for $1,000.00 on Ressource
[00:12:56] [ITEM_CANCELLED]: AF_flam77 cancelled an auction for 1x Rabbit Foot for $1,000.00 on Ressource
[00:13:07] [ITEM_SOLD]: _Wiizy_ sold 1x Dragon Head to Kasne for $4,000.00 on survie_new
[00:13:12] [ITEM_RETURNED]: Returned 1x Rabbit Foot to AF_flam77 on Ressource
[00:13:20] [ITEM_LISTED]: AF_flam77 listed 1x Rabbit Foot for $100.00 on Ressource
[00:14:09] [ITEM_SOLD]: D4rk_Wolf_07 sold 1x Enchanted Book to Redous for $1,500.00 on survie_new
[00:55:54] [ITEM_LISTED]: Mr_Yt_Fr listed 1x Filled Map for $1.00 on survie_new
[01:02:52] [ITEM_SOLD]: D4rk_Wolf_07 sold 1x Enchanted Book to Redous for $1,500.00 on survie_new
[02:37:15] [ITEM_LISTED]: Mr_Yt_Fr listed 1x Heart Of The Sea for $10,000.00 on survie_new
[02:37:45] [ITEM_CANCELLED]: Mr_Yt_Fr cancelled an auction for 1x Heart Of The Sea for $10,000.00 on survie_new
[02:37:47] [ITEM_RETURNED]: Returned 1x Heart Of The Sea to Mr_Yt_Fr on survie_new
[02:37:56] [ITEM_LISTED]: Mr_Yt_Fr listed 1x Heart Of The Sea for $5,000.00 on survie_new
[02:49:45] [ITEM_LISTED]: AzodFR listed 1x Dirt for $1.00 on survie_new
[02:50:13] [ITEM_LISTED]: AzodFR listed 1x Acacia Sapling for $1.00 on survie_new
[02:50:22] [ITEM_CANCELLED]: AzodFR cancelled an auction for 1x Acacia Sapling for $1.00 on survie_new
[02:50:25] [ITEM_CANCELLED]: AzodFR cancelled an auction for 1x Dirt for $1.00 on survie_new
[02:50:28] [ITEM_RETURNED]: Returned 1x Acacia Sapling to AzodFR on survie_new
[02:50:28] [ITEM_RETURNED]: Returned 1x Dirt to AzodFR on survie_new
[02:57:08] [ITEM_LISTED]: LLIcocoman_Hrz listed 1x Apple for $0.00 on survie_new
[02:57:40] [ITEM_CANCELLED]: LLIcocoman_Hrz cancelled an auction for 1x Apple for $0.00 on survie_new
[02:57:50] [ITEM_RETURNED]: Returned 1x Apple to LLIcocoman_Hrz on survie_new
[03:01:14] [ITEM_SOLD]: D4rk_Wolf_07 sold 1x Enchanted Book to GuiGuiPlay for $1,500.00 on survie_new
[09:32:44] [ITEM_LISTED]: Acnologia_a listed 64x Sugar Cane for $100.00 on survie_new
[09:33:05] [ITEM_LISTED]: Acnologia_a listed 64x Sugar Cane for $100.00 on survie_new
[09:43:32] [ITEM_LISTED]: Acnologia_a listed 64x Spruce Log for $100.00 on survie_new
[09:44:23] [ITEM_SOLD]: Acnologia_a sold 64x Spruce Log to vava34670 for $100.00 on survie_new
[09:47:06] [ITEM_LISTED]: Acnologia_a listed 64x Spruce Log for $100.00 on survie_new
[09:47:47] [ITEM_SOLD]: Acnologia_a sold 64x Spruce Log to vava34670 for $100.00 on survie_new
[09:52:08] [ITEM_SOLD]: CapitaineNiamor sold 1x Iron Pickaxe to  [Unbreaking III, Curse of Vanishing]vava34670 for $100.00 on survie_new
[10:41:55] [ITEM_LISTED]: Kaio_Beninou listed 1x Enchanted Book for $5,000.00 on survie_new
[11:11:34] [ITEM_LISTED]: D4rk_Wolf_07 listed 1x Fishing Rod [Mending] for $500.00 on Ressource
[11:11:39] [ITEM_LISTED]: D4rk_Wolf_07 listed 1x Fishing Rod [Mending] for $500.00 on Ressource
[11:15:43] [ITEM_SOLD]: CapitaineNiamor sold 1x Diamond Shovel to  [Efficiency III, Silk Touch]Twibe for $1,000.00 on survie_new
[11:15:46] [ITEM_SOLD]: thariaka sold 1x Enchanted Book to _Wiizy_ for $1,000.00 on survie_new
[11:34:32] [ITEM_SOLD]: AiiDenOp sold 26x Bamboo to corentinh612 for $75.00 on survie_new
[11:35:58] [ITEM_SOLD]: CapitaineNiamor sold 1x Shulker Box to DarkRlder for $3,000.00 on survie_new
[11:41:28] [ITEM_LISTED]: D4rk_Wolf_07 listed 1x Fishing Rod [Mending] for $500.00 on Ressource
[11:59:57] [ITEM_SOLD]: limastic sold 1x [Cave spider Spawner] to corentinh612 for $1,200.00 on survie_new
[12:04:27] [ITEM_LISTED]: D4rk_Wolf_07 listed 1x Enchanted Book for $3,000.00 on survie_new
[12:04:43] [ITEM_SOLD]: D4rk_Wolf_07 sold 1x Enchanted Book to ploup07380 for $3,000.00 on survie_new
[12:39:45] [ITEM_SOLD]: Mr_Yt_Fr sold 1x Filled Map to AzodFR for $1.00 on survie_new
[13:29:13] [ITEM_SOLD]: CapitaineNiamor sold 1x Iron Shovel to  [Mending]GuiGuiPlay for $100.00 on survie_new
[13:32:21] [ITEM_LISTED]: Andrew_90 listed 1x Iron Chestplate [Fire Protection II, Unbreaking III] for $300.00 on End
[13:32:23] [ITEM_LISTED]: Andrew_90 listed 1x Iron Sword [Looting III, Mending] for $300.00 on End
[13:54:22] [ITEM_SOLD]: Andrew_90 sold 1x Iron Sword to  [Looting III, Mending]AzodFR for $300.00 on End
[14:07:28] [ITEM_LISTED]: Andrew_90 listed 1x Iron Boots [Fire Protection IV, Unbreaking III] for $250.00 on survie_new
[14:07:31] [ITEM_LISTED]: Andrew_90 listed 1x Iron Helmet [Aqua Affinity, Fire Protection III, Respiration II, Curse of Vanishing] for $250.00 on survie_new
[14:07:35] [ITEM_LISTED]: Andrew_90 listed 1x Iron Shovel [Efficiency IV, Mending] for $350.00 on survie_new
[14:08:51] [ITEM_LISTED]: Andrew_90 listed 1x Dragon Head for $250.00 on survie_new
[14:09:01] [ITEM_SOLD]: Andrew_90 sold 1x Dragon Head to AiiDenOp for $250.00 on survie_new
[14:10:59] [ITEM_LISTED]: Andrew_90 listed 1x Shulker Box for $2,400.00 on survie_new
[14:11:01] [ITEM_LISTED]: Andrew_90 listed 1x Shulker Box for $2,400.00 on survie_new
[14:11:02] [ITEM_LISTED]: Andrew_90 listed 1x Shulker Box for $2,400.00 on survie_new
[14:11:03] [ITEM_LISTED]: Andrew_90 listed 1x Shulker Box for $2,400.00 on survie_new
[14:11:04] [ITEM_LISTED]: Andrew_90 listed 1x Shulker Box for $2,400.00 on survie_new
[14:11:40] [ITEM_SOLD]: Kaio_Beninou sold 1x Black Dye to Andrew_90 for $50.00 on survie_new
[14:14:16] [ITEM_SOLD]: The_Wiz_D sold 1x [Cave spider Spawner] to Andrew_90 for $1,500.00 on survie_new
[14:49:34] [ITEM_LISTED]: D4rk_Wolf_07 listed 2x [Zombie Spawner] for $5,500.00 on survie_new
[14:50:43] [ITEM_SOLD]: Andrew_90 sold 1x Shulker Box to Pseudal__ for $2,400.00 on survie_new
[14:50:45] [ITEM_SOLD]: Andrew_90 sold 1x Shulker Box to Pseudal__ for $2,400.00 on survie_new
[14:50:48] [ITEM_SOLD]: Andrew_90 sold 1x Shulker Box to Pseudal__ for $2,400.00 on survie_new
[14:50:49] [ITEM_SOLD]: Andrew_90 sold 1x Shulker Box to Pseudal__ for $2,400.00 on survie_new
[14:50:51] [ITEM_SOLD]: Andrew_90 sold 1x Shulker Box to Pseudal__ for $2,400.00 on survie_new
[14:52:04] [ITEM_LISTED]: Andrew_90 listed 1x Shulker Box for $2,500.00 on Ressource
[14:52:07] [ITEM_LISTED]: Andrew_90 listed 1x Shulker Box for $2,500.00 on Ressource
[14:52:08] [ITEM_LISTED]: Andrew_90 listed 1x Shulker Box for $2,500.00 on Ressource
[14:52:10] [ITEM_LISTED]: Andrew_90 listed 1x Shulker Box for $2,500.00 on Ressource
[14:55:55] [ITEM_LISTED]: D4rk_Wolf_07 listed 1x Music Disc 13 for $500.00 on survie_new
[14:56:01] [ITEM_LISTED]: D4rk_Wolf_07 listed 1x Music Disc 13 for $500.00 on survie_new
[14:57:46] [ITEM_LISTED]: Andrew_90 listed 57x Iron Ingot for $456.00 on survie_new
[14:58:07] [ITEM_SOLD]: Andrew_90 sold 57x Iron Ingot to Pseudal__ for $456.00 on survie_new
[15:16:24] [ITEM_LISTED]: Andrew_90 listed 1x Enchanted Book for $500.00 on survie_new
[16:15:45] [ITEM_LISTED]: Andrew_90 listed 1x Saddle for $120.00 on survie_new
[16:16:21] [ITEM_LISTED]: Andrew_90 listed 1x Saddle for $120.00 on survie_new
[16:22:41] [ITEM_SOLD]: CapitaineNiamor sold 1x Shulker Box to Kasne for $3,000.00 on survie_new
[16:23:00] [ITEM_SOLD]: Andrew_90 sold 1x Shulker Box to Kasne for $2,500.00 on Ressource
[16:34:06] [ITEM_LISTED]: EbLhH listed 64x Gravel for $1,000.00 on Ressource
[16:34:10] [ITEM_LISTED]: EbLhH listed 57x Gravel for $1,000.00 on Ressource
[16:34:18] [ITEM_LISTED]: EbLhH listed 30x Spruce Log for $5,000.00 on Ressource
[16:34:29] [ITEM_LISTED]: D4rk_Wolf_07 listed 1x Bow [Mending, Power IV] for $1,000.00 on survie_new
[16:38:30] [ITEM_LISTED]: EbLhH listed 30x Spruce Log for $5,000.00 on survie_new
[16:38:37] [ITEM_LISTED]: EbLhH listed 51x White Concrete for $1,000.00 on survie_new
[16:38:42] [ITEM_LISTED]: EbLhH listed 16x Cyan Concrete for $1,000.00 on survie_new
[16:38:44] [ITEM_LISTED]: EbLhH listed 27x Gray Concrete for $1,000.00 on survie_new
[16:38:48] [ITEM_LISTED]: EbLhH listed 1x Lime Concrete for $1,000.00 on survie_new
[16:38:51] [ITEM_LISTED]: EbLhH listed 64x Cobblestone for $1,000.00 on survie_new
[16:38:53] [ITEM_LISTED]: EbLhH listed 64x Dirt for $1,000.00 on survie_new
[16:38:58] [ITEM_LISTED]: EbLhH listed 64x Redstone for $1,000.00 on survie_new
[16:49:07] [ITEM_SOLD]: Andrew_90 sold 1x Shulker Box to D4rk_Wolf_07 for $2,500.00 on Ressource
[16:53:52] [ITEM_CANCELLED]: EbLhH cancelled an auction for 64x Redstone for $1,000.00 on survie_new
[16:54:05] [ITEM_CANCELLED]: EbLhH cancelled an auction for 30x Spruce Log for $5,000.00 on survie_new
[16:56:14] [ITEM_SOLD]: Andrew_90 sold 1x Shulker Box to D4rk_Wolf_07 for $2,500.00 on Ressource
[16:57:23] [ITEM_SOLD]: Andrew_90 sold 1x Iron Helmet to  [Aqua Affinity, Fire Protection III, Respiration II, Curse of Vanishing]DOLL1 for $250.00 on survie_new
[16:57:53] [ITEM_LISTED]: Kasne listed 1x Shulker Box for $2.50 on Ressource
[16:58:03] [ITEM_CANCELLED]: Kasne cancelled an auction for 1x Shulker Box for $2.50 on Ressource
[16:58:32] [ITEM_RETURNED]: Returned 1x Shulker Box to Kasne on Ressource
[16:59:05] [ITEM_RETURNED]: Returned 30x Spruce Log to EbLhH on survie_new
[16:59:10] [ITEM_LISTED]: Kasne listed 1x Shulker Box for $5.00 on Ressource
[16:59:22] [ITEM_CANCELLED]: Kasne cancelled an auction for 1x Shulker Box for $5.00 on Ressource
[16:59:30] [ITEM_RETURNED]: Returned 1x Shulker Box to Kasne on Ressource
[17:01:08] [ITEM_LISTED]: Kasne listed 1x Shulker Box for $5,000.00 on Ressource
[17:03:30] [ITEM_SOLD]: Nexusso sold 1x Enchanted Book to D4rk_Wolf_07 for $500.00 on survie_new
[17:05:57] [ITEM_LISTED]: Andrew_90 listed 64x Lapis Lazuli for $150.00 on Ressource
[17:06:01] [ITEM_LISTED]: Andrew_90 listed 64x Lapis Lazuli for $150.00 on Ressource
[17:06:04] [ITEM_LISTED]: Andrew_90 listed 64x Lapis Lazuli for $150.00 on Ressource
[17:06:07] [ITEM_LISTED]: Andrew_90 listed 42x Lapis Lazuli for $150.00 on Ressource
[17:06:11] [ITEM_LISTED]: Andrew_90 listed 64x Redstone for $150.00 on Ressource
[17:06:14] [ITEM_LISTED]: Andrew_90 listed 64x Redstone for $150.00 on Ressource
[17:06:17] [ITEM_LISTED]: Andrew_90 listed 64x Redstone for $150.00 on Ressource
[17:06:19] [ITEM_LISTED]: Andrew_90 listed 64x Redstone for $150.00 on Ressource
[17:10:09] [ITEM_SOLD]: Andrew_90 sold 1x Iron Shovel to  [Efficiency IV, Mending]EbLhH for $350.00 on survie_new
[17:10:32] [ITEM_SOLD]: Andrew_90 sold 1x Shulker Box to Azerter_ for $2,500.00 on Ressource
[17:12:31] [ITEM_LISTED]: Azerter_ listed 64x Redstone for $150.00 on survie_new
[17:23:54] [ITEM_SOLD]: Nexusso sold 1x Enchanted Book to Noelmans28 for $500.00 on survie_new
[17:24:00] [ITEM_SOLD]: D4rk_Wolf_07 sold 1x Bow to  [Mending, Power IV]Noelmans28 for $1,000.00 on survie_new
[17:24:46] [ITEM_LISTED]: D4rk_Wolf_07 listed 1x Diamond Block for $600.00 on survie_new
[17:25:53] [ITEM_SOLD]: CapitaineNiamor sold 1x Diamond Leggings to  [Fire Protection III, Mending, Curse of Vanishing]Azerter_ for $500.00 on survie_new
[17:26:03] [ITEM_SOLD]: Kaam98 sold 1x Diamond Chestplate to  [Fire Protection III, Unbreaking III]Azerter_ for $550.00 on survie_new
[17:34:10] [ITEM_CANCELLED]: Andrew_90 cancelled an auction for 64x Lapis Lazuli for $150.00 on Ressource
[17:34:12] [ITEM_CANCELLED]: Andrew_90 cancelled an auction for 64x Lapis Lazuli for $150.00 on Ressource
[17:34:13] [ITEM_CANCELLED]: Andrew_90 cancelled an auction for 64x Lapis Lazuli for $150.00 on Ressource
[17:34:13] [ITEM_CANCELLED]: Andrew_90 cancelled an auction for 42x Lapis Lazuli for $150.00 on Ressource
[17:34:13] [ITEM_CANCELLED]: Andrew_90 cancelled an auction for 64x Redstone for $150.00 on Ressource
[17:34:13] [ITEM_CANCELLED]: Andrew_90 cancelled an auction for 64x Redstone for $150.00 on Ressource
[17:34:13] [ITEM_CANCELLED]: Andrew_90 cancelled an auction for 64x Redstone for $150.00 on Ressource
[17:34:13] [ITEM_CANCELLED]: Andrew_90 cancelled an auction for 64x Redstone for $150.00 on Ressource
[17:34:16] [ITEM_RETURNED]: Returned 64x Lapis Lazuli to Andrew_90 on Ressource
[17:34:16] [ITEM_RETURNED]: Returned 64x Lapis Lazuli to Andrew_90 on Ressource
[17:34:16] [ITEM_RETURNED]: Returned 64x Lapis Lazuli to Andrew_90 on Ressource
[17:34:17] [ITEM_RETURNED]: Returned 42x Lapis Lazuli to Andrew_90 on Ressource
[17:34:17] [ITEM_RETURNED]: Returned 64x Redstone to Andrew_90 on Ressource
[17:34:17] [ITEM_RETURNED]: Returned 64x Redstone to Andrew_90 on Ressource
[17:34:17] [ITEM_RETURNED]: Returned 64x Redstone to Andrew_90 on Ressource
[17:34:17] [ITEM_RETURNED]: Returned 64x Redstone to Andrew_90 on Ressource
[17:34:17] [ITEM_CANCELLED]: Andrew_90 cancelled an auction for 1x Beaux champs for $1,000.00 on survie_new
[17:34:21] [ITEM_RETURNED]: Returned 1x Beaux champs to Andrew_90 on survie_new
[17:48:21] [ITEM_LISTED]: Haru_M listed 1x Elytra for $5,000.00 on survie_new
[17:48:23] [ITEM_LISTED]: Haru_M listed 1x Elytra for $5,000.00 on survie_new
[17:48:25] [ITEM_LISTED]: Haru_M listed 1x Elytra for $5,000.00 on survie_new
[17:48:58] [ITEM_LISTED]: Haru_M listed 1x Elytra for $5,000.00 on survie_new
[17:51:06] [ITEM_LISTED]: Haru_M listed 1x Light Blue Shulker Box for $2,800.00 on survie_new
[17:51:35] [ITEM_CANCELLED]: Haru_M cancelled an auction for 1x Light Blue Shulker Box for $2,800.00 on survie_new
[18:02:23] [ITEM_RETURNED]: Returned 1x Light Blue Shulker Box to Haru_M on survie_new
[18:03:07] [ITEM_LISTED]: Haru_M listed 1x Elytra for $5,000.00 on survie_new
[18:03:19] [ITEM_LISTED]: Andrew_90 listed 1x Diamond Sword [Fire Aspect II] for $600.00 on survie_new
[18:03:30] [ITEM_LISTED]: Haru_M listed 1x Blue Shulker Box for $2,500.00 on survie_new
[18:03:31] [ITEM_LISTED]: Haru_M listed 1x Light Blue Shulker Box for $2,500.00 on survie_new
[18:03:33] [ITEM_LISTED]: Haru_M listed 1x Cyan Shulker Box for $2,500.00 on survie_new
[18:03:34] [ITEM_LISTED]: Haru_M listed 1x Lime Shulker Box for $2,500.00 on survie_new
[18:03:36] [ITEM_LISTED]: Haru_M listed 1x Yellow Shulker Box for $2,500.00 on survie_new
[18:03:37] [ITEM_LISTED]: Haru_M listed 1x Orange Shulker Box for $2,500.00 on survie_new
[18:03:39] [ITEM_LISTED]: Haru_M listed 1x Red Shulker Box for $2,500.00 on survie_new
[18:03:41] [ITEM_LISTED]: Haru_M listed 1x Pink Shulker Box for $2,500.00 on survie_new
[18:03:43] [ITEM_LISTED]: Haru_M listed 1x Magenta Shulker Box for $2,500.00 on survie_new
[18:03:54] [ITEM_SOLD]: Andrew_90 sold 1x Diamond Sword to  [Fire Aspect II]Haru_M for $600.00 on survie_new
[18:07:06] [ITEM_LISTED]: Haru_M listed 1x Heart Of The Sea for $1,000.00 on survie_new
[18:07:08] [ITEM_LISTED]: Haru_M listed 1x Heart Of The Sea for $1,000.00 on survie_new
[18:07:10] [ITEM_LISTED]: Haru_M listed 1x Heart Of The Sea for $1,000.00 on survie_new
[18:07:12] [ITEM_LISTED]: Haru_M listed 1x Heart Of The Sea for $1,000.00 on survie_new
[18:07:14] [ITEM_LISTED]: Haru_M listed 1x Heart Of The Sea for $1,000.00 on survie_new
[18:07:21] [ITEM_LISTED]: Haru_M listed 1x Heart Of The Sea for $1,000.00 on survie_new
[18:07:22] [ITEM_LISTED]: Haru_M listed 1x Heart Of The Sea for $1,000.00 on survie_new
[18:07:24] [ITEM_LISTED]: Haru_M listed 1x Heart Of The Sea for $1,000.00 on survie_new
[18:07:36] [ITEM_LISTED]: Haru_M listed 1x Heart Of The Sea for $1,000.00 on survie_new
[18:09:06] [ITEM_LISTED]: Haru_M listed 1x Enchanted Book for $2,000.00 on survie_new
[18:09:08] [ITEM_LISTED]: Haru_M listed 1x Enchanted Book for $2,000.00 on survie_new
[18:09:09] [ITEM_LISTED]: Haru_M listed 1x Enchanted Book for $2,000.00 on survie_new
[18:09:28] [ITEM_LISTED]: Haru_M listed 1x Enchanted Book for $2,500.00 on survie_new
[18:10:24] [ITEM_CANCELLED]: EbLhH cancelled an auction for 30x Spruce Log for $5,000.00 on Ressource
[18:10:29] [ITEM_RETURNED]: Returned 30x Spruce Log to EbLhH on Ressource
[18:11:31] [ITEM_SOLD]: lonely_knight sold 1x Stone Shovel to Haru_M for $0.50 on survie_new
[18:11:33] [ITEM_SOLD]: lonely_knight sold 1x Stone Axe to Haru_M for $0.50 on survie_new
[18:11:35] [ITEM_SOLD]: lonely_knight sold 1x Stone Pickaxe to Haru_M for $0.50 on survie_new
[18:11:38] [ITEM_SOLD]: lonely_knight sold 1x Stone Sword to Haru_M for $0.50 on survie_new
[18:13:37] [ITEM_LISTED]: Haru_M listed 1x Diamond Pickaxe [Efficiency V, Fortune III, Mending, Unbreaking III] for $5,000.00 on survie_new
[18:19:23] [ITEM_LISTED]: D4rk_Wolf_07 listed 1x Fishing Rod [Mending] for $400.00 on Ressource
[18:33:22] [ITEM_SOLD]: Haru_M sold 1x Diamond Pickaxe to  [Efficiency V, Fortune III, Mending, Unbreaking III]Noelmans28 for $5,000.00 on survie_new
[18:37:19] [ITEM_SOLD]: Haru_M sold 1x Enchanted Book to GuiGuiPlay for $2,000.00 on survie_new
[18:37:21] [ITEM_SOLD]: Haru_M sold 1x Enchanted Book to GuiGuiPlay for $2,000.00 on survie_new
[18:39:48] [ITEM_SOLD]: Haru_M sold 1x Enchanted Book to GuiGuiPlay for $2,000.00 on survie_new
[18:45:20] [ITEM_SOLD]: D4rk_Wolf_07 sold 1x Diamond Block to AzodFR for $600.00 on survie_new
[18:46:48] [ITEM_SOLD]: The_Wiz_D sold 1x [Cave spider Spawner] to LDM26 for $1,500.00 on survie_new
[18:48:40] [ITEM_SOLD]: The_Wiz_D sold 1x [Cave spider Spawner] to LDM26 for $1,500.00 on survie_new
[19:41:11] [ITEM_LISTED]: CapitaineNiamor listed 1x Enchanted Book for $3,500.00 on survie_new
[19:41:24] [ITEM_SOLD]: CapitaineNiamor sold 1x Enchanted Book to ploup07380 for $3,500.00 on survie_new
[19:56:54] [ITEM_SOLD]: Haru_M sold 1x Elytra to Acnologia_a for $5,000.00 on survie_new
[20:00:17] [ITEM_CANCELLED]: Haru_M cancelled an auction for 1x Elytra for $5,000.00 on survie_new
[20:00:24] [ITEM_RETURNED]: Returned 1x Elytra to Haru_M on survie_new
[20:00:25] [ITEM_LISTED]: CapitaineNiamor listed 1x Elytra for $4,500.00 on survie_new
[20:00:30] [ITEM_LISTED]: Haru_M listed 1x Elytra for $4,000.00 on Ressource
[20:02:19] [ITEM_SOLD]: Haru_M sold 1x Elytra to Ap4she for $4,000.00 on Ressource
[20:06:54] [ITEM_CANCELLED]: EbLhH cancelled an auction for 51x White Concrete for $1,000.00 on survie_new
[20:06:56] [ITEM_CANCELLED]: EbLhH cancelled an auction for 16x Cyan Concrete for $1,000.00 on survie_new
[20:06:57] [ITEM_CANCELLED]: EbLhH cancelled an auction for 27x Gray Concrete for $1,000.00 on survie_new
[20:06:58] [ITEM_RETURNED]: Returned 51x White Concrete to EbLhH on survie_new
[20:06:59] [ITEM_RETURNED]: Returned 27x Gray Concrete to EbLhH on survie_new
[20:06:59] [ITEM_RETURNED]: Returned 16x Cyan Concrete to EbLhH on survie_new
[20:45:23] [ITEM_LISTED]: Haru_M listed 8x Nautilus Shell for $2,000.00 on survie_new
[20:45:24] [ITEM_SOLD]: Kaio_Beninou sold 1x Enchanted Book to DarkRlder for $5,000.00 on survie_new
[21:10:59] [ITEM_LISTED]: CapitaineNiamor listed 1x Enchanted Book for $3,500.00 on survie_new
[21:13:12] [ITEM_LISTED]: BeeZyLeCaca listed 1x Enchanted Book for $2,500.00 on survie_new
[21:14:15] [ITEM_SOLD]: BeeZyLeCaca sold 1x Enchanted Book to omega2028 for $2,500.00 on survie_new
[21:40:40] [ITEM_SOLD]: Haru_M sold 1x Heart Of The Sea to Kaam98 for $1,000.00 on survie_new
[21:58:19] [ITEM_SOLD]: Kaio_Beninou sold 1x Enchanted Book to rsBlackSmith for $5,000.00 on survie_new
[21:58:44] [ITEM_SOLD]: CapitaineNiamor sold 1x Enchanted Book to rsBlackSmith for $3,500.00 on survie_new
[21:59:44] [ITEM_SOLD]: D4rk_Wolf_07 sold 1x Fishing Rod to  [Mending]rsBlackSmith for $400.00 on Ressource
[22:20:10] [ITEM_LISTED]: Kaio_Beninou listed 1x Enchanted Book for $5,000.00 on survie_new
[22:25:22] [ITEM_LISTED]: BeeZyLeCaca listed 64x Iron Ingot for $640.00 on survie_new
[22:25:29] [ITEM_LISTED]: BeeZyLeCaca listed 32x Iron Ingot for $300.00 on survie_new
[22:25:31] [ITEM_SOLD]: BeeZyLeCaca sold 32x Iron Ingot to AzodFR for $300.00 on survie_new
[22:25:35] [ITEM_SOLD]: BeeZyLeCaca sold 64x Iron Ingot to AzodFR for $640.00 on survie_new
[22:44:20] [ITEM_LISTED]: Kaio_Beninou listed 3x Diamond for $310.00 on survie_new
[22:44:50] [ITEM_SOLD]: Kaio_Beninou sold 3x Diamond to Hydrenoir for $310.00 on survie_new
[23:27:33] [ITEM_SOLD]: Haru_M sold 1x Blue Shulker Box to Mr_Yt_Fr for $2,500.00 on survie_new
[23:27:39] [ITEM_SOLD]: Haru_M sold 1x Cyan Shulker Box to Mr_Yt_Fr for $2,500.00 on survie_new
[23:27:43] [ITEM_SOLD]: Haru_M sold 1x Yellow Shulker Box to Mr_Yt_Fr for $2,500.00 on survie_new
[23:38:02] [ITEM_LISTED]: Dejouqueur83 listed 3x Obsidian for $200.00 on spawn
