[00:29:07] [ITEM_SOLD]: Tesla248 vendu 1 x Enchanted Book à  Zarbikop pour 15,000.00 β le survie_new
[01:07:03] [ITEM_SOLD]: LLIcocoman_Hrz vendu 64 x Obsidian à  Zarbikop pour 1,000.00 β le survie_new
[01:25:10] [ITEM_LISTED]: Zarbikop vend 64 x White Wool  pour 200.00β sur survie_new
[01:25:15] [ITEM_LISTED]: Zarbikop vend 64 x White Wool  pour 200.00β sur survie_new
[01:25:20] [ITEM_LISTED]: Zarbikop vend 64 x White Wool  pour 200.00β sur survie_new
[01:25:27] [ITEM_LISTED]: Zarbikop vend 64 x White Wool  pour 200.00β sur survie_new
[01:25:32] [ITEM_LISTED]: Zarbikop vend 64 x White Wool  pour 200.00β sur survie_new
[01:38:00] [ITEM_SOLD]: Kaio_Beninou vendu 1 x Enchanted Book à  Zarbikop pour 15,000.00 β le survie_new
[02:18:43] [ITEM_SOLD]: Bertrand vendu 1 x §;§:Spawner à Araignée venimeuse 1x à  Zarbikop pour 3,500.00 β le survie_new
[02:18:46] [ITEM_SOLD]: Bertrand vendu 1 x §;§:Spawner à Araignée venimeuse 1x à  Zarbikop pour 3,500.00 β le survie_new
[02:32:40] [ITEM_SOLD]: Sifflote vendu 1 x [Skeleton Spawner] à  Zarbikop pour 7,500.00 β le survie_new
[02:46:34] [ITEM_SOLD]: Blazd vendu 64 x Anvil à  Zarbikop pour 5,000.00 β le survie_new
[03:25:19] [ITEM_SOLD]: xerinou vendu 64 x Cooked Porkchop à  Zarbikop pour 50.00 β le survie_new
[05:10:45] [ITEM_LISTED]: Zarbikop vend 1 x Diamond Pickaxe  [Efficiency V, Silk Touch, Unbreaking III] pour 5,000.00β sur survie_new
[06:04:52] [ITEM_SOLD]: LLIcocoman_Hrz vendu 64 x Experience Bottle à  Zarbikop pour 5,000.00 β le survie_new
[09:48:22] [ITEM_LISTED]: Kaio_Beninou vend 1 x Shulker Box  pour 5,000.00β sur survie_new
[09:48:33] [ITEM_LISTED]: Kaio_Beninou vend 1 x Enchanted Book  pour 15,000.00β sur survie_new
[09:48:49] [ITEM_LISTED]: Kaio_Beninou vend 10 x Ink Sac  pour 500.00β sur survie_new
[11:03:52] [ITEM_LISTED]: Christophe_ vend 1 x Livre pour une création Légendaire  pour 5,000.00β sur survie_new
[11:03:54] [ITEM_LISTED]: Christophe_ vend 1 x Livre pour une création Légendaire  pour 5,000.00β sur survie_new
[11:03:55] [ITEM_LISTED]: Christophe_ vend 1 x Livre pour une création Légendaire  pour 5,000.00β sur survie_new
[11:03:56] [ITEM_LISTED]: Christophe_ vend 1 x Livre pour une création Légendaire  pour 5,000.00β sur survie_new
[11:12:56] [ITEM_LISTED]: Kaio_Beninou vend 1 x Trident  pour 15,000.00β sur survie_new
[12:22:21] [ITEM_SOLD]: LLIcocoman_Hrz vendu 16 x Gunpowder à  Christophe_ pour 200.00 β le survie_new
[15:54:37] [ITEM_SOLD]: Christophe_ vendu 1 x Livre pour une création Légendaire à  EclaRaft pour 5,000.00 β le survie_new
[15:54:42] [ITEM_SOLD]: Christophe_ vendu 1 x Livre pour une création Légendaire à  EclaRaft pour 5,000.00 β le survie_new
[16:21:32] [ITEM_SOLD]: LLIcocoman_Hrz vendu 3 x Name Tag à  FaucheuseYT pour 1,000.00 β le survie_new
[16:32:45] [ITEM_SOLD]: Tesla248 vendu 1 x Enchanted Book à  EclaRaft pour 15,000.00 β le survie_new
[16:33:01] [ITEM_SOLD]: Kaio_Beninou vendu 1 x Enchanted Book à  EclaRaft pour 15,000.00 β le survie_new
[17:11:23] [ITEM_LISTED]: Blazd vend 64 x Anvil  pour 5,000.00β sur survie_new
[17:11:28] [ITEM_LISTED]: Blazd vend 1 x Enchanted Book  pour 8,000.00β sur survie_new
[17:11:33] [ITEM_LISTED]: Blazd vend 1 x Enchanted Book  pour 15,000.00β sur survie_new
[17:58:27] [ITEM_SOLD]: _MozillaFirefox vendu 64 x Iron Ore à  CouzVeBaton pour 5,250.00 β le survie_new
[18:03:24] [ITEM_LISTED]: SkyKnight60 vend 1 x Enchanted Book  pour 2,000.00β sur survie_new
[18:30:31] [ITEM_LISTED]: Mboubou vend 32 x Lapis Lazuli  pour 550.00β sur survie_new
[18:31:40] [ITEM_CANCELLED]: Mboubou annule la vente de 32x Lapis Lazuli pour 550.00β sur survie_new
[18:31:43] [ITEM_RETURNED]: 32 x Lapis Lazuli  renvoyé à Mboubou le survie_new
[18:43:47] [ITEM_SOLD]: Kaio_Beninou vendu 1 x Saddle à  EclaRaft pour 500.00 β le survie_new
[18:54:10] [ITEM_SOLD]: _MozillaFirefox vendu 1 x Enchanted Book à  FaucheuseYT pour 2,000.00 β le survie_new
[19:14:56] [ITEM_LISTED]: SkyKnight60 vend 1 x Name Tag  pour 200.00β sur survie_new
[19:15:02] [ITEM_LISTED]: SkyKnight60 vend 1 x Saddle  pour 150.00β sur survie_new
[19:15:07] [ITEM_LISTED]: SkyKnight60 vend 1 x Saddle  pour 150.00β sur survie_new
[19:45:59] [ITEM_LISTED]: _MozillaFirefox vend 64 x Iron Ore  pour 5,500.00β sur survie_new
[19:46:02] [ITEM_LISTED]: _MozillaFirefox vend 64 x Iron Ore  pour 5,500.00β sur survie_new
[19:46:08] [ITEM_LISTED]: _MozillaFirefox vend 64 x Iron Ore  pour 5,500.00β sur survie_new
[19:46:13] [ITEM_LISTED]: _MozillaFirefox vend 29 x Iron Ore  pour 2,200.00β sur survie_new
[19:46:27] [ITEM_LISTED]: _MozillaFirefox vend 24 x Gold Ore  pour 1,500.00β sur survie_new
[19:46:52] [ITEM_SOLD]: Kaio_Beninou vendu 1 x Trident à  _MozillaFirefox pour 15,000.00 β le survie_new
[19:46:57] [ITEM_LISTED]: Christophe_ vend 1 x Enchanted Book  pour 5,000.00β sur survie_new
[19:47:44] [ITEM_SOLD]: Christophe_ vendu 1 x Enchanted Book à  Mboubou pour 5,000.00 β le survie_new
[19:49:13] [ITEM_SOLD]: SkyKnight60 vendu 1 x Enchanted Book à  _MozillaFirefox pour 2,000.00 β le survie_new
[19:49:25] [ITEM_SOLD]: Blazd vendu 1 x Enchanted Book à  _MozillaFirefox pour 15,000.00 β le survie_new
[19:52:55] [ITEM_LISTED]: Mboubou vend 1 x Enchanted Book  pour 6,500.00β sur survie_new
[19:53:02] [ITEM_LISTED]: Mboubou vend 1 x Enchanted Book  pour 6,500.00β sur survie_new
[19:53:10] [ITEM_LISTED]: Mboubou vend 1 x Enchanted Book  pour 5,000.00β sur survie_new
[19:53:14] [ITEM_LISTED]: Mboubou vend 1 x Enchanted Book  pour 6,500.00β sur survie_new
[19:53:22] [ITEM_LISTED]: Mboubou vend 1 x Enchanted Book  pour 6,750.00β sur survie_new
[19:53:27] [ITEM_LISTED]: Mboubou vend 1 x Enchanted Book  pour 6,750.00β sur survie_new
[20:06:23] [ITEM_SOLD]: Sifflote vendu 64 x Emerald à  gamerlenon pour 4,000.00 β le survie_new
[20:06:33] [ITEM_SOLD]: xerinou vendu 64 x Cooked Porkchop à  gamerlenon pour 50.00 β le survie_new
[20:06:34] [ITEM_SOLD]: xerinou vendu 64 x Cooked Porkchop à  gamerlenon pour 50.00 β le survie_new
[20:51:14] [ITEM_SOLD]: Zarbikop vendu 1 x Diamond Pickaxe à  [Efficiency V, Silk Touch, Unbreaking III] Skybest90 pour 5,000.00 β le survie_new
[21:06:18] [ITEM_SOLD]: CouzVeBaton vendu 22 x Jukebox à  waterfire90 pour 481.25 β le survie_new
