[09:52:10] [ITEM_RETURNED]: 1 x Trident  renvoyé à Kaio_Beninou le survie_new
[09:52:23] [ITEM_LISTED]: Kaio_Beninou vend 1 x Trident  pour 20,000.00β sur survie_new
[10:15:37] [ITEM_SOLD]: Kaio_Beninou vendu 1 x Saddle à  Boss pour 500.00 β le survie_new
[10:40:48] [ITEM_SOLD]: Darinor_ vendu 3 x Name Tag à  Boss pour 1,000.00 β le survie_new
[13:48:32] [ITEM_LISTED]: Arzess vend 1 x Diamond Pickaxe  [Fortune II] pour 300.00β sur survie_new
[13:48:38] [ITEM_LISTED]: Arzess vend 1 x Diamond Pickaxe  [Efficiency III, Unbreaking III] pour 300.00β sur survie_new
[13:49:31] [ITEM_SOLD]: bioniclucas vendu 1 x Cadeau de Noël : I à  REGDYLAN pour 50,000.00 β le survie_new
[14:15:12] [ITEM_SOLD]: Arzess vendu 1 x Diamond Pickaxe à  [Fortune II] Darinor_ pour 300.00 β le survie_new
[14:37:11] [ITEM_LISTED]: Arzess vend 1 x Diamond Axe  [Efficiency IV] pour 400.00β sur survie_new
[18:41:03] [ITEM_SOLD]: ketsumochi vendu 64 x Bamboo à  Arzess pour 100.00 β le survie_new
[18:55:15] [ITEM_LISTED]: Yohan81 vend 1 x Pioche en diamant  [Efficiency VI] pour 1,000,000.00β sur survie_new
[18:55:50] [ITEM_CANCELLED]: Yohan81 annule la vente de 1x Pioche en diamant [Efficiency VI] pour 1,000,000.00β sur survie_new
[18:55:58] [ITEM_RETURNED]: 1 x Pioche en diamant  [Efficiency VI] renvoyé à Yohan81 le survie_new
[18:56:10] [ITEM_LISTED]: Christophe_ vend 2 x Kelp  pour 1,000,000.00β sur survie_new
[18:56:19] [ITEM_CANCELLED]: Christophe_ annule la vente de 2x Kelp pour 1,000,000.00β sur survie_new
[20:03:59] [ITEM_LISTED]: bioniclucas vend 4 x Dolphin Spawn Egg  pour 12,000.00β sur survie_new
[20:04:19] [ITEM_CANCELLED]: bioniclucas annule la vente de 4x Dolphin Spawn Egg pour 12,000.00β sur survie_new
[20:05:06] [ITEM_RETURNED]: 4 x Dolphin Spawn Egg  renvoyé à bioniclucas le survie_new
[20:05:18] [ITEM_LISTED]: bioniclucas vend 4 x Dolphin Spawn Egg  pour 16,000.00β sur survie_new
[20:05:21] [ITEM_SOLD]: bioniclucas vendu 4 x Dolphin Spawn Egg à  CouzVeBaton pour 16,000.00 β le survie_new
[20:05:54] [ITEM_LISTED]: bioniclucas vend 7 x Chicken Spawn Egg  pour 28,000.00β sur survie_new
[20:05:56] [ITEM_SOLD]: bioniclucas vendu 7 x Chicken Spawn Egg à  CroixVeBaton pour 28,000.00 β le survie_new
[22:56:35] [ITEM_LISTED]: Stebanou vend 1 x Dolphin Spawn Egg  pour 4,000.00β sur survie_new
[22:56:37] [ITEM_SOLD]: Stebanou vendu 1 x Dolphin Spawn Egg à  CouzVeBaton pour 4,000.00 β le survie_new
