[00:32:50] [ITEM_LISTED]: AzodFR vend 64 x Arrow  pour 1.00β sur survie_new
[00:32:57] [ITEM_SOLD]: AzodFR vendu 64 x Arrow à  hugoleb pour 1.00 β le survie_new
[00:45:39] [ITEM_SOLD]: Haru_M vendu 1 x Enchanted Book à  RoroElPadre pour 3,000.00 β le survie_new
[01:08:09] [ITEM_SOLD]: Haru_M vendu 1 x Enchanted Book à  leazdinque pour 8,500.00 β le survie_new
[01:10:38] [ITEM_SOLD]: Blazd vendu 1 x Dragon Head à  Stebanou pour 15,000.00 β le survie_new
[01:30:24] [ITEM_SOLD]: Haru_M vendu 1 x Enchanted Book à  Stebanou pour 8,500.00 β le survie_new
[02:14:56] [ITEM_SOLD]: Haru_M vendu 1 x Enchanted Book à  Stebanou pour 8,500.00 β le survie_new
[05:24:18] [ITEM_LISTED]: Stebanou vend 1 x Elytra  pour 5,000.00β sur survie_new
[05:24:21] [ITEM_LISTED]: Stebanou vend 1 x Elytra  pour 5,000.00β sur survie_new
[05:24:23] [ITEM_LISTED]: Stebanou vend 1 x Elytra  pour 5,000.00β sur survie_new
[05:24:25] [ITEM_LISTED]: Stebanou vend 1 x Elytra  pour 5,000.00β sur survie_new
[09:29:01] [ITEM_SOLD]: Mathis6000 vendu 1 x Written Book à  Yohan81 pour 0.00 β le survie_new
[09:29:24] [ITEM_LISTED]: Yohan81 vend 1 x Written Book  pour 1.00β sur survie_new
[11:25:04] [ITEM_LISTED]: CouzVeBaton vend 1 x > Icon  pour 200.00β sur survie_new
[13:03:52] [ITEM_SOLD]: CouzVeBaton vendu 1 x > Icon à  RoroElPadre pour 200.00 β le survie_new
[13:06:00] [ITEM_CANCELLED]: RoroElPadre annule la vente de 1x Fishing Rod [Unbreaking III] pour 650.00β sur survie_new
[13:06:01] [ITEM_CANCELLED]: RoroElPadre annule la vente de 1x Fishing Rod [Unbreaking III] pour 650.00β sur survie_new
[13:06:01] [ITEM_CANCELLED]: RoroElPadre annule la vente de 1x Fishing Rod [Unbreaking III] pour 650.00β sur survie_new
[13:06:01] [ITEM_CANCELLED]: RoroElPadre annule la vente de 1x Fishing Rod [Unbreaking III] pour 650.00β sur survie_new
[13:06:02] [ITEM_CANCELLED]: RoroElPadre annule la vente de 1x Fishing Rod [Unbreaking III] pour 650.00β sur survie_new
[13:06:04] [ITEM_CANCELLED]: RoroElPadre annule la vente de 1x Enchanted Book pour 2,500.00β sur survie_new
[13:06:04] [ITEM_CANCELLED]: RoroElPadre annule la vente de 1x Enchanted Book pour 900.00β sur survie_new
[13:06:04] [ITEM_CANCELLED]: RoroElPadre annule la vente de 1x Enchanted Book pour 1,000.00β sur survie_new
[13:06:13] [ITEM_RETURNED]: 1 x Enchanted Book  renvoyé à RoroElPadre le survie_new
[13:06:13] [ITEM_RETURNED]: 1 x Enchanted Book  renvoyé à RoroElPadre le survie_new
[13:06:13] [ITEM_RETURNED]: 1 x Enchanted Book  renvoyé à RoroElPadre le survie_new
[13:06:13] [ITEM_RETURNED]: 1 x Fishing Rod  [Unbreaking III] renvoyé à RoroElPadre le survie_new
[13:06:14] [ITEM_RETURNED]: 1 x Fishing Rod  [Unbreaking III] renvoyé à RoroElPadre le survie_new
[13:06:14] [ITEM_RETURNED]: 1 x Fishing Rod  [Unbreaking III] renvoyé à RoroElPadre le survie_new
[13:06:14] [ITEM_RETURNED]: 1 x Fishing Rod  [Unbreaking III] renvoyé à RoroElPadre le survie_new
[13:06:14] [ITEM_RETURNED]: 1 x Fishing Rod  [Unbreaking III] renvoyé à RoroElPadre le survie_new
[13:07:06] [ITEM_LISTED]: RoroElPadre vend 1 x Enchanted Book  pour 1,000.00β sur survie_new
[13:07:09] [ITEM_LISTED]: RoroElPadre vend 1 x Enchanted Book  pour 1,000.00β sur survie_new
[13:07:16] [ITEM_LISTED]: RoroElPadre vend 1 x Enchanted Book  pour 3,000.00β sur survie_new
[13:07:21] [ITEM_LISTED]: RoroElPadre vend 1 x Enchanted Book  pour 2,000.00β sur survie_new
[13:07:24] [ITEM_LISTED]: RoroElPadre vend 1 x Enchanted Book  pour 2,000.00β sur survie_new
[13:07:29] [ITEM_LISTED]: RoroElPadre vend 1 x Enchanted Book  pour 3,000.00β sur survie_new
[13:07:35] [ITEM_LISTED]: RoroElPadre vend 1 x Enchanted Book  pour 800.00β sur survie_new
[13:07:50] [ITEM_LISTED]: RoroElPadre vend 1 x Enchanted Book  pour 3,000.00β sur survie_new
[13:09:18] [ITEM_CANCELLED]: RoroElPadre annule la vente de 1x Enchanted Book pour 1,000.00β sur survie_new
[13:09:20] [ITEM_RETURNED]: 1 x Enchanted Book  renvoyé à RoroElPadre le survie_new
[13:09:30] [ITEM_LISTED]: RoroElPadre vend 1 x Enchanted Book  pour 1,500.00β sur survie_new
[13:09:48] [ITEM_SOLD]: Stebanou vendu 1 x Elytra à  pikatchou82 pour 5,000.00 β le survie_new
[13:14:11] [ITEM_SOLD]: pikatchou82 vendu 1 x Enchanted Book à  PtitBiscuit55 pour 2,000.00 β le survie_new
[13:20:12] [ITEM_LISTED]: RoroElPadre vend 1 x Enchanted Book  pour 1,000.00β sur survie_new
[13:20:16] [ITEM_LISTED]: RoroElPadre vend 1 x Enchanted Book  pour 3,000.00β sur survie_new
[13:20:29] [ITEM_LISTED]: RoroElPadre vend 1 x Enchanted Book  pour 1,000.00β sur survie_new
[13:20:34] [ITEM_LISTED]: RoroElPadre vend 1 x Enchanted Book  pour 1,500.00β sur survie_new
[13:20:45] [ITEM_CANCELLED]: RoroElPadre annule la vente de 1x Enchanted Book pour 1,000.00β sur survie_new
[13:20:47] [ITEM_RETURNED]: 1 x Enchanted Book  renvoyé à RoroElPadre le survie_new
[13:20:52] [ITEM_LISTED]: RoroElPadre vend 1 x Enchanted Book  pour 1,500.00β sur survie_new
[13:21:22] [ITEM_LISTED]: RoroElPadre vend 1 x Enchanted Book  pour 2,500.00β sur survie_new
[13:21:35] [ITEM_LISTED]: RoroElPadre vend 1 x Enchanted Book  pour 1,000.00β sur survie_new
[13:21:53] [ITEM_LISTED]: RoroElPadre vend 1 x Enchanted Book  pour 3,500.00β sur survie_new
[13:23:02] [ITEM_LISTED]: RoroElPadre vend 1 x Enchanted Book  pour 3,500.00β sur survie_new
[14:05:14] [ITEM_LISTED]: Stebanou vend 64 x Acacia Log  pour 500.00β sur survie_new
[14:07:07] [ITEM_CANCELLED]: Stebanou annule la vente de 64x Acacia Log pour 500.00β sur survie_new
[14:07:09] [ITEM_RETURNED]: 64 x Acacia Log  renvoyé à Stebanou le survie_new
[14:07:16] [ITEM_LISTED]: Stebanou vend 64 x Acacia Log  pour 150.00β sur survie_new
[14:07:52] [ITEM_LISTED]: Stebanou vend 64 x Acacia Log  pour 150.00β sur survie_new
[14:10:00] [ITEM_LISTED]: Stebanou vend 64 x Acacia Log  pour 150.00β sur survie_new
[14:12:38] [ITEM_SOLD]: Stebanou vendu 64 x Acacia Log à  RoroElPadre pour 150.00 β le survie_new
[14:12:39] [ITEM_SOLD]: Stebanou vendu 64 x Acacia Log à  RoroElPadre pour 150.00 β le survie_new
[14:12:40] [ITEM_SOLD]: Stebanou vendu 64 x Acacia Log à  RoroElPadre pour 150.00 β le survie_new
[14:13:02] [ITEM_LISTED]: Stebanou vend 64 x Acacia Log  pour 150.00β sur survie_new
[14:13:45] [ITEM_LISTED]: Stebanou vend 64 x Acacia Log  pour 150.00β sur survie_new
[14:21:47] [ITEM_SOLD]: Stebanou vendu 64 x Acacia Log à  RoroElPadre pour 150.00 β le survie_new
[14:21:49] [ITEM_SOLD]: Stebanou vendu 64 x Acacia Log à  RoroElPadre pour 150.00 β le survie_new
[14:41:17] [ITEM_CANCELLED]: RoroElPadre annule la vente de 1x Enchanted Book pour 3,000.00β sur survie_new
[14:41:27] [ITEM_RETURNED]: 1 x Enchanted Book  renvoyé à RoroElPadre le survie_new
[14:45:31] [ITEM_SOLD]: Haru_M vendu 1 x Enchanted Book à  TheSolobaid pour 3,000.00 β le survie_new
[15:03:00] [ITEM_SOLD]: Stebanou vendu 1 x Elytra à  hugoleb pour 5,000.00 β le survie_new
[15:03:49] [ITEM_LISTED]: Stebanou vend 3 x Dragon Head  pour 7,000.00β sur survie_new
[15:03:57] [ITEM_SOLD]: 74Matt vendu 64 x Dried Kelp à  Cantyo pour 20.00 β le survie_new
[15:04:01] [ITEM_CANCELLED]: Stebanou annule la vente de 3x Dragon Head pour 7,000.00β sur survie_new
[15:04:02] [ITEM_RETURNED]: 3 x Dragon Head  renvoyé à Stebanou le survie_new
[15:04:07] [ITEM_LISTED]: Stebanou vend 1 x Dragon Head  pour 7,000.00β sur survie_new
[15:04:09] [ITEM_LISTED]: Stebanou vend 1 x Dragon Head  pour 7,000.00β sur survie_new
[15:04:11] [ITEM_LISTED]: Stebanou vend 1 x Dragon Head  pour 7,000.00β sur survie_new
[15:04:22] [ITEM_SOLD]: Mathis6000 vendu 1 x Bread à  Cantyo pour 1.00 β le survie_new
[15:15:38] [ITEM_LISTED]: Yohan81 vend 1 x Enchanted Book  pour 2,500.00β sur survie_new
[15:16:45] [ITEM_SOLD]: Yohan81 vendu 1 x Enchanted Book à  RoroElPadre pour 2,500.00 β le survie_new
[15:19:27] [ITEM_LISTED]: Yohan81 vend 1 x La Bière  pour 40.00β sur survie_new
[15:19:33] [ITEM_SOLD]: Yohan81 vendu 1 x La Bière à  RoroElPadre pour 40.00 β le survie_new
[15:21:14] [ITEM_LISTED]: Yohan81 vend 8 x Iron Block  pour 1,080.00β sur survie_new
[15:21:34] [ITEM_LISTED]: Yohan81 vend 6 x Iron Ingot  pour 90.00β sur survie_new
[15:22:04] [ITEM_LISTED]: pikatchou82 vend 64 x Iron Block  pour 10,000.00β sur survie_new
[15:22:15] [ITEM_LISTED]: pikatchou82 vend 64 x Iron Block  pour 10,000.00β sur survie_new
[15:44:25] [ITEM_SOLD]: Darinor_ vendu 1 x Name Tag à  Cantyo pour 800.00 β le survie_new
[15:56:27] [ITEM_CANCELLED]: Yohan81 annule la vente de 1x Turtle Egg pour 5,000.00β sur survie_new
[15:56:30] [ITEM_CANCELLED]: Yohan81 annule la vente de 1x Enchanted Book pour 6,000.00β sur survie_new
[15:57:42] [ITEM_SOLD]: Yohan81 vendu 8 x Iron Block à  P2M2A2 pour 1,080.00 β le survie_new
[15:57:46] [ITEM_SOLD]: Yohan81 vendu 6 x Iron Ingot à  P2M2A2 pour 90.00 β le survie_new
[16:38:34] [ITEM_LISTED]: LLIcocoman_Hrz vend 64 x Glowstone  pour 500.00β sur survie_new
[16:38:47] [ITEM_LISTED]: LLIcocoman_Hrz vend 1 x Turtle Spawn Egg  pour 2,000.00β sur survie_new
[16:39:02] [ITEM_LISTED]: LLIcocoman_Hrz vend 16 x Prismarine Crystals  pour 200.00β sur survie_new
[16:39:06] [ITEM_LISTED]: LLIcocoman_Hrz vend 2 x Phantom Membrane  pour 200.00β sur survie_new
[16:39:12] [ITEM_LISTED]: LLIcocoman_Hrz vend 16 x Emerald  pour 500.00β sur survie_new
[16:39:51] [ITEM_SOLD]: LLIcocoman_Hrz vendu 16 x Emerald à  Zarbikop pour 500.00 β le survie_new
[16:40:04] [ITEM_SOLD]: LLIcocoman_Hrz vendu 16 x Prismarine Crystals à  Zarbikop pour 200.00 β le survie_new
[16:40:14] [ITEM_SOLD]: LLIcocoman_Hrz vendu 64 x Glowstone à  Zarbikop pour 500.00 β le survie_new
[17:01:14] [ITEM_DROPPED]: Abandon de la vente REGDYLAN expirée de 64 x Diamond Block  pour 0.00β à leurs pieds le survie_new
[17:01:14] [ITEM_DROPPED]: Abandon de la vente REGDYLAN expirée de 64 x Diamond Block  pour 0.00β à leurs pieds le survie_new
[17:01:14] [ITEM_DROPPED]: Abandon de la vente REGDYLAN expirée de 64 x Diamond Block  pour 0.00β à leurs pieds le survie_new
[17:01:14] [ITEM_DROPPED]: Abandon de la vente REGDYLAN expirée de 64 x Diamond Block  pour 0.00β à leurs pieds le survie_new
[17:01:14] [ITEM_DROPPED]: Abandon de la vente REGDYLAN expirée de 64 x Diamond Block  pour 0.00β à leurs pieds le survie_new
[17:01:14] [ITEM_DROPPED]: Abandon de la vente REGDYLAN expirée de 64 x Diamond Block  pour 0.00β à leurs pieds le survie_new
[17:01:14] [ITEM_DROPPED]: Abandon de la vente REGDYLAN expirée de 64 x Diamond Block  pour 0.00β à leurs pieds le survie_new
[17:01:14] [ITEM_DROPPED]: Abandon de la vente REGDYLAN expirée de 64 x Diamond Block  pour 0.00β à leurs pieds le survie_new
[17:01:14] [ITEM_DROPPED]: Abandon de la vente REGDYLAN expirée de 64 x Diamond Block  pour 0.00β à leurs pieds le survie_new
[17:01:14] [ITEM_DROPPED]: Abandon de la vente REGDYLAN expirée de 64 x Diamond Block  pour 0.00β à leurs pieds le survie_new
[17:01:14] [ITEM_DROPPED]: Abandon de la vente REGDYLAN expirée de 64 x Diamond Block  pour 0.00β à leurs pieds le survie_new
[17:01:14] [ITEM_DROPPED]: Abandon de la vente REGDYLAN expirée de 64 x Diamond Block  pour 0.00β à leurs pieds le survie_new
[17:05:32] [ITEM_SOLD]: LLIcocoman_Hrz vendu 1 x Turtle Spawn Egg à  Zarbikop pour 2,000.00 β le survie_new
[17:11:56] [ITEM_SOLD]: Stebanou vendu 1 x Elytra à  Bertrand pour 5,000.00 β le survie_new
[17:20:43] [ITEM_SOLD]: Yohan81 vendu 45 x Iron Ingot à  RoroElPadre pour 675.00 β le survie_new
[17:37:37] [ITEM_LISTED]: Bertrand vend 3 x Light Gray Banner  pour 3,000.00β sur survie_new
[17:44:26] [ITEM_CANCELLED]: Stebanou annule la vente de 1x Elytra pour 5,000.00β sur survie_new
[17:44:28] [ITEM_RETURNED]: 1 x Elytra  renvoyé à Stebanou le survie_new
[17:44:35] [ITEM_LISTED]: Stebanou vend 1 x Elytra  pour 7,000.00β sur survie_new
[17:53:29] [ITEM_DROPPED]: Abandon de la vente Zougless expirée de 64 x Spruce Log  pour 0.00β à leurs pieds le survie_new
[17:53:29] [ITEM_DROPPED]: Abandon de la vente Zougless expirée de 64 x Spruce Log  pour 0.00β à leurs pieds le survie_new
[17:53:29] [ITEM_DROPPED]: Abandon de la vente Zougless expirée de 64 x Spruce Log  pour 0.00β à leurs pieds le survie_new
[17:53:29] [ITEM_DROPPED]: Abandon de la vente Zougless expirée de 64 x Spruce Log  pour 0.00β à leurs pieds le survie_new
[17:53:29] [ITEM_DROPPED]: Abandon de la vente Zougless expirée de 64 x Spruce Log  pour 0.00β à leurs pieds le survie_new
[17:53:29] [ITEM_DROPPED]: Abandon de la vente Zougless expirée de 64 x Spruce Log  pour 0.00β à leurs pieds le survie_new
[17:53:29] [ITEM_DROPPED]: Abandon de la vente Zougless expirée de 64 x Spruce Log  pour 0.00β à leurs pieds le survie_new
[17:53:29] [ITEM_DROPPED]: Abandon de la vente Zougless expirée de 64 x Spruce Log  pour 0.00β à leurs pieds le survie_new
[17:53:29] [ITEM_DROPPED]: Abandon de la vente Zougless expirée de 64 x Spruce Log  pour 0.00β à leurs pieds le survie_new
[17:53:29] [ITEM_DROPPED]: Abandon de la vente Zougless expirée de 64 x Spruce Log  pour 0.00β à leurs pieds le survie_new
[18:02:53] [ITEM_LISTED]: Darinor_ vend 1 x Iron Chestplate  [Mending, Thorns II, Unbreaking III] pour 1,500.00β sur survie_new_the_end
[18:03:03] [ITEM_LISTED]: Darinor_ vend 1 x Iron Leggings  [Protection IV, Unbreaking III] pour 1,500.00β sur survie_new_the_end
[18:03:10] [ITEM_LISTED]: Darinor_ vend 1 x Iron Boots  [Fire Protection IV, Unbreaking III] pour 250.00β sur survie_new_the_end
[18:03:19] [ITEM_LISTED]: Darinor_ vend 1 x Iron Helmet  [Protection III, Respiration II, Unbreaking III, Curse of Vanishing] pour 100.00β sur survie_new_the_end
[18:25:15] [ITEM_LISTED]: D3sTryk3 vend 1 x Totem Of Undying  pour 500.00β sur survie_new
[18:25:19] [ITEM_LISTED]: D3sTryk3 vend 1 x Totem Of Undying  pour 500.00β sur survie_new
[18:25:22] [ITEM_LISTED]: D3sTryk3 vend 1 x Totem Of Undying  pour 500.00β sur survie_new
[18:52:26] [ITEM_LISTED]: D3sTryk3 vend 64 x Blaze Rod  pour 1.50β sur survie_new
[18:52:30] [ITEM_LISTED]: D3sTryk3 vend 64 x Blaze Rod  pour 1.50β sur survie_new
[18:52:38] [ITEM_LISTED]: D3sTryk3 vend 64 x Blaze Rod  pour 1.50β sur survie_new
[18:52:42] [ITEM_LISTED]: D3sTryk3 vend 64 x Blaze Rod  pour 1.50β sur survie_new
[18:52:46] [ITEM_LISTED]: D3sTryk3 vend 64 x Blaze Rod  pour 1.50β sur survie_new
[18:52:50] [ITEM_LISTED]: D3sTryk3 vend 64 x Blaze Rod  pour 1.50β sur survie_new
[18:52:54] [ITEM_LISTED]: D3sTryk3 vend 64 x Blaze Rod  pour 1.50β sur survie_new
[18:52:56] [ITEM_LISTED]: D3sTryk3 vend 64 x Blaze Rod  pour 1.50β sur survie_new
[18:52:59] [ITEM_LISTED]: D3sTryk3 vend 64 x Blaze Rod  pour 1.50β sur survie_new
[18:53:01] [ITEM_LISTED]: D3sTryk3 vend 64 x Blaze Rod  pour 1.50β sur survie_new
[18:53:07] [ITEM_LISTED]: D3sTryk3 vend 64 x Blaze Rod  pour 1.50β sur survie_new
[18:53:21] [ITEM_CANCELLED]: D3sTryk3 annule la vente de 64x Blaze Rod pour 1.50β sur survie_new
[18:53:21] [ITEM_CANCELLED]: D3sTryk3 annule la vente de 64x Blaze Rod pour 1.50β sur survie_new
[18:53:21] [ITEM_CANCELLED]: D3sTryk3 annule la vente de 64x Blaze Rod pour 1.50β sur survie_new
[18:53:22] [ITEM_CANCELLED]: D3sTryk3 annule la vente de 64x Blaze Rod pour 1.50β sur survie_new
[18:53:23] [ITEM_CANCELLED]: D3sTryk3 annule la vente de 64x Blaze Rod pour 1.50β sur survie_new
[18:53:23] [ITEM_CANCELLED]: D3sTryk3 annule la vente de 64x Blaze Rod pour 1.50β sur survie_new
[18:53:23] [ITEM_CANCELLED]: D3sTryk3 annule la vente de 64x Blaze Rod pour 1.50β sur survie_new
[18:53:23] [ITEM_CANCELLED]: D3sTryk3 annule la vente de 64x Blaze Rod pour 1.50β sur survie_new
[18:53:24] [ITEM_CANCELLED]: D3sTryk3 annule la vente de 64x Blaze Rod pour 1.50β sur survie_new
[18:53:24] [ITEM_CANCELLED]: D3sTryk3 annule la vente de 64x Blaze Rod pour 1.50β sur survie_new
[18:53:24] [ITEM_CANCELLED]: D3sTryk3 annule la vente de 64x Blaze Rod pour 1.50β sur survie_new
[18:53:42] [ITEM_RETURNED]: 64 x Blaze Rod  renvoyé à D3sTryk3 le survie_new
[18:53:42] [ITEM_RETURNED]: 64 x Blaze Rod  renvoyé à D3sTryk3 le survie_new
[18:53:42] [ITEM_RETURNED]: 64 x Blaze Rod  renvoyé à D3sTryk3 le survie_new
[18:53:43] [ITEM_RETURNED]: 64 x Blaze Rod  renvoyé à D3sTryk3 le survie_new
[18:53:43] [ITEM_RETURNED]: 64 x Blaze Rod  renvoyé à D3sTryk3 le survie_new
[18:53:43] [ITEM_RETURNED]: 64 x Blaze Rod  renvoyé à D3sTryk3 le survie_new
[18:53:43] [ITEM_RETURNED]: 64 x Blaze Rod  renvoyé à D3sTryk3 le survie_new
[18:53:43] [ITEM_RETURNED]: 64 x Blaze Rod  renvoyé à D3sTryk3 le survie_new
[18:53:44] [ITEM_RETURNED]: 64 x Blaze Rod  renvoyé à D3sTryk3 le survie_new
[18:53:44] [ITEM_RETURNED]: 64 x Blaze Rod  renvoyé à D3sTryk3 le survie_new
[18:53:44] [ITEM_RETURNED]: 64 x Blaze Rod  renvoyé à D3sTryk3 le survie_new
[18:53:44] [ITEM_CANCELLED]: D3sTryk3 annule la vente de 1x Totem Of Undying pour 500.00β sur survie_new
[18:53:50] [ITEM_RETURNED]: 1 x Totem Of Undying  renvoyé à D3sTryk3 le survie_new
[18:54:04] [ITEM_LISTED]: D3sTryk3 vend 1 x Totem Of Undying  pour 300.00β sur survie_new
[18:54:12] [ITEM_LISTED]: D3sTryk3 vend 64 x Blaze Rod  pour 95.00β sur survie_new
[18:54:14] [ITEM_LISTED]: D3sTryk3 vend 64 x Blaze Rod  pour 95.00β sur survie_new
[18:54:17] [ITEM_LISTED]: D3sTryk3 vend 64 x Blaze Rod  pour 95.00β sur survie_new
[18:54:20] [ITEM_LISTED]: D3sTryk3 vend 64 x Blaze Rod  pour 95.00β sur survie_new
[18:54:22] [ITEM_LISTED]: D3sTryk3 vend 64 x Blaze Rod  pour 95.00β sur survie_new
[18:54:25] [ITEM_LISTED]: D3sTryk3 vend 64 x Blaze Rod  pour 95.00β sur survie_new
[18:54:28] [ITEM_LISTED]: D3sTryk3 vend 64 x Blaze Rod  pour 95.00β sur survie_new
[18:54:30] [ITEM_LISTED]: D3sTryk3 vend 64 x Blaze Rod  pour 95.00β sur survie_new
[18:54:37] [ITEM_LISTED]: D3sTryk3 vend 64 x Blaze Rod  pour 95.00β sur survie_new
[18:54:40] [ITEM_LISTED]: D3sTryk3 vend 64 x Blaze Rod  pour 95.00β sur survie_new
[18:54:42] [ITEM_LISTED]: D3sTryk3 vend 64 x Blaze Rod  pour 95.00β sur survie_new
[18:54:44] [ITEM_LISTED]: D3sTryk3 vend 64 x Blaze Rod  pour 95.00β sur survie_new
[18:54:46] [ITEM_LISTED]: D3sTryk3 vend 64 x Blaze Rod  pour 95.00β sur survie_new
[18:54:48] [ITEM_LISTED]: D3sTryk3 vend 40 x Blaze Rod  pour 95.00β sur survie_new
[19:30:52] [ITEM_LISTED]: Minebark vend 1 x Shulker Box  pour 2,500.00β sur survie_new
[19:31:00] [ITEM_LISTED]: Minebark vend 1 x Shulker Box  pour 2,500.00β sur survie_new
[19:31:06] [ITEM_LISTED]: Minebark vend 1 x Shulker Box  pour 2,500.00β sur survie_new
[19:31:13] [ITEM_LISTED]: Minebark vend 1 x Shulker Box  pour 2,500.00β sur survie_new
[19:31:17] [ITEM_LISTED]: Minebark vend 1 x Shulker Box  pour 2,500.00β sur survie_new
[19:41:36] [ITEM_LISTED]: Darinor_ vend 1 x Elytra  pour 9,500.00β sur survie_new_the_end
[19:43:44] [ITEM_LISTED]: Darinor_ vend 1 x Diamond Helmet  [Protection IV, Unbreaking III] pour 2,000.00β sur survie_new_the_end
[19:44:07] [ITEM_LISTED]: Darinor_ vend 1 x Diamond Shovel  [Efficiency V, Fortune III, Unbreaking III] pour 2,000.00β sur survie_new_the_end
[19:48:17] [ITEM_LISTED]: Bertrand vend 1 x Totem Of Undying  pour 1,000.00β sur survie_new
[19:55:39] [ITEM_SOLD]: Christophe_ vendu 16 x Ender Pearl à  Bertrand pour 500.00 β le survie_new_the_end
[20:06:56] [ITEM_SOLD]: Christophe_ vendu 16 x Ender Pearl à  Bertrand pour 500.00 β le survie_new_the_end
[20:11:27] [ITEM_SOLD]: Zarbikop vendu 1 x Written Book à  Stebanou pour 1,000.00 β le survie_new
[20:31:59] [ITEM_SOLD]: Minebark vendu 1 x Shulker Box à  Bertrand pour 2,500.00 β le survie_new
[20:55:43] [ITEM_LISTED]: Darinor_ vend 16 x Ender Pearl  pour 150.00β sur survie_new_the_end
[21:11:43] [ITEM_SOLD]: Minebark vendu 1 x Shulker Box à  hugoleb pour 2,500.00 β le survie_new
[21:11:45] [ITEM_SOLD]: Minebark vendu 1 x Shulker Box à  hugoleb pour 2,500.00 β le survie_new
[21:11:47] [ITEM_SOLD]: Minebark vendu 1 x Shulker Box à  hugoleb pour 2,500.00 β le survie_new
[21:11:48] [ITEM_SOLD]: Minebark vendu 1 x Shulker Box à  hugoleb pour 2,500.00 β le survie_new
[21:13:29] [ITEM_LISTED]: Minebark vend 1 x Shulker Box  pour 3,000.00β sur survie_new
[21:13:33] [ITEM_LISTED]: Minebark vend 1 x Shulker Box  pour 3,000.00β sur survie_new
[21:13:38] [ITEM_LISTED]: Minebark vend 1 x Shulker Box  pour 3,000.00β sur survie_new
[21:13:43] [ITEM_LISTED]: Minebark vend 1 x Shulker Box  pour 3,000.00β sur survie_new
[21:13:48] [ITEM_LISTED]: Minebark vend 1 x Shulker Box  pour 3,000.00β sur survie_new
[21:13:54] [ITEM_LISTED]: Minebark vend 1 x Shulker Box  pour 3,000.00β sur survie_new
[21:13:58] [ITEM_LISTED]: Minebark vend 1 x Shulker Box  pour 3,000.00β sur survie_new
[21:14:04] [ITEM_LISTED]: Minebark vend 1 x Shulker Box  pour 3,000.00β sur survie_new
[21:14:09] [ITEM_LISTED]: Minebark vend 1 x Shulker Box  pour 3,000.00β sur survie_new
[21:14:26] [ITEM_LISTED]: Minebark vend 1 x Shulker Box  pour 3,000.00β sur survie_new
[21:14:28] [ITEM_LISTED]: Minebark vend 1 x Shulker Box  pour 3,000.00β sur survie_new
[21:14:33] [ITEM_LISTED]: Minebark vend 1 x Shulker Box  pour 3,000.00β sur survie_new
[21:14:35] [ITEM_LISTED]: Minebark vend 1 x Shulker Box  pour 3,000.00β sur survie_new
[21:14:37] [ITEM_LISTED]: Minebark vend 1 x Shulker Box  pour 3,000.00β sur survie_new
[21:14:38] [ITEM_LISTED]: Minebark vend 1 x Shulker Box  pour 3,000.00β sur survie_new
[21:14:42] [ITEM_LISTED]: Minebark vend 1 x Shulker Box  pour 3,000.00β sur survie_new
[21:14:44] [ITEM_LISTED]: Minebark vend 1 x Shulker Box  pour 3,000.00β sur survie_new
[21:26:03] [ITEM_SOLD]: Darinor_ vendu 1 x Diamond Helmet à  [Protection IV, Unbreaking III] Christophe_ pour 2,000.00 β le survie_new_the_end
[21:26:52] [ITEM_SOLD]: Darinor_ vendu 1 x Diamond Shovel à  [Efficiency V, Fortune III, Unbreaking III] RoroElPadre pour 2,000.00 β le survie_new_the_end
