[00:19:20] [ITEM_SOLD]: pierro vendu 16 x Egg à  kalaistar pour 100.00 β le survie_new
[00:19:21] [ITEM_SOLD]: pierro vendu 16 x Egg à  kalaistar pour 100.00 β le survie_new
[00:19:23] [ITEM_SOLD]: pierro vendu 16 x Egg à  kalaistar pour 100.00 β le survie_new
[00:19:23] [ITEM_SOLD]: pierro vendu 16 x Egg à  kalaistar pour 100.00 β le survie_new
[00:30:39] [ITEM_RETURNED]: 1 x Bousole de Limastic  [Aqua Affinity X, Fire Aspect X, Fortune X, Sharpness X, Silk Touch, Smite X, Thorns X, Unbreaking X] renvoyé à Christophe_ le survie_new
[00:31:14] [ITEM_LISTED]: Christophe_ vend 1 x Bousole de Limastic  [Aqua Affinity X, Fire Aspect X, Fortune X, Sharpness X, Silk Touch, Smite X, Thorns X, Unbreaking X] pour 100,000.00β sur survie_new
[00:51:20] [ITEM_SOLD]: pierro vendu 64 x String à  clementderi pour 500.00 β le survie_new
[00:51:22] [ITEM_SOLD]: pierro vendu 64 x String à  clementderi pour 500.00 β le survie_new
[00:51:25] [ITEM_SOLD]: IntegraleEpice vendu 1 x Crossbow à  clementderi pour 100.00 β le survie_new
[00:51:47] [ITEM_SOLD]: CouzVeBaton vendu 1 x Pomme des Cieux à  clementderi pour 1,000.00 β le Nether
[00:52:45] [ITEM_SOLD]: IntegraleEpice vendu 1 x Globe Banner Pattern à  toonjosh pour 500.00 β le survie_new
[00:53:56] [ITEM_SOLD]: Tesla248 vendu 1 x [Cave spider Spawner] à  toonjosh pour 2,750.00 β le survie_new
[11:51:37] [ITEM_LISTED]: HeFk vend 1 x Diamond Shovel  [Efficiency III, Unbreaking III] pour 1,500.00β sur survie_new
[11:51:58] [ITEM_LISTED]: HeFk vend 34 x Parchemin  pour 3,400.00β sur survie_new
[11:53:30] [ITEM_CANCELLED]: HeFk annule la vente de 1x Diamond Shovel [Efficiency III, Unbreaking III] pour 1,500.00β sur survie_new
[11:53:31] [ITEM_RETURNED]: 1 x Diamond Shovel  [Efficiency III, Unbreaking III] renvoyé à HeFk le survie_new
[11:53:40] [ITEM_LISTED]: HeFk vend 1 x Diamond Shovel  [Efficiency III, Unbreaking III] pour 2,000.00β sur survie_new
[12:10:30] [ITEM_SOLD]: Cryyzi vendu 1 x Diamond Pickaxe à  [Efficiency III, Fortune II] ayato_sensei pour 1,500.00 β le survie_new
[12:12:26] [ITEM_SOLD]: WyRz_ vendu 1 x [Spider Spawner] à  ayato_sensei pour 3,000.00 β le survie_new
[12:48:07] [ITEM_LISTED]: Sifflote vend 64 x Sugar Cane  pour 1,000.00β sur survie_new
[12:48:23] [ITEM_LISTED]: Sifflote vend 64 x Sugar Cane  pour 1,000.00β sur survie_new
[12:51:30] [ITEM_LISTED]: Sifflote vend 1 x [Zombie Spawner]  pour 3,750.00β sur survie_new
[13:16:35] [ITEM_SOLD]: Sifflote vendu 64 x Sugar Cane à  bofkaya pour 1,000.00 β le survie_new
[13:21:02] [ITEM_SOLD]: Axiton vendu 1 x Bow à  [Flame, Mending, Power IV] Joox_ pour 10,000.00 β le survie_new
[13:23:44] [ITEM_SOLD]: Cryyzi vendu 1 x Fishing Rod à  [unknown, Lure III, Mending] LowzenMA pour 15,000.00 β le survie_new
[13:27:52] [ITEM_SOLD]: GuiGuiPlay vendu 64 x Wheat Seeds à  LeandroCosta pour 0.10 β le survie_new
[13:27:54] [ITEM_SOLD]: K666D vendu 64 x Wheat Seeds à  LeandroCosta pour 10.00 β le survie_new
[13:27:58] [ITEM_SOLD]: GuiGuiPlay vendu 64 x Wheat Seeds à  LeandroCosta pour 0.10 β le survie_new
[13:28:38] [ITEM_SOLD]: GuiGuiPlay vendu 64 x Melon à  LeandroCosta pour 130.00 β le survie_new
[13:29:10] [ITEM_SOLD]: Cryyzi vendu 1 x Diamond Sword à  [Knockback II, Sharpness III] LeandroCosta pour 800.00 β le survie_new
[13:29:30] [ITEM_SOLD]: K666D vendu 10 x Bread à  LeandroCosta pour 20.00 β le survie_new
[13:29:32] [ITEM_SOLD]: K666D vendu 10 x Bread à  LeandroCosta pour 20.00 β le survie_new
[13:29:34] [ITEM_SOLD]: K666D vendu 10 x Bread à  LeandroCosta pour 20.00 β le survie_new
[13:43:47] [ITEM_SOLD]: Mikiu_Ahegao vendu 1 x bière à  LowzenMA pour 200.00 β le survie_new
[13:55:15] [ITEM_LISTED]: blazou38 vend 1 x Buried Treasure Map  pour 150.00β sur survie_new
[14:02:46] [ITEM_SOLD]: Sifflote vendu 1 x [Zombie Spawner] à  Axiton pour 3,750.00 β le survie_new
[14:06:21] [ITEM_CANCELLED]: Axiton annule la vente de 1x Enchanted Book pour 2,500.00β sur survie_new
[14:06:24] [ITEM_CANCELLED]: Axiton annule la vente de 1x Enchanted Book pour 4,000.00β sur survie_new
[14:06:25] [ITEM_CANCELLED]: Axiton annule la vente de 64x Blaze Rod pour 3,200.00β sur survie_new
[14:06:25] [ITEM_CANCELLED]: Axiton annule la vente de 64x Blaze Rod pour 3,200.00β sur survie_new
[14:06:26] [ITEM_CANCELLED]: Axiton annule la vente de 64x Blaze Rod pour 3,200.00β sur survie_new
[14:06:33] [ITEM_RETURNED]: 64 x Blaze Rod  renvoyé à Axiton le survie_new
[14:06:33] [ITEM_RETURNED]: 64 x Blaze Rod  renvoyé à Axiton le survie_new
[14:06:33] [ITEM_RETURNED]: 64 x Blaze Rod  renvoyé à Axiton le survie_new
[14:06:34] [ITEM_RETURNED]: 1 x Enchanted Book  renvoyé à Axiton le survie_new
[14:06:34] [ITEM_RETURNED]: 1 x Enchanted Book  renvoyé à Axiton le survie_new
[14:06:52] [ITEM_LISTED]: Axiton vend 64 x Blaze Rod  pour 1,500.00β sur survie_new
[14:06:55] [ITEM_LISTED]: Axiton vend 64 x Blaze Rod  pour 1,500.00β sur survie_new
[14:06:59] [ITEM_LISTED]: Axiton vend 64 x Blaze Rod  pour 1,500.00β sur survie_new
[14:07:05] [ITEM_LISTED]: Axiton vend 1 x Enchanted Book  pour 2,000.00β sur survie_new
[14:08:32] [ITEM_LISTED]: Axiton vend 64 x Blaze Rod  pour 1,500.00β sur survie_new
[14:39:34] [ITEM_LISTED]: blazou38 vend 1 x Heart Of The Sea  pour 10,000.00β sur survie_new
[14:55:59] [ITEM_SOLD]: REGDYLAN vendu 32 x Leather à  Isaorya pour 500.00 β le survie_new
[14:56:27] [ITEM_LISTED]: Axiton vend 1 x Journal de quêtes  pour 500.00β sur survie_new
[15:01:18] [ITEM_LISTED]: Isaorya vend 64 x Wheat Seeds  pour 25.00β sur survie_new
[15:01:21] [ITEM_LISTED]: Isaorya vend 64 x Wheat Seeds  pour 25.00β sur survie_new
[15:01:23] [ITEM_LISTED]: Isaorya vend 64 x Wheat Seeds  pour 25.00β sur survie_new
[15:19:54] [ITEM_LISTED]: Cryyzi vend 1 x Fishing Rod  [unknown, Lure III, Mending] pour 17,000.00β sur survie_new
[15:22:01] [ITEM_SOLD]: pierro vendu 1 x Diamond Sword à  [Sharpness III] Oziroal pour 750.00 β le survie_new
[15:27:44] [ITEM_LISTED]: Cryyzi vend 1 x White Bed  pour 11.00β sur survie_new
[15:27:46] [ITEM_LISTED]: Cryyzi vend 1 x White Bed  pour 11.00β sur survie_new
[15:27:49] [ITEM_LISTED]: Cryyzi vend 1 x White Bed  pour 11.00β sur survie_new
[15:29:11] [ITEM_SOLD]: HeFk vendu 34 x Parchemin à  aidan pour 3,400.00 β le survie_new
[15:29:50] [ITEM_SOLD]: pierro vendu 1 x Diamond Pickaxe à  [Silk Touch, Unbreaking III] blazou38 pour 3,750.00 β le survie_new
[15:41:26] [ITEM_LISTED]: sylverfire02 vend 1 x Fishing Rod  [Mending, Unbreaking III] pour 1,000.00β sur survie_new
[15:44:38] [ITEM_LISTED]: Oziroal vend 1 x Iron Sword  [Sharpness I] pour 75.00β sur survie_new
[15:51:26] [ITEM_LISTED]: Oziroal vend 1 x Diamond Pickaxe  [Efficiency III, Silk Touch, Unbreaking III] pour 5,000.00β sur survie_new
[15:58:12] [ITEM_SOLD]: Newt_hp vendu 1 x Beacon à  MaloZazina pour 20,000.00 β le survie_new
[16:09:16] [ITEM_SOLD]: Cryyzi vendu 1 x Pufferfish Bucket à  Mikiu_Ahegao pour 500.00 β le survie_new
[16:09:17] [ITEM_SOLD]: Cryyzi vendu 1 x Pufferfish Bucket à  Mikiu_Ahegao pour 500.00 β le survie_new
[16:09:19] [ITEM_SOLD]: Cryyzi vendu 1 x Tropical Fish Bucket à  Mikiu_Ahegao pour 300.00 β le survie_new
[16:09:21] [ITEM_SOLD]: Cryyzi vendu 1 x Pufferfish Bucket à  Mikiu_Ahegao pour 500.00 β le survie_new
[16:09:23] [ITEM_SOLD]: Cryyzi vendu 1 x Tropical Fish Bucket à  Mikiu_Ahegao pour 300.00 β le survie_new
[16:09:25] [ITEM_LISTED]: Oziroal vend 20 x Diamond  pour 2,200.00β sur survie_new
[16:09:42] [ITEM_LISTED]: Oziroal vend 64 x Iron Ingot  pour 1,280.00β sur survie_new
[16:10:34] [ITEM_SOLD]: Oziroal vendu 20 x Diamond à  kalaistar pour 2,200.00 β le survie_new
[16:10:35] [ITEM_SOLD]: Oziroal vendu 64 x Iron Ingot à  kalaistar pour 1,280.00 β le survie_new
[16:29:54] [ITEM_SOLD]: omega2028 vendu 1 x Enchanted Book à  ianito pour 2,500.00 β le survie_new
[16:43:38] [ITEM_LISTED]: Geratinapute vend 1 x Iron Shovel  [Silk Touch] pour 500.00β sur survie_new
[17:04:50] [ITEM_LISTED]: Oziroal vend 1 x Enchanted Book  pour 2,000.00β sur survie_new
[17:22:31] [ITEM_RETURNED]: 64 x Redstone  renvoyé à Tesla248 le survie_new
[17:22:32] [ITEM_RETURNED]: 64 x Redstone  renvoyé à Tesla248 le survie_new
[17:22:32] [ITEM_RETURNED]: 64 x Redstone  renvoyé à Tesla248 le survie_new
[17:22:33] [ITEM_RETURNED]: 64 x Redstone  renvoyé à Tesla248 le survie_new
[17:22:33] [ITEM_RETURNED]: 64 x Redstone  renvoyé à Tesla248 le survie_new
[17:22:34] [ITEM_RETURNED]: 64 x Redstone  renvoyé à Tesla248 le survie_new
[17:22:34] [ITEM_RETURNED]: 64 x Redstone  renvoyé à Tesla248 le survie_new
[17:22:35] [ITEM_RETURNED]: 64 x Redstone  renvoyé à Tesla248 le survie_new
[17:22:35] [ITEM_RETURNED]: 64 x Redstone  renvoyé à Tesla248 le survie_new
[17:35:11] [ITEM_CANCELLED]: blazou38 annule la vente de 1x Heart Of The Sea pour 10,000.00β sur survie_new
[17:35:12] [ITEM_RETURNED]: 1 x Heart Of The Sea  renvoyé à blazou38 le survie_new
[17:36:00] [ITEM_LISTED]: blazou38 vend 1 x Heart Of The Sea  pour 1,500.00β sur survie_new
[18:00:02] [ITEM_LISTED]: CouzVeBaton vend 1 x Prismarine Crystals  pour 1,000,000.00β sur survie_new
[18:09:15] [ITEM_LISTED]: _megamigit_ vend 8 x Prismarine Crystals  pour 20,000.00β sur survie_new
[18:09:33] [ITEM_SOLD]: _megamigit_ vendu 8 x Prismarine Crystals à  Yohan81 pour 20,000.00 β le survie_new
[18:10:27] [ITEM_CANCELLED]: Oziroal annule la vente de 1x Diamond Pickaxe [Efficiency III, Silk Touch, Unbreaking III] pour 5,000.00β sur survie_new
[18:10:28] [ITEM_CANCELLED]: Oziroal annule la vente de 1x Iron Sword [Sharpness I] pour 75.00β sur survie_new
[18:10:28] [ITEM_CANCELLED]: Oziroal annule la vente de 1x Enchanted Book pour 2,000.00β sur survie_new
[18:10:38] [ITEM_RETURNED]: 1 x Diamond Pickaxe  [Efficiency III, Silk Touch, Unbreaking III] renvoyé à Oziroal le survie_new
[18:10:38] [ITEM_RETURNED]: 1 x Iron Sword  [Sharpness I] renvoyé à Oziroal le survie_new
[18:10:39] [ITEM_RETURNED]: 1 x Enchanted Book  renvoyé à Oziroal le survie_new
[18:11:01] [ITEM_LISTED]: Oziroal vend 1 x Enchanted Book  pour 1,200.00β sur survie_new
[18:11:14] [ITEM_LISTED]: Oziroal vend 1 x Diamond Pickaxe  [Efficiency IV, Silk Touch, Unbreaking III] pour 2,200.00β sur survie_new
[18:13:58] [ITEM_LISTED]: Oziroal vend 32 x Iron Block  pour 5,000.00β sur survie_new
[18:14:01] [ITEM_LISTED]: Oziroal vend 32 x Iron Block  pour 5,000.00β sur survie_new
[18:15:49] [ITEM_LISTED]: Oziroal vend 32 x Diamond  pour 3,000.00β sur survie_new
[18:16:33] [ITEM_LISTED]: Tesla248 vend 64 x Blaze Rod  pour 500.00β sur survie_new
[18:16:41] [ITEM_LISTED]: Tesla248 vend 64 x Blaze Rod  pour 500.00β sur survie_new
[18:16:57] [ITEM_LISTED]: Tesla248 vend 64 x Blaze Rod  pour 500.00β sur survie_new
[18:17:06] [ITEM_LISTED]: Tesla248 vend 64 x Blaze Rod  pour 500.00β sur survie_new
[18:17:14] [ITEM_LISTED]: Tesla248 vend 64 x Blaze Rod  pour 500.00β sur survie_new
[18:30:06] [ITEM_LISTED]: _megamigit_ vend 8 x Prismarine Crystals  pour 5,000.00β sur survie_new
[18:32:11] [ITEM_CANCELLED]: _megamigit_ annule la vente de 8x Prismarine Crystals pour 5,000.00β sur survie_new
[18:32:25] [ITEM_RETURNED]: 8 x Prismarine Crystals  renvoyé à _megamigit_ le survie_new
[18:32:33] [ITEM_LISTED]: _megamigit_ vend 8 x Prismarine Crystals  pour 3,000.00β sur survie_new
[18:33:01] [ITEM_SOLD]: _megamigit_ vendu 8 x Prismarine Crystals à  Yohan81 pour 3,000.00 β le survie_new
[18:49:03] [ITEM_LISTED]: LeandroCosta vend 1 x Journal de quêtes  pour 100.00β sur survie_new
[18:52:55] [ITEM_SOLD]: Oziroal vendu 1 x Enchanted Book à  Isaorya pour 1,200.00 β le survie_new
[18:55:12] [ITEM_LISTED]: Sifflote vend 64 x Sugar Cane  pour 750.00β sur survie_new
[18:55:27] [ITEM_LISTED]: Sifflote vend 64 x Sugar Cane  pour 500.00β sur survie_new
[18:55:41] [ITEM_LISTED]: Sifflote vend 64 x Sugar Cane  pour 500.00β sur survie_new
[19:16:40] [ITEM_LISTED]: Isaorya vend 64 x Packed Ice  pour 100.00β sur survie_new
[19:17:16] [ITEM_LISTED]: Cryyzi vend 64 x Packed Ice  pour 99.00β sur survie_new
[19:18:05] [ITEM_CANCELLED]: Cryyzi annule la vente de 64x Packed Ice pour 99.00β sur survie_new
[19:18:20] [ITEM_RETURNED]: 64 x Packed Ice  renvoyé à Cryyzi le survie_new
[19:18:51] [ITEM_LISTED]: Sifflote vend 1 x Saddle  pour 750.00β sur survie_new
[19:19:15] [ITEM_LISTED]: Cryyzi vend 1 x Iron Pickaxe  [Efficiency I, Unbreaking I] pour 50.00β sur survie_new
[19:19:19] [ITEM_LISTED]: Cryyzi vend 1 x Iron Sword  [Sharpness I, Unbreaking I] pour 50.00β sur survie_new
[19:19:22] [ITEM_LISTED]: Cryyzi vend 1 x Iron Shovel  [Efficiency I, Unbreaking I] pour 50.00β sur survie_new
[19:19:26] [ITEM_LISTED]: Cryyzi vend 1 x Iron Axe  [Efficiency I, Unbreaking I] pour 50.00β sur survie_new
[19:19:56] [ITEM_LISTED]: Cryyzi vend 1 x Breakerland !  pour 1,000.00β sur survie_new
[19:20:53] [ITEM_LISTED]: Cryyzi vend 1 x Cat Spawn Egg  pour 5,000.00β sur survie_new
[19:25:07] [ITEM_LISTED]: Isaorya vend 64 x Stone  pour 0.10β sur survie_new
[19:25:10] [ITEM_SOLD]: Isaorya vendu 64 x Stone à  HeFk pour 0.10 β le survie_new
[19:37:26] [ITEM_SOLD]: GuiGuiPlay vendu 64 x Cactus à  K666D pour 200.00 β le survie_new
[19:37:59] [ITEM_SOLD]: pierro vendu 1 x Red Shulker Box à  Geratinapute pour 2,750.00 β le survie_new
[20:01:43] [ITEM_LISTED]: Isaorya vend 1 x Enchanted Book  pour 1,000.00β sur survie_new
[20:01:50] [ITEM_SOLD]: Isaorya vendu 1 x Enchanted Book à  Nexusso pour 1,000.00 β le survie_new
[20:15:00] [ITEM_LISTED]: omega2028 vend 1 x Enchanted Book  pour 2,000.00β sur survie_new
[20:17:16] [ITEM_LISTED]: omega2028 vend 1 x Enchanted Book  pour 2,000.00β sur survie_new
[20:18:34] [ITEM_SOLD]: omega2028 vendu 1 x Enchanted Book à  MaloZazina pour 2,000.00 β le survie_new
[20:21:21] [ITEM_LISTED]: Isaorya vend 1 x Enchanted Book  pour 1,100.00β sur survie_new
[20:21:36] [ITEM_SOLD]: Isaorya vendu 1 x Enchanted Book à  HeFk pour 1,100.00 β le survie_new
[20:22:43] [ITEM_LISTED]: Isaorya vend 64 x Stone  pour 15.00β sur survie_new
[20:22:46] [ITEM_LISTED]: Isaorya vend 64 x Stone  pour 15.00β sur survie_new
[20:41:23] [ITEM_CANCELLED]: Oziroal annule la vente de 32x Diamond pour 3,000.00β sur survie_new
[20:41:23] [ITEM_CANCELLED]: Oziroal annule la vente de 32x Iron Block pour 5,000.00β sur survie_new
[20:41:24] [ITEM_CANCELLED]: Oziroal annule la vente de 32x Iron Block pour 5,000.00β sur survie_new
[20:41:45] [ITEM_RETURNED]: 32 x Iron Block  renvoyé à Oziroal le survie_new
[20:41:46] [ITEM_RETURNED]: 32 x Iron Block  renvoyé à Oziroal le survie_new
[20:41:46] [ITEM_RETURNED]: 32 x Diamond  renvoyé à Oziroal le survie_new
[20:45:29] [ITEM_CANCELLED]: Cryyzi annule la vente de 64x Clay pour 1,000.00β sur survie_new
[20:45:37] [ITEM_CANCELLED]: Cryyzi annule la vente de 1x Epée des Cieux [Looting II, Sharpness V, Unbreaking II] pour 20,000.00β sur survie_new
[20:45:46] [ITEM_RETURNED]: 1 x Epée des Cieux  [Looting II, Sharpness V, Unbreaking II] renvoyé à Cryyzi le survie_new
[20:45:48] [ITEM_RETURNED]: 64 x Clay  renvoyé à Cryyzi le survie_new
[20:45:59] [ITEM_LISTED]: Cryyzi vend 1 x Epée des Cieux  [Looting II, Sharpness V, Unbreaking II] pour 20,000.00β sur survie_new
[20:46:07] [ITEM_LISTED]: Cryyzi vend 64 x Clay  pour 1,000.00β sur survie_new
[20:46:19] [ITEM_SOLD]: REGDYLAN vendu 1 x Diamond Sword à  [Fire Aspect II, Looting IV, Sharpness IV, Unbreaking III] Oziroal pour 25,000.00 β le survie_new
[21:00:50] [ITEM_LISTED]: Isaorya vend 64 x Stone  pour 0.01β sur survie_new
[21:01:01] [ITEM_LISTED]: Isaorya vend 64 x Stone  pour 0.01β sur survie_new
[21:01:01] [ITEM_SOLD]: Isaorya vendu 64 x Stone à  HeFk pour 0.01 β le survie_new
[21:01:03] [ITEM_LISTED]: Isaorya vend 64 x Stone  pour 0.01β sur survie_new
[21:01:03] [ITEM_SOLD]: Isaorya vendu 64 x Stone à  HeFk pour 0.01 β le survie_new
[21:01:04] [ITEM_SOLD]: Isaorya vendu 64 x Stone à  HeFk pour 0.01 β le survie_new
[21:01:04] [ITEM_LISTED]: Isaorya vend 64 x Stone  pour 0.01β sur survie_new
[21:01:07] [ITEM_LISTED]: Isaorya vend 64 x Stone  pour 0.01β sur survie_new
[21:01:09] [ITEM_LISTED]: Isaorya vend 64 x Stone  pour 0.01β sur survie_new
[21:01:10] [ITEM_LISTED]: Isaorya vend 64 x Stone  pour 0.01β sur survie_new
[21:01:13] [ITEM_LISTED]: Isaorya vend 64 x Stone  pour 0.01β sur survie_new
[21:01:15] [ITEM_LISTED]: Isaorya vend 64 x Stone  pour 0.01β sur survie_new
[21:01:16] [ITEM_SOLD]: Isaorya vendu 64 x Stone à  HeFk pour 0.01 β le survie_new
[21:01:17] [ITEM_LISTED]: Isaorya vend 64 x Stone  pour 0.01β sur survie_new
[21:01:17] [ITEM_SOLD]: Isaorya vendu 64 x Stone à  HeFk pour 0.01 β le survie_new
[21:01:19] [ITEM_SOLD]: Isaorya vendu 64 x Stone à  HeFk pour 0.01 β le survie_new
[21:01:20] [ITEM_SOLD]: Isaorya vendu 64 x Stone à  HeFk pour 0.01 β le survie_new
[21:01:21] [ITEM_SOLD]: Isaorya vendu 64 x Stone à  HeFk pour 0.01 β le survie_new
[21:01:22] [ITEM_SOLD]: Isaorya vendu 64 x Stone à  HeFk pour 0.01 β le survie_new
[21:01:23] [ITEM_SOLD]: Isaorya vendu 64 x Stone à  HeFk pour 0.01 β le survie_new
[21:01:32] [ITEM_SOLD]: Isaorya vendu 64 x Stone à  HeFk pour 15.00 β le survie_new
[21:01:32] [ITEM_LISTED]: Isaorya vend 64 x Stone  pour 0.01β sur survie_new
[21:01:33] [ITEM_SOLD]: Isaorya vendu 64 x Stone à  HeFk pour 15.00 β le survie_new
[21:01:34] [ITEM_LISTED]: Isaorya vend 64 x Stone  pour 0.01β sur survie_new
[21:01:35] [ITEM_LISTED]: Isaorya vend 58 x Stone  pour 0.01β sur survie_new
[21:01:37] [ITEM_LISTED]: Isaorya vend 64 x Stone  pour 0.01β sur survie_new
[21:01:43] [ITEM_LISTED]: Isaorya vend 64 x Stone  pour 0.01β sur survie_new
[21:01:44] [ITEM_LISTED]: Isaorya vend 64 x Stone  pour 0.01β sur survie_new
[21:01:46] [ITEM_LISTED]: Isaorya vend 64 x Stone  pour 0.01β sur survie_new
[21:01:47] [ITEM_LISTED]: Isaorya vend 64 x Stone  pour 0.01β sur survie_new
[21:01:49] [ITEM_LISTED]: Isaorya vend 64 x Stone  pour 0.01β sur survie_new
[21:01:53] [ITEM_LISTED]: Isaorya vend 64 x Stone  pour 0.01β sur survie_new
[21:01:54] [ITEM_LISTED]: Isaorya vend 64 x Stone  pour 0.01β sur survie_new
[21:01:55] [ITEM_LISTED]: Isaorya vend 64 x Stone  pour 0.01β sur survie_new
[21:01:57] [ITEM_LISTED]: Isaorya vend 64 x Stone  pour 0.01β sur survie_new
[21:01:59] [ITEM_LISTED]: Isaorya vend 64 x Stone  pour 0.01β sur survie_new
[21:02:08] [ITEM_SOLD]: Isaorya vendu 64 x Stone à  HeFk pour 0.01 β le survie_new
[21:02:09] [ITEM_SOLD]: Isaorya vendu 64 x Stone à  HeFk pour 0.01 β le survie_new
[21:02:10] [ITEM_SOLD]: Isaorya vendu 64 x Stone à  HeFk pour 0.01 β le survie_new
[21:02:11] [ITEM_SOLD]: Isaorya vendu 64 x Stone à  HeFk pour 0.01 β le survie_new
[21:02:12] [ITEM_SOLD]: Isaorya vendu 64 x Stone à  HeFk pour 0.01 β le survie_new
[21:02:13] [ITEM_SOLD]: Isaorya vendu 64 x Stone à  HeFk pour 0.01 β le survie_new
[21:02:24] [ITEM_SOLD]: Isaorya vendu 64 x Stone à  HeFk pour 0.01 β le survie_new
[21:02:25] [ITEM_SOLD]: Isaorya vendu 64 x Stone à  HeFk pour 0.01 β le survie_new
[21:02:27] [ITEM_SOLD]: Isaorya vendu 64 x Stone à  HeFk pour 0.01 β le survie_new
[21:02:28] [ITEM_SOLD]: Isaorya vendu 64 x Stone à  HeFk pour 0.01 β le survie_new
[21:02:29] [ITEM_SOLD]: Isaorya vendu 64 x Stone à  HeFk pour 0.01 β le survie_new
[21:02:30] [ITEM_SOLD]: Isaorya vendu 64 x Stone à  HeFk pour 0.01 β le survie_new
[21:02:32] [ITEM_SOLD]: Isaorya vendu 58 x Stone à  HeFk pour 0.01 β le survie_new
[21:02:33] [ITEM_SOLD]: Isaorya vendu 64 x Stone à  HeFk pour 0.01 β le survie_new
[21:03:28] [ITEM_LISTED]: HeFk vend 64 x Bread  pour 0.01β sur survie_new
[21:03:33] [ITEM_SOLD]: HeFk vendu 64 x Bread à  Isaorya pour 0.01 β le survie_new
[21:05:03] [ITEM_SOLD]: Cryyzi vendu 1 x Iron Shovel à  [Efficiency I, Unbreaking I] Isaorya pour 50.00 β le survie_new
[21:15:35] [ITEM_LISTED]: omega2028 vend 1 x Enchanted Book  pour 2,000.00β sur survie_new
[21:18:16] [ITEM_LISTED]: Axiton vend 1 x Fishing Rod  [Mending, Unbreaking III] pour 1,500.00β sur survie_new
[21:18:22] [ITEM_LISTED]: Axiton vend 1 x Enchanted Book  pour 500.00β sur survie_new
[21:18:30] [ITEM_SOLD]: sylverfire02 vendu 1 x Fishing Rod à  [Mending, Unbreaking III] Axiton pour 1,000.00 β le survie_new
[21:18:33] [ITEM_LISTED]: Axiton vend 1 x Fishing Rod  [Mending, Unbreaking III] pour 1,500.00β sur survie_new
[21:21:56] [ITEM_SOLD]: Geratinapute vendu 1 x Iron Shovel à  [Silk Touch] Axiton pour 500.00 β le survie_new
[21:43:44] [ITEM_SOLD]: Cryyzi vendu 1 x Breakerland ! à  Tesla248 pour 1,000.00 β le survie_new
[21:51:02] [ITEM_LISTED]: Cryyzi vend 1 x Bon pour un kit premium  pour 50,000.00β sur survie_new
[21:55:14] [ITEM_SOLD]: pierro vendu 1 x Red Shulker Box à  Brakam pour 2,750.00 β le survie_new
[22:48:39] [ITEM_LISTED]: omega2028 vend 1 x Enchanted Book  pour 2,000.00β sur survie_new
[22:50:48] [ITEM_SOLD]: omega2028 vendu 1 x Enchanted Book à  MaloZazina pour 2,000.00 β le survie_new
[23:47:01] [ITEM_LISTED]: REGDYLAN vend 1 x [Cow Spawner]  pour 15,000.00β sur survie_new
[23:47:03] [ITEM_LISTED]: REGDYLAN vend 1 x [Cow Spawner]  pour 15,000.00β sur survie_new
[23:47:05] [ITEM_LISTED]: REGDYLAN vend 1 x [Cow Spawner]  pour 15,000.00β sur survie_new
[23:47:06] [ITEM_LISTED]: REGDYLAN vend 1 x [Cow Spawner]  pour 15,000.00β sur survie_new
[23:47:08] [ITEM_LISTED]: REGDYLAN vend 1 x [Cow Spawner]  pour 15,000.00β sur survie_new
[23:48:41] [ITEM_LISTED]: REGDYLAN vend 1 x [Pig zombie Spawner]  pour 30,000.00β sur survie_new
[23:48:49] [ITEM_LISTED]: REGDYLAN vend 1 x [Pig zombie Spawner]  pour 30,000.00β sur survie_new
[23:48:52] [ITEM_LISTED]: REGDYLAN vend 1 x [Pig zombie Spawner]  pour 30,000.00β sur survie_new
[23:48:55] [ITEM_LISTED]: REGDYLAN vend 1 x [Pig zombie Spawner]  pour 30,000.00β sur survie_new
[23:48:56] [ITEM_LISTED]: REGDYLAN vend 1 x [Pig zombie Spawner]  pour 30,000.00β sur survie_new
[23:48:57] [ITEM_LISTED]: REGDYLAN vend 1 x [Pig zombie Spawner]  pour 30,000.00β sur survie_new
[23:49:09] [ITEM_CANCELLED]: REGDYLAN annule la vente de 1x [Pig zombie Spawner] pour 30,000.00β sur survie_new
[23:49:11] [ITEM_CANCELLED]: REGDYLAN annule la vente de 1x [Cow Spawner] pour 15,000.00β sur survie_new
[23:49:15] [ITEM_RETURNED]: 1 x [Cow Spawner]  renvoyé à REGDYLAN le survie_new
[23:49:16] [ITEM_RETURNED]: 1 x [Pig zombie Spawner]  renvoyé à REGDYLAN le survie_new
[23:50:23] [ITEM_SOLD]: REGDYLAN vendu 1 x [Pig zombie Spawner] à  AzodFR pour 30,000.00 β le survie_new
[23:50:24] [ITEM_SOLD]: REGDYLAN vendu 1 x [Pig zombie Spawner] à  AzodFR pour 30,000.00 β le survie_new
[23:50:25] [ITEM_SOLD]: REGDYLAN vendu 1 x [Pig zombie Spawner] à  AzodFR pour 30,000.00 β le survie_new
[23:50:27] [ITEM_SOLD]: REGDYLAN vendu 1 x [Pig zombie Spawner] à  AzodFR pour 30,000.00 β le survie_new
[23:50:29] [ITEM_SOLD]: REGDYLAN vendu 1 x [Pig zombie Spawner] à  AzodFR pour 30,000.00 β le survie_new
