[01:07:22] [ITEM_LISTED]: Kaam98 listed 1x Diamond Chestplate [Protection IV, Thorns II, Unbreaking III] for $500.00 on survie_new
[01:14:02] [ITEM_SOLD]: Haru_M sold 1x Enchanted Book to Dasso88 for $2,000.00 on Ressource
[01:15:27] [ITEM_LISTED]: Haru_M listed 1x Enchanted Book for $3,000.00 on survie_new
[01:16:51] [ITEM_SOLD]: Haru_M sold 1x Enchanted Book to Dasso88 for $3,000.00 on survie_new
[01:22:35] [ITEM_LISTED]: Haru_M listed 1x Enchanted Book for $2,500.00 on survie_new
[01:22:37] [ITEM_LISTED]: Haru_M listed 1x Enchanted Book for $2,500.00 on survie_new
[01:49:38] [ITEM_CANCELLED]: Haru_M cancelled an auction for 1x Enchanted Book for $2,500.00 on survie_new
[01:49:39] [ITEM_CANCELLED]: Haru_M cancelled an auction for 1x Enchanted Book for $2,500.00 on survie_new
[01:49:40] [ITEM_CANCELLED]: Haru_M cancelled an auction for 1x Enchanted Book for $2,000.00 on Ressource
[01:49:40] [ITEM_CANCELLED]: Haru_M cancelled an auction for 1x Enchanted Book for $2,000.00 on Ressource
[01:49:41] [ITEM_CANCELLED]: Haru_M cancelled an auction for 1x Enchanted Book for $2,000.00 on Ressource
[01:49:42] [ITEM_CANCELLED]: Haru_M cancelled an auction for 1x Enchanted Book for $2,000.00 on Ressource
[01:49:43] [ITEM_CANCELLED]: Haru_M cancelled an auction for 1x Enchanted Book for $2,000.00 on Ressource
[01:49:43] [ITEM_CANCELLED]: Haru_M cancelled an auction for 1x Enchanted Book for $2,000.00 on Ressource
[01:52:39] [ITEM_RETURNED]: Returned 1x Enchanted Book to Haru_M on survie_new
[01:52:40] [ITEM_RETURNED]: Returned 1x Enchanted Book to Haru_M on survie_new
[01:52:40] [ITEM_RETURNED]: Returned 1x Enchanted Book to Haru_M on Ressource
[01:52:41] [ITEM_RETURNED]: Returned 1x Enchanted Book to Haru_M on Ressource
[01:52:42] [ITEM_RETURNED]: Returned 1x Enchanted Book to Haru_M on Ressource
[01:52:43] [ITEM_RETURNED]: Returned 1x Enchanted Book to Haru_M on Ressource
[01:52:43] [ITEM_RETURNED]: Returned 1x Enchanted Book to Haru_M on Ressource
[01:52:44] [ITEM_RETURNED]: Returned 1x Enchanted Book to Haru_M on Ressource
[01:53:17] [ITEM_SOLD]: Murdock_Co sold 64x Bread to Haru_M for $150.00 on survie_new
[01:53:19] [ITEM_SOLD]: Murdock_Co sold 64x Bread to Haru_M for $150.00 on survie_new
[01:54:06] [ITEM_LISTED]: Haru_M listed 1x Enchanted Book for $2,500.00 on survie_new
[01:54:11] [ITEM_LISTED]: Haru_M listed 1x Enchanted Book for $2,500.00 on survie_new
[01:54:16] [ITEM_LISTED]: Haru_M listed 1x Enchanted Book for $2,500.00 on survie_new
[01:54:20] [ITEM_LISTED]: Haru_M listed 1x Enchanted Book for $2,500.00 on survie_new
[01:54:22] [ITEM_LISTED]: Haru_M listed 1x Enchanted Book for $2,500.00 on survie_new
[01:54:52] [ITEM_LISTED]: Haru_M listed 1x Enchanted Book for $2,500.00 on survie_new
[01:54:57] [ITEM_LISTED]: Haru_M listed 1x Enchanted Book for $2,500.00 on survie_new
[01:54:59] [ITEM_LISTED]: Haru_M listed 1x Enchanted Book for $2,500.00 on survie_new
[01:55:05] [ITEM_LISTED]: Haru_M listed 1x Enchanted Book for $2,500.00 on survie_new
[01:55:10] [ITEM_LISTED]: Haru_M listed 1x Enchanted Book for $2,500.00 on survie_new
[01:55:16] [ITEM_LISTED]: Haru_M listed 1x Enchanted Book for $3,000.00 on survie_new
[01:55:23] [ITEM_LISTED]: Haru_M listed 1x Enchanted Book for $3,000.00 on survie_new
[01:55:38] [ITEM_LISTED]: Haru_M listed 1x Enchanted Book for $3,000.00 on survie_new
[01:55:41] [ITEM_LISTED]: Haru_M listed 1x Enchanted Book for $2,500.00 on survie_new
[01:55:42] [ITEM_LISTED]: Haru_M listed 1x Enchanted Book for $2,500.00 on survie_new
[01:55:48] [ITEM_LISTED]: Haru_M listed 1x Enchanted Book for $2,000.00 on survie_new
[01:55:51] [ITEM_LISTED]: Haru_M listed 1x Enchanted Book for $2,000.00 on survie_new
[01:55:57] [ITEM_LISTED]: Haru_M listed 1x Enchanted Book for $2,000.00 on survie_new
[01:55:58] [ITEM_LISTED]: Haru_M listed 1x Enchanted Book for $2,000.00 on survie_new
[01:56:00] [ITEM_LISTED]: Haru_M listed 1x Enchanted Book for $2,000.00 on survie_new
[01:56:02] [ITEM_LISTED]: Haru_M listed 1x Enchanted Book for $2,000.00 on survie_new
[02:37:18] [ITEM_RETURNED]: Returned 1x [Squid Spawner] to Haru_M on survie_new
[02:37:20] [ITEM_RETURNED]: Returned 1x [Squid Spawner] to Haru_M on survie_new
[03:15:22] [ITEM_SOLD]: Kaam98 sold 1x Diamond Chestplate to  [Protection IV, Thorns II, Unbreaking III]Starkous for $500.00 on survie_new
[08:22:24] [ITEM_SOLD]: CapitaineNiamor sold 1x Diamond Pickaxe to  [Efficiency IV, Unbreaking III]taratata6923 for $1,000.00 on survie_new
[08:23:42] [ITEM_LISTED]: taratata6923 listed 1x Enchanted Book for $4,000.00 on survie_new
[08:47:33] [ITEM_LISTED]: oOBiamOo listed 64x Cobblestone for $50.00 on Ressource
[09:32:20] [ITEM_LISTED]: oOBiamOo listed 64x Spruce Log for $150.00 on survie_new
[11:16:41] [ITEM_SOLD]: CapitaineNiamor sold 1x Diamond Pickaxe to  [Efficiency III]Twibe for $250.00 on survie_new
[11:22:25] [ITEM_LISTED]: _Wiizy_ listed 1x Elytra for $4,500.00 on survie_new
[11:22:34] [ITEM_LISTED]: _Wiizy_ listed 1x Elytra for $4,500.00 on survie_new
[12:18:22] [ITEM_SOLD]: castor26 sold 64x Blaze Rod to pierro for $250.00 on survie_new
[12:26:14] [ITEM_SOLD]: Senrey sold 3x [Cave spider Spawner] to Gr33nEagl3 for $1,500.00 on survie_new
[13:12:57] [ITEM_SOLD]: Kaam98 sold 64x Bone to PlayCrew for $100.00 on spawn
[13:13:04] [ITEM_SOLD]: Kaam98 sold 64x Bone to PlayCrew for $100.00 on spawn
[13:13:06] [ITEM_SOLD]: Kaam98 sold 64x Bone to PlayCrew for $100.00 on spawn
[13:14:53] [ITEM_SOLD]: CapitaineNiamor sold 1x Iron Pickaxe to  [Efficiency IV, Fortune III, Curse of Vanishing]PlayCrew for $100.00 on survie_new
[13:16:39] [ITEM_SOLD]: CapitaineNiamor sold 1x Iron Pickaxe to  [Efficiency IV]vava34670 for $50.00 on survie_new
[13:21:25] [ITEM_SOLD]: Haru_M sold 1x Enchanted Book to Papa_pingouin_ for $2,500.00 on survie_new
[13:25:57] [ITEM_RETURNED]: Returned 1x Orange Shulker Box to Haru_M on survie_new
[13:28:16] [ITEM_SOLD]: Kaam98 sold 1x Diamond Pickaxe to  [Efficiency I, Unbreaking I]vava34670 for $400.00 on survie_new
[13:59:44] [ITEM_LISTED]: REGDYLAN listed 9x Name Tag for $2,751.00 on survie_new
[14:02:26] [ITEM_SOLD]: REGDYLAN sold 9x Name Tag to TheSpirou641 for $2,751.00 on survie_new
[14:07:35] [ITEM_CANCELLED]: Andrew_90 cancelled an auction for 1x Shulker Box for $1,900.00 on survie_new
[14:07:36] [ITEM_CANCELLED]: Andrew_90 cancelled an auction for 1x Shulker Box for $1,900.00 on survie_new
[14:07:36] [ITEM_CANCELLED]: Andrew_90 cancelled an auction for 1x Shulker Box for $1,900.00 on survie_new
[14:07:39] [ITEM_RETURNED]: Returned 1x Shulker Box to Andrew_90 on survie_new
[14:07:39] [ITEM_RETURNED]: Returned 1x Shulker Box to Andrew_90 on survie_new
[14:07:39] [ITEM_RETURNED]: Returned 1x Shulker Box to Andrew_90 on survie_new
[14:07:46] [ITEM_LISTED]: Andrew_90 listed 1x Shulker Box for $1,400.00 on survie_new
[14:07:48] [ITEM_LISTED]: Andrew_90 listed 1x Shulker Box for $1,400.00 on survie_new
[14:07:49] [ITEM_LISTED]: Andrew_90 listed 1x Shulker Box for $1,400.00 on survie_new
[14:19:13] [ITEM_SOLD]: Haru_M sold 1x Enchanted Book to PlayCrew for $2,500.00 on survie_new
[14:21:44] [ITEM_SOLD]: Euphare13 sold 64x Melon Slice to crazysasa06 for $1.00 on survie_new
[14:21:51] [ITEM_SOLD]: Euphare13 sold 64x Melon Slice to crazysasa06 for $1.00 on survie_new
[14:21:53] [ITEM_SOLD]: Euphare13 sold 43x Melon Slice to crazysasa06 for $1.00 on survie_new
[14:25:38] [ITEM_SOLD]: seiijjuro sold 64x Melon to crazysasa06 for $320.00 on spawn
[14:25:40] [ITEM_SOLD]: seiijjuro sold 64x Melon to crazysasa06 for $320.00 on spawn
[15:07:11] [ITEM_SOLD]: Haru_M sold 1x Enchanted Book to Oniah for $2,500.00 on survie_new
[15:08:48] [ITEM_SOLD]: toutom83 sold 4x Diamond to Oniah for $800.00 on survie_new
[15:12:08] [ITEM_LISTED]: REGDYLAN listed 1x [Cat Spawner] for $6,500.00 on Nether
[15:13:46] [ITEM_LISTED]: REGDYLAN listed 1x [Blaze Spawner] for $2,000.00 on survie_new
[15:14:51] [ITEM_SOLD]: Haru_M sold 1x Enchanted Book to REGDYLAN for $2,500.00 on survie_new
[15:14:53] [ITEM_SOLD]: Haru_M sold 1x Enchanted Book to REGDYLAN for $2,500.00 on survie_new
[15:14:55] [ITEM_SOLD]: Haru_M sold 1x Enchanted Book to REGDYLAN for $2,500.00 on survie_new
[15:14:57] [ITEM_SOLD]: Haru_M sold 1x Enchanted Book to REGDYLAN for $2,500.00 on survie_new
[15:16:28] [ITEM_SOLD]: oOBiamOo sold 64x Spruce Log to RKBouRiTo for $150.00 on survie_new
[15:17:05] [ITEM_LISTED]: Haru_M listed 1x Enchanted Book for $2,000.00 on survie_new
[15:17:18] [ITEM_LISTED]: Haru_M listed 1x Enchanted Book for $2,000.00 on survie_new
[15:17:29] [ITEM_SOLD]: Haru_M sold 1x Enchanted Book to REGDYLAN for $2,000.00 on survie_new
[15:17:30] [ITEM_SOLD]: Haru_M sold 1x Enchanted Book to REGDYLAN for $2,000.00 on survie_new
[15:18:42] [ITEM_LISTED]: REGDYLAN listed 1x Elytra [Mending, Unbreaking III] for $8,500.00 on survie_new
[15:18:45] [ITEM_LISTED]: REGDYLAN listed 1x Elytra [Mending, Unbreaking III] for $8,500.00 on survie_new
[15:18:55] [ITEM_LISTED]: REGDYLAN listed 1x Elytra [Mending] for $7,500.00 on survie_new
[15:19:02] [ITEM_LISTED]: REGDYLAN listed 1x Elytra [Mending] for $7,500.00 on survie_new
[15:19:29] [ITEM_LISTED]: REGDYLAN listed 1x Elytra for $4,250.00 on survie_new
[15:19:31] [ITEM_LISTED]: REGDYLAN listed 1x Elytra for $4,250.00 on survie_new
[15:36:50] [ITEM_SOLD]: EbLhH sold 1x Enchanted Book to kalaistar for $100.00 on survie_new
[15:37:20] [ITEM_SOLD]: pierro sold 64x Coal to kalaistar for $100.00 on survie_new
[15:40:01] [ITEM_SOLD]: REGDYLAN sold 1x [Blaze Spawner] to Oniah for $2,000.00 on survie_new
[15:48:44] [ITEM_SOLD]: CapitaineNiamor sold 1x Iron Shovel to  [Efficiency III]crazysasa06 for $50.00 on survie_new
[17:09:14] [ITEM_SOLD]: Haru_M sold 1x Enchanted Book to ploup07380 for $2,500.00 on survie_new
[17:27:29] [ITEM_LISTED]: Haru_M listed 1x Diamond Shovel [Efficiency IV, Mending, Unbreaking III] for $3,000.00 on survie_new
[17:31:28] [ITEM_LISTED]: corentinh612 listed 1x ePioche du vieux 2Alfred [Unbreaking X] for $5,000.00 on survie_new
[17:45:43] [ITEM_SOLD]: Murdock_Co sold 64x Bread to mayte_ for $150.00 on survie_new
[18:05:42] [ITEM_CANCELLED]: mayte_ cancelled an auction for 1x Player Head for $2,000.00 on survie_new
[18:05:42] [ITEM_CANCELLED]: mayte_ cancelled an auction for 1x Player Head for $2,000.00 on survie_new
[18:05:43] [ITEM_CANCELLED]: mayte_ cancelled an auction for 1x Player Head for $2,000.00 on survie_new
[18:05:43] [ITEM_CANCELLED]: mayte_ cancelled an auction for 1x Player Head for $2,000.00 on survie_new
[18:05:43] [ITEM_CANCELLED]: mayte_ cancelled an auction for 1x Player Head for $2,000.00 on survie_new
[18:05:44] [ITEM_CANCELLED]: mayte_ cancelled an auction for 1x Player Head for $2,000.00 on survie_new
[18:05:44] [ITEM_CANCELLED]: mayte_ cancelled an auction for 1x Player Head for $2,000.00 on survie_new
[18:05:44] [ITEM_CANCELLED]: mayte_ cancelled an auction for 1x Player Head for $2,000.00 on survie_new
[18:05:44] [ITEM_CANCELLED]: mayte_ cancelled an auction for 1x Player Head for $2,000.00 on survie_new
[18:05:44] [ITEM_CANCELLED]: mayte_ cancelled an auction for 1x Player Head for $2,000.00 on survie_new
[18:05:44] [ITEM_CANCELLED]: mayte_ cancelled an auction for 1x Player Head for $2,000.00 on survie_new
[18:05:44] [ITEM_CANCELLED]: mayte_ cancelled an auction for 1x Player Head for $2,000.00 on survie_new
[18:05:45] [ITEM_CANCELLED]: mayte_ cancelled an auction for 1x Player Head for $2,000.00 on survie_new
[18:05:45] [ITEM_CANCELLED]: mayte_ cancelled an auction for 1x Player Head for $2,000.00 on survie_new
[18:05:45] [ITEM_CANCELLED]: mayte_ cancelled an auction for 1x Player Head for $2,000.00 on survie_new
[18:05:45] [ITEM_CANCELLED]: mayte_ cancelled an auction for 1x Player Head for $2,000.00 on survie_new
[18:05:46] [ITEM_CANCELLED]: mayte_ cancelled an auction for 1x Player Head for $2,000.00 on survie_new
[18:05:46] [ITEM_CANCELLED]: mayte_ cancelled an auction for 1x Player Head for $2,000.00 on survie_new
[18:05:48] [ITEM_RETURNED]: Returned 1x Player Head to mayte_ on survie_new
[18:05:48] [ITEM_RETURNED]: Returned 1x Player Head to mayte_ on survie_new
[18:05:48] [ITEM_RETURNED]: Returned 1x Player Head to mayte_ on survie_new
[18:05:48] [ITEM_RETURNED]: Returned 1x Player Head to mayte_ on survie_new
[18:05:48] [ITEM_RETURNED]: Returned 1x Player Head to mayte_ on survie_new
[18:05:49] [ITEM_RETURNED]: Returned 1x Player Head to mayte_ on survie_new
[18:05:49] [ITEM_RETURNED]: Returned 1x Enchanted Book to mayte_ on survie_new
[18:05:49] [ITEM_RETURNED]: Returned 1x Player Head to mayte_ on survie_new
[18:05:49] [ITEM_RETURNED]: Returned 1x Player Head to mayte_ on survie_new
[18:05:50] [ITEM_RETURNED]: Returned 1x Player Head to mayte_ on survie_new
[18:05:50] [ITEM_RETURNED]: Returned 1x Player Head to mayte_ on survie_new
[18:05:50] [ITEM_RETURNED]: Returned 1x Player Head to mayte_ on survie_new
[18:05:50] [ITEM_RETURNED]: Returned 1x Player Head to mayte_ on survie_new
[18:05:50] [ITEM_RETURNED]: Returned 1x Player Head to mayte_ on survie_new
[18:05:50] [ITEM_RETURNED]: Returned 1x Player Head to mayte_ on survie_new
[18:05:50] [ITEM_RETURNED]: Returned 1x Player Head to mayte_ on survie_new
[18:05:51] [ITEM_RETURNED]: Returned 1x Player Head to mayte_ on survie_new
[18:05:51] [ITEM_RETURNED]: Returned 1x Player Head to mayte_ on survie_new
[18:05:51] [ITEM_RETURNED]: Returned 1x Player Head to mayte_ on survie_new
[18:06:04] [ITEM_LISTED]: mayte_ listed 1x Player Head for $1,500.00 on spawn
[18:06:05] [ITEM_LISTED]: mayte_ listed 1x Player Head for $1,500.00 on spawn
[18:06:06] [ITEM_LISTED]: mayte_ listed 1x Player Head for $1,500.00 on spawn
[18:06:07] [ITEM_LISTED]: mayte_ listed 1x Player Head for $1,500.00 on spawn
[18:06:08] [ITEM_LISTED]: mayte_ listed 1x Player Head for $1,500.00 on spawn
[18:06:09] [ITEM_LISTED]: mayte_ listed 1x Player Head for $1,500.00 on spawn
[18:06:10] [ITEM_LISTED]: mayte_ listed 1x Player Head for $1,500.00 on spawn
[18:06:11] [ITEM_LISTED]: mayte_ listed 1x Player Head for $1,500.00 on spawn
[18:06:13] [ITEM_LISTED]: mayte_ listed 1x Player Head for $1,500.00 on spawn
[18:06:16] [ITEM_LISTED]: mayte_ listed 1x Player Head for $1,500.00 on spawn
[18:06:17] [ITEM_LISTED]: mayte_ listed 1x Player Head for $1,500.00 on spawn
[18:06:17] [ITEM_LISTED]: mayte_ listed 1x Player Head for $1,500.00 on spawn
[18:06:18] [ITEM_LISTED]: mayte_ listed 1x Player Head for $1,500.00 on spawn
[18:06:19] [ITEM_LISTED]: mayte_ listed 1x Player Head for $1,500.00 on spawn
[18:06:20] [ITEM_LISTED]: mayte_ listed 1x Player Head for $1,500.00 on spawn
[18:06:22] [ITEM_LISTED]: mayte_ listed 1x Player Head for $1,500.00 on spawn
[18:06:25] [ITEM_LISTED]: mayte_ listed 1x Player Head for $1,500.00 on spawn
[18:06:26] [ITEM_LISTED]: mayte_ listed 1x Player Head for $1,500.00 on spawn
[18:10:15] [ITEM_LISTED]: Haru_M listed 1x Enchanted Book for $2,500.00 on survie_new
[18:10:18] [ITEM_LISTED]: Haru_M listed 1x Enchanted Book for $2,500.00 on survie_new
[18:10:21] [ITEM_LISTED]: Haru_M listed 1x Enchanted Book for $2,500.00 on survie_new
[18:10:24] [ITEM_LISTED]: Haru_M listed 1x Enchanted Book for $2,500.00 on survie_new
[18:10:27] [ITEM_LISTED]: Haru_M listed 1x Enchanted Book for $2,500.00 on survie_new
[18:10:29] [ITEM_LISTED]: Haru_M listed 1x Enchanted Book for $2,500.00 on survie_new
[18:10:33] [ITEM_LISTED]: Haru_M listed 1x Enchanted Book for $2,500.00 on survie_new
[18:10:37] [ITEM_LISTED]: Haru_M listed 1x Enchanted Book for $2,500.00 on survie_new
[18:10:39] [ITEM_LISTED]: Haru_M listed 1x Enchanted Book for $2,500.00 on survie_new
[18:17:35] [ITEM_SOLD]: Kaam98 sold 1x Enchanted Book to jojotv10 for $500.00 on survie_new
[18:18:41] [ITEM_SOLD]: CapitaineNiamor sold 1x Shulker Box to jojotv10 for $1,500.00 on survie_new
[18:21:28] [ITEM_CANCELLED]: Mr_Yt_Fr cancelled an auction for 1x Ominous Banner for $1,500.00 on Ressource
[18:21:36] [ITEM_RETURNED]: Returned 64x Magma Block to Mr_Yt_Fr on survie_new
[18:21:37] [ITEM_RETURNED]: Returned 1x Heart Of The Sea to Mr_Yt_Fr on survie_new
[18:21:38] [ITEM_RETURNED]: Returned 1x Ominous Banner to Mr_Yt_Fr on Ressource
[18:21:38] [ITEM_RETURNED]: Returned 1x Iron Horse Armor to Mr_Yt_Fr on survie_new
[18:21:39] [ITEM_RETURNED]: Returned 1x Iron Horse Armor to Mr_Yt_Fr on survie_new
[18:21:39] [ITEM_RETURNED]: Returned 1x Iron Horse Armor to Mr_Yt_Fr on survie_new
[18:21:50] [ITEM_LISTED]: Mr_Yt_Fr listed 1x Heart Of The Sea for $1,000.00 on survie_new
[18:22:01] [ITEM_LISTED]: Mr_Yt_Fr listed 64x Magma Block for $10,000.00 on survie_new
[18:22:04] [ITEM_LISTED]: Mr_Yt_Fr listed 1x Ominous Banner for $1,000.00 on survie_new
[18:22:06] [ITEM_LISTED]: Mr_Yt_Fr listed 1x Iron Horse Armor for $1,000.00 on survie_new
[18:22:11] [ITEM_LISTED]: Mr_Yt_Fr listed 1x Iron Horse Armor for $1,000.00 on survie_new
[18:22:14] [ITEM_LISTED]: Mr_Yt_Fr listed 1x Iron Horse Armor for $1,000.00 on survie_new
[18:23:54] [ITEM_CANCELLED]: Mr_Yt_Fr cancelled an auction for 64x Magma Block for $10,000.00 on survie_new
[18:23:56] [ITEM_RETURNED]: Returned 64x Magma Block to Mr_Yt_Fr on survie_new
[18:24:04] [ITEM_LISTED]: Mr_Yt_Fr listed 64x Magma Block for $800.00 on survie_new
[18:27:21] [ITEM_LISTED]: OneGamingShow listed 1x Enchanted Book for $2,500.00 on survie_new
[18:27:30] [ITEM_SOLD]: OneGamingShow sold 1x Enchanted Book to mayte_ for $2,500.00 on survie_new
[18:28:08] [ITEM_LISTED]: OneGamingShow listed 1x Enchanted Book for $2,500.00 on survie_new
[18:28:13] [ITEM_SOLD]: OneGamingShow sold 1x Enchanted Book to mayte_ for $2,500.00 on survie_new
[18:34:40] [ITEM_CANCELLED]: mayte_ cancelled an auction for 1x Breakerland ! for $5,000.00 on spawn
[18:34:41] [ITEM_RETURNED]: Returned 1x Breakerland ! to mayte_ on spawn
[18:34:46] [ITEM_LISTED]: mayte_ listed 1x Breakerland ! for $1,000.00 on spawn
[19:15:06] [ITEM_LISTED]: Mr_Yt_Fr listed 1x §U§C§I§;§I§s§;Oeuf de Pierre for $8,000.00 on survie_new
[19:15:11] [ITEM_LISTED]: Mr_Yt_Fr listed 1x §U§C§I§;§I§s§;Oeuf de Pierre for $8,000.00 on survie_new
[20:02:59] [ITEM_SOLD]: Haru_M sold 1x Enchanted Book to Migoux for $2,500.00 on survie_new
[20:59:57] [ITEM_SOLD]: Mr_Yt_Fr sold 1x §U§C§I§;§I§s§;Oeuf de Pierre to Nexusso for $8,000.00 on survie_new
[20:59:59] [ITEM_SOLD]: Mr_Yt_Fr sold 1x §U§C§I§;§I§s§;Oeuf de Pierre to Nexusso for $8,000.00 on survie_new
[21:00:28] [ITEM_SOLD]: taratata6923 sold 1x Enchanted Book to Nexusso for $4,000.00 on survie_new
[21:04:27] [ITEM_LISTED]: mayte_ listed 38x Diamond for $4,000.00 on survie_new
[21:04:33] [ITEM_CANCELLED]: mayte_ cancelled an auction for 38x Diamond for $4,000.00 on survie_new
[21:04:35] [ITEM_RETURNED]: Returned 38x Diamond to mayte_ on survie_new
[21:25:24] [ITEM_LISTED]: CroixVeBaton listed 64x White Wool for $500.00 on survie_new
[21:25:30] [ITEM_LISTED]: CroixVeBaton listed 64x White Wool for $500.00 on survie_new
[21:25:33] [ITEM_LISTED]: CroixVeBaton listed 64x White Wool for $500.00 on survie_new
[21:36:47] [ITEM_DROPPED]: Dropped limastic's expired listing of 1x Potion for $0.00 at their feet on Survie
[21:36:47] [ITEM_DROPPED]: Dropped limastic's expired listing of 1x Potion for $0.00 at their feet on Survie
[21:36:47] [ITEM_DROPPED]: Dropped limastic's expired listing of 1x Diamond Leggings [Unbreaking III, Curse of Vanishing] for $0.00 at their feet on Survie
[21:36:47] [ITEM_DROPPED]: Dropped limastic's expired listing of 1x Diamond Chestplate [Fire Protection III] for $0.00 at their feet on Survie
[21:36:47] [ITEM_DROPPED]: Dropped limastic's expired listing of 1x Diamond Chestplate [Curse of Binding, Protection IV] for $0.00 at their feet on Survie
[21:36:47] [ITEM_DROPPED]: Dropped limastic's expired listing of 1x Ominous Banner for $0.00 at their feet on Ressource
[21:36:47] [ITEM_DROPPED]: Dropped limastic's expired listing of 6x Ominous Banner for $0.00 at their feet on Survie
[21:56:21] [ITEM_LISTED]: Fr3nCh_CraFt listed 1x Enchanted Book for $400.00 on survie_new
[21:56:32] [ITEM_LISTED]: Fr3nCh_CraFt listed 1x Enchanted Book for $500.00 on survie_new
[21:56:44] [ITEM_LISTED]: Fr3nCh_CraFt listed 1x Bow [Flame, Unbreaking III] for $1,000.00 on survie_new
[22:02:09] [ITEM_LISTED]: Fr3nCh_CraFt listed 30x Iron Block for $5,001.00 on survie_new
[22:18:34] [ITEM_CANCELLED]: Fr3nCh_CraFt cancelled an auction for 1x Enchanted Book for $500.00 on survie_new
[22:18:38] [ITEM_CANCELLED]: Fr3nCh_CraFt cancelled an auction for 1x Bow [Flame, Unbreaking III] for $1,000.00 on survie_new
[22:18:58] [ITEM_RETURNED]: Returned 1x Enchanted Book to Fr3nCh_CraFt on survie_new
[22:19:00] [ITEM_RETURNED]: Returned 1x Bow [Flame, Unbreaking III] to Fr3nCh_CraFt on survie_new
[22:30:51] [ITEM_CANCELLED]: REGDYLAN cancelled an auction for 1x Elytra for $4,250.00 on survie_new
[22:30:51] [ITEM_CANCELLED]: REGDYLAN cancelled an auction for 1x Elytra for $4,250.00 on survie_new
[22:30:52] [ITEM_CANCELLED]: REGDYLAN cancelled an auction for 1x Elytra [Mending] for $7,500.00 on survie_new
[22:30:52] [ITEM_CANCELLED]: REGDYLAN cancelled an auction for 1x Elytra [Mending] for $7,500.00 on survie_new
[22:30:52] [ITEM_CANCELLED]: REGDYLAN cancelled an auction for 1x Elytra [Mending, Unbreaking III] for $8,500.00 on survie_new
[22:30:53] [ITEM_CANCELLED]: REGDYLAN cancelled an auction for 1x Elytra [Mending, Unbreaking III] for $8,500.00 on survie_new
[22:30:53] [ITEM_CANCELLED]: REGDYLAN cancelled an auction for 1x [Cat Spawner] for $6,500.00 on Nether
[22:30:55] [ITEM_RETURNED]: Returned 1x [Cat Spawner] to REGDYLAN on Nether
[22:30:55] [ITEM_RETURNED]: Returned 1x Elytra [Mending, Unbreaking III] to REGDYLAN on survie_new
[22:30:55] [ITEM_RETURNED]: Returned 1x Elytra [Mending, Unbreaking III] to REGDYLAN on survie_new
[22:30:55] [ITEM_RETURNED]: Returned 1x Elytra [Mending] to REGDYLAN on survie_new
[22:30:55] [ITEM_RETURNED]: Returned 1x Elytra [Mending] to REGDYLAN on survie_new
[22:30:56] [ITEM_RETURNED]: Returned 1x Elytra to REGDYLAN on survie_new
[22:30:56] [ITEM_RETURNED]: Returned 1x Elytra to REGDYLAN on survie_new
[22:32:04] [ITEM_LISTED]: REGDYLAN listed 1x Elytra [Mending, Unbreaking III] for $7,500.00 on survie_new
[22:32:08] [ITEM_LISTED]: REGDYLAN listed 1x Elytra for $4,000.00 on survie_new
[22:32:11] [ITEM_LISTED]: REGDYLAN listed 1x Elytra for $4,000.00 on survie_new
[22:32:19] [ITEM_LISTED]: REGDYLAN listed 1x Elytra [Mending] for $6,500.00 on survie_new
[22:32:22] [ITEM_LISTED]: REGDYLAN listed 1x Elytra [Mending] for $6,500.00 on survie_new
[22:41:18] [ITEM_SOLD]: Haru_M sold 1x Enchanted Book to kalaistar for $2,500.00 on survie_new
[22:41:19] [ITEM_SOLD]: Haru_M sold 1x Enchanted Book to kalaistar for $2,500.00 on survie_new
[22:41:20] [ITEM_SOLD]: Haru_M sold 1x Enchanted Book to kalaistar for $2,500.00 on survie_new
[22:41:21] [ITEM_SOLD]: Haru_M sold 1x Enchanted Book to kalaistar for $2,500.00 on survie_new
[22:41:22] [ITEM_SOLD]: Haru_M sold 1x Enchanted Book to kalaistar for $2,500.00 on survie_new
[22:41:23] [ITEM_SOLD]: Haru_M sold 1x Enchanted Book to kalaistar for $2,500.00 on survie_new
[22:41:24] [ITEM_SOLD]: Haru_M sold 1x Enchanted Book to kalaistar for $2,500.00 on survie_new
[22:41:25] [ITEM_SOLD]: Haru_M sold 1x Enchanted Book to kalaistar for $2,500.00 on survie_new
[22:41:26] [ITEM_SOLD]: Haru_M sold 1x Enchanted Book to kalaistar for $2,500.00 on survie_new
[22:41:46] [ITEM_SOLD]: Haru_M sold 1x Enchanted Book to kalaistar for $2,500.00 on survie_new
[22:47:25] [ITEM_LISTED]: aidan listed 64x Gunpowder for $200.00 on survie_new
[22:47:42] [ITEM_SOLD]: aidan sold 64x Gunpowder to REGDYLAN for $200.00 on survie_new
[22:51:57] [ITEM_LISTED]: Fr3nCh_CraFt listed 1x Bow [Flame, Unbreaking III] for $1,111.00 on survie_new
[22:58:12] [ITEM_SOLD]: Fr3nCh_CraFt sold 30x Iron Block to AzodFR for $5,001.00 on survie_new
