[00:31:51] [ITEM_SOLD]: HeFk vendu 1 x Diamond Pickaxe à  [Efficiency V, Fortune III, Unbreaking III] Christophe_ pour 7,000.00 β le survie_new
[00:38:49] [ITEM_SOLD]: SSLLOOTTHH vendu 1 x Enchanted Book à  Christophe_ pour 7,000.00 β le survie_new
[00:40:16] [ITEM_SOLD]: Bouletotor vendu 64 x Iron Ingot à  REGDYLAN pour 1,000.00 β le survie_new
[00:40:18] [ITEM_SOLD]: Bouletotor vendu 64 x Iron Ingot à  REGDYLAN pour 1,000.00 β le survie_new
[00:40:19] [ITEM_SOLD]: Bouletotor vendu 64 x Iron Ingot à  REGDYLAN pour 1,000.00 β le survie_new
[00:40:19] [ITEM_SOLD]: Bouletotor vendu 64 x Iron Ingot à  REGDYLAN pour 1,000.00 β le survie_new
[00:40:20] [ITEM_SOLD]: Bouletotor vendu 64 x Iron Ingot à  REGDYLAN pour 1,000.00 β le survie_new
[00:40:22] [ITEM_SOLD]: Bouletotor vendu 64 x Iron Ingot à  REGDYLAN pour 1,000.00 β le survie_new
[00:40:26] [ITEM_SOLD]: Bouletotor vendu 64 x Iron Ore à  REGDYLAN pour 6,000.00 β le survie_new
[00:40:27] [ITEM_SOLD]: Bouletotor vendu 64 x Iron Ore à  REGDYLAN pour 6,000.00 β le survie_new
[00:52:01] [ITEM_SOLD]: SSLLOOTTHH vendu 1 x Enchanted Book à  GMK001 pour 7,000.00 β le survie_new
[00:56:06] [ITEM_LISTED]: GMK001 vend 1 x Enchanted Book  pour 1,500.00β sur survie_new
[00:56:14] [ITEM_LISTED]: GMK001 vend 1 x Enchanted Book  pour 1,500.00β sur survie_new
[00:56:40] [ITEM_SOLD]: GMK001 vendu 1 x Enchanted Book à  Luky123413 pour 1,500.00 β le survie_new
[00:56:43] [ITEM_SOLD]: GMK001 vendu 1 x Enchanted Book à  Luky123413 pour 1,500.00 β le survie_new
[01:08:07] [ITEM_SOLD]: SSLLOOTTHH vendu 1 x Enchanted Book à  KrayZu27 pour 7,000.00 β le survie_new
[01:08:11] [ITEM_SOLD]: SSLLOOTTHH vendu 1 x Enchanted Book à  KrayZu27 pour 2,000.00 β le survie_new
[01:09:01] [ITEM_SOLD]: SSLLOOTTHH vendu 1 x Enchanted Book à  ianito pour 7,000.00 β le survie_new
[01:09:03] [ITEM_SOLD]: SSLLOOTTHH vendu 1 x Enchanted Book à  ianito pour 2,000.00 β le survie_new
[02:41:39] [ITEM_SOLD]: Yohan81 vendu 64 x Cooked Porkchop à  Gorilla1991 pour 60.00 β le survie_new
[02:41:40] [ITEM_SOLD]: Yohan81 vendu 64 x Cooked Porkchop à  Gorilla1991 pour 60.00 β le survie_new
[02:42:57] [ITEM_SOLD]: Yohan81 vendu 64 x Cooked Porkchop à  Gorilla1991 pour 60.00 β le survie_new
[02:42:59] [ITEM_SOLD]: Yohan81 vendu 64 x Cooked Porkchop à  Gorilla1991 pour 60.00 β le survie_new
[02:43:01] [ITEM_SOLD]: Yohan81 vendu 64 x Cooked Porkchop à  Gorilla1991 pour 60.00 β le survie_new
[08:55:28] [ITEM_CANCELLED]: amnotte annule la vente de 1x THOR!!! pour 30,000.00β sur survie_new
[08:55:38] [ITEM_CANCELLED]: amnotte annule la vente de 1x §;§:Spawner à Arraigné 1x pour 5,000.00β sur survie_new
[08:56:03] [ITEM_RETURNED]: 1 x §;§:Spawner à Arraigné 1x  renvoyé à amnotte le survie_new
[08:56:03] [ITEM_RETURNED]: 1 x THOR!!!  renvoyé à amnotte le survie_new
[08:56:32] [ITEM_LISTED]: amnotte vend 1 x §;§:Spawner à Arraigné 1x  pour 3,000.00β sur survie_new
[08:56:45] [ITEM_LISTED]: amnotte vend 1 x THOR!!!  pour 8,000.00β sur survie_new
[09:01:07] [ITEM_LISTED]: amnotte vend 1 x Enchanted Book  pour 8,000.00β sur survie_new
[09:01:11] [ITEM_LISTED]: amnotte vend 1 x Enchanted Book  pour 8,000.00β sur survie_new
[09:01:15] [ITEM_LISTED]: amnotte vend 1 x Enchanted Book  pour 8,000.00β sur survie_new
[09:01:18] [ITEM_LISTED]: amnotte vend 1 x Enchanted Book  pour 8,000.00β sur survie_new
[09:56:31] [ITEM_SOLD]: Nexusso vendu 1 x Elytra à  [Mending] KrayZu27 pour 11,000.00 β le survie_new
[11:18:32] [ITEM_SOLD]: SSLLOOTTHH vendu 1 x Enchanted Book à  ianito pour 7,000.00 β le survie_new
[11:41:51] [ITEM_LISTED]: HeFk vend 1 x Diamond Pickaxe  [Efficiency V, Silk Touch, Unbreaking III] pour 7,000.00β sur survie_new
[11:42:27] [ITEM_LISTED]: HeFk vend 1 x Diamond Pickaxe  [Efficiency V, Fortune III, Unbreaking III] pour 7,500.00β sur survie_new
[11:43:02] [ITEM_LISTED]: HeFk vend 1 x Diamond Pickaxe  [Efficiency V, Silk Touch, Unbreaking III] pour 7,500.00β sur survie_new
[11:43:36] [ITEM_SOLD]: Bertrand vendu 1 x §;§:Spawner à Cochon 1x à  Bouletotor pour 4,000.00 β le survie_new
[12:04:04] [ITEM_LISTED]: Bouletotor vend 64 x Iron Ore  pour 7,000.00β sur survie_new
[12:04:08] [ITEM_LISTED]: Bouletotor vend 64 x Iron Ore  pour 7,000.00β sur survie_new
[12:04:09] [ITEM_LISTED]: Bouletotor vend 64 x Iron Ore  pour 7,000.00β sur survie_new
[12:04:42] [ITEM_LISTED]: Bouletotor vend 64 x Iron Ore  pour 7,000.00β sur survie_new
[12:05:02] [ITEM_LISTED]: Bouletotor vend 64 x Gold Ore  pour 7,500.00β sur survie_new
[12:07:26] [ITEM_LISTED]: HeFk vend 1 x Diamond Pickaxe  [Efficiency V, Fortune III, Unbreaking III] pour 7,500.00β sur survie_new
[12:38:45] [ITEM_LISTED]: Gorilla1991 vend 64 x Iron Ore  pour 5,500.00β sur survie_new
[13:14:04] [ITEM_LISTED]: Gorilla1991 vend 60 x Gold Ore  pour 6,500.00β sur survie_new
[13:38:38] [ITEM_SOLD]: SSLLOOTTHH vendu 1 x Enchanted Book à  P2M2A2 pour 2,000.00 β le survie_new
[14:27:25] [ITEM_LISTED]: Gorilla1991 vend 64 x Iron Ore  pour 5,500.00β sur survie_new
[14:30:29] [ITEM_LISTED]: HeFk vend 1 x Bow  [Flame, Infinity, Power V, Punch II, Unbreaking III] pour 8,000.00β sur survie_new
[14:48:43] [ITEM_SOLD]: SSLLOOTTHH vendu 1 x Diamond Sword à  [Smite IV, Sweeping Edge III, Unbreaking III] eric2a pour 200.00 β le survie_new_the_end
[14:49:23] [ITEM_LISTED]: 74Matt vend 64 x Golden Carrot  pour 800.00β sur survie_new
[15:11:30] [ITEM_SOLD]: Gorilla1991 vendu 64 x Iron Ore à  REGDYLAN pour 5,500.00 β le survie_new
[15:11:40] [ITEM_SOLD]: Gorilla1991 vendu 60 x Gold Ore à  REGDYLAN pour 6,500.00 β le survie_new
[15:11:42] [ITEM_SOLD]: Gorilla1991 vendu 64 x Iron Ore à  REGDYLAN pour 5,500.00 β le survie_new
[15:11:50] [ITEM_SOLD]: Bouletotor vendu 64 x Gold Ore à  REGDYLAN pour 7,500.00 β le survie_new
[15:11:51] [ITEM_SOLD]: Bouletotor vendu 64 x Iron Ore à  REGDYLAN pour 7,000.00 β le survie_new
[15:11:52] [ITEM_SOLD]: Bouletotor vendu 64 x Iron Ore à  REGDYLAN pour 7,000.00 β le survie_new
[15:11:53] [ITEM_SOLD]: Bouletotor vendu 64 x Iron Ore à  REGDYLAN pour 7,000.00 β le survie_new
[15:11:55] [ITEM_SOLD]: Bouletotor vendu 64 x Iron Ore à  REGDYLAN pour 7,000.00 β le survie_new
[15:12:29] [ITEM_SOLD]: HeFk vendu 1 x Diamond Pickaxe à  [Efficiency V, Fortune III, Unbreaking III] Gorilla1991 pour 7,000.00 β le survie_new
[15:36:47] [ITEM_LISTED]: LLIcocoman_Hrz vend 1 x Dolphin Spawn Egg  pour 1,000.00β sur survie_new
[15:37:20] [ITEM_SOLD]: LLIcocoman_Hrz vendu 1 x Dolphin Spawn Egg à  KrayZu27 pour 1,000.00 β le survie_new
[15:49:44] [ITEM_LISTED]: Mboubou vend 16 x Diamond  pour 35.00β sur survie_new
[15:49:56] [ITEM_CANCELLED]: Mboubou annule la vente de 16x Diamond pour 35.00β sur survie_new
[15:50:02] [ITEM_RETURNED]: 16 x Diamond  renvoyé à Mboubou le survie_new
[15:50:20] [ITEM_LISTED]: LLIcocoman_Hrz vend 3 x §;§:Spawner à Araignée venimeuse 1x  pour 3,000.00β sur survie_new
[15:50:25] [ITEM_LISTED]: LLIcocoman_Hrz vend 8 x Sponge  pour 1,000.00β sur survie_new
[15:50:28] [ITEM_SOLD]: LLIcocoman_Hrz vendu 8 x Sponge à  Tiyi pour 1,000.00 β le survie_new
[15:50:35] [ITEM_LISTED]: Mboubou vend 16 x Diamond  pour 600.00β sur survie_new
[15:50:42] [ITEM_SOLD]: LLIcocoman_Hrz vendu 3 x §;§:Spawner à Araignée venimeuse 1x à  Tiyi pour 3,000.00 β le survie_new
[15:50:59] [ITEM_LISTED]: LLIcocoman_Hrz vend 64 x Obsidian  pour 1,000.00β sur survie_new
[15:51:01] [ITEM_LISTED]: LLIcocoman_Hrz vend 64 x Obsidian  pour 1,000.00β sur survie_new
[15:51:38] [ITEM_LISTED]: LLIcocoman_Hrz vend 21 x Obsidian  pour 300.00β sur survie_new
[15:55:48] [ITEM_LISTED]: 74Matt vend 1 x Epée  [Looting II, Sharpness V, Unbreaking II] pour 7,000.00β sur survie_new
[16:00:05] [ITEM_LISTED]: Gorilla1991 vend 64 x Iron Ore  pour 500.00β sur survie_new
[16:20:19] [ITEM_SOLD]: OfCourse vendu 64 x Cooked Porkchop à  EclaRaft pour 200.00 β le survie_new
[16:23:07] [ITEM_SOLD]: Zougless vendu 64 x Spruce Log à  EclaRaft pour 450.00 β le survie_new
[16:25:56] [ITEM_CANCELLED]: Mboubou annule la vente de 16x Diamond pour 600.00β sur survie_new
[16:25:58] [ITEM_RETURNED]: 16 x Diamond  renvoyé à Mboubou le survie_new
[16:26:55] [ITEM_CANCELLED]: Gorilla1991 annule la vente de 64x Iron Ore pour 500.00β sur survie_new
[16:26:57] [ITEM_RETURNED]: 64 x Iron Ore  renvoyé à Gorilla1991 le survie_new
[16:27:04] [ITEM_LISTED]: LLIcocoman_Hrz vend 32 x Obsidian  pour 500.00β sur survie_new
[16:27:16] [ITEM_LISTED]: LLIcocoman_Hrz vend 1 x Dolphin Spawn Egg  pour 1,000.00β sur survie_new
[16:27:27] [ITEM_LISTED]: LLIcocoman_Hrz vend 16 x Emerald  pour 300.00β sur survie_new
[16:31:03] [ITEM_LISTED]: Gorilla1991 vend 64 x Iron Ore  pour 7,000.00β sur survie_new
[16:31:09] [ITEM_LISTED]: Gorilla1991 vend 64 x Iron Ore  pour 7,000.00β sur survie_new
[16:52:30] [ITEM_LISTED]: LLIcocoman_Hrz vend 8 x Sponge  pour 1,000.00β sur survie_new
[16:52:52] [ITEM_SOLD]: LLIcocoman_Hrz vendu 8 x Sponge à  Blazd pour 1,000.00 β le survie_new
[16:54:30] [ITEM_SOLD]: HeFk vendu 1 x Diamond Pickaxe à  [Efficiency V, Fortune III, Unbreaking III] EclaRaft pour 7,500.00 β le survie_new
[18:04:26] [ITEM_LISTED]: Mboubou vend 27 x Diamond  pour 1,100.00β sur survie_new
[18:13:17] [ITEM_CANCELLED]: Mboubou annule la vente de 27x Diamond pour 1,100.00β sur survie_new
[18:13:20] [ITEM_RETURNED]: 27 x Diamond  renvoyé à Mboubou le survie_new
[18:56:53] [ITEM_DROPPED]: Abandon de la vente Yohan81 expirée de 64 x Poisonous Potato  pour 0.00β à leurs pieds le survie_new
[18:56:53] [ITEM_DROPPED]: Abandon de la vente Yohan81 expirée de 64 x Poisonous Potato  pour 0.00β à leurs pieds le survie_new
[18:56:53] [ITEM_DROPPED]: Abandon de la vente Yohan81 expirée de 64 x Poisonous Potato  pour 0.00β à leurs pieds le survie_new
[18:56:53] [ITEM_DROPPED]: Abandon de la vente Yohan81 expirée de 64 x Poisonous Potato  pour 0.00β à leurs pieds le survie_new
[19:30:09] [ITEM_SOLD]: SSLLOOTTHH vendu 1 x Enchanted Book à  Gorilla1991 pour 8,000.00 β le survie_new
[19:57:19] [ITEM_SOLD]: HeFk vendu 1 x Diamond Pickaxe à  [Efficiency V, Fortune III, Unbreaking III] eric2a pour 7,500.00 β le survie_new
[19:57:55] [ITEM_SOLD]: HeFk vendu 1 x Lori la plus belle <3 à  [Flame, Infinity, Power V, Punch II, Unbreaking III] eric2a pour 10,000.00 β le survie_new
[20:31:14] [ITEM_DROPPED]: Abandon de la vente HeFk expirée de 64 x Anvil  pour 0.00β à leurs pieds le survie_new
[20:31:14] [ITEM_DROPPED]: Abandon de la vente HeFk expirée de 64 x Anvil  pour 0.00β à leurs pieds le survie_new
[20:31:14] [ITEM_DROPPED]: Abandon de la vente HeFk expirée de 64 x Anvil  pour 0.00β à leurs pieds le survie_new
[20:31:14] [ITEM_DROPPED]: Abandon de la vente HeFk expirée de 64 x Anvil  pour 0.00β à leurs pieds le survie_new
[20:31:14] [ITEM_DROPPED]: Abandon de la vente HeFk expirée de 64 x Anvil  pour 0.00β à leurs pieds le survie_new
[20:31:14] [ITEM_DROPPED]: Abandon de la vente HeFk expirée de 64 x Anvil  pour 0.00β à leurs pieds le survie_new
[20:31:14] [ITEM_DROPPED]: Abandon de la vente HeFk expirée de 64 x Anvil  pour 0.00β à leurs pieds le survie_new
[20:31:14] [ITEM_DROPPED]: Abandon de la vente HeFk expirée de 64 x Anvil  pour 0.00β à leurs pieds le survie_new
[20:31:14] [ITEM_DROPPED]: Abandon de la vente HeFk expirée de 64 x Anvil  pour 0.00β à leurs pieds le survie_new
[20:31:14] [ITEM_DROPPED]: Abandon de la vente HeFk expirée de 64 x Anvil  pour 0.00β à leurs pieds le survie_new
[20:31:14] [ITEM_DROPPED]: Abandon de la vente HeFk expirée de 64 x Anvil  pour 0.00β à leurs pieds le survie_new
[20:31:14] [ITEM_DROPPED]: Abandon de la vente HeFk expirée de 64 x Anvil  pour 0.00β à leurs pieds le survie_new
[20:31:14] [ITEM_DROPPED]: Abandon de la vente HeFk expirée de 64 x Anvil  pour 0.00β à leurs pieds le survie_new
[20:31:14] [ITEM_DROPPED]: Abandon de la vente HeFk expirée de 64 x Anvil  pour 0.00β à leurs pieds le survie_new
[20:31:14] [ITEM_DROPPED]: Abandon de la vente HeFk expirée de 64 x Anvil  pour 0.00β à leurs pieds le survie_new
[20:31:14] [ITEM_DROPPED]: Abandon de la vente HeFk expirée de 64 x Anvil  pour 0.00β à leurs pieds le survie_new
[20:31:14] [ITEM_DROPPED]: Abandon de la vente HeFk expirée de 64 x Anvil  pour 0.00β à leurs pieds le survie_new
[20:31:14] [ITEM_DROPPED]: Abandon de la vente HeFk expirée de 64 x Anvil  pour 0.00β à leurs pieds le survie_new
[20:31:14] [ITEM_DROPPED]: Abandon de la vente HeFk expirée de 64 x Anvil  pour 0.00β à leurs pieds le survie_new
[20:32:13] [ITEM_DROPPED]: Abandon de la vente HeFk expirée de 64 x Anvil  pour 0.00β à leurs pieds le survie_new
[20:32:13] [ITEM_DROPPED]: Abandon de la vente HeFk expirée de 64 x Anvil  pour 0.00β à leurs pieds le survie_new
[20:32:13] [ITEM_DROPPED]: Abandon de la vente HeFk expirée de 64 x Anvil  pour 0.00β à leurs pieds le survie_new
[20:32:13] [ITEM_DROPPED]: Abandon de la vente HeFk expirée de 64 x Anvil  pour 0.00β à leurs pieds le survie_new
[20:32:13] [ITEM_DROPPED]: Abandon de la vente HeFk expirée de 64 x Anvil  pour 0.00β à leurs pieds le survie_new
[20:32:13] [ITEM_DROPPED]: Abandon de la vente HeFk expirée de 64 x Anvil  pour 0.00β à leurs pieds le survie_new
[20:32:13] [ITEM_DROPPED]: Abandon de la vente HeFk expirée de 64 x Anvil  pour 0.00β à leurs pieds le survie_new
[20:32:13] [ITEM_DROPPED]: Abandon de la vente HeFk expirée de 64 x Anvil  pour 0.00β à leurs pieds le survie_new
[20:32:13] [ITEM_DROPPED]: Abandon de la vente HeFk expirée de 64 x Anvil  pour 0.00β à leurs pieds le survie_new
[20:32:13] [ITEM_DROPPED]: Abandon de la vente HeFk expirée de 64 x Anvil  pour 0.00β à leurs pieds le survie_new
[20:32:13] [ITEM_DROPPED]: Abandon de la vente HeFk expirée de 64 x Anvil  pour 0.00β à leurs pieds le survie_new
[20:32:13] [ITEM_DROPPED]: Abandon de la vente HeFk expirée de 64 x Anvil  pour 0.00β à leurs pieds le survie_new
[20:43:44] [ITEM_LISTED]: Gorilla1991 vend 64 x Iron Ore  pour 7,000.00β sur survie_new
[20:43:55] [ITEM_LISTED]: Gorilla1991 vend 64 x Iron Ore  pour 7,000.00β sur survie_new
[20:44:13] [ITEM_LISTED]: Gorilla1991 vend 64 x Iron Ore  pour 7,000.00β sur survie_new
[20:44:20] [ITEM_LISTED]: Gorilla1991 vend 64 x Gold Ore  pour 8,000.00β sur survie_new
[21:01:54] [ITEM_SOLD]: SSLLOOTTHH vendu 1 x Enchanted Book à  yokianderson pour 8,000.00 β le survie_new
[21:18:00] [ITEM_SOLD]: LLIcocoman_Hrz vendu 1 x Dolphin Spawn Egg à  Nexusso pour 1,000.00 β le survie_new
[21:18:15] [ITEM_SOLD]: 74Matt vendu 1 x Music Disc Cat à  gamerlenon pour 700.00 β le survie_new
[21:30:40] [ITEM_SOLD]: SSLLOOTTHH vendu 1 x Enchanted Book à  LiKaneH pour 7,000.00 β le survie_new
[22:18:53] [ITEM_SOLD]: Tiyi vendu 1 x §;§:Spawner à Zombie 1x à  Bertrand pour 6,000.00 β le survie_new
[22:41:46] [ITEM_SOLD]: OfCourse vendu 64 x Baked Potato à  Luky123413 pour 100.00 β le survie_new
[23:35:33] [ITEM_DROPPED]: Abandon de la vente Christophe_ expirée de 1 x Journal de quêtes  pour 0.00β à leurs pieds le survie_new
