[03:35:56] [ITEM_LISTED]: Zarbikop vend 1 x Enchanted Book  pour 2,000.00β sur survie_new
[04:18:12] [ITEM_SOLD]: Blazd vendu 1 x Enchanted Book à  Zarbikop pour 8,000.00 β le survie_new
[04:24:36] [ITEM_SOLD]: Blazd vendu 1 x Enchanted Book à  Zarbikop pour 12,000.00 β le survie_new
[13:02:07] [ITEM_LISTED]: hugoleb vend 1 x Leather Helmet  pour 0.00β sur survie_new
[13:02:09] [ITEM_LISTED]: hugoleb vend 1 x Leather Chestplate  pour 0.00β sur survie_new
[13:02:11] [ITEM_LISTED]: hugoleb vend 1 x Leather Leggings  pour 0.00β sur survie_new
[13:02:13] [ITEM_LISTED]: hugoleb vend 1 x Leather Boots  pour 0.00β sur survie_new
[15:33:37] [ITEM_LISTED]: 74Matt vend 1 x Iron Sword  [Sharpness I] pour 200.00β sur survie_new
[15:52:45] [ITEM_LISTED]: 74Matt vend 64 x Cooked Beef  pour 100.00β sur survie_new
[15:52:52] [ITEM_LISTED]: 74Matt vend 64 x Cooked Beef  pour 100.00β sur survie_new
[15:52:57] [ITEM_LISTED]: 74Matt vend 64 x Cooked Beef  pour 100.00β sur survie_new
[15:57:14] [ITEM_LISTED]: 74Matt vend 64 x Cooked Beef  pour 100.00β sur survie_new
[15:57:18] [ITEM_LISTED]: 74Matt vend 64 x Cooked Beef  pour 100.00β sur survie_new
[16:29:55] [ITEM_LISTED]: 74Matt vend 36 x Rose Bush  pour 20.00β sur survie_new
[16:42:25] [ITEM_LISTED]: Mboubou vend 1 x Cat Spawn Egg  pour 4,500.00β sur survie_new
[16:52:54] [ITEM_LISTED]: Mboubou vend 1 x Enchanted Book  pour 6,500.00β sur survie_new
[16:52:59] [ITEM_LISTED]: Mboubou vend 1 x Enchanted Book  pour 6,500.00β sur survie_new
[16:53:10] [ITEM_LISTED]: Mboubou vend 1 x Enchanted Book  pour 4,750.00β sur survie_new
[16:53:14] [ITEM_LISTED]: Mboubou vend 1 x Enchanted Book  pour 4,750.00β sur survie_new
[16:53:18] [ITEM_LISTED]: Mboubou vend 1 x Enchanted Book  pour 6,500.00β sur survie_new
[16:53:20] [ITEM_LISTED]: Mboubou vend 1 x Enchanted Book  pour 6,500.00β sur survie_new
[16:53:29] [ITEM_LISTED]: Mboubou vend 1 x Written Book  pour 5.00β sur survie_new
[17:08:53] [ITEM_CANCELLED]: SkyKnight60 annule la vente de 64x Bamboo pour 500.00β sur survie_new
[17:08:53] [ITEM_CANCELLED]: SkyKnight60 annule la vente de 64x Bamboo pour 500.00β sur survie_new
[17:09:01] [ITEM_CANCELLED]: SkyKnight60 annule la vente de 1x Name Tag pour 200.00β sur survie_new
[17:09:16] [ITEM_RETURNED]: 64 x Bamboo  renvoyé à SkyKnight60 le survie_new
[17:09:17] [ITEM_RETURNED]: 64 x Bamboo  renvoyé à SkyKnight60 le survie_new
[17:09:17] [ITEM_RETURNED]: 1 x Name Tag  renvoyé à SkyKnight60 le survie_new
[17:09:26] [ITEM_LISTED]: SkyKnight60 vend 2 x Name Tag  pour 200.00β sur survie_new
[17:10:46] [ITEM_SOLD]: SkyKnight60 vendu 2 x Name Tag à  Christophe_ pour 200.00 β le survie_new
[17:10:59] [ITEM_LISTED]: SkyKnight60 vend 1 x Saddle  pour 0.00β sur survie_new
[17:11:04] [ITEM_SOLD]: SkyKnight60 vendu 1 x Saddle à  Mboubou pour 0.00 β le survie_new
[17:15:49] [ITEM_LISTED]: SkyKnight60 vend 64 x Scaffolding  pour 300.00β sur survie_new
[17:17:43] [ITEM_LISTED]: SkyKnight60 vend 64 x Scaffolding  pour 300.00β sur survie_new
[17:22:03] [ITEM_LISTED]: SkyKnight60 vend 64 x Cooked Cod  pour 50.00β sur survie_new
[18:03:19] [ITEM_SOLD]: _MozillaFirefox vendu 24 x Gold Ore à  CouzVeBaton pour 1,500.00 β le survie_new
[18:03:34] [ITEM_SOLD]: _MozillaFirefox vendu 64 x Iron Ore à  CouzVeBaton pour 5,500.00 β le survie_new
[18:03:38] [ITEM_SOLD]: _MozillaFirefox vendu 64 x Iron Ore à  CouzVeBaton pour 5,500.00 β le survie_new
[18:03:40] [ITEM_SOLD]: _MozillaFirefox vendu 64 x Iron Ore à  CouzVeBaton pour 5,500.00 β le survie_new
[18:03:41] [ITEM_SOLD]: _MozillaFirefox vendu 29 x Iron Ore à  CouzVeBaton pour 2,200.00 β le survie_new
[18:06:44] [ITEM_LISTED]: EclaRaft vend 1 x §;§:Spawner à Zombie 1x  pour 123.00β sur survie_new
[18:07:02] [ITEM_CANCELLED]: EclaRaft annule la vente de 1x §;§:Spawner à Zombie 1x pour 123.00β sur survie_new
[18:07:06] [ITEM_RETURNED]: 1 x §;§:Spawner à Zombie 1x  renvoyé à EclaRaft le survie_new
[18:07:15] [ITEM_LISTED]: EclaRaft vend 1 x §;§:Spawner à Zombie 1x  pour 123.46β sur survie_new
[18:07:40] [ITEM_CANCELLED]: EclaRaft annule la vente de 1x §;§:Spawner à Zombie 1x pour 123.46β sur survie_new
[18:07:43] [ITEM_RETURNED]: 1 x §;§:Spawner à Zombie 1x  renvoyé à EclaRaft le survie_new
[18:07:52] [ITEM_LISTED]: EclaRaft vend 1 x §;§:Spawner à Zombie 1x  pour 2.00β sur survie_new
[19:30:17] [ITEM_SOLD]: EclaRaft vendu 1 x §;§:Spawner à Zombie 1x à  Bertrand pour 2.00 β le survie_new
[19:30:25] [ITEM_SOLD]: SkyKnight60 vendu 64 x Cooked Cod à  Bertrand pour 50.00 β le survie_new
[19:31:15] [ITEM_LISTED]: Bertrand vend 64 x White Wool  pour 190.00β sur survie_new
[19:34:21] [ITEM_LISTED]: Bertrand vend 1 x Totem Of Undying  pour 5,000.00β sur survie_new
[20:47:42] [ITEM_SOLD]: Zarbikop vendu 64 x White Wool à  pikatchou82 pour 200.00 β le survie_new
[20:49:07] [ITEM_LISTED]: pikatchou82 vend 64 x Iron Door  pour 800.00β sur survie_new
[20:56:33] [ITEM_LISTED]: pikatchou82 vend 16 x Bucket  pour 800.00β sur survie_new
[20:56:45] [ITEM_LISTED]: pikatchou82 vend 16 x Bucket  pour 800.00β sur survie_new
[21:14:38] [ITEM_SOLD]: 74Matt vendu 64 x Cooked Beef à  jeremstar_fan pour 100.00 β le survie_new
[21:14:40] [ITEM_SOLD]: 74Matt vendu 64 x Cooked Beef à  jeremstar_fan pour 100.00 β le survie_new
[21:59:38] [ITEM_SOLD]: ChoLoSh vendu 9 x Bamboo à  jeremstar_fan pour 2.00 β le survie_new
[22:35:13] [ITEM_LISTED]: _Nesta vend 1 x Name Tag  pour 5,000.00β sur survie_new
