[01:47:31] [ITEM_LISTED]: froseur vend 1 x Emerald  pour 200.00β sur survie_new
[09:41:20] [ITEM_LISTED]: sylverfire02 vend 64 x Cooked Beef  pour 200.00β sur survie_new
[09:41:23] [ITEM_LISTED]: sylverfire02 vend 64 x Cooked Beef  pour 200.00β sur survie_new
[09:41:26] [ITEM_LISTED]: sylverfire02 vend 64 x Cooked Beef  pour 200.00β sur survie_new
[09:41:30] [ITEM_LISTED]: sylverfire02 vend 64 x Cooked Beef  pour 200.00β sur survie_new
[11:24:14] [ITEM_DROPPED]: Abandon de la vente Azerter_ expirée de 1 x Boîte de Shulker  pour 0.00β à leurs pieds le survie_new
[11:24:14] [ITEM_DROPPED]: Abandon de la vente Azerter_ expirée de 1 x Shulker Box  pour 0.00β à leurs pieds le survie_new
[11:24:14] [ITEM_DROPPED]: Abandon de la vente Azerter_ expirée de 1 x Wither Rose  pour 0.00β à leurs pieds le survie_new
[11:29:15] [ITEM_LISTED]: Azerter_ vend 1 x Boîte de Shulker  pour 1,000.00β sur survie_new
[11:29:18] [ITEM_LISTED]: Azerter_ vend 1 x Shulker Box  pour 1,000.00β sur survie_new
[11:29:21] [ITEM_SOLD]: Azerter_ vendu 1 x Boîte de Shulker à  Champini pour 1,000.00 β le survie_new
[11:29:23] [ITEM_SOLD]: Azerter_ vendu 1 x Shulker Box à  Champini pour 1,000.00 β le survie_new
[12:05:50] [ITEM_SOLD]: Nadreel vendu 1 x Golden Shovel à  [Efficiency II] limastic pour 600.00 β le survie_new
[12:26:55] [ITEM_SOLD]: eric2a vendu 64 x Cooked Beef à  Mikiu_Ahegao pour 50.00 β le survie_new
[12:28:00] [ITEM_LISTED]: Mikiu_Ahegao vend 64 x Cobblestone  pour 100.00β sur survie_new
[12:28:07] [ITEM_LISTED]: Mikiu_Ahegao vend 64 x Cobblestone  pour 100.00β sur survie_new
[12:28:12] [ITEM_LISTED]: Mikiu_Ahegao vend 64 x Cobblestone  pour 100.00β sur survie_new
[12:28:17] [ITEM_LISTED]: Mikiu_Ahegao vend 64 x Cobblestone  pour 100.00β sur survie_new
[12:28:24] [ITEM_LISTED]: Mikiu_Ahegao vend 64 x Cobblestone  pour 100.00β sur survie_new
[12:37:40] [ITEM_LISTED]: Mikiu_Ahegao vend 1 x Potion  pour 250.00β sur survie_new
[12:38:24] [ITEM_LISTED]: Mikiu_Ahegao vend 1 x Potion  pour 350.00β sur survie_new
[12:38:50] [ITEM_LISTED]: Mikiu_Ahegao vend 1 x Potion  pour 350.00β sur survie_new
[12:47:09] [ITEM_CANCELLED]: Breyyyy annule la vente de 10x §;§:Spawner à Araignée venimeuse 1x pour 17,500.00β sur survie_new
[12:47:12] [ITEM_RETURNED]: 10 x §;§:Spawner à Araignée venimeuse 1x  renvoyé à Breyyyy le survie_new
[12:47:48] [ITEM_LISTED]: Breyyyy vend 3 x §;§:Spawner à Araignée venimeuse 1x  pour 4,500.00β sur survie_new
[12:47:55] [ITEM_LISTED]: Breyyyy vend 2 x §;§:Spawner à Araignée venimeuse 1x  pour 2,500.00β sur survie_new
[12:48:01] [ITEM_LISTED]: Breyyyy vend 1 x §;§:Spawner à Araignée venimeuse 1x  pour 1,500.00β sur survie_new
[12:50:29] [ITEM_CANCELLED]: sylverfire02 annule la vente de 64x Prismarine Shard pour 1,500.00β sur survie_new
[12:50:30] [ITEM_CANCELLED]: sylverfire02 annule la vente de 1x Trident [Channeling, Impaling IV, Loyalty III, Mending, Unbreaking III] pour 35,000.00β sur survie_new
[12:50:30] [ITEM_CANCELLED]: sylverfire02 annule la vente de 64x Cooked Beef pour 200.00β sur survie_new
[12:50:31] [ITEM_CANCELLED]: sylverfire02 annule la vente de 64x Cooked Beef pour 200.00β sur survie_new
[12:50:31] [ITEM_CANCELLED]: sylverfire02 annule la vente de 64x Cooked Beef pour 200.00β sur survie_new
[12:50:31] [ITEM_CANCELLED]: sylverfire02 annule la vente de 64x Cooked Beef pour 200.00β sur survie_new
[12:50:34] [ITEM_RETURNED]: 64 x Cooked Beef  renvoyé à sylverfire02 le survie_new
[12:50:34] [ITEM_RETURNED]: 64 x Cooked Beef  renvoyé à sylverfire02 le survie_new
[12:50:34] [ITEM_RETURNED]: 64 x Cooked Beef  renvoyé à sylverfire02 le survie_new
[12:50:34] [ITEM_RETURNED]: 64 x Cooked Beef  renvoyé à sylverfire02 le survie_new
[12:50:34] [ITEM_RETURNED]: 1 x Trident  [Channeling, Impaling IV, Loyalty III, Mending, Unbreaking III] renvoyé à sylverfire02 le survie_new
[12:50:34] [ITEM_RETURNED]: 64 x Prismarine Shard  renvoyé à sylverfire02 le survie_new
[12:50:43] [ITEM_LISTED]: sylverfire02 vend 64 x Cooked Beef  pour 100.00β sur survie_new
[12:50:46] [ITEM_LISTED]: sylverfire02 vend 64 x Cooked Beef  pour 100.00β sur survie_new
[12:50:48] [ITEM_LISTED]: sylverfire02 vend 64 x Cooked Beef  pour 100.00β sur survie_new
[12:50:51] [ITEM_LISTED]: sylverfire02 vend 63 x Cooked Beef  pour 100.00β sur survie_new
[12:51:15] [ITEM_LISTED]: sylverfire02 vend 64 x Prismarine Shard  pour 500.00β sur survie_new
[12:51:28] [ITEM_LISTED]: sylverfire02 vend 1 x Trident  [Channeling, Impaling IV, Loyalty III, Mending, Unbreaking III] pour 30,000.00β sur survie_new
[13:10:27] [ITEM_LISTED]: sylverfire02 vend 1 x Beacon  pour 20,000.00β sur survie_new
[13:54:33] [ITEM_SOLD]: Breyyyy vendu 1 x §;§:Spawner à Araignée venimeuse 1x à  MisterJump pour 1,500.00 β le survie_new
[14:00:04] [ITEM_LISTED]: MisterJump vend 1 x Iron Horse Armor  pour 5.00β sur survie_new
[14:13:19] [ITEM_LISTED]: MisterJump vend 64 x Sugar  pour 20.00β sur survie_new
[14:13:24] [ITEM_LISTED]: MisterJump vend 64 x Sugar  pour 20.00β sur survie_new
[14:29:47] [ITEM_SOLD]: sylverfire02 vendu 64 x Cooked Beef à  ZakKraken pour 100.00 β le survie_new
[14:41:57] [ITEM_LISTED]: sylverfire02 vend 1 x Enchanted Book  pour 500.00β sur survie_new
[14:42:48] [ITEM_CANCELLED]: sylverfire02 annule la vente de 63x Cooked Beef pour 100.00β sur survie_new
[14:42:51] [ITEM_RETURNED]: 63 x Cooked Beef  renvoyé à sylverfire02 le survie_new
[15:08:41] [ITEM_LISTED]: Breyyyy vend 1 x Enchanted Golden Apple  pour 1,500.00β sur survie_new
[15:12:44] [ITEM_LISTED]: Dragarde vend 1 x Beacon  pour 7,500.00β sur survie_new
[15:34:00] [ITEM_SOLD]: Yohan81 vendu 6 x Cooked Beef à  nanou85770 pour 4.00 β le survie_new
[15:47:21] [ITEM_LISTED]: Yohan81 vend 64 x Clay Ball  pour 100.00β sur survie_new
[15:47:23] [ITEM_LISTED]: Yohan81 vend 64 x Clay Ball  pour 100.00β sur survie_new
[15:47:49] [ITEM_SOLD]: Yohan81 vendu 64 x Clay Ball à  Hydrenoir pour 100.00 β le survie_new
[15:47:58] [ITEM_SOLD]: Yohan81 vendu 64 x Clay Ball à  Hydrenoir pour 100.00 β le survie_new
[15:48:51] [ITEM_LISTED]: Hydrenoir vend 3 x Name Tag  pour 100.00β sur survie_new
[15:49:03] [ITEM_SOLD]: Hydrenoir vendu 3 x Name Tag à  Yohan81 pour 100.00 β le survie_new
[15:52:41] [ITEM_LISTED]: Yohan81 vend 64 x Carrot  pour 50.00β sur survie_new
[15:52:43] [ITEM_LISTED]: Yohan81 vend 64 x Carrot  pour 50.00β sur survie_new
[15:52:47] [ITEM_LISTED]: Yohan81 vend 64 x Carrot  pour 50.00β sur survie_new
[15:52:50] [ITEM_LISTED]: Yohan81 vend 64 x Carrot  pour 50.00β sur survie_new
[15:52:52] [ITEM_LISTED]: Yohan81 vend 64 x Carrot  pour 50.00β sur survie_new
[15:52:55] [ITEM_LISTED]: Yohan81 vend 64 x Carrot  pour 50.00β sur survie_new
[15:52:57] [ITEM_LISTED]: Yohan81 vend 64 x Carrot  pour 50.00β sur survie_new
[15:52:59] [ITEM_LISTED]: Yohan81 vend 64 x Carrot  pour 50.00β sur survie_new
[15:53:01] [ITEM_LISTED]: Yohan81 vend 64 x Carrot  pour 50.00β sur survie_new
[15:53:03] [ITEM_LISTED]: Yohan81 vend 64 x Carrot  pour 50.00β sur survie_new
[15:53:06] [ITEM_LISTED]: Yohan81 vend 64 x Carrot  pour 50.00β sur survie_new
[15:53:09] [ITEM_LISTED]: Yohan81 vend 64 x Carrot  pour 50.00β sur survie_new
[15:53:11] [ITEM_LISTED]: Yohan81 vend 64 x Carrot  pour 50.00β sur survie_new
[15:53:14] [ITEM_LISTED]: Yohan81 vend 64 x Carrot  pour 50.00β sur survie_new
[15:53:16] [ITEM_LISTED]: Yohan81 vend 64 x Carrot  pour 50.00β sur survie_new
[15:53:20] [ITEM_LISTED]: Yohan81 vend 64 x Carrot  pour 50.00β sur survie_new
[15:53:23] [ITEM_LISTED]: Yohan81 vend 64 x Carrot  pour 50.00β sur survie_new
[15:57:51] [ITEM_SOLD]: ghis22940 vendu 1 x Golden Horse Armor à  tintin064 pour 100.00 β le survie_new
[16:07:00] [ITEM_SOLD]: sylverfire02 vendu 64 x Cooked Beef à  Yohan81 pour 100.00 β le survie_new
[16:18:24] [ITEM_LISTED]: Yohan81 vend 64 x Clay Ball  pour 100.00β sur survie_new
[16:18:27] [ITEM_SOLD]: Yohan81 vendu 64 x Clay Ball à  Hydrenoir pour 100.00 β le survie_new
[16:18:27] [ITEM_LISTED]: Yohan81 vend 64 x Clay Ball  pour 100.00β sur survie_new
[16:18:29] [ITEM_LISTED]: Yohan81 vend 64 x Clay Ball  pour 100.00β sur survie_new
[16:18:37] [ITEM_LISTED]: Yohan81 vend 64 x Clay Ball  pour 100.00β sur survie_new
[16:18:39] [ITEM_LISTED]: Yohan81 vend 64 x Clay Ball  pour 100.00β sur survie_new
[16:18:40] [ITEM_LISTED]: Yohan81 vend 64 x Clay Ball  pour 100.00β sur survie_new
[16:36:57] [ITEM_SOLD]: Yohan81 vendu 64 x Clay Ball à  kalaistar pour 100.00 β le survie_new
[16:36:58] [ITEM_SOLD]: Yohan81 vendu 64 x Clay Ball à  kalaistar pour 100.00 β le survie_new
[16:36:59] [ITEM_SOLD]: Yohan81 vendu 64 x Clay Ball à  kalaistar pour 100.00 β le survie_new
[16:37:00] [ITEM_SOLD]: Yohan81 vendu 64 x Clay Ball à  kalaistar pour 100.00 β le survie_new
[16:37:01] [ITEM_SOLD]: Yohan81 vendu 64 x Clay Ball à  kalaistar pour 100.00 β le survie_new
[16:37:13] [ITEM_SOLD]: sylverfire02 vendu 1 x Enchanted Book à  kalaistar pour 500.00 β le survie_new
[16:55:35] [ITEM_SOLD]: eric2a vendu 64 x Netherrack à  Nadreel pour 150.00 β le survie_new
[16:56:28] [ITEM_DROPPED]: Abandon de la vente AzodFR expirée de 1 x Bone  pour 0.00β à leurs pieds le Nether
[17:02:01] [ITEM_SOLD]: Dragarde vendu 1 x Beacon à  MaloZazina pour 7,500.00 β le survie_new
[18:12:26] [ITEM_LISTED]: MyNameIs42 vend 64 x Bread  pour 150.00β sur survie_new
[18:12:28] [ITEM_LISTED]: MyNameIs42 vend 64 x Bread  pour 150.00β sur survie_new
[18:12:31] [ITEM_LISTED]: MyNameIs42 vend 64 x Bread  pour 150.00β sur survie_new
[18:12:35] [ITEM_LISTED]: MyNameIs42 vend 64 x Bread  pour 150.00β sur survie_new
[18:12:38] [ITEM_LISTED]: MyNameIs42 vend 64 x Bread  pour 150.00β sur survie_new
[18:12:41] [ITEM_LISTED]: MyNameIs42 vend 64 x Bread  pour 150.00β sur survie_new
[18:12:47] [ITEM_LISTED]: MyNameIs42 vend 64 x Bread  pour 150.00β sur survie_new
[18:12:52] [ITEM_LISTED]: MyNameIs42 vend 64 x Bread  pour 150.00β sur survie_new
[18:12:54] [ITEM_LISTED]: MyNameIs42 vend 64 x Bread  pour 150.00β sur survie_new
[18:14:13] [ITEM_CANCELLED]: MyNameIs42 annule la vente de 64x Melon Slice pour 50.00β sur survie_new
[18:14:13] [ITEM_CANCELLED]: MyNameIs42 annule la vente de 64x Melon Slice pour 50.00β sur survie_new
[18:14:24] [ITEM_RETURNED]: 64 x Melon Slice  renvoyé à MyNameIs42 le survie_new
[18:14:25] [ITEM_RETURNED]: 64 x Melon Slice  renvoyé à MyNameIs42 le survie_new
[18:17:40] [ITEM_SOLD]: HeFk vendu 64 x Anvil à  cmdix36 pour 600.00 β le survie_new
[18:17:44] [ITEM_SOLD]: HeFk vendu 64 x Anvil à  cmdix36 pour 600.00 β le survie_new
[18:24:56] [ITEM_SOLD]: WyRz_ vendu 64 x Blaze Rod à  Skilyder pour 100.00 β le survie_new
[18:24:59] [ITEM_SOLD]: WyRz_ vendu 64 x Blaze Rod à  Skilyder pour 100.00 β le survie_new
[18:25:23] [ITEM_SOLD]: MyNameIs42 vendu 64 x Bread à  Skilyder pour 150.00 β le survie_new
[18:28:13] [ITEM_SOLD]: toonjosh vendu 64 x Bamboo à  WaR_Lord_16 pour 100.00 β le survie_new
[18:30:05] [ITEM_SOLD]: MisterJump vendu 1 x Iron Horse Armor à  WaR_Lord_16 pour 5.00 β le survie_new
[18:35:09] [ITEM_SOLD]: Breyyyy vendu 3 x §;§:Spawner à Araignée venimeuse 1x à  IntegraleEpice pour 4,500.00 β le survie_new
[18:35:10] [ITEM_SOLD]: Breyyyy vendu 2 x §;§:Spawner à Araignée venimeuse 1x à  IntegraleEpice pour 2,500.00 β le survie_new
[18:37:08] [ITEM_SOLD]: limastic vendu 64 x Cocoa Beans à  kalaistar pour 150.00 β le survie_new
[19:10:01] [ITEM_LISTED]: Dragarde vend 1 x Beacon  pour 7,500.00β sur survie_new
[19:10:07] [ITEM_LISTED]: Breyyyy vend 3 x §;§:Spawner à Araignée venimeuse 1x  pour 4,500.00β sur survie_new
[19:10:08] [ITEM_LISTED]: Jettonial vend 64 x Bone  pour 50.00β sur survie_new
[19:10:10] [ITEM_LISTED]: Breyyyy vend 3 x §;§:Spawner à Araignée venimeuse 1x  pour 4,500.00β sur survie_new
[19:10:14] [ITEM_LISTED]: Jettonial vend 64 x Bone  pour 50.00β sur survie_new
[19:10:16] [ITEM_LISTED]: Breyyyy vend 2 x §;§:Spawner à Araignée venimeuse 1x  pour 3,500.00β sur survie_new
[19:10:17] [ITEM_LISTED]: Jettonial vend 64 x Bone  pour 50.00β sur survie_new
[19:10:20] [ITEM_LISTED]: Jettonial vend 64 x Bone  pour 50.00β sur survie_new
[19:10:21] [ITEM_LISTED]: Breyyyy vend 1 x §;§:Spawner à Araignée venimeuse 1x  pour 1,750.00β sur survie_new
[19:13:30] [ITEM_SOLD]: sylverfire02 vendu 64 x Cooked Beef à  Dilixc pour 100.00 β le survie_new
[19:13:43] [ITEM_SOLD]: eric2a vendu 64 x Cooked Beef à  Dilixc pour 100.00 β le survie_new
[19:13:48] [ITEM_SOLD]: eric2a vendu 64 x Cooked Beef à  Dilixc pour 100.00 β le survie_new
[19:15:14] [ITEM_SOLD]: Breyyyy vendu 2 x §;§:Spawner à Araignée venimeuse 1x à  BolatBorz pour 3,500.00 β le survie_new
[19:17:57] [ITEM_SOLD]: eric2a vendu 64 x Cooked Beef à  Dilix29 pour 100.00 β le survie_new
[19:20:08] [ITEM_SOLD]: Dragarde vendu 1 x Beacon à  Tesla248 pour 7,500.00 β le survie_new
[19:21:22] [ITEM_CANCELLED]: sylverfire02 annule la vente de 1x Beacon pour 20,000.00β sur survie_new
[19:21:23] [ITEM_CANCELLED]: sylverfire02 annule la vente de 1x Trident [Channeling, Impaling IV, Loyalty III, Mending, Unbreaking III] pour 30,000.00β sur survie_new
[19:21:27] [ITEM_RETURNED]: 1 x Trident  [Channeling, Impaling IV, Loyalty III, Mending, Unbreaking III] renvoyé à sylverfire02 le survie_new
[19:21:27] [ITEM_RETURNED]: 1 x Beacon  renvoyé à sylverfire02 le survie_new
[19:21:44] [ITEM_SOLD]: diotaro vendu 64 x Cobblestone à  Geratinapute pour 50.00 β le survie_new
[19:21:44] [ITEM_LISTED]: sylverfire02 vend 1 x Beacon  pour 15,000.00β sur survie_new
[19:21:48] [ITEM_SOLD]: Mikiu_Ahegao vendu 64 x Cobblestone à  Geratinapute pour 100.00 β le survie_new
[19:21:50] [ITEM_SOLD]: Mikiu_Ahegao vendu 64 x Cobblestone à  Geratinapute pour 100.00 β le survie_new
[19:21:52] [ITEM_SOLD]: Mikiu_Ahegao vendu 64 x Cobblestone à  Geratinapute pour 100.00 β le survie_new
[19:21:53] [ITEM_SOLD]: Mikiu_Ahegao vendu 64 x Cobblestone à  Geratinapute pour 100.00 β le survie_new
[19:21:55] [ITEM_SOLD]: Mikiu_Ahegao vendu 64 x Cobblestone à  Geratinapute pour 100.00 β le survie_new
[19:22:00] [ITEM_LISTED]: sylverfire02 vend 1 x Trident  [Channeling, Impaling IV, Loyalty III, Mending, Unbreaking III] pour 25,000.00β sur survie_new
[19:22:00] [ITEM_SOLD]: K666D vendu 64 x Cobblestone à  Geratinapute pour 50.00 β le survie_new
[19:22:02] [ITEM_SOLD]: K666D vendu 64 x Cobblestone à  Geratinapute pour 50.00 β le survie_new
[19:22:03] [ITEM_SOLD]: K666D vendu 64 x Cobblestone à  Geratinapute pour 50.00 β le survie_new
[19:22:04] [ITEM_SOLD]: K666D vendu 64 x Cobblestone à  Geratinapute pour 50.00 β le survie_new
[19:22:05] [ITEM_SOLD]: K666D vendu 64 x Cobblestone à  Geratinapute pour 50.00 β le survie_new
[19:22:15] [ITEM_LISTED]: Mikiu_Ahegao vend 64 x Cobblestone  pour 100.00β sur survie_new
[19:22:20] [ITEM_LISTED]: Mikiu_Ahegao vend 64 x Cobblestone  pour 100.00β sur survie_new
[19:22:23] [ITEM_SOLD]: K666D vendu 64 x Cobblestone à  Geratinapute pour 50.00 β le survie_new
[19:22:24] [ITEM_SOLD]: K666D vendu 64 x Cobblestone à  Geratinapute pour 50.00 β le survie_new
[19:22:25] [ITEM_SOLD]: K666D vendu 64 x Cobblestone à  Geratinapute pour 50.00 β le survie_new
[19:22:29] [ITEM_LISTED]: Mikiu_Ahegao vend 64 x Cobblestone  pour 100.00β sur survie_new
[19:22:37] [ITEM_LISTED]: Mikiu_Ahegao vend 64 x Cobblestone  pour 100.00β sur survie_new
[19:43:03] [ITEM_CANCELLED]: Breyyyy annule la vente de 1x §;§:Spawner à Araignée venimeuse 1x pour 1,750.00β sur survie_new
[19:43:10] [ITEM_RETURNED]: 1 x §;§:Spawner à Araignée venimeuse 1x  renvoyé à Breyyyy le survie_new
[19:43:16] [ITEM_LISTED]: Breyyyy vend 1 x §;§:Spawner à Araignée venimeuse 1x  pour 1,500.00β sur survie_new
[19:50:47] [ITEM_LISTED]: Breyyyy vend 64 x Iron Block  pour 7,500.00β sur survie_new
[19:58:28] [ITEM_LISTED]: CouzVeBaton vend 1 x §;§:Spawner à Zombie 1x  pour 1,500.00β sur survie_new
[20:00:37] [ITEM_LISTED]: Jettonial vend 1 x Shulker Box  pour 3.50β sur survie_new
[20:00:52] [ITEM_CANCELLED]: Jettonial annule la vente de 64x Bone pour 50.00β sur survie_new
[20:00:52] [ITEM_CANCELLED]: Jettonial annule la vente de 64x Bone pour 50.00β sur survie_new
[20:00:52] [ITEM_CANCELLED]: Jettonial annule la vente de 64x Bone pour 50.00β sur survie_new
[20:00:52] [ITEM_CANCELLED]: Jettonial annule la vente de 64x Bone pour 50.00β sur survie_new
[20:00:52] [ITEM_CANCELLED]: Jettonial annule la vente de 1x Shulker Box pour 3.50β sur survie_new
[20:01:02] [ITEM_RETURNED]: 1 x Shulker Box  renvoyé à Jettonial le survie_new
[20:01:09] [ITEM_RETURNED]: 64 x Bone  renvoyé à Jettonial le survie_new
[20:01:09] [ITEM_RETURNED]: 64 x Bone  renvoyé à Jettonial le survie_new
[20:01:10] [ITEM_RETURNED]: 64 x Bone  renvoyé à Jettonial le survie_new
[20:01:10] [ITEM_RETURNED]: 64 x Bone  renvoyé à Jettonial le survie_new
[20:01:34] [ITEM_LISTED]: Jettonial vend 64 x Bone  pour 35.00β sur survie_new
[20:01:38] [ITEM_LISTED]: Jettonial vend 64 x Bone  pour 35.00β sur survie_new
[20:01:40] [ITEM_LISTED]: Jettonial vend 64 x Bone  pour 35.00β sur survie_new
[20:01:43] [ITEM_LISTED]: Jettonial vend 64 x Bone  pour 35.00β sur survie_new
[20:01:59] [ITEM_LISTED]: Jettonial vend 1 x Shulker Box  pour 3,500.00β sur survie_new
[20:02:03] [ITEM_LISTED]: Jettonial vend 1 x Shulker Box  pour 3,500.00β sur survie_new
[20:06:36] [ITEM_LISTED]: LLIcocoman_Hrz vend 1 x Turtle Egg  pour 20.00β sur survie_new
[20:20:05] [ITEM_SOLD]: LLIcocoman_Hrz vendu 1 x Turtle Egg à  cmdix36 pour 20.00 β le survie_new
[20:21:25] [ITEM_SOLD]: sylverfire02 vendu 64 x Prismarine Shard à  Dragarde pour 500.00 β le survie_new
[20:28:17] [ITEM_SOLD]: Mikiu_Ahegao vendu 64 x Cobblestone à  Dilix29 pour 100.00 β le survie_new
[20:30:46] [ITEM_CANCELLED]: Breyyyy annule la vente de 3x §;§:Spawner à Araignée venimeuse 1x pour 4,500.00β sur survie_new
[20:30:47] [ITEM_CANCELLED]: Breyyyy annule la vente de 3x §;§:Spawner à Araignée venimeuse 1x pour 4,500.00β sur survie_new
[20:30:52] [ITEM_RETURNED]: 3 x §;§:Spawner à Araignée venimeuse 1x  renvoyé à Breyyyy le survie_new
[20:30:52] [ITEM_RETURNED]: 3 x §;§:Spawner à Araignée venimeuse 1x  renvoyé à Breyyyy le survie_new
[20:31:01] [ITEM_LISTED]: Breyyyy vend 3 x §;§:Spawner à Araignée venimeuse 1x  pour 4,499.00β sur survie_new
[20:31:04] [ITEM_LISTED]: Breyyyy vend 3 x §;§:Spawner à Araignée venimeuse 1x  pour 4,499.00β sur survie_new
[20:31:30] [ITEM_CANCELLED]: Jettonial annule la vente de 64x Bone pour 35.00β sur survie_new
[20:31:30] [ITEM_CANCELLED]: Jettonial annule la vente de 64x Bone pour 35.00β sur survie_new
[20:31:30] [ITEM_CANCELLED]: Jettonial annule la vente de 64x Bone pour 35.00β sur survie_new
[20:31:30] [ITEM_CANCELLED]: Jettonial annule la vente de 64x Bone pour 35.00β sur survie_new
[20:31:30] [ITEM_CANCELLED]: Jettonial annule la vente de 1x Shulker Box pour 3,500.00β sur survie_new
[20:31:30] [ITEM_CANCELLED]: Jettonial annule la vente de 1x Shulker Box pour 3,500.00β sur survie_new
[20:31:37] [ITEM_RETURNED]: 1 x Shulker Box  renvoyé à Jettonial le survie_new
[20:31:38] [ITEM_RETURNED]: 1 x Shulker Box  renvoyé à Jettonial le survie_new
[20:31:38] [ITEM_RETURNED]: 64 x Bone  renvoyé à Jettonial le survie_new
[20:31:39] [ITEM_RETURNED]: 64 x Bone  renvoyé à Jettonial le survie_new
[20:31:39] [ITEM_RETURNED]: 64 x Bone  renvoyé à Jettonial le survie_new
[20:31:40] [ITEM_RETURNED]: 64 x Bone  renvoyé à Jettonial le survie_new
[20:32:04] [ITEM_LISTED]: Jettonial vend 64 x Bone  pour 35.00β sur survie_new
[20:32:07] [ITEM_LISTED]: Jettonial vend 64 x Bone  pour 35.00β sur survie_new
[20:32:10] [ITEM_LISTED]: Jettonial vend 64 x Bone  pour 35.00β sur survie_new
[20:32:12] [ITEM_LISTED]: Jettonial vend 64 x Bone  pour 35.00β sur survie_new
[20:32:25] [ITEM_LISTED]: Jettonial vend 1 x Shulker Box  pour 2,500.00β sur survie_new
[20:32:27] [ITEM_LISTED]: Jettonial vend 1 x Shulker Box  pour 2,500.00β sur survie_new
[20:33:27] [ITEM_CANCELLED]: Jettonial annule la vente de 64x Bone pour 35.00β sur survie_new
[20:33:27] [ITEM_CANCELLED]: Jettonial annule la vente de 64x Bone pour 35.00β sur survie_new
[20:33:27] [ITEM_CANCELLED]: Jettonial annule la vente de 64x Bone pour 35.00β sur survie_new
[20:33:27] [ITEM_CANCELLED]: Jettonial annule la vente de 64x Bone pour 35.00β sur survie_new
[20:33:27] [ITEM_CANCELLED]: Jettonial annule la vente de 1x Shulker Box pour 2,500.00β sur survie_new
[20:33:27] [ITEM_CANCELLED]: Jettonial annule la vente de 1x Shulker Box pour 2,500.00β sur survie_new
[20:33:34] [ITEM_RETURNED]: 1 x Shulker Box  renvoyé à Jettonial le survie_new
[20:33:35] [ITEM_RETURNED]: 1 x Shulker Box  renvoyé à Jettonial le survie_new
[20:33:35] [ITEM_RETURNED]: 64 x Bone  renvoyé à Jettonial le survie_new
[20:33:36] [ITEM_RETURNED]: 64 x Bone  renvoyé à Jettonial le survie_new
[20:33:36] [ITEM_RETURNED]: 64 x Bone  renvoyé à Jettonial le survie_new
[20:33:36] [ITEM_RETURNED]: 64 x Bone  renvoyé à Jettonial le survie_new
[20:33:47] [ITEM_LISTED]: Jettonial vend 1 x Shulker Box  pour 1,500.00β sur survie_new
[20:33:50] [ITEM_LISTED]: Jettonial vend 1 x Shulker Box  pour 1,500.00β sur survie_new
[20:34:14] [ITEM_SOLD]: Jettonial vendu 1 x Shulker Box à  MyNameIs42 pour 1,500.00 β le survie_new
[20:34:16] [ITEM_SOLD]: Jettonial vendu 1 x Shulker Box à  Geratinapute pour 1,500.00 β le survie_new
[20:35:24] [ITEM_LISTED]: Jettonial vend 16 x Ender Pearl  pour 10.00β sur survie_new
[20:37:58] [ITEM_LISTED]: Jettonial vend 16 x Ender Pearl  pour 10.00β sur survie_new_the_end
[20:39:03] [ITEM_LISTED]: Jettonial vend 16 x Ender Pearl  pour 10.00β sur survie_new_the_end
[20:39:38] [ITEM_LISTED]: Jettonial vend 16 x Ender Pearl  pour 10.00β sur survie_new_the_end
[20:41:43] [ITEM_LISTED]: Jettonial vend 16 x Ender Pearl  pour 10.00β sur survie_new_the_end
[20:44:23] [ITEM_LISTED]: Jettonial vend 16 x Ender Pearl  pour 10.00β sur survie_new_the_end
[20:45:54] [ITEM_LISTED]: Jettonial vend 16 x Ender Pearl  pour 10.00β sur survie_new_the_end
[20:45:56] [ITEM_LISTED]: Jettonial vend 16 x Ender Pearl  pour 10.00β sur survie_new_the_end
[20:50:55] [ITEM_LISTED]: Jettonial vend 16 x Ender Pearl  pour 10.00β sur survie_new_the_end
[20:50:57] [ITEM_LISTED]: Jettonial vend 16 x Ender Pearl  pour 10.00β sur survie_new_the_end
[20:51:01] [ITEM_LISTED]: Jettonial vend 16 x Ender Pearl  pour 10.00β sur survie_new_the_end
[20:51:03] [ITEM_LISTED]: Jettonial vend 16 x Ender Pearl  pour 10.00β sur survie_new_the_end
[20:51:59] [ITEM_SOLD]: Jettonial vendu 16 x Ender Pearl à  Obyron pour 10.00 β le survie_new
[20:52:03] [ITEM_SOLD]: Jettonial vendu 16 x Ender Pearl à  Cantyo pour 10.00 β le survie_new_the_end
[20:52:04] [ITEM_SOLD]: Jettonial vendu 16 x Ender Pearl à  Obyron pour 10.00 β le survie_new_the_end
[20:52:05] [ITEM_SOLD]: Jettonial vendu 16 x Ender Pearl à  Cantyo pour 10.00 β le survie_new_the_end
[20:52:05] [ITEM_SOLD]: Jettonial vendu 16 x Ender Pearl à  Obyron pour 10.00 β le survie_new_the_end
[20:52:06] [ITEM_SOLD]: Jettonial vendu 16 x Ender Pearl à  Obyron pour 10.00 β le survie_new_the_end
[20:52:06] [ITEM_SOLD]: Jettonial vendu 16 x Ender Pearl à  Cantyo pour 10.00 β le survie_new_the_end
[20:52:10] [ITEM_SOLD]: Jettonial vendu 16 x Ender Pearl à  MisterJump pour 10.00 β le survie_new_the_end
[20:52:12] [ITEM_SOLD]: Jettonial vendu 16 x Ender Pearl à  MisterJump pour 10.00 β le survie_new_the_end
[20:52:12] [ITEM_SOLD]: Jettonial vendu 16 x Ender Pearl à  MyNameIs42 pour 10.00 β le survie_new_the_end
[20:52:13] [ITEM_SOLD]: Jettonial vendu 16 x Ender Pearl à  MisterJump pour 10.00 β le survie_new_the_end
[20:52:15] [ITEM_SOLD]: Jettonial vendu 16 x Ender Pearl à  MyNameIs42 pour 10.00 β le survie_new_the_end
[20:52:21] [ITEM_SOLD]: CouzVeBaton vendu 1 x §;§:Spawner à Zombie 1x à  MisterJump pour 1,500.00 β le survie_new
[20:58:48] [ITEM_LISTED]: Jettonial vend 16 x Ender Pearl  pour 10.00β sur survie_new_the_end
[20:58:50] [ITEM_LISTED]: Jettonial vend 16 x Ender Pearl  pour 10.00β sur survie_new_the_end
[20:58:52] [ITEM_LISTED]: Jettonial vend 16 x Ender Pearl  pour 10.00β sur survie_new_the_end
[20:58:54] [ITEM_LISTED]: Jettonial vend 16 x Ender Pearl  pour 10.00β sur survie_new_the_end
[21:05:45] [ITEM_LISTED]: Jettonial vend 16 x Ender Pearl  pour 10.00β sur survie_new_the_end
[21:05:47] [ITEM_LISTED]: Jettonial vend 16 x Ender Pearl  pour 10.00β sur survie_new_the_end
[21:05:48] [ITEM_LISTED]: Jettonial vend 16 x Ender Pearl  pour 10.00β sur survie_new_the_end
[21:05:50] [ITEM_LISTED]: Jettonial vend 16 x Ender Pearl  pour 10.00β sur survie_new_the_end
[21:07:15] [ITEM_LISTED]: Jettonial vend 16 x Ender Pearl  pour 10.00β sur survie_new
[21:09:08] [ITEM_SOLD]: eric2a vendu 64 x Cooked Beef à  Zougless pour 100.00 β le survie_new
[21:09:35] [ITEM_LISTED]: Breyyyy vend 2 x §;§:Spawner à Zombie 1x  pour 2,999.00β sur survie_new
[21:09:46] [ITEM_LISTED]: Breyyyy vend 3 x §;§:Spawner à Squelette 1x  pour 4,999.00β sur survie_new
[21:11:03] [ITEM_LISTED]: MyNameIs42 vend 64 x Dirt  pour 1.00β sur survie_new
[21:16:22] [ITEM_SOLD]: Jettonial vendu 16 x Ender Pearl à  kalaistar pour 10.00 β le survie_new
[21:16:23] [ITEM_SOLD]: Jettonial vendu 16 x Ender Pearl à  kalaistar pour 10.00 β le survie_new_the_end
[21:16:24] [ITEM_SOLD]: Jettonial vendu 16 x Ender Pearl à  kalaistar pour 10.00 β le survie_new_the_end
[21:16:25] [ITEM_SOLD]: Jettonial vendu 16 x Ender Pearl à  kalaistar pour 10.00 β le survie_new_the_end
[21:16:28] [ITEM_SOLD]: Jettonial vendu 16 x Ender Pearl à  kalaistar pour 10.00 β le survie_new_the_end
[21:16:33] [ITEM_SOLD]: Breyyyy vendu 64 x Iron Block à  kalaistar pour 7,500.00 β le survie_new
[21:16:34] [ITEM_SOLD]: Jettonial vendu 16 x Ender Pearl à  kalaistar pour 10.00 β le survie_new_the_end
[21:16:34] [ITEM_SOLD]: Jettonial vendu 16 x Ender Pearl à  kalaistar pour 10.00 β le survie_new_the_end
[21:16:35] [ITEM_SOLD]: Jettonial vendu 16 x Ender Pearl à  kalaistar pour 10.00 β le survie_new_the_end
[21:16:36] [ITEM_SOLD]: Jettonial vendu 16 x Ender Pearl à  kalaistar pour 10.00 β le survie_new_the_end
[21:16:44] [ITEM_CANCELLED]: Breyyyy annule la vente de 1x §;§:Spawner à Araignée venimeuse 1x pour 1,500.00β sur survie_new
[21:16:44] [ITEM_CANCELLED]: Breyyyy annule la vente de 3x §;§:Spawner à Araignée venimeuse 1x pour 4,499.00β sur survie_new
[21:16:44] [ITEM_CANCELLED]: Breyyyy annule la vente de 3x §;§:Spawner à Araignée venimeuse 1x pour 4,499.00β sur survie_new
[21:16:45] [ITEM_CANCELLED]: Breyyyy annule la vente de 2x §;§:Spawner à Zombie 1x pour 2,999.00β sur survie_new
[21:16:45] [ITEM_CANCELLED]: Breyyyy annule la vente de 3x §;§:Spawner à Squelette 1x pour 4,999.00β sur survie_new
[21:16:50] [ITEM_RETURNED]: 1 x §;§:Spawner à Araignée venimeuse 1x  renvoyé à Breyyyy le survie_new
[21:16:50] [ITEM_RETURNED]: 3 x §;§:Spawner à Araignée venimeuse 1x  renvoyé à Breyyyy le survie_new
[21:16:51] [ITEM_RETURNED]: 3 x §;§:Spawner à Araignée venimeuse 1x  renvoyé à Breyyyy le survie_new
[21:16:51] [ITEM_RETURNED]: 2 x §;§:Spawner à Zombie 1x  renvoyé à Breyyyy le survie_new
[21:16:51] [ITEM_RETURNED]: 3 x §;§:Spawner à Squelette 1x  renvoyé à Breyyyy le survie_new
[21:16:51] [ITEM_CANCELLED]: Breyyyy annule la vente de 1x Enchanted Golden Apple pour 1,500.00β sur survie_new
[21:17:39] [ITEM_SOLD]: Mikiu_Ahegao vendu 64 x Cobblestone à  Geratinapute pour 100.00 β le survie_new
[21:17:41] [ITEM_SOLD]: Mikiu_Ahegao vendu 64 x Cobblestone à  Geratinapute pour 100.00 β le survie_new
[21:17:42] [ITEM_SOLD]: Mikiu_Ahegao vendu 64 x Cobblestone à  Geratinapute pour 100.00 β le survie_new
[21:18:33] [ITEM_SOLD]: MyNameIs42 vendu 64 x Dirt à  Cantyo pour 1.00 β le survie_new
[21:28:13] [ITEM_SOLD]: Nadreel vendu 1 x Golden Axe à  [Efficiency I] Isaorya pour 600.00 β le survie_new
[21:49:59] [ITEM_LISTED]: Mikiu_Ahegao vend 64 x Sandstone  pour 50.00β sur survie_new
[21:50:04] [ITEM_LISTED]: Mikiu_Ahegao vend 64 x Sandstone  pour 50.00β sur survie_new
[21:51:12] [ITEM_SOLD]: limastic vendu 29 x Cocoa Beans à  kalaistar pour 100.00 β le survie_new
[21:51:14] [ITEM_LISTED]: Dragarde vend 1 x §;§:Spawner à Araignée venimeuse 1x  pour 800.00β sur survie_new
[21:51:15] [ITEM_SOLD]: Mikiu_Ahegao vendu 64 x Sandstone à  CroixVeBaton pour 50.00 β le survie_new
[21:51:17] [ITEM_SOLD]: Mikiu_Ahegao vendu 64 x Sandstone à  CroixVeBaton pour 50.00 β le survie_new
[21:51:18] [ITEM_SOLD]: Dragarde vendu 1 x §;§:Spawner à Araignée venimeuse 1x à  kalaistar pour 800.00 β le survie_new
[21:51:37] [ITEM_LISTED]: Mikiu_Ahegao vend 64 x Sandstone  pour 50.00β sur survie_new
[21:51:43] [ITEM_LISTED]: Mikiu_Ahegao vend 64 x Sandstone  pour 50.00β sur survie_new
[22:03:21] [ITEM_SOLD]: Axiton vendu 1 x Enchanted Book à  BolatBorz pour 400.00 β le survie_new
[22:34:49] [ITEM_DROPPED]: Abandon de la vente aidan expirée de 1 x Enchanted Book  pour 0.00β à leurs pieds le survie_new
[22:34:49] [ITEM_DROPPED]: Abandon de la vente aidan expirée de 1 x Enchanted Book  pour 0.00β à leurs pieds le survie_new
[22:34:49] [ITEM_DROPPED]: Abandon de la vente aidan expirée de 1 x Enchanted Book  pour 0.00β à leurs pieds le survie_new
[22:34:49] [ITEM_DROPPED]: Abandon de la vente aidan expirée de 1 x Enchanted Book  pour 0.00β à leurs pieds le survie_new
[22:34:49] [ITEM_DROPPED]: Abandon de la vente aidan expirée de 1 x Enchanted Book  pour 0.00β à leurs pieds le survie_new
[22:35:15] [ITEM_LISTED]: aidan vend 1 x Enchanted Book  pour 1,000.00β sur survie_new
[22:35:17] [ITEM_LISTED]: aidan vend 1 x Enchanted Book  pour 1,000.00β sur survie_new
[22:35:19] [ITEM_LISTED]: aidan vend 1 x Enchanted Book  pour 1,000.00β sur survie_new
[22:35:21] [ITEM_LISTED]: aidan vend 1 x Enchanted Book  pour 1,000.00β sur survie_new
[22:35:22] [ITEM_LISTED]: aidan vend 1 x Enchanted Book  pour 1,000.00β sur survie_new
[22:37:13] [ITEM_LISTED]: Isaorya vend 64 x Dirt  pour 10.00β sur survie_new
[22:37:18] [ITEM_LISTED]: Isaorya vend 64 x Dirt  pour 10.00β sur survie_new
[22:37:26] [ITEM_LISTED]: Isaorya vend 64 x Dirt  pour 10.00β sur survie_new
[22:37:28] [ITEM_LISTED]: Isaorya vend 64 x Dirt  pour 10.00β sur survie_new
[22:37:30] [ITEM_LISTED]: Isaorya vend 64 x Dirt  pour 10.00β sur survie_new
[22:37:33] [ITEM_LISTED]: Isaorya vend 64 x Dirt  pour 10.00β sur survie_new
[22:37:35] [ITEM_LISTED]: Isaorya vend 64 x Dirt  pour 10.00β sur survie_new
[22:37:39] [ITEM_LISTED]: Isaorya vend 64 x Dirt  pour 10.00β sur survie_new
[22:44:15] [ITEM_SOLD]: Isaorya vendu 64 x Dirt à  kalaistar pour 10.00 β le survie_new
[22:44:16] [ITEM_SOLD]: Isaorya vendu 64 x Dirt à  kalaistar pour 10.00 β le survie_new
[22:44:17] [ITEM_SOLD]: Isaorya vendu 64 x Dirt à  kalaistar pour 10.00 β le survie_new
[22:44:18] [ITEM_SOLD]: Isaorya vendu 64 x Dirt à  kalaistar pour 10.00 β le survie_new
[22:44:19] [ITEM_SOLD]: Isaorya vendu 64 x Dirt à  kalaistar pour 10.00 β le survie_new
[22:44:20] [ITEM_SOLD]: Isaorya vendu 64 x Dirt à  kalaistar pour 10.00 β le survie_new
[22:44:21] [ITEM_SOLD]: Isaorya vendu 64 x Dirt à  kalaistar pour 10.00 β le survie_new
[22:44:22] [ITEM_SOLD]: Isaorya vendu 64 x Dirt à  kalaistar pour 10.00 β le survie_new
[23:09:11] [ITEM_LISTED]: Zougless vend 64 x Spruce Log  pour 450.00β sur survie_new
[23:09:14] [ITEM_LISTED]: Zougless vend 64 x Spruce Log  pour 450.00β sur survie_new
[23:09:16] [ITEM_LISTED]: Zougless vend 64 x Spruce Log  pour 450.00β sur survie_new
[23:09:18] [ITEM_LISTED]: Zougless vend 64 x Spruce Log  pour 450.00β sur survie_new
[23:09:20] [ITEM_LISTED]: Zougless vend 64 x Spruce Log  pour 450.00β sur survie_new
[23:09:22] [ITEM_LISTED]: Zougless vend 64 x Spruce Log  pour 450.00β sur survie_new
[23:09:24] [ITEM_LISTED]: Zougless vend 64 x Spruce Log  pour 450.00β sur survie_new
[23:09:26] [ITEM_LISTED]: Zougless vend 64 x Spruce Log  pour 450.00β sur survie_new
[23:09:29] [ITEM_LISTED]: Zougless vend 64 x Spruce Log  pour 450.00β sur survie_new
[23:10:22] [ITEM_DROPPED]: Abandon de la vente Nexusso expirée de 40 x Dragon Breath  pour 0.00β à leurs pieds le survie_new
[23:22:53] [ITEM_LISTED]: pimendespelette vend 64 x Spruce Log  pour 300.00β sur survie_new
[23:22:57] [ITEM_LISTED]: pimendespelette vend 64 x Spruce Log  pour 300.00β sur survie_new
[23:23:04] [ITEM_LISTED]: pimendespelette vend 64 x Spruce Log  pour 350.00β sur survie_new
[23:23:08] [ITEM_LISTED]: pimendespelette vend 64 x Spruce Log  pour 350.00β sur survie_new
[23:40:20] [ITEM_SOLD]: pimendespelette vendu 64 x Spruce Log à  kalaistar pour 350.00 β le survie_new
[23:40:21] [ITEM_SOLD]: pimendespelette vendu 64 x Spruce Log à  kalaistar pour 350.00 β le survie_new
[23:40:22] [ITEM_SOLD]: pimendespelette vendu 64 x Spruce Log à  kalaistar pour 300.00 β le survie_new
[23:40:23] [ITEM_SOLD]: pimendespelette vendu 64 x Spruce Log à  kalaistar pour 300.00 β le survie_new
[23:59:19] [ITEM_SOLD]: MyNameIs42 vendu 64 x Bread à  WaR_Lord_16 pour 150.00 β le survie_new
