[00:01:28] [ITEM_SOLD]: Yohan81 vendu 64 x Carrot à  _Kamonohashi_ pour 50.00 β le survie_new
[00:14:52] [ITEM_SOLD]: Kaio_Beninou vendu 1 x Enchanted Book à  MyNameIs42 pour 15,000.00 β le survie_new
[00:28:37] [ITEM_SOLD]: Isaorya vendu 64 x Dirt à  Marcoco50100 pour 0.01 β le survie_new
[00:29:20] [ITEM_SOLD]: Yohan81 vendu 27 x Cooked Porkchop à  LiKaneH pour 50.00 β le survie_new
[13:24:04] [ITEM_SOLD]: SSLLOOTTHH vendu 1 x §;§:Spawner à Squelette 1x à  HeFk pour 3,000.00 β le survie_new
[13:24:11] [ITEM_SOLD]: PrinceJUULS vendu 1 x §;§:Spawner à Zombie 1x à  HeFk pour 4,000.00 β le survie_new
[13:24:13] [ITEM_SOLD]: PrinceJUULS vendu 1 x §;§:Spawner à Zombie 1x à  HeFk pour 4,000.00 β le survie_new
[13:24:14] [ITEM_SOLD]: Dagalaz vendu 1 x §;§:Spawner à Zombie 1x à  HeFk pour 5,000.00 β le survie_new
[13:24:15] [ITEM_SOLD]: Dagalaz vendu 1 x §;§:Spawner à Squelette 1x à  HeFk pour 5,000.00 β le survie_new
[13:24:16] [ITEM_SOLD]: Dagalaz vendu 1 x §;§:Spawner à Squelette 1x à  HeFk pour 5,000.00 β le survie_new
[13:51:18] [ITEM_DROPPED]: Abandon de la vente H_Caw expirée de 1 x Enchanted Book  pour 0.00β à leurs pieds le survie_new
[13:51:18] [ITEM_DROPPED]: Abandon de la vente H_Caw expirée de 1 x Enchanted Book  pour 0.00β à leurs pieds le survie_new
[14:03:06] [ITEM_LISTED]: Kaio_Beninou vend 1 x Enchanted Book  pour 15,000.00β sur survie_new
[15:06:58] [ITEM_LISTED]: MyNameIs42 vend 1 x Map  pour 5,000.00β sur survie_new
[16:06:47] [ITEM_LISTED]: froseur vend 1 x §;§:Spawner à Zombie 1x  pour 2,500.00β sur survie_new
[16:08:37] [ITEM_LISTED]: AzodFR vend 64 x Anvil  pour 64.00β sur survie_new
[16:08:39] [ITEM_LISTED]: AzodFR vend 64 x Anvil  pour 64.00β sur survie_new
[16:08:42] [ITEM_LISTED]: AzodFR vend 57 x Anvil  pour 57.00β sur survie_new
[17:08:59] [ITEM_DROPPED]: Abandon de la vente Siley_stone expirée de 42 x Iron Ingot  pour 0.00β à leurs pieds le spawn
[17:09:21] [ITEM_LISTED]: LiKaneH vend 16 x Ender Pearl  pour 100.00β sur survie_new
[17:11:49] [ITEM_LISTED]: LiKaneH vend 1 x Golden Apple  pour 2,000.00β sur survie_new
[17:25:27] [ITEM_LISTED]: Yohan81 vend 64 x Coal Block  pour 500.00β sur survie_new
[17:25:29] [ITEM_LISTED]: Yohan81 vend 64 x Coal Block  pour 500.00β sur survie_new
[17:25:38] [ITEM_LISTED]: Yohan81 vend 64 x Coal  pour 64.00β sur survie_new
[17:25:40] [ITEM_LISTED]: Yohan81 vend 64 x Coal  pour 64.00β sur survie_new
[17:25:43] [ITEM_LISTED]: Yohan81 vend 64 x Coal  pour 64.00β sur survie_new
[17:25:47] [ITEM_LISTED]: Yohan81 vend 17 x Coal Block  pour 64.00β sur survie_new
[17:25:51] [ITEM_LISTED]: Yohan81 vend 64 x Lapis Lazuli  pour 64.00β sur survie_new
[17:25:54] [ITEM_LISTED]: Yohan81 vend 64 x Lapis Lazuli  pour 64.00β sur survie_new
[17:25:57] [ITEM_LISTED]: Yohan81 vend 64 x Lapis Lazuli  pour 64.00β sur survie_new
[17:25:59] [ITEM_LISTED]: Yohan81 vend 64 x Lapis Lazuli  pour 64.00β sur survie_new
[17:26:37] [ITEM_LISTED]: Yohan81 vend 64 x Bread  pour 100.00β sur survie_new
[17:26:42] [ITEM_LISTED]: Yohan81 vend 26 x Bread  pour 26.00β sur survie_new
[17:26:51] [ITEM_LISTED]: Yohan81 vend 64 x Leather  pour 100.00β sur survie_new
[17:26:53] [ITEM_LISTED]: Yohan81 vend 64 x Leather  pour 100.00β sur survie_new
[17:26:57] [ITEM_LISTED]: Yohan81 vend 64 x Redstone  pour 64.00β sur survie_new
[17:27:02] [ITEM_LISTED]: Yohan81 vend 45 x Redstone  pour 40.00β sur survie_new
[17:27:04] [ITEM_LISTED]: Yohan81 vend 64 x Redstone  pour 64.00β sur survie_new
[17:27:10] [ITEM_LISTED]: Yohan81 vend 64 x Redstone  pour 64.00β sur survie_new
[17:27:12] [ITEM_LISTED]: Yohan81 vend 64 x Redstone  pour 64.00β sur survie_new
[17:27:22] [ITEM_SOLD]: Yohan81 vendu 64 x Coal Block à  portedegaia pour 500.00 β le survie_new
[17:27:26] [ITEM_SOLD]: Yohan81 vendu 17 x Coal Block à  portedegaia pour 64.00 β le survie_new
[17:27:29] [ITEM_SOLD]: Yohan81 vendu 64 x Coal Block à  portedegaia pour 500.00 β le survie_new
[17:31:26] [ITEM_CANCELLED]: Bertrand annule la vente de 1x Experience Bottle pour 2,000.00β sur survie_new
[17:31:28] [ITEM_CANCELLED]: Bertrand annule la vente de 1x Experience Bottle pour 2,000.00β sur survie_new
[17:31:38] [ITEM_LISTED]: Yohan81 vend 64 x Arrow  pour 25.00β sur survie_new
[17:31:39] [ITEM_LISTED]: Yohan81 vend 64 x Arrow  pour 25.00β sur survie_new
[17:31:42] [ITEM_LISTED]: Yohan81 vend 64 x Arrow  pour 25.00β sur survie_new
[17:31:44] [ITEM_LISTED]: Yohan81 vend 64 x Arrow  pour 25.00β sur survie_new
[17:31:44] [ITEM_RETURNED]: 1 x Experience Bottle  renvoyé à Bertrand le survie_new
[17:31:45] [ITEM_RETURNED]: 1 x Experience Bottle  renvoyé à Bertrand le survie_new
[17:32:10] [ITEM_LISTED]: Yohan81 vend 64 x Arrow  pour 25.00β sur survie_new
[17:32:15] [ITEM_LISTED]: Yohan81 vend 64 x Arrow  pour 25.00β sur survie_new
[17:32:19] [ITEM_LISTED]: Yohan81 vend 64 x Arrow  pour 25.00β sur survie_new
[17:32:20] [ITEM_LISTED]: Bertrand vend 1 x Experience Bottle  pour 750.00β sur survie_new
[17:32:20] [ITEM_LISTED]: Yohan81 vend 64 x Arrow  pour 25.00β sur survie_new
[17:32:25] [ITEM_LISTED]: Yohan81 vend 64 x Arrow  pour 25.00β sur survie_new
[17:32:27] [ITEM_LISTED]: Bertrand vend 1 x Experience Bottle  pour 750.00β sur survie_new
[18:18:10] [ITEM_LISTED]: Bertrand vend 4 x Dark Oak Sapling  pour 50.00β sur survie_new
[18:38:12] [ITEM_LISTED]: Marcoco50100 vend 64 x Prismarine Crystals  pour 5,000.00β sur survie_new
[18:38:15] [ITEM_LISTED]: Marcoco50100 vend 64 x Prismarine Crystals  pour 5,000.00β sur survie_new
[18:38:22] [ITEM_LISTED]: Marcoco50100 vend 64 x Prismarine Crystals  pour 5,000.00β sur survie_new
[18:38:24] [ITEM_LISTED]: Marcoco50100 vend 64 x Prismarine Crystals  pour 5,000.00β sur survie_new
[18:38:28] [ITEM_LISTED]: Marcoco50100 vend 64 x Prismarine Crystals  pour 5,000.00β sur survie_new
[18:56:17] [ITEM_SOLD]: portedegaia vendu 64 x Dark Oak Log à  SSLLOOTTHH pour 750.00 β le survie_new
[18:59:38] [ITEM_SOLD]: Marcoco50100 vendu 1 x Bonbon surprise à  Nexusso pour 30.00 β le survie_new
[19:00:08] [ITEM_SOLD]: Tesla248 vendu 1 x Shulker Box à  Hydrenoir pour 2,500.00 β le survie_new
[19:00:18] [ITEM_LISTED]: Hydrenoir vend 1 x Shulker Box  pour 3,500.00β sur survie_new
[19:27:09] [ITEM_SOLD]: Yohan81 vendu 64 x Arrow à  SSLLOOTTHH pour 25.00 β le survie_new
[19:27:10] [ITEM_SOLD]: Yohan81 vendu 64 x Arrow à  SSLLOOTTHH pour 25.00 β le survie_new
[19:28:17] [ITEM_SOLD]: Cryyzi vendu 1 x Bon pour un kit premium à  SSLLOOTTHH pour 15,000.00 β le survie_new
[19:29:44] [ITEM_SOLD]: froseur vendu 1 x §;§:Spawner à Zombie 1x à  PrinceJUULS pour 2,500.00 β le survie_new
[19:58:44] [ITEM_SOLD]: Marcoco50100 vendu 64 x Prismarine Crystals à  kalaistar pour 5,000.00 β le survie_new
[19:58:45] [ITEM_SOLD]: Marcoco50100 vendu 64 x Prismarine Crystals à  kalaistar pour 5,000.00 β le survie_new
[19:58:46] [ITEM_SOLD]: Marcoco50100 vendu 64 x Prismarine Crystals à  kalaistar pour 5,000.00 β le survie_new
[19:58:47] [ITEM_SOLD]: Marcoco50100 vendu 64 x Prismarine Crystals à  kalaistar pour 5,000.00 β le survie_new
[19:58:48] [ITEM_SOLD]: Marcoco50100 vendu 64 x Prismarine Crystals à  kalaistar pour 5,000.00 β le survie_new
[20:05:15] [ITEM_SOLD]: Yohan81 vendu 64 x Arrow à  Mikiu_Ahegao pour 25.00 β le survie_new
[20:07:16] [ITEM_LISTED]: Mikiu_Ahegao vend 1 x Iron Sword  [Sharpness I, Unbreaking I] pour 300.00β sur survie_new
[20:07:26] [ITEM_LISTED]: Mikiu_Ahegao vend 1 x Iron Shovel  [Efficiency I, Unbreaking I] pour 200.00β sur survie_new
[20:07:36] [ITEM_LISTED]: Mikiu_Ahegao vend 1 x Iron Axe  [Efficiency I, Unbreaking I] pour 200.00β sur survie_new
[20:07:43] [ITEM_LISTED]: Mikiu_Ahegao vend 32 x Dried Kelp  pour 300.00β sur survie_new
[20:08:07] [ITEM_SOLD]: Kaio_Beninou vendu 1 x Enchanted Book à  SSLLOOTTHH pour 15,000.00 β le survie_new
[20:18:16] [ITEM_LISTED]: Cryyzi vend 1 x Panel d'outil  pour 500.00β sur survie_new
[20:18:37] [ITEM_CANCELLED]: Cryyzi annule la vente de 1x Panel d'outil pour 500.00β sur survie_new
[20:18:52] [ITEM_RETURNED]: 1 x Panel d'outil  renvoyé à Cryyzi le survie_new
[22:22:11] [ITEM_SOLD]: AzodFR vendu 64 x Anvil à  Zougless pour 64.00 β le survie_new
[22:22:32] [ITEM_SOLD]: AzodFR vendu 64 x Anvil à  Zougless pour 64.00 β le survie_new
[22:23:18] [ITEM_SOLD]: whanik vendu 1 x Diamond Pickaxe à  [Fortune II, Unbreaking III] Dagalaz pour 7,000.00 β le survie_new
[22:35:27] [ITEM_LISTED]: Zougless vend 64 x Spruce Log  pour 450.00β sur survie_new
[22:35:29] [ITEM_LISTED]: Zougless vend 64 x Spruce Log  pour 450.00β sur survie_new
[22:35:32] [ITEM_LISTED]: Zougless vend 64 x Spruce Log  pour 450.00β sur survie_new
[22:35:34] [ITEM_LISTED]: Zougless vend 64 x Spruce Log  pour 450.00β sur survie_new
[22:35:39] [ITEM_LISTED]: Zougless vend 64 x Spruce Log  pour 450.00β sur survie_new
[22:35:42] [ITEM_LISTED]: Zougless vend 64 x Spruce Log  pour 450.00β sur survie_new
[22:35:44] [ITEM_LISTED]: Zougless vend 64 x Spruce Log  pour 450.00β sur survie_new
[22:35:46] [ITEM_LISTED]: Zougless vend 64 x Spruce Log  pour 450.00β sur survie_new
[22:35:48] [ITEM_LISTED]: Zougless vend 64 x Spruce Log  pour 450.00β sur survie_new
[22:36:11] [ITEM_LISTED]: Zougless vend 64 x Spruce Log  pour 400.00β sur survie_new
[22:36:13] [ITEM_LISTED]: Zougless vend 64 x Spruce Log  pour 400.00β sur survie_new
[22:36:15] [ITEM_LISTED]: Zougless vend 64 x Spruce Log  pour 400.00β sur survie_new
[22:36:17] [ITEM_LISTED]: Zougless vend 64 x Spruce Log  pour 400.00β sur survie_new
[22:36:20] [ITEM_LISTED]: Zougless vend 64 x Spruce Log  pour 400.00β sur survie_new
[22:36:21] [ITEM_LISTED]: Zougless vend 64 x Spruce Log  pour 400.00β sur survie_new
[22:36:23] [ITEM_LISTED]: Zougless vend 64 x Spruce Log  pour 400.00β sur survie_new
[22:36:25] [ITEM_LISTED]: Zougless vend 64 x Spruce Log  pour 400.00β sur survie_new
[22:36:27] [ITEM_LISTED]: Zougless vend 64 x Spruce Log  pour 400.00β sur survie_new
[22:44:09] [ITEM_SOLD]: MyNameIs42 vendu 48 x Cookie à  _Kamonohashi_ pour 64.00 β le survie_new
[22:44:50] [ITEM_LISTED]: Kaio_Beninou vend 1 x Enchanted Book  pour 15,000.00β sur survie_new
[22:51:05] [ITEM_LISTED]: Zougless vend 64 x Spruce Log  pour 400.00β sur survie_new
[22:51:09] [ITEM_LISTED]: Zougless vend 64 x Spruce Log  pour 400.00β sur survie_new
[22:51:11] [ITEM_LISTED]: Zougless vend 64 x Spruce Log  pour 400.00β sur survie_new
[22:51:13] [ITEM_LISTED]: Zougless vend 64 x Spruce Log  pour 400.00β sur survie_new
[22:51:15] [ITEM_LISTED]: Zougless vend 64 x Spruce Log  pour 400.00β sur survie_new
[22:51:17] [ITEM_LISTED]: Zougless vend 64 x Spruce Log  pour 400.00β sur survie_new
[22:51:19] [ITEM_LISTED]: Zougless vend 64 x Spruce Log  pour 400.00β sur survie_new
[22:51:22] [ITEM_LISTED]: Zougless vend 64 x Spruce Log  pour 400.00β sur survie_new
[22:51:24] [ITEM_LISTED]: Zougless vend 64 x Spruce Log  pour 400.00β sur survie_new
[23:27:40] [ITEM_SOLD]: Cryyzi vendu 1 x Shulker Shell à  Nexusso pour 1,500.00 β le survie_new_the_end
[23:37:06] [ITEM_SOLD]: Yohan81 vendu 64 x Blaze Rod à  Marcoco50100 pour 50.00 β le survie_new
