[00:05:31] [ITEM_LISTED]: RazerJojo listed 1x Name Tag for $400.00 on survie_new
[00:26:54] [ITEM_LISTED]: Tesla248 listed 64x Redstone Block for $5,000.00 on survie_new
[00:27:40] [ITEM_LISTED]: Tesla248 listed 64x Redstone Block for $6,000.00 on survie_new
[00:27:53] [ITEM_LISTED]: Tesla248 listed 64x Redstone Block for $7,000.00 on survie_new
[00:28:03] [ITEM_LISTED]: Tesla248 listed 64x Redstone Block for $8,000.00 on survie_new
[00:28:51] [ITEM_LISTED]: Tesla248 listed 64x Coal Block for $5,000.00 on survie_new
[00:29:03] [ITEM_LISTED]: Tesla248 listed 64x Coal Block for $6,000.00 on survie_new
[00:29:11] [ITEM_LISTED]: Tesla248 listed 64x Coal Block for $7,000.00 on survie_new
[00:29:21] [ITEM_LISTED]: Tesla248 listed 64x Coal Block for $8,000.00 on survie_new
[00:29:33] [ITEM_LISTED]: Tesla248 listed 64x Cyan Glazed Terracotta for $1,000.00 on survie_new
[00:29:42] [ITEM_LISTED]: Tesla248 listed 64x Bamboo for $100.00 on survie_new
[00:29:53] [ITEM_LISTED]: Tesla248 listed 64x Bamboo for $100.00 on survie_new
[00:30:02] [ITEM_LISTED]: Tesla248 listed 64x Bamboo for $100.00 on survie_new
[00:30:11] [ITEM_LISTED]: Tesla248 listed 64x Bamboo for $100.00 on survie_new
[00:30:18] [ITEM_LISTED]: Tesla248 listed 64x Bamboo for $100.00 on survie_new
[00:30:28] [ITEM_LISTED]: Tesla248 listed 1x Ominous Banner for $200.00 on survie_new
[00:30:38] [ITEM_LISTED]: Tesla248 listed 1x Ominous Banner for $200.00 on survie_new
[00:31:28] [ITEM_LISTED]: Tesla248 listed 1x Ominous Banner for $200.00 on survie_new
[00:31:36] [ITEM_LISTED]: Tesla248 listed 1x Ominous Banner for $200.00 on survie_new
[00:31:44] [ITEM_LISTED]: Tesla248 listed 1x Ominous Banner for $200.00 on survie_new
[00:31:51] [ITEM_LISTED]: Tesla248 listed 1x Ominous Banner for $200.00 on survie_new
[00:51:47] [ITEM_LISTED]: RazerJojo listed 1x Diamond Pickaxe [Silk Touch, Unbreaking II] for $999.00 on survie_new
[00:52:21] [ITEM_CANCELLED]: RazerJojo cancelled an auction for 1x Name Tag for $400.00 on survie_new
[00:52:24] [ITEM_RETURNED]: Returned 1x Name Tag to RazerJojo on survie_new
[00:52:30] [ITEM_LISTED]: RazerJojo listed 1x Name Tag for $250.00 on survie_new
[00:54:46] [ITEM_LISTED]: RazerJojo listed 1x Diamond Pickaxe [Silk Touch] for $1,999.00 on survie_new
[01:03:13] [ITEM_LISTED]: RazerJojo listed 1x Diamond Pickaxe [Silk Touch] for $1,999.00 on survie_new
[01:06:46] [ITEM_SOLD]: castor26 sold 64x Blaze Rod to Newt_hp for $250.00 on survie_new
[01:13:15] [ITEM_LISTED]: RazerJojo listed 1x Diamond Sword [Fire Aspect II, Looting III, Sharpness III] for $2,500.00 on survie_new
[01:16:22] [ITEM_LISTED]: RazerJojo listed 1x Enchanted Book for $1,000.00 on survie_new
[01:16:35] [ITEM_LISTED]: RazerJojo listed 1x ☙Jackaxe❧ [Efficiency V, Fortune III, Mending, Unbreaking III] for $1,000.00 on survie_new
[01:16:42] [ITEM_CANCELLED]: RazerJojo cancelled an auction for 1x ☙Jackaxe❧ [Efficiency V, Fortune III, Mending, Unbreaking III] for $1,000.00 on survie_new
[01:16:44] [ITEM_RETURNED]: Returned 1x ☙Jackaxe❧ [Efficiency V, Fortune III, Mending, Unbreaking III] to RazerJojo on survie_new
[01:21:10] [ITEM_CANCELLED]: RazerJojo cancelled an auction for 1x Diamond Sword [Fire Aspect II, Looting III, Sharpness III] for $2,500.00 on survie_new
[01:21:15] [ITEM_RETURNED]: Returned 1x Diamond Sword [Fire Aspect II, Looting III, Sharpness III] to RazerJojo on survie_new
[01:21:53] [ITEM_LISTED]: RazerJojo listed 1x Diamond Sword [Looting III, Smite IV] for $2,000.00 on survie_new
[01:28:47] [ITEM_LISTED]: Newt_hp listed 64x Baked Potato for $200.00 on survie_new
[01:28:52] [ITEM_LISTED]: Newt_hp listed 64x Baked Potato for $200.00 on survie_new
[01:28:55] [ITEM_LISTED]: Newt_hp listed 64x Baked Potato for $200.00 on survie_new
[01:36:02] [ITEM_LISTED]: RazerJojo listed 64x Diamond for $6,000.00 on survie_new
[01:39:35] [ITEM_CANCELLED]: RazerJojo cancelled an auction for 64x Diamond for $6,000.00 on survie_new
[01:39:40] [ITEM_RETURNED]: Returned 64x Diamond to RazerJojo on survie_new
[01:39:48] [ITEM_LISTED]: RazerJojo listed 64x Diamond for $5,000.00 on survie_new
[01:39:58] [ITEM_SOLD]: RazerJojo sold 64x Diamond to AzodFR for $5,000.00 on survie_new
[01:40:21] [ITEM_LISTED]: RazerJojo listed 64x Diamond for $5,000.00 on survie_new
[01:40:41] [ITEM_SOLD]: RazerJojo sold 64x Diamond to AzodFR for $5,000.00 on survie_new
[01:43:09] [ITEM_LISTED]: RazerJojo listed 10x Emerald for $780.00 on spawn
[01:48:14] [ITEM_LISTED]: REGDYLAN listed 1x [Zombie Spawner] for $2,000.00 on survie_new
[01:48:23] [ITEM_SOLD]: REGDYLAN sold 1x [Zombie Spawner] to Newt_hp for $2,000.00 on survie_new
[01:58:49] [ITEM_LISTED]: RazerJojo listed 64x Redstone Block for $300.00 on survie_new
[01:58:56] [ITEM_LISTED]: RazerJojo listed 64x Redstone Block for $250.00 on survie_new
[01:59:33] [ITEM_LISTED]: RazerJojo listed 64x Redstone Block for $350.00 on survie_new
[01:59:43] [ITEM_LISTED]: RazerJojo listed 64x Redstone Block for $250.00 on survie_new
[02:00:03] [ITEM_CANCELLED]: RazerJojo cancelled an auction for 64x Redstone Block for $250.00 on survie_new
[02:00:05] [ITEM_CANCELLED]: RazerJojo cancelled an auction for 64x Redstone Block for $250.00 on survie_new
[02:00:08] [ITEM_RETURNED]: Returned 64x Redstone Block to RazerJojo on survie_new
[02:00:08] [ITEM_RETURNED]: Returned 64x Redstone Block to RazerJojo on survie_new
[02:00:17] [ITEM_LISTED]: RazerJojo listed 64x Redstone Block for $400.00 on survie_new
[02:00:23] [ITEM_LISTED]: RazerJojo listed 64x Redstone Block for $450.00 on survie_new
[02:00:45] [ITEM_LISTED]: RazerJojo listed 7x Gold Ore for $100.00 on survie_new
[02:01:09] [ITEM_LISTED]: RazerJojo listed 64x Lapis Block for $1,000.00 on survie_new
[02:02:05] [ITEM_SOLD]: EbLhH sold 1x Iron Pickaxe to MaloZazina for $100.00 on survie_new
[02:03:45] [ITEM_LISTED]: RazerJojo listed 64x Diamond for $7,000.00 on survie_new
[02:05:33] [ITEM_SOLD]: RazerJojo sold 64x Diamond to AzodFR for $7,000.00 on survie_new
[02:05:39] [ITEM_SOLD]: RazerJojo sold 7x Gold Ore to AzodFR for $100.00 on survie_new
[02:15:26] [ITEM_LISTED]: REGDYLAN listed 1x SWORD [Looting II, Sharpness V, Unbreaking II] for $3,000.00 on survie_new
[02:18:44] [ITEM_LISTED]: REGDYLAN listed 1x Enchanted Book for $2,000.00 on survie_new
[02:19:17] [ITEM_LISTED]: REGDYLAN listed 1x Enchanted Book for $2,000.00 on survie_new
[02:19:32] [ITEM_LISTED]: REGDYLAN listed 1x Enchanted Book for $1,000.00 on survie_new
[02:33:21] [ITEM_SOLD]: Haru_M sold 1x Enchanted Book to ElfeZoulou for $2,800.00 on survie_new
[03:08:05] [ITEM_SOLD]: castor26 sold 64x Magma Block to MaloZazina for $2,000.00 on survie_new
[06:01:35] [ITEM_SOLD]: REGDYLAN sold 1x Elytra to  [Mending]Tchong for $4,500.00 on survie_new
[06:08:44] [ITEM_LISTED]: Newt_hp listed 64x Redstone Block for $2,000.00 on survie_new
[06:08:48] [ITEM_LISTED]: Newt_hp listed 64x Coal Block for $2,000.00 on survie_new
[06:08:57] [ITEM_LISTED]: Newt_hp listed 64x Lapis Block for $2,500.00 on survie_new
[06:15:29] [ITEM_LISTED]: Newt_hp listed 3x Emerald Block for $5,000.00 on survie_new
[07:59:35] [ITEM_LISTED]: Oniah listed 1x [Spider Spawner] for $2,800.00 on spawn
[08:23:49] [ITEM_SOLD]: Haru_M sold 1x Enchanted Book to Oniah for $2,800.00 on survie_new
[08:40:07] [ITEM_SOLD]: castor26 sold 64x Soul Sand to Oniah for $1,000.00 on survie_new
[08:57:01] [ITEM_SOLD]: Oniah sold 1x [Spider Spawner] to GrosBoze for $2,800.00 on spawn
[08:57:48] [ITEM_SOLD]: castor26 sold 64x Soul Sand to Oniah for $1,000.00 on survie_new
[08:58:01] [ITEM_SOLD]: castor26 sold 64x Soul Sand to Oniah for $1,000.00 on survie_new
[08:58:58] [ITEM_SOLD]: castor26 sold 64x Soul Sand to Oniah for $1,000.00 on survie_new
[09:47:24] [ITEM_SOLD]: RazerJojo sold 64x Lapis Block to Oniah for $1,000.00 on survie_new
[09:48:09] [ITEM_SOLD]: RazerJojo sold 64x Redstone Block to Oniah for $300.00 on survie_new
[11:55:46] [ITEM_SOLD]: RazerJojo sold 1x Diamond Pickaxe to  [Silk Touch, Unbreaking II]Xylophast for $999.00 on survie_new
[12:48:05] [ITEM_SOLD]: RazerJojo sold 1x Name Tag to Tesla248 for $250.00 on survie_new
[12:48:44] [ITEM_SOLD]: REGDYLAN sold 1x SWORD to  [Looting II, Sharpness V, Unbreaking II]_megamigit_ for $3,000.00 on survie_new
[12:52:35] [ITEM_LISTED]: AzodFR listed 1x Golden Axe [Efficiency X] for $500.00 on survie_new
[12:53:26] [ITEM_SOLD]: AzodFR sold 1x Golden Axe to  [Efficiency X]_megamigit_ for $500.00 on survie_new
[13:20:18] [ITEM_SOLD]: REGDYLAN sold 1x Elytra to  [Mending]GrosBoze for $4,500.00 on survie_new
[13:21:00] [ITEM_SOLD]: CapitaineNiamor sold 1x Iron Helmet to  [Protection III]_megamigit_ for $100.00 on survie_new
[13:21:05] [ITEM_SOLD]: CapitaineNiamor sold 1x Iron Helmet to  [Respiration III, Unbreaking III]_megamigit_ for $100.00 on survie_new
[13:23:16] [ITEM_LISTED]: KevoWaZ listed 64x Cobblestone for $40.00 on survie_new
[13:23:22] [ITEM_LISTED]: KevoWaZ listed 64x Cobblestone for $40.00 on survie_new
[13:23:25] [ITEM_LISTED]: KevoWaZ listed 64x Cobblestone for $40.00 on survie_new
[13:23:28] [ITEM_LISTED]: KevoWaZ listed 64x Cobblestone for $40.00 on survie_new
[13:23:31] [ITEM_LISTED]: KevoWaZ listed 64x Cobblestone for $40.00 on survie_new
[13:23:34] [ITEM_LISTED]: KevoWaZ listed 64x Cobblestone for $40.00 on survie_new
[13:23:36] [ITEM_LISTED]: KevoWaZ listed 64x Cobblestone for $40.00 on survie_new
[13:23:39] [ITEM_LISTED]: KevoWaZ listed 64x Cobblestone for $40.00 on survie_new
[13:23:42] [ITEM_LISTED]: KevoWaZ listed 64x Cobblestone for $40.00 on survie_new
[13:23:45] [ITEM_LISTED]: KevoWaZ listed 64x Cobblestone for $40.00 on survie_new
[13:31:20] [ITEM_SOLD]: CroixVeBaton sold 64x White Wool to REGDYLAN for $500.00 on survie_new
[13:31:22] [ITEM_SOLD]: CroixVeBaton sold 64x White Wool to REGDYLAN for $500.00 on survie_new
[13:36:38] [ITEM_SOLD]: CapitaineNiamor sold 1x Iron Leggings to  [Protection IV]_megamigit_ for $50.00 on survie_new
[13:37:37] [ITEM_SOLD]: CapitaineNiamor sold 1x Iron Boots to  [Fire Protection II, Frost Walker II]_megamigit_ for $100.00 on survie_new
[13:47:06] [ITEM_LISTED]: _megamigit_ listed 64x Oak Log for $160.00 on Ressource
[13:47:10] [ITEM_SOLD]: _megamigit_ sold 64x Oak Log to AzodFR for $160.00 on Ressource
[13:47:11] [ITEM_LISTED]: _megamigit_ listed 64x Oak Log for $160.00 on Ressource
[13:47:20] [ITEM_SOLD]: _megamigit_ sold 64x Oak Log to AzodFR for $160.00 on Ressource
[13:49:03] [ITEM_SOLD]: CapitaineNiamor sold 1x Iron Leggings to  [Fire Protection II, Unbreaking III]_megamigit_ for $10.00 on survie_new
[13:50:28] [ITEM_SOLD]: CapitaineNiamor sold 1x Iron Boots to  [Feather Falling IV, Protection III]_megamigit_ for $50.00 on survie_new
[14:15:28] [ITEM_LISTED]: Haru_M listed 1x Enchanted Book for $2,800.00 on survie_new
[14:15:31] [ITEM_LISTED]: Haru_M listed 1x Enchanted Book for $2,800.00 on survie_new
[14:15:33] [ITEM_LISTED]: Haru_M listed 1x Enchanted Book for $2,800.00 on survie_new
[14:15:36] [ITEM_LISTED]: Haru_M listed 1x Enchanted Book for $2,800.00 on survie_new
[14:15:40] [ITEM_LISTED]: Haru_M listed 1x Enchanted Book for $2,800.00 on survie_new
[14:15:43] [ITEM_LISTED]: Haru_M listed 1x Enchanted Book for $2,800.00 on survie_new
[14:21:35] [ITEM_SOLD]: pierro sold 64x Coal to _megamigit_ for $150.00 on survie_new
[14:29:36] [ITEM_LISTED]: pierro listed 11x Wheat Seeds for $500.00 on survie_new
[14:29:50] [ITEM_CANCELLED]: pierro cancelled an auction for 11x Wheat Seeds for $500.00 on survie_new
[14:30:01] [ITEM_LISTED]: pierro listed 64x Nether Wart for $500.00 on survie_new
[14:33:33] [ITEM_LISTED]: Xylophast listed 10x Potato for $1.00 on survie_new
[14:33:37] [ITEM_SOLD]: Xylophast sold 10x Potato to ElfeZoulou for $1.00 on survie_new
[14:34:25] [ITEM_LISTED]: ElfeZoulou listed 10x Potato for $1.00 on survie_new
[14:34:48] [ITEM_SOLD]: ElfeZoulou sold 10x Potato to REGDYLAN for $1.00 on survie_new
[14:34:54] [ITEM_LISTED]: pierro listed 64x Nether Wart for $450.00 on survie_new
[14:49:46] [ITEM_LISTED]: REGDYLAN listed 1x Enchanted Book for $50.00 on survie_new
[15:23:46] [ITEM_LISTED]: Kasne listed 1x Diamond Sword [Bane of Arthropods IV, Sweeping Edge III, Unbreaking III] for $750.00 on survie_new
[15:23:52] [ITEM_LISTED]: Kasne listed 1x Diamond Sword [Smite IV] for $750.00 on survie_new
[15:23:56] [ITEM_LISTED]: Kasne listed 1x Diamond Sword [Bane of Arthropods IV] for $750.00 on survie_new
[15:41:14] [ITEM_SOLD]: limastic sold 1x Diamond Chestplate to  [Fire Protection III]_megamigit_ for $200.00 on survie_new
[15:42:16] [ITEM_CANCELLED]: mayte_ cancelled an auction for 1x Lucky block #1 for $10,000.00 on survie_new
[15:42:17] [ITEM_CANCELLED]: mayte_ cancelled an auction for 1x Lucky block #2 for $10,000.00 on survie_new
[15:42:17] [ITEM_CANCELLED]: mayte_ cancelled an auction for 1x Lucky block #3 for $10,000.00 on survie_new
[15:42:18] [ITEM_CANCELLED]: mayte_ cancelled an auction for 1x Lucky block #4 for $10,000.00 on survie_new
[15:42:18] [ITEM_CANCELLED]: mayte_ cancelled an auction for 1x Lucky block #5 for $10,000.00 on survie_new
[15:42:19] [ITEM_CANCELLED]: mayte_ cancelled an auction for 1x Lucky block #6 for $10,000.00 on survie_new
[15:42:19] [ITEM_CANCELLED]: mayte_ cancelled an auction for 1x Lucky block #7 for $10,000.00 on survie_new
[15:42:19] [ITEM_CANCELLED]: mayte_ cancelled an auction for 1x Lucky block #8 for $10,000.00 on survie_new
[15:42:21] [ITEM_RETURNED]: Returned 1x Lucky block #1 to mayte_ on survie_new
[15:42:22] [ITEM_RETURNED]: Returned 1x Lucky block #2 to mayte_ on survie_new
[15:42:22] [ITEM_RETURNED]: Returned 1x Lucky block #3 to mayte_ on survie_new
[15:42:23] [ITEM_RETURNED]: Returned 1x Lucky block #4 to mayte_ on survie_new
[15:42:23] [ITEM_RETURNED]: Returned 1x Lucky block #5 to mayte_ on survie_new
[15:42:23] [ITEM_RETURNED]: Returned 1x Lucky block #6 to mayte_ on survie_new
[15:42:24] [ITEM_RETURNED]: Returned 1x Lucky block #7 to mayte_ on survie_new
[15:42:24] [ITEM_RETURNED]: Returned 1x Lucky block #8 to mayte_ on survie_new
[15:45:56] [ITEM_SOLD]: Haru_M sold 1x Enchanted Book to Oniah for $2,800.00 on survie_new
[15:57:55] [ITEM_LISTED]: mayte_ listed 1x [Cave spider Spawner] for $750.00 on Ressource
[15:59:59] [ITEM_SOLD]: Kasne sold 1x Diamond Sword to  [Bane of Arthropods IV, Sweeping Edge III, Unbreaking III]Kishings for $750.00 on survie_new
[16:00:06] [ITEM_SOLD]: mayte_ sold 1x [Cave spider Spawner] to Kishings for $750.00 on Ressource
[16:00:15] [ITEM_SOLD]: Tesla248 sold 1x Ominous Banner to Kishings for $200.00 on survie_new
[16:00:17] [ITEM_SOLD]: RazerJojo sold 1x Diamond Pickaxe to  [Silk Touch]Kishings for $1,999.00 on survie_new
[16:00:25] [ITEM_SOLD]: Newt_hp sold 64x Baked Potato to Kishings for $200.00 on survie_new
[16:00:52] [ITEM_SOLD]: REGDYLAN sold 1x Enchanted Book to _megamigit_ for $50.00 on survie_new
[16:14:47] [ITEM_LISTED]: Haru_M listed 1x Beacon for $15,000.00 on survie_new
[16:14:57] [ITEM_SOLD]: Haru_M sold 1x Beacon to Mr_Yt_Fr for $15,000.00 on survie_new
[16:16:34] [ITEM_SOLD]: Haru_M sold 1x Enchanted Book to ElfeZoulou for $2,800.00 on survie_new
[16:18:24] [ITEM_SOLD]: CapitaineNiamor sold 1x Dragon Head to Mr_Yt_Fr for $1,000.00 on survie_new
[16:19:37] [ITEM_LISTED]: mayte_ listed 1x [Cave spider Spawner] for $750.00 on Ressource
[16:19:39] [ITEM_LISTED]: mayte_ listed 1x [Cave spider Spawner] for $750.00 on Ressource
[16:21:46] [ITEM_LISTED]: mayte_ listed 1x [Cave spider Spawner] for $750.00 on Ressource
[16:22:38] [ITEM_SOLD]: RazerJojo sold 10x Emerald to Kishings for $780.00 on spawn
[16:22:41] [ITEM_SOLD]: Tesla248 sold 1x Ominous Banner to Kishings for $200.00 on survie_new
[16:23:25] [ITEM_LISTED]: mayte_ listed 1x [Cave spider Spawner] for $750.00 on Ressource
[16:26:11] [ITEM_LISTED]: mayte_ listed 1x [Cave spider Spawner] for $750.00 on Ressource
[16:33:34] [ITEM_LISTED]: mayte_ listed 5x Heart Of The Sea for $1,000.00 on survie_new
[16:55:53] [ITEM_SOLD]: Haru_M sold 1x Enchanted Book to GrosBoze for $2,000.00 on survie_new
[16:56:36] [ITEM_SOLD]: Haru_M sold 1x Enchanted Book to GrosBoze for $2,800.00 on survie_new
[17:01:51] [ITEM_SOLD]: Haru_M sold 1x Enchanted Book to mayte_ for $2,800.00 on survie_new
[17:03:37] [ITEM_LISTED]: Oniah listed 1x Saddle for $25.00 on spawn
[17:04:22] [ITEM_SOLD]: Newt_hp sold 64x Baked Potato to mayte_ for $200.00 on survie_new
[17:27:22] [ITEM_LISTED]: mayte_ listed 3x [Blaze Spawner] for $5,000.00 on survie_new
[17:28:14] [ITEM_LISTED]: mayte_ listed 1x Alliance de mayté et haru for $99,999.00 on survie_new
[17:30:09] [ITEM_LISTED]: Oniah listed 1x Saddle for $25.00 on spawn
[17:48:04] [ITEM_LISTED]: Oniah listed 1x Saddle for $25.00 on spawn
[17:49:41] [ITEM_LISTED]: mayte_ listed 1x Totem Of Undying for $100.00 on survie_new
[17:49:43] [ITEM_LISTED]: mayte_ listed 1x Totem Of Undying for $100.00 on survie_new
[17:49:52] [ITEM_LISTED]: mayte_ listed 1x Totem Of Undying for $100.00 on survie_new
[17:52:50] [ITEM_SOLD]: Fr3nCh_CraFt sold 1x Trident to  [Loyalty III, Mending]_Shoku_ for $10,000.00 on survie_new
[17:56:15] [ITEM_LISTED]: _Shoku_ listed 1x Diamond Sword [Fire Aspect I, Knockback II, Looting I, Mending, Sharpness V, Sweeping Edge II, Curse of Vanishing] for $5,000.00 on survie_new
[18:13:03] [ITEM_LISTED]: Oniah listed 1x Saddle for $25.00 on spawn
[18:13:08] [ITEM_LISTED]: Oniah listed 1x Saddle for $25.00 on spawn
[18:13:20] [ITEM_SOLD]: mayte_ sold 3x [Blaze Spawner] to Oniah for $5,000.00 on survie_new
[18:54:47] [ITEM_SOLD]: Kasne sold 1x Diamond Sword to  [Smite IV]ErwanCht for $750.00 on survie_new
[18:56:33] [ITEM_CANCELLED]: ErwanCht cancelled an auction for 1x End Crystal for $100,000.00 on survie_new
[18:56:39] [ITEM_RETURNED]: Returned 1x End Crystal to ErwanCht on survie_new
[19:37:00] [ITEM_SOLD]: RazerJojo sold 1x Diamond Sword to  [Looting III, Smite IV]ELcinto for $2,000.00 on survie_new
[19:45:19] [ITEM_SOLD]: Newt_hp sold 64x Baked Potato to MaloZazina for $200.00 on survie_new
[20:03:11] [ITEM_CANCELLED]: mayte_ cancelled an auction for 1x [Cave spider Spawner] for $750.00 on Ressource
[20:03:11] [ITEM_CANCELLED]: mayte_ cancelled an auction for 1x [Cave spider Spawner] for $750.00 on Ressource
[20:03:12] [ITEM_CANCELLED]: mayte_ cancelled an auction for 1x [Cave spider Spawner] for $750.00 on Ressource
[20:03:12] [ITEM_CANCELLED]: mayte_ cancelled an auction for 1x [Cave spider Spawner] for $750.00 on Ressource
[20:03:12] [ITEM_CANCELLED]: mayte_ cancelled an auction for 1x [Cave spider Spawner] for $750.00 on Ressource
[20:03:15] [ITEM_RETURNED]: Returned 1x [Cave spider Spawner] to mayte_ on Ressource
[20:03:16] [ITEM_RETURNED]: Returned 1x [Cave spider Spawner] to mayte_ on Ressource
[20:03:16] [ITEM_RETURNED]: Returned 1x [Cave spider Spawner] to mayte_ on Ressource
[20:03:16] [ITEM_RETURNED]: Returned 1x [Cave spider Spawner] to mayte_ on Ressource
[20:03:16] [ITEM_RETURNED]: Returned 1x [Cave spider Spawner] to mayte_ on Ressource
[20:03:28] [ITEM_LISTED]: mayte_ listed 5x [Cave spider Spawner] for $3,000.00 on survie_new
[20:04:57] [ITEM_LISTED]: mayte_ listed 1x Haru marie moi <3 for $1,000,000.00 on survie_new
[20:39:44] [ITEM_SOLD]: CapitaineNiamor sold 1x Saddle to Isaorya for $50.00 on survie_new
[20:39:54] [ITEM_SOLD]: Oniah sold 1x Saddle to Isaorya for $25.00 on spawn
[20:51:47] [ITEM_SOLD]: Oniah sold 1x Saddle to Mikiu_Ahegao for $25.00 on spawn
[20:55:20] [ITEM_SOLD]: pierro sold 64x Bamboo to altergest for $100.00 on survie_new
[20:55:32] [ITEM_SOLD]: Joox_ sold 1x Iron Chestplate to  [Mending, Thorns II]altergest for $500.00 on survie_new
[20:58:52] [ITEM_LISTED]: DVTspyce listed 64x Wheat for $100.00 on spawn
[20:58:58] [ITEM_LISTED]: DVTspyce listed 64x Wheat for $100.00 on spawn
[21:01:27] [ITEM_SOLD]: mayte_ sold 1x Totem Of Undying to Mikiu_Ahegao for $100.00 on survie_new
[21:01:57] [ITEM_LISTED]: Tesla248 listed 64x Sugar Cane for $75.00 on survie_new
[21:02:05] [ITEM_LISTED]: Tesla248 listed 64x Sugar Cane for $75.00 on survie_new
[21:02:13] [ITEM_LISTED]: Tesla248 listed 64x Sugar Cane for $75.00 on survie_new
[21:02:19] [ITEM_LISTED]: Tesla248 listed 64x Sugar Cane for $75.00 on survie_new
[21:02:26] [ITEM_LISTED]: Tesla248 listed 64x Sugar Cane for $75.00 on survie_new
[21:02:32] [ITEM_LISTED]: Tesla248 listed 64x Sugar Cane for $75.00 on survie_new
[21:02:44] [ITEM_SOLD]: mayte_ sold 1x Totem Of Undying to Mikiu_Ahegao for $100.00 on survie_new
[21:04:13] [ITEM_SOLD]: Tesla248 sold 64x Sugar Cane to Isaorya for $75.00 on survie_new
[21:04:22] [ITEM_SOLD]: Tesla248 sold 64x Sugar Cane to Isaorya for $75.00 on survie_new
[21:04:23] [ITEM_SOLD]: Tesla248 sold 64x Sugar Cane to Isaorya for $75.00 on survie_new
[21:04:24] [ITEM_SOLD]: Tesla248 sold 64x Sugar Cane to Isaorya for $75.00 on survie_new
[21:04:26] [ITEM_SOLD]: Tesla248 sold 64x Sugar Cane to Isaorya for $75.00 on survie_new
[21:04:38] [ITEM_SOLD]: Tesla248 sold 64x Sugar Cane to Isaorya for $75.00 on survie_new
[21:11:35] [ITEM_SOLD]: Tesla248 sold 64x Bamboo to Le_maske for $100.00 on survie_new
[21:18:55] [ITEM_SOLD]: Tesla248 sold 64x Bamboo to Xyphon_ for $100.00 on survie_new
[21:19:01] [ITEM_LISTED]: AlphaFox_FR listed 1x Iron Pickaxe [Efficiency II, Silk Touch, Unbreaking II] for $1,000.00 on survie_new
[21:19:15] [ITEM_SOLD]: mayte_ sold 5x [Cave spider Spawner] to Hydrenoir for $3,000.00 on survie_new
[21:19:17] [ITEM_SOLD]: fredwills23 sold 64x Kelp to Xyphon_ for $1,000.00 on survie_new
[21:19:46] [ITEM_SOLD]: mayte_ sold 1x Totem Of Undying to Hydrenoir for $100.00 on survie_new
[21:24:28] [ITEM_CANCELLED]: AlphaFox_FR cancelled an auction for 1x Iron Pickaxe [Efficiency II, Silk Touch, Unbreaking II] for $1,000.00 on survie_new
[21:24:32] [ITEM_RETURNED]: Returned 1x Iron Pickaxe [Efficiency II, Silk Touch, Unbreaking II] to AlphaFox_FR on survie_new
[21:38:14] [ITEM_LISTED]: AzodFR listed 1x Potion for $10.00 on survie_new
[21:38:17] [ITEM_LISTED]: AzodFR listed 1x Potion for $10.00 on survie_new
[21:38:18] [ITEM_LISTED]: AzodFR listed 1x Potion for $10.00 on survie_new
[21:38:20] [ITEM_LISTED]: AzodFR listed 1x Potion for $10.00 on survie_new
[21:38:22] [ITEM_LISTED]: AzodFR listed 1x Potion for $10.00 on survie_new
[21:38:24] [ITEM_LISTED]: AzodFR listed 1x Potion for $10.00 on survie_new
[21:38:26] [ITEM_LISTED]: AzodFR listed 1x Potion for $10.00 on survie_new
[21:38:28] [ITEM_LISTED]: AzodFR listed 1x Potion for $10.00 on survie_new
[21:38:29] [ITEM_LISTED]: AzodFR listed 1x Potion for $10.00 on survie_new
[21:38:37] [ITEM_LISTED]: AzodFR listed 1x Potion for $10.00 on survie_new
[21:38:41] [ITEM_LISTED]: AzodFR listed 1x Potion for $10.00 on survie_new
[21:38:42] [ITEM_LISTED]: AzodFR listed 1x Potion for $10.00 on survie_new
[21:38:44] [ITEM_LISTED]: AzodFR listed 1x Potion for $10.00 on survie_new
[21:38:46] [ITEM_LISTED]: AzodFR listed 1x Potion for $10.00 on survie_new
[21:38:49] [ITEM_LISTED]: AzodFR listed 1x Potion for $10.00 on survie_new
[21:38:50] [ITEM_LISTED]: AzodFR listed 1x Potion for $10.00 on survie_new
[21:38:52] [ITEM_LISTED]: AzodFR listed 1x Potion for $10.00 on survie_new
[21:38:54] [ITEM_LISTED]: AzodFR listed 1x Potion for $10.00 on survie_new
[21:39:05] [ITEM_LISTED]: AzodFR listed 1x Potion for $10.00 on survie_new
[21:39:06] [ITEM_LISTED]: AzodFR listed 1x Potion for $10.00 on survie_new
[21:39:07] [ITEM_LISTED]: AzodFR listed 1x Potion for $10.00 on survie_new
[21:39:08] [ITEM_LISTED]: AzodFR listed 1x Potion for $10.00 on survie_new
[21:39:09] [ITEM_LISTED]: AzodFR listed 1x Potion for $10.00 on survie_new
[21:39:12] [ITEM_LISTED]: AzodFR listed 1x Potion for $10.00 on survie_new
[21:39:14] [ITEM_LISTED]: AzodFR listed 1x Potion for $10.00 on survie_new
[21:39:17] [ITEM_LISTED]: AzodFR listed 1x Potion for $10.00 on survie_new
[21:39:18] [ITEM_LISTED]: AzodFR listed 1x Potion for $10.00 on survie_new
[21:39:52] [ITEM_LISTED]: AzodFR listed 1x Potion for $10.00 on survie_new
[21:39:53] [ITEM_LISTED]: AzodFR listed 1x Potion for $10.00 on survie_new
[21:39:54] [ITEM_LISTED]: AzodFR listed 1x Potion for $10.00 on survie_new
[21:39:55] [ITEM_LISTED]: AzodFR listed 1x Potion for $10.00 on survie_new
[21:39:57] [ITEM_LISTED]: AzodFR listed 1x Potion for $10.00 on survie_new
[21:39:58] [ITEM_LISTED]: AzodFR listed 1x Potion for $10.00 on survie_new
[21:39:59] [ITEM_LISTED]: AzodFR listed 1x Potion for $10.00 on survie_new
[21:40:01] [ITEM_LISTED]: AzodFR listed 1x Potion for $10.00 on survie_new
[21:40:02] [ITEM_LISTED]: AzodFR listed 1x Potion for $10.00 on survie_new
[21:40:06] [ITEM_SOLD]: AzodFR sold 1x Potion to Isaorya for $10.00 on survie_new
[21:40:07] [ITEM_SOLD]: AzodFR sold 1x Potion to Isaorya for $10.00 on survie_new
[21:40:28] [ITEM_LISTED]: AzodFR listed 1x Potion for $10.00 on survie_new
[21:40:30] [ITEM_LISTED]: AzodFR listed 1x Potion for $10.00 on survie_new
[21:40:35] [ITEM_LISTED]: AzodFR listed 1x Potion for $10.00 on survie_new
[21:40:35] [ITEM_LISTED]: AzodFR listed 1x Potion for $10.00 on survie_new
[21:40:39] [ITEM_LISTED]: AzodFR listed 1x Potion for $10.00 on survie_new
[21:40:40] [ITEM_LISTED]: AzodFR listed 1x Potion for $10.00 on survie_new
[21:40:42] [ITEM_LISTED]: AzodFR listed 1x Potion for $10.00 on survie_new
[21:40:43] [ITEM_LISTED]: AzodFR listed 1x Potion for $10.00 on survie_new
[21:40:44] [ITEM_LISTED]: AzodFR listed 1x Potion for $10.00 on survie_new
[21:40:49] [ITEM_SOLD]: CapitaineNiamor sold 1x Shulker Box to Isaorya for $1,500.00 on survie_new
[21:40:53] [ITEM_LISTED]: AzodFR listed 1x Potion for $10.00 on survie_new
[21:41:13] [ITEM_SOLD]: Haru_M sold 1x Enchanted Book to pimendespelette for $2,800.00 on survie_new
[21:41:14] [ITEM_SOLD]: Haru_M sold 1x Enchanted Book to pimendespelette for $2,800.00 on survie_new
[21:57:21] [ITEM_SOLD]: AzodFR sold 1x Potion to ElfeZoulou for $10.00 on survie_new
[21:59:17] [ITEM_LISTED]: Haru_M listed 1x Enchanted Book for $2,800.00 on survie_new
[21:59:22] [ITEM_LISTED]: Haru_M listed 1x Enchanted Book for $2,800.00 on survie_new
[21:59:25] [ITEM_LISTED]: Haru_M listed 1x Enchanted Book for $2,800.00 on survie_new
[21:59:28] [ITEM_LISTED]: Haru_M listed 1x Enchanted Book for $2,800.00 on survie_new
[21:59:30] [ITEM_LISTED]: Haru_M listed 1x Enchanted Book for $2,800.00 on survie_new
[21:59:34] [ITEM_LISTED]: Haru_M listed 1x Enchanted Book for $2,800.00 on survie_new
[21:59:44] [ITEM_LISTED]: Haru_M listed 1x Enchanted Book for $2,800.00 on survie_new
[21:59:47] [ITEM_LISTED]: Haru_M listed 1x Enchanted Book for $2,800.00 on survie_new
[21:59:50] [ITEM_LISTED]: Haru_M listed 1x Enchanted Book for $2,800.00 on survie_new
[21:59:52] [ITEM_LISTED]: Haru_M listed 1x Enchanted Book for $2,800.00 on survie_new
[21:59:56] [ITEM_LISTED]: Haru_M listed 1x Enchanted Book for $2,800.00 on survie_new
[22:00:08] [ITEM_LISTED]: Haru_M listed 1x Enchanted Book for $2,800.00 on survie_new
[22:00:15] [ITEM_CANCELLED]: Haru_M cancelled an auction for 1x Enchanted Book for $2,800.00 on survie_new
[22:00:21] [ITEM_LISTED]: Haru_M listed 1x Enchanted Book for $3,000.00 on survie_new
[22:00:26] [ITEM_LISTED]: Haru_M listed 1x Enchanted Book for $3,000.00 on survie_new
[22:00:30] [ITEM_LISTED]: Haru_M listed 1x Enchanted Book for $3,000.00 on survie_new
[22:00:37] [ITEM_LISTED]: Haru_M listed 1x Enchanted Book for $3,000.00 on survie_new
[22:00:41] [ITEM_LISTED]: Haru_M listed 1x Enchanted Book for $3,000.00 on survie_new
[22:03:39] [ITEM_SOLD]: AzodFR sold 1x Potion to Jarreshan for $10.00 on survie_new
[22:04:32] [ITEM_SOLD]: AzodFR sold 1x Potion to Jarreshan for $10.00 on survie_new
[22:06:22] [ITEM_SOLD]: AzodFR sold 1x Potion to ElfeZoulou for $10.00 on survie_new
[22:06:23] [ITEM_SOLD]: AzodFR sold 1x Potion to ElfeZoulou for $10.00 on survie_new
[22:06:25] [ITEM_SOLD]: AzodFR sold 1x Potion to ElfeZoulou for $10.00 on survie_new
[22:10:13] [ITEM_LISTED]: Nexusso listed 1x Gilet Jaune [Projectile Protection II] for $50.00 on survie_new
[22:10:15] [ITEM_LISTED]: Nexusso listed 1x Gilet Jaune [Blast Protection I] for $50.00 on survie_new
[22:10:17] [ITEM_LISTED]: Nexusso listed 1x Gilet Jaune [Projectile Protection I] for $50.00 on survie_new
[22:17:26] [ITEM_SOLD]: Haru_M sold 1x Enchanted Book to Nexusso for $3,000.00 on survie_new
[22:17:30] [ITEM_SOLD]: Haru_M sold 1x Enchanted Book to Nexusso for $3,000.00 on survie_new
[22:17:32] [ITEM_SOLD]: Haru_M sold 1x Enchanted Book to Nexusso for $3,000.00 on survie_new
[22:24:47] [ITEM_SOLD]: castor26 sold 64x Blaze Rod to Legendaires for $250.00 on survie_new
[22:24:57] [ITEM_SOLD]: castor26 sold 64x Blaze Rod to Legendaires for $250.00 on survie_new
[22:25:12] [ITEM_SOLD]: castor26 sold 64x Blaze Rod to GuiGuiPlay for $250.00 on survie_new
[22:25:14] [ITEM_SOLD]: castor26 sold 64x Blaze Rod to GuiGuiPlay for $250.00 on survie_new
[22:40:58] [ITEM_LISTED]: Jarreshan listed 1x Crossbow for $100.00 on survie_new
[22:41:03] [ITEM_LISTED]: Jarreshan listed 1x Crossbow for $100.00 on survie_new
[22:45:20] [ITEM_LISTED]: Jarreshan listed 6x [Zombie Spawner] for $3,000.00 on survie_new
[22:45:46] [ITEM_SOLD]: Jarreshan sold 1x Enchanted Book to Mr_Yt_Fr for $500.00 on survie_new
[22:46:14] [ITEM_LISTED]: Jarreshan listed 1x Enchanted Book for $500.00 on survie_new
[22:48:09] [ITEM_SOLD]: Jarreshan sold 6x [Zombie Spawner] to REGDYLAN for $3,000.00 on survie_new
[22:49:11] [ITEM_LISTED]: REGDYLAN listed 1x [Zombie Spawner] for $2,000.00 on survie_new
[22:49:13] [ITEM_LISTED]: REGDYLAN listed 1x [Zombie Spawner] for $2,000.00 on survie_new
[22:49:14] [ITEM_LISTED]: REGDYLAN listed 1x [Zombie Spawner] for $2,000.00 on survie_new
[22:49:15] [ITEM_LISTED]: REGDYLAN listed 1x [Zombie Spawner] for $2,000.00 on survie_new
[22:49:17] [ITEM_LISTED]: REGDYLAN listed 1x [Zombie Spawner] for $2,000.00 on survie_new
[22:49:18] [ITEM_LISTED]: REGDYLAN listed 1x [Zombie Spawner] for $2,000.00 on survie_new
[22:54:42] [ITEM_SOLD]: Haru_M sold 1x Enchanted Book to Newt_hp for $2,800.00 on survie_new
[23:12:44] [ITEM_SOLD]: AzodFR sold 1x Potion to Mr_Yt_Fr for $10.00 on survie_new
[23:12:46] [ITEM_SOLD]: AzodFR sold 1x Potion to Mr_Yt_Fr for $10.00 on survie_new
[23:12:48] [ITEM_SOLD]: AzodFR sold 1x Potion to Mr_Yt_Fr for $10.00 on survie_new
[23:12:50] [ITEM_SOLD]: AzodFR sold 1x Potion to Mr_Yt_Fr for $10.00 on survie_new
[23:12:51] [ITEM_SOLD]: AzodFR sold 1x Potion to Mr_Yt_Fr for $10.00 on survie_new
[23:12:55] [ITEM_SOLD]: AzodFR sold 1x Potion to Mr_Yt_Fr for $10.00 on survie_new
[23:12:56] [ITEM_SOLD]: AzodFR sold 1x Potion to Mr_Yt_Fr for $10.00 on survie_new
[23:12:59] [ITEM_SOLD]: AzodFR sold 1x Potion to Mr_Yt_Fr for $10.00 on survie_new
[23:13:01] [ITEM_SOLD]: AzodFR sold 1x Potion to Mr_Yt_Fr for $10.00 on survie_new
[23:13:02] [ITEM_SOLD]: AzodFR sold 1x Potion to Mr_Yt_Fr for $10.00 on survie_new
[23:13:04] [ITEM_SOLD]: AzodFR sold 1x Potion to Mr_Yt_Fr for $10.00 on survie_new
[23:13:07] [ITEM_SOLD]: AzodFR sold 1x Potion to Mr_Yt_Fr for $10.00 on survie_new
[23:13:16] [ITEM_SOLD]: AzodFR sold 1x Potion to Mr_Yt_Fr for $10.00 on survie_new
[23:13:18] [ITEM_SOLD]: AzodFR sold 1x Potion to Mr_Yt_Fr for $10.00 on survie_new
[23:13:21] [ITEM_SOLD]: AzodFR sold 1x Potion to Mr_Yt_Fr for $10.00 on survie_new
[23:13:23] [ITEM_SOLD]: AzodFR sold 1x Potion to Mr_Yt_Fr for $10.00 on survie_new
[23:13:26] [ITEM_SOLD]: AzodFR sold 1x Potion to Mr_Yt_Fr for $10.00 on survie_new
[23:13:28] [ITEM_SOLD]: AzodFR sold 1x Potion to Mr_Yt_Fr for $10.00 on survie_new
[23:13:34] [ITEM_SOLD]: AzodFR sold 1x Potion to Mr_Yt_Fr for $10.00 on survie_new
[23:13:36] [ITEM_SOLD]: AzodFR sold 1x Potion to Mr_Yt_Fr for $10.00 on survie_new
[23:13:41] [ITEM_SOLD]: AzodFR sold 1x Potion to Mr_Yt_Fr for $10.00 on survie_new
[23:13:44] [ITEM_SOLD]: AzodFR sold 1x Potion to Mr_Yt_Fr for $10.00 on survie_new
[23:13:47] [ITEM_SOLD]: AzodFR sold 1x Potion to Mr_Yt_Fr for $10.00 on survie_new
[23:13:50] [ITEM_SOLD]: AzodFR sold 1x Potion to Mr_Yt_Fr for $10.00 on survie_new
[23:13:52] [ITEM_SOLD]: AzodFR sold 1x Potion to Mr_Yt_Fr for $10.00 on survie_new
[23:13:55] [ITEM_SOLD]: AzodFR sold 1x Potion to Mr_Yt_Fr for $10.00 on survie_new
[23:14:09] [ITEM_SOLD]: AzodFR sold 1x Potion to Mr_Yt_Fr for $10.00 on survie_new
[23:14:11] [ITEM_SOLD]: AzodFR sold 1x Potion to Mr_Yt_Fr for $10.00 on survie_new
[23:14:12] [ITEM_SOLD]: AzodFR sold 1x Potion to Mr_Yt_Fr for $10.00 on survie_new
[23:14:14] [ITEM_SOLD]: AzodFR sold 1x Potion to Mr_Yt_Fr for $10.00 on survie_new
[23:14:15] [ITEM_SOLD]: AzodFR sold 1x Potion to Mr_Yt_Fr for $10.00 on survie_new
[23:14:17] [ITEM_SOLD]: AzodFR sold 1x Potion to Mr_Yt_Fr for $10.00 on survie_new
[23:14:19] [ITEM_SOLD]: AzodFR sold 1x Potion to Mr_Yt_Fr for $10.00 on survie_new
[23:14:21] [ITEM_SOLD]: AzodFR sold 1x Potion to Mr_Yt_Fr for $10.00 on survie_new
[23:14:23] [ITEM_SOLD]: AzodFR sold 1x Potion to Mr_Yt_Fr for $10.00 on survie_new
[23:14:24] [ITEM_SOLD]: AzodFR sold 1x Potion to Mr_Yt_Fr for $10.00 on survie_new
[23:14:25] [ITEM_SOLD]: AzodFR sold 1x Potion to Mr_Yt_Fr for $10.00 on survie_new
[23:14:27] [ITEM_SOLD]: AzodFR sold 1x Potion to Mr_Yt_Fr for $10.00 on survie_new
[23:17:46] [ITEM_LISTED]: AzodFR listed 1x Potion for $10.00 on survie_new
[23:17:48] [ITEM_LISTED]: AzodFR listed 1x Potion for $10.00 on survie_new
[23:17:49] [ITEM_LISTED]: AzodFR listed 1x Potion for $10.00 on survie_new
[23:17:49] [ITEM_LISTED]: AzodFR listed 1x Potion for $10.00 on survie_new
[23:17:50] [ITEM_LISTED]: AzodFR listed 1x Potion for $10.00 on survie_new
[23:17:51] [ITEM_LISTED]: AzodFR listed 1x Potion for $10.00 on survie_new
[23:17:53] [ITEM_LISTED]: AzodFR listed 1x Potion for $10.00 on survie_new
[23:17:54] [ITEM_LISTED]: AzodFR listed 1x Potion for $10.00 on survie_new
[23:17:55] [ITEM_LISTED]: AzodFR listed 1x Potion for $10.00 on survie_new
[23:17:58] [ITEM_SOLD]: AzodFR sold 1x Potion to Mr_Yt_Fr for $10.00 on survie_new
[23:18:01] [ITEM_SOLD]: AzodFR sold 1x Potion to Mr_Yt_Fr for $10.00 on survie_new
[23:18:01] [ITEM_LISTED]: AzodFR listed 1x Potion for $10.00 on survie_new
[23:18:02] [ITEM_SOLD]: AzodFR sold 1x Potion to Mr_Yt_Fr for $10.00 on survie_new
[23:18:02] [ITEM_LISTED]: AzodFR listed 1x Potion for $10.00 on survie_new
[23:18:04] [ITEM_SOLD]: AzodFR sold 1x Potion to Mr_Yt_Fr for $10.00 on survie_new
[23:18:04] [ITEM_LISTED]: AzodFR listed 1x Potion for $10.00 on survie_new
[23:18:05] [ITEM_LISTED]: AzodFR listed 1x Potion for $10.00 on survie_new
[23:18:06] [ITEM_LISTED]: AzodFR listed 1x Potion for $10.00 on survie_new
[23:18:07] [ITEM_LISTED]: AzodFR listed 1x Potion for $10.00 on survie_new
[23:18:08] [ITEM_SOLD]: AzodFR sold 1x Potion to Mr_Yt_Fr for $10.00 on survie_new
[23:18:09] [ITEM_LISTED]: AzodFR listed 1x Potion for $10.00 on survie_new
[23:18:10] [ITEM_SOLD]: AzodFR sold 1x Potion to Mr_Yt_Fr for $10.00 on survie_new
[23:18:13] [ITEM_SOLD]: AzodFR sold 1x Potion to Mr_Yt_Fr for $10.00 on survie_new
[23:18:13] [ITEM_LISTED]: AzodFR listed 1x Potion for $10.00 on survie_new
[23:18:14] [ITEM_SOLD]: AzodFR sold 1x Potion to Mr_Yt_Fr for $10.00 on survie_new
[23:18:15] [ITEM_LISTED]: AzodFR listed 1x Potion for $10.00 on survie_new
[23:18:15] [ITEM_SOLD]: AzodFR sold 1x Potion to Mr_Yt_Fr for $10.00 on survie_new
[23:18:16] [ITEM_SOLD]: AzodFR sold 1x Potion to Mr_Yt_Fr for $10.00 on survie_new
[23:18:18] [ITEM_SOLD]: AzodFR sold 1x Potion to Mr_Yt_Fr for $10.00 on survie_new
[23:18:20] [ITEM_SOLD]: AzodFR sold 1x Potion to Mr_Yt_Fr for $10.00 on survie_new
[23:18:21] [ITEM_SOLD]: AzodFR sold 1x Potion to Mr_Yt_Fr for $10.00 on survie_new
[23:18:23] [ITEM_SOLD]: AzodFR sold 1x Potion to Mr_Yt_Fr for $10.00 on survie_new
[23:18:23] [ITEM_LISTED]: AzodFR listed 1x Potion for $10.00 on survie_new
[23:18:24] [ITEM_LISTED]: AzodFR listed 1x Potion for $10.00 on survie_new
[23:18:24] [ITEM_SOLD]: AzodFR sold 1x Potion to Mr_Yt_Fr for $10.00 on survie_new
[23:18:24] [ITEM_LISTED]: AzodFR listed 1x Potion for $10.00 on survie_new
[23:18:25] [ITEM_LISTED]: AzodFR listed 1x Potion for $10.00 on survie_new
[23:18:25] [ITEM_SOLD]: AzodFR sold 1x Potion to Mr_Yt_Fr for $10.00 on survie_new
[23:18:28] [ITEM_SOLD]: AzodFR sold 1x Potion to Mr_Yt_Fr for $10.00 on survie_new
[23:18:28] [ITEM_LISTED]: AzodFR listed 1x Potion for $10.00 on survie_new
[23:18:29] [ITEM_LISTED]: AzodFR listed 1x Potion for $10.00 on survie_new
[23:18:29] [ITEM_SOLD]: AzodFR sold 1x Potion to Mr_Yt_Fr for $10.00 on survie_new
[23:18:30] [ITEM_LISTED]: AzodFR listed 1x Potion for $10.00 on survie_new
[23:18:30] [ITEM_SOLD]: AzodFR sold 1x Potion to Mr_Yt_Fr for $10.00 on survie_new
[23:18:31] [ITEM_LISTED]: AzodFR listed 1x Potion for $10.00 on survie_new
[23:18:32] [ITEM_SOLD]: AzodFR sold 1x Potion to Mr_Yt_Fr for $10.00 on survie_new
[23:18:32] [ITEM_LISTED]: AzodFR listed 1x Potion for $10.00 on survie_new
[23:18:33] [ITEM_SOLD]: AzodFR sold 1x Potion to Mr_Yt_Fr for $10.00 on survie_new
[23:18:34] [ITEM_SOLD]: AzodFR sold 1x Potion to Mr_Yt_Fr for $10.00 on survie_new
[23:18:38] [ITEM_SOLD]: AzodFR sold 1x Potion to Mr_Yt_Fr for $10.00 on survie_new
[23:18:40] [ITEM_SOLD]: AzodFR sold 1x Potion to Mr_Yt_Fr for $10.00 on survie_new
[23:18:41] [ITEM_SOLD]: AzodFR sold 1x Potion to Mr_Yt_Fr for $10.00 on survie_new
[23:18:46] [ITEM_LISTED]: AzodFR listed 1x Potion for $10.00 on survie_new
[23:18:47] [ITEM_LISTED]: AzodFR listed 1x Potion for $10.00 on survie_new
[23:18:48] [ITEM_LISTED]: AzodFR listed 1x Potion for $10.00 on survie_new
[23:18:49] [ITEM_LISTED]: AzodFR listed 1x Potion for $10.00 on survie_new
[23:18:50] [ITEM_LISTED]: AzodFR listed 1x Potion for $10.00 on survie_new
[23:18:52] [ITEM_LISTED]: AzodFR listed 1x Potion for $10.00 on survie_new
[23:18:53] [ITEM_LISTED]: AzodFR listed 1x Potion for $10.00 on survie_new
[23:18:54] [ITEM_SOLD]: AzodFR sold 1x Potion to Mr_Yt_Fr for $10.00 on survie_new
[23:18:54] [ITEM_LISTED]: AzodFR listed 1x Potion for $10.00 on survie_new
[23:18:55] [ITEM_LISTED]: AzodFR listed 1x Potion for $10.00 on survie_new
[23:18:56] [ITEM_SOLD]: AzodFR sold 1x Potion to Mr_Yt_Fr for $10.00 on survie_new
[23:18:58] [ITEM_SOLD]: AzodFR sold 1x Potion to Mr_Yt_Fr for $10.00 on survie_new
[23:19:01] [ITEM_SOLD]: AzodFR sold 1x Potion to Mr_Yt_Fr for $10.00 on survie_new
[23:19:03] [ITEM_SOLD]: AzodFR sold 1x Potion to Mr_Yt_Fr for $10.00 on survie_new
[23:19:07] [ITEM_SOLD]: AzodFR sold 1x Potion to Mr_Yt_Fr for $10.00 on survie_new
[23:19:11] [ITEM_SOLD]: AzodFR sold 1x Potion to Mr_Yt_Fr for $10.00 on survie_new
[23:19:14] [ITEM_SOLD]: AzodFR sold 1x Potion to Mr_Yt_Fr for $10.00 on survie_new
[23:19:16] [ITEM_SOLD]: AzodFR sold 1x Potion to Mr_Yt_Fr for $10.00 on survie_new
[23:19:18] [ITEM_SOLD]: AzodFR sold 1x Potion to Mr_Yt_Fr for $10.00 on survie_new
[23:19:34] [ITEM_LISTED]: AzodFR listed 1x Potion for $10.00 on survie_new
[23:19:35] [ITEM_LISTED]: AzodFR listed 1x Potion for $10.00 on survie_new
[23:19:36] [ITEM_LISTED]: AzodFR listed 1x Potion for $10.00 on survie_new
[23:19:37] [ITEM_LISTED]: AzodFR listed 1x Potion for $10.00 on survie_new
[23:19:38] [ITEM_LISTED]: AzodFR listed 1x Potion for $10.00 on survie_new
[23:19:39] [ITEM_LISTED]: AzodFR listed 1x Potion for $10.00 on survie_new
[23:19:43] [ITEM_LISTED]: AzodFR listed 1x Potion for $10.00 on survie_new
[23:19:57] [ITEM_LISTED]: AzodFR listed 1x Potion for $10.00 on survie_new
[23:19:59] [ITEM_LISTED]: AzodFR listed 1x Potion for $10.00 on survie_new
[23:20:07] [ITEM_LISTED]: AzodFR listed 1x Potion for $10.00 on survie_new
[23:20:09] [ITEM_LISTED]: AzodFR listed 1x Potion for $10.00 on survie_new
[23:20:10] [ITEM_LISTED]: AzodFR listed 1x Potion for $10.00 on survie_new
[23:20:11] [ITEM_LISTED]: AzodFR listed 1x Potion for $10.00 on survie_new
[23:20:12] [ITEM_LISTED]: AzodFR listed 1x Potion for $10.00 on survie_new
[23:20:13] [ITEM_LISTED]: AzodFR listed 1x Potion for $10.00 on survie_new
[23:20:14] [ITEM_LISTED]: AzodFR listed 1x Potion for $10.00 on survie_new
[23:20:15] [ITEM_LISTED]: AzodFR listed 1x Potion for $10.00 on survie_new
[23:20:16] [ITEM_LISTED]: AzodFR listed 1x Potion for $10.00 on survie_new
[23:20:33] [ITEM_LISTED]: AzodFR listed 1x Potion for $10.00 on survie_new
[23:20:35] [ITEM_LISTED]: AzodFR listed 1x Potion for $10.00 on survie_new
[23:20:37] [ITEM_LISTED]: AzodFR listed 1x Potion for $10.00 on survie_new
[23:20:39] [ITEM_LISTED]: AzodFR listed 1x Potion for $10.00 on survie_new
[23:20:43] [ITEM_LISTED]: AzodFR listed 1x Potion for $10.00 on survie_new
[23:21:21] [ITEM_LISTED]: AzodFR listed 1x Potion for $10.00 on survie_new
[23:21:50] [ITEM_LISTED]: AzodFR listed 1x Potion for $10.00 on survie_new
[23:21:52] [ITEM_LISTED]: AzodFR listed 1x Potion for $10.00 on survie_new
[23:22:06] [ITEM_LISTED]: AzodFR listed 1x Potion for $10.00 on survie_new
[23:22:08] [ITEM_LISTED]: AzodFR listed 1x Potion for $10.00 on survie_new
[23:22:10] [ITEM_LISTED]: AzodFR listed 1x Potion for $10.00 on survie_new
[23:22:12] [ITEM_LISTED]: AzodFR listed 1x Potion for $10.00 on survie_new
[23:22:15] [ITEM_LISTED]: AzodFR listed 1x Potion for $10.00 on survie_new
[23:22:17] [ITEM_LISTED]: AzodFR listed 1x Potion for $10.00 on survie_new
[23:22:19] [ITEM_LISTED]: AzodFR listed 1x Potion for $10.00 on survie_new
[23:22:22] [ITEM_LISTED]: AzodFR listed 1x Potion for $10.00 on survie_new
[23:22:24] [ITEM_LISTED]: AzodFR listed 1x Potion for $10.00 on survie_new
[23:22:51] [ITEM_LISTED]: AzodFR listed 1x Potion for $10.00 on survie_new
[23:22:53] [ITEM_LISTED]: AzodFR listed 1x Potion for $10.00 on survie_new
[23:22:56] [ITEM_LISTED]: AzodFR listed 1x Potion for $10.00 on survie_new
[23:22:58] [ITEM_LISTED]: AzodFR listed 1x Potion for $10.00 on survie_new
[23:23:00] [ITEM_LISTED]: AzodFR listed 1x Potion for $10.00 on survie_new
[23:23:02] [ITEM_LISTED]: AzodFR listed 1x Potion for $10.00 on survie_new
[23:23:08] [ITEM_LISTED]: AzodFR listed 1x Potion for $10.00 on survie_new
[23:23:10] [ITEM_LISTED]: AzodFR listed 1x Potion for $10.00 on survie_new
[23:24:14] [ITEM_SOLD]: AzodFR sold 1x Potion to Mr_Yt_Fr for $10.00 on survie_new
[23:24:15] [ITEM_SOLD]: AzodFR sold 1x Potion to Mr_Yt_Fr for $10.00 on survie_new
[23:24:16] [ITEM_SOLD]: AzodFR sold 1x Potion to Mr_Yt_Fr for $10.00 on survie_new
[23:24:16] [ITEM_SOLD]: AzodFR sold 1x Potion to Mr_Yt_Fr for $10.00 on survie_new
[23:24:17] [ITEM_SOLD]: AzodFR sold 1x Potion to Mr_Yt_Fr for $10.00 on survie_new
[23:24:17] [ITEM_SOLD]: AzodFR sold 1x Potion to Mr_Yt_Fr for $10.00 on survie_new
[23:24:18] [ITEM_SOLD]: AzodFR sold 1x Potion to Mr_Yt_Fr for $10.00 on survie_new
[23:24:19] [ITEM_SOLD]: AzodFR sold 1x Potion to Mr_Yt_Fr for $10.00 on survie_new
[23:24:19] [ITEM_SOLD]: AzodFR sold 1x Potion to Mr_Yt_Fr for $10.00 on survie_new
[23:24:20] [ITEM_SOLD]: AzodFR sold 1x Potion to Mr_Yt_Fr for $10.00 on survie_new
[23:24:21] [ITEM_SOLD]: AzodFR sold 1x Potion to Mr_Yt_Fr for $10.00 on survie_new
[23:24:21] [ITEM_SOLD]: AzodFR sold 1x Potion to Mr_Yt_Fr for $10.00 on survie_new
[23:24:22] [ITEM_SOLD]: AzodFR sold 1x Potion to Mr_Yt_Fr for $10.00 on survie_new
[23:24:22] [ITEM_SOLD]: AzodFR sold 1x Potion to Mr_Yt_Fr for $10.00 on survie_new
[23:24:22] [ITEM_SOLD]: AzodFR sold 1x Potion to Mr_Yt_Fr for $10.00 on survie_new
[23:24:23] [ITEM_SOLD]: AzodFR sold 1x Potion to Mr_Yt_Fr for $10.00 on survie_new
[23:24:24] [ITEM_SOLD]: AzodFR sold 1x Potion to Mr_Yt_Fr for $10.00 on survie_new
[23:24:24] [ITEM_SOLD]: AzodFR sold 1x Potion to Mr_Yt_Fr for $10.00 on survie_new
[23:24:25] [ITEM_SOLD]: AzodFR sold 1x Potion to Mr_Yt_Fr for $10.00 on survie_new
[23:24:26] [ITEM_SOLD]: AzodFR sold 1x Potion to Mr_Yt_Fr for $10.00 on survie_new
[23:24:27] [ITEM_SOLD]: AzodFR sold 1x Potion to Mr_Yt_Fr for $10.00 on survie_new
[23:24:28] [ITEM_SOLD]: AzodFR sold 1x Potion to Mr_Yt_Fr for $10.00 on survie_new
[23:24:28] [ITEM_SOLD]: AzodFR sold 1x Potion to Mr_Yt_Fr for $10.00 on survie_new
[23:24:30] [ITEM_SOLD]: AzodFR sold 1x Potion to Mr_Yt_Fr for $10.00 on survie_new
[23:24:30] [ITEM_SOLD]: AzodFR sold 1x Potion to Mr_Yt_Fr for $10.00 on survie_new
[23:24:45] [ITEM_LISTED]: AzodFR listed 1x Potion for $10.00 on survie_new
[23:24:47] [ITEM_LISTED]: AzodFR listed 1x Potion for $10.00 on survie_new
[23:24:49] [ITEM_LISTED]: AzodFR listed 1x Potion for $10.00 on survie_new
[23:24:51] [ITEM_LISTED]: AzodFR listed 1x Potion for $10.00 on survie_new
[23:24:53] [ITEM_LISTED]: AzodFR listed 1x Potion for $10.00 on survie_new
[23:24:55] [ITEM_LISTED]: AzodFR listed 1x Potion for $10.00 on survie_new
[23:24:57] [ITEM_LISTED]: AzodFR listed 1x Potion for $10.00 on survie_new
[23:24:58] [ITEM_LISTED]: AzodFR listed 1x Potion for $10.00 on survie_new
[23:25:00] [ITEM_LISTED]: AzodFR listed 1x Potion for $10.00 on survie_new
[23:25:06] [ITEM_LISTED]: AzodFR listed 1x Potion for $10.00 on survie_new
[23:25:08] [ITEM_LISTED]: AzodFR listed 1x Potion for $10.00 on survie_new
[23:25:10] [ITEM_LISTED]: AzodFR listed 1x Potion for $10.00 on survie_new
[23:25:11] [ITEM_LISTED]: AzodFR listed 1x Potion for $10.00 on survie_new
[23:25:13] [ITEM_LISTED]: AzodFR listed 1x Potion for $10.00 on survie_new
[23:25:15] [ITEM_LISTED]: AzodFR listed 1x Potion for $10.00 on survie_new
[23:25:18] [ITEM_LISTED]: AzodFR listed 1x Potion for $10.00 on survie_new
[23:25:20] [ITEM_LISTED]: AzodFR listed 1x Potion for $10.00 on survie_new
[23:25:22] [ITEM_LISTED]: AzodFR listed 1x Potion for $10.00 on survie_new
[23:25:29] [ITEM_LISTED]: AzodFR listed 1x Potion for $10.00 on survie_new
[23:25:31] [ITEM_LISTED]: AzodFR listed 1x Potion for $10.00 on survie_new
[23:25:57] [ITEM_LISTED]: AzodFR listed 1x Potion for $10.00 on survie_new
[23:26:00] [ITEM_LISTED]: AzodFR listed 1x Potion for $10.00 on survie_new
[23:26:01] [ITEM_LISTED]: AzodFR listed 1x Potion for $10.00 on survie_new
[23:26:03] [ITEM_LISTED]: AzodFR listed 1x Potion for $10.00 on survie_new
[23:26:05] [ITEM_LISTED]: AzodFR listed 1x Potion for $10.00 on survie_new
[23:32:17] [ITEM_LISTED]: DVTspyce listed 7x Tnt for $450.00 on spawn
[23:41:17] [ITEM_LISTED]: Cyborg_10_000 listed 2x Slime Ball for $100.00 on spawn
[23:44:39] [ITEM_LISTED]: DVTspyce listed 28x Emerald for $3,000.00 on spawn
