[19:07:04] [ITEM_DROPPED]: Abandon de la vente Yohan81 expirée de 64 x Pumpkin Seeds  pour 0.00β à leurs pieds le survie_new
[19:14:30] [ITEM_SOLD]: limastic vendu 64 x Leather à  pikatchou82 pour 1.00 β le survie_new
[20:11:59] [ITEM_SOLD]: SSLLOOTTHH vendu 1 x Elytra à  [Unbreaking III] MisterJump pour 9,000.00 β le survie_new
[20:17:16] [ITEM_SOLD]: amnotte vendu 64 x Pumpkin à  MisterJump pour 800.00 β le survie_new
[20:28:32] [ITEM_SOLD]: SSLLOOTTHH vendu 1 x Enchanted Book à  Maitre_Denver pour 7,000.00 β le survie_new
[20:49:50] [ITEM_CANCELLED]: pikatchou82 annule la vente de 1x Diamond Pickaxe [Efficiency III, Unbreaking III] pour 3,000.00β sur survie_new
[20:50:09] [ITEM_RETURNED]: 1 x Diamond Pickaxe  [Efficiency III, Unbreaking III] renvoyé à pikatchou82 le survie_new
[20:50:39] [ITEM_LISTED]: pikatchou82 vend 1 x Diamond Pickaxe  [Efficiency III, Unbreaking III] pour 2,000.00β sur survie_new
[22:16:48] [ITEM_LISTED]: AzodFR vend 1 x Iron Ingot  pour 1.00β sur survie_new
[22:16:52] [ITEM_LISTED]: AzodFR vend 1 x Iron Ingot  pour 1.00β sur survie_new
[22:16:54] [ITEM_LISTED]: AzodFR vend 1 x Iron Ingot  pour 1.00β sur survie_new
[22:16:55] [ITEM_LISTED]: AzodFR vend 1 x Iron Ingot  pour 1.00β sur survie_new
[22:16:57] [ITEM_LISTED]: AzodFR vend 1 x Iron Ingot  pour 1.00β sur survie_new
[22:16:59] [ITEM_LISTED]: AzodFR vend 1 x Iron Ingot  pour 1.00β sur survie_new
[22:17:00] [ITEM_LISTED]: AzodFR vend 1 x Iron Ingot  pour 1.00β sur survie_new
[22:17:14] [ITEM_SOLD]: AzodFR vendu 1 x Iron Ingot à  CouzVeBaton pour 1.00 β le survie_new
[22:17:16] [ITEM_SOLD]: AzodFR vendu 1 x Iron Ingot à  CouzVeBaton pour 1.00 β le survie_new
[22:17:17] [ITEM_SOLD]: AzodFR vendu 1 x Iron Ingot à  CouzVeBaton pour 1.00 β le survie_new
[22:17:18] [ITEM_SOLD]: AzodFR vendu 1 x Iron Ingot à  CouzVeBaton pour 1.00 β le survie_new
[22:17:19] [ITEM_SOLD]: AzodFR vendu 1 x Iron Ingot à  CouzVeBaton pour 1.00 β le survie_new
[22:17:20] [ITEM_SOLD]: AzodFR vendu 1 x Iron Ingot à  hugoleb pour 1.00 β le survie_new
[22:17:22] [ITEM_SOLD]: AzodFR vendu 1 x Iron Ingot à  CouzVeBaton pour 1.00 β le survie_new
[22:38:31] [ITEM_LISTED]: AzodFR vend 1 x Diamond  pour 1.00β sur survie_new
[22:38:41] [ITEM_SOLD]: AzodFR vendu 1 x Diamond à  CouzVeBaton pour 1.00 β le survie_new
