[01:13:53] [ITEM_LISTED]: Minebark vend 1 x Gray Shulker Box  pour 2,500.00β sur survie_new
[01:13:59] [ITEM_LISTED]: Minebark vend 1 x Pink Shulker Box  pour 2,500.00β sur survie_new
[01:14:01] [ITEM_LISTED]: Minebark vend 1 x Lime Shulker Box  pour 2,500.00β sur survie_new
[01:14:04] [ITEM_LISTED]: Minebark vend 1 x Magenta Shulker Box  pour 2,500.00β sur survie_new
[01:14:06] [ITEM_LISTED]: Minebark vend 1 x White Shulker Box  pour 2,500.00β sur survie_new
[01:14:07] [ITEM_LISTED]: Minebark vend 1 x Light Blue Shulker Box  pour 2,500.00β sur survie_new
[01:14:09] [ITEM_LISTED]: Minebark vend 1 x Shulker Box  pour 2,500.00β sur survie_new
[01:14:12] [ITEM_LISTED]: Minebark vend 1 x Orange Shulker Box  pour 2,500.00β sur survie_new
[01:14:18] [ITEM_LISTED]: Minebark vend 1 x Red Shulker Box  pour 2,500.00β sur survie_new
[01:14:20] [ITEM_LISTED]: Minebark vend 1 x Green Shulker Box  pour 2,500.00β sur survie_new
[01:14:23] [ITEM_LISTED]: Minebark vend 1 x Blue Shulker Box  pour 2,500.00β sur survie_new
[01:14:25] [ITEM_LISTED]: Minebark vend 1 x Black Shulker Box  pour 2,500.00β sur survie_new
[01:14:27] [ITEM_LISTED]: Minebark vend 1 x Purple Shulker Box  pour 2,500.00β sur survie_new
[01:14:29] [ITEM_LISTED]: Minebark vend 1 x Brown Shulker Box  pour 2,500.00β sur survie_new
[01:14:33] [ITEM_LISTED]: Minebark vend 1 x Cyan Shulker Box  pour 2,500.00β sur survie_new
[01:14:36] [ITEM_LISTED]: Minebark vend 1 x Light Gray Shulker Box  pour 2,500.00β sur survie_new
[01:14:53] [ITEM_LISTED]: Minebark vend 1 x Yellow Shulker Box  pour 2,500.00β sur survie_new
[01:56:46] [ITEM_LISTED]: Stebanou vend 1 x Mycelium  pour 10.00β sur survie_new
[01:56:56] [ITEM_CANCELLED]: Stebanou annule la vente de 1x Mycelium pour 10.00β sur survie_new
[01:56:58] [ITEM_RETURNED]: 1 x Mycelium  renvoyé à Stebanou le survie_new
[01:57:24] [ITEM_LISTED]: Stebanou vend 1 x Mycelium  pour 10,000.00β sur survie_new
[01:57:27] [ITEM_LISTED]: Stebanou vend 1 x Mycelium  pour 10,000.00β sur survie_new
[01:57:29] [ITEM_LISTED]: Stebanou vend 1 x Mycelium  pour 10,000.00β sur survie_new
[01:57:30] [ITEM_LISTED]: Stebanou vend 1 x Mycelium  pour 10,000.00β sur survie_new
[01:57:32] [ITEM_LISTED]: Stebanou vend 1 x Mycelium  pour 10,000.00β sur survie_new
[01:57:33] [ITEM_LISTED]: Stebanou vend 1 x Mycelium  pour 10,000.00β sur survie_new
[01:57:35] [ITEM_LISTED]: Stebanou vend 1 x Mycelium  pour 10,000.00β sur survie_new
[01:57:37] [ITEM_LISTED]: Stebanou vend 1 x Mycelium  pour 10,000.00β sur survie_new
[01:57:38] [ITEM_LISTED]: Stebanou vend 1 x Mycelium  pour 10,000.00β sur survie_new
[02:19:20] [ITEM_LISTED]: Christophe_ vend 1 x Player Head  pour 50,000.00β sur survie_new
[10:48:58] [ITEM_SOLD]: Christophe_ vendu 1 x Player Head à  Isaorya pour 50,000.00 β le survie_new
[10:49:21] [ITEM_SOLD]: Minebark vendu 1 x Yellow Shulker Box à  Isaorya pour 2,500.00 β le survie_new
[10:57:13] [ITEM_LISTED]: pikatchou82 vend 64 x Golden Apple  pour 3,000.00β sur survie_new
[11:32:36] [ITEM_LISTED]: pikatchou82 vend 64 x Golden Apple  pour 3,000.00β sur survie_new
[13:16:00] [ITEM_SOLD]: Minebark vendu 1 x Light Blue Shulker Box à  OoBreizh pour 2,500.00 β le survie_new
[13:53:19] [ITEM_SOLD]: pikatchou82 vendu 64 x Golden Apple à  OoBreizh pour 3,000.00 β le survie_new
[13:56:38] [ITEM_SOLD]: pikatchou82 vendu 64 x Golden Apple à  BlxckToad pour 3,000.00 β le survie_new
[16:02:26] [ITEM_SOLD]: Minebark vendu 1 x Orange Shulker Box à  pikatchou82 pour 2,500.00 β le survie_new
[16:02:29] [ITEM_SOLD]: Minebark vendu 1 x Cyan Shulker Box à  pikatchou82 pour 2,500.00 β le survie_new
[16:02:57] [ITEM_LISTED]: pikatchou82 vend 64 x Jukebox  pour 250.00β sur survie_new
[16:02:59] [ITEM_LISTED]: pikatchou82 vend 64 x Jukebox  pour 250.00β sur survie_new
[16:03:03] [ITEM_LISTED]: pikatchou82 vend 64 x Jukebox  pour 250.00β sur survie_new
[16:03:06] [ITEM_LISTED]: pikatchou82 vend 64 x Jukebox  pour 250.00β sur survie_new
[16:03:08] [ITEM_LISTED]: pikatchou82 vend 64 x Jukebox  pour 250.00β sur survie_new
[16:03:10] [ITEM_LISTED]: pikatchou82 vend 64 x Jukebox  pour 250.00β sur survie_new
[16:03:12] [ITEM_LISTED]: pikatchou82 vend 64 x Jukebox  pour 250.00β sur survie_new
[16:43:32] [ITEM_LISTED]: Stebanou vend 1 x Journal de quêtes  pour 1.00β sur survie_new
[16:43:40] [ITEM_CANCELLED]: Stebanou annule la vente de 1x Journal de quêtes pour 1.00β sur survie_new
[17:24:48] [ITEM_SOLD]: Minebark vendu 1 x Magenta Shulker Box à  Isaorya pour 2,500.00 β le survie_new
[17:50:10] [ITEM_LISTED]: LLIcocoman_Hrz vend 1 x Chicken Spawn Egg  pour 4,000.00β sur survie_new
[17:50:15] [ITEM_SOLD]: LLIcocoman_Hrz vendu 1 x Chicken Spawn Egg à  CouzVeBaton pour 4,000.00 β le survie_new
[17:54:03] [ITEM_SOLD]: Christophe_ vendu 64 x Melon Slice à  Isaorya pour 1.00 β le survie_new
[18:03:54] [ITEM_LISTED]: Toryar vend 1 x Partie d'équipement : V  pour 50,000.00β sur survie_new
[18:27:08] [ITEM_LISTED]: Christophe_ vend 1 x Lead  pour 1.00β sur survie_new
[18:27:12] [ITEM_SOLD]: Christophe_ vendu 1 x Lead à  Isaorya pour 1.00 β le survie_new
[20:16:14] [ITEM_SOLD]: Stebanou vendu 1 x Shulker Box à  Isaorya pour 2,500.00 β le survie_new
