[00:15:33] [ITEM_LISTED]: lonely_knight listed 1x Diamond Pickaxe [Fortune III] for $600.00 on survie_new
[00:16:59] [ITEM_SOLD]: lonely_knight sold 1x Diamond Pickaxe to  [Fortune III]Mr_Yt_Fr for $600.00 on survie_new
[00:17:07] [ITEM_SOLD]: GuiGuiPlay sold 7x Experience Bottle to Mr_Yt_Fr for $200.00 on Ressource
[00:19:44] [ITEM_SOLD]: CapitaineNiamor sold 1x Totem Of Undying to Mr_Yt_Fr for $2,000.00 on survie_new
[00:54:57] [ITEM_SOLD]: omega2028 sold 1x Music Disc 13 to Mr_Yt_Fr for $1,000.00 on survie_new
[00:54:59] [ITEM_SOLD]: omega2028 sold 1x Music Disc Cat to Mr_Yt_Fr for $1,000.00 on survie_new
[00:55:08] [ITEM_SOLD]: Litrea55 sold 64x String to Mr_Yt_Fr for $100.00 on survie_new
[01:45:20] [ITEM_LISTED]: GuiGuiPlay listed 8x Experience Bottle for $700.00 on survie_new
[08:16:07] [ITEM_CANCELLED]: CapitaineNiamor cancelled an auction for 1x Diamond Leggings [Fire Protection III, Curse of Vanishing] for $1,000.00 on End
[08:16:10] [ITEM_RETURNED]: Returned 1x Diamond Leggings [Fire Protection III, Curse of Vanishing] to CapitaineNiamor on End
[08:16:16] [ITEM_LISTED]: CapitaineNiamor listed 1x Diamond Leggings [Fire Protection III, Curse of Vanishing] for $200.00 on survie_new
[08:25:02] [ITEM_LISTED]: Waadd114 listed 1x §U§C§I§;§I§s§;Oeuf de Pierre for $1,000.00 on survie_new
[08:25:16] [ITEM_SOLD]: Waadd114 sold 1x §U§C§I§;§I§s§;Oeuf de Pierre to CapitaineNiamor for $1,000.00 on survie_new
[09:05:12] [ITEM_LISTED]: H_Caw listed 64x String for $250.00 on survie_new
[09:05:28] [ITEM_SOLD]: Litrea55 sold 64x String to OneGamingShow for $100.00 on survie_new
[09:05:30] [ITEM_SOLD]: Litrea55 sold 64x String to OneGamingShow for $100.00 on survie_new
[09:05:33] [ITEM_SOLD]: H_Caw sold 64x String to OneGamingShow for $250.00 on survie_new
[10:27:20] [ITEM_LISTED]: The_Wiz_D listed 1x Diamond Pickaxe [Efficiency IV] for $550.00 on survie_new
[11:12:10] [ITEM_SOLD]: The_Wiz_D sold 1x Diamond Pickaxe to  [Efficiency IV]Twibe for $550.00 on survie_new
[11:14:25] [ITEM_LISTED]: Haru_M listed 1x Diamond Axe [Efficiency IV, Silk Touch, Unbreaking III] for $5,000.00 on survie_new
[11:14:33] [ITEM_SOLD]: Haru_M sold 1x Diamond Axe to  [Efficiency IV, Silk Touch, Unbreaking III]AzodFR for $5,000.00 on survie_new
[12:19:27] [ITEM_LISTED]: The_Wiz_D listed 1x Enchanted Book for $500.00 on survie_new
[12:19:30] [ITEM_LISTED]: The_Wiz_D listed 1x Enchanted Book for $500.00 on survie_new
[12:19:31] [ITEM_LISTED]: The_Wiz_D listed 1x Enchanted Book for $500.00 on survie_new
[12:19:33] [ITEM_LISTED]: The_Wiz_D listed 1x Enchanted Book for $500.00 on survie_new
[12:19:35] [ITEM_LISTED]: The_Wiz_D listed 1x Enchanted Book for $500.00 on survie_new
[12:19:36] [ITEM_LISTED]: The_Wiz_D listed 1x Enchanted Book for $500.00 on survie_new
[12:19:38] [ITEM_LISTED]: The_Wiz_D listed 1x Enchanted Book for $500.00 on survie_new
[12:19:45] [ITEM_LISTED]: The_Wiz_D listed 1x Enchanted Book for $500.00 on survie_new
[12:20:53] [ITEM_LISTED]: The_Wiz_D listed 1x Enchanted Book for $500.00 on survie_new
[12:22:02] [ITEM_LISTED]: thariaka listed 10x Turtle Egg for $1,000.00 on survie_new
[12:26:08] [ITEM_LISTED]: thariaka listed 10x Turtle Egg for $1,000.00 on survie_new
[12:26:10] [ITEM_LISTED]: thariaka listed 10x Turtle Egg for $1,000.00 on survie_new
[12:26:12] [ITEM_LISTED]: thariaka listed 10x Turtle Egg for $1,000.00 on survie_new
[12:26:15] [ITEM_LISTED]: thariaka listed 10x Turtle Egg for $1,000.00 on survie_new
[12:27:45] [ITEM_LISTED]: The_Wiz_D listed 1x Enchanted Book for $500.00 on survie_new
[12:32:50] [ITEM_LISTED]: The_Wiz_D listed 1x Enchanted Book for $500.00 on survie_new
[12:32:52] [ITEM_LISTED]: The_Wiz_D listed 1x Enchanted Book for $500.00 on survie_new
[12:35:33] [ITEM_LISTED]: The_Wiz_D listed 1x Enchanted Book for $500.00 on survie_new
[12:36:23] [ITEM_LISTED]: The_Wiz_D listed 1x Enchanted Book for $500.00 on survie_new
[12:38:51] [ITEM_CANCELLED]: The_Wiz_D cancelled an auction for 1x Leather Boots [Protection II] for $100.00 on survie_new
[12:38:51] [ITEM_CANCELLED]: The_Wiz_D cancelled an auction for 1x Leather Chestplate [Protection II] for $100.00 on survie_new
[12:38:53] [ITEM_RETURNED]: Returned 1x Leather Chestplate [Protection II] to The_Wiz_D on survie_new
[12:38:53] [ITEM_RETURNED]: Returned 1x Leather Boots [Protection II] to The_Wiz_D on survie_new
[12:39:59] [ITEM_CANCELLED]: The_Wiz_D cancelled an auction for 1x Beacon for $80,000.00 on survie_new
[12:40:02] [ITEM_RETURNED]: Returned 1x Beacon to The_Wiz_D on survie_new
[12:40:11] [ITEM_LISTED]: The_Wiz_D listed 1x Beacon for $60,000.00 on survie_new
[13:15:42] [ITEM_SOLD]: The_Wiz_D sold 1x Enchanted Book to D4rk_Wolf_07 for $500.00 on survie_new
[13:15:58] [ITEM_SOLD]: The_Wiz_D sold 1x Enchanted Book to D4rk_Wolf_07 for $500.00 on survie_new
[13:17:12] [ITEM_LISTED]: D4rk_Wolf_07 listed 1x Heart Of The Sea for $8,000.00 on survie_new
[14:00:39] [ITEM_SOLD]: The_Wiz_D sold 1x Enchanted Book to thariaka for $500.00 on survie_new
[14:00:55] [ITEM_SOLD]: The_Wiz_D sold 1x Enchanted Book to thariaka for $500.00 on survie_new
[14:05:42] [ITEM_SOLD]: Kaam98 sold 1x Diamond Sword to  [Bane of Arthropods IV]thariaka for $200.00 on survie_new
[14:18:47] [ITEM_SOLD]: thariaka sold 10x Turtle Egg to orion2000 for $1,000.00 on survie_new
[14:19:32] [ITEM_SOLD]: The_Wiz_D sold 1x [Zombie Spawner] to BeeZyLeCaca for $5,000.00 on survie_new
[14:19:47] [ITEM_SOLD]: The_Wiz_D sold 1x Enchanted Book to _Wiizy_ for $500.00 on survie_new
[14:21:50] [ITEM_SOLD]: thariaka sold 16x Leather to _Wiizy_ for $300.00 on survie_new
[14:23:48] [ITEM_SOLD]: The_Wiz_D sold 1x [Spider Spawner] to DOLL1 for $2,500.00 on survie_new
[17:22:54] [ITEM_SOLD]: lonely_knight sold 1x Enchanted Book to _Wiizy_ for $3,000.00 on survie_new
[18:09:26] [ITEM_CANCELLED]: GuiGuiPlay cancelled an auction for 8x Experience Bottle for $700.00 on survie_new
[18:09:33] [ITEM_RETURNED]: Returned 8x Experience Bottle to GuiGuiPlay on survie_new
[18:14:50] [ITEM_LISTED]: D4rk_Wolf_07 listed 1x Enchanted Book for $3,500.00 on survie_new
[18:14:55] [ITEM_LISTED]: D4rk_Wolf_07 listed 1x Enchanted Book for $3,500.00 on survie_new
[18:15:00] [ITEM_LISTED]: D4rk_Wolf_07 listed 1x Enchanted Book for $3,500.00 on survie_new
[18:16:30] [ITEM_SOLD]: D4rk_Wolf_07 sold 1x Enchanted Book to Hikariio for $3,500.00 on survie_new
[18:16:59] [ITEM_SOLD]: D4rk_Wolf_07 sold 1x Enchanted Book to Hikariio for $3,500.00 on survie_new
[18:17:01] [ITEM_SOLD]: D4rk_Wolf_07 sold 1x Enchanted Book to Hikariio for $3,500.00 on survie_new
[18:20:34] [ITEM_SOLD]: mayte_ sold 1x Diamond Chestplate to MrEspeon for $125.00 on survie_new
[18:47:30] [ITEM_SOLD]: thariaka sold 16x Leather to Hikariio for $300.00 on survie_new
[18:47:32] [ITEM_SOLD]: thariaka sold 16x Leather to Hikariio for $300.00 on survie_new
[18:47:33] [ITEM_SOLD]: thariaka sold 16x Leather to Hikariio for $300.00 on survie_new
[18:47:34] [ITEM_SOLD]: thariaka sold 16x Leather to Hikariio for $300.00 on survie_new
[19:05:15] [ITEM_LISTED]: _Wiizy_ listed 1x Dragon Head for $4,000.00 on survie_new
[19:05:17] [ITEM_LISTED]: _Wiizy_ listed 1x Dragon Head for $4,000.00 on survie_new
[19:10:31] [ITEM_SOLD]: The_Wiz_D sold 1x Enchanted Book to CapitaineNiamor for $500.00 on survie_new
[19:14:48] [ITEM_SOLD]: The_Wiz_D sold 1x [Zombie Spawner] to BeeZyLeCaca for $5,000.00 on survie_new
[19:47:32] [ITEM_LISTED]: Kaam98 listed 1x Nether Star for $15,999.00 on survie_new
[20:58:23] [ITEM_LISTED]: Kaam98 listed 1x Name Tag for $500.00 on survie_new
[21:06:36] [ITEM_SOLD]: thariaka sold 16x Leather to BeeZyLeCaca for $300.00 on survie_new
[21:06:37] [ITEM_SOLD]: thariaka sold 16x Leather to BeeZyLeCaca for $300.00 on survie_new
[21:06:38] [ITEM_SOLD]: thariaka sold 16x Leather to BeeZyLeCaca for $300.00 on survie_new
[21:06:39] [ITEM_SOLD]: thariaka sold 16x Leather to BeeZyLeCaca for $300.00 on survie_new
[21:06:42] [ITEM_SOLD]: thariaka sold 16x Leather to BeeZyLeCaca for $300.00 on survie_new
[21:06:43] [ITEM_SOLD]: thariaka sold 16x Leather to BeeZyLeCaca for $300.00 on survie_new
[21:07:14] [ITEM_SOLD]: The_Wiz_D sold 1x Enchanted Book to Twibe for $500.00 on survie_new
[21:07:31] [ITEM_SOLD]: The_Wiz_D sold 1x Enchanted Book to Twibe for $500.00 on survie_new
[22:33:05] [ITEM_SOLD]: Pseudal__ sold 1x Ender Chest to Hikariio for $5,000.00 on survie_new
[23:28:48] [ITEM_SOLD]: lonely_knight sold 32x Sea Lantern to D4rk_Wolf_07 for $4,000.00 on survie_new
