[00:04:52] [ITEM_CANCELLED]: RazerJojo annule la vente de 64x Quartz pour 200.00β sur survie_new
[00:04:53] [ITEM_CANCELLED]: RazerJojo annule la vente de 64x Quartz pour 200.00β sur survie_new
[00:04:54] [ITEM_CANCELLED]: RazerJojo annule la vente de 64x Quartz pour 200.00β sur survie_new
[00:04:54] [ITEM_CANCELLED]: RazerJojo annule la vente de 64x Quartz pour 200.00β sur survie_new
[00:04:55] [ITEM_CANCELLED]: RazerJojo annule la vente de 64x Quartz pour 200.00β sur survie_new
[00:04:55] [ITEM_CANCELLED]: RazerJojo annule la vente de 64x Quartz pour 200.00β sur survie_new
[00:04:55] [ITEM_CANCELLED]: RazerJojo annule la vente de 64x Quartz pour 200.00β sur survie_new
[00:04:55] [ITEM_CANCELLED]: RazerJojo annule la vente de 64x Quartz pour 200.00β sur survie_new
[00:04:56] [ITEM_CANCELLED]: RazerJojo annule la vente de 64x Quartz pour 200.00β sur survie_new
[00:04:56] [ITEM_CANCELLED]: RazerJojo annule la vente de 64x Quartz pour 200.00β sur survie_new
[00:04:56] [ITEM_CANCELLED]: RazerJojo annule la vente de 64x Quartz pour 200.00β sur survie_new
[00:04:57] [ITEM_CANCELLED]: RazerJojo annule la vente de 64x Quartz pour 200.00β sur survie_new
[00:05:39] [ITEM_CANCELLED]: RazerJojo annule la vente de 64x Lapis Block pour 1,000.00β sur survie_new
[00:05:40] [ITEM_CANCELLED]: RazerJojo annule la vente de 64x Lapis Block pour 1,000.00β sur survie_new
[00:05:41] [ITEM_CANCELLED]: RazerJojo annule la vente de 64x Lapis Block pour 1,000.00β sur survie_new
[00:05:42] [ITEM_CANCELLED]: RazerJojo annule la vente de 64x Lapis Block pour 1,000.00β sur survie_new
[00:05:42] [ITEM_CANCELLED]: RazerJojo annule la vente de 64x Lapis Block pour 1,000.00β sur survie_new
[00:06:12] [ITEM_SOLD]: lasoeurdadrien vendu 1 x Enchanted Book à  RazerJojo pour 2,500.00 β le survie_new
[00:09:05] [ITEM_LISTED]: lasoeurdadrien vend 1 x Enchanted Book  pour 2,500.00β sur survie_new
[00:44:36] [ITEM_LISTED]: lasoeurdadrien vend 1 x Enchanted Book  pour 2,500.00β sur survie_new
[00:45:28] [ITEM_SOLD]: Fr3nCh_CraFt vendu 1 x Enchanted Book à  lasoeurdadrien pour 300.00 β le survie_new
[00:53:08] [ITEM_LISTED]: _megamigit_ vend 1 x Iron Axe  [Efficiency I, Unbreaking I] pour 10.00β sur survie_new
[00:53:14] [ITEM_LISTED]: _megamigit_ vend 1 x Iron Pickaxe  [Efficiency I, Unbreaking I] pour 10.00β sur survie_new
[00:53:17] [ITEM_LISTED]: _megamigit_ vend 1 x Iron Sword  [Sharpness I, Unbreaking I] pour 10.00β sur survie_new
[01:11:22] [ITEM_LISTED]: RazerJojo vend 1 x Enchanted Book  pour 1,000.00β sur survie_new
[01:22:01] [ITEM_SOLD]: lasoeurdadrien vendu 64 x White Wool à  GrosBoze pour 500.00 β le survie_new
[01:22:54] [ITEM_SOLD]: Newt_hp vendu 5 x Poppy à  GrosBoze pour 0.01 β le survie_new
[01:22:56] [ITEM_SOLD]: Newt_hp vendu 1 x Rose Bush à  GrosBoze pour 0.01 β le survie_new
[01:22:58] [ITEM_SOLD]: Newt_hp vendu 6 x Red Tulip à  GrosBoze pour 0.01 β le survie_new
[01:26:44] [ITEM_SOLD]: lasoeurdadrien vendu 64 x White Wool à  GrosBoze pour 500.00 β le survie_new
[01:29:55] [ITEM_LISTED]: lasoeurdadrien vend 64 x Iron Ingot  pour 2,500.00β sur survie_new
[01:30:32] [ITEM_LISTED]: lasoeurdadrien vend 64 x Iron Ingot  pour 2,500.00β sur survie_new
[01:33:00] [ITEM_LISTED]: AzodFR vend 2 x Golden Apple  pour 1.00β sur survie_new
[01:33:05] [ITEM_SOLD]: AzodFR vendu 2 x Golden Apple à  _megamigit_ pour 1.00 β le survie_new
[01:56:28] [ITEM_LISTED]: RazerJojo vend 16 x Ender Pearl  pour 1,600.00β sur spawn
[01:56:32] [ITEM_LISTED]: RazerJojo vend 16 x Ender Pearl  pour 1,600.00β sur spawn
[01:56:35] [ITEM_LISTED]: RazerJojo vend 16 x Ender Pearl  pour 1,600.00β sur spawn
[01:56:37] [ITEM_LISTED]: RazerJojo vend 16 x Ender Pearl  pour 1,600.00β sur spawn
[01:56:42] [ITEM_LISTED]: RazerJojo vend 16 x Ender Pearl  pour 1,600.00β sur spawn
[01:56:44] [ITEM_LISTED]: RazerJojo vend 16 x Ender Pearl  pour 1,600.00β sur spawn
[01:56:47] [ITEM_LISTED]: RazerJojo vend 16 x Ender Pearl  pour 1,600.00β sur spawn
[01:56:53] [ITEM_LISTED]: RazerJojo vend 16 x Ender Pearl  pour 1,600.00β sur spawn
[01:56:55] [ITEM_LISTED]: RazerJojo vend 16 x Ender Pearl  pour 1,600.00β sur spawn
[01:56:57] [ITEM_LISTED]: RazerJojo vend 16 x Ender Pearl  pour 1,600.00β sur spawn
[01:57:01] [ITEM_LISTED]: RazerJojo vend 16 x Ender Pearl  pour 1,600.00β sur spawn
[01:57:03] [ITEM_LISTED]: RazerJojo vend 16 x Ender Pearl  pour 1,600.00β sur spawn
[01:57:05] [ITEM_LISTED]: RazerJojo vend 16 x Ender Pearl  pour 1,600.00β sur spawn
[02:04:06] [ITEM_RETURNED]: 64 x Lapis Block  renvoyé à RazerJojo le survie_new
[02:04:07] [ITEM_RETURNED]: 64 x Lapis Block  renvoyé à RazerJojo le survie_new
[02:04:07] [ITEM_RETURNED]: 64 x Lapis Block  renvoyé à RazerJojo le survie_new
[02:04:07] [ITEM_RETURNED]: 64 x Lapis Block  renvoyé à RazerJojo le survie_new
[02:04:07] [ITEM_RETURNED]: 64 x Lapis Block  renvoyé à RazerJojo le survie_new
[02:04:07] [ITEM_RETURNED]: 64 x Quartz  renvoyé à RazerJojo le survie_new
[02:04:07] [ITEM_RETURNED]: 64 x Quartz  renvoyé à RazerJojo le survie_new
[02:04:08] [ITEM_RETURNED]: 64 x Quartz  renvoyé à RazerJojo le survie_new
[02:04:08] [ITEM_RETURNED]: 64 x Quartz  renvoyé à RazerJojo le survie_new
[02:04:08] [ITEM_RETURNED]: 64 x Quartz  renvoyé à RazerJojo le survie_new
[02:04:08] [ITEM_RETURNED]: 64 x Quartz  renvoyé à RazerJojo le survie_new
[02:04:08] [ITEM_RETURNED]: 64 x Quartz  renvoyé à RazerJojo le survie_new
[02:04:08] [ITEM_RETURNED]: 64 x Quartz  renvoyé à RazerJojo le survie_new
[02:04:08] [ITEM_RETURNED]: 64 x Quartz  renvoyé à RazerJojo le survie_new
[02:04:09] [ITEM_RETURNED]: 64 x Quartz  renvoyé à RazerJojo le survie_new
[02:04:09] [ITEM_RETURNED]: 64 x Quartz  renvoyé à RazerJojo le survie_new
[02:04:09] [ITEM_RETURNED]: 64 x Quartz  renvoyé à RazerJojo le survie_new
[02:04:09] [ITEM_CANCELLED]: RazerJojo annule la vente de 16x Ender Pearl pour 1,600.00β sur spawn
[02:04:09] [ITEM_CANCELLED]: RazerJojo annule la vente de 16x Ender Pearl pour 1,600.00β sur spawn
[02:04:16] [ITEM_RETURNED]: 16 x Ender Pearl  renvoyé à RazerJojo le spawn
[02:04:17] [ITEM_RETURNED]: 16 x Ender Pearl  renvoyé à RazerJojo le spawn
[02:04:50] [ITEM_LISTED]: RazerJojo vend 64 x Quartz  pour 100.00β sur survie_new
[02:04:53] [ITEM_LISTED]: RazerJojo vend 64 x Quartz  pour 100.00β sur survie_new
[02:04:55] [ITEM_LISTED]: RazerJojo vend 64 x Quartz  pour 100.00β sur survie_new
[02:04:57] [ITEM_LISTED]: RazerJojo vend 64 x Quartz  pour 100.00β sur survie_new
[02:05:00] [ITEM_LISTED]: RazerJojo vend 64 x Quartz  pour 100.00β sur survie_new
[02:05:02] [ITEM_LISTED]: RazerJojo vend 64 x Quartz  pour 100.00β sur survie_new
[02:05:07] [ITEM_LISTED]: RazerJojo vend 64 x Quartz  pour 100.00β sur survie_new
[02:05:09] [ITEM_LISTED]: RazerJojo vend 64 x Quartz  pour 100.00β sur survie_new
[02:05:11] [ITEM_LISTED]: RazerJojo vend 64 x Quartz  pour 100.00β sur survie_new
[02:05:14] [ITEM_LISTED]: RazerJojo vend 64 x Quartz  pour 100.00β sur survie_new
[02:05:16] [ITEM_LISTED]: RazerJojo vend 64 x Quartz  pour 100.00β sur survie_new
[02:05:18] [ITEM_LISTED]: RazerJojo vend 64 x Quartz  pour 100.00β sur survie_new
[02:21:22] [ITEM_SOLD]: REGDYLAN vendu 1 x Elytra à  k0ru pour 4,000.00 β le survie_new
[03:56:31] [ITEM_LISTED]: lasoeurdadrien vend 1 x Elytra  [Mending] pour 5,000.00β sur survie_new
[03:56:39] [ITEM_LISTED]: lasoeurdadrien vend 1 x Elytra  [Mending] pour 5,000.00β sur survie_new
[04:13:28] [ITEM_LISTED]: Tchong vend 1 x Brewing Stand  pour 470.00β sur survie_new
[04:33:22] [ITEM_LISTED]: lasoeurdadrien vend 64 x Iron Ingot  pour 2,500.00β sur survie_new
[04:33:28] [ITEM_LISTED]: lasoeurdadrien vend 64 x Iron Ingot  pour 2,500.00β sur survie_new
[04:50:12] [ITEM_LISTED]: lasoeurdadrien vend 64 x Iron Ingot  pour 2,500.00β sur survie_new
[07:40:59] [ITEM_SOLD]: _megamigit_ vendu 1 x Iron Sword à  [Sharpness I, Unbreaking I] Cantyo pour 10.00 β le survie_new
[07:41:14] [ITEM_SOLD]: _megamigit_ vendu 1 x Iron Pickaxe à  [Efficiency I, Unbreaking I] Cantyo pour 10.00 β le survie_new
[07:41:15] [ITEM_SOLD]: _megamigit_ vendu 1 x Iron Axe à  [Efficiency I, Unbreaking I] Cantyo pour 10.00 β le survie_new
[10:12:17] [ITEM_LISTED]: Kaio_Beninou vend 1 x Trident  [Loyalty III, Unbreaking III] pour 15,000.00β sur survie_new
[11:35:06] [ITEM_SOLD]: Newt_hp vendu 1 x [Cave spider Spawner] à  REGDYLAN pour 1,000.00 β le survie_new
[11:35:08] [ITEM_SOLD]: Newt_hp vendu 1 x [Cave spider Spawner] à  REGDYLAN pour 1,000.00 β le survie_new
[11:35:23] [ITEM_SOLD]: cmdix36 vendu 1 x [Cave spider Spawner] à  REGDYLAN pour 999.00 β le survie_new
[11:35:29] [ITEM_SOLD]: Mr_Yt_Fr vendu 1 x [Cave spider Spawner] à  REGDYLAN pour 1,000.00 β le survie_new
[11:35:37] [ITEM_SOLD]: Mr_Yt_Fr vendu 1 x [Cave spider Spawner] à  REGDYLAN pour 1,000.00 β le survie_new
[11:35:41] [ITEM_SOLD]: Mr_Yt_Fr vendu 1 x [Cave spider Spawner] à  REGDYLAN pour 1,000.00 β le survie_new
[11:35:52] [ITEM_SOLD]: ExE_MethyloR vendu 1 x [Spider Spawner] à  REGDYLAN pour 1,000.00 β le spawn
[11:36:23] [ITEM_SOLD]: Newt_hp vendu 1 x [Spider Spawner] à  REGDYLAN pour 1,500.00 β le survie_new
[11:36:32] [ITEM_SOLD]: The_Wiz_D vendu 1 x [Cave spider Spawner] à  REGDYLAN pour 1,000.00 β le survie_new
[11:36:34] [ITEM_SOLD]: The_Wiz_D vendu 1 x [Cave spider Spawner] à  REGDYLAN pour 1,000.00 β le survie_new
[11:36:35] [ITEM_SOLD]: The_Wiz_D vendu 1 x [Cave spider Spawner] à  REGDYLAN pour 1,000.00 β le survie_new
[11:36:37] [ITEM_SOLD]: The_Wiz_D vendu 1 x [Cave spider Spawner] à  REGDYLAN pour 1,000.00 β le survie_new
[11:36:46] [ITEM_SOLD]: The_Wiz_D vendu 1 x [Cave spider Spawner] à  REGDYLAN pour 1,000.00 β le survie_new
[13:06:05] [ITEM_LISTED]: pierro vend 16 x Egg  pour 100.00β sur survie_new
[13:06:08] [ITEM_LISTED]: pierro vend 16 x Egg  pour 100.00β sur survie_new
[13:06:10] [ITEM_LISTED]: pierro vend 16 x Egg  pour 100.00β sur survie_new
[13:06:15] [ITEM_LISTED]: pierro vend 16 x Egg  pour 100.00β sur survie_new
[13:06:17] [ITEM_LISTED]: pierro vend 16 x Egg  pour 100.00β sur survie_new
[13:06:20] [ITEM_LISTED]: pierro vend 16 x Egg  pour 100.00β sur survie_new
[13:06:25] [ITEM_LISTED]: pierro vend 16 x Egg  pour 100.00β sur survie_new
[13:06:27] [ITEM_LISTED]: pierro vend 16 x Egg  pour 100.00β sur survie_new
[13:06:30] [ITEM_LISTED]: pierro vend 16 x Egg  pour 100.00β sur survie_new
[13:06:34] [ITEM_LISTED]: pierro vend 16 x Egg  pour 100.00β sur survie_new
[13:06:37] [ITEM_LISTED]: pierro vend 16 x Egg  pour 100.00β sur survie_new
[13:20:50] [ITEM_LISTED]: Victorious vend 1 x Lingering Potion  pour 5.00β sur survie_new
[13:20:55] [ITEM_LISTED]: Victorious vend 1 x Lingering Potion  pour 5.00β sur survie_new
[13:21:00] [ITEM_LISTED]: Victorious vend 1 x Lingering Potion  pour 5.00β sur survie_new
[13:25:26] [ITEM_SOLD]: Jarreshan vendu 1 x §U§C§I§;§I§s§;Oeuf de Pierre à  Oniah pour 10,000.00 β le survie_new
[14:13:39] [ITEM_SOLD]: pierro vendu 16 x Egg à  Mikiu_Ahegao pour 100.00 β le survie_new
[15:08:23] [ITEM_LISTED]: Newt_hp vend 64 x Baked Potato  pour 250.00β sur survie_new
[15:08:25] [ITEM_LISTED]: Newt_hp vend 64 x Baked Potato  pour 250.00β sur survie_new
[15:08:26] [ITEM_LISTED]: Newt_hp vend 64 x Baked Potato  pour 250.00β sur survie_new
[15:08:27] [ITEM_LISTED]: Newt_hp vend 64 x Baked Potato  pour 250.00β sur survie_new
[15:08:28] [ITEM_LISTED]: Newt_hp vend 64 x Baked Potato  pour 250.00β sur survie_new
[15:08:29] [ITEM_LISTED]: Newt_hp vend 64 x Baked Potato  pour 250.00β sur survie_new
[15:08:30] [ITEM_LISTED]: Newt_hp vend 64 x Baked Potato  pour 250.00β sur survie_new
[15:08:31] [ITEM_LISTED]: Newt_hp vend 64 x Baked Potato  pour 250.00β sur survie_new
[15:08:34] [ITEM_LISTED]: Newt_hp vend 64 x Baked Potato  pour 250.00β sur survie_new
[15:12:34] [ITEM_SOLD]: lasoeurdadrien vendu 1 x Enchanted Book à  Finouk pour 2,500.00 β le survie_new
[15:17:11] [ITEM_LISTED]: Newt_hp vend 3 x Arrow  pour 0.00β sur survie_new
[15:24:08] [ITEM_LISTED]: _Wiizy_ vend 1 x Diamond Boots  [Frost Walker II] pour 1,500.00β sur survie_new
[15:24:25] [ITEM_LISTED]: _Wiizy_ vend 1 x Diamond Chestplate  [Fire Protection IV, Unbreaking III] pour 500.00β sur survie_new
[15:24:36] [ITEM_SOLD]: Jarreshan vendu 1 x §U§C§I§;§I§s§;Oeuf de Pierre à  Oniah pour 10,000.00 β le survie_new
[15:36:41] [ITEM_SOLD]: Newt_hp vendu 64 x Baked Potato à  DXdu816 pour 250.00 β le survie_new
[15:37:46] [ITEM_SOLD]: Newt_hp vendu 3 x Arrow à  Mikiu_Ahegao pour 0.00 β le survie_new
[15:52:46] [ITEM_SOLD]: Nexusso vendu 1 x Gilet Jaune à  [Blast Protection I] Newt_hp pour 50.00 β le survie_new
[15:52:48] [ITEM_SOLD]: Nexusso vendu 1 x Gilet Jaune à  [Projectile Protection I] Newt_hp pour 50.00 β le survie_new
[16:11:47] [ITEM_SOLD]: castor26 vendu 64 x Bamboo à  bofkaya pour 250.00 β le Ressource
[16:14:57] [ITEM_LISTED]: _Shoku_ vend 1 x [Zombie Spawner]  pour 2,000.00β sur survie_new
[16:15:28] [ITEM_SOLD]: _Shoku_ vendu 1 x [Zombie Spawner] à  Newt_hp pour 2,000.00 β le survie_new
[16:21:00] [ITEM_SOLD]: lasoeurdadrien vendu 1 x Enchanted Book à  Finouk pour 2,500.00 β le survie_new
[16:23:13] [ITEM_LISTED]: Newt_hp vend 1 x Diamond Sword  [Unbreaking III] pour 1,500.00β sur survie_new
[16:41:12] [ITEM_SOLD]: pierro vendu 16 x Egg à  Mikiu_Ahegao pour 100.00 β le survie_new
[16:41:36] [ITEM_SOLD]: pierro vendu 16 x Egg à  Mikiu_Ahegao pour 100.00 β le survie_new
[16:47:23] [ITEM_SOLD]: Gr33nEagl3 vendu 64 x Smooth Stone à  Isaorya pour 100.00 β le survie_new
[16:47:25] [ITEM_SOLD]: Gr33nEagl3 vendu 64 x Smooth Stone à  Isaorya pour 150.00 β le survie_new
[16:47:47] [ITEM_SOLD]: Gr33nEagl3 vendu 64 x Smooth Stone à  Isaorya pour 100.00 β le survie_new
[16:47:54] [ITEM_SOLD]: Gr33nEagl3 vendu 64 x Smooth Stone à  Isaorya pour 100.00 β le survie_new
[16:47:56] [ITEM_SOLD]: Gr33nEagl3 vendu 64 x Smooth Stone à  Isaorya pour 100.00 β le survie_new
[16:48:05] [ITEM_SOLD]: Gr33nEagl3 vendu 64 x Smooth Stone à  Isaorya pour 100.00 β le survie_new
[17:17:24] [ITEM_LISTED]: REGDYLAN vend 3 x [Blaze Spawner]  pour 3,000.00β sur survie_new
[17:17:27] [ITEM_SOLD]: REGDYLAN vendu 3 x [Blaze Spawner] à  DXdu816 pour 3,000.00 β le survie_new
[17:19:12] [ITEM_SOLD]: lasoeurdadrien vendu 1 x Enchanted Book à  Finouk pour 2,500.00 β le survie_new
[17:19:40] [ITEM_LISTED]: Newt_hp vend 64 x Redstone Block  pour 288.00β sur survie_new
[17:19:44] [ITEM_LISTED]: Newt_hp vend 64 x Redstone Block  pour 288.00β sur survie_new
[17:19:46] [ITEM_LISTED]: Newt_hp vend 64 x Redstone Block  pour 288.00β sur survie_new
[17:19:47] [ITEM_LISTED]: Newt_hp vend 64 x Redstone Block  pour 288.00β sur survie_new
[17:20:04] [ITEM_LISTED]: Newt_hp vend 27 x Redstone Block  pour 121.50β sur survie_new
[17:20:43] [ITEM_LISTED]: REGDYLAN vend 1 x Epée des Cieux  [Looting II, Sharpness V, Unbreaking II] pour 3,000.00β sur survie_new
[17:24:03] [ITEM_DROPPED]: Abandon de la vente thaihaut expirée de 5 x Leather  pour 0.00β à leurs pieds le world
[17:49:19] [ITEM_LISTED]: lasoeurdadrien vend 1 x Enchanted Book  pour 2,500.00β sur survie_new
[17:49:25] [ITEM_LISTED]: lasoeurdadrien vend 1 x Enchanted Book  pour 2,500.00β sur survie_new
[17:49:30] [ITEM_LISTED]: lasoeurdadrien vend 1 x Enchanted Book  pour 2,500.00β sur survie_new
[18:00:02] [ITEM_SOLD]: REGDYLAN vendu 1 x Trident à  [Channeling, Impaling IV, Loyalty III, Mending, Unbreaking III] Finouk pour 25,000.00 β le survie_new
[18:05:21] [ITEM_SOLD]: lasoeurdadrien vendu 1 x Elytra à  [Mending] Finouk pour 5,000.00 β le survie_new
[18:05:52] [ITEM_LISTED]: _megamigit_ vend 1 x Journal de quêtes  pour 10.00β sur survie_new
[18:06:08] [ITEM_SOLD]: REGDYLAN vendu 1 x Enchanted Book à  Finouk pour 2,800.00 β le survie_new
[18:13:16] [ITEM_SOLD]: Fr3nCh_CraFt vendu 1 x Enchanted Book à  Finouk pour 1,000.00 β le survie_new
[18:41:06] [ITEM_SOLD]: REGDYLAN vendu 1 x Epée des Cieux à  [Looting II, Sharpness V, Unbreaking II] Oniah pour 3,000.00 β le survie_new
[18:41:27] [ITEM_SOLD]: RazerJojo vendu 64 x Quartz à  D4rk_Wolf_07 pour 100.00 β le survie_new
[18:41:28] [ITEM_SOLD]: RazerJojo vendu 64 x Quartz à  D4rk_Wolf_07 pour 100.00 β le survie_new
[18:46:47] [ITEM_SOLD]: Newt_hp vendu 64 x Baked Potato à  bofkaya pour 250.00 β le survie_new
[19:29:17] [ITEM_LISTED]: Mikiu_Ahegao vend 1 x Music Disc Wait  pour 300.00β sur survie_new
[19:44:49] [ITEM_LISTED]: Mikiu_Ahegao vend 1 x Map  pour 650.00β sur survie_new
[19:53:41] [ITEM_LISTED]: REGDYLAN vend 1 x Mineur  pour 10,000.00β sur survie_new
[20:22:05] [ITEM_SOLD]: RazerJojo vendu 64 x Quartz à  Zougless pour 100.00 β le survie_new
[20:22:09] [ITEM_SOLD]: RazerJojo vendu 64 x Quartz à  Zougless pour 100.00 β le survie_new
[20:22:11] [ITEM_SOLD]: RazerJojo vendu 64 x Quartz à  Zougless pour 100.00 β le survie_new
[20:22:12] [ITEM_SOLD]: RazerJojo vendu 64 x Quartz à  Zougless pour 100.00 β le survie_new
[20:22:13] [ITEM_SOLD]: RazerJojo vendu 64 x Quartz à  Zougless pour 100.00 β le survie_new
[20:22:15] [ITEM_SOLD]: RazerJojo vendu 64 x Quartz à  Zougless pour 100.00 β le survie_new
[20:22:17] [ITEM_SOLD]: RazerJojo vendu 64 x Quartz à  Zougless pour 100.00 β le survie_new
[20:22:19] [ITEM_SOLD]: RazerJojo vendu 64 x Quartz à  Zougless pour 100.00 β le survie_new
[20:22:20] [ITEM_SOLD]: RazerJojo vendu 64 x Quartz à  Zougless pour 100.00 β le survie_new
[20:22:22] [ITEM_SOLD]: RazerJojo vendu 64 x Quartz à  Zougless pour 100.00 β le survie_new
[20:22:30] [ITEM_SOLD]: Nexusso vendu 64 x Quartz Block à  Zougless pour 800.00 β le Nether
[20:22:35] [ITEM_SOLD]: Nexusso vendu 64 x Quartz Block à  Zougless pour 800.00 β le Nether
[20:22:39] [ITEM_SOLD]: Nexusso vendu 64 x Quartz Block à  Zougless pour 800.00 β le Nether
[20:22:40] [ITEM_SOLD]: Nexusso vendu 64 x Quartz Block à  Zougless pour 800.00 β le Nether
[20:22:42] [ITEM_SOLD]: Nexusso vendu 64 x Quartz Block à  Zougless pour 800.00 β le Nether
[20:34:38] [ITEM_LISTED]: REGDYLAN vend 32 x Leather  pour 500.00β sur survie_new
[20:34:40] [ITEM_LISTED]: REGDYLAN vend 32 x Leather  pour 500.00β sur survie_new
[20:35:21] [ITEM_SOLD]: lasoeurdadrien vendu 1 x Elytra à  [Mending] HeFk pour 5,000.00 β le survie_new
[20:42:46] [ITEM_SOLD]: Gr33nEagl3 vendu 25 x Smooth Stone à  MaloZazina pour 50.00 β le survie_new
[20:47:25] [ITEM_SOLD]: Newt_hp vendu 64 x Redstone Block à  AzodFR pour 288.00 β le survie_new
[20:47:26] [ITEM_SOLD]: Newt_hp vendu 64 x Redstone Block à  AzodFR pour 288.00 β le survie_new
[20:47:27] [ITEM_SOLD]: Newt_hp vendu 64 x Redstone Block à  AzodFR pour 288.00 β le survie_new
[20:47:28] [ITEM_SOLD]: Newt_hp vendu 64 x Redstone Block à  AzodFR pour 288.00 β le survie_new
[20:47:29] [ITEM_SOLD]: Newt_hp vendu 27 x Redstone Block à  AzodFR pour 121.50 β le survie_new
[20:49:21] [ITEM_LISTED]: WyRz_ vend 34 x Blaze Rod  pour 68.00β sur survie_new
[20:49:58] [ITEM_SOLD]: WyRz_ vendu 34 x Blaze Rod à  MaloZazina pour 68.00 β le survie_new
[21:05:54] [ITEM_SOLD]: Jarreshan vendu 1 x Diamond Shovel à  [Efficiency IV, Unbreaking III] GrosBoze pour 3,000.00 β le survie_new
[21:06:37] [ITEM_SOLD]: lasoeurdadrien vendu 1 x Enchanted Book à  GrosBoze pour 2,500.00 β le survie_new
[21:18:42] [ITEM_SOLD]: lasoeurdadrien vendu 1 x Enchanted Book à  sylverfire02 pour 2,500.00 β le survie_new
[21:18:49] [ITEM_SOLD]: lasoeurdadrien vendu 1 x Enchanted Book à  sylverfire02 pour 2,500.00 β le survie_new
[21:51:07] [ITEM_LISTED]: Cryyzi vend 1 x Jambières des Cieux  [Protection V, Unbreaking V] pour 2,500.00β sur survie_new
[21:51:11] [ITEM_LISTED]: Cryyzi vend 1 x Plastron des Cieux  [Protection V, Unbreaking V] pour 2,500.00β sur survie_new
[21:51:13] [ITEM_LISTED]: Cryyzi vend 1 x Casque des Cieux  [Protection V, Unbreaking V] pour 2,500.00β sur survie_new
[21:51:16] [ITEM_LISTED]: Cryyzi vend 1 x Bottes des Cieux  [Protection V, Unbreaking V] pour 2,500.00β sur survie_new
[22:04:23] [ITEM_SOLD]: Tchong vendu 1 x Brewing Stand à  Dragonoss pour 470.00 β le survie_new
[22:06:00] [ITEM_LISTED]: Cryyzi vend 1 x Pomme des Cieux  pour 1,000.00β sur survie_new
[22:23:36] [ITEM_LISTED]: k0ru vend 1 x Enchanted Book  pour 1,000.00β sur survie_new
[22:23:57] [ITEM_SOLD]: k0ru vendu 1 x Enchanted Book à  Waxay pour 1,000.00 β le survie_new
[22:49:09] [ITEM_LISTED]: RazerJojo vend 1 x Diamond Pickaxe  [Efficiency IV, Silk Touch, Unbreaking III] pour 2,000.00β sur survie_new
[23:02:28] [ITEM_SOLD]: Cantyo vendu 1 x End Crystal à  cmdix36 pour 1,250.00 β le survie_new
[23:04:24] [ITEM_SOLD]: lasoeurdadrien vendu 1 x Enchanted Book à  Waxay pour 1,450.00 β le survie_new
[23:07:22] [ITEM_LISTED]: RazerJojo vend 64 x Redstone Block  pour 400.00β sur survie_new
[23:07:26] [ITEM_LISTED]: RazerJojo vend 64 x Lapis Block  pour 1,000.00β sur survie_new
[23:07:49] [ITEM_CANCELLED]: RazerJojo annule la vente de 64x Redstone Block pour 500.00β sur survie_new
[23:07:50] [ITEM_CANCELLED]: RazerJojo annule la vente de 64x Redstone Block pour 600.00β sur survie_new
[23:07:51] [ITEM_CANCELLED]: RazerJojo annule la vente de 64x Redstone Block pour 600.00β sur survie_new
[23:07:51] [ITEM_CANCELLED]: RazerJojo annule la vente de 64x Redstone Block pour 600.00β sur survie_new
[23:07:51] [ITEM_CANCELLED]: RazerJojo annule la vente de 64x Redstone Block pour 600.00β sur survie_new
[23:07:52] [ITEM_CANCELLED]: RazerJojo annule la vente de 64x Redstone Block pour 600.00β sur survie_new
[23:08:05] [ITEM_CANCELLED]: RazerJojo annule la vente de 16x Ender Pearl pour 1,600.00β sur spawn
[23:08:05] [ITEM_CANCELLED]: RazerJojo annule la vente de 16x Ender Pearl pour 1,600.00β sur spawn
[23:08:06] [ITEM_CANCELLED]: RazerJojo annule la vente de 16x Ender Pearl pour 1,600.00β sur spawn
[23:08:06] [ITEM_CANCELLED]: RazerJojo annule la vente de 16x Ender Pearl pour 1,600.00β sur spawn
[23:08:06] [ITEM_CANCELLED]: RazerJojo annule la vente de 16x Ender Pearl pour 1,600.00β sur spawn
[23:08:06] [ITEM_CANCELLED]: RazerJojo annule la vente de 16x Ender Pearl pour 1,600.00β sur spawn
[23:08:07] [ITEM_CANCELLED]: RazerJojo annule la vente de 16x Ender Pearl pour 1,600.00β sur spawn
[23:08:07] [ITEM_CANCELLED]: RazerJojo annule la vente de 16x Ender Pearl pour 1,600.00β sur spawn
[23:08:07] [ITEM_CANCELLED]: RazerJojo annule la vente de 16x Ender Pearl pour 1,600.00β sur spawn
[23:08:07] [ITEM_CANCELLED]: RazerJojo annule la vente de 16x Ender Pearl pour 1,600.00β sur spawn
[23:08:08] [ITEM_CANCELLED]: RazerJojo annule la vente de 16x Ender Pearl pour 1,600.00β sur spawn
[23:08:14] [ITEM_RETURNED]: 16 x Ender Pearl  renvoyé à RazerJojo le spawn
[23:08:14] [ITEM_RETURNED]: 16 x Ender Pearl  renvoyé à RazerJojo le spawn
[23:08:14] [ITEM_RETURNED]: 16 x Ender Pearl  renvoyé à RazerJojo le spawn
[23:08:14] [ITEM_RETURNED]: 16 x Ender Pearl  renvoyé à RazerJojo le spawn
[23:08:14] [ITEM_RETURNED]: 16 x Ender Pearl  renvoyé à RazerJojo le spawn
[23:08:15] [ITEM_RETURNED]: 16 x Ender Pearl  renvoyé à RazerJojo le spawn
[23:08:15] [ITEM_RETURNED]: 16 x Ender Pearl  renvoyé à RazerJojo le spawn
[23:08:15] [ITEM_RETURNED]: 16 x Ender Pearl  renvoyé à RazerJojo le spawn
[23:08:15] [ITEM_RETURNED]: 16 x Ender Pearl  renvoyé à RazerJojo le spawn
[23:08:16] [ITEM_RETURNED]: 16 x Ender Pearl  renvoyé à RazerJojo le spawn
[23:08:16] [ITEM_RETURNED]: 16 x Ender Pearl  renvoyé à RazerJojo le spawn
[23:08:16] [ITEM_RETURNED]: 64 x Redstone Block  renvoyé à RazerJojo le survie_new
[23:08:16] [ITEM_RETURNED]: 64 x Redstone Block  renvoyé à RazerJojo le survie_new
[23:08:17] [ITEM_RETURNED]: 64 x Redstone Block  renvoyé à RazerJojo le survie_new
[23:08:17] [ITEM_RETURNED]: 64 x Redstone Block  renvoyé à RazerJojo le survie_new
[23:08:17] [ITEM_RETURNED]: 64 x Redstone Block  renvoyé à RazerJojo le survie_new
[23:08:17] [ITEM_RETURNED]: 64 x Redstone Block  renvoyé à RazerJojo le survie_new
[23:08:18] [ITEM_CANCELLED]: RazerJojo annule la vente de 64x Lapis Block pour 1,000.00β sur survie_new
[23:08:22] [ITEM_RETURNED]: 64 x Lapis Block  renvoyé à RazerJojo le survie_new
[23:08:53] [ITEM_LISTED]: RazerJojo vend 64 x Lapis Block  pour 1,000.00β sur survie_new
[23:08:57] [ITEM_LISTED]: RazerJojo vend 16 x Ender Pearl  pour 1,000.00β sur survie_new
[23:09:00] [ITEM_LISTED]: RazerJojo vend 16 x Ender Pearl  pour 1,000.00β sur survie_new
[23:09:02] [ITEM_LISTED]: RazerJojo vend 16 x Ender Pearl  pour 1,000.00β sur survie_new
[23:09:08] [ITEM_LISTED]: RazerJojo vend 16 x Ender Pearl  pour 1,000.00β sur survie_new
[23:09:10] [ITEM_LISTED]: RazerJojo vend 16 x Ender Pearl  pour 1,000.00β sur survie_new
[23:09:14] [ITEM_LISTED]: RazerJojo vend 16 x Ender Pearl  pour 1,000.00β sur survie_new
[23:09:15] [ITEM_LISTED]: RazerJojo vend 16 x Ender Pearl  pour 1,000.00β sur survie_new
[23:09:22] [ITEM_LISTED]: RazerJojo vend 16 x Ender Pearl  pour 500.00β sur survie_new
[23:09:25] [ITEM_LISTED]: RazerJojo vend 16 x Ender Pearl  pour 500.00β sur survie_new
[23:09:27] [ITEM_LISTED]: RazerJojo vend 16 x Ender Pearl  pour 500.00β sur survie_new
[23:09:30] [ITEM_LISTED]: RazerJojo vend 16 x Ender Pearl  pour 500.00β sur survie_new
[23:09:40] [ITEM_LISTED]: RazerJojo vend 64 x Redstone Block  pour 400.00β sur survie_new
[23:09:43] [ITEM_LISTED]: RazerJojo vend 64 x Redstone Block  pour 400.00β sur survie_new
[23:09:57] [ITEM_LISTED]: RazerJojo vend 64 x Redstone Block  pour 400.00β sur survie_new
[23:10:03] [ITEM_LISTED]: RazerJojo vend 64 x Redstone Block  pour 300.00β sur survie_new
[23:15:03] [ITEM_LISTED]: Waxay vend 1 x [Spider Spawner]  pour 2,800.00β sur survie_new
[23:15:40] [ITEM_LISTED]: RazerJojo vend 1 x Diamond Pickaxe  [Fortune II, Unbreaking III] pour 600.00β sur survie_new
[23:18:56] [ITEM_SOLD]: pierro vendu 16 x Egg à  GuiGuiPlay pour 100.00 β le survie_new
[23:19:36] [ITEM_SOLD]: pierro vendu 16 x Egg à  GuiGuiPlay pour 100.00 β le survie_new
[23:19:38] [ITEM_SOLD]: pierro vendu 16 x Egg à  GuiGuiPlay pour 100.00 β le survie_new
[23:19:41] [ITEM_SOLD]: pierro vendu 16 x Egg à  GuiGuiPlay pour 100.00 β le survie_new
[23:19:43] [ITEM_SOLD]: pierro vendu 16 x Egg à  GuiGuiPlay pour 100.00 β le survie_new
[23:19:45] [ITEM_SOLD]: pierro vendu 16 x Egg à  GuiGuiPlay pour 100.00 β le survie_new
[23:19:47] [ITEM_SOLD]: pierro vendu 16 x Egg à  GuiGuiPlay pour 100.00 β le survie_new
[23:19:48] [ITEM_SOLD]: pierro vendu 16 x Egg à  GuiGuiPlay pour 100.00 β le survie_new
[23:26:40] [ITEM_LISTED]: Cryyzi vend 1 x Music Disc 13  pour 200.00β sur survie_new
[23:26:43] [ITEM_LISTED]: Cryyzi vend 1 x Music Disc 13  pour 200.00β sur survie_new
[23:26:46] [ITEM_LISTED]: Cryyzi vend 1 x Music Disc 13  pour 200.00β sur survie_new
[23:26:48] [ITEM_LISTED]: Cryyzi vend 1 x Music Disc 13  pour 200.00β sur survie_new
[23:26:51] [ITEM_LISTED]: Cryyzi vend 1 x Music Disc 13  pour 200.00β sur survie_new
[23:27:06] [ITEM_LISTED]: Cryyzi vend 1 x Music Disc Cat  pour 200.00β sur survie_new
[23:27:10] [ITEM_LISTED]: Cryyzi vend 1 x Music Disc Cat  pour 200.00β sur survie_new
[23:27:12] [ITEM_LISTED]: Cryyzi vend 1 x Music Disc Cat  pour 200.00β sur survie_new
[23:27:14] [ITEM_LISTED]: Cryyzi vend 1 x Music Disc Cat  pour 200.00β sur survie_new
[23:27:16] [ITEM_LISTED]: Cryyzi vend 1 x Music Disc Cat  pour 200.00β sur survie_new
[23:27:39] [ITEM_LISTED]: Cryyzi vend 1 x Music Disc Cat  pour 200.00β sur survie_new
[23:28:45] [ITEM_SOLD]: Mikiu_Ahegao vendu 1 x Music Disc Wait à  Cryyzi pour 300.00 β le survie_new
[23:42:01] [ITEM_LISTED]: RazerJojo vend 1 x Music Disc Cat  pour 50.00β sur survie_new
[23:42:03] [ITEM_LISTED]: RazerJojo vend 1 x Music Disc Cat  pour 50.00β sur survie_new
[23:42:19] [ITEM_LISTED]: Cryyzi vend 1 x Music Disc Cat  pour 200.00β sur survie_new
[23:42:56] [ITEM_LISTED]: Cryyzi vend 1 x Music Disc Cat  pour 200.00β sur survie_new
[23:45:46] [ITEM_SOLD]: RazerJojo vendu 1 x Diamond Pickaxe à  [Fortune II, Unbreaking III] BiscuitSoda69 pour 600.00 β le survie_new
