[01:32:37] [ITEM_SOLD]: CroixVeBaton vendu 64 x Dark Oak Log à  Djo676 pour 160.00 β le survie_new
[01:32:38] [ITEM_SOLD]: CroixVeBaton vendu 64 x Dark Oak Log à  Djo676 pour 160.00 β le survie_new
[01:32:39] [ITEM_SOLD]: CroixVeBaton vendu 64 x Dark Oak Log à  Djo676 pour 160.00 β le survie_new
[01:32:41] [ITEM_SOLD]: CroixVeBaton vendu 64 x Dark Oak Log à  Djo676 pour 160.00 β le survie_new
[12:18:21] [ITEM_SOLD]: Djo676 vendu 1 x §;§:Spawner à Araignée venimeuse 1x à  Loan02 pour 10,000.00 β le survie_new
[12:18:24] [ITEM_SOLD]: Djo676 vendu 1 x §;§:Spawner à Zombie 1x à  Loan02 pour 10,000.00 β le survie_new
[12:18:28] [ITEM_SOLD]: Djo676 vendu 1 x §;§:Spawner à Zombie 1x à  Loan02 pour 10,000.00 β le survie_new
[12:25:19] [ITEM_SOLD]: LLIcocoman_Hrz vendu 48 x Obsidian à  _Wiizy_ pour 50.00 β le survie_new
[14:51:56] [ITEM_CANCELLED]: Djo676 annule la vente de 1x §;§:Spawner à Araignée venimeuse 1x pour 10,000.00β sur survie_new
[14:52:00] [ITEM_RETURNED]: 1 x §;§:Spawner à Zombie 1x  renvoyé à Djo676 le survie_new
[14:52:00] [ITEM_RETURNED]: 1 x §;§:Spawner à Araignée venimeuse 1x  renvoyé à Djo676 le survie_new
[15:17:00] [ITEM_LISTED]: Djo676 vend 1 x §;§:Spawner à Araignée venimeuse 1x  pour 10,000.00β sur survie_new
[15:17:02] [ITEM_LISTED]: Djo676 vend 1 x §;§:Spawner à Zombie 1x  pour 10,000.00β sur survie_new
[15:33:56] [ITEM_LISTED]: Yohan81 vend 1 x La Grande Pioche  [Efficiency X, Fortune V, Unbreaking VIII, Curse of Vanishing] pour 80,000.00β sur survie_new
[15:34:06] [ITEM_CANCELLED]: Yohan81 annule la vente de 1x La Grande Pioche [Efficiency X, Fortune V, Unbreaking VIII, Curse of Vanishing] pour 80,000.00β sur survie_new
[15:34:08] [ITEM_RETURNED]: 1 x La Grande Pioche  [Efficiency X, Fortune V, Unbreaking VIII, Curse of Vanishing] renvoyé à Yohan81 le survie_new
[15:34:25] [ITEM_LISTED]: Yohan81 vend 1 x La Grande Pioche  [Efficiency X, Fortune V, Unbreaking VIII, Curse of Vanishing] pour 800,000.00β sur survie_new
[15:34:35] [ITEM_SOLD]: Yohan81 vendu 1 x La Grande Pioche à  [Efficiency X, Fortune V, Unbreaking VIII, Curse of Vanishing] Loan02 pour 800,000.00 β le survie_new
[15:44:37] [ITEM_LISTED]: Yohan81 vend 1 x Music Disc 11  pour 500.00β sur survie_new
[15:44:38] [ITEM_LISTED]: Yohan81 vend 1 x Music Disc 11  pour 500.00β sur survie_new
[15:44:42] [ITEM_LISTED]: Yohan81 vend 1 x Music Disc 11  pour 500.00β sur survie_new
[15:54:56] [ITEM_LISTED]: Skullcute vend 1 x Music Disc 11  pour 500.00β sur survie_new
[16:00:52] [ITEM_LISTED]: Loan02 vend 1 x Elytra  pour 10,000.00β sur survie_new_the_end
[16:16:25] [ITEM_LISTED]: LLIcocoman_Hrz vend 1 x Chicken Spawn Egg  pour 5,000.00β sur survie_new
[16:16:30] [ITEM_LISTED]: LLIcocoman_Hrz vend 64 x Glowstone  pour 200.00β sur survie_new
[16:18:42] [ITEM_SOLD]: Loan02 vendu 1 x Elytra à  louloured03 pour 10,000.00 β le survie_new_the_end
[16:18:55] [ITEM_SOLD]: Yohan81 vendu 1 x Music Disc 11 à  louloured03 pour 500.00 β le survie_new
[16:45:38] [ITEM_RETURNED]: 64 x Anvil  renvoyé à pikatchou82 le survie_new
[16:45:39] [ITEM_RETURNED]: 64 x Anvil  renvoyé à pikatchou82 le survie_new
[16:45:40] [ITEM_RETURNED]: 64 x Jukebox  renvoyé à pikatchou82 le survie_new
[16:46:01] [ITEM_RETURNED]: 64 x Anvil  renvoyé à pikatchou82 le survie_new
[16:46:02] [ITEM_RETURNED]: 64 x Anvil  renvoyé à pikatchou82 le survie_new
[16:46:02] [ITEM_RETURNED]: 64 x Anvil  renvoyé à pikatchou82 le survie_new
[16:46:02] [ITEM_RETURNED]: 64 x Anvil  renvoyé à pikatchou82 le survie_new
[16:46:03] [ITEM_RETURNED]: 64 x Anvil  renvoyé à pikatchou82 le survie_new
[16:46:03] [ITEM_RETURNED]: 64 x Jukebox  renvoyé à pikatchou82 le survie_new
[16:46:05] [ITEM_RETURNED]: 64 x Anvil  renvoyé à pikatchou82 le survie_new
[16:46:06] [ITEM_RETURNED]: 64 x Anvil  renvoyé à pikatchou82 le survie_new
[16:46:06] [ITEM_RETURNED]: 64 x Anvil  renvoyé à pikatchou82 le survie_new
[16:46:06] [ITEM_RETURNED]: 64 x Anvil  renvoyé à pikatchou82 le survie_new
[16:46:07] [ITEM_RETURNED]: 64 x Anvil  renvoyé à pikatchou82 le survie_new
[16:46:07] [ITEM_RETURNED]: 64 x Anvil  renvoyé à pikatchou82 le survie_new
[16:46:07] [ITEM_RETURNED]: 64 x Anvil  renvoyé à pikatchou82 le survie_new
[16:46:08] [ITEM_RETURNED]: 64 x Clock  renvoyé à pikatchou82 le survie_new
[16:46:08] [ITEM_RETURNED]: 64 x Clock  renvoyé à pikatchou82 le survie_new
[16:46:09] [ITEM_RETURNED]: 64 x Clock  renvoyé à pikatchou82 le survie_new
[16:46:10] [ITEM_RETURNED]: 64 x Clock  renvoyé à pikatchou82 le survie_new
[16:46:10] [ITEM_RETURNED]: 48 x Clock  renvoyé à pikatchou82 le survie_new
[16:46:13] [ITEM_RETURNED]: 64 x Clock  renvoyé à pikatchou82 le survie_new
[16:46:15] [ITEM_RETURNED]: 64 x Clock  renvoyé à pikatchou82 le survie_new
[16:46:58] [ITEM_RETURNED]: 64 x Jukebox  renvoyé à pikatchou82 le survie_new
[16:46:58] [ITEM_RETURNED]: 64 x Jukebox  renvoyé à pikatchou82 le survie_new
[16:46:58] [ITEM_RETURNED]: 64 x Clock  renvoyé à pikatchou82 le survie_new
[16:46:58] [ITEM_RETURNED]: 64 x Clock  renvoyé à pikatchou82 le survie_new
[16:46:58] [ITEM_RETURNED]: 64 x Clock  renvoyé à pikatchou82 le survie_new
[16:46:58] [ITEM_RETURNED]: 64 x Jukebox  renvoyé à pikatchou82 le survie_new
[16:46:59] [ITEM_RETURNED]: 64 x Jukebox  renvoyé à pikatchou82 le survie_new
[16:46:59] [ITEM_RETURNED]: 64 x Jukebox  renvoyé à pikatchou82 le survie_new
[16:46:59] [ITEM_RETURNED]: 64 x Jukebox  renvoyé à pikatchou82 le survie_new
[16:46:59] [ITEM_RETURNED]: 64 x Jukebox  renvoyé à pikatchou82 le survie_new
[16:46:59] [ITEM_RETURNED]: 64 x Jukebox  renvoyé à pikatchou82 le survie_new
[16:47:00] [ITEM_RETURNED]: 64 x Jukebox  renvoyé à pikatchou82 le survie_new
[16:47:00] [ITEM_RETURNED]: 64 x Jukebox  renvoyé à pikatchou82 le survie_new
[16:47:00] [ITEM_CANCELLED]: pikatchou82 annule la vente de 64x Anvil pour 1,000.00β sur survie_new
[16:53:14] [ITEM_LISTED]: pikatchou82 vend 64 x Anvil  pour 1,000.00β sur survie_new
[16:53:17] [ITEM_LISTED]: pikatchou82 vend 64 x Anvil  pour 1,000.00β sur survie_new
[16:53:19] [ITEM_LISTED]: pikatchou82 vend 64 x Anvil  pour 1,000.00β sur survie_new
[16:53:22] [ITEM_LISTED]: pikatchou82 vend 64 x Anvil  pour 1,000.00β sur survie_new
[16:53:25] [ITEM_LISTED]: pikatchou82 vend 64 x Anvil  pour 1,000.00β sur survie_new
[16:53:28] [ITEM_LISTED]: pikatchou82 vend 64 x Anvil  pour 1,000.00β sur survie_new
[16:53:31] [ITEM_LISTED]: pikatchou82 vend 64 x Anvil  pour 1,000.00β sur survie_new
[18:45:02] [ITEM_SOLD]: LLIcocoman_Hrz vendu 1 x Chicken Spawn Egg à  CroixVeBaton pour 5,000.00 β le survie_new
[18:53:13] [ITEM_LISTED]: Yohan81 vend 64 x Cooked Porkchop  pour 200.00β sur survie_new
[18:53:26] [ITEM_SOLD]: Yohan81 vendu 64 x Cooked Porkchop à  Skullcute pour 200.00 β le survie_new
[18:53:37] [ITEM_LISTED]: Yohan81 vend 64 x Cooked Porkchop  pour 200.00β sur survie_new
[18:53:45] [ITEM_SOLD]: Yohan81 vendu 64 x Cooked Porkchop à  Skullcute pour 200.00 β le survie_new
[19:15:09] [ITEM_LISTED]: louloured03 vend 1 x Enchanted Book  pour 3,000.00β sur survie_new
[19:16:12] [ITEM_LISTED]: louloured03 vend 1 x Enchanted Book  pour 3,000.00β sur survie_new
[19:16:19] [ITEM_LISTED]: louloured03 vend 1 x Enchanted Book  pour 4,000.00β sur survie_new
[19:16:23] [ITEM_LISTED]: louloured03 vend 1 x Enchanted Book  pour 3,000.00β sur survie_new
[20:12:59] [ITEM_SOLD]: Ekiliox vendu 64 x Bread à  Luky123413 pour 500.00 β le survie_new
[22:26:03] [ITEM_LISTED]: Yohan81 vend 64 x Arrow  pour 100.00β sur survie_new
[22:26:13] [ITEM_SOLD]: Yohan81 vendu 64 x Arrow à  Isaorya pour 100.00 β le survie_new
[23:12:38] [ITEM_SOLD]: Skullcute vendu 1 x Music Disc 11 à  Rayan pour 500.00 β le survie_new
[23:14:03] [ITEM_SOLD]: louloured03 vendu 1 x Enchanted Book à  Rayan pour 3,000.00 β le survie_new
[23:54:45] [ITEM_LISTED]: Zeelyrules vend 1 x Diamond Pickaxe  [Silk Touch] pour 2,000.00β sur survie_new
[23:55:07] [ITEM_LISTED]: Zeelyrules vend 1 x Diamond Pickaxe  [Silk Touch] pour 2,000.00β sur survie_new
[23:55:12] [ITEM_LISTED]: Zeelyrules vend 1 x Diamond Pickaxe  [Silk Touch] pour 2,000.00β sur survie_new
[23:55:21] [ITEM_LISTED]: Zeelyrules vend 1 x Diamond Pickaxe  [Silk Touch] pour 2,000.00β sur survie_new
[23:55:26] [ITEM_LISTED]: Zeelyrules vend 1 x Diamond Pickaxe  [Silk Touch] pour 2,000.00β sur survie_new
[23:55:30] [ITEM_LISTED]: Zeelyrules vend 1 x Diamond Pickaxe  [Silk Touch] pour 2,000.00β sur survie_new
[23:59:52] [ITEM_SOLD]: Yohan81 vendu 1 x Music Disc 11 à  nuka_blood pour 500.00 β le survie_new
[23:59:56] [ITEM_SOLD]: LLIcocoman_Hrz vendu 64 x Glowstone à  nuka_blood pour 200.00 β le survie_new
