[00:51:37] [ITEM_SOLD]: tmax06 vendu 5 x Powered Rail à  Neefast pour 400.00 β le survie_new
[01:13:54] [ITEM_SOLD]: tmax06 vendu 2 x Activator Rail à  Neefast pour 200.00 β le survie_new
[01:38:52] [ITEM_LISTED]: Christophe_ vend 9 x Gold Ingot  pour 150.00β sur survie_new
[01:38:58] [ITEM_SOLD]: Christophe_ vendu 9 x Gold Ingot à  Neefast pour 150.00 β le survie_new
[02:15:57] [ITEM_SOLD]: Newt_hp vendu 1 x Enchanted Book à  MaloZazina pour 1,500.00 β le survie_new
[02:30:31] [ITEM_SOLD]: Mathis6000 vendu 1 x Andesite à  MaloZazina pour 1.00 β le spawn
[11:55:12] [ITEM_SOLD]: pierro vendu 16 x Egg à  laelia59 pour 120.00 β le survie_new
[11:55:14] [ITEM_SOLD]: pierro vendu 16 x Egg à  laelia59 pour 120.00 β le survie_new
[11:55:15] [ITEM_SOLD]: pierro vendu 16 x Egg à  laelia59 pour 120.00 β le survie_new
[11:55:17] [ITEM_SOLD]: pierro vendu 16 x Egg à  laelia59 pour 120.00 β le survie_new
[11:55:18] [ITEM_SOLD]: pierro vendu 16 x Egg à  laelia59 pour 120.00 β le survie_new
[11:55:19] [ITEM_SOLD]: pierro vendu 16 x Egg à  laelia59 pour 120.00 β le survie_new
[11:55:20] [ITEM_SOLD]: pierro vendu 16 x Egg à  laelia59 pour 120.00 β le survie_new
[11:55:21] [ITEM_SOLD]: pierro vendu 16 x Egg à  laelia59 pour 120.00 β le survie_new
[11:55:22] [ITEM_SOLD]: pierro vendu 16 x Egg à  laelia59 pour 120.00 β le survie_new
[11:55:24] [ITEM_SOLD]: pierro vendu 16 x Egg à  laelia59 pour 120.00 β le survie_new
[13:07:39] [ITEM_LISTED]: Vladata vend 64 x Sugar Cane  pour 25.00β sur survie_new
[13:07:44] [ITEM_LISTED]: Vladata vend 64 x Sugar Cane  pour 25.00β sur survie_new
[13:07:50] [ITEM_LISTED]: Vladata vend 64 x Sugar Cane  pour 25.00β sur survie_new
[13:16:38] [ITEM_RETURNED]: 5 x Wither Rose  renvoyé à D4rk_Wolf_07 le survie_new
[13:40:45] [ITEM_LISTED]: D4rk_Wolf_07 vend 32 x Sea Lantern  pour 100,000.00β sur survie_new
[13:40:55] [ITEM_CANCELLED]: D4rk_Wolf_07 annule la vente de 32x Sea Lantern pour 100,000.00β sur survie_new
[13:40:58] [ITEM_RETURNED]: 32 x Sea Lantern  renvoyé à D4rk_Wolf_07 le survie_new
[13:41:06] [ITEM_LISTED]: D4rk_Wolf_07 vend 32 x Sea Lantern  pour 10,000.00β sur survie_new
[13:57:47] [ITEM_SOLD]: Vladata vendu 64 x Sugar Cane à  REGDYLAN pour 25.00 β le survie_new
[13:57:48] [ITEM_SOLD]: Vladata vendu 64 x Sugar Cane à  REGDYLAN pour 25.00 β le survie_new
[13:57:49] [ITEM_SOLD]: Vladata vendu 64 x Sugar Cane à  REGDYLAN pour 25.00 β le survie_new
[18:38:49] [ITEM_SOLD]: RazerJojo vendu 1 x Diamond Sword à  [Sharpness III] Pedro pour 300.00 β le survie_new
[18:39:49] [ITEM_SOLD]: GuiGuiPlay vendu 64 x Bread à  Pedro pour 199.00 β le survie_new
[18:42:00] [ITEM_SOLD]: GuiGuiPlay vendu 64 x Cactus à  Maze_lda pour 200.00 β le survie_new
[18:44:32] [ITEM_SOLD]: _TMLC_R34_ vendu 64 x Redstone Block à  Skilyder pour 300.00 β le survie_new
[20:00:48] [ITEM_SOLD]: REGDYLAN vendu 1 x Diamond Pickaxe à  [Efficiency IV, Unbreaking III] Christophe_ pour 2,500.00 β le survie_new
[20:18:17] [ITEM_LISTED]: Christophe_ vend 1 x Diamond Pickaxe  [Efficiency IV, Unbreaking III] pour 2,000.00β sur survie_new
[20:32:48] [ITEM_SOLD]: REGDYLAN vendu 1 x Enchanted Book à  Neefast pour 2,450.00 β le survie_new
[20:40:54] [ITEM_SOLD]: _Wiizy_ vendu 1 x Diamond Boots à  [Frost Walker II] ianito pour 1,500.00 β le survie_new
[20:52:45] [ITEM_SOLD]: Waxay vendu 1 x [Cave spider Spawner] à  Neefast pour 2,888.00 β le survie_new
[20:52:50] [ITEM_SOLD]: tmax06 vendu 1 x [Cave spider Spawner] à  Neefast pour 2,800.00 β le survie_new
[20:53:59] [ITEM_SOLD]: REGDYLAN vendu 1 x Enchanted Book à  ianito pour 2,450.00 β le survie_new
[21:04:23] [ITEM_LISTED]: AzodFR vend 1 x Livre pour une création Légendaire  pour 5,000.00β sur survie_new
[21:05:00] [ITEM_SOLD]: D4rk_Wolf_07 vendu 32 x Sea Lantern à  AzodFR pour 10,000.00 β le survie_new
[21:05:09] [ITEM_SOLD]: AzodFR vendu 1 x Livre pour une création Légendaire à  Haru_M pour 5,000.00 β le survie_new
[21:06:51] [ITEM_LISTED]: _megamigit_ vend 1 x Livre pour une création Légendaire  pour 5,000.00β sur survie_new
[21:07:26] [ITEM_LISTED]: Haru_M vend 64 x Sea Lantern  pour 10,000.00β sur survie_new
[21:07:46] [ITEM_SOLD]: Haru_M vendu 64 x Sea Lantern à  AzodFR pour 10,000.00 β le survie_new
[21:08:23] [ITEM_LISTED]: Tesla248 vend 1 x [Cave spider Spawner]  pour 2,750.00β sur survie_new
[21:08:34] [ITEM_LISTED]: Tesla248 vend 1 x [Cave spider Spawner]  pour 2,750.00β sur survie_new
[21:08:42] [ITEM_LISTED]: Tesla248 vend 1 x [Cave spider Spawner]  pour 2,750.00β sur survie_new
[21:08:45] [ITEM_SOLD]: Haru_M vendu 1 x Beacon à  Newt_hp pour 10,000.00 β le spawn
[21:08:49] [ITEM_LISTED]: Tesla248 vend 1 x [Cave spider Spawner]  pour 2,750.00β sur survie_new
[21:08:55] [ITEM_LISTED]: Tesla248 vend 1 x [Cave spider Spawner]  pour 2,750.00β sur survie_new
[21:09:03] [ITEM_LISTED]: Tesla248 vend 1 x [Cave spider Spawner]  pour 2,750.00β sur survie_new
[21:09:09] [ITEM_LISTED]: Tesla248 vend 1 x [Cave spider Spawner]  pour 2,750.00β sur survie_new
[21:09:19] [ITEM_SOLD]: _megamigit_ vendu 1 x Livre pour une création Légendaire à  Newt_hp pour 5,000.00 β le survie_new
[21:27:18] [ITEM_SOLD]: DXdu816 vendu 1 x Fishing Rod à  [unknown] ianito pour 1,000.00 β le survie_new
[21:47:34] [ITEM_SOLD]: Christophe_ vendu 1 x Diamond Pickaxe à  [Efficiency IV, Unbreaking III] AzodFR pour 2,000.00 β le survie_new
[21:57:33] [ITEM_LISTED]: Tactical_Byslide vend 1 x Shulker Shell  pour 1,500.00β sur survie_new
[22:15:38] [ITEM_SOLD]: REGDYLAN vendu 1 x Enchanted Book à  pimendespelette pour 2,450.00 β le survie_new
[22:15:40] [ITEM_SOLD]: REGDYLAN vendu 1 x Enchanted Book à  pimendespelette pour 2,450.00 β le survie_new
[22:46:04] [ITEM_DROPPED]: Abandon de la vente Anonyime7 expirée de 1 x [Pig Spawner]  pour 0.00β à leurs pieds le survie_new
[23:37:04] [ITEM_SOLD]: Cryyzi vendu 1 x Purple Bed à  GuiGuiPlay pour 11.00 β le survie_new
[23:37:05] [ITEM_SOLD]: Cryyzi vendu 1 x Purple Bed à  GuiGuiPlay pour 11.00 β le survie_new
[23:38:41] [ITEM_SOLD]: lasoeurdadrien vendu 1 x Enchanted Book à  Gr33nEagl3 pour 2,400.00 β le survie_new
[23:38:46] [ITEM_SOLD]: REGDYLAN vendu 1 x Enchanted Book à  Gr33nEagl3 pour 2,450.00 β le survie_new
[23:39:01] [ITEM_LISTED]: Cryyzi vend 1 x Dirt  pour 100.00β sur survie_new
[23:39:04] [ITEM_SOLD]: Cryyzi vendu 1 x Dirt à  GuiGuiPlay pour 100.00 β le survie_new
[23:39:57] [ITEM_LISTED]: RazerJojo vend 64 x Diamond  pour 7,000.00β sur survie_new
[23:40:28] [ITEM_CANCELLED]: RazerJojo annule la vente de 64x Diamond pour 7,000.00β sur survie_new
[23:40:31] [ITEM_RETURNED]: 64 x Diamond  renvoyé à RazerJojo le survie_new
[23:41:15] [ITEM_LISTED]: RazerJojo vend 64 x Gold Block  pour 10,000.00β sur survie_new
[23:41:36] [ITEM_SOLD]: RazerJojo vendu 64 x Gold Block à  kalaistar pour 10,000.00 β le survie_new
[23:42:08] [ITEM_LISTED]: RazerJojo vend 32 x Diamond  pour 4,000.00β sur survie_new
[23:42:26] [ITEM_SOLD]: RazerJojo vendu 32 x Diamond à  kalaistar pour 4,000.00 β le survie_new
[23:48:45] [ITEM_LISTED]: RazerJojo vend 1 x Fais pas ta catin djadja  pour 10.00β sur survie_new
[23:49:02] [ITEM_SOLD]: RazerJojo vendu 1 x Fais pas ta catin djadja à  GuiGuiPlay pour 10.00 β le survie_new
[23:49:29] [ITEM_LISTED]: GuiGuiPlay vend 1 x Fais pas ta catin djadja  pour 5,000.00β sur survie_new
