[00:04:10] [ITEM_SOLD]: Yohan81 vendu 64 x Carrot à  PPLM_CQFD pour 50.00 β le survie_new
[00:55:36] [ITEM_SOLD]: SSLLOOTTHH vendu 1 x Enchanted Book à  Isaorya pour 1,300.00 β le survie_new
[00:57:45] [ITEM_LISTED]: Marcoco50100 vend 64 x Prismarine Crystals  pour 5,000.00β sur survie_new
[01:07:04] [ITEM_LISTED]: Marcoco50100 vend 1 x Suspicious Stew  pour 30.00β sur survie_new
[09:37:42] [ITEM_SOLD]: Yohan81 vendu 64 x Carrot à  Bertrand pour 50.00 β le survie_new
[11:41:18] [ITEM_SOLD]: Yohan81 vendu 64 x Leather à  SSLLOOTTHH pour 100.00 β le survie_new
[11:41:22] [ITEM_SOLD]: Yohan81 vendu 64 x Leather à  SSLLOOTTHH pour 100.00 β le survie_new
[11:45:24] [ITEM_LISTED]: Marcoco50100 vend 8 x Ink Sac  pour 0.10β sur survie_new
[11:45:57] [ITEM_SOLD]: Marcoco50100 vendu 8 x Ink Sac à  Geratinapute pour 0.10 β le survie_new
[11:59:36] [ITEM_LISTED]: SSLLOOTTHH vend 64 x Cobblestone  pour 100.00β sur survie_new
[11:59:38] [ITEM_LISTED]: SSLLOOTTHH vend 64 x Cobblestone  pour 100.00β sur survie_new
[11:59:43] [ITEM_LISTED]: SSLLOOTTHH vend 64 x Cobblestone  pour 100.00β sur survie_new
[11:59:44] [ITEM_LISTED]: SSLLOOTTHH vend 64 x Cobblestone  pour 100.00β sur survie_new
[11:59:53] [ITEM_LISTED]: SSLLOOTTHH vend 64 x Cobblestone  pour 100.00β sur survie_new
[11:59:54] [ITEM_LISTED]: SSLLOOTTHH vend 64 x Cobblestone  pour 100.00β sur survie_new
[12:06:37] [ITEM_SOLD]: Kaio_Beninou vendu 1 x Enchanted Book à  SSLLOOTTHH pour 15,000.00 β le survie_new
[12:32:34] [ITEM_LISTED]: SSLLOOTTHH vend 64 x Redstone Block  pour 7,000.00β sur survie_new
[13:05:41] [ITEM_SOLD]: Yohan81 vendu 24 x Pumpkin Seeds à  Mikiu_Ahegao pour 5.00 β le survie_new
[13:18:07] [ITEM_SOLD]: Yohan81 vendu 26 x Bread à  PrinceJUULS pour 26.00 β le survie_new
[13:20:53] [ITEM_LISTED]: PrinceJUULS vend 1 x §;§:Spawner à Zombie 1x  pour 5,000.00β sur survie_new
[13:23:52] [ITEM_LISTED]: SSLLOOTTHH vend 64 x Diamond Block  pour 50,000.00β sur survie_new
[13:27:05] [ITEM_LISTED]: Mikiu_Ahegao vend 1 x 6lEpée des Cieux  [Looting II, Sharpness V, Unbreaking II] pour 2,500.00β sur survie_new
[13:27:31] [ITEM_CANCELLED]: Mikiu_Ahegao annule la vente de 1x 6lEpée des Cieux [Looting II, Sharpness V, Unbreaking II] pour 2,500.00β sur survie_new
[13:27:31] [ITEM_LISTED]: SSLLOOTTHH vend 64 x Lapis Block  pour 800.00β sur survie_new
[13:27:48] [ITEM_RETURNED]: 1 x 6lEpée des Cieux  [Looting II, Sharpness V, Unbreaking II] renvoyé à Mikiu_Ahegao le survie_new
[13:28:04] [ITEM_LISTED]: Mikiu_Ahegao vend 1 x 6lEpée des Cieux  [Looting II, Sharpness V, Unbreaking II] pour 10,000.00β sur survie_new
[13:48:46] [ITEM_LISTED]: Mikiu_Ahegao vend 64 x Gunpowder  pour 600.00β sur survie_new
[14:00:53] [ITEM_LISTED]: limastic vend 64 x Iron Ore  pour 1,920.00β sur survie_new
[14:02:08] [ITEM_LISTED]: limastic vend 56 x Iron Ore  pour 1,680.00β sur survie_new
[14:02:20] [ITEM_SOLD]: limastic vendu 64 x Iron Ore à  REGDYLAN pour 1,920.00 β le survie_new
[14:02:21] [ITEM_SOLD]: limastic vendu 56 x Iron Ore à  REGDYLAN pour 1,680.00 β le survie_new
[14:21:31] [ITEM_SOLD]: SSLLOOTTHH vendu 1 x Enchanted Book à  GMK001 pour 1,300.00 β le survie_new
[14:26:24] [ITEM_LISTED]: limastic vend 64 x Iron Ore  pour 1,920.00β sur survie_new
[14:26:46] [ITEM_LISTED]: limastic vend 64 x Iron Ore  pour 1,920.00β sur survie_new
[14:27:11] [ITEM_LISTED]: limastic vend 47 x Iron Ore  pour 1,410.00β sur survie_new
[14:39:24] [ITEM_SOLD]: limastic vendu 64 x Iron Ore à  REGDYLAN pour 1,920.00 β le survie_new
[14:39:25] [ITEM_SOLD]: limastic vendu 64 x Iron Ore à  REGDYLAN pour 1,920.00 β le survie_new
[14:39:27] [ITEM_SOLD]: limastic vendu 47 x Iron Ore à  REGDYLAN pour 1,410.00 β le survie_new
[14:39:36] [ITEM_SOLD]: Mikiu_Ahegao vendu 64 x Gunpowder à  REGDYLAN pour 600.00 β le survie_new
[14:40:05] [ITEM_SOLD]: SSLLOOTTHH vendu 64 x Diamond Block à  REGDYLAN pour 50,000.00 β le survie_new
[14:40:48] [ITEM_LISTED]: limastic vend 64 x Iron Ore  pour 1,920.00β sur survie_new
[14:41:03] [ITEM_LISTED]: limastic vend 40 x Iron Ore  pour 1,200.00β sur survie_new
[14:41:20] [ITEM_LISTED]: PrinceJUULS vend 1 x §;§:Spawner à Araignée venimeuse 1x  pour 4,000.00β sur survie_new
[14:41:42] [ITEM_LISTED]: limastic vend 64 x Gold Ore  pour 2,560.00β sur survie_new
[14:42:07] [ITEM_SOLD]: limastic vendu 64 x Gold Ore à  REGDYLAN pour 2,560.00 β le survie_new
[14:42:08] [ITEM_SOLD]: limastic vendu 40 x Iron Ore à  REGDYLAN pour 1,200.00 β le survie_new
[14:42:09] [ITEM_SOLD]: limastic vendu 64 x Iron Ore à  REGDYLAN pour 1,920.00 β le survie_new
[14:44:30] [ITEM_SOLD]: Mikiu_Ahegao vendu 1 x Iron Axe à  [Efficiency I, Unbreaking I] PrinceJUULS pour 200.00 β le survie_new
[14:48:15] [ITEM_LISTED]: limastic vend 64 x Iron Ore  pour 1,920.00β sur survie_new
[14:49:17] [ITEM_SOLD]: limastic vendu 64 x Iron Ore à  REGDYLAN pour 1,920.00 β le survie_new
[14:55:34] [ITEM_LISTED]: limastic vend 64 x Iron Ore  pour 5,000.00β sur survie_new
[14:55:56] [ITEM_LISTED]: SSLLOOTTHH vend 1 x Saddle  pour 300.00β sur survie_new
[14:56:00] [ITEM_LISTED]: SSLLOOTTHH vend 1 x Saddle  pour 300.00β sur survie_new
[14:56:04] [ITEM_LISTED]: SSLLOOTTHH vend 1 x Saddle  pour 300.00β sur survie_new
[14:56:10] [ITEM_LISTED]: SSLLOOTTHH vend 1 x Saddle  pour 300.00β sur survie_new
[14:59:12] [ITEM_LISTED]: SSLLOOTTHH vend 1 x Totem Of Undying  pour 6,000.00β sur survie_new
[15:03:08] [ITEM_SOLD]: Yohan81 vendu 64 x Coal à  Nexusso pour 64.00 β le survie_new
[15:03:09] [ITEM_SOLD]: Yohan81 vendu 64 x Coal à  Nexusso pour 64.00 β le survie_new
[15:03:10] [ITEM_SOLD]: Yohan81 vendu 64 x Coal à  Nexusso pour 64.00 β le survie_new
[15:04:16] [ITEM_LISTED]: limastic vend 64 x Iron Ore  pour 5,000.00β sur survie_new
[15:04:47] [ITEM_SOLD]: limastic vendu 64 x Iron Ore à  REGDYLAN pour 5,000.00 β le survie_new
[15:05:03] [ITEM_SOLD]: limastic vendu 64 x Iron Ore à  REGDYLAN pour 5,000.00 β le survie_new
[15:08:57] [ITEM_LISTED]: limastic vend 64 x Iron Ore  pour 5,000.00β sur survie_new
[15:09:29] [ITEM_SOLD]: limastic vendu 64 x Iron Ore à  REGDYLAN pour 5,000.00 β le survie_new
[15:09:32] [ITEM_SOLD]: Yohan81 vendu 64 x Arrow à  REGDYLAN pour 25.00 β le survie_new
[15:09:33] [ITEM_SOLD]: Yohan81 vendu 64 x Arrow à  REGDYLAN pour 25.00 β le survie_new
[15:09:35] [ITEM_SOLD]: Yohan81 vendu 64 x Arrow à  REGDYLAN pour 25.00 β le survie_new
[15:09:37] [ITEM_SOLD]: Yohan81 vendu 64 x Arrow à  REGDYLAN pour 25.00 β le survie_new
[15:09:38] [ITEM_SOLD]: Yohan81 vendu 64 x Arrow à  REGDYLAN pour 25.00 β le survie_new
[15:09:40] [ITEM_SOLD]: Yohan81 vendu 64 x Arrow à  REGDYLAN pour 25.00 β le survie_new
[15:11:56] [ITEM_LISTED]: Geratinapute vend 64 x Iron Ore  pour 5,000.00β sur survie_new
[15:12:03] [ITEM_LISTED]: Geratinapute vend 64 x Iron Ore  pour 5,000.00β sur survie_new
[15:12:06] [ITEM_LISTED]: Geratinapute vend 64 x Iron Ore  pour 5,000.00β sur survie_new
[15:12:09] [ITEM_LISTED]: Geratinapute vend 64 x Iron Ore  pour 5,000.00β sur survie_new
[15:12:09] [ITEM_SOLD]: Geratinapute vendu 64 x Iron Ore à  REGDYLAN pour 5,000.00 β le survie_new
[15:12:11] [ITEM_SOLD]: Geratinapute vendu 64 x Iron Ore à  REGDYLAN pour 5,000.00 β le survie_new
[15:12:13] [ITEM_SOLD]: Geratinapute vendu 64 x Iron Ore à  REGDYLAN pour 5,000.00 β le survie_new
[15:12:14] [ITEM_SOLD]: Geratinapute vendu 64 x Iron Ore à  REGDYLAN pour 5,000.00 β le survie_new
[15:12:19] [ITEM_LISTED]: Geratinapute vend 64 x Iron Ore  pour 5,000.00β sur survie_new
[15:12:22] [ITEM_LISTED]: Geratinapute vend 64 x Iron Ore  pour 5,000.00β sur survie_new
[15:12:25] [ITEM_LISTED]: Geratinapute vend 64 x Iron Ore  pour 5,000.00β sur survie_new
[15:12:28] [ITEM_LISTED]: Geratinapute vend 64 x Iron Ore  pour 5,000.00β sur survie_new
[15:12:35] [ITEM_LISTED]: Geratinapute vend 64 x Iron Ore  pour 5,000.00β sur survie_new
[15:12:38] [ITEM_LISTED]: Geratinapute vend 64 x Iron Ore  pour 5,000.00β sur survie_new
[15:12:52] [ITEM_SOLD]: Geratinapute vendu 64 x Iron Ore à  REGDYLAN pour 5,000.00 β le survie_new
[15:12:53] [ITEM_SOLD]: Geratinapute vendu 64 x Iron Ore à  REGDYLAN pour 5,000.00 β le survie_new
[15:12:55] [ITEM_SOLD]: Geratinapute vendu 64 x Iron Ore à  REGDYLAN pour 5,000.00 β le survie_new
[15:12:55] [ITEM_SOLD]: Geratinapute vendu 64 x Iron Ore à  REGDYLAN pour 5,000.00 β le survie_new
[15:12:56] [ITEM_SOLD]: Geratinapute vendu 64 x Iron Ore à  REGDYLAN pour 5,000.00 β le survie_new
[15:12:58] [ITEM_SOLD]: Geratinapute vendu 64 x Iron Ore à  REGDYLAN pour 5,000.00 β le survie_new
[15:13:00] [ITEM_SOLD]: Nadreel vendu 1 x Golden Pickaxe à  [Efficiency II] eric2a pour 300.00 β le survie_new
[15:13:31] [ITEM_LISTED]: limastic vend 64 x Gold Ore  pour 6,500.00β sur survie_new
[15:13:32] [ITEM_LISTED]: Geratinapute vend 64 x Gold Ore  pour 6,500.00β sur survie_new
[15:13:35] [ITEM_LISTED]: Geratinapute vend 64 x Gold Ore  pour 6,500.00β sur survie_new
[15:13:38] [ITEM_LISTED]: Geratinapute vend 64 x Gold Ore  pour 6,500.00β sur survie_new
[15:13:40] [ITEM_LISTED]: Geratinapute vend 64 x Gold Ore  pour 6,500.00β sur survie_new
[15:13:43] [ITEM_LISTED]: Geratinapute vend 64 x Gold Ore  pour 6,500.00β sur survie_new
[15:13:59] [ITEM_SOLD]: Geratinapute vendu 64 x Gold Ore à  REGDYLAN pour 6,500.00 β le survie_new
[15:14:01] [ITEM_SOLD]: Geratinapute vendu 64 x Gold Ore à  REGDYLAN pour 6,500.00 β le survie_new
[15:14:02] [ITEM_SOLD]: Geratinapute vendu 64 x Gold Ore à  REGDYLAN pour 6,500.00 β le survie_new
[15:14:03] [ITEM_SOLD]: Geratinapute vendu 64 x Gold Ore à  REGDYLAN pour 6,500.00 β le survie_new
[15:14:03] [ITEM_SOLD]: Geratinapute vendu 64 x Gold Ore à  REGDYLAN pour 6,500.00 β le survie_new
[15:14:04] [ITEM_SOLD]: limastic vendu 64 x Gold Ore à  REGDYLAN pour 6,500.00 β le survie_new
[15:15:38] [ITEM_LISTED]: REGDYLAN vend 1 x Diamond Pickaxe  [Efficiency V, Fortune IV, Unbreaking III] pour 25,000.00β sur survie_new
[15:19:48] [ITEM_LISTED]: limastic vend 64 x Iron Ore  pour 5,000.00β sur survie_new
[15:20:18] [ITEM_SOLD]: Mikiu_Ahegao vendu 1 x Iron Sword à  [Sharpness I, Unbreaking I] PrinceJUULS pour 300.00 β le survie_new
[15:20:50] [ITEM_LISTED]: limastic vend 64 x Iron Ore  pour 5,000.00β sur survie_new
[15:20:59] [ITEM_SOLD]: limastic vendu 64 x Iron Ore à  REGDYLAN pour 5,000.00 β le survie_new
[15:21:00] [ITEM_SOLD]: limastic vendu 64 x Iron Ore à  REGDYLAN pour 5,000.00 β le survie_new
[15:26:52] [ITEM_LISTED]: limastic vend 64 x Iron Ore  pour 5,000.00β sur survie_new
[15:26:58] [ITEM_SOLD]: limastic vendu 64 x Iron Ore à  REGDYLAN pour 5,000.00 β le survie_new
[15:35:18] [ITEM_LISTED]: limastic vend 64 x Iron Ore  pour 5,000.00β sur survie_new
[15:36:26] [ITEM_LISTED]: Bertrand vend 1 x §;§:Spawner à Araignée venimeuse 1x  pour 2,000.00β sur survie_new
[15:41:04] [ITEM_LISTED]: limastic vend 64 x Iron Ore  pour 500.00β sur survie_new
[15:41:15] [ITEM_CANCELLED]: limastic annule la vente de 64x Iron Ore pour 500.00β sur survie_new
[15:41:17] [ITEM_SOLD]: limastic vendu 64 x Iron Ore à  REGDYLAN pour 5,000.00 β le survie_new
[15:41:21] [ITEM_RETURNED]: 64 x Iron Ore  renvoyé à limastic le survie_new
[15:41:32] [ITEM_LISTED]: limastic vend 64 x Iron Ore  pour 5,000.00β sur survie_new
[15:41:42] [ITEM_SOLD]: limastic vendu 64 x Iron Ore à  REGDYLAN pour 5,000.00 β le survie_new
[15:46:16] [ITEM_LISTED]: limastic vend 64 x Iron Ore  pour 5,000.00β sur survie_new
[15:48:15] [ITEM_LISTED]: limastic vend 64 x Gold Ore  pour 6,500.00β sur survie_new
[15:54:32] [ITEM_LISTED]: limastic vend 64 x Iron Ore  pour 5,000.00β sur survie_new
[15:54:37] [ITEM_SOLD]: limastic vendu 64 x Iron Ore à  REGDYLAN pour 5,000.00 β le survie_new
[15:54:38] [ITEM_SOLD]: limastic vendu 64 x Gold Ore à  REGDYLAN pour 6,500.00 β le survie_new
[15:54:39] [ITEM_SOLD]: limastic vendu 64 x Iron Ore à  REGDYLAN pour 5,000.00 β le survie_new
[15:56:05] [ITEM_LISTED]: PrinceJUULS vend 64 x Iron Ore  pour 5,000.00β sur survie_new
[15:57:35] [ITEM_SOLD]: PrinceJUULS vendu 64 x Iron Ore à  REGDYLAN pour 5,000.00 β le survie_new
[15:59:28] [ITEM_LISTED]: PrinceJUULS vend 64 x Iron Ore  pour 5,000.00β sur survie_new
[15:59:49] [ITEM_LISTED]: PrinceJUULS vend 32 x Iron Ore  pour 2,500.00β sur survie_new
[16:00:14] [ITEM_CANCELLED]: PrinceJUULS annule la vente de 1x §;§:Spawner à Araignée venimeuse 1x pour 4,000.00β sur survie_new
[16:00:30] [ITEM_SOLD]: Bertrand vendu 1 x §;§:Spawner à Araignée venimeuse 1x à  PrinceJUULS pour 2,000.00 β le survie_new
[16:00:41] [ITEM_SOLD]: PrinceJUULS vendu 64 x Iron Ore à  REGDYLAN pour 5,000.00 β le survie_new
[16:00:43] [ITEM_SOLD]: PrinceJUULS vendu 32 x Iron Ore à  REGDYLAN pour 2,500.00 β le survie_new
[16:01:17] [ITEM_LISTED]: PrinceJUULS vend 1 x §;§:Spawner à Araignée venimeuse 1x  pour 3,000.00β sur survie_new
[16:01:19] [ITEM_LISTED]: limastic vend 64 x Iron Ore  pour 5,000.00β sur survie_new
[16:02:25] [ITEM_CANCELLED]: PrinceJUULS annule la vente de 1x §;§:Spawner à Araignée venimeuse 1x pour 3,000.00β sur survie_new
[16:02:37] [ITEM_RETURNED]: 1 x §;§:Spawner à Araignée venimeuse 1x  renvoyé à PrinceJUULS le survie_new
[16:02:38] [ITEM_RETURNED]: 1 x §;§:Spawner à Araignée venimeuse 1x  renvoyé à PrinceJUULS le survie_new
[16:02:55] [ITEM_LISTED]: PrinceJUULS vend 1 x §;§:Spawner à Araignée venimeuse 1x  pour 3,000.00β sur survie_new
[16:03:04] [ITEM_LISTED]: PrinceJUULS vend 1 x §;§:Spawner à Araignée venimeuse 1x  pour 3,000.00β sur survie_new
[16:08:44] [ITEM_LISTED]: limastic vend 37 x Gold Ore  pour 1,480.00β sur survie_new
[16:09:01] [ITEM_SOLD]: limastic vendu 37 x Gold Ore à  REGDYLAN pour 1,480.00 β le survie_new
[16:09:02] [ITEM_SOLD]: limastic vendu 64 x Iron Ore à  REGDYLAN pour 5,000.00 β le survie_new
[16:09:03] [ITEM_LISTED]: limastic vend 26 x Iron Ore  pour 100.00β sur survie_new
[16:09:05] [ITEM_CANCELLED]: REGDYLAN annule la vente de 1x Diamond Pickaxe [Efficiency V, Silk Touch, Unbreaking III] pour 15,000.00β sur survie_new
[16:12:15] [ITEM_SOLD]: limastic vendu 26 x Iron Ore à  PrinceJUULS pour 100.00 β le survie_new
[16:21:27] [ITEM_CANCELLED]: SSLLOOTTHH annule la vente de 1x §;§:Spawner à Arraigné 1x pour 4,000.00β sur survie_new
[16:21:48] [ITEM_CANCELLED]: SSLLOOTTHH annule la vente de 64x Cobblestone pour 100.00β sur survie_new
[16:21:48] [ITEM_CANCELLED]: SSLLOOTTHH annule la vente de 1x §;§:Spawner à Arraigné 1x pour 3,500.00β sur survie_new
[16:21:49] [ITEM_CANCELLED]: SSLLOOTTHH annule la vente de 1x Enchanted Book pour 2,000.00β sur survie_new
[16:21:49] [ITEM_CANCELLED]: SSLLOOTTHH annule la vente de 1x Enchanted Book pour 2,000.00β sur survie_new
[16:22:00] [ITEM_LISTED]: SSLLOOTTHH vend 1 x §;§:Spawner à Squelette 1x  pour 2,000.00β sur survie_new
[16:22:02] [ITEM_LISTED]: SSLLOOTTHH vend 1 x §;§:Spawner à Squelette 1x  pour 2,000.00β sur survie_new
[16:22:26] [ITEM_RETURNED]: 1 x §;§:Spawner à Arraigné 1x  renvoyé à SSLLOOTTHH le survie_new
[16:22:27] [ITEM_RETURNED]: 1 x §;§:Spawner à Arraigné 1x  renvoyé à SSLLOOTTHH le survie_new
[16:22:33] [ITEM_LISTED]: SSLLOOTTHH vend 1 x §;§:Spawner à Arraigné 1x  pour 2,000.00β sur survie_new
[16:22:34] [ITEM_LISTED]: SSLLOOTTHH vend 1 x §;§:Spawner à Arraigné 1x  pour 2,000.00β sur survie_new
[16:32:51] [ITEM_LISTED]: PrinceJUULS vend 64 x Iron Ore  pour 5,000.00β sur survie_new
[16:33:16] [ITEM_SOLD]: SSLLOOTTHH vendu 1 x §;§:Spawner à Squelette 1x à  PrinceJUULS pour 2,000.00 β le survie_new
[16:33:22] [ITEM_LISTED]: PrinceJUULS vend 1 x §;§:Spawner à Squelette 1x  pour 3,000.00β sur survie_new
[16:33:44] [ITEM_SOLD]: SSLLOOTTHH vendu 1 x §;§:Spawner à Arraigné 1x à  PrinceJUULS pour 2,000.00 β le survie_new
[16:33:46] [ITEM_SOLD]: SSLLOOTTHH vendu 1 x §;§:Spawner à Arraigné 1x à  PrinceJUULS pour 2,000.00 β le survie_new
[16:34:03] [ITEM_LISTED]: PrinceJUULS vend 1 x §;§:Spawner à Arraigné 1x  pour 3,000.00β sur survie_new
[16:34:13] [ITEM_LISTED]: PrinceJUULS vend 1 x §;§:Spawner à Arraigné 1x  pour 3,000.00β sur survie_new
[16:34:35] [ITEM_SOLD]: SSLLOOTTHH vendu 1 x §;§:Spawner à Squelette 1x à  PrinceJUULS pour 2,000.00 β le survie_new
[16:34:43] [ITEM_LISTED]: PrinceJUULS vend 1 x §;§:Spawner à Squelette 1x  pour 3,000.00β sur survie_new
[16:37:18] [ITEM_CANCELLED]: Blazd annule la vente de 1x Enchanted Book pour 10,000.00β sur survie_new
[16:37:19] [ITEM_CANCELLED]: Blazd annule la vente de 1x Enchanted Book pour 15,000.00β sur survie_new
[16:37:28] [ITEM_RETURNED]: 1 x Enchanted Book  renvoyé à Blazd le survie_new
[16:37:29] [ITEM_RETURNED]: 1 x Enchanted Book  renvoyé à Blazd le survie_new
[16:37:47] [ITEM_LISTED]: Blazd vend 1 x Enchanted Book  pour 5,000.00β sur survie_new
[16:38:01] [ITEM_LISTED]: Blazd vend 1 x Enchanted Book  pour 9,000.00β sur survie_new
[16:38:14] [ITEM_LISTED]: Blazd vend 1 x Enchanted Book  pour 5,000.00β sur survie_new
[16:41:14] [ITEM_LISTED]: Blazd vend 1 x Enchanted Book  pour 5,000.00β sur survie_new
[16:45:48] [ITEM_LISTED]: PrinceJUULS vend 32 x Iron Ore  pour 2,500.00β sur survie_new
[16:47:59] [ITEM_SOLD]: PrinceJUULS vendu 32 x Iron Ore à  REGDYLAN pour 2,500.00 β le survie_new
[16:48:01] [ITEM_SOLD]: PrinceJUULS vendu 64 x Iron Ore à  REGDYLAN pour 5,000.00 β le survie_new
[16:50:24] [ITEM_SOLD]: SSLLOOTTHH vendu 64 x Lapis Block à  Cryyzi pour 800.00 β le survie_new
[16:50:59] [ITEM_SOLD]: Blazd vendu 1 x Enchanted Book à  eric2a pour 5,000.00 β le survie_new
[16:51:04] [ITEM_SOLD]: Blazd vendu 1 x Enchanted Book à  eric2a pour 5,000.00 β le survie_new
[16:51:51] [ITEM_LISTED]: Cryyzi vend 1 x Panel d'outil  pour 4,000.00β sur survie_new
[16:55:21] [ITEM_LISTED]: Blazd vend 1 x Enchanted Book  pour 5,000.00β sur survie_new
[17:00:22] [ITEM_LISTED]: Blazd vend 1 x Enchanted Book  pour 5,000.00β sur survie_new
[17:00:31] [ITEM_LISTED]: Blazd vend 1 x Enchanted Book  pour 4,000.00β sur survie_new
[17:00:41] [ITEM_LISTED]: Blazd vend 1 x Enchanted Book  pour 5,000.00β sur survie_new
[17:00:54] [ITEM_LISTED]: Blazd vend 1 x Enchanted Book  pour 6,000.00β sur survie_new
[17:01:05] [ITEM_LISTED]: Blazd vend 1 x Enchanted Book  pour 8,000.00β sur survie_new
[17:05:52] [ITEM_LISTED]: PrinceJUULS vend 64 x Iron Ore  pour 5,000.00β sur survie_new
[17:07:09] [ITEM_LISTED]: PrinceJUULS vend 1 x §;§:Spawner à Araignée venimeuse 1x  pour 3,000.00β sur survie_new
[17:07:22] [ITEM_LISTED]: PrinceJUULS vend 1 x §;§:Spawner à Araignée venimeuse 1x  pour 3,000.00β sur survie_new
[17:09:35] [ITEM_LISTED]: Mikiu_Ahegao vend 1 x Potion  pour 250.00β sur survie_new
[17:09:40] [ITEM_LISTED]: Mikiu_Ahegao vend 1 x Potion  pour 250.00β sur survie_new
[17:09:48] [ITEM_LISTED]: Mikiu_Ahegao vend 1 x Potion  pour 250.00β sur survie_new
[17:12:34] [ITEM_LISTED]: Blazd vend 64 x White Wool  pour 5,000.00β sur survie_new
[17:12:43] [ITEM_SOLD]: SSLLOOTTHH vendu 1 x Enchanted Book à  Dreyda pour 1,300.00 β le survie_new
[17:12:51] [ITEM_SOLD]: Blazd vendu 1 x Enchanted Book à  Dreyda pour 5,000.00 β le survie_new
[17:14:24] [ITEM_LISTED]: Blazd vend 1 x Enchanted Book  pour 6,000.00β sur survie_new
[17:16:40] [ITEM_LISTED]: Dreyda vend 1 x Enchanted Book  pour 500.00β sur survie_new
[17:16:50] [ITEM_CANCELLED]: Dreyda annule la vente de 1x Enchanted Book pour 500.00β sur survie_new
[17:17:01] [ITEM_RETURNED]: 1 x Enchanted Book  renvoyé à Dreyda le survie_new
[17:17:14] [ITEM_LISTED]: Dreyda vend 1 x Enchanted Book  pour 1,750.00β sur survie_new
[17:17:23] [ITEM_LISTED]: Dreyda vend 1 x Enchanted Book  pour 500.00β sur survie_new
[17:17:27] [ITEM_LISTED]: Dreyda vend 1 x Enchanted Book  pour 500.00β sur survie_new
[17:18:06] [ITEM_SOLD]: Blazd vendu 1 x Enchanted Book à  Dreyda pour 5,000.00 β le survie_new
[17:19:28] [ITEM_LISTED]: Blazd vend 1 x Enchanted Book  pour 5,000.00β sur survie_new
[17:25:34] [ITEM_LISTED]: PrinceJUULS vend 64 x Iron Ore  pour 5,000.00β sur survie_new
[17:39:26] [ITEM_SOLD]: Blazd vendu 1 x Enchanted Book à  SSLLOOTTHH pour 5,000.00 β le survie_new
[17:39:37] [ITEM_SOLD]: Yohan81 vendu 64 x Bread à  PrinceJUULS pour 100.00 β le survie_new
[17:40:02] [ITEM_LISTED]: Blazd vend 1 x Enchanted Book  pour 5,000.00β sur survie_new
[17:43:23] [ITEM_DROPPED]: Abandon de la vente AzodFR expirée de 1 x Journal de quêtes  pour 0.00β à leurs pieds le survie_new
[17:43:23] [ITEM_DROPPED]: Abandon de la vente AzodFR expirée de 1 x Mineur  pour 0.00β à leurs pieds le survie_new
[17:50:43] [ITEM_LISTED]: SSLLOOTTHH vend 1 x Elytra  pour 7,000.00β sur survie_new
[17:50:46] [ITEM_SOLD]: SSLLOOTTHH vendu 1 x Elytra à  Blazd pour 7,000.00 β le survie_new
[17:54:26] [ITEM_SOLD]: Zougless vendu 64 x Spruce Log à  Tesla248 pour 450.00 β le survie_new
[17:54:30] [ITEM_SOLD]: Zougless vendu 64 x Spruce Log à  Tesla248 pour 450.00 β le survie_new
[17:54:31] [ITEM_SOLD]: Zougless vendu 64 x Spruce Log à  Tesla248 pour 450.00 β le survie_new
[17:54:33] [ITEM_SOLD]: Zougless vendu 64 x Spruce Log à  Tesla248 pour 450.00 β le survie_new
[17:54:35] [ITEM_SOLD]: Zougless vendu 64 x Spruce Log à  Tesla248 pour 450.00 β le survie_new
[17:56:10] [ITEM_SOLD]: PrinceJUULS vendu 1 x §;§:Spawner à Squelette 1x à  HeFk pour 3,000.00 β le survie_new
[17:56:13] [ITEM_SOLD]: PrinceJUULS vendu 1 x §;§:Spawner à Squelette 1x à  HeFk pour 3,000.00 β le survie_new
[17:56:46] [ITEM_LISTED]: Blazd vend 64 x White Wool  pour 5,000.00β sur survie_new
[17:57:57] [ITEM_LISTED]: SSLLOOTTHH vend 1 x Shulker Box  pour 2,500.00β sur survie_new
[17:58:00] [ITEM_LISTED]: SSLLOOTTHH vend 1 x Shulker Box  pour 2,500.00β sur survie_new
[17:58:01] [ITEM_LISTED]: SSLLOOTTHH vend 1 x Shulker Box  pour 2,500.00β sur survie_new
[17:58:02] [ITEM_LISTED]: SSLLOOTTHH vend 1 x Shulker Box  pour 2,500.00β sur survie_new
[17:58:32] [ITEM_SOLD]: SSLLOOTTHH vendu 1 x Shulker Box à  Bertrand pour 2,500.00 β le survie_new
[17:58:35] [ITEM_SOLD]: SSLLOOTTHH vendu 1 x Shulker Box à  HeFk pour 2,500.00 β le survie_new
[17:58:36] [ITEM_SOLD]: SSLLOOTTHH vendu 1 x Shulker Box à  HeFk pour 2,500.00 β le survie_new
[17:58:37] [ITEM_SOLD]: SSLLOOTTHH vendu 1 x Shulker Box à  HeFk pour 2,500.00 β le survie_new
[17:58:57] [ITEM_LISTED]: SSLLOOTTHH vend 1 x Shulker Box  pour 2,500.00β sur survie_new
[17:58:58] [ITEM_LISTED]: SSLLOOTTHH vend 1 x Shulker Box  pour 2,500.00β sur survie_new
[17:58:59] [ITEM_LISTED]: SSLLOOTTHH vend 1 x Shulker Box  pour 2,500.00β sur survie_new
[17:59:00] [ITEM_SOLD]: SSLLOOTTHH vendu 1 x Shulker Box à  HeFk pour 2,500.00 β le survie_new
[17:59:00] [ITEM_LISTED]: SSLLOOTTHH vend 1 x Shulker Box  pour 2,500.00β sur survie_new
[17:59:01] [ITEM_LISTED]: SSLLOOTTHH vend 1 x Shulker Box  pour 2,500.00β sur survie_new
[17:59:01] [ITEM_SOLD]: SSLLOOTTHH vendu 1 x Shulker Box à  HeFk pour 2,500.00 β le survie_new
[17:59:02] [ITEM_SOLD]: SSLLOOTTHH vendu 1 x Shulker Box à  HeFk pour 2,500.00 β le survie_new
[17:59:03] [ITEM_SOLD]: SSLLOOTTHH vendu 1 x Shulker Box à  HeFk pour 2,500.00 β le survie_new
[17:59:04] [ITEM_SOLD]: SSLLOOTTHH vendu 1 x Shulker Box à  HeFk pour 2,500.00 β le survie_new
[17:59:05] [ITEM_LISTED]: SSLLOOTTHH vend 1 x Shulker Box  pour 2,500.00β sur survie_new
[17:59:06] [ITEM_SOLD]: SSLLOOTTHH vendu 1 x Shulker Box à  HeFk pour 2,500.00 β le survie_new
[17:59:48] [ITEM_LISTED]: SSLLOOTTHH vend 1 x Shulker Box  pour 2,500.00β sur survie_new
[17:59:49] [ITEM_LISTED]: SSLLOOTTHH vend 1 x Shulker Box  pour 2,500.00β sur survie_new
[17:59:51] [ITEM_LISTED]: SSLLOOTTHH vend 1 x Shulker Box  pour 2,500.00β sur survie_new
[18:06:25] [ITEM_CANCELLED]: Nadreel annule la vente de 1x Epée [Looting II, Sharpness V, Unbreaking II] pour 10,000.00β sur survie_new
[18:06:25] [ITEM_CANCELLED]: Nadreel annule la vente de 1x Golden Sword [Knockback I] pour 300.00β sur survie_new
[18:06:31] [ITEM_RETURNED]: 1 x Golden Sword  [Knockback I] renvoyé à Nadreel le survie_new
[18:06:31] [ITEM_RETURNED]: 1 x Epée  [Looting II, Sharpness V, Unbreaking II] renvoyé à Nadreel le survie_new
[18:06:48] [ITEM_LISTED]: Nadreel vend 1 x Epée  [Looting II, Sharpness V, Unbreaking II] pour 7,000.00β sur survie_new
[18:07:01] [ITEM_SOLD]: PrinceJUULS vendu 1 x §;§:Spawner à Arraigné 1x à  SeiyaDxD pour 3,000.00 β le survie_new
[18:09:24] [ITEM_SOLD]: toonjosh vendu 64 x Bone à  SeiyaDxD pour 200.00 β le survie_new
[18:10:54] [ITEM_SOLD]: Yohan81 vendu 64 x Lapis Lazuli à  Nadreel pour 64.00 β le survie_new
[18:12:10] [ITEM_SOLD]: SSLLOOTTHH vendu 1 x Enchanted Book à  Nadreel pour 1,300.00 β le survie_new
[18:14:24] [ITEM_LISTED]: SSLLOOTTHH vend 1 x Diamond Leggings  [Mending] pour 1,500.00β sur survie_new_the_end
[18:14:29] [ITEM_LISTED]: SSLLOOTTHH vend 1 x Diamond Helmet  [Fire Protection III, Unbreaking III] pour 1,500.00β sur survie_new_the_end
[18:14:32] [ITEM_LISTED]: SSLLOOTTHH vend 1 x Diamond Boots  [Blast Protection III, Feather Falling IV] pour 1,500.00β sur survie_new_the_end
[18:14:36] [ITEM_LISTED]: SSLLOOTTHH vend 1 x Diamond Helmet  [Protection III] pour 1,500.00β sur survie_new_the_end
[18:14:43] [ITEM_LISTED]: SSLLOOTTHH vend 1 x Iron Leggings  [Protection IV, Unbreaking III] pour 1,000.00β sur survie_new_the_end
[18:28:29] [ITEM_LISTED]: Blazd vend 1 x Enchanted Book  pour 5,000.00β sur survie_new
[18:30:29] [ITEM_SOLD]: PrinceJUULS vendu 64 x Iron Ore à  REGDYLAN pour 5,000.00 β le survie_new
[18:30:31] [ITEM_SOLD]: PrinceJUULS vendu 64 x Iron Ore à  REGDYLAN pour 5,000.00 β le survie_new
[18:31:12] [ITEM_LISTED]: Geratinapute vend 64 x Iron Ore  pour 5,000.00β sur survie_new
[18:31:15] [ITEM_SOLD]: Geratinapute vendu 64 x Iron Ore à  REGDYLAN pour 5,000.00 β le survie_new
[18:31:16] [ITEM_LISTED]: Geratinapute vend 64 x Iron Ore  pour 5,000.00β sur survie_new
[18:31:18] [ITEM_LISTED]: Geratinapute vend 64 x Iron Ore  pour 5,000.00β sur survie_new
[18:31:20] [ITEM_SOLD]: Geratinapute vendu 64 x Iron Ore à  REGDYLAN pour 5,000.00 β le survie_new
[18:31:21] [ITEM_LISTED]: Geratinapute vend 64 x Iron Ore  pour 5,000.00β sur survie_new
[18:31:21] [ITEM_SOLD]: Geratinapute vendu 64 x Iron Ore à  REGDYLAN pour 5,000.00 β le survie_new
[18:31:22] [ITEM_SOLD]: Geratinapute vendu 64 x Iron Ore à  REGDYLAN pour 5,000.00 β le survie_new
[18:31:23] [ITEM_LISTED]: Geratinapute vend 64 x Iron Ore  pour 5,000.00β sur survie_new
[18:31:27] [ITEM_SOLD]: Geratinapute vendu 64 x Iron Ore à  REGDYLAN pour 5,000.00 β le survie_new
[18:35:15] [ITEM_CANCELLED]: SSLLOOTTHH annule la vente de 1x Enchanted Book pour 2,000.00β sur survie_new
[18:35:16] [ITEM_CANCELLED]: SSLLOOTTHH annule la vente de 1x Enchanted Book pour 2,000.00β sur survie_new
[18:35:17] [ITEM_CANCELLED]: SSLLOOTTHH annule la vente de 1x Enchanted Book pour 2,000.00β sur survie_new
[18:35:20] [ITEM_LISTED]: SSLLOOTTHH vend 1 x Shulker Box  pour 2,000.00β sur survie_new
[18:35:22] [ITEM_LISTED]: SSLLOOTTHH vend 1 x Shulker Box  pour 2,000.00β sur survie_new
[18:35:23] [ITEM_SOLD]: SSLLOOTTHH vendu 1 x Shulker Box à  MyNameIs42 pour 2,000.00 β le survie_new
[18:35:23] [ITEM_LISTED]: SSLLOOTTHH vend 1 x Shulker Box  pour 2,000.00β sur survie_new
[18:35:32] [ITEM_SOLD]: SSLLOOTTHH vendu 1 x Shulker Box à  MyNameIs42 pour 2,000.00 β le survie_new
[18:35:34] [ITEM_SOLD]: SSLLOOTTHH vendu 1 x Shulker Box à  MyNameIs42 pour 2,000.00 β le survie_new
[18:35:57] [ITEM_LISTED]: SSLLOOTTHH vend 1 x Dragon Head  pour 6,660.00β sur survie_new
[18:37:47] [ITEM_LISTED]: Blazd vend 1 x Enchanted Book  pour 1,300.00β sur survie_new
[18:38:01] [ITEM_LISTED]: SSLLOOTTHH vend 1 x Shulker Box  pour 2,000.00β sur survie_new
[18:38:06] [ITEM_LISTED]: SSLLOOTTHH vend 1 x Shulker Box  pour 2,000.00β sur survie_new
[18:38:47] [ITEM_CANCELLED]: SSLLOOTTHH annule la vente de 64x Cobblestone pour 100.00β sur survie_new
[18:38:48] [ITEM_CANCELLED]: SSLLOOTTHH annule la vente de 64x Cobblestone pour 100.00β sur survie_new
[18:38:57] [ITEM_LISTED]: SSLLOOTTHH vend 1 x Shulker Box  pour 2,000.00β sur survie_new
[18:39:03] [ITEM_LISTED]: SSLLOOTTHH vend 1 x Shulker Box  pour 2,000.00β sur survie_new
[18:41:21] [ITEM_RETURNED]: 64 x Cobblestone  renvoyé à SSLLOOTTHH le survie_new
[18:41:22] [ITEM_RETURNED]: 64 x Cobblestone  renvoyé à SSLLOOTTHH le survie_new
[18:41:22] [ITEM_RETURNED]: 64 x Cobblestone  renvoyé à SSLLOOTTHH le survie_new
[18:41:23] [ITEM_RETURNED]: 1 x Enchanted Book  renvoyé à SSLLOOTTHH le survie_new
[18:41:24] [ITEM_RETURNED]: 1 x Enchanted Book  renvoyé à SSLLOOTTHH le survie_new
[18:41:24] [ITEM_RETURNED]: 1 x Enchanted Book  renvoyé à SSLLOOTTHH le survie_new
[18:41:24] [ITEM_RETURNED]: 1 x Enchanted Book  renvoyé à SSLLOOTTHH le survie_new
[18:41:24] [ITEM_RETURNED]: 1 x Enchanted Book  renvoyé à SSLLOOTTHH le survie_new
[18:41:24] [ITEM_CANCELLED]: SSLLOOTTHH annule la vente de 1x Shulker Box pour 2,000.00β sur survie_new
[18:41:25] [ITEM_CANCELLED]: SSLLOOTTHH annule la vente de 1x Shulker Box pour 2,000.00β sur survie_new
[18:41:25] [ITEM_CANCELLED]: SSLLOOTTHH annule la vente de 1x Shulker Box pour 2,000.00β sur survie_new
[18:41:38] [ITEM_RETURNED]: 1 x Shulker Box  renvoyé à SSLLOOTTHH le survie_new
[18:41:39] [ITEM_RETURNED]: 1 x Shulker Box  renvoyé à SSLLOOTTHH le survie_new
[18:41:39] [ITEM_RETURNED]: 1 x Shulker Box  renvoyé à SSLLOOTTHH le survie_new
[18:42:01] [ITEM_LISTED]: SSLLOOTTHH vend 1 x Shulker Box  pour 1,999.00β sur survie_new
[18:42:03] [ITEM_LISTED]: SSLLOOTTHH vend 1 x Shulker Box  pour 1,999.00β sur survie_new
[18:42:04] [ITEM_LISTED]: SSLLOOTTHH vend 1 x Shulker Box  pour 1,999.00β sur survie_new
[18:46:02] [ITEM_SOLD]: AzodFR vendu 57 x Anvil à  omega2028 pour 57.00 β le survie_new
[18:49:38] [ITEM_LISTED]: Dreyda vend 1 x Enchanted Book  pour 1,500.00β sur survie_new
[18:50:11] [ITEM_CANCELLED]: Dreyda annule la vente de 1x Enchanted Book pour 1,500.00β sur survie_new
[18:50:14] [ITEM_CANCELLED]: Dreyda annule la vente de 1x Enchanted Book pour 500.00β sur survie_new
[18:50:28] [ITEM_RETURNED]: 1 x Enchanted Book  renvoyé à Dreyda le survie_new
[18:50:28] [ITEM_RETURNED]: 1 x Enchanted Book  renvoyé à Dreyda le survie_new
[18:50:43] [ITEM_LISTED]: Dreyda vend 1 x Enchanted Book  pour 500.00β sur survie_new
[18:50:47] [ITEM_CANCELLED]: Blazd annule la vente de 1x Enchanted Book pour 5,000.00β sur survie_new
[18:50:49] [ITEM_LISTED]: Dreyda vend 1 x Enchanted Book  pour 2,500.00β sur survie_new
[18:50:50] [ITEM_RETURNED]: 1 x Enchanted Book  renvoyé à Blazd le survie_new
[18:51:52] [ITEM_LISTED]: Blazd vend 1 x Enchanted Book  pour 5,000.00β sur survie_new
[18:51:54] [ITEM_LISTED]: Blazd vend 1 x Enchanted Book  pour 5,000.00β sur survie_new
[18:51:57] [ITEM_LISTED]: Blazd vend 1 x Enchanted Book  pour 5,000.00β sur survie_new
[18:52:20] [ITEM_SOLD]: SSLLOOTTHH vendu 1 x Shulker Box à  MyNameIs42 pour 1,999.00 β le survie_new
[18:53:39] [ITEM_SOLD]: SSLLOOTTHH vendu 1 x Shulker Box à  MyNameIs42 pour 1,999.00 β le survie_new
[18:55:33] [ITEM_SOLD]: SSLLOOTTHH vendu 1 x Shulker Box à  MyNameIs42 pour 1,999.00 β le survie_new
[18:56:24] [ITEM_LISTED]: Blazd vend 1 x Enchanted Book  pour 15,000.00β sur survie_new
[18:57:51] [ITEM_LISTED]: SSLLOOTTHH vend 1 x Shulker Box  pour 1,999.00β sur survie_new
[18:57:58] [ITEM_LISTED]: SSLLOOTTHH vend 1 x Shulker Box  pour 1,999.00β sur survie_new
[18:59:25] [ITEM_SOLD]: Zougless vendu 64 x Spruce Log à  Geratinapute pour 450.00 β le survie_new
[19:01:08] [ITEM_CANCELLED]: SSLLOOTTHH annule la vente de 1x Shulker Box pour 2,500.00β sur survie_new
[19:01:09] [ITEM_CANCELLED]: SSLLOOTTHH annule la vente de 1x Shulker Box pour 2,500.00β sur survie_new
[19:01:11] [ITEM_RETURNED]: 1 x Shulker Box  renvoyé à SSLLOOTTHH le survie_new
[19:01:11] [ITEM_RETURNED]: 1 x Shulker Box  renvoyé à SSLLOOTTHH le survie_new
[19:07:10] [ITEM_CANCELLED]: SSLLOOTTHH annule la vente de 1x Shulker Box pour 2,500.00β sur survie_new
[19:07:13] [ITEM_RETURNED]: 1 x Shulker Box  renvoyé à SSLLOOTTHH le survie_new
[19:13:25] [ITEM_CANCELLED]: Blazd annule la vente de 1x Enchanted Book pour 15,000.00β sur survie_new
[19:13:28] [ITEM_RETURNED]: 1 x Enchanted Book  renvoyé à Blazd le survie_new
[19:13:47] [ITEM_LISTED]: Blazd vend 1 x Enchanted Book  pour 15,000.00β sur survie_new
[19:23:21] [ITEM_LISTED]: MyNameIs42 vend 1 x §;§:Spawner à Araignée venimeuse 1x  pour 2,999.00β sur survie_new
[19:25:24] [ITEM_SOLD]: Blazd vendu 1 x Enchanted Book à  SSLLOOTTHH pour 5,000.00 β le survie_new
[19:32:34] [ITEM_CANCELLED]: Blazd annule la vente de 1x Enchanted Book pour 6,000.00β sur survie_new
[19:32:37] [ITEM_RETURNED]: 1 x Enchanted Book  renvoyé à Blazd le survie_new
[19:34:39] [ITEM_SOLD]: Nexusso vendu 1 x Enchanted Book à  HatsuHaruuu pour 500.00 β le survie_new
[19:44:57] [ITEM_LISTED]: Kaio_Beninou vend 1 x Enchanted Book  pour 15,000.00β sur survie_new
[19:50:35] [ITEM_SOLD]: Kaio_Beninou vendu 1 x Enchanted Book à  SSLLOOTTHH pour 15,000.00 β le survie_new
[19:54:24] [ITEM_CANCELLED]: MyNameIs42 annule la vente de 1x §;§:Spawner à Araignée venimeuse 1x pour 2,999.00β sur survie_new
[19:54:35] [ITEM_RETURNED]: 1 x §;§:Spawner à Araignée venimeuse 1x  renvoyé à MyNameIs42 le survie_new
[19:54:53] [ITEM_LISTED]: MyNameIs42 vend 2 x §;§:Spawner à Araignée venimeuse 1x  pour 5,000.00β sur survie_new
[20:00:21] [ITEM_CANCELLED]: Blazd annule la vente de 1x Enchanted Book pour 9,000.00β sur survie_new
[20:00:22] [ITEM_CANCELLED]: Blazd annule la vente de 1x Enchanted Book pour 5,000.00β sur survie_new
[20:00:23] [ITEM_CANCELLED]: Blazd annule la vente de 1x Enchanted Book pour 4,000.00β sur survie_new
[20:00:24] [ITEM_CANCELLED]: Blazd annule la vente de 1x Enchanted Book pour 5,000.00β sur survie_new
[20:00:26] [ITEM_CANCELLED]: Blazd annule la vente de 1x Enchanted Book pour 8,000.00β sur survie_new
[20:00:28] [ITEM_CANCELLED]: Blazd annule la vente de 1x Enchanted Book pour 6,000.00β sur survie_new
[20:00:50] [ITEM_CANCELLED]: Blazd annule la vente de 1x Enchanted Book pour 5,000.00β sur survie_new
[20:00:56] [ITEM_CANCELLED]: Blazd annule la vente de 1x Enchanted Book pour 5,000.00β sur survie_new
[20:01:10] [ITEM_RETURNED]: 1 x Enchanted Book  renvoyé à Blazd le survie_new
[20:01:10] [ITEM_RETURNED]: 1 x Enchanted Book  renvoyé à Blazd le survie_new
[20:01:11] [ITEM_RETURNED]: 1 x Enchanted Book  renvoyé à Blazd le survie_new
[20:01:11] [ITEM_RETURNED]: 1 x Enchanted Book  renvoyé à Blazd le survie_new
[20:01:11] [ITEM_RETURNED]: 1 x Enchanted Book  renvoyé à Blazd le survie_new
[20:01:12] [ITEM_RETURNED]: 1 x Enchanted Book  renvoyé à Blazd le survie_new
[20:01:12] [ITEM_RETURNED]: 1 x Enchanted Book  renvoyé à Blazd le survie_new
[20:01:12] [ITEM_RETURNED]: 1 x Enchanted Book  renvoyé à Blazd le survie_new
[20:01:13] [ITEM_CANCELLED]: Blazd annule la vente de 1x Enchanted Book pour 15,000.00β sur survie_new
[20:01:14] [ITEM_CANCELLED]: Blazd annule la vente de 1x Enchanted Book pour 1,300.00β sur survie_new
[20:01:14] [ITEM_CANCELLED]: Blazd annule la vente de 1x Enchanted Book pour 5,000.00β sur survie_new
[20:01:25] [ITEM_CANCELLED]: Blazd annule la vente de 64x White Wool pour 5,000.00β sur survie_new
[20:01:32] [ITEM_CANCELLED]: Blazd annule la vente de 64x White Wool pour 5,000.00β sur survie_new
[20:01:44] [ITEM_RETURNED]: 64 x White Wool  renvoyé à Blazd le survie_new
[20:01:44] [ITEM_RETURNED]: 1 x Enchanted Book  renvoyé à Blazd le survie_new
[20:01:45] [ITEM_RETURNED]: 1 x Enchanted Book  renvoyé à Blazd le survie_new
[20:01:45] [ITEM_RETURNED]: 1 x Enchanted Book  renvoyé à Blazd le survie_new
[20:01:46] [ITEM_RETURNED]: 64 x White Wool  renvoyé à Blazd le survie_new
[20:02:50] [ITEM_LISTED]: Blazd vend 1 x Enchanted Book  pour 2,999.00β sur survie_new
[20:03:05] [ITEM_LISTED]: Blazd vend 64 x White Wool  pour 4,999.00β sur survie_new
[20:03:24] [ITEM_LISTED]: Blazd vend 1 x Enchanted Book  pour 6,999.00β sur survie_new
[20:03:32] [ITEM_LISTED]: Blazd vend 1 x Enchanted Book  pour 4,999.00β sur survie_new
[20:03:45] [ITEM_LISTED]: Blazd vend 1 x Enchanted Book  pour 8,999.00β sur survie_new
[20:04:00] [ITEM_LISTED]: Blazd vend 1 x Enchanted Book  pour 6,999.00β sur survie_new
[20:04:35] [ITEM_CANCELLED]: Blazd annule la vente de 1x Enchanted Book pour 2,999.00β sur survie_new
[20:04:36] [ITEM_RETURNED]: 1 x Enchanted Book  renvoyé à Blazd le survie_new
[20:04:45] [ITEM_LISTED]: Blazd vend 1 x Enchanted Book  pour 4,999.00β sur survie_new
[20:04:56] [ITEM_LISTED]: Blazd vend 1 x Enchanted Book  pour 2,999.00β sur survie_new
[20:05:08] [ITEM_LISTED]: Blazd vend 1 x Enchanted Book  pour 4,999.00β sur survie_new
[20:05:12] [ITEM_LISTED]: Blazd vend 1 x Enchanted Book  pour 4,999.00β sur survie_new
[20:05:23] [ITEM_LISTED]: Blazd vend 1 x Enchanted Book  pour 14,999.00β sur survie_new
[20:06:00] [ITEM_CANCELLED]: Blazd annule la vente de 1x Enchanted Book pour 6,999.00β sur survie_new
[20:06:01] [ITEM_SOLD]: SSLLOOTTHH vendu 1 x Shulker Box à  kalaistar pour 1,999.00 β le survie_new
[20:06:01] [ITEM_SOLD]: SSLLOOTTHH vendu 1 x Shulker Box à  kalaistar pour 1,999.00 β le survie_new
[20:06:02] [ITEM_RETURNED]: 1 x Enchanted Book  renvoyé à Blazd le survie_new
[20:06:06] [ITEM_SOLD]: SSLLOOTTHH vendu 1 x Shulker Box à  kalaistar pour 2,000.00 β le survie_new
[20:08:28] [ITEM_SOLD]: Blazd vendu 1 x Enchanted Book à  SSLLOOTTHH pour 4,999.00 β le survie_new
[20:15:10] [ITEM_SOLD]: toonjosh vendu 64 x Bone à  HatsuHaruuu pour 200.00 β le survie_new
[20:15:18] [ITEM_SOLD]: toonjosh vendu 64 x Bone à  HatsuHaruuu pour 200.00 β le survie_new
[20:30:05] [ITEM_SOLD]: MyNameIs42 vendu 2 x §;§:Spawner à Araignée venimeuse 1x à  PrinceJUULS pour 5,000.00 β le survie_new
[20:30:14] [ITEM_LISTED]: PrinceJUULS vend 1 x §;§:Spawner à Araignée venimeuse 1x  pour 3,000.00β sur survie_new
[20:30:25] [ITEM_LISTED]: PrinceJUULS vend 1 x §;§:Spawner à Araignée venimeuse 1x  pour 3,000.00β sur survie_new
[20:59:01] [ITEM_LISTED]: Blazd vend 1 x Enchanted Book  pour 4,999.00β sur survie_new
[21:04:02] [ITEM_SOLD]: Blazd vendu 1 x Enchanted Book à  REGDYLAN pour 4,999.00 β le survie_new
[21:04:12] [ITEM_SOLD]: Blazd vendu 1 x Enchanted Book à  REGDYLAN pour 14,999.00 β le survie_new
[21:06:14] [ITEM_SOLD]: SSLLOOTTHH vendu 64 x Cobblestone à  Nadreel pour 100.00 β le survie_new
[21:07:09] [ITEM_CANCELLED]: SSLLOOTTHH annule la vente de 1x Dragon Head pour 6,660.00β sur survie_new
[21:07:12] [ITEM_RETURNED]: 1 x Dragon Head  renvoyé à SSLLOOTTHH le survie_new
[21:07:27] [ITEM_LISTED]: SSLLOOTTHH vend 1 x Dragon Head  pour 2,000.00β sur survie_new
[21:14:42] [ITEM_LISTED]: Blazd vend 1 x Enchanted Book  pour 14,000.00β sur survie_new
[21:14:44] [ITEM_LISTED]: Blazd vend 1 x Enchanted Book  pour 14,000.00β sur survie_new
[21:18:14] [ITEM_LISTED]: Blazd vend 1 x Enchanted Book  pour 4,999.00β sur survie_new
[21:26:43] [ITEM_SOLD]: SSLLOOTTHH vendu 1 x Enchanted Book à  PrinceJUULS pour 1,300.00 β le survie_new
[21:38:17] [ITEM_LISTED]: PrinceJUULS vend 1 x §;§:Spawner à Araignée venimeuse 1x  pour 3,000.00β sur survie_new
[21:38:45] [ITEM_SOLD]: SSLLOOTTHH vendu 1 x Dragon Head à  PrinceJUULS pour 2,000.00 β le survie_new
[21:45:44] [ITEM_SOLD]: Marcoco50100 vendu 64 x Prismarine Crystals à  kalaistar pour 5,000.00 β le survie_new
[21:45:51] [ITEM_CANCELLED]: limastic annule la vente de 1x Panel d'outil pour 100,000.00β sur survie_new
[21:45:53] [ITEM_CANCELLED]: Christophe_ annule la vente de 1x Rotation pour 50,000.00β sur survie_new
[21:46:23] [ITEM_LISTED]: CroixVeBaton vend 1 x Panel d'outil  pour 1.00β sur survie_new
[21:46:31] [ITEM_LISTED]: LLIcocoman_Hrz vend 1 x Panel d'outil  pour 5.00β sur survie_new
[21:46:36] [ITEM_CANCELLED]: CroixVeBaton annule la vente de 1x Panel d'outil pour 1.00β sur survie_new
[21:46:36] [ITEM_CANCELLED]: LLIcocoman_Hrz annule la vente de 1x Panel d'outil pour 5.00β sur survie_new
[21:49:21] [ITEM_LISTED]: Bertrand vend 1 x Music Disc Cat  pour 300.00β sur survie_new
[21:50:02] [ITEM_LISTED]: SeiyaDxD vend 1 x §;§:Spawner à Araignée venimeuse 1x  pour 2,900.00β sur survie_new
[21:50:04] [ITEM_LISTED]: SeiyaDxD vend 1 x §;§:Spawner à Araignée venimeuse 1x  pour 2,900.00β sur survie_new
[21:50:05] [ITEM_LISTED]: SeiyaDxD vend 1 x §;§:Spawner à Araignée venimeuse 1x  pour 2,900.00β sur survie_new
[22:00:01] [ITEM_CANCELLED]: Blazd annule la vente de 1x Enchanted Book pour 14,000.00β sur survie_new
[22:00:02] [ITEM_RETURNED]: 1 x Enchanted Book  renvoyé à Blazd le survie_new
[22:00:36] [ITEM_LISTED]: Blazd vend 1 x Enchanted Book  pour 12,000.00β sur survie_new
[22:00:52] [ITEM_SOLD]: Blazd vendu 1 x Enchanted Book à  Dagalaz pour 12,000.00 β le survie_new
[22:02:17] [ITEM_CANCELLED]: Blazd annule la vente de 1x Enchanted Book pour 4,999.00β sur survie_new
[22:02:18] [ITEM_CANCELLED]: Blazd annule la vente de 1x Enchanted Book pour 4,999.00β sur survie_new
[22:02:18] [ITEM_CANCELLED]: Blazd annule la vente de 1x Enchanted Book pour 14,000.00β sur survie_new
[22:02:19] [ITEM_CANCELLED]: Blazd annule la vente de 1x Enchanted Book pour 2,999.00β sur survie_new
[22:02:19] [ITEM_CANCELLED]: Blazd annule la vente de 1x Enchanted Book pour 4,999.00β sur survie_new
[22:02:19] [ITEM_CANCELLED]: Blazd annule la vente de 1x Enchanted Book pour 8,999.00β sur survie_new
[22:02:20] [ITEM_CANCELLED]: Blazd annule la vente de 1x Enchanted Book pour 4,999.00β sur survie_new
[22:02:20] [ITEM_CANCELLED]: Blazd annule la vente de 1x Enchanted Book pour 6,999.00β sur survie_new
[22:02:22] [ITEM_CANCELLED]: Blazd annule la vente de 64x White Wool pour 4,999.00β sur survie_new
[22:02:24] [ITEM_RETURNED]: 64 x White Wool  renvoyé à Blazd le survie_new
[22:02:25] [ITEM_RETURNED]: 1 x Enchanted Book  renvoyé à Blazd le survie_new
[22:02:25] [ITEM_RETURNED]: 1 x Enchanted Book  renvoyé à Blazd le survie_new
[22:02:25] [ITEM_RETURNED]: 1 x Enchanted Book  renvoyé à Blazd le survie_new
[22:02:25] [ITEM_RETURNED]: 1 x Enchanted Book  renvoyé à Blazd le survie_new
[22:02:25] [ITEM_RETURNED]: 1 x Enchanted Book  renvoyé à Blazd le survie_new
[22:02:25] [ITEM_RETURNED]: 1 x Enchanted Book  renvoyé à Blazd le survie_new
[22:02:26] [ITEM_RETURNED]: 1 x Enchanted Book  renvoyé à Blazd le survie_new
[22:02:26] [ITEM_RETURNED]: 1 x Enchanted Book  renvoyé à Blazd le survie_new
[22:03:10] [ITEM_LISTED]: Blazd vend 1 x Enchanted Book  pour 3,000.00β sur survie_new
[22:03:16] [ITEM_LISTED]: Blazd vend 1 x Enchanted Book  pour 5,000.00β sur survie_new
[22:03:35] [ITEM_LISTED]: Blazd vend 1 x Enchanted Book  pour 4,000.00β sur survie_new
[22:03:42] [ITEM_LISTED]: Blazd vend 1 x Enchanted Book  pour 8,000.00β sur survie_new
[22:03:49] [ITEM_LISTED]: Blazd vend 1 x Enchanted Book  pour 5,000.00β sur survie_new
[22:03:56] [ITEM_LISTED]: Blazd vend 1 x Enchanted Book  pour 4,000.00β sur survie_new
[22:04:04] [ITEM_LISTED]: Blazd vend 1 x Enchanted Book  pour 5,000.00β sur survie_new
[22:04:09] [ITEM_LISTED]: Blazd vend 1 x Enchanted Book  pour 15,000.00β sur survie_new
[22:05:26] [ITEM_LISTED]: Blazd vend 64 x White Wool  pour 4,000.00β sur survie_new
[22:06:09] [ITEM_LISTED]: SeiyaDxD vend 1 x §;§:Spawner à Arraigné 1x  pour 2,900.00β sur survie_new
[22:08:00] [ITEM_LISTED]: PrinceJUULS vend 64 x Iron Ore  pour 5,000.00β sur survie_new
[22:20:13] [ITEM_SOLD]: toonjosh vendu 64 x Bone à  Marcoco50100 pour 200.00 β le survie_new
[22:20:15] [ITEM_SOLD]: toonjosh vendu 64 x Bone à  Marcoco50100 pour 200.00 β le survie_new
[22:22:23] [ITEM_LISTED]: SeiyaDxD vend 64 x Iron Ore  pour 5,000.00β sur survie_new
[22:22:25] [ITEM_LISTED]: SeiyaDxD vend 64 x Iron Ore  pour 5,000.00β sur survie_new
[22:22:27] [ITEM_LISTED]: SeiyaDxD vend 64 x Iron Ore  pour 5,000.00β sur survie_new
[22:28:51] [ITEM_SOLD]: SeiyaDxD vendu 64 x Iron Ore à  kalaistar pour 5,000.00 β le survie_new
[22:28:51] [ITEM_SOLD]: SeiyaDxD vendu 64 x Iron Ore à  kalaistar pour 5,000.00 β le survie_new
[22:28:52] [ITEM_SOLD]: SeiyaDxD vendu 64 x Iron Ore à  kalaistar pour 5,000.00 β le survie_new
[22:28:53] [ITEM_SOLD]: PrinceJUULS vendu 64 x Iron Ore à  kalaistar pour 5,000.00 β le survie_new
[22:32:43] [ITEM_SOLD]: Mikiu_Ahegao vendu 31 x Light Blue Concrete Powder à  Nadreel pour 400.00 β le survie_new
[22:40:54] [ITEM_LISTED]: SeiyaDxD vend 64 x Gold Ore  pour 5,000.00β sur survie_new
[22:43:19] [ITEM_LISTED]: SeiyaDxD vend 64 x Iron Ore  pour 5,000.00β sur survie_new
[23:01:19] [ITEM_SOLD]: SeiyaDxD vendu 64 x Iron Ore à  kalaistar pour 5,000.00 β le survie_new
[23:01:20] [ITEM_SOLD]: SeiyaDxD vendu 64 x Gold Ore à  kalaistar pour 5,000.00 β le survie_new
[23:02:14] [ITEM_LISTED]: Marcoco50100 vend 1 x Heart Of The Sea  pour 15,000.00β sur survie_new
[23:12:38] [ITEM_LISTED]: Marcoco50100 vend 61 x Pumpkin  pour 500.00β sur survie_new
[23:12:54] [ITEM_SOLD]: Marcoco50100 vendu 61 x Pumpkin à  Nexusso pour 500.00 β le survie_new
