[00:13:30] [ITEM_SOLD]: Blazd vendu 1 x Enchanted Book à  SeiyaDxD pour 14,000.00 β le survie_new
[00:13:59] [ITEM_LISTED]: SeiyaDxD vend 64 x Iron Ore  pour 5,000.00β sur survie_new
[00:28:36] [ITEM_LISTED]: SeiyaDxD vend 64 x Iron Ore  pour 5,000.00β sur survie_new
[00:28:38] [ITEM_LISTED]: SeiyaDxD vend 64 x Iron Ore  pour 5,000.00β sur survie_new
[00:30:14] [ITEM_LISTED]: SeiyaDxD vend 1 x §;§:Spawner à Arraigné 1x  pour 1,000.00β sur survie_new
[00:31:19] [ITEM_SOLD]: Nadreel vendu 1 x Epée à  [Looting II, Sharpness V, Unbreaking II] SeiyaDxD pour 7,000.00 β le survie_new
[00:31:28] [ITEM_SOLD]: SeiyaDxD vendu 64 x Iron Ore à  REGDYLAN pour 5,000.00 β le survie_new
[00:31:30] [ITEM_SOLD]: SeiyaDxD vendu 64 x Iron Ore à  REGDYLAN pour 5,000.00 β le survie_new
[00:31:31] [ITEM_SOLD]: SeiyaDxD vendu 64 x Iron Ore à  REGDYLAN pour 5,000.00 β le survie_new
[02:10:34] [ITEM_LISTED]: Marcoco50100 vend 18 x Carved Pumpkin  pour 100.00β sur survie_new
[02:10:38] [ITEM_LISTED]: Marcoco50100 vend 64 x Pumpkin  pour 500.00β sur survie_new
[02:12:28] [ITEM_LISTED]: Marcoco50100 vend 1 x Heart Of The Sea  pour 2,500.00β sur survie_new
[05:07:48] [ITEM_SOLD]: Yohan81 vendu 64 x Redstone à  Luzarielle pour 64.00 β le survie_new
[05:07:50] [ITEM_SOLD]: Yohan81 vendu 64 x Redstone à  Luzarielle pour 64.00 β le survie_new
[05:07:52] [ITEM_SOLD]: Yohan81 vendu 64 x Redstone à  Luzarielle pour 64.00 β le survie_new
[05:07:54] [ITEM_SOLD]: Yohan81 vendu 64 x Lapis Lazuli à  Luzarielle pour 64.00 β le survie_new
[05:07:56] [ITEM_SOLD]: Yohan81 vendu 64 x Lapis Lazuli à  Luzarielle pour 64.00 β le survie_new
[05:07:59] [ITEM_SOLD]: Yohan81 vendu 64 x Lapis Lazuli à  Luzarielle pour 64.00 β le survie_new
[05:08:01] [ITEM_SOLD]: Yohan81 vendu 45 x Redstone à  Luzarielle pour 40.00 β le survie_new
[10:35:41] [ITEM_SOLD]: Matthis_Weed vendu 64 x Obsidian à  REGDYLAN pour 250.00 β le survie_new
[10:35:43] [ITEM_SOLD]: Matthis_Weed vendu 64 x Obsidian à  REGDYLAN pour 250.00 β le survie_new
[10:35:44] [ITEM_SOLD]: Matthis_Weed vendu 64 x Obsidian à  REGDYLAN pour 250.00 β le survie_new
[10:55:51] [ITEM_LISTED]: OfCourse vend 1 x Milk Bucket  pour 25.00β sur survie_new
[10:56:04] [ITEM_SOLD]: OfCourse vendu 1 x Milk Bucket à  REGDYLAN pour 25.00 β le survie_new
[11:05:03] [ITEM_LISTED]: OfCourse vend 64 x Cooked Porkchop  pour 25.00β sur survie_new
[11:14:41] [ITEM_SOLD]: Blazd vendu 1 x Enchanted Book à  Christophe_ pour 5,000.00 β le survie_new
[11:39:56] [ITEM_LISTED]: OfCourse vend 1 x Poisonous Potato  pour 0.00β sur survie_new
[11:48:43] [ITEM_LISTED]: Bouletotor vend 64 x Jungle Log  pour 30.00β sur survie_new
[11:48:47] [ITEM_LISTED]: Bouletotor vend 64 x Jungle Log  pour 30.00β sur survie_new
[11:48:49] [ITEM_LISTED]: Bouletotor vend 64 x Jungle Log  pour 30.00β sur survie_new
[11:48:51] [ITEM_LISTED]: Bouletotor vend 64 x Jungle Log  pour 30.00β sur survie_new
[11:48:55] [ITEM_LISTED]: Bouletotor vend 64 x Jungle Log  pour 30.00β sur survie_new
[11:57:53] [ITEM_LISTED]: OfCourse vend 1 x Stone Shovel  pour 0.00β sur survie_new
[11:58:02] [ITEM_LISTED]: OfCourse vend 1 x Stone Shovel  pour 0.00β sur survie_new
[11:58:10] [ITEM_LISTED]: OfCourse vend 1 x Stone Shovel  pour 0.00β sur survie_new
[11:58:12] [ITEM_LISTED]: OfCourse vend 1 x Stone Shovel  pour 0.00β sur survie_new
[11:58:16] [ITEM_LISTED]: OfCourse vend 1 x Stone Pickaxe  pour 0.00β sur survie_new
[11:58:17] [ITEM_LISTED]: OfCourse vend 1 x Stone Shovel  pour 0.00β sur survie_new
[11:58:21] [ITEM_LISTED]: OfCourse vend 1 x Stone Shovel  pour 0.00β sur survie_new
[11:58:26] [ITEM_LISTED]: OfCourse vend 1 x Stone Shovel  pour 0.00β sur survie_new
[11:58:31] [ITEM_LISTED]: OfCourse vend 1 x Stone Shovel  pour 0.00β sur survie_new
[11:58:36] [ITEM_LISTED]: OfCourse vend 1 x Stone Shovel  pour 0.00β sur survie_new
[12:01:50] [ITEM_SOLD]: Bouletotor vendu 64 x Jungle Log à  OfCourse pour 30.00 β le survie_new
[12:01:52] [ITEM_SOLD]: Bouletotor vendu 64 x Jungle Log à  OfCourse pour 30.00 β le survie_new
[12:01:53] [ITEM_SOLD]: Bouletotor vendu 64 x Jungle Log à  OfCourse pour 30.00 β le survie_new
[12:01:55] [ITEM_SOLD]: Bouletotor vendu 64 x Jungle Log à  OfCourse pour 30.00 β le survie_new
[12:01:57] [ITEM_SOLD]: Bouletotor vendu 64 x Jungle Log à  OfCourse pour 30.00 β le survie_new
[12:03:19] [ITEM_LISTED]: OfCourse vend 64 x Jungle Log  pour 30.00β sur survie_new
[12:03:25] [ITEM_LISTED]: OfCourse vend 64 x Jungle Log  pour 30.00β sur survie_new
[12:03:29] [ITEM_LISTED]: OfCourse vend 64 x Jungle Log  pour 30.00β sur survie_new
[12:03:34] [ITEM_LISTED]: OfCourse vend 64 x Jungle Log  pour 30.00β sur survie_new
[12:03:35] [ITEM_SOLD]: OfCourse vendu 64 x Jungle Log à  Bouletotor pour 30.00 β le survie_new
[12:03:37] [ITEM_SOLD]: OfCourse vendu 64 x Jungle Log à  Bouletotor pour 30.00 β le survie_new
[12:03:38] [ITEM_LISTED]: OfCourse vend 64 x Jungle Log  pour 30.00β sur survie_new
[12:03:38] [ITEM_SOLD]: OfCourse vendu 64 x Jungle Log à  Bouletotor pour 30.00 β le survie_new
[12:03:40] [ITEM_SOLD]: OfCourse vendu 64 x Jungle Log à  Bouletotor pour 30.00 β le survie_new
[12:03:41] [ITEM_SOLD]: OfCourse vendu 64 x Jungle Log à  Bouletotor pour 30.00 β le survie_new
[12:53:20] [ITEM_LISTED]: Marcoco50100 vend 1 x Enchanted Book  pour 5,000.00β sur survie_new
[13:04:18] [ITEM_LISTED]: Blazd vend 1 x Enchanted Book  pour 5,000.00β sur survie_new
[13:04:28] [ITEM_LISTED]: Blazd vend 1 x Enchanted Book  pour 14,000.00β sur survie_new
[13:04:34] [ITEM_LISTED]: Blazd vend 1 x Enchanted Book  pour 5,000.00β sur survie_new
[13:07:01] [ITEM_SOLD]: OfCourse vendu 64 x Cooked Porkchop à  SeiyaDxD pour 25.00 β le survie_new
[13:17:07] [ITEM_LISTED]: SeiyaDxD vend 64 x Iron Ore  pour 5,000.00β sur survie_new
[13:23:37] [ITEM_LISTED]: SeiyaDxD vend 64 x Iron Ore  pour 5,000.00β sur survie_new
[13:23:40] [ITEM_LISTED]: SeiyaDxD vend 64 x Iron Ore  pour 5,000.00β sur survie_new
[13:26:19] [ITEM_SOLD]: eric2a vendu 1 x §;§:Spawner à Vache 1x à  Caldryk pour 19,500.00 β le survie_new
[13:26:31] [ITEM_LISTED]: _Kotura vend 64 x Iron Ore  pour 5,000.00β sur survie_new
[13:26:37] [ITEM_LISTED]: Caldryk vend 1 x §;§:Spawner à Zombie 1x  pour 2,500.00β sur survie_new
[13:26:40] [ITEM_LISTED]: Caldryk vend 1 x §;§:Spawner à Arraigné 1x  pour 2,500.00β sur survie_new
[13:26:40] [ITEM_LISTED]: _Kotura vend 64 x Iron Ore  pour 5,000.00β sur survie_new
[13:26:43] [ITEM_LISTED]: Caldryk vend 1 x §;§:Spawner à Squelette 1x  pour 2,500.00β sur survie_new
[13:26:45] [ITEM_LISTED]: Caldryk vend 1 x §;§:Spawner à Araignée venimeuse 1x  pour 2,500.00β sur survie_new
[13:26:49] [ITEM_LISTED]: _Kotura vend 64 x Iron Ore  pour 5,000.00β sur survie_new
[13:27:04] [ITEM_LISTED]: SeiyaDxD vend 64 x Iron Ore  pour 5,000.00β sur survie_new
[13:29:04] [ITEM_LISTED]: SeiyaDxD vend 64 x Gold Ore  pour 5,000.00β sur survie_new
[13:29:18] [ITEM_SOLD]: SeiyaDxD vendu 64 x Iron Ore à  Marcoco50100 pour 5,000.00 β le survie_new
[13:29:19] [ITEM_SOLD]: _Kotura vendu 64 x Iron Ore à  Marcoco50100 pour 5,000.00 β le survie_new
[13:29:22] [ITEM_SOLD]: _Kotura vendu 64 x Iron Ore à  Marcoco50100 pour 5,000.00 β le survie_new
[13:29:25] [ITEM_SOLD]: _Kotura vendu 64 x Iron Ore à  Marcoco50100 pour 5,000.00 β le survie_new
[13:29:27] [ITEM_SOLD]: SeiyaDxD vendu 64 x Iron Ore à  Marcoco50100 pour 5,000.00 β le survie_new
[13:29:28] [ITEM_SOLD]: SeiyaDxD vendu 64 x Iron Ore à  Marcoco50100 pour 5,000.00 β le survie_new
[13:29:30] [ITEM_SOLD]: SeiyaDxD vendu 64 x Iron Ore à  Marcoco50100 pour 5,000.00 β le survie_new
[13:29:33] [ITEM_SOLD]: SeiyaDxD vendu 64 x Gold Ore à  Marcoco50100 pour 5,000.00 β le survie_new
[13:31:30] [ITEM_SOLD]: Marcoco50100 vendu 64 x Pumpkin à  SSLLOOTTHH pour 500.00 β le survie_new
[13:33:28] [ITEM_LISTED]: SeiyaDxD vend 1 x Enchanted Book  pour 1,000.00β sur survie_new
[13:35:04] [ITEM_LISTED]: SeiyaDxD vend 64 x Iron Ore  pour 5,000.00β sur survie_new
[13:35:50] [ITEM_CANCELLED]: SSLLOOTTHH annule la vente de 64x Lapis Block pour 5,000.00β sur survie_new
[13:35:52] [ITEM_CANCELLED]: SSLLOOTTHH annule la vente de 64x Redstone Block pour 5,000.00β sur survie_new
[13:35:55] [ITEM_RETURNED]: 64 x Lapis Block  renvoyé à SSLLOOTTHH le survie_new
[13:35:55] [ITEM_RETURNED]: 64 x Redstone Block  renvoyé à SSLLOOTTHH le survie_new
[13:36:09] [ITEM_LISTED]: SSLLOOTTHH vend 64 x Lapis Block  pour 1,500.00β sur survie_new
[13:36:13] [ITEM_LISTED]: SSLLOOTTHH vend 64 x Redstone Block  pour 1,500.00β sur survie_new
[13:38:27] [ITEM_LISTED]: SeiyaDxD vend 64 x Gold Ore  pour 5,000.00β sur survie_new
[13:38:54] [ITEM_SOLD]: SeiyaDxD vendu 64 x Iron Ore à  kalaistar pour 5,000.00 β le survie_new
[13:38:55] [ITEM_SOLD]: SeiyaDxD vendu 64 x Gold Ore à  kalaistar pour 5,000.00 β le survie_new
[13:39:38] [ITEM_CANCELLED]: Yohan81 annule la vente de 64x Pumpkin Seeds pour 20.00β sur survie_new
[13:39:51] [ITEM_RETURNED]: 3 x [Spider Spawner]  renvoyé à Yohan81 le survie_new
[13:41:00] [ITEM_SOLD]: Blazd vendu 1 x Enchanted Book à  SSLLOOTTHH pour 14,000.00 β le survie_new
[13:42:34] [ITEM_LISTED]: Blazd vend 1 x Enchanted Book  pour 14,000.00β sur survie_new
[13:49:03] [ITEM_LISTED]: Lenny vend 64 x Sweet Berries  pour 125.00β sur survie_new
[13:49:06] [ITEM_LISTED]: Lenny vend 64 x Sweet Berries  pour 125.00β sur survie_new
[13:49:07] [ITEM_LISTED]: Lenny vend 64 x Sweet Berries  pour 125.00β sur survie_new
[13:49:08] [ITEM_LISTED]: Lenny vend 64 x Sweet Berries  pour 125.00β sur survie_new
[13:49:09] [ITEM_LISTED]: Lenny vend 64 x Sweet Berries  pour 125.00β sur survie_new
[13:49:10] [ITEM_LISTED]: Lenny vend 64 x Sweet Berries  pour 125.00β sur survie_new
[13:49:15] [ITEM_LISTED]: Lenny vend 64 x Sweet Berries  pour 125.00β sur survie_new
[13:49:16] [ITEM_LISTED]: Lenny vend 64 x Sweet Berries  pour 125.00β sur survie_new
[13:49:19] [ITEM_LISTED]: Lenny vend 64 x Sweet Berries  pour 150.00β sur survie_new
[13:49:21] [ITEM_LISTED]: Lenny vend 64 x Sweet Berries  pour 150.00β sur survie_new
[13:49:22] [ITEM_LISTED]: Lenny vend 64 x Sweet Berries  pour 150.00β sur survie_new
[13:49:29] [ITEM_LISTED]: Lenny vend 51 x Sweet Berries  pour 115.00β sur survie_new
[14:00:42] [ITEM_LISTED]: SeiyaDxD vend 64 x Iron Ore  pour 5,000.00β sur survie_new
[14:10:51] [ITEM_LISTED]: SeiyaDxD vend 64 x Iron Ore  pour 5,000.00β sur survie_new
[14:27:37] [ITEM_LISTED]: Lenny vend 64 x Sweet Berries  pour 135.00β sur survie_new
[14:27:39] [ITEM_LISTED]: Lenny vend 64 x Sweet Berries  pour 135.00β sur survie_new
[14:27:40] [ITEM_LISTED]: Lenny vend 64 x Sweet Berries  pour 135.00β sur survie_new
[14:27:41] [ITEM_LISTED]: Lenny vend 64 x Sweet Berries  pour 135.00β sur survie_new
[14:27:43] [ITEM_LISTED]: Lenny vend 64 x Sweet Berries  pour 135.00β sur survie_new
[14:27:47] [ITEM_LISTED]: Lenny vend 64 x Sweet Berries  pour 135.00β sur survie_new
[14:27:49] [ITEM_LISTED]: Lenny vend 64 x Sweet Berries  pour 135.00β sur survie_new
[14:27:54] [ITEM_LISTED]: Lenny vend 42 x Sweet Berries  pour 120.00β sur survie_new
[15:16:32] [ITEM_SOLD]: OfCourse vendu 1 x Stone Pickaxe à  74Matt pour 0.00 β le survie_new
[15:16:38] [ITEM_SOLD]: OfCourse vendu 1 x Stone Shovel à  74Matt pour 0.00 β le survie_new
[15:16:42] [ITEM_SOLD]: OfCourse vendu 1 x Stone Shovel à  74Matt pour 0.00 β le survie_new
[15:16:44] [ITEM_SOLD]: OfCourse vendu 1 x Stone Shovel à  74Matt pour 0.00 β le survie_new
[15:20:01] [ITEM_LISTED]: Bouletotor vend 64 x Oak Log  pour 100.00β sur survie_new
[15:20:03] [ITEM_LISTED]: Bouletotor vend 64 x Oak Log  pour 100.00β sur survie_new
[15:20:05] [ITEM_LISTED]: Bouletotor vend 64 x Oak Log  pour 100.00β sur survie_new
[15:20:07] [ITEM_LISTED]: Bouletotor vend 64 x Oak Log  pour 100.00β sur survie_new
[15:20:11] [ITEM_LISTED]: Bouletotor vend 64 x Oak Log  pour 100.00β sur survie_new
[15:22:03] [ITEM_SOLD]: Zougless vendu 64 x Spruce Log à  _Kotura pour 400.00 β le survie_new
[15:22:06] [ITEM_SOLD]: Zougless vendu 64 x Spruce Log à  _Kotura pour 400.00 β le survie_new
[15:22:07] [ITEM_SOLD]: Zougless vendu 64 x Spruce Log à  _Kotura pour 400.00 β le survie_new
[15:22:08] [ITEM_SOLD]: Zougless vendu 64 x Spruce Log à  _Kotura pour 400.00 β le survie_new
[15:22:09] [ITEM_SOLD]: Zougless vendu 64 x Spruce Log à  _Kotura pour 400.00 β le survie_new
[15:31:19] [ITEM_SOLD]: SeiyaDxD vendu 64 x Iron Ore à  kalaistar pour 5,000.00 β le survie_new
[15:31:20] [ITEM_SOLD]: SeiyaDxD vendu 64 x Iron Ore à  kalaistar pour 5,000.00 β le survie_new
[15:31:21] [ITEM_SOLD]: Bouletotor vendu 64 x Oak Log à  kalaistar pour 100.00 β le survie_new
[15:31:22] [ITEM_SOLD]: Bouletotor vendu 64 x Oak Log à  kalaistar pour 100.00 β le survie_new
[15:31:23] [ITEM_SOLD]: Bouletotor vendu 64 x Oak Log à  kalaistar pour 100.00 β le survie_new
[15:31:24] [ITEM_SOLD]: Bouletotor vendu 64 x Oak Log à  kalaistar pour 100.00 β le survie_new
[15:31:25] [ITEM_SOLD]: Bouletotor vendu 64 x Oak Log à  kalaistar pour 100.00 β le survie_new
[15:31:46] [ITEM_SOLD]: SeiyaDxD vendu 1 x §;§:Spawner à Arraigné 1x à  kalaistar pour 1,000.00 β le survie_new
[15:38:14] [ITEM_DROPPED]: Abandon de la vente eric2a expirée de 1 x Blaze Rod  pour 0.00β à leurs pieds le survie_new
[15:41:27] [ITEM_SOLD]: Zougless vendu 64 x Spruce Log à  _Kotura pour 400.00 β le survie_new
[15:41:29] [ITEM_SOLD]: Zougless vendu 64 x Spruce Log à  _Kotura pour 400.00 β le survie_new
[15:41:30] [ITEM_SOLD]: Zougless vendu 64 x Spruce Log à  _Kotura pour 400.00 β le survie_new
[15:41:30] [ITEM_SOLD]: Zougless vendu 64 x Spruce Log à  _Kotura pour 400.00 β le survie_new
[15:41:31] [ITEM_SOLD]: Zougless vendu 64 x Spruce Log à  _Kotura pour 400.00 β le survie_new
[17:01:59] [ITEM_SOLD]: Bertrand vendu 1 x Experience Bottle à  Athiire pour 750.00 β le survie_new
[17:09:50] [ITEM_SOLD]: Caldryk vendu 1 x §;§:Spawner à Squelette 1x à  VeritaBles pour 2,500.00 β le survie_new
[17:10:04] [ITEM_SOLD]: Caldryk vendu 1 x §;§:Spawner à Arraigné 1x à  VeritaBles pour 2,500.00 β le survie_new
[17:10:07] [ITEM_SOLD]: Caldryk vendu 1 x §;§:Spawner à Zombie 1x à  VeritaBles pour 2,500.00 β le survie_new
[17:29:43] [ITEM_SOLD]: Lenny vendu 64 x Sweet Berries à  _Kamonohashi_ pour 135.00 β le survie_new
[17:33:23] [ITEM_SOLD]: Zougless vendu 64 x Spruce Log à  _Kamonohashi_ pour 450.00 β le survie_new
[18:07:03] [ITEM_SOLD]: OfCourse vendu 1 x Totem Of Undying à  Mikiu_Ahegao pour 1,500.00 β le survie_new
[18:22:07] [ITEM_LISTED]: Mikiu_Ahegao vend 64 x Gunpowder  pour 999.00β sur survie_new
[18:29:12] [ITEM_SOLD]: Mikiu_Ahegao vendu 64 x Gunpowder à  Christophe_ pour 999.00 β le survie_new
[18:29:53] [ITEM_LISTED]: Christophe_ vend 64 x Dirt  pour 0.00β sur survie_new
[18:29:56] [ITEM_CANCELLED]: Christophe_ annule la vente de 64x Dirt pour 0.00β sur survie_new
[18:29:59] [ITEM_RETURNED]: 64 x Dirt  renvoyé à Christophe_ le survie_new
[18:30:25] [ITEM_LISTED]: OfCourse vend 64 x Oak Pressure Plate  pour 50.00β sur survie_new
[18:30:32] [ITEM_LISTED]: OfCourse vend 64 x Oak Pressure Plate  pour 50.00β sur survie_new
[18:30:44] [ITEM_LISTED]: OfCourse vend 32 x Oak Pressure Plate  pour 25.00β sur survie_new
[18:44:24] [ITEM_LISTED]: SeiyaDxD vend 64 x Iron Ore  pour 5,000.00β sur survie_new
[18:58:04] [ITEM_SOLD]: SeiyaDxD vendu 64 x Iron Ore à  kalaistar pour 5,000.00 β le survie_new
[19:33:18] [ITEM_LISTED]: SSLLOOTTHH vend 64 x Diamond Block  pour 51,000.00β sur survie_new
[19:34:36] [ITEM_LISTED]: SSLLOOTTHH vend 64 x Iron Block  pour 7,000.00β sur survie_new
[19:52:27] [ITEM_SOLD]: SSLLOOTTHH vendu 64 x Diamond Block à  kalaistar pour 51,000.00 β le survie_new
[19:52:31] [ITEM_SOLD]: SSLLOOTTHH vendu 64 x Iron Block à  kalaistar pour 7,000.00 β le survie_new
[19:54:20] [ITEM_SOLD]: Blazd vendu 1 x Enchanted Book à  SSLLOOTTHH pour 4,000.00 β le survie_new
[19:57:03] [ITEM_LISTED]: PrinceJUULS vend 1 x Shulker Box  pour 3,000.00β sur survie_new
[19:57:54] [ITEM_LISTED]: PrinceJUULS vend 1 x Shulker Box  pour 3,000.00β sur survie_new
[19:58:13] [ITEM_LISTED]: PrinceJUULS vend 1 x Shulker Box  pour 3,000.00β sur survie_new
[19:58:17] [ITEM_LISTED]: PrinceJUULS vend 1 x Shulker Box  pour 3,000.00β sur survie_new
[19:58:20] [ITEM_LISTED]: PrinceJUULS vend 1 x Shulker Box  pour 3,000.00β sur survie_new
[19:58:23] [ITEM_LISTED]: PrinceJUULS vend 1 x Shulker Box  pour 3,000.00β sur survie_new
[19:58:26] [ITEM_LISTED]: PrinceJUULS vend 1 x Shulker Box  pour 3,000.00β sur survie_new
[20:03:06] [ITEM_SOLD]: toonjosh vendu 64 x Bone à  SSLLOOTTHH pour 200.00 β le survie_new
[20:03:49] [ITEM_CANCELLED]: SSLLOOTTHH annule la vente de 1x Totem Of Undying pour 1,000.00β sur survie_new
[20:04:50] [ITEM_CANCELLED]: SSLLOOTTHH annule la vente de 64x Redstone Block pour 7,000.00β sur survie_new
[20:04:51] [ITEM_CANCELLED]: SSLLOOTTHH annule la vente de 64x Lapis Block pour 1,500.00β sur survie_new
[20:04:52] [ITEM_CANCELLED]: SSLLOOTTHH annule la vente de 64x Redstone Block pour 1,500.00β sur survie_new
[20:04:55] [ITEM_RETURNED]: 64 x Redstone Block  renvoyé à SSLLOOTTHH le survie_new
[20:04:55] [ITEM_RETURNED]: 64 x Lapis Block  renvoyé à SSLLOOTTHH le survie_new
[20:04:56] [ITEM_RETURNED]: 64 x Redstone Block  renvoyé à SSLLOOTTHH le survie_new
[20:05:29] [ITEM_LISTED]: SSLLOOTTHH vend 64 x Redstone Block  pour 640.00β sur survie_new
[20:05:31] [ITEM_LISTED]: SSLLOOTTHH vend 64 x Redstone Block  pour 640.00β sur survie_new
[20:05:36] [ITEM_LISTED]: SSLLOOTTHH vend 64 x Lapis Block  pour 700.00β sur survie_new
[20:28:30] [ITEM_LISTED]: Yohan81 vend 16 x Snowball  pour 10.00β sur survie_new
[20:28:32] [ITEM_LISTED]: Yohan81 vend 16 x Snowball  pour 10.00β sur survie_new
[20:28:33] [ITEM_LISTED]: Yohan81 vend 16 x Snowball  pour 10.00β sur survie_new
[20:28:36] [ITEM_LISTED]: Yohan81 vend 16 x Snowball  pour 10.00β sur survie_new
[20:28:38] [ITEM_LISTED]: Yohan81 vend 16 x Snowball  pour 10.00β sur survie_new
[20:28:42] [ITEM_LISTED]: Yohan81 vend 16 x Snowball  pour 10.00β sur survie_new
[20:28:45] [ITEM_LISTED]: Yohan81 vend 16 x Snowball  pour 10.00β sur survie_new
[20:28:49] [ITEM_LISTED]: Yohan81 vend 10 x Snowball  pour 8.00β sur survie_new
[20:28:55] [ITEM_LISTED]: Yohan81 vend 16 x Snowball  pour 10.00β sur survie_new
[20:30:37] [ITEM_LISTED]: Yohan81 vend 16 x Snowball  pour 10.00β sur survie_new
[20:30:39] [ITEM_LISTED]: Yohan81 vend 16 x Snowball  pour 10.00β sur survie_new
[20:30:42] [ITEM_LISTED]: Yohan81 vend 16 x Snowball  pour 10.00β sur survie_new
[20:30:44] [ITEM_LISTED]: Yohan81 vend 16 x Snowball  pour 10.00β sur survie_new
[20:30:49] [ITEM_LISTED]: Yohan81 vend 16 x Snowball  pour 10.00β sur survie_new
[20:30:50] [ITEM_LISTED]: Yohan81 vend 16 x Snowball  pour 10.00β sur survie_new
[20:30:52] [ITEM_LISTED]: Yohan81 vend 16 x Snowball  pour 10.00β sur survie_new
[20:30:53] [ITEM_LISTED]: Yohan81 vend 16 x Snowball  pour 10.00β sur survie_new
[20:32:03] [ITEM_SOLD]: PrinceJUULS vendu 1 x Shulker Box à  SeiyaDxD pour 3,000.00 β le survie_new
[20:38:45] [ITEM_SOLD]: Zougless vendu 64 x Spruce Log à  _Kamonohashi_ pour 400.00 β le survie_new
[20:38:50] [ITEM_SOLD]: portedegaia vendu 64 x Dark Oak Log à  _Kamonohashi_ pour 750.00 β le survie_new
[20:38:52] [ITEM_SOLD]: portedegaia vendu 64 x Dark Oak Log à  _Kamonohashi_ pour 750.00 β le survie_new
[20:46:20] [ITEM_SOLD]: Blazd vendu 1 x Enchanted Book à  SSLLOOTTHH pour 14,000.00 β le survie_new
[20:46:46] [ITEM_SOLD]: Marcoco50100 vendu 1 x Enchanted Book à  SSLLOOTTHH pour 5,000.00 β le survie_new
[20:50:56] [ITEM_SOLD]: Zougless vendu 64 x Spruce Log à  _Kotura pour 400.00 β le survie_new
[20:50:59] [ITEM_SOLD]: Zougless vendu 64 x Spruce Log à  _Kotura pour 400.00 β le survie_new
[20:59:23] [ITEM_SOLD]: Zougless vendu 64 x Spruce Log à  _Kotura pour 400.00 β le survie_new
[20:59:24] [ITEM_SOLD]: Zougless vendu 64 x Spruce Log à  _Kotura pour 400.00 β le survie_new
[20:59:26] [ITEM_SOLD]: Zougless vendu 64 x Spruce Log à  _Kotura pour 400.00 β le survie_new
[20:59:27] [ITEM_SOLD]: Zougless vendu 64 x Spruce Log à  _Kotura pour 450.00 β le survie_new
[20:59:58] [ITEM_LISTED]: SeiyaDxD vend 64 x Gold Ore  pour 5,000.00β sur survie_new
[21:00:00] [ITEM_LISTED]: SeiyaDxD vend 64 x Iron Ore  pour 5,000.00β sur survie_new
[21:12:07] [ITEM_SOLD]: PrinceJUULS vendu 1 x Shulker Box à  OfCourse pour 3,000.00 β le survie_new
[21:13:50] [ITEM_LISTED]: PrinceJUULS vend 64 x Gold Ore  pour 5,000.00β sur survie_new
[21:13:58] [ITEM_LISTED]: PrinceJUULS vend 64 x Gold Ore  pour 5,000.00β sur survie_new
[21:15:07] [ITEM_CANCELLED]: PrinceJUULS annule la vente de 1x Heart Of The Sea pour 5,000.00β sur survie_new
[21:15:15] [ITEM_RETURNED]: 1 x Heart Of The Sea  renvoyé à PrinceJUULS le survie_new
[21:15:33] [ITEM_LISTED]: PrinceJUULS vend 1 x Heart Of The Sea  pour 2,000.00β sur survie_new
[21:16:03] [ITEM_CANCELLED]: PrinceJUULS annule la vente de 1x Heart Of The Sea pour 2,000.00β sur survie_new
[21:16:06] [ITEM_RETURNED]: 1 x Heart Of The Sea  renvoyé à PrinceJUULS le survie_new
[21:17:18] [ITEM_LISTED]: PrinceJUULS vend 1 x Heart Of The Sea  pour 2,000.00β sur survie_new
[21:23:12] [ITEM_CANCELLED]: PrinceJUULS annule la vente de 1x §;§:Spawner à Araignée venimeuse 1x pour 3,000.00β sur survie_new
[21:23:12] [ITEM_CANCELLED]: PrinceJUULS annule la vente de 1x §;§:Spawner à Araignée venimeuse 1x pour 3,000.00β sur survie_new
[21:23:12] [ITEM_CANCELLED]: PrinceJUULS annule la vente de 1x §;§:Spawner à Arraigné 1x pour 3,000.00β sur survie_new
[21:23:12] [ITEM_CANCELLED]: PrinceJUULS annule la vente de 1x §;§:Spawner à Araignée venimeuse 1x pour 3,000.00β sur survie_new
[21:23:12] [ITEM_CANCELLED]: PrinceJUULS annule la vente de 1x §;§:Spawner à Araignée venimeuse 1x pour 3,000.00β sur survie_new
[21:23:12] [ITEM_CANCELLED]: PrinceJUULS annule la vente de 1x §;§:Spawner à Araignée venimeuse 1x pour 3,000.00β sur survie_new
[21:23:12] [ITEM_CANCELLED]: PrinceJUULS annule la vente de 1x §;§:Spawner à Araignée venimeuse 1x pour 3,000.00β sur survie_new
[21:23:12] [ITEM_CANCELLED]: PrinceJUULS annule la vente de 1x §;§:Spawner à Araignée venimeuse 1x pour 3,000.00β sur survie_new
[21:23:12] [ITEM_CANCELLED]: PrinceJUULS annule la vente de 1x Shulker Box pour 3,000.00β sur survie_new
[21:23:12] [ITEM_CANCELLED]: PrinceJUULS annule la vente de 1x Shulker Box pour 3,000.00β sur survie_new
[21:23:12] [ITEM_CANCELLED]: PrinceJUULS annule la vente de 1x Shulker Box pour 3,000.00β sur survie_new
[21:23:12] [ITEM_CANCELLED]: PrinceJUULS annule la vente de 1x Shulker Box pour 3,000.00β sur survie_new
[21:23:12] [ITEM_CANCELLED]: PrinceJUULS annule la vente de 1x Shulker Box pour 3,000.00β sur survie_new
[21:23:12] [ITEM_CANCELLED]: PrinceJUULS annule la vente de 64x Gold Ore pour 5,000.00β sur survie_new
[21:23:12] [ITEM_CANCELLED]: PrinceJUULS annule la vente de 64x Gold Ore pour 5,000.00β sur survie_new
[21:23:12] [ITEM_CANCELLED]: PrinceJUULS annule la vente de 1x Heart Of The Sea pour 2,000.00β sur survie_new
[21:23:25] [ITEM_RETURNED]: 1 x §;§:Spawner à Araignée venimeuse 1x  renvoyé à PrinceJUULS le survie_new
[21:23:26] [ITEM_RETURNED]: 1 x §;§:Spawner à Araignée venimeuse 1x  renvoyé à PrinceJUULS le survie_new
[21:23:26] [ITEM_RETURNED]: 1 x §;§:Spawner à Araignée venimeuse 1x  renvoyé à PrinceJUULS le survie_new
[21:23:26] [ITEM_RETURNED]: 1 x §;§:Spawner à Araignée venimeuse 1x  renvoyé à PrinceJUULS le survie_new
[21:23:26] [ITEM_RETURNED]: 1 x §;§:Spawner à Arraigné 1x  renvoyé à PrinceJUULS le survie_new
[21:23:27] [ITEM_RETURNED]: 1 x §;§:Spawner à Araignée venimeuse 1x  renvoyé à PrinceJUULS le survie_new
[21:23:27] [ITEM_RETURNED]: 1 x §;§:Spawner à Araignée venimeuse 1x  renvoyé à PrinceJUULS le survie_new
[21:23:28] [ITEM_RETURNED]: 1 x §;§:Spawner à Araignée venimeuse 1x  renvoyé à PrinceJUULS le survie_new
[21:23:31] [ITEM_RETURNED]: 1 x Heart Of The Sea  renvoyé à PrinceJUULS le survie_new
[21:23:31] [ITEM_RETURNED]: 64 x Gold Ore  renvoyé à PrinceJUULS le survie_new
[21:23:31] [ITEM_RETURNED]: 64 x Gold Ore  renvoyé à PrinceJUULS le survie_new
[21:23:32] [ITEM_RETURNED]: 1 x Shulker Box  renvoyé à PrinceJUULS le survie_new
[21:23:32] [ITEM_RETURNED]: 1 x Shulker Box  renvoyé à PrinceJUULS le survie_new
[21:23:32] [ITEM_RETURNED]: 1 x Shulker Box  renvoyé à PrinceJUULS le survie_new
[21:23:32] [ITEM_RETURNED]: 1 x Shulker Box  renvoyé à PrinceJUULS le survie_new
[21:23:32] [ITEM_RETURNED]: 1 x Shulker Box  renvoyé à PrinceJUULS le survie_new
[21:24:00] [ITEM_LISTED]: PrinceJUULS vend 1 x Heart Of The Sea  pour 2,500.00β sur survie_new
[21:24:16] [ITEM_LISTED]: PrinceJUULS vend 64 x Gold Ore  pour 5,000.00β sur survie_new
[21:24:23] [ITEM_LISTED]: PrinceJUULS vend 64 x Gold Ore  pour 5,000.00β sur survie_new
[21:24:28] [ITEM_LISTED]: PrinceJUULS vend 1 x Shulker Box  pour 3,000.00β sur survie_new
[21:24:33] [ITEM_LISTED]: PrinceJUULS vend 1 x Shulker Box  pour 3,000.00β sur survie_new
[21:24:40] [ITEM_LISTED]: PrinceJUULS vend 1 x Shulker Box  pour 3,000.00β sur survie_new
[21:24:49] [ITEM_LISTED]: PrinceJUULS vend 1 x Shulker Box  pour 3,000.00β sur survie_new
[21:24:56] [ITEM_LISTED]: PrinceJUULS vend 1 x Shulker Box  pour 3,000.00β sur survie_new
[21:35:14] [ITEM_SOLD]: SSLLOOTTHH vendu 1 x Enchanted Book à  yokianderson pour 1,300.00 β le survie_new
[21:35:38] [ITEM_SOLD]: SSLLOOTTHH vendu 1 x Diamond Helmet à  [Protection III] yokianderson pour 1,500.00 β le survie_new_the_end
[21:58:22] [ITEM_LISTED]: Blazd vend 1 x Enchanted Book  pour 12,000.00β sur survie_new
[22:01:15] [ITEM_SOLD]: Mikiu_Ahegao vendu 1 x 6lEpée des Cieux à  [Looting II, Sharpness V, Unbreaking II] PrinceJUULS pour 10,000.00 β le survie_new
[22:04:37] [ITEM_SOLD]: PrinceJUULS vendu 64 x Gold Ore à  kalaistar pour 5,000.00 β le survie_new
[22:04:38] [ITEM_SOLD]: PrinceJUULS vendu 64 x Gold Ore à  kalaistar pour 5,000.00 β le survie_new
[22:04:40] [ITEM_SOLD]: SeiyaDxD vendu 64 x Iron Ore à  kalaistar pour 5,000.00 β le survie_new
[22:04:41] [ITEM_SOLD]: SeiyaDxD vendu 64 x Gold Ore à  kalaistar pour 5,000.00 β le survie_new
[22:26:24] [ITEM_SOLD]: whanik vendu 64 x Arrow à  PrinceJUULS pour 1,000.00 β le survie_new
[22:56:25] [ITEM_LISTED]: Yohan81 vend 1 x Epée  [Looting II, Sharpness V, Unbreaking II] pour 4,000.00β sur survie_new
[22:57:31] [ITEM_CANCELLED]: Blazd annule la vente de 1x Enchanted Book pour 12,000.00β sur survie_new
[22:57:33] [ITEM_RETURNED]: 1 x Enchanted Book  renvoyé à Blazd le survie_new
[22:57:40] [ITEM_LISTED]: Blazd vend 1 x Enchanted Book  pour 6,000.00β sur survie_new
[22:57:58] [ITEM_SOLD]: Blazd vendu 1 x Enchanted Book à  Yohan81 pour 6,000.00 β le survie_new
[22:58:26] [ITEM_LISTED]: Blazd vend 1 x Enchanted Book  pour 14,000.00β sur survie_new
[23:48:47] [ITEM_CANCELLED]: Blazd annule la vente de 1x Enchanted Book pour 5,000.00β sur survie_new
[23:48:50] [ITEM_RETURNED]: 1 x Enchanted Book  renvoyé à Blazd le survie_new
[23:49:12] [ITEM_LISTED]: Blazd vend 1 x Enchanted Book  pour 12,000.00β sur survie_new
