[02:17:46] [ITEM_SOLD]: Mathis6000 vendu 1 x l ampoule du geni  à  _Kyle_8 pour 3,000.00 β le survie_new
[02:19:43] [ITEM_LISTED]: _Kyle_8 vend 10 x Dispenser  pour 100,000.00β sur survie_new
[02:19:57] [ITEM_LISTED]: _Kyle_8 vend 5 x Pierre-Tombale  pour 100,000.00β sur survie_new
[11:47:38] [ITEM_LISTED]: OfCourse vend 1 x Chicken Spawn Egg  pour 2,000.00β sur survie_new
[11:47:39] [ITEM_SOLD]: OfCourse vendu 1 x Chicken Spawn Egg à  omega2028 pour 2,000.00 β le survie_new
[11:47:42] [ITEM_LISTED]: OfCourse vend 1 x Dolphin Spawn Egg  pour 2,000.00β sur survie_new
[11:47:44] [ITEM_SOLD]: OfCourse vendu 1 x Dolphin Spawn Egg à  omega2028 pour 2,000.00 β le survie_new
[11:48:10] [ITEM_LISTED]: omega2028 vend 8 x Sponge  pour 5,000.00β sur survie_new
[11:48:28] [ITEM_SOLD]: omega2028 vendu 8 x Sponge à  blazou38 pour 5,000.00 β le survie_new
[12:10:28] [ITEM_LISTED]: limastic vend 64 x Coal Block  pour 500.00β sur survie_new
[12:10:30] [ITEM_LISTED]: limastic vend 64 x Coal Block  pour 500.00β sur survie_new
[12:10:31] [ITEM_LISTED]: limastic vend 64 x Coal Block  pour 500.00β sur survie_new
[12:10:33] [ITEM_LISTED]: limastic vend 64 x Coal Block  pour 500.00β sur survie_new
[12:10:53] [ITEM_SOLD]: limastic vendu 64 x Coal Block à  OfCourse pour 500.00 β le survie_new
[12:10:55] [ITEM_SOLD]: limastic vendu 64 x Coal Block à  OfCourse pour 500.00 β le survie_new
[12:10:57] [ITEM_SOLD]: limastic vendu 64 x Coal Block à  OfCourse pour 500.00 β le survie_new
[12:10:58] [ITEM_SOLD]: limastic vendu 64 x Coal Block à  OfCourse pour 500.00 β le survie_new
[18:34:38] [ITEM_LISTED]: limastic vend 1 x §;§:Spawner à Zombie 1x  pour 5,000.00β sur survie_new
[18:34:40] [ITEM_LISTED]: limastic vend 1 x Dolphin Spawn Egg  pour 5,000.00β sur survie_new
[18:34:43] [ITEM_SOLD]: limastic vendu 1 x §;§:Spawner à Zombie 1x à  CouzVeBaton pour 5,000.00 β le survie_new
[18:34:44] [ITEM_SOLD]: limastic vendu 1 x Dolphin Spawn Egg à  CouzVeBaton pour 5,000.00 β le survie_new
[19:02:16] [ITEM_SOLD]: Minebark vendu 1 x Lime Shulker Box à  TheAtaik pour 2,500.00 β le survie_new
[20:43:06] [ITEM_LISTED]: ekkubb vend 1 x Dolphin Spawn Egg  pour 500.00β sur survie_new
[20:45:21] [ITEM_LISTED]: ekkubb vend 1 x AAAAHUHRGURHGHGHRGHGRHRGUGHR  pour 1,000.00β sur survie_new
[20:45:38] [ITEM_SOLD]: ekkubb vendu 1 x Dolphin Spawn Egg à  CouzVeBaton pour 500.00 β le survie_new
[20:46:30] [ITEM_LISTED]: ekkubb vend 1 x Written Book  pour 1,000,000.00β sur survie_new
[20:49:51] [ITEM_CANCELLED]: Ekiliox annule la vente de 1x Sprite™ Stebanou Flavored pour 100,000.00β sur survie_new
[20:49:53] [ITEM_RETURNED]: 1 x Sprite™ Stebanou Flavored  renvoyé à Ekiliox le survie_new
[20:51:04] [ITEM_LISTED]: Christophe_ vend 13 x §;§:Spawner à Arraigné 1x  pour 39,000.00β sur survie_new
[20:51:06] [ITEM_SOLD]: Christophe_ vendu 13 x §;§:Spawner à Arraigné 1x à  CouzVeBaton pour 39,000.00 β le survie_new
[21:32:17] [ITEM_LISTED]: ekkubb vend 1 x Dolphin Spawn Egg  pour 1,000.00β sur survie_new
[21:39:15] [ITEM_LISTED]: Stebanou vend 1 x Diamond Pickaxe  [Silk Touch] pour 2,500.00β sur survie_new
[21:39:18] [ITEM_LISTED]: Stebanou vend 1 x Diamond Pickaxe  [Silk Touch] pour 2,500.00β sur survie_new
[22:13:57] [ITEM_SOLD]: Minebark vendu 1 x Pink Shulker Box à  Djo676 pour 2,500.00 β le survie_new
