[11:25:40] [ITEM_SOLD]: pikatchou82 vendu 1 x Enchanted Book à  Loan02 pour 7,000.00 β le survie_new
[14:04:31] [ITEM_LISTED]: blazou38 vend 1 x Enchanted Book  pour 1,500.00β sur survie_new
[14:24:18] [ITEM_SOLD]: maxoy2726 vendu 15 x Iron Ingot à  Zelyan pour 500.00 β le survie_new
[14:28:56] [ITEM_SOLD]: Ender_Shock vendu 1 x Enchanted Book à  PSY_Kill3R pour 6,500.00 β le survie_new
[14:35:21] [ITEM_SOLD]: Lacourgette vendu 1 x Enchanted Book à  PSY_Kill3R pour 4,000.00 β le survie_new
[14:41:25] [ITEM_LISTED]: Blazd vend 64 x Wither Rose  pour 45,000.00β sur survie_new
[14:41:29] [ITEM_LISTED]: Blazd vend 64 x Wither Rose  pour 40,000.00β sur survie_new
[14:42:23] [ITEM_SOLD]: Blazd vendu 64 x Wither Rose à  Christophe_ pour 40,000.00 β le survie_new
[14:42:24] [ITEM_SOLD]: Blazd vendu 64 x Wither Rose à  Christophe_ pour 45,000.00 β le survie_new
[15:10:42] [ITEM_LISTED]: Zelyan vend 64 x Jungle Log  pour 1,000.00β sur survie_new
[15:19:54] [ITEM_SOLD]: Max_Le_Max vendu 1 x §;§:Dolphin Spawner 1x à  Karazhar pour 7,500.00 β le survie_new
[15:20:05] [ITEM_CANCELLED]: Karazhar annule la vente de 1x §;§:Blaze Spawner 1x pour 10,000.00β sur survie_new
[15:21:22] [ITEM_RETURNED]: 1 x §;§:Blaze Spawner 1x  renvoyé à Karazhar le survie_new
[15:21:36] [ITEM_LISTED]: Karazhar vend 1 x §;§:Blaze Spawner 1x  pour 5,000.00β sur survie_new
[15:23:54] [ITEM_LISTED]: Karazhar vend 1 x Dolphin Spawn Egg  pour 3,000.00β sur survie_new
[15:23:59] [ITEM_LISTED]: Karazhar vend 1 x Dolphin Spawn Egg  pour 3,000.00β sur survie_new
[15:24:04] [ITEM_LISTED]: Karazhar vend 1 x Dolphin Spawn Egg  pour 3,000.00β sur survie_new
[15:35:22] [ITEM_LISTED]: Whother42 vend 1 x Enchanted Book  pour 6,500.00β sur survie_new
[16:26:33] [ITEM_LISTED]: Aorixsama vend 16 x Egg  pour 200.00β sur survie_new
[16:26:48] [ITEM_LISTED]: Aorixsama vend 16 x Egg  pour 200.00β sur survie_new
[16:26:51] [ITEM_LISTED]: Aorixsama vend 16 x Egg  pour 200.00β sur survie_new
[16:26:53] [ITEM_LISTED]: Aorixsama vend 16 x Egg  pour 200.00β sur survie_new
[16:26:55] [ITEM_LISTED]: Aorixsama vend 16 x Egg  pour 200.00β sur survie_new
[16:26:58] [ITEM_LISTED]: Aorixsama vend 16 x Egg  pour 200.00β sur survie_new
[16:27:00] [ITEM_LISTED]: Aorixsama vend 16 x Egg  pour 200.00β sur survie_new
[16:27:02] [ITEM_LISTED]: Aorixsama vend 16 x Egg  pour 200.00β sur survie_new
[16:27:04] [ITEM_LISTED]: Aorixsama vend 16 x Egg  pour 200.00β sur survie_new
[16:27:07] [ITEM_LISTED]: Aorixsama vend 16 x Egg  pour 200.00β sur survie_new
[16:27:20] [ITEM_LISTED]: Aorixsama vend 16 x Egg  pour 200.00β sur survie_new
[16:27:23] [ITEM_LISTED]: Aorixsama vend 16 x Egg  pour 200.00β sur survie_new
[16:27:24] [ITEM_LISTED]: Aorixsama vend 16 x Egg  pour 200.00β sur survie_new
[16:27:26] [ITEM_LISTED]: Aorixsama vend 16 x Egg  pour 200.00β sur survie_new
[16:27:29] [ITEM_LISTED]: Aorixsama vend 16 x Egg  pour 200.00β sur survie_new
[16:27:31] [ITEM_LISTED]: Aorixsama vend 16 x Egg  pour 200.00β sur survie_new
[16:27:33] [ITEM_LISTED]: Aorixsama vend 16 x Egg  pour 200.00β sur survie_new
[16:27:35] [ITEM_LISTED]: Aorixsama vend 16 x Egg  pour 200.00β sur survie_new
[16:27:38] [ITEM_LISTED]: Aorixsama vend 16 x Egg  pour 200.00β sur survie_new
[18:09:27] [ITEM_SOLD]: Karazhar vendu 1 x Diamond Sword à  [Smite IV] MrRaimboow pour 250.00 β le survie_new
[18:15:55] [ITEM_SOLD]: maxoy2726 vendu 18 x Terracotta à  _Robinou_ pour 200.00 β le survie_new
[18:23:46] [ITEM_RETURNED]: 1 x Enchanted Book  renvoyé à CouzVeBaton le survie_new
[18:27:47] [ITEM_LISTED]: Kanntin vend 1 x Diamond Pickaxe  [Silk Touch] pour 3,000.00β sur survie_new
[18:28:00] [ITEM_LISTED]: Kanntin vend 1 x Diamond Pickaxe  [Silk Touch] pour 3,000.00β sur survie_new
[18:28:17] [ITEM_LISTED]: Kanntin vend 32 x Bee Nest  pour 10,000.00β sur survie_new
[18:28:41] [ITEM_LISTED]: Kanntin vend 32 x Skeleton Skull  pour 20,000.00β sur survie_new
[18:58:51] [ITEM_LISTED]: Yohan81 vend 64 x Poppy  pour 0.01β sur survie_new
[18:58:53] [ITEM_LISTED]: Yohan81 vend 64 x Poppy  pour 0.01β sur survie_new
[18:58:57] [ITEM_LISTED]: Yohan81 vend 64 x Poppy  pour 0.01β sur survie_new
[18:58:58] [ITEM_LISTED]: Yohan81 vend 64 x Poppy  pour 0.01β sur survie_new
[18:59:04] [ITEM_LISTED]: Yohan81 vend 64 x Poppy  pour 0.01β sur survie_new
[18:59:05] [ITEM_LISTED]: Yohan81 vend 64 x Poppy  pour 0.01β sur survie_new
[18:59:07] [ITEM_LISTED]: Yohan81 vend 64 x Poppy  pour 0.01β sur survie_new
[18:59:08] [ITEM_LISTED]: Yohan81 vend 64 x Poppy  pour 0.01β sur survie_new
[18:59:12] [ITEM_LISTED]: Yohan81 vend 64 x Poppy  pour 0.01β sur survie_new
[18:59:14] [ITEM_LISTED]: Yohan81 vend 64 x Poppy  pour 0.01β sur survie_new
[18:59:15] [ITEM_LISTED]: Yohan81 vend 64 x Poppy  pour 0.01β sur survie_new
[18:59:20] [ITEM_LISTED]: Yohan81 vend 64 x Poppy  pour 0.01β sur survie_new
[18:59:21] [ITEM_LISTED]: Yohan81 vend 64 x Poppy  pour 0.01β sur survie_new
[18:59:22] [ITEM_LISTED]: Yohan81 vend 64 x Poppy  pour 0.01β sur survie_new
[18:59:32] [ITEM_LISTED]: Yohan81 vend 64 x Poppy  pour 0.01β sur survie_new
[18:59:36] [ITEM_LISTED]: Yohan81 vend 64 x Poppy  pour 0.01β sur survie_new
[18:59:39] [ITEM_LISTED]: Yohan81 vend 64 x Poppy  pour 0.01β sur survie_new
[18:59:41] [ITEM_LISTED]: Yohan81 vend 64 x Poppy  pour 0.01β sur survie_new
[18:59:42] [ITEM_LISTED]: Yohan81 vend 64 x Poppy  pour 0.01β sur survie_new
[18:59:46] [ITEM_LISTED]: Yohan81 vend 64 x Poppy  pour 0.01β sur survie_new
[18:59:47] [ITEM_LISTED]: Yohan81 vend 64 x Poppy  pour 0.01β sur survie_new
[18:59:49] [ITEM_LISTED]: Yohan81 vend 64 x Poppy  pour 0.01β sur survie_new
[18:59:51] [ITEM_LISTED]: Yohan81 vend 64 x Poppy  pour 0.01β sur survie_new
[18:59:55] [ITEM_LISTED]: Yohan81 vend 64 x Poppy  pour 0.01β sur survie_new
[18:59:57] [ITEM_LISTED]: Yohan81 vend 64 x Poppy  pour 0.01β sur survie_new
[18:59:58] [ITEM_LISTED]: Yohan81 vend 64 x Poppy  pour 0.01β sur survie_new
[19:00:00] [ITEM_LISTED]: Yohan81 vend 64 x Poppy  pour 0.01β sur survie_new
[19:00:07] [ITEM_LISTED]: Yohan81 vend 64 x Poppy  pour 0.01β sur survie_new
[19:00:30] [ITEM_LISTED]: Yohan81 vend 64 x Poppy  pour 0.01β sur survie_new
[19:00:32] [ITEM_LISTED]: Yohan81 vend 64 x Poppy  pour 0.01β sur survie_new
[19:00:33] [ITEM_LISTED]: Yohan81 vend 64 x Poppy  pour 0.01β sur survie_new
[19:00:35] [ITEM_LISTED]: Yohan81 vend 1 x Epée  [Looting III, Mending, Sharpness V, Sweeping Edge III, Unbreaking III] pour 0.01β sur survie_new
[19:00:41] [ITEM_CANCELLED]: Yohan81 annule la vente de 1x Epée [Looting III, Mending, Sharpness V, Sweeping Edge III, Unbreaking III] pour 0.01β sur survie_new
[19:00:47] [ITEM_RETURNED]: 1 x Epée  [Looting III, Mending, Sharpness V, Sweeping Edge III, Unbreaking III] renvoyé à Yohan81 le survie_new
[19:00:55] [ITEM_LISTED]: Yohan81 vend 64 x Poppy  pour 0.01β sur survie_new
[19:00:59] [ITEM_LISTED]: Yohan81 vend 64 x Poppy  pour 0.01β sur survie_new
[19:01:00] [ITEM_LISTED]: Yohan81 vend 64 x Poppy  pour 0.01β sur survie_new
[19:01:01] [ITEM_LISTED]: Yohan81 vend 64 x Poppy  pour 0.01β sur survie_new
[19:01:03] [ITEM_LISTED]: Yohan81 vend 64 x Poppy  pour 0.01β sur survie_new
[19:01:11] [ITEM_LISTED]: Yohan81 vend 64 x Poppy  pour 0.01β sur survie_new
[19:01:12] [ITEM_LISTED]: Yohan81 vend 64 x Poppy  pour 0.01β sur survie_new
[19:01:14] [ITEM_LISTED]: Yohan81 vend 64 x Poppy  pour 0.01β sur survie_new
[19:01:15] [ITEM_LISTED]: Yohan81 vend 64 x Poppy  pour 0.01β sur survie_new
[19:01:20] [ITEM_LISTED]: Yohan81 vend 64 x Poppy  pour 0.01β sur survie_new
[19:01:22] [ITEM_LISTED]: Yohan81 vend 64 x Poppy  pour 0.01β sur survie_new
[19:01:26] [ITEM_LISTED]: Yohan81 vend 6 x Poppy  pour 0.00β sur survie_new
[19:42:50] [ITEM_SOLD]: Kanntin vendu 1 x Diamond Pickaxe à  [Silk Touch] MrRaimboow pour 2,500.00 β le survie_new
[19:49:12] [ITEM_RETURNED]: 64 x Melon Seeds  renvoyé à Yohan81 le survie_new
[19:49:12] [ITEM_RETURNED]: 64 x Melon Seeds  renvoyé à Yohan81 le survie_new
[19:49:12] [ITEM_RETURNED]: 64 x Melon Seeds  renvoyé à Yohan81 le survie_new
[19:52:15] [ITEM_RETURNED]: 1 x Plastron  [Protection V, Unbreaking V] renvoyé à aidan le survie_new
[19:52:15] [ITEM_RETURNED]: 1 x Casque  [Protection V, Unbreaking V] renvoyé à aidan le survie_new
[19:52:15] [ITEM_RETURNED]: 1 x Casque  [Protection V, Unbreaking V] renvoyé à aidan le survie_new
[19:52:15] [ITEM_RETURNED]: 1 x Jambières  [Protection V, Unbreaking V] renvoyé à aidan le survie_new
[19:52:15] [ITEM_RETURNED]: 1 x Casque  [Protection V, Unbreaking V] renvoyé à aidan le survie_new
[19:52:15] [ITEM_RETURNED]: 1 x Bottes  [Protection V, Unbreaking V] renvoyé à aidan le survie_new
[19:52:15] [ITEM_RETURNED]: 1 x Plastron  [Protection V, Unbreaking V] renvoyé à aidan le survie_new
[19:52:15] [ITEM_RETURNED]: 1 x Jambières  [Protection V, Unbreaking V] renvoyé à aidan le survie_new
[19:52:15] [ITEM_RETURNED]: 1 x Bottes  [Protection V, Unbreaking V] renvoyé à aidan le survie_new
[19:52:15] [ITEM_RETURNED]: 1 x Casque  [Protection V, Unbreaking V] renvoyé à aidan le survie_new
[19:56:25] [ITEM_RETURNED]: 1 x Diamond Pickaxe  [Silk Touch] renvoyé à CouzVeBaton le survie_new
[19:56:44] [ITEM_LISTED]: CouzVeBaton vend 1 x Diamond Pickaxe  [Silk Touch] pour 15,000.00β sur survie_new
[19:56:54] [ITEM_CANCELLED]: CouzVeBaton annule la vente de 1x Diamond Pickaxe [Silk Touch] pour 15,000.00β sur survie_new
[20:57:05] [ITEM_LISTED]: Karazhar vend 1 x Bee Nest  pour 550.00β sur survie_new
[20:57:10] [ITEM_LISTED]: Karazhar vend 1 x Bee Nest  pour 550.00β sur survie_new
[20:57:16] [ITEM_LISTED]: Karazhar vend 1 x Bee Nest  pour 550.00β sur survie_new
[21:16:29] [ITEM_SOLD]: Karazhar vendu 1 x Dolphin Spawn Egg à  atRxsher pour 3,000.00 β le survie_new
[21:37:17] [ITEM_SOLD]: Yohan81 vendu 64 x Poppy à  Efysio pour 0.01 β le survie_new
[21:37:21] [ITEM_SOLD]: Yohan81 vendu 64 x Poppy à  Efysio pour 0.01 β le survie_new
[21:37:22] [ITEM_SOLD]: Yohan81 vendu 64 x Poppy à  Efysio pour 0.01 β le survie_new
[21:37:24] [ITEM_SOLD]: Yohan81 vendu 64 x Poppy à  Efysio pour 0.01 β le survie_new
[21:37:25] [ITEM_SOLD]: Yohan81 vendu 64 x Poppy à  Efysio pour 0.01 β le survie_new
[21:37:26] [ITEM_SOLD]: Yohan81 vendu 64 x Poppy à  Efysio pour 0.01 β le survie_new
[21:37:29] [ITEM_SOLD]: Yohan81 vendu 64 x Poppy à  Efysio pour 0.01 β le survie_new
[21:37:30] [ITEM_SOLD]: Yohan81 vendu 64 x Poppy à  Efysio pour 0.01 β le survie_new
[21:37:32] [ITEM_SOLD]: Yohan81 vendu 64 x Poppy à  Efysio pour 0.01 β le survie_new
[21:37:45] [ITEM_LISTED]: Efysio vend 1 x Diamond Pickaxe  [Silk Touch] pour 3,000.00β sur survie_new
[21:38:17] [ITEM_SOLD]: Aorixsama vendu 64 x Sugar Cane à  Efysio pour 75.00 β le survie_new
[21:38:18] [ITEM_SOLD]: Aorixsama vendu 64 x Sugar Cane à  Efysio pour 75.00 β le survie_new
[21:38:20] [ITEM_SOLD]: Aorixsama vendu 64 x Sugar Cane à  Efysio pour 75.00 β le survie_new
[21:38:21] [ITEM_SOLD]: Aorixsama vendu 64 x Sugar Cane à  Efysio pour 75.00 β le survie_new
[21:38:22] [ITEM_SOLD]: Aorixsama vendu 64 x Sugar Cane à  Efysio pour 75.00 β le survie_new
[21:38:23] [ITEM_SOLD]: Aorixsama vendu 64 x Sugar Cane à  Efysio pour 75.00 β le survie_new
[21:38:25] [ITEM_SOLD]: Aorixsama vendu 64 x Sugar Cane à  Efysio pour 75.00 β le survie_new
[21:38:26] [ITEM_SOLD]: Aorixsama vendu 64 x Sugar Cane à  Efysio pour 75.00 β le survie_new
[21:38:28] [ITEM_SOLD]: Aorixsama vendu 64 x Sugar Cane à  Efysio pour 75.00 β le survie_new
[21:47:23] [ITEM_SOLD]: Yohan81 vendu 64 x Poppy à  Karazhar pour 0.01 β le survie_new
[21:47:27] [ITEM_SOLD]: Yohan81 vendu 64 x Poppy à  Karazhar pour 0.01 β le survie_new
[21:47:28] [ITEM_SOLD]: Yohan81 vendu 64 x Poppy à  Karazhar pour 0.01 β le survie_new
[21:47:29] [ITEM_SOLD]: Yohan81 vendu 64 x Poppy à  Karazhar pour 0.01 β le survie_new
[21:47:30] [ITEM_SOLD]: Yohan81 vendu 64 x Poppy à  Karazhar pour 0.01 β le survie_new
[21:47:31] [ITEM_SOLD]: Yohan81 vendu 64 x Poppy à  Karazhar pour 0.01 β le survie_new
[21:47:32] [ITEM_SOLD]: Yohan81 vendu 64 x Poppy à  Karazhar pour 0.01 β le survie_new
[21:47:33] [ITEM_SOLD]: Yohan81 vendu 64 x Poppy à  Karazhar pour 0.01 β le survie_new
[21:47:35] [ITEM_SOLD]: Yohan81 vendu 64 x Poppy à  Karazhar pour 0.01 β le survie_new
[21:47:36] [ITEM_SOLD]: Yohan81 vendu 64 x Poppy à  Karazhar pour 0.01 β le survie_new
[22:55:25] [ITEM_CANCELLED]: Blazd annule la vente de 64x Wither Rose pour 60,000.00β sur survie_new
[22:55:27] [ITEM_RETURNED]: 64 x Wither Rose  renvoyé à Blazd le survie_new
[22:55:38] [ITEM_LISTED]: Blazd vend 64 x Wither Rose  pour 45,000.00β sur survie_new
[23:11:56] [ITEM_LISTED]: Karazhar vend 1 x §;§:Dolphin Spawner 1x  pour 8,000.00β sur survie_new
[23:12:02] [ITEM_LISTED]: Karazhar vend 1 x §;§:Dolphin Spawner 1x  pour 8,000.00β sur survie_new
