[00:14:42] [ITEM_LISTED]: Max_Le_Max vend 1 x §;§:Spawner Cave spider x1  pour 1,000.00β sur survie_new
[00:14:48] [ITEM_LISTED]: Max_Le_Max vend 1 x §;§:Spawner Spider x1  pour 2,000.00β sur survie_new
[00:18:36] [ITEM_LISTED]: Max_Le_Max vend 1 x 6lCasque  [Protection V, Unbreaking V] pour 350.00β sur survie_new
[00:18:39] [ITEM_LISTED]: Max_Le_Max vend 1 x 6lPlastron  [Protection V, Unbreaking V] pour 350.00β sur survie_new
[00:18:41] [ITEM_LISTED]: Max_Le_Max vend 1 x 6lJambières  [Protection V, Unbreaking V] pour 350.00β sur survie_new
[00:18:45] [ITEM_LISTED]: Max_Le_Max vend 1 x 6lBottes  [Depth Strider III, Protection V, Unbreaking V] pour 350.00β sur survie_new
[00:34:44] [ITEM_SOLD]: Karazhar vendu 10 x Melon à  Ender_Shock pour 1,000.00 β le survie_new
[00:38:20] [ITEM_CANCELLED]: Karazhar annule la vente de 10x Melon pour 1,000.00β sur survie_new
[00:38:21] [ITEM_CANCELLED]: Karazhar annule la vente de 10x Melon pour 1,000.00β sur survie_new
[00:38:23] [ITEM_RETURNED]: 10 x Melon  renvoyé à Karazhar le survie_new
[00:38:23] [ITEM_RETURNED]: 10 x Melon  renvoyé à Karazhar le survie_new
[00:38:29] [ITEM_CANCELLED]: Karazhar annule la vente de 1x Potion pour 750.00β sur survie_new
[00:38:30] [ITEM_CANCELLED]: Karazhar annule la vente de 1x Potion pour 750.00β sur survie_new
[00:38:30] [ITEM_CANCELLED]: Karazhar annule la vente de 1x Potion pour 750.00β sur survie_new
[00:38:31] [ITEM_CANCELLED]: Karazhar annule la vente de 1x Potion pour 750.00β sur survie_new
[00:38:31] [ITEM_CANCELLED]: Karazhar annule la vente de 1x Potion pour 750.00β sur survie_new
[00:38:31] [ITEM_CANCELLED]: Karazhar annule la vente de 1x Potion pour 750.00β sur survie_new
[00:38:37] [ITEM_RETURNED]: 1 x Potion  renvoyé à Karazhar le survie_new
[00:38:37] [ITEM_RETURNED]: 1 x Potion  renvoyé à Karazhar le survie_new
[00:38:37] [ITEM_RETURNED]: 1 x Potion  renvoyé à Karazhar le survie_new
[00:38:37] [ITEM_RETURNED]: 1 x Potion  renvoyé à Karazhar le survie_new
[00:38:38] [ITEM_RETURNED]: 1 x Potion  renvoyé à Karazhar le survie_new
[00:38:38] [ITEM_RETURNED]: 1 x Potion  renvoyé à Karazhar le survie_new
[00:38:38] [ITEM_CANCELLED]: Karazhar annule la vente de 1x Fishing Rod [Lure II] pour 3,000.00β sur survie_new
[00:38:55] [ITEM_LISTED]: Karazhar vend 64 x Melon  pour 1,000.00β sur survie_new
[00:39:03] [ITEM_LISTED]: Karazhar vend 50 x Pumpkin  pour 1,000.00β sur survie_new
[00:39:17] [ITEM_LISTED]: Karazhar vend 1 x Potion  pour 250.00β sur survie_new
[00:39:22] [ITEM_LISTED]: Karazhar vend 1 x Potion  pour 250.00β sur survie_new
[00:40:15] [ITEM_LISTED]: Karazhar vend 5 x Diamond  pour 600.00β sur survie_new
[00:41:04] [ITEM_SOLD]: Max_Le_Max vendu 1 x §;§:Spawner Cave spider x1 à  Karazhar pour 1,000.00 β le survie_new
[00:41:14] [ITEM_LISTED]: Karazhar vend 1 x §;§:Spawner Cave spider x1  pour 3,000.00β sur survie_new
[00:55:07] [ITEM_SOLD]: Karazhar vendu 64 x Sugar Cane à  Ender_Shock pour 500.00 β le survie_new
[00:59:12] [ITEM_SOLD]: Wenos_XIII vendu 64 x Bamboo à  Ender_Shock pour 50.00 β le survie_new
[00:59:25] [ITEM_SOLD]: Karazhar vendu 64 x Sugar Cane à  Ender_Shock pour 600.00 β le survie_new
[01:00:43] [ITEM_LISTED]: Doomsmen vend 1 x Saddle  pour 750.00β sur survie_new
[01:00:47] [ITEM_LISTED]: Doomsmen vend 1 x Saddle  pour 750.00β sur survie_new
[01:00:49] [ITEM_LISTED]: Doomsmen vend 1 x Saddle  pour 750.00β sur survie_new
[01:00:57] [ITEM_LISTED]: Doomsmen vend 1 x Saddle  pour 750.00β sur survie_new
[01:01:16] [ITEM_LISTED]: Doomsmen vend 1 x Saddle  pour 750.00β sur survie_new
[01:01:18] [ITEM_LISTED]: Doomsmen vend 1 x Saddle  pour 750.00β sur survie_new
[01:01:22] [ITEM_LISTED]: Doomsmen vend 1 x Saddle  pour 750.00β sur survie_new
[01:01:24] [ITEM_LISTED]: Doomsmen vend 1 x Saddle  pour 750.00β sur survie_new
[01:52:02] [ITEM_CANCELLED]: GoldenFarmers annule la vente de 6x Emerald pour 3,000.00β sur survie_new
[01:52:03] [ITEM_CANCELLED]: GoldenFarmers annule la vente de 2x Tnt pour 500.00β sur survie_new
[03:06:01] [ITEM_LISTED]: StormOxyde vend 64 x Gunpowder  pour 4,480.00β sur survie_new
[03:06:14] [ITEM_LISTED]: StormOxyde vend 64 x Gunpowder  pour 4,480.00β sur survie_new
[03:06:22] [ITEM_LISTED]: StormOxyde vend 64 x Gunpowder  pour 4,480.00β sur survie_new
[03:06:39] [ITEM_LISTED]: StormOxyde vend 64 x Gunpowder  pour 4,480.00β sur survie_new
[03:06:47] [ITEM_LISTED]: StormOxyde vend 64 x Gunpowder  pour 4,480.00β sur survie_new
[03:06:56] [ITEM_LISTED]: StormOxyde vend 64 x Gunpowder  pour 4,480.00β sur survie_new
[03:07:05] [ITEM_LISTED]: StormOxyde vend 64 x Gunpowder  pour 4,480.00β sur survie_new
[03:07:23] [ITEM_LISTED]: StormOxyde vend 64 x Gunpowder  pour 4,480.00β sur survie_new
[03:07:37] [ITEM_LISTED]: StormOxyde vend 64 x Gunpowder  pour 4,480.00β sur survie_new
[03:07:51] [ITEM_LISTED]: StormOxyde vend 26 x Gunpowder  pour 1,820.00β sur survie_new
[03:08:00] [ITEM_LISTED]: StormOxyde vend 64 x Quartz Block  pour 1,500.00β sur survie_new
[03:08:09] [ITEM_LISTED]: StormOxyde vend 64 x Quartz Block  pour 1,500.00β sur survie_new
[03:08:16] [ITEM_LISTED]: StormOxyde vend 64 x Quartz Block  pour 1,500.00β sur survie_new
[03:08:23] [ITEM_LISTED]: StormOxyde vend 64 x Quartz Block  pour 1,500.00β sur survie_new
[10:14:16] [ITEM_LISTED]: OfCourse vend 64 x Honeycomb  pour 100.00β sur survie_new
[10:16:51] [ITEM_SOLD]: StormOxyde vendu 64 x Gunpowder à  CroixVeBaton pour 4,480.00 β le survie_new
[10:16:53] [ITEM_SOLD]: StormOxyde vendu 64 x Gunpowder à  CroixVeBaton pour 4,480.00 β le survie_new
[10:16:54] [ITEM_SOLD]: StormOxyde vendu 64 x Gunpowder à  CroixVeBaton pour 4,480.00 β le survie_new
[10:16:55] [ITEM_SOLD]: StormOxyde vendu 64 x Gunpowder à  CroixVeBaton pour 4,480.00 β le survie_new
[10:16:58] [ITEM_SOLD]: StormOxyde vendu 64 x Gunpowder à  CroixVeBaton pour 4,480.00 β le survie_new
[10:16:59] [ITEM_SOLD]: StormOxyde vendu 64 x Gunpowder à  CroixVeBaton pour 4,480.00 β le survie_new
[10:17:01] [ITEM_SOLD]: StormOxyde vendu 64 x Gunpowder à  CroixVeBaton pour 4,480.00 β le survie_new
[10:17:03] [ITEM_SOLD]: StormOxyde vendu 64 x Gunpowder à  CroixVeBaton pour 4,480.00 β le survie_new
[10:17:05] [ITEM_SOLD]: StormOxyde vendu 64 x Gunpowder à  CroixVeBaton pour 4,480.00 β le survie_new
[10:17:18] [ITEM_SOLD]: StormOxyde vendu 26 x Gunpowder à  CroixVeBaton pour 1,820.00 β le survie_new
[10:20:14] [ITEM_LISTED]: MrBuillder vend 64 x Sugar Cane  pour 50.00β sur survie_new
[10:37:06] [ITEM_LISTED]: Yohan81 vend 1 x Tête d'Amaxet  pour 50,000.00β sur survie_new
[11:09:39] [ITEM_LISTED]: CroixVeBaton vend 1 x Bow  [Flame, Infinity] pour 2,000.00β sur survie_new
[11:09:42] [ITEM_LISTED]: CroixVeBaton vend 1 x Bow  [Flame, Infinity] pour 2,000.00β sur survie_new
[11:18:46] [ITEM_LISTED]: _Robinou_ vend 64 x Bamboo  pour 400.00β sur survie_new
[11:19:04] [ITEM_LISTED]: _Robinou_ vend 64 x Bamboo  pour 400.00β sur survie_new
[11:19:21] [ITEM_LISTED]: _Robinou_ vend 64 x Bamboo  pour 400.00β sur survie_new
[11:19:24] [ITEM_LISTED]: _Robinou_ vend 64 x Bamboo  pour 400.00β sur survie_new
[11:29:09] [ITEM_SOLD]: Doomsmen vendu 1 x Saddle à  _Robinou_ pour 750.00 β le survie_new
[11:30:14] [ITEM_LISTED]: _Robinou_ vend 1 x Buried Treasure Map  pour 1,000.00β sur survie_new
[11:45:28] [ITEM_LISTED]: Yohan81 vend 1 x Bow  [Flame, Infinity] pour 10,000.00β sur survie_new
[11:45:48] [ITEM_LISTED]: Yohan81 vend 1 x Bow  [Flame, Infinity] pour 10,000.00β sur survie_new
[11:46:47] [ITEM_LISTED]: Yohan81 vend 1 x Diamond Helmet  [Aqua Affinity] pour 1,000.00β sur survie_new
[11:46:49] [ITEM_LISTED]: Yohan81 vend 1 x Diamond Helmet  [Aqua Affinity] pour 1,000.00β sur survie_new
[11:46:56] [ITEM_LISTED]: Yohan81 vend 1 x Diamond Sword  [Knockback I, Looting II] pour 2,500.00β sur survie_new
[12:09:26] [ITEM_SOLD]: OfCourse vendu 64 x Honeycomb à  Christophe_ pour 100.00 β le survie_new
[12:17:26] [ITEM_SOLD]: Sachax35 vendu 2 x §;§:Spawner Cave spider x1 à  Natvolh24 pour 10,000.00 β le survie_new
[12:17:30] [ITEM_SOLD]: GoldenFarmers vendu 1 x Shulker Box à  Natvolh24 pour 2,500.00 β le survie_new
[12:32:48] [ITEM_LISTED]: _Robinou_ vend 64 x Melon Slice  pour 200.00β sur survie_new
[13:01:28] [ITEM_SOLD]: Karazhar vendu 5 x Diamond à  La_Big_Fatima pour 600.00 β le survie_new
[13:27:49] [ITEM_SOLD]: Max_Le_Max vendu 4 x Livre à  Loan02 pour 2,250.00 β le survie_new
[13:51:20] [ITEM_SOLD]: Max_Le_Max vendu 1 x 6lCasque à  [Protection V, Unbreaking V] estedu59 pour 350.00 β le survie_new
[13:51:25] [ITEM_SOLD]: Max_Le_Max vendu 1 x 6lPlastron à  [Protection V, Unbreaking V] estedu59 pour 350.00 β le survie_new
[13:51:27] [ITEM_SOLD]: Max_Le_Max vendu 1 x 6lJambières à  [Protection V, Unbreaking V] estedu59 pour 350.00 β le survie_new
[13:51:29] [ITEM_SOLD]: Max_Le_Max vendu 1 x 6lBottes à  [Depth Strider III, Protection V, Unbreaking V] estedu59 pour 350.00 β le survie_new
[13:55:18] [ITEM_SOLD]: LLIcocoman_Hrz vendu 1 x Chicken Spawn Egg à  MaynKraftePleyur pour 5,000.00 β le survie_new
[13:55:49] [ITEM_SOLD]: Yohan81 vendu 1 x Diamond Sword à  [Knockback I, Looting II] MrBuillder pour 1,000.00 β le survie_new
[13:57:43] [ITEM_LISTED]: Alexia67710 vend 6 x Name Tag  pour 1,200.00β sur survie_new
[14:01:56] [ITEM_SOLD]: Alexia67710 vendu 6 x Name Tag à  estedu59 pour 1,200.00 β le survie_new
[14:11:12] [ITEM_LISTED]: OfCourse vend 64 x Jungle Log  pour 200.00β sur survie_new
[14:11:16] [ITEM_LISTED]: OfCourse vend 64 x Jungle Log  pour 200.00β sur survie_new
[14:11:20] [ITEM_LISTED]: OfCourse vend 64 x Jungle Log  pour 200.00β sur survie_new
[14:11:23] [ITEM_LISTED]: OfCourse vend 64 x Jungle Log  pour 200.00β sur survie_new
[14:11:29] [ITEM_LISTED]: OfCourse vend 64 x Jungle Log  pour 200.00β sur survie_new
[14:11:35] [ITEM_LISTED]: OfCourse vend 64 x Jungle Log  pour 200.00β sur survie_new
[14:23:01] [ITEM_SOLD]: Alexia67710 vendu 6 x Sponge à  Natvolh24 pour 600.00 β le survie_new
[14:24:46] [ITEM_LISTED]: CroixVeBaton vend 1 x Fishing Rod  [Mending] pour 3,000.00β sur survie_new
[14:33:48] [ITEM_SOLD]: OfCourse vendu 64 x Jungle Log à  StormOxyde pour 200.00 β le survie_new
[14:33:50] [ITEM_SOLD]: OfCourse vendu 64 x Jungle Log à  StormOxyde pour 200.00 β le survie_new
[14:33:51] [ITEM_SOLD]: OfCourse vendu 64 x Jungle Log à  StormOxyde pour 200.00 β le survie_new
[14:33:53] [ITEM_SOLD]: OfCourse vendu 64 x Jungle Log à  StormOxyde pour 200.00 β le survie_new
[14:33:56] [ITEM_SOLD]: OfCourse vendu 64 x Jungle Log à  StormOxyde pour 200.00 β le survie_new
[14:33:57] [ITEM_SOLD]: OfCourse vendu 64 x Jungle Log à  StormOxyde pour 200.00 β le survie_new
[14:34:39] [ITEM_RETURNED]: 1 x Coffre du 24 Décembre  renvoyé à CroixVeBaton le survie_new
[14:34:40] [ITEM_RETURNED]: 1 x Poupée Russe  renvoyé à CroixVeBaton le survie_new
[14:34:43] [ITEM_RETURNED]: 1 x Diamond Shovel  [Efficiency III, Silk Touch, Unbreaking III] renvoyé à CroixVeBaton le survie_new
[14:34:44] [ITEM_RETURNED]: 1 x Diamond Helmet  [Respiration II, Unbreaking III] renvoyé à CroixVeBaton le survie_new
[14:34:44] [ITEM_RETURNED]: 1 x Diamond Leggings  [Blast Protection IV, Unbreaking III] renvoyé à CroixVeBaton le survie_new
[14:34:45] [ITEM_RETURNED]: 1 x Diamond Shovel  [Silk Touch] renvoyé à CroixVeBaton le survie_new
[14:34:47] [ITEM_RETURNED]: 1 x Diamond Helmet  renvoyé à CroixVeBaton le survie_new
[14:34:48] [ITEM_RETURNED]: 1 x Bow  [Power IV, Punch II] renvoyé à CroixVeBaton le survie_new
[14:34:50] [ITEM_RETURNED]: 1 x Diamond Sword  [Knockback I, Looting II] renvoyé à CroixVeBaton le survie_new
[14:34:50] [ITEM_RETURNED]: 1 x Diamond Pickaxe  [Silk Touch] renvoyé à CroixVeBaton le survie_new
[14:34:51] [ITEM_RETURNED]: 1 x Diamond Helmet  [Aqua Affinity] renvoyé à CroixVeBaton le survie_new
[14:34:51] [ITEM_RETURNED]: 1 x Diamond Pickaxe  [Silk Touch] renvoyé à CroixVeBaton le survie_new
[14:34:51] [ITEM_RETURNED]: 1 x Diamond Pickaxe  [Silk Touch] renvoyé à CroixVeBaton le survie_new
[14:34:51] [ITEM_RETURNED]: 1 x Bow  [Flame, Infinity] renvoyé à CroixVeBaton le survie_new
[14:34:51] [ITEM_RETURNED]: 1 x Diamond Pickaxe  [Silk Touch] renvoyé à CroixVeBaton le survie_new
[14:34:52] [ITEM_RETURNED]: 1 x Bow  [Flame, Infinity] renvoyé à CroixVeBaton le survie_new
[14:34:52] [ITEM_RETURNED]: 1 x Diamond Helmet  [Aqua Affinity] renvoyé à CroixVeBaton le survie_new
[14:34:53] [ITEM_RETURNED]: 1 x Bow  [Flame, Infinity] renvoyé à CroixVeBaton le survie_new
[14:34:53] [ITEM_RETURNED]: 1 x Bow  [Flame, Infinity] renvoyé à CroixVeBaton le survie_new
[14:34:54] [ITEM_RETURNED]: 1 x Bow  [Flame, Infinity] renvoyé à CroixVeBaton le survie_new
[14:34:54] [ITEM_RETURNED]: 1 x Diamond Helmet  [Aqua Affinity] renvoyé à CroixVeBaton le survie_new
[14:35:02] [ITEM_LISTED]: CroixVeBaton vend 1 x Diamond Shovel  [Efficiency III, Silk Touch, Unbreaking III] pour 2,000.00β sur survie_new
[14:35:04] [ITEM_LISTED]: CroixVeBaton vend 1 x Diamond Helmet  [Aqua Affinity] pour 2,000.00β sur survie_new
[14:35:07] [ITEM_LISTED]: CroixVeBaton vend 1 x Bow  [Flame, Infinity] pour 2,000.00β sur survie_new
[14:35:09] [ITEM_LISTED]: CroixVeBaton vend 1 x Diamond Sword  [Knockback I, Looting II] pour 2,000.00β sur survie_new
[14:35:15] [ITEM_LISTED]: CroixVeBaton vend 1 x Bow  [Power IV, Punch II] pour 2,000.00β sur survie_new
[14:35:18] [ITEM_LISTED]: CroixVeBaton vend 1 x Diamond Helmet  pour 2,000.00β sur survie_new
[14:35:22] [ITEM_LISTED]: CroixVeBaton vend 1 x Diamond Shovel  [Silk Touch] pour 2,000.00β sur survie_new
[14:35:26] [ITEM_LISTED]: CroixVeBaton vend 1 x Diamond Leggings  [Blast Protection IV, Unbreaking III] pour 2,000.00β sur survie_new
[14:35:29] [ITEM_LISTED]: CroixVeBaton vend 1 x Diamond Helmet  [Respiration II, Unbreaking III] pour 2,000.00β sur survie_new
[14:35:31] [ITEM_LISTED]: CroixVeBaton vend 1 x Diamond Helmet  [Aqua Affinity] pour 2,000.00β sur survie_new
[14:35:34] [ITEM_LISTED]: CroixVeBaton vend 1 x Diamond Pickaxe  [Silk Touch] pour 2,000.00β sur survie_new
[14:35:37] [ITEM_LISTED]: CroixVeBaton vend 1 x Diamond Pickaxe  [Silk Touch] pour 2,000.00β sur survie_new
[14:35:41] [ITEM_LISTED]: CroixVeBaton vend 1 x Bow  [Flame, Infinity] pour 2,000.00β sur survie_new
[14:35:44] [ITEM_LISTED]: CroixVeBaton vend 1 x Diamond Pickaxe  [Silk Touch] pour 2,000.00β sur survie_new
[14:35:46] [ITEM_LISTED]: CroixVeBaton vend 1 x Diamond Pickaxe  [Silk Touch] pour 2,000.00β sur survie_new
[14:35:49] [ITEM_LISTED]: CroixVeBaton vend 1 x Diamond Helmet  [Aqua Affinity] pour 2,000.00β sur survie_new
[14:35:51] [ITEM_LISTED]: CroixVeBaton vend 1 x Bow  [Flame, Infinity] pour 2,000.00β sur survie_new
[14:35:53] [ITEM_LISTED]: CroixVeBaton vend 1 x Bow  [Flame, Infinity] pour 2,000.00β sur survie_new
[14:36:01] [ITEM_LISTED]: CroixVeBaton vend 1 x Bow  [Flame, Infinity] pour 2,000.00β sur survie_new
[14:36:23] [ITEM_CANCELLED]: CroixVeBaton annule la vente de 1x Bow [Flame, Infinity] pour 2,000.00β sur survie_new
[14:36:24] [ITEM_CANCELLED]: CroixVeBaton annule la vente de 1x Bow [Flame, Infinity] pour 2,000.00β sur survie_new
[14:36:24] [ITEM_CANCELLED]: CroixVeBaton annule la vente de 1x Fishing Rod [Mending] pour 3,000.00β sur survie_new
[14:36:24] [ITEM_CANCELLED]: CroixVeBaton annule la vente de 1x Diamond Shovel [Efficiency III, Silk Touch, Unbreaking III] pour 2,000.00β sur survie_new
[14:36:24] [ITEM_CANCELLED]: CroixVeBaton annule la vente de 1x Diamond Helmet [Aqua Affinity] pour 2,000.00β sur survie_new
[14:36:25] [ITEM_CANCELLED]: CroixVeBaton annule la vente de 1x Bow [Power IV, Punch II] pour 2,000.00β sur survie_new
[14:36:25] [ITEM_CANCELLED]: CroixVeBaton annule la vente de 1x Diamond Helmet [Aqua Affinity] pour 2,000.00β sur survie_new
[14:36:26] [ITEM_CANCELLED]: CroixVeBaton annule la vente de 1x Bow [Flame, Infinity] pour 2,000.00β sur survie_new
[14:36:26] [ITEM_CANCELLED]: CroixVeBaton annule la vente de 1x Diamond Leggings [Blast Protection IV, Unbreaking III] pour 2,000.00β sur survie_new
[14:36:38] [ITEM_RETURNED]: 1 x Diamond Hoe  [Unbreaking II] renvoyé à CroixVeBaton le survie_new
[14:36:38] [ITEM_RETURNED]: 1 x Dragon Head  renvoyé à CroixVeBaton le survie_new
[14:36:39] [ITEM_RETURNED]: 1 x Dragon Head  renvoyé à CroixVeBaton le survie_new
[14:36:40] [ITEM_RETURNED]: 1 x Diamond Sword  [Knockback I, Looting II] renvoyé à CroixVeBaton le survie_new
[14:36:40] [ITEM_RETURNED]: 1 x Bow  [Flame, Infinity] renvoyé à CroixVeBaton le survie_new
[14:36:40] [ITEM_RETURNED]: 1 x Diamond Helmet  [Aqua Affinity] renvoyé à CroixVeBaton le survie_new
[14:36:40] [ITEM_RETURNED]: 1 x Bow  [Flame, Infinity] renvoyé à CroixVeBaton le survie_new
[14:36:41] [ITEM_RETURNED]: 1 x Diamond Helmet  [Aqua Affinity] renvoyé à CroixVeBaton le survie_new
[14:36:41] [ITEM_RETURNED]: 1 x Bow  [Flame, Infinity] renvoyé à CroixVeBaton le survie_new
[14:36:42] [ITEM_RETURNED]: 1 x Diamond Helmet  [Aqua Affinity] renvoyé à CroixVeBaton le survie_new
[14:36:42] [ITEM_RETURNED]: 1 x Bow  [Flame, Infinity] renvoyé à CroixVeBaton le survie_new
[14:36:43] [ITEM_RETURNED]: 1 x Dragon Head  renvoyé à CroixVeBaton le survie_new
[14:36:43] [ITEM_RETURNED]: 1 x Bow  [Flame, Infinity] renvoyé à CroixVeBaton le survie_new
[14:36:44] [ITEM_RETURNED]: 1 x Diamond Pickaxe  [Silk Touch] renvoyé à CroixVeBaton le survie_new
[14:36:44] [ITEM_RETURNED]: 1 x Diamond Sword  [Knockback I, Looting II] renvoyé à CroixVeBaton le survie_new
[14:36:45] [ITEM_RETURNED]: 1 x Fishing Rod  [Mending] renvoyé à CroixVeBaton le survie_new
[14:36:45] [ITEM_RETURNED]: 1 x Diamond Helmet  [Aqua Affinity] renvoyé à CroixVeBaton le survie_new
[14:36:46] [ITEM_RETURNED]: 1 x Diamond Helmet  [Aqua Affinity] renvoyé à CroixVeBaton le survie_new
[14:36:47] [ITEM_RETURNED]: 1 x Diamond Sword  [Knockback I, Looting II] renvoyé à CroixVeBaton le survie_new
[14:36:47] [ITEM_RETURNED]: 1 x Diamond Sword  [Knockback I, Looting II] renvoyé à CroixVeBaton le survie_new
[14:36:47] [ITEM_RETURNED]: 1 x Diamond Sword  [Knockback I, Looting II] renvoyé à CroixVeBaton le survie_new
[14:36:50] [ITEM_RETURNED]: 1 x Fishing Rod  [Lure I] renvoyé à CroixVeBaton le survie_new
[14:36:50] [ITEM_RETURNED]: 1 x Diamond Helmet  [Aqua Affinity] renvoyé à CroixVeBaton le survie_new
[14:36:57] [ITEM_LISTED]: CroixVeBaton vend 1 x Diamond Hoe  [Unbreaking II] pour 2,000.00β sur survie_new
[14:37:00] [ITEM_LISTED]: CroixVeBaton vend 1 x Diamond Helmet  [Aqua Affinity] pour 2,000.00β sur survie_new
[14:37:03] [ITEM_LISTED]: CroixVeBaton vend 1 x Diamond Helmet  [Aqua Affinity] pour 2,000.00β sur survie_new
[14:37:05] [ITEM_LISTED]: CroixVeBaton vend 1 x Diamond Helmet  [Aqua Affinity] pour 2,000.00β sur survie_new
[14:37:08] [ITEM_LISTED]: CroixVeBaton vend 1 x Fishing Rod  [Mending] pour 2,000.00β sur survie_new
[14:37:10] [ITEM_LISTED]: CroixVeBaton vend 1 x Fishing Rod  [Lure I] pour 2,000.00β sur survie_new
[14:37:13] [ITEM_LISTED]: CroixVeBaton vend 1 x Diamond Sword  [Knockback I, Looting II] pour 2,000.00β sur survie_new
[14:37:16] [ITEM_LISTED]: CroixVeBaton vend 1 x Diamond Sword  [Knockback I, Looting II] pour 2,000.00β sur survie_new
[14:37:18] [ITEM_LISTED]: CroixVeBaton vend 1 x Diamond Sword  [Knockback I, Looting II] pour 2,000.00β sur survie_new
[14:38:40] [ITEM_LISTED]: CroixVeBaton vend 1 x Diamond Helmet  [Aqua Affinity] pour 2,000.00β sur survie_new
[14:38:43] [ITEM_LISTED]: CroixVeBaton vend 1 x Bow  [Flame, Infinity] pour 2,000.00β sur survie_new
[14:38:45] [ITEM_LISTED]: CroixVeBaton vend 1 x Diamond Helmet  [Aqua Affinity] pour 2,000.00β sur survie_new
[14:38:47] [ITEM_LISTED]: CroixVeBaton vend 1 x Bow  [Flame, Infinity] pour 2,000.00β sur survie_new
[14:38:49] [ITEM_LISTED]: CroixVeBaton vend 1 x Diamond Helmet  [Aqua Affinity] pour 2,000.00β sur survie_new
[14:38:51] [ITEM_LISTED]: CroixVeBaton vend 1 x Bow  [Flame, Infinity] pour 2,000.00β sur survie_new
[14:38:53] [ITEM_LISTED]: CroixVeBaton vend 1 x Diamond Sword  [Knockback I, Looting II] pour 2,000.00β sur survie_new
[14:38:56] [ITEM_LISTED]: CroixVeBaton vend 1 x Diamond Pickaxe  [Silk Touch] pour 2,000.00β sur survie_new
[14:38:58] [ITEM_LISTED]: CroixVeBaton vend 1 x Bow  [Flame, Infinity] pour 2,000.00β sur survie_new
[14:39:00] [ITEM_LISTED]: CroixVeBaton vend 1 x Bow  [Flame, Infinity] pour 2,000.00β sur survie_new
[14:39:03] [ITEM_LISTED]: CroixVeBaton vend 1 x Diamond Sword  [Knockback I, Looting II] pour 2,000.00β sur survie_new
[14:39:07] [ITEM_LISTED]: CroixVeBaton vend 1 x Dragon Head  pour 2,000.00β sur survie_new
[14:39:09] [ITEM_LISTED]: CroixVeBaton vend 1 x Dragon Head  pour 2,000.00β sur survie_new
[14:39:12] [ITEM_LISTED]: CroixVeBaton vend 1 x Dragon Head  pour 2,000.00β sur survie_new
[14:39:23] [ITEM_RETURNED]: 1 x Diamond Leggings  [Blast Protection IV, Unbreaking III] renvoyé à CroixVeBaton le survie_new
[14:39:23] [ITEM_RETURNED]: 1 x Bow  [Flame, Infinity] renvoyé à CroixVeBaton le survie_new
[14:39:23] [ITEM_RETURNED]: 1 x Diamond Helmet  [Aqua Affinity] renvoyé à CroixVeBaton le survie_new
[14:39:23] [ITEM_RETURNED]: 1 x Bow  [Power IV, Punch II] renvoyé à CroixVeBaton le survie_new
[14:39:24] [ITEM_RETURNED]: 1 x Diamond Helmet  [Aqua Affinity] renvoyé à CroixVeBaton le survie_new
[14:39:25] [ITEM_RETURNED]: 1 x Diamond Shovel  [Efficiency III, Silk Touch, Unbreaking III] renvoyé à CroixVeBaton le survie_new
[14:39:25] [ITEM_RETURNED]: 1 x Fishing Rod  [Mending] renvoyé à CroixVeBaton le survie_new
[14:39:25] [ITEM_RETURNED]: 1 x Bow  [Flame, Infinity] renvoyé à CroixVeBaton le survie_new
[14:39:26] [ITEM_RETURNED]: 1 x Bow  [Flame, Infinity] renvoyé à CroixVeBaton le survie_new
[14:39:26] [ITEM_RETURNED]: 1 x Diamond Pickaxe  [Silk Touch] renvoyé à CroixVeBaton le survie_new
[14:39:27] [ITEM_RETURNED]: 1 x Bow  [Flame, Infinity] renvoyé à CroixVeBaton le survie_new
[14:39:27] [ITEM_RETURNED]: 1 x Bow  [Flame, Infinity] renvoyé à CroixVeBaton le survie_new
[14:39:27] [ITEM_RETURNED]: 1 x Bow  [Flame, Infinity] renvoyé à CroixVeBaton le survie_new
[14:39:28] [ITEM_RETURNED]: 1 x Diamond Pickaxe  [Silk Touch] renvoyé à CroixVeBaton le survie_new
[14:39:28] [ITEM_RETURNED]: 1 x Diamond Helmet  [Aqua Affinity] renvoyé à CroixVeBaton le survie_new
[14:39:28] [ITEM_RETURNED]: 1 x Diamond Helmet  [Aqua Affinity] renvoyé à CroixVeBaton le survie_new
[14:39:36] [ITEM_LISTED]: CroixVeBaton vend 1 x Diamond Leggings  [Blast Protection IV, Unbreaking III] pour 2,000.00β sur survie_new
[14:39:38] [ITEM_LISTED]: CroixVeBaton vend 1 x Bow  [Flame, Infinity] pour 2,000.00β sur survie_new
[14:39:40] [ITEM_LISTED]: CroixVeBaton vend 1 x Diamond Helmet  [Aqua Affinity] pour 2,000.00β sur survie_new
[14:39:43] [ITEM_LISTED]: CroixVeBaton vend 1 x Bow  [Power IV, Punch II] pour 2,000.00β sur survie_new
[14:39:45] [ITEM_LISTED]: CroixVeBaton vend 1 x Diamond Helmet  [Aqua Affinity] pour 2,000.00β sur survie_new
[14:39:54] [ITEM_LISTED]: CroixVeBaton vend 1 x Diamond Shovel  [Efficiency III, Silk Touch, Unbreaking III] pour 2,500.00β sur survie_new
[14:39:58] [ITEM_LISTED]: CroixVeBaton vend 1 x Fishing Rod  [Mending] pour 2,000.00β sur survie_new
[14:40:00] [ITEM_LISTED]: CroixVeBaton vend 1 x Bow  [Flame, Infinity] pour 2,000.00β sur survie_new
[14:40:03] [ITEM_LISTED]: CroixVeBaton vend 1 x Bow  [Flame, Infinity] pour 2,000.00β sur survie_new
[14:40:05] [ITEM_LISTED]: CroixVeBaton vend 1 x Diamond Helmet  [Aqua Affinity] pour 2,000.00β sur survie_new
[14:40:08] [ITEM_LISTED]: CroixVeBaton vend 1 x Diamond Helmet  [Aqua Affinity] pour 2,000.00β sur survie_new
[14:40:10] [ITEM_LISTED]: CroixVeBaton vend 1 x Diamond Pickaxe  [Silk Touch] pour 2,000.00β sur survie_new
[14:40:12] [ITEM_LISTED]: CroixVeBaton vend 1 x Bow  [Flame, Infinity] pour 2,000.00β sur survie_new
[14:40:14] [ITEM_LISTED]: CroixVeBaton vend 1 x Bow  [Flame, Infinity] pour 2,000.00β sur survie_new
[14:40:16] [ITEM_LISTED]: CroixVeBaton vend 1 x Bow  [Flame, Infinity] pour 2,000.00β sur survie_new
[14:40:19] [ITEM_LISTED]: CroixVeBaton vend 1 x Diamond Pickaxe  [Silk Touch] pour 2,000.00β sur survie_new
[14:40:41] [ITEM_CANCELLED]: Yohan81 annule la vente de 1x Tête d'Amaxet pour 50,000.00β sur survie_new
[14:40:43] [ITEM_RETURNED]: 1 x Tête d'Amaxet  renvoyé à Yohan81 le survie_new
[14:41:08] [ITEM_LISTED]: Yohan81 vend 1 x Tête d'Amaxet  pour 20,000.00β sur survie_new
[14:44:13] [ITEM_LISTED]: CroixVeBaton vend 1 x Bow  [Flame, Infinity] pour 2,000.00β sur survie_new
[14:59:58] [ITEM_LISTED]: CroixVeBaton vend 64 x Spruce Log  pour 190.00β sur survie_new
[15:00:00] [ITEM_LISTED]: CroixVeBaton vend 64 x Spruce Log  pour 190.00β sur survie_new
[15:04:59] [ITEM_SOLD]: CroixVeBaton vendu 1 x Dragon Head à  Loan02 pour 2,000.00 β le survie_new
[15:05:01] [ITEM_SOLD]: CroixVeBaton vendu 1 x Dragon Head à  Loan02 pour 2,000.00 β le survie_new
[15:05:08] [ITEM_SOLD]: CroixVeBaton vendu 1 x Dragon Head à  Loan02 pour 2,000.00 β le survie_new
[15:09:49] [ITEM_SOLD]: CroixVeBaton vendu 64 x Spruce Log à  Loan02 pour 190.00 β le survie_new
[15:10:56] [ITEM_LISTED]: Alexia67710 vend 1 x Wither Skeleton Skull  pour 7,500.00β sur survie_new
[15:16:32] [ITEM_LISTED]: CroixVeBaton vend 1 x Bow  [Flame, Infinity] pour 2,000.00β sur survie_new
[15:16:35] [ITEM_LISTED]: CroixVeBaton vend 1 x Diamond Sword  [Knockback I, Looting II] pour 2,000.00β sur survie_new
[15:16:38] [ITEM_LISTED]: CroixVeBaton vend 1 x Bow  [Flame, Infinity] pour 2,000.00β sur survie_new
[15:16:44] [ITEM_LISTED]: CroixVeBaton vend 1 x Diamond Sword  [Knockback I, Looting II] pour 2,000.00β sur survie_new
[15:16:55] [ITEM_SOLD]: CroixVeBaton vendu 64 x Spruce Log à  Loan02 pour 190.00 β le survie_new
[15:17:49] [ITEM_LISTED]: CroixVeBaton vend 1 x Diamond Pickaxe  [Silk Touch] pour 2,000.00β sur survie_new
[15:24:08] [ITEM_LISTED]: CroixVeBaton vend 1 x Diamond Pickaxe  [Silk Touch] pour 2,000.00β sur survie_new
[15:30:48] [ITEM_CANCELLED]: realvirtuose annule la vente de 1x §;§:Spawner Cave spider x1 pour 7,000.00β sur survie_new
[15:30:49] [ITEM_CANCELLED]: realvirtuose annule la vente de 1x §;§:Spawner Cave spider x1 pour 7,000.00β sur survie_new
[15:30:50] [ITEM_CANCELLED]: realvirtuose annule la vente de 1x §;§:Spawner Cave spider x1 pour 7,000.00β sur survie_new
[15:30:50] [ITEM_CANCELLED]: realvirtuose annule la vente de 64x Quartz Block pour 3,000.00β sur survie_new
[15:30:51] [ITEM_CANCELLED]: realvirtuose annule la vente de 12x Sponge pour 1,200.00β sur survie_new
[15:30:51] [ITEM_CANCELLED]: realvirtuose annule la vente de 1x §;§:Spawner Spider x1 pour 7,000.00β sur survie_new
[15:30:51] [ITEM_CANCELLED]: realvirtuose annule la vente de 1x §;§:Spawner Cave spider x1 pour 7,000.00β sur survie_new
[15:30:51] [ITEM_CANCELLED]: realvirtuose annule la vente de 1x §;§:Spawner Cave spider x1 pour 7,000.00β sur survie_new
[15:30:51] [ITEM_CANCELLED]: realvirtuose annule la vente de 1x §;§:Spawner Cave spider x1 pour 7,000.00β sur survie_new
[15:30:52] [ITEM_CANCELLED]: realvirtuose annule la vente de 1x §;§:Spawner Cave spider x1 pour 7,000.00β sur survie_new
[15:30:52] [ITEM_CANCELLED]: realvirtuose annule la vente de 1x §;§:Spawner Cave spider x1 pour 7,000.00β sur survie_new
[15:30:52] [ITEM_CANCELLED]: realvirtuose annule la vente de 1x §;§:Spawner Cave spider x1 pour 7,000.00β sur survie_new
[15:30:52] [ITEM_CANCELLED]: realvirtuose annule la vente de 1x §;§:Spawner Cave spider x1 pour 7,000.00β sur survie_new
[15:30:52] [ITEM_CANCELLED]: realvirtuose annule la vente de 1x §;§:Spawner Cave spider x1 pour 7,000.00β sur survie_new
[15:30:52] [ITEM_CANCELLED]: realvirtuose annule la vente de 1x §;§:Spawner Cave spider x1 pour 7,000.00β sur survie_new
[15:30:53] [ITEM_CANCELLED]: realvirtuose annule la vente de 1x §;§:Spawner Cave spider x1 pour 7,000.00β sur survie_new
[15:30:56] [ITEM_RETURNED]: 1 x §;§:Spawner Cave spider x1  renvoyé à realvirtuose le survie_new
[15:30:57] [ITEM_RETURNED]: 1 x §;§:Spawner Cave spider x1  renvoyé à realvirtuose le survie_new
[15:30:57] [ITEM_RETURNED]: 1 x §;§:Spawner Cave spider x1  renvoyé à realvirtuose le survie_new
[15:30:57] [ITEM_RETURNED]: 1 x §;§:Spawner Cave spider x1  renvoyé à realvirtuose le survie_new
[15:30:57] [ITEM_RETURNED]: 1 x §;§:Spawner Cave spider x1  renvoyé à realvirtuose le survie_new
[15:30:57] [ITEM_RETURNED]: 1 x §;§:Spawner Cave spider x1  renvoyé à realvirtuose le survie_new
[15:30:57] [ITEM_RETURNED]: 1 x §;§:Spawner Cave spider x1  renvoyé à realvirtuose le survie_new
[15:30:58] [ITEM_RETURNED]: 1 x §;§:Spawner Cave spider x1  renvoyé à realvirtuose le survie_new
[15:30:58] [ITEM_RETURNED]: 1 x §;§:Spawner Cave spider x1  renvoyé à realvirtuose le survie_new
[15:30:58] [ITEM_RETURNED]: 1 x §;§:Spawner Cave spider x1  renvoyé à realvirtuose le survie_new
[15:30:58] [ITEM_RETURNED]: 1 x §;§:Spawner Spider x1  renvoyé à realvirtuose le survie_new
[15:30:58] [ITEM_RETURNED]: 12 x Sponge  renvoyé à realvirtuose le survie_new
[15:30:59] [ITEM_RETURNED]: 64 x Quartz Block  renvoyé à realvirtuose le survie_new
[15:30:59] [ITEM_RETURNED]: 1 x §;§:Spawner Cave spider x1  renvoyé à realvirtuose le survie_new
[15:30:59] [ITEM_RETURNED]: 1 x §;§:Spawner Cave spider x1  renvoyé à realvirtuose le survie_new
[15:31:00] [ITEM_RETURNED]: 1 x §;§:Spawner Cave spider x1  renvoyé à realvirtuose le survie_new
[15:39:31] [ITEM_SOLD]: Doomsmen vendu 1 x §;§:Spawner Blaze x1 à  La_Big_Fatima pour 8,000.00 β le survie_new
[15:46:50] [ITEM_SOLD]: CroixVeBaton vendu 1 x Diamond Pickaxe à  [Silk Touch] Ender_Shock pour 2,000.00 β le survie_new
[15:54:38] [ITEM_LISTED]: Max_Le_Max vend 7 x Bee Nest  pour 750.00β sur survie_new
[16:14:43] [ITEM_CANCELLED]: Sachax35 annule la vente de 1x §;§:Spawner Cave spider x1 pour 5,000.00β sur survie_new
[16:14:46] [ITEM_RETURNED]: 1 x §;§:Spawner Cave spider x1  renvoyé à Sachax35 le survie_new
[16:15:28] [ITEM_LISTED]: Sachax35 vend 2 x §;§:Spawner Cave spider x1  pour 10,000.00β sur survie_new
[16:17:42] [ITEM_SOLD]: Yohan81 vendu 1 x Diamond Helmet à  [Aqua Affinity] Naakiz pour 1,000.00 β le survie_new
[17:55:17] [ITEM_SOLD]: Doomsmen vendu 1 x Diamond Pickaxe à  [Silk Touch] Merlin_le_sage pour 1,500.00 β le survie_new
[18:20:26] [ITEM_LISTED]: Loan02 vend 1 x Enchanted Book  pour 4,000.00β sur survie_new
[18:21:32] [ITEM_LISTED]: Efysio vend 64 x Quartz Block  pour 1,500.00β sur survie_new
[18:21:35] [ITEM_LISTED]: Efysio vend 64 x Quartz Block  pour 1,500.00β sur survie_new
[18:21:38] [ITEM_LISTED]: Efysio vend 64 x Quartz Block  pour 1,500.00β sur survie_new
[18:21:40] [ITEM_LISTED]: Efysio vend 64 x Quartz Block  pour 1,500.00β sur survie_new
[18:21:43] [ITEM_LISTED]: Efysio vend 64 x Quartz Block  pour 1,500.00β sur survie_new
[18:21:44] [ITEM_SOLD]: cloclolepedalo vendu 64 x Spruce Planks à  Loan02 pour 160.00 β le survie_new
[18:21:46] [ITEM_LISTED]: Efysio vend 64 x Quartz Block  pour 1,500.00β sur survie_new
[18:27:23] [ITEM_SOLD]: CroixVeBaton vendu 1 x Diamond Shovel à  [Efficiency III, Silk Touch, Unbreaking III] Futsiph pour 2,500.00 β le survie_new
[18:30:44] [ITEM_SOLD]: Loan02 vendu 1 x Enchanted Book à  Christophe_ pour 4,000.00 β le survie_new
[18:31:06] [ITEM_SOLD]: Max_Le_Max vendu 7 x Bee Nest à  Loan02 pour 750.00 β le survie_new
[18:32:33] [ITEM_SOLD]: StormOxyde vendu 64 x Quartz Block à  Christophe_ pour 1,500.00 β le survie_new
[18:32:35] [ITEM_SOLD]: StormOxyde vendu 64 x Quartz Block à  Christophe_ pour 1,500.00 β le survie_new
[18:32:36] [ITEM_SOLD]: StormOxyde vendu 64 x Quartz Block à  Christophe_ pour 1,500.00 β le survie_new
[18:32:39] [ITEM_SOLD]: StormOxyde vendu 64 x Quartz Block à  Christophe_ pour 1,500.00 β le survie_new
[18:32:50] [ITEM_SOLD]: Efysio vendu 64 x Quartz Block à  Christophe_ pour 1,500.00 β le survie_new
[18:32:51] [ITEM_SOLD]: Efysio vendu 64 x Quartz Block à  Christophe_ pour 1,500.00 β le survie_new
[18:32:52] [ITEM_SOLD]: Efysio vendu 64 x Quartz Block à  Christophe_ pour 1,500.00 β le survie_new
[18:32:53] [ITEM_SOLD]: Efysio vendu 64 x Quartz Block à  Christophe_ pour 1,500.00 β le survie_new
[18:32:55] [ITEM_SOLD]: Efysio vendu 64 x Quartz Block à  Christophe_ pour 1,500.00 β le survie_new
[18:32:57] [ITEM_SOLD]: Efysio vendu 64 x Quartz Block à  Christophe_ pour 1,500.00 β le survie_new
[18:34:07] [ITEM_SOLD]: CroixVeBaton vendu 1 x Diamond Pickaxe à  [Silk Touch] Futsiph pour 2,000.00 β le survie_new
[18:41:24] [ITEM_LISTED]: GoldenFarmers vend 1 x Dragon Head  pour 4,500.00β sur survie_new
[18:41:26] [ITEM_LISTED]: GoldenFarmers vend 1 x Dragon Head  pour 4,500.00β sur survie_new
[18:43:14] [ITEM_CANCELLED]: GoldenFarmers annule la vente de 1x Dragon Head pour 4,500.00β sur survie_new
[18:43:15] [ITEM_CANCELLED]: GoldenFarmers annule la vente de 1x Dragon Head pour 4,500.00β sur survie_new
[18:43:24] [ITEM_RETURNED]: 1 x Dragon Head  renvoyé à GoldenFarmers le survie_new
[18:43:24] [ITEM_RETURNED]: 1 x Dragon Head  renvoyé à GoldenFarmers le survie_new
[18:43:39] [ITEM_LISTED]: GoldenFarmers vend 2 x Dragon Head  pour 8,000.00β sur survie_new
[18:43:48] [ITEM_SOLD]: GoldenFarmers vendu 2 x Dragon Head à  Loan02 pour 8,000.00 β le survie_new
[18:44:37] [ITEM_LISTED]: GoldenFarmers vend 64 x Quartz Block  pour 1,500.00β sur survie_new
[18:44:39] [ITEM_LISTED]: GoldenFarmers vend 64 x Quartz Block  pour 1,500.00β sur survie_new
[18:44:40] [ITEM_LISTED]: GoldenFarmers vend 64 x Quartz Block  pour 1,500.00β sur survie_new
[18:44:48] [ITEM_LISTED]: GoldenFarmers vend 64 x Quartz Block  pour 1,500.00β sur survie_new
[18:44:49] [ITEM_LISTED]: GoldenFarmers vend 64 x Quartz Block  pour 1,500.00β sur survie_new
[18:44:50] [ITEM_LISTED]: GoldenFarmers vend 64 x Quartz Block  pour 1,500.00β sur survie_new
[18:51:23] [ITEM_LISTED]: CroixVeBaton vend 1 x Iron Chestplate  [Projectile Protection IV, Curse of Vanishing] pour 2,000.00β sur survie_new_the_end
[18:56:06] [ITEM_LISTED]: CroixVeBaton vend 1 x Diamond Sword  [Unbreaking III] pour 5,000.00β sur survie_new_the_end
[18:56:08] [ITEM_LISTED]: CroixVeBaton vend 1 x Iron Sword  [Sharpness III, Sweeping Edge III] pour 5,000.00β sur survie_new_the_end
[18:56:17] [ITEM_LISTED]: CroixVeBaton vend 1 x Diamond Sword  [Bane of Arthropods IV, Unbreaking III] pour 5,000.00β sur survie_new_the_end
[18:56:20] [ITEM_LISTED]: CroixVeBaton vend 1 x Diamond Helmet  [Curse of Binding, Mending, Protection IV, Respiration III, Unbreaking III] pour 5,000.00β sur survie_new_the_end
[18:56:23] [ITEM_LISTED]: CroixVeBaton vend 1 x Iron Boots  [Protection III] pour 5,000.00β sur survie_new_the_end
[18:56:26] [ITEM_LISTED]: CroixVeBaton vend 1 x Diamond Shovel  [Fortune III, Mending] pour 5,000.00β sur survie_new_the_end
[18:56:30] [ITEM_LISTED]: CroixVeBaton vend 1 x Iron Shovel  [Efficiency V, Unbreaking III, Curse of Vanishing] pour 5,000.00β sur survie_new_the_end
[18:59:04] [ITEM_LISTED]: CroixVeBaton vend 1 x Elytra  pour 6,000.00β sur survie_new_the_end
[18:59:09] [ITEM_LISTED]: CroixVeBaton vend 1 x Diamond Helmet  [Mending] pour 3,000.00β sur survie_new_the_end
[18:59:14] [ITEM_LISTED]: CroixVeBaton vend 1 x Diamond Boots  [Fire Protection III] pour 3,000.00β sur survie_new_the_end
[19:07:21] [ITEM_CANCELLED]: GoldenFarmers annule la vente de 1x Shulker Box pour 2,500.00β sur survie_new
[19:07:21] [ITEM_CANCELLED]: GoldenFarmers annule la vente de 1x Shulker Box pour 2,500.00β sur survie_new
[19:07:21] [ITEM_CANCELLED]: GoldenFarmers annule la vente de 1x Shulker Box pour 2,500.00β sur survie_new
[19:07:21] [ITEM_CANCELLED]: GoldenFarmers annule la vente de 1x Shulker Box pour 2,500.00β sur survie_new
[19:07:22] [ITEM_CANCELLED]: GoldenFarmers annule la vente de 1x Shulker Box pour 2,500.00β sur survie_new
[19:07:22] [ITEM_CANCELLED]: GoldenFarmers annule la vente de 1x Shulker Box pour 2,500.00β sur survie_new
[19:07:22] [ITEM_CANCELLED]: GoldenFarmers annule la vente de 1x Shulker Box pour 2,500.00β sur survie_new
[19:07:22] [ITEM_CANCELLED]: GoldenFarmers annule la vente de 1x Shulker Box pour 2,500.00β sur survie_new
[19:07:23] [ITEM_CANCELLED]: GoldenFarmers annule la vente de 1x Shulker Box pour 2,500.00β sur survie_new
[19:07:23] [ITEM_CANCELLED]: GoldenFarmers annule la vente de 1x Shulker Box pour 2,500.00β sur survie_new
[19:07:23] [ITEM_CANCELLED]: GoldenFarmers annule la vente de 1x Shulker Box pour 2,500.00β sur survie_new
[19:07:23] [ITEM_CANCELLED]: GoldenFarmers annule la vente de 1x Shulker Box pour 2,500.00β sur survie_new
[19:07:24] [ITEM_CANCELLED]: GoldenFarmers annule la vente de 1x Shulker Box pour 2,500.00β sur survie_new
[19:07:24] [ITEM_CANCELLED]: GoldenFarmers annule la vente de 1x Shulker Box pour 2,500.00β sur survie_new
[19:07:24] [ITEM_CANCELLED]: GoldenFarmers annule la vente de 1x Shulker Box pour 2,500.00β sur survie_new
[19:07:25] [ITEM_CANCELLED]: GoldenFarmers annule la vente de 1x Shulker Box pour 2,500.00β sur survie_new
[19:07:25] [ITEM_CANCELLED]: GoldenFarmers annule la vente de 1x Shulker Box pour 2,500.00β sur survie_new
[19:07:26] [ITEM_CANCELLED]: GoldenFarmers annule la vente de 1x Shulker Box pour 2,500.00β sur survie_new
[19:07:26] [ITEM_CANCELLED]: GoldenFarmers annule la vente de 1x Shulker Box pour 2,500.00β sur survie_new
[19:07:26] [ITEM_CANCELLED]: GoldenFarmers annule la vente de 1x Shulker Box pour 2,500.00β sur survie_new
[19:07:27] [ITEM_CANCELLED]: GoldenFarmers annule la vente de 1x Shulker Box pour 2,500.00β sur survie_new
[19:07:27] [ITEM_CANCELLED]: GoldenFarmers annule la vente de 1x Shulker Box pour 2,500.00β sur survie_new
[19:07:28] [ITEM_CANCELLED]: GoldenFarmers annule la vente de 1x Shulker Box pour 2,500.00β sur survie_new
[19:07:29] [ITEM_CANCELLED]: GoldenFarmers annule la vente de 1x Bow [Flame, Infinity] pour 9,000.00β sur survie_new
[19:07:31] [ITEM_CANCELLED]: GoldenFarmers annule la vente de 1x Diamond Sword [Smite IV, Sweeping Edge III, Unbreaking III] pour 10,000.00β sur survie_new
[19:07:42] [ITEM_RETURNED]: 1 x Shulker Box  renvoyé à GoldenFarmers le survie_new
[19:07:42] [ITEM_RETURNED]: 1 x Shulker Box  renvoyé à GoldenFarmers le survie_new
[19:07:42] [ITEM_RETURNED]: 1 x Shulker Box  renvoyé à GoldenFarmers le survie_new
[19:07:42] [ITEM_RETURNED]: 1 x Shulker Box  renvoyé à GoldenFarmers le survie_new
[19:07:43] [ITEM_RETURNED]: 1 x Shulker Box  renvoyé à GoldenFarmers le survie_new
[19:07:43] [ITEM_RETURNED]: 1 x Shulker Box  renvoyé à GoldenFarmers le survie_new
[19:07:43] [ITEM_RETURNED]: 1 x Shulker Box  renvoyé à GoldenFarmers le survie_new
[19:07:43] [ITEM_RETURNED]: 1 x Shulker Box  renvoyé à GoldenFarmers le survie_new
[19:07:43] [ITEM_RETURNED]: 1 x Shulker Box  renvoyé à GoldenFarmers le survie_new
[19:07:43] [ITEM_RETURNED]: 1 x Shulker Box  renvoyé à GoldenFarmers le survie_new
[19:07:44] [ITEM_RETURNED]: 1 x Shulker Box  renvoyé à GoldenFarmers le survie_new
[19:07:44] [ITEM_RETURNED]: 1 x Shulker Box  renvoyé à GoldenFarmers le survie_new
[19:07:44] [ITEM_RETURNED]: 1 x Shulker Box  renvoyé à GoldenFarmers le survie_new
[19:07:44] [ITEM_RETURNED]: 1 x Shulker Box  renvoyé à GoldenFarmers le survie_new
[19:07:44] [ITEM_RETURNED]: 1 x Shulker Box  renvoyé à GoldenFarmers le survie_new
[19:07:44] [ITEM_RETURNED]: 1 x Shulker Box  renvoyé à GoldenFarmers le survie_new
[19:07:44] [ITEM_RETURNED]: 1 x Shulker Box  renvoyé à GoldenFarmers le survie_new
[19:07:45] [ITEM_RETURNED]: 1 x Shulker Box  renvoyé à GoldenFarmers le survie_new
[19:07:45] [ITEM_RETURNED]: 1 x Shulker Box  renvoyé à GoldenFarmers le survie_new
[19:07:45] [ITEM_RETURNED]: 1 x Shulker Box  renvoyé à GoldenFarmers le survie_new
[19:07:45] [ITEM_RETURNED]: 1 x Shulker Box  renvoyé à GoldenFarmers le survie_new
[19:07:45] [ITEM_RETURNED]: 1 x Shulker Box  renvoyé à GoldenFarmers le survie_new
[19:07:46] [ITEM_RETURNED]: 1 x Shulker Box  renvoyé à GoldenFarmers le survie_new
[19:13:45] [ITEM_LISTED]: CroixVeBaton vend 23 x End Rod  pour 1,500.00β sur survie_new
[19:14:12] [ITEM_LISTED]: CroixVeBaton vend 1 x Shulker Shell  pour 1,500.00β sur survie_new
[19:14:14] [ITEM_LISTED]: CroixVeBaton vend 1 x Shulker Shell  pour 1,500.00β sur survie_new
[19:14:17] [ITEM_LISTED]: CroixVeBaton vend 1 x Shulker Shell  pour 1,500.00β sur survie_new
[19:14:19] [ITEM_LISTED]: CroixVeBaton vend 1 x Shulker Shell  pour 1,500.00β sur survie_new
[19:14:21] [ITEM_LISTED]: CroixVeBaton vend 1 x Shulker Shell  pour 1,500.00β sur survie_new
[19:14:23] [ITEM_LISTED]: CroixVeBaton vend 1 x Shulker Shell  pour 1,500.00β sur survie_new
[19:16:01] [ITEM_LISTED]: StormOxyde vend 64 x Gunpowder  pour 4,800.00β sur survie_new
[19:16:21] [ITEM_LISTED]: StormOxyde vend 30 x Poudre Magique  pour 4,500.00β sur survie_new
[19:16:29] [ITEM_LISTED]: StormOxyde vend 64 x Gunpowder  pour 4,800.00β sur survie_new
[19:16:44] [ITEM_LISTED]: StormOxyde vend 50 x Gunpowder  pour 3,750.00β sur survie_new
[19:18:32] [ITEM_SOLD]: CroixVeBaton vendu 1 x Elytra à  GoldenFarmers pour 6,000.00 β le survie_new_the_end
[19:18:53] [ITEM_LISTED]: GoldenFarmers vend 1 x Elytra  pour 16,000.00β sur survie_new
[19:38:48] [ITEM_LISTED]: GoldenFarmers vend 1 x Shulker Box  pour 2,000.00β sur survie_new
[19:38:49] [ITEM_LISTED]: GoldenFarmers vend 1 x Shulker Box  pour 2,000.00β sur survie_new
[19:38:54] [ITEM_LISTED]: GoldenFarmers vend 1 x Shulker Box  pour 2,000.00β sur survie_new
[19:38:55] [ITEM_LISTED]: GoldenFarmers vend 1 x Shulker Box  pour 2,000.00β sur survie_new
[19:38:58] [ITEM_LISTED]: GoldenFarmers vend 1 x Shulker Box  pour 2,000.00β sur survie_new
[19:38:59] [ITEM_LISTED]: GoldenFarmers vend 1 x Shulker Box  pour 2,000.00β sur survie_new
[19:54:21] [ITEM_SOLD]: Karazhar vendu 1 x Potion à  Futsiph pour 250.00 β le survie_new
[20:23:11] [ITEM_LISTED]: La_Big_Fatima vend 1 x Diamond Boots  [Protection III, Unbreaking III] pour 2,000.00β sur survie_new
[20:23:17] [ITEM_LISTED]: La_Big_Fatima vend 1 x Diamond Helmet  [Protection III] pour 1,500.00β sur survie_new
[20:23:30] [ITEM_LISTED]: La_Big_Fatima vend 1 x Enchanted Book  pour 1,000.00β sur survie_new
[20:24:06] [ITEM_LISTED]: La_Big_Fatima vend 1 x Saddle  pour 600.00β sur survie_new
[20:25:45] [ITEM_CANCELLED]: CroixVeBaton annule la vente de 1x Diamond Shovel [Fortune III, Mending] pour 5,000.00β sur survie_new_the_end
[20:25:56] [ITEM_RETURNED]: 1 x Diamond Shovel  [Fortune III, Mending] renvoyé à CroixVeBaton le survie_new_the_end
[20:26:17] [ITEM_LISTED]: CroixVeBaton vend 1 x Diamond Shovel  [Fortune III, Mending] pour 4,000.00β sur survie_new_nether
[20:26:41] [ITEM_SOLD]: CroixVeBaton vendu 1 x Diamond Shovel à  [Fortune III, Mending] Futsiph pour 4,000.00 β le survie_new_nether
[20:32:47] [ITEM_LISTED]: La_Big_Fatima vend 1 x Enchanted Book  pour 2,000.00β sur survie_new
[21:09:35] [ITEM_LISTED]: CroixVeBaton vend 64 x Emerald  pour 2,560.00β sur survie_new
[21:09:54] [ITEM_SOLD]: CroixVeBaton vendu 64 x Emerald à  Futsiph pour 2,560.00 β le survie_new
[21:43:26] [ITEM_LISTED]: CroixVeBaton vend 1 x Lead  pour 2.00β sur survie_new_nether
[21:43:41] [ITEM_SOLD]: CroixVeBaton vendu 1 x Lead à  Norime pour 2.00 β le survie_new_nether
[21:44:22] [ITEM_SOLD]: La_Big_Fatima vendu 1 x Enchanted Book à  CouzVeBaton pour 2,000.00 β le survie_new
[21:44:33] [ITEM_SOLD]: CroixVeBaton vendu 1 x Diamond Sword à  [Unbreaking III] CouzVeBaton pour 5,000.00 β le survie_new_the_end
[21:48:43] [ITEM_SOLD]: StormOxyde vendu 64 x Gunpowder à  CroixVeBaton pour 4,800.00 β le survie_new
[21:48:45] [ITEM_SOLD]: StormOxyde vendu 64 x Gunpowder à  CroixVeBaton pour 4,800.00 β le survie_new
[21:49:10] [ITEM_SOLD]: StormOxyde vendu 30 x Poudre Magique à  CroixVeBaton pour 4,500.00 β le survie_new
[21:55:41] [ITEM_LISTED]: La_Big_Fatima vend 1 x Enchanted Book  pour 10,000.00β sur survie_new
