[00:32:05] [ITEM_CANCELLED]: Ender_Shock annule la vente de 1x Enchanted Book pour 9,999.00β sur survie_new
[00:32:06] [ITEM_RETURNED]: 1 x Enchanted Book  renvoyé à Ender_Shock le survie_new
[00:34:06] [ITEM_CANCELLED]: Ender_Shock annule la vente de 1x Enchanted Book pour 9,999.00β sur survie_new
[00:34:07] [ITEM_RETURNED]: 1 x Enchanted Book  renvoyé à Ender_Shock le survie_new
[00:47:13] [ITEM_CANCELLED]: Ender_Shock annule la vente de 1x Enchanted Book pour 9,999.00β sur survie_new
[00:47:15] [ITEM_RETURNED]: 1 x Enchanted Book  renvoyé à Ender_Shock le survie_new
[00:49:57] [ITEM_CANCELLED]: Ender_Shock annule la vente de 1x Enchanted Book pour 9,999.00β sur survie_new
[00:49:59] [ITEM_RETURNED]: 1 x Enchanted Book  renvoyé à Ender_Shock le survie_new
[00:52:34] [ITEM_LISTED]: Efysio vend 1 x Enchanted Book  pour 9,500.00β sur survie_new
[00:52:39] [ITEM_LISTED]: Efysio vend 1 x Enchanted Book  pour 9,500.00β sur survie_new
[00:52:42] [ITEM_LISTED]: Efysio vend 1 x Enchanted Book  pour 9,500.00β sur survie_new
[00:52:46] [ITEM_LISTED]: Efysio vend 1 x Enchanted Book  pour 9,500.00β sur survie_new
[00:52:50] [ITEM_LISTED]: Efysio vend 1 x Enchanted Book  pour 9,500.00β sur survie_new
[11:12:35] [ITEM_LISTED]: LLIcocoman_Hrz vend 1 x Dolphin Spawn Egg  pour 2,000.00β sur survie_new
[11:12:37] [ITEM_LISTED]: LLIcocoman_Hrz vend 1 x Chicken Spawn Egg  pour 2,000.00β sur survie_new
[11:18:24] [ITEM_LISTED]: LLIcocoman_Hrz vend 48 x Glowstone  pour 200.00β sur survie_new
[11:18:37] [ITEM_SOLD]: LLIcocoman_Hrz vendu 48 x Glowstone à  xytrill pour 200.00 β le survie_new
[13:08:20] [ITEM_SOLD]: Kanntin vendu 1 x §;§:Spawner Cave spider x1 à  Ender_Shock pour 4,000.00 β le survie_new
[13:10:52] [ITEM_SOLD]: GoldenFarmers vendu 1 x Shulker Box à  Kilyann pour 2,000.00 β le survie_new
[13:11:29] [ITEM_LISTED]: Janechoo27 vend 64 x Bone  pour 40.00β sur survie_new
[13:11:47] [ITEM_LISTED]: Janechoo27 vend 64 x Bone  pour 40.00β sur survie_new
[13:12:01] [ITEM_LISTED]: Janechoo27 vend 64 x Arrow  pour 40.00β sur survie_new
[13:12:06] [ITEM_LISTED]: le_lait vend 1 x §;§:Spawner Cave spider x1  pour 4,000.00β sur survie_new
[13:12:12] [ITEM_LISTED]: Janechoo27 vend 2 x Rotten Flesh  pour 2.00β sur survie_new
[13:12:17] [ITEM_LISTED]: le_lait vend 1 x §;§:Spawner Zombie x1  pour 3,400.00β sur survie_new
[13:12:25] [ITEM_LISTED]: Janechoo27 vend 64 x Arrow  pour 40.00β sur survie_new
[13:12:35] [ITEM_LISTED]: Janechoo27 vend 64 x Arrow  pour 40.00β sur survie_new
[13:12:44] [ITEM_LISTED]: Janechoo27 vend 64 x Arrow  pour 40.00β sur survie_new
[13:13:04] [ITEM_LISTED]: Janechoo27 vend 64 x Bone  pour 30.00β sur survie_new
[13:21:25] [ITEM_SOLD]: Karazhar vendu 1 x Diamond Pickaxe à  [Silk Touch] CroStein pour 500.00 β le survie_new
[13:23:06] [ITEM_SOLD]: Efysio vendu 1 x Enchanted Book à  R0wZen pour 9,500.00 β le survie_new
[13:37:05] [ITEM_SOLD]: le_lait vendu 1 x §;§:Spawner Zombie x1 à  Isaorya pour 3,400.00 β le survie_new
[13:54:52] [ITEM_CANCELLED]: Ender_Shock annule la vente de 1x Enchanted Book pour 9,999.00β sur survie_new
[13:54:52] [ITEM_CANCELLED]: Ender_Shock annule la vente de 1x Enchanted Book pour 9,999.00β sur survie_new
[13:54:53] [ITEM_CANCELLED]: Ender_Shock annule la vente de 1x Enchanted Book pour 9,999.00β sur survie_new
[13:54:53] [ITEM_CANCELLED]: Ender_Shock annule la vente de 1x Enchanted Book pour 9,999.00β sur survie_new
[13:54:53] [ITEM_CANCELLED]: Ender_Shock annule la vente de 1x Enchanted Book pour 9,999.00β sur survie_new
[13:54:54] [ITEM_CANCELLED]: Ender_Shock annule la vente de 1x Enchanted Book pour 9,999.00β sur survie_new
[13:54:54] [ITEM_CANCELLED]: Ender_Shock annule la vente de 1x Enchanted Book pour 9,999.00β sur survie_new
[13:54:55] [ITEM_CANCELLED]: Ender_Shock annule la vente de 1x Enchanted Book pour 9,999.00β sur survie_new
[13:54:55] [ITEM_CANCELLED]: Ender_Shock annule la vente de 1x Enchanted Book pour 9,999.00β sur survie_new
[13:54:55] [ITEM_CANCELLED]: Ender_Shock annule la vente de 1x Enchanted Book pour 9,999.00β sur survie_new
[13:54:56] [ITEM_CANCELLED]: Ender_Shock annule la vente de 1x Enchanted Book pour 9,999.00β sur survie_new
[13:54:57] [ITEM_CANCELLED]: Ender_Shock annule la vente de 1x Enchanted Book pour 9,999.00β sur survie_new
[13:54:57] [ITEM_CANCELLED]: Ender_Shock annule la vente de 1x Enchanted Book pour 9,999.00β sur survie_new
[13:54:57] [ITEM_CANCELLED]: Ender_Shock annule la vente de 1x Enchanted Book pour 9,999.00β sur survie_new
[13:54:58] [ITEM_CANCELLED]: Ender_Shock annule la vente de 1x Enchanted Book pour 9,999.00β sur survie_new
[13:54:58] [ITEM_CANCELLED]: Ender_Shock annule la vente de 1x Enchanted Book pour 9,999.00β sur survie_new
[13:54:58] [ITEM_CANCELLED]: Ender_Shock annule la vente de 1x Enchanted Book pour 9,999.00β sur survie_new
[13:54:59] [ITEM_CANCELLED]: Ender_Shock annule la vente de 1x Enchanted Book pour 9,999.00β sur survie_new
[13:54:59] [ITEM_CANCELLED]: Ender_Shock annule la vente de 1x Enchanted Book pour 9,999.00β sur survie_new
[13:55:01] [ITEM_RETURNED]: 1 x Enchanted Book  renvoyé à Ender_Shock le survie_new
[13:55:01] [ITEM_RETURNED]: 1 x Enchanted Book  renvoyé à Ender_Shock le survie_new
[13:55:01] [ITEM_RETURNED]: 1 x Enchanted Book  renvoyé à Ender_Shock le survie_new
[13:55:02] [ITEM_RETURNED]: 1 x Enchanted Book  renvoyé à Ender_Shock le survie_new
[13:55:02] [ITEM_RETURNED]: 1 x Enchanted Book  renvoyé à Ender_Shock le survie_new
[13:55:02] [ITEM_RETURNED]: 1 x Enchanted Book  renvoyé à Ender_Shock le survie_new
[13:55:02] [ITEM_RETURNED]: 1 x Enchanted Book  renvoyé à Ender_Shock le survie_new
[13:55:03] [ITEM_RETURNED]: 1 x Enchanted Book  renvoyé à Ender_Shock le survie_new
[13:55:03] [ITEM_RETURNED]: 1 x Enchanted Book  renvoyé à Ender_Shock le survie_new
[13:55:03] [ITEM_RETURNED]: 1 x Enchanted Book  renvoyé à Ender_Shock le survie_new
[13:55:03] [ITEM_RETURNED]: 1 x Enchanted Book  renvoyé à Ender_Shock le survie_new
[13:55:03] [ITEM_RETURNED]: 1 x Enchanted Book  renvoyé à Ender_Shock le survie_new
[13:55:04] [ITEM_RETURNED]: 1 x Enchanted Book  renvoyé à Ender_Shock le survie_new
[13:55:04] [ITEM_RETURNED]: 1 x Enchanted Book  renvoyé à Ender_Shock le survie_new
[13:55:04] [ITEM_RETURNED]: 1 x Enchanted Book  renvoyé à Ender_Shock le survie_new
[13:55:04] [ITEM_RETURNED]: 1 x Enchanted Book  renvoyé à Ender_Shock le survie_new
[13:55:04] [ITEM_RETURNED]: 1 x Enchanted Book  renvoyé à Ender_Shock le survie_new
[13:55:04] [ITEM_RETURNED]: 1 x Enchanted Book  renvoyé à Ender_Shock le survie_new
[13:55:05] [ITEM_RETURNED]: 1 x Enchanted Book  renvoyé à Ender_Shock le survie_new
[13:55:14] [ITEM_CANCELLED]: GoldenFarmers annule la vente de 1x Enchanted Book pour 11,500.00β sur survie_new
[13:55:15] [ITEM_CANCELLED]: GoldenFarmers annule la vente de 1x Enchanted Book pour 11,500.00β sur survie_new
[13:55:17] [ITEM_CANCELLED]: GoldenFarmers annule la vente de 1x Enchanted Book pour 11,500.00β sur survie_new
[13:55:17] [ITEM_CANCELLED]: GoldenFarmers annule la vente de 1x Enchanted Book pour 11,500.00β sur survie_new
[13:55:18] [ITEM_CANCELLED]: GoldenFarmers annule la vente de 1x Enchanted Book pour 11,500.00β sur survie_new
[13:55:29] [ITEM_RETURNED]: 1 x Chicken Spawn Egg  renvoyé à GoldenFarmers le survie_new
[13:55:30] [ITEM_RETURNED]: 1 x Enchanted Book  renvoyé à GoldenFarmers le survie_new
[13:55:30] [ITEM_RETURNED]: 1 x Enchanted Book  renvoyé à GoldenFarmers le survie_new
[13:55:31] [ITEM_RETURNED]: 1 x Enchanted Book  renvoyé à GoldenFarmers le survie_new
[13:55:31] [ITEM_RETURNED]: 1 x Enchanted Book  renvoyé à GoldenFarmers le survie_new
[13:55:31] [ITEM_RETURNED]: 1 x Enchanted Book  renvoyé à GoldenFarmers le survie_new
[13:55:31] [ITEM_CANCELLED]: GoldenFarmers annule la vente de 1x Elytra pour 19,000.00β sur survie_new
[13:55:47] [ITEM_LISTED]: GoldenFarmers vend 1 x Enchanted Book  pour 12,000.00β sur survie_new
[13:55:49] [ITEM_LISTED]: GoldenFarmers vend 1 x Enchanted Book  pour 12,000.00β sur survie_new
[13:55:50] [ITEM_LISTED]: GoldenFarmers vend 1 x Enchanted Book  pour 12,000.00β sur survie_new
[13:55:51] [ITEM_LISTED]: GoldenFarmers vend 1 x Enchanted Book  pour 12,000.00β sur survie_new
[13:55:54] [ITEM_LISTED]: GoldenFarmers vend 1 x Enchanted Book  pour 12,000.00β sur survie_new
[13:56:04] [ITEM_LISTED]: GoldenFarmers vend 1 x Enchanted Book  pour 12,000.00β sur survie_new
[13:56:05] [ITEM_LISTED]: GoldenFarmers vend 1 x Enchanted Book  pour 12,000.00β sur survie_new
[13:56:06] [ITEM_LISTED]: GoldenFarmers vend 1 x Enchanted Book  pour 12,000.00β sur survie_new
[13:56:13] [ITEM_LISTED]: GoldenFarmers vend 1 x Enchanted Book  pour 12,000.00β sur survie_new
[13:56:22] [ITEM_RETURNED]: 1 x Elytra  renvoyé à GoldenFarmers le survie_new
[13:56:31] [ITEM_LISTED]: GoldenFarmers vend 1 x Elytra  pour 19,000.00β sur survie_new
[13:59:06] [ITEM_LISTED]: Yohan81 vend 1 x La Grande Faucheuse  [Mending, Unbreaking VIII, Curse of Vanishing] pour 1,000,000.00β sur survie_new
[13:59:50] [ITEM_CANCELLED]: Yohan81 annule la vente de 1x La Grande Faucheuse [Mending, Unbreaking VIII, Curse of Vanishing] pour 1,000,000.00β sur survie_new
[13:59:52] [ITEM_RETURNED]: 1 x La Grande Faucheuse  [Mending, Unbreaking VIII, Curse of Vanishing] renvoyé à Yohan81 le survie_new
[14:00:02] [ITEM_LISTED]: Yohan81 vend 1 x La Grande Faucheuse  [Mending, Unbreaking VIII, Curse of Vanishing] pour 1,000,000.00β sur survie_new
[14:00:11] [ITEM_CANCELLED]: Yohan81 annule la vente de 1x La Grande Faucheuse [Mending, Unbreaking VIII, Curse of Vanishing] pour 1,000,000.00β sur survie_new
[14:00:14] [ITEM_RETURNED]: 1 x La Grande Faucheuse  [Mending, Unbreaking VIII, Curse of Vanishing] renvoyé à Yohan81 le survie_new
[14:11:09] [ITEM_SOLD]: Efysio vendu 1 x Enchanted Book à  R0wZen pour 9,500.00 β le survie_new
[14:24:11] [ITEM_CANCELLED]: Efysio annule la vente de 3x Wither Skeleton Skull pour 13,000.00β sur survie_new
[14:24:25] [ITEM_RETURNED]: 3 x Wither Skeleton Skull  renvoyé à Efysio le survie_new
[14:26:08] [ITEM_SOLD]: Flacabon vendu 1 x Diamond Sword à  [Fire Aspect I, Smite IV, Sweeping Edge III] The_Gamer4406 pour 1,500.00 β le survie_new
[14:29:10] [ITEM_LISTED]: LLIcocoman_Hrz vend 1 x Experience Bottle  pour 500.00β sur survie_new
[14:29:18] [ITEM_LISTED]: LLIcocoman_Hrz vend 8 x Sponge  pour 2,000.00β sur survie_new
[14:29:46] [ITEM_LISTED]: LLIcocoman_Hrz vend 64 x Quartz Block  pour 500.00β sur survie_new
[14:29:49] [ITEM_LISTED]: LLIcocoman_Hrz vend 64 x Quartz Block  pour 500.00β sur survie_new
[14:29:53] [ITEM_LISTED]: xytrill vend 1 x Diamond Sword  [Knockback I, Looting III, Sharpness V, Unbreaking III] pour 8,000.00β sur survie_new
[14:29:53] [ITEM_LISTED]: LLIcocoman_Hrz vend 32 x Quartz Block  pour 250.00β sur survie_new
[14:30:03] [ITEM_LISTED]: LLIcocoman_Hrz vend 15 x Name Tag  pour 1,000.00β sur survie_new
[14:30:13] [ITEM_LISTED]: LLIcocoman_Hrz vend 64 x Arrow  pour 50.00β sur survie_new
[14:31:35] [ITEM_SOLD]: LLIcocoman_Hrz vendu 15 x Name Tag à  Isaorya pour 1,000.00 β le survie_new
[14:34:31] [ITEM_SOLD]: CroixVeBaton vendu 1 x Bow à  [Flame, Infinity] xytrill pour 2,000.00 β le survie_new
[14:47:55] [ITEM_LISTED]: Ender_Shock vend 1 x Nether Wart  pour 50.00β sur survie_new
[14:48:04] [ITEM_SOLD]: Ender_Shock vendu 1 x Nether Wart à  xytrill pour 50.00 β le survie_new
[15:09:07] [ITEM_SOLD]: GoldenFarmers vendu 1 x Dragon Head à  Prismohs pour 12,000.00 β le survie_new
[15:09:08] [ITEM_SOLD]: GoldenFarmers vendu 1 x Dragon Head à  Prismohs pour 12,000.00 β le survie_new
[15:09:10] [ITEM_SOLD]: GoldenFarmers vendu 1 x Dragon Head à  Prismohs pour 12,000.00 β le survie_new
[15:09:11] [ITEM_SOLD]: GoldenFarmers vendu 1 x Dragon Head à  Prismohs pour 12,000.00 β le survie_new
[15:09:16] [ITEM_SOLD]: GoldenFarmers vendu 1 x Elytra à  Prismohs pour 19,000.00 β le survie_new
[15:09:18] [ITEM_SOLD]: GoldenFarmers vendu 1 x Elytra à  Prismohs pour 19,000.00 β le survie_new
[15:09:48] [ITEM_SOLD]: GoldenFarmers vendu 1 x Shulker Box à  Prismohs pour 2,000.00 β le survie_new
[15:09:49] [ITEM_SOLD]: GoldenFarmers vendu 1 x Shulker Box à  Prismohs pour 2,000.00 β le survie_new
[15:09:51] [ITEM_SOLD]: GoldenFarmers vendu 1 x Shulker Box à  Prismohs pour 2,000.00 β le survie_new
[15:09:52] [ITEM_SOLD]: GoldenFarmers vendu 1 x Shulker Box à  Prismohs pour 2,000.00 β le survie_new
[15:10:20] [ITEM_SOLD]: Karazhar vendu 1 x Diamond Helmet à  [Aqua Affinity] Prismohs pour 300.00 β le survie_new
[15:10:53] [ITEM_SOLD]: CroixVeBaton vendu 1 x Diamond Helmet à  [Respiration II, Unbreaking III] Prismohs pour 2,000.00 β le survie_new
[15:10:57] [ITEM_SOLD]: LLIcocoman_Hrz vendu 6 x Sponge à  Prismohs pour 2,000.00 β le survie_new
[15:24:30] [ITEM_SOLD]: LLIcocoman_Hrz vendu 1 x Dolphin Spawn Egg à  pikatchou82 pour 2,000.00 β le survie_new
[15:24:40] [ITEM_LISTED]: Yohan81 vend 64 x Jungle Planks  pour 250.00β sur survie_new
[15:24:44] [ITEM_SOLD]: Yohan81 vendu 64 x Jungle Planks à  Skullcute pour 250.00 β le survie_new
[15:30:04] [ITEM_LISTED]: Flacabon vend 1 x §;§:Spawner Cave spider x1  pour 4,500.00β sur survie_new
[15:30:12] [ITEM_LISTED]: Flacabon vend 1 x §;§:Spawner Cave spider x1  pour 4,500.00β sur survie_new
[15:33:19] [ITEM_LISTED]: LLIcocoman_Hrz vend 1 x Saddle  pour 1,000.00β sur survie_new
[15:34:11] [ITEM_LISTED]: LLIcocoman_Hrz vend 1 x Totem Of Undying  pour 1,000.00β sur survie_new
[15:34:52] [ITEM_LISTED]: LLIcocoman_Hrz vend 1 x Ominous Banner  pour 1,000.00β sur survie_new
[15:35:51] [ITEM_LISTED]: LLIcocoman_Hrz vend 48 x Obsidian  pour 100.00β sur survie_new
[15:38:33] [ITEM_SOLD]: LLIcocoman_Hrz vendu 48 x Obsidian à  le_fou_fighter pour 100.00 β le survie_new
[16:13:10] [ITEM_LISTED]: Efysio vend 1 x Enchanted Book  pour 6,000.00β sur survie_new
[16:13:34] [ITEM_SOLD]: Efysio vendu 1 x Enchanted Book à  toyo_portos pour 6,000.00 β le survie_new
[16:14:26] [ITEM_SOLD]: CroixVeBaton vendu 1 x Fishing Rod à  [Mending] zethomas91 pour 2,000.00 β le survie_new
[16:17:46] [ITEM_LISTED]: Yohan81 vend 64 x Dark Oak Log  pour 1,200.00β sur survie_new
[16:17:50] [ITEM_CANCELLED]: Yohan81 annule la vente de 64x Dark Oak Log pour 1,200.00β sur survie_new
[16:17:51] [ITEM_RETURNED]: 64 x Dark Oak Log  renvoyé à Yohan81 le survie_new
[16:17:56] [ITEM_LISTED]: Yohan81 vend 64 x Dark Oak Log  pour 150.00β sur survie_new
[16:17:58] [ITEM_LISTED]: Yohan81 vend 64 x Dark Oak Log  pour 150.00β sur survie_new
[16:17:59] [ITEM_SOLD]: Yohan81 vendu 64 x Dark Oak Log à  AzodFR pour 150.00 β le survie_new
[16:18:01] [ITEM_SOLD]: Yohan81 vendu 64 x Dark Oak Log à  AzodFR pour 150.00 β le survie_new
[16:18:01] [ITEM_LISTED]: Yohan81 vend 64 x Dark Oak Log  pour 150.00β sur survie_new
[16:18:02] [ITEM_LISTED]: Yohan81 vend 64 x Dark Oak Log  pour 150.00β sur survie_new
[16:18:04] [ITEM_SOLD]: Yohan81 vendu 64 x Dark Oak Log à  AzodFR pour 150.00 β le survie_new
[16:18:05] [ITEM_SOLD]: Yohan81 vendu 64 x Dark Oak Log à  AzodFR pour 150.00 β le survie_new
[16:18:06] [ITEM_LISTED]: Yohan81 vend 64 x Dark Oak Log  pour 150.00β sur survie_new
[16:18:08] [ITEM_LISTED]: Yohan81 vend 64 x Dark Oak Log  pour 150.00β sur survie_new
[16:18:08] [ITEM_SOLD]: Yohan81 vendu 64 x Dark Oak Log à  AzodFR pour 150.00 β le survie_new
[16:18:09] [ITEM_LISTED]: Yohan81 vend 64 x Dark Oak Log  pour 150.00β sur survie_new
[16:18:11] [ITEM_SOLD]: Yohan81 vendu 64 x Dark Oak Log à  AzodFR pour 150.00 β le survie_new
[16:18:13] [ITEM_SOLD]: Yohan81 vendu 64 x Dark Oak Log à  AzodFR pour 150.00 β le survie_new
[16:18:16] [ITEM_LISTED]: Yohan81 vend 64 x Dark Oak Log  pour 150.00β sur survie_new
[16:18:31] [ITEM_SOLD]: Yohan81 vendu 64 x Dark Oak Log à  AzodFR pour 150.00 β le survie_new
[16:24:33] [ITEM_LISTED]: Yohan81 vend 64 x Spruce Log  pour 150.00β sur survie_new
[16:24:36] [ITEM_LISTED]: Yohan81 vend 64 x Spruce Log  pour 150.00β sur survie_new
[16:24:56] [ITEM_SOLD]: Efysio vendu 1 x Enchanted Book à  toyo_portos pour 9,500.00 β le survie_new
[16:35:24] [ITEM_CANCELLED]: Yohan81 annule la vente de 1x Bow [Flame, Infinity] pour 10,000.00β sur survie_new
[16:35:27] [ITEM_RETURNED]: 1 x Bow  [Flame, Infinity] renvoyé à Yohan81 le survie_new
[16:36:57] [ITEM_LISTED]: Yohan81 vend 1 x Bow  [Flame, Infinity] pour 2,500.00β sur survie_new
[17:09:40] [ITEM_LISTED]: Yohan81 vend 64 x Spruce Log  pour 150.00β sur survie_new
[17:09:58] [ITEM_SOLD]: LLIcocoman_Hrz vendu 1 x Chicken Spawn Egg à  Isaorya pour 2,000.00 β le survie_new
[17:10:01] [ITEM_SOLD]: Flacabon vendu 1 x §;§:Spawner Cave spider x1 à  Isaorya pour 4,500.00 β le survie_new
[17:10:03] [ITEM_SOLD]: Flacabon vendu 1 x §;§:Spawner Cave spider x1 à  Isaorya pour 4,500.00 β le survie_new
[17:13:27] [ITEM_SOLD]: LLIcocoman_Hrz vendu 8 x Sponge à  Futsiph pour 2,000.00 β le survie_new
[17:19:03] [ITEM_LISTED]: Kanntin vend 1 x §;§:Spawner Cave spider x1  pour 5,000.00β sur survie_new
[17:25:58] [ITEM_LISTED]: Limmazur vend 64 x Gunpowder  pour 100.00β sur survie_new
[17:26:37] [ITEM_SOLD]: Limmazur vendu 64 x Gunpowder à  Ender_Shock pour 100.00 β le survie_new
[17:27:22] [ITEM_LISTED]: Limmazur vend 24 x Gunpowder  pour 50.00β sur survie_new
[17:27:51] [ITEM_LISTED]: Isaorya vend 64 x Dirt  pour 1.00β sur survie_new
[17:27:53] [ITEM_LISTED]: Isaorya vend 64 x Dirt  pour 1.00β sur survie_new
[17:28:03] [ITEM_LISTED]: Isaorya vend 64 x Dirt  pour 1.00β sur survie_new
[17:28:05] [ITEM_LISTED]: Isaorya vend 64 x Dirt  pour 1.00β sur survie_new
[17:28:07] [ITEM_LISTED]: Isaorya vend 64 x Dirt  pour 1.00β sur survie_new
[17:28:43] [ITEM_LISTED]: Isaorya vend 64 x Dirt  pour 1.00β sur survie_new
[17:29:09] [ITEM_LISTED]: Isaorya vend 64 x Dirt  pour 1.00β sur survie_new
[17:29:13] [ITEM_LISTED]: Isaorya vend 64 x Dirt  pour 1.00β sur survie_new
[17:29:15] [ITEM_LISTED]: Isaorya vend 64 x Dirt  pour 1.00β sur survie_new
[17:29:18] [ITEM_LISTED]: Isaorya vend 64 x Dirt  pour 1.00β sur survie_new
[17:29:20] [ITEM_LISTED]: Isaorya vend 64 x Dirt  pour 1.00β sur survie_new
[17:29:41] [ITEM_LISTED]: Ender_Shock vend 1 x 27 Mending(raccomodage)  pour 94,500.00β sur survie_new
[17:29:44] [ITEM_LISTED]: Ender_Shock vend 1 x 27 Mending(raccomodage)  pour 94,500.00β sur survie_new
[17:29:50] [ITEM_LISTED]: Max_Le_Max vend 1 x Ameno  [Looting II, Sharpness III, Unbreaking III] pour 2,400.00β sur survie_new
[17:30:01] [ITEM_LISTED]: KappaPride2008 vend 1 x Enchanted Book  pour 5,000.00β sur survie_new
[17:31:46] [ITEM_SOLD]: Janechoo27 vendu 64 x Bone à  djm02 pour 30.00 β le survie_new
[17:34:07] [ITEM_SOLD]: Ender_Shock vendu 1 x 27 Mending(raccomodage) à  CroixVeBaton pour 94,500.00 β le survie_new
[17:34:08] [ITEM_SOLD]: Ender_Shock vendu 1 x 27 Mending(raccomodage) à  CroixVeBaton pour 94,500.00 β le survie_new
[17:39:21] [ITEM_SOLD]: Max_Le_Max vendu 1 x Ameno à  [Looting II, Sharpness III, Unbreaking III] Futsiph pour 2,400.00 β le survie_new
[17:39:33] [ITEM_SOLD]: Limmazur vendu 24 x Gunpowder à  Futsiph pour 50.00 β le survie_new
[17:39:57] [ITEM_SOLD]: h_ney vendu 64 x String à  Isaorya pour 10.00 β le survie_new
[17:41:25] [ITEM_LISTED]: Limmazur vend 64 x Feather  pour 10.00β sur survie_new
[17:41:28] [ITEM_LISTED]: Max_Le_Max vend 1 x Émeraude Impeccable  pour 5,000.00β sur survie_new
[17:41:28] [ITEM_LISTED]: Limmazur vend 64 x Feather  pour 10.00β sur survie_new
[17:41:30] [ITEM_LISTED]: Limmazur vend 64 x Feather  pour 10.00β sur survie_new
[17:41:37] [ITEM_LISTED]: Limmazur vend 30 x Feather  pour 5.00β sur survie_new
[17:43:48] [ITEM_LISTED]: Limmazur vend 64 x Flint  pour 15.00β sur survie_new
[17:43:50] [ITEM_LISTED]: Limmazur vend 64 x Flint  pour 15.00β sur survie_new
[17:43:52] [ITEM_LISTED]: Limmazur vend 64 x Flint  pour 15.00β sur survie_new
[17:43:58] [ITEM_LISTED]: Limmazur vend 42 x Flint  pour 13.00β sur survie_new
[17:44:57] [ITEM_LISTED]: Limmazur vend 64 x Bone Block  pour 30.00β sur survie_new
[17:45:00] [ITEM_LISTED]: Limmazur vend 64 x Bone Block  pour 30.00β sur survie_new
[17:45:03] [ITEM_LISTED]: Limmazur vend 64 x Bone Block  pour 30.00β sur survie_new
[17:45:05] [ITEM_LISTED]: Limmazur vend 64 x Bone Block  pour 30.00β sur survie_new
[17:45:10] [ITEM_LISTED]: Limmazur vend 11 x Bone Block  pour 10.00β sur survie_new
[17:45:24] [ITEM_LISTED]: KappaPride2008 vend 1 x Diamond Pickaxe  [Silk Touch] pour 450.00β sur survie_new
[17:45:28] [ITEM_LISTED]: KappaPride2008 vend 1 x Diamond Pickaxe  [Silk Touch] pour 450.00β sur survie_new
[17:45:33] [ITEM_LISTED]: Limmazur vend 59 x Bone Block  pour 28.00β sur survie_new
[17:45:46] [ITEM_SOLD]: Limmazur vendu 64 x Flint à  Efysio pour 15.00 β le survie_new
[17:45:48] [ITEM_SOLD]: Limmazur vendu 64 x Flint à  Efysio pour 15.00 β le survie_new
[17:45:49] [ITEM_SOLD]: Limmazur vendu 64 x Flint à  Efysio pour 15.00 β le survie_new
[17:45:51] [ITEM_SOLD]: Limmazur vendu 42 x Flint à  Efysio pour 13.00 β le survie_new
[17:45:57] [ITEM_SOLD]: Yohan81 vendu 64 x Spruce Log à  Efysio pour 150.00 β le survie_new
[17:45:59] [ITEM_SOLD]: Yohan81 vendu 64 x Spruce Log à  Efysio pour 150.00 β le survie_new
[17:46:01] [ITEM_SOLD]: Yohan81 vendu 64 x Spruce Log à  Efysio pour 150.00 β le survie_new
[17:46:32] [ITEM_SOLD]: Limmazur vendu 64 x Feather à  Efysio pour 10.00 β le survie_new
[17:46:33] [ITEM_SOLD]: Limmazur vendu 64 x Feather à  Efysio pour 10.00 β le survie_new
[17:46:35] [ITEM_SOLD]: Limmazur vendu 64 x Feather à  Efysio pour 10.00 β le survie_new
[17:46:36] [ITEM_SOLD]: Limmazur vendu 30 x Feather à  Efysio pour 5.00 β le survie_new
[17:46:57] [ITEM_LISTED]: Limmazur vend 1 x Saddle  pour 500.00β sur survie_new
[17:46:59] [ITEM_LISTED]: Limmazur vend 1 x Saddle  pour 500.00β sur survie_new
[17:47:02] [ITEM_LISTED]: Limmazur vend 1 x Saddle  pour 500.00β sur survie_new
[17:47:46] [ITEM_SOLD]: Limmazur vendu 64 x Bone Block à  Isaorya pour 30.00 β le survie_new
[17:47:47] [ITEM_SOLD]: Limmazur vendu 64 x Bone Block à  Isaorya pour 30.00 β le survie_new
[17:49:18] [ITEM_LISTED]: Limmazur vend 64 x String  pour 13.00β sur survie_new
[17:49:21] [ITEM_LISTED]: Limmazur vend 64 x String  pour 13.00β sur survie_new
[17:49:26] [ITEM_LISTED]: Limmazur vend 46 x String  pour 10.00β sur survie_new
[17:53:37] [ITEM_LISTED]: Limmazur vend 55 x Rotten Flesh  pour 0.50β sur survie_new
[17:53:40] [ITEM_LISTED]: Limmazur vend 64 x Rotten Flesh  pour 0.50β sur survie_new
[17:53:42] [ITEM_LISTED]: Limmazur vend 64 x Rotten Flesh  pour 0.50β sur survie_new
[17:53:44] [ITEM_LISTED]: Limmazur vend 64 x Rotten Flesh  pour 0.50β sur survie_new
[17:54:41] [ITEM_LISTED]: Limmazur vend 34 x Bone Block  pour 25.00β sur survie_new
[17:59:43] [ITEM_SOLD]: KappaPride2008 vendu 1 x Enchanted Book à  Aorixsama pour 5,000.00 β le survie_new
[18:06:35] [ITEM_SOLD]: Limmazur vendu 1 x Saddle à  djm02 pour 500.00 β le survie_new
[18:18:29] [ITEM_SOLD]: Efysio vendu 1 x Enchanted Book à  Natvolh24 pour 9,500.00 β le survie_new
[18:18:44] [ITEM_SOLD]: Max_Le_Max vendu 1 x Émeraude Impeccable à  Yohan81 pour 5,000.00 β le survie_new
[18:20:10] [ITEM_LISTED]: Yohan81 vend 1 x La Grande Faucheuse  [Mending, Unbreaking VIII, Curse of Vanishing] pour 900,000.00β sur survie_new
[18:23:31] [ITEM_LISTED]: AzodFR vend 64 x Golden Carrot  pour 100.00β sur survie_new
[18:23:34] [ITEM_SOLD]: AzodFR vendu 64 x Golden Carrot à  Isaorya pour 100.00 β le survie_new
[18:36:41] [ITEM_CANCELLED]: Yohan81 annule la vente de 1x La Grande Faucheuse [Mending, Unbreaking VIII, Curse of Vanishing] pour 900,000.00β sur survie_new
[18:36:43] [ITEM_RETURNED]: 1 x La Grande Faucheuse  [Mending, Unbreaking VIII, Curse of Vanishing] renvoyé à Yohan81 le survie_new
[18:44:45] [ITEM_SOLD]: LLIcocoman_Hrz vendu 1 x Ominous Banner à  Isaorya pour 1,000.00 β le survie_new
[18:46:40] [ITEM_SOLD]: LLIcocoman_Hrz vendu 1 x Totem Of Undying à  Natvolh24 pour 1,000.00 β le survie_new
[18:48:20] [ITEM_LISTED]: Efysio vend 1 x Enchanted Book  pour 9,500.00β sur survie_new
[18:48:22] [ITEM_LISTED]: Efysio vend 1 x Enchanted Book  pour 9,500.00β sur survie_new
[18:48:24] [ITEM_LISTED]: Efysio vend 1 x Enchanted Book  pour 9,500.00β sur survie_new
[18:48:26] [ITEM_LISTED]: Efysio vend 1 x Enchanted Book  pour 9,500.00β sur survie_new
[18:48:29] [ITEM_LISTED]: Efysio vend 1 x Enchanted Book  pour 9,500.00β sur survie_new
[19:03:30] [ITEM_LISTED]: protocox vend 1 x Enchanted Book  pour 5,000.00β sur survie_new
[19:03:34] [ITEM_LISTED]: protocox vend 1 x Enchanted Book  pour 5,000.00β sur survie_new
[19:04:25] [ITEM_LISTED]: CroixVeBaton vend 64 x Gunpowder  pour 9,600.00β sur survie_new
[19:04:34] [ITEM_SOLD]: CroixVeBaton vendu 64 x Gunpowder à  Isaorya pour 9,600.00 β le survie_new
[19:05:31] [ITEM_SOLD]: LLIcocoman_Hrz vendu 1 x Experience Bottle à  Isaorya pour 500.00 β le survie_new
[19:28:16] [ITEM_LISTED]: CouzVeBaton vend 1 x Shulker Box  pour 1,500.00β sur survie_new
[19:28:18] [ITEM_LISTED]: CouzVeBaton vend 1 x Shulker Box  pour 1,500.00β sur survie_new
[19:28:19] [ITEM_LISTED]: CouzVeBaton vend 1 x Shulker Box  pour 1,500.00β sur survie_new
[19:28:20] [ITEM_LISTED]: CouzVeBaton vend 1 x Shulker Box  pour 1,500.00β sur survie_new
[19:28:21] [ITEM_LISTED]: CouzVeBaton vend 1 x Shulker Box  pour 1,500.00β sur survie_new
[19:28:22] [ITEM_LISTED]: CouzVeBaton vend 1 x Shulker Box  pour 1,500.00β sur survie_new
[19:28:23] [ITEM_LISTED]: CouzVeBaton vend 1 x Shulker Box  pour 1,500.00β sur survie_new
[19:28:23] [ITEM_LISTED]: CouzVeBaton vend 1 x Shulker Box  pour 1,500.00β sur survie_new
[19:28:25] [ITEM_LISTED]: CouzVeBaton vend 1 x Shulker Box  pour 1,500.00β sur survie_new
[19:28:31] [ITEM_LISTED]: CouzVeBaton vend 1 x Shulker Box  pour 1,500.00β sur survie_new
[19:28:32] [ITEM_LISTED]: CouzVeBaton vend 1 x Shulker Box  pour 1,500.00β sur survie_new
[19:28:33] [ITEM_LISTED]: CouzVeBaton vend 1 x Shulker Box  pour 1,500.00β sur survie_new
[19:28:34] [ITEM_LISTED]: CouzVeBaton vend 1 x Shulker Box  pour 1,500.00β sur survie_new
[19:28:36] [ITEM_LISTED]: CouzVeBaton vend 1 x Shulker Box  pour 1,500.00β sur survie_new
[19:28:37] [ITEM_LISTED]: CouzVeBaton vend 1 x Shulker Box  pour 1,500.00β sur survie_new
[19:28:39] [ITEM_LISTED]: CouzVeBaton vend 1 x Shulker Box  pour 1,500.00β sur survie_new
[19:28:40] [ITEM_LISTED]: CouzVeBaton vend 1 x Shulker Box  pour 1,500.00β sur survie_new
[19:28:41] [ITEM_LISTED]: CouzVeBaton vend 1 x Shulker Box  pour 1,500.00β sur survie_new
[19:28:47] [ITEM_LISTED]: CouzVeBaton vend 1 x Shulker Box  pour 1,500.00β sur survie_new
[19:28:49] [ITEM_LISTED]: CouzVeBaton vend 1 x Shulker Box  pour 1,500.00β sur survie_new
[19:28:51] [ITEM_LISTED]: CouzVeBaton vend 1 x Shulker Box  pour 1,500.00β sur survie_new
[19:28:52] [ITEM_LISTED]: CouzVeBaton vend 1 x Shulker Box  pour 1,500.00β sur survie_new
[19:28:53] [ITEM_LISTED]: CouzVeBaton vend 1 x Shulker Box  pour 1,500.00β sur survie_new
[19:28:54] [ITEM_SOLD]: CouzVeBaton vendu 1 x Shulker Box à  Isaorya pour 1,500.00 β le survie_new
[19:28:55] [ITEM_LISTED]: CouzVeBaton vend 1 x Shulker Box  pour 1,500.00β sur survie_new
[19:28:55] [ITEM_SOLD]: CouzVeBaton vendu 1 x Shulker Box à  Isaorya pour 1,500.00 β le survie_new
[19:28:56] [ITEM_SOLD]: CouzVeBaton vendu 1 x Shulker Box à  Isaorya pour 1,500.00 β le survie_new
[19:28:58] [ITEM_LISTED]: CouzVeBaton vend 1 x Shulker Box  pour 1,500.00β sur survie_new
[19:28:58] [ITEM_SOLD]: CouzVeBaton vendu 1 x Shulker Box à  Isaorya pour 1,500.00 β le survie_new
[19:28:59] [ITEM_LISTED]: CouzVeBaton vend 1 x Shulker Box  pour 1,500.00β sur survie_new
[19:28:59] [ITEM_SOLD]: CouzVeBaton vendu 1 x Shulker Box à  Isaorya pour 1,500.00 β le survie_new
[19:29:01] [ITEM_LISTED]: CouzVeBaton vend 1 x Shulker Box  pour 1,500.00β sur survie_new
[19:29:10] [ITEM_LISTED]: CouzVeBaton vend 1 x Shulker Box  pour 1,500.00β sur survie_new
[19:29:11] [ITEM_LISTED]: CouzVeBaton vend 1 x Shulker Box  pour 1,500.00β sur survie_new
[19:29:12] [ITEM_LISTED]: CouzVeBaton vend 1 x Shulker Box  pour 1,500.00β sur survie_new
[19:29:13] [ITEM_LISTED]: CouzVeBaton vend 1 x Shulker Box  pour 1,500.00β sur survie_new
[19:29:14] [ITEM_LISTED]: CouzVeBaton vend 1 x Shulker Box  pour 1,500.00β sur survie_new
[19:29:15] [ITEM_LISTED]: CouzVeBaton vend 1 x Shulker Box  pour 1,500.00β sur survie_new
[19:29:23] [ITEM_LISTED]: CouzVeBaton vend 1 x Shulker Box  pour 1,500.00β sur survie_new
[19:29:24] [ITEM_LISTED]: CouzVeBaton vend 1 x Shulker Box  pour 1,500.00β sur survie_new
[19:29:25] [ITEM_LISTED]: CouzVeBaton vend 1 x Shulker Box  pour 1,500.00β sur survie_new
[19:29:33] [ITEM_LISTED]: CouzVeBaton vend 1 x Shulker Box  pour 1,500.00β sur survie_new
[19:29:34] [ITEM_LISTED]: CouzVeBaton vend 1 x Shulker Box  pour 1,500.00β sur survie_new
[19:29:35] [ITEM_LISTED]: CouzVeBaton vend 1 x Shulker Box  pour 1,500.00β sur survie_new
[19:29:37] [ITEM_LISTED]: CouzVeBaton vend 1 x Shulker Box  pour 1,500.00β sur survie_new
[19:29:37] [ITEM_LISTED]: CouzVeBaton vend 1 x Shulker Box  pour 1,500.00β sur survie_new
[19:29:38] [ITEM_LISTED]: CouzVeBaton vend 1 x Shulker Box  pour 1,500.00β sur survie_new
[19:29:40] [ITEM_LISTED]: CouzVeBaton vend 1 x Shulker Box  pour 1,500.00β sur survie_new
[19:29:46] [ITEM_LISTED]: CouzVeBaton vend 1 x Shulker Box  pour 1,500.00β sur survie_new
[19:29:47] [ITEM_LISTED]: CouzVeBaton vend 1 x Shulker Box  pour 1,500.00β sur survie_new
[19:29:53] [ITEM_LISTED]: Floraz vend 64 x Bamboo  pour 100.00β sur survie_new
[19:29:55] [ITEM_LISTED]: CouzVeBaton vend 1 x Shulker Box  pour 1,500.00β sur survie_new
[19:29:56] [ITEM_LISTED]: CouzVeBaton vend 1 x Shulker Box  pour 1,500.00β sur survie_new
[19:29:57] [ITEM_LISTED]: CouzVeBaton vend 1 x Shulker Box  pour 1,500.00β sur survie_new
[19:29:58] [ITEM_LISTED]: CouzVeBaton vend 1 x Shulker Box  pour 1,500.00β sur survie_new
[19:29:59] [ITEM_LISTED]: CouzVeBaton vend 1 x Shulker Box  pour 1,500.00β sur survie_new
[19:29:59] [ITEM_LISTED]: CouzVeBaton vend 1 x Shulker Box  pour 1,500.00β sur survie_new
[19:30:00] [ITEM_LISTED]: CouzVeBaton vend 1 x Shulker Box  pour 1,500.00β sur survie_new
[19:30:01] [ITEM_LISTED]: CouzVeBaton vend 1 x Shulker Box  pour 1,500.00β sur survie_new
[19:30:02] [ITEM_LISTED]: CouzVeBaton vend 1 x Shulker Box  pour 1,500.00β sur survie_new
[19:30:04] [ITEM_LISTED]: Floraz vend 64 x Bamboo  pour 100.00β sur survie_new
[19:30:08] [ITEM_LISTED]: Floraz vend 64 x Bamboo  pour 100.00β sur survie_new
[19:30:09] [ITEM_LISTED]: CouzVeBaton vend 1 x Shulker Box  pour 1,500.00β sur survie_new
[19:30:10] [ITEM_LISTED]: CouzVeBaton vend 1 x Shulker Box  pour 1,500.00β sur survie_new
[19:30:10] [ITEM_LISTED]: CouzVeBaton vend 1 x Shulker Box  pour 1,500.00β sur survie_new
[19:30:11] [ITEM_LISTED]: CouzVeBaton vend 1 x Shulker Box  pour 1,500.00β sur survie_new
[19:30:12] [ITEM_LISTED]: CouzVeBaton vend 1 x Shulker Box  pour 1,500.00β sur survie_new
[19:30:12] [ITEM_LISTED]: Floraz vend 64 x Bamboo  pour 100.00β sur survie_new
[19:30:13] [ITEM_LISTED]: CouzVeBaton vend 1 x Shulker Box  pour 1,500.00β sur survie_new
[19:30:14] [ITEM_LISTED]: CouzVeBaton vend 1 x Shulker Box  pour 1,500.00β sur survie_new
[19:30:14] [ITEM_LISTED]: CouzVeBaton vend 1 x Shulker Box  pour 1,500.00β sur survie_new
[19:30:15] [ITEM_LISTED]: CouzVeBaton vend 1 x Shulker Box  pour 1,500.00β sur survie_new
[19:30:18] [ITEM_LISTED]: Floraz vend 64 x Bamboo  pour 100.00β sur survie_new
[19:30:20] [ITEM_LISTED]: CouzVeBaton vend 1 x Shulker Box  pour 1,500.00β sur survie_new
[19:30:21] [ITEM_LISTED]: Floraz vend 64 x Bamboo  pour 100.00β sur survie_new
[19:30:21] [ITEM_LISTED]: CouzVeBaton vend 1 x Shulker Box  pour 1,500.00β sur survie_new
[19:30:22] [ITEM_LISTED]: CouzVeBaton vend 1 x Shulker Box  pour 1,500.00β sur survie_new
[19:30:22] [ITEM_LISTED]: CouzVeBaton vend 1 x Shulker Box  pour 1,500.00β sur survie_new
[19:30:23] [ITEM_LISTED]: Floraz vend 64 x Bamboo  pour 100.00β sur survie_new
[19:30:24] [ITEM_LISTED]: CouzVeBaton vend 1 x Shulker Box  pour 1,500.00β sur survie_new
[19:30:25] [ITEM_LISTED]: CouzVeBaton vend 1 x Shulker Box  pour 1,500.00β sur survie_new
[19:30:26] [ITEM_LISTED]: CouzVeBaton vend 1 x Shulker Box  pour 1,500.00β sur survie_new
[19:30:27] [ITEM_LISTED]: CouzVeBaton vend 1 x Shulker Box  pour 1,500.00β sur survie_new
[19:30:29] [ITEM_LISTED]: CouzVeBaton vend 1 x Shulker Box  pour 1,500.00β sur survie_new
[19:30:35] [ITEM_LISTED]: CouzVeBaton vend 1 x Shulker Box  pour 1,500.00β sur survie_new
[19:30:36] [ITEM_LISTED]: CouzVeBaton vend 1 x Shulker Box  pour 1,500.00β sur survie_new
[19:30:38] [ITEM_LISTED]: CouzVeBaton vend 1 x Shulker Box  pour 1,500.00β sur survie_new
[19:30:39] [ITEM_LISTED]: CouzVeBaton vend 1 x Shulker Box  pour 1,500.00β sur survie_new
[19:30:40] [ITEM_LISTED]: CouzVeBaton vend 1 x Shulker Box  pour 1,500.00β sur survie_new
[19:30:41] [ITEM_LISTED]: CouzVeBaton vend 1 x Shulker Box  pour 1,500.00β sur survie_new
[19:30:42] [ITEM_LISTED]: CouzVeBaton vend 1 x Shulker Box  pour 1,500.00β sur survie_new
[19:30:44] [ITEM_LISTED]: CouzVeBaton vend 1 x Shulker Box  pour 1,500.00β sur survie_new
[19:30:45] [ITEM_LISTED]: CouzVeBaton vend 1 x Shulker Box  pour 1,500.00β sur survie_new
[19:30:51] [ITEM_LISTED]: CouzVeBaton vend 1 x Shulker Box  pour 1,500.00β sur survie_new
[19:30:53] [ITEM_LISTED]: CouzVeBaton vend 1 x Shulker Box  pour 1,500.00β sur survie_new
[19:30:55] [ITEM_LISTED]: CouzVeBaton vend 1 x Shulker Box  pour 1,500.00β sur survie_new
[19:30:56] [ITEM_LISTED]: CouzVeBaton vend 1 x Shulker Box  pour 1,500.00β sur survie_new
[19:30:56] [ITEM_LISTED]: CouzVeBaton vend 1 x Shulker Box  pour 1,500.00β sur survie_new
[19:30:57] [ITEM_LISTED]: CouzVeBaton vend 1 x Shulker Box  pour 1,500.00β sur survie_new
[19:30:58] [ITEM_LISTED]: CouzVeBaton vend 1 x Shulker Box  pour 1,500.00β sur survie_new
[19:30:59] [ITEM_LISTED]: CouzVeBaton vend 1 x Shulker Box  pour 1,500.00β sur survie_new
[19:31:00] [ITEM_LISTED]: CouzVeBaton vend 1 x Shulker Box  pour 1,500.00β sur survie_new
[19:31:07] [ITEM_LISTED]: CouzVeBaton vend 1 x Shulker Box  pour 1,500.00β sur survie_new
[19:31:08] [ITEM_LISTED]: CouzVeBaton vend 1 x Shulker Box  pour 1,500.00β sur survie_new
[19:31:09] [ITEM_LISTED]: CouzVeBaton vend 1 x Shulker Box  pour 1,500.00β sur survie_new
[19:31:10] [ITEM_LISTED]: CouzVeBaton vend 1 x Shulker Box  pour 1,500.00β sur survie_new
[19:31:11] [ITEM_LISTED]: CouzVeBaton vend 1 x Shulker Box  pour 1,500.00β sur survie_new
[19:31:12] [ITEM_LISTED]: CouzVeBaton vend 1 x Shulker Box  pour 1,500.00β sur survie_new
[19:31:13] [ITEM_LISTED]: CouzVeBaton vend 1 x Shulker Box  pour 1,500.00β sur survie_new
[19:31:17] [ITEM_LISTED]: CouzVeBaton vend 1 x Shulker Box  pour 1,500.00β sur survie_new
[19:31:18] [ITEM_LISTED]: CouzVeBaton vend 1 x Shulker Box  pour 1,500.00β sur survie_new
[19:31:19] [ITEM_LISTED]: CouzVeBaton vend 1 x Shulker Box  pour 1,500.00β sur survie_new
[19:31:20] [ITEM_LISTED]: CouzVeBaton vend 1 x Shulker Box  pour 1,500.00β sur survie_new
[19:31:20] [ITEM_LISTED]: CouzVeBaton vend 1 x Shulker Box  pour 1,500.00β sur survie_new
[19:31:21] [ITEM_LISTED]: CouzVeBaton vend 1 x Shulker Box  pour 1,500.00β sur survie_new
[19:31:22] [ITEM_LISTED]: CouzVeBaton vend 1 x Shulker Box  pour 1,500.00β sur survie_new
[19:31:24] [ITEM_LISTED]: CouzVeBaton vend 1 x Shulker Box  pour 1,500.00β sur survie_new
[19:32:02] [ITEM_SOLD]: Floraz vendu 64 x Bamboo à  CouzVeBaton pour 100.00 β le survie_new
[19:32:03] [ITEM_SOLD]: Floraz vendu 64 x Bamboo à  CouzVeBaton pour 100.00 β le survie_new
[19:32:05] [ITEM_SOLD]: Floraz vendu 64 x Bamboo à  CouzVeBaton pour 100.00 β le survie_new
[19:32:07] [ITEM_SOLD]: Floraz vendu 64 x Bamboo à  CouzVeBaton pour 100.00 β le survie_new
[19:32:09] [ITEM_SOLD]: Floraz vendu 64 x Bamboo à  CouzVeBaton pour 100.00 β le survie_new
[19:32:10] [ITEM_SOLD]: Floraz vendu 64 x Bamboo à  CouzVeBaton pour 100.00 β le survie_new
[19:32:11] [ITEM_SOLD]: Floraz vendu 64 x Bamboo à  CouzVeBaton pour 100.00 β le survie_new
[19:34:55] [ITEM_LISTED]: Efysio vend 1 x Elytra  [Mending, Unbreaking III] pour 40,000.00β sur survie_new
[19:36:17] [ITEM_SOLD]: Isaorya vendu 64 x Dirt à  Efysio pour 1.00 β le survie_new
[19:36:18] [ITEM_SOLD]: Isaorya vendu 64 x Dirt à  Efysio pour 1.00 β le survie_new
[19:36:19] [ITEM_SOLD]: Isaorya vendu 64 x Dirt à  Efysio pour 1.00 β le survie_new
[19:36:20] [ITEM_SOLD]: Isaorya vendu 64 x Dirt à  Efysio pour 1.00 β le survie_new
[19:36:21] [ITEM_SOLD]: Isaorya vendu 64 x Dirt à  Efysio pour 1.00 β le survie_new
[19:36:23] [ITEM_SOLD]: Isaorya vendu 64 x Dirt à  Efysio pour 1.00 β le survie_new
[19:36:24] [ITEM_SOLD]: Isaorya vendu 64 x Dirt à  Efysio pour 1.00 β le survie_new
[19:36:25] [ITEM_SOLD]: Isaorya vendu 64 x Dirt à  Efysio pour 1.00 β le survie_new
[19:36:26] [ITEM_SOLD]: Isaorya vendu 64 x Dirt à  Efysio pour 1.00 β le survie_new
[19:36:29] [ITEM_SOLD]: Isaorya vendu 64 x Dirt à  Efysio pour 1.00 β le survie_new
[19:36:32] [ITEM_SOLD]: Isaorya vendu 64 x Dirt à  Efysio pour 1.00 β le survie_new
[19:47:13] [ITEM_SOLD]: CouzVeBaton vendu 1 x Shulker Box à  Isaorya pour 1,500.00 β le survie_new
[19:48:46] [ITEM_SOLD]: CouzVeBaton vendu 1 x Shulker Box à  Isaorya pour 1,500.00 β le survie_new
[19:59:33] [ITEM_SOLD]: Kanntin vendu 1 x §;§:Spawner Cave spider x1 à  Isaorya pour 5,000.00 β le survie_new
[20:02:09] [ITEM_LISTED]: La_Big_Fatima vend 1 x §;§:Spawner Cave spider x1  pour 3,600.00β sur survie_new
[20:02:18] [ITEM_SOLD]: le_lait vendu 1 x §;§:Spawner Cave spider x1 à  brimiil pour 4,000.00 β le survie_new
[20:02:29] [ITEM_SOLD]: La_Big_Fatima vendu 1 x §;§:Spawner Cave spider x1 à  brimiil pour 3,600.00 β le survie_new
[20:06:59] [ITEM_SOLD]: protocox vendu 1 x Enchanted Book à  R0wZen pour 5,000.00 β le survie_new
[20:07:35] [ITEM_LISTED]: Floraz vend 64 x Bamboo  pour 100.00β sur survie_new
[20:07:38] [ITEM_LISTED]: Floraz vend 64 x Bamboo  pour 100.00β sur survie_new
[20:07:41] [ITEM_LISTED]: Floraz vend 64 x Bamboo  pour 100.00β sur survie_new
[20:07:45] [ITEM_LISTED]: Floraz vend 64 x Bamboo  pour 100.00β sur survie_new
[20:07:50] [ITEM_LISTED]: Floraz vend 64 x Bamboo  pour 100.00β sur survie_new
[20:10:19] [ITEM_SOLD]: protocox vendu 1 x Enchanted Book à  R0wZen pour 5,000.00 β le survie_new
[20:14:18] [ITEM_SOLD]: h_ney vendu 64 x White Wool à  Natvolh24 pour 700.00 β le survie_new
[20:33:46] [ITEM_SOLD]: Limmazur vendu 64 x Bone Block à  Minebark pour 30.00 β le survie_new
[20:33:48] [ITEM_SOLD]: Limmazur vendu 64 x Bone Block à  Minebark pour 30.00 β le survie_new
[20:33:51] [ITEM_SOLD]: Limmazur vendu 59 x Bone Block à  Minebark pour 28.00 β le survie_new
[20:33:53] [ITEM_SOLD]: Limmazur vendu 11 x Bone Block à  Minebark pour 10.00 β le survie_new
[20:33:55] [ITEM_SOLD]: Limmazur vendu 34 x Bone Block à  Minebark pour 25.00 β le survie_new
[20:36:07] [ITEM_LISTED]: Flacabon vend 1 x Diamond Sword  [Fire Aspect I, Knockback I, Smite III] pour 4,500.00β sur survie_new
[20:51:52] [ITEM_SOLD]: CouzVeBaton vendu 1 x Shulker Box à  Isaorya pour 1,500.00 β le survie_new
[21:42:28] [ITEM_SOLD]: Limmazur vendu 46 x String à  le_fou_fighter pour 10.00 β le survie_new
[21:42:29] [ITEM_SOLD]: Limmazur vendu 64 x String à  le_fou_fighter pour 13.00 β le survie_new
[21:42:31] [ITEM_SOLD]: Limmazur vendu 64 x String à  le_fou_fighter pour 13.00 β le survie_new
[21:42:41] [ITEM_SOLD]: h_ney vendu 61 x White Wool à  le_fou_fighter pour 675.00 β le survie_new
[21:42:43] [ITEM_SOLD]: h_ney vendu 30 x White Wool à  le_fou_fighter pour 350.00 β le survie_new
[21:42:48] [ITEM_SOLD]: h_ney vendu 64 x String à  le_fou_fighter pour 10.00 β le survie_new
[21:44:14] [ITEM_SOLD]: h_ney vendu 64 x String à  le_fou_fighter pour 10.00 β le survie_new
[21:44:18] [ITEM_SOLD]: h_ney vendu 64 x String à  le_fou_fighter pour 10.00 β le survie_new
[21:44:38] [ITEM_SOLD]: h_ney vendu 64 x String à  le_fou_fighter pour 10.00 β le survie_new
[21:45:12] [ITEM_SOLD]: h_ney vendu 64 x String à  le_fou_fighter pour 10.00 β le survie_new
[21:51:35] [ITEM_RETURNED]: 64 x Melon Slice  renvoyé à pouille le survie_new
[21:51:35] [ITEM_RETURNED]: 64 x Melon Slice  renvoyé à pouille le survie_new
[21:51:35] [ITEM_RETURNED]: 64 x Melon Slice  renvoyé à pouille le survie_new
[21:51:35] [ITEM_RETURNED]: 64 x Melon Slice  renvoyé à pouille le survie_new
[21:51:35] [ITEM_RETURNED]: 64 x Melon Slice  renvoyé à pouille le survie_new
[21:51:35] [ITEM_RETURNED]: 64 x Melon Slice  renvoyé à pouille le survie_new
[21:51:35] [ITEM_RETURNED]: 64 x Melon Slice  renvoyé à pouille le survie_new
[21:51:35] [ITEM_RETURNED]: 59 x Melon  renvoyé à pouille le survie_new
[21:51:35] [ITEM_RETURNED]: 1 x Iron Sword  renvoyé à pouille le survie_new
[21:51:35] [ITEM_RETURNED]: 64 x Melon  renvoyé à pouille le survie_new
[21:51:35] [ITEM_RETURNED]: 1 x Bow  [Flame, Infinity] renvoyé à pouille le survie_new
[21:54:18] [ITEM_SOLD]: Janechoo27 vendu 64 x Arrow à  Lehnace pour 40.00 β le survie_new
[21:54:21] [ITEM_SOLD]: Janechoo27 vendu 64 x Arrow à  Lehnace pour 40.00 β le survie_new
[21:57:30] [ITEM_SOLD]: xytrill vendu 1 x Diamond Sword à  [Knockback I, Looting III, Sharpness V, Unbreaking III] brimiil pour 8,000.00 β le survie_new
[22:03:19] [ITEM_SOLD]: Doomsmen vendu 1 x Saddle à  gregjacq1 pour 750.00 β le survie_new
[22:44:10] [ITEM_SOLD]: CroixVeBaton vendu 1 x Bow à  [Flame, Infinity] PSY_Kill3R pour 2,000.00 β le survie_new
[23:37:55] [ITEM_SOLD]: Janechoo27 vendu 64 x Bone à  Lehnace pour 40.00 β le survie_new
[23:42:19] [ITEM_SOLD]: h_ney vendu 64 x String à  Lehnace pour 10.00 β le survie_new
[23:42:21] [ITEM_SOLD]: h_ney vendu 64 x String à  Lehnace pour 10.00 β le survie_new
[23:42:24] [ITEM_SOLD]: h_ney vendu 64 x String à  Lehnace pour 10.00 β le survie_new
[23:43:10] [ITEM_SOLD]: h_ney vendu 64 x String à  Lehnace pour 10.00 β le survie_new
[23:43:12] [ITEM_SOLD]: h_ney vendu 64 x String à  Lehnace pour 10.00 β le survie_new
[23:43:14] [ITEM_SOLD]: h_ney vendu 64 x String à  Lehnace pour 10.00 β le survie_new
[23:43:16] [ITEM_SOLD]: h_ney vendu 64 x String à  Lehnace pour 10.00 β le survie_new
[23:43:17] [ITEM_SOLD]: h_ney vendu 64 x String à  Lehnace pour 10.00 β le survie_new
[23:43:19] [ITEM_SOLD]: h_ney vendu 64 x String à  Lehnace pour 10.00 β le survie_new
[23:43:20] [ITEM_SOLD]: h_ney vendu 64 x String à  Lehnace pour 10.00 β le survie_new
[23:43:22] [ITEM_SOLD]: h_ney vendu 64 x String à  Lehnace pour 10.00 β le survie_new
[23:47:49] [ITEM_SOLD]: h_ney vendu 50 x String à  Lehnace pour 10.00 β le survie_new
[23:47:52] [ITEM_SOLD]: h_ney vendu 64 x String à  Lehnace pour 10.00 β le survie_new
[23:48:28] [ITEM_SOLD]: h_ney vendu 64 x String à  Lehnace pour 10.00 β le survie_new
[23:49:01] [ITEM_SOLD]: Efysio vendu 1 x Enchanted Book à  Natvolh24 pour 9,500.00 β le survie_new
[23:55:49] [ITEM_SOLD]: h_ney vendu 64 x String à  Lehnace pour 10.00 β le survie_new
[23:59:46] [ITEM_RETURNED]: 1 x rolex de luxe  renvoyé à ticiatrhd le survie_new
[23:59:46] [ITEM_RETURNED]: 64 x Ipad en or  renvoyé à ticiatrhd le survie_new
