[00:20:09] [ITEM_LISTED]: Tarnuk vend 1 x Diamond Pickaxe  [Efficiency IV, Unbreaking III] pour 600.00β sur survie_new
[00:20:11] [ITEM_LISTED]: Tarnuk vend 1 x Diamond Pickaxe  [Efficiency IV, Fortune II] pour 600.00β sur survie_new
[01:01:11] [ITEM_SOLD]: Tarnuk vendu 1 x Diamond Pickaxe à  [Efficiency IV, Fortune II] Karazhar pour 600.00 β le survie_new
[01:01:13] [ITEM_SOLD]: Tarnuk vendu 1 x Diamond Pickaxe à  [Efficiency IV, Unbreaking III] Karazhar pour 600.00 β le survie_new
[01:01:39] [ITEM_LISTED]: Karazhar vend 1 x Diamond Pickaxe  [Efficiency V, Fortune II, Unbreaking III] pour 2,500.00β sur survie_new
[01:02:04] [ITEM_CANCELLED]: Karazhar annule la vente de 1x Diamond Pickaxe [Efficiency V, Fortune II, Unbreaking III] pour 2,500.00β sur survie_new
[01:02:06] [ITEM_RETURNED]: 1 x Diamond Pickaxe  [Efficiency V, Fortune II, Unbreaking III] renvoyé à Karazhar le survie_new
[01:02:12] [ITEM_LISTED]: Karazhar vend 1 x Diamond Pickaxe  [Efficiency V, Fortune II, Unbreaking III] pour 1,700.00β sur survie_new
[01:36:09] [ITEM_LISTED]: Efysio vend 1 x Woman  pour 10,000.00β sur survie_new
[01:36:14] [ITEM_LISTED]: Efysio vend 1 x Minesweeper 8 Tile  pour 10,000.00β sur survie_new
[09:03:41] [ITEM_LISTED]: Max_Le_Max vend 1 x §;§:Cave spider Spawner 1x  pour 4,500.00β sur survie_new
[09:07:59] [ITEM_CANCELLED]: Max_Le_Max annule la vente de 8x Tipped Arrow pour 333.00β sur survie_new
[09:07:59] [ITEM_CANCELLED]: Max_Le_Max annule la vente de 1x Music Disc 13 pour 333.33β sur survie_new
[09:08:00] [ITEM_CANCELLED]: Max_Le_Max annule la vente de 1x Music Disc 13 pour 333.33β sur survie_new
[09:08:00] [ITEM_CANCELLED]: Max_Le_Max annule la vente de 6x Perle pour 333.00β sur survie_new
[09:08:02] [ITEM_RETURNED]: 6 x Perle  renvoyé à Max_Le_Max le survie_new
[09:08:02] [ITEM_RETURNED]: 1 x Music Disc 13  renvoyé à Max_Le_Max le survie_new
[09:08:02] [ITEM_RETURNED]: 1 x Music Disc 13  renvoyé à Max_Le_Max le survie_new
[09:08:02] [ITEM_RETURNED]: 8 x Tipped Arrow  renvoyé à Max_Le_Max le survie_new
[09:25:07] [ITEM_SOLD]: Natvolh24 vendu 43 x Gunpowder à  Karazhar pour 6,500.00 β le survie_new
[09:28:56] [ITEM_SOLD]: Natvolh24 vendu 1 x Squid Spawn Egg à  brimiil pour 2,500.00 β le survie_new
[09:28:57] [ITEM_SOLD]: Max_Le_Max vendu 1 x §;§:Cave spider Spawner 1x à  brimiil pour 4,500.00 β le survie_new
[09:44:33] [ITEM_SOLD]: pikatchou82 vendu 1 x full enclumes à  Max_Le_Max pour 10,000.00 β le survie_new
[09:50:48] [ITEM_LISTED]: Max_Le_Max vend 1 x §;§:Cave spider Spawner 1x  pour 4,500.00β sur survie_new
[10:03:37] [ITEM_SOLD]: pikatchou82 vendu 64 x Golden Apple à  Karazhar pour 3,000.00 β le survie_new
[10:03:39] [ITEM_SOLD]: pikatchou82 vendu 64 x Golden Apple à  Karazhar pour 3,000.00 β le survie_new
[10:17:34] [ITEM_LISTED]: Starlock_1 vend 64 x Iron Block  pour 4,600.00β sur survie_new
[10:18:08] [ITEM_SOLD]: Starlock_1 vendu 64 x Iron Block à  Karazhar pour 4,600.00 β le survie_new
[11:09:27] [ITEM_SOLD]: Efysio vendu 1 x Woman à  blazou38 pour 10,000.00 β le survie_new
[11:09:28] [ITEM_SOLD]: Efysio vendu 1 x Minesweeper 8 Tile à  blazou38 pour 10,000.00 β le survie_new
[11:29:11] [ITEM_SOLD]: Stebanou vendu 64 x Birch Log à  Isaorya pour 150.00 β le survie_new
[11:40:14] [ITEM_LISTED]: pikatchou82 vend 1 x trooo simple a avoir  pour 1.00β sur survie_new
[11:40:20] [ITEM_LISTED]: pikatchou82 vend 1 x dommage ya rien XD  pour 1.00β sur survie_new
[11:40:23] [ITEM_SOLD]: pikatchou82 vendu 1 x dommage ya rien XD à  ticiatrhd pour 1.00 β le survie_new
[11:40:25] [ITEM_SOLD]: pikatchou82 vendu 1 x trooo simple a avoir à  ticiatrhd pour 1.00 β le survie_new
[11:41:14] [ITEM_CANCELLED]: Natvolh24 annule la vente de 1x Dolphin Spawn Egg pour 4,500.00β sur survie_new
[11:41:17] [ITEM_RETURNED]: 1 x Dolphin Spawn Egg  renvoyé à Natvolh24 le survie_new
[12:11:04] [ITEM_SOLD]: pikatchou82 vendu 64 x Golden Apple à  Ddd_lebss pour 3,000.00 β le survie_new
[12:11:05] [ITEM_SOLD]: Max_Le_Max vendu 1 x §;§:Cave spider Spawner 1x à  Natvolh24 pour 4,500.00 β le survie_new
[13:38:44] [ITEM_LISTED]: Lacourgette vend 1 x Diamond Pickaxe  [Efficiency IV, Fortune III, Mending, Unbreaking III] pour 5,000.00β sur survie_new
[14:29:51] [ITEM_LISTED]: Starlock_1 vend 29 x Iron Block  pour 1,700.00β sur survie_new
[14:29:55] [ITEM_SOLD]: Starlock_1 vendu 29 x Iron Block à  Lacourgette pour 1,700.00 β le survie_new
[14:42:55] [ITEM_LISTED]: Starlock_1 vend 45 x Iron Block  pour 6,000.00β sur survie_new
[14:43:21] [ITEM_SOLD]: Starlock_1 vendu 45 x Iron Block à  pikatchou82 pour 6,000.00 β le survie_new
[14:43:36] [ITEM_LISTED]: Starlock_1 vend 30 x Gold Block  pour 5,400.00β sur survie_new
[14:44:09] [ITEM_SOLD]: Starlock_1 vendu 30 x Gold Block à  pikatchou82 pour 5,400.00 β le survie_new
[14:55:16] [ITEM_LISTED]: Aorixsama vend 1 x Enchanted Book  pour 6,499.00β sur survie_new
[14:55:19] [ITEM_LISTED]: Aorixsama vend 1 x Enchanted Book  pour 6,499.00β sur survie_new
[14:55:22] [ITEM_LISTED]: Aorixsama vend 1 x Enchanted Book  pour 6,499.00β sur survie_new
[14:55:26] [ITEM_LISTED]: Aorixsama vend 1 x Enchanted Book  pour 6,499.00β sur survie_new
[14:56:13] [ITEM_SOLD]: Karazhar vendu 1 x Diamond Pickaxe à  [Efficiency V, Fortune II, Unbreaking III] The_Gamer4406 pour 1,700.00 β le survie_new
[14:56:24] [ITEM_LISTED]: pikatchou82 vend 1 x Name Tag  pour 1.00β sur survie_new
[14:56:27] [ITEM_SOLD]: pikatchou82 vendu 1 x Name Tag à  Lacourgette pour 1.00 β le survie_new
[15:05:27] [ITEM_SOLD]: Lacourgette vendu 1 x Diamond Pickaxe à  [Efficiency IV, Fortune III, Mending, Unbreaking III] Futsiph pour 5,000.00 β le survie_new
[15:10:16] [ITEM_SOLD]: Stebanou vendu 64 x Dark Oak Log à  Efysio pour 150.00 β le survie_new
[15:10:18] [ITEM_SOLD]: Stebanou vendu 64 x Oak Log à  Efysio pour 150.00 β le survie_new
[15:10:19] [ITEM_SOLD]: Stebanou vendu 64 x Jungle Log à  Efysio pour 150.00 β le survie_new
[15:10:20] [ITEM_SOLD]: Stebanou vendu 64 x Oak Log à  Efysio pour 150.00 β le survie_new
[15:10:21] [ITEM_SOLD]: Stebanou vendu 64 x Dark Oak Log à  Efysio pour 150.00 β le survie_new
[15:10:22] [ITEM_SOLD]: Stebanou vendu 64 x Jungle Log à  Efysio pour 150.00 β le survie_new
[15:29:43] [ITEM_RETURNED]: 1 x Diamond Helmet  renvoyé à CroixVeBaton le survie_new
[15:29:43] [ITEM_RETURNED]: 1 x Diamond Shovel  [Silk Touch] renvoyé à CroixVeBaton le survie_new
[15:29:43] [ITEM_RETURNED]: 1 x Diamond Sword  [Knockback I, Looting II] renvoyé à CroixVeBaton le survie_new
[15:29:43] [ITEM_RETURNED]: 1 x Diamond Pickaxe  [Silk Touch] renvoyé à CroixVeBaton le survie_new
[15:29:43] [ITEM_RETURNED]: 1 x Diamond Pickaxe  [Silk Touch] renvoyé à CroixVeBaton le survie_new
[15:29:43] [ITEM_RETURNED]: 1 x Diamond Pickaxe  [Silk Touch] renvoyé à CroixVeBaton le survie_new
[15:29:43] [ITEM_RETURNED]: 1 x Diamond Helmet  [Aqua Affinity] renvoyé à CroixVeBaton le survie_new
[15:29:43] [ITEM_RETURNED]: 1 x Bow  [Flame, Infinity] renvoyé à CroixVeBaton le survie_new
[15:29:43] [ITEM_RETURNED]: 1 x Diamond Hoe  [Unbreaking II] renvoyé à CroixVeBaton le survie_new
[15:29:43] [ITEM_RETURNED]: 1 x Bow  [Flame, Infinity] renvoyé à CroixVeBaton le survie_new
[15:29:43] [ITEM_RETURNED]: 1 x Fishing Rod  [Lure I] renvoyé à CroixVeBaton le survie_new
[15:29:43] [ITEM_RETURNED]: 1 x Diamond Helmet  [Aqua Affinity] renvoyé à CroixVeBaton le survie_new
[15:29:43] [ITEM_RETURNED]: 1 x Diamond Helmet  [Aqua Affinity] renvoyé à CroixVeBaton le survie_new
[15:29:43] [ITEM_RETURNED]: 1 x Diamond Helmet  [Aqua Affinity] renvoyé à CroixVeBaton le survie_new
[15:29:43] [ITEM_RETURNED]: 1 x Diamond Sword  [Knockback I, Looting II] renvoyé à CroixVeBaton le survie_new
[15:29:43] [ITEM_RETURNED]: 1 x Diamond Helmet  [Aqua Affinity] renvoyé à CroixVeBaton le survie_new
[15:29:43] [ITEM_RETURNED]: 1 x Diamond Sword  [Knockback I, Looting II] renvoyé à CroixVeBaton le survie_new
[15:29:43] [ITEM_RETURNED]: 1 x Diamond Helmet  [Aqua Affinity] renvoyé à CroixVeBaton le survie_new
[15:29:43] [ITEM_RETURNED]: 1 x Bow  [Flame, Infinity] renvoyé à CroixVeBaton le survie_new
[15:29:43] [ITEM_RETURNED]: 1 x Bow  [Flame, Infinity] renvoyé à CroixVeBaton le survie_new
[15:29:43] [ITEM_RETURNED]: 1 x Diamond Helmet  [Aqua Affinity] renvoyé à CroixVeBaton le survie_new
[15:30:02] [ITEM_RETURNED]: 1 x Bow  [Flame, Infinity] renvoyé à CroixVeBaton le survie_new
[15:30:02] [ITEM_RETURNED]: 1 x Bow  [Flame, Infinity] renvoyé à CroixVeBaton le survie_new
[15:30:02] [ITEM_RETURNED]: 1 x Bow  [Flame, Infinity] renvoyé à CroixVeBaton le survie_new
[15:30:02] [ITEM_RETURNED]: 1 x Diamond Sword  [Knockback I, Looting II] renvoyé à CroixVeBaton le survie_new
[15:30:02] [ITEM_RETURNED]: 1 x Diamond Helmet  [Aqua Affinity] renvoyé à CroixVeBaton le survie_new
[15:30:02] [ITEM_RETURNED]: 1 x Fishing Rod  [Mending] renvoyé à CroixVeBaton le survie_new
[15:30:02] [ITEM_RETURNED]: 1 x Bow  [Flame, Infinity] renvoyé à CroixVeBaton le survie_new
[15:30:02] [ITEM_RETURNED]: 1 x Diamond Helmet  [Aqua Affinity] renvoyé à CroixVeBaton le survie_new
[15:30:02] [ITEM_RETURNED]: 1 x Bow  [Flame, Infinity] renvoyé à CroixVeBaton le survie_new
[15:30:02] [ITEM_RETURNED]: 1 x Bow  [Flame, Infinity] renvoyé à CroixVeBaton le survie_new
[15:30:02] [ITEM_RETURNED]: 1 x Bow  [Flame, Infinity] renvoyé à CroixVeBaton le survie_new
[15:30:02] [ITEM_RETURNED]: 1 x Bow  [Flame, Infinity] renvoyé à CroixVeBaton le survie_new
[15:30:02] [ITEM_RETURNED]: 1 x Bow  [Flame, Infinity] renvoyé à CroixVeBaton le survie_new
[15:30:02] [ITEM_RETURNED]: 1 x Diamond Leggings  [Blast Protection IV, Unbreaking III] renvoyé à CroixVeBaton le survie_new
[15:30:02] [ITEM_RETURNED]: 1 x Diamond Helmet  [Aqua Affinity] renvoyé à CroixVeBaton le survie_new
[15:30:02] [ITEM_RETURNED]: 1 x Bow  [Flame, Infinity] renvoyé à CroixVeBaton le survie_new
[15:30:02] [ITEM_RETURNED]: 1 x Bow  [Power IV, Punch II] renvoyé à CroixVeBaton le survie_new
[15:30:02] [ITEM_RETURNED]: 1 x Diamond Pickaxe  [Silk Touch] renvoyé à CroixVeBaton le survie_new
[15:41:33] [ITEM_RETURNED]: 5 x Coal Ore  renvoyé à _Robinou_ le survie_new
[15:41:33] [ITEM_RETURNED]: 9 x Lapis Lazuli  renvoyé à _Robinou_ le survie_new
[15:41:33] [ITEM_RETURNED]: 64 x Stone  renvoyé à _Robinou_ le survie_new
[15:42:03] [ITEM_RETURNED]: 1 x Iron Nugget  renvoyé à _Robinou_ le survie_new
[15:42:03] [ITEM_RETURNED]: 13 x Bamboo  renvoyé à _Robinou_ le survie_new
[15:42:03] [ITEM_RETURNED]: 13 x Bamboo  renvoyé à _Robinou_ le survie_new
[15:43:14] [ITEM_LISTED]: CroixVeBaton vend 1 x Bow  [Flame, Infinity] pour 2,000.00β sur survie_new
[15:43:17] [ITEM_LISTED]: CroixVeBaton vend 1 x Bow  [Flame, Infinity] pour 2,000.00β sur survie_new
[15:43:20] [ITEM_LISTED]: CroixVeBaton vend 1 x Bow  [Power IV, Punch II] pour 2,000.00β sur survie_new
[15:43:22] [ITEM_LISTED]: CroixVeBaton vend 1 x Bow  [Flame, Infinity] pour 2,000.00β sur survie_new
[15:43:25] [ITEM_LISTED]: CroixVeBaton vend 1 x Bow  [Flame, Infinity] pour 2,000.00β sur survie_new
[15:43:27] [ITEM_LISTED]: CroixVeBaton vend 1 x Bow  [Flame, Infinity] pour 2,000.00β sur survie_new
[15:43:30] [ITEM_LISTED]: CroixVeBaton vend 1 x Bow  [Flame, Infinity] pour 2,000.00β sur survie_new
[15:43:33] [ITEM_LISTED]: CroixVeBaton vend 1 x Bow  [Flame, Infinity] pour 2,000.00β sur survie_new
[15:43:36] [ITEM_LISTED]: CroixVeBaton vend 1 x Bow  [Flame, Infinity] pour 2,000.00β sur survie_new
[15:43:40] [ITEM_LISTED]: CroixVeBaton vend 1 x Diamond Sword  [Knockback I, Looting II] pour 2,000.00β sur survie_new
[15:43:44] [ITEM_LISTED]: CroixVeBaton vend 1 x Diamond Helmet  [Aqua Affinity] pour 2,000.00β sur survie_new
[15:43:46] [ITEM_LISTED]: CroixVeBaton vend 1 x Diamond Helmet  [Aqua Affinity] pour 2,000.00β sur survie_new
[15:43:49] [ITEM_LISTED]: CroixVeBaton vend 1 x Diamond Helmet  [Aqua Affinity] pour 2,000.00β sur survie_new
[15:43:53] [ITEM_LISTED]: CroixVeBaton vend 1 x Diamond Leggings  [Blast Protection IV, Unbreaking III] pour 2,000.00β sur survie_new
[15:43:57] [ITEM_LISTED]: CroixVeBaton vend 1 x Fishing Rod  [Mending] pour 2,000.00β sur survie_new
[15:44:00] [ITEM_LISTED]: CroixVeBaton vend 1 x Bow  [Flame, Infinity] pour 2,000.00β sur survie_new
[15:44:03] [ITEM_LISTED]: CroixVeBaton vend 1 x Diamond Pickaxe  [Silk Touch] pour 2,000.00β sur survie_new
[15:44:04] [ITEM_RETURNED]: 13 x Bamboo  renvoyé à _Robinou_ le survie_new
[15:44:06] [ITEM_LISTED]: CroixVeBaton vend 1 x Bow  [Flame, Infinity] pour 2,000.00β sur survie_new
[15:47:09] [ITEM_RETURNED]: 13 x Bamboo  renvoyé à _Robinou_ le survie_new
[15:50:37] [ITEM_LISTED]: Yohan81 vend 64 x Poppy  pour 1,000,000.00β sur survie_new
[16:05:34] [ITEM_LISTED]: Starlock_1 vend 64 x Iron Block  pour 8,600.00β sur survie_new
[16:06:06] [ITEM_SOLD]: Starlock_1 vendu 64 x Iron Block à  Futsiph pour 8,600.00 β le survie_new
[16:11:25] [ITEM_SOLD]: Aezis_ vendu 1 x Elytra à  [Mending, Unbreaking III] D3sTryk3 pour 25,000.00 β le survie_new
[16:53:16] [ITEM_SOLD]: Kanntin vendu 32 x Bee Nest à  Natvolh24 pour 10,000.00 β le survie_new
[16:56:17] [ITEM_LISTED]: Efysio vend 1 x Recycling Bin (white, empty)  pour 15,000.00β sur survie_new
[16:56:24] [ITEM_LISTED]: Efysio vend 1 x Poison Jar  pour 20,000.00β sur survie_new
[17:12:37] [ITEM_LISTED]: le_lait vend 1 x §;§:Cave spider Spawner 1x  pour 4,500.00β sur survie_new
[17:12:39] [ITEM_LISTED]: le_lait vend 1 x §;§:Cave spider Spawner 1x  pour 4,500.00β sur survie_new
[17:12:40] [ITEM_LISTED]: le_lait vend 1 x §;§:Cave spider Spawner 1x  pour 4,500.00β sur survie_new
[17:12:43] [ITEM_LISTED]: le_lait vend 1 x §;§:Cave spider Spawner 1x  pour 4,500.00β sur survie_new
[17:12:46] [ITEM_LISTED]: le_lait vend 1 x §;§:Cave spider Spawner 1x  pour 4,500.00β sur survie_new
[17:12:49] [ITEM_LISTED]: le_lait vend 1 x §;§:Cave spider Spawner 1x  pour 4,500.00β sur survie_new
[17:12:55] [ITEM_LISTED]: le_lait vend 1 x §;§:Cave spider Spawner 1x  pour 4,500.00β sur survie_new
[17:13:02] [ITEM_LISTED]: le_lait vend 2 x §;§:Dolphin Spawner 1x  pour 7,600.00β sur survie_new
[17:18:19] [ITEM_CANCELLED]: Yohan81 annule la vente de 64x Poppy pour 1,000,000.00β sur survie_new
[17:18:39] [ITEM_RETURNED]: 64 x Poppy  renvoyé à Yohan81 le survie_new
[17:45:05] [ITEM_LISTED]: Aorixsama vend 64 x Emerald  pour 1,000.00β sur survie_new
[18:07:39] [ITEM_CANCELLED]: blazou38 annule la vente de 1x Enchanted Book pour 1,500.00β sur survie_new
[18:07:41] [ITEM_RETURNED]: 1 x Enchanted Book  renvoyé à blazou38 le survie_new
[18:07:50] [ITEM_LISTED]: blazou38 vend 1 x Enchanted Book  pour 1,500.00β sur survie_new
[18:16:46] [ITEM_SOLD]: Tarnuk vendu 1 x Shulker Box à  PSY_Kill3R pour 1,200.00 β le survie_new
[18:16:51] [ITEM_SOLD]: Tarnuk vendu 1 x Shulker Box à  PSY_Kill3R pour 1,200.00 β le survie_new
[18:16:53] [ITEM_SOLD]: Tarnuk vendu 1 x Shulker Box à  PSY_Kill3R pour 1,200.00 β le survie_new
[18:16:55] [ITEM_SOLD]: Tarnuk vendu 1 x Shulker Box à  PSY_Kill3R pour 1,200.00 β le survie_new
[18:16:57] [ITEM_SOLD]: Tarnuk vendu 1 x Shulker Box à  PSY_Kill3R pour 1,200.00 β le survie_new
[18:17:20] [ITEM_SOLD]: Efysio vendu 1 x Diamond Pickaxe à  [Silk Touch] Tarnuk pour 3,000.00 β le survie_new
[18:40:53] [ITEM_SOLD]: Aorixsama vendu 64 x Emerald à  Futsiph pour 1,000.00 β le survie_new
[18:47:06] [ITEM_LISTED]: Tarnuk vend 1 x §;§:Skeleton Spawner 1x  pour 3,999.00β sur survie_new
[18:55:37] [ITEM_SOLD]: Tarnuk vendu 1 x §;§:Skeleton Spawner 1x à  Futsiph pour 3,999.00 β le survie_new
[18:56:33] [ITEM_SOLD]: Aorixsama vendu 1 x Enchanted Book à  Tarnuk pour 6,499.00 β le survie_new
[19:23:45] [ITEM_LISTED]: letydexy51 vend 10 x Nether Wart  pour 1,000.00β sur survie_new
[19:25:41] [ITEM_SOLD]: Zelyan vendu 64 x Melon Slice à  letydexy51 pour 100.00 β le survie_new
[20:01:02] [ITEM_SOLD]: CroixVeBaton vendu 1 x Bow à  [Flame, Infinity] The_Gamer4406 pour 2,000.00 β le survie_new
[20:08:50] [ITEM_LISTED]: Lacourgette vend 1 x Enchanted Book  pour 6,400.00β sur survie_new
[20:09:00] [ITEM_LISTED]: Lacourgette vend 1 x Enchanted Book  pour 6,400.00β sur survie_new
[20:09:12] [ITEM_LISTED]: Lacourgette vend 1 x Enchanted Book  pour 6,400.00β sur survie_new
[20:53:37] [ITEM_RETURNED]: 1 x Iron Chestplate  [Projectile Protection IV, Curse of Vanishing] renvoyé à CroixVeBaton le survie_new_the_end
[20:53:37] [ITEM_RETURNED]: 1 x Iron Sword  [Sharpness III, Sweeping Edge III] renvoyé à CroixVeBaton le survie_new_the_end
[20:53:37] [ITEM_RETURNED]: 1 x Iron Boots  [Protection III] renvoyé à CroixVeBaton le survie_new_the_end
[20:53:37] [ITEM_RETURNED]: 1 x Iron Shovel  [Efficiency V, Unbreaking III, Curse of Vanishing] renvoyé à CroixVeBaton le survie_new_the_end
[20:53:37] [ITEM_RETURNED]: 1 x Diamond Boots  [Fire Protection III] renvoyé à CroixVeBaton le survie_new_the_end
[20:53:37] [ITEM_RETURNED]: 1 x Shulker Shell  renvoyé à CroixVeBaton le survie_new
[20:53:37] [ITEM_RETURNED]: 23 x End Rod  renvoyé à CroixVeBaton le survie_new
[20:53:37] [ITEM_RETURNED]: 1 x Shulker Shell  renvoyé à CroixVeBaton le survie_new
[20:53:37] [ITEM_RETURNED]: 1 x Shulker Shell  renvoyé à CroixVeBaton le survie_new
[20:53:37] [ITEM_RETURNED]: 1 x Shulker Shell  renvoyé à CroixVeBaton le survie_new
[20:53:37] [ITEM_RETURNED]: 1 x Shulker Shell  renvoyé à CroixVeBaton le survie_new
[20:53:37] [ITEM_RETURNED]: 1 x Shulker Shell  renvoyé à CroixVeBaton le survie_new
[21:02:01] [ITEM_RETURNED]: 1 x Diamond Pickaxe  [Silk Touch] renvoyé à Kanntin le survie_new
[21:02:01] [ITEM_RETURNED]: 1 x Diamond Pickaxe  [Silk Touch] renvoyé à Kanntin le survie_new
[21:02:02] [ITEM_RETURNED]: 1 x Diamond Pickaxe  [Silk Touch] renvoyé à Kanntin le survie_new
[21:02:02] [ITEM_RETURNED]: 1 x Bow  [Flame, Mending, Power IV, Punch II, Unbreaking III] renvoyé à Kanntin le survie_new
[21:02:03] [ITEM_RETURNED]: 1 x Nautilus Shell  renvoyé à Kanntin le survie_new
[21:08:09] [ITEM_LISTED]: Karazhar vend 1 x Fishing Rod  [unknown] pour 1,000.00β sur survie_new
[21:08:14] [ITEM_LISTED]: Karazhar vend 1 x Fishing Rod  [Curse of Vanishing] pour 1,000.00β sur survie_new
[21:26:49] [ITEM_SOLD]: Lacourgette vendu 1 x Enchanted Book à  letydexy51 pour 6,400.00 β le survie_new
[21:27:04] [ITEM_SOLD]: Lacourgette vendu 1 x Enchanted Book à  letydexy51 pour 4,000.00 β le survie_new
[21:27:09] [ITEM_SOLD]: h_ney vendu 1 x Enchanted Book à  letydexy51 pour 2,000.00 β le survie_new
[23:43:36] [ITEM_SOLD]: pikatchou82 vendu 64 x Golden Apple à  Karazhar pour 3,000.00 β le survie_new
[23:43:38] [ITEM_SOLD]: pikatchou82 vendu 64 x Golden Apple à  Karazhar pour 3,000.00 β le survie_new
[23:43:39] [ITEM_SOLD]: pikatchou82 vendu 64 x Golden Apple à  Karazhar pour 3,000.00 β le survie_new
[23:43:41] [ITEM_SOLD]: pikatchou82 vendu 64 x Golden Apple à  Karazhar pour 3,000.00 β le survie_new
[23:43:44] [ITEM_SOLD]: pikatchou82 vendu 64 x Golden Apple à  Karazhar pour 3,000.00 β le survie_new
[23:43:45] [ITEM_SOLD]: pikatchou82 vendu 64 x Golden Apple à  Karazhar pour 3,000.00 β le survie_new
[23:43:47] [ITEM_SOLD]: pikatchou82 vendu 64 x Golden Apple à  Karazhar pour 3,000.00 β le survie_new
[23:44:03] [ITEM_SOLD]: pikatchou82 vendu 64 x Golden Apple à  Karazhar pour 3,000.00 β le survie_new
[23:44:05] [ITEM_SOLD]: pikatchou82 vendu 64 x Golden Apple à  Karazhar pour 3,000.00 β le survie_new
[23:44:06] [ITEM_SOLD]: pikatchou82 vendu 64 x Golden Apple à  Karazhar pour 3,000.00 β le survie_new
[23:44:08] [ITEM_SOLD]: pikatchou82 vendu 64 x Golden Apple à  Karazhar pour 3,000.00 β le survie_new
