[04:17:57] [ITEM_CANCELLED]: Ender_Shock annule la vente de 1x Enchanted Book pour 9,000.00β sur survie_new
[04:17:57] [ITEM_CANCELLED]: Ender_Shock annule la vente de 1x Enchanted Book pour 9,000.00β sur survie_new
[04:17:57] [ITEM_CANCELLED]: Ender_Shock annule la vente de 1x Enchanted Book pour 9,000.00β sur survie_new
[04:17:58] [ITEM_CANCELLED]: Ender_Shock annule la vente de 1x Enchanted Book pour 9,000.00β sur survie_new
[04:17:58] [ITEM_CANCELLED]: Ender_Shock annule la vente de 1x Enchanted Book pour 9,000.00β sur survie_new
[04:17:59] [ITEM_CANCELLED]: Ender_Shock annule la vente de 1x Enchanted Book pour 9,000.00β sur survie_new
[04:17:59] [ITEM_CANCELLED]: Ender_Shock annule la vente de 1x Enchanted Book pour 9,000.00β sur survie_new
[04:17:59] [ITEM_CANCELLED]: Ender_Shock annule la vente de 1x Enchanted Book pour 9,000.00β sur survie_new
[04:18:00] [ITEM_CANCELLED]: Ender_Shock annule la vente de 1x Enchanted Book pour 9,000.00β sur survie_new
[04:18:00] [ITEM_CANCELLED]: Ender_Shock annule la vente de 1x Enchanted Book pour 9,000.00β sur survie_new
[04:18:00] [ITEM_CANCELLED]: Ender_Shock annule la vente de 1x Enchanted Book pour 9,000.00β sur survie_new
[04:18:01] [ITEM_CANCELLED]: Ender_Shock annule la vente de 1x Enchanted Book pour 9,000.00β sur survie_new
[04:18:01] [ITEM_CANCELLED]: Ender_Shock annule la vente de 1x Enchanted Book pour 9,000.00β sur survie_new
[04:18:02] [ITEM_CANCELLED]: Ender_Shock annule la vente de 1x Enchanted Book pour 9,000.00β sur survie_new
[04:18:02] [ITEM_CANCELLED]: Ender_Shock annule la vente de 1x Enchanted Book pour 9,000.00β sur survie_new
[04:18:02] [ITEM_CANCELLED]: Ender_Shock annule la vente de 1x Enchanted Book pour 9,000.00β sur survie_new
[04:18:03] [ITEM_CANCELLED]: Ender_Shock annule la vente de 1x Enchanted Book pour 9,000.00β sur survie_new
[04:18:03] [ITEM_CANCELLED]: Ender_Shock annule la vente de 1x Enchanted Book pour 9,000.00β sur survie_new
[04:18:03] [ITEM_CANCELLED]: Ender_Shock annule la vente de 1x Enchanted Book pour 9,000.00β sur survie_new
[04:18:06] [ITEM_RETURNED]: 1 x Enchanted Book  renvoyé à Ender_Shock le survie_new
[04:18:07] [ITEM_RETURNED]: 1 x Enchanted Book  renvoyé à Ender_Shock le survie_new
[04:18:07] [ITEM_RETURNED]: 1 x Enchanted Book  renvoyé à Ender_Shock le survie_new
[04:18:08] [ITEM_RETURNED]: 1 x Enchanted Book  renvoyé à Ender_Shock le survie_new
[04:18:08] [ITEM_RETURNED]: 1 x Enchanted Book  renvoyé à Ender_Shock le survie_new
[04:18:33] [ITEM_LISTED]: Ender_Shock vend 1 x Enchanted Book  pour 8,900.00β sur survie_new
[04:18:34] [ITEM_LISTED]: Ender_Shock vend 1 x Enchanted Book  pour 8,900.00β sur survie_new
[04:18:37] [ITEM_LISTED]: Ender_Shock vend 1 x Enchanted Book  pour 8,900.00β sur survie_new
[04:18:39] [ITEM_LISTED]: Ender_Shock vend 1 x Enchanted Book  pour 8,900.00β sur survie_new
[04:18:41] [ITEM_LISTED]: Ender_Shock vend 1 x Enchanted Book  pour 8,900.00β sur survie_new
[04:18:47] [ITEM_RETURNED]: 1 x Enchanted Book  renvoyé à Ender_Shock le survie_new
[04:18:48] [ITEM_RETURNED]: 1 x Enchanted Book  renvoyé à Ender_Shock le survie_new
[04:18:48] [ITEM_RETURNED]: 1 x Enchanted Book  renvoyé à Ender_Shock le survie_new
[04:18:49] [ITEM_RETURNED]: 1 x Enchanted Book  renvoyé à Ender_Shock le survie_new
[04:18:49] [ITEM_RETURNED]: 1 x Enchanted Book  renvoyé à Ender_Shock le survie_new
[04:18:52] [ITEM_LISTED]: Ender_Shock vend 1 x Enchanted Book  pour 8,900.00β sur survie_new
[04:18:54] [ITEM_LISTED]: Ender_Shock vend 1 x Enchanted Book  pour 8,900.00β sur survie_new
[04:18:58] [ITEM_LISTED]: Ender_Shock vend 1 x Enchanted Book  pour 8,900.00β sur survie_new
[04:19:01] [ITEM_LISTED]: Ender_Shock vend 1 x Enchanted Book  pour 8,900.00β sur survie_new
[04:19:02] [ITEM_LISTED]: Ender_Shock vend 1 x Enchanted Book  pour 8,900.00β sur survie_new
[04:19:10] [ITEM_RETURNED]: 1 x Enchanted Book  renvoyé à Ender_Shock le survie_new
[04:19:10] [ITEM_RETURNED]: 1 x Enchanted Book  renvoyé à Ender_Shock le survie_new
[04:19:10] [ITEM_RETURNED]: 1 x Enchanted Book  renvoyé à Ender_Shock le survie_new
[04:19:11] [ITEM_RETURNED]: 1 x Enchanted Book  renvoyé à Ender_Shock le survie_new
[04:19:11] [ITEM_RETURNED]: 1 x Enchanted Book  renvoyé à Ender_Shock le survie_new
[04:19:14] [ITEM_LISTED]: Ender_Shock vend 1 x Enchanted Book  pour 8,900.00β sur survie_new
[04:19:15] [ITEM_LISTED]: Ender_Shock vend 1 x Enchanted Book  pour 8,900.00β sur survie_new
[04:19:17] [ITEM_LISTED]: Ender_Shock vend 1 x Enchanted Book  pour 8,900.00β sur survie_new
[04:19:18] [ITEM_LISTED]: Ender_Shock vend 1 x Enchanted Book  pour 8,900.00β sur survie_new
[04:19:20] [ITEM_LISTED]: Ender_Shock vend 1 x Enchanted Book  pour 8,900.00β sur survie_new
[04:19:24] [ITEM_RETURNED]: 1 x Enchanted Book  renvoyé à Ender_Shock le survie_new
[04:19:25] [ITEM_RETURNED]: 1 x Enchanted Book  renvoyé à Ender_Shock le survie_new
[04:19:25] [ITEM_RETURNED]: 1 x Enchanted Book  renvoyé à Ender_Shock le survie_new
[04:19:25] [ITEM_RETURNED]: 1 x Enchanted Book  renvoyé à Ender_Shock le survie_new
[04:19:31] [ITEM_LISTED]: Ender_Shock vend 1 x Enchanted Book  pour 8,900.00β sur survie_new
[04:19:32] [ITEM_LISTED]: Ender_Shock vend 1 x Enchanted Book  pour 8,900.00β sur survie_new
[04:19:34] [ITEM_LISTED]: Ender_Shock vend 1 x Enchanted Book  pour 8,900.00β sur survie_new
[04:19:36] [ITEM_LISTED]: Ender_Shock vend 1 x Enchanted Book  pour 8,900.00β sur survie_new
[09:04:09] [ITEM_LISTED]: OfCourse vend 2 x Bee Nest  pour 10.00β sur survie_new
[09:40:44] [ITEM_LISTED]: OfCourse vend 12 x Experience Bottle  pour 100.00β sur survie_new
[09:42:27] [ITEM_LISTED]: OfCourse vend 1 x Player Head  pour 100.00β sur survie_new
[10:09:16] [ITEM_RETURNED]: 36 x Bread  renvoyé à Skullcute le survie_new
[10:24:05] [ITEM_SOLD]: Lacourgette vendu 1 x Enchanted Book à  OfCourse pour 5,000.00 β le survie_new
[10:33:12] [ITEM_RETURNED]: 10 x Banane  renvoyé à _Robinou_ le survie_new
[10:40:34] [ITEM_SOLD]: OfCourse vendu 2 x Bee Nest à  _Robinou_ pour 10.00 β le survie_new
[10:45:42] [ITEM_SOLD]: MrNefrax vendu 24 x Melon à  _Robinou_ pour 199.00 β le survie_new
[11:58:36] [ITEM_LISTED]: Lacourgette vend 1 x Enchanted Book  pour 4,000.00β sur survie_new
[11:58:53] [ITEM_LISTED]: Lacourgette vend 1 x Enchanted Book  pour 4,000.00β sur survie_new
[11:59:02] [ITEM_LISTED]: Lacourgette vend 1 x Enchanted Book  pour 4,000.00β sur survie_new
[11:59:17] [ITEM_LISTED]: Lacourgette vend 1 x Enchanted Book  pour 4,000.00β sur survie_new
[11:59:28] [ITEM_LISTED]: Lacourgette vend 1 x Enchanted Book  pour 4,000.00β sur survie_new
[11:59:38] [ITEM_LISTED]: Lacourgette vend 1 x Enchanted Book  pour 400.00β sur survie_new
[11:59:48] [ITEM_LISTED]: Lacourgette vend 1 x Enchanted Book  pour 4,000.00β sur survie_new
[12:00:59] [ITEM_SOLD]: Lacourgette vendu 1 x Enchanted Book à  CroixVeBaton pour 400.00 β le survie_new
[12:01:48] [ITEM_SOLD]: Max_Le_Max vendu 2 x Flèche Tranchante à  CroixVeBaton pour 500.00 β le survie_new
[12:39:35] [ITEM_SOLD]: OfCourse vendu 1 x Player Head à  Isaorya pour 100.00 β le survie_new
[13:13:48] [ITEM_LISTED]: Max_Le_Max vend 1 x Epée  [Looting II, Sharpness V, Unbreaking II] pour 1,000.00β sur survie_new
[13:13:58] [ITEM_LISTED]: Max_Le_Max vend 1 x Casque  [Protection V, Unbreaking V] pour 400.00β sur survie_new
[13:14:01] [ITEM_LISTED]: Max_Le_Max vend 1 x Plastron  [Protection V, Unbreaking V] pour 400.00β sur survie_new
[13:14:03] [ITEM_LISTED]: Max_Le_Max vend 1 x Jambières  [Protection V, Unbreaking V] pour 400.00β sur survie_new
[13:14:07] [ITEM_LISTED]: Max_Le_Max vend 1 x Bottes  [Protection V, Unbreaking V] pour 400.00β sur survie_new
[13:14:31] [ITEM_CANCELLED]: Max_Le_Max annule la vente de 64x Baked Potato pour 25.00β sur survie_new
[13:14:31] [ITEM_CANCELLED]: Max_Le_Max annule la vente de 64x Baked Potato pour 25.00β sur survie_new
[13:14:32] [ITEM_CANCELLED]: Max_Le_Max annule la vente de 64x Baked Potato pour 25.00β sur survie_new
[13:14:32] [ITEM_CANCELLED]: Max_Le_Max annule la vente de 64x Baked Potato pour 25.00β sur survie_new
[13:14:32] [ITEM_CANCELLED]: Max_Le_Max annule la vente de 64x Baked Potato pour 25.00β sur survie_new
[13:14:32] [ITEM_CANCELLED]: Max_Le_Max annule la vente de 64x Baked Potato pour 25.00β sur survie_new
[13:14:32] [ITEM_CANCELLED]: Max_Le_Max annule la vente de 64x Baked Potato pour 25.00β sur survie_new
[13:14:33] [ITEM_CANCELLED]: Max_Le_Max annule la vente de 64x Baked Potato pour 25.00β sur survie_new
[13:14:33] [ITEM_CANCELLED]: Max_Le_Max annule la vente de 64x Baked Potato pour 25.00β sur survie_new
[13:14:33] [ITEM_CANCELLED]: Max_Le_Max annule la vente de 64x Baked Potato pour 25.00β sur survie_new
[13:14:33] [ITEM_CANCELLED]: Max_Le_Max annule la vente de 64x Baked Potato pour 25.00β sur survie_new
[13:14:34] [ITEM_CANCELLED]: Max_Le_Max annule la vente de 64x Baked Potato pour 25.00β sur survie_new
[13:14:34] [ITEM_CANCELLED]: Max_Le_Max annule la vente de 64x Baked Potato pour 25.00β sur survie_new
[13:14:34] [ITEM_CANCELLED]: Max_Le_Max annule la vente de 64x Baked Potato pour 25.00β sur survie_new
[13:14:34] [ITEM_CANCELLED]: Max_Le_Max annule la vente de 64x Baked Potato pour 25.00β sur survie_new
[13:14:35] [ITEM_CANCELLED]: Max_Le_Max annule la vente de 64x Baked Potato pour 25.00β sur survie_new
[13:14:35] [ITEM_CANCELLED]: Max_Le_Max annule la vente de 64x Baked Potato pour 25.00β sur survie_new
[13:14:35] [ITEM_CANCELLED]: Max_Le_Max annule la vente de 64x Baked Potato pour 25.00β sur survie_new
[13:14:36] [ITEM_CANCELLED]: Max_Le_Max annule la vente de 64x Baked Potato pour 25.00β sur survie_new
[13:14:38] [ITEM_RETURNED]: 64 x Baked Potato  renvoyé à Max_Le_Max le survie_new
[13:14:38] [ITEM_RETURNED]: 64 x Baked Potato  renvoyé à Max_Le_Max le survie_new
[13:14:39] [ITEM_RETURNED]: 64 x Baked Potato  renvoyé à Max_Le_Max le survie_new
[13:14:39] [ITEM_RETURNED]: 64 x Baked Potato  renvoyé à Max_Le_Max le survie_new
[13:14:39] [ITEM_RETURNED]: 64 x Baked Potato  renvoyé à Max_Le_Max le survie_new
[13:14:39] [ITEM_RETURNED]: 64 x Baked Potato  renvoyé à Max_Le_Max le survie_new
[13:14:39] [ITEM_RETURNED]: 64 x Baked Potato  renvoyé à Max_Le_Max le survie_new
[13:14:40] [ITEM_RETURNED]: 64 x Baked Potato  renvoyé à Max_Le_Max le survie_new
[13:14:40] [ITEM_RETURNED]: 64 x Baked Potato  renvoyé à Max_Le_Max le survie_new
[13:14:40] [ITEM_RETURNED]: 64 x Baked Potato  renvoyé à Max_Le_Max le survie_new
[13:14:40] [ITEM_RETURNED]: 64 x Baked Potato  renvoyé à Max_Le_Max le survie_new
[13:14:40] [ITEM_RETURNED]: 64 x Baked Potato  renvoyé à Max_Le_Max le survie_new
[13:14:41] [ITEM_RETURNED]: 64 x Baked Potato  renvoyé à Max_Le_Max le survie_new
[13:14:41] [ITEM_RETURNED]: 64 x Baked Potato  renvoyé à Max_Le_Max le survie_new
[13:14:41] [ITEM_RETURNED]: 64 x Baked Potato  renvoyé à Max_Le_Max le survie_new
[13:14:41] [ITEM_RETURNED]: 64 x Baked Potato  renvoyé à Max_Le_Max le survie_new
[13:14:41] [ITEM_RETURNED]: 64 x Baked Potato  renvoyé à Max_Le_Max le survie_new
[13:14:41] [ITEM_RETURNED]: 64 x Baked Potato  renvoyé à Max_Le_Max le survie_new
[13:14:41] [ITEM_RETURNED]: 64 x Baked Potato  renvoyé à Max_Le_Max le survie_new
[13:14:42] [ITEM_CANCELLED]: Max_Le_Max annule la vente de 1x Bottes [Protection V, Unbreaking V] pour 400.00β sur survie_new
[13:14:42] [ITEM_CANCELLED]: Max_Le_Max annule la vente de 1x Jambières [Protection V, Unbreaking V] pour 400.00β sur survie_new
[13:14:52] [ITEM_RETURNED]: 1 x Jambières  [Protection V, Unbreaking V] renvoyé à Max_Le_Max le survie_new
[13:14:53] [ITEM_RETURNED]: 1 x Bottes  [Protection V, Unbreaking V] renvoyé à Max_Le_Max le survie_new
[13:15:00] [ITEM_LISTED]: Max_Le_Max vend 1 x Jambières  [Protection V, Unbreaking V] pour 400.00β sur survie_new
[13:15:03] [ITEM_LISTED]: Max_Le_Max vend 1 x Bottes  [Protection V, Unbreaking V] pour 400.00β sur survie_new
[13:25:23] [ITEM_CANCELLED]: Max_Le_Max annule la vente de 1x Livre pour 1,500.00β sur survie_new
[13:25:24] [ITEM_CANCELLED]: Max_Le_Max annule la vente de 1x Livre pour 1,500.00β sur survie_new
[13:25:26] [ITEM_RETURNED]: 1 x Livre  renvoyé à Max_Le_Max le survie_new
[13:25:26] [ITEM_RETURNED]: 1 x Livre  renvoyé à Max_Le_Max le survie_new
[13:25:35] [ITEM_LISTED]: Max_Le_Max vend 1 x Livre  pour 750.00β sur survie_new
[13:25:37] [ITEM_LISTED]: Max_Le_Max vend 1 x Livre  pour 750.00β sur survie_new
[13:29:11] [ITEM_SOLD]: Max_Le_Max vendu 1 x Livre à  Isaorya pour 750.00 β le survie_new
[13:29:13] [ITEM_SOLD]: Max_Le_Max vendu 1 x Livre à  Isaorya pour 750.00 β le survie_new
[13:29:49] [ITEM_LISTED]: Raptor_22 vend 64 x White Wool  pour 50.00β sur survie_new
[13:31:01] [ITEM_LISTED]: Raptor_22 vend 64 x Light Gray Wool  pour 60.00β sur survie_new
[13:37:25] [ITEM_SOLD]: Ender_Shock vendu 1 x Enchanted Book à  Kanntin pour 8,900.00 β le survie_new
[13:39:40] [ITEM_LISTED]: Max_Le_Max vend 10 x Silex Tranchant  pour 250.00β sur survie_new
[13:42:53] [ITEM_SOLD]: GoldenFarmers vendu 2 x Sea Lantern à  Raptor_22 pour 500.00 β le survie_new
[13:50:35] [ITEM_LISTED]: Max_Le_Max vend 1 x Livre  pour 777.00β sur survie_new
[13:50:50] [ITEM_CANCELLED]: Max_Le_Max annule la vente de 1x §;§:Dolphin Spawner 1x pour 8,750.00β sur survie_new
[13:50:51] [ITEM_CANCELLED]: Max_Le_Max annule la vente de 1x §;§:Dolphin Spawner 1x pour 9,000.00β sur survie_new
[13:50:59] [ITEM_RETURNED]: 1 x §;§:Dolphin Spawner 1x  renvoyé à Max_Le_Max le survie_new
[13:51:00] [ITEM_RETURNED]: 1 x §;§:Dolphin Spawner 1x  renvoyé à Max_Le_Max le survie_new
[13:51:07] [ITEM_LISTED]: Max_Le_Max vend 1 x §;§:Dolphin Spawner 1x  pour 7,500.00β sur survie_new
[13:51:13] [ITEM_LISTED]: Max_Le_Max vend 1 x §;§:Dolphin Spawner 1x  pour 7,400.00β sur survie_new
[14:09:34] [ITEM_SOLD]: Max_Le_Max vendu 1 x Livre à  Isaorya pour 777.00 β le survie_new
[14:25:53] [ITEM_LISTED]: pikatchou82 vend 1 x Enchanted Book  pour 7,000.00β sur survie_new
[14:25:56] [ITEM_LISTED]: pikatchou82 vend 1 x Enchanted Book  pour 7,000.00β sur survie_new
[14:35:56] [ITEM_LISTED]: le_lait vend 1 x §;§:Cave spider Spawner 1x  pour 6,000.00β sur survie_new
[14:35:59] [ITEM_LISTED]: le_lait vend 1 x §;§:Cave spider Spawner 1x  pour 6,000.00β sur survie_new
[14:36:01] [ITEM_LISTED]: le_lait vend 1 x §;§:Cave spider Spawner 1x  pour 6,000.00β sur survie_new
[14:36:10] [ITEM_LISTED]: le_lait vend 1 x §;§:Cave spider Spawner 1x  pour 6,000.00β sur survie_new
[14:36:12] [ITEM_LISTED]: le_lait vend 1 x §;§:Cave spider Spawner 1x  pour 6,000.00β sur survie_new
[14:36:23] [ITEM_LISTED]: le_lait vend 1 x §;§:Spider Spawner 1x  pour 7,322.00β sur survie_new
[14:36:25] [ITEM_LISTED]: le_lait vend 1 x §;§:Spider Spawner 1x  pour 7,322.00β sur survie_new
[14:37:27] [ITEM_SOLD]: OfCourse vendu 12 x Experience Bottle à  Aezis_ pour 100.00 β le survie_new
[14:37:37] [ITEM_SOLD]: Max_Le_Max vendu 1 x Epée à  [Looting II, Sharpness V, Unbreaking II] Aezis_ pour 1,000.00 β le survie_new
[14:38:46] [ITEM_LISTED]: pikatchou82 vend 1 x Enchanted Book  pour 7,000.00β sur survie_new
[14:38:52] [ITEM_LISTED]: pikatchou82 vend 1 x Enchanted Book  pour 7,000.00β sur survie_new
[14:39:01] [ITEM_LISTED]: pikatchou82 vend 1 x Enchanted Book  pour 7,000.00β sur survie_new
[14:39:03] [ITEM_LISTED]: pikatchou82 vend 1 x Enchanted Book  pour 7,000.00β sur survie_new
[14:39:23] [ITEM_LISTED]: pikatchou82 vend 1 x Enchanted Book  pour 7,000.00β sur survie_new
[14:39:25] [ITEM_LISTED]: pikatchou82 vend 1 x Enchanted Book  pour 7,000.00β sur survie_new
[14:39:26] [ITEM_LISTED]: pikatchou82 vend 1 x Enchanted Book  pour 7,000.00β sur survie_new
[14:39:28] [ITEM_LISTED]: pikatchou82 vend 1 x Enchanted Book  pour 7,000.00β sur survie_new
[14:40:03] [ITEM_SOLD]: Max_Le_Max vendu 1 x §;§:Dolphin Spawner 1x à  pikatchou82 pour 7,500.00 β le survie_new
[14:40:06] [ITEM_SOLD]: Max_Le_Max vendu 1 x §;§:Dolphin Spawner 1x à  pikatchou82 pour 7,400.00 β le survie_new
[14:40:11] [ITEM_CANCELLED]: le_lait annule la vente de 1x §;§:Cave spider Spawner 1x pour 6,000.00β sur survie_new
[14:40:14] [ITEM_CANCELLED]: le_lait annule la vente de 1x §;§:Spider Spawner 1x pour 7,322.00β sur survie_new
[14:40:15] [ITEM_CANCELLED]: le_lait annule la vente de 1x §;§:Cave spider Spawner 1x pour 6,000.00β sur survie_new
[14:40:15] [ITEM_CANCELLED]: le_lait annule la vente de 1x §;§:Cave spider Spawner 1x pour 6,000.00β sur survie_new
[14:40:16] [ITEM_CANCELLED]: le_lait annule la vente de 1x §;§:Cave spider Spawner 1x pour 6,000.00β sur survie_new
[14:40:16] [ITEM_CANCELLED]: le_lait annule la vente de 1x §;§:Cave spider Spawner 1x pour 6,000.00β sur survie_new
[14:40:16] [ITEM_CANCELLED]: le_lait annule la vente de 1x §;§:Spider Spawner 1x pour 7,322.00β sur survie_new
[14:40:19] [ITEM_RETURNED]: 1 x §;§:Spider Spawner 1x  renvoyé à le_lait le survie_new
[14:40:20] [ITEM_RETURNED]: 1 x §;§:Cave spider Spawner 1x  renvoyé à le_lait le survie_new
[14:40:20] [ITEM_RETURNED]: 1 x §;§:Cave spider Spawner 1x  renvoyé à le_lait le survie_new
[14:40:20] [ITEM_RETURNED]: 1 x §;§:Cave spider Spawner 1x  renvoyé à le_lait le survie_new
[14:40:20] [ITEM_RETURNED]: 1 x §;§:Spider Spawner 1x  renvoyé à le_lait le survie_new
[14:40:20] [ITEM_RETURNED]: 1 x §;§:Cave spider Spawner 1x  renvoyé à le_lait le survie_new
[14:40:21] [ITEM_RETURNED]: 1 x §;§:Cave spider Spawner 1x  renvoyé à le_lait le survie_new
[14:40:31] [ITEM_LISTED]: le_lait vend 1 x §;§:Spider Spawner 1x  pour 4,500.00β sur survie_new
[14:40:33] [ITEM_LISTED]: le_lait vend 1 x §;§:Cave spider Spawner 1x  pour 4,500.00β sur survie_new
[14:40:35] [ITEM_LISTED]: le_lait vend 1 x §;§:Cave spider Spawner 1x  pour 4,500.00β sur survie_new
[14:40:36] [ITEM_LISTED]: le_lait vend 1 x §;§:Cave spider Spawner 1x  pour 4,500.00β sur survie_new
[14:40:38] [ITEM_LISTED]: le_lait vend 1 x §;§:Cave spider Spawner 1x  pour 4,500.00β sur survie_new
[14:40:39] [ITEM_LISTED]: le_lait vend 1 x §;§:Cave spider Spawner 1x  pour 4,500.00β sur survie_new
[14:40:47] [ITEM_LISTED]: le_lait vend 1 x §;§:Spider Spawner 1x  pour 4,211.00β sur survie_new
[14:42:35] [ITEM_SOLD]: le_lait vendu 1 x §;§:Spider Spawner 1x à  brimiil pour 4,211.00 β le survie_new
[14:42:38] [ITEM_SOLD]: le_lait vendu 1 x §;§:Cave spider Spawner 1x à  brimiil pour 4,500.00 β le survie_new
[14:42:40] [ITEM_SOLD]: le_lait vendu 1 x §;§:Cave spider Spawner 1x à  brimiil pour 4,500.00 β le survie_new
[14:42:41] [ITEM_SOLD]: le_lait vendu 1 x §;§:Cave spider Spawner 1x à  brimiil pour 4,500.00 β le survie_new
[14:42:45] [ITEM_SOLD]: le_lait vendu 1 x §;§:Cave spider Spawner 1x à  brimiil pour 4,500.00 β le survie_new
[14:42:48] [ITEM_SOLD]: le_lait vendu 1 x §;§:Cave spider Spawner 1x à  brimiil pour 4,500.00 β le survie_new
[14:42:51] [ITEM_SOLD]: le_lait vendu 1 x §;§:Spider Spawner 1x à  brimiil pour 4,500.00 β le survie_new
[15:06:12] [ITEM_LISTED]: pikatchou82 vend 1 x Shulker Box  pour 10,000.00β sur survie_new
[15:13:33] [ITEM_LISTED]: pikatchou82 vend 1 x Shulker Box  pour 2,000.00β sur survie_new
[15:14:29] [ITEM_LISTED]: pikatchou82 vend 1 x Written Book  pour 100,000.00β sur survie_new
[15:17:39] [ITEM_SOLD]: pikatchou82 vendu 1 x Enchanted Book à  PSY_Kill3R pour 7,000.00 β le survie_new
[15:17:41] [ITEM_SOLD]: pikatchou82 vendu 1 x Enchanted Book à  PSY_Kill3R pour 7,000.00 β le survie_new
[15:18:16] [ITEM_CANCELLED]: Ender_Shock annule la vente de 1x Enchanted Book pour 8,900.00β sur survie_new
[15:18:16] [ITEM_CANCELLED]: Ender_Shock annule la vente de 1x Enchanted Book pour 8,900.00β sur survie_new
[15:18:17] [ITEM_CANCELLED]: Ender_Shock annule la vente de 1x Enchanted Book pour 8,900.00β sur survie_new
[15:18:17] [ITEM_CANCELLED]: Ender_Shock annule la vente de 1x Enchanted Book pour 8,900.00β sur survie_new
[15:18:17] [ITEM_CANCELLED]: Ender_Shock annule la vente de 1x Enchanted Book pour 8,900.00β sur survie_new
[15:18:17] [ITEM_CANCELLED]: Ender_Shock annule la vente de 1x Enchanted Book pour 8,900.00β sur survie_new
[15:18:17] [ITEM_CANCELLED]: Ender_Shock annule la vente de 1x Enchanted Book pour 8,900.00β sur survie_new
[15:18:18] [ITEM_CANCELLED]: Ender_Shock annule la vente de 1x Enchanted Book pour 8,900.00β sur survie_new
[15:18:18] [ITEM_CANCELLED]: Ender_Shock annule la vente de 1x Enchanted Book pour 8,900.00β sur survie_new
[15:18:18] [ITEM_CANCELLED]: Ender_Shock annule la vente de 1x Enchanted Book pour 8,900.00β sur survie_new
[15:18:18] [ITEM_CANCELLED]: Ender_Shock annule la vente de 1x Enchanted Book pour 8,900.00β sur survie_new
[15:18:19] [ITEM_CANCELLED]: Ender_Shock annule la vente de 1x Enchanted Book pour 8,900.00β sur survie_new
[15:18:19] [ITEM_CANCELLED]: Ender_Shock annule la vente de 1x Enchanted Book pour 8,900.00β sur survie_new
[15:18:19] [ITEM_CANCELLED]: Ender_Shock annule la vente de 1x Enchanted Book pour 8,900.00β sur survie_new
[15:18:19] [ITEM_CANCELLED]: Ender_Shock annule la vente de 1x Enchanted Book pour 8,900.00β sur survie_new
[15:18:19] [ITEM_CANCELLED]: Ender_Shock annule la vente de 1x Enchanted Book pour 8,900.00β sur survie_new
[15:18:20] [ITEM_CANCELLED]: Ender_Shock annule la vente de 1x Enchanted Book pour 8,900.00β sur survie_new
[15:18:20] [ITEM_CANCELLED]: Ender_Shock annule la vente de 1x Enchanted Book pour 8,900.00β sur survie_new
[15:18:23] [ITEM_RETURNED]: 1 x Enchanted Book  renvoyé à Ender_Shock le survie_new
[15:18:23] [ITEM_RETURNED]: 1 x Enchanted Book  renvoyé à Ender_Shock le survie_new
[15:18:23] [ITEM_RETURNED]: 1 x Enchanted Book  renvoyé à Ender_Shock le survie_new
[15:18:23] [ITEM_RETURNED]: 1 x Enchanted Book  renvoyé à Ender_Shock le survie_new
[15:18:23] [ITEM_RETURNED]: 1 x Enchanted Book  renvoyé à Ender_Shock le survie_new
[15:18:24] [ITEM_RETURNED]: 1 x Enchanted Book  renvoyé à Ender_Shock le survie_new
[15:18:24] [ITEM_RETURNED]: 1 x Enchanted Book  renvoyé à Ender_Shock le survie_new
[15:18:24] [ITEM_RETURNED]: 1 x Enchanted Book  renvoyé à Ender_Shock le survie_new
[15:18:24] [ITEM_RETURNED]: 1 x Enchanted Book  renvoyé à Ender_Shock le survie_new
[15:18:25] [ITEM_RETURNED]: 1 x Enchanted Book  renvoyé à Ender_Shock le survie_new
[15:18:25] [ITEM_RETURNED]: 1 x Enchanted Book  renvoyé à Ender_Shock le survie_new
[15:18:25] [ITEM_RETURNED]: 1 x Enchanted Book  renvoyé à Ender_Shock le survie_new
[15:18:25] [ITEM_RETURNED]: 1 x Enchanted Book  renvoyé à Ender_Shock le survie_new
[15:18:25] [ITEM_RETURNED]: 1 x Enchanted Book  renvoyé à Ender_Shock le survie_new
[15:18:26] [ITEM_RETURNED]: 1 x Enchanted Book  renvoyé à Ender_Shock le survie_new
[15:18:26] [ITEM_RETURNED]: 1 x Enchanted Book  renvoyé à Ender_Shock le survie_new
[15:18:26] [ITEM_RETURNED]: 1 x Enchanted Book  renvoyé à Ender_Shock le survie_new
[15:18:26] [ITEM_RETURNED]: 1 x Enchanted Book  renvoyé à Ender_Shock le survie_new
[15:18:43] [ITEM_LISTED]: Ender_Shock vend 1 x Enchanted Book  pour 6,999.00β sur survie_new
[15:18:45] [ITEM_LISTED]: Ender_Shock vend 1 x Enchanted Book  pour 6,999.00β sur survie_new
[15:18:46] [ITEM_LISTED]: Ender_Shock vend 1 x Enchanted Book  pour 6,999.00β sur survie_new
[15:18:47] [ITEM_LISTED]: Ender_Shock vend 1 x Enchanted Book  pour 6,999.00β sur survie_new
[15:18:49] [ITEM_LISTED]: Ender_Shock vend 1 x Enchanted Book  pour 6,999.00β sur survie_new
[15:18:50] [ITEM_LISTED]: Max_Le_Max vend 1 x §;§:Chicken Spawner 1x  pour 7,000.00β sur survie_new
[15:18:50] [ITEM_LISTED]: Ender_Shock vend 1 x Enchanted Book  pour 6,999.00β sur survie_new
[15:18:52] [ITEM_LISTED]: Ender_Shock vend 1 x Enchanted Book  pour 6,999.00β sur survie_new
[15:18:53] [ITEM_LISTED]: Ender_Shock vend 1 x Enchanted Book  pour 6,999.00β sur survie_new
[15:18:54] [ITEM_LISTED]: Ender_Shock vend 1 x Enchanted Book  pour 6,999.00β sur survie_new
[15:19:00] [ITEM_LISTED]: Ender_Shock vend 1 x Enchanted Book  pour 6,999.00β sur survie_new
[15:19:01] [ITEM_LISTED]: Ender_Shock vend 1 x Enchanted Book  pour 6,999.00β sur survie_new
[15:19:03] [ITEM_LISTED]: Ender_Shock vend 1 x Enchanted Book  pour 6,999.00β sur survie_new
[15:19:05] [ITEM_LISTED]: Ender_Shock vend 1 x Enchanted Book  pour 6,999.00β sur survie_new
[15:19:07] [ITEM_LISTED]: Ender_Shock vend 1 x Enchanted Book  pour 6,999.00β sur survie_new
[15:19:08] [ITEM_LISTED]: Ender_Shock vend 1 x Enchanted Book  pour 6,999.00β sur survie_new
[15:19:10] [ITEM_LISTED]: Ender_Shock vend 1 x Enchanted Book  pour 6,999.00β sur survie_new
[15:19:11] [ITEM_LISTED]: Ender_Shock vend 1 x Enchanted Book  pour 6,999.00β sur survie_new
[15:19:12] [ITEM_LISTED]: Ender_Shock vend 1 x Enchanted Book  pour 6,999.00β sur survie_new
[15:19:13] [ITEM_SOLD]: Max_Le_Max vendu 1 x §;§:Chicken Spawner 1x à  pikatchou82 pour 7,000.00 β le survie_new
[15:19:22] [ITEM_SOLD]: Ender_Shock vendu 1 x Enchanted Book à  PSY_Kill3R pour 6,999.00 β le survie_new
[15:19:59] [ITEM_SOLD]: GoldenFarmers vendu 1 x Elytra à  [Mending, Unbreaking II] Max_Le_Max pour 38,000.00 β le survie_new
[15:22:19] [ITEM_LISTED]: pikatchou82 vend 1 x Enchanted Book  pour 7,000.00β sur survie_new
[15:22:30] [ITEM_LISTED]: pikatchou82 vend 1 x Enchanted Book  pour 7,000.00β sur survie_new
[15:22:32] [ITEM_LISTED]: pikatchou82 vend 1 x Enchanted Book  pour 7,000.00β sur survie_new
[15:22:34] [ITEM_LISTED]: pikatchou82 vend 1 x Enchanted Book  pour 7,000.00β sur survie_new
[15:22:36] [ITEM_LISTED]: pikatchou82 vend 1 x Enchanted Book  pour 7,000.00β sur survie_new
[15:22:44] [ITEM_LISTED]: pikatchou82 vend 1 x Enchanted Book  pour 7,000.00β sur survie_new
[15:22:47] [ITEM_LISTED]: pikatchou82 vend 1 x Enchanted Book  pour 7,000.00β sur survie_new
[15:22:49] [ITEM_LISTED]: pikatchou82 vend 1 x Enchanted Book  pour 7,000.00β sur survie_new
[15:22:50] [ITEM_LISTED]: Max_Le_Max vend 64 x Mycelium  pour 1,000.00β sur survie_new
[15:22:51] [ITEM_LISTED]: pikatchou82 vend 1 x Enchanted Book  pour 7,000.00β sur survie_new
[15:22:53] [ITEM_LISTED]: Max_Le_Max vend 64 x Mycelium  pour 1,000.00β sur survie_new
[15:22:55] [ITEM_LISTED]: Max_Le_Max vend 64 x Mycelium  pour 1,000.00β sur survie_new
[15:22:59] [ITEM_LISTED]: Max_Le_Max vend 64 x Mycelium  pour 1,000.00β sur survie_new
[15:24:20] [ITEM_LISTED]: pikatchou82 vend 1 x Enchanted Book  pour 7,000.00β sur survie_new
[15:24:21] [ITEM_LISTED]: pikatchou82 vend 1 x Enchanted Book  pour 7,000.00β sur survie_new
[15:24:23] [ITEM_LISTED]: pikatchou82 vend 1 x Enchanted Book  pour 7,000.00β sur survie_new
[16:03:40] [ITEM_LISTED]: pikatchou82 vend 1 x Enchanted Book  pour 7,000.00β sur survie_new
[16:03:43] [ITEM_LISTED]: pikatchou82 vend 1 x Enchanted Book  pour 7,000.00β sur survie_new
[16:03:45] [ITEM_LISTED]: pikatchou82 vend 1 x Enchanted Book  pour 7,000.00β sur survie_new
[16:12:54] [ITEM_LISTED]: pikatchou82 vend 1 x Enchanted Book  pour 7,000.00β sur survie_new
[16:12:58] [ITEM_LISTED]: pikatchou82 vend 1 x Enchanted Book  pour 7,000.00β sur survie_new
[16:13:01] [ITEM_LISTED]: pikatchou82 vend 1 x Enchanted Book  pour 7,000.00β sur survie_new
[16:13:02] [ITEM_LISTED]: pikatchou82 vend 1 x Enchanted Book  pour 7,000.00β sur survie_new
[16:13:17] [ITEM_CANCELLED]: pikatchou82 annule la vente de 64x Golden Apple pour 5,000.00β sur survie_new
[16:13:17] [ITEM_CANCELLED]: pikatchou82 annule la vente de 64x Golden Apple pour 5,000.00β sur survie_new
[16:13:17] [ITEM_CANCELLED]: pikatchou82 annule la vente de 64x Golden Apple pour 5,000.00β sur survie_new
[16:13:17] [ITEM_CANCELLED]: pikatchou82 annule la vente de 64x Golden Apple pour 5,000.00β sur survie_new
[16:13:17] [ITEM_CANCELLED]: pikatchou82 annule la vente de 64x Golden Apple pour 5,000.00β sur survie_new
[16:13:18] [ITEM_CANCELLED]: pikatchou82 annule la vente de 64x Golden Apple pour 5,000.00β sur survie_new
[16:13:18] [ITEM_CANCELLED]: pikatchou82 annule la vente de 64x Golden Apple pour 5,000.00β sur survie_new
[16:13:18] [ITEM_CANCELLED]: pikatchou82 annule la vente de 64x Golden Apple pour 5,000.00β sur survie_new
[16:13:30] [ITEM_LISTED]: pikatchou82 vend 1 x Enchanted Book  pour 7,000.00β sur survie_new
[16:13:32] [ITEM_LISTED]: pikatchou82 vend 1 x Enchanted Book  pour 7,000.00β sur survie_new
[16:13:33] [ITEM_LISTED]: pikatchou82 vend 1 x Enchanted Book  pour 7,000.00β sur survie_new
[16:13:35] [ITEM_LISTED]: pikatchou82 vend 1 x Enchanted Book  pour 7,000.00β sur survie_new
[16:13:37] [ITEM_LISTED]: pikatchou82 vend 1 x Enchanted Book  pour 7,000.00β sur survie_new
[16:13:38] [ITEM_LISTED]: pikatchou82 vend 1 x Enchanted Book  pour 7,000.00β sur survie_new
[16:13:43] [ITEM_LISTED]: pikatchou82 vend 1 x Enchanted Book  pour 7,000.00β sur survie_new
[16:13:45] [ITEM_LISTED]: pikatchou82 vend 1 x Enchanted Book  pour 7,000.00β sur survie_new
[16:14:21] [ITEM_CANCELLED]: pikatchou82 annule la vente de 1x Enchanted Book pour 7,000.00β sur survie_new
[16:14:22] [ITEM_CANCELLED]: pikatchou82 annule la vente de 1x Enchanted Book pour 7,000.00β sur survie_new
[16:14:22] [ITEM_CANCELLED]: pikatchou82 annule la vente de 1x Enchanted Book pour 7,000.00β sur survie_new
[16:14:22] [ITEM_CANCELLED]: pikatchou82 annule la vente de 1x Enchanted Book pour 7,000.00β sur survie_new
[16:14:22] [ITEM_CANCELLED]: pikatchou82 annule la vente de 1x Enchanted Book pour 7,000.00β sur survie_new
[16:14:23] [ITEM_CANCELLED]: pikatchou82 annule la vente de 1x Enchanted Book pour 7,000.00β sur survie_new
[16:14:23] [ITEM_CANCELLED]: pikatchou82 annule la vente de 1x Enchanted Book pour 7,000.00β sur survie_new
[16:14:24] [ITEM_CANCELLED]: pikatchou82 annule la vente de 1x Enchanted Book pour 7,000.00β sur survie_new
[16:14:29] [ITEM_CANCELLED]: pikatchou82 annule la vente de 1x Shulker Box pour 2,000.00β sur survie_new
[16:14:29] [ITEM_CANCELLED]: pikatchou82 annule la vente de 1x Shulker Box pour 10,000.00β sur survie_new
[16:14:29] [ITEM_CANCELLED]: pikatchou82 annule la vente de 1x Shulker Box pour 10,000.00β sur survie_new
[16:14:30] [ITEM_CANCELLED]: pikatchou82 annule la vente de 1x full enclumes pour 10,000.00β sur survie_new
[16:14:30] [ITEM_CANCELLED]: pikatchou82 annule la vente de 1x full enclumes pour 10,000.00β sur survie_new
[16:14:30] [ITEM_CANCELLED]: pikatchou82 annule la vente de 1x full jukebox pour 10,000.00β sur survie_new
[16:14:30] [ITEM_CANCELLED]: pikatchou82 annule la vente de 1x full plaques de pressions pour 5,000.00β sur survie_new
[16:14:30] [ITEM_CANCELLED]: pikatchou82 annule la vente de 1x full montre pour 5,000.00β sur survie_new
[16:14:30] [ITEM_CANCELLED]: pikatchou82 annule la vente de 1x full montres pour 5,000.00β sur survie_new
[16:14:33] [ITEM_RETURNED]: 1 x Enchanted Book  renvoyé à pikatchou82 le survie_new
[16:14:33] [ITEM_RETURNED]: 1 x Enchanted Book  renvoyé à pikatchou82 le survie_new
[16:14:33] [ITEM_RETURNED]: 1 x Enchanted Book  renvoyé à pikatchou82 le survie_new
[16:14:34] [ITEM_RETURNED]: 1 x Enchanted Book  renvoyé à pikatchou82 le survie_new
[16:14:34] [ITEM_RETURNED]: 1 x Enchanted Book  renvoyé à pikatchou82 le survie_new
[16:14:34] [ITEM_RETURNED]: 1 x Enchanted Book  renvoyé à pikatchou82 le survie_new
[16:14:34] [ITEM_RETURNED]: 1 x Enchanted Book  renvoyé à pikatchou82 le survie_new
[16:14:34] [ITEM_RETURNED]: 1 x Enchanted Book  renvoyé à pikatchou82 le survie_new
[16:14:37] [ITEM_LISTED]: pikatchou82 vend 1 x Enchanted Book  pour 7,000.00β sur survie_new
[16:14:39] [ITEM_LISTED]: pikatchou82 vend 1 x Enchanted Book  pour 7,000.00β sur survie_new
[16:14:43] [ITEM_LISTED]: pikatchou82 vend 1 x Enchanted Book  pour 7,000.00β sur survie_new
[16:14:45] [ITEM_LISTED]: pikatchou82 vend 1 x Enchanted Book  pour 7,000.00β sur survie_new
[16:14:47] [ITEM_LISTED]: pikatchou82 vend 1 x Enchanted Book  pour 7,000.00β sur survie_new
[16:14:50] [ITEM_LISTED]: pikatchou82 vend 1 x Enchanted Book  pour 7,000.00β sur survie_new
[16:15:13] [ITEM_LISTED]: pikatchou82 vend 1 x Enchanted Book  pour 7,000.00β sur survie_new
[16:15:14] [ITEM_LISTED]: pikatchou82 vend 1 x Enchanted Book  pour 7,000.00β sur survie_new
[16:15:52] [ITEM_RETURNED]: 64 x Golden Apple  renvoyé à pikatchou82 le survie_new
[16:15:52] [ITEM_RETURNED]: 64 x Golden Apple  renvoyé à pikatchou82 le survie_new
[16:15:52] [ITEM_RETURNED]: 64 x Golden Apple  renvoyé à pikatchou82 le survie_new
[16:15:53] [ITEM_RETURNED]: 64 x Golden Apple  renvoyé à pikatchou82 le survie_new
[16:15:53] [ITEM_RETURNED]: 64 x Golden Apple  renvoyé à pikatchou82 le survie_new
[16:15:53] [ITEM_RETURNED]: 64 x Golden Apple  renvoyé à pikatchou82 le survie_new
[16:15:53] [ITEM_RETURNED]: 64 x Golden Apple  renvoyé à pikatchou82 le survie_new
[16:15:53] [ITEM_RETURNED]: 64 x Golden Apple  renvoyé à pikatchou82 le survie_new
[16:16:07] [ITEM_LISTED]: pikatchou82 vend 64 x Golden Apple  pour 3,000.00β sur survie_new
[16:16:09] [ITEM_LISTED]: pikatchou82 vend 64 x Golden Apple  pour 3,000.00β sur survie_new
[16:16:11] [ITEM_LISTED]: pikatchou82 vend 64 x Golden Apple  pour 3,000.00β sur survie_new
[16:16:13] [ITEM_LISTED]: pikatchou82 vend 64 x Golden Apple  pour 3,000.00β sur survie_new
[16:16:15] [ITEM_LISTED]: pikatchou82 vend 64 x Golden Apple  pour 3,000.00β sur survie_new
[16:16:17] [ITEM_LISTED]: pikatchou82 vend 64 x Golden Apple  pour 3,000.00β sur survie_new
[16:16:19] [ITEM_LISTED]: pikatchou82 vend 64 x Golden Apple  pour 3,000.00β sur survie_new
[16:16:22] [ITEM_LISTED]: pikatchou82 vend 64 x Golden Apple  pour 3,000.00β sur survie_new
[16:19:15] [ITEM_LISTED]: le_lait vend 1 x Diamond Sword  [Bane of Arthropods IV, Knockback II] pour 20.00β sur survie_new
[16:45:23] [ITEM_LISTED]: ticiatrhd vend 1 x Enchanted Book  pour 750.00β sur survie_new
[16:46:01] [ITEM_LISTED]: ticiatrhd vend 1 x Enchanted Book  pour 1,000.00β sur survie_new
[16:49:02] [ITEM_LISTED]: lancelot vend 64 x Apple  pour 400.00β sur survie_new
[16:49:19] [ITEM_LISTED]: lancelot vend 64 x Apple  pour 400.00β sur survie_new
[16:49:35] [ITEM_LISTED]: lancelot vend 64 x Apple  pour 400.00β sur survie_new
[16:49:51] [ITEM_LISTED]: lancelot vend 64 x Apple  pour 400.00β sur survie_new
[16:50:07] [ITEM_LISTED]: lancelot vend 64 x Apple  pour 400.00β sur survie_new
[16:50:21] [ITEM_LISTED]: lancelot vend 64 x Apple  pour 400.00β sur survie_new
[16:50:47] [ITEM_LISTED]: lancelot vend 64 x Apple  pour 400.00β sur survie_new
[16:51:22] [ITEM_LISTED]: lancelot vend 64 x Apple  pour 400.00β sur survie_new
[16:51:43] [ITEM_LISTED]: lancelot vend 64 x Apple  pour 400.00β sur survie_new
[16:52:11] [ITEM_LISTED]: lancelot vend 64 x Apple  pour 400.00β sur survie_new
[16:52:23] [ITEM_LISTED]: lancelot vend 64 x Apple  pour 400.00β sur survie_new
[16:52:39] [ITEM_LISTED]: lancelot vend 64 x Apple  pour 400.00β sur survie_new
[16:52:54] [ITEM_LISTED]: lancelot vend 64 x Apple  pour 400.00β sur survie_new
[16:53:04] [ITEM_LISTED]: lancelot vend 64 x Apple  pour 400.00β sur survie_new
[16:53:17] [ITEM_LISTED]: lancelot vend 64 x Apple  pour 400.00β sur survie_new
[16:53:30] [ITEM_LISTED]: lancelot vend 64 x Apple  pour 490.00β sur survie_new
[16:54:00] [ITEM_LISTED]: lancelot vend 64 x Apple  pour 400.00β sur survie_new
[16:54:21] [ITEM_LISTED]: lancelot vend 64 x Apple  pour 400.00β sur survie_new
[16:54:32] [ITEM_LISTED]: lancelot vend 64 x Apple  pour 400.00β sur survie_new
[16:54:49] [ITEM_LISTED]: lancelot vend 64 x Apple  pour 400.00β sur survie_new
[16:55:44] [ITEM_LISTED]: lancelot vend 64 x Apple  pour 400.00β sur survie_new
[16:56:02] [ITEM_LISTED]: lancelot vend 64 x Apple  pour 400.00β sur survie_new
[16:56:15] [ITEM_LISTED]: lancelot vend 64 x Apple  pour 400.00β sur survie_new
[16:56:26] [ITEM_LISTED]: lancelot vend 64 x Apple  pour 400.00β sur survie_new
[16:56:43] [ITEM_LISTED]: lancelot vend 64 x Apple  pour 400.00β sur survie_new
[16:57:02] [ITEM_LISTED]: lancelot vend 46 x Apple  pour 300.00β sur survie_new
[16:57:13] [ITEM_LISTED]: lancelot vend 64 x Apple  pour 400.00β sur survie_new
[16:57:28] [ITEM_LISTED]: lancelot vend 64 x Apple  pour 400.00β sur survie_new
[16:57:42] [ITEM_LISTED]: lancelot vend 64 x Apple  pour 400.00β sur survie_new
[16:57:53] [ITEM_LISTED]: lancelot vend 64 x Apple  pour 400.00β sur survie_new
[16:58:08] [ITEM_LISTED]: lancelot vend 64 x Apple  pour 400.00β sur survie_new
[16:58:19] [ITEM_LISTED]: lancelot vend 64 x Apple  pour 400.00β sur survie_new
[16:58:39] [ITEM_LISTED]: lancelot vend 64 x Apple  pour 400.00β sur survie_new
[17:35:17] [ITEM_SOLD]: lancelot vendu 64 x Apple à  pikatchou82 pour 400.00 β le survie_new
[17:35:18] [ITEM_SOLD]: lancelot vendu 64 x Apple à  pikatchou82 pour 400.00 β le survie_new
[17:35:19] [ITEM_SOLD]: lancelot vendu 64 x Apple à  pikatchou82 pour 400.00 β le survie_new
[17:35:20] [ITEM_SOLD]: lancelot vendu 64 x Apple à  pikatchou82 pour 400.00 β le survie_new
[17:35:20] [ITEM_SOLD]: lancelot vendu 64 x Apple à  pikatchou82 pour 400.00 β le survie_new
[17:35:21] [ITEM_SOLD]: lancelot vendu 64 x Apple à  pikatchou82 pour 400.00 β le survie_new
[17:35:22] [ITEM_SOLD]: lancelot vendu 64 x Apple à  pikatchou82 pour 400.00 β le survie_new
[17:35:32] [ITEM_SOLD]: lancelot vendu 64 x Apple à  pikatchou82 pour 400.00 β le survie_new
[17:35:33] [ITEM_SOLD]: lancelot vendu 46 x Apple à  pikatchou82 pour 300.00 β le survie_new
[17:35:34] [ITEM_SOLD]: lancelot vendu 46 x Apple à  pikatchou82 pour 400.00 β le survie_new
[17:35:35] [ITEM_SOLD]: lancelot vendu 46 x Apple à  pikatchou82 pour 400.00 β le survie_new
[17:35:36] [ITEM_SOLD]: lancelot vendu 46 x Apple à  pikatchou82 pour 400.00 β le survie_new
[17:35:37] [ITEM_SOLD]: lancelot vendu 46 x Apple à  pikatchou82 pour 400.00 β le survie_new
[17:35:38] [ITEM_SOLD]: lancelot vendu 46 x Apple à  pikatchou82 pour 400.00 β le survie_new
[17:35:39] [ITEM_SOLD]: lancelot vendu 46 x Apple à  pikatchou82 pour 400.00 β le survie_new
[17:35:45] [ITEM_LISTED]: Natvolh24 vend 64 x Iron Ore  pour 1,500.00β sur survie_new
[17:35:52] [ITEM_LISTED]: Natvolh24 vend 64 x Iron Ore  pour 1,500.00β sur survie_new
[17:36:06] [ITEM_SOLD]: Natvolh24 vendu 64 x Iron Ore à  pikatchou82 pour 1,500.00 β le survie_new
[17:36:07] [ITEM_SOLD]: Natvolh24 vendu 64 x Iron Ore à  pikatchou82 pour 1,500.00 β le survie_new
[17:36:09] [ITEM_LISTED]: Natvolh24 vend 64 x Iron Ore  pour 1,500.00β sur survie_new
[17:36:18] [ITEM_LISTED]: Natvolh24 vend 64 x Iron Ore  pour 1,500.00β sur survie_new
[17:36:32] [ITEM_SOLD]: Natvolh24 vendu 64 x Iron Ore à  pikatchou82 pour 1,500.00 β le survie_new
[17:36:33] [ITEM_SOLD]: Natvolh24 vendu 64 x Iron Ore à  pikatchou82 pour 1,500.00 β le survie_new
[17:36:58] [ITEM_LISTED]: Natvolh24 vend 34 x Gold Ore  pour 955.00β sur survie_new
[17:37:12] [ITEM_LISTED]: Natvolh24 vend 1 x Diamond Sword  [Fire Aspect II, Sharpness III] pour 1,250.00β sur survie_new
[17:37:19] [ITEM_LISTED]: Natvolh24 vend 1 x Diamond Leggings  [Protection IV, Unbreaking III] pour 2,000.00β sur survie_new
[17:38:28] [ITEM_LISTED]: Natvolh24 vend 1 x Enchanting Table  pour 450.00β sur survie_new
[17:40:52] [ITEM_LISTED]: Natvolh24 vend 1 x Enchanted Book  pour 4,500.00β sur survie_new
[17:42:14] [ITEM_LISTED]: Yohan81 vend 1 x Grimoire d'Absorption  pour 50,000.00β sur survie_new
[17:42:18] [ITEM_SOLD]: Yohan81 vendu 1 x Grimoire d'Absorption à  CouzVeBaton pour 50,000.00 β le survie_new
[17:47:20] [ITEM_SOLD]: Max_Le_Max vendu 64 x Mycelium à  Isaorya pour 1,000.00 β le survie_new
[17:47:22] [ITEM_SOLD]: Max_Le_Max vendu 64 x Mycelium à  Isaorya pour 1,000.00 β le survie_new
[17:47:24] [ITEM_SOLD]: Max_Le_Max vendu 64 x Mycelium à  Isaorya pour 1,000.00 β le survie_new
[17:47:37] [ITEM_SOLD]: Max_Le_Max vendu 64 x Mycelium à  Isaorya pour 1,000.00 β le survie_new
[17:47:40] [ITEM_SOLD]: Raptor_22 vendu 61 x Light Gray Wool à  Isaorya pour 60.00 β le survie_new
[17:47:41] [ITEM_SOLD]: Raptor_22 vendu 64 x White Wool à  Isaorya pour 50.00 β le survie_new
[18:11:57] [ITEM_SOLD]: Max_Le_Max vendu 15 x Colle à  Efysio pour 750.00 β le survie_new
[18:13:30] [ITEM_SOLD]: Natvolh24 vendu 34 x Gold Ore à  CouzVeBaton pour 955.00 β le survie_new
[18:16:56] [ITEM_LISTED]: Max_Le_Max vend 1 x §;§:Squid Spawner 1x  pour 9,000.00β sur survie_new
[18:26:50] [ITEM_SOLD]: Max_Le_Max vendu 1 x §;§:Squid Spawner 1x à  pikatchou82 pour 9,000.00 β le survie_new
[18:37:09] [ITEM_CANCELLED]: Ender_Shock annule la vente de 1x Enchanted Book pour 6,999.00β sur survie_new
[18:37:10] [ITEM_CANCELLED]: Ender_Shock annule la vente de 1x Enchanted Book pour 6,999.00β sur survie_new
[18:37:10] [ITEM_CANCELLED]: Ender_Shock annule la vente de 1x Enchanted Book pour 6,999.00β sur survie_new
[18:37:10] [ITEM_CANCELLED]: Ender_Shock annule la vente de 1x Enchanted Book pour 6,999.00β sur survie_new
[18:37:10] [ITEM_CANCELLED]: Ender_Shock annule la vente de 1x Enchanted Book pour 6,999.00β sur survie_new
[18:37:11] [ITEM_CANCELLED]: Ender_Shock annule la vente de 1x Enchanted Book pour 6,999.00β sur survie_new
[18:37:11] [ITEM_CANCELLED]: Ender_Shock annule la vente de 1x Enchanted Book pour 6,999.00β sur survie_new
[18:37:11] [ITEM_CANCELLED]: Ender_Shock annule la vente de 1x Enchanted Book pour 6,999.00β sur survie_new
[18:37:11] [ITEM_CANCELLED]: Ender_Shock annule la vente de 1x Enchanted Book pour 6,999.00β sur survie_new
[18:37:12] [ITEM_CANCELLED]: Ender_Shock annule la vente de 1x Enchanted Book pour 6,999.00β sur survie_new
[18:37:12] [ITEM_CANCELLED]: Ender_Shock annule la vente de 1x Enchanted Book pour 6,999.00β sur survie_new
[18:37:12] [ITEM_CANCELLED]: Ender_Shock annule la vente de 1x Enchanted Book pour 6,999.00β sur survie_new
[18:37:12] [ITEM_CANCELLED]: Ender_Shock annule la vente de 1x Enchanted Book pour 6,999.00β sur survie_new
[18:37:13] [ITEM_CANCELLED]: Ender_Shock annule la vente de 1x Enchanted Book pour 6,999.00β sur survie_new
[18:37:13] [ITEM_CANCELLED]: Ender_Shock annule la vente de 1x Enchanted Book pour 6,999.00β sur survie_new
[18:37:13] [ITEM_CANCELLED]: Ender_Shock annule la vente de 1x Enchanted Book pour 6,999.00β sur survie_new
[18:37:13] [ITEM_CANCELLED]: Ender_Shock annule la vente de 1x Enchanted Book pour 6,999.00β sur survie_new
[18:37:28] [ITEM_RETURNED]: 1 x Enchanted Book  renvoyé à Ender_Shock le survie_new
[18:37:29] [ITEM_RETURNED]: 1 x Enchanted Book  renvoyé à Ender_Shock le survie_new
[18:37:29] [ITEM_RETURNED]: 1 x Enchanted Book  renvoyé à Ender_Shock le survie_new
[18:37:29] [ITEM_RETURNED]: 1 x Enchanted Book  renvoyé à Ender_Shock le survie_new
[18:37:30] [ITEM_RETURNED]: 1 x Enchanted Book  renvoyé à Ender_Shock le survie_new
[18:37:30] [ITEM_RETURNED]: 1 x Enchanted Book  renvoyé à Ender_Shock le survie_new
[18:37:30] [ITEM_RETURNED]: 1 x Enchanted Book  renvoyé à Ender_Shock le survie_new
[18:37:30] [ITEM_RETURNED]: 1 x Enchanted Book  renvoyé à Ender_Shock le survie_new
[18:37:31] [ITEM_RETURNED]: 1 x Enchanted Book  renvoyé à Ender_Shock le survie_new
[18:37:31] [ITEM_RETURNED]: 1 x Enchanted Book  renvoyé à Ender_Shock le survie_new
[18:37:31] [ITEM_RETURNED]: 1 x Enchanted Book  renvoyé à Ender_Shock le survie_new
[18:37:32] [ITEM_RETURNED]: 1 x Enchanted Book  renvoyé à Ender_Shock le survie_new
[18:37:32] [ITEM_RETURNED]: 1 x Enchanted Book  renvoyé à Ender_Shock le survie_new
[18:37:33] [ITEM_RETURNED]: 1 x Enchanted Book  renvoyé à Ender_Shock le survie_new
[18:37:33] [ITEM_RETURNED]: 1 x Enchanted Book  renvoyé à Ender_Shock le survie_new
[18:37:33] [ITEM_RETURNED]: 1 x Enchanted Book  renvoyé à Ender_Shock le survie_new
[18:37:39] [ITEM_RETURNED]: 1 x Enchanted Book  renvoyé à Ender_Shock le survie_new
[18:37:47] [ITEM_LISTED]: Ender_Shock vend 1 x Enchanted Book  pour 6,999.00β sur survie_new
[18:37:50] [ITEM_LISTED]: Ender_Shock vend 1 x Enchanted Book  pour 6,999.00β sur survie_new
[18:37:52] [ITEM_LISTED]: Ender_Shock vend 1 x Enchanted Book  pour 6,999.00β sur survie_new
[18:37:54] [ITEM_LISTED]: Ender_Shock vend 1 x Enchanted Book  pour 6,999.00β sur survie_new
[18:37:55] [ITEM_LISTED]: Ender_Shock vend 1 x Enchanted Book  pour 6,999.00β sur survie_new
[18:37:57] [ITEM_LISTED]: Ender_Shock vend 1 x Enchanted Book  pour 6,999.00β sur survie_new
[18:37:59] [ITEM_LISTED]: Ender_Shock vend 1 x Enchanted Book  pour 6,999.00β sur survie_new
[18:38:00] [ITEM_LISTED]: Ender_Shock vend 1 x Enchanted Book  pour 6,999.00β sur survie_new
[18:38:02] [ITEM_LISTED]: Ender_Shock vend 1 x Enchanted Book  pour 6,999.00β sur survie_new
[18:38:03] [ITEM_LISTED]: Ender_Shock vend 1 x Enchanted Book  pour 6,999.00β sur survie_new
[18:38:08] [ITEM_LISTED]: Ender_Shock vend 1 x Enchanted Book  pour 6,999.00β sur survie_new
[18:38:09] [ITEM_LISTED]: Ender_Shock vend 1 x Enchanted Book  pour 6,999.00β sur survie_new
[18:38:10] [ITEM_LISTED]: Ender_Shock vend 1 x Enchanted Book  pour 6,999.00β sur survie_new
[18:38:12] [ITEM_LISTED]: Ender_Shock vend 1 x Enchanted Book  pour 6,999.00β sur survie_new
[18:38:13] [ITEM_LISTED]: Ender_Shock vend 1 x Enchanted Book  pour 6,999.00β sur survie_new
[18:38:15] [ITEM_LISTED]: Ender_Shock vend 1 x Enchanted Book  pour 6,999.00β sur survie_new
[18:38:16] [ITEM_LISTED]: Ender_Shock vend 1 x Enchanted Book  pour 6,999.00β sur survie_new
[18:39:16] [ITEM_SOLD]: GoldenFarmers vendu 4 x Sea Lantern à  Ender_Shock pour 1,000.00 β le survie_new
[18:39:17] [ITEM_SOLD]: GoldenFarmers vendu 4 x Sea Lantern à  Ender_Shock pour 1,000.00 β le survie_new
[18:39:18] [ITEM_SOLD]: GoldenFarmers vendu 4 x Sea Lantern à  Ender_Shock pour 1,000.00 β le survie_new
[18:39:19] [ITEM_SOLD]: GoldenFarmers vendu 4 x Sea Lantern à  Ender_Shock pour 1,000.00 β le survie_new
[18:39:20] [ITEM_SOLD]: GoldenFarmers vendu 4 x Sea Lantern à  Ender_Shock pour 1,000.00 β le survie_new
[18:39:21] [ITEM_SOLD]: GoldenFarmers vendu 4 x Sea Lantern à  Ender_Shock pour 1,000.00 β le survie_new
[18:39:22] [ITEM_SOLD]: GoldenFarmers vendu 4 x Sea Lantern à  Ender_Shock pour 1,000.00 β le survie_new
[18:39:23] [ITEM_SOLD]: GoldenFarmers vendu 4 x Sea Lantern à  Ender_Shock pour 1,000.00 β le survie_new
[18:39:27] [ITEM_SOLD]: GoldenFarmers vendu 4 x Sea Lantern à  Ender_Shock pour 1,000.00 β le survie_new
[18:39:28] [ITEM_SOLD]: GoldenFarmers vendu 4 x Sea Lantern à  Ender_Shock pour 1,000.00 β le survie_new
[18:39:29] [ITEM_SOLD]: GoldenFarmers vendu 4 x Sea Lantern à  Ender_Shock pour 1,000.00 β le survie_new
[18:39:30] [ITEM_SOLD]: GoldenFarmers vendu 4 x Sea Lantern à  Ender_Shock pour 1,000.00 β le survie_new
[18:47:56] [ITEM_LISTED]: lancelot vend 1 x Nautilus Shell  pour 3,000.00β sur survie_new
[19:08:29] [ITEM_SOLD]: Ender_Shock vendu 1 x Enchanted Book à  toyo_portos pour 6,999.00 β le survie_new
[19:35:32] [ITEM_RETURNED]: 1 x full montres  renvoyé à pikatchou82 le survie_new
[19:35:32] [ITEM_RETURNED]: 1 x full montre  renvoyé à pikatchou82 le survie_new
[19:35:32] [ITEM_RETURNED]: 1 x full plaques de pressions  renvoyé à pikatchou82 le survie_new
[19:35:32] [ITEM_RETURNED]: 1 x full jukebox  renvoyé à pikatchou82 le survie_new
[19:35:33] [ITEM_RETURNED]: 1 x full enclumes  renvoyé à pikatchou82 le survie_new
[19:35:33] [ITEM_RETURNED]: 1 x full enclumes  renvoyé à pikatchou82 le survie_new
[19:35:33] [ITEM_RETURNED]: 1 x Shulker Box  renvoyé à pikatchou82 le survie_new
[19:35:33] [ITEM_RETURNED]: 1 x Shulker Box  renvoyé à pikatchou82 le survie_new
[19:35:33] [ITEM_RETURNED]: 1 x Shulker Box  renvoyé à pikatchou82 le survie_new
[19:37:13] [ITEM_SOLD]: Tarnuk vendu 1 x Shulker Box à  Isaorya pour 1,000.00 β le survie_new
[19:37:15] [ITEM_SOLD]: Tarnuk vendu 1 x Shulker Box à  Isaorya pour 1,000.00 β le survie_new
[19:37:16] [ITEM_SOLD]: Tarnuk vendu 1 x Shulker Box à  Isaorya pour 1,000.00 β le survie_new
[19:37:17] [ITEM_SOLD]: Tarnuk vendu 1 x Shulker Box à  Isaorya pour 1,000.00 β le survie_new
[19:37:18] [ITEM_SOLD]: Tarnuk vendu 1 x Shulker Box à  Isaorya pour 1,000.00 β le survie_new
[19:37:19] [ITEM_SOLD]: Tarnuk vendu 1 x Shulker Box à  Isaorya pour 1,000.00 β le survie_new
[19:37:20] [ITEM_SOLD]: Tarnuk vendu 1 x Shulker Box à  Isaorya pour 1,000.00 β le survie_new
[20:10:50] [ITEM_LISTED]: AzodFR vend 1 x La Nuit Étoilée /Van Gogh/  pour 5,000.00β sur survie_new
[20:11:02] [ITEM_SOLD]: AzodFR vendu 1 x La Nuit Étoilée /Van Gogh/ à  blazou38 pour 5,000.00 β le survie_new
[20:29:49] [ITEM_LISTED]: Ender_Shock vend 64 x Carrot  pour 50.00β sur survie_new
[20:30:09] [ITEM_SOLD]: Ender_Shock vendu 64 x Carrot à  NatoxFCUT pour 50.00 β le survie_new
[20:54:29] [ITEM_SOLD]: Natvolh24 vendu 1 x Enchanting Table à  Starlock_1 pour 450.00 β le survie_new
[20:57:19] [ITEM_SOLD]: Karazhar vendu 1 x Diamond Shovel à  [Unbreaking III] MrNefrax pour 1,000.00 β le survie_new
[21:02:29] [ITEM_LISTED]: Christophe_ vend 15 x Acacia Log  pour 1.00β sur survie_new
[21:03:10] [ITEM_CANCELLED]: Christophe_ annule la vente de 15x Acacia Log pour 1.00β sur survie_new
[21:03:15] [ITEM_RETURNED]: 15 x Acacia Log  renvoyé à Christophe_ le survie_new
[21:03:42] [ITEM_LISTED]: maxoy2726 vend 32 x Wheat Seeds  pour 0.10β sur survie_new
[21:04:13] [ITEM_LISTED]: maxoy2726 vend 33 x Oak Log  pour 30.00β sur survie_new
[21:04:56] [ITEM_LISTED]: maxoy2726 vend 2 x Apple  pour 2.00β sur survie_new
[21:19:32] [ITEM_CANCELLED]: pikatchou82 annule la vente de 1x Enchanted Book pour 7,000.00β sur survie_new
[21:19:32] [ITEM_CANCELLED]: pikatchou82 annule la vente de 1x Enchanted Book pour 7,000.00β sur survie_new
[21:19:32] [ITEM_CANCELLED]: pikatchou82 annule la vente de 1x Enchanted Book pour 7,000.00β sur survie_new
[21:19:33] [ITEM_CANCELLED]: pikatchou82 annule la vente de 1x Enchanted Book pour 7,000.00β sur survie_new
[21:19:33] [ITEM_CANCELLED]: pikatchou82 annule la vente de 1x Enchanted Book pour 7,000.00β sur survie_new
[21:19:33] [ITEM_CANCELLED]: pikatchou82 annule la vente de 1x Enchanted Book pour 7,000.00β sur survie_new
[21:19:33] [ITEM_CANCELLED]: pikatchou82 annule la vente de 1x Enchanted Book pour 7,000.00β sur survie_new
[21:19:33] [ITEM_CANCELLED]: pikatchou82 annule la vente de 1x Enchanted Book pour 7,000.00β sur survie_new
[21:19:33] [ITEM_CANCELLED]: pikatchou82 annule la vente de 1x Enchanted Book pour 7,000.00β sur survie_new
[21:19:34] [ITEM_CANCELLED]: pikatchou82 annule la vente de 1x Enchanted Book pour 7,000.00β sur survie_new
[21:19:36] [ITEM_CANCELLED]: pikatchou82 annule la vente de 1x Enchanted Book pour 7,000.00β sur survie_new
[21:19:36] [ITEM_CANCELLED]: pikatchou82 annule la vente de 1x Enchanted Book pour 7,000.00β sur survie_new
[21:19:36] [ITEM_CANCELLED]: pikatchou82 annule la vente de 1x Enchanted Book pour 7,000.00β sur survie_new
[21:19:37] [ITEM_CANCELLED]: pikatchou82 annule la vente de 1x Enchanted Book pour 7,000.00β sur survie_new
[21:19:37] [ITEM_CANCELLED]: pikatchou82 annule la vente de 1x Enchanted Book pour 7,000.00β sur survie_new
[21:19:38] [ITEM_CANCELLED]: pikatchou82 annule la vente de 1x Enchanted Book pour 7,000.00β sur survie_new
[21:19:43] [ITEM_CANCELLED]: pikatchou82 annule la vente de 1x Enchanted Book pour 7,000.00β sur survie_new
[21:19:45] [ITEM_RETURNED]: 1 x Enchanted Book  renvoyé à pikatchou82 le survie_new
[21:19:45] [ITEM_RETURNED]: 1 x Enchanted Book  renvoyé à pikatchou82 le survie_new
[21:19:45] [ITEM_RETURNED]: 1 x Enchanted Book  renvoyé à pikatchou82 le survie_new
[21:19:45] [ITEM_RETURNED]: 1 x Enchanted Book  renvoyé à pikatchou82 le survie_new
[21:19:46] [ITEM_RETURNED]: 1 x Enchanted Book  renvoyé à pikatchou82 le survie_new
[21:19:46] [ITEM_RETURNED]: 1 x Enchanted Book  renvoyé à pikatchou82 le survie_new
[21:19:46] [ITEM_RETURNED]: 1 x Enchanted Book  renvoyé à pikatchou82 le survie_new
[21:19:46] [ITEM_RETURNED]: 1 x Enchanted Book  renvoyé à pikatchou82 le survie_new
[21:19:46] [ITEM_RETURNED]: 1 x Enchanted Book  renvoyé à pikatchou82 le survie_new
[21:19:47] [ITEM_RETURNED]: 1 x Enchanted Book  renvoyé à pikatchou82 le survie_new
[21:19:47] [ITEM_RETURNED]: 1 x Enchanted Book  renvoyé à pikatchou82 le survie_new
[21:19:47] [ITEM_RETURNED]: 1 x Enchanted Book  renvoyé à pikatchou82 le survie_new
[21:19:48] [ITEM_RETURNED]: 1 x Enchanted Book  renvoyé à pikatchou82 le survie_new
[21:19:48] [ITEM_RETURNED]: 1 x Enchanted Book  renvoyé à pikatchou82 le survie_new
[21:19:48] [ITEM_RETURNED]: 1 x Enchanted Book  renvoyé à pikatchou82 le survie_new
[21:19:49] [ITEM_RETURNED]: 1 x Enchanted Book  renvoyé à pikatchou82 le survie_new
[21:19:49] [ITEM_RETURNED]: 1 x Enchanted Book  renvoyé à pikatchou82 le survie_new
[21:20:41] [ITEM_LISTED]: pikatchou82 vend 1 x Enchanted Book  pour 6,900.00β sur survie_new
[21:20:44] [ITEM_LISTED]: pikatchou82 vend 1 x Enchanted Book  pour 6,900.00β sur survie_new
[21:20:46] [ITEM_LISTED]: pikatchou82 vend 1 x Enchanted Book  pour 6,900.00β sur survie_new
[21:20:47] [ITEM_LISTED]: pikatchou82 vend 1 x Enchanted Book  pour 6,900.00β sur survie_new
[21:20:50] [ITEM_LISTED]: pikatchou82 vend 1 x Enchanted Book  pour 6,900.00β sur survie_new
[21:20:51] [ITEM_LISTED]: pikatchou82 vend 1 x Enchanted Book  pour 6,900.00β sur survie_new
[21:20:53] [ITEM_LISTED]: pikatchou82 vend 1 x Enchanted Book  pour 6,900.00β sur survie_new
[21:20:58] [ITEM_LISTED]: pikatchou82 vend 1 x Enchanted Book  pour 6,900.00β sur survie_new
[21:21:00] [ITEM_LISTED]: pikatchou82 vend 1 x Enchanted Book  pour 6,900.00β sur survie_new
[21:21:02] [ITEM_LISTED]: pikatchou82 vend 1 x Enchanted Book  pour 6,900.00β sur survie_new
[21:21:03] [ITEM_LISTED]: pikatchou82 vend 1 x Enchanted Book  pour 6,900.00β sur survie_new
[21:21:06] [ITEM_LISTED]: pikatchou82 vend 1 x Enchanted Book  pour 6,900.00β sur survie_new
[21:21:08] [ITEM_LISTED]: pikatchou82 vend 1 x Enchanted Book  pour 6,900.00β sur survie_new
[21:21:09] [ITEM_LISTED]: pikatchou82 vend 1 x Enchanted Book  pour 6,900.00β sur survie_new
[21:21:14] [ITEM_LISTED]: pikatchou82 vend 1 x Enchanted Book  pour 6,900.00β sur survie_new
[21:21:16] [ITEM_LISTED]: pikatchou82 vend 1 x Enchanted Book  pour 6,900.00β sur survie_new
[21:21:22] [ITEM_LISTED]: pikatchou82 vend 1 x Enchanted Book  pour 6,900.00β sur survie_new
[21:38:41] [ITEM_SOLD]: maxoy2726 vendu 2 x Apple à  Futsiph pour 2.00 β le survie_new
[21:44:28] [ITEM_LISTED]: OfCourse vend 2 x Livre  pour 6,000.00β sur survie_new
[21:53:12] [ITEM_CANCELLED]: Ender_Shock annule la vente de 1x Enchanted Book pour 6,999.00β sur survie_new
[21:53:14] [ITEM_RETURNED]: 1 x Enchanted Book  renvoyé à Ender_Shock le survie_new
[21:53:37] [ITEM_CANCELLED]: Ender_Shock annule la vente de 1x Enchanted Book pour 6,999.00β sur survie_new
[21:53:38] [ITEM_RETURNED]: 1 x Enchanted Book  renvoyé à Ender_Shock le survie_new
[21:55:11] [ITEM_LISTED]: maxoy2726 vend 34 x Jungle Log  pour 1,000.00β sur survie_new
[21:55:43] [ITEM_LISTED]: maxoy2726 vend 16 x Oak Log  pour 1,000.00β sur survie_new
[21:58:19] [ITEM_SOLD]: Aorixsama vendu 64 x Sugar Cane à  NatoxFCUT pour 500.00 β le survie_new
[21:58:36] [ITEM_LISTED]: maxoy2726 vend 15 x Iron Ingot  pour 500.00β sur survie_new
[21:59:14] [ITEM_LISTED]: maxoy2726 vend 18 x Terracotta  pour 200.00β sur survie_new
[22:16:17] [ITEM_LISTED]: OfCourse vend 1 x Ink Sac  pour 100.00β sur survie_new
[22:17:43] [ITEM_CANCELLED]: Aorixsama annule la vente de 64x Sugar Cane pour 500.00β sur survie_new
[22:17:49] [ITEM_CANCELLED]: Aorixsama annule la vente de 64x Sugar Cane pour 500.00β sur survie_new
[22:17:50] [ITEM_CANCELLED]: Aorixsama annule la vente de 64x Sugar Cane pour 500.00β sur survie_new
[22:17:50] [ITEM_SOLD]: OfCourse vendu 1 x Ink Sac à  EvanYT pour 100.00 β le survie_new
[22:17:51] [ITEM_CANCELLED]: Aorixsama annule la vente de 64x Sugar Cane pour 500.00β sur survie_new
[22:17:51] [ITEM_CANCELLED]: Aorixsama annule la vente de 64x Sugar Cane pour 500.00β sur survie_new
[22:17:53] [ITEM_CANCELLED]: Aorixsama annule la vente de 64x Sugar Cane pour 500.00β sur survie_new
[22:17:53] [ITEM_CANCELLED]: Aorixsama annule la vente de 64x Sugar Cane pour 500.00β sur survie_new
[22:17:53] [ITEM_CANCELLED]: Aorixsama annule la vente de 1x Enchanted Golden Apple pour 20,000.00β sur survie_new
[22:17:54] [ITEM_CANCELLED]: Aorixsama annule la vente de 64x Sugar Cane pour 500.00β sur survie_new
[22:17:55] [ITEM_CANCELLED]: Aorixsama annule la vente de 64x Sugar Cane pour 500.00β sur survie_new
[22:17:55] [ITEM_CANCELLED]: Aorixsama annule la vente de 64x Sugar Cane pour 500.00β sur survie_new
[22:17:55] [ITEM_CANCELLED]: Aorixsama annule la vente de 64x Sugar Cane pour 500.00β sur survie_new
[22:17:55] [ITEM_CANCELLED]: Aorixsama annule la vente de 64x Sugar Cane pour 500.00β sur survie_new
[22:17:56] [ITEM_CANCELLED]: Aorixsama annule la vente de 64x Sugar Cane pour 500.00β sur survie_new
[22:17:56] [ITEM_CANCELLED]: Aorixsama annule la vente de 64x Sugar Cane pour 500.00β sur survie_new
[22:17:56] [ITEM_CANCELLED]: Aorixsama annule la vente de 64x Sugar Cane pour 500.00β sur survie_new
[22:17:56] [ITEM_CANCELLED]: Aorixsama annule la vente de 64x Sugar Cane pour 500.00β sur survie_new
[22:17:56] [ITEM_CANCELLED]: Aorixsama annule la vente de 64x Sugar Cane pour 500.00β sur survie_new
[22:17:57] [ITEM_CANCELLED]: Aorixsama annule la vente de 1x Diamond Pickaxe [Efficiency V, Fortune III, Unbreaking III] pour 16,000.00β sur survie_new
[22:27:30] [ITEM_SOLD]: Lacourgette vendu 1 x Enchanted Book à  Ender_Shock pour 4,000.00 β le survie_new
[22:30:31] [ITEM_CANCELLED]: Ender_Shock annule la vente de 1x Enchanted Book pour 6,999.00β sur survie_new
[22:30:32] [ITEM_CANCELLED]: Ender_Shock annule la vente de 1x Enchanted Book pour 6,999.00β sur survie_new
[22:30:32] [ITEM_CANCELLED]: Ender_Shock annule la vente de 1x Enchanted Book pour 6,999.00β sur survie_new
[22:30:32] [ITEM_CANCELLED]: Ender_Shock annule la vente de 1x Enchanted Book pour 6,999.00β sur survie_new
[22:30:32] [ITEM_CANCELLED]: Ender_Shock annule la vente de 1x Enchanted Book pour 6,999.00β sur survie_new
[22:30:33] [ITEM_CANCELLED]: Ender_Shock annule la vente de 1x Enchanted Book pour 6,999.00β sur survie_new
[22:30:33] [ITEM_CANCELLED]: Ender_Shock annule la vente de 1x Enchanted Book pour 6,999.00β sur survie_new
[22:30:33] [ITEM_CANCELLED]: Ender_Shock annule la vente de 1x Enchanted Book pour 6,999.00β sur survie_new
[22:30:34] [ITEM_CANCELLED]: Ender_Shock annule la vente de 1x Enchanted Book pour 6,999.00β sur survie_new
[22:30:34] [ITEM_CANCELLED]: Ender_Shock annule la vente de 1x Enchanted Book pour 6,999.00β sur survie_new
[22:30:34] [ITEM_CANCELLED]: Ender_Shock annule la vente de 1x Enchanted Book pour 6,999.00β sur survie_new
[22:30:34] [ITEM_CANCELLED]: Ender_Shock annule la vente de 1x Enchanted Book pour 6,999.00β sur survie_new
[22:30:35] [ITEM_CANCELLED]: Ender_Shock annule la vente de 1x Enchanted Book pour 6,999.00β sur survie_new
[22:30:35] [ITEM_CANCELLED]: Ender_Shock annule la vente de 1x Enchanted Book pour 6,999.00β sur survie_new
[22:30:37] [ITEM_RETURNED]: 1 x Enchanted Book  renvoyé à Ender_Shock le survie_new
[22:30:38] [ITEM_RETURNED]: 1 x Enchanted Book  renvoyé à Ender_Shock le survie_new
[22:30:38] [ITEM_RETURNED]: 1 x Enchanted Book  renvoyé à Ender_Shock le survie_new
[22:30:38] [ITEM_RETURNED]: 1 x Enchanted Book  renvoyé à Ender_Shock le survie_new
[22:30:39] [ITEM_RETURNED]: 1 x Enchanted Book  renvoyé à Ender_Shock le survie_new
[22:30:39] [ITEM_RETURNED]: 1 x Enchanted Book  renvoyé à Ender_Shock le survie_new
[22:30:39] [ITEM_RETURNED]: 1 x Enchanted Book  renvoyé à Ender_Shock le survie_new
[22:30:39] [ITEM_RETURNED]: 1 x Enchanted Book  renvoyé à Ender_Shock le survie_new
[22:30:40] [ITEM_RETURNED]: 1 x Enchanted Book  renvoyé à Ender_Shock le survie_new
[22:30:40] [ITEM_RETURNED]: 1 x Enchanted Book  renvoyé à Ender_Shock le survie_new
[22:30:40] [ITEM_RETURNED]: 1 x Enchanted Book  renvoyé à Ender_Shock le survie_new
[22:30:40] [ITEM_RETURNED]: 1 x Enchanted Book  renvoyé à Ender_Shock le survie_new
[22:30:40] [ITEM_RETURNED]: 1 x Enchanted Book  renvoyé à Ender_Shock le survie_new
[22:30:41] [ITEM_RETURNED]: 1 x Enchanted Book  renvoyé à Ender_Shock le survie_new
[22:30:44] [ITEM_LISTED]: Max_Le_Max vend 1 x Honey Bottle  pour 250.00β sur survie_new
[22:30:46] [ITEM_LISTED]: Max_Le_Max vend 1 x Honey Bottle  pour 250.00β sur survie_new
[22:31:13] [ITEM_LISTED]: Max_Le_Max vend 1 x Honey Block  pour 1,000.00β sur survie_new
[22:31:22] [ITEM_LISTED]: Ender_Shock vend 1 x Enchanted Book  pour 6,899.00β sur survie_new
[22:31:24] [ITEM_LISTED]: Ender_Shock vend 1 x Enchanted Book  pour 6,899.00β sur survie_new
[22:31:25] [ITEM_LISTED]: Ender_Shock vend 1 x Enchanted Book  pour 6,899.00β sur survie_new
[22:31:27] [ITEM_LISTED]: Ender_Shock vend 1 x Enchanted Book  pour 6,899.00β sur survie_new
[22:31:34] [ITEM_LISTED]: Ender_Shock vend 1 x Enchanted Book  pour 6,899.00β sur survie_new
[22:31:35] [ITEM_LISTED]: Ender_Shock vend 1 x Enchanted Book  pour 6,899.00β sur survie_new
[22:31:37] [ITEM_LISTED]: Ender_Shock vend 1 x Enchanted Book  pour 6,899.00β sur survie_new
[22:31:38] [ITEM_LISTED]: Ender_Shock vend 1 x Enchanted Book  pour 6,899.00β sur survie_new
[22:31:41] [ITEM_LISTED]: Ender_Shock vend 1 x Enchanted Book  pour 6,899.00β sur survie_new
[22:31:42] [ITEM_LISTED]: Ender_Shock vend 1 x Enchanted Book  pour 6,899.00β sur survie_new
[22:31:44] [ITEM_LISTED]: Ender_Shock vend 1 x Enchanted Book  pour 6,899.00β sur survie_new
[22:31:45] [ITEM_LISTED]: Ender_Shock vend 1 x Enchanted Book  pour 6,899.00β sur survie_new
[22:31:47] [ITEM_LISTED]: Ender_Shock vend 1 x Enchanted Book  pour 6,899.00β sur survie_new
[22:49:37] [ITEM_RETURNED]: 64 x Sugar Cane  renvoyé à Aorixsama le survie_new
[22:49:37] [ITEM_RETURNED]: 64 x Sugar Cane  renvoyé à Aorixsama le survie_new
[22:49:37] [ITEM_RETURNED]: 1 x Diamond Pickaxe  [Efficiency V, Fortune III, Unbreaking III] renvoyé à Aorixsama le survie_new
[22:49:37] [ITEM_RETURNED]: 64 x Sugar Cane  renvoyé à Aorixsama le survie_new
[22:49:37] [ITEM_RETURNED]: 64 x Sugar Cane  renvoyé à Aorixsama le survie_new
[22:49:37] [ITEM_RETURNED]: 64 x Sugar Cane  renvoyé à Aorixsama le survie_new
[22:49:37] [ITEM_RETURNED]: 64 x Sugar Cane  renvoyé à Aorixsama le survie_new
[22:49:37] [ITEM_RETURNED]: 64 x Sugar Cane  renvoyé à Aorixsama le survie_new
[22:49:37] [ITEM_RETURNED]: 64 x Sugar Cane  renvoyé à Aorixsama le survie_new
[22:49:37] [ITEM_RETURNED]: 64 x Sugar Cane  renvoyé à Aorixsama le survie_new
[22:49:37] [ITEM_RETURNED]: 64 x Sugar Cane  renvoyé à Aorixsama le survie_new
[22:49:37] [ITEM_RETURNED]: 64 x Sugar Cane  renvoyé à Aorixsama le survie_new
[22:49:37] [ITEM_RETURNED]: 64 x Sugar Cane  renvoyé à Aorixsama le survie_new
[22:49:37] [ITEM_RETURNED]: 1 x Enchanted Golden Apple  renvoyé à Aorixsama le survie_new
[22:49:37] [ITEM_RETURNED]: 64 x Sugar Cane  renvoyé à Aorixsama le survie_new
[22:49:37] [ITEM_RETURNED]: 64 x Sugar Cane  renvoyé à Aorixsama le survie_new
[22:49:37] [ITEM_RETURNED]: 64 x Sugar Cane  renvoyé à Aorixsama le survie_new
[22:49:37] [ITEM_RETURNED]: 64 x Sugar Cane  renvoyé à Aorixsama le survie_new
[22:49:37] [ITEM_RETURNED]: 64 x Sugar Cane  renvoyé à Aorixsama le survie_new
[22:51:27] [ITEM_CANCELLED]: pikatchou82 annule la vente de 64x Golden Apple pour 3,000.00β sur survie_new
[22:51:27] [ITEM_CANCELLED]: pikatchou82 annule la vente de 64x Golden Apple pour 3,000.00β sur survie_new
[22:51:27] [ITEM_CANCELLED]: pikatchou82 annule la vente de 64x Golden Apple pour 3,000.00β sur survie_new
[22:51:28] [ITEM_CANCELLED]: pikatchou82 annule la vente de 64x Golden Apple pour 3,000.00β sur survie_new
[22:51:28] [ITEM_CANCELLED]: pikatchou82 annule la vente de 64x Golden Apple pour 3,000.00β sur survie_new
[22:51:28] [ITEM_CANCELLED]: pikatchou82 annule la vente de 64x Golden Apple pour 3,000.00β sur survie_new
[22:51:28] [ITEM_CANCELLED]: pikatchou82 annule la vente de 64x Golden Apple pour 3,000.00β sur survie_new
[22:51:29] [ITEM_CANCELLED]: pikatchou82 annule la vente de 64x Golden Apple pour 3,000.00β sur survie_new
[22:51:34] [ITEM_CANCELLED]: pikatchou82 annule la vente de 1x Enchanted Book pour 6,900.00β sur survie_new
[22:51:34] [ITEM_CANCELLED]: pikatchou82 annule la vente de 1x Enchanted Book pour 6,900.00β sur survie_new
[22:51:34] [ITEM_CANCELLED]: pikatchou82 annule la vente de 1x Enchanted Book pour 6,900.00β sur survie_new
[22:51:34] [ITEM_CANCELLED]: pikatchou82 annule la vente de 1x Enchanted Book pour 6,900.00β sur survie_new
[22:51:34] [ITEM_CANCELLED]: pikatchou82 annule la vente de 1x Enchanted Book pour 6,900.00β sur survie_new
[22:51:35] [ITEM_CANCELLED]: pikatchou82 annule la vente de 1x Enchanted Book pour 6,900.00β sur survie_new
[22:51:35] [ITEM_CANCELLED]: pikatchou82 annule la vente de 1x Enchanted Book pour 6,900.00β sur survie_new
[22:51:35] [ITEM_CANCELLED]: pikatchou82 annule la vente de 1x Enchanted Book pour 6,900.00β sur survie_new
[22:51:35] [ITEM_CANCELLED]: pikatchou82 annule la vente de 1x Enchanted Book pour 6,900.00β sur survie_new
[22:51:35] [ITEM_CANCELLED]: pikatchou82 annule la vente de 1x Enchanted Book pour 6,900.00β sur survie_new
[22:51:36] [ITEM_CANCELLED]: pikatchou82 annule la vente de 1x Enchanted Book pour 6,900.00β sur survie_new
[22:51:36] [ITEM_CANCELLED]: pikatchou82 annule la vente de 1x Enchanted Book pour 6,900.00β sur survie_new
[22:51:36] [ITEM_CANCELLED]: pikatchou82 annule la vente de 1x Enchanted Book pour 6,900.00β sur survie_new
[22:51:36] [ITEM_CANCELLED]: pikatchou82 annule la vente de 1x Enchanted Book pour 6,900.00β sur survie_new
[22:51:36] [ITEM_CANCELLED]: pikatchou82 annule la vente de 1x Enchanted Book pour 6,900.00β sur survie_new
[22:51:36] [ITEM_CANCELLED]: pikatchou82 annule la vente de 1x Enchanted Book pour 6,900.00β sur survie_new
[22:51:37] [ITEM_CANCELLED]: pikatchou82 annule la vente de 1x Enchanted Book pour 6,900.00β sur survie_new
[22:51:37] [ITEM_CANCELLED]: pikatchou82 annule la vente de 1x Enchanted Book pour 7,000.00β sur survie_new
[22:51:37] [ITEM_CANCELLED]: pikatchou82 annule la vente de 1x Enchanted Book pour 7,000.00β sur survie_new
[22:51:37] [ITEM_CANCELLED]: pikatchou82 annule la vente de 1x Enchanted Book pour 7,000.00β sur survie_new
[22:51:37] [ITEM_CANCELLED]: pikatchou82 annule la vente de 1x Enchanted Book pour 7,000.00β sur survie_new
[22:51:38] [ITEM_CANCELLED]: pikatchou82 annule la vente de 1x Enchanted Book pour 7,000.00β sur survie_new
[22:51:38] [ITEM_CANCELLED]: pikatchou82 annule la vente de 1x Enchanted Book pour 7,000.00β sur survie_new
[22:51:38] [ITEM_CANCELLED]: pikatchou82 annule la vente de 1x Enchanted Book pour 7,000.00β sur survie_new
[22:51:38] [ITEM_CANCELLED]: pikatchou82 annule la vente de 1x Enchanted Book pour 7,000.00β sur survie_new
[22:51:38] [ITEM_CANCELLED]: pikatchou82 annule la vente de 1x Enchanted Book pour 7,000.00β sur survie_new
[22:51:39] [ITEM_CANCELLED]: pikatchou82 annule la vente de 1x Enchanted Book pour 7,000.00β sur survie_new
[22:51:39] [ITEM_CANCELLED]: pikatchou82 annule la vente de 1x Enchanted Book pour 7,000.00β sur survie_new
[22:51:39] [ITEM_CANCELLED]: pikatchou82 annule la vente de 1x Enchanted Book pour 7,000.00β sur survie_new
[22:51:40] [ITEM_CANCELLED]: pikatchou82 annule la vente de 1x Enchanted Book pour 7,000.00β sur survie_new
[22:51:40] [ITEM_CANCELLED]: pikatchou82 annule la vente de 1x Enchanted Book pour 7,000.00β sur survie_new
[22:51:40] [ITEM_CANCELLED]: pikatchou82 annule la vente de 1x Enchanted Book pour 7,000.00β sur survie_new
[22:51:41] [ITEM_CANCELLED]: pikatchou82 annule la vente de 1x Enchanted Book pour 7,000.00β sur survie_new
[22:51:41] [ITEM_CANCELLED]: pikatchou82 annule la vente de 1x Enchanted Book pour 7,000.00β sur survie_new
[22:51:42] [ITEM_CANCELLED]: pikatchou82 annule la vente de 1x Enchanted Book pour 7,000.00β sur survie_new
[22:51:49] [ITEM_RETURNED]: 64 x Golden Apple  renvoyé à pikatchou82 le survie_new
[22:51:50] [ITEM_RETURNED]: 64 x Golden Apple  renvoyé à pikatchou82 le survie_new
[22:51:50] [ITEM_RETURNED]: 64 x Golden Apple  renvoyé à pikatchou82 le survie_new
[22:51:50] [ITEM_RETURNED]: 64 x Golden Apple  renvoyé à pikatchou82 le survie_new
[22:51:50] [ITEM_RETURNED]: 64 x Golden Apple  renvoyé à pikatchou82 le survie_new
[22:51:50] [ITEM_RETURNED]: 64 x Golden Apple  renvoyé à pikatchou82 le survie_new
[22:51:51] [ITEM_RETURNED]: 64 x Golden Apple  renvoyé à pikatchou82 le survie_new
[22:51:52] [ITEM_RETURNED]: 64 x Golden Apple  renvoyé à pikatchou82 le survie_new
[22:52:21] [ITEM_LISTED]: pikatchou82 vend 64 x Golden Apple  pour 3,000.00β sur survie_new
[22:52:22] [ITEM_LISTED]: pikatchou82 vend 64 x Golden Apple  pour 3,000.00β sur survie_new
[22:52:24] [ITEM_LISTED]: pikatchou82 vend 64 x Golden Apple  pour 3,000.00β sur survie_new
[22:52:26] [ITEM_LISTED]: pikatchou82 vend 64 x Golden Apple  pour 3,000.00β sur survie_new
[22:52:27] [ITEM_LISTED]: pikatchou82 vend 64 x Golden Apple  pour 3,000.00β sur survie_new
[22:52:28] [ITEM_LISTED]: pikatchou82 vend 64 x Golden Apple  pour 3,000.00β sur survie_new
[22:52:30] [ITEM_LISTED]: pikatchou82 vend 64 x Golden Apple  pour 3,000.00β sur survie_new
[22:52:31] [ITEM_LISTED]: pikatchou82 vend 64 x Golden Apple  pour 3,000.00β sur survie_new
[22:52:50] [ITEM_RETURNED]: 1 x Enchanted Book  renvoyé à pikatchou82 le survie_new
[22:52:50] [ITEM_RETURNED]: 1 x Enchanted Book  renvoyé à pikatchou82 le survie_new
[22:52:50] [ITEM_RETURNED]: 1 x Enchanted Book  renvoyé à pikatchou82 le survie_new
[22:52:50] [ITEM_RETURNED]: 1 x Enchanted Book  renvoyé à pikatchou82 le survie_new
[22:52:51] [ITEM_RETURNED]: 1 x Enchanted Book  renvoyé à pikatchou82 le survie_new
[22:52:51] [ITEM_RETURNED]: 1 x Enchanted Book  renvoyé à pikatchou82 le survie_new
[22:52:51] [ITEM_RETURNED]: 1 x Enchanted Book  renvoyé à pikatchou82 le survie_new
[22:52:51] [ITEM_RETURNED]: 1 x Enchanted Book  renvoyé à pikatchou82 le survie_new
[22:52:51] [ITEM_RETURNED]: 1 x Enchanted Book  renvoyé à pikatchou82 le survie_new
[22:52:52] [ITEM_RETURNED]: 1 x Enchanted Book  renvoyé à pikatchou82 le survie_new
[22:52:52] [ITEM_RETURNED]: 1 x Enchanted Book  renvoyé à pikatchou82 le survie_new
[22:52:52] [ITEM_RETURNED]: 1 x Enchanted Book  renvoyé à pikatchou82 le survie_new
[22:52:52] [ITEM_RETURNED]: 1 x Enchanted Book  renvoyé à pikatchou82 le survie_new
[22:53:07] [ITEM_LISTED]: pikatchou82 vend 1 x Enchanted Book  pour 6,500.00β sur survie_new
[22:53:09] [ITEM_LISTED]: pikatchou82 vend 1 x Enchanted Book  pour 6,500.00β sur survie_new
[22:53:11] [ITEM_LISTED]: pikatchou82 vend 1 x Enchanted Book  pour 6,500.00β sur survie_new
[22:53:12] [ITEM_LISTED]: pikatchou82 vend 1 x Enchanted Book  pour 6,500.00β sur survie_new
[22:53:14] [ITEM_LISTED]: pikatchou82 vend 1 x Enchanted Book  pour 6,500.00β sur survie_new
[22:53:15] [ITEM_LISTED]: pikatchou82 vend 1 x Enchanted Book  pour 6,500.00β sur survie_new
[22:53:17] [ITEM_LISTED]: pikatchou82 vend 1 x Enchanted Book  pour 6,500.00β sur survie_new
[22:53:19] [ITEM_LISTED]: pikatchou82 vend 1 x Enchanted Book  pour 6,500.00β sur survie_new
[22:53:25] [ITEM_LISTED]: pikatchou82 vend 1 x Enchanted Book  pour 6,500.00β sur survie_new
[22:53:34] [ITEM_LISTED]: pikatchou82 vend 1 x Enchanted Book  pour 6,500.00β sur survie_new
[22:53:36] [ITEM_LISTED]: pikatchou82 vend 1 x Enchanted Book  pour 6,500.00β sur survie_new
[22:53:38] [ITEM_LISTED]: pikatchou82 vend 1 x Enchanted Book  pour 6,500.00β sur survie_new
[22:53:41] [ITEM_LISTED]: pikatchou82 vend 1 x Enchanted Book  pour 6,500.00β sur survie_new
[22:53:51] [ITEM_RETURNED]: 1 x Enchanted Book  renvoyé à pikatchou82 le survie_new
[22:53:51] [ITEM_RETURNED]: 1 x Enchanted Book  renvoyé à pikatchou82 le survie_new
[22:53:51] [ITEM_RETURNED]: 1 x Enchanted Book  renvoyé à pikatchou82 le survie_new
[22:53:51] [ITEM_RETURNED]: 1 x Enchanted Book  renvoyé à pikatchou82 le survie_new
[22:53:51] [ITEM_RETURNED]: 1 x Enchanted Book  renvoyé à pikatchou82 le survie_new
[22:53:52] [ITEM_RETURNED]: 1 x Enchanted Book  renvoyé à pikatchou82 le survie_new
[22:53:52] [ITEM_RETURNED]: 1 x Enchanted Book  renvoyé à pikatchou82 le survie_new
[22:53:52] [ITEM_RETURNED]: 1 x Enchanted Book  renvoyé à pikatchou82 le survie_new
[22:53:52] [ITEM_RETURNED]: 1 x Enchanted Book  renvoyé à pikatchou82 le survie_new
[22:53:52] [ITEM_RETURNED]: 1 x Enchanted Book  renvoyé à pikatchou82 le survie_new
[22:53:53] [ITEM_RETURNED]: 1 x Enchanted Book  renvoyé à pikatchou82 le survie_new
[22:53:53] [ITEM_RETURNED]: 1 x Enchanted Book  renvoyé à pikatchou82 le survie_new
[22:53:53] [ITEM_RETURNED]: 1 x Enchanted Book  renvoyé à pikatchou82 le survie_new
[22:53:56] [ITEM_LISTED]: pikatchou82 vend 1 x Enchanted Book  pour 6,500.00β sur survie_new
[22:53:58] [ITEM_LISTED]: pikatchou82 vend 1 x Enchanted Book  pour 6,500.00β sur survie_new
[22:53:59] [ITEM_LISTED]: pikatchou82 vend 1 x Enchanted Book  pour 6,500.00β sur survie_new
[22:54:01] [ITEM_LISTED]: pikatchou82 vend 1 x Enchanted Book  pour 6,500.00β sur survie_new
[22:54:03] [ITEM_LISTED]: pikatchou82 vend 1 x Enchanted Book  pour 6,500.00β sur survie_new
[22:54:05] [ITEM_LISTED]: pikatchou82 vend 1 x Enchanted Book  pour 6,500.00β sur survie_new
[22:54:07] [ITEM_LISTED]: pikatchou82 vend 1 x Enchanted Book  pour 6,500.00β sur survie_new
[22:54:08] [ITEM_LISTED]: pikatchou82 vend 1 x Enchanted Book  pour 6,500.00β sur survie_new
[22:54:14] [ITEM_LISTED]: pikatchou82 vend 1 x Enchanted Book  pour 6,500.00β sur survie_new
[22:54:16] [ITEM_LISTED]: NatoxFCUT vend 64 x Cocoa Beans  pour 60.00β sur survie_new
[22:54:16] [ITEM_LISTED]: pikatchou82 vend 1 x Enchanted Book  pour 6,500.00β sur survie_new
[22:54:18] [ITEM_LISTED]: pikatchou82 vend 1 x Enchanted Book  pour 6,500.00β sur survie_new
[22:54:19] [ITEM_LISTED]: NatoxFCUT vend 64 x Cocoa Beans  pour 60.00β sur survie_new
[22:54:19] [ITEM_LISTED]: pikatchou82 vend 1 x Enchanted Book  pour 6,500.00β sur survie_new
[22:54:21] [ITEM_LISTED]: NatoxFCUT vend 64 x Cocoa Beans  pour 60.00β sur survie_new
[22:54:21] [ITEM_LISTED]: pikatchou82 vend 1 x Enchanted Book  pour 6,500.00β sur survie_new
[22:54:22] [ITEM_LISTED]: NatoxFCUT vend 64 x Cocoa Beans  pour 60.00β sur survie_new
[22:54:24] [ITEM_LISTED]: NatoxFCUT vend 64 x Cocoa Beans  pour 60.00β sur survie_new
[22:54:27] [ITEM_LISTED]: NatoxFCUT vend 64 x Cocoa Beans  pour 60.00β sur survie_new
[22:54:30] [ITEM_LISTED]: NatoxFCUT vend 64 x Cocoa Beans  pour 60.00β sur survie_new
[22:54:31] [ITEM_LISTED]: NatoxFCUT vend 64 x Cocoa Beans  pour 60.00β sur survie_new
[22:54:32] [ITEM_LISTED]: NatoxFCUT vend 64 x Cocoa Beans  pour 60.00β sur survie_new
[22:54:37] [ITEM_LISTED]: NatoxFCUT vend 64 x Cocoa Beans  pour 60.00β sur survie_new
[22:54:39] [ITEM_SOLD]: NatoxFCUT vendu 64 x Cocoa Beans à  pikatchou82 pour 60.00 β le survie_new
[22:54:39] [ITEM_LISTED]: NatoxFCUT vend 64 x Cocoa Beans  pour 60.00β sur survie_new
[22:54:40] [ITEM_SOLD]: NatoxFCUT vendu 64 x Cocoa Beans à  pikatchou82 pour 60.00 β le survie_new
[22:54:41] [ITEM_LISTED]: NatoxFCUT vend 64 x Cocoa Beans  pour 60.00β sur survie_new
[22:54:41] [ITEM_SOLD]: NatoxFCUT vendu 64 x Cocoa Beans à  pikatchou82 pour 60.00 β le survie_new
[22:54:44] [ITEM_LISTED]: NatoxFCUT vend 64 x Cocoa Beans  pour 60.00β sur survie_new
[22:54:46] [ITEM_LISTED]: NatoxFCUT vend 64 x Cocoa Beans  pour 60.00β sur survie_new
[22:54:49] [ITEM_LISTED]: NatoxFCUT vend 64 x Cocoa Beans  pour 60.00β sur survie_new
[22:54:50] [ITEM_RETURNED]: 1 x Enchanted Book  renvoyé à pikatchou82 le survie_new
[22:54:50] [ITEM_RETURNED]: 1 x Enchanted Book  renvoyé à pikatchou82 le survie_new
[22:54:50] [ITEM_RETURNED]: 1 x Enchanted Book  renvoyé à pikatchou82 le survie_new
[22:54:50] [ITEM_RETURNED]: 1 x Enchanted Book  renvoyé à pikatchou82 le survie_new
[22:54:51] [ITEM_RETURNED]: 1 x Enchanted Book  renvoyé à pikatchou82 le survie_new
[22:54:51] [ITEM_RETURNED]: 1 x Enchanted Book  renvoyé à pikatchou82 le survie_new
[22:54:51] [ITEM_RETURNED]: 1 x Enchanted Book  renvoyé à pikatchou82 le survie_new
[22:54:51] [ITEM_LISTED]: NatoxFCUT vend 64 x Cocoa Beans  pour 60.00β sur survie_new
[22:54:51] [ITEM_RETURNED]: 1 x Enchanted Book  renvoyé à pikatchou82 le survie_new
[22:54:51] [ITEM_RETURNED]: 1 x Enchanted Book  renvoyé à pikatchou82 le survie_new
[22:54:52] [ITEM_CANCELLED]: pikatchou82 annule la vente de 1x Enchanted Book pour 6,500.00β sur survie_new
[22:54:52] [ITEM_CANCELLED]: pikatchou82 annule la vente de 1x Enchanted Book pour 6,500.00β sur survie_new
[22:54:53] [ITEM_LISTED]: NatoxFCUT vend 64 x Cocoa Beans  pour 60.00β sur survie_new
[22:54:54] [ITEM_LISTED]: NatoxFCUT vend 64 x Cocoa Beans  pour 60.00β sur survie_new
[22:54:55] [ITEM_RETURNED]: 1 x Enchanted Book  renvoyé à pikatchou82 le survie_new
[22:55:01] [ITEM_LISTED]: pikatchou82 vend 1 x Enchanted Book  pour 6,500.00β sur survie_new
[22:55:02] [ITEM_LISTED]: NatoxFCUT vend 64 x Cocoa Beans  pour 60.00β sur survie_new
[22:55:03] [ITEM_LISTED]: pikatchou82 vend 1 x Enchanted Book  pour 6,500.00β sur survie_new
[22:55:05] [ITEM_LISTED]: NatoxFCUT vend 64 x Cocoa Beans  pour 60.00β sur survie_new
[22:55:05] [ITEM_LISTED]: pikatchou82 vend 1 x Enchanted Book  pour 6,500.00β sur survie_new
[22:55:06] [ITEM_LISTED]: NatoxFCUT vend 64 x Cocoa Beans  pour 60.00β sur survie_new
[22:55:07] [ITEM_LISTED]: NatoxFCUT vend 64 x Cocoa Beans  pour 60.00β sur survie_new
[22:55:09] [ITEM_LISTED]: pikatchou82 vend 1 x Enchanted Book  pour 6,500.00β sur survie_new
[22:55:09] [ITEM_LISTED]: NatoxFCUT vend 64 x Cocoa Beans  pour 60.00β sur survie_new
[22:55:11] [ITEM_LISTED]: pikatchou82 vend 1 x Enchanted Book  pour 6,500.00β sur survie_new
[22:55:11] [ITEM_LISTED]: NatoxFCUT vend 64 x Cocoa Beans  pour 60.00β sur survie_new
[22:55:14] [ITEM_LISTED]: NatoxFCUT vend 64 x Cocoa Beans  pour 60.00β sur survie_new
[22:55:15] [ITEM_LISTED]: NatoxFCUT vend 64 x Cocoa Beans  pour 60.00β sur survie_new
[22:55:16] [ITEM_LISTED]: pikatchou82 vend 1 x Enchanted Book  pour 6,500.00β sur survie_new
[22:55:17] [ITEM_LISTED]: NatoxFCUT vend 64 x Cocoa Beans  pour 60.00β sur survie_new
[22:55:18] [ITEM_LISTED]: pikatchou82 vend 1 x Enchanted Book  pour 6,500.00β sur survie_new
[22:55:19] [ITEM_LISTED]: pikatchou82 vend 1 x Enchanted Book  pour 6,500.00β sur survie_new
[22:55:21] [ITEM_LISTED]: pikatchou82 vend 1 x Enchanted Book  pour 6,500.00β sur survie_new
[22:55:22] [ITEM_LISTED]: NatoxFCUT vend 64 x Cocoa Beans  pour 60.00β sur survie_new
[22:55:22] [ITEM_LISTED]: pikatchou82 vend 1 x Enchanted Book  pour 6,500.00β sur survie_new
[22:55:24] [ITEM_LISTED]: NatoxFCUT vend 64 x Cocoa Beans  pour 60.00β sur survie_new
[22:55:25] [ITEM_LISTED]: NatoxFCUT vend 64 x Cocoa Beans  pour 60.00β sur survie_new
[22:55:29] [ITEM_LISTED]: NatoxFCUT vend 19 x Cocoa Beans  pour 10.00β sur survie_new
[22:55:30] [ITEM_RETURNED]: 1 x Partie d'équipement : VI  renvoyé à D3sTryk3 le survie_new
[22:55:30] [ITEM_RETURNED]: 1 x Partie d'équipement : II  renvoyé à D3sTryk3 le survie_new
[22:55:30] [ITEM_RETURNED]: 1 x Partie d'équipement : III  renvoyé à D3sTryk3 le survie_new
[22:55:30] [ITEM_RETURNED]: 1 x Partie d'équipement : I  renvoyé à D3sTryk3 le survie_new
[22:55:30] [ITEM_RETURNED]: 1 x Partie d'équipement : V  renvoyé à D3sTryk3 le survie_new
[22:55:30] [ITEM_RETURNED]: 1 x Player Head  renvoyé à D3sTryk3 le survie_new
[22:55:30] [ITEM_RETURNED]: 1 x Partie d'équipement : IV  renvoyé à D3sTryk3 le survie_new
[22:55:46] [ITEM_SOLD]: NatoxFCUT vendu 64 x Cocoa Beans à  pikatchou82 pour 60.00 β le survie_new
[22:55:47] [ITEM_SOLD]: NatoxFCUT vendu 64 x Cocoa Beans à  pikatchou82 pour 60.00 β le survie_new
[22:55:49] [ITEM_SOLD]: NatoxFCUT vendu 64 x Cocoa Beans à  pikatchou82 pour 60.00 β le survie_new
[22:55:50] [ITEM_SOLD]: NatoxFCUT vendu 64 x Cocoa Beans à  pikatchou82 pour 60.00 β le survie_new
[22:55:51] [ITEM_SOLD]: NatoxFCUT vendu 64 x Cocoa Beans à  pikatchou82 pour 60.00 β le survie_new
[22:55:53] [ITEM_SOLD]: NatoxFCUT vendu 64 x Cocoa Beans à  pikatchou82 pour 60.00 β le survie_new
[22:55:54] [ITEM_SOLD]: NatoxFCUT vendu 64 x Cocoa Beans à  pikatchou82 pour 60.00 β le survie_new
[22:55:56] [ITEM_SOLD]: NatoxFCUT vendu 64 x Cocoa Beans à  pikatchou82 pour 60.00 β le survie_new
[22:55:59] [ITEM_SOLD]: NatoxFCUT vendu 64 x Cocoa Beans à  pikatchou82 pour 60.00 β le survie_new
[22:56:31] [ITEM_SOLD]: NatoxFCUT vendu 19 x Cocoa Beans à  pikatchou82 pour 10.00 β le survie_new
[22:57:00] [ITEM_SOLD]: NatoxFCUT vendu 64 x Cocoa Beans à  pikatchou82 pour 60.00 β le survie_new
[22:57:01] [ITEM_SOLD]: NatoxFCUT vendu 64 x Cocoa Beans à  pikatchou82 pour 60.00 β le survie_new
[22:57:02] [ITEM_SOLD]: NatoxFCUT vendu 64 x Cocoa Beans à  pikatchou82 pour 60.00 β le survie_new
[22:57:40] [ITEM_LISTED]: lancelot vend 2 x inshalla sa passe  pour 10,000.00β sur survie_new
[22:58:19] [ITEM_CANCELLED]: Ender_Shock annule la vente de 1x Enchanted Book pour 6,899.00β sur survie_new
[22:58:19] [ITEM_CANCELLED]: Ender_Shock annule la vente de 1x Enchanted Book pour 6,899.00β sur survie_new
[22:58:19] [ITEM_CANCELLED]: Ender_Shock annule la vente de 1x Enchanted Book pour 6,899.00β sur survie_new
[22:58:20] [ITEM_CANCELLED]: Ender_Shock annule la vente de 1x Enchanted Book pour 6,899.00β sur survie_new
[22:58:20] [ITEM_CANCELLED]: Ender_Shock annule la vente de 1x Enchanted Book pour 6,899.00β sur survie_new
[22:58:20] [ITEM_CANCELLED]: Ender_Shock annule la vente de 1x Enchanted Book pour 6,899.00β sur survie_new
[22:58:21] [ITEM_CANCELLED]: Ender_Shock annule la vente de 1x Enchanted Book pour 6,899.00β sur survie_new
[22:58:21] [ITEM_CANCELLED]: Ender_Shock annule la vente de 1x Enchanted Book pour 6,899.00β sur survie_new
[22:58:21] [ITEM_CANCELLED]: Ender_Shock annule la vente de 1x Enchanted Book pour 6,899.00β sur survie_new
[22:58:21] [ITEM_CANCELLED]: Ender_Shock annule la vente de 1x Enchanted Book pour 6,899.00β sur survie_new
[22:58:21] [ITEM_CANCELLED]: Ender_Shock annule la vente de 1x Enchanted Book pour 6,899.00β sur survie_new
[22:58:21] [ITEM_CANCELLED]: Ender_Shock annule la vente de 1x Enchanted Book pour 6,899.00β sur survie_new
[22:58:22] [ITEM_CANCELLED]: Ender_Shock annule la vente de 1x Enchanted Book pour 6,899.00β sur survie_new
[22:58:23] [ITEM_RETURNED]: 1 x Enchanted Book  renvoyé à Ender_Shock le survie_new
[22:58:23] [ITEM_RETURNED]: 1 x Enchanted Book  renvoyé à Ender_Shock le survie_new
[22:58:23] [ITEM_RETURNED]: 1 x Enchanted Book  renvoyé à Ender_Shock le survie_new
[22:58:24] [ITEM_RETURNED]: 1 x Enchanted Book  renvoyé à Ender_Shock le survie_new
[22:58:24] [ITEM_RETURNED]: 1 x Enchanted Book  renvoyé à Ender_Shock le survie_new
[22:58:24] [ITEM_RETURNED]: 1 x Enchanted Book  renvoyé à Ender_Shock le survie_new
[22:58:24] [ITEM_RETURNED]: 1 x Enchanted Book  renvoyé à Ender_Shock le survie_new
[22:58:24] [ITEM_RETURNED]: 1 x Enchanted Book  renvoyé à Ender_Shock le survie_new
[22:58:24] [ITEM_RETURNED]: 1 x Enchanted Book  renvoyé à Ender_Shock le survie_new
[22:58:25] [ITEM_RETURNED]: 1 x Enchanted Book  renvoyé à Ender_Shock le survie_new
[22:58:25] [ITEM_RETURNED]: 1 x Enchanted Book  renvoyé à Ender_Shock le survie_new
[22:58:25] [ITEM_RETURNED]: 1 x Enchanted Book  renvoyé à Ender_Shock le survie_new
[22:58:25] [ITEM_RETURNED]: 1 x Enchanted Book  renvoyé à Ender_Shock le survie_new
[22:58:37] [ITEM_LISTED]: Ender_Shock vend 1 x Enchanted Book  pour 7,000.00β sur survie_new
[22:58:38] [ITEM_LISTED]: Ender_Shock vend 1 x Enchanted Book  pour 7,000.00β sur survie_new
[22:58:40] [ITEM_LISTED]: Ender_Shock vend 1 x Enchanted Book  pour 7,000.00β sur survie_new
[22:58:42] [ITEM_LISTED]: Ender_Shock vend 1 x Enchanted Book  pour 7,000.00β sur survie_new
[22:58:44] [ITEM_LISTED]: Ender_Shock vend 1 x Enchanted Book  pour 7,000.00β sur survie_new
[22:58:45] [ITEM_LISTED]: Ender_Shock vend 1 x Enchanted Book  pour 7,000.00β sur survie_new
[22:59:03] [ITEM_LISTED]: Ender_Shock vend 1 x Enchanted Book  pour 7,000.00β sur survie_new
[22:59:05] [ITEM_LISTED]: Ender_Shock vend 1 x Enchanted Book  pour 7,000.00β sur survie_new
[22:59:07] [ITEM_LISTED]: Ender_Shock vend 1 x Enchanted Book  pour 7,000.00β sur survie_new
[22:59:11] [ITEM_LISTED]: Ender_Shock vend 1 x Enchanted Book  pour 7,000.00β sur survie_new
[22:59:14] [ITEM_LISTED]: Ender_Shock vend 1 x Enchanted Book  pour 7,000.00β sur survie_new
[22:59:15] [ITEM_LISTED]: Ender_Shock vend 1 x Enchanted Book  pour 7,000.00β sur survie_new
[22:59:17] [ITEM_LISTED]: Ender_Shock vend 1 x Enchanted Book  pour 7,000.00β sur survie_new
[23:00:55] [ITEM_LISTED]: pikatchou82 vend 64 x Golden Apple  pour 3,000.00β sur survie_new
[23:00:57] [ITEM_LISTED]: pikatchou82 vend 64 x Golden Apple  pour 3,000.00β sur survie_new
[23:07:44] [ITEM_CANCELLED]: pikatchou82 annule la vente de 1x Enchanted Book pour 6,500.00β sur survie_new
[23:07:44] [ITEM_CANCELLED]: pikatchou82 annule la vente de 1x Enchanted Book pour 6,500.00β sur survie_new
[23:07:44] [ITEM_CANCELLED]: pikatchou82 annule la vente de 1x Enchanted Book pour 6,500.00β sur survie_new
[23:07:44] [ITEM_CANCELLED]: pikatchou82 annule la vente de 1x Enchanted Book pour 6,500.00β sur survie_new
[23:07:44] [ITEM_CANCELLED]: pikatchou82 annule la vente de 1x Enchanted Book pour 6,500.00β sur survie_new
[23:07:45] [ITEM_CANCELLED]: pikatchou82 annule la vente de 1x Enchanted Book pour 6,500.00β sur survie_new
[23:07:45] [ITEM_CANCELLED]: pikatchou82 annule la vente de 1x Enchanted Book pour 6,500.00β sur survie_new
[23:07:45] [ITEM_CANCELLED]: pikatchou82 annule la vente de 1x Enchanted Book pour 6,500.00β sur survie_new
[23:07:46] [ITEM_CANCELLED]: pikatchou82 annule la vente de 1x Enchanted Book pour 6,500.00β sur survie_new
[23:07:47] [ITEM_CANCELLED]: pikatchou82 annule la vente de 1x Enchanted Book pour 6,500.00β sur survie_new
[23:07:47] [ITEM_CANCELLED]: pikatchou82 annule la vente de 1x Enchanted Book pour 6,500.00β sur survie_new
[23:07:47] [ITEM_CANCELLED]: pikatchou82 annule la vente de 1x Enchanted Book pour 6,500.00β sur survie_new
[23:07:48] [ITEM_CANCELLED]: pikatchou82 annule la vente de 1x Enchanted Book pour 6,500.00β sur survie_new
[23:07:48] [ITEM_CANCELLED]: pikatchou82 annule la vente de 1x Enchanted Book pour 6,500.00β sur survie_new
[23:07:48] [ITEM_CANCELLED]: pikatchou82 annule la vente de 1x Enchanted Book pour 6,500.00β sur survie_new
[23:07:48] [ITEM_CANCELLED]: pikatchou82 annule la vente de 1x Enchanted Book pour 6,500.00β sur survie_new
[23:07:49] [ITEM_CANCELLED]: pikatchou82 annule la vente de 1x Enchanted Book pour 6,500.00β sur survie_new
[23:07:49] [ITEM_CANCELLED]: pikatchou82 annule la vente de 1x Enchanted Book pour 6,500.00β sur survie_new
[23:07:52] [ITEM_RETURNED]: 1 x Enchanted Book  renvoyé à pikatchou82 le survie_new
[23:07:53] [ITEM_RETURNED]: 1 x Enchanted Book  renvoyé à pikatchou82 le survie_new
[23:07:53] [ITEM_RETURNED]: 1 x Enchanted Book  renvoyé à pikatchou82 le survie_new
[23:07:53] [ITEM_RETURNED]: 1 x Enchanted Book  renvoyé à pikatchou82 le survie_new
[23:07:53] [ITEM_RETURNED]: 1 x Enchanted Book  renvoyé à pikatchou82 le survie_new
[23:07:53] [ITEM_RETURNED]: 1 x Enchanted Book  renvoyé à pikatchou82 le survie_new
[23:07:53] [ITEM_RETURNED]: 1 x Enchanted Book  renvoyé à pikatchou82 le survie_new
[23:07:54] [ITEM_RETURNED]: 1 x Enchanted Book  renvoyé à pikatchou82 le survie_new
[23:07:54] [ITEM_RETURNED]: 1 x Enchanted Book  renvoyé à pikatchou82 le survie_new
[23:07:54] [ITEM_RETURNED]: 1 x Enchanted Book  renvoyé à pikatchou82 le survie_new
[23:07:54] [ITEM_RETURNED]: 1 x Enchanted Book  renvoyé à pikatchou82 le survie_new
[23:07:54] [ITEM_RETURNED]: 1 x Enchanted Book  renvoyé à pikatchou82 le survie_new
[23:08:16] [ITEM_LISTED]: pikatchou82 vend 1 x Enchanted Book  pour 7,000.00β sur survie_new
[23:08:18] [ITEM_LISTED]: pikatchou82 vend 1 x Enchanted Book  pour 7,000.00β sur survie_new
[23:08:20] [ITEM_LISTED]: pikatchou82 vend 1 x Enchanted Book  pour 7,000.00β sur survie_new
[23:08:22] [ITEM_LISTED]: pikatchou82 vend 1 x Enchanted Book  pour 7,000.00β sur survie_new
[23:08:23] [ITEM_LISTED]: pikatchou82 vend 1 x Enchanted Book  pour 7,000.00β sur survie_new
[23:08:25] [ITEM_LISTED]: pikatchou82 vend 1 x Enchanted Book  pour 7,000.00β sur survie_new
[23:08:27] [ITEM_LISTED]: pikatchou82 vend 1 x Enchanted Book  pour 7,000.00β sur survie_new
[23:08:33] [ITEM_LISTED]: pikatchou82 vend 1 x Enchanted Book  pour 7,000.00β sur survie_new
[23:08:34] [ITEM_LISTED]: pikatchou82 vend 1 x Enchanted Book  pour 7,000.00β sur survie_new
[23:08:36] [ITEM_LISTED]: pikatchou82 vend 1 x Enchanted Book  pour 7,000.00β sur survie_new
[23:08:37] [ITEM_LISTED]: pikatchou82 vend 1 x Enchanted Book  pour 7,000.00β sur survie_new
[23:08:38] [ITEM_LISTED]: pikatchou82 vend 1 x Enchanted Book  pour 7,000.00β sur survie_new
[23:09:03] [ITEM_RETURNED]: 1 x Enchanted Book  renvoyé à pikatchou82 le survie_new
[23:09:03] [ITEM_RETURNED]: 1 x Enchanted Book  renvoyé à pikatchou82 le survie_new
[23:09:03] [ITEM_RETURNED]: 1 x Enchanted Book  renvoyé à pikatchou82 le survie_new
[23:09:04] [ITEM_RETURNED]: 1 x Enchanted Book  renvoyé à pikatchou82 le survie_new
[23:09:04] [ITEM_RETURNED]: 1 x Enchanted Book  renvoyé à pikatchou82 le survie_new
[23:09:04] [ITEM_RETURNED]: 1 x Enchanted Book  renvoyé à pikatchou82 le survie_new
[23:09:04] [ITEM_RETURNED]: 1 x Enchanted Book  renvoyé à pikatchou82 le survie_new
[23:09:04] [ITEM_CANCELLED]: pikatchou82 annule la vente de 1x Enchanted Book pour 7,000.00β sur survie_new
[23:09:05] [ITEM_CANCELLED]: pikatchou82 annule la vente de 1x Enchanted Book pour 7,000.00β sur survie_new
[23:09:05] [ITEM_CANCELLED]: pikatchou82 annule la vente de 1x Enchanted Book pour 7,000.00β sur survie_new
[23:09:05] [ITEM_CANCELLED]: pikatchou82 annule la vente de 1x Enchanted Book pour 7,000.00β sur survie_new
[23:09:07] [ITEM_RETURNED]: 1 x Enchanted Book  renvoyé à pikatchou82 le survie_new
[23:09:07] [ITEM_RETURNED]: 1 x Enchanted Book  renvoyé à pikatchou82 le survie_new
[23:09:07] [ITEM_RETURNED]: 1 x Enchanted Book  renvoyé à pikatchou82 le survie_new
[23:09:07] [ITEM_RETURNED]: 1 x Enchanted Book  renvoyé à pikatchou82 le survie_new
[23:09:07] [ITEM_CANCELLED]: pikatchou82 annule la vente de 1x Enchanted Book pour 7,000.00β sur survie_new
[23:09:08] [ITEM_CANCELLED]: pikatchou82 annule la vente de 1x Enchanted Book pour 7,000.00β sur survie_new
[23:09:10] [ITEM_RETURNED]: 1 x Enchanted Book  renvoyé à pikatchou82 le survie_new
[23:09:26] [ITEM_LISTED]: pikatchou82 vend 1 x Enchanted Book  pour 7,000.00β sur survie_new
[23:09:27] [ITEM_LISTED]: pikatchou82 vend 1 x Enchanted Book  pour 7,000.00β sur survie_new
[23:09:29] [ITEM_LISTED]: pikatchou82 vend 1 x Enchanted Book  pour 7,000.00β sur survie_new
[23:09:31] [ITEM_LISTED]: pikatchou82 vend 1 x Enchanted Book  pour 7,000.00β sur survie_new
[23:09:32] [ITEM_LISTED]: pikatchou82 vend 1 x Enchanted Book  pour 7,000.00β sur survie_new
[23:09:34] [ITEM_LISTED]: pikatchou82 vend 1 x Enchanted Book  pour 7,000.00β sur survie_new
[23:09:36] [ITEM_LISTED]: pikatchou82 vend 1 x Enchanted Book  pour 7,000.00β sur survie_new
[23:09:52] [ITEM_CANCELLED]: pikatchou82 annule la vente de 1x Enchanted Book pour 6,500.00β sur survie_new
[23:09:52] [ITEM_CANCELLED]: pikatchou82 annule la vente de 1x Enchanted Book pour 6,500.00β sur survie_new
[23:09:52] [ITEM_CANCELLED]: pikatchou82 annule la vente de 1x Enchanted Book pour 6,500.00β sur survie_new
[23:09:52] [ITEM_CANCELLED]: pikatchou82 annule la vente de 1x Enchanted Book pour 6,500.00β sur survie_new
[23:09:53] [ITEM_CANCELLED]: pikatchou82 annule la vente de 1x Enchanted Book pour 6,500.00β sur survie_new
[23:09:53] [ITEM_CANCELLED]: pikatchou82 annule la vente de 1x Enchanted Book pour 6,500.00β sur survie_new
[23:09:54] [ITEM_CANCELLED]: pikatchou82 annule la vente de 1x Enchanted Book pour 6,500.00β sur survie_new
[23:09:54] [ITEM_CANCELLED]: pikatchou82 annule la vente de 1x Enchanted Book pour 6,500.00β sur survie_new
[23:10:09] [ITEM_RETURNED]: 1 x Enchanted Book  renvoyé à pikatchou82 le survie_new
[23:10:09] [ITEM_RETURNED]: 1 x Enchanted Book  renvoyé à pikatchou82 le survie_new
[23:10:09] [ITEM_RETURNED]: 1 x Enchanted Book  renvoyé à pikatchou82 le survie_new
[23:10:09] [ITEM_RETURNED]: 1 x Enchanted Book  renvoyé à pikatchou82 le survie_new
[23:10:10] [ITEM_RETURNED]: 1 x Enchanted Book  renvoyé à pikatchou82 le survie_new
[23:10:10] [ITEM_RETURNED]: 1 x Enchanted Book  renvoyé à pikatchou82 le survie_new
[23:10:10] [ITEM_RETURNED]: 1 x Enchanted Book  renvoyé à pikatchou82 le survie_new
[23:10:13] [ITEM_LISTED]: pikatchou82 vend 1 x Enchanted Book  pour 7,000.00β sur survie_new
[23:10:14] [ITEM_LISTED]: pikatchou82 vend 1 x Enchanted Book  pour 7,000.00β sur survie_new
[23:10:15] [ITEM_LISTED]: pikatchou82 vend 1 x Enchanted Book  pour 7,000.00β sur survie_new
[23:10:16] [ITEM_LISTED]: pikatchou82 vend 1 x Enchanted Book  pour 7,000.00β sur survie_new
[23:10:18] [ITEM_LISTED]: pikatchou82 vend 1 x Enchanted Book  pour 7,000.00β sur survie_new
[23:10:19] [ITEM_LISTED]: pikatchou82 vend 1 x Enchanted Book  pour 7,000.00β sur survie_new
[23:10:24] [ITEM_LISTED]: pikatchou82 vend 1 x Enchanted Book  pour 7,000.00β sur survie_new
[23:10:26] [ITEM_LISTED]: pikatchou82 vend 1 x Enchanted Book  pour 7,000.00β sur survie_new
[23:10:27] [ITEM_LISTED]: pikatchou82 vend 1 x Enchanted Book  pour 7,000.00β sur survie_new
[23:10:28] [ITEM_LISTED]: pikatchou82 vend 1 x Enchanted Book  pour 7,000.00β sur survie_new
[23:10:30] [ITEM_LISTED]: pikatchou82 vend 1 x Enchanted Book  pour 7,000.00β sur survie_new
[23:10:31] [ITEM_LISTED]: pikatchou82 vend 1 x Enchanted Book  pour 7,000.00β sur survie_new
[23:10:40] [ITEM_RETURNED]: 1 x Enchanted Book  renvoyé à pikatchou82 le survie_new
[23:10:40] [ITEM_RETURNED]: 1 x Enchanted Book  renvoyé à pikatchou82 le survie_new
[23:10:46] [ITEM_LISTED]: pikatchou82 vend 1 x Enchanted Book  pour 7,000.00β sur survie_new
[23:22:45] [ITEM_CANCELLED]: pikatchou82 annule la vente de 64x Golden Apple pour 3,000.00β sur survie_new
[23:22:48] [ITEM_RETURNED]: 64 x Golden Apple  renvoyé à pikatchou82 le survie_new
[23:28:30] [ITEM_LISTED]: AzodFR vend 1 x La Nuit Étoilée /Van Gogh/  pour 10,000.00β sur survie_new
[23:44:28] [ITEM_CANCELLED]: AzodFR annule la vente de 1x La Nuit Étoilée /Van Gogh/ pour 10,000.00β sur survie_new
[23:44:44] [ITEM_LISTED]: AzodFR vend 1 x La Nuit Étoilé / Van Gogole  pour 10,000.00β sur survie_new
[23:46:00] [ITEM_SOLD]: AzodFR vendu 1 x La Nuit Étoilé / Van Gogole à  D3sTryk3 pour 10,000.00 β le survie_new
