[00:28:05] [ITEM_LISTED]: Efysio vend 64 x Gunpowder  pour 4,500.00β sur survie_new
[00:28:09] [ITEM_LISTED]: Efysio vend 64 x Gunpowder  pour 4,500.00β sur survie_new
[01:13:49] [ITEM_LISTED]: Christophe_ vend 64 x Ink Sac  pour 4,500.00β sur survie_new
[01:13:51] [ITEM_LISTED]: Christophe_ vend 64 x Ink Sac  pour 4,500.00β sur survie_new
[01:14:43] [ITEM_CANCELLED]: Christophe_ annule la vente de 64x Ink Sac pour 4,500.00β sur survie_new
[01:14:44] [ITEM_CANCELLED]: Christophe_ annule la vente de 64x Ink Sac pour 4,500.00β sur survie_new
[01:14:47] [ITEM_RETURNED]: 64 x Ink Sac  renvoyé à Christophe_ le survie_new
[01:14:48] [ITEM_RETURNED]: 64 x Ink Sac  renvoyé à Christophe_ le survie_new
[11:01:31] [ITEM_SOLD]: Lacourgette vendu 1 x Enchanted Book à  xytrill pour 4,000.00 β le survie_new
[13:55:04] [ITEM_SOLD]: NatoxFCUT vendu 64 x Cocoa Beans à  KertyBro pour 60.00 β le survie_new
[15:45:07] [ITEM_CANCELLED]: Aezis_ annule la vente de 1x Golden Horse Armor pour 700.00β sur survie_new
[15:45:07] [ITEM_CANCELLED]: Aezis_ annule la vente de 1x Iron Horse Armor pour 400.00β sur survie_new
[15:45:07] [ITEM_CANCELLED]: Aezis_ annule la vente de 1x Iron Horse Armor pour 400.00β sur survie_new
[15:45:08] [ITEM_CANCELLED]: Aezis_ annule la vente de 1x Iron Horse Armor pour 400.00β sur survie_new
[15:45:08] [ITEM_CANCELLED]: Aezis_ annule la vente de 1x Iron Horse Armor pour 400.00β sur survie_new
[15:45:08] [ITEM_CANCELLED]: Aezis_ annule la vente de 1x Iron Horse Armor pour 400.00β sur survie_new
[15:45:08] [ITEM_CANCELLED]: Aezis_ annule la vente de 1x Iron Horse Armor pour 400.00β sur survie_new
[15:45:08] [ITEM_CANCELLED]: Aezis_ annule la vente de 1x Iron Horse Armor pour 400.00β sur survie_new
[15:45:08] [ITEM_CANCELLED]: Aezis_ annule la vente de 1x Iron Horse Armor pour 400.00β sur survie_new
[15:45:09] [ITEM_CANCELLED]: Aezis_ annule la vente de 1x Iron Horse Armor pour 400.00β sur survie_new
[15:45:09] [ITEM_CANCELLED]: Aezis_ annule la vente de 1x Iron Horse Armor pour 400.00β sur survie_new
[15:45:09] [ITEM_CANCELLED]: Aezis_ annule la vente de 1x Iron Horse Armor pour 400.00β sur survie_new
[15:45:09] [ITEM_CANCELLED]: Aezis_ annule la vente de 1x Iron Horse Armor pour 400.00β sur survie_new
[15:45:09] [ITEM_CANCELLED]: Aezis_ annule la vente de 1x Iron Horse Armor pour 400.00β sur survie_new
[15:45:09] [ITEM_CANCELLED]: Aezis_ annule la vente de 1x Iron Horse Armor pour 400.00β sur survie_new
[15:45:10] [ITEM_CANCELLED]: Aezis_ annule la vente de 1x Iron Horse Armor pour 400.00β sur survie_new
[15:45:10] [ITEM_CANCELLED]: Aezis_ annule la vente de 1x Saddle pour 600.00β sur survie_new
[15:45:10] [ITEM_CANCELLED]: Aezis_ annule la vente de 1x Saddle pour 600.00β sur survie_new
[15:45:10] [ITEM_CANCELLED]: Aezis_ annule la vente de 1x Saddle pour 600.00β sur survie_new
[15:45:10] [ITEM_CANCELLED]: Aezis_ annule la vente de 1x Saddle pour 600.00β sur survie_new
[15:45:11] [ITEM_CANCELLED]: Aezis_ annule la vente de 1x Saddle pour 600.00β sur survie_new
[15:45:11] [ITEM_CANCELLED]: Aezis_ annule la vente de 1x Saddle pour 600.00β sur survie_new
[15:45:11] [ITEM_CANCELLED]: Aezis_ annule la vente de 1x Saddle pour 600.00β sur survie_new
[15:45:11] [ITEM_CANCELLED]: Aezis_ annule la vente de 1x Saddle pour 600.00β sur survie_new
[15:45:11] [ITEM_CANCELLED]: Aezis_ annule la vente de 1x Saddle pour 600.00β sur survie_new
[15:45:12] [ITEM_CANCELLED]: Aezis_ annule la vente de 1x Saddle pour 600.00β sur survie_new
[15:45:12] [ITEM_CANCELLED]: Aezis_ annule la vente de 1x Saddle pour 600.00β sur survie_new
[15:45:12] [ITEM_CANCELLED]: Aezis_ annule la vente de 1x Saddle pour 600.00β sur survie_new
[15:45:12] [ITEM_CANCELLED]: Aezis_ annule la vente de 1x Saddle pour 600.00β sur survie_new
[15:45:13] [ITEM_CANCELLED]: Aezis_ annule la vente de 1x Saddle pour 600.00β sur survie_new
[15:45:13] [ITEM_CANCELLED]: Aezis_ annule la vente de 1x Saddle pour 600.00β sur survie_new
[15:45:13] [ITEM_CANCELLED]: Aezis_ annule la vente de 1x Saddle pour 600.00β sur survie_new
[15:45:13] [ITEM_CANCELLED]: Aezis_ annule la vente de 1x Saddle pour 600.00β sur survie_new
[15:45:13] [ITEM_CANCELLED]: Aezis_ annule la vente de 1x Saddle pour 600.00β sur survie_new
[15:45:14] [ITEM_CANCELLED]: Aezis_ annule la vente de 1x Saddle pour 600.00β sur survie_new
[15:45:14] [ITEM_CANCELLED]: Aezis_ annule la vente de 1x Saddle pour 600.00β sur survie_new
[15:45:14] [ITEM_CANCELLED]: Aezis_ annule la vente de 1x Saddle pour 600.00β sur survie_new
[15:45:14] [ITEM_CANCELLED]: Aezis_ annule la vente de 1x Saddle pour 600.00β sur survie_new
[15:45:15] [ITEM_CANCELLED]: Aezis_ annule la vente de 1x Saddle pour 600.00β sur survie_new
[15:45:15] [ITEM_CANCELLED]: Aezis_ annule la vente de 1x Saddle pour 600.00β sur survie_new
[15:45:15] [ITEM_CANCELLED]: Aezis_ annule la vente de 5x Rubis Radieux pour 15,000.00β sur survie_new
[15:45:20] [ITEM_CANCELLED]: Aezis_ annule la vente de 1x Elytra [Mending, Unbreaking III] pour 38,000.00β sur survie_new
[15:45:20] [ITEM_CANCELLED]: Aezis_ annule la vente de 1x Elytra [Mending, Unbreaking III] pour 38,000.00β sur survie_new
[15:45:20] [ITEM_CANCELLED]: Aezis_ annule la vente de 1x Elytra [Mending, Unbreaking III] pour 38,000.00β sur survie_new
[15:45:21] [ITEM_CANCELLED]: Aezis_ annule la vente de 1x Elytra [Mending, Unbreaking III] pour 38,000.00β sur survie_new
[15:45:23] [ITEM_RETURNED]: 1 x Elytra  [Mending, Unbreaking III] renvoyé à Aezis_ le survie_new
[15:45:23] [ITEM_RETURNED]: 1 x Elytra  [Mending, Unbreaking III] renvoyé à Aezis_ le survie_new
[15:45:24] [ITEM_RETURNED]: 1 x Elytra  [Mending, Unbreaking III] renvoyé à Aezis_ le survie_new
[15:45:24] [ITEM_RETURNED]: 1 x Elytra  [Mending, Unbreaking III] renvoyé à Aezis_ le survie_new
[15:45:24] [ITEM_RETURNED]: 5 x Rubis Radieux  renvoyé à Aezis_ le survie_new
[15:45:24] [ITEM_RETURNED]: 1 x Saddle  renvoyé à Aezis_ le survie_new
[15:45:24] [ITEM_RETURNED]: 1 x Saddle  renvoyé à Aezis_ le survie_new
[15:45:24] [ITEM_RETURNED]: 1 x Saddle  renvoyé à Aezis_ le survie_new
[15:45:25] [ITEM_RETURNED]: 1 x Saddle  renvoyé à Aezis_ le survie_new
[15:45:25] [ITEM_RETURNED]: 1 x Saddle  renvoyé à Aezis_ le survie_new
[15:45:25] [ITEM_RETURNED]: 1 x Saddle  renvoyé à Aezis_ le survie_new
[15:45:25] [ITEM_RETURNED]: 1 x Saddle  renvoyé à Aezis_ le survie_new
[15:45:25] [ITEM_RETURNED]: 1 x Saddle  renvoyé à Aezis_ le survie_new
[15:45:25] [ITEM_RETURNED]: 1 x Saddle  renvoyé à Aezis_ le survie_new
[15:45:26] [ITEM_RETURNED]: 1 x Saddle  renvoyé à Aezis_ le survie_new
[15:45:26] [ITEM_RETURNED]: 1 x Saddle  renvoyé à Aezis_ le survie_new
[15:45:26] [ITEM_RETURNED]: 1 x Saddle  renvoyé à Aezis_ le survie_new
[15:45:26] [ITEM_RETURNED]: 1 x Saddle  renvoyé à Aezis_ le survie_new
[15:45:26] [ITEM_RETURNED]: 1 x Saddle  renvoyé à Aezis_ le survie_new
[15:45:26] [ITEM_RETURNED]: 1 x Saddle  renvoyé à Aezis_ le survie_new
[15:45:27] [ITEM_RETURNED]: 1 x Saddle  renvoyé à Aezis_ le survie_new
[15:45:27] [ITEM_RETURNED]: 1 x Saddle  renvoyé à Aezis_ le survie_new
[15:45:27] [ITEM_RETURNED]: 1 x Saddle  renvoyé à Aezis_ le survie_new
[15:45:27] [ITEM_RETURNED]: 1 x Saddle  renvoyé à Aezis_ le survie_new
[15:45:28] [ITEM_RETURNED]: 1 x Saddle  renvoyé à Aezis_ le survie_new
[16:00:55] [ITEM_SOLD]: Karazhar vendu 1 x §;§:Cave spider Spawner 1x à  Isaorya pour 5,000.00 β le survie_new
[16:00:56] [ITEM_SOLD]: Karazhar vendu 1 x §;§:Cave spider Spawner 1x à  Isaorya pour 5,000.00 β le survie_new
[16:01:00] [ITEM_SOLD]: Efysio vendu 64 x Gunpowder à  Isaorya pour 4,500.00 β le survie_new
[16:01:02] [ITEM_SOLD]: Efysio vendu 64 x Gunpowder à  Isaorya pour 4,500.00 β le survie_new
[16:01:09] [ITEM_SOLD]: CouzVeBaton vendu 1 x Shulker Box à  Isaorya pour 1,500.00 β le survie_new
[16:01:58] [ITEM_LISTED]: Efysio vend 64 x Gunpowder  pour 4,500.00β sur survie_new
[16:02:01] [ITEM_LISTED]: Efysio vend 64 x Gunpowder  pour 4,500.00β sur survie_new
[16:03:09] [ITEM_LISTED]: Aezis_ vend 1 x Diamond Horse Armor  pour 700.00β sur survie_new
[16:03:18] [ITEM_CANCELLED]: Aezis_ annule la vente de 1x Diamond Horse Armor pour 700.00β sur survie_new
[16:03:20] [ITEM_RETURNED]: 1 x Diamond Horse Armor  renvoyé à Aezis_ le survie_new
[16:03:24] [ITEM_RETURNED]: 1 x Saddle  renvoyé à Aezis_ le survie_new
[16:03:24] [ITEM_RETURNED]: 1 x Saddle  renvoyé à Aezis_ le survie_new
[16:03:24] [ITEM_RETURNED]: 1 x Saddle  renvoyé à Aezis_ le survie_new
[16:03:24] [ITEM_RETURNED]: 1 x Saddle  renvoyé à Aezis_ le survie_new
[16:03:24] [ITEM_RETURNED]: 1 x Iron Horse Armor  renvoyé à Aezis_ le survie_new
[16:03:25] [ITEM_RETURNED]: 1 x Iron Horse Armor  renvoyé à Aezis_ le survie_new
[16:03:25] [ITEM_RETURNED]: 1 x Iron Horse Armor  renvoyé à Aezis_ le survie_new
[16:03:25] [ITEM_RETURNED]: 1 x Iron Horse Armor  renvoyé à Aezis_ le survie_new
[16:03:25] [ITEM_RETURNED]: 1 x Iron Horse Armor  renvoyé à Aezis_ le survie_new
[16:03:25] [ITEM_RETURNED]: 1 x Iron Horse Armor  renvoyé à Aezis_ le survie_new
[16:03:25] [ITEM_RETURNED]: 1 x Iron Horse Armor  renvoyé à Aezis_ le survie_new
[16:03:26] [ITEM_RETURNED]: 1 x Iron Horse Armor  renvoyé à Aezis_ le survie_new
[16:03:26] [ITEM_RETURNED]: 1 x Iron Horse Armor  renvoyé à Aezis_ le survie_new
[16:03:26] [ITEM_RETURNED]: 1 x Iron Horse Armor  renvoyé à Aezis_ le survie_new
[16:03:26] [ITEM_RETURNED]: 1 x Iron Horse Armor  renvoyé à Aezis_ le survie_new
[16:03:26] [ITEM_RETURNED]: 1 x Iron Horse Armor  renvoyé à Aezis_ le survie_new
[16:03:27] [ITEM_RETURNED]: 1 x Iron Horse Armor  renvoyé à Aezis_ le survie_new
[16:03:27] [ITEM_RETURNED]: 1 x Iron Horse Armor  renvoyé à Aezis_ le survie_new
[16:03:41] [ITEM_RETURNED]: 1 x Iron Horse Armor  renvoyé à Aezis_ le survie_new
[16:03:42] [ITEM_RETURNED]: 1 x Golden Horse Armor  renvoyé à Aezis_ le survie_new
[16:04:03] [ITEM_SOLD]: NatoxFCUT vendu 64 x Cocoa Beans à  Efysio pour 60.00 β le survie_new
[16:04:08] [ITEM_SOLD]: NatoxFCUT vendu 64 x Cocoa Beans à  Efysio pour 60.00 β le survie_new
[16:35:03] [ITEM_LISTED]: Aezis_ vend 1 x Elytra  [Mending, Unbreaking III] pour 25,000.00β sur survie_new
[16:35:04] [ITEM_LISTED]: Aezis_ vend 1 x Elytra  [Mending, Unbreaking III] pour 25,000.00β sur survie_new
[16:35:05] [ITEM_LISTED]: Aezis_ vend 1 x Elytra  [Mending, Unbreaking III] pour 25,000.00β sur survie_new
[16:35:05] [ITEM_LISTED]: Aezis_ vend 1 x Elytra  [Mending, Unbreaking III] pour 25,000.00β sur survie_new
[16:35:44] [ITEM_LISTED]: Aezis_ vend 1 x Dragon Head  pour 10,000.00β sur survie_new
[16:35:46] [ITEM_LISTED]: Aezis_ vend 1 x Dragon Head  pour 10,000.00β sur survie_new
[16:35:47] [ITEM_LISTED]: Aezis_ vend 1 x Dragon Head  pour 10,000.00β sur survie_new
[16:38:45] [ITEM_LISTED]: Aezis_ vend 1 x Elytra  pour 16,000.00β sur survie_new
[16:38:49] [ITEM_LISTED]: Aezis_ vend 1 x Elytra  pour 16,000.00β sur survie_new
[16:38:53] [ITEM_LISTED]: Aezis_ vend 1 x Elytra  pour 18,000.00β sur survie_new
[16:48:36] [ITEM_LISTED]: Natvolh24 vend 64 x Grass Block  pour 750.00β sur survie_new
[16:48:44] [ITEM_LISTED]: Natvolh24 vend 64 x Grass Block  pour 750.00β sur survie_new
[16:48:52] [ITEM_LISTED]: Natvolh24 vend 64 x Grass Block  pour 75.00β sur survie_new
[16:48:59] [ITEM_LISTED]: Natvolh24 vend 64 x Grass Block  pour 750.00β sur survie_new
[16:51:20] [ITEM_SOLD]: OfCourse vendu 2 x Livre à  Isaorya pour 6,000.00 β le survie_new
[16:51:50] [ITEM_SOLD]: lancelot vendu 1 x Enchanted Book à  Isaorya pour 3,000.00 β le survie_new
[17:16:13] [ITEM_SOLD]: CouzVeBaton vendu 1 x Shulker Box à  Ddd_lebss pour 1,500.00 β le survie_new
[17:35:52] [ITEM_CANCELLED]: Karazhar annule la vente de 1x §;§:Blaze Spawner 1x pour 15,000.00β sur survie_new
[17:35:55] [ITEM_RETURNED]: 1 x §;§:Blaze Spawner 1x  renvoyé à Karazhar le survie_new
[17:36:05] [ITEM_LISTED]: Karazhar vend 1 x §;§:Blaze Spawner 1x  pour 10,000.00β sur survie_new
[17:37:15] [ITEM_LISTED]: Karazhar vend 20 x Sponge  pour 2,000.00β sur survie_new
[18:57:58] [ITEM_SOLD]: pikatchou82 vendu 64 x Golden Apple à  Ender_Shock pour 3,000.00 β le survie_new
[19:06:39] [ITEM_LISTED]: OfCourse vend 1 x Iron Sword  [Knockback II, Sharpness IV, Unbreaking III] pour 1,000.00β sur survie_new
[19:35:33] [ITEM_LISTED]: Blazd vend 64 x Wither Rose  pour 60,000.00β sur survie_new
[19:36:10] [ITEM_SOLD]: Blazd vendu 64 x Wither Rose à  PSY_Kill3R pour 60,000.00 β le survie_new
[19:53:18] [ITEM_SOLD]: Christophe_ vendu 64 x Prismarine Crystals à  Efysio pour 3,000.00 β le survie_new
[19:53:24] [ITEM_SOLD]: Christophe_ vendu 64 x Prismarine Crystals à  Efysio pour 3,000.00 β le survie_new
[20:18:51] [ITEM_LISTED]: OfCourse vend 1 x Old Globe  pour 3,000.00β sur survie_new
[20:18:53] [ITEM_SOLD]: OfCourse vendu 1 x Old Globe à  Futsiph pour 3,000.00 β le survie_new
[20:24:37] [ITEM_LISTED]: Futsiph vend 1 x Old Globe  pour 3,000.00β sur survie_new
[20:24:56] [ITEM_SOLD]: Futsiph vendu 1 x Old Globe à  OfCourse pour 3,000.00 β le survie_new
[20:35:16] [ITEM_SOLD]: Aezis_ vendu 1 x Elytra à  [Mending, Unbreaking III] Kanntin pour 25,000.00 β le survie_new
[20:38:56] [ITEM_LISTED]: Aorixsama vend 16 x Egg  pour 200.00β sur survie_new
[20:39:00] [ITEM_LISTED]: Aorixsama vend 16 x Egg  pour 200.00β sur survie_new
[20:39:03] [ITEM_LISTED]: Aorixsama vend 16 x Egg  pour 200.00β sur survie_new
[20:39:07] [ITEM_LISTED]: Aorixsama vend 16 x Egg  pour 200.00β sur survie_new
[20:40:44] [ITEM_LISTED]: OfCourse vend 1 x Old Globe  pour 3,000.00β sur survie_new
[20:48:41] [ITEM_LISTED]: h_ney vend 1 x Enchanted Book  pour 250.00β sur survie_new
[20:48:49] [ITEM_LISTED]: h_ney vend 1 x Enchanted Book  pour 500.00β sur survie_new
[20:48:56] [ITEM_LISTED]: h_ney vend 1 x Enchanted Book  pour 1,000.00β sur survie_new
[20:54:43] [ITEM_LISTED]: h_ney vend 1 x Enchanted Book  pour 2,000.00β sur survie_new
[20:54:50] [ITEM_LISTED]: h_ney vend 1 x Enchanted Book  pour 500.00β sur survie_new
[20:54:54] [ITEM_LISTED]: h_ney vend 1 x Enchanted Book  pour 500.00β sur survie_new
[20:55:01] [ITEM_LISTED]: h_ney vend 1 x Enchanted Book  pour 500.00β sur survie_new
[20:55:13] [ITEM_LISTED]: h_ney vend 1 x Enchanted Book  pour 1,000.00β sur survie_new
[20:55:15] [ITEM_LISTED]: h_ney vend 1 x Enchanted Book  pour 1,000.00β sur survie_new
[20:55:23] [ITEM_LISTED]: h_ney vend 1 x Enchanted Book  pour 250.00β sur survie_new
[21:19:01] [ITEM_LISTED]: Lacourgette vend 1 x Enchanted Book  pour 11,000.00β sur survie_new
[21:19:18] [ITEM_LISTED]: Lacourgette vend 1 x Enchanted Book  pour 4,000.00β sur survie_new
[21:19:28] [ITEM_LISTED]: Lacourgette vend 1 x Enchanted Book  pour 4,000.00β sur survie_new
[21:19:41] [ITEM_LISTED]: Lacourgette vend 1 x Enchanted Book  pour 4,000.00β sur survie_new
[21:19:56] [ITEM_LISTED]: Lacourgette vend 1 x Enchanted Book  pour 11,000.00β sur survie_new
[21:26:31] [ITEM_CANCELLED]: CouzVeBaton annule la vente de 1x Enchanted Book pour 150,000.00β sur survie_new
[21:32:54] [ITEM_LISTED]: Aorixsama vend 64 x Sugar Cane  pour 75.00β sur survie_new
[21:32:59] [ITEM_LISTED]: Aorixsama vend 64 x Sugar Cane  pour 75.00β sur survie_new
[21:33:17] [ITEM_LISTED]: Aorixsama vend 64 x Sugar Cane  pour 75.00β sur survie_new
[21:33:20] [ITEM_LISTED]: Aorixsama vend 64 x Sugar Cane  pour 75.00β sur survie_new
[21:33:22] [ITEM_LISTED]: Aorixsama vend 64 x Sugar Cane  pour 75.00β sur survie_new
[21:33:24] [ITEM_LISTED]: Aorixsama vend 64 x Sugar Cane  pour 75.00β sur survie_new
[21:33:26] [ITEM_LISTED]: Aorixsama vend 64 x Sugar Cane  pour 75.00β sur survie_new
[21:33:30] [ITEM_LISTED]: Aorixsama vend 64 x Sugar Cane  pour 75.00β sur survie_new
[21:33:32] [ITEM_LISTED]: Aorixsama vend 64 x Sugar Cane  pour 75.00β sur survie_new
[22:03:51] [ITEM_LISTED]: Blazd vend 64 x Wither Rose  pour 60,000.00β sur survie_new
[22:11:52] [ITEM_SOLD]: Ender_Shock vendu 1 x Enchanted Book à  Butoquhh pour 6,500.00 β le survie_new
[22:12:46] [ITEM_SOLD]: Natvolh24 vendu 64 x Grass Block à  Aezis_ pour 75.00 β le survie_new
[22:13:07] [ITEM_SOLD]: Raptor_22 vendu 12 x Beetroot à  Aezis_ pour 10.00 β le survie_new
[22:14:29] [ITEM_RETURNED]: 1 x Enchanted Book  renvoyé à Efysio le survie_new
[22:14:29] [ITEM_RETURNED]: 1 x Enchanted Book  renvoyé à Efysio le survie_new
[22:14:29] [ITEM_RETURNED]: 1 x Enchanted Book  renvoyé à Efysio le survie_new
[22:14:46] [ITEM_LISTED]: Efysio vend 1 x Enchanted Book  pour 5,000.00β sur survie_new
[22:14:49] [ITEM_LISTED]: Efysio vend 1 x Enchanted Book  pour 5,000.00β sur survie_new
[22:14:52] [ITEM_LISTED]: Efysio vend 1 x Enchanted Book  pour 5,000.00β sur survie_new
[22:41:29] [ITEM_SOLD]: Aorixsama vendu 1 x Egg à  Butoquhh pour 200.00 β le survie_new
[22:41:30] [ITEM_SOLD]: Aorixsama vendu 1 x Egg à  Butoquhh pour 200.00 β le survie_new
[22:41:31] [ITEM_SOLD]: Aorixsama vendu 1 x Egg à  Butoquhh pour 200.00 β le survie_new
[22:41:32] [ITEM_SOLD]: Aorixsama vendu 1 x Egg à  Butoquhh pour 200.00 β le survie_new
[22:58:02] [ITEM_SOLD]: Ender_Shock vendu 1 x Enchanted Book à  Butoquhh pour 6,500.00 β le survie_new
