[12:10:46] [ITEM_SOLD]: samdec666 vendu 64 x Jungle Log à  niguetto5 pour 200.00 β le survie_new
[12:19:40] [ITEM_SOLD]: pikatchou82 vendu 64 x Golden Apple à  niguetto5 pour 10,000.00 β le survie_new
[12:33:33] [ITEM_SOLD]: Minebark vendu 1 x Blue Shulker Box à  rockronsley pour 3,000.00 β le survie_new
[12:35:29] [ITEM_SOLD]: blazou38 vendu 1 x Diamond Pickaxe à  [Silk Touch] niguetto5 pour 4,000.00 β le survie_new
[13:22:46] [ITEM_LISTED]: niguetto5 vend 4 x Bee Nest  pour 15,000.00β sur survie_new
[13:59:51] [ITEM_SOLD]: Doomsmen vendu 1 x Enchanted Book à  Alexia67710 pour 3,000.00 β le survie_new
[14:00:52] [ITEM_LISTED]: Alexia67710 vend 1 x Enchanted Book  pour 4,000.00β sur survie_new
[15:40:43] [ITEM_LISTED]: Alexia67710 vend 1 x Enchanted Book  pour 1,000.00β sur survie_new
[15:40:56] [ITEM_LISTED]: Alexia67710 vend 1 x Enchanted Book  pour 3,500.00β sur survie_new
[15:41:21] [ITEM_LISTED]: Alexia67710 vend 1 x Enchanted Book  pour 1,500.00β sur survie_new
[15:41:38] [ITEM_LISTED]: Alexia67710 vend 1 x Enchanted Book  pour 2,000.00β sur survie_new
[15:41:57] [ITEM_LISTED]: Alexia67710 vend 1 x Enchanted Book  pour 2,500.00β sur survie_new
[15:42:35] [ITEM_LISTED]: Alexia67710 vend 1 x Enchanted Book  pour 1,800.00β sur survie_new
[15:48:08] [ITEM_LISTED]: Doomsmen vend 1 x Enchanted Book  pour 2,000.00β sur survie_new
[17:53:55] [ITEM_SOLD]: samdec666 vendu 64 x Jungle Log à  Trozer176 pour 200.00 β le survie_new
[18:08:47] [ITEM_SOLD]: samdec666 vendu 64 x Jungle Log à  Trozer176 pour 200.00 β le survie_new
[18:09:19] [ITEM_SOLD]: Doomsmen vendu 1 x Enchanted Book à  CouzVeBaton pour 2,000.00 β le survie_new
[18:13:38] [ITEM_SOLD]: samdec666 vendu 64 x Spruce Log à  Doomsmen pour 200.00 β le survie_new
[18:13:40] [ITEM_SOLD]: samdec666 vendu 64 x Spruce Log à  Doomsmen pour 200.00 β le survie_new
[18:28:03] [ITEM_LISTED]: realvirtuose vend 64 x Bamboo  pour 50.00β sur survie_new
[18:28:05] [ITEM_LISTED]: realvirtuose vend 64 x Bamboo  pour 50.00β sur survie_new
[18:28:07] [ITEM_LISTED]: realvirtuose vend 64 x Bamboo  pour 50.00β sur survie_new
[18:28:09] [ITEM_LISTED]: realvirtuose vend 64 x Bamboo  pour 50.00β sur survie_new
[18:28:11] [ITEM_LISTED]: realvirtuose vend 64 x Bamboo  pour 50.00β sur survie_new
[18:28:13] [ITEM_LISTED]: realvirtuose vend 64 x Bamboo  pour 50.00β sur survie_new
[18:28:17] [ITEM_LISTED]: realvirtuose vend 13 x Bamboo  pour 10.00β sur survie_new
[19:29:31] [ITEM_SOLD]: pikatchou82 vendu 64 x Anvil à  Efysio pour 1,000.00 β le survie_new
[19:33:04] [ITEM_RETURNED]: 1 x Casque  [Protection V, Unbreaking V] renvoyé à aidan le survie_new
[19:33:04] [ITEM_RETURNED]: 1 x Jambières  [Protection V, Unbreaking V] renvoyé à aidan le survie_new
[19:33:04] [ITEM_RETURNED]: 1 x Plastron  [Protection V, Unbreaking V] renvoyé à aidan le survie_new
[19:33:14] [ITEM_CANCELLED]: aidan annule la vente de 1x Casque [Protection V, Unbreaking V] pour 1,500.00β sur survie_new
[19:33:14] [ITEM_CANCELLED]: aidan annule la vente de 1x Bottes [Protection V, Unbreaking V] pour 1,500.00β sur survie_new
[19:33:15] [ITEM_CANCELLED]: aidan annule la vente de 1x Jambières [Protection V, Unbreaking V] pour 1,500.00β sur survie_new
[19:33:15] [ITEM_CANCELLED]: aidan annule la vente de 1x Casque [Protection V, Unbreaking V] pour 1,500.00β sur survie_new
[19:33:15] [ITEM_CANCELLED]: aidan annule la vente de 1x Plastron [Protection V, Unbreaking V] pour 1,500.00β sur survie_new
[19:33:15] [ITEM_CANCELLED]: aidan annule la vente de 1x Bottes [Protection V, Unbreaking V] pour 1,500.00β sur survie_new
[19:33:16] [ITEM_CANCELLED]: aidan annule la vente de 1x Jambières [Protection V, Unbreaking V] pour 1,500.00β sur survie_new
[19:33:16] [ITEM_CANCELLED]: aidan annule la vente de 1x Casque [Protection V, Unbreaking V] pour 1,500.00β sur survie_new
[19:33:16] [ITEM_CANCELLED]: aidan annule la vente de 1x Plastron [Protection V, Unbreaking V] pour 1,500.00β sur survie_new
[19:33:16] [ITEM_CANCELLED]: aidan annule la vente de 1x Bottes [Protection V, Unbreaking V] pour 1,500.00β sur survie_new
[19:33:19] [ITEM_RETURNED]: 1 x Casque  [Protection V, Unbreaking V] renvoyé à aidan le survie_new
[19:33:20] [ITEM_RETURNED]: 1 x Bottes  [Protection V, Unbreaking V] renvoyé à aidan le survie_new
[19:33:20] [ITEM_RETURNED]: 1 x Plastron  [Protection V, Unbreaking V] renvoyé à aidan le survie_new
[19:33:20] [ITEM_RETURNED]: 1 x Casque  [Protection V, Unbreaking V] renvoyé à aidan le survie_new
[19:33:20] [ITEM_RETURNED]: 1 x Jambières  [Protection V, Unbreaking V] renvoyé à aidan le survie_new
[19:33:20] [ITEM_RETURNED]: 1 x Bottes  [Protection V, Unbreaking V] renvoyé à aidan le survie_new
[19:33:20] [ITEM_RETURNED]: 1 x Plastron  [Protection V, Unbreaking V] renvoyé à aidan le survie_new
[19:33:21] [ITEM_RETURNED]: 1 x Casque  [Protection V, Unbreaking V] renvoyé à aidan le survie_new
[19:33:21] [ITEM_RETURNED]: 1 x Jambières  [Protection V, Unbreaking V] renvoyé à aidan le survie_new
[19:33:21] [ITEM_RETURNED]: 1 x Bottes  [Protection V, Unbreaking V] renvoyé à aidan le survie_new
[19:33:28] [ITEM_LISTED]: aidan vend 1 x Casque  [Protection V, Unbreaking V] pour 1,000.00β sur survie_new
[19:33:30] [ITEM_LISTED]: aidan vend 1 x Plastron  [Protection V, Unbreaking V] pour 1,000.00β sur survie_new
[19:33:32] [ITEM_LISTED]: aidan vend 1 x Jambières  [Protection V, Unbreaking V] pour 1,000.00β sur survie_new
[19:33:35] [ITEM_LISTED]: aidan vend 1 x Bottes  [Protection V, Unbreaking V] pour 1,000.00β sur survie_new
[19:33:37] [ITEM_LISTED]: aidan vend 1 x Casque  [Protection V, Unbreaking V] pour 1,000.00β sur survie_new
[19:33:39] [ITEM_LISTED]: aidan vend 1 x Plastron  [Protection V, Unbreaking V] pour 1,000.00β sur survie_new
[19:33:41] [ITEM_LISTED]: aidan vend 1 x Jambières  [Protection V, Unbreaking V] pour 1,000.00β sur survie_new
[19:33:49] [ITEM_LISTED]: aidan vend 1 x Bottes  [Protection V, Unbreaking V] pour 1,000.00β sur survie_new
[19:33:56] [ITEM_LISTED]: aidan vend 1 x Casque  [Protection V, Unbreaking V] pour 1,000.00β sur survie_new
[19:33:58] [ITEM_LISTED]: aidan vend 1 x Plastron  [Protection V, Unbreaking V] pour 1,000.00β sur survie_new
[19:34:00] [ITEM_LISTED]: aidan vend 1 x Jambières  [Protection V, Unbreaking V] pour 1,000.00β sur survie_new
[19:34:02] [ITEM_LISTED]: aidan vend 1 x Bottes  [Protection V, Unbreaking V] pour 1,000.00β sur survie_new
[19:34:04] [ITEM_LISTED]: aidan vend 1 x Casque  [Protection V, Unbreaking V] pour 1,000.00β sur survie_new
[19:35:30] [ITEM_LISTED]: Alexia67710 vend 4 x Ghast Tear  pour 4,000.00β sur survie_new
[19:48:28] [ITEM_LISTED]: Yohan81 vend 64 x Melon Seeds  pour 100.00β sur survie_new
[19:48:30] [ITEM_LISTED]: Yohan81 vend 64 x Melon Seeds  pour 100.00β sur survie_new
[19:48:34] [ITEM_LISTED]: Yohan81 vend 64 x Melon Seeds  pour 100.00β sur survie_new
[19:48:37] [ITEM_LISTED]: Yohan81 vend 64 x Melon Seeds  pour 100.00β sur survie_new
[19:48:40] [ITEM_LISTED]: Yohan81 vend 64 x Melon Seeds  pour 100.00β sur survie_new
[19:48:42] [ITEM_LISTED]: Yohan81 vend 64 x Melon Seeds  pour 100.00β sur survie_new
[19:48:51] [ITEM_LISTED]: Yohan81 vend 42 x Melon Seeds  pour 88.00β sur survie_new
[19:49:01] [ITEM_LISTED]: Yohan81 vend 64 x Melon  pour 150.00β sur survie_new
[19:49:04] [ITEM_LISTED]: Yohan81 vend 64 x Melon  pour 150.00β sur survie_new
[19:49:20] [ITEM_LISTED]: Yohan81 vend 64 x Melon  pour 150.00β sur survie_new
[19:49:47] [ITEM_LISTED]: Yohan81 vend 64 x Melon  pour 150.00β sur survie_new
[19:50:00] [ITEM_LISTED]: Yohan81 vend 14 x Melon  pour 18.00β sur survie_new
[19:54:38] [ITEM_RETURNED]: 1 x Diamond Pickaxe  [Silk Touch] renvoyé à CouzVeBaton le survie_new
[19:54:39] [ITEM_RETURNED]: 1 x Diamond Pickaxe  [Silk Touch] renvoyé à CouzVeBaton le survie_new
[19:54:40] [ITEM_RETURNED]: 1 x Diamond Pickaxe  [Silk Touch] renvoyé à CouzVeBaton le survie_new
[19:54:42] [ITEM_CANCELLED]: CouzVeBaton annule la vente de 1x Diamond Pickaxe [Silk Touch] pour 4,000.00β sur survie_new_nether
[19:54:45] [ITEM_RETURNED]: 1 x Diamond Pickaxe  [Silk Touch] renvoyé à CouzVeBaton le survie_new_nether
[19:55:04] [ITEM_LISTED]: CouzVeBaton vend 1 x Diamond Pickaxe  [Silk Touch] pour 2,000.00β sur survie_new
[19:55:06] [ITEM_LISTED]: CouzVeBaton vend 1 x Diamond Pickaxe  [Silk Touch] pour 2,000.00β sur survie_new
[19:55:07] [ITEM_LISTED]: CouzVeBaton vend 1 x Diamond Pickaxe  [Silk Touch] pour 2,000.00β sur survie_new
[19:55:09] [ITEM_LISTED]: CouzVeBaton vend 1 x Diamond Pickaxe  [Silk Touch] pour 2,000.00β sur survie_new
[19:57:18] [ITEM_LISTED]: Alexia67710 vend 1 x Ghast Tear  pour 1,000.00β sur survie_new
[20:03:18] [ITEM_LISTED]: Doomsmen vend 1 x Diamond Pickaxe  [Silk Touch] pour 1,500.00β sur survie_new
[20:03:20] [ITEM_LISTED]: Doomsmen vend 1 x Diamond Pickaxe  [Silk Touch] pour 1,500.00β sur survie_new
[20:03:23] [ITEM_LISTED]: Doomsmen vend 1 x Diamond Pickaxe  [Silk Touch] pour 1,500.00β sur survie_new
[20:05:06] [ITEM_LISTED]: Doomsmen vend 1 x Diamond Pickaxe  [Silk Touch] pour 1,500.00β sur survie_new
[20:05:25] [ITEM_LISTED]: Doomsmen vend 1 x Diamond Sword  [Knockback I, Looting II] pour 500.00β sur survie_new
[20:06:00] [ITEM_LISTED]: Doomsmen vend 1 x Diamond Sword  [Knockback I, Looting II] pour 500.00β sur survie_new
[20:11:17] [ITEM_LISTED]: Doomsmen vend 1 x Bow  [Flame, Infinity] pour 1,500.00β sur survie_new
[20:11:32] [ITEM_CANCELLED]: Doomsmen annule la vente de 1x Bow [Flame, Infinity] pour 1,500.00β sur survie_new
[20:11:34] [ITEM_RETURNED]: 1 x Bow  [Flame, Infinity] renvoyé à Doomsmen le survie_new
[20:11:42] [ITEM_LISTED]: Doomsmen vend 1 x Bow  [Flame, Infinity] pour 2,000.00β sur survie_new
[20:11:45] [ITEM_LISTED]: Doomsmen vend 1 x Bow  [Flame, Infinity] pour 2,000.00β sur survie_new
[20:12:32] [ITEM_LISTED]: Doomsmen vend 1 x Trident  pour 18,000.00β sur survie_new
[20:46:21] [ITEM_LISTED]: _Sasukeih_ vend 1 x Fishing Rod  [Mending] pour 5,000.00β sur survie_new
[20:46:35] [ITEM_LISTED]: Doomsmen vend 1 x Bow  [Flame, Infinity] pour 2,000.00β sur survie_new
[20:46:37] [ITEM_LISTED]: _Sasukeih_ vend 1 x Enchanted Book  pour 1,000.00β sur survie_new
[20:46:39] [ITEM_LISTED]: Doomsmen vend 1 x Bow  [Flame, Infinity] pour 2,000.00β sur survie_new
[20:46:42] [ITEM_LISTED]: Doomsmen vend 1 x Bow  [Flame, Infinity] pour 2,000.00β sur survie_new
[20:46:56] [ITEM_LISTED]: Doomsmen vend 1 x Diamond Sword  [Knockback I, Looting II] pour 500.00β sur survie_new
[20:47:05] [ITEM_LISTED]: Doomsmen vend 1 x Diamond Sword  [Knockback I, Looting II] pour 500.00β sur survie_new
[20:47:25] [ITEM_LISTED]: Doomsmen vend 1 x Diamond Pickaxe  [Silk Touch] pour 1,500.00β sur survie_new
[20:47:30] [ITEM_LISTED]: Doomsmen vend 1 x Diamond Pickaxe  [Silk Touch] pour 1,500.00β sur survie_new
[21:37:36] [ITEM_SOLD]: Yohan81 vendu 64 x Melon à  Isaorya pour 150.00 β le survie_new
[21:37:47] [ITEM_SOLD]: Yohan81 vendu 64 x Melon à  Isaorya pour 150.00 β le survie_new
[21:37:49] [ITEM_SOLD]: Yohan81 vendu 64 x Melon à  Isaorya pour 150.00 β le survie_new
[21:37:50] [ITEM_SOLD]: Yohan81 vendu 64 x Melon à  Isaorya pour 150.00 β le survie_new
[21:37:52] [ITEM_SOLD]: Yohan81 vendu 14 x Melon à  Isaorya pour 18.00 β le survie_new
[21:41:00] [ITEM_SOLD]: h_ney vendu 64 x Slime Ball à  Pabillus pour 3,000.00 β le survie_new
[21:43:50] [ITEM_LISTED]: Doomsmen vend 1 x Diamond Pickaxe  [Silk Touch] pour 1,000.00β sur survie_new
[21:43:53] [ITEM_LISTED]: Doomsmen vend 1 x Diamond Pickaxe  [Silk Touch] pour 1,000.00β sur survie_new
[21:44:01] [ITEM_LISTED]: Doomsmen vend 1 x Bow  [Flame, Infinity] pour 2,000.00β sur survie_new
[21:44:08] [ITEM_LISTED]: Doomsmen vend 1 x Diamond Helmet  [Aqua Affinity] pour 500.00β sur survie_new
[21:58:03] [ITEM_LISTED]: Wenos_XIII vend 1 x Ender Chest  pour 3,000.00β sur survie_new
[22:00:46] [ITEM_LISTED]: Wenos_XIII vend 64 x Bamboo  pour 50.00β sur survie_new
[22:01:01] [ITEM_LISTED]: Wenos_XIII vend 64 x Bamboo  pour 50.00β sur survie_new
[22:01:36] [ITEM_LISTED]: Wenos_XIII vend 64 x Bamboo  pour 50.00β sur survie_new
