[01:01:40] [ITEM_SOLD]: CouzVeBaton vendu 1 x Shulker Box à  PSY_Kill3R pour 1,500.00 β le survie_new
[08:42:22] [ITEM_SOLD]: Ender_Shock vendu 1 x Enchanted Book à  Natvolh24 pour 9,250.00 β le survie_new
[11:16:01] [ITEM_LISTED]: GoldenFarmers vend 1 x Elytra  [Mending, Unbreaking III] pour 42,000.00β sur survie_new
[11:16:03] [ITEM_LISTED]: GoldenFarmers vend 1 x Elytra  [Mending, Unbreaking III] pour 42,000.00β sur survie_new
[11:16:04] [ITEM_LISTED]: GoldenFarmers vend 1 x Elytra  [Mending, Unbreaking III] pour 42,000.00β sur survie_new
[11:16:05] [ITEM_LISTED]: GoldenFarmers vend 1 x Elytra  [Mending, Unbreaking III] pour 42,000.00β sur survie_new
[11:21:56] [ITEM_LISTED]: GoldenFarmers vend 1 x Elytra  [Mending, Unbreaking III] pour 42,000.00β sur survie_new
[11:22:03] [ITEM_LISTED]: GoldenFarmers vend 1 x Elytra  [Mending, Unbreaking II] pour 38,000.00β sur survie_new
[11:25:07] [ITEM_CANCELLED]: GoldenFarmers annule la vente de 1x Elytra [Mending, Unbreaking III] pour 42,000.00β sur survie_new
[11:25:11] [ITEM_RETURNED]: 1 x Elytra  [Mending, Unbreaking III] renvoyé à GoldenFarmers le survie_new
[12:00:48] [ITEM_LISTED]: GoldenFarmers vend 1 x Enchanted Book  pour 4,000.00β sur survie_new
[12:01:02] [ITEM_SOLD]: GoldenFarmers vendu 1 x Enchanted Book à  xytrill pour 4,000.00 β le survie_new
[13:33:51] [ITEM_SOLD]: Limmazur vendu 55 x Rotten Flesh à  GoldenFarmers pour 0.50 β le survie_new
[13:33:54] [ITEM_SOLD]: Limmazur vendu 55 x Rotten Flesh à  GoldenFarmers pour 0.50 β le survie_new
[13:33:56] [ITEM_SOLD]: Limmazur vendu 55 x Rotten Flesh à  GoldenFarmers pour 0.50 β le survie_new
[13:33:57] [ITEM_SOLD]: Limmazur vendu 55 x Rotten Flesh à  GoldenFarmers pour 0.50 β le survie_new
[13:34:07] [ITEM_SOLD]: Karazhar vendu 1 x Potion à  GoldenFarmers pour 100.00 β le survie_new
[13:34:08] [ITEM_SOLD]: Karazhar vendu 1 x Potion à  GoldenFarmers pour 100.00 β le survie_new
[13:34:09] [ITEM_SOLD]: Karazhar vendu 1 x Potion à  GoldenFarmers pour 100.00 β le survie_new
[13:34:11] [ITEM_SOLD]: Karazhar vendu 1 x Potion à  GoldenFarmers pour 100.00 β le survie_new
[13:34:12] [ITEM_SOLD]: Karazhar vendu 1 x Potion à  GoldenFarmers pour 100.00 β le survie_new
[13:34:19] [ITEM_SOLD]: Karazhar vendu 1 x Bow à  [Power II] GoldenFarmers pour 100.00 β le survie_new
[13:34:23] [ITEM_SOLD]: Max_Le_Max vendu 1 x Casque à  [Protection V, Unbreaking V] GoldenFarmers pour 250.00 β le survie_new
[13:34:25] [ITEM_SOLD]: Max_Le_Max vendu 1 x Plastron à  [Protection V, Unbreaking V] GoldenFarmers pour 250.00 β le survie_new
[13:34:26] [ITEM_SOLD]: Max_Le_Max vendu 1 x Jambières à  [Protection V, Unbreaking V] GoldenFarmers pour 250.00 β le survie_new
[13:34:28] [ITEM_SOLD]: Max_Le_Max vendu 1 x Bottes à  [Protection V, Unbreaking V] GoldenFarmers pour 250.00 β le survie_new
[14:37:14] [ITEM_LISTED]: Kanntin vend 1 x §;§:Blaze Spawner 1x  pour 6,000.00β sur survie_new
[14:37:38] [ITEM_LISTED]: Kanntin vend 1 x §;§:Blaze Spawner 1x  pour 5,500.00β sur survie_new
[14:54:13] [ITEM_SOLD]: Efysio vendu 1 x Enchanted Book à  Kanntin pour 9,200.00 β le survie_new
[16:27:01] [ITEM_LISTED]: Kanntin vend 1 x §;§:Squid Spawner 1x  pour 5,000.00β sur survie_new
[16:27:16] [ITEM_LISTED]: Kanntin vend 1 x §;§:Skeleton Spawner 1x  pour 5,000.00β sur survie_new
[16:27:25] [ITEM_LISTED]: Kanntin vend 1 x §;§:Zombie Spawner 1x  pour 5,000.00β sur survie_new
[16:35:22] [ITEM_LISTED]: samdec666 vend 64 x Jungle Log  pour 200.00β sur survie_new
[16:36:30] [ITEM_LISTED]: samdec666 vend 64 x Oak Log  pour 200.00β sur survie_new
[16:36:32] [ITEM_LISTED]: samdec666 vend 64 x Oak Log  pour 200.00β sur survie_new
[16:36:34] [ITEM_LISTED]: samdec666 vend 64 x Jungle Log  pour 200.00β sur survie_new
[16:37:55] [ITEM_LISTED]: samdec666 vend 64 x Jungle Log  pour 200.00β sur survie_new
[16:42:10] [ITEM_LISTED]: samdec666 vend 64 x Jungle Log  pour 200.00β sur survie_new
[16:43:45] [ITEM_LISTED]: samdec666 vend 64 x Oak Log  pour 200.00β sur survie_new
[16:43:47] [ITEM_LISTED]: samdec666 vend 64 x Oak Log  pour 200.00β sur survie_new
[16:45:19] [ITEM_LISTED]: samdec666 vend 64 x Oak Log  pour 200.00β sur survie_new
[16:45:21] [ITEM_LISTED]: samdec666 vend 64 x Jungle Log  pour 200.00β sur survie_new
[16:45:23] [ITEM_LISTED]: samdec666 vend 64 x Jungle Log  pour 200.00β sur survie_new
[17:12:15] [ITEM_SOLD]: Kanntin vendu 1 x §;§:Squid Spawner 1x à  GoldenFarmers pour 5,000.00 β le survie_new
[17:20:20] [ITEM_LISTED]: GoldenFarmers vend 1 x luckybloc  pour 4,500.00β sur survie_new
[17:20:21] [ITEM_LISTED]: GoldenFarmers vend 1 x luckybloc  pour 4,500.00β sur survie_new
[17:20:22] [ITEM_LISTED]: GoldenFarmers vend 1 x luckybloc  pour 4,500.00β sur survie_new
[17:20:22] [ITEM_LISTED]: GoldenFarmers vend 1 x luckybloc  pour 4,500.00β sur survie_new
[17:20:24] [ITEM_LISTED]: GoldenFarmers vend 1 x luckybloc  pour 4,500.00β sur survie_new
[17:20:24] [ITEM_LISTED]: GoldenFarmers vend 1 x luckybloc  pour 4,500.00β sur survie_new
[17:20:25] [ITEM_LISTED]: GoldenFarmers vend 1 x luckybloc  pour 4,500.00β sur survie_new
[17:20:26] [ITEM_LISTED]: GoldenFarmers vend 1 x luckybloc  pour 4,500.00β sur survie_new
[17:20:27] [ITEM_LISTED]: GoldenFarmers vend 1 x luckybloc  pour 4,500.00β sur survie_new
[17:20:37] [ITEM_LISTED]: GoldenFarmers vend 1 x luckybloc  pour 4,500.00β sur survie_new
[17:20:39] [ITEM_LISTED]: GoldenFarmers vend 1 x luckybloc  pour 4,500.00β sur survie_new
[17:20:40] [ITEM_LISTED]: GoldenFarmers vend 1 x luckybloc  pour 4,500.00β sur survie_new
[17:20:41] [ITEM_LISTED]: GoldenFarmers vend 1 x luckybloc  pour 4,500.00β sur survie_new
[17:20:42] [ITEM_LISTED]: GoldenFarmers vend 1 x luckybloc  pour 4,500.00β sur survie_new
[17:20:43] [ITEM_LISTED]: GoldenFarmers vend 1 x luckybloc  pour 4,500.00β sur survie_new
[17:20:43] [ITEM_LISTED]: GoldenFarmers vend 1 x luckybloc  pour 4,500.00β sur survie_new
[17:20:44] [ITEM_LISTED]: GoldenFarmers vend 1 x luckybloc  pour 4,500.00β sur survie_new
[17:20:45] [ITEM_LISTED]: GoldenFarmers vend 1 x luckybloc  pour 4,500.00β sur survie_new
[17:20:57] [ITEM_LISTED]: GoldenFarmers vend 1 x luckybloc  pour 4,500.00β sur survie_new
[17:20:59] [ITEM_LISTED]: GoldenFarmers vend 1 x luckybloc  pour 4,500.00β sur survie_new
[17:20:59] [ITEM_LISTED]: GoldenFarmers vend 1 x luckybloc  pour 4,500.00β sur survie_new
[17:21:00] [ITEM_LISTED]: GoldenFarmers vend 1 x luckybloc  pour 4,500.00β sur survie_new
[17:21:01] [ITEM_LISTED]: GoldenFarmers vend 1 x luckybloc  pour 4,500.00β sur survie_new
[17:21:25] [ITEM_SOLD]: samdec666 vendu 64 x Jungle Log à  GoldenFarmers pour 200.00 β le survie_new
[17:21:27] [ITEM_SOLD]: samdec666 vendu 64 x Jungle Log à  GoldenFarmers pour 200.00 β le survie_new
[17:21:29] [ITEM_SOLD]: samdec666 vendu 64 x Oak Log à  GoldenFarmers pour 200.00 β le survie_new
[17:21:30] [ITEM_SOLD]: samdec666 vendu 64 x Oak Log à  GoldenFarmers pour 200.00 β le survie_new
[17:21:32] [ITEM_SOLD]: samdec666 vendu 64 x Oak Log à  GoldenFarmers pour 200.00 β le survie_new
[17:21:34] [ITEM_SOLD]: samdec666 vendu 64 x Jungle Log à  GoldenFarmers pour 200.00 β le survie_new
[17:21:35] [ITEM_SOLD]: samdec666 vendu 64 x Jungle Log à  GoldenFarmers pour 200.00 β le survie_new
[17:21:37] [ITEM_SOLD]: samdec666 vendu 64 x Jungle Log à  GoldenFarmers pour 200.00 β le survie_new
[17:21:39] [ITEM_SOLD]: samdec666 vendu 64 x Oak Log à  GoldenFarmers pour 200.00 β le survie_new
[17:21:40] [ITEM_SOLD]: samdec666 vendu 64 x Oak Log à  GoldenFarmers pour 200.00 β le survie_new
[17:21:42] [ITEM_SOLD]: samdec666 vendu 64 x Jungle Log à  GoldenFarmers pour 200.00 β le survie_new
[18:19:48] [ITEM_SOLD]: Kanntin vendu 1 x §;§:Blaze Spawner 1x à  brimiil pour 5,500.00 β le survie_new
[18:19:51] [ITEM_SOLD]: Kanntin vendu 1 x §;§:Zombie Spawner 1x à  brimiil pour 5,000.00 β le survie_new
[18:19:52] [ITEM_SOLD]: Kanntin vendu 1 x §;§:Skeleton Spawner 1x à  brimiil pour 5,000.00 β le survie_new
[18:24:59] [ITEM_SOLD]: Kanntin vendu 1 x §;§:Blaze Spawner 1x à  brimiil pour 6,000.00 β le survie_new
[18:26:53] [ITEM_LISTED]: CouzVeBaton vend 27 x Diamond  pour 2,700.00β sur survie_new
[18:36:13] [ITEM_SOLD]: Karazhar vendu 1 x §;§:Cave spider Spawner 1x à  brimiil pour 4,500.00 β le survie_new
[19:39:14] [ITEM_RETURNED]: 19 x String  renvoyé à Trailler_42 le survie_new
[19:39:14] [ITEM_RETURNED]: 34 x Arrow  renvoyé à Trailler_42 le survie_new
[20:03:30] [ITEM_SOLD]: CouzVeBaton vendu 27 x Diamond à  Kanntin pour 2,700.00 β le survie_new
[20:04:34] [ITEM_SOLD]: GoldenFarmers vendu 1 x luckybloc à  Kanntin pour 4,500.00 β le survie_new
[20:05:06] [ITEM_SOLD]: GoldenFarmers vendu 1 x luckybloc à  Kanntin pour 4,500.00 β le survie_new
[20:05:31] [ITEM_SOLD]: GoldenFarmers vendu 1 x luckybloc à  Kanntin pour 4,500.00 β le survie_new
[20:05:38] [ITEM_SOLD]: GoldenFarmers vendu 1 x luckybloc à  Kanntin pour 4,500.00 β le survie_new
[20:05:40] [ITEM_LISTED]: GoldenFarmers vend 1 x luckybloc  pour 4,500.00β sur survie_new
[20:05:41] [ITEM_LISTED]: GoldenFarmers vend 1 x luckybloc  pour 4,500.00β sur survie_new
[20:05:44] [ITEM_LISTED]: GoldenFarmers vend 1 x luckybloc  pour 4,500.00β sur survie_new
[20:05:44] [ITEM_LISTED]: GoldenFarmers vend 1 x luckybloc  pour 4,500.00β sur survie_new
[20:05:47] [ITEM_SOLD]: GoldenFarmers vendu 1 x luckybloc à  Kanntin pour 4,500.00 β le survie_new
[20:05:48] [ITEM_LISTED]: GoldenFarmers vend 1 x luckybloc  pour 4,500.00β sur survie_new
[20:06:43] [ITEM_CANCELLED]: GoldenFarmers annule la vente de 1x luckybloc pour 4,500.00β sur survie_new
[20:06:43] [ITEM_CANCELLED]: GoldenFarmers annule la vente de 1x luckybloc pour 4,500.00β sur survie_new
[20:06:43] [ITEM_CANCELLED]: GoldenFarmers annule la vente de 1x luckybloc pour 4,500.00β sur survie_new
[20:06:43] [ITEM_CANCELLED]: GoldenFarmers annule la vente de 1x luckybloc pour 4,500.00β sur survie_new
[20:06:44] [ITEM_CANCELLED]: GoldenFarmers annule la vente de 1x luckybloc pour 4,500.00β sur survie_new
[20:06:44] [ITEM_CANCELLED]: GoldenFarmers annule la vente de 1x luckybloc pour 4,500.00β sur survie_new
[20:06:44] [ITEM_CANCELLED]: GoldenFarmers annule la vente de 1x luckybloc pour 4,500.00β sur survie_new
[20:06:44] [ITEM_CANCELLED]: GoldenFarmers annule la vente de 1x luckybloc pour 4,500.00β sur survie_new
[20:06:44] [ITEM_CANCELLED]: GoldenFarmers annule la vente de 1x luckybloc pour 4,500.00β sur survie_new
[20:06:44] [ITEM_CANCELLED]: GoldenFarmers annule la vente de 1x luckybloc pour 4,500.00β sur survie_new
[20:06:44] [ITEM_CANCELLED]: GoldenFarmers annule la vente de 1x luckybloc pour 4,500.00β sur survie_new
[20:06:45] [ITEM_CANCELLED]: GoldenFarmers annule la vente de 1x luckybloc pour 4,500.00β sur survie_new
[20:06:45] [ITEM_CANCELLED]: GoldenFarmers annule la vente de 1x luckybloc pour 4,500.00β sur survie_new
[20:06:45] [ITEM_CANCELLED]: GoldenFarmers annule la vente de 1x luckybloc pour 4,500.00β sur survie_new
[20:06:45] [ITEM_CANCELLED]: GoldenFarmers annule la vente de 1x luckybloc pour 4,500.00β sur survie_new
[20:06:45] [ITEM_CANCELLED]: GoldenFarmers annule la vente de 1x luckybloc pour 4,500.00β sur survie_new
[20:06:46] [ITEM_CANCELLED]: GoldenFarmers annule la vente de 1x luckybloc pour 4,500.00β sur survie_new
[20:06:46] [ITEM_CANCELLED]: GoldenFarmers annule la vente de 1x luckybloc pour 4,500.00β sur survie_new
[20:06:46] [ITEM_CANCELLED]: GoldenFarmers annule la vente de 1x luckybloc pour 4,500.00β sur survie_new
[20:06:46] [ITEM_CANCELLED]: GoldenFarmers annule la vente de 1x luckybloc pour 4,500.00β sur survie_new
[20:06:47] [ITEM_CANCELLED]: GoldenFarmers annule la vente de 1x luckybloc pour 4,500.00β sur survie_new
[20:06:47] [ITEM_CANCELLED]: GoldenFarmers annule la vente de 1x luckybloc pour 4,500.00β sur survie_new
[20:06:47] [ITEM_CANCELLED]: GoldenFarmers annule la vente de 1x luckybloc pour 4,500.00β sur survie_new
[20:07:08] [ITEM_LISTED]: GoldenFarmers vend 1 x luckybloc  pour 4,500.00β sur survie_new
[20:07:43] [ITEM_RETURNED]: 1 x luckybloc  renvoyé à GoldenFarmers le survie_new
[20:07:43] [ITEM_RETURNED]: 1 x luckybloc  renvoyé à GoldenFarmers le survie_new
[20:07:43] [ITEM_RETURNED]: 1 x luckybloc  renvoyé à GoldenFarmers le survie_new
[20:07:43] [ITEM_RETURNED]: 1 x luckybloc  renvoyé à GoldenFarmers le survie_new
[20:07:43] [ITEM_RETURNED]: 1 x luckybloc  renvoyé à GoldenFarmers le survie_new
[20:07:44] [ITEM_RETURNED]: 1 x luckybloc  renvoyé à GoldenFarmers le survie_new
[20:07:44] [ITEM_RETURNED]: 1 x luckybloc  renvoyé à GoldenFarmers le survie_new
[20:07:44] [ITEM_RETURNED]: 1 x luckybloc  renvoyé à GoldenFarmers le survie_new
[20:07:44] [ITEM_RETURNED]: 1 x luckybloc  renvoyé à GoldenFarmers le survie_new
[20:07:44] [ITEM_RETURNED]: 1 x luckybloc  renvoyé à GoldenFarmers le survie_new
[20:07:44] [ITEM_RETURNED]: 1 x luckybloc  renvoyé à GoldenFarmers le survie_new
[20:07:44] [ITEM_RETURNED]: 1 x luckybloc  renvoyé à GoldenFarmers le survie_new
[20:07:45] [ITEM_RETURNED]: 1 x luckybloc  renvoyé à GoldenFarmers le survie_new
[20:07:45] [ITEM_RETURNED]: 1 x luckybloc  renvoyé à GoldenFarmers le survie_new
[20:07:45] [ITEM_RETURNED]: 1 x luckybloc  renvoyé à GoldenFarmers le survie_new
[20:07:45] [ITEM_RETURNED]: 1 x luckybloc  renvoyé à GoldenFarmers le survie_new
[20:07:45] [ITEM_RETURNED]: 1 x luckybloc  renvoyé à GoldenFarmers le survie_new
[20:07:45] [ITEM_RETURNED]: 1 x luckybloc  renvoyé à GoldenFarmers le survie_new
[20:07:46] [ITEM_RETURNED]: 1 x luckybloc  renvoyé à GoldenFarmers le survie_new
[20:07:46] [ITEM_RETURNED]: 1 x luckybloc  renvoyé à GoldenFarmers le survie_new
[20:07:46] [ITEM_RETURNED]: 1 x luckybloc  renvoyé à GoldenFarmers le survie_new
[20:07:46] [ITEM_RETURNED]: 1 x luckybloc  renvoyé à GoldenFarmers le survie_new
[20:07:46] [ITEM_RETURNED]: 1 x luckybloc  renvoyé à GoldenFarmers le survie_new
[20:08:02] [ITEM_CANCELLED]: GoldenFarmers annule la vente de 1x luckybloc pour 4,500.00β sur survie_new
[20:08:09] [ITEM_RETURNED]: 1 x luckybloc  renvoyé à GoldenFarmers le survie_new
[20:33:21] [ITEM_LISTED]: Karazhar vend 1 x §;§:Spawner Skeleton x1  pour 7,500.00β sur survie_new
[20:33:27] [ITEM_LISTED]: Karazhar vend 1 x §;§:Spawner Zombie x1  pour 7,500.00β sur survie_new
[20:33:33] [ITEM_LISTED]: Karazhar vend 1 x §;§:Cave spider Spawner 1x  pour 5,000.00β sur survie_new
[20:34:17] [ITEM_LISTED]: Karazhar vend 1 x Bee Nest  pour 600.00β sur survie_new
[20:34:21] [ITEM_LISTED]: Karazhar vend 1 x Bee Nest  pour 600.00β sur survie_new
[21:14:03] [ITEM_LISTED]: GoldenFarmers vend 1 x luckybloc  pour 4,500.00β sur survie_new
[21:17:51] [ITEM_LISTED]: GoldenFarmers vend 1 x luckybloc  pour 4,500.00β sur survie_new
[21:17:52] [ITEM_LISTED]: GoldenFarmers vend 1 x luckybloc  pour 4,500.00β sur survie_new
[21:17:53] [ITEM_LISTED]: GoldenFarmers vend 1 x luckybloc  pour 4,500.00β sur survie_new
[21:17:53] [ITEM_LISTED]: GoldenFarmers vend 1 x luckybloc  pour 4,500.00β sur survie_new
[21:17:54] [ITEM_LISTED]: GoldenFarmers vend 1 x luckybloc  pour 4,500.00β sur survie_new
[21:17:55] [ITEM_LISTED]: GoldenFarmers vend 1 x luckybloc  pour 4,500.00β sur survie_new
[21:17:56] [ITEM_LISTED]: GoldenFarmers vend 1 x luckybloc  pour 4,500.00β sur survie_new
[21:18:00] [ITEM_LISTED]: GoldenFarmers vend 1 x luckybloc  pour 4,500.00β sur survie_new
[21:18:01] [ITEM_LISTED]: GoldenFarmers vend 1 x luckybloc  pour 4,500.00β sur survie_new
[21:18:03] [ITEM_LISTED]: GoldenFarmers vend 1 x luckybloc  pour 4,500.00β sur survie_new
[21:18:03] [ITEM_LISTED]: GoldenFarmers vend 1 x luckybloc  pour 4,500.00β sur survie_new
[21:18:04] [ITEM_LISTED]: GoldenFarmers vend 1 x luckybloc  pour 4,500.00β sur survie_new
[21:18:05] [ITEM_LISTED]: GoldenFarmers vend 1 x luckybloc  pour 4,500.00β sur survie_new
[21:18:13] [ITEM_LISTED]: GoldenFarmers vend 1 x luckybloc  pour 4,500.00β sur survie_new
[21:18:14] [ITEM_LISTED]: GoldenFarmers vend 1 x luckybloc  pour 4,500.00β sur survie_new
[21:18:15] [ITEM_LISTED]: GoldenFarmers vend 1 x luckybloc  pour 4,500.00β sur survie_new
[21:18:16] [ITEM_LISTED]: GoldenFarmers vend 1 x luckybloc  pour 4,500.00β sur survie_new
[21:18:17] [ITEM_LISTED]: GoldenFarmers vend 1 x luckybloc  pour 4,500.00β sur survie_new
[21:18:18] [ITEM_LISTED]: GoldenFarmers vend 1 x luckybloc  pour 4,500.00β sur survie_new
[21:18:20] [ITEM_LISTED]: GoldenFarmers vend 1 x luckybloc  pour 4,500.00β sur survie_new
[21:18:25] [ITEM_LISTED]: GoldenFarmers vend 1 x luckybloc  pour 4,500.00β sur survie_new
[21:18:26] [ITEM_LISTED]: GoldenFarmers vend 1 x luckybloc  pour 4,500.00β sur survie_new
[21:20:42] [ITEM_CANCELLED]: GoldenFarmers annule la vente de 1x luckybloc pour 4,500.00β sur survie_new
[21:20:42] [ITEM_CANCELLED]: GoldenFarmers annule la vente de 1x luckybloc pour 4,500.00β sur survie_new
[21:20:43] [ITEM_CANCELLED]: GoldenFarmers annule la vente de 1x luckybloc pour 4,500.00β sur survie_new
[21:20:43] [ITEM_CANCELLED]: GoldenFarmers annule la vente de 1x luckybloc pour 4,500.00β sur survie_new
[21:20:43] [ITEM_CANCELLED]: GoldenFarmers annule la vente de 1x luckybloc pour 4,500.00β sur survie_new
[21:20:43] [ITEM_CANCELLED]: GoldenFarmers annule la vente de 1x luckybloc pour 4,500.00β sur survie_new
[21:20:43] [ITEM_CANCELLED]: GoldenFarmers annule la vente de 1x luckybloc pour 4,500.00β sur survie_new
[21:20:43] [ITEM_CANCELLED]: GoldenFarmers annule la vente de 1x luckybloc pour 4,500.00β sur survie_new
[21:20:44] [ITEM_CANCELLED]: GoldenFarmers annule la vente de 1x luckybloc pour 4,500.00β sur survie_new
[21:20:44] [ITEM_CANCELLED]: GoldenFarmers annule la vente de 1x luckybloc pour 4,500.00β sur survie_new
[21:20:44] [ITEM_CANCELLED]: GoldenFarmers annule la vente de 1x luckybloc pour 4,500.00β sur survie_new
[21:20:44] [ITEM_CANCELLED]: GoldenFarmers annule la vente de 1x luckybloc pour 4,500.00β sur survie_new
[21:20:44] [ITEM_CANCELLED]: GoldenFarmers annule la vente de 1x luckybloc pour 4,500.00β sur survie_new
[21:20:45] [ITEM_CANCELLED]: GoldenFarmers annule la vente de 1x luckybloc pour 4,500.00β sur survie_new
[21:20:45] [ITEM_CANCELLED]: GoldenFarmers annule la vente de 1x luckybloc pour 4,500.00β sur survie_new
[21:20:45] [ITEM_CANCELLED]: GoldenFarmers annule la vente de 1x luckybloc pour 4,500.00β sur survie_new
[21:20:45] [ITEM_CANCELLED]: GoldenFarmers annule la vente de 1x luckybloc pour 4,500.00β sur survie_new
[21:20:45] [ITEM_CANCELLED]: GoldenFarmers annule la vente de 1x luckybloc pour 4,500.00β sur survie_new
[21:20:45] [ITEM_CANCELLED]: GoldenFarmers annule la vente de 1x luckybloc pour 4,500.00β sur survie_new
[21:20:46] [ITEM_CANCELLED]: GoldenFarmers annule la vente de 1x luckybloc pour 4,500.00β sur survie_new
[21:20:46] [ITEM_CANCELLED]: GoldenFarmers annule la vente de 1x luckybloc pour 4,500.00β sur survie_new
[21:20:48] [ITEM_CANCELLED]: GoldenFarmers annule la vente de 1x luckybloc pour 4,500.00β sur survie_new
[21:20:49] [ITEM_CANCELLED]: GoldenFarmers annule la vente de 1x Elytra [Mending, Unbreaking II] pour 38,000.00β sur survie_new
[21:20:49] [ITEM_CANCELLED]: GoldenFarmers annule la vente de 1x luckybloc pour 4,500.00β sur survie_new
[21:20:51] [ITEM_RETURNED]: 1 x Elytra  [Mending, Unbreaking II] renvoyé à GoldenFarmers le survie_new
[21:21:06] [ITEM_LISTED]: GoldenFarmers vend 1 x Elytra  [Mending, Unbreaking II] pour 38,000.00β sur survie_new
[21:22:26] [ITEM_RETURNED]: 1 x luckybloc  renvoyé à GoldenFarmers le survie_new
[21:22:26] [ITEM_RETURNED]: 1 x luckybloc  renvoyé à GoldenFarmers le survie_new
[21:22:26] [ITEM_RETURNED]: 1 x luckybloc  renvoyé à GoldenFarmers le survie_new
[21:22:27] [ITEM_RETURNED]: 1 x luckybloc  renvoyé à GoldenFarmers le survie_new
[21:22:27] [ITEM_RETURNED]: 1 x luckybloc  renvoyé à GoldenFarmers le survie_new
[21:22:27] [ITEM_RETURNED]: 1 x luckybloc  renvoyé à GoldenFarmers le survie_new
[21:22:28] [ITEM_RETURNED]: 1 x luckybloc  renvoyé à GoldenFarmers le survie_new
[21:22:28] [ITEM_RETURNED]: 1 x luckybloc  renvoyé à GoldenFarmers le survie_new
[21:22:28] [ITEM_RETURNED]: 1 x luckybloc  renvoyé à GoldenFarmers le survie_new
[21:23:21] [ITEM_RETURNED]: 1 x luckybloc  renvoyé à GoldenFarmers le survie_new
[21:23:21] [ITEM_RETURNED]: 1 x luckybloc  renvoyé à GoldenFarmers le survie_new
[21:23:21] [ITEM_RETURNED]: 1 x luckybloc  renvoyé à GoldenFarmers le survie_new
[21:23:21] [ITEM_RETURNED]: 1 x luckybloc  renvoyé à GoldenFarmers le survie_new
[21:23:21] [ITEM_RETURNED]: 1 x luckybloc  renvoyé à GoldenFarmers le survie_new
[21:23:21] [ITEM_RETURNED]: 1 x luckybloc  renvoyé à GoldenFarmers le survie_new
[21:23:22] [ITEM_RETURNED]: 1 x luckybloc  renvoyé à GoldenFarmers le survie_new
[21:23:22] [ITEM_RETURNED]: 1 x luckybloc  renvoyé à GoldenFarmers le survie_new
[21:23:22] [ITEM_RETURNED]: 1 x luckybloc  renvoyé à GoldenFarmers le survie_new
[21:23:22] [ITEM_RETURNED]: 1 x luckybloc  renvoyé à GoldenFarmers le survie_new
[21:23:22] [ITEM_RETURNED]: 1 x luckybloc  renvoyé à GoldenFarmers le survie_new
[21:23:22] [ITEM_RETURNED]: 1 x luckybloc  renvoyé à GoldenFarmers le survie_new
[21:23:23] [ITEM_RETURNED]: 1 x luckybloc  renvoyé à GoldenFarmers le survie_new
[21:23:23] [ITEM_RETURNED]: 1 x luckybloc  renvoyé à GoldenFarmers le survie_new
[21:23:23] [ITEM_CANCELLED]: GoldenFarmers annule la vente de 1x Elytra [Mending, Unbreaking II] pour 38,000.00β sur survie_new
[21:23:28] [ITEM_RETURNED]: 1 x Elytra  [Mending, Unbreaking II] renvoyé à GoldenFarmers le survie_new
[21:24:12] [ITEM_LISTED]: GoldenFarmers vend 1 x Elytra  [Mending, Unbreaking II] pour 38,000.00β sur survie_new
[21:50:01] [ITEM_LISTED]: Efysio vend 1 x Enchanted Book  pour 7,000.00β sur survie_new
[21:50:04] [ITEM_LISTED]: Efysio vend 1 x Enchanted Book  pour 7,000.00β sur survie_new
[21:50:07] [ITEM_LISTED]: Efysio vend 1 x Enchanted Book  pour 7,000.00β sur survie_new
[21:50:10] [ITEM_LISTED]: Efysio vend 1 x Enchanted Book  pour 7,000.00β sur survie_new
[21:50:12] [ITEM_LISTED]: Efysio vend 1 x Enchanted Book  pour 7,000.00β sur survie_new
[21:50:17] [ITEM_LISTED]: Efysio vend 1 x Enchanted Book  pour 7,000.00β sur survie_new
[22:49:54] [ITEM_SOLD]: GoldenFarmers vendu 5 x Prismarine Shard à  Ender_Shock pour 75.00 β le survie_new
[22:59:00] [ITEM_CANCELLED]: Efysio annule la vente de 64x Emerald Block pour 70,000.00β sur survie_new
[22:59:09] [ITEM_RETURNED]: 64 x Emerald Block  renvoyé à Efysio le survie_new
[23:10:27] [ITEM_LISTED]: Efysio vend 1 x §;§:Cat Spawner 1x  pour 15,000.00β sur survie_new
[23:52:00] [ITEM_LISTED]: Efysio vend 1 x Enchanted Book  pour 8,000.00β sur survie_new
