[00:33:51] [ITEM_LISTED]: Ender_Shock vend 1 x Enchanted Book  pour 9,250.00β sur survie_new
[00:33:53] [ITEM_LISTED]: Ender_Shock vend 1 x Enchanted Book  pour 9,250.00β sur survie_new
[00:33:56] [ITEM_LISTED]: Ender_Shock vend 1 x Enchanted Book  pour 9,250.00β sur survie_new
[00:33:58] [ITEM_LISTED]: Ender_Shock vend 1 x Enchanted Book  pour 9,250.00β sur survie_new
[00:34:02] [ITEM_LISTED]: Ender_Shock vend 1 x Enchanted Book  pour 9,250.00β sur survie_new
[00:34:04] [ITEM_LISTED]: Ender_Shock vend 1 x Enchanted Book  pour 9,250.00β sur survie_new
[00:34:06] [ITEM_LISTED]: Ender_Shock vend 1 x Enchanted Book  pour 9,250.00β sur survie_new
[00:34:08] [ITEM_LISTED]: Ender_Shock vend 1 x Enchanted Book  pour 9,250.00β sur survie_new
[00:34:11] [ITEM_LISTED]: Ender_Shock vend 1 x Enchanted Book  pour 9,250.00β sur survie_new
[12:16:33] [ITEM_LISTED]: GoldenFarmers vend 1 x §;§:Spawner Zombie x1  pour 10,000.00β sur survie_new
[12:19:15] [ITEM_SOLD]: GoldenFarmers vendu 1 x §;§:Spawner Zombie x1 à  AzodFR pour 10,000.00 β le survie_new
[13:06:23] [ITEM_CANCELLED]: Efysio annule la vente de 1x Enchanted Book pour 9,500.00β sur survie_new
[13:06:24] [ITEM_CANCELLED]: Efysio annule la vente de 1x Enchanted Book pour 9,500.00β sur survie_new
[13:06:24] [ITEM_CANCELLED]: Efysio annule la vente de 1x Enchanted Book pour 9,500.00β sur survie_new
[13:06:25] [ITEM_CANCELLED]: Efysio annule la vente de 1x Enchanted Book pour 9,500.00β sur survie_new
[13:06:25] [ITEM_CANCELLED]: Efysio annule la vente de 1x Enchanted Book pour 9,500.00β sur survie_new
[13:06:26] [ITEM_CANCELLED]: Efysio annule la vente de 1x Enchanted Book pour 9,500.00β sur survie_new
[13:06:27] [ITEM_CANCELLED]: Efysio annule la vente de 1x Enchanted Book pour 9,500.00β sur survie_new
[13:06:40] [ITEM_RETURNED]: 1 x Enchanted Book  renvoyé à Efysio le survie_new
[13:06:40] [ITEM_RETURNED]: 1 x Enchanted Book  renvoyé à Efysio le survie_new
[13:06:40] [ITEM_RETURNED]: 1 x Enchanted Book  renvoyé à Efysio le survie_new
[13:06:41] [ITEM_RETURNED]: 1 x Enchanted Book  renvoyé à Efysio le survie_new
[13:06:41] [ITEM_RETURNED]: 1 x Enchanted Book  renvoyé à Efysio le survie_new
[13:06:42] [ITEM_RETURNED]: 1 x Enchanted Book  renvoyé à Efysio le survie_new
[13:06:42] [ITEM_RETURNED]: 1 x Enchanted Book  renvoyé à Efysio le survie_new
[13:06:48] [ITEM_LISTED]: Efysio vend 1 x Enchanted Book  pour 9,200.00β sur survie_new
[13:06:51] [ITEM_LISTED]: Efysio vend 1 x Enchanted Book  pour 9,200.00β sur survie_new
[13:06:53] [ITEM_LISTED]: Efysio vend 1 x Enchanted Book  pour 9,200.00β sur survie_new
[13:06:54] [ITEM_LISTED]: Efysio vend 1 x Enchanted Book  pour 9,200.00β sur survie_new
[13:06:58] [ITEM_LISTED]: Efysio vend 1 x Enchanted Book  pour 9,200.00β sur survie_new
[13:06:59] [ITEM_LISTED]: Efysio vend 1 x Enchanted Book  pour 9,200.00β sur survie_new
[13:07:02] [ITEM_LISTED]: Efysio vend 1 x Enchanted Book  pour 9,200.00β sur survie_new
[13:45:02] [ITEM_CANCELLED]: CouzVeBaton annule la vente de 1x Shulker Box pour 1,500.00β sur survie_new
[13:45:03] [ITEM_CANCELLED]: CouzVeBaton annule la vente de 1x Shulker Box pour 1,500.00β sur survie_new
[13:45:03] [ITEM_CANCELLED]: CouzVeBaton annule la vente de 1x Shulker Box pour 1,500.00β sur survie_new
[13:45:03] [ITEM_CANCELLED]: CouzVeBaton annule la vente de 1x Shulker Box pour 1,500.00β sur survie_new
[13:45:04] [ITEM_CANCELLED]: CouzVeBaton annule la vente de 1x Shulker Box pour 1,500.00β sur survie_new
[13:45:04] [ITEM_CANCELLED]: CouzVeBaton annule la vente de 1x Shulker Box pour 1,500.00β sur survie_new
[13:45:04] [ITEM_CANCELLED]: CouzVeBaton annule la vente de 1x Shulker Box pour 1,500.00β sur survie_new
[13:45:05] [ITEM_CANCELLED]: CouzVeBaton annule la vente de 1x Shulker Box pour 1,500.00β sur survie_new
[13:45:05] [ITEM_CANCELLED]: CouzVeBaton annule la vente de 1x Shulker Box pour 1,500.00β sur survie_new
[13:45:05] [ITEM_CANCELLED]: CouzVeBaton annule la vente de 1x Shulker Box pour 1,500.00β sur survie_new
[13:45:06] [ITEM_CANCELLED]: CouzVeBaton annule la vente de 1x Shulker Box pour 1,500.00β sur survie_new
[13:45:12] [ITEM_CANCELLED]: CouzVeBaton annule la vente de 1x Shulker Box pour 1,500.00β sur survie_new
[13:45:12] [ITEM_CANCELLED]: CouzVeBaton annule la vente de 1x Shulker Box pour 1,500.00β sur survie_new
[13:45:12] [ITEM_CANCELLED]: CouzVeBaton annule la vente de 1x Shulker Box pour 1,500.00β sur survie_new
[13:45:13] [ITEM_CANCELLED]: CouzVeBaton annule la vente de 1x Shulker Box pour 1,500.00β sur survie_new
[13:45:13] [ITEM_CANCELLED]: CouzVeBaton annule la vente de 1x Shulker Box pour 1,500.00β sur survie_new
[13:45:13] [ITEM_CANCELLED]: CouzVeBaton annule la vente de 1x Shulker Box pour 1,500.00β sur survie_new
[13:45:13] [ITEM_CANCELLED]: CouzVeBaton annule la vente de 1x Shulker Box pour 1,500.00β sur survie_new
[13:45:13] [ITEM_CANCELLED]: CouzVeBaton annule la vente de 1x Shulker Box pour 1,500.00β sur survie_new
[13:45:13] [ITEM_CANCELLED]: CouzVeBaton annule la vente de 1x Shulker Box pour 1,500.00β sur survie_new
[13:45:14] [ITEM_CANCELLED]: CouzVeBaton annule la vente de 1x Shulker Box pour 1,500.00β sur survie_new
[13:45:14] [ITEM_CANCELLED]: CouzVeBaton annule la vente de 1x Shulker Box pour 1,500.00β sur survie_new
[13:45:14] [ITEM_CANCELLED]: CouzVeBaton annule la vente de 1x Shulker Box pour 1,500.00β sur survie_new
[13:45:14] [ITEM_CANCELLED]: CouzVeBaton annule la vente de 1x Shulker Box pour 1,500.00β sur survie_new
[13:45:15] [ITEM_CANCELLED]: CouzVeBaton annule la vente de 1x Shulker Box pour 1,500.00β sur survie_new
[13:45:15] [ITEM_CANCELLED]: CouzVeBaton annule la vente de 1x Shulker Box pour 1,500.00β sur survie_new
[13:45:15] [ITEM_CANCELLED]: CouzVeBaton annule la vente de 1x Shulker Box pour 1,500.00β sur survie_new
[13:45:15] [ITEM_CANCELLED]: CouzVeBaton annule la vente de 1x Shulker Box pour 1,500.00β sur survie_new
[13:45:16] [ITEM_CANCELLED]: CouzVeBaton annule la vente de 1x Shulker Box pour 1,500.00β sur survie_new
[13:45:16] [ITEM_CANCELLED]: CouzVeBaton annule la vente de 1x Shulker Box pour 1,500.00β sur survie_new
[13:45:17] [ITEM_CANCELLED]: CouzVeBaton annule la vente de 1x Shulker Box pour 1,500.00β sur survie_new
[13:45:17] [ITEM_CANCELLED]: CouzVeBaton annule la vente de 1x Shulker Box pour 1,500.00β sur survie_new
[13:45:17] [ITEM_CANCELLED]: CouzVeBaton annule la vente de 1x Shulker Box pour 1,500.00β sur survie_new
[13:45:17] [ITEM_CANCELLED]: CouzVeBaton annule la vente de 1x Shulker Box pour 1,500.00β sur survie_new
[13:45:17] [ITEM_CANCELLED]: CouzVeBaton annule la vente de 1x Shulker Box pour 1,500.00β sur survie_new
[13:45:18] [ITEM_CANCELLED]: CouzVeBaton annule la vente de 1x Shulker Box pour 1,500.00β sur survie_new
[13:45:18] [ITEM_CANCELLED]: CouzVeBaton annule la vente de 1x Shulker Box pour 1,500.00β sur survie_new
[13:45:18] [ITEM_CANCELLED]: CouzVeBaton annule la vente de 1x Shulker Box pour 1,500.00β sur survie_new
[13:45:18] [ITEM_CANCELLED]: CouzVeBaton annule la vente de 1x Shulker Box pour 1,500.00β sur survie_new
[13:45:18] [ITEM_CANCELLED]: CouzVeBaton annule la vente de 1x Shulker Box pour 1,500.00β sur survie_new
[13:45:18] [ITEM_CANCELLED]: CouzVeBaton annule la vente de 1x Shulker Box pour 1,500.00β sur survie_new
[13:45:19] [ITEM_CANCELLED]: CouzVeBaton annule la vente de 1x Shulker Box pour 1,500.00β sur survie_new
[13:45:19] [ITEM_CANCELLED]: CouzVeBaton annule la vente de 1x Shulker Box pour 1,500.00β sur survie_new
[13:45:19] [ITEM_CANCELLED]: CouzVeBaton annule la vente de 1x Shulker Box pour 1,500.00β sur survie_new
[13:45:19] [ITEM_CANCELLED]: CouzVeBaton annule la vente de 1x Shulker Box pour 1,500.00β sur survie_new
[13:45:19] [ITEM_CANCELLED]: CouzVeBaton annule la vente de 1x Shulker Box pour 1,500.00β sur survie_new
[13:45:20] [ITEM_CANCELLED]: CouzVeBaton annule la vente de 1x Shulker Box pour 1,500.00β sur survie_new
[13:45:20] [ITEM_CANCELLED]: CouzVeBaton annule la vente de 1x Shulker Box pour 1,500.00β sur survie_new
[13:45:20] [ITEM_CANCELLED]: CouzVeBaton annule la vente de 1x Shulker Box pour 1,500.00β sur survie_new
[13:45:20] [ITEM_CANCELLED]: CouzVeBaton annule la vente de 1x Shulker Box pour 1,500.00β sur survie_new
[13:45:20] [ITEM_CANCELLED]: CouzVeBaton annule la vente de 1x Shulker Box pour 1,500.00β sur survie_new
[13:45:21] [ITEM_CANCELLED]: CouzVeBaton annule la vente de 1x Shulker Box pour 1,500.00β sur survie_new
[13:45:21] [ITEM_CANCELLED]: CouzVeBaton annule la vente de 1x Shulker Box pour 1,500.00β sur survie_new
[13:45:21] [ITEM_CANCELLED]: CouzVeBaton annule la vente de 1x Shulker Box pour 1,500.00β sur survie_new
[13:45:21] [ITEM_CANCELLED]: CouzVeBaton annule la vente de 1x Shulker Box pour 1,500.00β sur survie_new
[13:45:21] [ITEM_CANCELLED]: CouzVeBaton annule la vente de 1x Shulker Box pour 1,500.00β sur survie_new
[13:45:22] [ITEM_CANCELLED]: CouzVeBaton annule la vente de 1x Shulker Box pour 1,500.00β sur survie_new
[13:45:22] [ITEM_CANCELLED]: CouzVeBaton annule la vente de 1x Shulker Box pour 1,500.00β sur survie_new
[13:45:22] [ITEM_CANCELLED]: CouzVeBaton annule la vente de 1x Shulker Box pour 1,500.00β sur survie_new
[13:45:22] [ITEM_CANCELLED]: CouzVeBaton annule la vente de 1x Shulker Box pour 1,500.00β sur survie_new
[13:45:22] [ITEM_CANCELLED]: CouzVeBaton annule la vente de 1x Shulker Box pour 1,500.00β sur survie_new
[13:45:23] [ITEM_CANCELLED]: CouzVeBaton annule la vente de 1x Shulker Box pour 1,500.00β sur survie_new
[13:45:23] [ITEM_CANCELLED]: CouzVeBaton annule la vente de 1x Shulker Box pour 1,500.00β sur survie_new
[13:45:24] [ITEM_CANCELLED]: CouzVeBaton annule la vente de 1x Shulker Box pour 1,500.00β sur survie_new
[13:45:24] [ITEM_CANCELLED]: CouzVeBaton annule la vente de 1x Shulker Box pour 1,500.00β sur survie_new
[13:45:25] [ITEM_CANCELLED]: CouzVeBaton annule la vente de 1x Shulker Box pour 1,500.00β sur survie_new
[13:45:25] [ITEM_CANCELLED]: CouzVeBaton annule la vente de 1x Shulker Box pour 1,500.00β sur survie_new
[13:45:25] [ITEM_CANCELLED]: CouzVeBaton annule la vente de 1x Shulker Box pour 1,500.00β sur survie_new
[13:45:26] [ITEM_CANCELLED]: CouzVeBaton annule la vente de 1x Shulker Box pour 1,500.00β sur survie_new
[13:45:26] [ITEM_CANCELLED]: CouzVeBaton annule la vente de 1x Shulker Box pour 1,500.00β sur survie_new
[13:45:26] [ITEM_CANCELLED]: CouzVeBaton annule la vente de 1x Shulker Box pour 1,500.00β sur survie_new
[13:45:27] [ITEM_CANCELLED]: CouzVeBaton annule la vente de 1x Shulker Box pour 1,500.00β sur survie_new
[13:45:27] [ITEM_CANCELLED]: CouzVeBaton annule la vente de 1x Shulker Box pour 1,500.00β sur survie_new
[13:45:27] [ITEM_CANCELLED]: CouzVeBaton annule la vente de 1x Shulker Box pour 1,500.00β sur survie_new
[13:45:27] [ITEM_CANCELLED]: CouzVeBaton annule la vente de 1x Shulker Box pour 1,500.00β sur survie_new
[13:45:28] [ITEM_CANCELLED]: CouzVeBaton annule la vente de 1x Shulker Box pour 1,500.00β sur survie_new
[13:45:28] [ITEM_CANCELLED]: CouzVeBaton annule la vente de 1x Shulker Box pour 1,500.00β sur survie_new
[13:45:28] [ITEM_CANCELLED]: CouzVeBaton annule la vente de 1x Shulker Box pour 1,500.00β sur survie_new
[13:45:29] [ITEM_CANCELLED]: CouzVeBaton annule la vente de 1x Shulker Box pour 1,500.00β sur survie_new
[13:45:29] [ITEM_CANCELLED]: CouzVeBaton annule la vente de 1x Shulker Box pour 1,500.00β sur survie_new
[13:45:29] [ITEM_CANCELLED]: CouzVeBaton annule la vente de 1x Shulker Box pour 1,500.00β sur survie_new
[13:45:29] [ITEM_CANCELLED]: CouzVeBaton annule la vente de 1x Shulker Box pour 1,500.00β sur survie_new
[13:45:30] [ITEM_CANCELLED]: CouzVeBaton annule la vente de 1x Shulker Box pour 1,500.00β sur survie_new
[13:45:30] [ITEM_CANCELLED]: CouzVeBaton annule la vente de 1x Shulker Box pour 1,500.00β sur survie_new
[13:45:30] [ITEM_CANCELLED]: CouzVeBaton annule la vente de 1x Shulker Box pour 1,500.00β sur survie_new
[13:45:31] [ITEM_CANCELLED]: CouzVeBaton annule la vente de 1x Shulker Box pour 1,500.00β sur survie_new
[13:45:31] [ITEM_CANCELLED]: CouzVeBaton annule la vente de 1x Shulker Box pour 1,500.00β sur survie_new
[13:45:32] [ITEM_CANCELLED]: CouzVeBaton annule la vente de 1x Shulker Box pour 1,500.00β sur survie_new
[13:45:33] [ITEM_CANCELLED]: CouzVeBaton annule la vente de 1x Shulker Box pour 1,500.00β sur survie_new
[13:45:34] [ITEM_CANCELLED]: CouzVeBaton annule la vente de 1x Shulker Box pour 1,500.00β sur survie_new
[15:07:51] [ITEM_LISTED]: MrNefrax vend 1 x Bee Nest  pour 400.00β sur survie_new
[15:07:55] [ITEM_LISTED]: MrNefrax vend 1 x Bee Nest  pour 400.00β sur survie_new
[15:15:40] [ITEM_LISTED]: MrNefrax vend 24 x Melon  pour 199.00β sur survie_new
[16:24:14] [ITEM_SOLD]: Efysio vendu 1 x Elytra à  [Mending, Unbreaking III] Luky123413 pour 40,000.00 β le survie_new
[18:18:02] [ITEM_SOLD]: MrNefrax vendu 1 x Bee Nest à  blazou38 pour 400.00 β le survie_new
[18:18:03] [ITEM_SOLD]: MrNefrax vendu 1 x Bee Nest à  blazou38 pour 400.00 β le survie_new
[18:18:04] [ITEM_SOLD]: Karazhar vendu 1 x Bee Nest à  blazou38 pour 500.00 β le survie_new
[18:18:05] [ITEM_SOLD]: Karazhar vendu 1 x Bee Nest à  blazou38 pour 500.00 β le survie_new
[18:18:06] [ITEM_SOLD]: Karazhar vendu 1 x Bee Nest à  blazou38 pour 500.00 β le survie_new
[18:18:07] [ITEM_SOLD]: Karazhar vendu 1 x Bee Nest à  blazou38 pour 500.00 β le survie_new
[18:20:45] [ITEM_CANCELLED]: GoldenFarmers annule la vente de 1x Dragon Head pour 12,000.00β sur survie_new
[18:20:46] [ITEM_CANCELLED]: GoldenFarmers annule la vente de 1x Dragon Head pour 12,000.00β sur survie_new
[18:20:48] [ITEM_CANCELLED]: GoldenFarmers annule la vente de 1x Elytra pour 20,000.00β sur survie_new
[18:20:49] [ITEM_CANCELLED]: GoldenFarmers annule la vente de 1x Elytra pour 18,000.00β sur survie_new
[18:21:02] [ITEM_RETURNED]: 1 x Elytra  renvoyé à GoldenFarmers le survie_new
[18:21:03] [ITEM_RETURNED]: 1 x Elytra  renvoyé à GoldenFarmers le survie_new
[18:21:03] [ITEM_RETURNED]: 1 x Dragon Head  renvoyé à GoldenFarmers le survie_new
[18:21:03] [ITEM_RETURNED]: 1 x Dragon Head  renvoyé à GoldenFarmers le survie_new
[18:21:03] [ITEM_CANCELLED]: GoldenFarmers annule la vente de 1x Enchanted Book pour 12,000.00β sur survie_new
[18:26:50] [ITEM_LISTED]: samdec666 vend 64 x Oak Log  pour 200.00β sur survie_new
[18:26:51] [ITEM_LISTED]: samdec666 vend 64 x Jungle Log  pour 200.00β sur survie_new
[18:26:53] [ITEM_LISTED]: samdec666 vend 64 x Jungle Log  pour 200.00β sur survie_new
[18:26:54] [ITEM_LISTED]: samdec666 vend 64 x Oak Log  pour 200.00β sur survie_new
[18:26:56] [ITEM_LISTED]: samdec666 vend 46 x Oak Log  pour 200.00β sur survie_new
[18:26:57] [ITEM_LISTED]: samdec666 vend 64 x Oak Log  pour 200.00β sur survie_new
[18:26:59] [ITEM_LISTED]: samdec666 vend 64 x Jungle Log  pour 200.00β sur survie_new
[18:27:00] [ITEM_LISTED]: samdec666 vend 64 x Oak Log  pour 200.00β sur survie_new
[18:34:14] [ITEM_SOLD]: samdec666 vendu 64 x Oak Log à  GoldenFarmers pour 200.00 β le survie_new
[18:34:15] [ITEM_SOLD]: samdec666 vendu 64 x Oak Log à  GoldenFarmers pour 200.00 β le survie_new
[18:34:16] [ITEM_SOLD]: samdec666 vendu 46 x Oak Log à  GoldenFarmers pour 200.00 β le survie_new
[18:34:17] [ITEM_SOLD]: samdec666 vendu 46 x Oak Log à  GoldenFarmers pour 200.00 β le survie_new
[18:34:18] [ITEM_SOLD]: samdec666 vendu 64 x Jungle Log à  GoldenFarmers pour 200.00 β le survie_new
[18:34:19] [ITEM_SOLD]: samdec666 vendu 64 x Jungle Log à  GoldenFarmers pour 200.00 β le survie_new
[18:34:21] [ITEM_SOLD]: samdec666 vendu 46 x Oak Log à  GoldenFarmers pour 200.00 β le survie_new
[18:34:22] [ITEM_SOLD]: samdec666 vendu 64 x Jungle Log à  GoldenFarmers pour 200.00 β le survie_new
[18:41:48] [ITEM_LISTED]: CouzVeBaton vend 1 x Shulker Box  pour 1,500.00β sur survie_new
[18:41:49] [ITEM_LISTED]: CouzVeBaton vend 1 x Shulker Box  pour 1,500.00β sur survie_new
[18:41:50] [ITEM_LISTED]: CouzVeBaton vend 1 x Shulker Box  pour 1,500.00β sur survie_new
[18:41:51] [ITEM_LISTED]: CouzVeBaton vend 1 x Shulker Box  pour 1,500.00β sur survie_new
[18:41:51] [ITEM_LISTED]: CouzVeBaton vend 1 x Shulker Box  pour 1,500.00β sur survie_new
[18:41:52] [ITEM_LISTED]: CouzVeBaton vend 1 x Shulker Box  pour 1,500.00β sur survie_new
[18:41:53] [ITEM_LISTED]: CouzVeBaton vend 1 x Shulker Box  pour 1,500.00β sur survie_new
[18:41:54] [ITEM_LISTED]: CouzVeBaton vend 1 x Shulker Box  pour 1,500.00β sur survie_new
[18:41:55] [ITEM_LISTED]: CouzVeBaton vend 1 x Shulker Box  pour 1,500.00β sur survie_new
[18:42:01] [ITEM_LISTED]: CouzVeBaton vend 1 x Shulker Box  pour 1,500.00β sur survie_new
[18:42:02] [ITEM_LISTED]: CouzVeBaton vend 1 x Shulker Box  pour 1,500.00β sur survie_new
[18:42:03] [ITEM_LISTED]: CouzVeBaton vend 1 x Shulker Box  pour 1,500.00β sur survie_new
[18:42:04] [ITEM_LISTED]: CouzVeBaton vend 1 x Shulker Box  pour 1,500.00β sur survie_new
[18:42:04] [ITEM_LISTED]: CouzVeBaton vend 1 x Shulker Box  pour 1,500.00β sur survie_new
[18:42:05] [ITEM_LISTED]: CouzVeBaton vend 1 x Shulker Box  pour 1,500.00β sur survie_new
[18:42:06] [ITEM_LISTED]: CouzVeBaton vend 1 x Shulker Box  pour 1,500.00β sur survie_new
[18:42:07] [ITEM_LISTED]: CouzVeBaton vend 1 x Shulker Box  pour 1,500.00β sur survie_new
[18:42:08] [ITEM_LISTED]: CouzVeBaton vend 1 x Shulker Box  pour 1,500.00β sur survie_new
[18:42:14] [ITEM_LISTED]: CouzVeBaton vend 1 x Shulker Box  pour 1,500.00β sur survie_new
[18:42:14] [ITEM_LISTED]: CouzVeBaton vend 1 x Shulker Box  pour 1,500.00β sur survie_new
[18:42:15] [ITEM_LISTED]: CouzVeBaton vend 1 x Shulker Box  pour 1,500.00β sur survie_new
[18:42:17] [ITEM_LISTED]: CouzVeBaton vend 1 x Shulker Box  pour 1,500.00β sur survie_new
[18:42:18] [ITEM_LISTED]: CouzVeBaton vend 1 x Shulker Box  pour 1,500.00β sur survie_new
[18:42:19] [ITEM_LISTED]: CouzVeBaton vend 1 x Shulker Box  pour 1,500.00β sur survie_new
[18:42:21] [ITEM_LISTED]: CouzVeBaton vend 1 x Shulker Box  pour 1,500.00β sur survie_new
[18:42:22] [ITEM_LISTED]: CouzVeBaton vend 1 x Shulker Box  pour 1,500.00β sur survie_new
[18:42:23] [ITEM_LISTED]: CouzVeBaton vend 1 x Shulker Box  pour 1,500.00β sur survie_new
[18:42:26] [ITEM_LISTED]: CouzVeBaton vend 1 x Shulker Box  pour 1,500.00β sur survie_new
[18:44:54] [ITEM_RETURNED]: 1 x Shulker Box  renvoyé à CouzVeBaton le survie_new
[18:44:54] [ITEM_RETURNED]: 1 x Shulker Box  renvoyé à CouzVeBaton le survie_new
[18:44:55] [ITEM_RETURNED]: 1 x Shulker Box  renvoyé à CouzVeBaton le survie_new
[18:44:55] [ITEM_RETURNED]: 1 x Shulker Box  renvoyé à CouzVeBaton le survie_new
[18:44:55] [ITEM_RETURNED]: 1 x Shulker Box  renvoyé à CouzVeBaton le survie_new
[18:44:55] [ITEM_RETURNED]: 1 x Shulker Box  renvoyé à CouzVeBaton le survie_new
[18:44:55] [ITEM_RETURNED]: 1 x Shulker Box  renvoyé à CouzVeBaton le survie_new
[18:44:56] [ITEM_RETURNED]: 1 x Shulker Box  renvoyé à CouzVeBaton le survie_new
[18:44:56] [ITEM_RETURNED]: 1 x Shulker Box  renvoyé à CouzVeBaton le survie_new
[18:44:56] [ITEM_RETURNED]: 1 x Shulker Box  renvoyé à CouzVeBaton le survie_new
[18:44:56] [ITEM_RETURNED]: 1 x Shulker Box  renvoyé à CouzVeBaton le survie_new
[18:44:56] [ITEM_RETURNED]: 1 x Shulker Box  renvoyé à CouzVeBaton le survie_new
[18:44:56] [ITEM_RETURNED]: 1 x Shulker Box  renvoyé à CouzVeBaton le survie_new
[18:44:56] [ITEM_RETURNED]: 1 x Shulker Box  renvoyé à CouzVeBaton le survie_new
[18:44:56] [ITEM_RETURNED]: 1 x Shulker Box  renvoyé à CouzVeBaton le survie_new
[18:44:56] [ITEM_RETURNED]: 1 x Shulker Box  renvoyé à CouzVeBaton le survie_new
[18:44:56] [ITEM_RETURNED]: 1 x Shulker Box  renvoyé à CouzVeBaton le survie_new
[18:44:56] [ITEM_RETURNED]: 1 x Shulker Box  renvoyé à CouzVeBaton le survie_new
[18:44:56] [ITEM_RETURNED]: 1 x Shulker Box  renvoyé à CouzVeBaton le survie_new
[18:44:56] [ITEM_RETURNED]: 1 x Shulker Box  renvoyé à CouzVeBaton le survie_new
[18:44:56] [ITEM_RETURNED]: 1 x Shulker Box  renvoyé à CouzVeBaton le survie_new
[18:44:56] [ITEM_RETURNED]: 1 x Shulker Box  renvoyé à CouzVeBaton le survie_new
[18:44:56] [ITEM_RETURNED]: 1 x Shulker Box  renvoyé à CouzVeBaton le survie_new
[18:44:57] [ITEM_RETURNED]: 1 x Shulker Box  renvoyé à CouzVeBaton le survie_new
[18:44:57] [ITEM_RETURNED]: 1 x Shulker Box  renvoyé à CouzVeBaton le survie_new
[18:44:57] [ITEM_RETURNED]: 1 x Shulker Box  renvoyé à CouzVeBaton le survie_new
[18:44:57] [ITEM_RETURNED]: 1 x Shulker Box  renvoyé à CouzVeBaton le survie_new
[18:45:01] [ITEM_LISTED]: CouzVeBaton vend 1 x Shulker Box  pour 1,500.00β sur survie_new
[18:45:02] [ITEM_LISTED]: CouzVeBaton vend 1 x Shulker Box  pour 1,500.00β sur survie_new
[18:45:03] [ITEM_LISTED]: CouzVeBaton vend 1 x Shulker Box  pour 1,500.00β sur survie_new
[18:45:04] [ITEM_LISTED]: CouzVeBaton vend 1 x Shulker Box  pour 1,500.00β sur survie_new
[18:45:05] [ITEM_LISTED]: CouzVeBaton vend 1 x Shulker Box  pour 1,500.00β sur survie_new
[18:45:06] [ITEM_LISTED]: CouzVeBaton vend 1 x Shulker Box  pour 1,500.00β sur survie_new
[18:45:07] [ITEM_LISTED]: CouzVeBaton vend 1 x Shulker Box  pour 1,500.00β sur survie_new
[18:45:07] [ITEM_LISTED]: CouzVeBaton vend 1 x Shulker Box  pour 1,500.00β sur survie_new
[18:45:08] [ITEM_LISTED]: CouzVeBaton vend 1 x Shulker Box  pour 1,500.00β sur survie_new
[18:45:13] [ITEM_LISTED]: CouzVeBaton vend 1 x Shulker Box  pour 1,500.00β sur survie_new
[18:45:14] [ITEM_LISTED]: CouzVeBaton vend 1 x Shulker Box  pour 1,500.00β sur survie_new
[18:45:15] [ITEM_LISTED]: CouzVeBaton vend 1 x Shulker Box  pour 1,500.00β sur survie_new
[18:45:16] [ITEM_LISTED]: CouzVeBaton vend 1 x Shulker Box  pour 1,500.00β sur survie_new
[18:45:17] [ITEM_LISTED]: CouzVeBaton vend 1 x Shulker Box  pour 1,500.00β sur survie_new
[18:45:18] [ITEM_LISTED]: CouzVeBaton vend 1 x Shulker Box  pour 1,500.00β sur survie_new
[18:45:19] [ITEM_LISTED]: CouzVeBaton vend 1 x Shulker Box  pour 1,500.00β sur survie_new
[18:45:20] [ITEM_LISTED]: CouzVeBaton vend 1 x Shulker Box  pour 1,500.00β sur survie_new
[18:45:22] [ITEM_LISTED]: CouzVeBaton vend 1 x Shulker Box  pour 1,500.00β sur survie_new
[18:45:26] [ITEM_LISTED]: CouzVeBaton vend 1 x Shulker Box  pour 1,500.00β sur survie_new
[18:45:27] [ITEM_LISTED]: CouzVeBaton vend 1 x Shulker Box  pour 1,500.00β sur survie_new
[18:45:27] [ITEM_LISTED]: CouzVeBaton vend 1 x Shulker Box  pour 1,500.00β sur survie_new
[18:45:28] [ITEM_LISTED]: CouzVeBaton vend 1 x Shulker Box  pour 1,500.00β sur survie_new
[18:45:29] [ITEM_LISTED]: CouzVeBaton vend 1 x Shulker Box  pour 1,500.00β sur survie_new
[18:45:31] [ITEM_LISTED]: CouzVeBaton vend 1 x Shulker Box  pour 1,500.00β sur survie_new
[18:45:32] [ITEM_LISTED]: CouzVeBaton vend 1 x Shulker Box  pour 1,500.00β sur survie_new
[18:45:34] [ITEM_LISTED]: CouzVeBaton vend 1 x Shulker Box  pour 1,500.00β sur survie_new
[18:45:35] [ITEM_LISTED]: CouzVeBaton vend 1 x Shulker Box  pour 1,500.00β sur survie_new
[18:45:49] [ITEM_RETURNED]: 1 x Shulker Box  renvoyé à CouzVeBaton le survie_new
[18:45:49] [ITEM_RETURNED]: 1 x Shulker Box  renvoyé à CouzVeBaton le survie_new
[18:45:49] [ITEM_RETURNED]: 1 x Shulker Box  renvoyé à CouzVeBaton le survie_new
[18:45:49] [ITEM_RETURNED]: 1 x Shulker Box  renvoyé à CouzVeBaton le survie_new
[18:45:49] [ITEM_RETURNED]: 1 x Shulker Box  renvoyé à CouzVeBaton le survie_new
[18:45:49] [ITEM_RETURNED]: 1 x Shulker Box  renvoyé à CouzVeBaton le survie_new
[18:45:49] [ITEM_RETURNED]: 1 x Shulker Box  renvoyé à CouzVeBaton le survie_new
[18:45:49] [ITEM_RETURNED]: 1 x Shulker Box  renvoyé à CouzVeBaton le survie_new
[18:45:49] [ITEM_RETURNED]: 1 x Shulker Box  renvoyé à CouzVeBaton le survie_new
[18:45:49] [ITEM_RETURNED]: 1 x Shulker Box  renvoyé à CouzVeBaton le survie_new
[18:45:49] [ITEM_RETURNED]: 1 x Shulker Box  renvoyé à CouzVeBaton le survie_new
[18:45:49] [ITEM_RETURNED]: 1 x Shulker Box  renvoyé à CouzVeBaton le survie_new
[18:45:49] [ITEM_RETURNED]: 1 x Shulker Box  renvoyé à CouzVeBaton le survie_new
[18:45:49] [ITEM_RETURNED]: 1 x Shulker Box  renvoyé à CouzVeBaton le survie_new
[18:45:49] [ITEM_RETURNED]: 1 x Shulker Box  renvoyé à CouzVeBaton le survie_new
[18:45:49] [ITEM_RETURNED]: 1 x Shulker Box  renvoyé à CouzVeBaton le survie_new
[18:45:49] [ITEM_RETURNED]: 1 x Shulker Box  renvoyé à CouzVeBaton le survie_new
[18:45:50] [ITEM_RETURNED]: 1 x Shulker Box  renvoyé à CouzVeBaton le survie_new
[18:45:50] [ITEM_RETURNED]: 1 x Shulker Box  renvoyé à CouzVeBaton le survie_new
[18:45:50] [ITEM_RETURNED]: 1 x Shulker Box  renvoyé à CouzVeBaton le survie_new
[18:45:50] [ITEM_RETURNED]: 1 x Shulker Box  renvoyé à CouzVeBaton le survie_new
[18:45:50] [ITEM_RETURNED]: 1 x Shulker Box  renvoyé à CouzVeBaton le survie_new
[18:45:50] [ITEM_RETURNED]: 1 x Shulker Box  renvoyé à CouzVeBaton le survie_new
[18:45:50] [ITEM_RETURNED]: 1 x Shulker Box  renvoyé à CouzVeBaton le survie_new
[18:45:50] [ITEM_RETURNED]: 1 x Shulker Box  renvoyé à CouzVeBaton le survie_new
[18:45:50] [ITEM_RETURNED]: 1 x Shulker Box  renvoyé à CouzVeBaton le survie_new
[18:45:50] [ITEM_RETURNED]: 1 x Shulker Box  renvoyé à CouzVeBaton le survie_new
[18:45:53] [ITEM_LISTED]: CouzVeBaton vend 1 x Shulker Box  pour 1,500.00β sur survie_new
[18:45:54] [ITEM_LISTED]: CouzVeBaton vend 1 x Shulker Box  pour 1,500.00β sur survie_new
[18:45:55] [ITEM_LISTED]: CouzVeBaton vend 1 x Shulker Box  pour 1,500.00β sur survie_new
[18:45:55] [ITEM_LISTED]: CouzVeBaton vend 1 x Shulker Box  pour 1,500.00β sur survie_new
[18:45:56] [ITEM_LISTED]: CouzVeBaton vend 1 x Shulker Box  pour 1,500.00β sur survie_new
[18:45:57] [ITEM_LISTED]: CouzVeBaton vend 1 x Shulker Box  pour 1,500.00β sur survie_new
[18:45:58] [ITEM_LISTED]: CouzVeBaton vend 1 x Shulker Box  pour 1,500.00β sur survie_new
[18:45:59] [ITEM_LISTED]: CouzVeBaton vend 1 x Shulker Box  pour 1,500.00β sur survie_new
[18:46:00] [ITEM_LISTED]: CouzVeBaton vend 1 x Shulker Box  pour 1,500.00β sur survie_new
[18:46:04] [ITEM_LISTED]: CouzVeBaton vend 1 x Shulker Box  pour 1,500.00β sur survie_new
[18:46:05] [ITEM_LISTED]: CouzVeBaton vend 1 x Shulker Box  pour 1,500.00β sur survie_new
[18:46:06] [ITEM_LISTED]: CouzVeBaton vend 1 x Shulker Box  pour 1,500.00β sur survie_new
[18:46:07] [ITEM_LISTED]: CouzVeBaton vend 1 x Shulker Box  pour 1,500.00β sur survie_new
[18:46:08] [ITEM_LISTED]: CouzVeBaton vend 1 x Shulker Box  pour 1,500.00β sur survie_new
[18:46:24] [ITEM_LISTED]: CouzVeBaton vend 1 x Shulker Box  pour 1,500.00β sur survie_new
[18:46:24] [ITEM_LISTED]: CouzVeBaton vend 1 x Shulker Box  pour 1,500.00β sur survie_new
[18:46:25] [ITEM_LISTED]: CouzVeBaton vend 1 x Shulker Box  pour 1,500.00β sur survie_new
[18:46:26] [ITEM_LISTED]: CouzVeBaton vend 1 x Shulker Box  pour 1,500.00β sur survie_new
[18:46:31] [ITEM_LISTED]: CouzVeBaton vend 1 x Shulker Box  pour 1,500.00β sur survie_new
[18:46:31] [ITEM_LISTED]: CouzVeBaton vend 1 x Shulker Box  pour 1,500.00β sur survie_new
[18:46:32] [ITEM_LISTED]: CouzVeBaton vend 1 x Shulker Box  pour 1,500.00β sur survie_new
[18:46:33] [ITEM_LISTED]: CouzVeBaton vend 1 x Shulker Box  pour 1,500.00β sur survie_new
[18:46:34] [ITEM_LISTED]: CouzVeBaton vend 1 x Shulker Box  pour 1,500.00β sur survie_new
[18:46:35] [ITEM_LISTED]: CouzVeBaton vend 1 x Shulker Box  pour 1,500.00β sur survie_new
[18:46:36] [ITEM_LISTED]: CouzVeBaton vend 1 x Shulker Box  pour 1,500.00β sur survie_new
[18:46:36] [ITEM_LISTED]: CouzVeBaton vend 1 x Shulker Box  pour 1,500.00β sur survie_new
[18:46:38] [ITEM_LISTED]: CouzVeBaton vend 1 x Shulker Box  pour 1,500.00β sur survie_new
[18:46:44] [ITEM_RETURNED]: 1 x Shulker Box  renvoyé à CouzVeBaton le survie_new
[18:46:44] [ITEM_RETURNED]: 1 x Shulker Box  renvoyé à CouzVeBaton le survie_new
[18:46:44] [ITEM_RETURNED]: 1 x Shulker Box  renvoyé à CouzVeBaton le survie_new
[18:46:45] [ITEM_RETURNED]: 1 x Shulker Box  renvoyé à CouzVeBaton le survie_new
[18:46:45] [ITEM_RETURNED]: 1 x Shulker Box  renvoyé à CouzVeBaton le survie_new
[18:46:45] [ITEM_RETURNED]: 1 x Shulker Box  renvoyé à CouzVeBaton le survie_new
[18:46:45] [ITEM_RETURNED]: 1 x Shulker Box  renvoyé à CouzVeBaton le survie_new
[18:46:45] [ITEM_RETURNED]: 1 x Shulker Box  renvoyé à CouzVeBaton le survie_new
[18:46:45] [ITEM_RETURNED]: 1 x Shulker Box  renvoyé à CouzVeBaton le survie_new
[18:46:45] [ITEM_RETURNED]: 1 x Shulker Box  renvoyé à CouzVeBaton le survie_new
[18:46:45] [ITEM_RETURNED]: 1 x Shulker Box  renvoyé à CouzVeBaton le survie_new
[18:46:45] [ITEM_RETURNED]: 1 x Shulker Box  renvoyé à CouzVeBaton le survie_new
[18:46:45] [ITEM_RETURNED]: 1 x Shulker Box  renvoyé à CouzVeBaton le survie_new
[18:46:45] [ITEM_RETURNED]: 1 x Shulker Box  renvoyé à CouzVeBaton le survie_new
[18:46:45] [ITEM_RETURNED]: 1 x Shulker Box  renvoyé à CouzVeBaton le survie_new
[18:46:45] [ITEM_RETURNED]: 1 x Shulker Box  renvoyé à CouzVeBaton le survie_new
[18:46:45] [ITEM_RETURNED]: 1 x Shulker Box  renvoyé à CouzVeBaton le survie_new
[18:46:45] [ITEM_RETURNED]: 1 x Shulker Box  renvoyé à CouzVeBaton le survie_new
[18:46:46] [ITEM_RETURNED]: 1 x Shulker Box  renvoyé à CouzVeBaton le survie_new
[18:46:46] [ITEM_RETURNED]: 1 x Shulker Box  renvoyé à CouzVeBaton le survie_new
[18:46:46] [ITEM_RETURNED]: 1 x Shulker Box  renvoyé à CouzVeBaton le survie_new
[18:46:46] [ITEM_RETURNED]: 1 x Shulker Box  renvoyé à CouzVeBaton le survie_new
[18:46:46] [ITEM_RETURNED]: 1 x Shulker Box  renvoyé à CouzVeBaton le survie_new
[18:46:46] [ITEM_RETURNED]: 1 x Shulker Box  renvoyé à CouzVeBaton le survie_new
[18:46:46] [ITEM_RETURNED]: 1 x Shulker Box  renvoyé à CouzVeBaton le survie_new
[18:46:46] [ITEM_RETURNED]: 1 x Shulker Box  renvoyé à CouzVeBaton le survie_new
[18:46:46] [ITEM_RETURNED]: 1 x Shulker Box  renvoyé à CouzVeBaton le survie_new
[18:46:49] [ITEM_LISTED]: CouzVeBaton vend 1 x Shulker Box  pour 1,500.00β sur survie_new
[18:46:50] [ITEM_LISTED]: CouzVeBaton vend 1 x Shulker Box  pour 1,500.00β sur survie_new
[18:46:51] [ITEM_LISTED]: CouzVeBaton vend 1 x Shulker Box  pour 1,500.00β sur survie_new
[18:46:51] [ITEM_LISTED]: CouzVeBaton vend 1 x Shulker Box  pour 1,500.00β sur survie_new
[18:46:52] [ITEM_LISTED]: CouzVeBaton vend 1 x Shulker Box  pour 1,500.00β sur survie_new
[18:46:54] [ITEM_LISTED]: CouzVeBaton vend 1 x Shulker Box  pour 1,500.00β sur survie_new
[18:46:55] [ITEM_LISTED]: CouzVeBaton vend 1 x Shulker Box  pour 1,500.00β sur survie_new
[18:46:56] [ITEM_LISTED]: CouzVeBaton vend 1 x Shulker Box  pour 1,500.00β sur survie_new
[18:46:57] [ITEM_LISTED]: CouzVeBaton vend 1 x Shulker Box  pour 1,500.00β sur survie_new
[18:47:01] [ITEM_LISTED]: CouzVeBaton vend 1 x Shulker Box  pour 1,500.00β sur survie_new
[18:47:02] [ITEM_LISTED]: CouzVeBaton vend 1 x Shulker Box  pour 1,500.00β sur survie_new
[18:47:03] [ITEM_LISTED]: CouzVeBaton vend 1 x Shulker Box  pour 1,500.00β sur survie_new
[18:47:04] [ITEM_LISTED]: CouzVeBaton vend 1 x Shulker Box  pour 1,500.00β sur survie_new
[18:47:05] [ITEM_LISTED]: CouzVeBaton vend 1 x Shulker Box  pour 1,500.00β sur survie_new
[18:47:06] [ITEM_LISTED]: CouzVeBaton vend 1 x Shulker Box  pour 1,500.00β sur survie_new
[18:47:07] [ITEM_LISTED]: CouzVeBaton vend 1 x Shulker Box  pour 1,500.00β sur survie_new
[18:47:08] [ITEM_LISTED]: CouzVeBaton vend 1 x Shulker Box  pour 1,500.00β sur survie_new
[18:47:34] [ITEM_RETURNED]: 1 x Shulker Box  renvoyé à CouzVeBaton le survie_new
[18:47:34] [ITEM_RETURNED]: 1 x Shulker Box  renvoyé à CouzVeBaton le survie_new
[18:47:34] [ITEM_RETURNED]: 1 x Shulker Box  renvoyé à CouzVeBaton le survie_new
[18:47:34] [ITEM_RETURNED]: 1 x Shulker Box  renvoyé à CouzVeBaton le survie_new
[18:47:34] [ITEM_RETURNED]: 1 x Shulker Box  renvoyé à CouzVeBaton le survie_new
[18:47:34] [ITEM_RETURNED]: 1 x Shulker Box  renvoyé à CouzVeBaton le survie_new
[18:47:34] [ITEM_RETURNED]: 1 x Shulker Box  renvoyé à CouzVeBaton le survie_new
[18:47:34] [ITEM_RETURNED]: 1 x Shulker Box  renvoyé à CouzVeBaton le survie_new
[18:47:35] [ITEM_RETURNED]: 1 x Shulker Box  renvoyé à CouzVeBaton le survie_new
[18:51:13] [ITEM_SOLD]: cloclolepedalo vendu 11 x Oak Planks à  Natvolh24 pour 160.00 β le survie_new
[18:53:35] [ITEM_LISTED]: Lehnace vend 1 x §;§:Zombie Spawner 1x  pour 7,500.00β sur survie_new
[18:54:14] [ITEM_SOLD]: Lehnace vendu 1 x §;§:Zombie Spawner 1x à  AzodFR pour 7,500.00 β le survie_new
[18:55:58] [ITEM_LISTED]: samdec666 vend 64 x Jungle Log  pour 200.00β sur survie_new
[18:55:59] [ITEM_LISTED]: samdec666 vend 64 x Oak Log  pour 200.00β sur survie_new
[18:56:36] [ITEM_RETURNED]: 64 x Melon Seeds  renvoyé à Yohan81 le survie_new
[18:59:49] [ITEM_SOLD]: Efysio vendu 1 x Enchanted Book à  RobaingDeBoa pour 9,200.00 β le survie_new
[19:07:28] [ITEM_SOLD]: Efysio vendu 1 x Enchanted Book à  samdec666 pour 9,200.00 β le survie_new
[19:15:32] [ITEM_RETURNED]: 3 x Carrot  renvoyé à samdec666 le survie_new
[19:15:32] [ITEM_RETURNED]: 3 x Carrot  renvoyé à samdec666 le survie_new
[19:15:32] [ITEM_RETURNED]: 3 x Carrot  renvoyé à samdec666 le survie_new
[19:15:32] [ITEM_RETURNED]: 3 x Carrot  renvoyé à samdec666 le survie_new
[19:15:32] [ITEM_RETURNED]: 3 x Carrot  renvoyé à samdec666 le survie_new
[19:15:32] [ITEM_RETURNED]: 3 x Carrot  renvoyé à samdec666 le survie_new
[19:15:32] [ITEM_RETURNED]: 3 x Carrot  renvoyé à samdec666 le survie_new
[19:15:32] [ITEM_RETURNED]: 3 x Carrot  renvoyé à samdec666 le survie_new
[19:15:32] [ITEM_RETURNED]: 3 x Carrot  renvoyé à samdec666 le survie_new
[19:15:57] [ITEM_LISTED]: samdec666 vend 64 x Carrot  pour 2.00β sur survie_new
[19:15:59] [ITEM_LISTED]: samdec666 vend 64 x Carrot  pour 2.00β sur survie_new
[19:16:01] [ITEM_LISTED]: samdec666 vend 64 x Carrot  pour 2.00β sur survie_new
[19:16:05] [ITEM_LISTED]: samdec666 vend 64 x Carrot  pour 2.00β sur survie_new
[19:17:34] [ITEM_RETURNED]: 3 x Carrot  renvoyé à samdec666 le survie_new
[19:17:34] [ITEM_RETURNED]: 3 x Carrot  renvoyé à samdec666 le survie_new
[19:30:25] [ITEM_LISTED]: Bubu42 vend 1 x §;§:Spawner Zombie x1  pour 8,000.00β sur survie_new
[19:30:33] [ITEM_SOLD]: Bubu42 vendu 1 x §;§:Spawner Zombie x1 à  AzodFR pour 8,000.00 β le survie_new
[19:40:47] [ITEM_LISTED]: samdec666 vend 1 x Bow  [Flame, Power V, Unbreaking III] pour 5,000.00β sur survie_new
[19:50:40] [ITEM_SOLD]: samdec666 vendu 64 x Oak Log à  GoldenFarmers pour 200.00 β le survie_new
[19:50:42] [ITEM_SOLD]: samdec666 vendu 64 x Jungle Log à  GoldenFarmers pour 200.00 β le survie_new
[19:50:59] [ITEM_LISTED]: samdec666 vend 64 x Oak Log  pour 200.00β sur survie_new
[19:51:01] [ITEM_LISTED]: samdec666 vend 64 x Jungle Log  pour 200.00β sur survie_new
[19:51:03] [ITEM_LISTED]: samdec666 vend 64 x Jungle Log  pour 200.00β sur survie_new
[19:51:06] [ITEM_LISTED]: samdec666 vend 64 x Oak Log  pour 200.00β sur survie_new
[19:51:07] [ITEM_LISTED]: samdec666 vend 64 x Oak Log  pour 200.00β sur survie_new
[19:51:08] [ITEM_LISTED]: samdec666 vend 64 x Jungle Log  pour 200.00β sur survie_new
[19:59:31] [ITEM_SOLD]: samdec666 vendu 64 x Oak Log à  GoldenFarmers pour 200.00 β le survie_new
[19:59:32] [ITEM_SOLD]: samdec666 vendu 64 x Oak Log à  GoldenFarmers pour 200.00 β le survie_new
[19:59:33] [ITEM_SOLD]: samdec666 vendu 64 x Jungle Log à  GoldenFarmers pour 200.00 β le survie_new
[19:59:34] [ITEM_SOLD]: samdec666 vendu 64 x Jungle Log à  GoldenFarmers pour 200.00 β le survie_new
[19:59:35] [ITEM_SOLD]: samdec666 vendu 64 x Oak Log à  GoldenFarmers pour 200.00 β le survie_new
[19:59:36] [ITEM_SOLD]: samdec666 vendu 64 x Jungle Log à  GoldenFarmers pour 200.00 β le survie_new
[20:02:36] [ITEM_SOLD]: samdec666 vendu 64 x Carrot à  GoldenFarmers pour 2.00 β le survie_new
[20:02:37] [ITEM_SOLD]: samdec666 vendu 64 x Carrot à  GoldenFarmers pour 2.00 β le survie_new
[20:02:38] [ITEM_SOLD]: samdec666 vendu 64 x Carrot à  GoldenFarmers pour 2.00 β le survie_new
[20:02:40] [ITEM_SOLD]: samdec666 vendu 64 x Carrot à  GoldenFarmers pour 2.00 β le survie_new
[20:12:36] [ITEM_LISTED]: GoldenFarmers vend 1 x Potion  pour 200.00β sur survie_new
[20:32:06] [ITEM_LISTED]: Kanntin vend 1 x §;§:Skeleton Spawner 1x  pour 5,000.00β sur survie_new
[20:36:45] [ITEM_LISTED]: GoldenFarmers vend 5 x Rubis Radieux  pour 10,000.00β sur survie_new
[20:58:53] [ITEM_LISTED]: Efysio vend 2 x Name Tag  pour 600.00β sur survie_new
[20:59:16] [ITEM_SOLD]: Efysio vendu 2 x Name Tag à  Lacourgette pour 600.00 β le survie_new
[21:16:40] [ITEM_LISTED]: AzodFR vend 32 x Cooked Porkchop  pour 1.00β sur survie_new
[21:17:23] [ITEM_SOLD]: AzodFR vendu 32 x Cooked Porkchop à  Tarnuk pour 1.00 β le survie_new
[21:29:26] [ITEM_SOLD]: Janechoo27 vendu 63 x Arrow à  ketsumochi pour 40.00 β le survie_new
[21:29:29] [ITEM_SOLD]: LLIcocoman_Hrz vendu 63 x Arrow à  ketsumochi pour 50.00 β le survie_new
[22:03:13] [ITEM_LISTED]: Lehnace vend 5 x §;§:Cave spider Spawner 1x  pour 4,000.00β sur survie_new
[22:03:35] [ITEM_CANCELLED]: Lehnace annule la vente de 5x §;§:Cave spider Spawner 1x pour 4,000.00β sur survie_new
[22:03:51] [ITEM_RETURNED]: 5 x §;§:Cave spider Spawner 1x  renvoyé à Lehnace le survie_new
[22:04:10] [ITEM_LISTED]: Lehnace vend 5 x §;§:Cave spider Spawner 1x  pour 20,000.00β sur survie_new
[22:04:13] [ITEM_SOLD]: Lehnace vendu 5 x §;§:Cave spider Spawner 1x à  Ender_Shock pour 20,000.00 β le survie_new
[22:11:06] [ITEM_RETURNED]: 1 x Enchanted Book  renvoyé à GoldenFarmers le survie_new
[22:11:09] [ITEM_CANCELLED]: GoldenFarmers annule la vente de 1x Enchanted Book pour 12,000.00β sur survie_new
[22:11:09] [ITEM_CANCELLED]: GoldenFarmers annule la vente de 1x Enchanted Book pour 12,000.00β sur survie_new
[22:11:10] [ITEM_CANCELLED]: GoldenFarmers annule la vente de 1x Enchanted Book pour 12,000.00β sur survie_new
[22:11:10] [ITEM_CANCELLED]: GoldenFarmers annule la vente de 1x Enchanted Book pour 12,000.00β sur survie_new
[22:11:10] [ITEM_CANCELLED]: GoldenFarmers annule la vente de 1x Enchanted Book pour 12,000.00β sur survie_new
[22:11:10] [ITEM_CANCELLED]: GoldenFarmers annule la vente de 1x Enchanted Book pour 12,000.00β sur survie_new
[22:11:11] [ITEM_CANCELLED]: GoldenFarmers annule la vente de 1x Enchanted Book pour 12,000.00β sur survie_new
[22:11:11] [ITEM_CANCELLED]: GoldenFarmers annule la vente de 1x Enchanted Book pour 12,000.00β sur survie_new
[22:11:14] [ITEM_RETURNED]: 1 x Enchanted Book  renvoyé à GoldenFarmers le survie_new
[22:11:14] [ITEM_RETURNED]: 1 x Enchanted Book  renvoyé à GoldenFarmers le survie_new
[22:11:14] [ITEM_RETURNED]: 1 x Enchanted Book  renvoyé à GoldenFarmers le survie_new
[22:11:14] [ITEM_RETURNED]: 1 x Enchanted Book  renvoyé à GoldenFarmers le survie_new
[22:11:15] [ITEM_RETURNED]: 1 x Enchanted Book  renvoyé à GoldenFarmers le survie_new
[22:11:15] [ITEM_RETURNED]: 1 x Enchanted Book  renvoyé à GoldenFarmers le survie_new
[22:11:15] [ITEM_RETURNED]: 1 x Enchanted Book  renvoyé à GoldenFarmers le survie_new
[22:11:15] [ITEM_RETURNED]: 1 x Enchanted Book  renvoyé à GoldenFarmers le survie_new
[22:36:16] [ITEM_LISTED]: Ender_Shock vend 2 x §;§:Spawner Zombie x1  pour 15,000.00β sur survie_new
[22:36:29] [ITEM_SOLD]: Ender_Shock vendu 2 x §;§:Spawner Zombie x1 à  AzodFR pour 15,000.00 β le survie_new
[22:43:59] [ITEM_SOLD]: Kanntin vendu 1 x §;§:Skeleton Spawner 1x à  Christophe_ pour 5,000.00 β le survie_new
[22:48:44] [ITEM_LISTED]: GoldenFarmers vend 5 x Prismarine Shard  pour 75.00β sur survie_new
[22:49:39] [ITEM_SOLD]: GoldenFarmers vendu 5 x Prismarine Shard à  Ender_Shock pour 75.00 β le survie_new
[23:10:19] [ITEM_LISTED]: GoldenFarmers vend 4 x Sea Lantern  pour 1,000.00β sur survie_new
[23:10:20] [ITEM_LISTED]: GoldenFarmers vend 4 x Sea Lantern  pour 1,000.00β sur survie_new
[23:10:21] [ITEM_LISTED]: GoldenFarmers vend 4 x Sea Lantern  pour 1,000.00β sur survie_new
[23:10:22] [ITEM_LISTED]: GoldenFarmers vend 4 x Sea Lantern  pour 1,000.00β sur survie_new
[23:10:23] [ITEM_LISTED]: GoldenFarmers vend 4 x Sea Lantern  pour 1,000.00β sur survie_new
[23:10:33] [ITEM_LISTED]: GoldenFarmers vend 4 x Sea Lantern  pour 1,000.00β sur survie_new
[23:10:34] [ITEM_LISTED]: GoldenFarmers vend 4 x Sea Lantern  pour 1,000.00β sur survie_new
[23:10:35] [ITEM_LISTED]: GoldenFarmers vend 4 x Sea Lantern  pour 1,000.00β sur survie_new
[23:10:36] [ITEM_LISTED]: GoldenFarmers vend 4 x Sea Lantern  pour 1,000.00β sur survie_new
[23:10:37] [ITEM_LISTED]: GoldenFarmers vend 4 x Sea Lantern  pour 1,000.00β sur survie_new
[23:10:44] [ITEM_LISTED]: GoldenFarmers vend 4 x Sea Lantern  pour 1,000.00β sur survie_new
[23:10:45] [ITEM_LISTED]: GoldenFarmers vend 4 x Sea Lantern  pour 1,000.00β sur survie_new
[23:10:46] [ITEM_LISTED]: GoldenFarmers vend 4 x Sea Lantern  pour 1,000.00β sur survie_new
[23:10:54] [ITEM_LISTED]: GoldenFarmers vend 2 x Sea Lantern  pour 500.00β sur survie_new
[23:21:24] [ITEM_LISTED]: GoldenFarmers vend 5 x Prismarine Shard  pour 75.00β sur survie_new
[23:22:03] [ITEM_CANCELLED]: GoldenFarmers annule la vente de 4x Sea Lantern pour 1,000.00β sur survie_new
[23:22:07] [ITEM_CANCELLED]: GoldenFarmers annule la vente de 4x Sea Lantern pour 1,000.00β sur survie_new
[23:22:14] [ITEM_CANCELLED]: GoldenFarmers annule la vente de 4x Sea Lantern pour 1,000.00β sur survie_new
[23:22:22] [ITEM_CANCELLED]: GoldenFarmers annule la vente de 4x Sea Lantern pour 1,000.00β sur survie_new
[23:22:31] [ITEM_CANCELLED]: GoldenFarmers annule la vente de 4x Sea Lantern pour 1,000.00β sur survie_new
[23:22:33] [ITEM_RETURNED]: 4 x Sea Lantern  renvoyé à GoldenFarmers le survie_new
[23:22:34] [ITEM_RETURNED]: 4 x Sea Lantern  renvoyé à GoldenFarmers le survie_new
[23:22:34] [ITEM_RETURNED]: 4 x Sea Lantern  renvoyé à GoldenFarmers le survie_new
[23:22:34] [ITEM_RETURNED]: 4 x Sea Lantern  renvoyé à GoldenFarmers le survie_new
[23:22:35] [ITEM_RETURNED]: 4 x Sea Lantern  renvoyé à GoldenFarmers le survie_new
[23:23:03] [ITEM_LISTED]: GoldenFarmers vend 4 x Sea Lantern  pour 1,000.00β sur survie_new
[23:23:05] [ITEM_LISTED]: GoldenFarmers vend 4 x Sea Lantern  pour 1,000.00β sur survie_new
[23:23:05] [ITEM_LISTED]: GoldenFarmers vend 4 x Sea Lantern  pour 1,000.00β sur survie_new
[23:23:06] [ITEM_LISTED]: GoldenFarmers vend 4 x Sea Lantern  pour 1,000.00β sur survie_new
[23:23:07] [ITEM_LISTED]: GoldenFarmers vend 4 x Sea Lantern  pour 1,000.00β sur survie_new
