[00:03:14] [ITEM_LISTED]: Natvolh24 vend 1 x Bow  [Flame, Infinity, Power V, Punch II] pour 1,000.00β sur survie_new
[00:29:02] [ITEM_SOLD]: Alexia67710 vendu 64 x Quartz Block à  ianito pour 1,500.00 β le survie_new
[00:29:03] [ITEM_SOLD]: Alexia67710 vendu 64 x Quartz Block à  ianito pour 1,500.00 β le survie_new
[00:29:05] [ITEM_SOLD]: Alexia67710 vendu 64 x Quartz Block à  ianito pour 1,500.00 β le survie_new
[00:29:07] [ITEM_SOLD]: Alexia67710 vendu 64 x Quartz Block à  ianito pour 1,500.00 β le survie_new
[00:29:17] [ITEM_SOLD]: Alexia67710 vendu 64 x Quartz Block à  ianito pour 1,500.00 β le survie_new
[01:13:09] [ITEM_CANCELLED]: Karazhar annule la vente de 10x Brown Mushroom pour 2,000.00β sur survie_new
[01:13:10] [ITEM_CANCELLED]: Karazhar annule la vente de 10x Red Mushroom pour 2,000.00β sur survie_new
[01:13:12] [ITEM_RETURNED]: 10 x Brown Mushroom  renvoyé à Karazhar le survie_new
[01:13:12] [ITEM_RETURNED]: 10 x Red Mushroom  renvoyé à Karazhar le survie_new
[01:28:39] [ITEM_SOLD]: OfCourse vendu 1 x Enchanted Book à  Natvolh24 pour 10,000.00 β le survie_new
[01:43:41] [ITEM_CANCELLED]: GoldenFarmers annule la vente de 64x Blaze Rod pour 2,000.00β sur survie_new
[01:43:42] [ITEM_CANCELLED]: GoldenFarmers annule la vente de 64x Blaze Rod pour 1,000.00β sur survie_new
[01:43:42] [ITEM_CANCELLED]: GoldenFarmers annule la vente de 64x Blaze Rod pour 1,000.00β sur survie_new
[01:43:43] [ITEM_CANCELLED]: GoldenFarmers annule la vente de 64x Blaze Rod pour 2,000.00β sur survie_new
[01:43:43] [ITEM_CANCELLED]: GoldenFarmers annule la vente de 64x Blaze Rod pour 2,000.00β sur survie_new
[01:43:43] [ITEM_CANCELLED]: GoldenFarmers annule la vente de 64x Blaze Rod pour 2,000.00β sur survie_new
[01:43:43] [ITEM_CANCELLED]: GoldenFarmers annule la vente de 64x Blaze Rod pour 1,000.00β sur survie_new
[01:43:44] [ITEM_CANCELLED]: GoldenFarmers annule la vente de 64x Blaze Rod pour 1,000.00β sur survie_new
[01:43:44] [ITEM_CANCELLED]: GoldenFarmers annule la vente de 64x Blaze Rod pour 1,000.00β sur survie_new
[01:43:44] [ITEM_CANCELLED]: GoldenFarmers annule la vente de 64x Blaze Rod pour 600.00β sur survie_new
[01:43:46] [ITEM_CANCELLED]: GoldenFarmers annule la vente de 64x String pour 400.00β sur survie_new
[01:43:46] [ITEM_CANCELLED]: GoldenFarmers annule la vente de 64x String pour 400.00β sur survie_new
[01:43:47] [ITEM_CANCELLED]: GoldenFarmers annule la vente de 64x String pour 400.00β sur survie_new
[01:43:47] [ITEM_CANCELLED]: GoldenFarmers annule la vente de 64x String pour 1,000.00β sur survie_new
[01:43:47] [ITEM_CANCELLED]: GoldenFarmers annule la vente de 64x String pour 1,000.00β sur survie_new
[01:43:49] [ITEM_CANCELLED]: GoldenFarmers annule la vente de 64x Spider Eye pour 1,000.00β sur survie_new
[01:43:49] [ITEM_CANCELLED]: GoldenFarmers annule la vente de 64x Spider Eye pour 1,000.00β sur survie_new
[01:44:13] [ITEM_CANCELLED]: GoldenFarmers annule la vente de 64x Feather pour 300.00β sur survie_new
[01:47:42] [ITEM_SOLD]: Alexia67710 vendu 1 x Diamond Helmet à  [Aqua Affinity] RobaingDeBoa pour 300.00 β le survie_new
[02:46:53] [ITEM_LISTED]: Alexia67710 vend 1 x Fishing Rod  [unknown, Mending, Unbreaking III] pour 1,000.00β sur survie_new
[02:52:42] [ITEM_LISTED]: Alexia67710 vend 1 x Fishing Rod  [Lure II, Mending, Unbreaking III] pour 1,000.00β sur survie_new
[03:14:18] [ITEM_LISTED]: Alexia67710 vend 64 x Emerald  pour 2,000.00β sur survie_new
[04:06:12] [ITEM_RETURNED]: 64 x Cobblestone  renvoyé à Doomsmen le survie_new
[04:06:13] [ITEM_RETURNED]: 64 x Cobblestone  renvoyé à Doomsmen le survie_new
[04:06:51] [ITEM_SOLD]: Alexia67710 vendu 64 x Emerald à  Doomsmen pour 2,000.00 β le survie_new
[04:06:55] [ITEM_SOLD]: Alexia67710 vendu 64 x Emerald à  Doomsmen pour 2,000.00 β le survie_new
[10:41:18] [ITEM_LISTED]: _Robinou_ vend 5 x Emerald  pour 1,000.00β sur survie_new
[10:41:29] [ITEM_LISTED]: _Robinou_ vend 9 x Lapis Lazuli  pour 1,500.00β sur survie_new
[10:41:38] [ITEM_LISTED]: _Robinou_ vend 1 x Iron Nugget  pour 500.00β sur survie_new
[10:59:16] [ITEM_SOLD]: Karazhar vendu 3 x Diamond à  samdec666 pour 400.00 β le survie_new
[11:43:43] [ITEM_SOLD]: MATHEO vendu 64 x Emerald à  Max_Le_Max pour 9,500.00 β le survie_new
[12:07:34] [ITEM_CANCELLED]: Natvolh24 annule la vente de 1x Bow [Flame, Infinity, Power V, Punch II] pour 1,000.00β sur survie_new
[12:07:35] [ITEM_CANCELLED]: Natvolh24 annule la vente de 1x Brewing Stand pour 750.00β sur survie_new
[12:07:38] [ITEM_RETURNED]: 1 x Bow  [Flame, Infinity, Power V, Punch II] renvoyé à Natvolh24 le survie_new
[12:07:39] [ITEM_RETURNED]: 1 x Brewing Stand  renvoyé à Natvolh24 le survie_new
[12:09:01] [ITEM_SOLD]: Max_Le_Max vendu 1 x Fishing Rod à  [Mending] Natvolh24 pour 350.00 β le survie_new
[12:09:56] [ITEM_LISTED]: estedu59 vend 25 x Lapis Block  pour 6,000.00β sur survie_new
[12:10:46] [ITEM_SOLD]: Alexia67710 vendu 1 x Fishing Rod à  [unknown, Mending, Unbreaking III] estedu59 pour 1,000.00 β le survie_new
[12:17:04] [ITEM_LISTED]: StormOxyde vend 1 x §;§:Spawner Cave spider x1  pour 3,500.00β sur survie_new
[12:33:04] [ITEM_LISTED]: MrBuillder vend 1 x Iron Horse Armor  pour 1,000.00β sur survie_new
[12:33:17] [ITEM_LISTED]: MrBuillder vend 1 x Golden Horse Armor  pour 500.00β sur survie_new
[12:46:43] [ITEM_LISTED]: StormOxyde vend 1 x Enchanted Book  pour 5,000.00β sur survie_new
[13:03:56] [ITEM_LISTED]: Alexia67710 vend 64 x Quartz Block  pour 1,500.00β sur survie_new
[13:04:02] [ITEM_LISTED]: Alexia67710 vend 64 x Quartz Block  pour 1,500.00β sur survie_new
[13:47:28] [ITEM_LISTED]: Alexia67710 vend 64 x Quartz Block  pour 1,500.00β sur survie_new
[13:47:35] [ITEM_LISTED]: Alexia67710 vend 64 x Quartz Block  pour 1,500.00β sur survie_new
[13:47:52] [ITEM_LISTED]: Alexia67710 vend 64 x Quartz Block  pour 1,500.00β sur survie_new
[13:48:01] [ITEM_LISTED]: Alexia67710 vend 64 x Quartz Block  pour 1,500.00β sur survie_new
[14:36:40] [ITEM_LISTED]: realvirtuose vend 1 x §;§:Spawner Spider x1  pour 7,000.00β sur survie_new
[14:38:10] [ITEM_LISTED]: Alexia67710 vend 64 x Quartz Block  pour 1,500.00β sur survie_new
[15:35:39] [ITEM_SOLD]: blazou38 vendu 21 x Packed Ice à  Natvolh24 pour 1,000.00 β le survie_new
[15:43:11] [ITEM_SOLD]: StormOxyde vendu 1 x §;§:Spawner Cave spider x1 à  HeFk pour 3,500.00 β le survie_new
[15:43:42] [ITEM_LISTED]: Alexia67710 vend 30 x Sweet Berries  pour 45.00β sur survie_new
[15:43:49] [ITEM_SOLD]: Alexia67710 vendu 30 x Sweet Berries à  Doomsmen pour 45.00 β le survie_new
[15:52:19] [ITEM_SOLD]: CouzVeBaton vendu 1 x Diamond Pickaxe à  [Silk Touch] Sarah pour 2,000.00 β le survie_new
[15:52:58] [ITEM_SOLD]: StormOxyde vendu 1 x Enchanted Book à  RobaingDeBoa pour 5,000.00 β le survie_new
[15:55:45] [ITEM_LISTED]: realvirtuose vend 1 x §;§:Spawner Zombie x1  pour 7,000.00β sur survie_new
[15:55:46] [ITEM_LISTED]: realvirtuose vend 1 x §;§:Spawner Cave spider x1  pour 7,000.00β sur survie_new
[16:05:43] [ITEM_LISTED]: Loan02 vend 64 x Iron Block  pour 11,500.00β sur survie_new
[16:05:53] [ITEM_LISTED]: Loan02 vend 64 x Iron Block  pour 11,500.00β sur survie_new
[16:05:55] [ITEM_LISTED]: Loan02 vend 64 x Iron Block  pour 11,500.00β sur survie_new
[16:05:57] [ITEM_LISTED]: Loan02 vend 64 x Iron Block  pour 11,500.00β sur survie_new
[16:06:00] [ITEM_LISTED]: Loan02 vend 64 x Iron Block  pour 11,500.00β sur survie_new
[16:06:07] [ITEM_LISTED]: Loan02 vend 64 x Iron Block  pour 11,500.00β sur survie_new
[16:08:33] [ITEM_SOLD]: _Robinou_ vendu 5 x Emerald à  Kanntin pour 1,000.00 β le survie_new
[16:08:48] [ITEM_CANCELLED]: Loan02 annule la vente de 64x Iron Block pour 11,500.00β sur survie_new
[16:08:48] [ITEM_CANCELLED]: Loan02 annule la vente de 64x Iron Block pour 11,500.00β sur survie_new
[16:08:49] [ITEM_CANCELLED]: Loan02 annule la vente de 64x Iron Block pour 11,500.00β sur survie_new
[16:08:50] [ITEM_CANCELLED]: Loan02 annule la vente de 64x Iron Block pour 11,500.00β sur survie_new
[16:08:50] [ITEM_CANCELLED]: Loan02 annule la vente de 64x Iron Block pour 11,500.00β sur survie_new
[16:08:50] [ITEM_CANCELLED]: Loan02 annule la vente de 64x Iron Block pour 11,500.00β sur survie_new
[16:08:52] [ITEM_CANCELLED]: Loan02 annule la vente de 64x Iron Block pour 11,000.00β sur survie_new
[16:08:56] [ITEM_RETURNED]: 64 x Iron Block  renvoyé à Loan02 le survie_new
[16:08:56] [ITEM_RETURNED]: 64 x Iron Block  renvoyé à Loan02 le survie_new
[16:08:57] [ITEM_RETURNED]: 64 x Iron Block  renvoyé à Loan02 le survie_new
[16:08:57] [ITEM_RETURNED]: 64 x Iron Block  renvoyé à Loan02 le survie_new
[16:08:57] [ITEM_RETURNED]: 64 x Iron Block  renvoyé à Loan02 le survie_new
[16:08:58] [ITEM_RETURNED]: 64 x Iron Block  renvoyé à Loan02 le survie_new
[16:08:58] [ITEM_RETURNED]: 64 x Iron Block  renvoyé à Loan02 le survie_new
[16:08:58] [ITEM_CANCELLED]: Loan02 annule la vente de 1x C'eest d'la bonne pour 100.00β sur survie_new
[16:09:10] [ITEM_LISTED]: Loan02 vend 64 x Iron Block  pour 11,000.00β sur survie_new
[16:09:12] [ITEM_LISTED]: Loan02 vend 64 x Iron Block  pour 11,000.00β sur survie_new
[16:09:13] [ITEM_LISTED]: Loan02 vend 64 x Iron Block  pour 11,000.00β sur survie_new
[16:09:15] [ITEM_LISTED]: Loan02 vend 64 x Iron Block  pour 11,000.00β sur survie_new
[16:09:17] [ITEM_LISTED]: Loan02 vend 64 x Iron Block  pour 11,000.00β sur survie_new
[16:09:20] [ITEM_LISTED]: Loan02 vend 64 x Iron Block  pour 11,000.00β sur survie_new
[16:09:24] [ITEM_LISTED]: Loan02 vend 64 x Iron Block  pour 11,000.00β sur survie_new
[16:13:38] [ITEM_SOLD]: Loan02 vendu 64 x Iron Block à  pikatchou82 pour 11,000.00 β le survie_new
[16:13:39] [ITEM_SOLD]: Loan02 vendu 64 x Iron Block à  pikatchou82 pour 11,000.00 β le survie_new
[16:13:40] [ITEM_SOLD]: Loan02 vendu 64 x Iron Block à  pikatchou82 pour 11,000.00 β le survie_new
[16:13:42] [ITEM_SOLD]: Loan02 vendu 64 x Iron Block à  pikatchou82 pour 11,000.00 β le survie_new
[16:13:43] [ITEM_SOLD]: Loan02 vendu 64 x Iron Block à  pikatchou82 pour 11,000.00 β le survie_new
[16:13:44] [ITEM_SOLD]: Loan02 vendu 64 x Iron Block à  pikatchou82 pour 11,000.00 β le survie_new
[16:13:45] [ITEM_SOLD]: Loan02 vendu 64 x Iron Block à  pikatchou82 pour 11,000.00 β le survie_new
[16:14:25] [ITEM_LISTED]: LLIcocoman_Hrz vend 6 x Sponge  pour 2,000.00β sur survie_new
[16:14:38] [ITEM_LISTED]: LLIcocoman_Hrz vend 32 x Emerald  pour 500.00β sur survie_new
[16:37:55] [ITEM_SOLD]: estedu59 vendu 1 x Bee Nest à  Gigantopithecuss pour 1,500.00 β le survie_new
[16:43:51] [ITEM_SOLD]: LLIcocoman_Hrz vendu 32 x Emerald à  Doomsmen pour 500.00 β le survie_new
[16:58:57] [ITEM_SOLD]: _Robinou_ vendu 64 x Stone à  Sarah pour 500.00 β le survie_new
[16:59:04] [ITEM_SOLD]: _Robinou_ vendu 64 x Stone à  Sarah pour 500.00 β le survie_new
[16:59:06] [ITEM_SOLD]: _Robinou_ vendu 64 x Stone à  Sarah pour 500.00 β le survie_new
[17:01:15] [ITEM_LISTED]: Loan02 vend 64 x Iron Block  pour 11,000.00β sur survie_new
[17:01:17] [ITEM_LISTED]: Loan02 vend 64 x Iron Block  pour 11,000.00β sur survie_new
[17:01:19] [ITEM_LISTED]: Loan02 vend 64 x Iron Block  pour 11,000.00β sur survie_new
[17:01:22] [ITEM_LISTED]: Loan02 vend 64 x Iron Block  pour 11,000.00β sur survie_new
[17:01:24] [ITEM_LISTED]: Loan02 vend 64 x Iron Block  pour 11,000.00β sur survie_new
[17:01:28] [ITEM_LISTED]: Loan02 vend 64 x Iron Block  pour 11,000.00β sur survie_new
[17:01:31] [ITEM_LISTED]: Loan02 vend 64 x Iron Block  pour 11,000.00β sur survie_new
[17:01:34] [ITEM_LISTED]: Loan02 vend 46 x Iron Block  pour 11,000.00β sur survie_new
[17:05:09] [ITEM_LISTED]: _Robinou_ vend 44 x Iron Ingot  pour 600.00β sur survie_new
[17:05:18] [ITEM_SOLD]: _Robinou_ vendu 44 x Iron Ingot à  estedu59 pour 600.00 β le survie_new
[17:05:57] [ITEM_LISTED]: estedu59 vend 64 x Blaze Rod  pour 250.00β sur survie_new
[17:07:10] [ITEM_LISTED]: estedu59 vend 64 x Blaze Rod  pour 250.00β sur survie_new
[17:07:31] [ITEM_LISTED]: estedu59 vend 64 x Blaze Rod  pour 250.00β sur survie_new
[17:07:46] [ITEM_LISTED]: estedu59 vend 64 x Blaze Rod  pour 250.00β sur survie_new
[17:08:22] [ITEM_LISTED]: estedu59 vend 64 x Blaze Rod  pour 250.00β sur survie_new
[17:08:39] [ITEM_CANCELLED]: Loan02 annule la vente de 46x Iron Block pour 11,000.00β sur survie_new
[17:08:50] [ITEM_LISTED]: Loan02 vend 64 x Iron Block  pour 11,000.00β sur survie_new
[17:08:52] [ITEM_LISTED]: cloclolepedalo vend 64 x Spruce Planks  pour 160.00β sur survie_new
[17:10:34] [ITEM_SOLD]: niguetto5 vendu 5 x Ghast Tear à  Skullcute pour 2,500.00 β le survie_new
[17:10:41] [ITEM_SOLD]: niguetto5 vendu 1 x Ghast Tear à  Skullcute pour 500.00 β le survie_new
[17:11:35] [ITEM_SOLD]: realvirtuose vendu 1 x §;§:Spawner Zombie x1 à  protocox pour 7,000.00 β le survie_new
[17:11:53] [ITEM_SOLD]: Loan02 vendu 64 x Iron Block à  pikatchou82 pour 11,000.00 β le survie_new
[17:11:54] [ITEM_SOLD]: Loan02 vendu 64 x Iron Block à  pikatchou82 pour 11,000.00 β le survie_new
[17:11:56] [ITEM_SOLD]: Loan02 vendu 64 x Iron Block à  pikatchou82 pour 11,000.00 β le survie_new
[17:11:58] [ITEM_SOLD]: Loan02 vendu 64 x Iron Block à  pikatchou82 pour 11,000.00 β le survie_new
[17:11:59] [ITEM_SOLD]: Loan02 vendu 64 x Iron Block à  pikatchou82 pour 11,000.00 β le survie_new
[17:12:01] [ITEM_SOLD]: Loan02 vendu 64 x Iron Block à  pikatchou82 pour 11,000.00 β le survie_new
[17:12:02] [ITEM_SOLD]: Loan02 vendu 64 x Iron Block à  pikatchou82 pour 11,000.00 β le survie_new
[17:12:03] [ITEM_SOLD]: Loan02 vendu 64 x Iron Block à  pikatchou82 pour 11,000.00 β le survie_new
[17:12:04] [ITEM_LISTED]: estedu59 vend 44 x Iron Ingot  pour 8,000.00β sur survie_new
[17:15:31] [ITEM_LISTED]: Alexia67710 vend 64 x Emerald  pour 2,000.00β sur survie_new
[17:21:14] [ITEM_SOLD]: Alexia67710 vendu 64 x Emerald à  Doomsmen pour 2,000.00 β le survie_new
[17:23:21] [ITEM_LISTED]: Natvolh24 vend 1 x Diamond Pickaxe  [Efficiency IV, Fortune III, Unbreaking III] pour 2,000.00β sur survie_new
[17:27:27] [ITEM_SOLD]: Doomsmen vendu 1 x Diamond Pickaxe à  [Silk Touch] _Robinou_ pour 1,500.00 β le survie_new
[17:29:48] [ITEM_LISTED]: protocox vend 64 x Apple  pour 50,000.00β sur survie_new
[17:47:56] [ITEM_LISTED]: Loan02 vend 1 x Written Book  pour 100,000.00β sur survie_new
[17:50:10] [ITEM_LISTED]: Loan02 vend 1 x Written Book  pour 50,000.00β sur survie_new
[17:50:14] [ITEM_CANCELLED]: Loan02 annule la vente de 1x Written Book pour 100,000.00β sur survie_new
[17:50:16] [ITEM_RETURNED]: 1 x Written Book  renvoyé à Loan02 le survie_new
[17:50:18] [ITEM_RETURNED]: 46 x Iron Block  renvoyé à Loan02 le survie_new
[17:50:22] [ITEM_LISTED]: Loan02 vend 1 x Written Book  pour 50,000.00β sur survie_new
[17:55:51] [ITEM_LISTED]: Loan02 vend 64 x Iron Block  pour 11,000.00β sur survie_new
[17:56:20] [ITEM_RETURNED]: 1 x Iron Axe  [Sharpness I] renvoyé à LLIcocoman_Hrz le survie_new
[17:56:20] [ITEM_RETURNED]: 1 x §;§:Spawner à Araignée venimeuse 1x  renvoyé à LLIcocoman_Hrz le survie_new
[17:56:20] [ITEM_RETURNED]: 3 x Gunpowder  renvoyé à LLIcocoman_Hrz le survie_new
[17:56:20] [ITEM_RETURNED]: 64 x Gunpowder  renvoyé à LLIcocoman_Hrz le survie_new
[17:56:20] [ITEM_RETURNED]: 64 x Spider Eye  renvoyé à LLIcocoman_Hrz le survie_new
[17:56:20] [ITEM_RETURNED]: 64 x Spider Eye  renvoyé à LLIcocoman_Hrz le survie_new
[17:56:20] [ITEM_RETURNED]: 64 x Spider Eye  renvoyé à LLIcocoman_Hrz le survie_new
[17:56:20] [ITEM_RETURNED]: 8 x Sponge  renvoyé à LLIcocoman_Hrz le survie_new
[17:56:20] [ITEM_RETURNED]: 1 x Written Book  renvoyé à LLIcocoman_Hrz le survie_new
[17:56:41] [ITEM_LISTED]: LLIcocoman_Hrz vend 1 x §;§:Spawner à Araignée venimeuse 1x  pour 2,000.00β sur survie_new
[17:57:02] [ITEM_LISTED]: LLIcocoman_Hrz vend 1 x Chicken Spawn Egg  pour 5,000.00β sur survie_new
[17:57:10] [ITEM_LISTED]: LLIcocoman_Hrz vend 1 x §;§:Spawner Cave spider x1  pour 2,000.00β sur survie_new
[17:59:27] [ITEM_LISTED]: Loan02 vend 1 x Gray Shulker Box  pour 3,100.00β sur survie_new
[17:59:35] [ITEM_SOLD]: Loan02 vendu 1 x Gray Shulker Box à  MATHEO pour 3,100.00 β le survie_new
[17:59:36] [ITEM_SOLD]: Loan02 vendu 64 x Iron Block à  pikatchou82 pour 11,000.00 β le survie_new
[18:02:51] [ITEM_SOLD]: Natvolh24 vendu 1 x Diamond Pickaxe à  [Efficiency IV, Fortune III, Unbreaking III] MATHEO pour 2,000.00 β le survie_new
[18:08:20] [ITEM_LISTED]: estedu59 vend 1 x Diamond Pickaxe  [Silk Touch] pour 2,000.00β sur survie_new
[18:13:41] [ITEM_SOLD]: estedu59 vendu 1 x Diamond Pickaxe à  [Silk Touch] Nico pour 2,000.00 β le survie_new
[18:24:57] [ITEM_LISTED]: Alexia67710 vend 6 x Sponge  pour 600.00β sur survie_new
[18:32:07] [ITEM_LISTED]: Loan02 vend 64 x Iron Block  pour 11,000.00β sur survie_new
[18:33:23] [ITEM_CANCELLED]: Loan02 annule la vente de 64x Iron Block pour 11,000.00β sur survie_new
[18:33:26] [ITEM_RETURNED]: 64 x Iron Block  renvoyé à Loan02 le survie_new
[18:34:32] [ITEM_CANCELLED]: GoldenFarmers annule la vente de 1x Fire Charge pour 10,000.00β sur survie_new
[18:34:34] [ITEM_CANCELLED]: GoldenFarmers annule la vente de 32x Experience Bottle pour 15,000.00β sur survie_new
[18:40:45] [ITEM_CANCELLED]: protocox annule la vente de 64x Apple pour 50,000.00β sur survie_new
[18:41:06] [ITEM_RETURNED]: 64 x Apple  renvoyé à protocox le survie_new
[18:41:09] [ITEM_SOLD]: samdec666 vendu 64 x Grass Block à  RobaingDeBoa pour 2,500.00 β le survie_new
[18:43:18] [ITEM_LISTED]: Loan02 vend 1 x Written Book  pour 1,000.00β sur survie_new
[18:44:17] [ITEM_SOLD]: Loan02 vendu 1 x Written Book à  Yohan81 pour 1,000.00 β le survie_new
[18:44:38] [ITEM_LISTED]: Yohan81 vend 1 x Written Book  pour 1,000.00β sur survie_new
[18:44:42] [ITEM_SOLD]: Yohan81 vendu 1 x Written Book à  Loan02 pour 1,000.00 β le survie_new
[18:44:46] [ITEM_LISTED]: Loan02 vend 1 x Written Book  pour 1,000.00β sur survie_new
[18:45:19] [ITEM_RETURNED]: 1 x C'eest d'la bonne  renvoyé à Loan02 le survie_new
[18:45:55] [ITEM_LISTED]: Loan02 vend 1 x Poudre de Perlimpipin  pour 500.00β sur survie_new
[18:47:36] [ITEM_SOLD]: blazou38 vendu 1 x Coffre du 24 Décembre à  Flacabon pour 15,000.00 β le survie_new
[19:12:05] [ITEM_LISTED]: CroixVeBaton vend 64 x Dark Oak Log  pour 190.00β sur survie_new
[19:12:08] [ITEM_LISTED]: CroixVeBaton vend 64 x Dark Oak Log  pour 190.00β sur survie_new
[19:12:10] [ITEM_LISTED]: CroixVeBaton vend 64 x Dark Oak Log  pour 190.00β sur survie_new
[19:12:23] [ITEM_SOLD]: CroixVeBaton vendu 64 x Dark Oak Log à  Loan02 pour 190.00 β le survie_new
[19:12:25] [ITEM_SOLD]: CroixVeBaton vendu 64 x Dark Oak Log à  Loan02 pour 190.00 β le survie_new
[19:12:26] [ITEM_SOLD]: CroixVeBaton vendu 64 x Dark Oak Log à  Loan02 pour 190.00 β le survie_new
[19:20:32] [ITEM_LISTED]: RobaingDeBoa vend 64 x Oak Planks  pour 50.00β sur survie_new
[19:20:35] [ITEM_LISTED]: RobaingDeBoa vend 64 x Oak Planks  pour 50.00β sur survie_new
[19:20:38] [ITEM_LISTED]: RobaingDeBoa vend 64 x Oak Planks  pour 50.00β sur survie_new
[19:20:39] [ITEM_SOLD]: RobaingDeBoa vendu 64 x Oak Planks à  Doomsmen pour 50.00 β le survie_new
[19:20:40] [ITEM_SOLD]: RobaingDeBoa vendu 64 x Oak Planks à  Doomsmen pour 50.00 β le survie_new
[19:20:40] [ITEM_LISTED]: RobaingDeBoa vend 64 x Oak Planks  pour 50.00β sur survie_new
[19:20:41] [ITEM_SOLD]: RobaingDeBoa vendu 64 x Oak Planks à  Doomsmen pour 50.00 β le survie_new
[19:20:43] [ITEM_SOLD]: RobaingDeBoa vendu 64 x Oak Planks à  Doomsmen pour 50.00 β le survie_new
[19:20:43] [ITEM_LISTED]: RobaingDeBoa vend 64 x Oak Planks  pour 50.00β sur survie_new
[19:20:44] [ITEM_SOLD]: RobaingDeBoa vendu 64 x Oak Planks à  Doomsmen pour 50.00 β le survie_new
[19:20:53] [ITEM_LISTED]: RobaingDeBoa vend 53 x Spruce Log  pour 200.00β sur survie_new
[19:21:08] [ITEM_SOLD]: RobaingDeBoa vendu 53 x Spruce Log à  Minebark pour 200.00 β le survie_new
[19:21:38] [ITEM_LISTED]: Minebark vend 64 x Dark Oak Log  pour 50.00β sur survie_new
[19:21:43] [ITEM_SOLD]: Minebark vendu 64 x Dark Oak Log à  Doomsmen pour 50.00 β le survie_new
[19:22:02] [ITEM_LISTED]: RobaingDeBoa vend 64 x Oak Log  pour 200.00β sur survie_new
[19:22:04] [ITEM_LISTED]: RobaingDeBoa vend 64 x Oak Log  pour 200.00β sur survie_new
[19:22:07] [ITEM_SOLD]: RobaingDeBoa vendu 64 x Oak Log à  Doomsmen pour 200.00 β le survie_new
[19:22:08] [ITEM_SOLD]: RobaingDeBoa vendu 64 x Oak Log à  Doomsmen pour 200.00 β le survie_new
[20:11:54] [ITEM_RETURNED]: 64 x Oak Log  renvoyé à cloclolepedalo le survie_new
[20:11:54] [ITEM_RETURNED]: 1 x Iron Sword  renvoyé à cloclolepedalo le survie_new
[20:16:47] [ITEM_LISTED]: Alexia67710 vend 64 x Quartz Block  pour 1,500.00β sur survie_new
[20:34:22] [ITEM_LISTED]: RobaingDeBoa vend 25 x Gold Ingot  pour 650.00β sur survie_new
[20:34:28] [ITEM_SOLD]: RobaingDeBoa vendu 25 x Gold Ingot à  Minebark pour 650.00 β le survie_new
[21:03:42] [ITEM_SOLD]: Alexia67710 vendu 64 x Quartz Block à  Christophe_ pour 1,500.00 β le survie_new
[21:03:43] [ITEM_SOLD]: Alexia67710 vendu 64 x Quartz Block à  Christophe_ pour 1,500.00 β le survie_new
[21:03:54] [ITEM_SOLD]: Alexia67710 vendu 64 x Quartz Block à  Christophe_ pour 1,500.00 β le survie_new
[21:03:55] [ITEM_SOLD]: Alexia67710 vendu 64 x Quartz Block à  Christophe_ pour 1,500.00 β le survie_new
[21:03:56] [ITEM_SOLD]: Alexia67710 vendu 64 x Quartz Block à  Christophe_ pour 1,500.00 β le survie_new
[21:03:57] [ITEM_SOLD]: Alexia67710 vendu 64 x Quartz Block à  Christophe_ pour 1,500.00 β le survie_new
[21:03:59] [ITEM_SOLD]: Alexia67710 vendu 64 x Quartz Block à  Christophe_ pour 1,500.00 β le survie_new
[21:10:11] [ITEM_LISTED]: RobaingDeBoa vend 1 x Elytra  pour 15,000.00β sur survie_new
[21:10:13] [ITEM_SOLD]: RobaingDeBoa vendu 1 x Elytra à  Doomsmen pour 15,000.00 β le survie_new
[21:11:19] [ITEM_SOLD]: Alexia67710 vendu 64 x Quartz Block à  Christophe_ pour 1,500.00 β le survie_new
[21:22:51] [ITEM_LISTED]: GoldenFarmers vend 1 x Shulker Box  pour 2,500.00β sur survie_new
[21:22:57] [ITEM_LISTED]: GoldenFarmers vend 1 x Shulker Box  pour 2,500.00β sur survie_new
[21:22:59] [ITEM_LISTED]: GoldenFarmers vend 1 x Shulker Box  pour 2,500.00β sur survie_new
[21:23:01] [ITEM_LISTED]: GoldenFarmers vend 1 x Shulker Box  pour 2,500.00β sur survie_new
[21:23:02] [ITEM_LISTED]: GoldenFarmers vend 1 x Shulker Box  pour 2,500.00β sur survie_new
[21:23:04] [ITEM_LISTED]: GoldenFarmers vend 1 x Shulker Box  pour 2,500.00β sur survie_new
[21:23:05] [ITEM_LISTED]: GoldenFarmers vend 1 x Shulker Box  pour 2,500.00β sur survie_new
[21:23:07] [ITEM_LISTED]: GoldenFarmers vend 1 x Shulker Box  pour 2,500.00β sur survie_new
[21:23:12] [ITEM_LISTED]: GoldenFarmers vend 1 x Shulker Box  pour 2,500.00β sur survie_new
[21:23:13] [ITEM_LISTED]: GoldenFarmers vend 1 x Shulker Box  pour 2,500.00β sur survie_new
[21:23:16] [ITEM_LISTED]: GoldenFarmers vend 1 x Shulker Box  pour 2,500.00β sur survie_new
[21:23:17] [ITEM_LISTED]: GoldenFarmers vend 1 x Shulker Box  pour 2,500.00β sur survie_new
[21:23:18] [ITEM_LISTED]: GoldenFarmers vend 1 x Shulker Box  pour 2,500.00β sur survie_new
[21:23:19] [ITEM_LISTED]: GoldenFarmers vend 1 x Shulker Box  pour 2,500.00β sur survie_new
[21:23:20] [ITEM_LISTED]: GoldenFarmers vend 1 x Shulker Box  pour 2,500.00β sur survie_new
[21:23:21] [ITEM_LISTED]: GoldenFarmers vend 1 x Shulker Box  pour 2,500.00β sur survie_new
[21:23:28] [ITEM_LISTED]: GoldenFarmers vend 1 x Shulker Box  pour 2,500.00β sur survie_new
[21:23:29] [ITEM_LISTED]: GoldenFarmers vend 1 x Shulker Box  pour 2,500.00β sur survie_new
[21:23:31] [ITEM_LISTED]: GoldenFarmers vend 1 x Shulker Box  pour 2,500.00β sur survie_new
[21:23:32] [ITEM_LISTED]: GoldenFarmers vend 1 x Shulker Box  pour 2,500.00β sur survie_new
[21:23:34] [ITEM_LISTED]: GoldenFarmers vend 1 x Shulker Box  pour 2,500.00β sur survie_new
[21:23:36] [ITEM_LISTED]: GoldenFarmers vend 1 x Shulker Box  pour 2,500.00β sur survie_new
[21:23:37] [ITEM_LISTED]: GoldenFarmers vend 1 x Shulker Box  pour 2,500.00β sur survie_new
[21:23:38] [ITEM_LISTED]: GoldenFarmers vend 1 x Shulker Box  pour 2,500.00β sur survie_new
[21:24:49] [ITEM_SOLD]: LLIcocoman_Hrz vendu 1 x §;§:Spawner à Araignée venimeuse 1x à  CroixVeBaton pour 2,000.00 β le survie_new
[21:24:53] [ITEM_SOLD]: LLIcocoman_Hrz vendu 1 x §;§:Spawner Cave spider x1 à  CroixVeBaton pour 2,000.00 β le survie_new
[22:23:16] [ITEM_CANCELLED]: realvirtuose annule la vente de 1x §;§:Spawner Spider x1 pour 7,000.00β sur survie_new
[22:23:18] [ITEM_CANCELLED]: realvirtuose annule la vente de 1x §;§:Spawner Cave spider x1 pour 7,000.00β sur survie_new
[22:23:19] [ITEM_CANCELLED]: realvirtuose annule la vente de 1x §;§:Spawner Cave spider x1 pour 7,000.00β sur survie_new
[22:23:20] [ITEM_CANCELLED]: realvirtuose annule la vente de 1x §;§:Spawner Cave spider x1 pour 7,000.00β sur survie_new
[22:23:24] [ITEM_CANCELLED]: realvirtuose annule la vente de 1x §;§:Spawner Cave spider x1 pour 7,000.00β sur survie_new
[22:23:25] [ITEM_CANCELLED]: realvirtuose annule la vente de 1x §;§:Spawner Cave spider x1 pour 7,000.00β sur survie_new
[22:23:25] [ITEM_CANCELLED]: realvirtuose annule la vente de 1x §;§:Spawner Cave spider x1 pour 7,000.00β sur survie_new
[22:23:26] [ITEM_CANCELLED]: realvirtuose annule la vente de 1x Music Disc Stal pour 10,000.00β sur survie_new
[22:23:31] [ITEM_RETURNED]: 1 x Music Disc Stal  renvoyé à realvirtuose le survie_new
[22:23:31] [ITEM_RETURNED]: 1 x §;§:Spawner Cave spider x1  renvoyé à realvirtuose le survie_new
[22:23:32] [ITEM_RETURNED]: 1 x §;§:Spawner Cave spider x1  renvoyé à realvirtuose le survie_new
[22:23:32] [ITEM_RETURNED]: 1 x §;§:Spawner Cave spider x1  renvoyé à realvirtuose le survie_new
[22:23:33] [ITEM_RETURNED]: 1 x §;§:Spawner Cave spider x1  renvoyé à realvirtuose le survie_new
[22:23:33] [ITEM_RETURNED]: 1 x §;§:Spawner Cave spider x1  renvoyé à realvirtuose le survie_new
[22:23:34] [ITEM_RETURNED]: 1 x §;§:Spawner Cave spider x1  renvoyé à realvirtuose le survie_new
[22:23:35] [ITEM_RETURNED]: 1 x §;§:Spawner Spider x1  renvoyé à realvirtuose le survie_new
[22:23:54] [ITEM_LISTED]: realvirtuose vend 1 x §;§:Spawner Cave spider x1  pour 7,000.00β sur survie_new
[22:23:55] [ITEM_LISTED]: realvirtuose vend 1 x §;§:Spawner Cave spider x1  pour 7,000.00β sur survie_new
[22:23:56] [ITEM_LISTED]: realvirtuose vend 1 x §;§:Spawner Cave spider x1  pour 7,000.00β sur survie_new
[22:23:58] [ITEM_LISTED]: realvirtuose vend 1 x §;§:Spawner Cave spider x1  pour 7,000.00β sur survie_new
[22:23:59] [ITEM_LISTED]: realvirtuose vend 1 x §;§:Spawner Cave spider x1  pour 7,000.00β sur survie_new
[22:24:00] [ITEM_LISTED]: realvirtuose vend 1 x §;§:Spawner Cave spider x1  pour 7,000.00β sur survie_new
[22:24:02] [ITEM_LISTED]: realvirtuose vend 1 x §;§:Spawner Cave spider x1  pour 7,000.00β sur survie_new
[22:24:04] [ITEM_LISTED]: realvirtuose vend 1 x §;§:Spawner Cave spider x1  pour 7,000.00β sur survie_new
[22:24:05] [ITEM_LISTED]: realvirtuose vend 1 x §;§:Spawner Cave spider x1  pour 7,000.00β sur survie_new
[22:24:08] [ITEM_LISTED]: realvirtuose vend 1 x §;§:Spawner Cave spider x1  pour 7,000.00β sur survie_new
[22:24:10] [ITEM_LISTED]: realvirtuose vend 1 x §;§:Spawner Spider x1  pour 7,000.00β sur survie_new
[22:40:18] [ITEM_LISTED]: Sachax35 vend 1 x §;§:Spawner Cave spider x1  pour 7,000.00β sur survie_new
[22:40:24] [ITEM_LISTED]: realvirtuose vend 12 x Sponge  pour 1,200.00β sur survie_new
[22:40:29] [ITEM_LISTED]: realvirtuose vend 64 x Quartz Block  pour 3,000.00β sur survie_new
[22:40:34] [ITEM_LISTED]: realvirtuose vend 1 x Chicken Spawn Egg  pour 1,500.00β sur survie_new
[22:40:36] [ITEM_CANCELLED]: Sachax35 annule la vente de 1x §;§:Spawner Cave spider x1 pour 7,000.00β sur survie_new
[22:40:44] [ITEM_RETURNED]: 1 x §;§:Spawner Cave spider x1  renvoyé à Sachax35 le survie_new
[22:41:00] [ITEM_LISTED]: Sachax35 vend 1 x §;§:Spawner Cave spider x1  pour 5,000.00β sur survie_new
[22:41:18] [ITEM_LISTED]: Sachax35 vend 2 x §;§:Spawner Cave spider x1  pour 10,000.00β sur survie_new
[22:46:31] [ITEM_LISTED]: samdec666 vend 64 x Jungle Log  pour 200.00β sur survie_new
[22:46:33] [ITEM_LISTED]: samdec666 vend 64 x Jungle Log  pour 200.00β sur survie_new
[22:46:34] [ITEM_LISTED]: samdec666 vend 64 x Jungle Log  pour 200.00β sur survie_new
[22:46:34] [ITEM_SOLD]: samdec666 vendu 64 x Jungle Log à  Minebark pour 200.00 β le survie_new
[22:46:35] [ITEM_SOLD]: samdec666 vendu 64 x Jungle Log à  Minebark pour 200.00 β le survie_new
[22:46:35] [ITEM_LISTED]: samdec666 vend 64 x Jungle Log  pour 200.00β sur survie_new
[22:46:36] [ITEM_SOLD]: samdec666 vendu 64 x Jungle Log à  Minebark pour 200.00 β le survie_new
[22:46:37] [ITEM_SOLD]: samdec666 vendu 64 x Jungle Log à  Minebark pour 200.00 β le survie_new
[22:51:35] [ITEM_SOLD]: realvirtuose vendu 1 x Chicken Spawn Egg à  Christophe_ pour 1,500.00 β le survie_new
[23:06:46] [ITEM_LISTED]: Max_Le_Max vend 4 x Livre  pour 2,250.00β sur survie_new
[23:11:39] [ITEM_LISTED]: realvirtuose vend 1 x §;§:Spawner Cave spider x1  pour 7,000.00β sur survie_new
[23:11:41] [ITEM_LISTED]: realvirtuose vend 1 x §;§:Spawner Cave spider x1  pour 7,000.00β sur survie_new
[23:11:42] [ITEM_LISTED]: realvirtuose vend 1 x §;§:Spawner Cave spider x1  pour 7,000.00β sur survie_new
[23:18:11] [ITEM_LISTED]: Max_Le_Max vend 1 x §;§:Spawner Skeleton x1  pour 5,000.00β sur survie_new
[23:22:11] [ITEM_LISTED]: Karazhar vend 2 x Diamond  pour 400.00β sur survie_new
[23:22:16] [ITEM_LISTED]: Karazhar vend 2 x Diamond  pour 400.00β sur survie_new
[23:22:27] [ITEM_LISTED]: Karazhar vend 2 x Diamond  pour 400.00β sur survie_new
[23:22:32] [ITEM_LISTED]: Karazhar vend 2 x Diamond  pour 400.00β sur survie_new
[23:22:42] [ITEM_SOLD]: Yohan81 vendu 42 x Melon Seeds à  Ender_Shock pour 88.00 β le survie_new
[23:23:54] [ITEM_CANCELLED]: Karazhar annule la vente de 2x Diamond pour 400.00β sur survie_new
[23:23:56] [ITEM_CANCELLED]: Karazhar annule la vente de 2x Diamond pour 400.00β sur survie_new
[23:23:59] [ITEM_CANCELLED]: Karazhar annule la vente de 2x Diamond pour 400.00β sur survie_new
[23:24:00] [ITEM_CANCELLED]: Karazhar annule la vente de 2x Diamond pour 400.00β sur survie_new
[23:24:16] [ITEM_RETURNED]: 2 x Diamond  renvoyé à Karazhar le survie_new
[23:24:16] [ITEM_RETURNED]: 2 x Diamond  renvoyé à Karazhar le survie_new
[23:24:16] [ITEM_RETURNED]: 2 x Diamond  renvoyé à Karazhar le survie_new
[23:24:16] [ITEM_RETURNED]: 2 x Diamond  renvoyé à Karazhar le survie_new
[23:31:16] [ITEM_CANCELLED]: Doomsmen annule la vente de 1x Diamond Pickaxe [Silk Touch] pour 1,500.00β sur survie_new
[23:31:18] [ITEM_RETURNED]: 1 x Diamond Pickaxe  [Silk Touch] renvoyé à Doomsmen le survie_new
[23:31:25] [ITEM_RETURNED]: 64 x String  renvoyé à GoldenFarmers le survie_new
[23:31:26] [ITEM_RETURNED]: 64 x String  renvoyé à GoldenFarmers le survie_new
[23:31:26] [ITEM_RETURNED]: 64 x String  renvoyé à GoldenFarmers le survie_new
[23:31:26] [ITEM_RETURNED]: 64 x String  renvoyé à GoldenFarmers le survie_new
[23:31:26] [ITEM_RETURNED]: 64 x String  renvoyé à GoldenFarmers le survie_new
[23:31:27] [ITEM_RETURNED]: 64 x Blaze Rod  renvoyé à GoldenFarmers le survie_new
[23:31:27] [ITEM_RETURNED]: 64 x Feather  renvoyé à GoldenFarmers le survie_new
[23:31:27] [ITEM_RETURNED]: 64 x Spider Eye  renvoyé à GoldenFarmers le survie_new
[23:31:27] [ITEM_RETURNED]: 64 x Spider Eye  renvoyé à GoldenFarmers le survie_new
[23:31:28] [ITEM_RETURNED]: 64 x Blaze Rod  renvoyé à GoldenFarmers le survie_new
[23:31:28] [ITEM_RETURNED]: 64 x Blaze Rod  renvoyé à GoldenFarmers le survie_new
[23:31:28] [ITEM_RETURNED]: 64 x Blaze Rod  renvoyé à GoldenFarmers le survie_new
[23:31:28] [ITEM_RETURNED]: 64 x Blaze Rod  renvoyé à GoldenFarmers le survie_new
[23:31:28] [ITEM_RETURNED]: 64 x Blaze Rod  renvoyé à GoldenFarmers le survie_new
[23:31:29] [ITEM_RETURNED]: 64 x Blaze Rod  renvoyé à GoldenFarmers le survie_new
