[03:03:09] [ITEM_LISTED]: Minebark vend 1 x Trident  pour 20,000.00β sur survie_new
[03:35:51] [ITEM_SOLD]: Max_Le_Max vendu 1 x Fishing Rod à  [unknown, Lure II, Mending, Unbreaking III] Charlez220 pour 500.00 β le survie_new
[09:44:14] [ITEM_LISTED]: OfCourse vend 1 x Iron Boots  [Depth Strider II, Protection III] pour 1,000.00β sur survie_new
[10:20:15] [ITEM_LISTED]: OfCourse vend 1 x Diamond Helmet  [Fire Protection III] pour 1,000.00β sur survie_new
[10:20:20] [ITEM_LISTED]: OfCourse vend 1 x Iron Leggings  [Protection IV, Unbreaking III] pour 1,000.00β sur survie_new
[10:20:24] [ITEM_LISTED]: OfCourse vend 1 x Iron Boots  [Depth Strider III, Fire Protection IV] pour 1,000.00β sur survie_new
[10:20:28] [ITEM_LISTED]: OfCourse vend 1 x Iron Boots  [Feather Falling IV, Fire Protection III] pour 1,000.00β sur survie_new
[10:20:34] [ITEM_LISTED]: OfCourse vend 1 x Diamond Helmet  [Protection IV, Unbreaking III] pour 1,000.00β sur survie_new
[10:20:38] [ITEM_LISTED]: OfCourse vend 1 x Iron Chestplate  [Protection IV] pour 1,000.00β sur survie_new
[10:22:27] [ITEM_LISTED]: OfCourse vend 1 x Iron Boots  [Frost Walker II] pour 2,000.00β sur survie_new
[10:51:18] [ITEM_SOLD]: OfCourse vendu 1 x Diamond Helmet à  [Protection IV, Unbreaking III] CouzVeBaton pour 1,000.00 β le survie_new
[12:17:58] [ITEM_SOLD]: Max_Le_Max vendu 1 x Fishing Rod à  [unknown, Mending] estedu59 pour 200.00 β le survie_new
[12:18:36] [ITEM_SOLD]: Max_Le_Max vendu 1 x Fishing Rod à  [Mending] Vitalex_remi1603 pour 100.00 β le survie_new
[12:26:44] [ITEM_LISTED]: Crak_N vend 1 x By Crak_N  [Impaling III, Mending, Riptide III, Unbreaking III] pour 67,569.00β sur survie_new
[12:34:52] [ITEM_LISTED]: toutoubrosse vend 64 x Cooked Beef  pour 10.00β sur survie_new
[12:34:58] [ITEM_LISTED]: toutoubrosse vend 64 x Cooked Beef  pour 10.00β sur survie_new
[12:40:50] [ITEM_LISTED]: OfCourse vend 1 x Diamond Shovel  [Efficiency VI, Mending] pour 20,000.00β sur survie_new
[13:10:07] [ITEM_LISTED]: Yohan81 vend 14 x Red Mushroom  pour 0.01β sur survie_new
[13:10:10] [ITEM_SOLD]: Yohan81 vendu 14 x Red Mushroom à  Skullcute pour 0.01 β le survie_new
[13:19:01] [ITEM_LISTED]: Yohan81 vend 25 x Chorus Fruit  pour 875.00β sur survie_new
[13:19:11] [ITEM_SOLD]: Yohan81 vendu 25 x Chorus Fruit à  Skullcute pour 875.00 β le survie_new
[13:19:44] [ITEM_LISTED]: Yohan81 vend 10 x Chorus Fruit  pour 0.01β sur survie_new
[13:19:46] [ITEM_SOLD]: Yohan81 vendu 10 x Chorus Fruit à  Skullcute pour 0.01 β le survie_new
[13:20:07] [ITEM_SOLD]: Loan02 vendu 64 x Iron Block à  pikatchou82 pour 11,000.00 β le survie_new
[13:20:09] [ITEM_SOLD]: Loan02 vendu 64 x Iron Block à  pikatchou82 pour 11,000.00 β le survie_new
[13:20:10] [ITEM_SOLD]: Loan02 vendu 64 x Iron Block à  pikatchou82 pour 11,000.00 β le survie_new
[13:23:23] [ITEM_CANCELLED]: Yohan81 annule la vente de 1x Globe de Transformations pour 30,000.00β sur survie_new
[13:23:24] [ITEM_CANCELLED]: Yohan81 annule la vente de 1x Globe de Transformations pour 30,000.00β sur survie_new
[13:23:25] [ITEM_CANCELLED]: Yohan81 annule la vente de 1x Globe de Transformations pour 30,000.00β sur survie_new
[13:23:27] [ITEM_RETURNED]: 1 x Globe de Transformations  renvoyé à Yohan81 le survie_new
[13:23:28] [ITEM_RETURNED]: 1 x Globe de Transformations  renvoyé à Yohan81 le survie_new
[13:23:28] [ITEM_RETURNED]: 1 x Globe de Transformations  renvoyé à Yohan81 le survie_new
[13:23:41] [ITEM_LISTED]: Yohan81 vend 1 x Globe de Transformations  pour 20,000.00β sur survie_new
[13:23:43] [ITEM_LISTED]: Yohan81 vend 1 x Globe de Transformations  pour 20,000.00β sur survie_new
[13:23:45] [ITEM_LISTED]: Yohan81 vend 1 x Globe de Transformations  pour 20,000.00β sur survie_new
[14:01:36] [ITEM_LISTED]: Pinsut vend 2 x Honey Block  pour 500.00β sur survie_new
[14:21:13] [ITEM_LISTED]: Loan02 vend 64 x Iron Block  pour 11,000.00β sur survie_new
[14:21:29] [ITEM_LISTED]: Loan02 vend 64 x Iron Block  pour 11,000.00β sur survie_new
[14:54:08] [ITEM_LISTED]: Yohan81 vend 11 x Chorus Flower  pour 1.00β sur survie_new
[14:54:10] [ITEM_LISTED]: Skullcute vend 3 x Chorus Flower  pour 0.00β sur survie_new
[14:54:21] [ITEM_SOLD]: Skullcute vendu 3 x Chorus Flower à  Loan02 pour 0.00 β le survie_new
[14:54:23] [ITEM_SOLD]: Yohan81 vendu 11 x Chorus Flower à  Loan02 pour 1.00 β le survie_new
[14:54:32] [ITEM_LISTED]: Loan02 vend 11 x Chorus Flower  pour 0.00β sur survie_new
[14:54:37] [ITEM_SOLD]: Loan02 vendu 11 x Chorus Flower à  blazou38 pour 0.00 β le survie_new
[14:54:40] [ITEM_LISTED]: Loan02 vend 3 x Chorus Flower  pour 0.00β sur survie_new
[14:54:42] [ITEM_SOLD]: Loan02 vendu 3 x Chorus Flower à  blazou38 pour 0.00 β le survie_new
[14:55:22] [ITEM_LISTED]: Zeelyrules vend 1 x Lead  pour 300.00β sur survie_new
[15:02:49] [ITEM_LISTED]: CroixVeBaton vend 1 x Beacon  pour 12,000.00β sur survie_new_nether
[15:02:58] [ITEM_SOLD]: CroixVeBaton vendu 1 x Beacon à  OfCourse pour 12,000.00 β le survie_new_nether
[15:03:37] [ITEM_SOLD]: Loan02 vendu 64 x Iron Block à  pikatchou82 pour 11,000.00 β le survie_new
[15:03:38] [ITEM_SOLD]: Loan02 vendu 64 x Iron Block à  pikatchou82 pour 11,000.00 β le survie_new
[16:03:00] [ITEM_SOLD]: Charlez220 vendu 1 x §;§:Spawner Dolphin x1 à  Loan02 pour 15,000.00 β le survie_new
[16:03:06] [ITEM_SOLD]: Charlez220 vendu 1 x §;§:Spawner Silverfish x1 à  Loan02 pour 10,000.00 β le survie_new
[16:26:03] [ITEM_LISTED]: samdec666 vend 1 x Partie d'équipement : IV  pour 1,000.00β sur survie_new
[16:40:01] [ITEM_SOLD]: samdec666 vendu 1 x Partie d'équipement : IV à  Isaorya pour 1,000.00 β le survie_new
[17:35:26] [ITEM_DROPPED]: Abandon de la vente Yohan81 expirée de 5 x Glowstone  pour 0.00β à leurs pieds le survie_new_nether
[17:50:53] [ITEM_SOLD]: Trailler_42 vendu 34 x Bone à  Isaorya pour 225.00 β le survie_new
[18:01:01] [ITEM_SOLD]: toutoubrosse vendu 64 x Cooked Beef à  Isaorya pour 10.00 β le survie_new
[18:11:51] [ITEM_LISTED]: CroixVeBaton vend 1 x Diamond Helmet  [Aqua Affinity] pour 1,500.00β sur survie_new
[18:19:56] [ITEM_LISTED]: Zeelyrules vend 1 x Saddle  pour 5,000.00β sur survie_new
[18:23:47] [ITEM_LISTED]: MATHEO vend 64 x Bamboo  pour 100.00β sur survie_new
[18:24:29] [ITEM_SOLD]: toutoubrosse vendu 64 x Cooked Beef à  Doomsmen pour 10.00 β le survie_new
[18:27:03] [ITEM_LISTED]: estedu59 vend 1 x Repeater  pour 50.00β sur survie_new
[18:30:04] [ITEM_SOLD]: Zeelyrules vendu 1 x Lead à  MATHEO pour 300.00 β le survie_new
[18:30:45] [ITEM_LISTED]: estedu59 vend 64 x Bamboo  pour 50.00β sur survie_new
[18:37:35] [ITEM_LISTED]: estedu59 vend 15 x Obsidian  pour 750.00β sur survie_new
[18:38:38] [ITEM_LISTED]: estedu59 vend 21 x Quartz Block  pour 750.00β sur survie_new
[18:42:48] [ITEM_LISTED]: samdec666 vend 64 x Grass Block  pour 3,000.00β sur survie_new
[18:48:08] [ITEM_LISTED]: samdec666 vend 64 x Grass Block  pour 2,500.00β sur survie_new
[18:48:21] [ITEM_LISTED]: estedu59 vend 1 x Golden Sword  [Knockback I, Sharpness II] pour 250.00β sur survie_new
[18:54:36] [ITEM_LISTED]: CroixVeBaton vend 20 x Tnt  pour 2,000.00β sur survie_new
[18:54:46] [ITEM_SOLD]: CroixVeBaton vendu 20 x Tnt à  Loan02 pour 2,000.00 β le survie_new
[18:55:41] [ITEM_LISTED]: Doomsmen vend 64 x Cobblestone  pour 50.00β sur survie_new
[18:55:50] [ITEM_LISTED]: Doomsmen vend 64 x Cobblestone  pour 50.00β sur survie_new
[18:55:57] [ITEM_LISTED]: Doomsmen vend 64 x Cobblestone  pour 50.00β sur survie_new
[18:56:04] [ITEM_LISTED]: Doomsmen vend 64 x Cobblestone  pour 50.00β sur survie_new
[18:59:28] [ITEM_SOLD]: Pinsut vendu 2 x Honey Block à  omega2028 pour 500.00 β le survie_new
[18:59:29] [ITEM_SOLD]: Pinsut vendu 2 x Honey Block à  omega2028 pour 500.00 β le survie_new
[18:59:31] [ITEM_SOLD]: Pinsut vendu 2 x Honey Block à  omega2028 pour 500.00 β le survie_new
[18:59:32] [ITEM_SOLD]: Pinsut vendu 2 x Honey Block à  omega2028 pour 500.00 β le survie_new
[18:59:33] [ITEM_SOLD]: Pinsut vendu 2 x Honey Block à  omega2028 pour 500.00 β le survie_new
[18:59:34] [ITEM_SOLD]: Pinsut vendu 2 x Honey Block à  omega2028 pour 500.00 β le survie_new
[19:11:00] [ITEM_LISTED]: CroixVeBaton vend 1 x Fishing Rod  [Lure I] pour 1,000.00β sur survie_new
[19:11:03] [ITEM_LISTED]: CroixVeBaton vend 1 x Fishing Rod  [unknown] pour 1,500.00β sur survie_new
[19:16:20] [ITEM_LISTED]: Doomsmen vend 1 x Partie d'équipement : V  pour 1,000.00β sur survie_new
[19:16:23] [ITEM_LISTED]: Doomsmen vend 1 x Written Book  pour 1,000.00β sur survie_new
[19:28:45] [ITEM_SOLD]: Max_Le_Max vendu 32 x Mycelium à  ianito pour 750.00 β le survie_new
[19:45:09] [ITEM_LISTED]: CroixVeBaton vend 1 x Trident  [Channeling, Impaling V, Loyalty III, Unbreaking III] pour 30,000.00β sur survie_new
[20:03:06] [ITEM_LISTED]: Loan02 vend 64 x Iron Block  pour 11,000.00β sur survie_new
[20:20:04] [ITEM_SOLD]: Doomsmen vendu 1 x Partie d'équipement : V à  Isaorya pour 1,000.00 β le survie_new
[20:20:14] [ITEM_SOLD]: Doomsmen vendu 1 x Written Book à  Isaorya pour 1,000.00 β le survie_new
[20:37:36] [ITEM_LISTED]: Loan02 vend 1 x Enchanted Book  pour 2,000.00β sur survie_new
[20:38:36] [ITEM_LISTED]: Loan02 vend 1 x Enchanted Book  pour 2,000.00β sur survie_new
[20:45:31] [ITEM_SOLD]: Rinpyo vendu 64 x Stone à  samdec666 pour 100.00 β le survie_new
[20:45:33] [ITEM_SOLD]: Rinpyo vendu 64 x Stone à  samdec666 pour 100.00 β le survie_new
[20:45:34] [ITEM_SOLD]: Rinpyo vendu 64 x Stone à  samdec666 pour 250.00 β le survie_new
[20:49:34] [ITEM_LISTED]: Loan02 vend 1 x C'eest d'la bonne  pour 100.00β sur survie_new
[20:51:27] [ITEM_LISTED]: Rinpyo vend 1 x Fishing Rod  [unknown, Lure III, Mending, Unbreaking III] pour 6,000.00β sur survie_new
[20:53:19] [ITEM_SOLD]: Yohan81 vendu 1 x Globe de Transformations à  CouzVeBaton pour 20,000.00 β le survie_new
[20:53:20] [ITEM_SOLD]: Yohan81 vendu 1 x Globe de Transformations à  CouzVeBaton pour 20,000.00 β le survie_new
[20:53:20] [ITEM_SOLD]: Yohan81 vendu 1 x Globe de Transformations à  CouzVeBaton pour 20,000.00 β le survie_new
[20:55:01] [ITEM_LISTED]: Loan02 vend 64 x Prismarine Crystals  pour 1,960.00β sur survie_new
[20:55:08] [ITEM_LISTED]: Loan02 vend 64 x Prismarine Crystals  pour 1,960.00β sur survie_new
[20:55:17] [ITEM_LISTED]: Loan02 vend 64 x Prismarine Crystals  pour 2,000.00β sur survie_new
[20:55:27] [ITEM_SOLD]: Loan02 vendu 64 x Prismarine Crystals à  Max_Le_Max pour 2,000.00 β le survie_new
[20:55:28] [ITEM_SOLD]: Loan02 vendu 64 x Prismarine Crystals à  Max_Le_Max pour 1,960.00 β le survie_new
[20:55:30] [ITEM_SOLD]: Loan02 vendu 64 x Prismarine Crystals à  Max_Le_Max pour 1,960.00 β le survie_new
[20:55:30] [ITEM_LISTED]: Loan02 vend 64 x Prismarine Crystals  pour 2,000.00β sur survie_new
[20:56:18] [ITEM_LISTED]: Loan02 vend 17 x Prismarine Crystals  pour 510.00β sur survie_new
[20:56:43] [ITEM_SOLD]: Loan02 vendu 64 x Prismarine Crystals à  Max_Le_Max pour 2,000.00 β le survie_new
[20:56:46] [ITEM_SOLD]: Loan02 vendu 17 x Prismarine Crystals à  Max_Le_Max pour 510.00 β le survie_new
[21:00:05] [ITEM_SOLD]: cloclolepedalo vendu 64 x Dark Oak Planks à  Minebark pour 190.00 β le survie_new
[21:05:48] [ITEM_LISTED]: Pinsut vend 2 x Honey Block  pour 500.00β sur survie_new
[21:20:35] [ITEM_LISTED]: Pinsut vend 2 x Honey Block  pour 500.00β sur survie_new
[21:21:34] [ITEM_LISTED]: samdec666 vend 64 x Oak Log  pour 200.00β sur survie_new
[21:21:37] [ITEM_SOLD]: samdec666 vendu 64 x Oak Log à  Minebark pour 200.00 β le survie_new
[21:21:37] [ITEM_LISTED]: samdec666 vend 64 x Jungle Log  pour 200.00β sur survie_new
[21:21:39] [ITEM_LISTED]: samdec666 vend 64 x Oak Log  pour 200.00β sur survie_new
[21:21:41] [ITEM_LISTED]: samdec666 vend 64 x Jungle Log  pour 200.00β sur survie_new
[21:21:41] [ITEM_SOLD]: samdec666 vendu 64 x Oak Log à  Minebark pour 200.00 β le survie_new
[21:21:43] [ITEM_SOLD]: samdec666 vendu 64 x Jungle Log à  Minebark pour 200.00 β le survie_new
[21:21:43] [ITEM_LISTED]: samdec666 vend 64 x Oak Log  pour 200.00β sur survie_new
[21:21:44] [ITEM_SOLD]: samdec666 vendu 64 x Jungle Log à  Minebark pour 200.00 β le survie_new
[21:21:45] [ITEM_SOLD]: samdec666 vendu 64 x Oak Log à  Minebark pour 200.00 β le survie_new
[21:21:45] [ITEM_LISTED]: samdec666 vend 64 x Jungle Log  pour 200.00β sur survie_new
[21:21:48] [ITEM_SOLD]: samdec666 vendu 64 x Jungle Log à  Minebark pour 200.00 β le survie_new
[21:31:29] [ITEM_LISTED]: blazou38 vend 1 x Leather Boots  [Mending] pour 10,000.00β sur survie_new
[21:42:44] [ITEM_LISTED]: Doomsmen vend 1 x Enchanted Book  pour 8,000.00β sur survie_new
[21:50:31] [ITEM_SOLD]: Stebanou vendu 1 x §;§:Spider Spawner 1x à  Isaorya pour 5,000.00 β le survie_new
[21:56:45] [ITEM_SOLD]: CroixVeBaton vendu 1 x Diamond Pickaxe à  [Silk Touch] protocox pour 3,000.00 β le survie_new
[21:58:11] [ITEM_CANCELLED]: Doomsmen annule la vente de 1x Enchanted Book pour 8,000.00β sur survie_new
[22:01:23] [ITEM_LISTED]: samdec666 vend 64 x Jungle Log  pour 200.00β sur survie_new
[22:01:27] [ITEM_LISTED]: samdec666 vend 64 x Jungle Log  pour 200.00β sur survie_new
[22:01:28] [ITEM_LISTED]: samdec666 vend 64 x Oak Log  pour 200.00β sur survie_new
[22:01:30] [ITEM_LISTED]: samdec666 vend 64 x Jungle Log  pour 200.00β sur survie_new
[22:01:32] [ITEM_LISTED]: samdec666 vend 64 x Oak Log  pour 200.00β sur survie_new
[22:01:34] [ITEM_SOLD]: samdec666 vendu 64 x Jungle Log à  Minebark pour 200.00 β le survie_new
[22:01:34] [ITEM_LISTED]: samdec666 vend 64 x Jungle Log  pour 200.00β sur survie_new
[22:01:35] [ITEM_SOLD]: samdec666 vendu 64 x Oak Log à  Minebark pour 200.00 β le survie_new
[22:01:36] [ITEM_LISTED]: samdec666 vend 64 x Oak Log  pour 200.00β sur survie_new
[22:01:36] [ITEM_SOLD]: samdec666 vendu 64 x Jungle Log à  Minebark pour 200.00 β le survie_new
[22:01:37] [ITEM_SOLD]: samdec666 vendu 64 x Oak Log à  Minebark pour 200.00 β le survie_new
[22:01:38] [ITEM_SOLD]: samdec666 vendu 64 x Jungle Log à  Minebark pour 200.00 β le survie_new
[22:01:39] [ITEM_SOLD]: samdec666 vendu 64 x Jungle Log à  Minebark pour 200.00 β le survie_new
[22:01:39] [ITEM_LISTED]: samdec666 vend 64 x Jungle Log  pour 200.00β sur survie_new
[22:01:40] [ITEM_SOLD]: samdec666 vendu 64 x Oak Log à  Minebark pour 200.00 β le survie_new
[22:01:41] [ITEM_LISTED]: samdec666 vend 64 x Jungle Log  pour 200.00β sur survie_new
[22:01:44] [ITEM_LISTED]: samdec666 vend 64 x Oak Log  pour 200.00β sur survie_new
[22:08:34] [ITEM_LISTED]: Pinsut vend 1 x §;§:Spawner Zombie x1  pour 3,000.00β sur survie_new
[22:08:43] [ITEM_LISTED]: CroixVeBaton vend 1 x Diamond Helmet  [Aqua Affinity] pour 2,000.00β sur survie_new
[22:08:54] [ITEM_LISTED]: CroixVeBaton vend 60 x Firework Rocket  pour 2,000.00β sur survie_new
[22:09:06] [ITEM_CANCELLED]: CroixVeBaton annule la vente de 60x Firework Rocket pour 2,000.00β sur survie_new
[22:09:14] [ITEM_RETURNED]: 60 x Firework Rocket  renvoyé à CroixVeBaton le survie_new
[22:09:25] [ITEM_LISTED]: CroixVeBaton vend 1 x Bow  [Flame, Infinity] pour 2,000.00β sur survie_new
[22:09:28] [ITEM_LISTED]: CroixVeBaton vend 1 x Bow  [Flame, Infinity] pour 2,000.00β sur survie_new
[22:10:36] [ITEM_LISTED]: CroixVeBaton vend 1 x Diamond Pickaxe  [Silk Touch] pour 2,000.00β sur survie_new
[22:11:15] [ITEM_LISTED]: CroixVeBaton vend 1 x Diamond Pickaxe  [Silk Touch] pour 2,000.00β sur survie_new
[22:12:12] [ITEM_LISTED]: CroixVeBaton vend 1 x Bow  [Flame, Infinity] pour 2,000.00β sur survie_new
[22:12:19] [ITEM_LISTED]: CroixVeBaton vend 1 x Diamond Helmet  [Aqua Affinity] pour 2,000.00β sur survie_new
[22:13:38] [ITEM_LISTED]: CroixVeBaton vend 1 x Bow  [Flame, Infinity] pour 2,000.00β sur survie_new
[22:13:42] [ITEM_LISTED]: CroixVeBaton vend 1 x Diamond Pickaxe  [Silk Touch] pour 2,000.00β sur survie_new
[22:13:46] [ITEM_LISTED]: CroixVeBaton vend 1 x Bow  [Flame, Infinity] pour 2,000.00β sur survie_new
[22:20:40] [ITEM_SOLD]: Loan02 vendu 1 x Enchanted Book à  Doomsmen pour 2,000.00 β le survie_new
[22:31:05] [ITEM_LISTED]: Pinsut vend 2 x Honey Block  pour 500.00β sur survie_new
[22:36:15] [ITEM_LISTED]: CroixVeBaton vend 1 x Diamond Pickaxe  [Silk Touch] pour 2,000.00β sur survie_new
[22:36:20] [ITEM_LISTED]: CroixVeBaton vend 1 x Diamond Pickaxe  [Silk Touch] pour 2,000.00β sur survie_new
[22:36:24] [ITEM_LISTED]: CroixVeBaton vend 1 x Diamond Helmet  [Aqua Affinity] pour 2,000.00β sur survie_new
[22:37:54] [ITEM_LISTED]: CroixVeBaton vend 1 x Diamond Pickaxe  [Silk Touch] pour 2,000.00β sur survie_new
[22:38:31] [ITEM_LISTED]: CroixVeBaton vend 1 x Diamond Sword  [Knockback I, Looting II] pour 2,000.00β sur survie_new
[22:38:42] [ITEM_LISTED]: CroixVeBaton vend 1 x Bow  [Flame, Infinity] pour 2,000.00β sur survie_new
[22:41:36] [ITEM_LISTED]: protocox vend 32 x Obsidian  pour 500.00β sur survie_new
[22:56:46] [ITEM_RETURNED]: 64 x Dark Oak Log  renvoyé à CroixVeBaton le survie_new
[22:56:46] [ITEM_RETURNED]: 64 x Dark Oak Log  renvoyé à CroixVeBaton le survie_new
[22:56:46] [ITEM_RETURNED]: 64 x Dark Oak Log  renvoyé à CroixVeBaton le survie_new
[22:56:46] [ITEM_RETURNED]: 64 x Dark Oak Log  renvoyé à CroixVeBaton le survie_new
[22:56:46] [ITEM_RETURNED]: 64 x Dark Oak Log  renvoyé à CroixVeBaton le survie_new
[22:56:46] [ITEM_RETURNED]: 64 x Dark Oak Log  renvoyé à CroixVeBaton le survie_new
[22:56:46] [ITEM_RETURNED]: 64 x Dark Oak Log  renvoyé à CroixVeBaton le survie_new
[22:56:46] [ITEM_RETURNED]: 64 x Dark Oak Log  renvoyé à CroixVeBaton le survie_new
[22:56:46] [ITEM_RETURNED]: 64 x Dark Oak Log  renvoyé à CroixVeBaton le survie_new
[22:56:46] [ITEM_RETURNED]: 64 x Dark Oak Log  renvoyé à CroixVeBaton le survie_new
[22:56:46] [ITEM_RETURNED]: 64 x Dark Oak Log  renvoyé à CroixVeBaton le survie_new
[22:56:46] [ITEM_RETURNED]: 64 x Dark Oak Log  renvoyé à CroixVeBaton le survie_new
[22:56:46] [ITEM_RETURNED]: 64 x Dark Oak Log  renvoyé à CroixVeBaton le survie_new
[22:56:46] [ITEM_RETURNED]: 64 x Dark Oak Log  renvoyé à CroixVeBaton le survie_new
[22:56:46] [ITEM_RETURNED]: 64 x Dark Oak Log  renvoyé à CroixVeBaton le survie_new
[22:56:46] [ITEM_RETURNED]: 64 x Dark Oak Log  renvoyé à CroixVeBaton le survie_new
[22:56:46] [ITEM_RETURNED]: 64 x Dark Oak Log  renvoyé à CroixVeBaton le survie_new
[22:56:46] [ITEM_RETURNED]: 64 x Dark Oak Log  renvoyé à CroixVeBaton le survie_new
[22:56:46] [ITEM_RETURNED]: 64 x Dark Oak Log  renvoyé à CroixVeBaton le survie_new
[22:56:46] [ITEM_RETURNED]: 64 x Dark Oak Log  renvoyé à CroixVeBaton le survie_new
[22:56:46] [ITEM_RETURNED]: 64 x Dark Oak Log  renvoyé à CroixVeBaton le survie_new
[22:56:46] [ITEM_RETURNED]: 64 x Dark Oak Log  renvoyé à CroixVeBaton le survie_new
[22:56:46] [ITEM_RETURNED]: 64 x Dark Oak Log  renvoyé à CroixVeBaton le survie_new
[22:56:46] [ITEM_RETURNED]: 64 x Dark Oak Log  renvoyé à CroixVeBaton le survie_new
[22:56:46] [ITEM_RETURNED]: 64 x Dark Oak Log  renvoyé à CroixVeBaton le survie_new
[22:56:46] [ITEM_RETURNED]: 64 x Dark Oak Log  renvoyé à CroixVeBaton le survie_new
[22:56:46] [ITEM_RETURNED]: 64 x Dark Oak Log  renvoyé à CroixVeBaton le survie_new
[22:56:46] [ITEM_RETURNED]: 64 x Dark Oak Log  renvoyé à CroixVeBaton le survie_new
[22:56:46] [ITEM_RETURNED]: 64 x Dark Oak Log  renvoyé à CroixVeBaton le survie_new
[22:56:46] [ITEM_RETURNED]: 64 x Dark Oak Log  renvoyé à CroixVeBaton le survie_new
[22:56:46] [ITEM_RETURNED]: 64 x Dark Oak Log  renvoyé à CroixVeBaton le survie_new
[22:56:46] [ITEM_RETURNED]: 64 x Dark Oak Log  renvoyé à CroixVeBaton le survie_new
[22:56:46] [ITEM_RETURNED]: 64 x Dark Oak Log  renvoyé à CroixVeBaton le survie_new
[22:56:46] [ITEM_RETURNED]: 64 x Dark Oak Log  renvoyé à CroixVeBaton le survie_new
[23:15:16] [ITEM_SOLD]: samdec666 vendu 64 x Jungle Log à  Pinsut pour 200.00 β le survie_new
[23:26:38] [ITEM_SOLD]: protocox vendu 32 x Obsidian à  Nexusso pour 500.00 β le survie_new
[23:27:41] [ITEM_SOLD]: samdec666 vendu 64 x Oak Log à  Nexusso pour 200.00 β le survie_new
[23:34:03] [ITEM_SOLD]: CroixVeBaton vendu 1 x Fishing Rod à  [unknown] rockronsley pour 1,500.00 β le survie_new
[23:50:07] [ITEM_SOLD]: Rinpyo vendu 1 x Fishing Rod à  [unknown, Lure III, Mending, Unbreaking III] Alexia67710 pour 6,000.00 β le survie_new
