[01:36:44] [ITEM_LISTED]: Bubu42 vend 31 x Coal Block  pour 1,200.00β sur survie_new
[01:38:31] [ITEM_RETURNED]: 1 x Heart Of The Sea  renvoyé à Bubu42 le survie_new
[01:40:21] [ITEM_SOLD]: Bubu42 vendu 31 x Coal Block à  Karazhar pour 1,200.00 β le survie_new
[12:34:21] [ITEM_LISTED]: pikatchou82 vend 64 x Golden Apple  pour 5,000.00β sur survie_new
[12:34:24] [ITEM_LISTED]: pikatchou82 vend 64 x Golden Apple  pour 5,000.00β sur survie_new
[12:34:26] [ITEM_LISTED]: pikatchou82 vend 64 x Golden Apple  pour 5,000.00β sur survie_new
[12:34:43] [ITEM_RETURNED]: 1 x full enclumes  renvoyé à pikatchou82 le survie_new
[12:34:44] [ITEM_RETURNED]: 1 x full plaques de pressions  renvoyé à pikatchou82 le survie_new
[12:34:44] [ITEM_RETURNED]: 1 x full montres  renvoyé à pikatchou82 le survie_new
[12:34:45] [ITEM_RETURNED]: 1 x full montre  renvoyé à pikatchou82 le survie_new
[12:34:45] [ITEM_RETURNED]: 1 x full enclumes  renvoyé à pikatchou82 le survie_new
[12:34:45] [ITEM_RETURNED]: 1 x full jukebox  renvoyé à pikatchou82 le survie_new
[12:34:46] [ITEM_RETURNED]: 64 x Golden Apple  renvoyé à pikatchou82 le survie_new
[12:34:46] [ITEM_RETURNED]: 1 x Presents  renvoyé à pikatchou82 le survie_new
[12:34:46] [ITEM_RETURNED]: 64 x Anvil  renvoyé à pikatchou82 le survie_new
[12:34:47] [ITEM_RETURNED]: 64 x Anvil  renvoyé à pikatchou82 le survie_new
[12:34:47] [ITEM_RETURNED]: 64 x Anvil  renvoyé à pikatchou82 le survie_new
[12:34:47] [ITEM_RETURNED]: 64 x Anvil  renvoyé à pikatchou82 le survie_new
[12:34:47] [ITEM_RETURNED]: 64 x Anvil  renvoyé à pikatchou82 le survie_new
[12:34:47] [ITEM_RETURNED]: 64 x Anvil  renvoyé à pikatchou82 le survie_new
[12:34:58] [ITEM_LISTED]: pikatchou82 vend 64 x Golden Apple  pour 5,000.00β sur survie_new
[12:35:19] [ITEM_LISTED]: pikatchou82 vend 1 x full montres  pour 5,000.00β sur survie_new
[12:35:22] [ITEM_LISTED]: pikatchou82 vend 1 x full montre  pour 5,000.00β sur survie_new
[12:35:24] [ITEM_LISTED]: pikatchou82 vend 1 x full plaques de pressions  pour 5,000.00β sur survie_new
[12:35:35] [ITEM_LISTED]: pikatchou82 vend 1 x full jukebox  pour 10,000.00β sur survie_new
[12:35:37] [ITEM_LISTED]: pikatchou82 vend 1 x full enclumes  pour 10,000.00β sur survie_new
[12:35:39] [ITEM_LISTED]: pikatchou82 vend 1 x full enclumes  pour 10,000.00β sur survie_new
[13:30:56] [ITEM_CANCELLED]: Max_Le_Max annule la vente de 32x Purpur Block pour 375.50β sur survie_new
[13:30:57] [ITEM_CANCELLED]: Max_Le_Max annule la vente de 64x Purpur Block pour 750.00β sur survie_new
[13:31:11] [ITEM_CANCELLED]: Max_Le_Max annule la vente de 1x Diamond Horse Armor pour 1,000.00β sur survie_new
[13:31:11] [ITEM_CANCELLED]: Max_Le_Max annule la vente de 1x Iron Horse Armor pour 400.00β sur survie_new
[13:31:11] [ITEM_CANCELLED]: Max_Le_Max annule la vente de 1x Saddle pour 800.00β sur survie_new
[13:31:12] [ITEM_CANCELLED]: Max_Le_Max annule la vente de 1x Saddle pour 800.00β sur survie_new
[13:31:12] [ITEM_CANCELLED]: Max_Le_Max annule la vente de 1x Saddle pour 800.00β sur survie_new
[13:31:12] [ITEM_CANCELLED]: Max_Le_Max annule la vente de 1x Saddle pour 800.00β sur survie_new
[13:31:13] [ITEM_CANCELLED]: Max_Le_Max annule la vente de 1x Saddle pour 800.00β sur survie_new
[13:31:14] [ITEM_RETURNED]: 1 x Saddle  renvoyé à Max_Le_Max le survie_new
[13:31:14] [ITEM_RETURNED]: 1 x Saddle  renvoyé à Max_Le_Max le survie_new
[13:31:14] [ITEM_RETURNED]: 1 x Saddle  renvoyé à Max_Le_Max le survie_new
[13:31:15] [ITEM_RETURNED]: 1 x Saddle  renvoyé à Max_Le_Max le survie_new
[13:31:15] [ITEM_RETURNED]: 1 x Saddle  renvoyé à Max_Le_Max le survie_new
[13:31:15] [ITEM_RETURNED]: 1 x Iron Horse Armor  renvoyé à Max_Le_Max le survie_new
[13:31:15] [ITEM_RETURNED]: 1 x Diamond Horse Armor  renvoyé à Max_Le_Max le survie_new
[13:31:15] [ITEM_RETURNED]: 64 x Purpur Block  renvoyé à Max_Le_Max le survie_new
[13:31:16] [ITEM_RETURNED]: 32 x Purpur Block  renvoyé à Max_Le_Max le survie_new
[13:31:26] [ITEM_SOLD]: Karazhar vendu 1 x §;§:Cave spider Spawner 1x à  R0wZen pour 5,000.00 β le survie_new
[13:37:46] [ITEM_LISTED]: Max_Le_Max vend 1 x §;§:Chicken Spawner 1x  pour 6,000.00β sur survie_new
[13:47:49] [ITEM_LISTED]: pikatchou82 vend 1 x Shulker Box  pour 10,000.00β sur survie_new
[13:48:12] [ITEM_LISTED]: pikatchou82 vend 64 x Golden Apple  pour 5,000.00β sur survie_new
[14:14:38] [ITEM_SOLD]: Max_Le_Max vendu 1 x §;§:Chicken Spawner 1x à  samyglue pour 6,000.00 β le survie_new
[14:17:21] [ITEM_SOLD]: GoldenFarmers vendu 4 x Sea Lantern à  Natvolh24 pour 1,000.00 β le survie_new
[14:39:38] [ITEM_LISTED]: Yohan81 vend 1 x Fishing Rod  [unknown] pour 3,000.00β sur survie_new
[14:49:59] [ITEM_LISTED]: Aorixsama vend 1 x Diamond Pickaxe  [Efficiency V, Fortune III, Unbreaking III] pour 16,000.00β sur survie_new
[15:55:15] [ITEM_SOLD]: Karazhar vendu 1 x Dolphin Spawn Egg à  Isaorya pour 3,000.00 β le survie_new
[16:22:39] [ITEM_LISTED]: samdec666 vend 64 x Jungle Log  pour 200.00β sur survie_new
[16:22:41] [ITEM_LISTED]: samdec666 vend 64 x Oak Log  pour 200.00β sur survie_new
[16:27:35] [ITEM_LISTED]: samdec666 vend 64 x Jungle Log  pour 200.00β sur survie_new
[16:27:42] [ITEM_LISTED]: samdec666 vend 64 x Jungle Log  pour 200.00β sur survie_new
[16:27:43] [ITEM_LISTED]: samdec666 vend 64 x Oak Log  pour 200.00β sur survie_new
[16:33:01] [ITEM_LISTED]: samdec666 vend 64 x Oak Log  pour 200.00β sur survie_new
[16:34:36] [ITEM_LISTED]: samdec666 vend 64 x Jungle Log  pour 200.00β sur survie_new
[16:34:55] [ITEM_LISTED]: samdec666 vend 64 x Oak Log  pour 200.00β sur survie_new
[16:35:00] [ITEM_LISTED]: samdec666 vend 64 x Jungle Log  pour 200.00β sur survie_new
[16:41:42] [ITEM_LISTED]: samdec666 vend 64 x Oak Log  pour 200.00β sur survie_new
[16:41:44] [ITEM_LISTED]: samdec666 vend 64 x Oak Log  pour 200.00β sur survie_new
[16:43:29] [ITEM_LISTED]: samdec666 vend 64 x Jungle Log  pour 200.00β sur survie_new
[16:43:31] [ITEM_LISTED]: samdec666 vend 64 x Oak Log  pour 200.00β sur survie_new
[16:43:33] [ITEM_LISTED]: samdec666 vend 64 x Jungle Log  pour 200.00β sur survie_new
[16:43:46] [ITEM_LISTED]: samdec666 vend 64 x Oak Log  pour 200.00β sur survie_new
[16:44:19] [ITEM_RETURNED]: 1 x Fishing Rod  [Mending, Unbreaking III] renvoyé à samdec666 le survie_new
[16:44:55] [ITEM_RETURNED]: 1 x Fishing Rod  [Mending, Unbreaking III] renvoyé à samdec666 le survie_new
[16:44:59] [ITEM_RETURNED]: 1 x Iron Axe  renvoyé à samdec666 le survie_new
[16:44:59] [ITEM_RETURNED]: 64 x Grass Block  renvoyé à samdec666 le survie_new
[16:45:19] [ITEM_LISTED]: samdec666 vend 1 x Fishing Rod  [Mending, Unbreaking III] pour 1,000.00β sur survie_new
[16:45:23] [ITEM_LISTED]: samdec666 vend 1 x Fishing Rod  [Mending, Unbreaking III] pour 1,000.00β sur survie_new
[16:45:27] [ITEM_LISTED]: samdec666 vend 1 x Iron Axe  pour 100.00β sur survie_new
[16:46:45] [ITEM_LISTED]: samdec666 vend 64 x Grass Block  pour 100.00β sur survie_new
[16:49:04] [ITEM_LISTED]: samdec666 vend 64 x Jungle Log  pour 200.00β sur survie_new
[16:49:06] [ITEM_LISTED]: samdec666 vend 64 x Jungle Log  pour 200.00β sur survie_new
[16:49:08] [ITEM_LISTED]: samdec666 vend 64 x Jungle Log  pour 200.00β sur survie_new
[16:49:10] [ITEM_LISTED]: samdec666 vend 64 x Oak Log  pour 200.00β sur survie_new
[16:55:51] [ITEM_LISTED]: samdec666 vend 64 x Jungle Log  pour 200.00β sur survie_new
[16:55:53] [ITEM_LISTED]: samdec666 vend 64 x Oak Log  pour 200.00β sur survie_new
[16:55:55] [ITEM_LISTED]: samdec666 vend 64 x Jungle Log  pour 200.00β sur survie_new
[16:59:51] [ITEM_LISTED]: Max_Le_Max vend 1 x §;§:Dolphin Spawner 1x  pour 10,000.00β sur survie_new
[17:00:56] [ITEM_LISTED]: samdec666 vend 64 x Jungle Log  pour 200.00β sur survie_new
[17:00:59] [ITEM_LISTED]: samdec666 vend 64 x Jungle Log  pour 200.00β sur survie_new
[17:01:02] [ITEM_LISTED]: samdec666 vend 64 x Oak Log  pour 200.00β sur survie_new
[17:01:04] [ITEM_LISTED]: samdec666 vend 64 x Oak Log  pour 200.00β sur survie_new
[17:06:35] [ITEM_LISTED]: samdec666 vend 64 x Jungle Log  pour 200.00β sur survie_new
[17:06:36] [ITEM_LISTED]: samdec666 vend 64 x Oak Log  pour 200.00β sur survie_new
[17:06:38] [ITEM_LISTED]: samdec666 vend 64 x Jungle Log  pour 200.00β sur survie_new
[17:06:40] [ITEM_LISTED]: samdec666 vend 64 x Oak Log  pour 200.00β sur survie_new
[17:07:56] [ITEM_LISTED]: samdec666 vend 64 x Jungle Log  pour 200.00β sur survie_new
[17:07:58] [ITEM_LISTED]: samdec666 vend 64 x Oak Log  pour 200.00β sur survie_new
[17:08:00] [ITEM_LISTED]: samdec666 vend 64 x Jungle Log  pour 200.00β sur survie_new
[17:09:07] [ITEM_LISTED]: Lacourgette vend 1 x Enchanted Book  pour 5,000.00β sur survie_new
[17:09:23] [ITEM_LISTED]: Lacourgette vend 1 x Enchanted Book  pour 5,000.00β sur survie_new
[17:11:38] [ITEM_LISTED]: Lacourgette vend 3 x Name Tag  pour 900.00β sur survie_new
[17:21:41] [ITEM_SOLD]: samdec666 vendu 64 x Jungle Log à  Isaorya pour 200.00 β le survie_new
[17:24:34] [ITEM_SOLD]: pikatchou82 vendu 64 x Golden Apple à  RobaingDeBoa pour 5,000.00 β le survie_new
[17:29:40] [ITEM_LISTED]: samdec666 vend 64 x Oak Log  pour 200.00β sur survie_new
[17:32:12] [ITEM_LISTED]: samdec666 vend 64 x Oak Log  pour 200.00β sur survie_new
[17:32:20] [ITEM_LISTED]: samdec666 vend 64 x Jungle Log  pour 200.00β sur survie_new
[17:32:24] [ITEM_LISTED]: samdec666 vend 64 x Jungle Log  pour 200.00β sur survie_new
[17:37:53] [ITEM_LISTED]: samdec666 vend 64 x Jungle Log  pour 200.00β sur survie_new
[17:37:55] [ITEM_LISTED]: samdec666 vend 64 x Oak Log  pour 200.00β sur survie_new
[17:37:57] [ITEM_LISTED]: samdec666 vend 64 x Oak Log  pour 200.00β sur survie_new
[17:39:16] [ITEM_LISTED]: OfCourse vend 1 x Plan d'Arbalète  pour 3,000.00β sur survie_new
[17:45:34] [ITEM_CANCELLED]: OfCourse annule la vente de 1x Plan d'Arbalète pour 3,000.00β sur survie_new
[17:45:45] [ITEM_RETURNED]: 1 x Plan d'Arbalète  renvoyé à OfCourse le survie_new
[17:45:45] [ITEM_RETURNED]: 1 x Diamond Shovel  [Efficiency VI, Mending] renvoyé à OfCourse le survie_new
[17:45:46] [ITEM_RETURNED]: 1 x Iron Boots  [Frost Walker II] renvoyé à OfCourse le survie_new
[17:45:46] [ITEM_RETURNED]: 1 x Iron Boots  [Feather Falling IV, Fire Protection III] renvoyé à OfCourse le survie_new
[17:45:46] [ITEM_RETURNED]: 1 x Partie d'équipement : II  renvoyé à OfCourse le survie_new
[17:45:46] [ITEM_RETURNED]: 1 x Iron Boots  [Depth Strider III, Fire Protection IV] renvoyé à OfCourse le survie_new
[17:45:46] [ITEM_RETURNED]: 1 x Iron Leggings  [Protection IV, Unbreaking III] renvoyé à OfCourse le survie_new
[17:45:46] [ITEM_RETURNED]: 1 x Diamond Helmet  [Fire Protection III] renvoyé à OfCourse le survie_new
[17:45:47] [ITEM_RETURNED]: 1 x Iron Boots  [Depth Strider II, Protection III] renvoyé à OfCourse le survie_new
[17:45:47] [ITEM_RETURNED]: 1 x Partie d'équipement : I  renvoyé à OfCourse le survie_new
[17:49:02] [ITEM_LISTED]: samdec666 vend 64 x Jungle Log  pour 200.00β sur survie_new
[18:02:11] [ITEM_SOLD]: Lacourgette vendu 3 x Name Tag à  Christophe_ pour 900.00 β le survie_new
[18:03:25] [ITEM_SOLD]: Karazhar vendu 1 x §;§:Spawner Zombie x1 à  AzodFR pour 7,500.00 β le survie_new
[18:05:42] [ITEM_RETURNED]: 1 x Bow  [Flame, Infinity] renvoyé à CouzVeBaton le survie_new
[18:05:42] [ITEM_RETURNED]: 1 x Bow  [Flame, Infinity] renvoyé à CouzVeBaton le survie_new
[18:05:42] [ITEM_RETURNED]: 1 x Bow  [Flame, Infinity] renvoyé à CouzVeBaton le survie_new
[18:05:42] [ITEM_RETURNED]: 1 x Bow  [Flame, Infinity] renvoyé à CouzVeBaton le survie_new
[18:05:42] [ITEM_RETURNED]: 1 x Diamond Pickaxe  [Silk Touch] renvoyé à CouzVeBaton le survie_new
[18:05:42] [ITEM_RETURNED]: 1 x Diamond Pickaxe  [Silk Touch] renvoyé à CouzVeBaton le survie_new
[18:05:42] [ITEM_RETURNED]: 1 x Bow  [Flame, Infinity] renvoyé à CouzVeBaton le survie_new
[18:06:45] [ITEM_RETURNED]: 1 x Diamond Helmet  [Aqua Affinity] renvoyé à CouzVeBaton le survie_new
[18:06:45] [ITEM_RETURNED]: 1 x Diamond Helmet  [Aqua Affinity] renvoyé à CouzVeBaton le survie_new
[18:06:45] [ITEM_RETURNED]: 1 x Diamond Helmet  [Aqua Affinity] renvoyé à CouzVeBaton le survie_new
[18:06:45] [ITEM_RETURNED]: 1 x Bow  [Flame, Infinity] renvoyé à CouzVeBaton le survie_new
[18:06:45] [ITEM_RETURNED]: 1 x Diamond Helmet  [Aqua Affinity] renvoyé à CouzVeBaton le survie_new
[18:07:29] [ITEM_LISTED]: CouzVeBaton vend 1 x Bow  [Flame, Infinity] pour 1,500.00β sur survie_new
[18:10:49] [ITEM_CANCELLED]: Efysio annule la vente de 1x §;§:Cat Spawner 1x pour 15,000.00β sur survie_new
[18:11:01] [ITEM_RETURNED]: 1 x §;§:Cat Spawner 1x  renvoyé à Efysio le survie_new
[18:16:14] [ITEM_LISTED]: Efysio vend 1 x §;§:Cat Spawner 1x  pour 10,000.00β sur survie_new
[18:34:32] [ITEM_RETURNED]: 1 x Shulker Box  renvoyé à Minebark le survie_new
[18:34:32] [ITEM_RETURNED]: 1 x Shulker Box  renvoyé à Minebark le survie_new
[18:34:32] [ITEM_RETURNED]: 1 x Brown Shulker Box  renvoyé à Minebark le survie_new
[18:34:32] [ITEM_RETURNED]: 1 x Purple Shulker Box  renvoyé à Minebark le survie_new
[18:34:32] [ITEM_RETURNED]: 1 x Purple Shulker Box  renvoyé à Minebark le survie_new
[18:34:32] [ITEM_RETURNED]: 1 x Light Gray Shulker Box  renvoyé à Minebark le survie_new
[18:34:32] [ITEM_RETURNED]: 1 x Shulker Box  renvoyé à Minebark le survie_new
[18:34:32] [ITEM_RETURNED]: 1 x Green Shulker Box  renvoyé à Minebark le survie_new
[18:34:32] [ITEM_RETURNED]: 1 x Gray Shulker Box  renvoyé à Minebark le survie_new
[18:34:32] [ITEM_RETURNED]: 1 x Black Shulker Box  renvoyé à Minebark le survie_new
[18:34:32] [ITEM_RETURNED]: 1 x White Shulker Box  renvoyé à Minebark le survie_new
[18:34:32] [ITEM_RETURNED]: 1 x Magenta Shulker Box  renvoyé à Minebark le survie_new
[18:34:32] [ITEM_RETURNED]: 1 x Light Gray Shulker Box  renvoyé à Minebark le survie_new
[18:34:32] [ITEM_RETURNED]: 1 x Pink Shulker Box  renvoyé à Minebark le survie_new
[18:34:32] [ITEM_RETURNED]: 1 x Gray Shulker Box  renvoyé à Minebark le survie_new
[18:34:32] [ITEM_RETURNED]: 1 x Green Shulker Box  renvoyé à Minebark le survie_new
[18:34:32] [ITEM_RETURNED]: 1 x Brown Shulker Box  renvoyé à Minebark le survie_new
[18:42:53] [ITEM_SOLD]: samdec666 vendu 64 x Oak Log à  Minebark pour 200.00 β le survie_new
[18:42:54] [ITEM_SOLD]: samdec666 vendu 64 x Jungle Log à  Minebark pour 200.00 β le survie_new
[18:42:55] [ITEM_SOLD]: samdec666 vendu 64 x Jungle Log à  Minebark pour 200.00 β le survie_new
[18:42:56] [ITEM_SOLD]: samdec666 vendu 64 x Oak Log à  Minebark pour 200.00 β le survie_new
[18:42:57] [ITEM_SOLD]: samdec666 vendu 64 x Jungle Log à  Minebark pour 200.00 β le survie_new
[18:42:58] [ITEM_SOLD]: samdec666 vendu 64 x Jungle Log à  Minebark pour 200.00 β le survie_new
[18:42:59] [ITEM_SOLD]: samdec666 vendu 64 x Jungle Log à  Minebark pour 200.00 β le survie_new
[18:43:00] [ITEM_SOLD]: samdec666 vendu 64 x Oak Log à  Minebark pour 200.00 β le survie_new
[18:43:01] [ITEM_SOLD]: samdec666 vendu 64 x Oak Log à  Minebark pour 200.00 β le survie_new
[18:43:02] [ITEM_SOLD]: samdec666 vendu 64 x Jungle Log à  Minebark pour 200.00 β le survie_new
[18:43:04] [ITEM_SOLD]: samdec666 vendu 64 x Oak Log à  Minebark pour 200.00 β le survie_new
[18:43:05] [ITEM_SOLD]: samdec666 vendu 64 x Jungle Log à  Minebark pour 200.00 β le survie_new
[18:43:06] [ITEM_SOLD]: samdec666 vendu 64 x Oak Log à  Minebark pour 200.00 β le survie_new
[18:43:07] [ITEM_SOLD]: samdec666 vendu 64 x Jungle Log à  Minebark pour 200.00 β le survie_new
[18:43:08] [ITEM_SOLD]: samdec666 vendu 64 x Jungle Log à  Minebark pour 200.00 β le survie_new
[18:43:09] [ITEM_SOLD]: samdec666 vendu 64 x Oak Log à  Minebark pour 200.00 β le survie_new
[18:43:10] [ITEM_SOLD]: samdec666 vendu 64 x Oak Log à  Minebark pour 200.00 β le survie_new
[18:43:11] [ITEM_SOLD]: samdec666 vendu 64 x Jungle Log à  Minebark pour 200.00 β le survie_new
[18:43:12] [ITEM_SOLD]: samdec666 vendu 64 x Jungle Log à  Minebark pour 200.00 β le survie_new
[18:43:13] [ITEM_SOLD]: samdec666 vendu 64 x Oak Log à  Minebark pour 200.00 β le survie_new
[18:43:14] [ITEM_SOLD]: samdec666 vendu 64 x Oak Log à  Minebark pour 200.00 β le survie_new
[18:43:15] [ITEM_SOLD]: samdec666 vendu 64 x Jungle Log à  Minebark pour 200.00 β le survie_new
[18:43:17] [ITEM_SOLD]: samdec666 vendu 64 x Jungle Log à  Minebark pour 200.00 β le survie_new
[18:43:19] [ITEM_SOLD]: samdec666 vendu 64 x Jungle Log à  Minebark pour 200.00 β le survie_new
[18:43:43] [ITEM_SOLD]: samdec666 vendu 64 x Oak Log à  Minebark pour 200.00 β le survie_new
[18:43:44] [ITEM_SOLD]: samdec666 vendu 64 x Jungle Log à  Minebark pour 200.00 β le survie_new
[18:43:44] [ITEM_SOLD]: samdec666 vendu 64 x Jungle Log à  Minebark pour 200.00 β le survie_new
[18:43:45] [ITEM_SOLD]: samdec666 vendu 64 x Oak Log à  Minebark pour 200.00 β le survie_new
[18:43:46] [ITEM_SOLD]: samdec666 vendu 64 x Oak Log à  Minebark pour 200.00 β le survie_new
[19:24:42] [ITEM_SOLD]: samdec666 vendu 64 x Grass Block à  Natvolh24 pour 100.00 β le survie_new
[19:24:44] [ITEM_SOLD]: samdec666 vendu 64 x Oak Log à  Natvolh24 pour 200.00 β le survie_new
[19:24:45] [ITEM_SOLD]: samdec666 vendu 64 x Oak Log à  Natvolh24 pour 200.00 β le survie_new
[19:24:46] [ITEM_SOLD]: samdec666 vendu 64 x Jungle Log à  Natvolh24 pour 200.00 β le survie_new
[19:24:55] [ITEM_SOLD]: samdec666 vendu 64 x Oak Log à  Natvolh24 pour 200.00 β le survie_new
[19:24:57] [ITEM_SOLD]: samdec666 vendu 64 x Jungle Log à  Natvolh24 pour 200.00 β le survie_new
[19:25:00] [ITEM_SOLD]: samdec666 vendu 64 x Oak Log à  Natvolh24 pour 200.00 β le survie_new
[19:47:15] [ITEM_LISTED]: Rinpyo vend 1 x Bow  [Flame, Infinity, Power V, Unbreaking III] pour 4,000.00β sur survie_new
[19:48:22] [ITEM_LISTED]: Rinpyo vend 1 x Bow  [Flame, Infinity, Power V, Punch II, Unbreaking III] pour 4,000.00β sur survie_new
[19:56:54] [ITEM_LISTED]: h_ney vend 32 x Gold Block  pour 9,600.00β sur survie_new
[19:57:01] [ITEM_SOLD]: h_ney vendu 32 x Gold Block à  RobaingDeBoa pour 9,600.00 β le survie_new
[19:58:35] [ITEM_LISTED]: RobaingDeBoa vend 32 x Gold Block  pour 9,600.00β sur survie_new
[19:58:41] [ITEM_SOLD]: RobaingDeBoa vendu 32 x Gold Block à  Minebark pour 9,600.00 β le survie_new
[20:25:06] [ITEM_LISTED]: Aorixsama vend 1 x Enchanted Golden Apple  pour 20,000.00β sur survie_new
[21:17:33] [ITEM_LISTED]: Rinpyo vend 8 x Name Tag  pour 2,000.00β sur survie_new
[21:29:39] [ITEM_SOLD]: samdec666 vendu 64 x Oak Log à  Isaorya pour 200.00 β le survie_new
[21:39:38] [ITEM_CANCELLED]: Ender_Shock annule la vente de 1x Enchanted Book pour 9,250.00β sur survie_new
[21:39:39] [ITEM_CANCELLED]: Ender_Shock annule la vente de 1x Enchanted Book pour 9,250.00β sur survie_new
[21:39:40] [ITEM_CANCELLED]: Ender_Shock annule la vente de 1x Enchanted Book pour 9,250.00β sur survie_new
[21:39:40] [ITEM_CANCELLED]: Ender_Shock annule la vente de 1x Enchanted Book pour 9,250.00β sur survie_new
[21:39:41] [ITEM_CANCELLED]: Ender_Shock annule la vente de 1x Enchanted Book pour 9,250.00β sur survie_new
[21:39:42] [ITEM_CANCELLED]: Ender_Shock annule la vente de 1x Enchanted Book pour 9,250.00β sur survie_new
[21:39:42] [ITEM_CANCELLED]: Ender_Shock annule la vente de 1x Enchanted Book pour 9,250.00β sur survie_new
[21:39:42] [ITEM_CANCELLED]: Ender_Shock annule la vente de 1x Enchanted Book pour 9,250.00β sur survie_new
[21:40:43] [ITEM_LISTED]: Ender_Shock vend 1 x Enchanted Book  pour 9,000.00β sur survie_new
[21:40:45] [ITEM_LISTED]: Ender_Shock vend 1 x Enchanted Book  pour 9,000.00β sur survie_new
[21:40:47] [ITEM_LISTED]: Ender_Shock vend 1 x Enchanted Book  pour 9,000.00β sur survie_new
[21:40:49] [ITEM_LISTED]: Ender_Shock vend 1 x Enchanted Book  pour 9,000.00β sur survie_new
[21:40:50] [ITEM_LISTED]: Ender_Shock vend 1 x Enchanted Book  pour 9,000.00β sur survie_new
[21:40:52] [ITEM_LISTED]: Ender_Shock vend 1 x Enchanted Book  pour 9,000.00β sur survie_new
[21:40:54] [ITEM_LISTED]: Ender_Shock vend 1 x Enchanted Book  pour 9,000.00β sur survie_new
[21:40:55] [ITEM_LISTED]: Ender_Shock vend 1 x Enchanted Book  pour 9,000.00β sur survie_new
[21:40:57] [ITEM_LISTED]: Ender_Shock vend 1 x Enchanted Book  pour 9,000.00β sur survie_new
[21:41:05] [ITEM_RETURNED]: 1 x Enchanted Book  renvoyé à Ender_Shock le survie_new
[21:41:05] [ITEM_RETURNED]: 1 x Enchanted Book  renvoyé à Ender_Shock le survie_new
[21:41:06] [ITEM_RETURNED]: 1 x Enchanted Book  renvoyé à Ender_Shock le survie_new
[21:41:06] [ITEM_RETURNED]: 1 x Enchanted Book  renvoyé à Ender_Shock le survie_new
[21:41:07] [ITEM_RETURNED]: 1 x Enchanted Book  renvoyé à Ender_Shock le survie_new
[21:41:07] [ITEM_RETURNED]: 1 x Enchanted Book  renvoyé à Ender_Shock le survie_new
[21:41:07] [ITEM_RETURNED]: 1 x Enchanted Book  renvoyé à Ender_Shock le survie_new
[21:41:08] [ITEM_RETURNED]: 1 x Enchanted Book  renvoyé à Ender_Shock le survie_new
[21:41:08] [ITEM_CANCELLED]: Ender_Shock annule la vente de 1x Enchanted Book pour 9,000.00β sur survie_new
[21:41:10] [ITEM_CANCELLED]: Ender_Shock annule la vente de 1x Enchanted Book pour 9,000.00β sur survie_new
[21:41:15] [ITEM_RETURNED]: 1 x Enchanted Book  renvoyé à Ender_Shock le survie_new
[21:41:16] [ITEM_RETURNED]: 1 x Enchanted Book  renvoyé à Ender_Shock le survie_new
[21:41:25] [ITEM_LISTED]: Ender_Shock vend 1 x Enchanted Book  pour 9,000.00β sur survie_new
[21:41:26] [ITEM_LISTED]: Ender_Shock vend 1 x Enchanted Book  pour 9,000.00β sur survie_new
[21:41:28] [ITEM_LISTED]: Ender_Shock vend 1 x Enchanted Book  pour 9,000.00β sur survie_new
[21:41:29] [ITEM_LISTED]: Ender_Shock vend 1 x Enchanted Book  pour 9,000.00β sur survie_new
[21:41:31] [ITEM_LISTED]: Ender_Shock vend 1 x Enchanted Book  pour 9,000.00β sur survie_new
[21:41:33] [ITEM_LISTED]: Ender_Shock vend 1 x Enchanted Book  pour 9,000.00β sur survie_new
[21:41:34] [ITEM_LISTED]: Ender_Shock vend 1 x Enchanted Book  pour 9,000.00β sur survie_new
[21:41:36] [ITEM_LISTED]: Ender_Shock vend 1 x Enchanted Book  pour 9,000.00β sur survie_new
[21:41:39] [ITEM_LISTED]: Ender_Shock vend 1 x Enchanted Book  pour 9,000.00β sur survie_new
[21:41:43] [ITEM_LISTED]: Ender_Shock vend 1 x Enchanted Book  pour 9,000.00β sur survie_new
[21:41:44] [ITEM_LISTED]: Ender_Shock vend 1 x Enchanted Book  pour 9,000.00β sur survie_new
[21:41:46] [ITEM_LISTED]: Ender_Shock vend 1 x Enchanted Book  pour 9,000.00β sur survie_new
[21:41:47] [ITEM_LISTED]: Ender_Shock vend 1 x Enchanted Book  pour 9,000.00β sur survie_new
[21:51:27] [ITEM_SOLD]: samdec666 vendu 64 x Oak Log à  GoldenFarmers pour 200.00 β le survie_new
[21:51:28] [ITEM_SOLD]: samdec666 vendu 64 x Jungle Log à  GoldenFarmers pour 200.00 β le survie_new
[21:51:30] [ITEM_SOLD]: samdec666 vendu 64 x Jungle Log à  GoldenFarmers pour 200.00 β le survie_new
[21:51:31] [ITEM_SOLD]: samdec666 vendu 64 x Jungle Log à  GoldenFarmers pour 200.00 β le survie_new
[23:02:31] [ITEM_SOLD]: CouzVeBaton vendu 1 x Shulker Box à  D_Benji pour 1,500.00 β le survie_new
[23:03:07] [ITEM_SOLD]: CouzVeBaton vendu 1 x Shulker Box à  MrYann506 pour 1,500.00 β le survie_new
[23:16:35] [ITEM_SOLD]: Karazhar vendu 1 x Bee Nest à  MrYann506 pour 600.00 β le survie_new
[23:16:37] [ITEM_SOLD]: Karazhar vendu 1 x Bee Nest à  MrYann506 pour 600.00 β le survie_new
[23:16:56] [ITEM_SOLD]: KappaPride2008 vendu 1 x Diamond Pickaxe à  [Silk Touch] D_Benji pour 450.00 β le survie_new
