[00:01:29] [ITEM_LISTED]: AzodFR vend 1 x Beacon  pour 1,000,000.00β sur survie_new
[00:01:58] [ITEM_CANCELLED]: AzodFR annule la vente de 1x Beacon pour 1,000,000.00β sur survie_new
[00:02:12] [ITEM_RETURNED]: 1 x Beacon  renvoyé à AzodFR le survie_new
[00:02:27] [ITEM_LISTED]: AzodFR vend 1 x Beacon  pour 12,000.00β sur survie_new
[00:02:32] [ITEM_SOLD]: AzodFR vendu 1 x Beacon à  CouzVeBaton pour 12,000.00 β le survie_new
[12:36:09] [ITEM_LISTED]: Zougless vend 64 x Spruce Log  pour 400.00β sur survie_new
[12:36:14] [ITEM_LISTED]: Zougless vend 64 x Spruce Log  pour 400.00β sur survie_new
[12:36:16] [ITEM_LISTED]: Zougless vend 64 x Spruce Log  pour 400.00β sur survie_new
[12:36:18] [ITEM_LISTED]: Zougless vend 64 x Spruce Log  pour 400.00β sur survie_new
[12:36:19] [ITEM_LISTED]: Zougless vend 64 x Spruce Log  pour 400.00β sur survie_new
[12:36:22] [ITEM_LISTED]: Zougless vend 64 x Spruce Log  pour 400.00β sur survie_new
[12:36:23] [ITEM_LISTED]: Zougless vend 64 x Spruce Log  pour 400.00β sur survie_new
[12:36:25] [ITEM_LISTED]: Zougless vend 64 x Spruce Log  pour 400.00β sur survie_new
[12:36:27] [ITEM_LISTED]: Zougless vend 64 x Spruce Log  pour 400.00β sur survie_new
[12:36:34] [ITEM_LISTED]: Zougless vend 64 x Spruce Log  pour 400.00β sur survie_new
[12:36:36] [ITEM_LISTED]: Zougless vend 64 x Spruce Log  pour 400.00β sur survie_new
[12:36:38] [ITEM_LISTED]: Zougless vend 64 x Spruce Log  pour 400.00β sur survie_new
[12:36:40] [ITEM_LISTED]: Zougless vend 64 x Spruce Log  pour 400.00β sur survie_new
[12:36:42] [ITEM_LISTED]: Zougless vend 64 x Spruce Log  pour 400.00β sur survie_new
[12:36:45] [ITEM_LISTED]: Zougless vend 64 x Spruce Log  pour 400.00β sur survie_new
[12:36:47] [ITEM_LISTED]: Zougless vend 64 x Spruce Log  pour 400.00β sur survie_new
[12:36:49] [ITEM_LISTED]: Zougless vend 64 x Spruce Log  pour 400.00β sur survie_new
[12:36:51] [ITEM_LISTED]: Zougless vend 64 x Spruce Log  pour 400.00β sur survie_new
[12:36:58] [ITEM_LISTED]: Zougless vend 64 x Spruce Log  pour 400.00β sur survie_new
[12:37:01] [ITEM_LISTED]: Zougless vend 64 x Spruce Log  pour 400.00β sur survie_new
[12:37:02] [ITEM_LISTED]: Zougless vend 64 x Spruce Log  pour 400.00β sur survie_new
[12:37:04] [ITEM_LISTED]: Zougless vend 64 x Spruce Log  pour 400.00β sur survie_new
[12:37:07] [ITEM_LISTED]: Zougless vend 64 x Spruce Log  pour 400.00β sur survie_new
[12:37:09] [ITEM_LISTED]: Zougless vend 64 x Spruce Log  pour 400.00β sur survie_new
[13:46:25] [ITEM_SOLD]: Karazhar vendu 1 x Fishing Rod à  [unknown] PlayCrew pour 1,000.00 β le survie_new
[14:33:13] [ITEM_SOLD]: Karazhar vendu 1 x Dolphin Spawn Egg à  Blazd pour 800.00 β le survie_new
[14:36:28] [ITEM_LISTED]: Blazd vend 64 x Gunpowder  pour 7,000.00β sur survie_new
[14:36:32] [ITEM_LISTED]: Blazd vend 64 x Gunpowder  pour 8,000.00β sur survie_new
[14:36:34] [ITEM_LISTED]: Blazd vend 64 x Gunpowder  pour 8,000.00β sur survie_new
[14:37:27] [ITEM_LISTED]: Blazd vend 64 x Wither Rose  pour 20,000.00β sur survie_new
[14:51:47] [ITEM_LISTED]: Blazd vend 64 x Mycelium  pour 16,000.00β sur survie_new
[16:08:15] [ITEM_SOLD]: pikatchou82 vendu 1 x full jukebox à  PlayCrew pour 2,000.00 β le survie_new
[16:11:52] [ITEM_SOLD]: CroixVeBaton vendu 1 x Diamond Sword à  [Knockback I, Looting II] PlayCrew pour 2,000.00 β le survie_new
[16:34:00] [ITEM_CANCELLED]: le_lait annule la vente de 1x §;§:Cave spider Spawner 1x pour 4,500.00β sur survie_new
[16:34:01] [ITEM_CANCELLED]: le_lait annule la vente de 2x §;§:Dolphin Spawner 1x pour 7,600.00β sur survie_new
[16:34:01] [ITEM_CANCELLED]: le_lait annule la vente de 1x §;§:Cave spider Spawner 1x pour 4,500.00β sur survie_new
[16:34:01] [ITEM_CANCELLED]: le_lait annule la vente de 1x §;§:Cave spider Spawner 1x pour 4,500.00β sur survie_new
[16:34:02] [ITEM_CANCELLED]: le_lait annule la vente de 1x §;§:Cave spider Spawner 1x pour 4,500.00β sur survie_new
[16:34:02] [ITEM_CANCELLED]: le_lait annule la vente de 1x §;§:Cave spider Spawner 1x pour 4,500.00β sur survie_new
[16:34:02] [ITEM_CANCELLED]: le_lait annule la vente de 1x §;§:Cave spider Spawner 1x pour 4,500.00β sur survie_new
[16:34:02] [ITEM_CANCELLED]: le_lait annule la vente de 1x §;§:Cave spider Spawner 1x pour 4,500.00β sur survie_new
[16:34:12] [ITEM_RETURNED]: 1 x §;§:Cave spider Spawner 1x  renvoyé à le_lait le survie_new
[16:34:13] [ITEM_RETURNED]: 1 x §;§:Cave spider Spawner 1x  renvoyé à le_lait le survie_new
[16:34:13] [ITEM_RETURNED]: 2 x §;§:Dolphin Spawner 1x  renvoyé à le_lait le survie_new
[16:34:13] [ITEM_RETURNED]: 1 x §;§:Cave spider Spawner 1x  renvoyé à le_lait le survie_new
[16:34:14] [ITEM_RETURNED]: 1 x §;§:Cave spider Spawner 1x  renvoyé à le_lait le survie_new
[16:34:14] [ITEM_RETURNED]: 1 x §;§:Cave spider Spawner 1x  renvoyé à le_lait le survie_new
[16:34:14] [ITEM_RETURNED]: 1 x §;§:Cave spider Spawner 1x  renvoyé à le_lait le survie_new
[16:34:14] [ITEM_RETURNED]: 1 x §;§:Cave spider Spawner 1x  renvoyé à le_lait le survie_new
[16:47:41] [ITEM_SOLD]: Zelyan vendu 64 x Jungle Log à  PlayCrew pour 1,000.00 β le survie_new
[17:29:32] [ITEM_SOLD]: Karazhar vendu 1 x Dolphin Spawn Egg à  PlayCrew pour 800.00 β le survie_new
[17:32:17] [ITEM_SOLD]: Lacourgette vendu 1 x Enchanted Book à  TheSolobaid pour 4,000.00 β le survie_new
[17:42:04] [ITEM_SOLD]: Blazd vendu 64 x Gunpowder à  Karazhar pour 7,000.00 β le survie_new
[17:56:46] [ITEM_LISTED]: Efysio vend 64 x Gunpowder  pour 7,000.00β sur survie_new
[17:56:53] [ITEM_LISTED]: Efysio vend 64 x Gunpowder  pour 7,000.00β sur survie_new
[18:03:13] [ITEM_SOLD]: Zougless vendu 5 x Spruce Log à  jeremy22490 pour 400.00 β le survie_new
[18:03:21] [ITEM_SOLD]: Zougless vendu 5 x Spruce Log à  jeremy22490 pour 400.00 β le survie_new
[18:07:42] [ITEM_LISTED]: jeremy22490 vend 64 x Melon  pour 1,000.00β sur survie_new
[18:10:22] [ITEM_SOLD]: jeremy22490 vendu 64 x Melon à  Samycha pour 1,000.00 β le survie_new
[18:25:28] [ITEM_LISTED]: Karazhar vend 1 x Fishing Rod  [Curse of Vanishing] pour 1,000.00β sur survie_new
[18:25:33] [ITEM_LISTED]: Karazhar vend 1 x Fishing Rod  [unknown] pour 1,000.00β sur survie_new
[18:25:37] [ITEM_LISTED]: Karazhar vend 1 x Fishing Rod  [Unbreaking II] pour 1,000.00β sur survie_new
[18:26:15] [ITEM_CANCELLED]: Karazhar annule la vente de 1x Fishing Rod [Curse of Vanishing] pour 1,000.00β sur survie_new
[18:26:16] [ITEM_CANCELLED]: Karazhar annule la vente de 1x Fishing Rod [Curse of Vanishing] pour 1,000.00β sur survie_new
[18:41:15] [ITEM_LISTED]: Max_Le_Max vend 1 x Australian Shepard  pour 1,000.00β sur survie_new
[19:26:33] [ITEM_SOLD]: Max_Le_Max vendu 1 x Australian Shepard à  pikatchou82 pour 1,000.00 β le survie_new
[19:41:42] [ITEM_LISTED]: Efysio vend 64 x Emerald Block  pour 40,000.00β sur survie_new
[19:42:40] [ITEM_SOLD]: Efysio vendu 64 x Emerald Block à  pikatchou82 pour 40,000.00 β le survie_new
[20:44:57] [ITEM_LISTED]: Blazd vend 1 x Enchanted Book  pour 8,000.00β sur survie_new
[20:45:08] [ITEM_LISTED]: Blazd vend 1 x Enchanted Book  pour 14,000.00β sur survie_new
[20:45:13] [ITEM_LISTED]: Blazd vend 1 x Enchanted Book  pour 8,000.00β sur survie_new
[20:45:20] [ITEM_LISTED]: Blazd vend 1 x Enchanted Book  pour 10,000.00β sur survie_new
[20:45:24] [ITEM_LISTED]: Blazd vend 1 x Enchanted Book  pour 10,000.00β sur survie_new
[20:45:29] [ITEM_LISTED]: Blazd vend 1 x Enchanted Book  pour 8,000.00β sur survie_new
[20:45:46] [ITEM_LISTED]: Blazd vend 1 x Enchanted Book  pour 12,000.00β sur survie_new
[20:45:53] [ITEM_LISTED]: Blazd vend 1 x Enchanted Book  pour 8,000.00β sur survie_new
[20:45:59] [ITEM_LISTED]: Blazd vend 1 x Enchanted Book  pour 6,000.00β sur survie_new
[20:46:10] [ITEM_LISTED]: Blazd vend 1 x Enchanted Book  pour 10,000.00β sur survie_new
[20:46:15] [ITEM_LISTED]: Blazd vend 1 x Enchanted Book  pour 8,000.00β sur survie_new
[20:46:22] [ITEM_LISTED]: Blazd vend 1 x Enchanted Book  pour 8,000.00β sur survie_new
[20:46:33] [ITEM_LISTED]: Blazd vend 1 x Enchanted Book  pour 8,000.00β sur survie_new
[20:46:43] [ITEM_LISTED]: Blazd vend 1 x Enchanted Book  pour 10,000.00β sur survie_new
[20:46:50] [ITEM_LISTED]: Blazd vend 1 x Enchanted Book  pour 8,000.00β sur survie_new
[20:46:55] [ITEM_LISTED]: Blazd vend 1 x Enchanted Book  pour 12,000.00β sur survie_new
[20:48:09] [ITEM_SOLD]: Zougless vendu 64 x Spruce Log à  Efysio pour 400.00 β le survie_new
[20:48:11] [ITEM_SOLD]: Zougless vendu 64 x Spruce Log à  Efysio pour 400.00 β le survie_new
[20:48:12] [ITEM_SOLD]: Zougless vendu 64 x Spruce Log à  Efysio pour 400.00 β le survie_new
[20:48:14] [ITEM_SOLD]: Zougless vendu 64 x Spruce Log à  Efysio pour 400.00 β le survie_new
[20:48:15] [ITEM_SOLD]: Zougless vendu 64 x Spruce Log à  Efysio pour 400.00 β le survie_new
[20:48:16] [ITEM_SOLD]: Zougless vendu 64 x Spruce Log à  Efysio pour 400.00 β le survie_new
[20:48:17] [ITEM_SOLD]: Zougless vendu 64 x Spruce Log à  Efysio pour 400.00 β le survie_new
[20:48:19] [ITEM_SOLD]: Zougless vendu 64 x Spruce Log à  Efysio pour 400.00 β le survie_new
[20:48:21] [ITEM_SOLD]: Zougless vendu 64 x Spruce Log à  Efysio pour 400.00 β le survie_new
[20:48:24] [ITEM_SOLD]: Zougless vendu 64 x Spruce Log à  Efysio pour 400.00 β le survie_new
[20:49:43] [ITEM_LISTED]: Blazd vend 64 x Emerald  pour 9,000.00β sur survie_new
[21:06:49] [ITEM_SOLD]: Zelyan vendu 64 x Cactus à  Aezis_ pour 100.00 β le survie_new
[21:06:51] [ITEM_SOLD]: Zelyan vendu 64 x Cactus à  Aezis_ pour 100.00 β le survie_new
[21:42:02] [ITEM_LISTED]: Efysio vend 1 x §;§:Cat Spawner 1x  pour 10,000.00β sur survie_new
[21:42:04] [ITEM_LISTED]: Efysio vend 1 x §;§:Cat Spawner 1x  pour 10,000.00β sur survie_new
[21:57:29] [ITEM_SOLD]: Lacourgette vendu 1 x Enchanted Book à  Futz67 pour 6,400.00 β le survie_new
[21:59:21] [ITEM_LISTED]: AzodFR vend 64 x Diorite  pour 1.00β sur survie_new
[21:59:32] [ITEM_LISTED]: Futz67 vend 1 x Diamond Pickaxe  [Silk Touch] pour 1,999.00β sur survie_new
[21:59:38] [ITEM_LISTED]: Futz67 vend 1 x Diamond Pickaxe  [Silk Touch] pour 1,999.00β sur survie_new
[21:59:44] [ITEM_LISTED]: Futz67 vend 1 x Diamond Pickaxe  [Efficiency IV, Silk Touch, Unbreaking III] pour 2,999.00β sur survie_new
[22:04:25] [ITEM_LISTED]: Efysio vend 64 x Gunpowder  pour 7,000.00β sur survie_new
[22:04:47] [ITEM_LISTED]: Efysio vend 64 x Gunpowder  pour 7,000.00β sur survie_new
[22:04:50] [ITEM_LISTED]: Efysio vend 64 x Gunpowder  pour 7,000.00β sur survie_new
[22:07:13] [ITEM_LISTED]: Efysio vend 64 x Pumpkin  pour 300.00β sur survie_new
[22:07:28] [ITEM_LISTED]: Efysio vend 64 x Pumpkin  pour 300.00β sur survie_new
[22:26:49] [ITEM_SOLD]: Efysio vendu 64 x Gunpowder à  Karazhar pour 7,000.00 β le survie_new
[22:26:51] [ITEM_SOLD]: Efysio vendu 64 x Gunpowder à  Karazhar pour 7,000.00 β le survie_new
[22:26:52] [ITEM_SOLD]: Efysio vendu 64 x Gunpowder à  Karazhar pour 7,000.00 β le survie_new
[22:26:56] [ITEM_SOLD]: Efysio vendu 64 x Gunpowder à  Karazhar pour 7,000.00 β le survie_new
[22:26:58] [ITEM_SOLD]: Efysio vendu 64 x Gunpowder à  Karazhar pour 7,000.00 β le survie_new
[22:30:16] [ITEM_LISTED]: Efysio vend 64 x Gunpowder  pour 7,000.00β sur survie_new
[22:30:19] [ITEM_LISTED]: Efysio vend 64 x Gunpowder  pour 7,000.00β sur survie_new
[22:30:22] [ITEM_LISTED]: Efysio vend 64 x Gunpowder  pour 7,000.00β sur survie_new
[22:30:24] [ITEM_LISTED]: Efysio vend 64 x Gunpowder  pour 7,000.00β sur survie_new
[22:30:26] [ITEM_LISTED]: Efysio vend 64 x Gunpowder  pour 7,000.00β sur survie_new
[22:30:29] [ITEM_LISTED]: Efysio vend 64 x Gunpowder  pour 7,000.00β sur survie_new
[22:30:31] [ITEM_LISTED]: Efysio vend 64 x Gunpowder  pour 7,000.00β sur survie_new
[22:30:34] [ITEM_LISTED]: Efysio vend 64 x Gunpowder  pour 7,000.00β sur survie_new
[22:30:36] [ITEM_LISTED]: Efysio vend 64 x Gunpowder  pour 7,000.00β sur survie_new
[22:43:15] [ITEM_LISTED]: Efysio vend 64 x Gunpowder  pour 7,000.00β sur survie_new
[22:45:29] [ITEM_SOLD]: Blazd vendu 1 x Enchanted Book à  Karazhar pour 8,000.00 β le survie_new
[22:45:33] [ITEM_SOLD]: Efysio vendu 1 x Enchanted Book à  Karazhar pour 6,500.00 β le survie_new
[22:56:56] [ITEM_SOLD]: Efysio vendu 30 x Gunpowder à  Karazhar pour 7,000.00 β le survie_new
[22:56:58] [ITEM_SOLD]: Efysio vendu 30 x Gunpowder à  Karazhar pour 7,000.00 β le survie_new
[22:56:59] [ITEM_SOLD]: Efysio vendu 30 x Gunpowder à  Karazhar pour 7,000.00 β le survie_new
[22:57:01] [ITEM_SOLD]: Efysio vendu 30 x Gunpowder à  Karazhar pour 7,000.00 β le survie_new
[23:05:09] [ITEM_LISTED]: Efysio vend 1 x Starbucks Coffee  pour 20,000.00β sur survie_new
[23:05:12] [ITEM_LISTED]: Efysio vend 1 x Master Chief  pour 20,000.00β sur survie_new
[23:05:47] [ITEM_LISTED]: Karazhar vend 1 x Enchanted Book  pour 3,500.00β sur survie_new
[23:07:46] [ITEM_SOLD]: Blazd vendu 1 x Enchanted Book à  Karazhar pour 8,000.00 β le survie_new
[23:07:51] [ITEM_SOLD]: Aorixsama vendu 1 x Enchanted Book à  Karazhar pour 6,499.00 β le survie_new
[23:47:52] [ITEM_SOLD]: Zougless vendu 64 x Spruce Log à  Efysio pour 400.00 β le survie_new
[23:47:53] [ITEM_SOLD]: Zougless vendu 64 x Spruce Log à  Efysio pour 400.00 β le survie_new
[23:47:54] [ITEM_SOLD]: Zougless vendu 64 x Spruce Log à  Efysio pour 400.00 β le survie_new
[23:47:55] [ITEM_SOLD]: Zougless vendu 64 x Spruce Log à  Efysio pour 400.00 β le survie_new
[23:47:56] [ITEM_SOLD]: Zougless vendu 64 x Spruce Log à  Efysio pour 400.00 β le survie_new
