[00:11:18] [ITEM_CANCELLED]: StormOxyde annule la vente de 1x 1milliard pour 100,000.00β sur survie_new
[00:11:22] [ITEM_RETURNED]: 1 x 1milliard  renvoyé à StormOxyde le survie_new
[00:57:00] [ITEM_CANCELLED]: Ender_Shock annule la vente de 1x Enchanted Book pour 11,999.00β sur survie_new
[00:57:15] [ITEM_RETURNED]: 1 x Enchanted Book  renvoyé à Ender_Shock le survie_new
[01:16:03] [ITEM_LISTED]: StormOxyde vend 64 x Gunpowder  pour 4,480.00β sur survie_new
[01:16:15] [ITEM_LISTED]: StormOxyde vend 64 x Gunpowder  pour 4,480.00β sur survie_new
[01:16:23] [ITEM_LISTED]: StormOxyde vend 64 x Gunpowder  pour 4,480.00β sur survie_new
[04:46:13] [ITEM_SOLD]: estedu59 vendu 25 x Lapis Block à  Crak_N pour 6,000.00 β le survie_new
[09:28:27] [ITEM_RETURNED]: 1 x Music Disc 13  renvoyé à blazou38 le survie_new
[09:28:28] [ITEM_RETURNED]: 1 x Heart Of The Sea  renvoyé à blazou38 le survie_new
[09:28:28] [ITEM_RETURNED]: 1 x Music Disc 13  renvoyé à blazou38 le survie_new
[09:28:29] [ITEM_RETURNED]: 64 x Packed Ice  renvoyé à blazou38 le survie_new
[09:28:29] [ITEM_RETURNED]: 1 x Totem Of Undying  renvoyé à blazou38 le survie_new
[09:28:52] [ITEM_RETURNED]: 1 x Totem Of Undying  renvoyé à blazou38 le survie_new
[09:28:52] [ITEM_RETURNED]: 1 x Totem Of Undying  renvoyé à blazou38 le survie_new
[09:28:53] [ITEM_RETURNED]: 1 x Diamond Helmet  [Aqua Affinity] renvoyé à blazou38 le survie_new
[09:28:53] [ITEM_RETURNED]: 1 x Diamond Helmet  [Aqua Affinity] renvoyé à blazou38 le survie_new
[09:28:53] [ITEM_RETURNED]: 1 x Diamond Helmet  [Aqua Affinity] renvoyé à blazou38 le survie_new
[09:28:53] [ITEM_RETURNED]: 1 x Diamond Pickaxe  [Silk Touch] renvoyé à blazou38 le survie_new
[09:29:00] [ITEM_RETURNED]: 1 x Diamond Pickaxe  [Silk Touch] renvoyé à blazou38 le survie_new
[09:29:00] [ITEM_RETURNED]: 1 x Diamond Pickaxe  [Silk Touch] renvoyé à blazou38 le survie_new
[09:29:01] [ITEM_RETURNED]: 1 x Diamond Pickaxe  [Silk Touch] renvoyé à blazou38 le survie_new
[09:29:01] [ITEM_RETURNED]: 1 x Diamond Pickaxe  [Silk Touch] renvoyé à blazou38 le survie_new
[09:29:01] [ITEM_RETURNED]: 1 x Diamond Pickaxe  [Silk Touch] renvoyé à blazou38 le survie_new
[09:29:01] [ITEM_RETURNED]: 1 x Bow  [Flame, Infinity] renvoyé à blazou38 le survie_new
[09:29:07] [ITEM_RETURNED]: 1 x Bow  [Flame, Infinity] renvoyé à blazou38 le survie_new
[09:29:08] [ITEM_RETURNED]: 1 x Bow  [Flame, Infinity] renvoyé à blazou38 le survie_new
[09:29:08] [ITEM_RETURNED]: 1 x Bow  [Flame, Infinity] renvoyé à blazou38 le survie_new
[09:29:08] [ITEM_RETURNED]: 1 x Bow  [Flame, Infinity] renvoyé à blazou38 le survie_new
[09:29:08] [ITEM_RETURNED]: 1 x Diamond Sword  [Knockback I, Looting II] renvoyé à blazou38 le survie_new
[09:29:08] [ITEM_RETURNED]: 1 x Diamond Sword  [Knockback I, Looting II] renvoyé à blazou38 le survie_new
[09:29:14] [ITEM_RETURNED]: 1 x Leather Boots  [Mending] renvoyé à blazou38 le survie_new
[09:29:14] [ITEM_RETURNED]: 1 x Diamond Sword  [Knockback I, Looting II] renvoyé à blazou38 le survie_new
[12:35:59] [ITEM_SOLD]: Fesiix vendu 64 x Packed Ice à  xytrill pour 500.00 β le survie_new
[13:51:21] [ITEM_SOLD]: Efysio vendu 1 x Name Tag à  _Robinou_ pour 700.00 β le survie_new
[14:04:55] [ITEM_SOLD]: h_ney vendu 5 x White Wool à  _Robinou_ pour 50.00 β le survie_new
[14:05:00] [ITEM_SOLD]: h_ney vendu 5 x White Wool à  _Robinou_ pour 50.00 β le survie_new
[14:15:22] [ITEM_SOLD]: h_ney vendu 20 x White Wool à  _Robinou_ pour 290.00 β le survie_new
[14:42:06] [ITEM_SOLD]: h_ney vendu 64 x String à  _Robinou_ pour 10.00 β le survie_new
[15:02:48] [ITEM_SOLD]: Karazhar vendu 1 x §;§:Spawner Cave spider x1 à  Natvolh24 pour 3,000.00 β le survie_new
[15:02:53] [ITEM_SOLD]: Karazhar vendu 1 x §;§:Spawner Cave spider x1 à  Natvolh24 pour 3,000.00 β le survie_new
[15:28:21] [ITEM_SOLD]: Karazhar vendu 57 x Pumpkin à  xytrill pour 350.00 β le survie_new
[15:28:42] [ITEM_SOLD]: Karazhar vendu 64 x Melon à  xytrill pour 350.00 β le survie_new
[15:34:28] [ITEM_SOLD]: CroixVeBaton vendu 1 x §;§:Spawner Squid x1 à  ticiatrhd pour 10,000.00 β le survie_new
[15:34:36] [ITEM_SOLD]: CroixVeBaton vendu 1 x §;§:Spawner Squid x1 à  pikatchou82 pour 10,000.00 β le survie_new
[15:36:52] [ITEM_LISTED]: Lacourgette vend 1 x Heart Of The Sea  pour 15,000.00β sur survie_new
[15:38:06] [ITEM_SOLD]: Max_Le_Max vendu 1 x §;§:Spawner Skeleton x1 à  TheSolobaid pour 5,000.00 β le survie_new
[15:38:08] [ITEM_SOLD]: rockronsley vendu 1 x §;§:Spawner Zombie x1 à  TheSolobaid pour 8,000.00 β le survie_new
[15:40:20] [ITEM_SOLD]: Alexia67710 vendu 1 x Wither Skeleton Skull à  Natvolh24 pour 7,500.00 β le survie_new
[15:42:09] [ITEM_LISTED]: Alexia67710 vend 1 x Wither Skeleton Skull  pour 7,500.00β sur survie_new
[15:49:44] [ITEM_SOLD]: h_ney vendu 1 x Milk Bucket à  Natvolh24 pour 25.00 β le survie_new
[16:00:01] [ITEM_SOLD]: CroixVeBaton vendu 1 x Bow à  [Flame, Infinity] MATHEO pour 2,000.00 β le survie_new
[16:25:40] [ITEM_SOLD]: Efysio vendu 3 x Wither Skeleton Skull à  Natvolh24 pour 13,000.00 β le survie_new
[16:28:11] [ITEM_LISTED]: Lacourgette vend 12 x Tnt  pour 2,000.00β sur survie_new
[16:29:01] [ITEM_LISTED]: Lacourgette vend 1 x Enchanted Book  pour 4,000.00β sur survie_new
[16:49:54] [ITEM_SOLD]: CroixVeBaton vendu 1 x Diamond Pickaxe à  [Silk Touch] Natvolh24 pour 2,000.00 β le survie_new
[16:57:54] [ITEM_SOLD]: Karazhar vendu 1 x Bee Nest à  MATHEO pour 350.00 β le survie_new
[16:58:12] [ITEM_SOLD]: Karazhar vendu 1 x Bee Nest à  MATHEO pour 350.00 β le survie_new
[16:58:14] [ITEM_SOLD]: Karazhar vendu 1 x Bee Nest à  MATHEO pour 350.00 β le survie_new
[17:22:04] [ITEM_CANCELLED]: Flacabon annule la vente de 1x Diamond Pickaxe [Efficiency IV, Fortune III, Mending, Unbreaking III] pour 25,000.00β sur survie_new
[17:22:22] [ITEM_RETURNED]: 1 x Diamond Pickaxe  [Efficiency IV, Fortune III, Mending, Unbreaking III] renvoyé à Flacabon le survie_new
[17:23:28] [ITEM_SOLD]: Sachax35 vendu 2 x §;§:Spawner Cave spider x1 à  Flacabon pour 10,000.00 β le survie_new
[17:55:30] [ITEM_SOLD]: StormOxyde vendu 64 x Gunpowder à  Futsiph pour 4,480.00 β le survie_new
[17:55:32] [ITEM_SOLD]: StormOxyde vendu 64 x Gunpowder à  Futsiph pour 4,480.00 β le survie_new
[17:55:34] [ITEM_SOLD]: StormOxyde vendu 64 x Gunpowder à  Futsiph pour 4,480.00 β le survie_new
[18:01:22] [ITEM_SOLD]: CroixVeBaton vendu 1 x Diamond Helmet à  [Aqua Affinity] Futsiph pour 2,000.00 β le survie_new
[18:02:15] [ITEM_SOLD]: CroixVeBaton vendu 1 x Diamond Pickaxe à  [Silk Touch] Bubu42 pour 2,000.00 β le survie_new
[18:03:07] [ITEM_LISTED]: Doomsmen vend 33 x Flint  pour 10.00β sur survie_new
[18:03:11] [ITEM_SOLD]: Doomsmen vendu 33 x Flint à  _Robinou_ pour 10.00 β le survie_new
[18:11:57] [ITEM_CANCELLED]: GoldenFarmers annule la vente de 1x Enchanted Book pour 12,000.00β sur survie_new
[18:11:58] [ITEM_CANCELLED]: GoldenFarmers annule la vente de 1x Enchanted Book pour 12,000.00β sur survie_new
[18:11:59] [ITEM_CANCELLED]: GoldenFarmers annule la vente de 1x Enchanted Book pour 12,000.00β sur survie_new
[18:12:00] [ITEM_CANCELLED]: GoldenFarmers annule la vente de 1x Enchanted Book pour 12,000.00β sur survie_new
[18:12:00] [ITEM_CANCELLED]: GoldenFarmers annule la vente de 1x Enchanted Book pour 12,000.00β sur survie_new
[18:12:00] [ITEM_CANCELLED]: GoldenFarmers annule la vente de 1x Enchanted Book pour 12,000.00β sur survie_new
[18:12:01] [ITEM_CANCELLED]: GoldenFarmers annule la vente de 1x Enchanted Book pour 12,000.00β sur survie_new
[18:12:01] [ITEM_CANCELLED]: GoldenFarmers annule la vente de 1x Enchanted Book pour 12,000.00β sur survie_new
[18:12:02] [ITEM_CANCELLED]: GoldenFarmers annule la vente de 1x Enchanted Book pour 12,000.00β sur survie_new
[18:12:05] [ITEM_CANCELLED]: GoldenFarmers annule la vente de 1x Enchanted Book pour 12,000.00β sur survie_new
[18:12:15] [ITEM_CANCELLED]: GoldenFarmers annule la vente de 1x Elytra pour 18,000.00β sur survie_new
[18:12:15] [ITEM_CANCELLED]: GoldenFarmers annule la vente de 1x Shulker Box pour 2,000.00β sur survie_new
[18:12:15] [ITEM_CANCELLED]: GoldenFarmers annule la vente de 1x Shulker Box pour 2,000.00β sur survie_new
[18:12:16] [ITEM_CANCELLED]: GoldenFarmers annule la vente de 1x Shulker Box pour 2,000.00β sur survie_new
[18:12:16] [ITEM_CANCELLED]: GoldenFarmers annule la vente de 1x Shulker Box pour 2,000.00β sur survie_new
[18:12:16] [ITEM_CANCELLED]: GoldenFarmers annule la vente de 1x Shulker Box pour 2,000.00β sur survie_new
[18:12:17] [ITEM_CANCELLED]: GoldenFarmers annule la vente de 1x Chicken Spawn Egg pour 10,000.00β sur survie_new
[18:12:27] [ITEM_RETURNED]: 1 x Enchanted Book  renvoyé à GoldenFarmers le survie_new
[18:12:28] [ITEM_RETURNED]: 1 x Enchanted Book  renvoyé à GoldenFarmers le survie_new
[18:12:28] [ITEM_RETURNED]: 1 x Enchanted Book  renvoyé à GoldenFarmers le survie_new
[18:12:28] [ITEM_RETURNED]: 1 x Enchanted Book  renvoyé à GoldenFarmers le survie_new
[18:12:28] [ITEM_RETURNED]: 1 x Enchanted Book  renvoyé à GoldenFarmers le survie_new
[18:12:29] [ITEM_RETURNED]: 1 x Enchanted Book  renvoyé à GoldenFarmers le survie_new
[18:12:29] [ITEM_RETURNED]: 1 x Enchanted Book  renvoyé à GoldenFarmers le survie_new
[18:12:29] [ITEM_RETURNED]: 1 x Enchanted Book  renvoyé à GoldenFarmers le survie_new
[18:12:42] [ITEM_LISTED]: GoldenFarmers vend 1 x Enchanted Book  pour 11,500.00β sur survie_new
[18:12:43] [ITEM_LISTED]: GoldenFarmers vend 1 x Enchanted Book  pour 11,500.00β sur survie_new
[18:12:44] [ITEM_LISTED]: GoldenFarmers vend 1 x Enchanted Book  pour 11,500.00β sur survie_new
[18:12:47] [ITEM_LISTED]: GoldenFarmers vend 1 x Enchanted Book  pour 11,500.00β sur survie_new
[18:12:50] [ITEM_LISTED]: GoldenFarmers vend 1 x Enchanted Book  pour 11,500.00β sur survie_new
[18:12:53] [ITEM_LISTED]: GoldenFarmers vend 1 x Enchanted Book  pour 11,500.00β sur survie_new
[18:12:56] [ITEM_LISTED]: GoldenFarmers vend 1 x Enchanted Book  pour 11,500.00β sur survie_new
[18:12:59] [ITEM_LISTED]: GoldenFarmers vend 1 x Enchanted Book  pour 11,500.00β sur survie_new
[18:13:07] [ITEM_RETURNED]: 1 x Shulker Box  renvoyé à GoldenFarmers le survie_new
[18:13:07] [ITEM_RETURNED]: 1 x Shulker Box  renvoyé à GoldenFarmers le survie_new
[18:13:07] [ITEM_RETURNED]: 1 x Shulker Box  renvoyé à GoldenFarmers le survie_new
[18:13:08] [ITEM_RETURNED]: 1 x Shulker Box  renvoyé à GoldenFarmers le survie_new
[18:13:08] [ITEM_RETURNED]: 1 x Shulker Box  renvoyé à GoldenFarmers le survie_new
[18:13:21] [ITEM_LISTED]: GoldenFarmers vend 1 x Shulker Box  pour 2,000.00β sur survie_new
[18:13:27] [ITEM_LISTED]: GoldenFarmers vend 1 x Shulker Box  pour 2,000.00β sur survie_new
[18:13:29] [ITEM_LISTED]: GoldenFarmers vend 1 x Shulker Box  pour 2,000.00β sur survie_new
[18:13:30] [ITEM_LISTED]: GoldenFarmers vend 1 x Shulker Box  pour 2,000.00β sur survie_new
[18:13:33] [ITEM_LISTED]: GoldenFarmers vend 1 x Shulker Box  pour 2,000.00β sur survie_new
[18:13:42] [ITEM_RETURNED]: 1 x Elytra  renvoyé à GoldenFarmers le survie_new
[18:13:49] [ITEM_LISTED]: GoldenFarmers vend 1 x Elytra  pour 18,000.00β sur survie_new
[18:46:28] [ITEM_RETURNED]: 1 x Enchanted Book  renvoyé à GoldenFarmers le survie_new
[18:46:29] [ITEM_RETURNED]: 1 x Enchanted Book  renvoyé à GoldenFarmers le survie_new
[19:01:28] [ITEM_LISTED]: Minebark vend 1 x Bedrock  pour 100,000.00β sur survie_new
[19:16:36] [ITEM_LISTED]: Max_Le_Max vend 1 x §;§:Spawner Cave spider x1  pour 2,000.00β sur survie_new
[19:19:06] [ITEM_LISTED]: Max_Le_Max vend 1 x Casque  [Protection V, Unbreaking V] pour 750.00β sur survie_new
[19:19:08] [ITEM_LISTED]: Max_Le_Max vend 1 x Plastron  [Protection V, Unbreaking V] pour 750.00β sur survie_new
[19:19:12] [ITEM_LISTED]: Max_Le_Max vend 1 x Jambières  [Protection V, Unbreaking V] pour 750.00β sur survie_new
[19:19:15] [ITEM_LISTED]: Max_Le_Max vend 1 x Bottes  [Protection V, Unbreaking V] pour 750.00β sur survie_new
[19:19:20] [ITEM_LISTED]: Max_Le_Max vend 1 x Epée  [Looting II, Sharpness V, Unbreaking II] pour 1,500.00β sur survie_new
[19:23:25] [ITEM_SOLD]: Max_Le_Max vendu 1 x Epée à  [Looting II, Sharpness V, Unbreaking II] Natvolh24 pour 1,500.00 β le survie_new
[19:28:14] [ITEM_LISTED]: Natvolh24 vend 3 x Nautilus Shell  pour 5,000.00β sur survie_new
[19:50:54] [ITEM_SOLD]: La_Big_Fatima vendu 1 x Enchanted Book à  xytrill pour 10,000.00 β le survie_new
[19:51:19] [ITEM_SOLD]: Doomsmen vendu 1 x Saddle à  Anacouana pour 750.00 β le survie_new
[19:56:26] [ITEM_SOLD]: Ender_Shock vendu 1 x Enchanted Book à  Natvolh24 pour 11,999.00 β le survie_new
[19:58:17] [ITEM_SOLD]: h_ney vendu 64 x Bone à  Anacouana pour 10.00 β le survie_new
[20:15:13] [ITEM_CANCELLED]: Max_Le_Max annule la vente de 1x §;§:Spawner Cave spider x1 pour 2,000.00β sur survie_new
[20:15:15] [ITEM_RETURNED]: 1 x §;§:Spawner Cave spider x1  renvoyé à Max_Le_Max le survie_new
[20:15:26] [ITEM_LISTED]: Max_Le_Max vend 1 x §;§:Spawner Cave spider x1  pour 999.00β sur survie_new
[21:09:41] [ITEM_LISTED]: La_Big_Fatima vend 1 x Saddle  pour 10,000.00β sur survie_new
[21:19:04] [ITEM_SOLD]: Max_Le_Max vendu 1 x §;§:Spawner Cave spider x1 à  Futsiph pour 999.00 β le survie_new
[23:45:55] [ITEM_SOLD]: h_ney vendu 64 x String à  Anacouana pour 10.00 β le survie_new
