[02:08:24] [ITEM_CANCELLED]: Karazhar annule la vente de 1x Diamond Pickaxe [Efficiency IV, Unbreaking III] pour 8,000.00β sur survie_new
[02:08:26] [ITEM_CANCELLED]: Karazhar annule la vente de 1x Diamond Sword [Smite IV] pour 5,000.00β sur survie_new
[02:08:26] [ITEM_CANCELLED]: Karazhar annule la vente de 1x Diamond Hoe [Unbreaking III] pour 1,000.00β sur survie_new
[02:08:27] [ITEM_RETURNED]: 1 x Diamond Hoe  [Unbreaking III] renvoyé à Karazhar le survie_new
[02:08:28] [ITEM_RETURNED]: 1 x Diamond Pickaxe  [Efficiency IV, Unbreaking III] renvoyé à Karazhar le survie_new
[02:08:29] [ITEM_RETURNED]: 1 x Diamond Sword  [Smite IV] renvoyé à Karazhar le survie_new
[02:08:42] [ITEM_LISTED]: Karazhar vend 1 x Diamond Hoe  [Unbreaking III] pour 250.00β sur survie_new
[02:08:48] [ITEM_LISTED]: Karazhar vend 1 x Diamond Pickaxe  [Efficiency IV, Unbreaking III] pour 2,000.00β sur survie_new
[02:08:53] [ITEM_LISTED]: Karazhar vend 1 x Diamond Sword  [Smite IV] pour 250.00β sur survie_new
[02:24:18] [ITEM_SOLD]: Rinpyo vendu 1 x Bow à  [Flame, Infinity, Power V, Punch II, Unbreaking III] Karazhar pour 4,000.00 β le survie_new
[09:40:16] [ITEM_LISTED]: Karazhar vend 1 x §;§:Blaze Spawner 1x  pour 15,000.00β sur survie_new
[10:10:26] [ITEM_LISTED]: Raptor_22 vend 64 x Dirt  pour 0.59β sur survie_new
[10:18:15] [ITEM_LISTED]: Raptor_22 vend 64 x Dirt  pour 1.00β sur survie_new
[10:20:15] [ITEM_LISTED]: Raptor_22 vend 64 x Dirt  pour 1.00β sur survie_new
[10:20:27] [ITEM_LISTED]: Raptor_22 vend 64 x Dirt  pour 1.00β sur survie_new
[10:30:04] [ITEM_LISTED]: Raptor_22 vend 64 x Beetroot  pour 36.00β sur survie_new
[10:30:21] [ITEM_LISTED]: Raptor_22 vend 12 x Beetroot  pour 10.00β sur survie_new
[10:33:53] [ITEM_LISTED]: OfCourse vend 34 x Black Dye  pour 100.00β sur survie_new
[10:35:09] [ITEM_SOLD]: OfCourse vendu 34 x Black Dye à  GREITIS pour 100.00 β le survie_new
[10:58:54] [ITEM_SOLD]: lancelot vendu 64 x Apple à  GREITIS pour 400.00 β le survie_new
[11:23:31] [ITEM_LISTED]: LLIcocoman vend 6 x Sponge  pour 1,500.00β sur survie_new
[11:55:07] [ITEM_LISTED]: pikatchou82 vend 64 x Golden Apple  pour 3,000.00β sur survie_new
[12:01:55] [ITEM_SOLD]: Raptor_22 vendu 64 x Dirt à  Futsiph pour 1.00 β le survie_new
[12:01:57] [ITEM_SOLD]: Raptor_22 vendu 64 x Dirt à  Futsiph pour 1.00 β le survie_new
[12:01:58] [ITEM_SOLD]: Raptor_22 vendu 64 x Dirt à  Futsiph pour 1.00 β le survie_new
[12:02:00] [ITEM_SOLD]: Raptor_22 vendu 64 x Dirt à  Futsiph pour 0.59 β le survie_new
[12:41:42] [ITEM_CANCELLED]: Ender_Shock annule la vente de 1x Enchanted Book pour 7,000.00β sur survie_new
[12:41:43] [ITEM_CANCELLED]: Ender_Shock annule la vente de 1x Enchanted Book pour 7,000.00β sur survie_new
[12:41:43] [ITEM_CANCELLED]: Ender_Shock annule la vente de 1x Enchanted Book pour 7,000.00β sur survie_new
[12:41:43] [ITEM_CANCELLED]: Ender_Shock annule la vente de 1x Enchanted Book pour 7,000.00β sur survie_new
[12:41:44] [ITEM_CANCELLED]: Ender_Shock annule la vente de 1x Enchanted Book pour 7,000.00β sur survie_new
[12:41:44] [ITEM_CANCELLED]: Ender_Shock annule la vente de 1x Enchanted Book pour 7,000.00β sur survie_new
[12:41:44] [ITEM_CANCELLED]: Ender_Shock annule la vente de 1x Enchanted Book pour 7,000.00β sur survie_new
[12:41:44] [ITEM_CANCELLED]: Ender_Shock annule la vente de 1x Enchanted Book pour 7,000.00β sur survie_new
[12:41:44] [ITEM_CANCELLED]: Ender_Shock annule la vente de 1x Enchanted Book pour 7,000.00β sur survie_new
[12:41:45] [ITEM_CANCELLED]: Ender_Shock annule la vente de 1x Enchanted Book pour 7,000.00β sur survie_new
[12:41:45] [ITEM_CANCELLED]: Ender_Shock annule la vente de 1x Enchanted Book pour 7,000.00β sur survie_new
[12:41:45] [ITEM_CANCELLED]: Ender_Shock annule la vente de 1x Enchanted Book pour 7,000.00β sur survie_new
[12:41:45] [ITEM_CANCELLED]: Ender_Shock annule la vente de 1x Enchanted Book pour 7,000.00β sur survie_new
[12:41:47] [ITEM_RETURNED]: 1 x Enchanted Book  renvoyé à Ender_Shock le survie_new
[12:41:47] [ITEM_RETURNED]: 1 x Enchanted Book  renvoyé à Ender_Shock le survie_new
[12:41:47] [ITEM_RETURNED]: 1 x Enchanted Book  renvoyé à Ender_Shock le survie_new
[12:41:47] [ITEM_RETURNED]: 1 x Enchanted Book  renvoyé à Ender_Shock le survie_new
[12:41:48] [ITEM_RETURNED]: 1 x Enchanted Book  renvoyé à Ender_Shock le survie_new
[12:41:48] [ITEM_RETURNED]: 1 x Enchanted Book  renvoyé à Ender_Shock le survie_new
[12:41:48] [ITEM_RETURNED]: 1 x Enchanted Book  renvoyé à Ender_Shock le survie_new
[12:42:00] [ITEM_LISTED]: Ender_Shock vend 1 x Enchanted Book  pour 6,500.00β sur survie_new
[12:42:02] [ITEM_LISTED]: Ender_Shock vend 1 x Enchanted Book  pour 6,500.00β sur survie_new
[12:42:03] [ITEM_LISTED]: Ender_Shock vend 1 x Enchanted Book  pour 6,500.00β sur survie_new
[12:42:05] [ITEM_LISTED]: Ender_Shock vend 1 x Enchanted Book  pour 6,500.00β sur survie_new
[12:42:06] [ITEM_LISTED]: Ender_Shock vend 1 x Enchanted Book  pour 6,500.00β sur survie_new
[12:42:08] [ITEM_LISTED]: Ender_Shock vend 1 x Enchanted Book  pour 6,500.00β sur survie_new
[12:42:11] [ITEM_LISTED]: Ender_Shock vend 1 x Enchanted Book  pour 6,500.00β sur survie_new
[12:42:16] [ITEM_CANCELLED]: Ender_Shock annule la vente de 1x Enchanted Book pour 6,500.00β sur survie_new
[12:42:16] [ITEM_CANCELLED]: Ender_Shock annule la vente de 1x Enchanted Book pour 6,500.00β sur survie_new
[12:42:17] [ITEM_CANCELLED]: Ender_Shock annule la vente de 1x Enchanted Book pour 6,500.00β sur survie_new
[12:42:17] [ITEM_CANCELLED]: Ender_Shock annule la vente de 1x Enchanted Book pour 6,500.00β sur survie_new
[12:42:17] [ITEM_CANCELLED]: Ender_Shock annule la vente de 1x Enchanted Book pour 6,500.00β sur survie_new
[12:42:18] [ITEM_CANCELLED]: Ender_Shock annule la vente de 1x Enchanted Book pour 6,500.00β sur survie_new
[12:42:24] [ITEM_CANCELLED]: Ender_Shock annule la vente de 1x Enchanted Book pour 6,500.00β sur survie_new
[12:42:25] [ITEM_RETURNED]: 1 x Enchanted Book  renvoyé à Ender_Shock le survie_new
[12:42:26] [ITEM_RETURNED]: 1 x Enchanted Book  renvoyé à Ender_Shock le survie_new
[12:42:26] [ITEM_RETURNED]: 1 x Enchanted Book  renvoyé à Ender_Shock le survie_new
[12:42:26] [ITEM_RETURNED]: 1 x Enchanted Book  renvoyé à Ender_Shock le survie_new
[12:42:27] [ITEM_RETURNED]: 1 x Enchanted Book  renvoyé à Ender_Shock le survie_new
[12:42:27] [ITEM_RETURNED]: 1 x Enchanted Book  renvoyé à Ender_Shock le survie_new
[12:42:27] [ITEM_RETURNED]: 1 x Enchanted Book  renvoyé à Ender_Shock le survie_new
[12:42:27] [ITEM_RETURNED]: 1 x Enchanted Book  renvoyé à Ender_Shock le survie_new
[12:42:28] [ITEM_RETURNED]: 1 x Enchanted Book  renvoyé à Ender_Shock le survie_new
[12:42:28] [ITEM_RETURNED]: 1 x Enchanted Book  renvoyé à Ender_Shock le survie_new
[12:42:28] [ITEM_RETURNED]: 1 x Enchanted Book  renvoyé à Ender_Shock le survie_new
[12:42:28] [ITEM_RETURNED]: 1 x Enchanted Book  renvoyé à Ender_Shock le survie_new
[12:42:29] [ITEM_RETURNED]: 1 x Enchanted Book  renvoyé à Ender_Shock le survie_new
[12:42:36] [ITEM_LISTED]: Ender_Shock vend 1 x Enchanted Book  pour 6,500.00β sur survie_new
[12:42:38] [ITEM_LISTED]: Ender_Shock vend 1 x Enchanted Book  pour 6,500.00β sur survie_new
[12:42:43] [ITEM_LISTED]: Ender_Shock vend 1 x Enchanted Book  pour 6,500.00β sur survie_new
[12:42:45] [ITEM_LISTED]: Ender_Shock vend 1 x Enchanted Book  pour 6,500.00β sur survie_new
[12:43:03] [ITEM_LISTED]: Ender_Shock vend 1 x Enchanted Book  pour 6,500.00β sur survie_new
[12:43:06] [ITEM_LISTED]: Ender_Shock vend 1 x Enchanted Book  pour 6,500.00β sur survie_new
[12:43:09] [ITEM_LISTED]: Ender_Shock vend 1 x Enchanted Book  pour 6,500.00β sur survie_new
[12:50:57] [ITEM_LISTED]: Ender_Shock vend 1 x Enchanted Book  pour 6,500.00β sur survie_new
[12:51:02] [ITEM_LISTED]: Ender_Shock vend 1 x Enchanted Book  pour 6,500.00β sur survie_new
[12:51:03] [ITEM_LISTED]: Ender_Shock vend 1 x Enchanted Book  pour 6,500.00β sur survie_new
[12:51:04] [ITEM_LISTED]: Ender_Shock vend 1 x Enchanted Book  pour 6,500.00β sur survie_new
[12:51:06] [ITEM_LISTED]: Ender_Shock vend 1 x Enchanted Book  pour 6,500.00β sur survie_new
[12:51:07] [ITEM_LISTED]: Ender_Shock vend 1 x Enchanted Book  pour 6,500.00β sur survie_new
[12:53:01] [ITEM_LISTED]: Ddd_lebss vend 30 x Gold Ingot  pour 400.00β sur survie_new
[13:15:25] [ITEM_SOLD]: Ddd_lebss vendu 30 x Gold Ingot à  Futsiph pour 400.00 β le survie_new
[13:55:47] [ITEM_LISTED]: Ender_Shock vend 1 x Diamond Axe  [Silk Touch] pour 2,000.00β sur survie_new
[13:55:55] [ITEM_SOLD]: Ender_Shock vendu 1 x Diamond Axe à  [Silk Touch] Futsiph pour 2,000.00 β le survie_new
[14:42:22] [ITEM_SOLD]: NatoxFCUT vendu 64 x Cocoa Beans à  samyglue pour 60.00 β le survie_new
[14:44:04] [ITEM_SOLD]: Christophe_ vendu 64 x Prismarine Crystals à  pikatchou82 pour 3,000.00 β le survie_new
[14:45:48] [ITEM_SOLD]: Christophe_ vendu 44 x Prismarine Crystals à  pikatchou82 pour 3,000.00 β le survie_new
[14:45:49] [ITEM_SOLD]: Christophe_ vendu 44 x Prismarine Crystals à  pikatchou82 pour 3,000.00 β le survie_new
[14:45:51] [ITEM_SOLD]: Christophe_ vendu 44 x Prismarine Crystals à  pikatchou82 pour 3,000.00 β le survie_new
[14:45:53] [ITEM_SOLD]: Christophe_ vendu 44 x Prismarine Crystals à  pikatchou82 pour 3,000.00 β le survie_new
[14:46:01] [ITEM_RETURNED]: 1 x portée régulièrement par gamer girl  [Mending, Protection IV, Unbreaking III] renvoyé à ekkubb le survie_new
[14:46:01] [ITEM_RETURNED]: 1 x sortie  renvoyé à ekkubb le survie_new
[14:47:09] [ITEM_RETURNED]: 1 x lol pranked  renvoyé à ekkubb le survie_new
[14:47:09] [ITEM_RETURNED]: 1 x White Shulker Box  renvoyé à ekkubb le survie_new
[15:15:03] [ITEM_SOLD]: Ender_Shock vendu 1 x Enchanted Book à  Aorixsama pour 6,500.00 β le survie_new
[15:25:20] [ITEM_RETURNED]: 1 x Bow  [Flame, Infinity] renvoyé à CouzVeBaton le survie_new
[15:59:39] [ITEM_SOLD]: Ender_Shock vendu 1 x Enchanted Book à  Tarnuk pour 6,500.00 β le survie_new
[16:01:15] [ITEM_SOLD]: lancelot vendu 1 x Enchanted Book à  Tarnuk pour 5,000.00 β le survie_new
[16:21:13] [ITEM_RETURNED]: 1 x Diamond Helmet  [Aqua Affinity] renvoyé à Yohan81 le survie_new
[16:21:13] [ITEM_RETURNED]: 1 x Diamond Helmet  [Aqua Affinity] renvoyé à Yohan81 le survie_new
[16:46:03] [ITEM_CANCELLED]: GoldenFarmers annule la vente de 1x Elytra [Mending, Unbreaking III] pour 42,000.00β sur survie_new
[16:46:03] [ITEM_CANCELLED]: GoldenFarmers annule la vente de 1x Elytra [Mending, Unbreaking III] pour 42,000.00β sur survie_new
[16:46:04] [ITEM_CANCELLED]: GoldenFarmers annule la vente de 1x Elytra [Mending, Unbreaking III] pour 42,000.00β sur survie_new
[16:46:04] [ITEM_CANCELLED]: GoldenFarmers annule la vente de 1x Elytra [Mending, Unbreaking III] pour 42,000.00β sur survie_new
[16:46:04] [ITEM_CANCELLED]: GoldenFarmers annule la vente de 5x Rubis Radieux pour 10,000.00β sur survie_new
[16:46:05] [ITEM_CANCELLED]: GoldenFarmers annule la vente de 1x Potion pour 200.00β sur survie_new
[16:46:09] [ITEM_RETURNED]: 1 x Potion  renvoyé à GoldenFarmers le survie_new
[16:46:09] [ITEM_RETURNED]: 5 x Rubis Radieux  renvoyé à GoldenFarmers le survie_new
[16:46:09] [ITEM_RETURNED]: 1 x Elytra  [Mending, Unbreaking III] renvoyé à GoldenFarmers le survie_new
[16:46:09] [ITEM_RETURNED]: 1 x Elytra  [Mending, Unbreaking III] renvoyé à GoldenFarmers le survie_new
[16:46:09] [ITEM_RETURNED]: 1 x Elytra  [Mending, Unbreaking III] renvoyé à GoldenFarmers le survie_new
[16:46:10] [ITEM_RETURNED]: 1 x Elytra  [Mending, Unbreaking III] renvoyé à GoldenFarmers le survie_new
[16:49:43] [ITEM_SOLD]: Karazhar vendu 1 x Diamond Hoe à  [Unbreaking III] Isaorya pour 250.00 β le survie_new
[16:56:34] [ITEM_SOLD]: pikatchou82 vendu 64 x Golden Apple à  Isaorya pour 3,000.00 β le survie_new
[16:56:41] [ITEM_SOLD]: lancelot vendu 64 x Apple à  blazou38 pour 400.00 β le survie_new
[16:58:25] [ITEM_RETURNED]: 1 x Bow  [Flame, Infinity] renvoyé à CouzVeBaton le survie_new
[16:59:56] [ITEM_RETURNED]: 1 x Diamond Pickaxe  [Silk Touch] renvoyé à CouzVeBaton le survie_new
[17:11:20] [ITEM_LISTED]: Yohan81 vend 1 x Parash  [Looting III, Sharpness V, Unbreaking V] pour 500,000.00β sur survie_new
[17:11:39] [ITEM_CANCELLED]: Yohan81 annule la vente de 1x Parash [Looting III, Sharpness V, Unbreaking V] pour 500,000.00β sur survie_new
[17:11:40] [ITEM_RETURNED]: 1 x Parash  [Looting III, Sharpness V, Unbreaking V] renvoyé à Yohan81 le survie_new
[17:12:32] [ITEM_LISTED]: CouzVeBaton vend 1 x Enchanted Book  pour 150,000.00β sur survie_new
[17:25:09] [ITEM_LISTED]: Aezis_ vend 1 x Elytra  [Mending, Unbreaking III] pour 38,000.00β sur survie_new
[17:25:11] [ITEM_LISTED]: Aezis_ vend 1 x Elytra  [Mending, Unbreaking III] pour 38,000.00β sur survie_new
[17:25:12] [ITEM_LISTED]: Aezis_ vend 1 x Elytra  [Mending, Unbreaking III] pour 38,000.00β sur survie_new
[17:25:13] [ITEM_LISTED]: Aezis_ vend 1 x Elytra  [Mending, Unbreaking III] pour 38,000.00β sur survie_new
[17:26:04] [ITEM_LISTED]: Aezis_ vend 5 x Rubis Radieux  pour 15,000.00β sur survie_new
[17:30:58] [ITEM_RETURNED]: 1 x Bow  [Flame, Infinity] renvoyé à Yohan81 le survie_new
[17:38:09] [ITEM_SOLD]: NatoxFCUT vendu 64 x Cocoa Beans à  Aezis_ pour 60.00 β le survie_new
[17:38:10] [ITEM_SOLD]: NatoxFCUT vendu 64 x Cocoa Beans à  Aezis_ pour 60.00 β le survie_new
[17:38:11] [ITEM_SOLD]: NatoxFCUT vendu 64 x Cocoa Beans à  Aezis_ pour 60.00 β le survie_new
[17:38:12] [ITEM_SOLD]: NatoxFCUT vendu 64 x Cocoa Beans à  Aezis_ pour 60.00 β le survie_new
[17:38:13] [ITEM_SOLD]: NatoxFCUT vendu 64 x Cocoa Beans à  Aezis_ pour 60.00 β le survie_new
[17:38:14] [ITEM_SOLD]: NatoxFCUT vendu 64 x Cocoa Beans à  Aezis_ pour 60.00 β le survie_new
[17:39:13] [ITEM_SOLD]: maxoy2726 vendu 33 x Oak Log à  Aezis_ pour 30.00 β le survie_new
[17:39:17] [ITEM_SOLD]: maxoy2726 vendu 32 x Wheat Seeds à  Aezis_ pour 0.10 β le survie_new
[17:39:29] [ITEM_SOLD]: le_lait vendu 1 x Diamond Sword à  [Bane of Arthropods IV, Knockback II] Aezis_ pour 20.00 β le survie_new
[17:40:02] [ITEM_SOLD]: samdec666 vendu 1 x Iron Axe à  Aezis_ pour 100.00 β le survie_new
[17:40:11] [ITEM_LISTED]: Max_Le_Max vend 1 x Livre  pour 750.00β sur survie_new
[17:40:13] [ITEM_LISTED]: Max_Le_Max vend 1 x Livre  pour 750.00β sur survie_new
[17:40:15] [ITEM_LISTED]: Max_Le_Max vend 1 x Livre  pour 750.00β sur survie_new
[17:40:20] [ITEM_LISTED]: Max_Le_Max vend 1 x Livre  pour 750.00β sur survie_new
[17:40:21] [ITEM_LISTED]: Max_Le_Max vend 1 x Livre  pour 750.00β sur survie_new
[17:40:33] [ITEM_LISTED]: Aezis_ vend 1 x Saddle  pour 600.00β sur survie_new
[17:40:34] [ITEM_LISTED]: Aezis_ vend 1 x Saddle  pour 600.00β sur survie_new
[17:40:35] [ITEM_LISTED]: Aezis_ vend 1 x Saddle  pour 600.00β sur survie_new
[17:40:35] [ITEM_LISTED]: Aezis_ vend 1 x Saddle  pour 600.00β sur survie_new
[17:40:36] [ITEM_LISTED]: Aezis_ vend 1 x Saddle  pour 600.00β sur survie_new
[17:40:37] [ITEM_LISTED]: Aezis_ vend 1 x Saddle  pour 600.00β sur survie_new
[17:40:38] [ITEM_LISTED]: Aezis_ vend 1 x Saddle  pour 600.00β sur survie_new
[17:40:39] [ITEM_LISTED]: Aezis_ vend 1 x Saddle  pour 600.00β sur survie_new
[17:40:45] [ITEM_LISTED]: Aezis_ vend 1 x Saddle  pour 600.00β sur survie_new
[17:40:46] [ITEM_LISTED]: Aezis_ vend 1 x Saddle  pour 600.00β sur survie_new
[17:40:46] [ITEM_LISTED]: Aezis_ vend 1 x Saddle  pour 600.00β sur survie_new
[17:40:47] [ITEM_LISTED]: Aezis_ vend 1 x Saddle  pour 600.00β sur survie_new
[17:40:48] [ITEM_LISTED]: Aezis_ vend 1 x Saddle  pour 600.00β sur survie_new
[17:40:49] [ITEM_LISTED]: Aezis_ vend 1 x Saddle  pour 600.00β sur survie_new
[17:40:50] [ITEM_LISTED]: Aezis_ vend 1 x Saddle  pour 600.00β sur survie_new
[17:40:50] [ITEM_LISTED]: Aezis_ vend 1 x Saddle  pour 600.00β sur survie_new
[17:41:02] [ITEM_LISTED]: Aezis_ vend 1 x Saddle  pour 600.00β sur survie_new
[17:41:02] [ITEM_LISTED]: Aezis_ vend 1 x Saddle  pour 600.00β sur survie_new
[17:41:03] [ITEM_LISTED]: Aezis_ vend 1 x Saddle  pour 600.00β sur survie_new
[17:41:04] [ITEM_LISTED]: Aezis_ vend 1 x Saddle  pour 600.00β sur survie_new
[17:41:05] [ITEM_LISTED]: Aezis_ vend 1 x Saddle  pour 600.00β sur survie_new
[17:41:06] [ITEM_LISTED]: Aezis_ vend 1 x Saddle  pour 600.00β sur survie_new
[17:41:07] [ITEM_LISTED]: Aezis_ vend 1 x Saddle  pour 600.00β sur survie_new
[17:41:07] [ITEM_LISTED]: Aezis_ vend 1 x Saddle  pour 600.00β sur survie_new
[17:41:48] [ITEM_LISTED]: Aezis_ vend 1 x Iron Horse Armor  pour 400.00β sur survie_new
[17:41:49] [ITEM_LISTED]: Aezis_ vend 1 x Iron Horse Armor  pour 400.00β sur survie_new
[17:41:49] [ITEM_LISTED]: Aezis_ vend 1 x Iron Horse Armor  pour 400.00β sur survie_new
[17:41:50] [ITEM_LISTED]: Aezis_ vend 1 x Iron Horse Armor  pour 400.00β sur survie_new
[17:41:51] [ITEM_LISTED]: Aezis_ vend 1 x Iron Horse Armor  pour 400.00β sur survie_new
[17:41:52] [ITEM_LISTED]: Aezis_ vend 1 x Iron Horse Armor  pour 400.00β sur survie_new
[17:41:52] [ITEM_LISTED]: Aezis_ vend 1 x Iron Horse Armor  pour 400.00β sur survie_new
[17:41:53] [ITEM_LISTED]: Aezis_ vend 1 x Iron Horse Armor  pour 400.00β sur survie_new
[17:42:10] [ITEM_LISTED]: Aezis_ vend 1 x Iron Horse Armor  pour 400.00β sur survie_new
[17:42:12] [ITEM_LISTED]: Aezis_ vend 1 x Iron Horse Armor  pour 400.00β sur survie_new
[17:42:12] [ITEM_LISTED]: Aezis_ vend 1 x Iron Horse Armor  pour 400.00β sur survie_new
[17:42:13] [ITEM_LISTED]: Aezis_ vend 1 x Iron Horse Armor  pour 400.00β sur survie_new
[17:42:14] [ITEM_LISTED]: Aezis_ vend 1 x Iron Horse Armor  pour 400.00β sur survie_new
[17:42:15] [ITEM_LISTED]: Aezis_ vend 1 x Iron Horse Armor  pour 400.00β sur survie_new
[17:42:16] [ITEM_LISTED]: Aezis_ vend 1 x Iron Horse Armor  pour 400.00β sur survie_new
[17:42:31] [ITEM_LISTED]: Aezis_ vend 1 x Golden Horse Armor  pour 700.00β sur survie_new
[17:53:43] [ITEM_LISTED]: Max_Le_Max vend 1 x §;§:Squid Spawner 1x  pour 8,000.00β sur survie_new
[17:53:45] [ITEM_LISTED]: Max_Le_Max vend 1 x §;§:Squid Spawner 1x  pour 8,000.00β sur survie_new
[17:54:53] [ITEM_LISTED]: Max_Le_Max vend 10 x Poudre Magique  pour 200.00β sur survie_new
[17:55:14] [ITEM_LISTED]: Max_Le_Max vend 1 x §;§:Dolphin Spawner 1x  pour 7,500.00β sur survie_new
[18:03:39] [ITEM_SOLD]: CouzVeBaton vendu 1 x Shulker Box à  Karazhar pour 1,500.00 β le survie_new
[18:03:43] [ITEM_SOLD]: CouzVeBaton vendu 1 x Shulker Box à  Karazhar pour 1,500.00 β le survie_new
[18:16:52] [ITEM_SOLD]: Max_Le_Max vendu 1 x §;§:Squid Spawner 1x à  pikatchou82 pour 8,000.00 β le survie_new
[18:16:54] [ITEM_SOLD]: Max_Le_Max vendu 1 x §;§:Squid Spawner 1x à  pikatchou82 pour 8,000.00 β le survie_new
[18:17:18] [ITEM_SOLD]: Max_Le_Max vendu 1 x Livre à  pikatchou82 pour 750.00 β le survie_new
[18:17:19] [ITEM_SOLD]: Max_Le_Max vendu 1 x Livre à  pikatchou82 pour 750.00 β le survie_new
[18:17:36] [ITEM_SOLD]: Max_Le_Max vendu 1 x Livre à  pikatchou82 pour 750.00 β le survie_new
[18:17:38] [ITEM_SOLD]: Max_Le_Max vendu 1 x Livre à  pikatchou82 pour 750.00 β le survie_new
[18:17:40] [ITEM_SOLD]: Max_Le_Max vendu 1 x Livre à  pikatchou82 pour 750.00 β le survie_new
[18:46:41] [ITEM_SOLD]: Max_Le_Max vendu 10 x Poudre Magique à  Futsiph pour 200.00 β le survie_new
[19:48:34] [ITEM_LISTED]: Karazhar vend 1 x §;§:Cave spider Spawner 1x  pour 5,000.00β sur survie_new
[19:48:40] [ITEM_LISTED]: Karazhar vend 1 x §;§:Cave spider Spawner 1x  pour 5,000.00β sur survie_new
[20:58:21] [ITEM_SOLD]: CouzVeBaton vendu 1 x Shulker Box à  Lacourgette pour 1,500.00 β le survie_new
[20:58:32] [ITEM_SOLD]: CouzVeBaton vendu 1 x Shulker Box à  Lacourgette pour 1,500.00 β le survie_new
[20:58:35] [ITEM_SOLD]: CouzVeBaton vendu 1 x Shulker Box à  Lacourgette pour 1,500.00 β le survie_new
[20:58:38] [ITEM_SOLD]: CouzVeBaton vendu 1 x Shulker Box à  Lacourgette pour 1,500.00 β le survie_new
[20:58:40] [ITEM_SOLD]: CouzVeBaton vendu 1 x Shulker Box à  Lacourgette pour 1,500.00 β le survie_new
[20:58:43] [ITEM_SOLD]: CouzVeBaton vendu 1 x Shulker Box à  Lacourgette pour 1,500.00 β le survie_new
[20:58:46] [ITEM_SOLD]: CouzVeBaton vendu 1 x Shulker Box à  Lacourgette pour 1,500.00 β le survie_new
[22:38:16] [ITEM_SOLD]: Efysio vendu 1 x Enchanted Book à  SahQuelPlaisirMC pour 8,000.00 β le survie_new
[22:48:39] [ITEM_SOLD]: Karazhar vendu 1 x Diamond Pickaxe à  [Efficiency IV, Unbreaking III] SahQuelPlaisirMC pour 2,000.00 β le survie_new
[23:16:00] [ITEM_SOLD]: Ender_Shock vendu 1 x Enchanted Book à  SahQuelPlaisirMC pour 6,500.00 β le survie_new
[23:17:48] [ITEM_SOLD]: Rinpyo vendu 1 x Bow à  [Flame, Infinity, Power V, Unbreaking III] SahQuelPlaisirMC pour 4,000.00 β le survie_new
[23:18:01] [ITEM_SOLD]: pikatchou82 vendu 1 x Enchanted Book à  SahQuelPlaisirMC pour 6,500.00 β le survie_new
