[00:02:56] [ITEM_SOLD]: Zelyan vendu 64 x Melon Slice à  Lallethu pour 100.00 β le survie_new
[00:03:02] [ITEM_SOLD]: Raptor_22 vendu 64 x Beetroot à  Lallethu pour 36.00 β le survie_new
[00:10:34] [ITEM_RETURNED]: 1 x Fishing Rod  [Mending] renvoyé à _Sasukeih_ le survie_new
[00:10:34] [ITEM_RETURNED]: 1 x Enchanted Book  renvoyé à _Sasukeih_ le survie_new
[00:12:54] [ITEM_CANCELLED]: Yohan81 annule la vente de 1x Philosophers Stone pour 500,000.00β sur survie_new
[00:12:55] [ITEM_RETURNED]: 1 x Philosophers Stone  renvoyé à Yohan81 le survie_new
[01:27:17] [ITEM_SOLD]: Natvolh24 vendu 27 x Diamond à  Karazhar pour 2,700.00 β le survie_new
[06:30:36] [ITEM_RETURNED]: 16 x Emerald  renvoyé à Tertz_ le survie_new
[08:25:17] [ITEM_SOLD]: h_ney vendu 1 x Enchanted Book à  Lallethu pour 1,000.00 β le survie_new
[08:25:39] [ITEM_SOLD]: h_ney vendu 1 x Enchanted Book à  Lallethu pour 500.00 β le survie_new
[08:26:11] [ITEM_SOLD]: Efysio vendu 1 x Enchanted Book à  Lallethu pour 6,500.00 β le survie_new
[08:33:12] [ITEM_SOLD]: Efysio vendu 1 x Enchanted Book à  Lallethu pour 6,500.00 β le survie_new
[09:57:35] [ITEM_LISTED]: Efysio vend 1 x Enchanted Book  pour 6,500.00β sur survie_new
[09:57:38] [ITEM_LISTED]: Efysio vend 1 x Enchanted Book  pour 6,500.00β sur survie_new
[09:57:40] [ITEM_LISTED]: Efysio vend 1 x Enchanted Book  pour 6,500.00β sur survie_new
[10:31:58] [ITEM_LISTED]: Natvolh24 vend 4 x Diamond Block  pour 3,600.00β sur survie_new
[11:04:09] [ITEM_SOLD]: Natvolh24 vendu 4 x Diamond Block à  Karazhar pour 3,600.00 β le survie_new
[13:30:33] [ITEM_CANCELLED]: Max_Le_Max annule la vente de 1x Suspicious Stew pour 100.00β sur survie_new
[13:30:34] [ITEM_CANCELLED]: Max_Le_Max annule la vente de 1x Suspicious Stew pour 100.00β sur survie_new
[13:30:34] [ITEM_CANCELLED]: Max_Le_Max annule la vente de 1x Suspicious Stew pour 100.00β sur survie_new
[13:30:34] [ITEM_CANCELLED]: Max_Le_Max annule la vente de 1x Suspicious Stew pour 100.00β sur survie_new
[13:30:34] [ITEM_CANCELLED]: Max_Le_Max annule la vente de 1x Suspicious Stew pour 100.00β sur survie_new
[13:30:35] [ITEM_CANCELLED]: Max_Le_Max annule la vente de 1x Suspicious Stew pour 100.00β sur survie_new
[13:30:39] [ITEM_RETURNED]: 1 x Suspicious Stew  renvoyé à Max_Le_Max le survie_new
[13:30:39] [ITEM_RETURNED]: 1 x Suspicious Stew  renvoyé à Max_Le_Max le survie_new
[13:30:39] [ITEM_RETURNED]: 1 x Suspicious Stew  renvoyé à Max_Le_Max le survie_new
[13:30:40] [ITEM_RETURNED]: 1 x Suspicious Stew  renvoyé à Max_Le_Max le survie_new
[13:30:40] [ITEM_RETURNED]: 1 x Suspicious Stew  renvoyé à Max_Le_Max le survie_new
[13:30:40] [ITEM_RETURNED]: 1 x Suspicious Stew  renvoyé à Max_Le_Max le survie_new
[14:13:24] [ITEM_LISTED]: Starlock_1 vend 30 x Iron Block  pour 2,100.00β sur survie_new
[14:14:18] [ITEM_SOLD]: Starlock_1 vendu 30 x Iron Block à  pikatchou82 pour 2,100.00 β le survie_new
[14:36:33] [ITEM_LISTED]: pikatchou82 vend 64 x Golden Apple  pour 3,000.00β sur survie_new
[14:36:34] [ITEM_LISTED]: pikatchou82 vend 64 x Golden Apple  pour 3,000.00β sur survie_new
[14:36:36] [ITEM_LISTED]: pikatchou82 vend 64 x Golden Apple  pour 3,000.00β sur survie_new
[14:36:37] [ITEM_LISTED]: pikatchou82 vend 64 x Golden Apple  pour 3,000.00β sur survie_new
[14:36:39] [ITEM_LISTED]: pikatchou82 vend 64 x Golden Apple  pour 3,000.00β sur survie_new
[14:36:41] [ITEM_LISTED]: pikatchou82 vend 64 x Golden Apple  pour 3,000.00β sur survie_new
[14:36:46] [ITEM_LISTED]: pikatchou82 vend 64 x Golden Apple  pour 3,000.00β sur survie_new
[14:36:47] [ITEM_LISTED]: pikatchou82 vend 64 x Golden Apple  pour 3,000.00β sur survie_new
[14:36:49] [ITEM_LISTED]: pikatchou82 vend 64 x Golden Apple  pour 3,000.00β sur survie_new
[14:44:15] [ITEM_LISTED]: pikatchou82 vend 1 x Shulker Box  pour 10,000.00β sur survie_new
[14:44:24] [ITEM_LISTED]: pikatchou82 vend 1 x full plaques de pressions  pour 2,000.00β sur survie_new
[14:44:38] [ITEM_LISTED]: pikatchou82 vend 1 x full jukebox  pour 2,000.00β sur survie_new
[14:44:40] [ITEM_LISTED]: pikatchou82 vend 1 x Shulker Box  pour 2,000.00β sur survie_new
[14:44:41] [ITEM_LISTED]: pikatchou82 vend 1 x full montre  pour 2,000.00β sur survie_new
[14:44:43] [ITEM_LISTED]: pikatchou82 vend 1 x Shulker Box  pour 2,000.00β sur survie_new
[14:44:44] [ITEM_LISTED]: pikatchou82 vend 1 x full montres  pour 2,000.00β sur survie_new
[14:44:57] [ITEM_LISTED]: pikatchou82 vend 1 x full enclumes  pour 10,000.00β sur survie_new
[14:44:59] [ITEM_LISTED]: pikatchou82 vend 1 x full enclumes  pour 10,000.00β sur survie_new
[14:47:10] [ITEM_CANCELLED]: Karazhar annule la vente de 1x §;§:Dolphin Spawner 1x pour 8,000.00β sur survie_new
[14:47:11] [ITEM_CANCELLED]: Karazhar annule la vente de 1x §;§:Dolphin Spawner 1x pour 8,000.00β sur survie_new
[14:47:11] [ITEM_CANCELLED]: Karazhar annule la vente de 1x Dolphin Spawn Egg pour 3,000.00β sur survie_new
[14:47:12] [ITEM_CANCELLED]: Karazhar annule la vente de 1x Dolphin Spawn Egg pour 3,000.00β sur survie_new
[14:47:14] [ITEM_RETURNED]: 1 x Dolphin Spawn Egg  renvoyé à Karazhar le survie_new
[14:47:15] [ITEM_RETURNED]: 1 x Dolphin Spawn Egg  renvoyé à Karazhar le survie_new
[14:47:15] [ITEM_RETURNED]: 1 x §;§:Dolphin Spawner 1x  renvoyé à Karazhar le survie_new
[14:47:15] [ITEM_RETURNED]: 1 x §;§:Dolphin Spawner 1x  renvoyé à Karazhar le survie_new
[14:47:30] [ITEM_LISTED]: Karazhar vend 1 x Dolphin Spawn Egg  pour 800.00β sur survie_new
[14:47:34] [ITEM_LISTED]: Karazhar vend 1 x §;§:Dolphin Spawner 1x  pour 4,500.00β sur survie_new
[14:47:39] [ITEM_LISTED]: Karazhar vend 1 x §;§:Dolphin Spawner 1x  pour 4,500.00β sur survie_new
[14:47:42] [ITEM_LISTED]: Karazhar vend 1 x Dolphin Spawn Egg  pour 800.00β sur survie_new
[14:47:45] [ITEM_LISTED]: Haru_M vend 1 x Nether Star  pour 10,000.00β sur survie_new
[14:48:00] [ITEM_SOLD]: pikatchou82 vendu 1 x Shulker Box à  Karazhar pour 10,000.00 β le survie_new
[14:48:04] [ITEM_CANCELLED]: pikatchou82 annule la vente de 64x Golden Apple pour 3,000.00β sur survie_new
[14:48:05] [ITEM_CANCELLED]: pikatchou82 annule la vente de 64x Golden Apple pour 3,000.00β sur survie_new
[14:48:05] [ITEM_CANCELLED]: pikatchou82 annule la vente de 64x Golden Apple pour 3,000.00β sur survie_new
[14:48:05] [ITEM_CANCELLED]: pikatchou82 annule la vente de 64x Golden Apple pour 3,000.00β sur survie_new
[14:48:06] [ITEM_CANCELLED]: pikatchou82 annule la vente de 64x Golden Apple pour 3,000.00β sur survie_new
[14:48:09] [ITEM_CANCELLED]: pikatchou82 annule la vente de 1x Enchanted Book pour 7,000.00β sur survie_new
[14:48:09] [ITEM_CANCELLED]: pikatchou82 annule la vente de 1x Enchanted Book pour 7,000.00β sur survie_new
[14:48:10] [ITEM_CANCELLED]: pikatchou82 annule la vente de 1x Enchanted Book pour 7,000.00β sur survie_new
[14:48:10] [ITEM_CANCELLED]: pikatchou82 annule la vente de 1x Enchanted Book pour 7,000.00β sur survie_new
[14:48:10] [ITEM_CANCELLED]: pikatchou82 annule la vente de 1x Enchanted Book pour 7,000.00β sur survie_new
[14:48:10] [ITEM_CANCELLED]: pikatchou82 annule la vente de 1x Enchanted Book pour 7,000.00β sur survie_new
[14:48:10] [ITEM_CANCELLED]: pikatchou82 annule la vente de 1x Written Book pour 50,000.00β sur survie_new
[14:48:10] [ITEM_CANCELLED]: pikatchou82 annule la vente de 1x Enchanted Book pour 7,000.00β sur survie_new
[14:48:11] [ITEM_CANCELLED]: pikatchou82 annule la vente de 1x Enchanted Book pour 7,000.00β sur survie_new
[14:48:11] [ITEM_CANCELLED]: pikatchou82 annule la vente de 1x Enchanted Book pour 7,000.00β sur survie_new
[14:48:11] [ITEM_CANCELLED]: pikatchou82 annule la vente de 1x Enchanted Book pour 7,000.00β sur survie_new
[14:48:11] [ITEM_CANCELLED]: pikatchou82 annule la vente de 1x Enchanted Book pour 7,000.00β sur survie_new
[14:48:12] [ITEM_CANCELLED]: pikatchou82 annule la vente de 1x Enchanted Book pour 7,000.00β sur survie_new
[14:48:12] [ITEM_CANCELLED]: pikatchou82 annule la vente de 1x Enchanted Book pour 7,000.00β sur survie_new
[14:48:12] [ITEM_CANCELLED]: pikatchou82 annule la vente de 1x Enchanted Book pour 7,000.00β sur survie_new
[14:48:12] [ITEM_CANCELLED]: pikatchou82 annule la vente de 1x Enchanted Book pour 7,000.00β sur survie_new
[14:48:12] [ITEM_CANCELLED]: pikatchou82 annule la vente de 1x Enchanted Book pour 7,000.00β sur survie_new
[14:48:14] [ITEM_RETURNED]: 1 x Enchanted Book  renvoyé à pikatchou82 le survie_new
[14:48:14] [ITEM_RETURNED]: 1 x Enchanted Book  renvoyé à pikatchou82 le survie_new
[14:48:15] [ITEM_RETURNED]: 1 x Enchanted Book  renvoyé à pikatchou82 le survie_new
[14:48:15] [ITEM_RETURNED]: 1 x Enchanted Book  renvoyé à pikatchou82 le survie_new
[14:48:15] [ITEM_RETURNED]: 1 x Enchanted Book  renvoyé à pikatchou82 le survie_new
[14:48:15] [ITEM_RETURNED]: 1 x Enchanted Book  renvoyé à pikatchou82 le survie_new
[14:48:15] [ITEM_RETURNED]: 1 x Enchanted Book  renvoyé à pikatchou82 le survie_new
[14:48:15] [ITEM_RETURNED]: 1 x Enchanted Book  renvoyé à pikatchou82 le survie_new
[14:48:16] [ITEM_RETURNED]: 1 x Enchanted Book  renvoyé à pikatchou82 le survie_new
[14:48:16] [ITEM_RETURNED]: 1 x Enchanted Book  renvoyé à pikatchou82 le survie_new
[14:48:16] [ITEM_RETURNED]: 1 x Written Book  renvoyé à pikatchou82 le survie_new
[14:48:16] [ITEM_RETURNED]: 1 x Enchanted Book  renvoyé à pikatchou82 le survie_new
[14:48:16] [ITEM_RETURNED]: 1 x Enchanted Book  renvoyé à pikatchou82 le survie_new
[14:48:17] [ITEM_RETURNED]: 1 x Enchanted Book  renvoyé à pikatchou82 le survie_new
[14:48:17] [ITEM_RETURNED]: 1 x Enchanted Book  renvoyé à pikatchou82 le survie_new
[14:48:17] [ITEM_RETURNED]: 1 x Enchanted Book  renvoyé à pikatchou82 le survie_new
[14:48:17] [ITEM_RETURNED]: 1 x Enchanted Book  renvoyé à pikatchou82 le survie_new
[14:48:39] [ITEM_LISTED]: pikatchou82 vend 1 x Enchanted Book  pour 6,500.00β sur survie_new
[14:48:42] [ITEM_LISTED]: pikatchou82 vend 1 x Enchanted Book  pour 6,500.00β sur survie_new
[14:48:43] [ITEM_LISTED]: pikatchou82 vend 1 x Enchanted Book  pour 6,500.00β sur survie_new
[14:48:44] [ITEM_LISTED]: pikatchou82 vend 1 x Enchanted Book  pour 6,500.00β sur survie_new
[14:48:46] [ITEM_LISTED]: pikatchou82 vend 1 x Enchanted Book  pour 6,500.00β sur survie_new
[14:48:47] [ITEM_LISTED]: pikatchou82 vend 1 x Enchanted Book  pour 6,500.00β sur survie_new
[14:48:48] [ITEM_LISTED]: pikatchou82 vend 1 x Enchanted Book  pour 6,500.00β sur survie_new
[14:48:49] [ITEM_SOLD]: Haru_M vendu 1 x Nether Star à  OfCourse pour 10,000.00 β le survie_new
[14:48:50] [ITEM_LISTED]: pikatchou82 vend 1 x Enchanted Book  pour 6,500.00β sur survie_new
[14:48:56] [ITEM_LISTED]: pikatchou82 vend 1 x Enchanted Book  pour 6,500.00β sur survie_new
[14:48:58] [ITEM_LISTED]: pikatchou82 vend 1 x Enchanted Book  pour 6,500.00β sur survie_new
[14:48:59] [ITEM_LISTED]: pikatchou82 vend 1 x Enchanted Book  pour 6,500.00β sur survie_new
[14:49:01] [ITEM_LISTED]: pikatchou82 vend 1 x Enchanted Book  pour 6,500.00β sur survie_new
[14:49:02] [ITEM_LISTED]: pikatchou82 vend 1 x Enchanted Book  pour 6,500.00β sur survie_new
[14:49:04] [ITEM_LISTED]: pikatchou82 vend 1 x Enchanted Book  pour 6,500.00β sur survie_new
[14:49:05] [ITEM_LISTED]: pikatchou82 vend 1 x Enchanted Book  pour 6,500.00β sur survie_new
[14:49:07] [ITEM_LISTED]: pikatchou82 vend 1 x Enchanted Book  pour 6,500.00β sur survie_new
[14:51:20] [ITEM_LISTED]: pikatchou82 vend 1 x Written Book  pour 5,000.00β sur survie_new
[15:01:27] [ITEM_RETURNED]: 64 x Golden Apple  renvoyé à pikatchou82 le survie_new
[15:01:27] [ITEM_RETURNED]: 64 x Golden Apple  renvoyé à pikatchou82 le survie_new
[15:01:27] [ITEM_RETURNED]: 64 x Golden Apple  renvoyé à pikatchou82 le survie_new
[15:01:28] [ITEM_RETURNED]: 64 x Golden Apple  renvoyé à pikatchou82 le survie_new
[15:01:28] [ITEM_RETURNED]: 64 x Golden Apple  renvoyé à pikatchou82 le survie_new
[15:02:04] [ITEM_LISTED]: pikatchou82 vend 64 x Golden Apple  pour 3,000.00β sur survie_new
[15:02:06] [ITEM_LISTED]: pikatchou82 vend 64 x Golden Apple  pour 3,000.00β sur survie_new
[15:02:11] [ITEM_LISTED]: pikatchou82 vend 64 x Golden Apple  pour 3,000.00β sur survie_new
[15:02:14] [ITEM_LISTED]: pikatchou82 vend 64 x Golden Apple  pour 3,000.00β sur survie_new
[15:02:16] [ITEM_LISTED]: pikatchou82 vend 64 x Golden Apple  pour 3,000.00β sur survie_new
[15:23:37] [ITEM_LISTED]: CroixVeBaton vend 1 x Pufferfish Bucket  pour 5,000.00β sur survie_new
[15:23:40] [ITEM_LISTED]: CroixVeBaton vend 1 x Pufferfish Bucket  pour 5,000.00β sur survie_new
[15:23:42] [ITEM_LISTED]: CroixVeBaton vend 1 x Pufferfish Bucket  pour 5,000.00β sur survie_new
[15:23:45] [ITEM_LISTED]: CroixVeBaton vend 1 x Pufferfish Bucket  pour 5,000.00β sur survie_new
[15:42:26] [ITEM_LISTED]: Natvolh24 vend 1 x Dolphin Spawn Egg  pour 4,500.00β sur survie_new
[15:49:48] [ITEM_LISTED]: Raptor_22 vend 64 x Baked Potato  pour 35.00β sur survie_new
[15:50:04] [ITEM_LISTED]: Raptor_22 vend 64 x Baked Potato  pour 35.00β sur survie_new
[15:50:04] [ITEM_LISTED]: The_Gamer4406 vend 64 x Baked Potato  pour 40.00β sur survie_new
[15:50:24] [ITEM_LISTED]: Raptor_22 vend 44 x Baked Potato  pour 25.00β sur survie_new
[15:50:58] [ITEM_LISTED]: The_Gamer4406 vend 45 x Baked Potato  pour 27.00β sur survie_new
[15:53:54] [ITEM_LISTED]: le_lait vend 1 x §;§:Cave spider Spawner 1x  pour 4,500.00β sur survie_new
[15:53:56] [ITEM_LISTED]: le_lait vend 1 x §;§:Cave spider Spawner 1x  pour 4,500.00β sur survie_new
[15:53:58] [ITEM_LISTED]: le_lait vend 1 x §;§:Cave spider Spawner 1x  pour 4,500.00β sur survie_new
[15:55:23] [ITEM_LISTED]: le_lait vend 1 x §;§:Dolphin Spawner 1x  pour 5,210.00β sur survie_new
[16:57:17] [ITEM_RETURNED]: 1 x Partie d'équipement : II  renvoyé à OfCourse le survie_new
[16:57:17] [ITEM_RETURNED]: 1 x Partie d'équipement : I  renvoyé à OfCourse le survie_new
[16:57:17] [ITEM_RETURNED]: 1 x Iron Leggings  [Protection IV, Unbreaking III] renvoyé à OfCourse le survie_new
[16:57:17] [ITEM_RETURNED]: 1 x Diamond Helmet  [Fire Protection III] renvoyé à OfCourse le survie_new
[16:57:17] [ITEM_RETURNED]: 1 x Iron Boots  [Depth Strider II, Protection III] renvoyé à OfCourse le survie_new
[16:57:17] [ITEM_RETURNED]: 1 x Iron Boots  [Frost Walker II] renvoyé à OfCourse le survie_new
[16:57:17] [ITEM_RETURNED]: 1 x Iron Boots  [Depth Strider III, Fire Protection IV] renvoyé à OfCourse le survie_new
[16:57:17] [ITEM_RETURNED]: 1 x Iron Boots  [Feather Falling IV, Fire Protection III] renvoyé à OfCourse le survie_new
[17:15:10] [ITEM_LISTED]: Efysio vend 1 x Enchanted Book  pour 6,500.00β sur survie_new
[17:15:12] [ITEM_LISTED]: Efysio vend 1 x Enchanted Book  pour 6,500.00β sur survie_new
[17:15:14] [ITEM_LISTED]: Efysio vend 1 x Enchanted Book  pour 6,500.00β sur survie_new
[17:15:25] [ITEM_LISTED]: Efysio vend 1 x Enchanted Book  pour 5,000.00β sur survie_new
[17:15:28] [ITEM_LISTED]: Efysio vend 1 x Enchanted Book  pour 5,000.00β sur survie_new
[17:15:32] [ITEM_LISTED]: Efysio vend 1 x Enchanted Book  pour 5,000.00β sur survie_new
[17:16:28] [ITEM_LISTED]: OfCourse vend 1 x Iron Boots  [Depth Strider II, Protection III] pour 1,000.00β sur survie_new
[17:16:34] [ITEM_LISTED]: OfCourse vend 1 x Iron Boots  [Feather Falling IV, Fire Protection III] pour 1,000.00β sur survie_new
[17:16:38] [ITEM_LISTED]: OfCourse vend 1 x Iron Boots  [Frost Walker II] pour 1,000.00β sur survie_new
[17:16:43] [ITEM_LISTED]: OfCourse vend 1 x Iron Boots  [Depth Strider III, Fire Protection IV] pour 1,000.00β sur survie_new
[17:16:46] [ITEM_LISTED]: OfCourse vend 1 x Iron Leggings  [Protection IV, Unbreaking III] pour 1,000.00β sur survie_new
[17:16:50] [ITEM_LISTED]: OfCourse vend 1 x Diamond Helmet  [Fire Protection III] pour 1,000.00β sur survie_new
[17:29:52] [ITEM_LISTED]: OfCourse vend 4 x Turtle Egg  pour 200.00β sur survie_new
[17:30:09] [ITEM_SOLD]: OfCourse vendu 4 x Turtle Egg à  Whother42 pour 200.00 β le survie_new
[17:31:07] [ITEM_LISTED]: OfCourse vend 4 x Turtle Egg  pour 200.00β sur survie_new
[17:31:11] [ITEM_SOLD]: OfCourse vendu 4 x Turtle Egg à  Whother42 pour 200.00 β le survie_new
[19:56:39] [ITEM_CANCELLED]: le_lait annule la vente de 1x §;§:Dolphin Spawner 1x pour 5,210.00β sur survie_new
[19:56:39] [ITEM_CANCELLED]: le_lait annule la vente de 1x §;§:Cave spider Spawner 1x pour 4,500.00β sur survie_new
[19:56:40] [ITEM_CANCELLED]: le_lait annule la vente de 1x §;§:Cave spider Spawner 1x pour 4,500.00β sur survie_new
[19:56:40] [ITEM_CANCELLED]: le_lait annule la vente de 1x §;§:Cave spider Spawner 1x pour 4,500.00β sur survie_new
[19:56:56] [ITEM_RETURNED]: 1 x §;§:Dolphin Spawner 1x  renvoyé à le_lait le survie_new
[19:56:57] [ITEM_RETURNED]: 1 x §;§:Cave spider Spawner 1x  renvoyé à le_lait le survie_new
[19:56:57] [ITEM_RETURNED]: 1 x §;§:Cave spider Spawner 1x  renvoyé à le_lait le survie_new
[19:56:57] [ITEM_RETURNED]: 1 x §;§:Cave spider Spawner 1x  renvoyé à le_lait le survie_new
[21:14:27] [ITEM_SOLD]: Blazd vendu 64 x Wither Rose à  PSY_Kill3R pour 20,000.00 β le survie_new
[21:32:01] [ITEM_RETURNED]: 1 x Honey Block  renvoyé à omega2028 le survie_new
[21:55:17] [ITEM_LISTED]: Karazhar vend 64 x Dark Oak Log  pour 300.00β sur survie_new
[21:55:22] [ITEM_LISTED]: Karazhar vend 64 x Dark Oak Log  pour 300.00β sur survie_new
[21:55:26] [ITEM_LISTED]: Karazhar vend 64 x Dark Oak Log  pour 300.00β sur survie_new
[22:33:30] [ITEM_RETURNED]: 1 x Golden Horse Armor  renvoyé à Stebanou le survie_new
[22:33:30] [ITEM_RETURNED]: 1 x Journal de quêtes  renvoyé à Stebanou le survie_new
[22:33:30] [ITEM_RETURNED]: 1 x Bee Nest  renvoyé à Stebanou le survie_new
[22:33:30] [ITEM_RETURNED]: 1 x Epée du Père Fouêtard  [Sharpness X, Sweeping Edge IV, Unbreaking X] renvoyé à Stebanou le survie_new
[22:33:30] [ITEM_RETURNED]: 1 x Golden Sword  [Sharpness VIII] renvoyé à Stebanou le survie_new
[22:33:50] [ITEM_SOLD]: Karazhar vendu 17 x Dark Oak Log à  Efysio pour 300.00 β le survie_new
[22:33:51] [ITEM_SOLD]: Karazhar vendu 17 x Dark Oak Log à  Efysio pour 300.00 β le survie_new
[22:33:53] [ITEM_SOLD]: Karazhar vendu 17 x Dark Oak Log à  Efysio pour 300.00 β le survie_new
[22:34:12] [ITEM_RETURNED]: 1 x bote legnendaire  [Feather Falling III, Frost Walker II] renvoyé à Stebanou le survie_new
[22:39:48] [ITEM_LISTED]: Stebanou vend 64 x Dark Oak Log  pour 150.00β sur survie_new
[22:39:49] [ITEM_LISTED]: Stebanou vend 64 x Birch Log  pour 150.00β sur survie_new
[22:39:51] [ITEM_LISTED]: Stebanou vend 64 x Birch Log  pour 150.00β sur survie_new
[22:39:53] [ITEM_LISTED]: Stebanou vend 64 x Oak Log  pour 150.00β sur survie_new
[22:39:55] [ITEM_LISTED]: Stebanou vend 64 x Jungle Log  pour 150.00β sur survie_new
[22:39:58] [ITEM_LISTED]: Stebanou vend 64 x Oak Log  pour 150.00β sur survie_new
[22:40:01] [ITEM_LISTED]: Stebanou vend 64 x Dark Oak Log  pour 150.00β sur survie_new
[22:40:03] [ITEM_LISTED]: Stebanou vend 64 x Jungle Log  pour 150.00β sur survie_new
[22:46:42] [ITEM_SOLD]: Stebanou vendu 64 x Birch Log à  Isaorya pour 150.00 β le survie_new
[22:48:26] [ITEM_LISTED]: Natvolh24 vend 1 x Squid Spawn Egg  pour 2,500.00β sur survie_new
[23:24:53] [ITEM_LISTED]: Tarnuk vend 1 x Shulker Box  pour 1,200.00β sur survie_new
[23:25:27] [ITEM_LISTED]: Tarnuk vend 1 x Shulker Box  pour 1,200.00β sur survie_new
[23:25:29] [ITEM_LISTED]: Tarnuk vend 1 x Shulker Box  pour 1,200.00β sur survie_new
[23:25:31] [ITEM_LISTED]: Tarnuk vend 1 x Shulker Box  pour 1,200.00β sur survie_new
[23:25:35] [ITEM_LISTED]: Tarnuk vend 1 x Shulker Box  pour 1,200.00β sur survie_new
