[00:27:08] [ITEM_LISTED]: CouzVeBaton vend 1 x Diamond Sword  [Knockback I, Looting II] pour 500.00β sur survie_new
[00:35:33] [ITEM_SOLD]: Rinpyo vendu 64 x Slime Ball à  Doomsmen pour 3,000.00 β le survie_new
[00:46:28] [ITEM_LISTED]: CroixVeBaton vend 50 x Gold Block  pour 9,000.00β sur survie_new
[00:48:28] [ITEM_SOLD]: CroixVeBaton vendu 50 x Gold Block à  Doomsmen pour 9,000.00 β le survie_new
[01:12:50] [ITEM_LISTED]: CroixVeBaton vend 37 x Gold Block  pour 6,660.00β sur survie_new
[01:13:36] [ITEM_SOLD]: CroixVeBaton vendu 37 x Gold Block à  Doomsmen pour 6,660.00 β le survie_new
[01:14:36] [ITEM_SOLD]: samdec666 vendu 64 x Jungle Log à  Doomsmen pour 200.00 β le survie_new
[02:47:21] [ITEM_SOLD]: Loan02 vendu 1 x Enchanted Book à  MATHEO pour 2,000.00 β le survie_new
[02:56:57] [ITEM_SOLD]: CroixVeBaton vendu 1 x Diamond Pickaxe à  [Silk Touch] estedu59 pour 2,000.00 β le survie_new
[02:59:37] [ITEM_SOLD]: CroixVeBaton vendu 1 x Bow à  [Flame, Infinity] MATHEO pour 2,000.00 β le survie_new
[02:59:44] [ITEM_SOLD]: CroixVeBaton vendu 1 x Diamond Pickaxe à  [Silk Touch] MATHEO pour 2,000.00 β le survie_new
[03:01:16] [ITEM_LISTED]: MATHEO vend 64 x Bamboo  pour 50.00β sur survie_new
[03:04:21] [ITEM_LISTED]: MATHEO vend 17 x Presents  pour 10,000.00β sur survie_new
[03:04:32] [ITEM_LISTED]: MATHEO vend 1 x Presents  pour 100.00β sur survie_new
[03:05:41] [ITEM_LISTED]: MATHEO vend 15 x Pastelfruit  pour 5,000.00β sur survie_new
[03:05:49] [ITEM_LISTED]: MATHEO vend 1 x Pastelfruit  pour 1.00β sur survie_new
[03:08:09] [ITEM_LISTED]: estedu59 vend 5 x Bamboo  pour 10,000.00β sur survie_new
[03:10:43] [ITEM_LISTED]: estedu59 vend 6 x Pastelfruit  pour 10,000.00β sur survie_new
[03:11:59] [ITEM_LISTED]: estedu59 vend 6 x Presents  pour 10,000.00β sur survie_new
[03:12:42] [ITEM_LISTED]: estedu59 vend 64 x Banane  pour 100.00β sur survie_new
[03:13:09] [ITEM_LISTED]: estedu59 vend 64 x Banane  pour 100.00β sur survie_new
[03:17:40] [ITEM_LISTED]: MATHEO vend 1 x §;§:Spawner Cave spider x1  pour 10,000.00β sur survie_new
[03:21:39] [ITEM_LISTED]: estedu59 vend 5 x Diamond  pour 800.00β sur survie_new
[03:44:52] [ITEM_LISTED]: MATHEO vend 1 x §;§:Spawner Cave spider x1  pour 10,000.00β sur survie_new
[03:45:04] [ITEM_LISTED]: MATHEO vend 1 x §;§:Spawner Cave spider x1  pour 10,000.00β sur survie_new
[03:45:20] [ITEM_LISTED]: MATHEO vend 1 x §;§:Spawner Cave spider x1  pour 10,000.00β sur survie_new
[04:20:46] [ITEM_LISTED]: estedu59 vend 2 x §;§:Spawner Cave spider x1  pour 10,000.00β sur survie_new
[08:35:30] [ITEM_SOLD]: CouzVeBaton vendu 1 x Diamond Sword à  [Knockback I, Looting II] Pabillus pour 500.00 β le survie_new
[08:35:54] [ITEM_LISTED]: Pabillus vend 1 x Diamond Sword  pour 100.00β sur survie_new
[09:27:23] [ITEM_SOLD]: Pinsut vendu 1 x §;§:Spawner Zombie x1 à  HeFk pour 3,000.00 β le survie_new
[09:36:28] [ITEM_SOLD]: CroixVeBaton vendu 1 x Trident à  [Channeling, Impaling V, Loyalty III, Unbreaking III] Zeelyrules pour 30,000.00 β le survie_new
[12:32:34] [ITEM_CANCELLED]: Pinsut annule la vente de 2x Honey Block pour 500.00β sur survie_new
[12:32:34] [ITEM_CANCELLED]: Pinsut annule la vente de 2x Honey Block pour 500.00β sur survie_new
[12:32:34] [ITEM_CANCELLED]: Pinsut annule la vente de 2x Honey Block pour 500.00β sur survie_new
[12:32:42] [ITEM_RETURNED]: 2 x Honey Block  renvoyé à Pinsut le survie_new
[12:32:42] [ITEM_RETURNED]: 2 x Honey Block  renvoyé à Pinsut le survie_new
[12:32:43] [ITEM_RETURNED]: 2 x Honey Block  renvoyé à Pinsut le survie_new
[12:32:59] [ITEM_LISTED]: Pinsut vend 2 x Honey Block  pour 500.00β sur survie_new
[12:33:01] [ITEM_LISTED]: Pinsut vend 2 x Honey Block  pour 500.00β sur survie_new
[12:33:03] [ITEM_LISTED]: Pinsut vend 2 x Honey Block  pour 500.00β sur survie_new
[12:34:39] [ITEM_SOLD]: pikatchou82 vendu 64 x Golden Apple à  niguetto5 pour 10,000.00 β le survie_new
[12:35:43] [ITEM_CANCELLED]: Doomsmen annule la vente de 64x Cobblestone pour 50.00β sur survie_new
[12:35:53] [ITEM_LISTED]: niguetto5 vend 16 x Pastelfruit  pour 5,000.00β sur survie_new
[12:35:59] [ITEM_LISTED]: niguetto5 vend 17 x Villager Eskimo  pour 5,000.00β sur survie_new
[12:36:00] [ITEM_RETURNED]: 64 x Cobblestone  renvoyé à Doomsmen le survie_new
[12:36:08] [ITEM_LISTED]: niguetto5 vend 1 x Villager Eskimo  pour 500.00β sur survie_new
[12:36:20] [ITEM_LISTED]: niguetto5 vend 12 x Presents  pour 15,000.00β sur survie_new
[12:36:32] [ITEM_LISTED]: niguetto5 vend 13 x Presents  pour 15,000.00β sur survie_new
[12:36:40] [ITEM_LISTED]: niguetto5 vend 13 x Presents  pour 15,000.00β sur survie_new
[12:36:44] [ITEM_LISTED]: niguetto5 vend 13 x Presents  pour 15,000.00β sur survie_new
[12:36:49] [ITEM_LISTED]: niguetto5 vend 13 x Presents  pour 15,000.00β sur survie_new
[12:49:32] [ITEM_LISTED]: Pinsut vend 2 x Honey Block  pour 500.00β sur survie_new
[12:52:02] [ITEM_LISTED]: Pinsut vend 64 x Coal  pour 90.00β sur survie_new
[12:54:21] [ITEM_LISTED]: niguetto5 vend 1 x Enchanted Book  pour 500.00β sur survie_new
[12:54:25] [ITEM_SOLD]: niguetto5 vendu 1 x Enchanted Book à  Rinpyo pour 500.00 β le survie_new
[12:59:47] [ITEM_LISTED]: Pinsut vend 2 x Honey Block  pour 500.00β sur survie_new
[13:17:50] [ITEM_LISTED]: Rinpyo vend 1 x Bow  [Flame, Infinity, Power V, Punch II, Unbreaking III] pour 10,000.00β sur survie_new
[13:18:30] [ITEM_SOLD]: MATHEO vendu 1 x Presents à  Doomsmen pour 100.00 β le survie_new
[13:19:50] [ITEM_CANCELLED]: niguetto5 annule la vente de 13x Presents pour 15,000.00β sur survie_new
[13:19:52] [ITEM_CANCELLED]: niguetto5 annule la vente de 13x Presents pour 15,000.00β sur survie_new
[13:19:53] [ITEM_CANCELLED]: niguetto5 annule la vente de 13x Presents pour 15,000.00β sur survie_new
[13:19:53] [ITEM_CANCELLED]: niguetto5 annule la vente de 13x Presents pour 15,000.00β sur survie_new
[13:19:55] [ITEM_CANCELLED]: niguetto5 annule la vente de 12x Presents pour 15,000.00β sur survie_new
[13:19:56] [ITEM_CANCELLED]: niguetto5 annule la vente de 1x Villager Eskimo pour 500.00β sur survie_new
[13:19:56] [ITEM_CANCELLED]: niguetto5 annule la vente de 17x Villager Eskimo pour 5,000.00β sur survie_new
[13:19:57] [ITEM_CANCELLED]: niguetto5 annule la vente de 16x Pastelfruit pour 5,000.00β sur survie_new
[13:19:57] [ITEM_CANCELLED]: niguetto5 annule la vente de 64x Slime Ball pour 3,000.00β sur survie_new
[13:26:04] [ITEM_RETURNED]: 16 x Pastelfruit  renvoyé à niguetto5 le survie_new
[13:26:05] [ITEM_RETURNED]: 1 x Villager Eskimo  renvoyé à niguetto5 le survie_new
[13:26:05] [ITEM_RETURNED]: 17 x Villager Eskimo  renvoyé à niguetto5 le survie_new
[13:26:06] [ITEM_RETURNED]: 12 x Presents  renvoyé à niguetto5 le survie_new
[13:26:06] [ITEM_RETURNED]: 13 x Presents  renvoyé à niguetto5 le survie_new
[13:26:06] [ITEM_RETURNED]: 13 x Presents  renvoyé à niguetto5 le survie_new
[13:26:06] [ITEM_RETURNED]: 13 x Presents  renvoyé à niguetto5 le survie_new
[13:26:07] [ITEM_RETURNED]: 13 x Presents  renvoyé à niguetto5 le survie_new
[13:29:23] [ITEM_CANCELLED]: Rinpyo annule la vente de 1x Bow [Flame, Infinity, Power V, Punch II, Unbreaking III] pour 10,000.00β sur survie_new
[13:29:30] [ITEM_RETURNED]: 1 x Bow  [Flame, Infinity, Power V, Punch II, Unbreaking III] renvoyé à Rinpyo le survie_new
[13:30:05] [ITEM_LISTED]: Rinpyo vend 1 x Bow  [Flame, Infinity, Power V, Punch I, Unbreaking III, Curse of Vanishing] pour 4,000.00β sur survie_new
[13:30:12] [ITEM_LISTED]: Rinpyo vend 1 x Bow  [Flame, Infinity, Power V, Punch II, Unbreaking III] pour 4,000.00β sur survie_new
[13:30:17] [ITEM_LISTED]: samdec666 vend 64 x Spruce Log  pour 200.00β sur survie_new
[13:30:19] [ITEM_LISTED]: samdec666 vend 64 x Spruce Log  pour 200.00β sur survie_new
[13:30:20] [ITEM_SOLD]: samdec666 vendu 64 x Spruce Log à  Minebark pour 200.00 β le survie_new
[13:30:21] [ITEM_SOLD]: samdec666 vendu 64 x Spruce Log à  Minebark pour 200.00 β le survie_new
[13:30:21] [ITEM_LISTED]: samdec666 vend 64 x Spruce Log  pour 200.00β sur survie_new
[13:30:23] [ITEM_SOLD]: samdec666 vendu 64 x Spruce Log à  Minebark pour 200.00 β le survie_new
[13:30:23] [ITEM_LISTED]: samdec666 vend 64 x Spruce Log  pour 200.00β sur survie_new
[13:30:25] [ITEM_SOLD]: samdec666 vendu 64 x Spruce Log à  Minebark pour 200.00 β le survie_new
[13:30:25] [ITEM_LISTED]: samdec666 vend 64 x Spruce Log  pour 200.00β sur survie_new
[13:30:27] [ITEM_LISTED]: samdec666 vend 64 x Spruce Log  pour 200.00β sur survie_new
[13:30:27] [ITEM_SOLD]: samdec666 vendu 64 x Spruce Log à  Minebark pour 200.00 β le survie_new
[13:30:28] [ITEM_SOLD]: samdec666 vendu 64 x Spruce Log à  Minebark pour 200.00 β le survie_new
[13:30:29] [ITEM_LISTED]: samdec666 vend 64 x Spruce Log  pour 200.00β sur survie_new
[13:30:30] [ITEM_SOLD]: samdec666 vendu 64 x Spruce Log à  Minebark pour 200.00 β le survie_new
[13:33:03] [ITEM_CANCELLED]: Pinsut annule la vente de 2x Honey Block pour 500.00β sur survie_new
[13:33:03] [ITEM_CANCELLED]: Pinsut annule la vente de 2x Honey Block pour 500.00β sur survie_new
[13:33:03] [ITEM_CANCELLED]: Pinsut annule la vente de 2x Honey Block pour 500.00β sur survie_new
[13:33:03] [ITEM_CANCELLED]: Pinsut annule la vente de 2x Honey Block pour 500.00β sur survie_new
[13:33:03] [ITEM_CANCELLED]: Pinsut annule la vente de 64x Coal pour 90.00β sur survie_new
[13:33:03] [ITEM_CANCELLED]: Pinsut annule la vente de 2x Honey Block pour 500.00β sur survie_new
[13:33:08] [ITEM_RETURNED]: 2 x Honey Block  renvoyé à Pinsut le survie_new
[13:33:09] [ITEM_RETURNED]: 64 x Coal  renvoyé à Pinsut le survie_new
[13:33:10] [ITEM_RETURNED]: 2 x Honey Block  renvoyé à Pinsut le survie_new
[13:33:10] [ITEM_RETURNED]: 2 x Honey Block  renvoyé à Pinsut le survie_new
[13:33:10] [ITEM_RETURNED]: 2 x Honey Block  renvoyé à Pinsut le survie_new
[13:33:10] [ITEM_RETURNED]: 2 x Honey Block  renvoyé à Pinsut le survie_new
[13:50:16] [ITEM_LISTED]: Doomsmen vend 1 x Globe de Transformations  pour 20,000.00β sur survie_new
[13:50:20] [ITEM_LISTED]: Doomsmen vend 1 x Globe de Transformations  pour 20,000.00β sur survie_new
[13:53:58] [ITEM_SOLD]: MATHEO vendu 1 x Pastelfruit à  omega2028 pour 1.00 β le survie_new
[13:54:04] [ITEM_SOLD]: MATHEO vendu 15 x Pastelfruit à  omega2028 pour 5,000.00 β le survie_new
[14:20:49] [ITEM_SOLD]: estedu59 vendu 64 x Bamboo à  Loan02 pour 50.00 β le survie_new
[14:25:52] [ITEM_LISTED]: Loan02 vend 64 x Gold Ingot  pour 1,920.00β sur survie_new
[14:25:54] [ITEM_LISTED]: Loan02 vend 64 x Gold Ingot  pour 1,920.00β sur survie_new
[14:25:59] [ITEM_LISTED]: Loan02 vend 64 x Gold Ingot  pour 1,920.00β sur survie_new
[14:26:01] [ITEM_SOLD]: Loan02 vendu 64 x Gold Ingot à  Doomsmen pour 1,920.00 β le survie_new
[14:26:03] [ITEM_LISTED]: Loan02 vend 64 x Gold Ingot  pour 1,920.00β sur survie_new
[14:26:04] [ITEM_SOLD]: Loan02 vendu 64 x Gold Ingot à  Doomsmen pour 1,920.00 β le survie_new
[14:26:06] [ITEM_SOLD]: Loan02 vendu 64 x Gold Ingot à  Doomsmen pour 1,920.00 β le survie_new
[14:26:06] [ITEM_LISTED]: Loan02 vend 64 x Gold Ingot  pour 1,920.00β sur survie_new
[14:26:09] [ITEM_SOLD]: Loan02 vendu 64 x Gold Ingot à  Doomsmen pour 1,920.00 β le survie_new
[14:26:12] [ITEM_LISTED]: Loan02 vend 64 x Gold Ingot  pour 1,920.00β sur survie_new
[14:26:14] [ITEM_SOLD]: Loan02 vendu 64 x Gold Ingot à  Doomsmen pour 1,920.00 β le survie_new
[14:26:16] [ITEM_SOLD]: Loan02 vendu 64 x Gold Ingot à  Doomsmen pour 1,920.00 β le survie_new
[14:26:17] [ITEM_LISTED]: Loan02 vend 64 x Gold Ingot  pour 1,920.00β sur survie_new
[14:26:22] [ITEM_LISTED]: Loan02 vend 64 x Gold Ingot  pour 1,920.00β sur survie_new
[14:26:26] [ITEM_LISTED]: Loan02 vend 64 x Gold Ingot  pour 1,920.00β sur survie_new
[14:26:42] [ITEM_LISTED]: Loan02 vend 64 x Gold Ingot  pour 1,920.00β sur survie_new
[14:26:44] [ITEM_LISTED]: Loan02 vend 64 x Gold Ingot  pour 1,920.00β sur survie_new
[14:26:53] [ITEM_LISTED]: Loan02 vend 64 x Gold Ingot  pour 2,000.00β sur survie_new
[14:27:02] [ITEM_LISTED]: Loan02 vend 64 x Gold Ingot  pour 2,000.00β sur survie_new
[14:29:22] [ITEM_LISTED]: Loan02 vend 64 x Gold Ingot  pour 1,920.00β sur survie_new
[14:29:26] [ITEM_LISTED]: Loan02 vend 64 x Gold Ingot  pour 1,920.00β sur survie_new
[14:31:40] [ITEM_LISTED]: Loan02 vend 64 x Gold Ingot  pour 1,920.00β sur survie_new
[14:36:46] [ITEM_SOLD]: Loan02 vendu 64 x Gold Ingot à  Doomsmen pour 1,920.00 β le survie_new
[14:38:12] [ITEM_LISTED]: Pinsut vend 2 x Honey Block  pour 500.00β sur survie_new
[14:43:14] [ITEM_SOLD]: Loan02 vendu 64 x Gold Ingot à  Doomsmen pour 1,920.00 β le survie_new
[14:43:17] [ITEM_SOLD]: Loan02 vendu 64 x Gold Ingot à  Doomsmen pour 1,920.00 β le survie_new
[14:43:24] [ITEM_SOLD]: Loan02 vendu 64 x Gold Ingot à  Doomsmen pour 1,920.00 β le survie_new
[14:58:59] [ITEM_LISTED]: protocox vend 64 x Blaze Rod  pour 100.00β sur survie_new
[14:59:01] [ITEM_LISTED]: protocox vend 64 x Blaze Rod  pour 100.00β sur survie_new
[14:59:04] [ITEM_LISTED]: protocox vend 64 x Blaze Rod  pour 100.00β sur survie_new
[14:59:08] [ITEM_LISTED]: protocox vend 64 x Blaze Rod  pour 100.00β sur survie_new
[15:02:05] [ITEM_SOLD]: Loan02 vendu 64 x Gold Ingot à  Doomsmen pour 1,920.00 β le survie_new
[15:02:06] [ITEM_SOLD]: Loan02 vendu 64 x Gold Ingot à  Doomsmen pour 1,920.00 β le survie_new
[15:02:13] [ITEM_SOLD]: Loan02 vendu 64 x Gold Ingot à  Doomsmen pour 1,920.00 β le survie_new
[15:02:17] [ITEM_SOLD]: Loan02 vendu 64 x Gold Ingot à  Doomsmen pour 1,920.00 β le survie_new
[15:08:52] [ITEM_SOLD]: Loan02 vendu 64 x Gold Ingot à  Doomsmen pour 2,000.00 β le survie_new
[15:08:53] [ITEM_SOLD]: Loan02 vendu 64 x Gold Ingot à  Doomsmen pour 2,000.00 β le survie_new
[15:22:06] [ITEM_SOLD]: Doomsmen vendu 1 x Globe de Transformations à  CouzVeBaton pour 20,000.00 β le survie_new
[15:22:07] [ITEM_SOLD]: Doomsmen vendu 1 x Globe de Transformations à  CouzVeBaton pour 20,000.00 β le survie_new
[15:23:57] [ITEM_LISTED]: CouzVeBaton vend 1 x Bow  [Flame, Infinity] pour 2,000.00β sur survie_new
[15:26:55] [ITEM_LISTED]: CouzVeBaton vend 64 x Emerald  pour 5,120.00β sur survie_new
[15:26:57] [ITEM_SOLD]: CouzVeBaton vendu 64 x Emerald à  Yohan81 pour 5,120.00 β le survie_new
[15:41:12] [ITEM_SOLD]: estedu59 vendu 15 x Obsidian à  matth53190 pour 750.00 β le survie_new
[15:45:32] [ITEM_LISTED]: cloclolepedalo vend 64 x Jungle Planks  pour 160.00β sur survie_new
[15:46:49] [ITEM_LISTED]: cloclolepedalo vend 64 x Spruce Planks  pour 150.00β sur survie_new
[15:54:48] [ITEM_LISTED]: Rinpyo vend 1 x Fishing Rod  [unknown, Lure II, Mending, Unbreaking III] pour 5,000.00β sur survie_new
[16:03:01] [ITEM_SOLD]: leazdinque vendu 36 x Redstone à  TheJou pour 1,500.00 β le survie_new
[16:05:55] [ITEM_LISTED]: TheJou vend 64 x Powered Rail  pour 10,000.00β sur survie_new
[16:08:44] [ITEM_SOLD]: TheJou vendu 64 x Powered Rail à  Prismohs pour 10,000.00 β le survie_new
[16:10:39] [ITEM_LISTED]: TheJou vend 25 x Redstone  pour 150.00β sur survie_new
[16:11:21] [ITEM_CANCELLED]: TheJou annule la vente de 25x Redstone pour 150.00β sur survie_new
[16:11:46] [ITEM_RETURNED]: 25 x Redstone  renvoyé à TheJou le survie_new
[16:20:14] [ITEM_LISTED]: Yohan81 vend 1 x Diamond Pickaxe  [Silk Touch] pour 1,500.00β sur survie_new
[16:20:18] [ITEM_LISTED]: Yohan81 vend 1 x Diamond Pickaxe  [Silk Touch] pour 1,500.00β sur survie_new
[16:20:28] [ITEM_LISTED]: Yohan81 vend 1 x Diamond Sword  [Knockback I, Looting II] pour 1,000.00β sur survie_new
[16:20:34] [ITEM_LISTED]: Yohan81 vend 1 x Diamond Helmet  [Aqua Affinity] pour 1,000.00β sur survie_new
[16:20:36] [ITEM_LISTED]: Yohan81 vend 1 x Diamond Helmet  [Aqua Affinity] pour 1,000.00β sur survie_new
[16:26:11] [ITEM_CANCELLED]: MATHEO annule la vente de 17x Presents pour 10,000.00β sur survie_new
[16:34:47] [ITEM_LISTED]: Rinpyo vend 9 x Name Tag  pour 1,000.00β sur survie_new
[16:35:02] [ITEM_LISTED]: Rinpyo vend 1 x Epée du Père Fouêtard  [Sharpness X, Sweeping Edge IV, Unbreaking X] pour 500.00β sur survie_new
[16:35:40] [ITEM_RETURNED]: 17 x Presents  renvoyé à MATHEO le survie_new
[16:35:43] [ITEM_CANCELLED]: estedu59 annule la vente de 5x Diamond pour 800.00β sur survie_new
[16:35:45] [ITEM_CANCELLED]: estedu59 annule la vente de 6x Presents pour 10,000.00β sur survie_new
[16:35:47] [ITEM_CANCELLED]: estedu59 annule la vente de 6x Pastelfruit pour 10,000.00β sur survie_new
[16:35:55] [ITEM_CANCELLED]: estedu59 annule la vente de 5x Bamboo pour 10,000.00β sur survie_new
[16:35:57] [ITEM_CANCELLED]: estedu59 annule la vente de 1x Repeater pour 50.00β sur survie_new
[16:37:26] [ITEM_RETURNED]: 6 x Presents  renvoyé à estedu59 le survie_new
[16:37:27] [ITEM_RETURNED]: 6 x Pastelfruit  renvoyé à estedu59 le survie_new
[16:37:29] [ITEM_RETURNED]: 5 x Diamond  renvoyé à estedu59 le survie_new
[16:37:31] [ITEM_RETURNED]: 5 x Bamboo  renvoyé à estedu59 le survie_new
[16:37:31] [ITEM_RETURNED]: 1 x Repeater  renvoyé à estedu59 le survie_new
[16:41:27] [ITEM_SOLD]: Minebark vendu 1 x Cyan Shulker Box à  MATHEO pour 3,000.00 β le survie_new
[16:45:31] [ITEM_CANCELLED]: protocox annule la vente de 64x Blaze Rod pour 100.00β sur survie_new
[16:45:32] [ITEM_CANCELLED]: protocox annule la vente de 64x Blaze Rod pour 100.00β sur survie_new
[16:45:34] [ITEM_CANCELLED]: protocox annule la vente de 64x Blaze Rod pour 100.00β sur survie_new
[16:45:34] [ITEM_CANCELLED]: protocox annule la vente de 64x Blaze Rod pour 100.00β sur survie_new
[16:45:34] [ITEM_CANCELLED]: protocox annule la vente de 64x Bamboo pour 100.00β sur survie_new
[16:45:35] [ITEM_CANCELLED]: protocox annule la vente de 64x Bamboo pour 100.00β sur survie_new
[16:45:56] [ITEM_RETURNED]: 64 x Bamboo  renvoyé à protocox le survie_new
[16:45:56] [ITEM_RETURNED]: 64 x Bamboo  renvoyé à protocox le survie_new
[16:45:56] [ITEM_RETURNED]: 64 x Blaze Rod  renvoyé à protocox le survie_new
[16:45:56] [ITEM_RETURNED]: 64 x Blaze Rod  renvoyé à protocox le survie_new
[16:45:56] [ITEM_RETURNED]: 64 x Blaze Rod  renvoyé à protocox le survie_new
[16:45:56] [ITEM_RETURNED]: 64 x Blaze Rod  renvoyé à protocox le survie_new
[16:48:14] [ITEM_SOLD]: Rinpyo vendu 1 x Epée du Père Fouêtard à  [Sharpness X, Sweeping Edge IV, Unbreaking X] Christophe_ pour 500.00 β le survie_new
[16:56:46] [ITEM_SOLD]: Rinpyo vendu 9 x Name Tag à  Christophe_ pour 1,000.00 β le survie_new
[16:56:57] [ITEM_LISTED]: CouzVeBaton vend 1 x Bow  [Flame, Infinity] pour 2,000.00β sur survie_new
[16:59:09] [ITEM_LISTED]: CouzVeBaton vend 1 x Diamond Pickaxe  [Silk Touch] pour 4,000.00β sur survie_new
[17:06:26] [ITEM_LISTED]: CouzVeBaton vend 1 x Diamond Pickaxe  [Silk Touch] pour 4,000.00β sur survie_new_nether
[17:16:47] [ITEM_CANCELLED]: pikatchou82 annule la vente de 1x Presents pour 10,000.00β sur survie_new
[17:23:32] [ITEM_LISTED]: _Shoku_ vend 1 x Saddle  pour 1,500.00β sur survie_new
[17:23:43] [ITEM_SOLD]: _Shoku_ vendu 1 x Saddle à  MATHEO pour 1,500.00 β le survie_new
[17:25:04] [ITEM_LISTED]: protocox vend 1 x Diamond Pickaxe  [Efficiency IV, Silk Touch, Unbreaking III] pour 1,500.00β sur survie_new
[17:25:19] [ITEM_CANCELLED]: protocox annule la vente de 1x Diamond Pickaxe [Efficiency IV, Silk Touch, Unbreaking III] pour 1,500.00β sur survie_new
[17:25:25] [ITEM_RETURNED]: 1 x Diamond Pickaxe  [Efficiency IV, Silk Touch, Unbreaking III] renvoyé à protocox le survie_new
[17:26:56] [ITEM_LISTED]: protocox vend 1 x Diamond Pickaxe  [Silk Touch] pour 1,500.00β sur survie_new
[17:35:40] [ITEM_LISTED]: blazou38 vend 1 x Coffre du 24 Décembre  pour 15,000.00β sur survie_new
[17:36:02] [ITEM_LISTED]: CroixVeBaton vend 30 x Experience Bottle  pour 3,000.00β sur survie_new
[17:36:13] [ITEM_SOLD]: CroixVeBaton vendu 30 x Experience Bottle à  _Shoku_ pour 3,000.00 β le survie_new
[17:39:51] [ITEM_LISTED]: blazou38 vend 1 x Diamond Sword  [Knockback I, Looting II] pour 1,500.00β sur survie_new
[17:39:53] [ITEM_LISTED]: blazou38 vend 1 x Diamond Sword  [Knockback I, Looting II] pour 1,500.00β sur survie_new
[17:39:54] [ITEM_LISTED]: blazou38 vend 1 x Diamond Sword  [Knockback I, Looting II] pour 1,500.00β sur survie_new
[17:39:57] [ITEM_LISTED]: blazou38 vend 1 x Diamond Sword  [Knockback I, Looting II] pour 1,500.00β sur survie_new
[17:40:01] [ITEM_LISTED]: blazou38 vend 1 x Bow  [Flame, Infinity] pour 1,500.00β sur survie_new
[17:40:02] [ITEM_LISTED]: blazou38 vend 1 x Bow  [Flame, Infinity] pour 1,500.00β sur survie_new
[17:40:02] [ITEM_LISTED]: blazou38 vend 1 x Bow  [Flame, Infinity] pour 1,500.00β sur survie_new
[17:40:06] [ITEM_LISTED]: blazou38 vend 1 x Bow  [Flame, Infinity] pour 1,500.00β sur survie_new
[17:40:06] [ITEM_LISTED]: blazou38 vend 1 x Bow  [Flame, Infinity] pour 1,500.00β sur survie_new
[17:40:07] [ITEM_LISTED]: blazou38 vend 1 x Bow  [Flame, Infinity] pour 1,500.00β sur survie_new
[17:40:10] [ITEM_LISTED]: blazou38 vend 1 x Bow  [Flame, Infinity] pour 1,500.00β sur survie_new
[17:40:18] [ITEM_LISTED]: blazou38 vend 1 x Diamond Pickaxe  [Silk Touch] pour 4,000.00β sur survie_new
[17:40:19] [ITEM_LISTED]: blazou38 vend 1 x Diamond Pickaxe  [Silk Touch] pour 4,000.00β sur survie_new
[17:40:20] [ITEM_LISTED]: blazou38 vend 1 x Diamond Pickaxe  [Silk Touch] pour 4,000.00β sur survie_new
[17:40:23] [ITEM_LISTED]: blazou38 vend 1 x Diamond Pickaxe  [Silk Touch] pour 4,000.00β sur survie_new
[17:40:25] [ITEM_LISTED]: blazou38 vend 1 x Diamond Pickaxe  [Silk Touch] pour 4,000.00β sur survie_new
[17:40:26] [ITEM_LISTED]: blazou38 vend 1 x Diamond Pickaxe  [Silk Touch] pour 4,000.00β sur survie_new
[17:40:29] [ITEM_LISTED]: blazou38 vend 1 x Diamond Pickaxe  [Silk Touch] pour 4,000.00β sur survie_new
[17:40:30] [ITEM_LISTED]: blazou38 vend 1 x Diamond Pickaxe  [Silk Touch] pour 4,000.00β sur survie_new
[17:40:35] [ITEM_LISTED]: blazou38 vend 1 x Diamond Helmet  [Aqua Affinity] pour 1,500.00β sur survie_new
[17:40:36] [ITEM_LISTED]: blazou38 vend 1 x Diamond Helmet  [Aqua Affinity] pour 1,500.00β sur survie_new
[17:40:57] [ITEM_LISTED]: blazou38 vend 1 x Diamond Helmet  [Aqua Affinity] pour 1,500.00β sur survie_new
[17:41:32] [ITEM_LISTED]: blazou38 vend 1 x Totem Of Undying  pour 10,000.00β sur survie_new
[17:41:35] [ITEM_LISTED]: blazou38 vend 1 x Totem Of Undying  pour 10,000.00β sur survie_new
[17:41:36] [ITEM_LISTED]: blazou38 vend 1 x Totem Of Undying  pour 10,000.00β sur survie_new
[17:41:47] [ITEM_LISTED]: blazou38 vend 64 x Packed Ice  pour 1,000.00β sur survie_new
[17:41:48] [ITEM_LISTED]: blazou38 vend 21 x Packed Ice  pour 1,000.00β sur survie_new
[18:23:27] [ITEM_SOLD]: aidan vendu 1 x Epée à  [Looting II, Sharpness V, Unbreaking II] Fesiix pour 3,000.00 β le survie_new
[18:26:59] [ITEM_SOLD]: aidan vendu 1 x Epée à  [Looting II, Sharpness V, Unbreaking II] act4rus pour 3,000.00 β le survie_new
[18:28:00] [ITEM_LISTED]: Yohan81 vend 62 x Oak Log  pour 150.00β sur survie_new
[18:37:24] [ITEM_SOLD]: Yohan81 vendu 62 x Oak Log à  Doomsmen pour 150.00 β le survie_new
[18:55:57] [ITEM_SOLD]: aidan vendu 1 x Epée à  [Looting II, Sharpness V, Unbreaking II] Le_maske pour 3,000.00 β le survie_new
[18:56:21] [ITEM_SOLD]: cloclolepedalo vendu 64 x Spruce Planks à  Minebark pour 150.00 β le survie_new
[18:56:22] [ITEM_SOLD]: cloclolepedalo vendu 64 x Jungle Planks à  Minebark pour 160.00 β le survie_new
[19:01:38] [ITEM_SOLD]: Yohan81 vendu 1 x Diamond Pickaxe à  [Silk Touch] Sachax35 pour 1,500.00 β le survie_new
[19:10:22] [ITEM_LISTED]: omega2028 vend 64 x Gold Block  pour 15,000.00β sur survie_new
[19:10:24] [ITEM_LISTED]: omega2028 vend 64 x Gold Block  pour 15,000.00β sur survie_new
[19:10:27] [ITEM_LISTED]: omega2028 vend 64 x Gold Block  pour 15,000.00β sur survie_new
[19:10:37] [ITEM_SOLD]: omega2028 vendu 64 x Gold Block à  Minebark pour 15,000.00 β le survie_new
[19:10:38] [ITEM_SOLD]: omega2028 vendu 64 x Gold Block à  Minebark pour 15,000.00 β le survie_new
[19:10:39] [ITEM_SOLD]: omega2028 vendu 64 x Gold Block à  Minebark pour 15,000.00 β le survie_new
[19:18:23] [ITEM_LISTED]: rockronsley vend 32 x Gold Ingot  pour 800.00β sur survie_new
[19:18:25] [ITEM_SOLD]: rockronsley vendu 32 x Gold Ingot à  niguetto5 pour 800.00 β le survie_new
[19:19:16] [ITEM_SOLD]: blazou38 vendu 1 x Diamond Sword à  [Knockback I, Looting II] Sachax35 pour 1,500.00 β le survie_new
[19:19:22] [ITEM_LISTED]: TheJou vend 1 x §;§:Spawner Cave spider x1  pour 2,500.00β sur survie_new
[19:19:24] [ITEM_LISTED]: TheJou vend 1 x §;§:Spawner Cave spider x1  pour 2,500.00β sur survie_new
[19:19:26] [ITEM_LISTED]: TheJou vend 1 x §;§:Spawner Cave spider x1  pour 2,500.00β sur survie_new
[19:20:18] [ITEM_LISTED]: Minebark vend 1 x Pufferfish  pour 300.00β sur survie_new
[19:20:21] [ITEM_SOLD]: Minebark vendu 1 x Pufferfish à  _Shoku_ pour 300.00 β le survie_new
[19:28:15] [ITEM_SOLD]: Pinsut vendu 2 x Honey Block à  Fesiix pour 500.00 β le survie_new
[19:30:36] [ITEM_SOLD]: Skullcute vendu 52 x Rail à  Fesiix pour 50.00 β le survie_new
[19:42:29] [ITEM_LISTED]: Zeelyrules vend 1 x Diamond Pickaxe  [Fortune II] pour 2,000.00β sur survie_new
[19:42:56] [ITEM_LISTED]: CouzVeBaton vend 30 x Sweet Berries  pour 0.01β sur survie_new
[19:43:03] [ITEM_SOLD]: CouzVeBaton vendu 30 x Sweet Berries à  Yohan81 pour 0.01 β le survie_new
[19:43:54] [ITEM_SOLD]: Zeelyrules vendu 1 x Diamond Pickaxe à  [Fortune II] Sachax35 pour 2,000.00 β le survie_new
[19:46:42] [ITEM_SOLD]: DBZ_Smyz vendu 64 x Cobblestone à  _Sasukeih_ pour 70.00 β le survie_new
[19:46:44] [ITEM_SOLD]: DBZ_Smyz vendu 64 x Cobblestone à  _Sasukeih_ pour 70.00 β le survie_new
[19:46:45] [ITEM_SOLD]: DBZ_Smyz vendu 64 x Cobblestone à  _Sasukeih_ pour 70.00 β le survie_new
[19:46:46] [ITEM_SOLD]: DBZ_Smyz vendu 64 x Cobblestone à  _Sasukeih_ pour 70.00 β le survie_new
[19:46:48] [ITEM_SOLD]: DBZ_Smyz vendu 64 x Cobblestone à  _Sasukeih_ pour 70.00 β le survie_new
[19:46:49] [ITEM_SOLD]: DBZ_Smyz vendu 64 x Cobblestone à  _Sasukeih_ pour 70.00 β le survie_new
[19:49:12] [ITEM_LISTED]: blazou38 vend 1 x Music Disc 13  pour 50,000.00β sur survie_new
[19:53:29] [ITEM_LISTED]: blazou38 vend 1 x Heart Of The Sea  pour 15,000.00β sur survie_new
[20:05:37] [ITEM_LISTED]: Fesiix vend 64 x Cookie  pour 100.00β sur survie_new
[20:05:44] [ITEM_LISTED]: Fesiix vend 64 x Cookie  pour 100.00β sur survie_new
[20:05:56] [ITEM_LISTED]: Fesiix vend 64 x Wheat  pour 50.00β sur survie_new
[20:06:02] [ITEM_LISTED]: Fesiix vend 64 x Wheat  pour 50.00β sur survie_new
[20:06:21] [ITEM_LISTED]: Fesiix vend 64 x Cocoa Beans  pour 30.00β sur survie_new
[20:06:27] [ITEM_LISTED]: Fesiix vend 64 x Cocoa Beans  pour 30.00β sur survie_new
[20:06:51] [ITEM_SOLD]: TheJou vendu 1 x §;§:Spawner Cave spider x1 à  AzodFR pour 2,500.00 β le survie_new
[20:06:52] [ITEM_SOLD]: TheJou vendu 1 x §;§:Spawner Cave spider x1 à  AzodFR pour 2,500.00 β le survie_new
[20:06:54] [ITEM_SOLD]: TheJou vendu 1 x §;§:Spawner Cave spider x1 à  AzodFR pour 2,500.00 β le survie_new
[20:25:23] [ITEM_LISTED]: Fesiix vend 64 x Baked Potato  pour 90.00β sur survie_new
[20:36:30] [ITEM_CANCELLED]: Pabillus annule la vente de 1x Diamond Sword pour 100.00β sur survie_new
[20:36:52] [ITEM_SOLD]: MATHEO vendu 64 x Bamboo à  _Sasukeih_ pour 50.00 β le survie_new
[20:36:59] [ITEM_RETURNED]: 1 x Diamond Sword  renvoyé à Pabillus le survie_new
[20:51:02] [ITEM_SOLD]: pikatchou82 vendu 64 x Anvil à  _Sasukeih_ pour 1,000.00 β le survie_new
[21:03:30] [ITEM_LISTED]: blazou38 vend 1 x Music Disc 13  pour 15,000.00β sur survie_new
[22:48:55] [ITEM_LISTED]: h_ney vend 64 x Slime Ball  pour 3,000.00β sur survie_new
[22:51:32] [ITEM_LISTED]: h_ney vend 64 x Slime Ball  pour 3,000.00β sur survie_new
[22:55:21] [ITEM_LISTED]: h_ney vend 64 x Slime Ball  pour 3,000.00β sur survie_new
[23:02:00] [ITEM_LISTED]: h_ney vend 64 x Slime Ball  pour 3,000.00β sur survie_new
[23:02:04] [ITEM_LISTED]: h_ney vend 64 x Slime Ball  pour 3,000.00β sur survie_new
[23:02:08] [ITEM_LISTED]: h_ney vend 64 x Slime Ball  pour 3,000.00β sur survie_new
[23:02:14] [ITEM_LISTED]: h_ney vend 64 x Slime Ball  pour 3,000.00β sur survie_new
[23:05:19] [ITEM_LISTED]: h_ney vend 64 x Slime Ball  pour 3,000.00β sur survie_new
[23:10:28] [ITEM_LISTED]: h_ney vend 64 x Slime Ball  pour 3,000.00β sur survie_new
[23:44:44] [ITEM_CANCELLED]: Doomsmen annule la vente de 64x Cobblestone pour 50.00β sur survie_new
[23:44:46] [ITEM_RETURNED]: 64 x Cobblestone  renvoyé à Doomsmen le survie_new
