[06:13:08] [ITEM_LISTED]: Skullcute vend 63 x Potato  pour 10.00β sur survie_new
[09:50:30] [ITEM_RETURNED]: 1 x Fishing Rod  [Lure II] renvoyé à Karazhar le survie_new
[10:00:42] [ITEM_SOLD]: La_Big_Fatima vendu 1 x Saddle à  Karazhar pour 600.00 β le survie_new
[11:44:25] [ITEM_SOLD]: La_Big_Fatima vendu 1 x Diamond Helmet à  [Protection III] RobaingDeBoa pour 1,500.00 β le survie_new
[13:07:53] [ITEM_LISTED]: StormOxyde vend 1 x 1milliard  pour 100,000.00β sur survie_new
[13:09:16] [ITEM_SOLD]: La_Big_Fatima vendu 1 x Enchanted Book à  StormOxyde pour 1,000.00 β le survie_new
[13:09:43] [ITEM_CANCELLED]: StormOxyde annule la vente de 50x Gunpowder pour 3,750.00β sur survie_new
[13:09:46] [ITEM_RETURNED]: 50 x Gunpowder  renvoyé à StormOxyde le survie_new
[14:05:39] [ITEM_SOLD]: Skullcute vendu 63 x Potato à  StormOxyde pour 10.00 β le survie_new
[14:33:10] [ITEM_LISTED]: Flacabon vend 64 x Coal  pour 192.00β sur survie_new
[14:33:20] [ITEM_LISTED]: Flacabon vend 64 x Coal  pour 192.00β sur survie_new
[14:33:21] [ITEM_SOLD]: Flacabon vendu 64 x Coal à  xytrill pour 192.00 β le survie_new
[14:33:29] [ITEM_LISTED]: Flacabon vend 64 x Coal  pour 192.00β sur survie_new
[14:33:35] [ITEM_LISTED]: Flacabon vend 64 x Coal  pour 192.00β sur survie_new
[14:33:42] [ITEM_LISTED]: Flacabon vend 64 x Coal  pour 192.00β sur survie_new
[14:33:47] [ITEM_SOLD]: Flacabon vendu 64 x Coal à  StormOxyde pour 192.00 β le survie_new
[14:33:49] [ITEM_SOLD]: Flacabon vendu 64 x Coal à  StormOxyde pour 192.00 β le survie_new
[14:33:50] [ITEM_SOLD]: Flacabon vendu 64 x Coal à  StormOxyde pour 192.00 β le survie_new
[14:33:52] [ITEM_SOLD]: Flacabon vendu 64 x Coal à  xytrill pour 192.00 β le survie_new
[14:48:55] [ITEM_SOLD]: Ender_Shock vendu 1 x Enchanted Book à  Flacabon pour 12,000.00 β le survie_new
[15:24:12] [ITEM_LISTED]: Doomsmen vend 1 x Bucket  pour 1.00β sur survie_new
[15:24:30] [ITEM_SOLD]: Doomsmen vendu 1 x Bucket à  xytrill pour 1.00 β le survie_new
[15:31:44] [ITEM_LISTED]: Flacabon vend 64 x Coal  pour 192.00β sur survie_new
[15:31:55] [ITEM_LISTED]: Flacabon vend 64 x Coal  pour 192.00β sur survie_new
[15:32:00] [ITEM_LISTED]: Flacabon vend 64 x Coal  pour 192.00β sur survie_new
[15:32:05] [ITEM_SOLD]: Flacabon vendu 64 x Coal à  StormOxyde pour 192.00 β le survie_new
[15:32:06] [ITEM_SOLD]: Flacabon vendu 64 x Coal à  StormOxyde pour 192.00 β le survie_new
[15:32:06] [ITEM_LISTED]: Flacabon vend 64 x Coal  pour 192.00β sur survie_new
[15:32:07] [ITEM_SOLD]: Flacabon vendu 64 x Coal à  StormOxyde pour 192.00 β le survie_new
[15:33:12] [ITEM_SOLD]: Flacabon vendu 64 x Coal à  StormOxyde pour 192.00 β le survie_new
[15:37:10] [ITEM_SOLD]: Seby5980 vendu 1 x Dolphin Spawn Egg à  Isaorya pour 6,000.00 β le survie_new
[15:37:11] [ITEM_SOLD]: La_Big_Fatima vendu 1 x Dolphin Spawn Egg à  Isaorya pour 10,000.00 β le survie_new
[15:37:13] [ITEM_SOLD]: Karazhar vendu 1 x Dolphin Spawn Egg à  Isaorya pour 7,500.00 β le survie_new
[15:37:15] [ITEM_SOLD]: realvirtuose vendu 1 x §;§:Spawner Cave spider x1 à  Isaorya pour 4,000.00 β le survie_new
[15:37:32] [ITEM_SOLD]: Yohan81 vendu 1 x Tête d'Amaxet à  Isaorya pour 20,000.00 β le survie_new
[15:45:33] [ITEM_SOLD]: Yohan81 vendu 36 x Paing à  Isaorya pour 100.00 β le survie_new
[15:56:36] [ITEM_SOLD]: GoldenFarmers vendu 1 x Elytra à  Isaorya pour 16,000.00 β le survie_new
[15:56:55] [ITEM_SOLD]: Ender_Shock vendu 1 x Enchanted Book à  Isaorya pour 12,000.00 β le survie_new
[15:56:58] [ITEM_SOLD]: Efysio vendu 1 x Enchanted Book à  Isaorya pour 5,000.00 β le survie_new
[16:12:55] [ITEM_LISTED]: h_ney vend 64 x Blaze Rod  pour 250.00β sur survie_new
[16:12:58] [ITEM_LISTED]: h_ney vend 64 x Blaze Rod  pour 250.00β sur survie_new
[16:13:03] [ITEM_LISTED]: h_ney vend 64 x Blaze Rod  pour 250.00β sur survie_new
[16:13:08] [ITEM_LISTED]: h_ney vend 64 x Blaze Rod  pour 250.00β sur survie_new
[16:13:16] [ITEM_LISTED]: h_ney vend 64 x Blaze Rod  pour 250.00β sur survie_new
[16:13:18] [ITEM_LISTED]: h_ney vend 64 x Blaze Rod  pour 250.00β sur survie_new
[16:13:22] [ITEM_LISTED]: h_ney vend 64 x Blaze Rod  pour 250.00β sur survie_new
[16:13:24] [ITEM_LISTED]: h_ney vend 64 x Blaze Rod  pour 250.00β sur survie_new
[16:13:26] [ITEM_LISTED]: h_ney vend 64 x Blaze Rod  pour 250.00β sur survie_new
[16:25:53] [ITEM_SOLD]: GoldenFarmers vendu 1 x Enchanted Book à  Natvolh24 pour 12,000.00 β le survie_new
[16:25:54] [ITEM_SOLD]: GoldenFarmers vendu 1 x Enchanted Book à  Natvolh24 pour 12,000.00 β le survie_new
[16:26:24] [ITEM_SOLD]: Karazhar vendu 1 x Iron Horse Armor à  Natvolh24 pour 1,500.00 β le survie_new
[16:26:26] [ITEM_SOLD]: pikatchou82 vendu 64 x Anvil à  Natvolh24 pour 1,000.00 β le survie_new
[16:26:35] [ITEM_SOLD]: CouzVeBaton vendu 1 x Diamond Pickaxe à  [Silk Touch] Natvolh24 pour 2,000.00 β le survie_new
[16:26:57] [ITEM_LISTED]: h_ney vend 1 x Milk Bucket  pour 25.00β sur survie_new
[16:27:00] [ITEM_LISTED]: h_ney vend 1 x Milk Bucket  pour 25.00β sur survie_new
[16:55:55] [ITEM_SOLD]: Ender_Shock vendu 1 x Enchanted Book à  Natvolh24 pour 12,000.00 β le survie_new
[17:01:42] [ITEM_SOLD]: Ender_Shock vendu 1 x Enchanted Book à  Natvolh24 pour 12,000.00 β le survie_new
[17:19:33] [ITEM_SOLD]: _Robinou_ vendu 64 x Melon Slice à  Isaorya pour 200.00 β le survie_new
[17:46:51] [ITEM_SOLD]: GoldenFarmers vendu 1 x Elytra à  Natvolh24 pour 18,000.00 β le survie_new
[17:52:14] [ITEM_SOLD]: GoldenFarmers vendu 1 x Shulker Box à  Natvolh24 pour 2,000.00 β le survie_new
[17:52:53] [ITEM_SOLD]: Efysio vendu 1 x Enchanted Book à  GoldenFarmers pour 5,000.00 β le survie_new
[17:52:55] [ITEM_SOLD]: Efysio vendu 1 x Enchanted Book à  GoldenFarmers pour 5,000.00 β le survie_new
[17:53:07] [ITEM_LISTED]: GoldenFarmers vend 1 x Enchanted Book  pour 12,000.00β sur survie_new
[17:53:11] [ITEM_LISTED]: GoldenFarmers vend 1 x Enchanted Book  pour 12,000.00β sur survie_new
[17:57:28] [ITEM_LISTED]: h_ney vend 64 x Bone  pour 100.00β sur survie_new
[17:57:35] [ITEM_SOLD]: h_ney vendu 64 x Bone à  Isaorya pour 100.00 β le survie_new
[18:01:57] [ITEM_RETURNED]: 2 x Tnt  renvoyé à GoldenFarmers le survie_new
[18:01:57] [ITEM_RETURNED]: 32 x Experience Bottle  renvoyé à GoldenFarmers le survie_new
[18:01:57] [ITEM_RETURNED]: 1 x Diamond Sword  [Smite IV, Sweeping Edge III, Unbreaking III] renvoyé à GoldenFarmers le survie_new
[18:01:57] [ITEM_RETURNED]: 1 x Bow  [Flame, Infinity] renvoyé à GoldenFarmers le survie_new
[18:01:57] [ITEM_RETURNED]: 1 x Fire Charge  renvoyé à GoldenFarmers le survie_new
[18:30:54] [ITEM_LISTED]: h_ney vend 64 x Netherrack  pour 6.66β sur survie_new_nether
[18:30:57] [ITEM_SOLD]: h_ney vendu 64 x Netherrack à  Doomsmen pour 6.66 β le survie_new_nether
[18:47:58] [ITEM_CANCELLED]: Doomsmen annule la vente de 1x §;§:Spawner Spider x1 pour 7,500.00β sur survie_new
[18:48:00] [ITEM_RETURNED]: 1 x §;§:Spawner Spider x1  renvoyé à Doomsmen le survie_new
[18:51:21] [ITEM_LISTED]: h_ney vend 64 x Sugar Cane  pour 100.00β sur survie_new
[18:51:24] [ITEM_LISTED]: h_ney vend 64 x Sugar Cane  pour 100.00β sur survie_new
[18:51:25] [ITEM_SOLD]: h_ney vendu 64 x Sugar Cane à  Isaorya pour 100.00 β le survie_new
[18:51:26] [ITEM_SOLD]: h_ney vendu 64 x Sugar Cane à  Isaorya pour 100.00 β le survie_new
[18:53:37] [ITEM_SOLD]: Karazhar vendu 1 x §;§:Spawner Cave spider x1 à  toyo_portos pour 3,000.00 β le survie_new
[18:55:03] [ITEM_LISTED]: h_ney vend 2 x Emerald  pour 199.00β sur survie_new
[18:55:08] [ITEM_SOLD]: h_ney vendu 2 x Emerald à  Isaorya pour 199.00 β le survie_new
[19:00:33] [ITEM_SOLD]: h_ney vendu 64 x Blaze Rod à  Bubu42 pour 250.00 β le survie_new
[19:20:01] [ITEM_LISTED]: h_ney vend 64 x String  pour 2.00β sur survie_new
[19:20:06] [ITEM_LISTED]: h_ney vend 64 x String  pour 2.00β sur survie_new
[19:20:08] [ITEM_LISTED]: h_ney vend 64 x Spider Eye  pour 2.00β sur survie_new
[19:20:11] [ITEM_LISTED]: h_ney vend 64 x String  pour 2.00β sur survie_new
[19:20:15] [ITEM_LISTED]: h_ney vend 64 x String  pour 2.00β sur survie_new
[19:20:20] [ITEM_LISTED]: h_ney vend 64 x String  pour 2.00β sur survie_new
[19:20:25] [ITEM_LISTED]: h_ney vend 64 x String  pour 2.00β sur survie_new
[19:20:31] [ITEM_LISTED]: h_ney vend 64 x String  pour 2.00β sur survie_new
[19:20:34] [ITEM_LISTED]: h_ney vend 64 x String  pour 2.00β sur survie_new
[19:20:36] [ITEM_LISTED]: h_ney vend 64 x String  pour 2.00β sur survie_new
[19:20:42] [ITEM_LISTED]: h_ney vend 64 x String  pour 2.00β sur survie_new
[19:20:45] [ITEM_LISTED]: h_ney vend 64 x String  pour 2.00β sur survie_new
[19:20:47] [ITEM_LISTED]: h_ney vend 64 x String  pour 2.00β sur survie_new
[19:23:53] [ITEM_LISTED]: h_ney vend 64 x String  pour 2.00β sur survie_new
[19:23:57] [ITEM_LISTED]: h_ney vend 64 x String  pour 2.00β sur survie_new
[19:24:01] [ITEM_LISTED]: h_ney vend 64 x String  pour 2.00β sur survie_new
[19:24:05] [ITEM_LISTED]: h_ney vend 64 x Spider Eye  pour 2.00β sur survie_new
[19:24:08] [ITEM_LISTED]: h_ney vend 64 x String  pour 2.00β sur survie_new
[19:25:48] [ITEM_SOLD]: h_ney vendu 64 x String à  Futsiph pour 2.00 β le survie_new
[19:25:51] [ITEM_SOLD]: h_ney vendu 64 x Spider Eye à  Futsiph pour 2.00 β le survie_new
[19:25:52] [ITEM_SOLD]: h_ney vendu 64 x String à  Futsiph pour 2.00 β le survie_new
[19:25:54] [ITEM_SOLD]: h_ney vendu 64 x String à  Futsiph pour 2.00 β le survie_new
[19:26:00] [ITEM_SOLD]: h_ney vendu 64 x String à  Futsiph pour 2.00 β le survie_new
[19:26:02] [ITEM_SOLD]: h_ney vendu 64 x String à  Futsiph pour 2.00 β le survie_new
[19:26:04] [ITEM_SOLD]: h_ney vendu 64 x String à  Futsiph pour 2.00 β le survie_new
[19:26:06] [ITEM_SOLD]: h_ney vendu 64 x String à  Futsiph pour 2.00 β le survie_new
[19:26:07] [ITEM_SOLD]: h_ney vendu 64 x String à  Futsiph pour 2.00 β le survie_new
[19:26:09] [ITEM_SOLD]: h_ney vendu 64 x String à  Futsiph pour 2.00 β le survie_new
[19:26:12] [ITEM_SOLD]: h_ney vendu 64 x String à  Futsiph pour 2.00 β le survie_new
[19:26:15] [ITEM_SOLD]: h_ney vendu 64 x String à  Futsiph pour 2.00 β le survie_new
[19:26:17] [ITEM_SOLD]: h_ney vendu 64 x String à  Futsiph pour 2.00 β le survie_new
[19:26:19] [ITEM_SOLD]: h_ney vendu 64 x String à  Futsiph pour 2.00 β le survie_new
[19:26:20] [ITEM_SOLD]: h_ney vendu 64 x String à  Futsiph pour 2.00 β le survie_new
[19:26:22] [ITEM_SOLD]: h_ney vendu 64 x String à  Futsiph pour 2.00 β le survie_new
[19:26:24] [ITEM_SOLD]: h_ney vendu 64 x String à  Futsiph pour 2.00 β le survie_new
[19:26:26] [ITEM_SOLD]: h_ney vendu 64 x Spider Eye à  Futsiph pour 2.00 β le survie_new
[19:26:48] [ITEM_LISTED]: h_ney vend 64 x String  pour 10.00β sur survie_new
[19:26:51] [ITEM_LISTED]: h_ney vend 64 x String  pour 10.00β sur survie_new
[19:26:54] [ITEM_LISTED]: h_ney vend 64 x String  pour 10.00β sur survie_new
[19:26:57] [ITEM_LISTED]: h_ney vend 64 x String  pour 10.00β sur survie_new
[19:27:00] [ITEM_LISTED]: h_ney vend 64 x String  pour 10.00β sur survie_new
[19:27:03] [ITEM_LISTED]: h_ney vend 64 x String  pour 10.00β sur survie_new
[19:30:23] [ITEM_LISTED]: h_ney vend 64 x Gravel  pour 64.00β sur survie_new
[19:30:26] [ITEM_LISTED]: h_ney vend 64 x Gravel  pour 64.00β sur survie_new
[19:30:26] [ITEM_SOLD]: h_ney vendu 64 x Gravel à  Doomsmen pour 64.00 β le survie_new
[19:30:28] [ITEM_SOLD]: h_ney vendu 64 x Gravel à  Doomsmen pour 64.00 β le survie_new
[19:30:29] [ITEM_LISTED]: h_ney vend 64 x Gravel  pour 64.00β sur survie_new
[19:30:30] [ITEM_SOLD]: h_ney vendu 64 x Gravel à  Doomsmen pour 64.00 β le survie_new
[19:30:33] [ITEM_LISTED]: h_ney vend 64 x Gravel  pour 64.00β sur survie_new
[19:30:35] [ITEM_SOLD]: h_ney vendu 64 x Gravel à  Doomsmen pour 64.00 β le survie_new
[19:30:36] [ITEM_LISTED]: h_ney vend 64 x Gravel  pour 64.00β sur survie_new
[19:30:38] [ITEM_SOLD]: h_ney vendu 64 x Gravel à  Doomsmen pour 64.00 β le survie_new
[19:30:38] [ITEM_LISTED]: h_ney vend 64 x Gravel  pour 64.00β sur survie_new
[19:30:40] [ITEM_SOLD]: h_ney vendu 64 x Gravel à  Doomsmen pour 64.00 β le survie_new
[19:30:42] [ITEM_LISTED]: h_ney vend 64 x Gravel  pour 64.00β sur survie_new
[19:30:45] [ITEM_LISTED]: h_ney vend 64 x Gravel  pour 64.00β sur survie_new
[19:30:46] [ITEM_SOLD]: h_ney vendu 64 x Gravel à  Doomsmen pour 64.00 β le survie_new
[19:30:47] [ITEM_SOLD]: h_ney vendu 64 x Gravel à  Doomsmen pour 64.00 β le survie_new
[19:30:54] [ITEM_LISTED]: h_ney vend 64 x String  pour 10.00β sur survie_new
[19:30:57] [ITEM_LISTED]: h_ney vend 64 x String  pour 10.00β sur survie_new
[19:30:59] [ITEM_LISTED]: h_ney vend 64 x String  pour 10.00β sur survie_new
[19:31:03] [ITEM_LISTED]: h_ney vend 64 x String  pour 10.00β sur survie_new
[19:35:09] [ITEM_LISTED]: h_ney vend 64 x String  pour 10.00β sur survie_new
[19:35:12] [ITEM_LISTED]: h_ney vend 64 x String  pour 10.00β sur survie_new
[19:35:14] [ITEM_LISTED]: h_ney vend 64 x String  pour 10.00β sur survie_new
[19:35:21] [ITEM_LISTED]: h_ney vend 50 x String  pour 10.00β sur survie_new
[19:35:24] [ITEM_LISTED]: h_ney vend 64 x String  pour 10.00β sur survie_new
[19:35:29] [ITEM_LISTED]: h_ney vend 64 x Rotten Flesh  pour 10.00β sur survie_new
[19:35:40] [ITEM_LISTED]: h_ney vend 64 x Bone  pour 10.00β sur survie_new
[19:35:43] [ITEM_LISTED]: h_ney vend 51 x Bone  pour 10.00β sur survie_new
[19:36:48] [ITEM_LISTED]: h_ney vend 64 x String  pour 10.00β sur survie_new
[19:36:50] [ITEM_LISTED]: h_ney vend 64 x String  pour 10.00β sur survie_new
[19:36:53] [ITEM_LISTED]: h_ney vend 64 x String  pour 10.00β sur survie_new
[19:36:56] [ITEM_LISTED]: h_ney vend 64 x String  pour 10.00β sur survie_new
[19:36:58] [ITEM_LISTED]: h_ney vend 64 x String  pour 10.00β sur survie_new
[19:37:01] [ITEM_LISTED]: h_ney vend 64 x String  pour 10.00β sur survie_new
[19:37:11] [ITEM_LISTED]: h_ney vend 64 x Blaze Rod  pour 300.00β sur survie_new
[19:37:16] [ITEM_LISTED]: h_ney vend 64 x Blaze Rod  pour 300.00β sur survie_new
[19:37:21] [ITEM_LISTED]: h_ney vend 64 x String  pour 10.00β sur survie_new
[19:37:25] [ITEM_LISTED]: h_ney vend 64 x String  pour 10.00β sur survie_new
[19:37:37] [ITEM_LISTED]: h_ney vend 64 x Blaze Rod  pour 300.00β sur survie_new
[19:37:40] [ITEM_LISTED]: h_ney vend 64 x Blaze Rod  pour 300.00β sur survie_new
[19:37:43] [ITEM_LISTED]: h_ney vend 64 x Blaze Rod  pour 300.00β sur survie_new
[19:37:47] [ITEM_LISTED]: h_ney vend 64 x Blaze Rod  pour 300.00β sur survie_new
[19:37:50] [ITEM_LISTED]: h_ney vend 64 x Blaze Rod  pour 300.00β sur survie_new
[19:37:53] [ITEM_LISTED]: h_ney vend 64 x Blaze Rod  pour 300.00β sur survie_new
[19:37:58] [ITEM_LISTED]: h_ney vend 64 x Blaze Rod  pour 300.00β sur survie_new
[19:38:01] [ITEM_LISTED]: h_ney vend 35 x Blaze Rod  pour 300.00β sur survie_new
[19:41:55] [ITEM_LISTED]: h_ney vend 64 x White Wool  pour 700.00β sur survie_new
[19:42:04] [ITEM_LISTED]: h_ney vend 61 x White Wool  pour 675.00β sur survie_new
[19:42:12] [ITEM_LISTED]: h_ney vend 30 x White Wool  pour 350.00β sur survie_new
[19:42:19] [ITEM_LISTED]: h_ney vend 20 x White Wool  pour 290.00β sur survie_new
[19:43:31] [ITEM_LISTED]: h_ney vend 5 x White Wool  pour 50.00β sur survie_new
[19:43:34] [ITEM_LISTED]: h_ney vend 5 x White Wool  pour 50.00β sur survie_new
[19:48:27] [ITEM_LISTED]: Yohan81 vend 1 x Light Gray Banner  pour 1,000,000.00β sur survie_new
[20:10:23] [ITEM_CANCELLED]: Yohan81 annule la vente de 1x Light Gray Banner pour 1,000,000.00β sur survie_new
[20:10:34] [ITEM_RETURNED]: 1 x Light Gray Banner  renvoyé à Yohan81 le survie_new
[20:10:55] [ITEM_LISTED]: Yohan81 vend 1 x Light Gray Banner  pour 10,000.00β sur survie_new
[20:15:21] [ITEM_SOLD]: h_ney vendu 64 x Rotten Flesh à  GoldenFarmers pour 10.00 β le survie_new
[20:23:18] [ITEM_RETURNED]: 64 x Carrot  renvoyé à h_ney le survie_new
[20:23:18] [ITEM_RETURNED]: 64 x Carrot  renvoyé à h_ney le survie_new
[20:23:18] [ITEM_RETURNED]: 64 x Carrot  renvoyé à h_ney le survie_new
[20:23:18] [ITEM_RETURNED]: 64 x Potato  renvoyé à h_ney le survie_new
[20:23:18] [ITEM_RETURNED]: 64 x Carrot  renvoyé à h_ney le survie_new
[20:23:18] [ITEM_RETURNED]: 64 x Carrot  renvoyé à h_ney le survie_new
[20:23:18] [ITEM_RETURNED]: 64 x Carrot  renvoyé à h_ney le survie_new
[20:23:18] [ITEM_RETURNED]: 64 x Carrot  renvoyé à h_ney le survie_new
[20:23:18] [ITEM_RETURNED]: 64 x Carrot  renvoyé à h_ney le survie_new
[20:23:18] [ITEM_RETURNED]: 64 x Carrot  renvoyé à h_ney le survie_new
[20:23:18] [ITEM_RETURNED]: 64 x Potato  renvoyé à h_ney le survie_new
[20:23:18] [ITEM_RETURNED]: 64 x Potato  renvoyé à h_ney le survie_new
[20:23:18] [ITEM_RETURNED]: 64 x Potato  renvoyé à h_ney le survie_new
[20:23:18] [ITEM_RETURNED]: 64 x Carrot  renvoyé à h_ney le survie_new
[20:23:18] [ITEM_RETURNED]: 64 x Carrot  renvoyé à h_ney le survie_new
[20:23:18] [ITEM_RETURNED]: 64 x Carrot  renvoyé à h_ney le survie_new
[20:23:18] [ITEM_RETURNED]: 64 x Potato  renvoyé à h_ney le survie_new
[20:23:18] [ITEM_RETURNED]: 64 x Carrot  renvoyé à h_ney le survie_new
[20:23:18] [ITEM_RETURNED]: 32 x Carrot  renvoyé à h_ney le survie_new
[20:23:18] [ITEM_RETURNED]: 64 x Potato  renvoyé à h_ney le survie_new
[20:23:18] [ITEM_RETURNED]: 64 x Carrot  renvoyé à h_ney le survie_new
[20:23:18] [ITEM_RETURNED]: 64 x Carrot  renvoyé à h_ney le survie_new
[20:23:18] [ITEM_RETURNED]: 64 x Carrot  renvoyé à h_ney le survie_new
[20:23:18] [ITEM_RETURNED]: 64 x Carrot  renvoyé à h_ney le survie_new
[20:23:18] [ITEM_RETURNED]: 64 x Carrot  renvoyé à h_ney le survie_new
[20:23:18] [ITEM_RETURNED]: 1 x Fishing Rod  [unknown, Lure II, Mending, Unbreaking III] renvoyé à h_ney le survie_new
[20:23:18] [ITEM_RETURNED]: 1 x Fishing Rod  [unknown, Lure III, Mending, Unbreaking II] renvoyé à h_ney le survie_new
[20:23:18] [ITEM_RETURNED]: 1 x Fishing Rod  [Mending] renvoyé à h_ney le survie_new
[20:23:18] [ITEM_RETURNED]: 1 x Fishing Rod  [unknown] renvoyé à h_ney le survie_new
[20:23:18] [ITEM_RETURNED]: 1 x Fishing Rod  [Lure II, Mending, Unbreaking III] renvoyé à h_ney le survie_new
[20:23:18] [ITEM_RETURNED]: 64 x Slime Ball  renvoyé à h_ney le survie_new
[20:23:18] [ITEM_RETURNED]: 1 x Fishing Rod  [unknown, Mending] renvoyé à h_ney le survie_new
[20:23:18] [ITEM_RETURNED]: 64 x Slime Ball  renvoyé à h_ney le survie_new
[20:23:18] [ITEM_RETURNED]: 64 x Slime Ball  renvoyé à h_ney le survie_new
[20:23:18] [ITEM_RETURNED]: 64 x Slime Ball  renvoyé à h_ney le survie_new
[20:23:18] [ITEM_RETURNED]: 64 x Slime Ball  renvoyé à h_ney le survie_new
[20:23:18] [ITEM_RETURNED]: 64 x Slime Ball  renvoyé à h_ney le survie_new
[20:23:18] [ITEM_RETURNED]: 64 x Slime Ball  renvoyé à h_ney le survie_new
[20:52:20] [ITEM_LISTED]: Karazhar vend 1 x Fishing Rod  [Mending] pour 1,000.00β sur survie_new
[20:52:25] [ITEM_LISTED]: Karazhar vend 1 x Fishing Rod  [unknown] pour 1,000.00β sur survie_new
[20:52:30] [ITEM_LISTED]: Karazhar vend 1 x Fishing Rod  [Mending] pour 1,000.00β sur survie_new
[20:52:38] [ITEM_LISTED]: Karazhar vend 1 x Fishing Rod  [Lure II] pour 1,000.00β sur survie_new
[21:01:22] [ITEM_LISTED]: Flacabon vend 1 x Diamond Pickaxe  [Efficiency IV, Fortune III, Mending, Unbreaking III] pour 25,000.00β sur survie_new
[21:15:05] [ITEM_SOLD]: Karazhar vendu 1 x Fishing Rod à  [unknown] toyo_portos pour 1,000.00 β le survie_new
[21:15:08] [ITEM_SOLD]: Karazhar vendu 1 x Fishing Rod à  [Lure II] toyo_portos pour 1,000.00 β le survie_new
[21:15:11] [ITEM_SOLD]: Karazhar vendu 1 x Fishing Rod à  [Mending] toyo_portos pour 1,000.00 β le survie_new
[21:50:04] [ITEM_CANCELLED]: Karazhar annule la vente de 1x Bee Nest pour 1,500.00β sur survie_new
[21:50:06] [ITEM_CANCELLED]: Karazhar annule la vente de 1x Bee Nest pour 1,500.00β sur survie_new
[21:50:14] [ITEM_CANCELLED]: Karazhar annule la vente de 64x Melon pour 1,000.00β sur survie_new
[21:50:14] [ITEM_CANCELLED]: Karazhar annule la vente de 50x Pumpkin pour 1,000.00β sur survie_new
[21:50:16] [ITEM_CANCELLED]: Karazhar annule la vente de 1x Saddle pour 4,000.00β sur survie_new
[21:50:24] [ITEM_CANCELLED]: Karazhar annule la vente de 1x Potion pour 250.00β sur survie_new
[21:50:25] [ITEM_RETURNED]: 1 x Potion  renvoyé à Karazhar le survie_new
[21:50:26] [ITEM_RETURNED]: 1 x Saddle  renvoyé à Karazhar le survie_new
[21:50:26] [ITEM_RETURNED]: 64 x Melon  renvoyé à Karazhar le survie_new
[21:50:26] [ITEM_RETURNED]: 1 x Bee Nest  renvoyé à Karazhar le survie_new
[21:50:26] [ITEM_RETURNED]: 1 x Bee Nest  renvoyé à Karazhar le survie_new
[21:50:26] [ITEM_RETURNED]: 50 x Pumpkin  renvoyé à Karazhar le survie_new
[21:50:26] [ITEM_CANCELLED]: Karazhar annule la vente de 1x Fishing Rod [Mending] pour 1,000.00β sur survie_new
[21:52:08] [ITEM_LISTED]: Karazhar vend 1 x Fishing Rod  [unknown] pour 1,000.00β sur survie_new
[21:52:14] [ITEM_LISTED]: Karazhar vend 1 x Fishing Rod  [Unbreaking II] pour 1,000.00β sur survie_new
[21:52:20] [ITEM_LISTED]: Karazhar vend 1 x Fishing Rod  [Unbreaking I] pour 1,000.00β sur survie_new
[21:52:26] [ITEM_LISTED]: Karazhar vend 1 x Fishing Rod  [Lure I] pour 1,000.00β sur survie_new
[21:52:31] [ITEM_LISTED]: Karazhar vend 1 x §;§:Spawner Cave spider x1  pour 3,000.00β sur survie_new
[21:52:36] [ITEM_LISTED]: Karazhar vend 1 x §;§:Spawner Cave spider x1  pour 3,000.00β sur survie_new
[21:52:42] [ITEM_LISTED]: Karazhar vend 64 x Melon  pour 350.00β sur survie_new
[21:52:47] [ITEM_LISTED]: Karazhar vend 57 x Pumpkin  pour 350.00β sur survie_new
[21:52:52] [ITEM_LISTED]: Karazhar vend 1 x Fishing Rod  [unknown] pour 1,000.00β sur survie_new
[21:53:03] [ITEM_LISTED]: Karazhar vend 1 x Bee Nest  pour 350.00β sur survie_new
[21:53:14] [ITEM_LISTED]: Karazhar vend 1 x Bee Nest  pour 350.00β sur survie_new
[21:53:15] [ITEM_LISTED]: Karazhar vend 1 x Bee Nest  pour 350.00β sur survie_new
[21:53:19] [ITEM_LISTED]: Karazhar vend 1 x Bee Nest  pour 350.00β sur survie_new
[21:53:33] [ITEM_LISTED]: Karazhar vend 1 x Iron Sword  [Sharpness II] pour 150.00β sur survie_new
[21:54:25] [ITEM_CANCELLED]: Karazhar annule la vente de 1x Golden Horse Armor pour 3,000.00β sur survie_new
[21:54:28] [ITEM_RETURNED]: 1 x Golden Horse Armor  renvoyé à Karazhar le survie_new
[21:54:30] [ITEM_RETURNED]: 1 x Fishing Rod  [Mending] renvoyé à Karazhar le survie_new
[21:58:15] [ITEM_SOLD]: Karazhar vendu 1 x Iron Sword à  [Sharpness II] pbuh pour 150.00 β le survie_new
[22:02:55] [ITEM_CANCELLED]: Ender_Shock annule la vente de 1x Enchanted Book pour 12,000.00β sur survie_new
[22:02:56] [ITEM_CANCELLED]: Ender_Shock annule la vente de 1x Enchanted Book pour 12,000.00β sur survie_new
[22:02:56] [ITEM_CANCELLED]: Ender_Shock annule la vente de 1x Enchanted Book pour 12,000.00β sur survie_new
[22:02:56] [ITEM_CANCELLED]: Ender_Shock annule la vente de 1x Enchanted Book pour 12,000.00β sur survie_new
[22:02:57] [ITEM_CANCELLED]: Ender_Shock annule la vente de 1x Enchanted Book pour 12,000.00β sur survie_new
[22:02:57] [ITEM_CANCELLED]: Ender_Shock annule la vente de 1x Enchanted Book pour 12,000.00β sur survie_new
[22:02:57] [ITEM_CANCELLED]: Ender_Shock annule la vente de 1x Enchanted Book pour 12,000.00β sur survie_new
[22:02:58] [ITEM_CANCELLED]: Ender_Shock annule la vente de 1x Enchanted Book pour 12,000.00β sur survie_new
[22:02:58] [ITEM_CANCELLED]: Ender_Shock annule la vente de 1x Enchanted Book pour 12,000.00β sur survie_new
[22:03:12] [ITEM_RETURNED]: 1 x Enchanted Book  renvoyé à Ender_Shock le survie_new
[22:03:13] [ITEM_RETURNED]: 1 x Enchanted Book  renvoyé à Ender_Shock le survie_new
[22:03:13] [ITEM_RETURNED]: 1 x Enchanted Book  renvoyé à Ender_Shock le survie_new
[22:03:14] [ITEM_RETURNED]: 1 x Enchanted Book  renvoyé à Ender_Shock le survie_new
[22:03:14] [ITEM_RETURNED]: 1 x Enchanted Book  renvoyé à Ender_Shock le survie_new
[22:03:14] [ITEM_RETURNED]: 1 x Enchanted Book  renvoyé à Ender_Shock le survie_new
[22:03:15] [ITEM_RETURNED]: 1 x Enchanted Book  renvoyé à Ender_Shock le survie_new
[22:03:15] [ITEM_RETURNED]: 1 x Enchanted Book  renvoyé à Ender_Shock le survie_new
[22:03:15] [ITEM_RETURNED]: 1 x Enchanted Book  renvoyé à Ender_Shock le survie_new
[22:03:39] [ITEM_LISTED]: Ender_Shock vend 1 x Enchanted Book  pour 11,999.00β sur survie_new
[22:03:41] [ITEM_LISTED]: Ender_Shock vend 1 x Enchanted Book  pour 11,999.00β sur survie_new
[22:03:43] [ITEM_LISTED]: Ender_Shock vend 1 x Enchanted Book  pour 11,999.00β sur survie_new
[22:03:45] [ITEM_LISTED]: Ender_Shock vend 1 x Enchanted Book  pour 11,999.00β sur survie_new
[22:03:47] [ITEM_LISTED]: Ender_Shock vend 1 x Enchanted Book  pour 11,999.00β sur survie_new
[22:03:49] [ITEM_LISTED]: Ender_Shock vend 1 x Enchanted Book  pour 11,999.00β sur survie_new
[22:03:51] [ITEM_LISTED]: Ender_Shock vend 1 x Enchanted Book  pour 11,999.00β sur survie_new
[22:03:53] [ITEM_LISTED]: Ender_Shock vend 1 x Enchanted Book  pour 11,999.00β sur survie_new
[22:03:55] [ITEM_LISTED]: Ender_Shock vend 1 x Enchanted Book  pour 11,999.00β sur survie_new
[22:04:00] [ITEM_LISTED]: Ender_Shock vend 1 x Enchanted Book  pour 11,999.00β sur survie_new
[22:04:03] [ITEM_LISTED]: Ender_Shock vend 1 x Enchanted Book  pour 11,999.00β sur survie_new
[22:04:05] [ITEM_LISTED]: Ender_Shock vend 1 x Enchanted Book  pour 11,999.00β sur survie_new
[22:04:07] [ITEM_LISTED]: Ender_Shock vend 1 x Enchanted Book  pour 11,999.00β sur survie_new
[22:04:09] [ITEM_LISTED]: Ender_Shock vend 1 x Enchanted Book  pour 11,999.00β sur survie_new
[22:04:13] [ITEM_LISTED]: Ender_Shock vend 1 x Enchanted Book  pour 11,999.00β sur survie_new
[22:04:15] [ITEM_LISTED]: Ender_Shock vend 1 x Enchanted Book  pour 11,999.00β sur survie_new
[22:04:16] [ITEM_LISTED]: Ender_Shock vend 1 x Enchanted Book  pour 11,999.00β sur survie_new
[22:04:18] [ITEM_LISTED]: Ender_Shock vend 1 x Enchanted Book  pour 11,999.00β sur survie_new
[22:04:20] [ITEM_LISTED]: Ender_Shock vend 1 x Enchanted Book  pour 11,999.00β sur survie_new
[22:04:22] [ITEM_LISTED]: Ender_Shock vend 1 x Enchanted Book  pour 11,999.00β sur survie_new
[22:04:24] [ITEM_LISTED]: Ender_Shock vend 1 x Enchanted Book  pour 11,999.00β sur survie_new
[22:04:26] [ITEM_LISTED]: Ender_Shock vend 1 x Enchanted Book  pour 11,999.00β sur survie_new
[22:04:28] [ITEM_LISTED]: Ender_Shock vend 1 x Enchanted Book  pour 11,999.00β sur survie_new
[22:04:33] [ITEM_LISTED]: Ender_Shock vend 1 x Enchanted Book  pour 11,999.00β sur survie_new
[22:04:34] [ITEM_LISTED]: Ender_Shock vend 1 x Enchanted Book  pour 11,999.00β sur survie_new
[22:04:36] [ITEM_LISTED]: Ender_Shock vend 1 x Enchanted Book  pour 11,999.00β sur survie_new
[22:04:39] [ITEM_LISTED]: Ender_Shock vend 1 x Enchanted Book  pour 11,999.00β sur survie_new
[22:04:41] [ITEM_LISTED]: Ender_Shock vend 1 x Enchanted Book  pour 11,999.00β sur survie_new
[22:04:43] [ITEM_LISTED]: Ender_Shock vend 1 x Enchanted Book  pour 11,999.00β sur survie_new
[22:04:45] [ITEM_LISTED]: Ender_Shock vend 1 x Enchanted Book  pour 11,999.00β sur survie_new
[22:04:50] [ITEM_LISTED]: Ender_Shock vend 1 x Enchanted Book  pour 11,999.00β sur survie_new
[22:04:51] [ITEM_LISTED]: Ender_Shock vend 1 x Enchanted Book  pour 11,999.00β sur survie_new
[22:04:53] [ITEM_LISTED]: Ender_Shock vend 1 x Enchanted Book  pour 11,999.00β sur survie_new
[22:20:19] [ITEM_LISTED]: CroixVeBaton vend 1 x §;§:Spawner Squid x1  pour 10,000.00β sur survie_new
[22:20:22] [ITEM_LISTED]: CroixVeBaton vend 1 x §;§:Spawner Squid x1  pour 10,000.00β sur survie_new
[22:35:41] [ITEM_LISTED]: Efysio vend 3 x Wither Skeleton Skull  pour 13,000.00β sur survie_new
[23:06:04] [ITEM_LISTED]: Efysio vend 1 x Name Tag  pour 700.00β sur survie_new
[23:06:07] [ITEM_LISTED]: Efysio vend 1 x Name Tag  pour 700.00β sur survie_new
[23:06:09] [ITEM_LISTED]: Efysio vend 1 x Name Tag  pour 700.00β sur survie_new
[23:06:12] [ITEM_LISTED]: Efysio vend 1 x Name Tag  pour 700.00β sur survie_new
[23:06:46] [ITEM_LISTED]: Efysio vend 5 x Name Tag  pour 3,000.00β sur survie_new
[23:07:13] [ITEM_SOLD]: Karazhar vendu 1 x Bee Nest à  Efysio pour 350.00 β le survie_new
[23:22:11] [ITEM_SOLD]: Karazhar vendu 1 x Diamond Helmet à  [Aqua Affinity] pbuh pour 300.00 β le survie_new
[23:45:07] [ITEM_SOLD]: CroixVeBaton vendu 1 x Diamond Sword à  [Knockback I, Looting II] Welynder pour 2,000.00 β le survie_new
[23:54:55] [ITEM_CANCELLED]: Ender_Shock annule la vente de 1x Enchanted Book pour 11,999.00β sur survie_new
[23:55:03] [ITEM_RETURNED]: 1 x Enchanted Book  renvoyé à Ender_Shock le survie_new
