[00:03:11] [ITEM_LISTED]: Efysio vend 64 x Diamond Block  pour 69,120.00β sur survie_new
[00:03:54] [ITEM_SOLD]: Efysio vendu 64 x Diamond Block à  AzodFR pour 69,120.00 β le survie_new
[00:22:28] [ITEM_SOLD]: letydexy51 vendu 10 x Nether Wart à  Gundyr pour 1,000.00 β le survie_new
[12:32:04] [ITEM_LISTED]: Karazhar vend 1 x §;§:Cave spider Spawner 1x  pour 4,500.00β sur survie_new
[14:40:19] [ITEM_SOLD]: Blazd vendu 64 x Emerald à  Christophe_ pour 9,000.00 β le survie_new
[14:54:44] [ITEM_SOLD]: Blazd vendu 1 x Enchanted Book à  xytrill pour 8,000.00 β le survie_new
[14:58:22] [ITEM_LISTED]: xytrill vend 1 x Turtle Helmet  [Protection IV] pour 50,000.00β sur survie_new
[16:55:17] [ITEM_LISTED]: AzodFR vend 1 x §;§:Skeleton Spawner 1x  pour 7,500.00β sur survie_new
[17:14:59] [ITEM_LISTED]: Efysio vend 64 x Emerald  pour 7,000.00β sur survie_new
[18:05:27] [ITEM_SOLD]: Efysio vendu 64 x Gunpowder à  Karazhar pour 7,000.00 β le survie_new
[18:05:31] [ITEM_SOLD]: Efysio vendu 64 x Gunpowder à  Karazhar pour 7,000.00 β le survie_new
[18:05:32] [ITEM_SOLD]: Efysio vendu 64 x Gunpowder à  Karazhar pour 7,000.00 β le survie_new
[18:05:35] [ITEM_SOLD]: Efysio vendu 64 x Gunpowder à  Karazhar pour 7,000.00 β le survie_new
[18:05:36] [ITEM_SOLD]: Efysio vendu 64 x Gunpowder à  Karazhar pour 7,000.00 β le survie_new
[18:05:37] [ITEM_SOLD]: Efysio vendu 64 x Gunpowder à  Karazhar pour 7,000.00 β le survie_new
[18:12:36] [ITEM_LISTED]: Efysio vend 1 x Enchanted Book  pour 8,000.00β sur survie_new
[18:13:44] [ITEM_RETURNED]: 64 x Blaze Rod  renvoyé à h_ney le survie_new
[18:13:44] [ITEM_RETURNED]: 64 x Blaze Rod  renvoyé à h_ney le survie_new
[18:13:44] [ITEM_RETURNED]: 64 x Blaze Rod  renvoyé à h_ney le survie_new
[18:13:44] [ITEM_RETURNED]: 64 x Blaze Rod  renvoyé à h_ney le survie_new
[18:13:44] [ITEM_RETURNED]: 64 x Blaze Rod  renvoyé à h_ney le survie_new
[18:13:44] [ITEM_RETURNED]: 64 x Blaze Rod  renvoyé à h_ney le survie_new
[18:13:44] [ITEM_RETURNED]: 64 x Blaze Rod  renvoyé à h_ney le survie_new
[18:13:44] [ITEM_RETURNED]: 64 x Blaze Rod  renvoyé à h_ney le survie_new
[18:15:09] [ITEM_LISTED]: Efysio vend 64 x Gunpowder  pour 7,000.00β sur survie_new
[18:15:12] [ITEM_LISTED]: Efysio vend 64 x Gunpowder  pour 7,000.00β sur survie_new
[18:37:42] [ITEM_RETURNED]: 64 x Blaze Rod  renvoyé à h_ney le survie_new
[18:37:42] [ITEM_RETURNED]: 64 x Blaze Rod  renvoyé à h_ney le survie_new
[18:37:42] [ITEM_RETURNED]: 64 x Blaze Rod  renvoyé à h_ney le survie_new
[18:37:42] [ITEM_RETURNED]: 64 x Blaze Rod  renvoyé à h_ney le survie_new
[18:38:42] [ITEM_RETURNED]: 64 x Blaze Rod  renvoyé à h_ney le survie_new
[18:38:42] [ITEM_RETURNED]: 64 x Blaze Rod  renvoyé à h_ney le survie_new
[18:38:42] [ITEM_RETURNED]: 64 x Blaze Rod  renvoyé à h_ney le survie_new
[18:38:42] [ITEM_RETURNED]: 64 x Blaze Rod  renvoyé à h_ney le survie_new
[18:38:42] [ITEM_RETURNED]: 64 x Blaze Rod  renvoyé à h_ney le survie_new
[18:38:42] [ITEM_RETURNED]: 35 x Blaze Rod  renvoyé à h_ney le survie_new
[18:39:24] [ITEM_SOLD]: Zougless vendu 64 x Spruce Log à  Minebark pour 400.00 β le survie_new
[18:39:26] [ITEM_SOLD]: Zougless vendu 64 x Spruce Log à  Minebark pour 400.00 β le survie_new
[18:39:27] [ITEM_SOLD]: Zougless vendu 64 x Spruce Log à  Minebark pour 400.00 β le survie_new
[18:39:28] [ITEM_SOLD]: Zougless vendu 64 x Spruce Log à  Minebark pour 400.00 β le survie_new
[18:39:48] [ITEM_SOLD]: Efysio vendu 64 x Gunpowder à  Karazhar pour 7,000.00 β le survie_new
[18:39:50] [ITEM_SOLD]: Efysio vendu 64 x Gunpowder à  Karazhar pour 7,000.00 β le survie_new
[18:39:53] [ITEM_SOLD]: Blazd vendu 64 x Gunpowder à  Karazhar pour 8,000.00 β le survie_new
[18:39:55] [ITEM_SOLD]: Blazd vendu 64 x Gunpowder à  Karazhar pour 8,000.00 β le survie_new
[18:42:54] [ITEM_RETURNED]: 1 x Dragon Head  renvoyé à Aezis_ le survie_new
[18:42:54] [ITEM_RETURNED]: 1 x Dragon Head  renvoyé à Aezis_ le survie_new
[18:42:54] [ITEM_RETURNED]: 1 x Dragon Head  renvoyé à Aezis_ le survie_new
[19:00:58] [ITEM_RETURNED]: 1 x Elytra  renvoyé à Aezis_ le survie_new
[19:00:58] [ITEM_RETURNED]: 1 x Elytra  renvoyé à Aezis_ le survie_new
[19:00:58] [ITEM_RETURNED]: 1 x Elytra  renvoyé à Aezis_ le survie_new
[19:11:44] [ITEM_RETURNED]: 1 x Light Gray Banner  renvoyé à Yohan81 le survie_new
[20:04:23] [ITEM_LISTED]: Max_Le_Max vend 1 x Lesotho  pour 2,500.00β sur survie_new
[20:15:25] [ITEM_RETURNED]: 1 x Diamond Pickaxe  [Silk Touch] renvoyé à Kanntin le survie_new
[20:15:25] [ITEM_RETURNED]: 1 x Diamond Pickaxe  [Silk Touch] renvoyé à Kanntin le survie_new
[20:15:26] [ITEM_RETURNED]: 32 x Skeleton Skull  renvoyé à Kanntin le survie_new
[20:16:35] [ITEM_SOLD]: Karazhar vendu 1 x §;§:Cave spider Spawner 1x à  Kanntin pour 4,500.00 β le survie_new
[20:16:37] [ITEM_SOLD]: AzodFR vendu 1 x §;§:Skeleton Spawner 1x à  Kanntin pour 7,500.00 β le survie_new
[20:19:10] [ITEM_LISTED]: Blazd vend 64 x Gunpowder  pour 7,000.00β sur survie_new
[20:19:14] [ITEM_LISTED]: Blazd vend 64 x Gunpowder  pour 8,000.00β sur survie_new
[20:19:16] [ITEM_LISTED]: Blazd vend 64 x Gunpowder  pour 8,000.00β sur survie_new
[20:20:25] [ITEM_LISTED]: Blazd vend 1 x Enchanted Book  pour 9,000.00β sur survie_new
[20:20:30] [ITEM_LISTED]: Blazd vend 1 x Enchanted Book  pour 8,000.00β sur survie_new
[20:20:32] [ITEM_LISTED]: Blazd vend 1 x Enchanted Book  pour 8,000.00β sur survie_new
[20:20:49] [ITEM_CANCELLED]: Blazd annule la vente de 64x Wither Rose pour 20,000.00β sur survie_new
[20:20:51] [ITEM_RETURNED]: 64 x Wither Rose  renvoyé à Blazd le survie_new
[20:20:55] [ITEM_LISTED]: Blazd vend 64 x Wither Rose  pour 16,000.00β sur survie_new
[20:21:27] [ITEM_CANCELLED]: Blazd annule la vente de 64x Mycelium pour 16,000.00β sur survie_new
[20:21:28] [ITEM_RETURNED]: 64 x Mycelium  renvoyé à Blazd le survie_new
[20:21:29] [ITEM_SOLD]: Zougless vendu 64 x Spruce Log à  Efysio pour 400.00 β le survie_new
[20:21:33] [ITEM_SOLD]: Zougless vendu 64 x Spruce Log à  Efysio pour 400.00 β le survie_new
[20:21:33] [ITEM_LISTED]: Blazd vend 64 x Mycelium  pour 16,000.00β sur survie_new
[20:21:34] [ITEM_SOLD]: Zougless vendu 64 x Spruce Log à  Efysio pour 400.00 β le survie_new
[20:22:46] [ITEM_LISTED]: Zougless vend 64 x Spruce Log  pour 300.00β sur survie_new
[20:22:51] [ITEM_LISTED]: Zougless vend 64 x Spruce Log  pour 300.00β sur survie_new
[20:22:54] [ITEM_LISTED]: Zougless vend 64 x Spruce Log  pour 300.00β sur survie_new
[20:22:55] [ITEM_LISTED]: Zougless vend 64 x Spruce Log  pour 300.00β sur survie_new
[20:22:57] [ITEM_LISTED]: Zougless vend 64 x Spruce Log  pour 300.00β sur survie_new
[20:22:59] [ITEM_LISTED]: Zougless vend 64 x Spruce Log  pour 300.00β sur survie_new
[20:23:01] [ITEM_LISTED]: Zougless vend 64 x Spruce Log  pour 300.00β sur survie_new
[20:23:03] [ITEM_LISTED]: Zougless vend 64 x Spruce Log  pour 300.00β sur survie_new
[20:23:05] [ITEM_LISTED]: Zougless vend 64 x Spruce Log  pour 300.00β sur survie_new
[20:23:11] [ITEM_LISTED]: Zougless vend 64 x Spruce Log  pour 300.00β sur survie_new
[20:23:14] [ITEM_LISTED]: Zougless vend 64 x Spruce Log  pour 300.00β sur survie_new
[20:23:16] [ITEM_LISTED]: Zougless vend 64 x Spruce Log  pour 300.00β sur survie_new
[20:23:18] [ITEM_LISTED]: Zougless vend 64 x Spruce Log  pour 300.00β sur survie_new
[20:23:20] [ITEM_LISTED]: Zougless vend 64 x Spruce Log  pour 300.00β sur survie_new
[20:23:21] [ITEM_LISTED]: Zougless vend 64 x Spruce Log  pour 300.00β sur survie_new
[20:23:24] [ITEM_LISTED]: Zougless vend 64 x Spruce Log  pour 300.00β sur survie_new
[20:23:26] [ITEM_LISTED]: Zougless vend 64 x Spruce Log  pour 300.00β sur survie_new
[20:23:28] [ITEM_LISTED]: Zougless vend 64 x Spruce Log  pour 300.00β sur survie_new
[20:23:33] [ITEM_LISTED]: Zougless vend 64 x Spruce Log  pour 300.00β sur survie_new
[20:23:36] [ITEM_LISTED]: Zougless vend 64 x Spruce Log  pour 300.00β sur survie_new
[20:23:38] [ITEM_LISTED]: Zougless vend 64 x Spruce Log  pour 300.00β sur survie_new
[20:23:40] [ITEM_LISTED]: Zougless vend 64 x Spruce Log  pour 300.00β sur survie_new
[20:23:42] [ITEM_LISTED]: Zougless vend 64 x Spruce Log  pour 300.00β sur survie_new
[20:23:44] [ITEM_LISTED]: Zougless vend 64 x Spruce Log  pour 300.00β sur survie_new
[20:23:46] [ITEM_LISTED]: Zougless vend 64 x Spruce Log  pour 300.00β sur survie_new
[20:23:48] [ITEM_LISTED]: Zougless vend 64 x Spruce Log  pour 300.00β sur survie_new
[20:23:51] [ITEM_LISTED]: Zougless vend 64 x Spruce Log  pour 300.00β sur survie_new
[20:23:54] [ITEM_LISTED]: Zougless vend 64 x Spruce Log  pour 300.00β sur survie_new
[20:32:36] [ITEM_SOLD]: Zougless vendu 64 x Spruce Log à  Efysio pour 300.00 β le survie_new
[20:32:37] [ITEM_SOLD]: Zougless vendu 64 x Spruce Log à  Efysio pour 300.00 β le survie_new
[20:32:38] [ITEM_SOLD]: Zougless vendu 64 x Spruce Log à  Efysio pour 300.00 β le survie_new
[20:32:39] [ITEM_SOLD]: Zougless vendu 64 x Spruce Log à  Efysio pour 300.00 β le survie_new
[20:44:43] [ITEM_SOLD]: Zougless vendu 64 x Spruce Log à  Efysio pour 300.00 β le survie_new
[20:44:44] [ITEM_SOLD]: Zougless vendu 64 x Spruce Log à  Efysio pour 300.00 β le survie_new
[21:12:57] [ITEM_LISTED]: Gundyr vend 12 x Iron Block  pour 1,200.00β sur survie_new
[21:13:13] [ITEM_SOLD]: Gundyr vendu 12 x Iron Block à  Futsiph pour 1,200.00 β le survie_new
[21:14:34] [ITEM_LISTED]: Efysio vend 64 x Gunpowder  pour 7,000.00β sur survie_new
[21:14:37] [ITEM_LISTED]: Efysio vend 64 x Gunpowder  pour 7,000.00β sur survie_new
[21:14:39] [ITEM_LISTED]: Efysio vend 64 x Gunpowder  pour 7,000.00β sur survie_new
[21:14:42] [ITEM_LISTED]: Efysio vend 64 x Gunpowder  pour 7,000.00β sur survie_new
[21:14:44] [ITEM_LISTED]: Efysio vend 64 x Gunpowder  pour 7,000.00β sur survie_new
[21:14:47] [ITEM_LISTED]: Efysio vend 64 x Gunpowder  pour 7,000.00β sur survie_new
[21:45:53] [ITEM_SOLD]: Efysio vendu 64 x Gunpowder à  Karazhar pour 7,000.00 β le survie_new
[21:45:54] [ITEM_SOLD]: Efysio vendu 64 x Gunpowder à  Karazhar pour 7,000.00 β le survie_new
[21:45:55] [ITEM_SOLD]: Efysio vendu 64 x Gunpowder à  Karazhar pour 7,000.00 β le survie_new
[21:45:56] [ITEM_SOLD]: Efysio vendu 64 x Gunpowder à  Karazhar pour 7,000.00 β le survie_new
[21:45:58] [ITEM_SOLD]: Efysio vendu 64 x Gunpowder à  Karazhar pour 7,000.00 β le survie_new
[21:45:59] [ITEM_SOLD]: Efysio vendu 64 x Gunpowder à  Karazhar pour 7,000.00 β le survie_new
[21:46:22] [ITEM_SOLD]: Blazd vendu 64 x Gunpowder à  Karazhar pour 7,000.00 β le survie_new
[21:46:32] [ITEM_SOLD]: Efysio vendu 1 x Enchanted Book à  Karazhar pour 6,500.00 β le survie_new
[21:46:33] [ITEM_SOLD]: Efysio vendu 1 x Enchanted Book à  Karazhar pour 6,500.00 β le survie_new
[21:46:35] [ITEM_SOLD]: Efysio vendu 1 x Enchanted Book à  Karazhar pour 6,500.00 β le survie_new
[22:33:28] [ITEM_RETURNED]: 1 x Enchanted Book  renvoyé à Efysio le survie_new
[22:33:28] [ITEM_RETURNED]: 1 x Enchanted Book  renvoyé à Efysio le survie_new
[22:33:28] [ITEM_RETURNED]: 1 x Enchanted Book  renvoyé à Efysio le survie_new
[22:33:37] [ITEM_LISTED]: Efysio vend 1 x Enchanted Book  pour 4,000.00β sur survie_new
[22:33:39] [ITEM_LISTED]: Efysio vend 1 x Enchanted Book  pour 4,000.00β sur survie_new
[22:33:41] [ITEM_LISTED]: Efysio vend 1 x Enchanted Book  pour 4,000.00β sur survie_new
[22:33:55] [ITEM_LISTED]: Efysio vend 1 x Enchanted Book  pour 6,500.00β sur survie_new
[22:33:57] [ITEM_LISTED]: Efysio vend 1 x Enchanted Book  pour 6,500.00β sur survie_new
[22:33:59] [ITEM_LISTED]: Efysio vend 1 x Enchanted Book  pour 6,500.00β sur survie_new
[22:34:18] [ITEM_LISTED]: Efysio vend 1 x Enchanted Book  pour 6,500.00β sur survie_new
[22:34:20] [ITEM_LISTED]: Efysio vend 1 x Enchanted Book  pour 6,500.00β sur survie_new
[22:36:45] [ITEM_LISTED]: Efysio vend 1 x Enchanted Book  pour 5,000.00β sur survie_new
[22:36:47] [ITEM_LISTED]: Efysio vend 1 x Enchanted Book  pour 5,000.00β sur survie_new
[22:45:01] [ITEM_SOLD]: pikatchou82 vendu 1 x Shulker Box à  PSY_Kill3R pour 2,000.00 β le survie_new
[22:50:38] [ITEM_SOLD]: Lacourgette vendu 1 x Enchanted Book à  Karazhar pour 6,400.00 β le survie_new
[23:06:49] [ITEM_LISTED]: Karazhar vend 1 x Bow  [Flame, Power III, Punch I, Unbreaking III] pour 2,000.00β sur survie_new
[23:07:43] [ITEM_LISTED]: Karazhar vend 1 x Diamond Sword  [Looting III, Smite IV, Unbreaking III] pour 1,000.00β sur survie_new
[23:08:19] [ITEM_SOLD]: pikatchou82 vendu 1 x Enchanted Book à  Karazhar pour 6,500.00 β le survie_new
[23:50:03] [ITEM_LISTED]: Gundyr vend 1 x Enchanted Book  pour 4,500.00β sur survie_new
