[11:25:30] [ITEM_CANCELLED]: Ender_Shock annule la vente de 1x Enchanted Book pour 11,999.00β sur survie_new
[11:25:32] [ITEM_RETURNED]: 1 x Enchanted Book  renvoyé à Ender_Shock le survie_new
[11:55:32] [ITEM_CANCELLED]: Ender_Shock annule la vente de 1x Enchanted Book pour 11,999.00β sur survie_new
[11:55:33] [ITEM_RETURNED]: 1 x Enchanted Book  renvoyé à Ender_Shock le survie_new
[14:19:05] [ITEM_SOLD]: Karazhar vendu 1 x Diamond Pickaxe à  [Silk Touch] toyo_portos pour 500.00 β le survie_new
[14:32:23] [ITEM_SOLD]: Karazhar vendu 1 x Diamond Pickaxe à  [Silk Touch] toyo_portos pour 500.00 β le survie_new
[15:27:02] [ITEM_SOLD]: GoldenFarmers vendu 1 x Elytra à  toyo_portos pour 17,000.00 β le survie_new
[16:14:39] [ITEM_LISTED]: Efysio vend 1 x Enchanted Book  pour 10,000.00β sur survie_new
[16:14:44] [ITEM_LISTED]: Efysio vend 1 x Enchanted Book  pour 10,000.00β sur survie_new
[16:14:47] [ITEM_LISTED]: Efysio vend 1 x Enchanted Book  pour 10,000.00β sur survie_new
[16:23:19] [ITEM_SOLD]: Doomsmen vendu 1 x Saddle à  Natvolh24 pour 750.00 β le survie_new
[16:53:00] [ITEM_CANCELLED]: Natvolh24 annule la vente de 3x Nautilus Shell pour 5,000.00β sur survie_new
[16:53:15] [ITEM_RETURNED]: 3 x Nautilus Shell  renvoyé à Natvolh24 le survie_new
[17:08:56] [ITEM_SOLD]: Kanntin vendu 1 x §;§:Spawner Zombie x1 à  Efysio pour 4,000.00 β le survie_new
[17:24:07] [ITEM_CANCELLED]: Ender_Shock annule la vente de 1x Enchanted Book pour 11,999.00β sur survie_new
[17:24:07] [ITEM_CANCELLED]: Ender_Shock annule la vente de 1x Enchanted Book pour 11,999.00β sur survie_new
[17:24:07] [ITEM_CANCELLED]: Ender_Shock annule la vente de 1x Enchanted Book pour 11,999.00β sur survie_new
[17:24:08] [ITEM_CANCELLED]: Ender_Shock annule la vente de 1x Enchanted Book pour 11,999.00β sur survie_new
[17:24:08] [ITEM_CANCELLED]: Ender_Shock annule la vente de 1x Enchanted Book pour 11,999.00β sur survie_new
[17:24:08] [ITEM_CANCELLED]: Ender_Shock annule la vente de 1x Enchanted Book pour 11,999.00β sur survie_new
[17:24:09] [ITEM_CANCELLED]: Ender_Shock annule la vente de 1x Enchanted Book pour 11,999.00β sur survie_new
[17:24:09] [ITEM_CANCELLED]: Ender_Shock annule la vente de 1x Enchanted Book pour 11,999.00β sur survie_new
[17:24:09] [ITEM_CANCELLED]: Ender_Shock annule la vente de 1x Enchanted Book pour 11,999.00β sur survie_new
[17:24:09] [ITEM_CANCELLED]: Ender_Shock annule la vente de 1x Enchanted Book pour 11,999.00β sur survie_new
[17:24:10] [ITEM_CANCELLED]: Ender_Shock annule la vente de 1x Enchanted Book pour 11,999.00β sur survie_new
[17:24:10] [ITEM_CANCELLED]: Ender_Shock annule la vente de 1x Enchanted Book pour 11,999.00β sur survie_new
[17:24:10] [ITEM_CANCELLED]: Ender_Shock annule la vente de 1x Enchanted Book pour 11,999.00β sur survie_new
[17:24:10] [ITEM_CANCELLED]: Ender_Shock annule la vente de 1x Enchanted Book pour 11,999.00β sur survie_new
[17:24:11] [ITEM_CANCELLED]: Ender_Shock annule la vente de 1x Enchanted Book pour 11,999.00β sur survie_new
[17:24:11] [ITEM_CANCELLED]: Ender_Shock annule la vente de 1x Enchanted Book pour 11,999.00β sur survie_new
[17:24:11] [ITEM_CANCELLED]: Ender_Shock annule la vente de 1x Enchanted Book pour 11,999.00β sur survie_new
[17:24:11] [ITEM_CANCELLED]: Ender_Shock annule la vente de 1x Enchanted Book pour 11,999.00β sur survie_new
[17:24:12] [ITEM_CANCELLED]: Ender_Shock annule la vente de 1x Enchanted Book pour 11,999.00β sur survie_new
[17:24:12] [ITEM_CANCELLED]: Ender_Shock annule la vente de 1x Enchanted Book pour 11,999.00β sur survie_new
[17:24:12] [ITEM_CANCELLED]: Ender_Shock annule la vente de 1x Enchanted Book pour 11,999.00β sur survie_new
[17:24:12] [ITEM_CANCELLED]: Ender_Shock annule la vente de 1x Enchanted Book pour 11,999.00β sur survie_new
[17:24:12] [ITEM_CANCELLED]: Ender_Shock annule la vente de 1x Enchanted Book pour 11,999.00β sur survie_new
[17:24:13] [ITEM_CANCELLED]: Ender_Shock annule la vente de 1x Enchanted Book pour 11,999.00β sur survie_new
[17:24:13] [ITEM_CANCELLED]: Ender_Shock annule la vente de 1x Enchanted Book pour 11,999.00β sur survie_new
[17:24:13] [ITEM_CANCELLED]: Ender_Shock annule la vente de 1x Enchanted Book pour 11,999.00β sur survie_new
[17:24:13] [ITEM_CANCELLED]: Ender_Shock annule la vente de 1x Enchanted Book pour 11,999.00β sur survie_new
[17:24:21] [ITEM_RETURNED]: 1 x Enchanted Book  renvoyé à Ender_Shock le survie_new
[17:24:22] [ITEM_RETURNED]: 1 x Enchanted Book  renvoyé à Ender_Shock le survie_new
[17:24:22] [ITEM_RETURNED]: 1 x Enchanted Book  renvoyé à Ender_Shock le survie_new
[17:24:22] [ITEM_RETURNED]: 1 x Enchanted Book  renvoyé à Ender_Shock le survie_new
[17:24:22] [ITEM_RETURNED]: 1 x Enchanted Book  renvoyé à Ender_Shock le survie_new
[17:24:23] [ITEM_RETURNED]: 1 x Enchanted Book  renvoyé à Ender_Shock le survie_new
[17:24:23] [ITEM_RETURNED]: 1 x Enchanted Book  renvoyé à Ender_Shock le survie_new
[17:24:23] [ITEM_RETURNED]: 1 x Enchanted Book  renvoyé à Ender_Shock le survie_new
[17:24:23] [ITEM_RETURNED]: 1 x Enchanted Book  renvoyé à Ender_Shock le survie_new
[17:24:23] [ITEM_RETURNED]: 1 x Enchanted Book  renvoyé à Ender_Shock le survie_new
[17:24:24] [ITEM_RETURNED]: 1 x Enchanted Book  renvoyé à Ender_Shock le survie_new
[17:24:24] [ITEM_RETURNED]: 1 x Enchanted Book  renvoyé à Ender_Shock le survie_new
[17:24:24] [ITEM_RETURNED]: 1 x Enchanted Book  renvoyé à Ender_Shock le survie_new
[17:24:25] [ITEM_RETURNED]: 1 x Enchanted Book  renvoyé à Ender_Shock le survie_new
[17:24:25] [ITEM_RETURNED]: 1 x Enchanted Book  renvoyé à Ender_Shock le survie_new
[17:24:25] [ITEM_RETURNED]: 1 x Enchanted Book  renvoyé à Ender_Shock le survie_new
[17:24:25] [ITEM_RETURNED]: 1 x Enchanted Book  renvoyé à Ender_Shock le survie_new
[17:24:26] [ITEM_RETURNED]: 1 x Enchanted Book  renvoyé à Ender_Shock le survie_new
[17:24:26] [ITEM_RETURNED]: 1 x Enchanted Book  renvoyé à Ender_Shock le survie_new
[17:24:29] [ITEM_RETURNED]: 1 x Enchanted Book  renvoyé à Ender_Shock le survie_new
[17:24:30] [ITEM_RETURNED]: 1 x Enchanted Book  renvoyé à Ender_Shock le survie_new
[17:24:30] [ITEM_RETURNED]: 1 x Enchanted Book  renvoyé à Ender_Shock le survie_new
[17:24:31] [ITEM_RETURNED]: 1 x Enchanted Book  renvoyé à Ender_Shock le survie_new
[17:24:31] [ITEM_RETURNED]: 1 x Enchanted Book  renvoyé à Ender_Shock le survie_new
[17:24:31] [ITEM_RETURNED]: 1 x Enchanted Book  renvoyé à Ender_Shock le survie_new
[17:24:31] [ITEM_RETURNED]: 1 x Enchanted Book  renvoyé à Ender_Shock le survie_new
[17:24:32] [ITEM_RETURNED]: 1 x Enchanted Book  renvoyé à Ender_Shock le survie_new
[17:26:27] [ITEM_LISTED]: Ender_Shock vend 1 x Enchanted Book  pour 9,999.00β sur survie_new
[17:26:30] [ITEM_LISTED]: Ender_Shock vend 1 x Enchanted Book  pour 9,999.00β sur survie_new
[17:26:34] [ITEM_LISTED]: Ender_Shock vend 1 x Enchanted Book  pour 9,999.00β sur survie_new
[17:26:40] [ITEM_LISTED]: Ender_Shock vend 1 x Enchanted Book  pour 9,999.00β sur survie_new
[17:26:42] [ITEM_LISTED]: Ender_Shock vend 1 x Enchanted Book  pour 9,999.00β sur survie_new
[17:26:43] [ITEM_LISTED]: Ender_Shock vend 1 x Enchanted Book  pour 9,999.00β sur survie_new
[17:26:45] [ITEM_LISTED]: Ender_Shock vend 1 x Enchanted Book  pour 9,999.00β sur survie_new
[17:26:46] [ITEM_LISTED]: Ender_Shock vend 1 x Enchanted Book  pour 9,999.00β sur survie_new
[17:26:52] [ITEM_LISTED]: Ender_Shock vend 1 x Enchanted Book  pour 9,999.00β sur survie_new
[17:26:54] [ITEM_LISTED]: Ender_Shock vend 1 x Enchanted Book  pour 9,999.00β sur survie_new
[17:26:55] [ITEM_LISTED]: Ender_Shock vend 1 x Enchanted Book  pour 9,999.00β sur survie_new
[17:26:56] [ITEM_LISTED]: Ender_Shock vend 1 x Enchanted Book  pour 9,999.00β sur survie_new
[17:26:57] [ITEM_LISTED]: Ender_Shock vend 1 x Enchanted Book  pour 9,999.00β sur survie_new
[17:26:58] [ITEM_LISTED]: Ender_Shock vend 1 x Enchanted Book  pour 9,999.00β sur survie_new
[17:27:00] [ITEM_LISTED]: Ender_Shock vend 1 x Enchanted Book  pour 9,999.00β sur survie_new
[17:27:02] [ITEM_LISTED]: Ender_Shock vend 1 x Enchanted Book  pour 9,999.00β sur survie_new
[17:27:10] [ITEM_LISTED]: Ender_Shock vend 1 x Enchanted Book  pour 9,999.00β sur survie_new
[17:27:13] [ITEM_LISTED]: Ender_Shock vend 1 x Enchanted Book  pour 9,999.00β sur survie_new
[17:27:14] [ITEM_LISTED]: Ender_Shock vend 1 x Enchanted Book  pour 9,999.00β sur survie_new
[17:27:15] [ITEM_LISTED]: Ender_Shock vend 1 x Enchanted Book  pour 9,999.00β sur survie_new
[17:27:16] [ITEM_LISTED]: Ender_Shock vend 1 x Enchanted Book  pour 9,999.00β sur survie_new
[17:27:18] [ITEM_LISTED]: Ender_Shock vend 1 x Enchanted Book  pour 9,999.00β sur survie_new
[17:27:19] [ITEM_LISTED]: Ender_Shock vend 1 x Enchanted Book  pour 9,999.00β sur survie_new
[17:27:22] [ITEM_LISTED]: Ender_Shock vend 1 x Enchanted Book  pour 9,999.00β sur survie_new
[17:27:28] [ITEM_LISTED]: Ender_Shock vend 1 x Enchanted Book  pour 9,999.00β sur survie_new
[17:27:30] [ITEM_LISTED]: Ender_Shock vend 1 x Enchanted Book  pour 9,999.00β sur survie_new
[17:27:33] [ITEM_LISTED]: Ender_Shock vend 1 x Enchanted Book  pour 9,999.00β sur survie_new
[17:27:53] [ITEM_SOLD]: GoldenFarmers vendu 1 x Elytra à  Ender_Shock pour 18,000.00 β le survie_new
[17:28:00] [ITEM_CANCELLED]: Ender_Shock annule la vente de 1x Enchanted Book pour 9,999.00β sur survie_new
[17:28:02] [ITEM_RETURNED]: 1 x Enchanted Book  renvoyé à Ender_Shock le survie_new
[17:43:28] [ITEM_LISTED]: Bubu42 vend 1 x Heart Of The Sea  pour 13,000.00β sur survie_new
[17:43:31] [ITEM_LISTED]: Bubu42 vend 1 x Heart Of The Sea  pour 13,000.00β sur survie_new
[18:01:29] [ITEM_CANCELLED]: Efysio annule la vente de 1x Enchanted Book pour 10,000.00β sur survie_new
[18:01:30] [ITEM_CANCELLED]: Efysio annule la vente de 1x Enchanted Book pour 10,000.00β sur survie_new
[18:01:32] [ITEM_CANCELLED]: Efysio annule la vente de 1x Enchanted Book pour 10,000.00β sur survie_new
[18:01:43] [ITEM_CANCELLED]: Efysio annule la vente de 1x Name Tag pour 700.00β sur survie_new
[18:01:43] [ITEM_CANCELLED]: Efysio annule la vente de 10x Ghast Tear pour 9,000.00β sur survie_new
[18:01:43] [ITEM_CANCELLED]: Efysio annule la vente de 10x Ghast Tear pour 9,000.00β sur survie_new
[18:01:43] [ITEM_CANCELLED]: Efysio annule la vente de 10x Ghast Tear pour 9,000.00β sur survie_new
[18:01:43] [ITEM_CANCELLED]: Efysio annule la vente de 1x Name Tag pour 700.00β sur survie_new
[18:01:43] [ITEM_CANCELLED]: Efysio annule la vente de 5x Name Tag pour 3,000.00β sur survie_new
[18:01:43] [ITEM_CANCELLED]: Efysio annule la vente de 1x Name Tag pour 700.00β sur survie_new
[18:01:58] [ITEM_RETURNED]: 1 x Enchanted Book  renvoyé à Efysio le survie_new
[18:01:59] [ITEM_RETURNED]: 1 x Enchanted Book  renvoyé à Efysio le survie_new
[18:02:00] [ITEM_RETURNED]: 1 x Enchanted Book  renvoyé à Efysio le survie_new
[18:02:00] [ITEM_RETURNED]: 10 x Ghast Tear  renvoyé à Efysio le survie_new
[18:02:01] [ITEM_RETURNED]: 10 x Ghast Tear  renvoyé à Efysio le survie_new
[18:02:01] [ITEM_RETURNED]: 10 x Ghast Tear  renvoyé à Efysio le survie_new
[18:02:01] [ITEM_RETURNED]: 1 x Name Tag  renvoyé à Efysio le survie_new
[18:02:02] [ITEM_RETURNED]: 1 x Name Tag  renvoyé à Efysio le survie_new
[18:02:02] [ITEM_RETURNED]: 1 x Name Tag  renvoyé à Efysio le survie_new
[18:02:02] [ITEM_RETURNED]: 5 x Name Tag  renvoyé à Efysio le survie_new
[18:02:12] [ITEM_LISTED]: Efysio vend 1 x Enchanted Book  pour 9,500.00β sur survie_new
[18:02:14] [ITEM_LISTED]: Efysio vend 1 x Enchanted Book  pour 9,500.00β sur survie_new
[18:02:16] [ITEM_LISTED]: Efysio vend 1 x Enchanted Book  pour 9,500.00β sur survie_new
[19:03:15] [ITEM_SOLD]: Karazhar vendu 1 x Diamond Pickaxe à  [Silk Touch] _Robinou_ pour 500.00 β le survie_new
[19:22:14] [ITEM_LISTED]: Efysio vend 1 x Diamond Sword  [Knockback II, Looting III, Mending, Sharpness V, Unbreaking III] pour 13,000.00β sur survie_new
[19:22:38] [ITEM_SOLD]: Efysio vendu 1 x Diamond Sword à  [Knockback II, Looting III, Mending, Sharpness V, Unbreaking III] Loan02 pour 13,000.00 β le survie_new
[19:47:49] [ITEM_SOLD]: toyo_portos vendu 2 x Nautilus Shell à  Christophe_ pour 1,000.00 β le survie_new
[20:26:44] [ITEM_LISTED]: Max_Le_Max vend 1 x §;§:Spawner Cave spider x1  pour 1,111.00β sur survie_new
[20:35:54] [ITEM_SOLD]: Max_Le_Max vendu 1 x §;§:Spawner Cave spider x1 à  Futsiph pour 1,111.00 β le survie_new
[20:36:42] [ITEM_LISTED]: La_Big_Fatima vend 1 x Bow  [Power II, Unbreaking II] pour 1,000.00β sur survie_new
[20:49:35] [ITEM_LISTED]: La_Big_Fatima vend 1 x Enchanted Book  pour 4,000.00β sur survie_new
[20:49:43] [ITEM_LISTED]: La_Big_Fatima vend 1 x Enchanted Book  pour 2,000.00β sur survie_new
[21:04:30] [ITEM_LISTED]: CroixVeBaton vend 1 x Diamond Pickaxe  [Silk Touch] pour 4,000.00β sur survie_new
[21:16:51] [ITEM_SOLD]: Efysio vendu 1 x Enchanted Book à  R0wZen pour 9,500.00 β le survie_new
[21:27:40] [ITEM_LISTED]: Efysio vend 3 x Wither Skeleton Skull  pour 13,000.00β sur survie_new
[21:27:50] [ITEM_LISTED]: Efysio vend 1 x Enchanted Book  pour 9,500.00β sur survie_new
[22:10:23] [ITEM_SOLD]: CroixVeBaton vendu 1 x Diamond Sword à  [Knockback I, Looting II] McWeight06 pour 2,000.00 β le survie_new
[22:10:49] [ITEM_SOLD]: Karazhar vendu 1 x Fishing Rod à  [unknown] McWeight06 pour 1,000.00 β le survie_new
[22:15:31] [ITEM_CANCELLED]: Ender_Shock annule la vente de 1x Enchanted Book pour 9,999.00β sur survie_new
[22:15:33] [ITEM_RETURNED]: 1 x Enchanted Book  renvoyé à Ender_Shock le survie_new
[22:15:37] [ITEM_CANCELLED]: Ender_Shock annule la vente de 1x Enchanted Book pour 9,999.00β sur survie_new
[22:15:39] [ITEM_RETURNED]: 1 x Enchanted Book  renvoyé à Ender_Shock le survie_new
[22:15:42] [ITEM_CANCELLED]: Ender_Shock annule la vente de 1x Enchanted Book pour 9,999.00β sur survie_new
[22:15:44] [ITEM_RETURNED]: 1 x Enchanted Book  renvoyé à Ender_Shock le survie_new
[22:42:25] [ITEM_LISTED]: ianito vend 64 x Sweet Berries  pour 1,000.00β sur survie_new
[22:42:58] [ITEM_SOLD]: ianito vendu 64 x Sweet Berries à  Futsiph pour 1,000.00 β le survie_new
[22:46:10] [ITEM_LISTED]: La_Big_Fatima vend 1 x Diamond Sword  [Sharpness IV] pour 5,000.00β sur survie_new
[23:57:53] [ITEM_SOLD]: Karazhar vendu 1 x Dolphin Spawn Egg à  Isaorya pour 3,500.00 β le survie_new
[23:57:54] [ITEM_SOLD]: Karazhar vendu 1 x Dolphin Spawn Egg à  Isaorya pour 3,500.00 β le survie_new
[23:57:56] [ITEM_SOLD]: Karazhar vendu 1 x Bee Nest à  Isaorya pour 750.00 β le survie_new
[23:57:58] [ITEM_SOLD]: Karazhar vendu 1 x Bee Nest à  Isaorya pour 750.00 β le survie_new
[23:57:59] [ITEM_SOLD]: Karazhar vendu 1 x Bee Nest à  Isaorya pour 750.00 β le survie_new
