[00:52:29] [ITEM_SOLD]: Zelyan vendu 64 x Cocoa Beans à  MrYann506 pour 100.00 β le survie_new
[16:34:29] [ITEM_LISTED]: Lacourgette vend 1 x §;§:Blaze Spawner 1x  pour 4,000.00β sur survie_new
[16:34:36] [ITEM_SOLD]: Lacourgette vendu 1 x §;§:Blaze Spawner 1x à  pikatchou82 pour 4,000.00 β le survie_new
[16:41:19] [ITEM_SOLD]: lancelot vendu 46 x Apple à  Lacourgette pour 400.00 β le survie_new
[16:41:22] [ITEM_SOLD]: lancelot vendu 46 x Apple à  Lacourgette pour 400.00 β le survie_new
[17:48:43] [ITEM_LISTED]: Max_Le_Max vend 1 x Dolphin Spawn Egg  pour 600.00β sur survie_new
[17:48:45] [ITEM_LISTED]: Max_Le_Max vend 1 x Dolphin Spawn Egg  pour 600.00β sur survie_new
[17:48:48] [ITEM_LISTED]: Max_Le_Max vend 1 x Dolphin Spawn Egg  pour 600.00β sur survie_new
[17:48:54] [ITEM_LISTED]: Max_Le_Max vend 1 x Dolphin Spawn Egg  pour 600.00β sur survie_new
[17:48:56] [ITEM_LISTED]: Max_Le_Max vend 1 x Dolphin Spawn Egg  pour 600.00β sur survie_new
[17:48:58] [ITEM_LISTED]: Max_Le_Max vend 1 x Dolphin Spawn Egg  pour 600.00β sur survie_new
[17:49:06] [ITEM_LISTED]: Max_Le_Max vend 1 x §;§:Cave spider Spawner 1x  pour 4,000.00β sur survie_new
[17:49:09] [ITEM_LISTED]: Max_Le_Max vend 1 x §;§:Cave spider Spawner 1x  pour 4,000.00β sur survie_new
[18:11:16] [ITEM_LISTED]: Max_Le_Max vend 1 x Owl  pour 500.00β sur survie_new
[18:11:19] [ITEM_LISTED]: Max_Le_Max vend 1 x Gray Ч  pour 500.00β sur survie_new
[18:11:24] [ITEM_LISTED]: Max_Le_Max vend 1 x Cyborg Wither Skeleton  pour 1,000.00β sur survie_new
[18:11:30] [ITEM_LISTED]: Max_Le_Max vend 1 x Sheep Doll in a Minecart  pour 500.00β sur survie_new
[18:25:59] [ITEM_LISTED]: Minebark vend 1 x Spruce Stairs  pour 100.00β sur survie_new
[18:27:30] [ITEM_SOLD]: Max_Le_Max vendu 1 x Cyborg Wither Skeleton à  Christophe_ pour 1,000.00 β le survie_new
[18:27:35] [ITEM_CANCELLED]: Minebark annule la vente de 1x Spruce Stairs pour 100.00β sur survie_new
[18:31:24] [ITEM_LISTED]: Ddd_lebss vend 64 x Spruce Log  pour 150.00β sur survie_new
[18:31:34] [ITEM_SOLD]: Max_Le_Max vendu 1 x Sheep Doll in a Minecart à  ticiatrhd pour 500.00 β le survie_new
[18:31:35] [ITEM_LISTED]: Ddd_lebss vend 64 x Spruce Log  pour 150.00β sur survie_new
[18:31:36] [ITEM_SOLD]: Max_Le_Max vendu 1 x Gray Ч à  ticiatrhd pour 500.00 β le survie_new
[18:31:37] [ITEM_SOLD]: Max_Le_Max vendu 1 x Owl à  ticiatrhd pour 500.00 β le survie_new
[18:31:39] [ITEM_SOLD]: Ddd_lebss vendu 64 x Spruce Log à  Minebark pour 150.00 β le survie_new
[18:31:40] [ITEM_SOLD]: Ddd_lebss vendu 64 x Spruce Log à  Minebark pour 150.00 β le survie_new
[18:31:56] [ITEM_LISTED]: Ddd_lebss vend 64 x Spruce Log  pour 150.00β sur survie_new
[18:32:14] [ITEM_SOLD]: Ddd_lebss vendu 61 x Spruce Log à  Minebark pour 150.00 β le survie_new
[18:51:02] [ITEM_CANCELLED]: Natvolh24 annule la vente de 1x Diamond Leggings [Protection IV, Unbreaking III] pour 2,000.00β sur survie_new
[18:51:02] [ITEM_CANCELLED]: Natvolh24 annule la vente de 1x Enchanted Book pour 4,500.00β sur survie_new
[18:51:03] [ITEM_CANCELLED]: Natvolh24 annule la vente de 64x Grass Block pour 750.00β sur survie_new
[18:51:03] [ITEM_CANCELLED]: Natvolh24 annule la vente de 64x Grass Block pour 750.00β sur survie_new
[18:51:03] [ITEM_CANCELLED]: Natvolh24 annule la vente de 64x Grass Block pour 750.00β sur survie_new
[18:51:03] [ITEM_CANCELLED]: Natvolh24 annule la vente de 6x Nautilus Shell pour 8,500.00β sur survie_new
[18:51:04] [ITEM_CANCELLED]: Natvolh24 annule la vente de 21x Oak Log pour 150.00β sur survie_new
[18:51:04] [ITEM_CANCELLED]: Natvolh24 annule la vente de 64x Oak Log pour 250.00β sur survie_new
[18:51:05] [ITEM_CANCELLED]: Natvolh24 annule la vente de 64x Oak Log pour 250.00β sur survie_new
[18:51:08] [ITEM_RETURNED]: 64 x Oak Log  renvoyé à Natvolh24 le survie_new
[18:51:09] [ITEM_RETURNED]: 64 x Oak Log  renvoyé à Natvolh24 le survie_new
[18:51:09] [ITEM_RETURNED]: 21 x Oak Log  renvoyé à Natvolh24 le survie_new
[18:51:09] [ITEM_RETURNED]: 6 x Nautilus Shell  renvoyé à Natvolh24 le survie_new
[18:51:09] [ITEM_RETURNED]: 64 x Grass Block  renvoyé à Natvolh24 le survie_new
[18:51:10] [ITEM_RETURNED]: 64 x Grass Block  renvoyé à Natvolh24 le survie_new
[18:51:10] [ITEM_RETURNED]: 64 x Grass Block  renvoyé à Natvolh24 le survie_new
[18:51:10] [ITEM_RETURNED]: 1 x Enchanted Book  renvoyé à Natvolh24 le survie_new
[18:51:10] [ITEM_RETURNED]: 1 x Diamond Leggings  [Protection IV, Unbreaking III] renvoyé à Natvolh24 le survie_new
[18:51:23] [ITEM_SOLD]: Max_Le_Max vendu 1 x Dolphin Spawn Egg à  Natvolh24 pour 600.00 β le survie_new
[18:51:47] [ITEM_SOLD]: Karazhar vendu 1 x Bee Nest à  Natvolh24 pour 550.00 β le survie_new
[18:51:49] [ITEM_SOLD]: pikatchou82 vendu 64 x Golden Apple à  Natvolh24 pour 3,000.00 β le survie_new
[18:56:26] [ITEM_LISTED]: Natvolh24 vend 6 x Nautilus Shell  pour 10,000.00β sur survie_new
[18:57:12] [ITEM_SOLD]: Natvolh24 vendu 6 x Nautilus Shell à  Christophe_ pour 10,000.00 β le survie_new
[19:10:10] [ITEM_LISTED]: CroixVeBaton vend 20 x Bookshelf  pour 1,000.00β sur survie_new
[19:10:15] [ITEM_SOLD]: CroixVeBaton vendu 20 x Bookshelf à  Minebark pour 1,000.00 β le survie_new
[19:20:53] [ITEM_SOLD]: Max_Le_Max vendu 1 x Dolphin Spawn Egg à  Isaorya pour 600.00 β le survie_new
[19:20:54] [ITEM_SOLD]: Max_Le_Max vendu 1 x Dolphin Spawn Egg à  Isaorya pour 600.00 β le survie_new
[19:20:56] [ITEM_SOLD]: Max_Le_Max vendu 1 x Dolphin Spawn Egg à  Isaorya pour 600.00 β le survie_new
[19:20:57] [ITEM_SOLD]: Max_Le_Max vendu 1 x Dolphin Spawn Egg à  Isaorya pour 600.00 β le survie_new
[19:20:59] [ITEM_SOLD]: Max_Le_Max vendu 1 x Dolphin Spawn Egg à  Isaorya pour 600.00 β le survie_new
[19:21:10] [ITEM_SOLD]: Max_Le_Max vendu 1 x §;§:Cave spider Spawner 1x à  Isaorya pour 4,000.00 β le survie_new
[19:21:12] [ITEM_SOLD]: Max_Le_Max vendu 1 x §;§:Cave spider Spawner 1x à  Isaorya pour 4,000.00 β le survie_new
[19:21:23] [ITEM_SOLD]: MrRaimboow vendu 64 x Arrow à  Isaorya pour 15.00 β le survie_new
[19:21:24] [ITEM_SOLD]: MrRaimboow vendu 64 x Arrow à  Isaorya pour 15.00 β le survie_new
[19:26:06] [ITEM_CANCELLED]: lancelot annule la vente de 64x Apple pour 400.00β sur survie_new
[19:26:23] [ITEM_RETURNED]: 64 x Apple  renvoyé à lancelot le survie_new
[19:26:24] [ITEM_RETURNED]: 1 x Enchanted Book  renvoyé à lancelot le survie_new
[19:26:26] [ITEM_CANCELLED]: lancelot annule la vente de 64x Apple pour 400.00β sur survie_new
[19:26:26] [ITEM_CANCELLED]: lancelot annule la vente de 64x Apple pour 400.00β sur survie_new
[19:26:30] [ITEM_RETURNED]: 64 x Apple  renvoyé à lancelot le survie_new
[19:26:31] [ITEM_RETURNED]: 64 x Apple  renvoyé à lancelot le survie_new
[19:26:35] [ITEM_CANCELLED]: lancelot annule la vente de 64x Apple pour 400.00β sur survie_new
[19:26:37] [ITEM_CANCELLED]: lancelot annule la vente de 64x Apple pour 400.00β sur survie_new
[19:26:37] [ITEM_CANCELLED]: lancelot annule la vente de 64x Apple pour 400.00β sur survie_new
[19:26:38] [ITEM_CANCELLED]: lancelot annule la vente de 64x Apple pour 400.00β sur survie_new
[19:26:38] [ITEM_CANCELLED]: lancelot annule la vente de 64x Apple pour 490.00β sur survie_new
[19:26:38] [ITEM_CANCELLED]: lancelot annule la vente de 64x Apple pour 400.00β sur survie_new
[19:26:39] [ITEM_CANCELLED]: lancelot annule la vente de 64x Apple pour 400.00β sur survie_new
[19:26:40] [ITEM_CANCELLED]: lancelot annule la vente de 64x Apple pour 400.00β sur survie_new
[19:26:40] [ITEM_CANCELLED]: lancelot annule la vente de 64x Apple pour 400.00β sur survie_new
[19:26:41] [ITEM_CANCELLED]: lancelot annule la vente de 64x Apple pour 400.00β sur survie_new
[19:26:41] [ITEM_CANCELLED]: lancelot annule la vente de 64x Apple pour 400.00β sur survie_new
[19:26:43] [ITEM_RETURNED]: 64 x Apple  renvoyé à lancelot le survie_new
[19:26:43] [ITEM_RETURNED]: 64 x Apple  renvoyé à lancelot le survie_new
[19:26:43] [ITEM_RETURNED]: 64 x Apple  renvoyé à lancelot le survie_new
[19:26:43] [ITEM_RETURNED]: 64 x Apple  renvoyé à lancelot le survie_new
[19:26:44] [ITEM_RETURNED]: 64 x Apple  renvoyé à lancelot le survie_new
[19:26:44] [ITEM_RETURNED]: 64 x Apple  renvoyé à lancelot le survie_new
[19:26:45] [ITEM_RETURNED]: 64 x Apple  renvoyé à lancelot le survie_new
[19:26:45] [ITEM_RETURNED]: 64 x Apple  renvoyé à lancelot le survie_new
[19:26:46] [ITEM_RETURNED]: 64 x Apple  renvoyé à lancelot le survie_new
[19:26:46] [ITEM_RETURNED]: 64 x Apple  renvoyé à lancelot le survie_new
[19:26:46] [ITEM_RETURNED]: 64 x Apple  renvoyé à lancelot le survie_new
[19:26:47] [ITEM_CANCELLED]: lancelot annule la vente de 2x inshalla sa passe pour 10,000.00β sur survie_new
[19:42:43] [ITEM_SOLD]: Karazhar vendu 20 x Sponge à  Natvolh24 pour 2,000.00 β le survie_new
[19:42:45] [ITEM_SOLD]: pikatchou82 vendu 61 x Golden Apple à  Natvolh24 pour 3,000.00 β le survie_new
[19:42:46] [ITEM_SOLD]: pikatchou82 vendu 61 x Golden Apple à  Natvolh24 pour 3,000.00 β le survie_new
[19:44:58] [ITEM_SOLD]: Efysio vendu 1 x Enchanted Book à  Lallethu pour 6,500.00 β le survie_new
[19:47:18] [ITEM_SOLD]: Efysio vendu 1 x Enchanted Book à  Lallethu pour 6,500.00 β le survie_new
[19:47:21] [ITEM_SOLD]: Efysio vendu 1 x Enchanted Book à  Lallethu pour 6,500.00 β le survie_new
[19:47:42] [ITEM_SOLD]: pikatchou82 vendu 1 x Enchanted Book à  Lallethu pour 6,000.00 β le survie_new
[19:47:50] [ITEM_LISTED]: Efysio vend 1 x Enchanted Book  pour 6,500.00β sur survie_new
[19:47:53] [ITEM_LISTED]: Efysio vend 1 x Enchanted Book  pour 6,500.00β sur survie_new
[20:07:58] [ITEM_LISTED]: Natvolh24 vend 15 x Diamond Block  pour 12,500.00β sur survie_new
[20:08:21] [ITEM_LISTED]: Natvolh24 vend 21 x Skeleton Skull  pour 9,500.00β sur survie_new
[20:08:42] [ITEM_LISTED]: Natvolh24 vend 43 x Gunpowder  pour 6,500.00β sur survie_new
[20:24:26] [ITEM_LISTED]: Luky123413 vend 64 x Book  pour 1,000.00β sur survie_new
[20:24:33] [ITEM_LISTED]: Luky123413 vend 64 x Book  pour 1,000.00β sur survie_new
[20:24:39] [ITEM_LISTED]: Luky123413 vend 64 x Book  pour 1,000.00β sur survie_new
[20:24:55] [ITEM_CANCELLED]: Luky123413 annule la vente de 64x Book pour 1,000.00β sur survie_new
[20:24:55] [ITEM_CANCELLED]: Luky123413 annule la vente de 64x Book pour 1,000.00β sur survie_new
[20:24:56] [ITEM_CANCELLED]: Luky123413 annule la vente de 64x Book pour 1,000.00β sur survie_new
[21:00:07] [ITEM_SOLD]: Natvolh24 vendu 15 x Diamond Block à  CouzVeBaton pour 12,500.00 β le survie_new
[21:17:52] [ITEM_SOLD]: Blazd vendu 54 x Gunpowder à  TheSolobaid pour 7,000.00 β le survie_new
[21:17:54] [ITEM_SOLD]: Blazd vendu 54 x Gunpowder à  TheSolobaid pour 8,000.00 β le survie_new
[22:36:48] [ITEM_RETURNED]: 64 x Book  renvoyé à Luky123413 le survie_new
[22:36:48] [ITEM_RETURNED]: 64 x Book  renvoyé à Luky123413 le survie_new
[22:36:48] [ITEM_RETURNED]: 64 x Book  renvoyé à Luky123413 le survie_new
[22:36:49] [ITEM_SOLD]: Blazd vendu 6 x Gunpowder à  ticiatrhd pour 8,000.00 β le survie_new
[22:41:10] [ITEM_LISTED]: Natvolh24 vend 1 x Saddle  pour 70.00β sur survie_new
[22:41:15] [ITEM_SOLD]: Natvolh24 vendu 1 x Saddle à  Yohan81 pour 70.00 β le survie_new
[22:49:54] [ITEM_LISTED]: Natvolh24 vend 27 x Diamond  pour 2,700.00β sur survie_new
[22:52:03] [ITEM_SOLD]: Yohan81 vendu 64 x Poppy à  Zougless pour 20.00 β le survie_new
[22:52:07] [ITEM_SOLD]: Yohan81 vendu 64 x Poppy à  Zougless pour 20.00 β le survie_new
[22:52:09] [ITEM_SOLD]: Yohan81 vendu 64 x Poppy à  Zougless pour 20.00 β le survie_new
[22:52:10] [ITEM_SOLD]: Yohan81 vendu 64 x Poppy à  Zougless pour 20.00 β le survie_new
[22:52:12] [ITEM_SOLD]: Yohan81 vendu 64 x Poppy à  Zougless pour 20.00 β le survie_new
[22:54:07] [ITEM_SOLD]: Yohan81 vendu 64 x Poppy à  Zougless pour 20.00 β le survie_new
[22:54:09] [ITEM_SOLD]: Yohan81 vendu 64 x Poppy à  Zougless pour 20.00 β le survie_new
[22:54:11] [ITEM_SOLD]: Yohan81 vendu 64 x Poppy à  Zougless pour 20.00 β le survie_new
[22:54:13] [ITEM_SOLD]: Yohan81 vendu 64 x Poppy à  Zougless pour 20.00 β le survie_new
[22:54:15] [ITEM_SOLD]: Yohan81 vendu 64 x Poppy à  Zougless pour 20.00 β le survie_new
[22:54:17] [ITEM_SOLD]: Yohan81 vendu 64 x Poppy à  Zougless pour 20.00 β le survie_new
[22:54:19] [ITEM_SOLD]: Yohan81 vendu 64 x Poppy à  Zougless pour 20.00 β le survie_new
[22:54:20] [ITEM_SOLD]: Yohan81 vendu 64 x Poppy à  Zougless pour 20.00 β le survie_new
[22:54:21] [ITEM_SOLD]: Yohan81 vendu 64 x Poppy à  Zougless pour 20.00 β le survie_new
[22:54:23] [ITEM_SOLD]: Yohan81 vendu 64 x Poppy à  Zougless pour 20.00 β le survie_new
[22:54:24] [ITEM_SOLD]: Yohan81 vendu 64 x Poppy à  Zougless pour 20.00 β le survie_new
[22:54:26] [ITEM_SOLD]: Yohan81 vendu 64 x Poppy à  Zougless pour 20.00 β le survie_new
[22:54:28] [ITEM_SOLD]: Yohan81 vendu 64 x Poppy à  Zougless pour 20.00 β le survie_new
[22:54:31] [ITEM_SOLD]: Yohan81 vendu 64 x Poppy à  Zougless pour 20.00 β le survie_new
[22:54:36] [ITEM_SOLD]: Yohan81 vendu 31 x Poppy à  Zougless pour 10.00 β le survie_new
[22:54:38] [ITEM_SOLD]: Yohan81 vendu 31 x Poppy à  Zougless pour 20.00 β le survie_new
[22:54:40] [ITEM_SOLD]: Yohan81 vendu 31 x Poppy à  Zougless pour 20.00 β le survie_new
[22:54:50] [ITEM_SOLD]: Yohan81 vendu 64 x Poppy à  Zougless pour 20.00 β le survie_new
[23:10:57] [ITEM_LISTED]: Aezis_ vend 64 x Podzol  pour 500.00β sur survie_new
[23:10:58] [ITEM_LISTED]: Aezis_ vend 64 x Podzol  pour 500.00β sur survie_new
[23:11:07] [ITEM_SOLD]: Aezis_ vendu 64 x Podzol à  Zougless pour 500.00 β le survie_new
[23:11:08] [ITEM_SOLD]: Aezis_ vendu 64 x Podzol à  Zougless pour 500.00 β le survie_new
[23:26:49] [ITEM_LISTED]: Max_Le_Max vend 1 x Suspicious Stew  pour 100.00β sur survie_new
[23:26:51] [ITEM_LISTED]: Max_Le_Max vend 1 x Suspicious Stew  pour 100.00β sur survie_new
[23:26:54] [ITEM_LISTED]: Max_Le_Max vend 1 x Suspicious Stew  pour 100.00β sur survie_new
[23:26:58] [ITEM_LISTED]: Max_Le_Max vend 1 x Suspicious Stew  pour 100.00β sur survie_new
[23:26:59] [ITEM_LISTED]: Max_Le_Max vend 1 x Suspicious Stew  pour 100.00β sur survie_new
[23:27:01] [ITEM_LISTED]: Max_Le_Max vend 1 x Suspicious Stew  pour 100.00β sur survie_new
[23:27:20] [ITEM_LISTED]: Max_Le_Max vend 8 x Tipped Arrow  pour 333.00β sur survie_new
[23:27:41] [ITEM_LISTED]: Max_Le_Max vend 1 x Music Disc 13  pour 333.33β sur survie_new
[23:27:45] [ITEM_LISTED]: Max_Le_Max vend 1 x Music Disc 13  pour 333.33β sur survie_new
[23:30:04] [ITEM_LISTED]: Max_Le_Max vend 6 x Perle  pour 333.00β sur survie_new
