[01:09:48] [ITEM_LISTED]: Doomsmen vend 1 x Diamond Helmet  [Aqua Affinity, Fire Protection III] pour 750.00β sur survie_new
[08:39:36] [ITEM_LISTED]: rockronsley vend 1 x Bow  [Flame, Infinity] pour 500.00β sur survie_new
[08:39:53] [ITEM_LISTED]: rockronsley vend 1 x Bow  [Flame, Infinity] pour 500.00β sur survie_new
[11:39:24] [ITEM_RETURNED]: 64 x Slime Ball  renvoyé à niguetto5 le survie_new
[12:43:59] [ITEM_RETURNED]: 1 x Presents  renvoyé à pikatchou82 le survie_new
[13:15:46] [ITEM_SOLD]: Wenos_XIII vendu 64 x Bamboo à  MrBuillder pour 50.00 β le survie_new
[13:31:11] [ITEM_LISTED]: Isaorya vend 2 x Sugar Cane  pour 0.00β sur survie_new
[13:31:18] [ITEM_SOLD]: Isaorya vendu 2 x Sugar Cane à  MrBuillder pour 0.00 β le survie_new
[13:31:43] [ITEM_LISTED]: Isaorya vend 1 x Cactus  pour 1.00β sur survie_new
[13:31:56] [ITEM_SOLD]: Isaorya vendu 1 x Cactus à  MrBuillder pour 1.00 β le survie_new
[13:48:58] [ITEM_SOLD]: aidan vendu 1 x Plastron à  [Protection V, Unbreaking V] Adrien2101 pour 1,000.00 β le survie_new
[13:49:00] [ITEM_SOLD]: aidan vendu 1 x Jambières à  [Protection V, Unbreaking V] Adrien2101 pour 1,000.00 β le survie_new
[13:49:02] [ITEM_SOLD]: aidan vendu 1 x Bottes à  [Protection V, Unbreaking V] Adrien2101 pour 1,000.00 β le survie_new
[14:09:54] [ITEM_SOLD]: CroixVeBaton vendu 1 x Bow à  [Flame, Infinity] MrBuillder pour 2,000.00 β le survie_new
[14:31:38] [ITEM_LISTED]: MrBuillder vend 64 x Bamboo  pour 50.00β sur survie_new
[14:35:15] [ITEM_LISTED]: Vitalex_remi1603 vend 1 x Golden Horse Armor  pour 250.00β sur survie_new
[14:40:04] [ITEM_LISTED]: MrBuillder vend 64 x Sugar Cane  pour 100.00β sur survie_new
[14:56:13] [ITEM_LISTED]: Doomsmen vend 1 x Diamond Helmet  [Aqua Affinity] pour 375.00β sur survie_new
[15:57:23] [ITEM_CANCELLED]: estedu59 annule la vente de 1x Golden Sword [Knockback I, Sharpness II] pour 250.00β sur survie_new
[15:57:26] [ITEM_CANCELLED]: estedu59 annule la vente de 64x Banane pour 100.00β sur survie_new
[15:57:27] [ITEM_CANCELLED]: estedu59 annule la vente de 64x Banane pour 100.00β sur survie_new
[15:57:29] [ITEM_RETURNED]: 1 x Golden Sword  [Knockback I, Sharpness II] renvoyé à estedu59 le survie_new
[15:57:30] [ITEM_RETURNED]: 64 x Banane  renvoyé à estedu59 le survie_new
[15:57:30] [ITEM_RETURNED]: 64 x Banane  renvoyé à estedu59 le survie_new
[15:58:47] [ITEM_LISTED]: estedu59 vend 64 x Banane  pour 100.00β sur survie_new
[15:58:50] [ITEM_LISTED]: Alexia67710 vend 1 x Diamond Pickaxe  [Silk Touch] pour 1,000.00β sur survie_new
[15:59:09] [ITEM_LISTED]: estedu59 vend 64 x Banane  pour 100.00β sur survie_new
[15:59:21] [ITEM_LISTED]: Alexia67710 vend 1 x Diamond Helmet  [Aqua Affinity] pour 300.00β sur survie_new
[15:59:31] [ITEM_LISTED]: Alexia67710 vend 1 x Diamond Helmet  [Aqua Affinity] pour 300.00β sur survie_new
[15:59:34] [ITEM_LISTED]: estedu59 vend 1 x Golden Sword  [Knockback I, Sharpness II] pour 250.00β sur survie_new
[15:59:39] [ITEM_LISTED]: Alexia67710 vend 1 x Diamond Helmet  [Aqua Affinity] pour 300.00β sur survie_new
[15:59:51] [ITEM_LISTED]: Alexia67710 vend 1 x Bow  [Flame, Infinity] pour 3,000.00β sur survie_new
[16:00:03] [ITEM_LISTED]: Alexia67710 vend 1 x Bow  [Flame, Infinity] pour 3,000.00β sur survie_new
[16:00:12] [ITEM_LISTED]: Alexia67710 vend 1 x Bow  [Flame, Infinity] pour 3,000.00β sur survie_new
[16:04:49] [ITEM_LISTED]: MissAstaze vend 1 x Diamond Pickaxe  [Efficiency IV, Silk Touch, Unbreaking III] pour 2,500.00β sur survie_new
[16:13:41] [ITEM_SOLD]: Doomsmen vendu 1 x Trident à  estedu59 pour 18,000.00 β le survie_new
[17:31:53] [ITEM_SOLD]: MrBuillder vendu 64 x Sugar Cane à  rockronsley pour 100.00 β le survie_new
[17:37:16] [ITEM_LISTED]: Doomsmen vend 1 x Globe  pour 20,000.00β sur survie_new
[17:37:19] [ITEM_LISTED]: Doomsmen vend 1 x Globe  pour 20,000.00β sur survie_new
[18:02:56] [ITEM_LISTED]: Doomsmen vend 64 x Quartz Block  pour 1,400.00β sur survie_new
[18:03:02] [ITEM_LISTED]: rockronsley vend 32 x Quartz Block  pour 700.00β sur survie_new
[18:03:09] [ITEM_SOLD]: Doomsmen vendu 64 x Quartz Block à  ianito pour 1,400.00 β le survie_new
[18:03:11] [ITEM_SOLD]: rockronsley vendu 32 x Quartz Block à  ianito pour 700.00 β le survie_new
[18:04:04] [ITEM_LISTED]: Efysio vend 64 x Quartz Block  pour 2,000.00β sur survie_new
[18:04:40] [ITEM_CANCELLED]: Efysio annule la vente de 64x Quartz Block pour 2,000.00β sur survie_new
[18:04:50] [ITEM_RETURNED]: 64 x Quartz Block  renvoyé à Efysio le survie_new
[18:05:05] [ITEM_LISTED]: Alexia67710 vend 64 x Quartz Block  pour 1,400.00β sur survie_new
[18:05:14] [ITEM_LISTED]: Alexia67710 vend 52 x Quartz Block  pour 1,300.00β sur survie_new
[18:05:31] [ITEM_SOLD]: Alexia67710 vendu 64 x Quartz Block à  ianito pour 1,400.00 β le survie_new
[18:05:33] [ITEM_SOLD]: Alexia67710 vendu 52 x Quartz Block à  ianito pour 1,300.00 β le survie_new
[18:36:00] [ITEM_SOLD]: samdec666 vendu 64 x Spruce Log à  Doomsmen pour 200.00 β le survie_new
[18:36:02] [ITEM_SOLD]: samdec666 vendu 64 x Spruce Log à  Doomsmen pour 200.00 β le survie_new
[18:51:39] [ITEM_CANCELLED]: Doomsmen annule la vente de 1x Globe pour 20,000.00β sur survie_new
[18:51:40] [ITEM_CANCELLED]: Doomsmen annule la vente de 1x Globe pour 20,000.00β sur survie_new
[18:51:41] [ITEM_RETURNED]: 1 x Globe  renvoyé à Doomsmen le survie_new
[18:51:41] [ITEM_RETURNED]: 1 x Globe  renvoyé à Doomsmen le survie_new
[18:57:57] [ITEM_SOLD]: Doomsmen vendu 1 x Diamond Sword à  [Knockback I, Looting II] Daniel_YT2000 pour 500.00 β le survie_new
[19:36:09] [ITEM_SOLD]: Doomsmen vendu 1 x Diamond Sword à  [Knockback I, Looting II] Daniel_YT2000 pour 500.00 β le survie_new
[19:48:13] [ITEM_CANCELLED]: Minebark annule la vente de 1x Trident pour 20,000.00β sur survie_new
[19:48:18] [ITEM_RETURNED]: 1 x Trident  renvoyé à Minebark le survie_new
[20:40:40] [ITEM_LISTED]: realvirtuose vend 1 x §;§:Spawner Cave spider x1  pour 7,000.00β sur survie_new
[20:40:45] [ITEM_LISTED]: realvirtuose vend 1 x §;§:Spawner Cave spider x1  pour 7,000.00β sur survie_new
[20:40:50] [ITEM_LISTED]: realvirtuose vend 1 x §;§:Spawner Cave spider x1  pour 7,000.00β sur survie_new
[20:41:00] [ITEM_LISTED]: realvirtuose vend 1 x §;§:Spawner Skeleton x1  pour 10,000.00β sur survie_new
[21:18:50] [ITEM_RETURNED]: 1 x full plaques de pressions  renvoyé à pikatchou82 le survie_new
[21:18:50] [ITEM_RETURNED]: 1 x full montres  renvoyé à pikatchou82 le survie_new
[21:18:51] [ITEM_RETURNED]: 1 x full enclumes  renvoyé à pikatchou82 le survie_new
[21:18:51] [ITEM_RETURNED]: 64 x Anvil  renvoyé à pikatchou82 le survie_new
[21:18:51] [ITEM_RETURNED]: 64 x Anvil  renvoyé à pikatchou82 le survie_new
[21:18:52] [ITEM_CANCELLED]: pikatchou82 annule la vente de 64x Golden Apple pour 10,000.00β sur survie_new
[21:19:15] [ITEM_LISTED]: pikatchou82 vend 1 x full plaques de pressions  pour 6,000.00β sur survie_new
[21:19:17] [ITEM_LISTED]: pikatchou82 vend 1 x full montres  pour 6,000.00β sur survie_new
[21:19:24] [ITEM_LISTED]: pikatchou82 vend 1 x full enclumes  pour 10,000.00β sur survie_new
[21:22:57] [ITEM_SOLD]: realvirtuose vendu 1 x §;§:Spawner Cave spider x1 à  Isaorya pour 7,000.00 β le survie_new
[21:23:12] [ITEM_SOLD]: realvirtuose vendu 1 x §;§:Spawner Cave spider x1 à  Isaorya pour 7,000.00 β le survie_new
[21:23:19] [ITEM_SOLD]: realvirtuose vendu 1 x §;§:Spawner Cave spider x1 à  Isaorya pour 7,000.00 β le survie_new
[21:56:54] [ITEM_LISTED]: GoldenFarmers vend 1 x Chicken Spawn Egg  pour 10,000.00β sur survie_new
[22:10:18] [ITEM_LISTED]: GoldenFarmers vend 1 x Fire Charge  pour 50,000.00β sur survie_new
[22:10:32] [ITEM_LISTED]: GoldenFarmers vend 1 x Diamond Sword  [Smite IV, Sweeping Edge III, Unbreaking III] pour 10,000.00β sur survie_new
[22:14:31] [ITEM_LISTED]: GoldenFarmers vend 32 x Experience Bottle  pour 15,000.00β sur survie_new
[22:15:15] [ITEM_LISTED]: GoldenFarmers vend 1 x Livre pour une création Légendaire  pour 2,000.00β sur survie_new
[22:18:57] [ITEM_SOLD]: Rinpyo vendu 64 x Slime Ball à  Efysio pour 3,000.00 β le survie_new
[22:59:50] [ITEM_SOLD]: Doomsmen vendu 1 x Diamond Sword à  [Knockback I, Looting II] 123123sifou pour 500.00 β le survie_new
[23:00:06] [ITEM_SOLD]: Doomsmen vendu 1 x Bow à  [Flame, Infinity] 123123sifou pour 2,000.00 β le survie_new
[23:19:11] [ITEM_LISTED]: LLIcocoman_Hrz vend 1 x Chicken Spawn Egg  pour 2,000.00β sur survie_new
[23:20:21] [ITEM_LISTED]: LLIcocoman_Hrz vend 3 x Name Tag  pour 500.00β sur survie_new
[23:48:29] [ITEM_SOLD]: LLIcocoman_Hrz vendu 1 x Chicken Spawn Egg à  CouzVeBaton pour 2,000.00 β le survie_new
[23:48:42] [ITEM_SOLD]: LLIcocoman_Hrz vendu 3 x Name Tag à  Christophe_ pour 500.00 β le survie_new
[23:50:02] [ITEM_CANCELLED]: GoldenFarmers annule la vente de 1x Fire Charge pour 50,000.00β sur survie_new
