[00:01:24] [ITEM_LISTED]: RobaingDeBoa vend 1 x Bow  [Flame, Infinity, Power IV, Punch I, Unbreaking II] pour 1.00β sur survie_new
[00:01:27] [ITEM_SOLD]: RobaingDeBoa vendu 1 x Bow à  [Flame, Infinity, Power IV, Punch I, Unbreaking II] Doomsmen pour 1.00 β le survie_new
[00:01:37] [ITEM_LISTED]: RobaingDeBoa vend 1 x Diamond Pickaxe  [Efficiency IV, Fortune I, Unbreaking I] pour 1.00β sur survie_new
[00:01:40] [ITEM_SOLD]: RobaingDeBoa vendu 1 x Diamond Pickaxe à  [Efficiency IV, Fortune I, Unbreaking I] Doomsmen pour 1.00 β le survie_new
[00:02:00] [ITEM_LISTED]: Doomsmen vend 1 x Diamond Pickaxe  [Efficiency IV, Fortune I, Unbreaking I] pour 1,000.00β sur survie_new
[00:02:03] [ITEM_LISTED]: Doomsmen vend 1 x Bow  [Flame, Infinity, Power IV, Punch I, Unbreaking II] pour 1,000.00β sur survie_new
[00:02:04] [ITEM_SOLD]: Doomsmen vendu 1 x Diamond Pickaxe à  [Efficiency IV, Fortune I, Unbreaking I] RobaingDeBoa pour 1,000.00 β le survie_new
[00:02:06] [ITEM_SOLD]: Doomsmen vendu 1 x Bow à  [Flame, Infinity, Power IV, Punch I, Unbreaking II] RobaingDeBoa pour 1,000.00 β le survie_new
[00:02:59] [ITEM_LISTED]: RobaingDeBoa vend 20 x Gold Ingot  pour 1.00β sur survie_new
[00:05:09] [ITEM_SOLD]: RobaingDeBoa vendu 20 x Gold Ingot à  Doomsmen pour 1.00 β le survie_new
[00:08:02] [ITEM_LISTED]: Efysio vend 3 x Wither Skeleton Skull  pour 13,000.00β sur survie_new
[00:08:10] [ITEM_LISTED]: Efysio vend 3 x Wither Skeleton Skull  pour 13,000.00β sur survie_new
[00:08:43] [ITEM_LISTED]: Efysio vend 10 x Ghast Tear  pour 9,000.00β sur survie_new
[00:08:46] [ITEM_LISTED]: Efysio vend 10 x Ghast Tear  pour 9,000.00β sur survie_new
[00:08:50] [ITEM_LISTED]: Efysio vend 10 x Ghast Tear  pour 9,000.00β sur survie_new
[00:24:15] [ITEM_SOLD]: CroixVeBaton vendu 1 x Diamond Helmet à  [Mending] Efysio pour 3,000.00 β le survie_new_the_end
[00:41:10] [ITEM_LISTED]: Karazhar vend 1 x Diamond Helmet  [Aqua Affinity] pour 300.00β sur survie_new
[00:41:15] [ITEM_LISTED]: Karazhar vend 1 x Diamond Helmet  [Aqua Affinity] pour 300.00β sur survie_new
[00:41:22] [ITEM_LISTED]: Karazhar vend 1 x Diamond Helmet  [Aqua Affinity] pour 300.00β sur survie_new
[00:41:27] [ITEM_LISTED]: Karazhar vend 1 x Diamond Helmet  [Aqua Affinity] pour 300.00β sur survie_new
[00:44:37] [ITEM_LISTED]: Karazhar vend 1 x Bee Nest  pour 1,500.00β sur survie_new
[00:44:43] [ITEM_LISTED]: Karazhar vend 1 x Bee Nest  pour 1,500.00β sur survie_new
[00:44:49] [ITEM_LISTED]: Karazhar vend 1 x Bee Nest  pour 1,500.00β sur survie_new
[00:48:46] [ITEM_LISTED]: Karazhar vend 1 x Dolphin Spawn Egg  pour 7,500.00β sur survie_new
[00:49:31] [ITEM_LISTED]: Karazhar vend 1 x Name Tag  pour 100.00β sur survie_new
[00:49:37] [ITEM_LISTED]: Karazhar vend 1 x Name Tag  pour 100.00β sur survie_new
[00:49:47] [ITEM_LISTED]: Karazhar vend 1 x Name Tag  pour 100.00β sur survie_new
[09:11:27] [ITEM_SOLD]: CroixVeBaton vendu 1 x Diamond Helmet à  [Curse of Binding, Mending, Protection IV, Respiration III, Unbreaking III] leazdinque pour 5,000.00 β le survie_new_the_end
[11:13:38] [ITEM_SOLD]: CroixVeBaton vendu 1 x Diamond Sword à  [Knockback I, Looting II] xytrill pour 2,000.00 β le survie_new
[11:37:17] [ITEM_SOLD]: Karazhar vendu 1 x Diamond Helmet à  [Aqua Affinity] Efysio pour 300.00 β le survie_new
[11:37:25] [ITEM_SOLD]: Karazhar vendu 1 x Bee Nest à  Efysio pour 1,500.00 β le survie_new
[12:51:19] [ITEM_SOLD]: Alexia67710 vendu 1 x Enchanted Book à  xytrill pour 2,000.00 β le survie_new
[13:42:01] [ITEM_LISTED]: Kaio_Beninou vend 1 x §;§:Spawner Sheep x1  pour 50,000.00β sur survie_new
[13:42:11] [ITEM_SOLD]: Kaio_Beninou vendu 1 x §;§:Spawner Sheep x1 à  Christophe_ pour 50,000.00 β le survie_new
[13:54:40] [ITEM_LISTED]: Alexia67710 vend 1 x Scute  pour 10,000.00β sur survie_new
[14:32:08] [ITEM_SOLD]: Yohan81 vendu 64 x Paing à  RobaingDeBoa pour 150.00 β le survie_new
[16:52:37] [ITEM_SOLD]: Yohan81 vendu 64 x Cooked Porkchop à  xytrill pour 200.00 β le survie_new
[16:57:38] [ITEM_LISTED]: Skullcute vend 1 x Iron Shovel  [Unbreaking III] pour 300.00β sur survie_new
[17:25:33] [ITEM_LISTED]: La_Big_Fatima vend 1 x Dolphin Spawn Egg  pour 10,000.00β sur survie_new
[17:50:17] [ITEM_SOLD]: Doomsmen vendu 1 x Saddle à  Natvolh24 pour 750.00 β le survie_new
[18:03:44] [ITEM_LISTED]: GoldenFarmers vend 1 x Elytra  pour 18,000.00β sur survie_new
[18:03:46] [ITEM_LISTED]: GoldenFarmers vend 1 x Elytra  pour 18,000.00β sur survie_new
[18:10:19] [ITEM_CANCELLED]: Skullcute annule la vente de 1x Iron Shovel [Unbreaking III] pour 300.00β sur survie_new
[18:10:31] [ITEM_RETURNED]: 1 x Poisonous Potato  renvoyé à Skullcute le survie_new
[18:10:35] [ITEM_RETURNED]: 1 x Iron Shovel  [Unbreaking III] renvoyé à Skullcute le survie_new
[18:12:01] [ITEM_LISTED]: GoldenFarmers vend 1 x Enchanted Book  pour 9,000.00β sur survie_new
[18:12:16] [ITEM_SOLD]: GoldenFarmers vendu 1 x Enchanted Book à  R0wZen pour 9,000.00 β le survie_new
[18:23:07] [ITEM_LISTED]: realvirtuose vend 1 x §;§:Spawner Cave spider x1  pour 4,000.00β sur survie_new
[18:50:20] [ITEM_SOLD]: CroixVeBaton vendu 1 x Diamond Pickaxe à  [Silk Touch] xytrill pour 2,000.00 β le survie_new
[19:03:51] [ITEM_LISTED]: RobaingDeBoa vend 1 x Elytra  [Unbreaking III] pour 1.00β sur survie_new
[19:03:55] [ITEM_LISTED]: RobaingDeBoa vend 1 x Elytra  [Unbreaking III] pour 1.00β sur survie_new
[19:04:21] [ITEM_SOLD]: RobaingDeBoa vendu 1 x Elytra à  [Unbreaking III] Doomsmen pour 1.00 β le survie_new
[19:04:22] [ITEM_SOLD]: RobaingDeBoa vendu 1 x Elytra à  [Unbreaking III] Doomsmen pour 1.00 β le survie_new
[19:05:47] [ITEM_SOLD]: GoldenFarmers vendu 64 x Quartz Block à  Loan02 pour 1,500.00 β le survie_new
[19:05:49] [ITEM_LISTED]: Doomsmen vend 1 x Elytra  [Unbreaking III] pour 1,001.00β sur survie_new
[19:05:49] [ITEM_SOLD]: GoldenFarmers vendu 64 x Quartz Block à  Loan02 pour 1,500.00 β le survie_new
[19:05:53] [ITEM_LISTED]: Doomsmen vend 1 x Elytra  [Unbreaking III] pour 1,001.00β sur survie_new
[19:05:56] [ITEM_SOLD]: Doomsmen vendu 1 x Elytra à  [Unbreaking III] RobaingDeBoa pour 1,001.00 β le survie_new
[19:05:57] [ITEM_SOLD]: Doomsmen vendu 1 x Elytra à  [Unbreaking III] RobaingDeBoa pour 1,001.00 β le survie_new
[19:08:10] [ITEM_SOLD]: CroixVeBaton vendu 1 x Bow à  [Flame, Infinity] Seby5980 pour 2,000.00 β le survie_new
[19:09:53] [ITEM_LISTED]: Seby5980 vend 1 x Dolphin Spawn Egg  pour 6,000.00β sur survie_new
[19:17:03] [ITEM_SOLD]: GoldenFarmers vendu 64 x Quartz Block à  Loan02 pour 1,500.00 β le survie_new
[19:17:52] [ITEM_SOLD]: GoldenFarmers vendu 64 x Quartz Block à  Skullcute pour 1,500.00 β le survie_new
[19:17:54] [ITEM_SOLD]: GoldenFarmers vendu 64 x Quartz Block à  Skullcute pour 1,500.00 β le survie_new
[19:17:55] [ITEM_SOLD]: GoldenFarmers vendu 64 x Quartz Block à  Skullcute pour 1,500.00 β le survie_new
[19:23:40] [ITEM_SOLD]: MrBuillder vendu 64 x Sugar Cane à  Futsiph pour 50.00 β le survie_new
[19:24:03] [ITEM_SOLD]: MrBuillder vendu 64 x Bamboo à  Futsiph pour 50.00 β le survie_new
[20:16:05] [ITEM_LISTED]: GoldenFarmers vend 1 x Enchanted Book  pour 12,000.00β sur survie_new
[20:16:07] [ITEM_LISTED]: GoldenFarmers vend 1 x Enchanted Book  pour 12,000.00β sur survie_new
[20:16:08] [ITEM_LISTED]: GoldenFarmers vend 1 x Enchanted Book  pour 12,000.00β sur survie_new
[20:16:10] [ITEM_LISTED]: GoldenFarmers vend 1 x Enchanted Book  pour 12,000.00β sur survie_new
[20:16:11] [ITEM_LISTED]: GoldenFarmers vend 1 x Enchanted Book  pour 12,000.00β sur survie_new
[20:16:15] [ITEM_LISTED]: GoldenFarmers vend 1 x Enchanted Book  pour 12,000.00β sur survie_new
[20:18:42] [ITEM_SOLD]: Max_Le_Max vendu 1 x §;§:Spawner Spider x1 à  MaryPyno pour 2,000.00 β le survie_new
[20:19:38] [ITEM_SOLD]: GoldenFarmers vendu 1 x Enchanted Book à  Christophe_ pour 12,000.00 β le survie_new
[20:19:40] [ITEM_SOLD]: GoldenFarmers vendu 1 x Enchanted Book à  Christophe_ pour 12,000.00 β le survie_new
[20:19:41] [ITEM_SOLD]: GoldenFarmers vendu 1 x Enchanted Book à  Christophe_ pour 12,000.00 β le survie_new
[20:19:42] [ITEM_SOLD]: GoldenFarmers vendu 1 x Enchanted Book à  Christophe_ pour 12,000.00 β le survie_new
[20:19:43] [ITEM_SOLD]: GoldenFarmers vendu 1 x Enchanted Book à  Christophe_ pour 12,000.00 β le survie_new
[20:19:44] [ITEM_SOLD]: GoldenFarmers vendu 1 x Enchanted Book à  Christophe_ pour 12,000.00 β le survie_new
[20:28:02] [ITEM_SOLD]: CroixVeBaton vendu 1 x Diamond Sword à  [Bane of Arthropods IV, Unbreaking III] Futsiph pour 5,000.00 β le survie_new_the_end
[20:34:23] [ITEM_SOLD]: CroixVeBaton vendu 1 x Diamond Sword à  [Knockback I, Looting II] Futsiph pour 2,000.00 β le survie_new
[21:00:14] [ITEM_LISTED]: Yohan81 vend 1 x Golden Leggings  [Mending] pour 1.00β sur survie_new
[21:00:31] [ITEM_SOLD]: Yohan81 vendu 1 x Golden Leggings à  [Mending] CroixVeBaton pour 1.00 β le survie_new
[21:00:52] [ITEM_LISTED]: CroixVeBaton vend 1 x Golden Leggings  [Mending] pour 1.00β sur survie_new_nether
[21:14:12] [ITEM_LISTED]: GoldenFarmers vend 1 x Diamond Sword  [Fire Aspect II, Sharpness V, Sweeping Edge III, Unbreaking III] pour 4,000.00β sur survie_new
[21:14:19] [ITEM_SOLD]: GoldenFarmers vendu 1 x Diamond Sword à  [Fire Aspect II, Sharpness V, Sweeping Edge III, Unbreaking III] Futsiph pour 4,000.00 β le survie_new
[21:18:35] [ITEM_LISTED]: CroixVeBaton vend 1 x Enchanted Book  pour 7,500.00β sur survie_new
[21:18:40] [ITEM_SOLD]: CroixVeBaton vendu 1 x Enchanted Book à  Futsiph pour 7,500.00 β le survie_new
[21:29:26] [ITEM_SOLD]: Alexia67710 vendu 1 x Fishing Rod à  [Lure II, Mending, Unbreaking III] xytrill pour 1,000.00 β le survie_new
[21:51:15] [ITEM_LISTED]: Ender_Shock vend 1 x Enchanted Book  pour 8,000.00β sur survie_new
[21:51:17] [ITEM_LISTED]: Ender_Shock vend 1 x Enchanted Book  pour 8,000.00β sur survie_new
[21:51:19] [ITEM_LISTED]: Ender_Shock vend 1 x Enchanted Book  pour 8,000.00β sur survie_new
[21:51:21] [ITEM_LISTED]: Ender_Shock vend 1 x Enchanted Book  pour 8,000.00β sur survie_new
[21:51:23] [ITEM_LISTED]: Ender_Shock vend 1 x Enchanted Book  pour 8,000.00β sur survie_new
[21:51:41] [ITEM_SOLD]: Ender_Shock vendu 1 x Enchanted Book à  le_fou_fighter pour 8,000.00 β le survie_new
[21:54:14] [ITEM_SOLD]: CroixVeBaton vendu 1 x Golden Leggings à  [Mending] aidan pour 1.00 β le survie_new_nether
[21:58:22] [ITEM_LISTED]: CroixVeBaton vend 64 x Diamond  pour 4,800.00β sur survie_new
[21:58:24] [ITEM_LISTED]: CroixVeBaton vend 64 x Diamond  pour 4,800.00β sur survie_new
[21:58:30] [ITEM_LISTED]: CroixVeBaton vend 64 x Diamond  pour 4,800.00β sur survie_new
[21:58:51] [ITEM_SOLD]: CroixVeBaton vendu 64 x Diamond à  Futsiph pour 4,800.00 β le survie_new
[21:58:52] [ITEM_SOLD]: CroixVeBaton vendu 64 x Diamond à  Futsiph pour 4,800.00 β le survie_new
[21:58:55] [ITEM_SOLD]: CroixVeBaton vendu 64 x Diamond à  Futsiph pour 4,800.00 β le survie_new
[22:00:32] [ITEM_CANCELLED]: Ender_Shock annule la vente de 1x Enchanted Book pour 8,000.00β sur survie_new
[22:00:33] [ITEM_CANCELLED]: Ender_Shock annule la vente de 1x Enchanted Book pour 8,000.00β sur survie_new
[22:00:36] [ITEM_CANCELLED]: Ender_Shock annule la vente de 1x Enchanted Book pour 8,000.00β sur survie_new
[22:00:36] [ITEM_CANCELLED]: Ender_Shock annule la vente de 1x Enchanted Book pour 8,000.00β sur survie_new
[22:00:47] [ITEM_RETURNED]: 1 x Enchanted Book  renvoyé à Ender_Shock le survie_new
[22:00:47] [ITEM_RETURNED]: 1 x Enchanted Book  renvoyé à Ender_Shock le survie_new
[22:00:48] [ITEM_RETURNED]: 1 x Enchanted Book  renvoyé à Ender_Shock le survie_new
[22:00:48] [ITEM_RETURNED]: 1 x Enchanted Book  renvoyé à Ender_Shock le survie_new
[22:00:59] [ITEM_LISTED]: Ender_Shock vend 1 x Enchanted Book  pour 7,500.00β sur survie_new
[22:01:02] [ITEM_LISTED]: Ender_Shock vend 1 x Enchanted Book  pour 7,500.00β sur survie_new
[22:01:04] [ITEM_LISTED]: Ender_Shock vend 1 x Enchanted Book  pour 7,500.00β sur survie_new
[22:01:05] [ITEM_LISTED]: Ender_Shock vend 1 x Enchanted Book  pour 7,500.00β sur survie_new
[22:10:58] [ITEM_LISTED]: Ender_Shock vend 1 x Enchanted Book  pour 7,500.00β sur survie_new
[22:11:00] [ITEM_LISTED]: Ender_Shock vend 1 x Enchanted Book  pour 7,500.00β sur survie_new
[22:11:01] [ITEM_LISTED]: Ender_Shock vend 1 x Enchanted Book  pour 7,500.00β sur survie_new
[22:11:03] [ITEM_LISTED]: Ender_Shock vend 1 x Enchanted Book  pour 7,500.00β sur survie_new
[22:11:06] [ITEM_LISTED]: Ender_Shock vend 1 x Enchanted Book  pour 7,500.00β sur survie_new
[22:11:08] [ITEM_LISTED]: Ender_Shock vend 1 x Enchanted Book  pour 7,500.00β sur survie_new
[22:11:10] [ITEM_LISTED]: Ender_Shock vend 1 x Enchanted Book  pour 7,500.00β sur survie_new
[22:11:12] [ITEM_LISTED]: Ender_Shock vend 1 x Enchanted Book  pour 7,500.00β sur survie_new
[22:11:14] [ITEM_LISTED]: Ender_Shock vend 1 x Enchanted Book  pour 7,500.00β sur survie_new
[22:11:17] [ITEM_LISTED]: Ender_Shock vend 1 x Enchanted Book  pour 7,500.00β sur survie_new
[22:17:00] [ITEM_LISTED]: GoldenFarmers vend 1 x Enchanted Book  pour 12,000.00β sur survie_new
[22:17:03] [ITEM_LISTED]: GoldenFarmers vend 1 x Enchanted Book  pour 12,000.00β sur survie_new
[22:17:04] [ITEM_LISTED]: GoldenFarmers vend 1 x Enchanted Book  pour 12,000.00β sur survie_new
[22:17:05] [ITEM_LISTED]: GoldenFarmers vend 1 x Enchanted Book  pour 12,000.00β sur survie_new
[22:17:11] [ITEM_LISTED]: GoldenFarmers vend 1 x Enchanted Book  pour 12,000.00β sur survie_new
[22:17:12] [ITEM_LISTED]: GoldenFarmers vend 1 x Enchanted Book  pour 12,000.00β sur survie_new
[22:17:13] [ITEM_LISTED]: GoldenFarmers vend 1 x Enchanted Book  pour 12,000.00β sur survie_new
[22:17:14] [ITEM_LISTED]: GoldenFarmers vend 1 x Enchanted Book  pour 12,000.00β sur survie_new
[22:17:17] [ITEM_LISTED]: GoldenFarmers vend 1 x Enchanted Book  pour 12,000.00β sur survie_new
[22:17:18] [ITEM_LISTED]: GoldenFarmers vend 1 x Enchanted Book  pour 12,000.00β sur survie_new
[22:17:55] [ITEM_SOLD]: Efysio vendu 3 x Wither Skeleton Skull à  CouzVeBaton pour 13,000.00 β le survie_new
[22:17:58] [ITEM_SOLD]: Efysio vendu 3 x Wither Skeleton Skull à  CouzVeBaton pour 13,000.00 β le survie_new
[22:18:41] [ITEM_SOLD]: Ender_Shock vendu 1 x Enchanted Book à  xytrill pour 7,500.00 β le survie_new
[22:20:14] [ITEM_SOLD]: Karazhar vendu 1 x Name Tag à  GoldenFarmers pour 100.00 β le survie_new
[22:20:16] [ITEM_SOLD]: Karazhar vendu 1 x Name Tag à  GoldenFarmers pour 100.00 β le survie_new
[22:20:17] [ITEM_SOLD]: Karazhar vendu 1 x Name Tag à  GoldenFarmers pour 100.00 β le survie_new
[22:21:23] [ITEM_SOLD]: Loan02 vendu 1 x Poudre de Perlimpipin à  GoldenFarmers pour 500.00 β le survie_new
[22:22:41] [ITEM_SOLD]: Loan02 vendu 1 x Written Book à  GoldenFarmers pour 1,000.00 β le survie_new
[22:30:41] [ITEM_CANCELLED]: Ender_Shock annule la vente de 1x Enchanted Book pour 7,500.00β sur survie_new
[22:30:41] [ITEM_CANCELLED]: Ender_Shock annule la vente de 1x Enchanted Book pour 7,500.00β sur survie_new
[22:30:42] [ITEM_CANCELLED]: Ender_Shock annule la vente de 1x Enchanted Book pour 7,500.00β sur survie_new
[22:30:42] [ITEM_CANCELLED]: Ender_Shock annule la vente de 1x Enchanted Book pour 7,500.00β sur survie_new
[22:30:43] [ITEM_CANCELLED]: Ender_Shock annule la vente de 1x Enchanted Book pour 7,500.00β sur survie_new
[22:30:43] [ITEM_CANCELLED]: Ender_Shock annule la vente de 1x Enchanted Book pour 7,500.00β sur survie_new
[22:30:43] [ITEM_CANCELLED]: Ender_Shock annule la vente de 1x Enchanted Book pour 7,500.00β sur survie_new
[22:30:44] [ITEM_CANCELLED]: Ender_Shock annule la vente de 1x Enchanted Book pour 7,500.00β sur survie_new
[22:30:44] [ITEM_CANCELLED]: Ender_Shock annule la vente de 1x Enchanted Book pour 7,500.00β sur survie_new
[22:30:44] [ITEM_CANCELLED]: Ender_Shock annule la vente de 1x Enchanted Book pour 7,500.00β sur survie_new
[22:30:44] [ITEM_CANCELLED]: Ender_Shock annule la vente de 1x Enchanted Book pour 7,500.00β sur survie_new
[22:30:45] [ITEM_CANCELLED]: Ender_Shock annule la vente de 1x Enchanted Book pour 7,500.00β sur survie_new
[22:30:45] [ITEM_CANCELLED]: Ender_Shock annule la vente de 1x Enchanted Book pour 7,500.00β sur survie_new
[22:31:03] [ITEM_RETURNED]: 1 x Enchanted Book  renvoyé à Ender_Shock le survie_new
[22:31:03] [ITEM_RETURNED]: 1 x Enchanted Book  renvoyé à Ender_Shock le survie_new
[22:31:03] [ITEM_RETURNED]: 1 x Enchanted Book  renvoyé à Ender_Shock le survie_new
[22:31:04] [ITEM_RETURNED]: 1 x Enchanted Book  renvoyé à Ender_Shock le survie_new
[22:31:05] [ITEM_RETURNED]: 1 x Enchanted Book  renvoyé à Ender_Shock le survie_new
[22:31:05] [ITEM_RETURNED]: 1 x Enchanted Book  renvoyé à Ender_Shock le survie_new
[22:31:05] [ITEM_RETURNED]: 1 x Enchanted Book  renvoyé à Ender_Shock le survie_new
[22:31:06] [ITEM_RETURNED]: 1 x Enchanted Book  renvoyé à Ender_Shock le survie_new
[22:31:06] [ITEM_RETURNED]: 1 x Enchanted Book  renvoyé à Ender_Shock le survie_new
[22:31:06] [ITEM_RETURNED]: 1 x Enchanted Book  renvoyé à Ender_Shock le survie_new
[22:31:06] [ITEM_RETURNED]: 1 x Enchanted Book  renvoyé à Ender_Shock le survie_new
[22:31:07] [ITEM_RETURNED]: 1 x Enchanted Book  renvoyé à Ender_Shock le survie_new
[22:31:07] [ITEM_RETURNED]: 1 x Enchanted Book  renvoyé à Ender_Shock le survie_new
[22:31:21] [ITEM_LISTED]: Ender_Shock vend 1 x Enchanted Book  pour 12,000.00β sur survie_new
[22:31:21] [ITEM_LISTED]: Ender_Shock vend 1 x Enchanted Book  pour 12,000.00β sur survie_new
[22:31:23] [ITEM_LISTED]: Ender_Shock vend 1 x Enchanted Book  pour 12,000.00β sur survie_new
[22:31:23] [ITEM_LISTED]: Ender_Shock vend 1 x Enchanted Book  pour 12,000.00β sur survie_new
[22:31:24] [ITEM_LISTED]: Ender_Shock vend 1 x Enchanted Book  pour 12,000.00β sur survie_new
[22:31:27] [ITEM_LISTED]: Ender_Shock vend 1 x Enchanted Book  pour 12,000.00β sur survie_new
[22:31:30] [ITEM_LISTED]: Ender_Shock vend 1 x Enchanted Book  pour 12,000.00β sur survie_new
[22:31:32] [ITEM_LISTED]: Ender_Shock vend 1 x Enchanted Book  pour 12,000.00β sur survie_new
[22:31:34] [ITEM_LISTED]: Ender_Shock vend 1 x Enchanted Book  pour 12,000.00β sur survie_new
[22:31:37] [ITEM_LISTED]: Ender_Shock vend 1 x Enchanted Book  pour 12,000.00β sur survie_new
[22:31:39] [ITEM_LISTED]: Ender_Shock vend 1 x Enchanted Book  pour 12,000.00β sur survie_new
[22:31:42] [ITEM_LISTED]: Ender_Shock vend 1 x Enchanted Book  pour 12,000.00β sur survie_new
[22:31:44] [ITEM_LISTED]: Ender_Shock vend 1 x Enchanted Book  pour 12,000.00β sur survie_new
[22:57:46] [ITEM_LISTED]: Efysio vend 64 x Gunpowder  pour 2,500.00β sur survie_new
[22:57:50] [ITEM_SOLD]: Efysio vendu 64 x Gunpowder à  Futsiph pour 2,500.00 β le survie_new
[22:57:52] [ITEM_LISTED]: Efysio vend 22 x Gunpowder  pour 500.00β sur survie_new
[22:58:05] [ITEM_SOLD]: Efysio vendu 22 x Gunpowder à  Futsiph pour 500.00 β le survie_new
[23:02:30] [ITEM_LISTED]: Ender_Shock vend 64 x Sugar Cane  pour 100.00β sur survie_new
[23:02:32] [ITEM_LISTED]: Ender_Shock vend 64 x Sugar Cane  pour 100.00β sur survie_new
[23:02:33] [ITEM_LISTED]: Ender_Shock vend 64 x Sugar Cane  pour 100.00β sur survie_new
[23:02:35] [ITEM_LISTED]: Ender_Shock vend 64 x Sugar Cane  pour 100.00β sur survie_new
[23:02:36] [ITEM_LISTED]: Ender_Shock vend 64 x Sugar Cane  pour 100.00β sur survie_new
[23:02:37] [ITEM_LISTED]: Ender_Shock vend 64 x Sugar Cane  pour 100.00β sur survie_new
[23:02:39] [ITEM_LISTED]: Ender_Shock vend 64 x Sugar Cane  pour 100.00β sur survie_new
[23:02:40] [ITEM_LISTED]: Ender_Shock vend 64 x Sugar Cane  pour 100.00β sur survie_new
[23:02:42] [ITEM_SOLD]: Ender_Shock vendu 64 x Sugar Cane à  Futsiph pour 100.00 β le survie_new
[23:02:43] [ITEM_LISTED]: Ender_Shock vend 64 x Sugar Cane  pour 100.00β sur survie_new
[23:02:43] [ITEM_SOLD]: Ender_Shock vendu 64 x Sugar Cane à  Futsiph pour 100.00 β le survie_new
[23:02:45] [ITEM_SOLD]: Ender_Shock vendu 64 x Sugar Cane à  Futsiph pour 100.00 β le survie_new
[23:02:47] [ITEM_SOLD]: Ender_Shock vendu 64 x Sugar Cane à  Futsiph pour 100.00 β le survie_new
[23:02:48] [ITEM_SOLD]: Ender_Shock vendu 64 x Sugar Cane à  Futsiph pour 100.00 β le survie_new
[23:02:50] [ITEM_SOLD]: Ender_Shock vendu 64 x Sugar Cane à  Futsiph pour 100.00 β le survie_new
[23:02:50] [ITEM_LISTED]: Ender_Shock vend 64 x Sugar Cane  pour 100.00β sur survie_new
[23:02:52] [ITEM_SOLD]: Ender_Shock vendu 64 x Sugar Cane à  Futsiph pour 100.00 β le survie_new
[23:02:52] [ITEM_LISTED]: Ender_Shock vend 64 x Sugar Cane  pour 100.00β sur survie_new
[23:02:54] [ITEM_SOLD]: Ender_Shock vendu 64 x Sugar Cane à  Futsiph pour 100.00 β le survie_new
[23:02:54] [ITEM_LISTED]: Ender_Shock vend 64 x Sugar Cane  pour 100.00β sur survie_new
[23:02:55] [ITEM_SOLD]: Ender_Shock vendu 64 x Sugar Cane à  Futsiph pour 100.00 β le survie_new
[23:02:56] [ITEM_LISTED]: Ender_Shock vend 64 x Sugar Cane  pour 100.00β sur survie_new
[23:02:57] [ITEM_SOLD]: Ender_Shock vendu 64 x Sugar Cane à  Futsiph pour 100.00 β le survie_new
[23:02:58] [ITEM_SOLD]: Ender_Shock vendu 64 x Sugar Cane à  Futsiph pour 100.00 β le survie_new
[23:02:59] [ITEM_LISTED]: Ender_Shock vend 64 x Sugar Cane  pour 100.00β sur survie_new
[23:03:00] [ITEM_SOLD]: Ender_Shock vendu 64 x Sugar Cane à  Futsiph pour 100.00 β le survie_new
[23:03:01] [ITEM_LISTED]: Ender_Shock vend 64 x Sugar Cane  pour 100.00β sur survie_new
[23:03:01] [ITEM_SOLD]: Ender_Shock vendu 64 x Sugar Cane à  Futsiph pour 100.00 β le survie_new
[23:03:03] [ITEM_LISTED]: Ender_Shock vend 64 x Sugar Cane  pour 100.00β sur survie_new
[23:03:03] [ITEM_SOLD]: Ender_Shock vendu 64 x Sugar Cane à  Futsiph pour 100.00 β le survie_new
[23:03:05] [ITEM_SOLD]: Ender_Shock vendu 64 x Sugar Cane à  Futsiph pour 100.00 β le survie_new
[23:03:05] [ITEM_LISTED]: Ender_Shock vend 64 x Sugar Cane  pour 100.00β sur survie_new
[23:03:06] [ITEM_SOLD]: Ender_Shock vendu 64 x Sugar Cane à  Futsiph pour 100.00 β le survie_new
[23:03:07] [ITEM_LISTED]: Ender_Shock vend 64 x Sugar Cane  pour 100.00β sur survie_new
[23:03:08] [ITEM_SOLD]: Ender_Shock vendu 64 x Sugar Cane à  Futsiph pour 100.00 β le survie_new
[23:03:10] [ITEM_SOLD]: Ender_Shock vendu 64 x Sugar Cane à  Futsiph pour 100.00 β le survie_new
[23:03:30] [ITEM_CANCELLED]: GoldenFarmers annule la vente de 1x Enchanted Book pour 12,000.00β sur survie_new
[23:03:30] [ITEM_CANCELLED]: GoldenFarmers annule la vente de 1x Enchanted Book pour 12,000.00β sur survie_new
[23:03:30] [ITEM_CANCELLED]: GoldenFarmers annule la vente de 1x Enchanted Book pour 12,000.00β sur survie_new
[23:03:30] [ITEM_CANCELLED]: GoldenFarmers annule la vente de 1x Enchanted Book pour 12,000.00β sur survie_new
[23:03:31] [ITEM_CANCELLED]: GoldenFarmers annule la vente de 1x Enchanted Book pour 12,000.00β sur survie_new
[23:03:31] [ITEM_CANCELLED]: GoldenFarmers annule la vente de 1x Enchanted Book pour 12,000.00β sur survie_new
[23:03:31] [ITEM_CANCELLED]: GoldenFarmers annule la vente de 1x Enchanted Book pour 12,000.00β sur survie_new
[23:03:32] [ITEM_CANCELLED]: GoldenFarmers annule la vente de 1x Enchanted Book pour 12,000.00β sur survie_new
[23:03:33] [ITEM_CANCELLED]: GoldenFarmers annule la vente de 1x Enchanted Book pour 12,000.00β sur survie_new
[23:03:33] [ITEM_CANCELLED]: GoldenFarmers annule la vente de 1x Enchanted Book pour 12,000.00β sur survie_new
[23:03:42] [ITEM_RETURNED]: 1 x Enchanted Book  renvoyé à GoldenFarmers le survie_new
[23:03:42] [ITEM_RETURNED]: 1 x Enchanted Book  renvoyé à GoldenFarmers le survie_new
[23:03:42] [ITEM_RETURNED]: 1 x Enchanted Book  renvoyé à GoldenFarmers le survie_new
[23:03:42] [ITEM_RETURNED]: 1 x Enchanted Book  renvoyé à GoldenFarmers le survie_new
[23:03:42] [ITEM_RETURNED]: 1 x Enchanted Book  renvoyé à GoldenFarmers le survie_new
[23:03:43] [ITEM_RETURNED]: 1 x Enchanted Book  renvoyé à GoldenFarmers le survie_new
[23:03:43] [ITEM_RETURNED]: 1 x Enchanted Book  renvoyé à GoldenFarmers le survie_new
[23:03:43] [ITEM_RETURNED]: 1 x Enchanted Book  renvoyé à GoldenFarmers le survie_new
[23:03:44] [ITEM_RETURNED]: 1 x Enchanted Book  renvoyé à GoldenFarmers le survie_new
[23:03:45] [ITEM_RETURNED]: 1 x Enchanted Book  renvoyé à GoldenFarmers le survie_new
[23:03:49] [ITEM_RETURNED]: 6 x Emerald  renvoyé à GoldenFarmers le survie_new
[23:03:50] [ITEM_RETURNED]: 64 x Blaze Rod  renvoyé à GoldenFarmers le survie_new
[23:03:50] [ITEM_RETURNED]: 64 x Blaze Rod  renvoyé à GoldenFarmers le survie_new
[23:03:50] [ITEM_RETURNED]: 64 x Blaze Rod  renvoyé à GoldenFarmers le survie_new
[23:04:26] [ITEM_LISTED]: GoldenFarmers vend 1 x Enchanted Book  pour 12,000.00β sur survie_new
[23:04:27] [ITEM_LISTED]: GoldenFarmers vend 1 x Enchanted Book  pour 12,000.00β sur survie_new
[23:04:29] [ITEM_LISTED]: GoldenFarmers vend 1 x Enchanted Book  pour 12,000.00β sur survie_new
[23:04:34] [ITEM_LISTED]: GoldenFarmers vend 1 x Enchanted Book  pour 12,000.00β sur survie_new
[23:04:36] [ITEM_LISTED]: GoldenFarmers vend 1 x Enchanted Book  pour 12,000.00β sur survie_new
[23:04:37] [ITEM_LISTED]: GoldenFarmers vend 1 x Enchanted Book  pour 12,000.00β sur survie_new
[23:04:40] [ITEM_LISTED]: GoldenFarmers vend 1 x Enchanted Book  pour 12,000.00β sur survie_new
[23:04:41] [ITEM_LISTED]: GoldenFarmers vend 1 x Enchanted Book  pour 12,000.00β sur survie_new
[23:04:42] [ITEM_LISTED]: GoldenFarmers vend 1 x Enchanted Book  pour 12,000.00β sur survie_new
[23:04:45] [ITEM_LISTED]: GoldenFarmers vend 1 x Enchanted Book  pour 12,000.00β sur survie_new
[23:38:53] [ITEM_LISTED]: Efysio vend 1 x Enchanted Book  pour 5,000.00β sur survie_new
[23:39:08] [ITEM_LISTED]: Efysio vend 1 x Enchanted Book  pour 5,000.00β sur survie_new
[23:39:25] [ITEM_LISTED]: Efysio vend 1 x Enchanted Book  pour 5,000.00β sur survie_new
