[00:00:14] [ITEM_CANCELLED]: CouzVeBaton annule la vente de 1x Diamond Pickaxe [Silk Touch] pour 2,000.00β sur survie_new
[00:17:48] [ITEM_CANCELLED]: Doomsmen annule la vente de 1x Diamond Pickaxe [Silk Touch] pour 1,000.00β sur survie_new
[00:17:50] [ITEM_RETURNED]: 1 x Diamond Pickaxe  [Silk Touch] renvoyé à Doomsmen le survie_new
[00:38:11] [ITEM_LISTED]: Alexia67710 vend 56 x Quartz Block  pour 1,100.00β sur survie_new
[00:38:14] [ITEM_LISTED]: Efysio vend 64 x Quartz Block  pour 1,500.00β sur survie_new
[00:38:15] [ITEM_SOLD]: Alexia67710 vendu 56 x Quartz Block à  ianito pour 1,100.00 β le survie_new
[00:38:18] [ITEM_LISTED]: Efysio vend 64 x Quartz Block  pour 1,500.00β sur survie_new
[00:38:21] [ITEM_LISTED]: Efysio vend 64 x Quartz Block  pour 1,500.00β sur survie_new
[00:38:24] [ITEM_LISTED]: Efysio vend 64 x Quartz Block  pour 1,500.00β sur survie_new
[00:40:51] [ITEM_LISTED]: Efysio vend 1 x Name Tag  pour 500.00β sur survie_new
[00:40:54] [ITEM_LISTED]: Efysio vend 1 x Name Tag  pour 500.00β sur survie_new
[00:40:58] [ITEM_LISTED]: Efysio vend 1 x Name Tag  pour 500.00β sur survie_new
[09:25:33] [ITEM_LISTED]: Karazhar vend 1 x Diamond  pour 1,000.00β sur survie_new
[13:01:18] [ITEM_LISTED]: realvirtuose vend 1 x §;§:Spawner Cave spider x1  pour 7,000.00β sur survie_new
[13:01:20] [ITEM_LISTED]: realvirtuose vend 1 x §;§:Spawner Cave spider x1  pour 7,000.00β sur survie_new
[13:01:21] [ITEM_LISTED]: realvirtuose vend 1 x §;§:Spawner Cave spider x1  pour 7,000.00β sur survie_new
[13:01:59] [ITEM_LISTED]: Kanntin vend 5 x Skeleton Skull  pour 5,000.00β sur survie_new
[13:02:12] [ITEM_CANCELLED]: Kanntin annule la vente de 5x Skeleton Skull pour 5,000.00β sur survie_new
[13:02:15] [ITEM_LISTED]: realvirtuose vend 1 x §;§:Spawner Zombie x1  pour 3,000.00β sur survie_new
[13:02:27] [ITEM_CANCELLED]: realvirtuose annule la vente de 1x §;§:Spawner Skeleton x1 pour 10,000.00β sur survie_new
[13:02:34] [ITEM_RETURNED]: 1 x §;§:Spawner Skeleton x1  renvoyé à realvirtuose le survie_new
[13:02:41] [ITEM_LISTED]: realvirtuose vend 1 x §;§:Spawner Skeleton x1  pour 8,000.00β sur survie_new
[13:02:46] [ITEM_RETURNED]: 5 x Skeleton Skull  renvoyé à Kanntin le survie_new
[13:04:12] [ITEM_LISTED]: Kanntin vend 1 x Skeleton Skull  pour 5,000.00β sur survie_new
[13:04:46] [ITEM_LISTED]: Kanntin vend 1 x Skeleton Skull  pour 5,000.00β sur survie_new
[13:05:18] [ITEM_LISTED]: Kanntin vend 1 x Skeleton Skull  pour 5,000.00β sur survie_new
[13:05:34] [ITEM_LISTED]: Kanntin vend 1 x Skeleton Skull  pour 5,000.00β sur survie_new
[13:05:57] [ITEM_LISTED]: Kanntin vend 1 x Skeleton Skull  pour 5,000.00β sur survie_new
[13:08:45] [ITEM_LISTED]: MrBuillder vend 40 x Sugar Cane  pour 40.00β sur survie_new
[13:09:02] [ITEM_LISTED]: Alexia67710 vend 64 x Iron Ingot  pour 1,000.00β sur survie_new
[13:09:31] [ITEM_SOLD]: Alexia67710 vendu 64 x Iron Ingot à  MrBuillder pour 1,000.00 β le survie_new
[14:03:32] [ITEM_DROPPED]: Abandon de la vente Wenos_XIII expirée de 64 x Acacia Log  pour 0.00β à leurs pieds le survie_new
[14:05:38] [ITEM_SOLD]: Efysio vendu 64 x Quartz Block à  estedu59 pour 1,500.00 β le survie_new
[14:11:56] [ITEM_SOLD]: Efysio vendu 64 x Quartz Block à  estedu59 pour 1,500.00 β le survie_new
[14:57:46] [ITEM_LISTED]: estedu59 vend 2 x Sticky Piston  pour 700.00β sur survie_new
[15:01:39] [ITEM_LISTED]: realvirtuose vend 1 x §;§:Spawner Cave spider x1  pour 7,000.00β sur survie_new
[15:01:40] [ITEM_LISTED]: realvirtuose vend 1 x §;§:Spawner Cave spider x1  pour 7,000.00β sur survie_new
[16:08:57] [ITEM_SOLD]: MissAstaze vendu 1 x Diamond Pickaxe à  [Efficiency IV, Silk Touch, Unbreaking III] RobaingDeBoa pour 2,500.00 β le survie_new
[16:26:17] [ITEM_SOLD]: rockronsley vendu 1 x Bow à  [Flame, Infinity] Sachax35 pour 500.00 β le survie_new
[16:26:20] [ITEM_SOLD]: rockronsley vendu 1 x Bow à  [Flame, Infinity] Sachax35 pour 500.00 β le survie_new
[16:33:59] [ITEM_LISTED]: samdec666 vend 64 x Jungle Log  pour 200.00β sur survie_new
[16:34:02] [ITEM_LISTED]: samdec666 vend 64 x Jungle Log  pour 200.00β sur survie_new
[16:34:04] [ITEM_LISTED]: samdec666 vend 64 x Jungle Log  pour 200.00β sur survie_new
[16:34:06] [ITEM_LISTED]: samdec666 vend 64 x Jungle Log  pour 200.00β sur survie_new
[16:34:07] [ITEM_LISTED]: samdec666 vend 64 x Oak Log  pour 200.00β sur survie_new
[16:34:09] [ITEM_LISTED]: samdec666 vend 64 x Jungle Log  pour 200.00β sur survie_new
[16:34:11] [ITEM_LISTED]: samdec666 vend 64 x Oak Log  pour 200.00β sur survie_new
[16:57:22] [ITEM_SOLD]: DBZ_Smyz vendu 64 x Cobblestone à  Doomsmen pour 70.00 β le survie_new
[16:57:26] [ITEM_SOLD]: DBZ_Smyz vendu 64 x Cobblestone à  Doomsmen pour 70.00 β le survie_new
[16:57:27] [ITEM_SOLD]: DBZ_Smyz vendu 64 x Cobblestone à  Doomsmen pour 70.00 β le survie_new
[16:57:29] [ITEM_SOLD]: DBZ_Smyz vendu 64 x Cobblestone à  Doomsmen pour 70.00 β le survie_new
[16:57:30] [ITEM_SOLD]: DBZ_Smyz vendu 64 x Cobblestone à  Doomsmen pour 70.00 β le survie_new
[16:57:34] [ITEM_SOLD]: DBZ_Smyz vendu 64 x Cobblestone à  Doomsmen pour 70.00 β le survie_new
[17:08:18] [ITEM_CANCELLED]: Doomsmen annule la vente de 1x Diamond Pickaxe [Silk Touch] pour 1,500.00β sur survie_new
[17:08:40] [ITEM_RETURNED]: 1 x Diamond Pickaxe  [Silk Touch] renvoyé à Doomsmen le survie_new
[17:27:02] [ITEM_LISTED]: Doomsmen vend 32 x White Wool  pour 500.00β sur survie_new
[17:27:07] [ITEM_SOLD]: Doomsmen vendu 32 x White Wool à  samdec666 pour 500.00 β le survie_new
[17:38:20] [ITEM_LISTED]: RobaingDeBoa vend 64 x Stone  pour 100.00β sur survie_new
[17:38:25] [ITEM_LISTED]: RobaingDeBoa vend 64 x Stone  pour 100.00β sur survie_new
[17:38:30] [ITEM_LISTED]: RobaingDeBoa vend 64 x Stone  pour 100.00β sur survie_new
[17:38:33] [ITEM_LISTED]: RobaingDeBoa vend 64 x Stone  pour 100.00β sur survie_new
[17:39:29] [ITEM_SOLD]: RobaingDeBoa vendu 64 x Stone à  Doomsmen pour 100.00 β le survie_new
[17:39:30] [ITEM_SOLD]: RobaingDeBoa vendu 64 x Stone à  Doomsmen pour 100.00 β le survie_new
[17:39:31] [ITEM_SOLD]: RobaingDeBoa vendu 64 x Stone à  Doomsmen pour 100.00 β le survie_new
[17:39:32] [ITEM_SOLD]: RobaingDeBoa vendu 64 x Stone à  Doomsmen pour 100.00 β le survie_new
[17:50:09] [ITEM_LISTED]: RobaingDeBoa vend 64 x Stone  pour 100.00β sur survie_new
[17:50:26] [ITEM_SOLD]: RobaingDeBoa vendu 64 x Stone à  Doomsmen pour 100.00 β le survie_new
[17:54:31] [ITEM_LISTED]: GoldenFarmers vend 2 x Tnt  pour 500.00β sur survie_new
[17:54:41] [ITEM_LISTED]: GoldenFarmers vend 6 x Emerald  pour 3,000.00β sur survie_new
[17:58:56] [ITEM_LISTED]: Fesiix vend 64 x Packed Ice  pour 500.00β sur survie_new
[17:59:02] [ITEM_LISTED]: Fesiix vend 64 x Packed Ice  pour 500.00β sur survie_new
[18:02:59] [ITEM_LISTED]: Alexia67710 vend 64 x Quartz Block  pour 1,500.00β sur survie_new
[18:03:07] [ITEM_LISTED]: Alexia67710 vend 64 x Quartz Block  pour 1,500.00β sur survie_new
[18:03:15] [ITEM_LISTED]: Alexia67710 vend 64 x Quartz Block  pour 1,500.00β sur survie_new
[18:09:10] [ITEM_SOLD]: samdec666 vendu 64 x Jungle Log à  Loan02 pour 200.00 β le survie_new
[18:22:14] [ITEM_LISTED]: samdec666 vend 7 x Grass Block  pour 1.00β sur survie_new
[18:25:33] [ITEM_SOLD]: estedu59 vendu 64 x Banane à  _Robinou_ pour 100.00 β le survie_new
[18:25:55] [ITEM_SOLD]: Doomsmen vendu 1 x Diamond Pickaxe à  [Silk Touch] _Robinou_ pour 1,000.00 β le survie_new
[18:29:12] [ITEM_SOLD]: Alexia67710 vendu 64 x Quartz Block à  _Robinou_ pour 1,500.00 β le survie_new
[18:46:10] [ITEM_SOLD]: Vitalex_remi1603 vendu 1 x Golden Horse Armor à  Fesiix pour 250.00 β le survie_new
[18:47:02] [ITEM_SOLD]: Yohan81 vendu 64 x Melon Seeds à  _Robinou_ pour 100.00 β le survie_new
[19:08:01] [ITEM_LISTED]: realvirtuose vend 1 x §;§:Spawner Cave spider x1  pour 7,000.00β sur survie_new
[19:35:22] [ITEM_CANCELLED]: realvirtuose annule la vente de 1x §;§:Spawner Cave spider x1 pour 7,000.00β sur survie_new
[19:35:22] [ITEM_CANCELLED]: realvirtuose annule la vente de 1x §;§:Spawner Cave spider x1 pour 7,000.00β sur survie_new
[19:35:23] [ITEM_CANCELLED]: realvirtuose annule la vente de 1x §;§:Spawner Zombie x1 pour 3,000.00β sur survie_new
[19:35:23] [ITEM_CANCELLED]: realvirtuose annule la vente de 1x §;§:Spawner Cave spider x1 pour 7,000.00β sur survie_new
[19:35:23] [ITEM_CANCELLED]: realvirtuose annule la vente de 13x Bamboo pour 10.00β sur survie_new
[19:35:24] [ITEM_CANCELLED]: realvirtuose annule la vente de 1x §;§:Spawner Cave spider x1 pour 7,000.00β sur survie_new
[19:35:24] [ITEM_CANCELLED]: realvirtuose annule la vente de 1x §;§:Spawner Cave spider x1 pour 7,000.00β sur survie_new
[19:35:25] [ITEM_CANCELLED]: realvirtuose annule la vente de 1x §;§:Spawner Skeleton x1 pour 8,000.00β sur survie_new
[19:35:25] [ITEM_CANCELLED]: realvirtuose annule la vente de 1x §;§:Spawner Cave spider x1 pour 7,000.00β sur survie_new
[19:35:26] [ITEM_CANCELLED]: realvirtuose annule la vente de 64x Bamboo pour 50.00β sur survie_new
[19:35:27] [ITEM_CANCELLED]: realvirtuose annule la vente de 64x Bamboo pour 50.00β sur survie_new
[19:35:27] [ITEM_CANCELLED]: realvirtuose annule la vente de 64x Bamboo pour 50.00β sur survie_new
[19:35:30] [ITEM_CANCELLED]: realvirtuose annule la vente de 64x Bamboo pour 50.00β sur survie_new
[19:35:30] [ITEM_CANCELLED]: realvirtuose annule la vente de 64x Bamboo pour 50.00β sur survie_new
[19:35:30] [ITEM_CANCELLED]: realvirtuose annule la vente de 64x Bamboo pour 50.00β sur survie_new
[19:35:40] [ITEM_RETURNED]: 64 x Bamboo  renvoyé à realvirtuose le survie_new
[19:35:40] [ITEM_RETURNED]: 64 x Bamboo  renvoyé à realvirtuose le survie_new
[19:35:40] [ITEM_RETURNED]: 64 x Bamboo  renvoyé à realvirtuose le survie_new
[19:35:40] [ITEM_RETURNED]: 64 x Bamboo  renvoyé à realvirtuose le survie_new
[19:35:40] [ITEM_RETURNED]: 64 x Bamboo  renvoyé à realvirtuose le survie_new
[19:35:40] [ITEM_RETURNED]: 1 x §;§:Spawner Skeleton x1  renvoyé à realvirtuose le survie_new
[19:35:40] [ITEM_RETURNED]: 1 x §;§:Spawner Cave spider x1  renvoyé à realvirtuose le survie_new
[19:35:40] [ITEM_RETURNED]: 13 x Bamboo  renvoyé à realvirtuose le survie_new
[19:35:40] [ITEM_RETURNED]: 1 x §;§:Spawner Cave spider x1  renvoyé à realvirtuose le survie_new
[19:35:40] [ITEM_RETURNED]: 1 x §;§:Spawner Zombie x1  renvoyé à realvirtuose le survie_new
[19:35:40] [ITEM_RETURNED]: 1 x §;§:Spawner Cave spider x1  renvoyé à realvirtuose le survie_new
[19:35:40] [ITEM_RETURNED]: 64 x Bamboo  renvoyé à realvirtuose le survie_new
[19:35:40] [ITEM_RETURNED]: 1 x §;§:Spawner Cave spider x1  renvoyé à realvirtuose le survie_new
[19:35:40] [ITEM_RETURNED]: 1 x §;§:Spawner Cave spider x1  renvoyé à realvirtuose le survie_new
[19:35:40] [ITEM_RETURNED]: 1 x §;§:Spawner Cave spider x1  renvoyé à realvirtuose le survie_new
[19:36:08] [ITEM_LISTED]: realvirtuose vend 1 x §;§:Spawner Cave spider x1  pour 7,000.00β sur survie_new
[19:36:10] [ITEM_LISTED]: realvirtuose vend 1 x §;§:Spawner Cave spider x1  pour 7,000.00β sur survie_new
[19:36:12] [ITEM_LISTED]: realvirtuose vend 1 x §;§:Spawner Cave spider x1  pour 7,000.00β sur survie_new
[19:36:13] [ITEM_LISTED]: realvirtuose vend 1 x §;§:Spawner Cave spider x1  pour 7,000.00β sur survie_new
[19:36:14] [ITEM_LISTED]: realvirtuose vend 1 x §;§:Spawner Cave spider x1  pour 7,000.00β sur survie_new
[19:36:16] [ITEM_LISTED]: realvirtuose vend 1 x §;§:Spawner Cave spider x1  pour 7,000.00β sur survie_new
[19:36:22] [ITEM_LISTED]: realvirtuose vend 1 x §;§:Spawner Skeleton x1  pour 10,000.00β sur survie_new
[19:36:24] [ITEM_LISTED]: realvirtuose vend 1 x §;§:Spawner Zombie x1  pour 10,000.00β sur survie_new
[19:52:11] [ITEM_RETURNED]: 64 x Golden Apple  renvoyé à pikatchou82 le survie_new
[19:52:11] [ITEM_RETURNED]: 1 x Presents  renvoyé à pikatchou82 le survie_new
[19:52:34] [ITEM_LISTED]: pikatchou82 vend 64 x Anvil  pour 1,000.00β sur survie_new
[19:52:36] [ITEM_LISTED]: pikatchou82 vend 64 x Anvil  pour 1,000.00β sur survie_new
[19:52:38] [ITEM_LISTED]: pikatchou82 vend 64 x Anvil  pour 1,000.00β sur survie_new
[19:52:39] [ITEM_LISTED]: pikatchou82 vend 64 x Anvil  pour 1,000.00β sur survie_new
[19:52:42] [ITEM_LISTED]: pikatchou82 vend 64 x Anvil  pour 1,000.00β sur survie_new
[19:52:50] [ITEM_LISTED]: pikatchou82 vend 64 x Anvil  pour 1,000.00β sur survie_new
[19:52:53] [ITEM_LISTED]: pikatchou82 vend 64 x Anvil  pour 1,000.00β sur survie_new
[19:52:58] [ITEM_LISTED]: pikatchou82 vend 1 x Presents  pour 10,000.00β sur survie_new
[19:53:00] [ITEM_LISTED]: pikatchou82 vend 64 x Golden Apple  pour 10,000.00β sur survie_new
[20:02:28] [ITEM_LISTED]: GoldenFarmers vend 64 x Blaze Rod  pour 500.00β sur survie_new
[20:02:59] [ITEM_LISTED]: GoldenFarmers vend 64 x Blaze Rod  pour 600.00β sur survie_new
[20:03:08] [ITEM_LISTED]: GoldenFarmers vend 64 x Blaze Rod  pour 1,000.00β sur survie_new
[20:03:17] [ITEM_LISTED]: GoldenFarmers vend 64 x Blaze Rod  pour 1,000.00β sur survie_new
[20:03:21] [ITEM_LISTED]: GoldenFarmers vend 64 x Blaze Rod  pour 1,000.00β sur survie_new
[20:03:27] [ITEM_LISTED]: GoldenFarmers vend 64 x Blaze Rod  pour 2,000.00β sur survie_new
[20:03:32] [ITEM_LISTED]: GoldenFarmers vend 64 x Blaze Rod  pour 2,000.00β sur survie_new
[20:03:39] [ITEM_LISTED]: GoldenFarmers vend 64 x Blaze Rod  pour 2,000.00β sur survie_new
[20:03:43] [ITEM_LISTED]: GoldenFarmers vend 64 x Blaze Rod  pour 1,000.00β sur survie_new
[20:03:47] [ITEM_LISTED]: GoldenFarmers vend 64 x Blaze Rod  pour 1,000.00β sur survie_new
[20:03:50] [ITEM_LISTED]: GoldenFarmers vend 64 x Blaze Rod  pour 2,000.00β sur survie_new
[20:07:50] [ITEM_LISTED]: GoldenFarmers vend 64 x Spider Eye  pour 1,000.00β sur survie_new
[20:07:55] [ITEM_LISTED]: GoldenFarmers vend 64 x String  pour 1,000.00β sur survie_new
[20:07:58] [ITEM_LISTED]: GoldenFarmers vend 64 x String  pour 1,000.00β sur survie_new
[20:08:03] [ITEM_LISTED]: GoldenFarmers vend 64 x String  pour 400.00β sur survie_new
[20:08:07] [ITEM_LISTED]: GoldenFarmers vend 64 x String  pour 400.00β sur survie_new
[20:08:10] [ITEM_LISTED]: GoldenFarmers vend 64 x String  pour 400.00β sur survie_new
[20:08:15] [ITEM_LISTED]: GoldenFarmers vend 64 x Spider Eye  pour 1,000.00β sur survie_new
[20:08:22] [ITEM_LISTED]: GoldenFarmers vend 64 x Feather  pour 300.00β sur survie_new
[20:16:47] [ITEM_LISTED]: GoldenFarmers vend 1 x Enchanted Book  pour 700.00β sur survie_new
[20:22:10] [ITEM_LISTED]: Karazhar vend 1 x Diamond  pour 400.00β sur survie_new
[20:22:17] [ITEM_LISTED]: Karazhar vend 1 x Diamond  pour 400.00β sur survie_new
[20:22:31] [ITEM_LISTED]: Karazhar vend 1 x Diamond  pour 400.00β sur survie_new
[20:22:58] [ITEM_CANCELLED]: Karazhar annule la vente de 1x Diamond pour 1,000.00β sur survie_new
[20:23:02] [ITEM_RETURNED]: 1 x Diamond  renvoyé à Karazhar le survie_new
[20:23:38] [ITEM_LISTED]: Karazhar vend 2 x Diamond  pour 600.00β sur survie_new
[20:23:51] [ITEM_LISTED]: Karazhar vend 2 x Diamond  pour 600.00β sur survie_new
[20:24:26] [ITEM_LISTED]: GoldenFarmers vend 1 x Bow  [Flame, Infinity] pour 9,000.00β sur survie_new
[20:24:38] [ITEM_LISTED]: GoldenFarmers vend 1 x Enchanted Book  pour 1,000.00β sur survie_new
[20:24:41] [ITEM_LISTED]: GoldenFarmers vend 1 x Enchanted Book  pour 1,000.00β sur survie_new
[20:27:16] [ITEM_SOLD]: samdec666 vendu 64 x Oak Log à  Minebark pour 200.00 β le survie_new
[20:27:17] [ITEM_SOLD]: samdec666 vendu 64 x Jungle Log à  Minebark pour 200.00 β le survie_new
[20:27:18] [ITEM_SOLD]: samdec666 vendu 64 x Oak Log à  Minebark pour 200.00 β le survie_new
[20:27:19] [ITEM_SOLD]: samdec666 vendu 64 x Jungle Log à  Minebark pour 200.00 β le survie_new
[20:27:21] [ITEM_SOLD]: samdec666 vendu 64 x Jungle Log à  Minebark pour 200.00 β le survie_new
[20:27:22] [ITEM_SOLD]: samdec666 vendu 64 x Jungle Log à  Minebark pour 200.00 β le survie_new
[20:54:20] [ITEM_SOLD]: GoldenFarmers vendu 1 x Enchanted Book à  Isaorya pour 1,000.00 β le survie_new
[20:54:50] [ITEM_SOLD]: realvirtuose vendu 1 x §;§:Spawner Zombie x1 à  Isaorya pour 10,000.00 β le survie_new
[20:54:54] [ITEM_SOLD]: realvirtuose vendu 1 x §;§:Spawner Cave spider x1 à  Isaorya pour 7,000.00 β le survie_new
[20:54:57] [ITEM_SOLD]: realvirtuose vendu 1 x §;§:Spawner Cave spider x1 à  Isaorya pour 7,000.00 β le survie_new
[20:55:00] [ITEM_SOLD]: realvirtuose vendu 1 x §;§:Spawner Cave spider x1 à  Isaorya pour 7,000.00 β le survie_new
[20:55:37] [ITEM_LISTED]: pikatchou82 vend 1 x full jukebox  pour 10,000.00β sur survie_new
[20:55:42] [ITEM_LISTED]: pikatchou82 vend 1 x full enclumes  pour 10,000.00β sur survie_new
[20:55:48] [ITEM_LISTED]: pikatchou82 vend 1 x full montre  pour 6,000.00β sur survie_new
[20:55:50] [ITEM_SOLD]: Efysio vendu 1 x Name Tag à  Isaorya pour 500.00 β le survie_new
[20:55:51] [ITEM_SOLD]: Efysio vendu 1 x Name Tag à  Isaorya pour 500.00 β le survie_new
[20:55:52] [ITEM_SOLD]: Efysio vendu 1 x Name Tag à  Isaorya pour 500.00 β le survie_new
[20:56:07] [ITEM_CANCELLED]: pikatchou82 annule la vente de 1x full enclumes pour 10,000.00β sur survie_new
[20:56:08] [ITEM_SOLD]: realvirtuose vendu 1 x §;§:Spawner Cave spider x1 à  Isaorya pour 7,000.00 β le survie_new
[20:56:09] [ITEM_CANCELLED]: pikatchou82 annule la vente de 1x full montres pour 6,000.00β sur survie_new
[20:56:09] [ITEM_CANCELLED]: pikatchou82 annule la vente de 1x full plaques de pressions pour 6,000.00β sur survie_new
[20:56:10] [ITEM_SOLD]: realvirtuose vendu 1 x §;§:Spawner Cave spider x1 à  Isaorya pour 7,000.00 β le survie_new
[20:56:11] [ITEM_RETURNED]: 1 x full plaques de pressions  renvoyé à pikatchou82 le survie_new
[20:56:12] [ITEM_RETURNED]: 1 x full enclumes  renvoyé à pikatchou82 le survie_new
[20:56:12] [ITEM_RETURNED]: 1 x full montres  renvoyé à pikatchou82 le survie_new
[20:56:19] [ITEM_SOLD]: realvirtuose vendu 1 x §;§:Spawner Cave spider x1 à  Isaorya pour 7,000.00 β le survie_new
[20:56:21] [ITEM_SOLD]: realvirtuose vendu 1 x §;§:Spawner Skeleton x1 à  Isaorya pour 10,000.00 β le survie_new
[20:56:23] [ITEM_LISTED]: pikatchou82 vend 1 x full montres  pour 6,000.00β sur survie_new
[20:56:27] [ITEM_LISTED]: pikatchou82 vend 1 x full plaques de pressions  pour 6,000.00β sur survie_new
[20:56:37] [ITEM_LISTED]: pikatchou82 vend 1 x full enclumes  pour 10,000.00β sur survie_new
[20:57:32] [ITEM_LISTED]: rockronsley vend 2 x §;§:Spawner Blaze x1  pour 10,000.00β sur survie_new
[22:03:08] [ITEM_RETURNED]: 1 x Fire Charge  renvoyé à GoldenFarmers le survie_new
[22:03:30] [ITEM_LISTED]: GoldenFarmers vend 1 x Fire Charge  pour 10,000.00β sur survie_new
[22:20:22] [ITEM_LISTED]: Karazhar vend 1 x §;§:Spawner Spider x1  pour 7,500.00β sur survie_new
[22:20:30] [ITEM_LISTED]: Karazhar vend 1 x §;§:Spawner Spider x1  pour 7,500.00β sur survie_new
[23:22:58] [ITEM_LISTED]: LLIcocoman_Hrz vend 32 x Quartz Block  pour 500.00β sur survie_new
[23:23:35] [ITEM_SOLD]: LLIcocoman_Hrz vendu 32 x Quartz Block à  Doomsmen pour 500.00 β le survie_new
[23:38:47] [ITEM_SOLD]: Alexia67710 vendu 1 x Diamond Pickaxe à  [Silk Touch] XeWi_ pour 1,000.00 β le survie_new
