[02:01:23] [ITEM_SOLD]: OfCourse vendu 1 x Old Globe à  Karazhar pour 3,000.00 β le survie_new
[07:56:10] [ITEM_LISTED]: Zelyan vend 26 x Cookie  pour 100.00β sur survie_new
[07:56:22] [ITEM_LISTED]: Zelyan vend 64 x Melon Slice  pour 100.00β sur survie_new
[07:56:29] [ITEM_LISTED]: Zelyan vend 64 x Cocoa Beans  pour 100.00β sur survie_new
[07:56:37] [ITEM_LISTED]: Zelyan vend 64 x Wheat  pour 100.00β sur survie_new
[08:03:10] [ITEM_LISTED]: Zelyan vend 64 x Cactus  pour 100.00β sur survie_new
[08:03:12] [ITEM_LISTED]: Zelyan vend 64 x Cactus  pour 100.00β sur survie_new
[08:03:14] [ITEM_LISTED]: Zelyan vend 64 x Cactus  pour 100.00β sur survie_new
[08:03:21] [ITEM_LISTED]: Zelyan vend 64 x Wheat Seeds  pour 100.00β sur survie_new
[08:03:24] [ITEM_LISTED]: Zelyan vend 64 x Wheat Seeds  pour 100.00β sur survie_new
[08:03:26] [ITEM_LISTED]: Zelyan vend 64 x Wheat Seeds  pour 100.00β sur survie_new
[08:03:42] [ITEM_LISTED]: Zelyan vend 50 x Bread  pour 100.00β sur survie_new
[08:03:52] [ITEM_LISTED]: Zelyan vend 64 x Melon Slice  pour 100.00β sur survie_new
[08:04:12] [ITEM_SOLD]: Karazhar vendu 1 x Bee Nest à  Zelyan pour 550.00 β le survie_new
[08:07:18] [ITEM_SOLD]: Karazhar vendu 1 x Bee Nest à  Zelyan pour 550.00 β le survie_new
[08:09:54] [ITEM_SOLD]: Yohan81 vendu 64 x Poppy à  Zelyan pour 0.01 β le survie_new
[10:43:13] [ITEM_SOLD]: Christophe_ vendu 64 x Prismarine Crystals à  pikatchou82 pour 3,000.00 β le survie_new
[10:43:14] [ITEM_SOLD]: Christophe_ vendu 64 x Prismarine Crystals à  pikatchou82 pour 3,000.00 β le survie_new
[10:43:15] [ITEM_SOLD]: Christophe_ vendu 64 x Prismarine Crystals à  pikatchou82 pour 3,000.00 β le survie_new
[10:43:59] [ITEM_SOLD]: Efysio vendu 64 x Gunpowder à  pikatchou82 pour 4,500.00 β le survie_new
[10:44:01] [ITEM_SOLD]: Efysio vendu 64 x Gunpowder à  pikatchou82 pour 4,500.00 β le survie_new
[10:44:14] [ITEM_SOLD]: Christophe_ vendu 64 x Prismarine Crystals à  pikatchou82 pour 3,000.00 β le survie_new
[10:44:15] [ITEM_SOLD]: Christophe_ vendu 64 x Prismarine Crystals à  pikatchou82 pour 3,000.00 β le survie_new
[10:44:16] [ITEM_SOLD]: Christophe_ vendu 64 x Prismarine Crystals à  pikatchou82 pour 3,000.00 β le survie_new
[10:44:17] [ITEM_SOLD]: Christophe_ vendu 64 x Prismarine Crystals à  pikatchou82 pour 3,000.00 β le survie_new
[10:44:18] [ITEM_SOLD]: Christophe_ vendu 64 x Prismarine Crystals à  pikatchou82 pour 3,000.00 β le survie_new
[13:23:44] [ITEM_RETURNED]: 1 x Enchanted Book  renvoyé à Alexia67710 le survie_new
[13:23:44] [ITEM_RETURNED]: 1 x Enchanted Book  renvoyé à Alexia67710 le survie_new
[13:23:44] [ITEM_RETURNED]: 1 x Enchanted Book  renvoyé à Alexia67710 le survie_new
[13:23:44] [ITEM_RETURNED]: 1 x Enchanted Book  renvoyé à Alexia67710 le survie_new
[13:23:44] [ITEM_RETURNED]: 1 x Enchanted Book  renvoyé à Alexia67710 le survie_new
[13:23:44] [ITEM_RETURNED]: 4 x Ghast Tear  renvoyé à Alexia67710 le survie_new
[13:23:44] [ITEM_RETURNED]: 1 x Enchanted Book  renvoyé à Alexia67710 le survie_new
[13:23:44] [ITEM_RETURNED]: 1 x Ghast Tear  renvoyé à Alexia67710 le survie_new
[13:49:08] [ITEM_SOLD]: Zelyan vendu 64 x Cactus à  _Robinou_ pour 100.00 β le survie_new
[14:01:07] [ITEM_SOLD]: Yohan81 vendu 64 x Poppy à  Aezis_ pour 0.01 β le survie_new
[14:01:08] [ITEM_SOLD]: Yohan81 vendu 64 x Poppy à  Aezis_ pour 0.01 β le survie_new
[14:01:08] [ITEM_SOLD]: Yohan81 vendu 64 x Poppy à  Aezis_ pour 0.01 β le survie_new
[14:01:09] [ITEM_SOLD]: Yohan81 vendu 64 x Poppy à  Aezis_ pour 0.01 β le survie_new
[14:01:09] [ITEM_SOLD]: Yohan81 vendu 64 x Poppy à  Aezis_ pour 0.01 β le survie_new
[14:01:10] [ITEM_SOLD]: Yohan81 vendu 64 x Poppy à  Aezis_ pour 0.01 β le survie_new
[14:01:11] [ITEM_SOLD]: Yohan81 vendu 64 x Poppy à  Aezis_ pour 0.01 β le survie_new
[14:01:11] [ITEM_SOLD]: Yohan81 vendu 64 x Poppy à  Aezis_ pour 0.01 β le survie_new
[14:01:12] [ITEM_SOLD]: Yohan81 vendu 64 x Poppy à  Aezis_ pour 0.01 β le survie_new
[14:01:13] [ITEM_SOLD]: Yohan81 vendu 64 x Poppy à  Aezis_ pour 0.01 β le survie_new
[14:01:13] [ITEM_SOLD]: Yohan81 vendu 64 x Poppy à  Aezis_ pour 0.01 β le survie_new
[14:01:14] [ITEM_SOLD]: Yohan81 vendu 64 x Poppy à  Aezis_ pour 0.01 β le survie_new
[14:01:14] [ITEM_SOLD]: Yohan81 vendu 64 x Poppy à  Aezis_ pour 0.01 β le survie_new
[14:01:15] [ITEM_SOLD]: Yohan81 vendu 64 x Poppy à  Aezis_ pour 0.01 β le survie_new
[14:01:15] [ITEM_SOLD]: Yohan81 vendu 64 x Poppy à  Aezis_ pour 0.01 β le survie_new
[14:01:16] [ITEM_SOLD]: Yohan81 vendu 64 x Poppy à  Aezis_ pour 0.01 β le survie_new
[14:01:16] [ITEM_SOLD]: Yohan81 vendu 64 x Poppy à  Aezis_ pour 0.01 β le survie_new
[14:01:17] [ITEM_SOLD]: Yohan81 vendu 64 x Poppy à  Aezis_ pour 0.01 β le survie_new
[14:01:17] [ITEM_SOLD]: Yohan81 vendu 64 x Poppy à  Aezis_ pour 0.01 β le survie_new
[14:01:18] [ITEM_SOLD]: Yohan81 vendu 64 x Poppy à  Aezis_ pour 0.01 β le survie_new
[14:01:18] [ITEM_SOLD]: Yohan81 vendu 64 x Poppy à  Aezis_ pour 0.01 β le survie_new
[14:01:30] [ITEM_SOLD]: Yohan81 vendu 6 x Poppy à  Aezis_ pour 0.00 β le survie_new
[14:01:32] [ITEM_SOLD]: Yohan81 vendu 6 x Poppy à  Aezis_ pour 0.01 β le survie_new
[14:02:49] [ITEM_SOLD]: CroixVeBaton vendu 64 x Seagrass à  Aezis_ pour 500.00 β le survie_new
[14:54:10] [ITEM_SOLD]: Whother42 vendu 1 x Enchanted Book à  Kanntin pour 6,500.00 β le survie_new
[14:54:21] [ITEM_SOLD]: Lacourgette vendu 1 x Enchanted Book à  Kanntin pour 11,000.00 β le survie_new
[14:54:27] [ITEM_SOLD]: Lacourgette vendu 1 x Enchanted Book à  Kanntin pour 11,000.00 β le survie_new
[14:54:38] [ITEM_SOLD]: Ender_Shock vendu 1 x Enchanted Book à  Kanntin pour 6,500.00 β le survie_new
[14:54:39] [ITEM_SOLD]: Ender_Shock vendu 1 x Enchanted Book à  Kanntin pour 6,500.00 β le survie_new
[14:54:41] [ITEM_SOLD]: Ender_Shock vendu 1 x Enchanted Book à  Kanntin pour 6,500.00 β le survie_new
[14:54:42] [ITEM_SOLD]: Ender_Shock vendu 1 x Enchanted Book à  Kanntin pour 6,500.00 β le survie_new
[14:54:43] [ITEM_SOLD]: Ender_Shock vendu 1 x Enchanted Book à  Kanntin pour 6,500.00 β le survie_new
[14:54:45] [ITEM_SOLD]: Ender_Shock vendu 1 x Enchanted Book à  Kanntin pour 6,500.00 β le survie_new
[14:54:46] [ITEM_SOLD]: Ender_Shock vendu 1 x Enchanted Book à  Kanntin pour 6,500.00 β le survie_new
[14:54:49] [ITEM_SOLD]: pikatchou82 vendu 1 x Enchanted Book à  Kanntin pour 7,000.00 β le survie_new
[14:54:50] [ITEM_SOLD]: pikatchou82 vendu 1 x Enchanted Book à  Kanntin pour 7,000.00 β le survie_new
[14:54:51] [ITEM_SOLD]: pikatchou82 vendu 1 x Enchanted Book à  Kanntin pour 7,000.00 β le survie_new
[14:54:52] [ITEM_SOLD]: pikatchou82 vendu 1 x Enchanted Book à  Kanntin pour 7,000.00 β le survie_new
[14:54:53] [ITEM_SOLD]: pikatchou82 vendu 1 x Enchanted Book à  Kanntin pour 7,000.00 β le survie_new
[14:54:54] [ITEM_SOLD]: pikatchou82 vendu 1 x Enchanted Book à  Kanntin pour 7,000.00 β le survie_new
[14:54:55] [ITEM_SOLD]: pikatchou82 vendu 1 x Enchanted Book à  Kanntin pour 7,000.00 β le survie_new
[14:54:57] [ITEM_SOLD]: pikatchou82 vendu 1 x Enchanted Book à  Kanntin pour 7,000.00 β le survie_new
[15:34:35] [ITEM_SOLD]: Aezis_ vendu 1 x Elytra à  [Mending, Unbreaking III] Karazhar pour 25,000.00 β le survie_new
[15:35:44] [ITEM_SOLD]: Aezis_ vendu 1 x Elytra à  [Mending, Unbreaking III] Karazhar pour 25,000.00 β le survie_new
[16:03:15] [ITEM_LISTED]: Natvolh24 vend 6 x Nautilus Shell  pour 8,500.00β sur survie_new
[16:06:03] [ITEM_LISTED]: Yohan81 vend 1 x Golden Shower  pour 1,000,000.00β sur survie_new
[16:06:17] [ITEM_CANCELLED]: Yohan81 annule la vente de 1x Golden Shower pour 1,000,000.00β sur survie_new
[16:06:20] [ITEM_RETURNED]: 1 x Golden Shower  renvoyé à Yohan81 le survie_new
[16:42:54] [ITEM_CANCELLED]: pikatchou82 annule la vente de 1x Enchanted Book pour 7,000.00β sur survie_new
[16:42:56] [ITEM_RETURNED]: 1 x Enchanted Book  renvoyé à pikatchou82 le survie_new
[16:44:19] [ITEM_RETURNED]: 22 x Bamboo  renvoyé à Mrzozoto1919 le survie_new
[16:44:19] [ITEM_RETURNED]: 22 x Bamboo  renvoyé à Mrzozoto1919 le survie_new
[16:45:57] [ITEM_SOLD]: Natvolh24 vendu 1 x Diamond Sword à  [Fire Aspect II, Sharpness III] Mrzozoto1919 pour 1,250.00 β le survie_new
[16:47:13] [ITEM_CANCELLED]: pikatchou82 annule la vente de 1x Enchanted Book pour 7,000.00β sur survie_new
[16:47:13] [ITEM_CANCELLED]: pikatchou82 annule la vente de 1x Enchanted Book pour 7,000.00β sur survie_new
[16:47:14] [ITEM_CANCELLED]: pikatchou82 annule la vente de 1x Enchanted Book pour 7,000.00β sur survie_new
[16:47:14] [ITEM_CANCELLED]: pikatchou82 annule la vente de 1x Enchanted Book pour 7,000.00β sur survie_new
[16:47:14] [ITEM_CANCELLED]: pikatchou82 annule la vente de 1x Enchanted Book pour 7,000.00β sur survie_new
[16:47:14] [ITEM_CANCELLED]: pikatchou82 annule la vente de 1x Enchanted Book pour 7,000.00β sur survie_new
[16:47:14] [ITEM_CANCELLED]: pikatchou82 annule la vente de 1x Enchanted Book pour 7,000.00β sur survie_new
[16:47:15] [ITEM_CANCELLED]: pikatchou82 annule la vente de 64x Golden Apple pour 3,000.00β sur survie_new
[16:47:15] [ITEM_CANCELLED]: pikatchou82 annule la vente de 64x Golden Apple pour 3,000.00β sur survie_new
[16:47:15] [ITEM_CANCELLED]: pikatchou82 annule la vente de 1x Enchanted Book pour 6,500.00β sur survie_new
[16:47:15] [ITEM_CANCELLED]: pikatchou82 annule la vente de 1x Enchanted Book pour 6,500.00β sur survie_new
[16:47:15] [ITEM_CANCELLED]: pikatchou82 annule la vente de 1x Enchanted Book pour 6,500.00β sur survie_new
[16:47:15] [ITEM_CANCELLED]: pikatchou82 annule la vente de 1x Enchanted Book pour 6,500.00β sur survie_new
[16:47:16] [ITEM_CANCELLED]: pikatchou82 annule la vente de 1x Enchanted Book pour 6,500.00β sur survie_new
[16:47:16] [ITEM_CANCELLED]: pikatchou82 annule la vente de 1x Enchanted Book pour 6,500.00β sur survie_new
[16:47:16] [ITEM_CANCELLED]: pikatchou82 annule la vente de 1x Enchanted Book pour 6,500.00β sur survie_new
[16:47:16] [ITEM_CANCELLED]: pikatchou82 annule la vente de 64x Golden Apple pour 3,000.00β sur survie_new
[16:47:16] [ITEM_CANCELLED]: pikatchou82 annule la vente de 64x Golden Apple pour 3,000.00β sur survie_new
[16:47:17] [ITEM_CANCELLED]: pikatchou82 annule la vente de 64x Golden Apple pour 3,000.00β sur survie_new
[16:47:17] [ITEM_CANCELLED]: pikatchou82 annule la vente de 64x Golden Apple pour 3,000.00β sur survie_new
[16:47:17] [ITEM_CANCELLED]: pikatchou82 annule la vente de 64x Golden Apple pour 3,000.00β sur survie_new
[16:47:17] [ITEM_CANCELLED]: pikatchou82 annule la vente de 64x Golden Apple pour 3,000.00β sur survie_new
[16:47:17] [ITEM_CANCELLED]: pikatchou82 annule la vente de 1x Written Book pour 100,000.00β sur survie_new
[16:47:18] [ITEM_CANCELLED]: pikatchou82 annule la vente de 1x Enchanted Book pour 7,000.00β sur survie_new
[16:47:18] [ITEM_CANCELLED]: pikatchou82 annule la vente de 1x Enchanted Book pour 7,000.00β sur survie_new
[16:47:19] [ITEM_CANCELLED]: pikatchou82 annule la vente de 1x Enchanted Book pour 7,000.00β sur survie_new
[16:47:19] [ITEM_CANCELLED]: pikatchou82 annule la vente de 1x Enchanted Book pour 7,000.00β sur survie_new
[16:47:19] [ITEM_CANCELLED]: pikatchou82 annule la vente de 1x Enchanted Book pour 7,000.00β sur survie_new
[16:47:19] [ITEM_CANCELLED]: pikatchou82 annule la vente de 1x Enchanted Book pour 7,000.00β sur survie_new
[16:47:20] [ITEM_CANCELLED]: pikatchou82 annule la vente de 1x Enchanted Book pour 7,000.00β sur survie_new
[16:47:20] [ITEM_CANCELLED]: pikatchou82 annule la vente de 1x Enchanted Book pour 7,000.00β sur survie_new
[16:47:20] [ITEM_CANCELLED]: pikatchou82 annule la vente de 1x Enchanted Book pour 7,000.00β sur survie_new
[16:47:31] [ITEM_RETURNED]: 1 x Enchanted Book  renvoyé à pikatchou82 le survie_new
[16:47:32] [ITEM_RETURNED]: 1 x Enchanted Book  renvoyé à pikatchou82 le survie_new
[16:47:32] [ITEM_RETURNED]: 1 x Enchanted Book  renvoyé à pikatchou82 le survie_new
[16:47:32] [ITEM_RETURNED]: 1 x Enchanted Book  renvoyé à pikatchou82 le survie_new
[16:47:32] [ITEM_RETURNED]: 1 x Enchanted Book  renvoyé à pikatchou82 le survie_new
[16:47:32] [ITEM_RETURNED]: 1 x Enchanted Book  renvoyé à pikatchou82 le survie_new
[16:47:33] [ITEM_RETURNED]: 1 x Enchanted Book  renvoyé à pikatchou82 le survie_new
[16:47:33] [ITEM_RETURNED]: 1 x Enchanted Book  renvoyé à pikatchou82 le survie_new
[16:47:33] [ITEM_RETURNED]: 1 x Enchanted Book  renvoyé à pikatchou82 le survie_new
[16:47:33] [ITEM_RETURNED]: 1 x Written Book  renvoyé à pikatchou82 le survie_new
[16:47:34] [ITEM_RETURNED]: 64 x Golden Apple  renvoyé à pikatchou82 le survie_new
[16:47:34] [ITEM_RETURNED]: 64 x Golden Apple  renvoyé à pikatchou82 le survie_new
[16:47:34] [ITEM_RETURNED]: 64 x Golden Apple  renvoyé à pikatchou82 le survie_new
[16:47:34] [ITEM_RETURNED]: 64 x Golden Apple  renvoyé à pikatchou82 le survie_new
[16:47:35] [ITEM_RETURNED]: 64 x Golden Apple  renvoyé à pikatchou82 le survie_new
[16:47:35] [ITEM_RETURNED]: 64 x Golden Apple  renvoyé à pikatchou82 le survie_new
[16:47:35] [ITEM_RETURNED]: 1 x Enchanted Book  renvoyé à pikatchou82 le survie_new
[16:47:35] [ITEM_RETURNED]: 1 x Enchanted Book  renvoyé à pikatchou82 le survie_new
[16:47:36] [ITEM_RETURNED]: 1 x Enchanted Book  renvoyé à pikatchou82 le survie_new
[16:47:36] [ITEM_RETURNED]: 1 x Enchanted Book  renvoyé à pikatchou82 le survie_new
[16:47:36] [ITEM_RETURNED]: 1 x Enchanted Book  renvoyé à pikatchou82 le survie_new
[16:47:36] [ITEM_RETURNED]: 1 x Enchanted Book  renvoyé à pikatchou82 le survie_new
[16:47:36] [ITEM_RETURNED]: 1 x Enchanted Book  renvoyé à pikatchou82 le survie_new
[16:47:37] [ITEM_RETURNED]: 64 x Golden Apple  renvoyé à pikatchou82 le survie_new
[16:47:37] [ITEM_RETURNED]: 64 x Golden Apple  renvoyé à pikatchou82 le survie_new
[16:47:52] [ITEM_LISTED]: pikatchou82 vend 64 x Golden Apple  pour 3,000.00β sur survie_new
[16:47:55] [ITEM_LISTED]: pikatchou82 vend 64 x Golden Apple  pour 3,000.00β sur survie_new
[16:47:57] [ITEM_LISTED]: pikatchou82 vend 64 x Golden Apple  pour 3,000.00β sur survie_new
[16:47:59] [ITEM_LISTED]: pikatchou82 vend 64 x Golden Apple  pour 3,000.00β sur survie_new
[16:48:00] [ITEM_LISTED]: pikatchou82 vend 64 x Golden Apple  pour 3,000.00β sur survie_new
[16:48:02] [ITEM_LISTED]: pikatchou82 vend 64 x Golden Apple  pour 3,000.00β sur survie_new
[16:48:04] [ITEM_LISTED]: pikatchou82 vend 64 x Golden Apple  pour 3,000.00β sur survie_new
[16:48:07] [ITEM_LISTED]: pikatchou82 vend 64 x Golden Apple  pour 3,000.00β sur survie_new
[16:48:13] [ITEM_CANCELLED]: Max_Le_Max annule la vente de 1x Honey Block pour 1,000.00β sur survie_new
[16:48:14] [ITEM_CANCELLED]: Max_Le_Max annule la vente de 1x Honey Bottle pour 250.00β sur survie_new
[16:48:14] [ITEM_CANCELLED]: Max_Le_Max annule la vente de 1x Honey Bottle pour 250.00β sur survie_new
[16:48:16] [ITEM_RETURNED]: 1 x Honey Bottle  renvoyé à Max_Le_Max le survie_new
[16:48:16] [ITEM_RETURNED]: 1 x Honey Bottle  renvoyé à Max_Le_Max le survie_new
[16:48:16] [ITEM_RETURNED]: 1 x Honey Block  renvoyé à Max_Le_Max le survie_new
[16:48:17] [ITEM_CANCELLED]: Max_Le_Max annule la vente de 10x Silex Tranchant pour 250.00β sur survie_new
[16:48:18] [ITEM_CANCELLED]: Max_Le_Max annule la vente de 1x Bottes [Protection V, Unbreaking V] pour 400.00β sur survie_new
[16:48:20] [ITEM_CANCELLED]: Max_Le_Max annule la vente de 1x Jambières [Protection V, Unbreaking V] pour 400.00β sur survie_new
[16:48:20] [ITEM_CANCELLED]: Max_Le_Max annule la vente de 1x Plastron [Protection V, Unbreaking V] pour 400.00β sur survie_new
[16:48:20] [ITEM_CANCELLED]: Max_Le_Max annule la vente de 1x Casque [Protection V, Unbreaking V] pour 400.00β sur survie_new
[16:48:22] [ITEM_RETURNED]: 1 x Casque  [Protection V, Unbreaking V] renvoyé à Max_Le_Max le survie_new
[16:48:22] [ITEM_RETURNED]: 1 x Plastron  [Protection V, Unbreaking V] renvoyé à Max_Le_Max le survie_new
[16:48:22] [ITEM_RETURNED]: 1 x Jambières  [Protection V, Unbreaking V] renvoyé à Max_Le_Max le survie_new
[16:48:22] [ITEM_RETURNED]: 1 x Bottes  [Protection V, Unbreaking V] renvoyé à Max_Le_Max le survie_new
[16:48:23] [ITEM_LISTED]: pikatchou82 vend 1 x Enchanted Book  pour 7,000.00β sur survie_new
[16:48:23] [ITEM_RETURNED]: 10 x Silex Tranchant  renvoyé à Max_Le_Max le survie_new
[16:48:28] [ITEM_LISTED]: pikatchou82 vend 1 x Enchanted Book  pour 7,000.00β sur survie_new
[16:48:29] [ITEM_LISTED]: pikatchou82 vend 1 x Enchanted Book  pour 7,000.00β sur survie_new
[16:48:31] [ITEM_LISTED]: pikatchou82 vend 1 x Enchanted Book  pour 7,000.00β sur survie_new
[16:48:32] [ITEM_LISTED]: pikatchou82 vend 1 x Enchanted Book  pour 7,000.00β sur survie_new
[16:48:33] [ITEM_LISTED]: pikatchou82 vend 1 x Enchanted Book  pour 7,000.00β sur survie_new
[16:48:35] [ITEM_LISTED]: pikatchou82 vend 1 x Enchanted Book  pour 7,000.00β sur survie_new
[16:48:36] [ITEM_LISTED]: pikatchou82 vend 1 x Enchanted Book  pour 7,000.00β sur survie_new
[16:48:45] [ITEM_LISTED]: pikatchou82 vend 1 x Enchanted Book  pour 7,000.00β sur survie_new
[16:48:45] [ITEM_LISTED]: Max_Le_Max vend 1 x Casque  [Protection V, Unbreaking V] pour 200.00β sur survie_new
[16:48:46] [ITEM_LISTED]: pikatchou82 vend 1 x Enchanted Book  pour 7,000.00β sur survie_new
[16:48:48] [ITEM_LISTED]: pikatchou82 vend 1 x Enchanted Book  pour 7,000.00β sur survie_new
[16:48:49] [ITEM_LISTED]: pikatchou82 vend 1 x Enchanted Book  pour 7,000.00β sur survie_new
[16:48:49] [ITEM_LISTED]: Max_Le_Max vend 1 x Plastron  [Protection V, Unbreaking V] pour 200.00β sur survie_new
[16:48:51] [ITEM_LISTED]: pikatchou82 vend 1 x Enchanted Book  pour 7,000.00β sur survie_new
[16:48:51] [ITEM_LISTED]: Max_Le_Max vend 1 x Jambières  [Protection V, Unbreaking V] pour 200.00β sur survie_new
[16:48:53] [ITEM_LISTED]: Max_Le_Max vend 1 x Bottes  [Protection V, Unbreaking V] pour 200.00β sur survie_new
[16:48:58] [ITEM_LISTED]: Max_Le_Max vend 10 x Silex Tranchant  pour 100.00β sur survie_new
[16:49:33] [ITEM_LISTED]: pikatchou82 vend 1 x Written Book  pour 50,000.00β sur survie_new
[16:49:56] [ITEM_SOLD]: Max_Le_Max vendu 10 x Silex Tranchant à  pikatchou82 pour 100.00 β le survie_new
[16:49:57] [ITEM_SOLD]: Max_Le_Max vendu 1 x Jambières à  [Protection V, Unbreaking V] pikatchou82 pour 200.00 β le survie_new
[16:49:58] [ITEM_SOLD]: Max_Le_Max vendu 1 x Bottes à  [Protection V, Unbreaking V] pikatchou82 pour 200.00 β le survie_new
[16:49:59] [ITEM_SOLD]: Max_Le_Max vendu 1 x Plastron à  [Protection V, Unbreaking V] pikatchou82 pour 200.00 β le survie_new
[16:50:00] [ITEM_SOLD]: Max_Le_Max vendu 1 x Casque à  [Protection V, Unbreaking V] pikatchou82 pour 200.00 β le survie_new
[16:54:25] [ITEM_LISTED]: pikatchou82 vend 64 x Anvil  pour 1,000.00β sur survie_new
[17:03:44] [ITEM_LISTED]: Yohan81 vend 1 x Philosophers Stone  pour 1,000,000.00β sur survie_new
[17:06:33] [ITEM_CANCELLED]: Yohan81 annule la vente de 1x Philosophers Stone pour 1,000,000.00β sur survie_new
[17:06:43] [ITEM_RETURNED]: 1 x Philosophers Stone  renvoyé à Yohan81 le survie_new
[17:06:46] [ITEM_LISTED]: Yohan81 vend 1 x Philosophers Stone  pour 1,000,000.00β sur survie_new
[17:07:01] [ITEM_CANCELLED]: Yohan81 annule la vente de 1x Philosophers Stone pour 1,000,000.00β sur survie_new
[17:07:09] [ITEM_RETURNED]: 1 x Philosophers Stone  renvoyé à Yohan81 le survie_new
[17:07:39] [ITEM_LISTED]: Yohan81 vend 1 x Philosophers Stone  pour 500,000.00β sur survie_new
[17:09:07] [ITEM_LISTED]: Yohan81 vend 64 x Poppy  pour 20.00β sur survie_new
[17:09:08] [ITEM_LISTED]: Yohan81 vend 64 x Poppy  pour 20.00β sur survie_new
[17:09:10] [ITEM_LISTED]: Yohan81 vend 64 x Poppy  pour 20.00β sur survie_new
[17:09:12] [ITEM_LISTED]: Yohan81 vend 64 x Poppy  pour 20.00β sur survie_new
[17:09:16] [ITEM_LISTED]: Yohan81 vend 64 x Poppy  pour 20.00β sur survie_new
[17:09:17] [ITEM_LISTED]: Yohan81 vend 64 x Poppy  pour 20.00β sur survie_new
[17:09:19] [ITEM_LISTED]: Yohan81 vend 64 x Poppy  pour 20.00β sur survie_new
[17:09:21] [ITEM_LISTED]: Yohan81 vend 64 x Poppy  pour 20.00β sur survie_new
[17:09:24] [ITEM_LISTED]: Yohan81 vend 64 x Poppy  pour 20.00β sur survie_new
[17:09:26] [ITEM_LISTED]: Yohan81 vend 64 x Poppy  pour 20.00β sur survie_new
[17:09:27] [ITEM_LISTED]: Yohan81 vend 64 x Poppy  pour 20.00β sur survie_new
[17:09:29] [ITEM_LISTED]: Yohan81 vend 64 x Poppy  pour 20.00β sur survie_new
[17:09:33] [ITEM_LISTED]: Yohan81 vend 64 x Poppy  pour 20.00β sur survie_new
[17:09:35] [ITEM_LISTED]: Yohan81 vend 64 x Poppy  pour 20.00β sur survie_new
[17:09:37] [ITEM_LISTED]: Yohan81 vend 64 x Poppy  pour 20.00β sur survie_new
[17:09:38] [ITEM_LISTED]: Yohan81 vend 64 x Poppy  pour 20.00β sur survie_new
[17:09:45] [ITEM_LISTED]: Yohan81 vend 64 x Poppy  pour 20.00β sur survie_new
[17:09:46] [ITEM_LISTED]: Yohan81 vend 64 x Poppy  pour 20.00β sur survie_new
[17:09:48] [ITEM_LISTED]: Yohan81 vend 64 x Poppy  pour 20.00β sur survie_new
[17:09:50] [ITEM_LISTED]: Yohan81 vend 64 x Poppy  pour 20.00β sur survie_new
[17:09:58] [ITEM_LISTED]: Yohan81 vend 31 x Poppy  pour 10.00β sur survie_new
[17:10:00] [ITEM_LISTED]: Yohan81 vend 64 x Poppy  pour 20.00β sur survie_new
[17:10:01] [ITEM_LISTED]: Yohan81 vend 64 x Poppy  pour 20.00β sur survie_new
[17:10:03] [ITEM_LISTED]: Yohan81 vend 64 x Poppy  pour 20.00β sur survie_new
[17:29:40] [ITEM_SOLD]: pikatchou82 vendu 64 x Anvil à  Aezis_ pour 1,000.00 β le survie_new
[17:48:19] [ITEM_CANCELLED]: pikatchou82 annule la vente de 1x Enchanted Book pour 7,000.00β sur survie_new
[17:48:20] [ITEM_CANCELLED]: pikatchou82 annule la vente de 1x Enchanted Book pour 7,000.00β sur survie_new
[17:48:22] [ITEM_CANCELLED]: pikatchou82 annule la vente de 1x Enchanted Book pour 7,000.00β sur survie_new
[17:48:26] [ITEM_RETURNED]: 1 x Enchanted Book  renvoyé à pikatchou82 le survie_new
[17:48:26] [ITEM_RETURNED]: 1 x Enchanted Book  renvoyé à pikatchou82 le survie_new
[17:48:26] [ITEM_RETURNED]: 1 x Enchanted Book  renvoyé à pikatchou82 le survie_new
[17:48:26] [ITEM_RETURNED]: 1 x Enchanted Book  renvoyé à pikatchou82 le survie_new
[17:48:33] [ITEM_LISTED]: pikatchou82 vend 1 x Enchanted Book  pour 6,000.00β sur survie_new
[17:48:38] [ITEM_LISTED]: pikatchou82 vend 1 x Enchanted Book  pour 6,000.00β sur survie_new
[17:48:40] [ITEM_LISTED]: pikatchou82 vend 1 x Enchanted Book  pour 6,000.00β sur survie_new
[17:48:45] [ITEM_LISTED]: pikatchou82 vend 1 x Enchanted Book  pour 6,000.00β sur survie_new
[17:48:54] [ITEM_SOLD]: pikatchou82 vendu 1 x Enchanted Book à  le_lait pour 6,000.00 β le survie_new
[17:48:56] [ITEM_SOLD]: pikatchou82 vendu 1 x Enchanted Book à  le_lait pour 6,000.00 β le survie_new
[17:49:26] [ITEM_RETURNED]: 1 x Enchanted Book  renvoyé à pikatchou82 le survie_new
[17:49:26] [ITEM_RETURNED]: 1 x Enchanted Book  renvoyé à pikatchou82 le survie_new
[17:49:27] [ITEM_RETURNED]: 1 x Enchanted Book  renvoyé à pikatchou82 le survie_new
[17:49:27] [ITEM_RETURNED]: 1 x Enchanted Book  renvoyé à pikatchou82 le survie_new
[17:49:28] [ITEM_RETURNED]: 1 x Enchanted Book  renvoyé à pikatchou82 le survie_new
[17:49:29] [ITEM_RETURNED]: 1 x Enchanted Book  renvoyé à pikatchou82 le survie_new
[17:49:37] [ITEM_LISTED]: pikatchou82 vend 1 x Enchanted Book  pour 7,000.00β sur survie_new
[17:49:40] [ITEM_LISTED]: pikatchou82 vend 1 x Enchanted Book  pour 7,000.00β sur survie_new
[17:49:42] [ITEM_LISTED]: pikatchou82 vend 1 x Enchanted Book  pour 7,000.00β sur survie_new
[17:49:43] [ITEM_LISTED]: pikatchou82 vend 1 x Enchanted Book  pour 7,000.00β sur survie_new
[17:49:44] [ITEM_LISTED]: pikatchou82 vend 1 x Enchanted Book  pour 7,000.00β sur survie_new
[17:49:46] [ITEM_LISTED]: pikatchou82 vend 1 x Enchanted Book  pour 7,000.00β sur survie_new
[18:31:26] [ITEM_SOLD]: Yohan81 vendu 64 x Poppy à  R0wZen pour 20.00 β le survie_new
[18:44:12] [ITEM_LISTED]: Blazd vend 64 x Gunpowder  pour 8,000.00β sur survie_new
[18:49:19] [ITEM_CANCELLED]: Blazd annule la vente de 64x Wither Rose pour 45,000.00β sur survie_new
[18:49:20] [ITEM_RETURNED]: 64 x Wither Rose  renvoyé à Blazd le survie_new
[18:50:10] [ITEM_LISTED]: Blazd vend 64 x Wither Rose  pour 44,000.00β sur survie_new
[19:28:26] [ITEM_SOLD]: Lacourgette vendu 1 x Enchanted Book à  xytrill pour 4,000.00 β le survie_new
[20:56:57] [ITEM_LISTED]: Natvolh24 vend 21 x Oak Log  pour 150.00β sur survie_new
[21:23:54] [ITEM_LISTED]: Natvolh24 vend 64 x Oak Log  pour 250.00β sur survie_new
[21:24:02] [ITEM_LISTED]: Natvolh24 vend 64 x Oak Log  pour 250.00β sur survie_new
[21:38:59] [ITEM_LISTED]: Blazd vend 1 x Black Shulker Box  pour 64,000.00β sur survie_new
[21:39:46] [ITEM_CANCELLED]: Blazd annule la vente de 1x Black Shulker Box pour 64,000.00β sur survie_new
[21:39:49] [ITEM_RETURNED]: 1 x Black Shulker Box  renvoyé à Blazd le survie_new
[22:29:37] [ITEM_LISTED]: Blazd vend 1 x Sweet Berries  pour 1.00β sur survie_new
[22:30:18] [ITEM_SOLD]: Blazd vendu 1 x Sweet Berries à  MrRaimboow pour 1.00 β le survie_new
[22:30:51] [ITEM_CANCELLED]: Blazd annule la vente de 64x Gunpowder pour 8,000.00β sur survie_new
[22:30:51] [ITEM_CANCELLED]: Blazd annule la vente de 64x Wither Rose pour 44,000.00β sur survie_new
[22:30:53] [ITEM_RETURNED]: 64 x Gunpowder  renvoyé à Blazd le survie_new
[22:30:53] [ITEM_RETURNED]: 64 x Wither Rose  renvoyé à Blazd le survie_new
[22:32:56] [ITEM_LISTED]: Blazd vend 64 x Gunpowder  pour 8,000.00β sur survie_new
[22:32:58] [ITEM_LISTED]: Blazd vend 64 x Gunpowder  pour 8,000.00β sur survie_new
[22:33:06] [ITEM_LISTED]: Blazd vend 64 x Gunpowder  pour 7,000.00β sur survie_new
[22:33:30] [ITEM_LISTED]: Blazd vend 64 x Wither Rose  pour 32,000.00β sur survie_new
[23:19:05] [ITEM_LISTED]: Karazhar vend 64 x Sugar Cane  pour 100.00β sur survie_new
