[11:23:20] [ITEM_SOLD]: Blazd vendu 64 x Gunpowder à  Karazhar pour 7,000.00 β le survie_new
[12:36:14] [ITEM_RETURNED]: 1 x Diamond Helmet  [Aqua Affinity] renvoyé à Alexia67710 le survie_new
[12:36:14] [ITEM_RETURNED]: 1 x Diamond Helmet  [Aqua Affinity] renvoyé à Alexia67710 le survie_new
[12:36:14] [ITEM_RETURNED]: 1 x Bow  [Flame, Infinity] renvoyé à Alexia67710 le survie_new
[12:36:14] [ITEM_RETURNED]: 1 x Bow  [Flame, Infinity] renvoyé à Alexia67710 le survie_new
[12:43:45] [ITEM_SOLD]: Karazhar vendu 64 x Sugar Cane à  funnybeber pour 100.00 β le survie_new
[22:51:11] [ITEM_RETURNED]: 1 x Shulker Box  renvoyé à CouzVeBaton le survie_new
[22:51:11] [ITEM_RETURNED]: 1 x Shulker Box  renvoyé à CouzVeBaton le survie_new
[22:51:11] [ITEM_RETURNED]: 1 x Shulker Box  renvoyé à CouzVeBaton le survie_new
[22:51:11] [ITEM_RETURNED]: 1 x Diamond Pickaxe  [Silk Touch] renvoyé à CouzVeBaton le survie_new
[22:51:11] [ITEM_RETURNED]: 1 x Bow  [Flame, Infinity] renvoyé à CouzVeBaton le survie_new
[22:51:11] [ITEM_RETURNED]: 1 x Shulker Box  renvoyé à CouzVeBaton le survie_new
[22:51:11] [ITEM_RETURNED]: 1 x Shulker Box  renvoyé à CouzVeBaton le survie_new
[22:51:11] [ITEM_RETURNED]: 1 x Shulker Box  renvoyé à CouzVeBaton le survie_new
[22:51:11] [ITEM_RETURNED]: 1 x Shulker Box  renvoyé à CouzVeBaton le survie_new
[22:51:11] [ITEM_RETURNED]: 1 x Shulker Box  renvoyé à CouzVeBaton le survie_new
[22:51:11] [ITEM_RETURNED]: 1 x Shulker Box  renvoyé à CouzVeBaton le survie_new
[22:51:11] [ITEM_RETURNED]: 1 x Shulker Box  renvoyé à CouzVeBaton le survie_new
[22:51:11] [ITEM_RETURNED]: 1 x Shulker Box  renvoyé à CouzVeBaton le survie_new
[22:51:11] [ITEM_RETURNED]: 1 x Shulker Box  renvoyé à CouzVeBaton le survie_new
[22:51:11] [ITEM_RETURNED]: 1 x Shulker Box  renvoyé à CouzVeBaton le survie_new
[22:51:11] [ITEM_RETURNED]: 1 x Shulker Box  renvoyé à CouzVeBaton le survie_new
[22:51:11] [ITEM_RETURNED]: 1 x Shulker Box  renvoyé à CouzVeBaton le survie_new
[22:51:11] [ITEM_RETURNED]: 1 x Shulker Box  renvoyé à CouzVeBaton le survie_new
[22:51:11] [ITEM_RETURNED]: 1 x Shulker Box  renvoyé à CouzVeBaton le survie_new
[22:51:11] [ITEM_RETURNED]: 1 x Shulker Box  renvoyé à CouzVeBaton le survie_new
[22:51:11] [ITEM_RETURNED]: 1 x Shulker Box  renvoyé à CouzVeBaton le survie_new
[22:51:11] [ITEM_RETURNED]: 1 x Shulker Box  renvoyé à CouzVeBaton le survie_new
[22:51:11] [ITEM_RETURNED]: 1 x Shulker Box  renvoyé à CouzVeBaton le survie_new
[22:51:11] [ITEM_RETURNED]: 1 x Shulker Box  renvoyé à CouzVeBaton le survie_new
[22:51:11] [ITEM_RETURNED]: 1 x Shulker Box  renvoyé à CouzVeBaton le survie_new
[22:51:11] [ITEM_RETURNED]: 1 x Shulker Box  renvoyé à CouzVeBaton le survie_new
[22:51:11] [ITEM_RETURNED]: 1 x Shulker Box  renvoyé à CouzVeBaton le survie_new
[22:51:11] [ITEM_RETURNED]: 1 x Shulker Box  renvoyé à CouzVeBaton le survie_new
[22:51:26] [ITEM_RETURNED]: 1 x Shulker Box  renvoyé à CouzVeBaton le survie_new
[22:51:26] [ITEM_RETURNED]: 1 x Shulker Box  renvoyé à CouzVeBaton le survie_new
[22:51:26] [ITEM_RETURNED]: 1 x Shulker Box  renvoyé à CouzVeBaton le survie_new
[22:51:26] [ITEM_RETURNED]: 1 x Shulker Box  renvoyé à CouzVeBaton le survie_new
[22:51:26] [ITEM_RETURNED]: 1 x Shulker Box  renvoyé à CouzVeBaton le survie_new
[22:51:26] [ITEM_RETURNED]: 1 x Shulker Box  renvoyé à CouzVeBaton le survie_new
[22:51:26] [ITEM_RETURNED]: 1 x Shulker Box  renvoyé à CouzVeBaton le survie_new
[22:51:26] [ITEM_RETURNED]: 1 x Shulker Box  renvoyé à CouzVeBaton le survie_new
[22:51:26] [ITEM_RETURNED]: 1 x Shulker Box  renvoyé à CouzVeBaton le survie_new
[22:51:26] [ITEM_RETURNED]: 1 x Shulker Box  renvoyé à CouzVeBaton le survie_new
[22:51:26] [ITEM_RETURNED]: 1 x Shulker Box  renvoyé à CouzVeBaton le survie_new
[22:51:26] [ITEM_RETURNED]: 1 x Shulker Box  renvoyé à CouzVeBaton le survie_new
[22:51:26] [ITEM_RETURNED]: 1 x Shulker Box  renvoyé à CouzVeBaton le survie_new
[22:51:26] [ITEM_RETURNED]: 1 x Shulker Box  renvoyé à CouzVeBaton le survie_new
[22:51:26] [ITEM_RETURNED]: 1 x Shulker Box  renvoyé à CouzVeBaton le survie_new
[22:51:26] [ITEM_RETURNED]: 1 x Shulker Box  renvoyé à CouzVeBaton le survie_new
[22:51:26] [ITEM_RETURNED]: 1 x Shulker Box  renvoyé à CouzVeBaton le survie_new
[22:51:27] [ITEM_RETURNED]: 1 x Shulker Box  renvoyé à CouzVeBaton le survie_new
[22:51:27] [ITEM_RETURNED]: 1 x Shulker Box  renvoyé à CouzVeBaton le survie_new
[22:51:27] [ITEM_RETURNED]: 1 x Shulker Box  renvoyé à CouzVeBaton le survie_new
[22:51:27] [ITEM_RETURNED]: 1 x Shulker Box  renvoyé à CouzVeBaton le survie_new
[22:51:27] [ITEM_RETURNED]: 1 x Shulker Box  renvoyé à CouzVeBaton le survie_new
[22:51:27] [ITEM_RETURNED]: 1 x Shulker Box  renvoyé à CouzVeBaton le survie_new
[22:51:27] [ITEM_RETURNED]: 1 x Shulker Box  renvoyé à CouzVeBaton le survie_new
[22:51:27] [ITEM_RETURNED]: 1 x Shulker Box  renvoyé à CouzVeBaton le survie_new
[22:51:27] [ITEM_RETURNED]: 1 x Shulker Box  renvoyé à CouzVeBaton le survie_new
[22:51:38] [ITEM_RETURNED]: 1 x Shulker Box  renvoyé à CouzVeBaton le survie_new
[22:51:38] [ITEM_RETURNED]: 1 x Shulker Box  renvoyé à CouzVeBaton le survie_new
[22:51:38] [ITEM_RETURNED]: 1 x Shulker Box  renvoyé à CouzVeBaton le survie_new
[22:51:38] [ITEM_RETURNED]: 1 x Shulker Box  renvoyé à CouzVeBaton le survie_new
[22:51:38] [ITEM_RETURNED]: 1 x Shulker Box  renvoyé à CouzVeBaton le survie_new
[22:51:38] [ITEM_RETURNED]: 1 x Shulker Box  renvoyé à CouzVeBaton le survie_new
[22:51:38] [ITEM_RETURNED]: 1 x Shulker Box  renvoyé à CouzVeBaton le survie_new
[22:51:38] [ITEM_RETURNED]: 1 x Shulker Box  renvoyé à CouzVeBaton le survie_new
[22:51:38] [ITEM_RETURNED]: 1 x Shulker Box  renvoyé à CouzVeBaton le survie_new
[22:51:38] [ITEM_RETURNED]: 1 x Shulker Box  renvoyé à CouzVeBaton le survie_new
[22:51:38] [ITEM_RETURNED]: 1 x Shulker Box  renvoyé à CouzVeBaton le survie_new
[22:51:38] [ITEM_RETURNED]: 1 x Shulker Box  renvoyé à CouzVeBaton le survie_new
[22:51:38] [ITEM_RETURNED]: 1 x Shulker Box  renvoyé à CouzVeBaton le survie_new
[22:51:38] [ITEM_RETURNED]: 1 x Shulker Box  renvoyé à CouzVeBaton le survie_new
[22:51:39] [ITEM_RETURNED]: 1 x Shulker Box  renvoyé à CouzVeBaton le survie_new
[22:51:39] [ITEM_RETURNED]: 1 x Shulker Box  renvoyé à CouzVeBaton le survie_new
[22:51:39] [ITEM_RETURNED]: 1 x Shulker Box  renvoyé à CouzVeBaton le survie_new
[22:51:39] [ITEM_RETURNED]: 1 x Shulker Box  renvoyé à CouzVeBaton le survie_new
[22:51:39] [ITEM_RETURNED]: 1 x Shulker Box  renvoyé à CouzVeBaton le survie_new
[22:51:39] [ITEM_RETURNED]: 1 x Shulker Box  renvoyé à CouzVeBaton le survie_new
[22:51:39] [ITEM_RETURNED]: 1 x Shulker Box  renvoyé à CouzVeBaton le survie_new
[22:51:39] [ITEM_RETURNED]: 1 x Shulker Box  renvoyé à CouzVeBaton le survie_new
[22:51:39] [ITEM_RETURNED]: 1 x Shulker Box  renvoyé à CouzVeBaton le survie_new
[22:51:39] [ITEM_RETURNED]: 1 x Shulker Box  renvoyé à CouzVeBaton le survie_new
[22:51:39] [ITEM_RETURNED]: 1 x Shulker Box  renvoyé à CouzVeBaton le survie_new
[22:51:39] [ITEM_RETURNED]: 1 x Shulker Box  renvoyé à CouzVeBaton le survie_new
[22:51:53] [ITEM_RETURNED]: 1 x Shulker Box  renvoyé à CouzVeBaton le survie_new
[22:51:53] [ITEM_RETURNED]: 1 x Shulker Box  renvoyé à CouzVeBaton le survie_new
[22:51:53] [ITEM_RETURNED]: 1 x Shulker Box  renvoyé à CouzVeBaton le survie_new
[22:51:53] [ITEM_RETURNED]: 1 x Shulker Box  renvoyé à CouzVeBaton le survie_new
[22:51:54] [ITEM_RETURNED]: 1 x Shulker Box  renvoyé à CouzVeBaton le survie_new
[22:51:54] [ITEM_RETURNED]: 1 x Shulker Box  renvoyé à CouzVeBaton le survie_new
[22:51:54] [ITEM_RETURNED]: 1 x Shulker Box  renvoyé à CouzVeBaton le survie_new
