[10:37:14] [ITEM_LISTED]: MrBuillder vend 1 x Diamond Sword  [Knockback I] pour 1,500.00β sur survie_new
[10:38:34] [ITEM_LISTED]: MrBuillder vend 12 x Sugar Cane  pour 0.00β sur survie_new
[10:39:00] [ITEM_LISTED]: MrBuillder vend 64 x Sugar Cane  pour 50.00β sur survie_new
[12:27:40] [ITEM_SOLD]: CouzVeBaton vendu 1 x Shulker Box à  Nylargh pour 1,500.00 β le survie_new
[15:47:42] [ITEM_SOLD]: MrBuillder vendu 12 x Sugar Cane à  The_Gamer4406 pour 0.00 β le survie_new
[15:47:48] [ITEM_SOLD]: MrNefrax vendu 9 x Honeycomb à  The_Gamer4406 pour 500.00 β le survie_new
[16:02:26] [ITEM_RETURNED]: 32 x Nether Bricks  renvoyé à LaBananeNoire le survie_new
[16:02:26] [ITEM_RETURNED]: 64 x Cobblestone  renvoyé à LaBananeNoire le survie_new
[18:05:26] [ITEM_SOLD]: MrBuillder vendu 64 x Sugar Cane à  Futsiph pour 50.00 β le survie_new
[18:09:20] [ITEM_RETURNED]: 16 x Emerald  renvoyé à Crak_N le survie_new
[18:16:26] [ITEM_LISTED]: Max_Le_Max vend 1 x §;§:Dolphin Spawner 1x  pour 8,000.00β sur survie_new
[18:16:34] [ITEM_LISTED]: Max_Le_Max vend 1 x §;§:Dolphin Spawner 1x  pour 8,500.00β sur survie_new
[18:20:14] [ITEM_LISTED]: Kanntin vend 1 x Diamond Pickaxe  [Silk Touch] pour 2,500.00β sur survie_new
[18:20:42] [ITEM_LISTED]: Kanntin vend 1 x Diamond Pickaxe  [Silk Touch] pour 2,500.00β sur survie_new
[18:20:57] [ITEM_LISTED]: Kanntin vend 1 x Diamond Pickaxe  [Silk Touch] pour 2,500.00β sur survie_new
[18:21:08] [ITEM_LISTED]: Kanntin vend 1 x Diamond Pickaxe  [Silk Touch] pour 2,500.00β sur survie_new
[18:28:49] [ITEM_LISTED]: OfCourse vend 1 x Plan d'Arbalète  pour 1,000.00β sur survie_new
[18:28:57] [ITEM_LISTED]: OfCourse vend 1 x Partie d'équipement : II  pour 15,000.00β sur survie_new
[18:29:02] [ITEM_LISTED]: OfCourse vend 1 x Partie d'équipement : I  pour 15,000.00β sur survie_new
[18:29:12] [ITEM_LISTED]: OfCourse vend 1 x Diamond Helmet  [Fire Protection III] pour 1,000.00β sur survie_new
[18:29:16] [ITEM_LISTED]: OfCourse vend 1 x Iron Leggings  [Protection IV, Unbreaking III] pour 1,000.00β sur survie_new
[18:29:22] [ITEM_LISTED]: OfCourse vend 1 x Iron Boots  [Depth Strider III, Fire Protection IV] pour 1,000.00β sur survie_new
[18:29:27] [ITEM_LISTED]: OfCourse vend 1 x Iron Boots  [Feather Falling IV, Fire Protection III] pour 1,000.00β sur survie_new
[18:29:34] [ITEM_LISTED]: OfCourse vend 1 x Iron Boots  [Frost Walker II] pour 1,500.00β sur survie_new
[18:29:40] [ITEM_LISTED]: OfCourse vend 1 x Iron Boots  [Depth Strider II, Protection III] pour 1,000.00β sur survie_new
[18:37:05] [ITEM_LISTED]: Kanntin vend 1 x Bow  [Flame, Mending, Power IV, Punch II, Unbreaking III] pour 25,000.00β sur survie_new
[18:47:18] [ITEM_LISTED]: OfCourse vend 1 x Plan de Pelle  pour 1,000.00β sur survie_new
[18:56:05] [ITEM_LISTED]: Kanntin vend 1 x Nautilus Shell  pour 2,000.00β sur survie_new
[18:56:34] [ITEM_LISTED]: Kanntin vend 1 x Conduit  pour 25,000.00β sur survie_new
[18:59:33] [ITEM_LISTED]: limastic vend 64 x Skeleton Skull  pour 10,000.00β sur survie_new
[19:02:59] [ITEM_LISTED]: OfCourse vend 1 x Ampoule de Génie  pour 1,000.00β sur survie_new
[19:04:55] [ITEM_CANCELLED]: Kanntin annule la vente de 1x Conduit pour 25,000.00β sur survie_new
[19:05:08] [ITEM_RETURNED]: 1 x Conduit  renvoyé à Kanntin le survie_new
[19:05:13] [ITEM_RETURNED]: 1 x Skeleton Skull  renvoyé à Kanntin le survie_new
[19:05:13] [ITEM_RETURNED]: 1 x Skeleton Skull  renvoyé à Kanntin le survie_new
[19:05:14] [ITEM_RETURNED]: 1 x Skeleton Skull  renvoyé à Kanntin le survie_new
[19:05:14] [ITEM_RETURNED]: 1 x Skeleton Skull  renvoyé à Kanntin le survie_new
[19:05:14] [ITEM_RETURNED]: 1 x Skeleton Skull  renvoyé à Kanntin le survie_new
[19:07:00] [ITEM_LISTED]: Kanntin vend 1 x Conduit  pour 20,000.00β sur survie_new
[19:07:09] [ITEM_SOLD]: Kanntin vendu 1 x Conduit à  Futsiph pour 20,000.00 β le survie_new
[19:09:25] [ITEM_SOLD]: OfCourse vendu 1 x Ampoule de Génie à  CouzVeBaton pour 1,000.00 β le survie_new
[19:09:36] [ITEM_SOLD]: OfCourse vendu 1 x Plan de Pelle à  Christophe_ pour 1,000.00 β le survie_new
[19:09:52] [ITEM_SOLD]: OfCourse vendu 1 x Plan d'Arbalète à  xytrill pour 1,000.00 β le survie_new
[20:17:30] [ITEM_CANCELLED]: MrNefrax annule la vente de 12x Sponge pour 1,200.00β sur survie_new
[20:17:41] [ITEM_RETURNED]: 12 x Sponge  renvoyé à MrNefrax le survie_new
[20:49:44] [ITEM_SOLD]: Christophe_ vendu 64 x Prismarine Shard à  Max_Le_Max pour 500.00 β le survie_new
[20:49:46] [ITEM_SOLD]: Christophe_ vendu 64 x Prismarine Shard à  Max_Le_Max pour 500.00 β le survie_new
[20:49:48] [ITEM_SOLD]: Christophe_ vendu 64 x Prismarine Shard à  Max_Le_Max pour 500.00 β le survie_new
[20:49:51] [ITEM_SOLD]: Christophe_ vendu 64 x Prismarine Shard à  Max_Le_Max pour 500.00 β le survie_new
[20:49:53] [ITEM_SOLD]: Christophe_ vendu 64 x Prismarine Shard à  Max_Le_Max pour 500.00 β le survie_new
[20:49:56] [ITEM_SOLD]: Christophe_ vendu 64 x Prismarine Shard à  Max_Le_Max pour 500.00 β le survie_new
[20:49:57] [ITEM_SOLD]: Christophe_ vendu 64 x Prismarine Shard à  Max_Le_Max pour 500.00 β le survie_new
[20:49:59] [ITEM_SOLD]: Christophe_ vendu 64 x Prismarine Shard à  Max_Le_Max pour 500.00 β le survie_new
[20:50:27] [ITEM_LISTED]: Max_Le_Max vend 2 x Flèche Tranchante  pour 500.00β sur survie_new
[20:50:32] [ITEM_LISTED]: Max_Le_Max vend 15 x Colle  pour 750.00β sur survie_new
[20:50:54] [ITEM_LISTED]: Max_Le_Max vend 64 x Poudre Magique  pour 1,750.00β sur survie_new
[20:51:01] [ITEM_LISTED]: Max_Le_Max vend 64 x Poudre Magique  pour 1,750.00β sur survie_new
[20:51:10] [ITEM_LISTED]: Max_Le_Max vend 52 x Poudre Magique  pour 1,250.00β sur survie_new
[20:52:54] [ITEM_LISTED]: Max_Le_Max vend 64 x Baked Potato  pour 25.00β sur survie_new
[20:52:56] [ITEM_LISTED]: Max_Le_Max vend 64 x Baked Potato  pour 25.00β sur survie_new
[20:52:59] [ITEM_LISTED]: Max_Le_Max vend 64 x Baked Potato  pour 25.00β sur survie_new
[20:53:04] [ITEM_LISTED]: Max_Le_Max vend 64 x Baked Potato  pour 25.00β sur survie_new
[20:53:07] [ITEM_LISTED]: Max_Le_Max vend 64 x Baked Potato  pour 25.00β sur survie_new
[20:53:10] [ITEM_LISTED]: Max_Le_Max vend 64 x Baked Potato  pour 25.00β sur survie_new
[20:53:12] [ITEM_LISTED]: Max_Le_Max vend 64 x Baked Potato  pour 25.00β sur survie_new
[20:53:16] [ITEM_LISTED]: Max_Le_Max vend 64 x Baked Potato  pour 25.00β sur survie_new
[20:53:18] [ITEM_LISTED]: Max_Le_Max vend 64 x Baked Potato  pour 25.00β sur survie_new
[20:53:21] [ITEM_LISTED]: Max_Le_Max vend 64 x Baked Potato  pour 25.00β sur survie_new
[20:53:23] [ITEM_LISTED]: Max_Le_Max vend 64 x Baked Potato  pour 25.00β sur survie_new
[20:53:28] [ITEM_LISTED]: Max_Le_Max vend 64 x Baked Potato  pour 25.00β sur survie_new
[20:53:30] [ITEM_LISTED]: Max_Le_Max vend 64 x Baked Potato  pour 25.00β sur survie_new
[20:53:34] [ITEM_LISTED]: Max_Le_Max vend 64 x Baked Potato  pour 25.00β sur survie_new
[20:53:36] [ITEM_LISTED]: Max_Le_Max vend 64 x Baked Potato  pour 25.00β sur survie_new
[20:53:40] [ITEM_LISTED]: Max_Le_Max vend 64 x Baked Potato  pour 25.00β sur survie_new
[20:53:42] [ITEM_LISTED]: Max_Le_Max vend 64 x Baked Potato  pour 25.00β sur survie_new
[20:53:49] [ITEM_LISTED]: Max_Le_Max vend 64 x Baked Potato  pour 25.00β sur survie_new
[20:53:51] [ITEM_LISTED]: Max_Le_Max vend 64 x Baked Potato  pour 25.00β sur survie_new
[20:58:38] [ITEM_SOLD]: Max_Le_Max vendu 64 x Poudre Magique à  Efysio pour 1,750.00 β le survie_new
[20:58:40] [ITEM_SOLD]: Max_Le_Max vendu 64 x Poudre Magique à  Efysio pour 1,750.00 β le survie_new
[20:58:43] [ITEM_SOLD]: Max_Le_Max vendu 52 x Poudre Magique à  Efysio pour 1,250.00 β le survie_new
[21:01:40] [ITEM_LISTED]: Max_Le_Max vend 1 x Livre  pour 1,500.00β sur survie_new
[21:01:43] [ITEM_LISTED]: Max_Le_Max vend 1 x Livre  pour 1,500.00β sur survie_new
[21:07:11] [ITEM_CANCELLED]: Yohan81 annule la vente de 1x Bow [Flame, Infinity] pour 2,500.00β sur survie_new
[21:07:13] [ITEM_RETURNED]: 1 x Bow  [Flame, Infinity] renvoyé à Yohan81 le survie_new
[21:07:49] [ITEM_CANCELLED]: Yohan81 annule la vente de 1x Fishing Rod [unknown] pour 3,000.00β sur survie_new
[21:07:50] [ITEM_RETURNED]: 1 x Fishing Rod  [unknown] renvoyé à Yohan81 le survie_new
[21:07:58] [ITEM_RETURNED]: 1 x Diamond Helmet  [Aqua Affinity] renvoyé à Yohan81 le survie_new
[21:08:10] [ITEM_RETURNED]: 1 x Diamond Sword  [Knockback I, Looting II] renvoyé à Yohan81 le survie_new
[21:19:05] [ITEM_SOLD]: Limmazur vendu 1 x Saddle à  Nylargh pour 500.00 β le survie_new
[21:19:18] [ITEM_SOLD]: samdec666 vendu 1 x Fishing Rod à  [Mending, Unbreaking III] Futsiph pour 1,000.00 β le survie_new
[21:22:03] [ITEM_SOLD]: Max_Le_Max vendu 1 x §;§:Dolphin Spawner 1x à  pikatchou82 pour 8,500.00 β le survie_new
[21:22:05] [ITEM_SOLD]: Max_Le_Max vendu 1 x §;§:Dolphin Spawner 1x à  pikatchou82 pour 8,000.00 β le survie_new
[21:36:47] [ITEM_LISTED]: Max_Le_Max vend 1 x §;§:Dolphin Spawner 1x  pour 9,000.00β sur survie_new
[21:36:53] [ITEM_LISTED]: Max_Le_Max vend 1 x §;§:Dolphin Spawner 1x  pour 8,750.00β sur survie_new
[21:48:35] [ITEM_LISTED]: Aorixsama vend 64 x Sugar Cane  pour 500.00β sur survie_new
[21:48:38] [ITEM_LISTED]: Aorixsama vend 64 x Sugar Cane  pour 500.00β sur survie_new
[21:48:56] [ITEM_LISTED]: Aorixsama vend 64 x Sugar Cane  pour 500.00β sur survie_new
[21:48:59] [ITEM_LISTED]: Aorixsama vend 64 x Sugar Cane  pour 500.00β sur survie_new
[21:49:01] [ITEM_LISTED]: Aorixsama vend 64 x Sugar Cane  pour 500.00β sur survie_new
[21:49:03] [ITEM_LISTED]: Aorixsama vend 64 x Sugar Cane  pour 500.00β sur survie_new
[21:49:05] [ITEM_LISTED]: Aorixsama vend 64 x Sugar Cane  pour 500.00β sur survie_new
[21:49:09] [ITEM_LISTED]: Aorixsama vend 64 x Sugar Cane  pour 500.00β sur survie_new
[21:49:12] [ITEM_LISTED]: Aorixsama vend 64 x Sugar Cane  pour 500.00β sur survie_new
[21:49:15] [ITEM_LISTED]: Aorixsama vend 64 x Sugar Cane  pour 500.00β sur survie_new
[21:49:17] [ITEM_LISTED]: Aorixsama vend 64 x Sugar Cane  pour 500.00β sur survie_new
[21:49:33] [ITEM_LISTED]: Aorixsama vend 64 x Sugar Cane  pour 500.00β sur survie_new
[21:49:37] [ITEM_LISTED]: Aorixsama vend 64 x Sugar Cane  pour 500.00β sur survie_new
[21:49:39] [ITEM_LISTED]: Aorixsama vend 64 x Sugar Cane  pour 500.00β sur survie_new
[21:49:42] [ITEM_LISTED]: Aorixsama vend 64 x Sugar Cane  pour 500.00β sur survie_new
[21:49:45] [ITEM_LISTED]: Aorixsama vend 64 x Sugar Cane  pour 500.00β sur survie_new
[21:49:49] [ITEM_LISTED]: Aorixsama vend 64 x Sugar Cane  pour 500.00β sur survie_new
[21:49:51] [ITEM_LISTED]: Aorixsama vend 64 x Sugar Cane  pour 500.00β sur survie_new
[22:02:07] [ITEM_SOLD]: Karazhar vendu 1 x §;§:Spawner Skeleton x1 à  Futsiph pour 7,500.00 β le survie_new
[22:10:55] [ITEM_LISTED]: Tarnuk vend 1 x Shulker Box  pour 1,000.00β sur survie_new
[22:10:59] [ITEM_LISTED]: Tarnuk vend 1 x Shulker Box  pour 1,000.00β sur survie_new
[22:11:01] [ITEM_LISTED]: Tarnuk vend 1 x Shulker Box  pour 1,000.00β sur survie_new
[22:11:08] [ITEM_LISTED]: Tarnuk vend 1 x Shulker Box  pour 1,000.00β sur survie_new
[22:12:34] [ITEM_LISTED]: Tarnuk vend 1 x Shulker Box  pour 1,000.00β sur survie_new
[22:12:35] [ITEM_LISTED]: Tarnuk vend 1 x Shulker Box  pour 1,000.00β sur survie_new
[22:12:37] [ITEM_LISTED]: Tarnuk vend 1 x Shulker Box  pour 1,000.00β sur survie_new
