[00:01:57] [ITEM_SOLD]: LLIcocoman_Hrz vendu 64 x Quartz Block à  WarFire38 pour 500.00 β le survie_new
[00:01:59] [ITEM_SOLD]: LLIcocoman_Hrz vendu 64 x Quartz Block à  WarFire38 pour 500.00 β le survie_new
[00:02:02] [ITEM_SOLD]: Janechoo27 vendu 64 x Bone à  WarFire38 pour 40.00 β le survie_new
[01:28:49] [ITEM_LISTED]: Karazhar vend 1 x §;§:Spawner Skeleton x1  pour 5,000.00β sur survie_new
[01:28:55] [ITEM_LISTED]: Karazhar vend 1 x §;§:Spawner Zombie x1  pour 5,000.00β sur survie_new
[01:29:01] [ITEM_LISTED]: Karazhar vend 2 x §;§:Spawner Cave spider x1  pour 8,000.00β sur survie_new
[01:49:23] [ITEM_SOLD]: CouzVeBaton vendu 1 x Shulker Box à  Karazhar pour 1,500.00 β le survie_new
[11:09:18] [ITEM_LISTED]: LLIcocoman vend 5 x Pierre-Tombale  pour 5.00β sur survie_new
[11:10:26] [ITEM_LISTED]: Max_Le_Max vend 1 x §;§:Cave spider Spawner 1x  pour 1,000.00β sur survie_new
[11:10:32] [ITEM_SOLD]: LLIcocoman vendu 5 x Pierre-Tombale à  GoldenFarmers pour 5.00 β le survie_new
[11:13:13] [ITEM_SOLD]: Max_Le_Max vendu 1 x §;§:Cave spider Spawner 1x à  GoldenFarmers pour 1,000.00 β le survie_new
[11:15:55] [ITEM_SOLD]: Janechoo27 sold 64x Arrow to LLIcocoman for $40.00 on survie_new
[11:16:53] [ITEM_SOLD]: Floraz sold 64x Bamboo to LLIcocoman for $100.00 on survie_new
[11:28:10] [ITEM_CANCELLED]: Max_Le_Max annule la vente de 1x Bottes [Protection V, Unbreaking V] pour 750.00β sur survie_new
[11:28:12] [ITEM_CANCELLED]: Max_Le_Max annule la vente de 1x Jambières [Protection V, Unbreaking V] pour 750.00β sur survie_new
[11:28:12] [ITEM_CANCELLED]: Max_Le_Max annule la vente de 1x Plastron [Protection V, Unbreaking V] pour 750.00β sur survie_new
[11:28:12] [ITEM_CANCELLED]: Max_Le_Max annule la vente de 1x Casque [Protection V, Unbreaking V] pour 750.00β sur survie_new
[11:28:24] [ITEM_RETURNED]: 1 x Casque  [Protection V, Unbreaking V] renvoyé à Max_Le_Max le survie_new
[11:28:25] [ITEM_RETURNED]: 1 x Plastron  [Protection V, Unbreaking V] renvoyé à Max_Le_Max le survie_new
[11:28:25] [ITEM_RETURNED]: 1 x Jambières  [Protection V, Unbreaking V] renvoyé à Max_Le_Max le survie_new
[11:28:25] [ITEM_RETURNED]: 1 x Bottes  [Protection V, Unbreaking V] renvoyé à Max_Le_Max le survie_new
[11:28:32] [ITEM_LISTED]: Max_Le_Max vend 1 x Casque  [Protection V, Unbreaking V] pour 250.00β sur survie_new
[11:28:34] [ITEM_LISTED]: Max_Le_Max vend 1 x Plastron  [Protection V, Unbreaking V] pour 250.00β sur survie_new
[11:28:36] [ITEM_LISTED]: Max_Le_Max vend 1 x Jambières  [Protection V, Unbreaking V] pour 250.00β sur survie_new
[11:28:40] [ITEM_LISTED]: Max_Le_Max vend 1 x Bottes  [Protection V, Unbreaking V] pour 250.00β sur survie_new
[11:30:32] [ITEM_SOLD]: CouzVeBaton vendu 1 x Shulker Box à  Max_Le_Max pour 1,500.00 β le survie_new
[11:44:27] [ITEM_SOLD]: CouzVeBaton vendu 1 x Shulker Box à  Raptor_22 pour 1,500.00 β le survie_new
[11:44:38] [ITEM_SOLD]: LLIcocoman_Hrz vendu 1 x Saddle à  Raptor_22 pour 1,000.00 β le survie_new
[11:44:57] [ITEM_SOLD]: h_ney vendu 1 x Milk Bucket à  Raptor_22 pour 25.00 β le survie_new
[12:11:33] [ITEM_LISTED]: blazou38 vend 1 x Trident  pour 20,000.00β sur survie_new
[12:21:58] [ITEM_LISTED]: blazou38 vend 1 x Player Head  pour 150,000.00β sur survie_new
[12:22:31] [ITEM_CANCELLED]: blazou38 annule la vente de 1x Player Head pour 150,000.00β sur survie_new
[12:22:33] [ITEM_RETURNED]: 1 x Player Head  renvoyé à blazou38 le survie_new
[14:02:07] [ITEM_SOLD]: CouzVeBaton vendu 1 x Shulker Box à  Starlock_1 pour 1,500.00 β le survie_new
[14:17:42] [ITEM_SOLD]: CouzVeBaton vendu 1 x Shulker Box à  The_Gamer4406 pour 1,500.00 β le survie_new
[14:37:00] [ITEM_SOLD]: Karazhar vendu 1 x §;§:Spawner Skeleton x1 à  Futsiph pour 5,000.00 β le survie_new
[14:37:02] [ITEM_SOLD]: Karazhar vendu 1 x §;§:Spawner Zombie x1 à  Futsiph pour 5,000.00 β le survie_new
[15:03:01] [ITEM_LISTED]: MrNefrax vend 12 x Sponge  pour 1,200.00β sur survie_new
[15:33:06] [ITEM_CANCELLED]: blazou38 annule la vente de 1x Trident pour 20,000.00β sur survie_new
[15:33:08] [ITEM_RETURNED]: 1 x Trident  renvoyé à blazou38 le survie_new
[15:43:54] [ITEM_LISTED]: cloclolepedalo vend 64 x Spruce Planks  pour 160.00β sur survie_new
[15:44:09] [ITEM_LISTED]: cloclolepedalo vend 64 x Oak Planks  pour 160.00β sur survie_new
[15:46:44] [ITEM_LISTED]: Efysio vend 1 x Enchanted Book  pour 6,000.00β sur survie_new
[15:46:47] [ITEM_LISTED]: Efysio vend 1 x Enchanted Book  pour 6,000.00β sur survie_new
[15:46:50] [ITEM_LISTED]: Efysio vend 1 x Enchanted Book  pour 6,000.00β sur survie_new
[15:48:16] [ITEM_LISTED]: Efysio vend 64 x Emerald Block  pour 70,000.00β sur survie_new
[16:11:06] [ITEM_SOLD]: Limmazur vendu 1 x Saddle à  Starlock_1 pour 500.00 β le survie_new
[16:13:41] [ITEM_SOLD]: KappaPride2008 vendu 1 x Diamond Pickaxe à  [Silk Touch] Lehnace pour 450.00 β le survie_new
[16:16:26] [ITEM_SOLD]: cloclolepedalo vendu 2 x Spruce Planks à  MrNefrax pour 160.00 β le survie_new
[16:29:18] [ITEM_SOLD]: Karazhar vendu 2 x §;§:Spawner Cave spider x1 à  brimiil pour 8,000.00 β le survie_new
[16:31:35] [ITEM_LISTED]: AzodFR vend 1 x Diamond Sword  [Mending, Sweeping Edge III] pour 8,000.00β sur survie_new_the_end
[16:31:39] [ITEM_LISTED]: AzodFR vend 1 x Diamond Shovel  [Mending, Unbreaking III] pour 6,000.00β sur survie_new_the_end
[17:12:55] [ITEM_LISTED]: GoldenFarmers vend 8 x §;§:Blaze Spawner 1x  pour 80,000.00β sur survie_new
[17:13:18] [ITEM_SOLD]: GoldenFarmers vendu 8 x §;§:Blaze Spawner 1x à  PSY_Kill3R pour 80,000.00 β le survie_new
[17:42:32] [ITEM_LISTED]: Floraz vend 64 x Bamboo  pour 100.00β sur survie_new
[17:42:34] [ITEM_LISTED]: Floraz vend 64 x Bamboo  pour 100.00β sur survie_new
[17:42:36] [ITEM_LISTED]: Floraz vend 64 x Bamboo  pour 100.00β sur survie_new
[17:42:38] [ITEM_LISTED]: Floraz vend 64 x Bamboo  pour 100.00β sur survie_new
[17:42:40] [ITEM_LISTED]: Floraz vend 64 x Bamboo  pour 100.00β sur survie_new
[17:42:42] [ITEM_LISTED]: Floraz vend 64 x Bamboo  pour 100.00β sur survie_new
[17:42:44] [ITEM_LISTED]: Floraz vend 64 x Bamboo  pour 100.00β sur survie_new
[17:42:45] [ITEM_LISTED]: Floraz vend 64 x Bamboo  pour 100.00β sur survie_new
[17:42:47] [ITEM_LISTED]: Floraz vend 64 x Bamboo  pour 100.00β sur survie_new
[17:43:01] [ITEM_SOLD]: Karazhar vendu 1 x Diamond Pickaxe à  [Silk Touch] MrNefrax pour 500.00 β le survie_new
[17:43:02] [ITEM_LISTED]: Floraz vend 64 x Wheat  pour 100.00β sur survie_new
[17:43:04] [ITEM_LISTED]: Floraz vend 64 x Wheat  pour 100.00β sur survie_new
[17:43:06] [ITEM_LISTED]: Floraz vend 64 x Wheat  pour 100.00β sur survie_new
[17:43:08] [ITEM_LISTED]: Floraz vend 64 x Wheat  pour 100.00β sur survie_new
[17:43:10] [ITEM_LISTED]: Floraz vend 64 x Wheat  pour 100.00β sur survie_new
[17:43:12] [ITEM_LISTED]: Floraz vend 64 x Wheat  pour 100.00β sur survie_new
[17:43:44] [ITEM_LISTED]: Floraz vend 64 x Sweet Berries  pour 100.00β sur survie_new
[17:43:46] [ITEM_LISTED]: Floraz vend 64 x Sweet Berries  pour 100.00β sur survie_new
[17:43:48] [ITEM_LISTED]: Floraz vend 64 x Sweet Berries  pour 100.00β sur survie_new
[17:43:49] [ITEM_LISTED]: Floraz vend 64 x Sweet Berries  pour 100.00β sur survie_new
[17:55:37] [ITEM_SOLD]: Floraz vendu 64 x Sweet Berries à  GoldenFarmers pour 100.00 β le survie_new
[17:55:38] [ITEM_SOLD]: Floraz vendu 64 x Sweet Berries à  GoldenFarmers pour 100.00 β le survie_new
[17:55:40] [ITEM_SOLD]: Floraz vendu 64 x Sweet Berries à  GoldenFarmers pour 100.00 β le survie_new
[17:55:41] [ITEM_SOLD]: Floraz vendu 64 x Sweet Berries à  GoldenFarmers pour 100.00 β le survie_new
[18:55:14] [ITEM_LISTED]: Nohraz vend 64 x Bamboo  pour 100.00β sur survie_new
[18:55:19] [ITEM_LISTED]: Nohraz vend 64 x Bamboo  pour 100.00β sur survie_new
[18:55:21] [ITEM_LISTED]: Nohraz vend 64 x Bamboo  pour 100.00β sur survie_new
[18:55:24] [ITEM_LISTED]: Nohraz vend 64 x Bamboo  pour 100.00β sur survie_new
[18:55:26] [ITEM_LISTED]: Nohraz vend 64 x Bamboo  pour 100.00β sur survie_new
[18:55:31] [ITEM_LISTED]: Nohraz vend 64 x Bamboo  pour 100.00β sur survie_new
[18:55:37] [ITEM_LISTED]: Nohraz vend 56 x Bamboo  pour 100.00β sur survie_new
[18:55:39] [ITEM_LISTED]: Nohraz vend 64 x Bamboo  pour 100.00β sur survie_new
[18:55:41] [ITEM_LISTED]: Nohraz vend 64 x Bamboo  pour 100.00β sur survie_new
[18:55:43] [ITEM_LISTED]: Nohraz vend 64 x Bamboo  pour 100.00β sur survie_new
[18:55:44] [ITEM_LISTED]: Nohraz vend 64 x Bamboo  pour 100.00β sur survie_new
[18:55:45] [ITEM_LISTED]: Nohraz vend 64 x Bamboo  pour 100.00β sur survie_new
[18:55:49] [ITEM_LISTED]: Nohraz vend 64 x Bamboo  pour 100.00β sur survie_new
[18:55:55] [ITEM_LISTED]: Nohraz vend 64 x Bamboo  pour 100.00β sur survie_new
[18:55:58] [ITEM_LISTED]: Nohraz vend 64 x Bamboo  pour 100.00β sur survie_new
[18:55:59] [ITEM_LISTED]: Nohraz vend 64 x Bamboo  pour 100.00β sur survie_new
[18:56:11] [ITEM_LISTED]: Nohraz vend 64 x Bamboo  pour 100.00β sur survie_new
[18:58:35] [ITEM_CANCELLED]: Nohraz annule la vente de 64x Bamboo pour 100.00β sur survie_new
[18:58:36] [ITEM_CANCELLED]: Nohraz annule la vente de 64x Bamboo pour 100.00β sur survie_new
[18:58:46] [ITEM_RETURNED]: 64 x Bamboo  renvoyé à Nohraz le survie_new
[18:58:46] [ITEM_RETURNED]: 64 x Bamboo  renvoyé à Nohraz le survie_new
[18:58:47] [ITEM_CANCELLED]: Nohraz annule la vente de 64x Bamboo pour 100.00β sur survie_new
[18:58:47] [ITEM_CANCELLED]: Nohraz annule la vente de 64x Bamboo pour 100.00β sur survie_new
[18:58:48] [ITEM_CANCELLED]: Nohraz annule la vente de 64x Bamboo pour 100.00β sur survie_new
[18:58:48] [ITEM_CANCELLED]: Nohraz annule la vente de 64x Bamboo pour 100.00β sur survie_new
[18:58:48] [ITEM_CANCELLED]: Nohraz annule la vente de 64x Bamboo pour 100.00β sur survie_new
[18:58:48] [ITEM_CANCELLED]: Nohraz annule la vente de 64x Bamboo pour 100.00β sur survie_new
[18:58:48] [ITEM_CANCELLED]: Nohraz annule la vente de 64x Bamboo pour 100.00β sur survie_new
[18:58:49] [ITEM_CANCELLED]: Nohraz annule la vente de 64x Bamboo pour 100.00β sur survie_new
[18:58:49] [ITEM_CANCELLED]: Nohraz annule la vente de 64x Bamboo pour 100.00β sur survie_new
[18:58:49] [ITEM_CANCELLED]: Nohraz annule la vente de 64x Bamboo pour 100.00β sur survie_new
[18:58:49] [ITEM_CANCELLED]: Nohraz annule la vente de 64x Bamboo pour 100.00β sur survie_new
[18:58:49] [ITEM_CANCELLED]: Nohraz annule la vente de 64x Bamboo pour 100.00β sur survie_new
[18:58:49] [ITEM_CANCELLED]: Nohraz annule la vente de 56x Bamboo pour 100.00β sur survie_new
[18:58:50] [ITEM_CANCELLED]: Nohraz annule la vente de 64x Bamboo pour 100.00β sur survie_new
[18:58:50] [ITEM_CANCELLED]: Nohraz annule la vente de 64x Bamboo pour 100.00β sur survie_new
[19:08:47] [ITEM_CANCELLED]: Floraz annule la vente de 64x Bamboo pour 100.00β sur survie_new
[19:08:52] [ITEM_CANCELLED]: Floraz annule la vente de 64x Bamboo pour 100.00β sur survie_new
[19:08:57] [ITEM_CANCELLED]: Floraz annule la vente de 64x Bamboo pour 100.00β sur survie_new
[19:08:58] [ITEM_CANCELLED]: Floraz annule la vente de 64x Bamboo pour 100.00β sur survie_new
[19:08:58] [ITEM_CANCELLED]: Floraz annule la vente de 64x Bamboo pour 100.00β sur survie_new
[19:08:58] [ITEM_CANCELLED]: Floraz annule la vente de 64x Bamboo pour 100.00β sur survie_new
[19:08:58] [ITEM_CANCELLED]: Floraz annule la vente de 64x Bamboo pour 100.00β sur survie_new
[19:08:59] [ITEM_CANCELLED]: Floraz annule la vente de 64x Bamboo pour 100.00β sur survie_new
[19:08:59] [ITEM_CANCELLED]: Floraz annule la vente de 64x Bamboo pour 100.00β sur survie_new
[19:09:00] [ITEM_CANCELLED]: Floraz annule la vente de 64x Bamboo pour 100.00β sur survie_new
[19:09:00] [ITEM_CANCELLED]: Floraz annule la vente de 64x Wheat pour 100.00β sur survie_new
[19:09:00] [ITEM_CANCELLED]: Floraz annule la vente de 64x Wheat pour 100.00β sur survie_new
[19:09:00] [ITEM_CANCELLED]: Floraz annule la vente de 64x Wheat pour 100.00β sur survie_new
[19:09:01] [ITEM_CANCELLED]: Floraz annule la vente de 64x Wheat pour 100.00β sur survie_new
[19:09:01] [ITEM_CANCELLED]: Floraz annule la vente de 64x Wheat pour 100.00β sur survie_new
[19:09:01] [ITEM_CANCELLED]: Floraz annule la vente de 64x Bamboo pour 100.00β sur survie_new
[19:09:02] [ITEM_CANCELLED]: Floraz annule la vente de 64x Bamboo pour 100.00β sur survie_new
[19:09:02] [ITEM_CANCELLED]: Floraz annule la vente de 64x Bamboo pour 100.00β sur survie_new
[19:09:02] [ITEM_CANCELLED]: Floraz annule la vente de 64x Wheat pour 100.00β sur survie_new
[19:09:34] [ITEM_RETURNED]: 64 x Bamboo  renvoyé à Floraz le survie_new
[19:09:35] [ITEM_RETURNED]: 64 x Bamboo  renvoyé à Floraz le survie_new
[19:09:35] [ITEM_RETURNED]: 64 x Bamboo  renvoyé à Floraz le survie_new
[19:09:35] [ITEM_RETURNED]: 64 x Bamboo  renvoyé à Floraz le survie_new
[19:09:35] [ITEM_RETURNED]: 64 x Bamboo  renvoyé à Floraz le survie_new
[19:09:36] [ITEM_RETURNED]: 64 x Bamboo  renvoyé à Floraz le survie_new
[19:09:36] [ITEM_RETURNED]: 64 x Bamboo  renvoyé à Floraz le survie_new
[19:09:36] [ITEM_RETURNED]: 64 x Bamboo  renvoyé à Floraz le survie_new
[19:09:36] [ITEM_RETURNED]: 64 x Bamboo  renvoyé à Floraz le survie_new
[19:10:07] [ITEM_RETURNED]: 64 x Bamboo  renvoyé à Floraz le survie_new
[19:10:07] [ITEM_RETURNED]: 64 x Wheat  renvoyé à Floraz le survie_new
[19:10:07] [ITEM_RETURNED]: 64 x Bamboo  renvoyé à Floraz le survie_new
[19:10:08] [ITEM_RETURNED]: 64 x Bamboo  renvoyé à Floraz le survie_new
[19:10:08] [ITEM_RETURNED]: 64 x Bamboo  renvoyé à Floraz le survie_new
[19:10:08] [ITEM_RETURNED]: 64 x Wheat  renvoyé à Floraz le survie_new
[19:10:08] [ITEM_RETURNED]: 64 x Wheat  renvoyé à Floraz le survie_new
[19:10:08] [ITEM_RETURNED]: 64 x Wheat  renvoyé à Floraz le survie_new
[19:10:09] [ITEM_RETURNED]: 64 x Wheat  renvoyé à Floraz le survie_new
[19:10:09] [ITEM_RETURNED]: 64 x Wheat  renvoyé à Floraz le survie_new
[19:12:48] [ITEM_LISTED]: Floraz vend 64 x Iron Ingot  pour 100.00β sur survie_new
[19:13:16] [ITEM_SOLD]: Floraz vendu 64 x Iron Ingot à  Futsiph pour 100.00 β le survie_new
[19:14:53] [ITEM_SOLD]: CouzVeBaton vendu 1 x Shulker Box à  brimiil pour 1,500.00 β le survie_new
[20:06:30] [ITEM_CANCELLED]: Karazhar annule la vente de 1x Diamond Pickaxe [Silk Touch] pour 500.00β sur survie_new
[20:06:31] [ITEM_CANCELLED]: Karazhar annule la vente de 1x Fishing Rod [unknown] pour 1,000.00β sur survie_new
[20:06:31] [ITEM_CANCELLED]: Karazhar annule la vente de 1x Fishing Rod [Lure I] pour 1,000.00β sur survie_new
[20:06:31] [ITEM_CANCELLED]: Karazhar annule la vente de 1x Fishing Rod [Unbreaking I] pour 1,000.00β sur survie_new
[20:06:32] [ITEM_CANCELLED]: Karazhar annule la vente de 1x Fishing Rod [Unbreaking II] pour 1,000.00β sur survie_new
[20:06:32] [ITEM_CANCELLED]: Karazhar annule la vente de 1x Diamond Helmet [Aqua Affinity] pour 300.00β sur survie_new
[20:06:37] [ITEM_RETURNED]: 1 x Diamond Helmet  [Aqua Affinity] renvoyé à Karazhar le survie_new
[20:06:37] [ITEM_RETURNED]: 1 x Fishing Rod  [Unbreaking II] renvoyé à Karazhar le survie_new
[20:06:37] [ITEM_RETURNED]: 1 x Fishing Rod  [Unbreaking I] renvoyé à Karazhar le survie_new
[20:06:37] [ITEM_RETURNED]: 1 x Fishing Rod  [Lure I] renvoyé à Karazhar le survie_new
[20:06:37] [ITEM_RETURNED]: 1 x Fishing Rod  [unknown] renvoyé à Karazhar le survie_new
[20:06:38] [ITEM_RETURNED]: 1 x Diamond Pickaxe  [Silk Touch] renvoyé à Karazhar le survie_new
[20:07:55] [ITEM_LISTED]: Karazhar vend 1 x Bow  [Power II] pour 100.00β sur survie_new
[20:13:06] [ITEM_LISTED]: Karazhar vend 1 x Diamond Shovel  [Unbreaking III] pour 1,000.00β sur survie_new
[20:13:12] [ITEM_LISTED]: Karazhar vend 1 x Diamond Hoe  [Unbreaking III] pour 1,000.00β sur survie_new
[20:13:20] [ITEM_LISTED]: Karazhar vend 1 x Diamond Sword  [Smite IV] pour 5,000.00β sur survie_new
[20:13:40] [ITEM_LISTED]: Karazhar vend 1 x Potion  pour 100.00β sur survie_new
[20:13:45] [ITEM_LISTED]: Karazhar vend 1 x Potion  pour 100.00β sur survie_new
[20:13:55] [ITEM_LISTED]: Karazhar vend 1 x Potion  pour 100.00β sur survie_new
[20:14:07] [ITEM_LISTED]: Karazhar vend 1 x Potion  pour 100.00β sur survie_new
[20:14:11] [ITEM_LISTED]: Karazhar vend 1 x Potion  pour 100.00β sur survie_new
[20:15:13] [ITEM_LISTED]: Karazhar vend 1 x Diamond Pickaxe  [Efficiency IV, Unbreaking III] pour 8,000.00β sur survie_new
[20:16:12] [ITEM_LISTED]: Karazhar vend 1 x Bee Nest  pour 500.00β sur survie_new
[20:16:16] [ITEM_LISTED]: Karazhar vend 1 x Bee Nest  pour 500.00β sur survie_new
[20:16:22] [ITEM_LISTED]: Karazhar vend 1 x Bee Nest  pour 500.00β sur survie_new
[20:16:29] [ITEM_LISTED]: Karazhar vend 1 x Bee Nest  pour 500.00β sur survie_new
[20:16:34] [ITEM_LISTED]: Karazhar vend 1 x Bee Nest  pour 500.00β sur survie_new
[20:16:47] [ITEM_LISTED]: Max_Le_Max vend 1 x Saddle  pour 800.00β sur survie_new
[20:16:50] [ITEM_LISTED]: Max_Le_Max vend 1 x Saddle  pour 800.00β sur survie_new
[20:16:54] [ITEM_LISTED]: Max_Le_Max vend 1 x Saddle  pour 800.00β sur survie_new
[20:16:56] [ITEM_LISTED]: Max_Le_Max vend 1 x Saddle  pour 800.00β sur survie_new
[20:16:58] [ITEM_LISTED]: Max_Le_Max vend 1 x Saddle  pour 800.00β sur survie_new
[20:17:06] [ITEM_LISTED]: Max_Le_Max vend 1 x Iron Horse Armor  pour 400.00β sur survie_new
[20:17:15] [ITEM_LISTED]: Max_Le_Max vend 1 x Diamond Horse Armor  pour 1,000.00β sur survie_new
[20:18:27] [ITEM_LISTED]: Max_Le_Max vend 3 x Livre  pour 2,000.00β sur survie_new
[20:18:36] [ITEM_LISTED]: Max_Le_Max vend 1 x Livre pour une création Légendaire  pour 3,999.00β sur survie_new
[20:19:17] [ITEM_SOLD]: Max_Le_Max vendu 1 x Livre pour une création Légendaire à  Futsiph pour 3,999.00 β le survie_new
[20:19:31] [ITEM_LISTED]: Ender_Shock vend 32 x Pumpkin Seeds  pour 175.00β sur survie_new
[20:20:01] [ITEM_SOLD]: Ender_Shock vendu 32 x Pumpkin Seeds à  Floraz pour 175.00 β le survie_new
[20:24:15] [ITEM_CANCELLED]: Bubu42 annule la vente de 1x Heart Of The Sea pour 13,000.00β sur survie_new
[20:24:25] [ITEM_CANCELLED]: Max_Le_Max annule la vente de 3x Livre pour 2,000.00β sur survie_new
[20:24:28] [ITEM_RETURNED]: 3 x Livre  renvoyé à Max_Le_Max le survie_new
[20:29:53] [ITEM_LISTED]: Max_Le_Max vend 1 x Eau Magique  pour 3,500.00β sur survie_new
[20:29:55] [ITEM_LISTED]: Max_Le_Max vend 1 x Eau Magique  pour 3,500.00β sur survie_new
[20:29:57] [ITEM_LISTED]: Max_Le_Max vend 1 x Eau Magique  pour 3,500.00β sur survie_new
[20:30:01] [ITEM_LISTED]: Max_Le_Max vend 1 x Eau Magique  pour 3,500.00β sur survie_new
[20:31:50] [ITEM_SOLD]: Max_Le_Max vendu 1 x Eau Magique à  Futsiph pour 3,500.00 β le survie_new
[20:31:53] [ITEM_SOLD]: Max_Le_Max vendu 1 x Eau Magique à  Futsiph pour 3,500.00 β le survie_new
[20:31:54] [ITEM_SOLD]: Max_Le_Max vendu 1 x Eau Magique à  Futsiph pour 3,500.00 β le survie_new
[20:31:56] [ITEM_SOLD]: Max_Le_Max vendu 1 x Eau Magique à  Futsiph pour 3,500.00 β le survie_new
[20:35:51] [ITEM_LISTED]: Max_Le_Max vend 1 x Améthiste Polie  pour 100.00β sur survie_new
[20:35:57] [ITEM_LISTED]: Max_Le_Max vend 2 x Améthiste  pour 350.00β sur survie_new
[20:36:12] [ITEM_CANCELLED]: Max_Le_Max annule la vente de 1x Améthiste Polie pour 100.00β sur survie_new
[20:36:14] [ITEM_RETURNED]: 1 x Améthiste Polie  renvoyé à Max_Le_Max le survie_new
[20:36:20] [ITEM_LISTED]: Max_Le_Max vend 1 x Améthiste Polie  pour 500.00β sur survie_new
[20:37:02] [ITEM_LISTED]: Max_Le_Max vend 64 x Purpur Block  pour 750.00β sur survie_new
[20:37:15] [ITEM_LISTED]: Max_Le_Max vend 32 x Purpur Block  pour 375.50β sur survie_new
[20:39:33] [ITEM_LISTED]: Bubu42 vend 64 x Gunpowder  pour 700.00β sur survie_new
[20:39:38] [ITEM_SOLD]: Bubu42 vendu 64 x Gunpowder à  JajamGamingYTB pour 700.00 β le survie_new
[20:44:50] [ITEM_SOLD]: Max_Le_Max vendu 1 x Améthiste Polie à  Futsiph pour 500.00 β le survie_new
[20:44:51] [ITEM_SOLD]: Max_Le_Max vendu 2 x Améthiste à  Futsiph pour 350.00 β le survie_new
[20:53:47] [ITEM_LISTED]: Karazhar vend 64 x Melon Seeds  pour 10.00β sur survie_new
[20:53:50] [ITEM_SOLD]: Karazhar vendu 64 x Melon Seeds à  MrNefrax pour 10.00 β le survie_new
[20:57:47] [ITEM_SOLD]: Karazhar vendu 1 x Bee Nest à  CroStein pour 500.00 β le survie_new
[20:58:04] [ITEM_SOLD]: Karazhar vendu 1 x Bee Nest à  CroStein pour 500.00 β le survie_new
[20:58:06] [ITEM_SOLD]: Karazhar vendu 1 x Bee Nest à  CroStein pour 500.00 β le survie_new
[20:58:08] [ITEM_SOLD]: Karazhar vendu 1 x Bee Nest à  CroStein pour 500.00 β le survie_new
[20:58:09] [ITEM_SOLD]: Karazhar vendu 1 x Bee Nest à  CroStein pour 500.00 β le survie_new
[21:04:21] [ITEM_LISTED]: Bubu42 vend 64 x Iron Ingot  pour 750.00β sur survie_new
[21:04:23] [ITEM_LISTED]: Bubu42 vend 64 x Iron Ingot  pour 750.00β sur survie_new
[21:04:24] [ITEM_LISTED]: Bubu42 vend 64 x Iron Ingot  pour 750.00β sur survie_new
[21:04:25] [ITEM_LISTED]: Bubu42 vend 64 x Iron Ingot  pour 750.00β sur survie_new
[21:04:26] [ITEM_SOLD]: Bubu42 vendu 64 x Iron Ingot à  Futsiph pour 750.00 β le survie_new
[21:04:27] [ITEM_LISTED]: Bubu42 vend 64 x Iron Ingot  pour 750.00β sur survie_new
[21:04:27] [ITEM_SOLD]: Bubu42 vendu 64 x Iron Ingot à  Futsiph pour 750.00 β le survie_new
[21:04:29] [ITEM_SOLD]: Bubu42 vendu 64 x Iron Ingot à  Futsiph pour 750.00 β le survie_new
[21:04:29] [ITEM_LISTED]: Bubu42 vend 64 x Iron Ingot  pour 750.00β sur survie_new
[21:04:30] [ITEM_SOLD]: Bubu42 vendu 64 x Iron Ingot à  Futsiph pour 750.00 β le survie_new
[21:04:32] [ITEM_SOLD]: Bubu42 vendu 64 x Iron Ingot à  Futsiph pour 750.00 β le survie_new
[21:04:32] [ITEM_LISTED]: Bubu42 vend 64 x Iron Ingot  pour 750.00β sur survie_new
[21:04:33] [ITEM_LISTED]: Bubu42 vend 64 x Iron Ingot  pour 750.00β sur survie_new
[21:04:34] [ITEM_SOLD]: Bubu42 vendu 64 x Iron Ingot à  Futsiph pour 750.00 β le survie_new
[21:04:35] [ITEM_SOLD]: Bubu42 vendu 64 x Iron Ingot à  Futsiph pour 750.00 β le survie_new
[21:04:37] [ITEM_SOLD]: Bubu42 vendu 64 x Iron Ingot à  Futsiph pour 750.00 β le survie_new
[21:07:04] [ITEM_LISTED]: Bubu42 vend 64 x Iron Ingot  pour 750.00β sur survie_new
[21:07:07] [ITEM_LISTED]: Bubu42 vend 64 x Iron Ingot  pour 750.00β sur survie_new
[21:07:08] [ITEM_LISTED]: Bubu42 vend 64 x Iron Ingot  pour 750.00β sur survie_new
[21:07:12] [ITEM_SOLD]: Bubu42 vendu 64 x Iron Ingot à  Futsiph pour 750.00 β le survie_new
[21:07:13] [ITEM_SOLD]: Bubu42 vendu 64 x Iron Ingot à  Futsiph pour 750.00 β le survie_new
[21:07:14] [ITEM_SOLD]: Bubu42 vendu 64 x Iron Ingot à  Futsiph pour 750.00 β le survie_new
[21:14:00] [ITEM_SOLD]: Efysio vendu 1 x Enchanted Book à  R0wZen pour 9,500.00 β le survie_new
[21:22:19] [ITEM_LISTED]: Karazhar vend 1 x §;§:Cave spider Spawner 1x  pour 4,500.00β sur survie_new
[21:22:30] [ITEM_LISTED]: Karazhar vend 1 x Dolphin Spawn Egg  pour 3,000.00β sur survie_new
[21:23:52] [ITEM_LISTED]: Karazhar vend 1 x Name Tag  pour 50.00β sur survie_new
[21:23:56] [ITEM_LISTED]: Karazhar vend 1 x Name Tag  pour 50.00β sur survie_new
[21:24:01] [ITEM_LISTED]: Karazhar vend 1 x Name Tag  pour 50.00β sur survie_new
[21:24:20] [ITEM_LISTED]: Karazhar vend 1 x Bee Nest  pour 500.00β sur survie_new
[21:24:26] [ITEM_LISTED]: Karazhar vend 1 x Bee Nest  pour 500.00β sur survie_new
[21:24:32] [ITEM_LISTED]: Karazhar vend 1 x Bee Nest  pour 500.00β sur survie_new
[21:24:40] [ITEM_LISTED]: Karazhar vend 1 x Bee Nest  pour 500.00β sur survie_new
[21:32:40] [ITEM_LISTED]: Bubu42 vend 61 x Gravel  pour 500.00β sur survie_new
[21:32:56] [ITEM_SOLD]: Bubu42 vendu 61 x Gravel à  pikatchou82 pour 500.00 β le survie_new
[21:34:56] [ITEM_LISTED]: brimiil vend 1 x White Bed  pour 50.00β sur survie_new
[21:35:17] [ITEM_SOLD]: brimiil vendu 1 x White Bed à  Bubu42 pour 50.00 β le survie_new
[21:36:18] [ITEM_LISTED]: Bubu42 vend 1 x White Bed  pour 200.00β sur survie_new
[21:36:24] [ITEM_SOLD]: Bubu42 vendu 1 x White Bed à  Lehnace pour 200.00 β le survie_new
[21:39:38] [ITEM_SOLD]: h_ney vendu 51 x Bone à  samyglue pour 10.00 β le survie_new
[22:37:28] [ITEM_LISTED]: Ender_Shock vend 1 x Carte du chat de BreakerLand  pour 10.00β sur survie_new
[22:38:07] [ITEM_SOLD]: Ender_Shock vendu 1 x Carte du chat de BreakerLand à  Bubu42 pour 10.00 β le survie_new
[23:19:03] [ITEM_SOLD]: LLIcocoman_Hrz vendu 32 x Quartz Block à  Karazhar pour 250.00 β le survie_new
[23:22:23] [ITEM_CANCELLED]: AzodFR annule la vente de 1x Diamond Shovel [Mending, Unbreaking III] pour 6,000.00β sur survie_new_the_end
[23:22:26] [ITEM_RETURNED]: 1 x Diamond Shovel  [Mending, Unbreaking III] renvoyé à AzodFR le survie_new_the_end
[23:29:52] [ITEM_SOLD]: Karazhar vendu 1 x Name Tag à  GoldenFarmers pour 50.00 β le survie_new
[23:29:53] [ITEM_SOLD]: Karazhar vendu 1 x Name Tag à  GoldenFarmers pour 50.00 β le survie_new
[23:29:54] [ITEM_SOLD]: Karazhar vendu 1 x Name Tag à  GoldenFarmers pour 50.00 β le survie_new
