[00:26:43] [ITEM_SOLD]: Lacourgette vendu 1 x Enchanted Book à  Karazhar pour 5,000.00 β le survie_new
[11:34:33] [ITEM_SOLD]: Rinpyo vendu 8 x Name Tag à  Isaorya pour 2,000.00 β le survie_new
[15:28:20] [ITEM_LISTED]: Dralis63 vend 11 x Spruce Log  pour 50.00β sur survie_new
[17:53:27] [ITEM_RETURNED]: 1 x Diamond Pickaxe  [Silk Touch] renvoyé à CouzVeBaton le survie_new
[18:11:37] [ITEM_SOLD]: Dralis63 vendu 11 x Spruce Log à  Isaorya pour 50.00 β le survie_new
[18:59:52] [ITEM_LISTED]: Christophe_ vend 64 x Prismarine Shard  pour 500.00β sur survie_new
[18:59:53] [ITEM_LISTED]: Christophe_ vend 64 x Prismarine Shard  pour 500.00β sur survie_new
[18:59:54] [ITEM_LISTED]: Christophe_ vend 64 x Prismarine Shard  pour 500.00β sur survie_new
[18:59:55] [ITEM_LISTED]: Christophe_ vend 64 x Prismarine Shard  pour 500.00β sur survie_new
[18:59:56] [ITEM_LISTED]: Christophe_ vend 64 x Prismarine Shard  pour 500.00β sur survie_new
[18:59:56] [ITEM_LISTED]: Christophe_ vend 64 x Prismarine Shard  pour 500.00β sur survie_new
[18:59:57] [ITEM_LISTED]: Christophe_ vend 64 x Prismarine Shard  pour 500.00β sur survie_new
[18:59:58] [ITEM_LISTED]: Christophe_ vend 64 x Prismarine Shard  pour 500.00β sur survie_new
[18:59:59] [ITEM_LISTED]: Christophe_ vend 64 x Prismarine Shard  pour 500.00β sur survie_new
[19:00:18] [ITEM_LISTED]: Christophe_ vend 64 x Prismarine Crystals  pour 3,000.00β sur survie_new
[19:00:20] [ITEM_LISTED]: Christophe_ vend 64 x Prismarine Crystals  pour 3,000.00β sur survie_new
[19:00:21] [ITEM_LISTED]: Christophe_ vend 64 x Prismarine Crystals  pour 3,000.00β sur survie_new
[19:00:23] [ITEM_LISTED]: Christophe_ vend 64 x Prismarine Crystals  pour 3,000.00β sur survie_new
[19:00:24] [ITEM_LISTED]: Christophe_ vend 64 x Prismarine Crystals  pour 3,000.00β sur survie_new
[19:00:24] [ITEM_LISTED]: Christophe_ vend 64 x Prismarine Crystals  pour 3,000.00β sur survie_new
[19:00:25] [ITEM_LISTED]: Christophe_ vend 64 x Prismarine Crystals  pour 3,000.00β sur survie_new
[19:00:26] [ITEM_LISTED]: Christophe_ vend 64 x Prismarine Crystals  pour 3,000.00β sur survie_new
[19:00:27] [ITEM_LISTED]: Christophe_ vend 64 x Prismarine Crystals  pour 3,000.00β sur survie_new
[19:00:37] [ITEM_LISTED]: Christophe_ vend 64 x Prismarine Shard  pour 500.00β sur survie_new
[19:00:38] [ITEM_LISTED]: Christophe_ vend 64 x Prismarine Shard  pour 500.00β sur survie_new
[19:00:39] [ITEM_LISTED]: Christophe_ vend 64 x Prismarine Shard  pour 500.00β sur survie_new
[19:00:40] [ITEM_LISTED]: Christophe_ vend 64 x Prismarine Shard  pour 500.00β sur survie_new
[19:00:41] [ITEM_LISTED]: Christophe_ vend 64 x Prismarine Shard  pour 500.00β sur survie_new
[19:00:42] [ITEM_LISTED]: Christophe_ vend 64 x Prismarine Shard  pour 500.00β sur survie_new
[19:00:43] [ITEM_LISTED]: Christophe_ vend 64 x Prismarine Shard  pour 500.00β sur survie_new
[19:00:46] [ITEM_LISTED]: Christophe_ vend 64 x Prismarine Shard  pour 500.00β sur survie_new
[19:00:47] [ITEM_LISTED]: Christophe_ vend 64 x Prismarine Shard  pour 500.00β sur survie_new
[19:01:20] [ITEM_LISTED]: Christophe_ vend 64 x Prismarine Crystals  pour 3,000.00β sur survie_new
[19:01:22] [ITEM_LISTED]: Christophe_ vend 64 x Prismarine Crystals  pour 3,000.00β sur survie_new
[19:01:22] [ITEM_LISTED]: Christophe_ vend 64 x Prismarine Crystals  pour 3,000.00β sur survie_new
[19:01:23] [ITEM_LISTED]: Christophe_ vend 64 x Prismarine Crystals  pour 3,000.00β sur survie_new
[19:01:24] [ITEM_LISTED]: Christophe_ vend 64 x Prismarine Crystals  pour 3,000.00β sur survie_new
[19:01:25] [ITEM_LISTED]: Christophe_ vend 64 x Prismarine Crystals  pour 3,000.00β sur survie_new
[19:01:26] [ITEM_LISTED]: Christophe_ vend 64 x Prismarine Crystals  pour 3,000.00β sur survie_new
[19:01:27] [ITEM_LISTED]: Christophe_ vend 64 x Prismarine Crystals  pour 3,000.00β sur survie_new
[19:01:28] [ITEM_LISTED]: Christophe_ vend 64 x Prismarine Crystals  pour 3,000.00β sur survie_new
[19:04:13] [ITEM_LISTED]: pikatchou82 vend 64 x Golden Apple  pour 5,000.00β sur survie_new
[19:04:53] [ITEM_SOLD]: Max_Le_Max vendu 1 x §;§:Dolphin Spawner 1x à  pikatchou82 pour 10,000.00 β le survie_new
[19:04:56] [ITEM_SOLD]: Efysio vendu 1 x §;§:Cat Spawner 1x à  pikatchou82 pour 10,000.00 β le survie_new
[19:05:19] [ITEM_SOLD]: Christophe_ vendu 64 x Prismarine Shard à  Efysio pour 500.00 β le survie_new
[19:05:22] [ITEM_SOLD]: Christophe_ vendu 64 x Prismarine Shard à  Efysio pour 500.00 β le survie_new
[19:05:31] [ITEM_CANCELLED]: Efysio annule la vente de 1x Enchanted Book pour 9,200.00β sur survie_new
[19:05:34] [ITEM_CANCELLED]: Efysio annule la vente de 1x Enchanted Book pour 9,200.00β sur survie_new
[19:05:36] [ITEM_CANCELLED]: Efysio annule la vente de 1x Enchanted Book pour 9,200.00β sur survie_new
[19:05:37] [ITEM_CANCELLED]: Efysio annule la vente de 1x Enchanted Book pour 9,200.00β sur survie_new
[19:05:45] [ITEM_RETURNED]: 1 x Enchanted Book  renvoyé à Efysio le survie_new
[19:05:46] [ITEM_RETURNED]: 1 x Enchanted Book  renvoyé à Efysio le survie_new
[19:05:46] [ITEM_RETURNED]: 1 x Enchanted Book  renvoyé à Efysio le survie_new
[19:05:46] [ITEM_RETURNED]: 1 x Enchanted Book  renvoyé à Efysio le survie_new
[19:05:59] [ITEM_LISTED]: Efysio vend 1 x Enchanted Book  pour 8,950.00β sur survie_new
[19:06:01] [ITEM_LISTED]: Efysio vend 1 x Enchanted Book  pour 8,950.00β sur survie_new
[19:06:03] [ITEM_LISTED]: Efysio vend 1 x Enchanted Book  pour 8,950.00β sur survie_new
[19:06:06] [ITEM_LISTED]: Efysio vend 1 x Enchanted Book  pour 8,950.00β sur survie_new
[19:07:25] [ITEM_SOLD]: Christophe_ vendu 64 x Prismarine Shard à  Efysio pour 500.00 β le survie_new
[19:07:26] [ITEM_SOLD]: Christophe_ vendu 64 x Prismarine Shard à  Efysio pour 500.00 β le survie_new
[19:07:28] [ITEM_SOLD]: Christophe_ vendu 64 x Prismarine Shard à  Efysio pour 500.00 β le survie_new
[19:07:30] [ITEM_SOLD]: Christophe_ vendu 64 x Prismarine Shard à  Efysio pour 500.00 β le survie_new
[19:09:56] [ITEM_LISTED]: pikatchou82 vend 64 x Golden Apple  pour 5,000.00β sur survie_new
[19:09:59] [ITEM_LISTED]: pikatchou82 vend 64 x Golden Apple  pour 5,000.00β sur survie_new
[19:10:05] [ITEM_LISTED]: pikatchou82 vend 64 x Golden Apple  pour 5,000.00β sur survie_new
[19:16:31] [ITEM_SOLD]: Ender_Shock vendu 1 x Enchanted Book à  Mboubou pour 9,000.00 β le survie_new
[19:19:10] [ITEM_CANCELLED]: pikatchou82 annule la vente de 64x Golden Apple pour 5,000.00β sur survie_new
[19:19:11] [ITEM_CANCELLED]: pikatchou82 annule la vente de 64x Golden Apple pour 5,000.00β sur survie_new
[19:19:12] [ITEM_CANCELLED]: pikatchou82 annule la vente de 64x Golden Apple pour 5,000.00β sur survie_new
[19:19:12] [ITEM_CANCELLED]: pikatchou82 annule la vente de 64x Golden Apple pour 5,000.00β sur survie_new
[19:19:27] [ITEM_RETURNED]: 64 x Golden Apple  renvoyé à pikatchou82 le survie_new
[19:19:27] [ITEM_RETURNED]: 64 x Golden Apple  renvoyé à pikatchou82 le survie_new
[19:19:27] [ITEM_RETURNED]: 64 x Golden Apple  renvoyé à pikatchou82 le survie_new
[19:19:27] [ITEM_RETURNED]: 64 x Golden Apple  renvoyé à pikatchou82 le survie_new
[19:19:43] [ITEM_LISTED]: pikatchou82 vend 64 x Golden Apple  pour 5,000.00β sur survie_new
[19:19:45] [ITEM_LISTED]: pikatchou82 vend 64 x Golden Apple  pour 5,000.00β sur survie_new
[19:19:48] [ITEM_LISTED]: pikatchou82 vend 64 x Golden Apple  pour 5,000.00β sur survie_new
[19:19:49] [ITEM_LISTED]: pikatchou82 vend 64 x Golden Apple  pour 5,000.00β sur survie_new
[19:22:47] [ITEM_SOLD]: Christophe_ vendu 64 x Prismarine Shard à  pikatchou82 pour 500.00 β le survie_new
[19:24:35] [ITEM_SOLD]: Christophe_ vendu 55 x Prismarine Shard à  pikatchou82 pour 500.00 β le survie_new
[19:24:38] [ITEM_SOLD]: Christophe_ vendu 55 x Prismarine Shard à  pikatchou82 pour 500.00 β le survie_new
[19:24:41] [ITEM_SOLD]: Christophe_ vendu 55 x Prismarine Shard à  pikatchou82 pour 500.00 β le survie_new
[19:45:38] [ITEM_LISTED]: ticiatrhd vend 1 x Diamond Sword  [Fire Aspect I, Knockback II, Looting III, Smite IV] pour 2,500.00β sur survie_new
[19:58:32] [ITEM_LISTED]: CroixVeBaton vend 64 x Seagrass  pour 500.00β sur survie_new
[19:58:41] [ITEM_LISTED]: CroixVeBaton vend 64 x Seagrass  pour 500.00β sur survie_new
[19:58:55] [ITEM_SOLD]: CroixVeBaton vendu 64 x Seagrass à  Bubu42 pour 500.00 β le survie_new
[20:21:59] [ITEM_SOLD]: Christophe_ vendu 9 x Prismarine Crystals à  Futsiph pour 3,000.00 β le survie_new
[20:28:33] [ITEM_LISTED]: Lacourgette vend 1 x Dragon Egg  pour 5,000.00β sur survie_new
[20:38:07] [ITEM_SOLD]: Lacourgette vendu 1 x Dragon Egg à  Christophe_ pour 5,000.00 β le survie_new
[20:50:47] [ITEM_SOLD]: Christophe_ vendu 1 x Prismarine Crystals à  Futsiph pour 3,000.00 β le survie_new
[21:06:27] [ITEM_SOLD]: Christophe_ vendu 25 x Prismarine Crystals à  Futsiph pour 3,000.00 β le survie_new
[21:32:34] [ITEM_LISTED]: lancelot vend 1 x Enchanted Book  pour 3,000.00β sur survie_new
[21:32:48] [ITEM_LISTED]: MrNefrax vend 9 x Honeycomb  pour 500.00β sur survie_new
[21:32:53] [ITEM_LISTED]: lancelot vend 1 x Enchanted Book  pour 6,000.00β sur survie_new
[21:34:22] [ITEM_LISTED]: lancelot vend 1 x Enchanted Book  pour 5,000.00β sur survie_new
