[01:15:10] [ITEM_SOLD]: CouzVeBaton vendu 1 x Diamond Pickaxe à  [Silk Touch] rockronsley pour 2,000.00 β le survie_new
[01:27:51] [ITEM_LISTED]: Doomsmen vend 1 x Ghast Tear  pour 10,000.00β sur survie_new
[01:27:55] [ITEM_LISTED]: Doomsmen vend 1 x Ghast Tear  pour 10,000.00β sur survie_new
[01:27:59] [ITEM_LISTED]: Doomsmen vend 1 x Ghast Tear  pour 10,000.00β sur survie_new
[01:28:06] [ITEM_LISTED]: Doomsmen vend 1 x Ghast Tear  pour 10,000.00β sur survie_new
[01:28:10] [ITEM_LISTED]: Doomsmen vend 1 x Ghast Tear  pour 10,000.00β sur survie_new
[01:30:11] [ITEM_CANCELLED]: Doomsmen annule la vente de 1x Ghast Tear pour 10,000.00β sur survie_new
[01:30:12] [ITEM_CANCELLED]: Doomsmen annule la vente de 1x Ghast Tear pour 10,000.00β sur survie_new
[01:30:12] [ITEM_CANCELLED]: Doomsmen annule la vente de 1x Ghast Tear pour 10,000.00β sur survie_new
[01:30:13] [ITEM_CANCELLED]: Doomsmen annule la vente de 1x Ghast Tear pour 10,000.00β sur survie_new
[01:30:13] [ITEM_CANCELLED]: Doomsmen annule la vente de 1x Ghast Tear pour 10,000.00β sur survie_new
[01:30:15] [ITEM_RETURNED]: 1 x Ghast Tear  renvoyé à Doomsmen le survie_new
[01:30:16] [ITEM_RETURNED]: 1 x Ghast Tear  renvoyé à Doomsmen le survie_new
[01:30:16] [ITEM_RETURNED]: 1 x Ghast Tear  renvoyé à Doomsmen le survie_new
[01:30:16] [ITEM_RETURNED]: 1 x Ghast Tear  renvoyé à Doomsmen le survie_new
[01:30:17] [ITEM_RETURNED]: 1 x Ghast Tear  renvoyé à Doomsmen le survie_new
[01:30:43] [ITEM_LISTED]: Doomsmen vend 5 x Ghast Tear  pour 5,000.00β sur survie_new
[14:13:30] [ITEM_RETURNED]: 1 x Enchanted Book  renvoyé à Doomsmen le survie_new
[15:19:28] [ITEM_LISTED]: Pinsut vend 2 x Honey Block  pour 500.00β sur survie_new
[15:41:22] [ITEM_LISTED]: YameteeLilyChan vend 1 x Ghast Tear  pour 1,000.00β sur survie_new
[15:41:45] [ITEM_LISTED]: LaBananeNoire vend 64 x Cobblestone  pour 1,000.00β sur survie_new
[15:42:18] [ITEM_SOLD]: Yohan81 vendu 1 x Diamond Pickaxe à  [Silk Touch] Phoenix_310718 pour 1,500.00 β le survie_new
[16:16:38] [ITEM_LISTED]: Doomsmen vend 1 x Trident  [Channeling, Loyalty III] pour 30,000.00β sur survie_new
[18:03:22] [ITEM_LISTED]: Doomsmen vend 1 x Enchanted Book  pour 3,000.00β sur survie_new
[18:03:36] [ITEM_CANCELLED]: Doomsmen annule la vente de 64x Cobblestone pour 50.00β sur survie_new
[18:03:36] [ITEM_CANCELLED]: Doomsmen annule la vente de 64x Cobblestone pour 50.00β sur survie_new
[18:03:39] [ITEM_CANCELLED]: Doomsmen annule la vente de 1x Trident [Channeling, Loyalty III] pour 30,000.00β sur survie_new
[18:03:41] [ITEM_RETURNED]: 1 x Trident  [Channeling, Loyalty III] renvoyé à Doomsmen le survie_new
[18:06:54] [ITEM_LISTED]: Doomsmen vend 1 x Trident  [Channeling, Impaling V, Loyalty III] pour 35,000.00β sur survie_new
[18:11:14] [ITEM_LISTED]: Ragez_MC vend 64 x Banane  pour 20.00β sur survie_new
[18:34:46] [ITEM_SOLD]: aidan vendu 1 x Plastron à  [Protection V, Unbreaking V] niguetto5 pour 1,500.00 β le survie_new
[18:34:48] [ITEM_SOLD]: aidan vendu 1 x Jambières à  [Protection V, Unbreaking V] niguetto5 pour 1,500.00 β le survie_new
[18:45:31] [ITEM_SOLD]: estedu59 vendu 21 x Quartz Block à  ianito pour 750.00 β le survie_new
[18:53:59] [ITEM_SOLD]: Fesiix vendu 64 x Cocoa Beans à  niguetto5 pour 30.00 β le survie_new
[19:02:38] [ITEM_SOLD]: blazou38 vendu 1 x Diamond Pickaxe à  [Silk Touch] LaBananeNoire pour 4,000.00 β le survie_new
[19:09:26] [ITEM_SOLD]: Pinsut vendu 2 x Honey Block à  omega2028 pour 500.00 β le survie_new
[19:09:42] [ITEM_SOLD]: Ragez_MC vendu 64 x Banane à  omega2028 pour 20.00 β le survie_new
[19:23:31] [ITEM_SOLD]: blazou38 vendu 1 x Bow à  [Flame, Infinity] aminebenferrah pour 1,500.00 β le survie_new
[19:52:03] [ITEM_SOLD]: Rinpyo vendu 1 x Bow à  [Flame, Infinity, Power V, Punch II, Unbreaking III] Pinsut pour 4,000.00 β le survie_new
[19:54:52] [ITEM_LISTED]: LaBananeNoire vend 1 x Diamond Pickaxe  [Efficiency II, Silk Touch] pour 5,000.00β sur survie_new
[20:07:39] [ITEM_LISTED]: samdec666 vend 64 x Spruce Log  pour 200.00β sur survie_new
[20:07:42] [ITEM_LISTED]: samdec666 vend 64 x Jungle Log  pour 200.00β sur survie_new
[20:07:44] [ITEM_LISTED]: samdec666 vend 64 x Spruce Log  pour 200.00β sur survie_new
[20:07:46] [ITEM_LISTED]: samdec666 vend 64 x Spruce Log  pour 200.00β sur survie_new
[20:07:48] [ITEM_LISTED]: samdec666 vend 64 x Spruce Log  pour 200.00β sur survie_new
[20:07:50] [ITEM_LISTED]: samdec666 vend 64 x Jungle Log  pour 200.00β sur survie_new
[20:07:52] [ITEM_LISTED]: samdec666 vend 64 x Jungle Log  pour 200.00β sur survie_new
[20:07:53] [ITEM_LISTED]: samdec666 vend 64 x Oak Log  pour 200.00β sur survie_new
[20:21:43] [ITEM_SOLD]: blazou38 vendu 1 x Bow à  [Flame, Infinity] Fesiix pour 1,500.00 β le survie_new
[20:36:51] [ITEM_CANCELLED]: LaBananeNoire annule la vente de 1x Diamond Pickaxe [Efficiency II, Silk Touch] pour 5,000.00β sur survie_new
[20:36:55] [ITEM_SOLD]: samdec666 vendu 64 x Oak Log à  Fesiix pour 200.00 β le survie_new
[20:37:21] [ITEM_RETURNED]: 1 x Diamond Pickaxe  [Efficiency II, Silk Touch] renvoyé à LaBananeNoire le survie_new
[20:37:26] [ITEM_CANCELLED]: LaBananeNoire annule la vente de 64x Cobblestone pour 1,000.00β sur survie_new
[20:37:31] [ITEM_SOLD]: OfCourse vendu 1 x Iron Chestplate à  [Protection IV] Fesiix pour 1,000.00 β le survie_new
[20:37:36] [ITEM_RETURNED]: 64 x Cobblestone  renvoyé à LaBananeNoire le survie_new
[20:37:47] [ITEM_LISTED]: LaBananeNoire vend 64 x Cobblestone  pour 50.00β sur survie_new
[20:38:21] [ITEM_LISTED]: LaBananeNoire vend 1 x Diamond Pickaxe  [Efficiency II, Silk Touch] pour 4,500.00β sur survie_new
[20:42:25] [ITEM_LISTED]: LaBananeNoire vend 32 x Nether Bricks  pour 200.00β sur survie_new
[21:20:44] [ITEM_CANCELLED]: LaBananeNoire annule la vente de 32x Nether Bricks pour 200.00β sur survie_new
[21:20:46] [ITEM_CANCELLED]: LaBananeNoire annule la vente de 1x Diamond Pickaxe [Efficiency II, Silk Touch] pour 4,500.00β sur survie_new
[21:20:46] [ITEM_CANCELLED]: LaBananeNoire annule la vente de 64x Cobblestone pour 50.00β sur survie_new
[21:21:02] [ITEM_RETURNED]: 1 x Diamond Pickaxe  [Efficiency II, Silk Touch] renvoyé à LaBananeNoire le survie_new
[21:28:14] [ITEM_SOLD]: estedu59 vendu 2 x §;§:Spawner Cave spider x1 à  Isaorya pour 10,000.00 β le survie_new
[21:36:49] [ITEM_LISTED]: LaBananeNoire vend 1 x Diamond Pickaxe  [Efficiency III, Silk Touch] pour 4,000.00β sur survie_new
[21:37:17] [ITEM_CANCELLED]: LaBananeNoire annule la vente de 1x Diamond Pickaxe [Efficiency III, Silk Touch] pour 4,000.00β sur survie_new
[21:37:32] [ITEM_RETURNED]: 1 x Diamond Pickaxe  [Efficiency III, Silk Touch] renvoyé à LaBananeNoire le survie_new
[21:37:52] [ITEM_LISTED]: LaBananeNoire vend 1 x Diamond Pickaxe  [Efficiency III, Silk Touch] pour 4,800.00β sur survie_new
[22:05:14] [ITEM_LISTED]: Christophe_ vend 11 x Ink Sac  pour 1,100.00β sur survie_new
[22:05:22] [ITEM_SOLD]: Christophe_ vendu 11 x Ink Sac à  ianito pour 1,100.00 β le survie_new
[23:02:18] [ITEM_LISTED]: Pabillus vend 1 x Potion  pour 3,000.00β sur survie_new
[23:02:26] [ITEM_LISTED]: Pabillus vend 1 x Potion  pour 2,000.00β sur survie_new
[23:02:32] [ITEM_LISTED]: Pabillus vend 1 x Potion  pour 2,000.00β sur survie_new
[23:14:25] [ITEM_LISTED]: niguetto5 vend 1 x Ghast Tear  pour 500.00β sur survie_new
[23:47:33] [ITEM_LISTED]: niguetto5 vend 5 x Ghast Tear  pour 2,500.00β sur survie_new
