[00:30:59] [ITEM_CANCELLED]: Karazhar annule la vente de 2x Diamond pour 600.00β sur survie_new
[00:31:02] [ITEM_CANCELLED]: Karazhar annule la vente de 2x Diamond pour 600.00β sur survie_new
[00:31:04] [ITEM_CANCELLED]: Karazhar annule la vente de 1x Diamond pour 400.00β sur survie_new
[00:31:05] [ITEM_CANCELLED]: Karazhar annule la vente de 1x Diamond pour 400.00β sur survie_new
[00:31:06] [ITEM_CANCELLED]: Karazhar annule la vente de 1x Diamond pour 400.00β sur survie_new
[00:31:20] [ITEM_RETURNED]: 1 x Diamond  renvoyé à Karazhar le survie_new
[00:31:20] [ITEM_RETURNED]: 1 x Diamond  renvoyé à Karazhar le survie_new
[00:31:21] [ITEM_RETURNED]: 1 x Diamond  renvoyé à Karazhar le survie_new
[00:31:21] [ITEM_RETURNED]: 2 x Diamond  renvoyé à Karazhar le survie_new
[00:31:21] [ITEM_RETURNED]: 2 x Diamond  renvoyé à Karazhar le survie_new
[00:31:21] [ITEM_CANCELLED]: Karazhar annule la vente de 1x §;§:Spawner Spider x1 pour 7,500.00β sur survie_new
[00:31:21] [ITEM_CANCELLED]: Karazhar annule la vente de 1x §;§:Spawner Spider x1 pour 7,500.00β sur survie_new
[00:31:35] [ITEM_RETURNED]: 1 x §;§:Spawner Spider x1  renvoyé à Karazhar le survie_new
[00:31:36] [ITEM_RETURNED]: 1 x §;§:Spawner Spider x1  renvoyé à Karazhar le survie_new
[00:31:58] [ITEM_LISTED]: Karazhar vend 1 x Diamond  pour 100.00β sur survie_new
[00:32:03] [ITEM_LISTED]: Karazhar vend 1 x Diamond  pour 100.00β sur survie_new
[00:32:18] [ITEM_LISTED]: Karazhar vend 1 x Diamond  pour 100.00β sur survie_new
[00:32:44] [ITEM_LISTED]: Karazhar vend 1 x §;§:Spawner Spider x1  pour 400.00β sur survie_new
[00:32:53] [ITEM_LISTED]: Karazhar vend 1 x §;§:Spawner Spider x1  pour 400.00β sur survie_new
[00:32:58] [ITEM_LISTED]: Karazhar vend 1 x Diamond  pour 100.00β sur survie_new
[00:37:47] [ITEM_SOLD]: Efysio vendu 64 x Quartz Block à  Doomsmen pour 1,500.00 β le survie_new
[00:37:48] [ITEM_SOLD]: Efysio vendu 64 x Quartz Block à  Doomsmen pour 1,500.00 β le survie_new
[00:37:49] [ITEM_SOLD]: Alexia67710 vendu 64 x Quartz Block à  Doomsmen pour 1,500.00 β le survie_new
[00:37:51] [ITEM_SOLD]: Alexia67710 vendu 64 x Quartz Block à  Doomsmen pour 1,500.00 β le survie_new
[01:19:10] [ITEM_CANCELLED]: Karazhar annule la vente de 1x §;§:Spawner Spider x1 pour 400.00β sur survie_new
[01:19:12] [ITEM_RETURNED]: 1 x §;§:Spawner Spider x1  renvoyé à Karazhar le survie_new
[10:26:45] [ITEM_LISTED]: rockronsley vend 1 x §;§:Spawner Zombie x1  pour 8,000.00β sur survie_new
[12:28:13] [ITEM_SOLD]: Karazhar vendu 1 x Diamond à  Cubyvore pour 100.00 β le survie_new
[12:28:16] [ITEM_SOLD]: Karazhar vendu 1 x Diamond à  Cubyvore pour 100.00 β le survie_new
[12:28:17] [ITEM_SOLD]: Karazhar vendu 1 x Diamond à  Cubyvore pour 100.00 β le survie_new
[12:28:21] [ITEM_SOLD]: Karazhar vendu 1 x Diamond à  Cubyvore pour 100.00 β le survie_new
[12:31:43] [ITEM_CANCELLED]: Doomsmen annule la vente de 1x Diamond Pickaxe [Silk Touch] pour 1,500.00β sur survie_new
[12:31:45] [ITEM_RETURNED]: 1 x Diamond Pickaxe  [Silk Touch] renvoyé à Doomsmen le survie_new
[12:42:41] [ITEM_LISTED]: Doomsmen vend 1 x Golden Horse Armor  pour 8,000.00β sur survie_new
[12:42:58] [ITEM_LISTED]: Doomsmen vend 1 x Diamond Horse Armor  pour 15,000.00β sur survie_new
[12:43:55] [ITEM_LISTED]: Doomsmen vend 1 x §;§:Spawner Blaze x1  pour 8,000.00β sur survie_new
[12:43:58] [ITEM_LISTED]: Doomsmen vend 1 x §;§:Spawner Blaze x1  pour 8,000.00β sur survie_new
[12:57:48] [ITEM_LISTED]: Doomsmen vend 1 x Saddle  pour 5,000.00β sur survie_new
[12:57:50] [ITEM_LISTED]: Doomsmen vend 1 x Saddle  pour 5,000.00β sur survie_new
[13:34:52] [ITEM_SOLD]: Doomsmen vendu 1 x Diamond Pickaxe à  [Silk Touch] Cubyvore pour 1,500.00 β le survie_new
[13:41:10] [ITEM_LISTED]: RobaingDeBoa vend 1 x Potion  pour 500.00β sur survie_new
[13:41:17] [ITEM_SOLD]: RobaingDeBoa vendu 1 x Potion à  XeWi_ pour 500.00 β le survie_new
[13:48:47] [ITEM_LISTED]: realvirtuose vend 1 x Music Disc Stal  pour 10,000.00β sur survie_new
[13:55:03] [ITEM_CANCELLED]: Rinpyo annule la vente de 1x Bow [Flame, Infinity, Power V, Punch I, Unbreaking III, Curse of Vanishing] pour 4,000.00β sur survie_new
[13:55:07] [ITEM_CANCELLED]: Rinpyo annule la vente de 1x Fishing Rod [unknown, Lure II, Mending, Unbreaking III] pour 5,000.00β sur survie_new
[13:55:56] [ITEM_RETURNED]: 1 x Bow  [Flame, Infinity, Power V, Punch I, Unbreaking III, Curse of Vanishing] renvoyé à Rinpyo le survie_new
[13:55:56] [ITEM_RETURNED]: 1 x Fishing Rod  [unknown, Lure II, Mending, Unbreaking III] renvoyé à Rinpyo le survie_new
[13:55:57] [ITEM_RETURNED]: 64 x Slime Ball  renvoyé à Rinpyo le survie_new
[13:57:51] [ITEM_LISTED]: Rinpyo vend 64 x Slime Ball  pour 1,500.00β sur survie_new
[14:32:16] [ITEM_SOLD]: GoldenFarmers vendu 1 x Enchanted Book à  StormOxyde pour 700.00 β le survie_new
[14:47:39] [ITEM_CANCELLED]: MATHEO annule la vente de 1x §;§:Spawner Cave spider x1 pour 10,000.00β sur survie_new
[14:47:40] [ITEM_CANCELLED]: MATHEO annule la vente de 1x §;§:Spawner Cave spider x1 pour 10,000.00β sur survie_new
[14:47:40] [ITEM_CANCELLED]: MATHEO annule la vente de 1x §;§:Spawner Cave spider x1 pour 10,000.00β sur survie_new
[14:47:41] [ITEM_CANCELLED]: MATHEO annule la vente de 1x §;§:Spawner Cave spider x1 pour 10,000.00β sur survie_new
[14:47:42] [ITEM_RETURNED]: 1 x §;§:Spawner Cave spider x1  renvoyé à MATHEO le survie_new
[14:47:43] [ITEM_RETURNED]: 1 x §;§:Spawner Cave spider x1  renvoyé à MATHEO le survie_new
[14:47:44] [ITEM_RETURNED]: 1 x §;§:Spawner Cave spider x1  renvoyé à MATHEO le survie_new
[14:47:44] [ITEM_RETURNED]: 1 x §;§:Spawner Cave spider x1  renvoyé à MATHEO le survie_new
[14:48:02] [ITEM_LISTED]: MATHEO vend 4 x §;§:Spawner Cave spider x1  pour 10,000.00β sur survie_new
[14:56:20] [ITEM_LISTED]: StormOxyde vend 64 x Quartz Block  pour 1,100.00β sur survie_new
[14:56:34] [ITEM_LISTED]: StormOxyde vend 64 x Quartz Block  pour 1,100.00β sur survie_new
[14:56:43] [ITEM_SOLD]: StormOxyde vendu 64 x Quartz Block à  Doomsmen pour 1,100.00 β le survie_new
[14:56:45] [ITEM_SOLD]: StormOxyde vendu 64 x Quartz Block à  Doomsmen pour 1,100.00 β le survie_new
[15:01:24] [ITEM_LISTED]: estedu59 vend 1 x Diamond Pickaxe  [Efficiency I] pour 500.00β sur survie_new
[15:23:29] [ITEM_LISTED]: realvirtuose vend 1 x §;§:Spawner Cave spider x1  pour 7,000.00β sur survie_new
[15:23:31] [ITEM_LISTED]: realvirtuose vend 1 x §;§:Spawner Cave spider x1  pour 7,000.00β sur survie_new
[15:23:37] [ITEM_LISTED]: realvirtuose vend 1 x §;§:Spawner Cave spider x1  pour 7,000.00β sur survie_new
[15:23:38] [ITEM_LISTED]: realvirtuose vend 1 x §;§:Spawner Cave spider x1  pour 7,000.00β sur survie_new
[15:23:44] [ITEM_LISTED]: realvirtuose vend 1 x §;§:Spawner Cave spider x1  pour 7,000.00β sur survie_new
[15:28:13] [ITEM_SOLD]: Doomsmen vendu 1 x §;§:Spawner Blaze x1 à  Merlin_le_sage pour 8,000.00 β le survie_new
[16:51:29] [ITEM_LISTED]: Alexia67710 vend 64 x Quartz Block  pour 1,250.00β sur survie_new
[16:51:35] [ITEM_SOLD]: Alexia67710 vendu 64 x Quartz Block à  Doomsmen pour 1,250.00 β le survie_new
[17:30:03] [ITEM_LISTED]: _Robinou_ vend 10 x Banane  pour 100.00β sur survie_new
[17:31:21] [ITEM_LISTED]: _Robinou_ vend 64 x Stone  pour 500.00β sur survie_new
[17:31:29] [ITEM_LISTED]: _Robinou_ vend 64 x Stone  pour 500.00β sur survie_new
[17:31:32] [ITEM_LISTED]: _Robinou_ vend 64 x Stone  pour 500.00β sur survie_new
[17:31:36] [ITEM_LISTED]: _Robinou_ vend 64 x Stone  pour 500.00β sur survie_new
[17:34:15] [ITEM_SOLD]: Wenos_XIII vendu 64 x Bamboo à  Loan02 pour 50.00 β le survie_new
[17:41:00] [ITEM_SOLD]: Karazhar vendu 1 x §;§:Spawner Spider x1 à  Natvolh24 pour 400.00 β le survie_new
[17:41:21] [ITEM_SOLD]: Doomsmen vendu 1 x Diamond Sword à  [Knockback I, Looting II] Natvolh24 pour 500.00 β le survie_new
[17:48:51] [ITEM_LISTED]: _Robinou_ vend 1 x Diamond Pickaxe  [Silk Touch] pour 500.00β sur survie_new
[17:49:01] [ITEM_LISTED]: _Robinou_ vend 30 x Sugar Cane  pour 500.00β sur survie_new
[17:49:14] [ITEM_LISTED]: _Robinou_ vend 7 x Iron Ore  pour 500.00β sur survie_new
[17:49:18] [ITEM_LISTED]: _Robinou_ vend 5 x Coal Ore  pour 500.00β sur survie_new
[17:49:38] [ITEM_SOLD]: Yohan81 vendu 64 x Melon Seeds à  RobaingDeBoa pour 100.00 β le survie_new
[17:49:48] [ITEM_CANCELLED]: _Robinou_ annule la vente de 10x Banane pour 100.00β sur survie_new
[17:51:42] [ITEM_CANCELLED]: _Robinou_ annule la vente de 1x Diamond Pickaxe [Silk Touch] pour 500.00β sur survie_new
[17:52:26] [ITEM_RETURNED]: 1 x Diamond Pickaxe  [Silk Touch] renvoyé à _Robinou_ le survie_new
[17:54:29] [ITEM_LISTED]: _Robinou_ vend 64 x Quartz Block  pour 1,500.00β sur survie_new
[17:55:03] [ITEM_SOLD]: _Robinou_ vendu 64 x Quartz Block à  ianito pour 1,500.00 β le survie_new
[18:01:55] [ITEM_CANCELLED]: _Robinou_ annule la vente de 7x Iron Ore pour 500.00β sur survie_new
[18:01:59] [ITEM_RETURNED]: 7 x Iron Ore  renvoyé à _Robinou_ le survie_new
[18:04:50] [ITEM_SOLD]: Doomsmen vendu 1 x Trident à  [Channeling, Impaling V, Loyalty III] pikatchou82 pour 35,000.00 β le survie_new
[18:12:30] [ITEM_LISTED]: Natvolh24 vend 1 x Crossbow  pour 450.00β sur survie_new
[18:14:59] [ITEM_SOLD]: Natvolh24 vendu 1 x Crossbow à  Doomsmen pour 450.00 β le survie_new
[18:28:07] [ITEM_LISTED]: Natvolh24 vend 1 x Brewing Stand  pour 750.00β sur survie_new
[18:35:32] [ITEM_SOLD]: estedu59 vendu 1 x Diamond Pickaxe à  [Efficiency I] Natvolh24 pour 500.00 β le survie_new
[18:58:51] [ITEM_LISTED]: awesome_kid56 vend 64 x Spruce Log  pour 100.00β sur survie_new
[18:59:00] [ITEM_SOLD]: awesome_kid56 vendu 64 x Spruce Log à  Doomsmen pour 100.00 β le survie_new
[18:59:08] [ITEM_LISTED]: awesome_kid56 vend 64 x Spruce Log  pour 100.00β sur survie_new
[18:59:16] [ITEM_LISTED]: Doomsmen vend 1 x Golden Horse Armor  pour 6,000.00β sur survie_new
[18:59:20] [ITEM_SOLD]: awesome_kid56 vendu 64 x Spruce Log à  Doomsmen pour 100.00 β le survie_new
[18:59:20] [ITEM_LISTED]: awesome_kid56 vend 64 x Spruce Log  pour 100.00β sur survie_new
[18:59:30] [ITEM_SOLD]: awesome_kid56 vendu 64 x Spruce Log à  Doomsmen pour 100.00 β le survie_new
[18:59:32] [ITEM_LISTED]: awesome_kid56 vend 64 x Spruce Log  pour 100.00β sur survie_new
[18:59:43] [ITEM_LISTED]: awesome_kid56 vend 64 x Spruce Log  pour 100.00β sur survie_new
[19:11:47] [ITEM_SOLD]: MATHEO vendu 4 x §;§:Spawner Cave spider x1 à  omega2028 pour 10,000.00 β le survie_new
[19:18:20] [ITEM_LISTED]: cloclolepedalo vend 60 x Jungle Planks  pour 160.00β sur survie_new
[19:19:24] [ITEM_LISTED]: Natvolh24 vend 16 x Emerald  pour 900.00β sur survie_new
[19:22:45] [ITEM_SOLD]: Natvolh24 vendu 16 x Emerald à  Max_Le_Max pour 900.00 β le survie_new
[19:23:31] [ITEM_SOLD]: awesome_kid56 vendu 64 x Spruce Log à  Minebark pour 100.00 β le survie_new
[19:23:32] [ITEM_SOLD]: awesome_kid56 vendu 64 x Spruce Log à  Minebark pour 100.00 β le survie_new
[19:23:40] [ITEM_LISTED]: Doomsmen vend 1 x §;§:Spawner Spider x1  pour 7,500.00β sur survie_new
[19:26:26] [ITEM_LISTED]: StormOxyde vend 1 x §;§:Spawner Cave spider x1  pour 2,500.00β sur survie_new
[19:26:40] [ITEM_SOLD]: StormOxyde vendu 1 x §;§:Spawner Cave spider x1 à  Doomsmen pour 2,500.00 β le survie_new
[19:26:53] [ITEM_SOLD]: samdec666 vendu 7 x Grass Block à  Doomsmen pour 1.00 β le survie_new
[19:28:59] [ITEM_SOLD]: GoldenFarmers vendu 1 x Enchanted Book à  OfCourse pour 1,000.00 β le survie_new
[19:30:01] [ITEM_SOLD]: Loan02 vendu 1 x Written Book à  OfCourse pour 100.00 β le survie_new
[19:31:19] [ITEM_LISTED]: OfCourse vend 1 x Livre de la perte  pour 0.00β sur survie_new
[19:36:45] [ITEM_LISTED]: awesome_kid56 vend 64 x Spruce Log  pour 100.00β sur survie_new
[19:36:59] [ITEM_LISTED]: awesome_kid56 vend 64 x Spruce Log  pour 100.00β sur survie_new
[19:39:00] [ITEM_LISTED]: Doomsmen vend 1 x Shears  pour 1.00β sur survie_new
[19:39:33] [ITEM_SOLD]: OfCourse vendu 1 x Livre de la perte à  StormOxyde pour 0.00 β le survie_new
[19:39:36] [ITEM_SOLD]: Doomsmen vendu 1 x Shears à  awesome_kid56 pour 1.00 β le survie_new
[19:46:01] [ITEM_LISTED]: Alexia67710 vend 64 x Quartz Block  pour 1,250.00β sur survie_new
[19:46:11] [ITEM_SOLD]: Alexia67710 vendu 64 x Quartz Block à  Doomsmen pour 1,250.00 β le survie_new
[19:46:13] [ITEM_SOLD]: awesome_kid56 vendu 64 x Spruce Log à  Doomsmen pour 100.00 β le survie_new
[19:46:14] [ITEM_SOLD]: awesome_kid56 vendu 64 x Spruce Log à  Doomsmen pour 100.00 β le survie_new
[19:49:51] [ITEM_SOLD]: Alexia67710 vendu 1 x Bow à  [Flame, Infinity] Natvolh24 pour 3,000.00 β le survie_new
[19:59:44] [ITEM_LISTED]: Karazhar vend 1 x Bee Nest  pour 1,000.00β sur survie_new
[20:00:13] [ITEM_LISTED]: Karazhar vend 2 x Diamond  pour 110.00β sur survie_new
[20:00:38] [ITEM_LISTED]: Karazhar vend 1 x Diamond  pour 65.00β sur survie_new
[20:00:52] [ITEM_LISTED]: Karazhar vend 2 x Diamond  pour 110.00β sur survie_new
[20:01:03] [ITEM_LISTED]: Karazhar vend 1 x Diamond  pour 65.00β sur survie_new
[20:01:06] [ITEM_LISTED]: StormOxyde vend 1 x §;§:Spawner Cave spider x1  pour 5,000.00β sur survie_new
[20:01:09] [ITEM_LISTED]: Karazhar vend 1 x Diamond  pour 65.00β sur survie_new
[20:01:16] [ITEM_SOLD]: Karazhar vendu 1 x Diamond à  RobaingDeBoa pour 65.00 β le survie_new
[20:01:17] [ITEM_LISTED]: StormOxyde vend 1 x §;§:Spawner Cave spider x1  pour 4,500.00β sur survie_new
[20:01:18] [ITEM_SOLD]: Karazhar vendu 1 x Diamond à  RobaingDeBoa pour 65.00 β le survie_new
[20:01:20] [ITEM_SOLD]: Karazhar vendu 2 x Diamond à  RobaingDeBoa pour 110.00 β le survie_new
[20:01:22] [ITEM_SOLD]: Karazhar vendu 1 x Diamond à  RobaingDeBoa pour 65.00 β le survie_new
[20:01:23] [ITEM_SOLD]: Karazhar vendu 2 x Diamond à  RobaingDeBoa pour 110.00 β le survie_new
[20:01:31] [ITEM_LISTED]: Karazhar vend 1 x §;§:Spawner Cave spider x1  pour 2,000.00β sur survie_new
[20:01:32] [ITEM_LISTED]: StormOxyde vend 1 x §;§:Spawner Cave spider x1  pour 4,500.00β sur survie_new
[20:13:50] [ITEM_RETURNED]: 1 x Partie d'équipement : II  renvoyé à OfCourse le survie_new
[20:13:50] [ITEM_RETURNED]: 1 x Partie d'équipement : I  renvoyé à OfCourse le survie_new
[20:13:50] [ITEM_RETURNED]: 1 x Partie d'équipement : III  renvoyé à OfCourse le survie_new
[20:13:50] [ITEM_RETURNED]: 1 x Enchanted Book  renvoyé à OfCourse le survie_new
[20:13:50] [ITEM_RETURNED]: 1 x Enchanted Book  renvoyé à OfCourse le survie_new
[20:13:50] [ITEM_RETURNED]: 1 x Enchanted Book  renvoyé à OfCourse le survie_new
[20:13:50] [ITEM_RETURNED]: 1 x Enchanted Book  renvoyé à OfCourse le survie_new
[20:13:50] [ITEM_RETURNED]: 1 x Enchanted Book  renvoyé à OfCourse le survie_new
[20:13:50] [ITEM_RETURNED]: 1 x Enchanted Book  renvoyé à OfCourse le survie_new
[20:14:17] [ITEM_LISTED]: OfCourse vend 1 x Partie d'équipement : III  pour 15,000.00β sur survie_new
[20:16:39] [ITEM_LISTED]: OfCourse vend 1 x Enchanted Book  pour 10,000.00β sur survie_new
[20:16:42] [ITEM_LISTED]: OfCourse vend 1 x Enchanted Book  pour 10,000.00β sur survie_new
[20:17:59] [ITEM_LISTED]: OfCourse vend 1 x Partie d'équipement : II  pour 30,000.00β sur survie_new
[20:18:04] [ITEM_LISTED]: OfCourse vend 1 x Partie d'équipement : I  pour 30,000.00β sur survie_new
[20:23:34] [ITEM_LISTED]: Christophe_ vend 1 x Plan de Pelle  pour 15,000.00β sur survie_new
[20:24:17] [ITEM_SOLD]: Christophe_ vendu 1 x Plan de Pelle à  le_fou_fighter pour 15,000.00 β le survie_new
[21:04:33] [ITEM_LISTED]: Karazhar vend 2 x Diamond  pour 200.00β sur survie_new
[21:04:39] [ITEM_LISTED]: Karazhar vend 2 x Diamond  pour 200.00β sur survie_new
[21:04:48] [ITEM_LISTED]: Alexia67710 vend 64 x Quartz Block  pour 1,250.00β sur survie_new
[21:04:51] [ITEM_LISTED]: Karazhar vend 2 x Diamond  pour 200.00β sur survie_new
[21:04:57] [ITEM_SOLD]: Alexia67710 vendu 64 x Quartz Block à  ianito pour 1,250.00 β le survie_new
[21:05:12] [ITEM_SOLD]: GoldenFarmers vendu 64 x Blaze Rod à  Karazhar pour 500.00 β le survie_new
[21:05:56] [ITEM_SOLD]: Karazhar vendu 2 x Diamond à  Max_Le_Max pour 200.00 β le survie_new
[21:05:57] [ITEM_SOLD]: Karazhar vendu 2 x Diamond à  Max_Le_Max pour 200.00 β le survie_new
[21:05:59] [ITEM_SOLD]: Karazhar vendu 2 x Diamond à  Max_Le_Max pour 200.00 β le survie_new
[21:08:36] [ITEM_LISTED]: ianito vend 64 x Quartz Block  pour 1.00β sur survie_new
[21:09:24] [ITEM_SOLD]: ianito vendu 64 x Quartz Block à  Doomsmen pour 1.00 β le survie_new
[21:10:30] [ITEM_SOLD]: Karazhar vendu 1 x §;§:Spawner Cave spider x1 à  omega2028 pour 2,000.00 β le survie_new
[21:27:33] [ITEM_SOLD]: OfCourse vendu 1 x Enchanted Book à  Isaorya pour 10,000.00 β le survie_new
[21:27:43] [ITEM_SOLD]: StormOxyde vendu 1 x §;§:Spawner Cave spider x1 à  Isaorya pour 4,500.00 β le survie_new
[21:27:45] [ITEM_SOLD]: StormOxyde vendu 1 x §;§:Spawner Cave spider x1 à  Isaorya pour 4,500.00 β le survie_new
[21:27:54] [ITEM_SOLD]: rockronsley vendu 2 x §;§:Spawner Blaze x1 à  Isaorya pour 10,000.00 β le survie_new
[21:28:08] [ITEM_SOLD]: StormOxyde vendu 1 x §;§:Spawner Cave spider x1 à  Isaorya pour 5,000.00 β le survie_new
[21:32:14] [ITEM_LISTED]: Max_Le_Max vend 1 x Fishing Rod  [Mending] pour 350.00β sur survie_new
[21:34:29] [ITEM_LISTED]: Karazhar vend 3 x Diamond  pour 400.00β sur survie_new
[21:34:40] [ITEM_SOLD]: Fesiix vendu 64 x Baked Potato à  Isaorya pour 90.00 β le survie_new
[21:38:28] [ITEM_LISTED]: Max_Le_Max vend 1 x Epée  [Looting II, Sharpness V, Unbreaking II] pour 1,250.00β sur survie_new
[21:46:50] [ITEM_SOLD]: Max_Le_Max vendu 1 x Epée à  [Looting II, Sharpness V, Unbreaking II] MATHEO pour 1,250.00 β le survie_new
[21:55:47] [ITEM_CANCELLED]: estedu59 annule la vente de 2x Sticky Piston pour 700.00β sur survie_new
[21:55:48] [ITEM_CANCELLED]: estedu59 annule la vente de 1x Golden Sword [Knockback I, Sharpness II] pour 250.00β sur survie_new
[21:55:49] [ITEM_CANCELLED]: estedu59 annule la vente de 64x Banane pour 100.00β sur survie_new
[21:56:11] [ITEM_SOLD]: MrBuillder vendu 40 x Sugar Cane à  estedu59 pour 40.00 β le survie_new
[21:58:48] [ITEM_SOLD]: Fesiix vendu 64 x Packed Ice à  Isaorya pour 500.00 β le survie_new
[21:59:36] [ITEM_SOLD]: cloclolepedalo vendu 60 x Jungle Planks à  Isaorya pour 160.00 β le survie_new
[22:00:32] [ITEM_SOLD]: OfCourse vendu 1 x Partie d'équipement : III à  Isaorya pour 15,000.00 β le survie_new
[22:04:09] [ITEM_SOLD]: GoldenFarmers vendu 1 x Livre pour une création Légendaire à  Isaorya pour 2,000.00 β le survie_new
[22:09:05] [ITEM_LISTED]: Yohan81 vend 36 x Paing  pour 100.00β sur survie_new
[22:13:39] [ITEM_SOLD]: _Robinou_ vendu 30 x Sugar Cane à  MATHEO pour 500.00 β le survie_new
[22:16:36] [ITEM_LISTED]: Yohan81 vend 64 x Paing  pour 150.00β sur survie_new
[22:17:48] [ITEM_LISTED]: Karazhar vend 30 x Sugar Cane  pour 100.00β sur survie_new
[22:19:01] [ITEM_SOLD]: Karazhar vendu 30 x Sugar Cane à  MATHEO pour 100.00 β le survie_new
[22:20:32] [ITEM_SOLD]: Rinpyo vendu 64 x Slime Ball à  MATHEO pour 1,500.00 β le survie_new
[22:21:19] [ITEM_LISTED]: Karazhar vend 10 x Red Mushroom  pour 2,000.00β sur survie_new
[22:21:27] [ITEM_LISTED]: Karazhar vend 10 x Brown Mushroom  pour 2,000.00β sur survie_new
[22:22:24] [ITEM_LISTED]: Karazhar vend 17 x Sugar Cane  pour 300.00β sur survie_new
[22:22:27] [ITEM_SOLD]: Karazhar vendu 17 x Sugar Cane à  MATHEO pour 300.00 β le survie_new
[22:40:44] [ITEM_LISTED]: Yohan81 vend 64 x Cooked Porkchop  pour 200.00β sur survie_new
[22:41:37] [ITEM_SOLD]: Karazhar vendu 1 x Bee Nest à  estedu59 pour 1,000.00 β le survie_new
[22:43:35] [ITEM_LISTED]: estedu59 vend 1 x Bee Nest  pour 1,500.00β sur survie_new
[22:44:30] [ITEM_RETURNED]: 64 x Banane  renvoyé à estedu59 le survie_new
[22:44:31] [ITEM_RETURNED]: 1 x Golden Sword  [Knockback I, Sharpness II] renvoyé à estedu59 le survie_new
[22:44:32] [ITEM_RETURNED]: 2 x Sticky Piston  renvoyé à estedu59 le survie_new
[22:46:13] [ITEM_LISTED]: Karazhar vend 1 x Potion  pour 1,000.00β sur survie_new
[22:46:31] [ITEM_LISTED]: Karazhar vend 1 x Potion  pour 1,000.00β sur survie_new
[22:46:37] [ITEM_LISTED]: Karazhar vend 1 x Potion  pour 1,000.00β sur survie_new
[22:46:40] [ITEM_LISTED]: Alexia67710 vend 64 x Emerald  pour 2,000.00β sur survie_new
[22:46:44] [ITEM_LISTED]: Karazhar vend 1 x Potion  pour 1,000.00β sur survie_new
[22:47:27] [ITEM_SOLD]: Alexia67710 vendu 64 x Emerald à  MATHEO pour 2,000.00 β le survie_new
[22:48:07] [ITEM_LISTED]: Karazhar vend 41 x Sugar Cane  pour 400.00β sur survie_new
[22:50:12] [ITEM_SOLD]: h_ney vendu 64 x Slime Ball à  uz3r_benji pour 3,000.00 β le survie_new
[22:51:01] [ITEM_SOLD]: Karazhar vendu 41 x Sugar Cane à  MATHEO pour 400.00 β le survie_new
[22:54:04] [ITEM_LISTED]: estedu59 vend 1 x Golden Sword  [Knockback I, Sharpness II] pour 150.00β sur survie_new
[22:54:46] [ITEM_SOLD]: estedu59 vendu 1 x Golden Sword à  [Knockback I, Sharpness II] MATHEO pour 150.00 β le survie_new
[23:00:09] [ITEM_LISTED]: MATHEO vend 64 x Emerald  pour 9,500.00β sur survie_new
[23:13:40] [ITEM_LISTED]: Karazhar vend 64 x Sugar Cane  pour 1,000.00β sur survie_new
[23:17:30] [ITEM_CANCELLED]: Karazhar annule la vente de 64x Sugar Cane pour 1,000.00β sur survie_new
[23:17:32] [ITEM_RETURNED]: 64 x Sugar Cane  renvoyé à Karazhar le survie_new
[23:17:46] [ITEM_LISTED]: Karazhar vend 64 x Sugar Cane  pour 500.00β sur survie_new
[23:17:57] [ITEM_LISTED]: Karazhar vend 64 x Sugar Cane  pour 600.00β sur survie_new
[23:19:09] [ITEM_LISTED]: Alexia67710 vend 64 x Emerald  pour 2,000.00β sur survie_new
[23:20:56] [ITEM_LISTED]: Karazhar vend 10 x Melon  pour 1,000.00β sur survie_new
[23:21:02] [ITEM_LISTED]: Karazhar vend 10 x Melon  pour 1,000.00β sur survie_new
[23:21:12] [ITEM_LISTED]: Karazhar vend 10 x Melon  pour 1,000.00β sur survie_new
[23:22:12] [ITEM_LISTED]: Doomsmen vend 1 x Written Book  pour 1,000.00β sur survie_new
[23:46:04] [ITEM_CANCELLED]: Karazhar annule la vente de 1x Potion pour 1,000.00β sur survie_new
[23:46:05] [ITEM_CANCELLED]: Karazhar annule la vente de 1x Potion pour 1,000.00β sur survie_new
[23:46:06] [ITEM_CANCELLED]: Karazhar annule la vente de 1x Potion pour 1,000.00β sur survie_new
[23:46:06] [ITEM_CANCELLED]: Karazhar annule la vente de 1x Potion pour 1,000.00β sur survie_new
[23:46:08] [ITEM_RETURNED]: 1 x Potion  renvoyé à Karazhar le survie_new
[23:46:09] [ITEM_RETURNED]: 1 x Potion  renvoyé à Karazhar le survie_new
[23:46:09] [ITEM_RETURNED]: 1 x Potion  renvoyé à Karazhar le survie_new
[23:46:09] [ITEM_RETURNED]: 1 x Potion  renvoyé à Karazhar le survie_new
[23:46:37] [ITEM_LISTED]: Karazhar vend 1 x Potion  pour 750.00β sur survie_new
[23:46:45] [ITEM_LISTED]: Karazhar vend 1 x Potion  pour 750.00β sur survie_new
[23:46:49] [ITEM_LISTED]: Karazhar vend 1 x Potion  pour 750.00β sur survie_new
[23:47:02] [ITEM_LISTED]: Karazhar vend 1 x Potion  pour 750.00β sur survie_new
[23:47:08] [ITEM_LISTED]: Karazhar vend 1 x Potion  pour 750.00β sur survie_new
[23:47:15] [ITEM_LISTED]: Karazhar vend 1 x Potion  pour 750.00β sur survie_new
[23:47:38] [ITEM_LISTED]: Alexia67710 vend 64 x Quartz Block  pour 1,500.00β sur survie_new
[23:47:44] [ITEM_LISTED]: Alexia67710 vend 64 x Quartz Block  pour 1,500.00β sur survie_new
[23:47:52] [ITEM_LISTED]: Alexia67710 vend 64 x Quartz Block  pour 1,500.00β sur survie_new
[23:48:03] [ITEM_LISTED]: Alexia67710 vend 64 x Quartz Block  pour 1,500.00β sur survie_new
[23:48:15] [ITEM_LISTED]: Alexia67710 vend 64 x Quartz Block  pour 1,500.00β sur survie_new
[23:49:45] [ITEM_LISTED]: Karazhar vend 1 x Golden Horse Armor  pour 3,000.00β sur survie_new
[23:49:55] [ITEM_LISTED]: Karazhar vend 1 x Iron Horse Armor  pour 1,500.00β sur survie_new
[23:50:34] [ITEM_LISTED]: Karazhar vend 1 x Saddle  pour 4,000.00β sur survie_new
[23:52:11] [ITEM_LISTED]: Karazhar vend 1 x Fishing Rod  [Lure II] pour 3,000.00β sur survie_new
