[02:33:43] [ITEM_SOLD]: pouille vendu 64 x Melon à  Rayan pour 576.00 β le survie_new
[05:46:32] [ITEM_SOLD]: Trailler_42 vendu 21 x String à  The_Ninjaz70 pour 400.00 β le survie_new
[09:39:53] [ITEM_CANCELLED]: The_Ninjaz70 annule la vente de 1x Leather Boots [Protection III] pour 1.00β sur survie_new
[09:39:58] [ITEM_CANCELLED]: The_Ninjaz70 annule la vente de 1x Spruce Sapling pour 1.00β sur survie_new
[09:40:25] [ITEM_RETURNED]: 1 x Spruce Sapling  renvoyé à The_Ninjaz70 le survie_new
[09:40:26] [ITEM_RETURNED]: 1 x Leather Boots  [Protection III] renvoyé à The_Ninjaz70 le survie_new
[10:56:57] [ITEM_LISTED]: OfCourse vend 1 x Enchanted Book  pour 15,000.00β sur survie_new
[10:57:03] [ITEM_LISTED]: OfCourse vend 1 x Enchanted Book  pour 15,000.00β sur survie_new
[10:57:08] [ITEM_LISTED]: OfCourse vend 1 x Enchanted Book  pour 15,000.00β sur survie_new
[10:57:12] [ITEM_LISTED]: OfCourse vend 1 x Enchanted Book  pour 15,000.00β sur survie_new
[10:57:16] [ITEM_LISTED]: OfCourse vend 1 x Enchanted Book  pour 15,000.00β sur survie_new
[10:57:21] [ITEM_LISTED]: OfCourse vend 1 x Enchanted Book  pour 15,000.00β sur survie_new
[11:27:43] [ITEM_LISTED]: aidan vend 1 x Casque  [Protection V, Unbreaking V] pour 1,500.00β sur survie_new
[11:27:45] [ITEM_LISTED]: aidan vend 1 x Plastron  [Protection V, Unbreaking V] pour 1,500.00β sur survie_new
[11:27:48] [ITEM_LISTED]: aidan vend 1 x Jambières  [Protection V, Unbreaking V] pour 1,500.00β sur survie_new
[11:27:49] [ITEM_LISTED]: aidan vend 1 x Bottes  [Protection V, Unbreaking V] pour 1,500.00β sur survie_new
[11:27:54] [ITEM_LISTED]: aidan vend 1 x Epée  [Looting II, Sharpness V, Unbreaking II] pour 3,000.00β sur survie_new
[11:28:00] [ITEM_LISTED]: aidan vend 1 x Epée  [Looting II, Sharpness V, Unbreaking II] pour 3,000.00β sur survie_new
[11:28:03] [ITEM_LISTED]: aidan vend 1 x Bottes  [Protection V, Unbreaking V] pour 1,500.00β sur survie_new
[11:28:05] [ITEM_LISTED]: aidan vend 1 x Jambières  [Protection V, Unbreaking V] pour 1,500.00β sur survie_new
[11:28:07] [ITEM_LISTED]: aidan vend 1 x Plastron  [Protection V, Unbreaking V] pour 1,500.00β sur survie_new
[11:28:08] [ITEM_LISTED]: aidan vend 1 x Casque  [Protection V, Unbreaking V] pour 1,500.00β sur survie_new
[11:28:14] [ITEM_LISTED]: aidan vend 1 x Casque  [Protection V, Unbreaking V] pour 1,500.00β sur survie_new
[11:28:15] [ITEM_LISTED]: aidan vend 1 x Plastron  [Protection V, Unbreaking V] pour 1,500.00β sur survie_new
[11:28:17] [ITEM_LISTED]: aidan vend 1 x Jambières  [Protection V, Unbreaking V] pour 1,500.00β sur survie_new
[11:28:19] [ITEM_LISTED]: aidan vend 1 x Bottes  [Protection V, Unbreaking V] pour 1,500.00β sur survie_new
[11:28:21] [ITEM_LISTED]: aidan vend 1 x Epée  [Looting II, Sharpness V, Unbreaking II] pour 3,000.00β sur survie_new
[11:46:09] [ITEM_LISTED]: Loan02 vend 64 x Iron Block  pour 11,000.00β sur survie_new
[12:02:10] [ITEM_SOLD]: samdec666 vendu 1 x Diamond Pickaxe à  [Silk Touch] R0wZen pour 1,000.00 β le survie_new
[12:38:54] [ITEM_LISTED]: Crak_N vend 1 x Enchanted Book  pour 8,500.00β sur survie_new
[13:45:20] [ITEM_RETURNED]: 1 x Potion  renvoyé à Zeelyrules le survie_new
[14:55:44] [ITEM_CANCELLED]: Rinpyo annule la vente de 64x Slime Ball pour 6,000.00β sur survie_new
[14:55:47] [ITEM_CANCELLED]: Rinpyo annule la vente de 64x Slime Ball pour 6,000.00β sur survie_new
[14:55:48] [ITEM_CANCELLED]: Rinpyo annule la vente de 64x Slime Ball pour 6,000.00β sur survie_new
[14:55:50] [ITEM_CANCELLED]: Rinpyo annule la vente de 12x Slime Ball pour 1,900.00β sur survie_new
[14:55:50] [ITEM_CANCELLED]: Rinpyo annule la vente de 64x Slime Ball pour 6,000.00β sur survie_new
[14:55:51] [ITEM_CANCELLED]: Rinpyo annule la vente de 64x Slime Ball pour 6,000.00β sur survie_new
[14:56:04] [ITEM_RETURNED]: 64 x Slime Ball  renvoyé à Rinpyo le survie_new
[14:56:05] [ITEM_RETURNED]: 12 x Slime Ball  renvoyé à Rinpyo le survie_new
[14:56:05] [ITEM_RETURNED]: 64 x Slime Ball  renvoyé à Rinpyo le survie_new
[14:56:06] [ITEM_RETURNED]: 64 x Slime Ball  renvoyé à Rinpyo le survie_new
[14:56:06] [ITEM_RETURNED]: 64 x Slime Ball  renvoyé à Rinpyo le survie_new
[14:56:07] [ITEM_RETURNED]: 64 x Slime Ball  renvoyé à Rinpyo le survie_new
[14:56:30] [ITEM_LISTED]: Rinpyo vend 64 x Slime Ball  pour 3,000.00β sur survie_new
[14:56:36] [ITEM_LISTED]: Rinpyo vend 64 x Slime Ball  pour 3,000.00β sur survie_new
[14:56:41] [ITEM_LISTED]: Rinpyo vend 64 x Slime Ball  pour 3,000.00β sur survie_new
[14:56:48] [ITEM_LISTED]: Rinpyo vend 64 x Slime Ball  pour 3,000.00β sur survie_new
[14:56:53] [ITEM_LISTED]: Rinpyo vend 64 x Slime Ball  pour 3,000.00β sur survie_new
[15:04:42] [ITEM_LISTED]: Pinsut vend 1 x §;§:Spawner Zombie x1  pour 2,500.00β sur survie_new
[15:41:48] [ITEM_CANCELLED]: Crak_N annule la vente de 1x Enchanted Book pour 8,500.00β sur survie_new
[15:41:52] [ITEM_RETURNED]: 1 x Enchanted Book  renvoyé à Crak_N le survie_new
[15:42:29] [ITEM_LISTED]: Zeelyrules vend 64 x Gunpowder  pour 500.00β sur survie_new
[15:42:35] [ITEM_LISTED]: Zeelyrules vend 64 x Gunpowder  pour 500.00β sur survie_new
[15:43:13] [ITEM_SOLD]: Zeelyrules vendu 64 x Gunpowder à  OfCourse pour 500.00 β le survie_new
[15:43:15] [ITEM_SOLD]: Zeelyrules vendu 64 x Gunpowder à  OfCourse pour 500.00 β le survie_new
[15:56:34] [ITEM_SOLD]: Pinsut vendu 1 x §;§:Spawner Zombie x1 à  A_Mohamed pour 2,500.00 β le survie_new
[16:43:40] [ITEM_LISTED]: Yohan81 vend 1 x Ame  [Sharpness II, Unbreaking II] pour 30,000.00β sur survie_new
[16:43:51] [ITEM_SOLD]: Yohan81 vendu 1 x Ame à  [Sharpness II, Unbreaking II] Loan02 pour 30,000.00 β le survie_new
[16:45:01] [ITEM_LISTED]: Loan02 vend 64 x Iron Block  pour 11,000.00β sur survie_new
[16:45:08] [ITEM_LISTED]: Loan02 vend 64 x Iron Block  pour 11,000.00β sur survie_new
[16:45:33] [ITEM_LISTED]: Loan02 vend 64 x Iron Block  pour 11,000.00β sur survie_new
[16:45:52] [ITEM_LISTED]: Loan02 vend 64 x Iron Block  pour 11,000.00β sur survie_new
[17:27:11] [ITEM_LISTED]: Yohan81 vend 40 x Poudre Magique  pour 3,200.00β sur survie_new
[17:27:42] [ITEM_SOLD]: Yohan81 vendu 40 x Poudre Magique à  Loan02 pour 3,200.00 β le survie_new
[17:44:24] [ITEM_LISTED]: Max_Le_Max vend 1 x §;§:Spawner Cave spider x1  pour 1,250.00β sur survie_new
[17:44:28] [ITEM_LISTED]: Max_Le_Max vend 1 x §;§:Spawner Cave spider x1  pour 1,250.00β sur survie_new
[17:44:31] [ITEM_LISTED]: Max_Le_Max vend 1 x §;§:Spawner Cave spider x1  pour 1,250.00β sur survie_new
[18:17:45] [ITEM_SOLD]: Max_Le_Max vendu 1 x §;§:Spawner Cave spider x1 à  omega2028 pour 1,250.00 β le survie_new
[18:17:46] [ITEM_SOLD]: Max_Le_Max vendu 1 x §;§:Spawner Cave spider x1 à  omega2028 pour 1,250.00 β le survie_new
[18:17:48] [ITEM_SOLD]: Max_Le_Max vendu 1 x §;§:Spawner Cave spider x1 à  omega2028 pour 1,250.00 β le survie_new
[18:18:26] [ITEM_SOLD]: h_ney vendu 64 x Potato à  protocox pour 32.00 β le survie_new
[18:21:54] [ITEM_LISTED]: Yohan81 vend 1 x Globe de Transformations  pour 30,000.00β sur survie_new
[18:21:57] [ITEM_LISTED]: Yohan81 vend 1 x Globe de Transformations  pour 30,000.00β sur survie_new
[18:21:59] [ITEM_LISTED]: Yohan81 vend 1 x Globe de Transformations  pour 30,000.00β sur survie_new
[18:27:45] [ITEM_SOLD]: samdec666 vendu 1 x Partie d'équipement : III à  omega2028 pour 3,000.00 β le survie_new
[18:42:15] [ITEM_SOLD]: legamer_67 vendu 64 x Dirt à  le_fou_fighter pour 1.00 β le survie_new
[18:42:25] [ITEM_LISTED]: HeFk vend 1 x Saddle  pour 100.00β sur survie_new
[18:46:31] [ITEM_LISTED]: pikatchou82 vend 1 x Presents  pour 10,000.00β sur survie_new
[18:46:38] [ITEM_LISTED]: pikatchou82 vend 1 x Presents  pour 10,000.00β sur survie_new
[18:46:48] [ITEM_SOLD]: Loan02 vendu 64 x Iron Block à  pikatchou82 pour 11,000.00 β le survie_new
[18:46:51] [ITEM_SOLD]: Loan02 vendu 64 x Iron Block à  pikatchou82 pour 11,000.00 β le survie_new
[18:46:53] [ITEM_SOLD]: Loan02 vendu 64 x Iron Block à  pikatchou82 pour 11,000.00 β le survie_new
[18:46:54] [ITEM_SOLD]: Loan02 vendu 64 x Iron Block à  pikatchou82 pour 11,000.00 β le survie_new
[18:46:56] [ITEM_SOLD]: Loan02 vendu 64 x Iron Block à  pikatchou82 pour 11,000.00 β le survie_new
[19:07:54] [ITEM_LISTED]: omega2028 vend 64 x Iron Block  pour 11,000.00β sur survie_new
[19:07:56] [ITEM_LISTED]: omega2028 vend 64 x Iron Block  pour 11,000.00β sur survie_new
[19:08:01] [ITEM_LISTED]: omega2028 vend 64 x Iron Block  pour 11,000.00β sur survie_new
[19:08:03] [ITEM_LISTED]: omega2028 vend 64 x Iron Block  pour 11,000.00β sur survie_new
[19:08:05] [ITEM_LISTED]: omega2028 vend 64 x Iron Block  pour 11,000.00β sur survie_new
[19:08:41] [ITEM_SOLD]: omega2028 vendu 64 x Iron Block à  pikatchou82 pour 11,000.00 β le survie_new
[19:08:43] [ITEM_SOLD]: omega2028 vendu 64 x Iron Block à  pikatchou82 pour 11,000.00 β le survie_new
[19:08:45] [ITEM_SOLD]: omega2028 vendu 64 x Iron Block à  pikatchou82 pour 11,000.00 β le survie_new
[19:08:46] [ITEM_SOLD]: omega2028 vendu 64 x Iron Block à  pikatchou82 pour 11,000.00 β le survie_new
[19:08:47] [ITEM_SOLD]: omega2028 vendu 64 x Iron Block à  pikatchou82 pour 11,000.00 β le survie_new
[20:32:45] [ITEM_SOLD]: samdec666 vendu 64 x Carrot à  Charlez220 pour 1.00 β le survie_new
[20:39:54] [ITEM_LISTED]: dingomax vend 64 x Banane  pour 500.00β sur survie_new
[20:40:39] [ITEM_LISTED]: dingomax vend 64 x Banane  pour 500.00β sur survie_new
[20:41:19] [ITEM_LISTED]: dingomax vend 64 x Banane  pour 500.00β sur survie_new
[20:41:21] [ITEM_LISTED]: dingomax vend 64 x Banane  pour 500.00β sur survie_new
[20:41:24] [ITEM_LISTED]: dingomax vend 64 x Banane  pour 500.00β sur survie_new
[20:41:28] [ITEM_LISTED]: dingomax vend 50 x Carrot  pour 500.00β sur survie_new
[20:41:33] [ITEM_LISTED]: dingomax vend 64 x Banane  pour 500.00β sur survie_new
[20:41:38] [ITEM_LISTED]: dingomax vend 64 x Banane  pour 500.00β sur survie_new
[20:41:41] [ITEM_LISTED]: dingomax vend 64 x Banane  pour 500.00β sur survie_new
[20:41:44] [ITEM_LISTED]: dingomax vend 64 x Banane  pour 500.00β sur survie_new
[20:42:19] [ITEM_LISTED]: dingomax vend 64 x Banane  pour 500.00β sur survie_new
[20:42:22] [ITEM_LISTED]: dingomax vend 64 x Banane  pour 500.00β sur survie_new
[20:42:25] [ITEM_LISTED]: dingomax vend 64 x Banane  pour 500.00β sur survie_new
[20:42:29] [ITEM_LISTED]: dingomax vend 64 x Banane  pour 500.00β sur survie_new
[20:42:32] [ITEM_LISTED]: dingomax vend 64 x Banane  pour 500.00β sur survie_new
[20:42:35] [ITEM_LISTED]: dingomax vend 64 x Banane  pour 500.00β sur survie_new
[20:42:38] [ITEM_LISTED]: dingomax vend 64 x Banane  pour 500.00β sur survie_new
[20:42:42] [ITEM_LISTED]: dingomax vend 64 x Banane  pour 500.00β sur survie_new
[20:42:45] [ITEM_LISTED]: dingomax vend 64 x Banane  pour 500.00β sur survie_new
[20:42:53] [ITEM_LISTED]: dingomax vend 64 x Banane  pour 500.00β sur survie_new
[20:42:56] [ITEM_LISTED]: dingomax vend 64 x Banane  pour 500.00β sur survie_new
[20:42:59] [ITEM_LISTED]: dingomax vend 64 x Banane  pour 500.00β sur survie_new
[20:43:01] [ITEM_LISTED]: dingomax vend 64 x Banane  pour 500.00β sur survie_new
[20:45:10] [ITEM_LISTED]: dingomax vend 64 x Banane  pour 500.00β sur survie_new
[20:45:13] [ITEM_LISTED]: dingomax vend 64 x Banane  pour 500.00β sur survie_new
[20:45:17] [ITEM_LISTED]: dingomax vend 64 x Banane  pour 500.00β sur survie_new
[20:46:10] [ITEM_LISTED]: dingomax vend 64 x Banane  pour 500.00β sur survie_new
[20:47:19] [ITEM_LISTED]: dingomax vend 64 x Banane  pour 500.00β sur survie_new
[20:56:33] [ITEM_LISTED]: CroixVeBaton vend 64 x Acacia Log  pour 190.00β sur survie_new
[20:56:35] [ITEM_LISTED]: CroixVeBaton vend 64 x Acacia Log  pour 190.00β sur survie_new
[20:56:39] [ITEM_SOLD]: CroixVeBaton vendu 64 x Acacia Log à  Christophe_ pour 190.00 β le survie_new
[20:56:40] [ITEM_SOLD]: CroixVeBaton vendu 64 x Acacia Log à  Christophe_ pour 190.00 β le survie_new
[20:56:41] [ITEM_LISTED]: CroixVeBaton vend 64 x Acacia Log  pour 190.00β sur survie_new
[20:56:44] [ITEM_LISTED]: CroixVeBaton vend 64 x Acacia Log  pour 190.00β sur survie_new
[20:56:46] [ITEM_LISTED]: CroixVeBaton vend 64 x Acacia Log  pour 190.00β sur survie_new
[20:56:48] [ITEM_LISTED]: CroixVeBaton vend 64 x Acacia Log  pour 190.00β sur survie_new
[20:56:51] [ITEM_LISTED]: CroixVeBaton vend 64 x Acacia Log  pour 190.00β sur survie_new
[20:56:53] [ITEM_LISTED]: CroixVeBaton vend 64 x Acacia Log  pour 190.00β sur survie_new
[20:56:56] [ITEM_LISTED]: CroixVeBaton vend 64 x Acacia Log  pour 190.00β sur survie_new
[20:57:02] [ITEM_LISTED]: CroixVeBaton vend 12 x Acacia Log  pour 19.00β sur survie_new
[20:57:10] [ITEM_SOLD]: CroixVeBaton vendu 12 x Acacia Log à  Christophe_ pour 19.00 β le survie_new
[20:57:11] [ITEM_SOLD]: CroixVeBaton vendu 64 x Acacia Log à  Christophe_ pour 190.00 β le survie_new
[20:57:13] [ITEM_SOLD]: CroixVeBaton vendu 64 x Acacia Log à  Christophe_ pour 190.00 β le survie_new
[20:57:14] [ITEM_SOLD]: CroixVeBaton vendu 64 x Acacia Log à  Christophe_ pour 190.00 β le survie_new
[20:57:17] [ITEM_SOLD]: CroixVeBaton vendu 64 x Acacia Log à  Christophe_ pour 190.00 β le survie_new
[20:57:18] [ITEM_SOLD]: CroixVeBaton vendu 64 x Acacia Log à  Christophe_ pour 190.00 β le survie_new
[20:57:20] [ITEM_SOLD]: CroixVeBaton vendu 64 x Acacia Log à  Christophe_ pour 190.00 β le survie_new
[20:57:21] [ITEM_SOLD]: CroixVeBaton vendu 64 x Acacia Log à  Christophe_ pour 190.00 β le survie_new
[20:59:01] [ITEM_SOLD]: TraZerz vendu 64 x Spruce Log à  Zeelyrules pour 180.00 β le survie_new
[21:03:17] [ITEM_SOLD]: CroixVeBaton vendu 64 x Dark Oak Log à  Mrzozoto1919 pour 200.00 β le survie_new
[21:10:45] [ITEM_LISTED]: Mrzozoto1919 vend 1 x Iron Sword  [Knockback II, Sharpness III, Sweeping Edge I, Unbreaking II] pour 1,000.00β sur survie_new
[21:26:44] [ITEM_SOLD]: HeFk vendu 1 x Saddle à  louloured03 pour 100.00 β le survie_new
[21:35:53] [ITEM_LISTED]: Max_Le_Max vend 1 x Fishing Rod  [Lure III, Mending] pour 300.00β sur survie_new
[21:36:59] [ITEM_LISTED]: Max_Le_Max vend 1 x Heart Of The Sea  pour 750.00β sur survie_new
[21:37:02] [ITEM_LISTED]: Max_Le_Max vend 1 x Heart Of The Sea  pour 750.00β sur survie_new
[21:37:18] [ITEM_CANCELLED]: Max_Le_Max annule la vente de 4x Mycelium pour 2,000.00β sur survie_new
[21:37:19] [ITEM_CANCELLED]: Max_Le_Max annule la vente de 4x Mycelium pour 2,000.00β sur survie_new
[21:37:19] [ITEM_CANCELLED]: Max_Le_Max annule la vente de 4x Mycelium pour 2,000.00β sur survie_new
[21:37:19] [ITEM_CANCELLED]: Max_Le_Max annule la vente de 4x Mycelium pour 2,000.00β sur survie_new
[21:37:20] [ITEM_CANCELLED]: Max_Le_Max annule la vente de 4x Mycelium pour 2,000.00β sur survie_new
[21:37:20] [ITEM_CANCELLED]: Max_Le_Max annule la vente de 4x Mycelium pour 2,000.00β sur survie_new
[21:37:20] [ITEM_CANCELLED]: Max_Le_Max annule la vente de 4x Mycelium pour 2,000.00β sur survie_new
[21:37:20] [ITEM_CANCELLED]: Max_Le_Max annule la vente de 4x Mycelium pour 2,000.00β sur survie_new
[21:37:24] [ITEM_RETURNED]: 4 x Mycelium  renvoyé à Max_Le_Max le survie_new
[21:37:24] [ITEM_RETURNED]: 4 x Mycelium  renvoyé à Max_Le_Max le survie_new
[21:37:24] [ITEM_RETURNED]: 4 x Mycelium  renvoyé à Max_Le_Max le survie_new
[21:37:25] [ITEM_RETURNED]: 4 x Mycelium  renvoyé à Max_Le_Max le survie_new
[21:37:25] [ITEM_RETURNED]: 4 x Mycelium  renvoyé à Max_Le_Max le survie_new
[21:37:25] [ITEM_RETURNED]: 4 x Mycelium  renvoyé à Max_Le_Max le survie_new
[21:37:25] [ITEM_RETURNED]: 4 x Mycelium  renvoyé à Max_Le_Max le survie_new
[21:37:25] [ITEM_RETURNED]: 4 x Mycelium  renvoyé à Max_Le_Max le survie_new
[21:37:25] [ITEM_CANCELLED]: Max_Le_Max annule la vente de 1x Heart Of The Sea pour 750.00β sur survie_new
[21:37:26] [ITEM_CANCELLED]: Max_Le_Max annule la vente de 1x Heart Of The Sea pour 750.00β sur survie_new
[21:37:33] [ITEM_RETURNED]: 1 x Heart Of The Sea  renvoyé à Max_Le_Max le survie_new
[21:37:33] [ITEM_RETURNED]: 1 x Heart Of The Sea  renvoyé à Max_Le_Max le survie_new
[21:37:38] [ITEM_LISTED]: Max_Le_Max vend 1 x Heart Of The Sea  pour 750.00β sur survie_new
[21:37:41] [ITEM_LISTED]: Max_Le_Max vend 1 x Heart Of The Sea  pour 750.00β sur survie_new
[21:37:43] [ITEM_LISTED]: Max_Le_Max vend 32 x Mycelium  pour 750.00β sur survie_new
[21:45:09] [ITEM_SOLD]: Max_Le_Max vendu 1 x Fishing Rod à  [Lure III, Mending] Groniak pour 300.00 β le survie_new
[23:37:39] [ITEM_LISTED]: Minebark vend 1 x Diamond Horse Armor  pour 500.00β sur survie_new
[23:38:18] [ITEM_SOLD]: TraZerz vendu 64 x Spruce Log à  Minebark pour 180.00 β le survie_new
[23:38:19] [ITEM_SOLD]: TraZerz vendu 64 x Spruce Log à  Minebark pour 180.00 β le survie_new
[23:38:21] [ITEM_SOLD]: TraZerz vendu 64 x Spruce Log à  Minebark pour 180.00 β le survie_new
[23:38:22] [ITEM_SOLD]: TraZerz vendu 64 x Spruce Log à  Minebark pour 180.00 β le survie_new
[23:40:41] [ITEM_SOLD]: Minebark vendu 1 x Diamond Horse Armor à  estedu59 pour 500.00 β le survie_new
[23:49:23] [ITEM_LISTED]: Stebanou vend 64 x Oak Log  pour 150.00β sur survie_new
[23:49:25] [ITEM_LISTED]: Stebanou vend 64 x Oak Log  pour 150.00β sur survie_new
[23:49:26] [ITEM_SOLD]: Stebanou vendu 64 x Oak Log à  TheJou pour 150.00 β le survie_new
[23:49:27] [ITEM_LISTED]: Stebanou vend 64 x Oak Log  pour 150.00β sur survie_new
[23:49:28] [ITEM_LISTED]: Stebanou vend 64 x Oak Log  pour 150.00β sur survie_new
[23:49:30] [ITEM_LISTED]: Stebanou vend 64 x Oak Log  pour 150.00β sur survie_new
[23:49:30] [ITEM_SOLD]: Stebanou vendu 64 x Oak Log à  TheJou pour 150.00 β le survie_new
[23:49:31] [ITEM_LISTED]: Stebanou vend 64 x Oak Log  pour 150.00β sur survie_new
[23:49:31] [ITEM_SOLD]: Stebanou vendu 64 x Oak Log à  TheJou pour 150.00 β le survie_new
[23:49:32] [ITEM_LISTED]: Stebanou vend 64 x Oak Log  pour 150.00β sur survie_new
[23:49:32] [ITEM_SOLD]: Stebanou vendu 64 x Oak Log à  TheJou pour 150.00 β le survie_new
[23:49:34] [ITEM_SOLD]: Stebanou vendu 64 x Oak Log à  TheJou pour 150.00 β le survie_new
[23:49:34] [ITEM_LISTED]: Stebanou vend 64 x Oak Log  pour 150.00β sur survie_new
[23:49:35] [ITEM_SOLD]: Stebanou vendu 64 x Oak Log à  TheJou pour 150.00 β le survie_new
[23:49:36] [ITEM_LISTED]: Stebanou vend 64 x Oak Log  pour 150.00β sur survie_new
[23:49:38] [ITEM_SOLD]: Stebanou vendu 64 x Oak Log à  TheJou pour 150.00 β le survie_new
[23:49:40] [ITEM_SOLD]: Stebanou vendu 64 x Oak Log à  TheJou pour 150.00 β le survie_new
[23:49:42] [ITEM_SOLD]: Stebanou vendu 64 x Oak Log à  TheJou pour 150.00 β le survie_new
[23:49:42] [ITEM_LISTED]: Stebanou vend 64 x Oak Log  pour 1,500.00β sur survie_new
[23:49:46] [ITEM_SOLD]: Stebanou vendu 64 x Oak Log à  TheJou pour 1,500.00 β le survie_new
[23:49:46] [ITEM_LISTED]: Stebanou vend 64 x Oak Log  pour 150.00β sur survie_new
[23:49:48] [ITEM_LISTED]: Stebanou vend 64 x Oak Log  pour 150.00β sur survie_new
[23:49:49] [ITEM_SOLD]: Stebanou vendu 64 x Oak Log à  TheJou pour 150.00 β le survie_new
[23:49:50] [ITEM_LISTED]: Stebanou vend 64 x Oak Log  pour 150.00β sur survie_new
[23:49:51] [ITEM_SOLD]: Stebanou vendu 64 x Oak Log à  TheJou pour 150.00 β le survie_new
[23:49:52] [ITEM_LISTED]: Stebanou vend 64 x Oak Log  pour 150.00β sur survie_new
[23:49:52] [ITEM_SOLD]: Stebanou vendu 64 x Oak Log à  TheJou pour 150.00 β le survie_new
[23:49:53] [ITEM_LISTED]: Stebanou vend 64 x Oak Log  pour 150.00β sur survie_new
[23:49:54] [ITEM_LISTED]: Stebanou vend 64 x Oak Log  pour 150.00β sur survie_new
[23:49:54] [ITEM_SOLD]: Stebanou vendu 64 x Oak Log à  TheJou pour 150.00 β le survie_new
[23:49:55] [ITEM_LISTED]: Stebanou vend 64 x Oak Log  pour 150.00β sur survie_new
[23:49:56] [ITEM_SOLD]: Stebanou vendu 64 x Oak Log à  TheJou pour 150.00 β le survie_new
[23:49:57] [ITEM_LISTED]: Stebanou vend 64 x Oak Log  pour 150.00β sur survie_new
[23:49:57] [ITEM_SOLD]: Stebanou vendu 64 x Oak Log à  TheJou pour 150.00 β le survie_new
[23:49:59] [ITEM_SOLD]: Stebanou vendu 64 x Oak Log à  TheJou pour 150.00 β le survie_new
[23:50:00] [ITEM_LISTED]: Stebanou vend 64 x Oak Log  pour 150.00β sur survie_new
[23:50:00] [ITEM_SOLD]: Stebanou vendu 64 x Oak Log à  TheJou pour 150.00 β le survie_new
[23:50:01] [ITEM_LISTED]: Stebanou vend 64 x Oak Log  pour 150.00β sur survie_new
[23:50:02] [ITEM_SOLD]: Stebanou vendu 64 x Oak Log à  TheJou pour 150.00 β le survie_new
[23:50:04] [ITEM_SOLD]: Stebanou vendu 64 x Oak Log à  TheJou pour 150.00 β le survie_new
