[00:02:53] [ITEM_SOLD]: Rayan vendu 1 x §;§:Spawner à Zombie 1x à  MiisterPaanda pour 15,000.00 β le survie_new
[00:10:34] [ITEM_LISTED]: Zeelyrules vend 1 x Diamond Pickaxe  [Efficiency IV, Fortune III] pour 3,000.00β sur survie_new
[00:12:28] [ITEM_SOLD]: Zeelyrules vendu 1 x Diamond Pickaxe à  [Efficiency IV, Fortune III] estedu59 pour 3,000.00 β le survie_new
[00:54:00] [ITEM_SOLD]: Ekiliox vendu 64 x VikingWood Premium™ - Langesthei AG à  Minebark pour 150.00 β le survie_new
[00:59:17] [ITEM_SOLD]: Trailler_42 vendu 64 x Blaze Rod à  MiisterPaanda pour 200.00 β le survie_new
[01:35:03] [ITEM_LISTED]: Zeelyrules vend 64 x Nether Wart  pour 200.00β sur survie_new
[01:35:08] [ITEM_SOLD]: Zeelyrules vendu 64 x Nether Wart à  MiisterPaanda pour 200.00 β le survie_new
[01:40:31] [ITEM_SOLD]: cloclolepedalo vendu 64 x Oak Planks à  Brouillon pour 160.00 β le survie_new
[01:40:37] [ITEM_SOLD]: Rayan vendu 64 x Bone à  Brouillon pour 50.00 β le survie_new
[01:41:12] [ITEM_SOLD]: protocox vendu 64 x Bamboo à  Brouillon pour 100.00 β le survie_new
[01:41:23] [ITEM_SOLD]: Zeelyrules vendu 1 x Anvil à  Brouillon pour 200.00 β le survie_new
[01:42:36] [ITEM_LISTED]: Zeelyrules vend 32 x Spider Eye  pour 500.00β sur survie_new
[01:42:39] [ITEM_SOLD]: Zeelyrules vendu 32 x Spider Eye à  MiisterPaanda pour 500.00 β le survie_new
[01:45:54] [ITEM_SOLD]: lolo11 vendu 64 x Bamboo à  AzRooood pour 50.00 β le survie_new
[01:49:24] [ITEM_SOLD]: Rinpyo vendu 64 x Slime Ball à  MiisterPaanda pour 3,000.00 β le survie_new
[02:29:07] [ITEM_SOLD]: h_ney vendu 64 x Potato à  AzRooood pour 32.00 β le survie_new
[02:50:21] [ITEM_LISTED]: LLIcocoman_Hrz vend 1 x Written Book  pour 10,000.00β sur survie_new
[13:04:43] [ITEM_CANCELLED]: Loan02 annule la vente de 1x Beehive pour 10,000.00β sur survie_new
[13:04:45] [ITEM_CANCELLED]: Loan02 annule la vente de 1x Beehive pour 10,000.00β sur survie_new
[13:04:47] [ITEM_RETURNED]: 1 x Beehive  renvoyé à Loan02 le survie_new
[13:04:48] [ITEM_RETURNED]: 1 x Beehive  renvoyé à Loan02 le survie_new
[13:29:50] [ITEM_LISTED]: Loan02 vend 64 x Iron Block  pour 11,000.00β sur survie_new
[13:37:05] [ITEM_CANCELLED]: dingomax annule la vente de 64x Banane pour 500.00β sur survie_new
[13:37:05] [ITEM_CANCELLED]: dingomax annule la vente de 64x Banane pour 500.00β sur survie_new
[13:37:06] [ITEM_CANCELLED]: dingomax annule la vente de 64x Banane pour 500.00β sur survie_new
[13:37:06] [ITEM_CANCELLED]: dingomax annule la vente de 64x Banane pour 500.00β sur survie_new
[13:37:06] [ITEM_CANCELLED]: dingomax annule la vente de 64x Banane pour 500.00β sur survie_new
[13:37:07] [ITEM_CANCELLED]: dingomax annule la vente de 64x Banane pour 500.00β sur survie_new
[13:37:07] [ITEM_CANCELLED]: dingomax annule la vente de 64x Banane pour 500.00β sur survie_new
[13:37:07] [ITEM_CANCELLED]: dingomax annule la vente de 64x Banane pour 500.00β sur survie_new
[13:37:08] [ITEM_CANCELLED]: dingomax annule la vente de 64x Banane pour 500.00β sur survie_new
[13:37:08] [ITEM_CANCELLED]: dingomax annule la vente de 64x Banane pour 500.00β sur survie_new
[13:37:08] [ITEM_CANCELLED]: dingomax annule la vente de 64x Banane pour 500.00β sur survie_new
[13:37:09] [ITEM_CANCELLED]: dingomax annule la vente de 64x Banane pour 500.00β sur survie_new
[13:37:09] [ITEM_CANCELLED]: dingomax annule la vente de 64x Banane pour 500.00β sur survie_new
[13:37:09] [ITEM_CANCELLED]: dingomax annule la vente de 64x Banane pour 500.00β sur survie_new
[13:37:09] [ITEM_CANCELLED]: dingomax annule la vente de 64x Banane pour 500.00β sur survie_new
[13:37:09] [ITEM_CANCELLED]: dingomax annule la vente de 64x Banane pour 500.00β sur survie_new
[13:37:10] [ITEM_CANCELLED]: dingomax annule la vente de 64x Banane pour 500.00β sur survie_new
[13:37:10] [ITEM_CANCELLED]: dingomax annule la vente de 64x Banane pour 500.00β sur survie_new
[13:37:10] [ITEM_CANCELLED]: dingomax annule la vente de 64x Banane pour 500.00β sur survie_new
[13:37:10] [ITEM_CANCELLED]: dingomax annule la vente de 64x Banane pour 500.00β sur survie_new
[13:37:10] [ITEM_CANCELLED]: dingomax annule la vente de 64x Banane pour 500.00β sur survie_new
[13:37:11] [ITEM_CANCELLED]: dingomax annule la vente de 64x Banane pour 500.00β sur survie_new
[13:37:11] [ITEM_CANCELLED]: dingomax annule la vente de 50x Carrot pour 500.00β sur survie_new
[13:37:11] [ITEM_CANCELLED]: dingomax annule la vente de 64x Banane pour 500.00β sur survie_new
[13:37:11] [ITEM_CANCELLED]: dingomax annule la vente de 64x Banane pour 500.00β sur survie_new
[13:37:12] [ITEM_CANCELLED]: dingomax annule la vente de 64x Banane pour 500.00β sur survie_new
[13:37:12] [ITEM_CANCELLED]: dingomax annule la vente de 64x Banane pour 500.00β sur survie_new
[13:37:13] [ITEM_CANCELLED]: dingomax annule la vente de 64x Banane pour 500.00β sur survie_new
[15:06:46] [ITEM_SOLD]: Minebark vendu 1 x Red Shulker Box à  ianito pour 3,000.00 β le survie_new
[15:06:59] [ITEM_SOLD]: Minebark vendu 1 x Lime Shulker Box à  ianito pour 3,000.00 β le survie_new
[15:26:53] [ITEM_LISTED]: Rinpyo vend 1 x Enchanted Book  pour 6,000.00β sur survie_new
[15:27:00] [ITEM_LISTED]: Rinpyo vend 1 x Enchanted Book  pour 6,000.00β sur survie_new
[15:31:26] [ITEM_LISTED]: Zeelyrules vend 64 x Iron Block  pour 10,000.00β sur survie_new
[15:31:55] [ITEM_SOLD]: Max_Le_Max vendu 1 x Heart Of The Sea à  samdec666 pour 750.00 β le survie_new
[15:31:59] [ITEM_SOLD]: Max_Le_Max vendu 1 x Heart Of The Sea à  samdec666 pour 750.00 β le survie_new
[15:33:28] [ITEM_SOLD]: Zeelyrules vendu 64 x Iron Block à  pikatchou82 pour 10,000.00 β le survie_new
[15:34:03] [ITEM_LISTED]: Kaio_Beninou vend 64 x Diamond Block  pour 40,320.00β sur survie_new
[15:34:41] [ITEM_LISTED]: Kaio_Beninou vend 64 x Diamond Block  pour 40,320.00β sur survie_new
[15:34:44] [ITEM_LISTED]: Kaio_Beninou vend 64 x Diamond Block  pour 40,320.00β sur survie_new
[15:35:10] [ITEM_LISTED]: Kaio_Beninou vend 64 x Gold Block  pour 11,520.00β sur survie_new
[15:35:13] [ITEM_LISTED]: Kaio_Beninou vend 64 x Gold Block  pour 11,520.00β sur survie_new
[15:35:15] [ITEM_LISTED]: Kaio_Beninou vend 64 x Gold Block  pour 11,520.00β sur survie_new
[15:35:17] [ITEM_LISTED]: Kaio_Beninou vend 64 x Gold Block  pour 11,520.00β sur survie_new
[15:35:19] [ITEM_LISTED]: Kaio_Beninou vend 64 x Gold Block  pour 11,520.00β sur survie_new
[15:35:23] [ITEM_LISTED]: Kaio_Beninou vend 64 x Gold Block  pour 11,520.00β sur survie_new
[15:35:43] [ITEM_LISTED]: Kaio_Beninou vend 64 x Iron Block  pour 8,640.00β sur survie_new
[15:35:45] [ITEM_LISTED]: Kaio_Beninou vend 64 x Iron Block  pour 8,640.00β sur survie_new
[15:35:47] [ITEM_LISTED]: Kaio_Beninou vend 64 x Iron Block  pour 8,640.00β sur survie_new
[15:35:51] [ITEM_LISTED]: Kaio_Beninou vend 64 x Iron Block  pour 8,640.00β sur survie_new
[15:35:53] [ITEM_LISTED]: Kaio_Beninou vend 64 x Iron Block  pour 8,640.00β sur survie_new
[15:35:55] [ITEM_LISTED]: Kaio_Beninou vend 64 x Iron Block  pour 8,640.00β sur survie_new
[15:35:55] [ITEM_LISTED]: pikatchou82 vend 64 x Golden Apple  pour 10,000.00β sur survie_new
[15:35:58] [ITEM_LISTED]: Kaio_Beninou vend 64 x Iron Block  pour 8,640.00β sur survie_new
[15:36:00] [ITEM_LISTED]: Kaio_Beninou vend 64 x Iron Block  pour 8,640.00β sur survie_new
[15:36:02] [ITEM_LISTED]: Kaio_Beninou vend 64 x Iron Block  pour 8,640.00β sur survie_new
[15:36:03] [ITEM_LISTED]: pikatchou82 vend 64 x Golden Apple  pour 10,000.00β sur survie_new
[15:36:11] [ITEM_LISTED]: pikatchou82 vend 64 x Golden Apple  pour 10,000.00β sur survie_new
[15:36:14] [ITEM_LISTED]: pikatchou82 vend 64 x Golden Apple  pour 10,000.00β sur survie_new
[15:36:41] [ITEM_SOLD]: pikatchou82 vendu 64 x Golden Apple à  leazdinque pour 10,000.00 β le survie_new
[15:36:42] [ITEM_SOLD]: Kaio_Beninou vendu 64 x Diamond Block à  leazdinque pour 40,320.00 β le survie_new
[15:36:57] [ITEM_SOLD]: Kaio_Beninou vendu 64 x Gold Block à  pikatchou82 pour 11,520.00 β le survie_new
[15:36:59] [ITEM_SOLD]: Kaio_Beninou vendu 64 x Gold Block à  pikatchou82 pour 11,520.00 β le survie_new
[15:37:00] [ITEM_SOLD]: Kaio_Beninou vendu 64 x Gold Block à  pikatchou82 pour 11,520.00 β le survie_new
[15:37:02] [ITEM_SOLD]: Kaio_Beninou vendu 64 x Gold Block à  pikatchou82 pour 11,520.00 β le survie_new
[15:37:03] [ITEM_SOLD]: Kaio_Beninou vendu 64 x Gold Block à  pikatchou82 pour 11,520.00 β le survie_new
[15:37:04] [ITEM_SOLD]: Kaio_Beninou vendu 64 x Gold Block à  pikatchou82 pour 11,520.00 β le survie_new
[15:37:06] [ITEM_SOLD]: Kaio_Beninou vendu 64 x Iron Block à  pikatchou82 pour 8,640.00 β le survie_new
[15:37:07] [ITEM_SOLD]: Kaio_Beninou vendu 64 x Iron Block à  pikatchou82 pour 8,640.00 β le survie_new
[15:37:08] [ITEM_SOLD]: Kaio_Beninou vendu 64 x Iron Block à  pikatchou82 pour 8,640.00 β le survie_new
[15:37:09] [ITEM_SOLD]: Kaio_Beninou vendu 64 x Iron Block à  pikatchou82 pour 8,640.00 β le survie_new
[15:37:10] [ITEM_SOLD]: Kaio_Beninou vendu 64 x Iron Block à  pikatchou82 pour 8,640.00 β le survie_new
[15:37:12] [ITEM_SOLD]: Kaio_Beninou vendu 64 x Iron Block à  pikatchou82 pour 8,640.00 β le survie_new
[15:37:13] [ITEM_SOLD]: Kaio_Beninou vendu 64 x Iron Block à  pikatchou82 pour 8,640.00 β le survie_new
[15:37:16] [ITEM_SOLD]: Kaio_Beninou vendu 64 x Iron Block à  pikatchou82 pour 8,640.00 β le survie_new
[15:37:18] [ITEM_SOLD]: Kaio_Beninou vendu 64 x Iron Block à  pikatchou82 pour 8,640.00 β le survie_new
[15:37:23] [ITEM_SOLD]: Loan02 vendu 64 x Iron Block à  pikatchou82 pour 11,000.00 β le survie_new
[15:37:40] [ITEM_SOLD]: Kaio_Beninou vendu 64 x Diamond Block à  pikatchou82 pour 40,320.00 β le survie_new
[15:37:41] [ITEM_SOLD]: Kaio_Beninou vendu 64 x Diamond Block à  pikatchou82 pour 40,320.00 β le survie_new
[15:37:51] [ITEM_SOLD]: CouzVeBaton vendu 1 x Bow à  [Flame, Infinity] leazdinque pour 2,000.00 β le survie_new
[15:39:26] [ITEM_LISTED]: leazdinque vend 64 x Iron Ore  pour 2,000.00β sur survie_new
[15:39:39] [ITEM_LISTED]: leazdinque vend 24 x Iron Ore  pour 500.00β sur survie_new
[15:40:21] [ITEM_LISTED]: leazdinque vend 1 x 3lPartie d'équipement : I  pour 8,000.00β sur survie_new
[15:40:26] [ITEM_LISTED]: leazdinque vend 1 x 3lPartie d'équipement : II  pour 8,000.00β sur survie_new
[15:42:21] [ITEM_SOLD]: leazdinque vendu 24 x Iron Ore à  pikatchou82 pour 500.00 β le survie_new
[15:42:25] [ITEM_LISTED]: leazdinque vend 64 x Redstone  pour 2,500.00β sur survie_new
[15:42:35] [ITEM_LISTED]: leazdinque vend 36 x Redstone  pour 1,500.00β sur survie_new
[15:42:44] [ITEM_LISTED]: Zeelyrules vend 64 x Redstone Block  pour 1,500.00β sur survie_new
[15:43:03] [ITEM_LISTED]: Zeelyrules vend 64 x Redstone Block  pour 1,500.00β sur survie_new
[15:44:21] [ITEM_SOLD]: Zeelyrules vendu 64 x Redstone Block à  pikatchou82 pour 1,500.00 β le survie_new
[15:44:22] [ITEM_SOLD]: Zeelyrules vendu 64 x Redstone Block à  pikatchou82 pour 1,500.00 β le survie_new
[16:19:12] [ITEM_LISTED]: niguetto5 vend 11 x Presents  pour 5,000.00β sur survie_new
[16:22:13] [ITEM_LISTED]: niguetto5 vend 7 x Presents  pour 2,000.00β sur survie_new
[16:22:47] [ITEM_LISTED]: niguetto5 vend 64 x Villager Eskimo  pour 10,000.00β sur survie_new
[16:23:01] [ITEM_LISTED]: niguetto5 vend 64 x Pastelfruit  pour 10,000.00β sur survie_new
[16:51:27] [ITEM_SOLD]: Rinpyo vendu 1 x Enchanted Book à  Christophe_ pour 6,000.00 β le survie_new
[16:51:45] [ITEM_SOLD]: Rinpyo vendu 1 x Enchanted Book à  Christophe_ pour 6,000.00 β le survie_new
[18:00:25] [ITEM_LISTED]: Pinsut vend 2 x Honey Block  pour 500.00β sur survie_new
[18:00:28] [ITEM_LISTED]: Pinsut vend 2 x Honey Block  pour 500.00β sur survie_new
[18:00:30] [ITEM_LISTED]: Pinsut vend 2 x Honey Block  pour 500.00β sur survie_new
[18:00:32] [ITEM_LISTED]: Pinsut vend 2 x Honey Block  pour 500.00β sur survie_new
[18:21:45] [ITEM_LISTED]: Max_Le_Max vend 1 x Fishing Rod  [unknown, Mending] pour 200.00β sur survie_new
[18:36:59] [ITEM_LISTED]: Luky123413 vend 1 x Grass  pour 1.00β sur survie_new
[18:37:34] [ITEM_LISTED]: DBZ_Smyz vend 64 x Spruce Log  pour 0.30β sur survie_new
[18:37:47] [ITEM_SOLD]: DBZ_Smyz vendu 64 x Spruce Log à  Isaorya pour 0.30 β le survie_new
[18:37:50] [ITEM_SOLD]: Pinsut vendu 2 x Honey Block à  Isaorya pour 500.00 β le survie_new
[18:38:05] [ITEM_LISTED]: DBZ_Smyz vend 64 x Spruce Log  pour 500.00β sur survie_new
[18:38:27] [ITEM_LISTED]: DBZ_Smyz vend 64 x Spruce Log  pour 400.00β sur survie_new
[18:42:11] [ITEM_SOLD]: niguetto5 vendu 64 x Pastelfruit à  Isaorya pour 10,000.00 β le survie_new
[18:42:19] [ITEM_SOLD]: niguetto5 vendu 11 x Presents à  Isaorya pour 5,000.00 β le survie_new
[18:42:38] [ITEM_LISTED]: DBZ_Smyz vend 64 x Cobblestone  pour 75.00β sur survie_new
[18:42:50] [ITEM_LISTED]: DBZ_Smyz vend 64 x Cobblestone  pour 70.00β sur survie_new
[18:43:06] [ITEM_LISTED]: DBZ_Smyz vend 64 x Cobblestone  pour 75.00β sur survie_new
[18:43:41] [ITEM_LISTED]: DBZ_Smyz vend 64 x Cobblestone  pour 70.00β sur survie_new
[18:43:58] [ITEM_LISTED]: DBZ_Smyz vend 64 x Cobblestone  pour 70.00β sur survie_new
[18:44:05] [ITEM_LISTED]: DBZ_Smyz vend 64 x Cobblestone  pour 70.00β sur survie_new
[18:44:20] [ITEM_LISTED]: DBZ_Smyz vend 64 x Cobblestone  pour 70.00β sur survie_new
[18:44:34] [ITEM_LISTED]: DBZ_Smyz vend 64 x Cobblestone  pour 70.00β sur survie_new
[18:44:56] [ITEM_LISTED]: DBZ_Smyz vend 64 x Cobblestone  pour 70.00β sur survie_new
[18:45:12] [ITEM_LISTED]: DBZ_Smyz vend 64 x Cobblestone  pour 70.00β sur survie_new
[18:45:22] [ITEM_LISTED]: DBZ_Smyz vend 64 x Cobblestone  pour 70.00β sur survie_new
[18:45:29] [ITEM_SOLD]: niguetto5 vendu 64 x Villager Eskimo à  omega2028 pour 10,000.00 β le survie_new
[18:45:29] [ITEM_LISTED]: DBZ_Smyz vend 64 x Cobblestone  pour 70.00β sur survie_new
[18:45:34] [ITEM_SOLD]: niguetto5 vendu 7 x Presents à  omega2028 pour 2,000.00 β le survie_new
[18:45:46] [ITEM_LISTED]: DBZ_Smyz vend 64 x Cobblestone  pour 70.00β sur survie_new
[18:45:54] [ITEM_SOLD]: Pinsut vendu 2 x Honey Block à  omega2028 pour 500.00 β le survie_new
[18:45:55] [ITEM_SOLD]: Pinsut vendu 2 x Honey Block à  omega2028 pour 500.00 β le survie_new
[18:45:56] [ITEM_LISTED]: DBZ_Smyz vend 64 x Cobblestone  pour 70.00β sur survie_new
[18:45:57] [ITEM_SOLD]: Pinsut vendu 2 x Honey Block à  omega2028 pour 500.00 β le survie_new
[18:46:09] [ITEM_LISTED]: DBZ_Smyz vend 64 x Cobblestone  pour 70.00β sur survie_new
[18:46:50] [ITEM_LISTED]: DBZ_Smyz vend 64 x Cobblestone  pour 70.00β sur survie_new
[18:47:09] [ITEM_LISTED]: DBZ_Smyz vend 64 x Cobblestone  pour 70.00β sur survie_new
[18:53:18] [ITEM_SOLD]: pikatchou82 vendu 64 x Anvil à  omega2028 pour 1,000.00 β le survie_new
[18:55:23] [ITEM_SOLD]: pikatchou82 vendu 64 x Anvil à  omega2028 pour 1,000.00 β le survie_new
[19:18:06] [ITEM_SOLD]: DBZ_Smyz vendu 64 x Spruce Log à  Isaorya pour 500.00 β le survie_new
[19:18:07] [ITEM_SOLD]: DBZ_Smyz vendu 64 x Spruce Log à  Isaorya pour 400.00 β le survie_new
[19:27:09] [ITEM_LISTED]: Luky123413 vend 9 x White Wool  pour 2.00β sur survie_new
[19:33:42] [ITEM_SOLD]: Luky123413 vendu 9 x White Wool à  Isaorya pour 2.00 β le survie_new
[19:40:35] [ITEM_SOLD]: leazdinque vendu 64 x Iron Ore à  CouzVeBaton pour 2,000.00 β le survie_new
[19:51:15] [ITEM_SOLD]: Rinpyo vendu 64 x Slime Ball à  Kanntin pour 3,000.00 β le survie_new
[19:54:40] [ITEM_SOLD]: protocox vendu 64 x Bamboo à  Kanntin pour 100.00 β le survie_new
[19:58:01] [ITEM_LISTED]: Crak_N vend 2 x Dolphin Spawn Egg  pour 10,000.00β sur survie_new
[19:58:11] [ITEM_SOLD]: Crak_N vendu 2 x Dolphin Spawn Egg à  Loan02 pour 10,000.00 β le survie_new
[20:00:03] [ITEM_SOLD]: Stebanou vendu 1 x §;§:Spider Spawner 1x à  Loan02 pour 5,000.00 β le survie_new
[20:00:05] [ITEM_SOLD]: Stebanou vendu 1 x §;§:Spider Spawner 1x à  Loan02 pour 5,000.00 β le survie_new
[20:13:12] [ITEM_LISTED]: Loan02 vend 1 x Written Book  pour 100.00β sur survie_new
[20:14:38] [ITEM_SOLD]: Luky123413 vendu 1 x Grass à  Loan02 pour 1.00 β le survie_new
[20:34:28] [ITEM_LISTED]: Loan02 vend 64 x Iron Block  pour 11,000.00β sur survie_new
[20:34:39] [ITEM_LISTED]: Loan02 vend 64 x Iron Block  pour 11,000.00β sur survie_new
[20:35:05] [ITEM_LISTED]: Loan02 vend 64 x Iron Block  pour 11,000.00β sur survie_new
[20:54:13] [ITEM_LISTED]: Zeelyrules vend 64 x Cactus  pour 150.00β sur survie_new
[21:05:36] [ITEM_SOLD]: Zeelyrules vendu 64 x Cactus à  Kanntin pour 150.00 β le survie_new
[21:29:29] [ITEM_SOLD]: Mrzozoto1919 vendu 1 x Iron Sword à  [Knockback II, Sharpness III, Sweeping Edge I, Unbreaking II] Skullcute pour 1,000.00 β le survie_new
[22:32:24] [ITEM_LISTED]: Pinsut vend 2 x Honey Block  pour 500.00β sur survie_new
[22:32:27] [ITEM_LISTED]: Pinsut vend 2 x Honey Block  pour 500.00β sur survie_new
[22:32:29] [ITEM_LISTED]: Pinsut vend 2 x Honey Block  pour 500.00β sur survie_new
[22:46:42] [ITEM_LISTED]: Max_Le_Max vend 1 x Fishing Rod  [Mending] pour 100.00β sur survie_new
[22:46:52] [ITEM_CANCELLED]: Max_Le_Max annule la vente de 1x Fishing Rod [Mending] pour 450.00β sur survie_new
[22:46:55] [ITEM_RETURNED]: 1 x Fishing Rod  [Mending] renvoyé à Max_Le_Max le survie_new
[22:46:58] [ITEM_LISTED]: Max_Le_Max vend 1 x Fishing Rod  [Mending] pour 100.00β sur survie_new
[22:56:39] [ITEM_LISTED]: Pinsut vend 2 x Honey Block  pour 500.00β sur survie_new
[23:12:08] [ITEM_LISTED]: Pinsut vend 2 x Honey Block  pour 500.00β sur survie_new
[23:17:01] [ITEM_LISTED]: Charlez220 vend 1 x §;§:Spawner Silverfish x1  pour 10,000.00β sur survie_new
[23:17:11] [ITEM_LISTED]: Charlez220 vend 1 x §;§:Spawner Dolphin x1  pour 15,000.00β sur survie_new
[23:17:17] [ITEM_LISTED]: Charlez220 vend 1 x §;§:Spawner Spider x1  pour 10,000.00β sur survie_new
[23:17:23] [ITEM_LISTED]: Charlez220 vend 1 x §;§:Spawner Cave spider x1  pour 10,000.00β sur survie_new
[23:55:27] [ITEM_CANCELLED]: Max_Le_Max annule la vente de 1x Fishing Rod [Mending] pour 100.00β sur survie_new
[23:55:30] [ITEM_RETURNED]: 1 x Fishing Rod  [Mending] renvoyé à Max_Le_Max le survie_new
[23:55:55] [ITEM_LISTED]: Max_Le_Max vend 1 x Fishing Rod  [unknown, Lure II, Mending, Unbreaking III] pour 500.00β sur survie_new
