[00:17:44] [ITEM_LISTED]: Ender_Shock vend 64 x Emerald Block  pour 1,000.00β sur survie_new_nether
[00:17:49] [ITEM_LISTED]: Ender_Shock vend 64 x Emerald Block  pour 1,000.00β sur survie_new_nether
[00:17:55] [ITEM_LISTED]: Ender_Shock vend 35 x Emerald Block  pour 500.00β sur survie_new_nether
[00:17:57] [ITEM_SOLD]: Ender_Shock vendu 64 x Emerald Block à  JajamGamingYTB pour 1,000.00 β le survie_new_nether
[00:17:59] [ITEM_SOLD]: Ender_Shock vendu 64 x Emerald Block à  JajamGamingYTB pour 1,000.00 β le survie_new_nether
[00:18:00] [ITEM_SOLD]: Ender_Shock vendu 35 x Emerald Block à  JajamGamingYTB pour 500.00 β le survie_new_nether
[00:18:22] [ITEM_LISTED]: Ender_Shock vend 4 x Wither Skeleton Skull  pour 18,000.00β sur survie_new_nether
[00:18:25] [ITEM_SOLD]: Ender_Shock vendu 4 x Wither Skeleton Skull à  JajamGamingYTB pour 18,000.00 β le survie_new_nether
[00:19:01] [ITEM_LISTED]: Ender_Shock vend 64 x Gold Nugget  pour 10.00β sur survie_new_nether
[00:19:02] [ITEM_LISTED]: Ender_Shock vend 64 x Gold Nugget  pour 10.00β sur survie_new_nether
[00:19:04] [ITEM_LISTED]: Ender_Shock vend 64 x Gold Nugget  pour 10.00β sur survie_new_nether
[00:19:05] [ITEM_SOLD]: Ender_Shock vendu 64 x Gold Nugget à  JajamGamingYTB pour 10.00 β le survie_new_nether
[00:19:07] [ITEM_SOLD]: Ender_Shock vendu 64 x Gold Nugget à  JajamGamingYTB pour 10.00 β le survie_new_nether
[00:19:09] [ITEM_SOLD]: Ender_Shock vendu 64 x Gold Nugget à  JajamGamingYTB pour 10.00 β le survie_new_nether
[00:19:10] [ITEM_LISTED]: Ender_Shock vend 64 x Gold Nugget  pour 10.00β sur survie_new_nether
[00:19:12] [ITEM_SOLD]: Ender_Shock vendu 64 x Gold Nugget à  JajamGamingYTB pour 10.00 β le survie_new_nether
[00:19:13] [ITEM_LISTED]: Ender_Shock vend 64 x Gold Nugget  pour 10.00β sur survie_new_nether
[00:19:15] [ITEM_LISTED]: Ender_Shock vend 64 x Gold Nugget  pour 10.00β sur survie_new_nether
[00:19:16] [ITEM_LISTED]: Ender_Shock vend 64 x Gold Nugget  pour 10.00β sur survie_new_nether
[00:19:16] [ITEM_SOLD]: Ender_Shock vendu 64 x Gold Nugget à  JajamGamingYTB pour 10.00 β le survie_new_nether
[00:19:17] [ITEM_LISTED]: Ender_Shock vend 64 x Gold Nugget  pour 10.00β sur survie_new_nether
[00:19:17] [ITEM_SOLD]: Ender_Shock vendu 64 x Gold Nugget à  JajamGamingYTB pour 10.00 β le survie_new_nether
[00:19:19] [ITEM_SOLD]: Ender_Shock vendu 64 x Gold Nugget à  JajamGamingYTB pour 10.00 β le survie_new_nether
[00:19:19] [ITEM_LISTED]: Ender_Shock vend 64 x Gold Nugget  pour 10.00β sur survie_new_nether
[00:19:20] [ITEM_SOLD]: Ender_Shock vendu 64 x Gold Nugget à  JajamGamingYTB pour 10.00 β le survie_new_nether
[00:19:21] [ITEM_SOLD]: Ender_Shock vendu 64 x Gold Nugget à  JajamGamingYTB pour 10.00 β le survie_new_nether
[00:19:24] [ITEM_LISTED]: Ender_Shock vend 64 x Gold Nugget  pour 10.00β sur survie_new_nether
[00:19:26] [ITEM_SOLD]: Ender_Shock vendu 64 x Gold Nugget à  JajamGamingYTB pour 10.00 β le survie_new_nether
[00:19:27] [ITEM_LISTED]: Ender_Shock vend 64 x Gold Nugget  pour 10.00β sur survie_new_nether
[00:19:29] [ITEM_LISTED]: Ender_Shock vend 64 x Gold Nugget  pour 10.00β sur survie_new_nether
[00:19:29] [ITEM_SOLD]: Ender_Shock vendu 64 x Gold Nugget à  JajamGamingYTB pour 10.00 β le survie_new_nether
[00:19:31] [ITEM_LISTED]: Ender_Shock vend 64 x Gold Nugget  pour 10.00β sur survie_new_nether
[00:19:31] [ITEM_SOLD]: Ender_Shock vendu 64 x Gold Nugget à  JajamGamingYTB pour 10.00 β le survie_new_nether
[00:19:33] [ITEM_SOLD]: Ender_Shock vendu 64 x Gold Nugget à  JajamGamingYTB pour 10.00 β le survie_new_nether
[00:19:33] [ITEM_LISTED]: Ender_Shock vend 64 x Gold Nugget  pour 10.00β sur survie_new_nether
[00:19:35] [ITEM_SOLD]: Ender_Shock vendu 64 x Gold Nugget à  JajamGamingYTB pour 10.00 β le survie_new_nether
[00:19:35] [ITEM_LISTED]: Ender_Shock vend 64 x Gold Nugget  pour 10.00β sur survie_new_nether
[00:19:37] [ITEM_SOLD]: Ender_Shock vendu 64 x Gold Nugget à  JajamGamingYTB pour 10.00 β le survie_new_nether
[00:19:45] [ITEM_LISTED]: Ender_Shock vend 64 x Gold Ingot  pour 1,000.00β sur survie_new_nether
[00:19:47] [ITEM_SOLD]: Ender_Shock vendu 64 x Gold Ingot à  JajamGamingYTB pour 1,000.00 β le survie_new_nether
[00:20:40] [ITEM_LISTED]: Ender_Shock vend 64 x Magma Block  pour 1,000.00β sur survie_new_nether
[00:20:44] [ITEM_SOLD]: Ender_Shock vendu 64 x Magma Block à  JajamGamingYTB pour 1,000.00 β le survie_new_nether
[00:20:50] [ITEM_LISTED]: Ender_Shock vend 5 x Bee Nest  pour 1,000.00β sur survie_new_nether
[00:20:54] [ITEM_SOLD]: Ender_Shock vendu 5 x Bee Nest à  JajamGamingYTB pour 1,000.00 β le survie_new_nether
[08:35:28] [ITEM_LISTED]: Karazhar vend 1 x Bee Nest  pour 750.00β sur survie_new
[08:35:36] [ITEM_LISTED]: Karazhar vend 1 x Bee Nest  pour 750.00β sur survie_new
[08:35:46] [ITEM_LISTED]: Karazhar vend 1 x Bee Nest  pour 750.00β sur survie_new
[15:26:34] [ITEM_SOLD]: GoldenFarmers vendu 1 x Shulker Box à  Karazhar pour 2,000.00 β le survie_new
[15:28:05] [ITEM_LISTED]: Karazhar vend 1 x Dolphin Spawn Egg  pour 3,500.00β sur survie_new
[15:28:11] [ITEM_LISTED]: Karazhar vend 1 x Dolphin Spawn Egg  pour 3,500.00β sur survie_new
[17:38:57] [ITEM_LISTED]: La_Big_Fatima vend 1 x Diamond Sword  [Knockback I, Looting II] pour 3,000.00β sur survie_new
[17:40:07] [ITEM_LISTED]: Bubu42 vend 64 x Gold Ingot  pour 1,600.00β sur survie_new
[17:40:13] [ITEM_SOLD]: Bubu42 vendu 64 x Gold Ingot à  xytrill pour 1,600.00 β le survie_new
[17:42:15] [ITEM_LISTED]: La_Big_Fatima vend 16 x Glowstone  pour 500.00β sur survie_new
[17:49:16] [ITEM_LISTED]: Karazhar vend 1 x Diamond Pickaxe  [Silk Touch] pour 500.00β sur survie_new
[17:49:22] [ITEM_LISTED]: Karazhar vend 1 x Diamond Pickaxe  [Silk Touch] pour 500.00β sur survie_new
[17:49:27] [ITEM_LISTED]: Karazhar vend 1 x Diamond Pickaxe  [Silk Touch] pour 500.00β sur survie_new
[17:49:31] [ITEM_LISTED]: Karazhar vend 1 x Diamond Pickaxe  [Silk Touch] pour 500.00β sur survie_new
[17:49:35] [ITEM_LISTED]: Karazhar vend 1 x Diamond Pickaxe  [Silk Touch] pour 500.00β sur survie_new
[17:49:40] [ITEM_LISTED]: Karazhar vend 1 x Diamond Pickaxe  [Silk Touch] pour 500.00β sur survie_new
[17:49:44] [ITEM_LISTED]: Karazhar vend 1 x Diamond Pickaxe  [Silk Touch] pour 500.00β sur survie_new
[18:43:59] [ITEM_SOLD]: La_Big_Fatima vendu 16 x Glowstone à  _Robinou_ pour 500.00 β le survie_new
[18:56:59] [ITEM_LISTED]: Flacabon vend 1 x Diamond Sword  [Fire Aspect I, Smite IV, Sweeping Edge III] pour 1,500.00β sur survie_new
[19:30:09] [ITEM_LISTED]: Bubu42 vend 32 x Diamond  pour 5,000.00β sur survie_new
[19:30:12] [ITEM_SOLD]: Bubu42 vendu 32 x Diamond à  Max_Le_Max pour 5,000.00 β le survie_new
[19:36:50] [ITEM_LISTED]: toyo_portos vend 2 x Nautilus Shell  pour 1,000.00β sur survie_new
[19:37:40] [ITEM_SOLD]: Karazhar vendu 1 x Diamond Pickaxe à  [Silk Touch] toyo_portos pour 500.00 β le survie_new
[19:38:37] [ITEM_SOLD]: La_Big_Fatima vendu 1 x Diamond Boots à  [Protection III, Unbreaking III] toyo_portos pour 2,000.00 β le survie_new
[19:40:28] [ITEM_LISTED]: Bubu42 vend 64 x Lapis Lazuli  pour 500.00β sur survie_new
[19:40:34] [ITEM_SOLD]: Bubu42 vendu 64 x Lapis Lazuli à  Janechoo27 pour 500.00 β le survie_new
[20:55:55] [ITEM_CANCELLED]: Ender_Shock annule la vente de 1x Enchanted Book pour 11,999.00β sur survie_new
[20:55:57] [ITEM_RETURNED]: 1 x Enchanted Book  renvoyé à Ender_Shock le survie_new
[21:04:40] [ITEM_LISTED]: Kanntin vend 1 x §;§:Spawner Zombie x1  pour 4,000.00β sur survie_new
[21:05:06] [ITEM_LISTED]: Kanntin vend 1 x §;§:Spawner Cave spider x1  pour 4,000.00β sur survie_new
[21:12:47] [ITEM_SOLD]: GoldenFarmers vendu 1 x Enchanted Book à  RobaingDeBoa pour 11,500.00 β le survie_new
[21:13:02] [ITEM_SOLD]: GoldenFarmers vendu 1 x Enchanted Book à  RobaingDeBoa pour 11,500.00 β le survie_new
[21:18:11] [ITEM_SOLD]: GoldenFarmers vendu 1 x Enchanted Book à  RobaingDeBoa pour 11,500.00 β le survie_new
[21:44:39] [ITEM_LISTED]: GoldenFarmers vend 1 x Elytra  pour 18,000.00β sur survie_new
[21:44:46] [ITEM_LISTED]: GoldenFarmers vend 1 x Elytra  pour 20,000.00β sur survie_new
[21:44:55] [ITEM_LISTED]: GoldenFarmers vend 1 x Elytra  pour 19,000.00β sur survie_new
[21:45:02] [ITEM_LISTED]: GoldenFarmers vend 1 x Elytra  pour 17,000.00β sur survie_new
[21:45:18] [ITEM_LISTED]: GoldenFarmers vend 1 x Dragon Head  pour 12,000.00β sur survie_new
[21:45:22] [ITEM_LISTED]: GoldenFarmers vend 1 x Dragon Head  pour 12,000.00β sur survie_new
[21:45:24] [ITEM_LISTED]: GoldenFarmers vend 1 x Dragon Head  pour 12,000.00β sur survie_new
[21:45:28] [ITEM_LISTED]: GoldenFarmers vend 1 x Dragon Head  pour 12,000.00β sur survie_new
[21:45:29] [ITEM_LISTED]: GoldenFarmers vend 1 x Dragon Head  pour 12,000.00β sur survie_new
[21:45:33] [ITEM_LISTED]: GoldenFarmers vend 1 x Dragon Head  pour 12,000.00β sur survie_new
[21:45:54] [ITEM_LISTED]: GoldenFarmers vend 1 x Shulker Box  pour 2,000.00β sur survie_new
[21:46:45] [ITEM_LISTED]: GoldenFarmers vend 1 x Elytra  pour 19,000.00β sur survie_new
