[02:54:40] [ITEM_SOLD]: aidan vendu 1 x Epée à  [Looting II, Sharpness V, Unbreaking II] ayaytbs374 pour 3,000.00 β le survie_new
[09:19:28] [ITEM_SOLD]: ekkubb vendu 64 x bois à  HeFk pour 100.00 β le survie_new
[09:19:30] [ITEM_SOLD]: ekkubb vendu 64 x terre à  HeFk pour 110.00 β le survie_new
[10:19:33] [ITEM_SOLD]: Stebanou vendu 1 x Diamond Horse Armor à  Rayan pour 500.00 β le survie_new
[10:19:49] [ITEM_SOLD]: lolo11 vendu 2 x Clock à  Rayan pour 0.00 β le survie_new
[10:19:53] [ITEM_SOLD]: lolo11 vendu 2 x Clock à  Rayan pour 0.00 β le survie_new
[10:20:28] [ITEM_CANCELLED]: Rayan annule la vente de 1x Skeleton Skull pour 15,000.00β sur survie_new
[10:21:43] [ITEM_LISTED]: Rayan vend 64 x Bone  pour 50.00β sur survie_new
[11:36:47] [ITEM_SOLD]: protocox vendu 64 x Bamboo à  Pinsut pour 100.00 β le survie_new
[11:37:02] [ITEM_SOLD]: samdec666 vendu 64 x Carrot à  Pinsut pour 1.00 β le survie_new
[11:37:22] [ITEM_SOLD]: h_ney vendu 64 x Potato à  Pinsut pour 32.00 β le survie_new
[12:13:56] [ITEM_LISTED]: Max_Le_Max vend 1 x Enchanted Book  pour 250.00β sur survie_new
[13:25:24] [ITEM_SOLD]: Trailler_42 vendu 7 x Lapis Block à  Vymoon pour 999.00 β le survie_new
[14:04:16] [ITEM_LISTED]: CroixVeBaton vend 4 x Ender Chest  pour 1,000.00β sur survie_new
[14:04:27] [ITEM_SOLD]: CroixVeBaton vendu 4 x Ender Chest à  lolo11 pour 1,000.00 β le survie_new
[14:10:55] [ITEM_SOLD]: Max_Le_Max vendu 1 x Enchanted Book à  lolo11 pour 250.00 β le survie_new
[14:11:22] [ITEM_SOLD]: protocox vendu 37 x Bamboo à  lolo11 pour 50.00 β le survie_new
[14:19:52] [ITEM_SOLD]: Ekiliox vendu 64 x Dark Oak Log à  Minebark pour 150.00 β le survie_new
[14:19:55] [ITEM_SOLD]: Ekiliox vendu 64 x Dark Oak Log à  Minebark pour 150.00 β le survie_new
[14:29:41] [ITEM_LISTED]: lolo11 vend 64 x Bamboo  pour 50.00β sur survie_new
[14:29:55] [ITEM_LISTED]: lolo11 vend 64 x Bamboo  pour 50.00β sur survie_new
[15:06:53] [ITEM_LISTED]: Loan02 vend 64 x Iron Block  pour 11,000.00β sur survie_new
[15:10:38] [ITEM_SOLD]: The_Ninjaz70 vendu 1 x Chainmail Helmet à  Max_Le_Max pour 1.00 β le survie_new
[15:12:20] [ITEM_LISTED]: cloclolepedalo vend 1 x Iron Sword  pour 190.00β sur survie_new
[15:12:59] [ITEM_LISTED]: cloclolepedalo vend 64 x Oak Log  pour 190.00β sur survie_new
[15:16:11] [ITEM_CANCELLED]: Zeelyrules annule la vente de 1x Potion pour 400.00β sur survie_new
[15:17:14] [ITEM_CANCELLED]: cloclolepedalo annule la vente de 1x Iron Sword pour 190.00β sur survie_new
[15:17:26] [ITEM_CANCELLED]: cloclolepedalo annule la vente de 64x Oak Log pour 190.00β sur survie_new
[15:17:46] [ITEM_SOLD]: CroixVeBaton vendu 64 x Dark Oak Log à  lolo11 pour 200.00 β le survie_new
[15:17:49] [ITEM_SOLD]: CroixVeBaton vendu 64 x Dark Oak Log à  lolo11 pour 200.00 β le survie_new
[15:17:50] [ITEM_LISTED]: cloclolepedalo vend 64 x Oak Planks  pour 160.00β sur survie_new
[15:18:22] [ITEM_LISTED]: cloclolepedalo vend 64 x Dark Oak Planks  pour 190.00β sur survie_new
[15:32:33] [ITEM_LISTED]: Max_Le_Max vend 1 x Heart Of The Sea  pour 1,500.00β sur survie_new
[16:02:44] [ITEM_SOLD]: Ekiliox vendu 64 x Oak Log à  Loan02 pour 160.00 β le survie_new
[16:02:56] [ITEM_SOLD]: CroixVeBaton vendu 64 x Dark Oak Log à  Loan02 pour 200.00 β le survie_new
[16:21:22] [ITEM_SOLD]: Zeelyrules vendu 1 x Diamond Pickaxe à  [Silk Touch] Pinsut pour 2,000.00 β le survie_new
[16:25:42] [ITEM_LISTED]: CouzVeBaton vend 1 x Bow  [Flame, Infinity] pour 2,000.00β sur survie_new
[16:25:44] [ITEM_LISTED]: CouzVeBaton vend 1 x Bow  [Flame, Infinity] pour 2,000.00β sur survie_new
[16:25:45] [ITEM_LISTED]: CouzVeBaton vend 1 x Bow  [Flame, Infinity] pour 2,000.00β sur survie_new
[16:25:46] [ITEM_LISTED]: CouzVeBaton vend 1 x Bow  [Flame, Infinity] pour 2,000.00β sur survie_new
[16:25:47] [ITEM_LISTED]: CouzVeBaton vend 1 x Bow  [Flame, Infinity] pour 2,000.00β sur survie_new
[16:25:49] [ITEM_LISTED]: CouzVeBaton vend 1 x Bow  [Flame, Infinity] pour 2,000.00β sur survie_new
[16:25:51] [ITEM_LISTED]: CouzVeBaton vend 1 x Bow  [Flame, Infinity] pour 2,000.00β sur survie_new
[16:25:51] [ITEM_LISTED]: CouzVeBaton vend 1 x Bow  [Flame, Infinity] pour 2,000.00β sur survie_new
[16:26:22] [ITEM_LISTED]: CouzVeBaton vend 1 x Diamond Pickaxe  [Silk Touch] pour 2,000.00β sur survie_new
[16:26:23] [ITEM_LISTED]: CouzVeBaton vend 1 x Diamond Pickaxe  [Silk Touch] pour 2,000.00β sur survie_new
[16:26:23] [ITEM_LISTED]: CouzVeBaton vend 1 x Diamond Pickaxe  [Silk Touch] pour 2,000.00β sur survie_new
[16:26:24] [ITEM_LISTED]: CouzVeBaton vend 1 x Diamond Helmet  [Aqua Affinity] pour 2,000.00β sur survie_new
[16:26:25] [ITEM_LISTED]: CouzVeBaton vend 1 x Diamond Helmet  [Aqua Affinity] pour 2,000.00β sur survie_new
[16:26:30] [ITEM_LISTED]: CouzVeBaton vend 1 x Diamond Helmet  [Aqua Affinity] pour 2,000.00β sur survie_new
[16:30:31] [ITEM_LISTED]: Max_Le_Max vend 3 x §;§:Spawner Blaze x1  pour 5,000.00β sur survie_new
[16:31:01] [ITEM_LISTED]: Max_Le_Max vend 1 x Saddle  pour 100.00β sur survie_new
[16:34:08] [ITEM_LISTED]: Max_Le_Max vend 4 x Chicken Spawn Egg  pour 100.00β sur survie_new
[16:34:21] [ITEM_LISTED]: Max_Le_Max vend 2 x Dolphin Spawn Egg  pour 750.00β sur survie_new
[16:39:47] [ITEM_SOLD]: Max_Le_Max vendu 4 x Chicken Spawn Egg à  Rayan pour 100.00 β le survie_new
[16:43:54] [ITEM_LISTED]: samdec666 vend 1 x Fishing Rod  [Mending, Unbreaking III] pour 4,000.00β sur survie_new
[16:54:49] [ITEM_LISTED]: CroixVeBaton vend 1 x Bow  [Flame, Infinity] pour 3,000.00β sur survie_new
[16:54:51] [ITEM_LISTED]: CroixVeBaton vend 1 x Bow  [Flame, Infinity] pour 3,000.00β sur survie_new
[16:55:00] [ITEM_LISTED]: CroixVeBaton vend 1 x Diamond Helmet  [Aqua Affinity] pour 3,000.00β sur survie_new
[16:55:02] [ITEM_LISTED]: CroixVeBaton vend 1 x Bow  [Flame, Infinity] pour 3,000.00β sur survie_new
[17:04:56] [ITEM_SOLD]: Max_Le_Max vendu 2 x Dolphin Spawn Egg à  CouzVeBaton pour 750.00 β le survie_new
[17:05:44] [ITEM_CANCELLED]: Christophe_ annule la vente de 1x Wither Skeleton Skull pour 15,000.00β sur survie_new
[17:05:49] [ITEM_RETURNED]: 1 x Wither Skeleton Skull  renvoyé à Christophe_ le survie_new
[17:06:03] [ITEM_LISTED]: Christophe_ vend 1 x Wither Skeleton Skull  pour 7,500.00β sur survie_new
[17:14:02] [ITEM_LISTED]: Zeelyrules vend 1 x Anvil  pour 200.00β sur survie_new
[17:14:52] [ITEM_LISTED]: CouzVeBaton vend 1 x Bow  [Flame, Infinity] pour 2,000.00β sur survie_new
[17:14:53] [ITEM_LISTED]: CouzVeBaton vend 1 x Diamond Helmet  [Aqua Affinity] pour 2,000.00β sur survie_new
[17:15:24] [ITEM_LISTED]: samdec666 vend 1 x Fishing Rod  [Mending, Unbreaking III] pour 4,000.00β sur survie_new
[17:16:30] [ITEM_LISTED]: Zeelyrules vend 32 x Poudre Magique  pour 15,000.00β sur survie_new
[17:30:32] [ITEM_SOLD]: Max_Le_Max vendu 1 x Heart Of The Sea à  pikatchou82 pour 1,500.00 β le survie_new
[17:31:05] [ITEM_SOLD]: CroixVeBaton vendu 1 x Dragon Head à  pikatchou82 pour 5,000.00 β le survie_new
[17:32:45] [ITEM_SOLD]: omega2028 vendu 64 x Iron Block à  pikatchou82 pour 11,000.00 β le survie_new
[17:32:46] [ITEM_SOLD]: omega2028 vendu 64 x Iron Block à  pikatchou82 pour 11,000.00 β le survie_new
[17:32:49] [ITEM_SOLD]: omega2028 vendu 64 x Iron Block à  pikatchou82 pour 11,000.00 β le survie_new
[17:32:51] [ITEM_SOLD]: omega2028 vendu 64 x Iron Block à  pikatchou82 pour 11,000.00 β le survie_new
[17:32:53] [ITEM_SOLD]: omega2028 vendu 64 x Iron Block à  pikatchou82 pour 11,000.00 β le survie_new
[17:32:55] [ITEM_SOLD]: omega2028 vendu 64 x Iron Block à  pikatchou82 pour 11,000.00 β le survie_new
[17:32:56] [ITEM_SOLD]: omega2028 vendu 64 x Iron Block à  pikatchou82 pour 11,000.00 β le survie_new
[17:32:58] [ITEM_SOLD]: omega2028 vendu 64 x Iron Block à  pikatchou82 pour 11,000.00 β le survie_new
[17:34:24] [ITEM_LISTED]: samdec666 vend 1 x Diamond Pickaxe  [Silk Touch] pour 1,000.00β sur survie_new
[17:36:55] [ITEM_LISTED]: Rinpyo vend 64 x Slime Ball  pour 5,000.00β sur survie_new
[17:47:51] [ITEM_LISTED]: Rinpyo vend 12 x Slime Ball  pour 1,900.00β sur survie_new
[17:52:55] [ITEM_CANCELLED]: Loan02 annule la vente de 64x Iron Block pour 11,000.00β sur survie_new
[17:53:01] [ITEM_RETURNED]: 64 x Iron Block  renvoyé à Loan02 le survie_new
[17:53:56] [ITEM_LISTED]: Loan02 vend 64 x Iron Block  pour 11,000.00β sur survie_new
[17:54:02] [ITEM_LISTED]: Loan02 vend 64 x Iron Block  pour 11,000.00β sur survie_new
[17:54:16] [ITEM_LISTED]: Loan02 vend 64 x Iron Block  pour 11,000.00β sur survie_new
[17:55:03] [ITEM_LISTED]: Pinsut vend 1 x Bee Nest  pour 3,000.00β sur survie_new
[17:55:05] [ITEM_LISTED]: Pinsut vend 1 x Bee Nest  pour 3,000.00β sur survie_new
[17:55:10] [ITEM_LISTED]: Pinsut vend 1 x Bee Nest  pour 3,000.00β sur survie_new
[17:55:13] [ITEM_LISTED]: Pinsut vend 1 x Bee Nest  pour 3,000.00β sur survie_new
[17:57:40] [ITEM_SOLD]: Loan02 vendu 64 x Iron Block à  pikatchou82 pour 11,000.00 β le survie_new
[17:57:41] [ITEM_SOLD]: Loan02 vendu 64 x Iron Block à  pikatchou82 pour 11,000.00 β le survie_new
[17:57:43] [ITEM_SOLD]: Loan02 vendu 64 x Iron Block à  pikatchou82 pour 11,000.00 β le survie_new
[18:05:37] [ITEM_CANCELLED]: Pinsut annule la vente de 1x Bee Nest pour 3,000.00β sur survie_new
[18:05:37] [ITEM_CANCELLED]: Pinsut annule la vente de 1x Bee Nest pour 3,000.00β sur survie_new
[18:05:37] [ITEM_CANCELLED]: Pinsut annule la vente de 1x Bee Nest pour 3,000.00β sur survie_new
[18:05:37] [ITEM_CANCELLED]: Pinsut annule la vente de 1x Bee Nest pour 3,000.00β sur survie_new
[18:05:48] [ITEM_RETURNED]: 1 x Bee Nest  renvoyé à Pinsut le survie_new
[18:05:48] [ITEM_RETURNED]: 1 x Bee Nest  renvoyé à Pinsut le survie_new
[18:05:48] [ITEM_RETURNED]: 1 x Bee Nest  renvoyé à Pinsut le survie_new
[18:05:49] [ITEM_RETURNED]: 1 x Bee Nest  renvoyé à Pinsut le survie_new
[18:06:09] [ITEM_LISTED]: Pinsut vend 1 x Bee Nest  pour 800.00β sur survie_new
[18:06:11] [ITEM_LISTED]: Pinsut vend 1 x Bee Nest  pour 800.00β sur survie_new
[18:06:16] [ITEM_LISTED]: Pinsut vend 1 x Bee Nest  pour 800.00β sur survie_new
[18:06:26] [ITEM_LISTED]: Pinsut vend 1 x Bee Nest  pour 800.00β sur survie_new
[18:26:04] [ITEM_LISTED]: samdec666 vend 1 x Iron Axe  pour 5.00β sur survie_new
[18:28:05] [ITEM_LISTED]: Loan02 vend 1 x §;§:Spawner Bee x1  pour 100,000.00β sur survie_new
[18:28:08] [ITEM_SOLD]: Loan02 vendu 1 x §;§:Spawner Bee x1 à  omega2028 pour 100,000.00 β le survie_new
[18:28:18] [ITEM_SOLD]: Pinsut vendu 1 x Bee Nest à  samdec666 pour 800.00 β le survie_new
[18:48:30] [ITEM_SOLD]: samdec666 vendu 64 x Carrot à  dingomax pour 1.00 β le survie_new
[18:51:15] [ITEM_LISTED]: Stebanou vend 1 x bote legnendaire  [Feather Falling III, Frost Walker II] pour 50,000.00β sur survie_new
[18:53:08] [ITEM_SOLD]: Rinpyo vendu 64 x Slime Ball à  blazou38 pour 5,000.00 β le survie_new
[19:15:42] [ITEM_SOLD]: Pinsut vendu 1 x Bee Nest à  A_Mohamed pour 800.00 β le survie_new
[19:21:30] [ITEM_SOLD]: Pinsut vendu 1 x Bee Nest à  pikatchou82 pour 800.00 β le survie_new
[19:28:38] [ITEM_SOLD]: Christophe_ vendu 1 x Wither Skeleton Skull à  Max_Le_Max pour 7,500.00 β le survie_new
[19:30:50] [ITEM_SOLD]: Pinsut vendu 1 x Bee Nest à  A_Mohamed pour 800.00 β le survie_new
[19:41:31] [ITEM_SOLD]: h_ney vendu 64 x Potato à  A_Mohamed pour 32.00 β le survie_new
[19:51:56] [ITEM_SOLD]: CouzVeBaton vendu 1 x Bow à  [Flame, Infinity] MUSTAPHA22 pour 2,000.00 β le survie_new
[19:55:18] [ITEM_SOLD]: Trailler_42 vendu 64 x Arrow à  MUSTAPHA22 pour 350.00 β le survie_new
[19:56:32] [ITEM_LISTED]: Max_Le_Max vend 64 x Tipped Arrow  pour 250.00β sur survie_new
[20:00:43] [ITEM_SOLD]: CouzVeBaton vendu 1 x Bow à  [Flame, Infinity] A_Mohamed pour 2,000.00 β le survie_new
[20:04:29] [ITEM_LISTED]: Djo676 vend 1 x Mycelium  pour 10,000.00β sur survie_new
[20:04:33] [ITEM_SOLD]: Djo676 vendu 1 x Mycelium à  Max_Le_Max pour 10,000.00 β le survie_new
[20:06:58] [ITEM_SOLD]: Max_Le_Max vendu 1 x Saddle à  A_Mohamed pour 100.00 β le survie_new
[20:07:56] [ITEM_SOLD]: Max_Le_Max vendu 3 x §;§:Spawner Blaze x1 à  Skullcute pour 5,000.00 β le survie_new
[20:11:56] [ITEM_SOLD]: Minebark vendu 1 x Purple Shulker Box à  dingomax pour 3,000.00 β le survie_new
[20:12:27] [ITEM_SOLD]: Max_Le_Max vendu 64 x Tipped Arrow à  A_Mohamed pour 250.00 β le survie_new
[20:29:16] [ITEM_LISTED]: Ekiliox vend 1 x Iron Helmet  [Aqua Affinity] pour 19.00β sur survie_new
[20:29:19] [ITEM_LISTED]: Ekiliox vend 1 x Iron Boots  pour 20.00β sur survie_new
[20:40:48] [ITEM_LISTED]: CroixVeBaton vend 1 x Diamond Helmet  [Aqua Affinity] pour 2,000.00β sur survie_new
[20:42:20] [ITEM_LISTED]: CroixVeBaton vend 1 x Bow  [Flame, Infinity] pour 2,000.00β sur survie_new
[20:44:15] [ITEM_LISTED]: CroixVeBaton vend 1 x Bow  [Flame, Infinity] pour 2,000.00β sur survie_new
[20:44:19] [ITEM_LISTED]: Rinpyo vend 64 x Slime Ball  pour 6,000.00β sur survie_new
[20:44:26] [ITEM_LISTED]: Rinpyo vend 64 x Slime Ball  pour 6,000.00β sur survie_new
[20:44:34] [ITEM_LISTED]: Rinpyo vend 64 x Slime Ball  pour 6,000.00β sur survie_new
[20:44:45] [ITEM_LISTED]: Rinpyo vend 64 x Slime Ball  pour 6,000.00β sur survie_new
[20:44:47] [ITEM_LISTED]: Rinpyo vend 64 x Slime Ball  pour 6,000.00β sur survie_new
[20:45:19] [ITEM_LISTED]: CroixVeBaton vend 1 x Diamond Helmet  [Aqua Affinity] pour 2,000.00β sur survie_new
[20:46:13] [ITEM_SOLD]: CroixVeBaton vendu 1 x Bow à  [Flame, Infinity] Rinpyo pour 3,000.00 β le survie_new
[20:57:53] [ITEM_LISTED]: CroixVeBaton vend 1 x Bow  [Flame, Infinity] pour 3,000.00β sur survie_new
[20:58:02] [ITEM_LISTED]: CroixVeBaton vend 1 x Diamond Sword  [Knockback I, Looting II] pour 3,000.00β sur survie_new
[20:58:14] [ITEM_LISTED]: CroixVeBaton vend 1 x Diamond Sword  [Knockback I, Looting II] pour 3,000.00β sur survie_new
[20:58:20] [ITEM_LISTED]: CroixVeBaton vend 1 x Diamond Sword  [Knockback I, Looting II] pour 3,000.00β sur survie_new
[20:59:45] [ITEM_LISTED]: CroixVeBaton vend 1 x Bow  [Flame, Infinity] pour 3,000.00β sur survie_new
[21:00:17] [ITEM_LISTED]: CroixVeBaton vend 1 x Diamond Sword  [Knockback I, Looting II] pour 3,000.00β sur survie_new
[21:00:21] [ITEM_LISTED]: CroixVeBaton vend 1 x Diamond Helmet  [Aqua Affinity] pour 3,000.00β sur survie_new
[21:00:30] [ITEM_LISTED]: CroixVeBaton vend 1 x Diamond Helmet  [Aqua Affinity] pour 3,000.00β sur survie_new
[21:11:00] [ITEM_LISTED]: pikatchou82 vend 64 x Anvil  pour 1,000.00β sur survie_new
[21:11:02] [ITEM_LISTED]: pikatchou82 vend 64 x Anvil  pour 1,000.00β sur survie_new
[21:11:05] [ITEM_LISTED]: pikatchou82 vend 64 x Anvil  pour 1,000.00β sur survie_new
[21:11:06] [ITEM_LISTED]: pikatchou82 vend 64 x Anvil  pour 1,000.00β sur survie_new
[21:11:08] [ITEM_LISTED]: pikatchou82 vend 64 x Anvil  pour 1,000.00β sur survie_new
[21:11:11] [ITEM_LISTED]: pikatchou82 vend 64 x Anvil  pour 1,000.00β sur survie_new
[21:11:53] [ITEM_LISTED]: pikatchou82 vend 1 x full enclumes  pour 10,000.00β sur survie_new
[21:14:31] [ITEM_LISTED]: pikatchou82 vend 1 x full montres  pour 6,000.00β sur survie_new
[21:15:27] [ITEM_CANCELLED]: pikatchou82 annule la vente de 1x full plaques de pressions pour 10,000.00β sur survie_new
[21:15:31] [ITEM_RETURNED]: 1 x full plaques de pressions  renvoyé à pikatchou82 le survie_new
[21:15:40] [ITEM_LISTED]: pikatchou82 vend 1 x full plaques de pressions  pour 6,000.00β sur survie_new
[21:16:15] [ITEM_CANCELLED]: pikatchou82 annule la vente de 64x Clock pour 1.00β sur survie_new
[21:16:16] [ITEM_CANCELLED]: pikatchou82 annule la vente de 64x Clock pour 1.00β sur survie_new
[21:16:16] [ITEM_CANCELLED]: pikatchou82 annule la vente de 64x Clock pour 1.00β sur survie_new
[21:16:16] [ITEM_CANCELLED]: pikatchou82 annule la vente de 64x Clock pour 1.00β sur survie_new
[21:16:17] [ITEM_CANCELLED]: pikatchou82 annule la vente de 64x Clock pour 1.00β sur survie_new
[21:16:17] [ITEM_CANCELLED]: pikatchou82 annule la vente de 64x Clock pour 1.00β sur survie_new
[21:16:17] [ITEM_CANCELLED]: pikatchou82 annule la vente de 64x Clock pour 1,000.00β sur survie_new
[21:16:17] [ITEM_CANCELLED]: pikatchou82 annule la vente de 64x Clock pour 1,000.00β sur survie_new
[21:16:18] [ITEM_CANCELLED]: pikatchou82 annule la vente de 64x Clock pour 1,000.00β sur survie_new
[21:16:18] [ITEM_CANCELLED]: pikatchou82 annule la vente de 64x Clock pour 1,000.00β sur survie_new
[21:16:18] [ITEM_CANCELLED]: pikatchou82 annule la vente de 64x Clock pour 1,000.00β sur survie_new
[21:16:18] [ITEM_CANCELLED]: pikatchou82 annule la vente de 64x Clock pour 1,000.00β sur survie_new
[21:16:18] [ITEM_CANCELLED]: pikatchou82 annule la vente de 64x Clock pour 1,000.00β sur survie_new
[21:16:21] [ITEM_RETURNED]: 64 x Clock  renvoyé à pikatchou82 le survie_new
[21:16:21] [ITEM_RETURNED]: 64 x Clock  renvoyé à pikatchou82 le survie_new
[21:16:21] [ITEM_RETURNED]: 64 x Clock  renvoyé à pikatchou82 le survie_new
[21:16:21] [ITEM_RETURNED]: 64 x Clock  renvoyé à pikatchou82 le survie_new
[21:16:21] [ITEM_RETURNED]: 64 x Clock  renvoyé à pikatchou82 le survie_new
[21:16:22] [ITEM_RETURNED]: 64 x Clock  renvoyé à pikatchou82 le survie_new
[21:16:22] [ITEM_RETURNED]: 64 x Clock  renvoyé à pikatchou82 le survie_new
[21:16:22] [ITEM_RETURNED]: 64 x Clock  renvoyé à pikatchou82 le survie_new
[21:16:22] [ITEM_RETURNED]: 64 x Clock  renvoyé à pikatchou82 le survie_new
[21:16:22] [ITEM_RETURNED]: 64 x Clock  renvoyé à pikatchou82 le survie_new
[21:16:23] [ITEM_RETURNED]: 64 x Clock  renvoyé à pikatchou82 le survie_new
[21:16:23] [ITEM_RETURNED]: 64 x Clock  renvoyé à pikatchou82 le survie_new
[21:16:23] [ITEM_RETURNED]: 64 x Clock  renvoyé à pikatchou82 le survie_new
[21:16:23] [ITEM_CANCELLED]: pikatchou82 annule la vente de 1x full plaques de pressions pour 6,000.00β sur survie_new
[21:16:23] [ITEM_CANCELLED]: pikatchou82 annule la vente de 1x full montres pour 6,000.00β sur survie_new
[21:16:26] [ITEM_RETURNED]: 1 x full plaques de pressions  renvoyé à pikatchou82 le survie_new
[21:16:27] [ITEM_RETURNED]: 1 x full montres  renvoyé à pikatchou82 le survie_new
[21:16:42] [ITEM_LISTED]: pikatchou82 vend 1 x full montres  pour 6,000.00β sur survie_new
[21:16:46] [ITEM_LISTED]: pikatchou82 vend 1 x full plaques de pressions  pour 6,000.00β sur survie_new
[21:19:00] [ITEM_LISTED]: CroixVeBaton vend 1 x Fishing Rod  [Mending] pour 3,000.00β sur survie_new
[21:46:51] [ITEM_LISTED]: TraZerz vend 64 x Spruce Log  pour 180.00β sur survie_new
[21:47:08] [ITEM_LISTED]: TraZerz vend 64 x Spruce Log  pour 180.00β sur survie_new
[21:47:09] [ITEM_LISTED]: TraZerz vend 64 x Spruce Log  pour 180.00β sur survie_new
[21:47:11] [ITEM_LISTED]: TraZerz vend 64 x Spruce Log  pour 180.00β sur survie_new
[21:47:14] [ITEM_LISTED]: TraZerz vend 64 x Spruce Log  pour 180.00β sur survie_new
[21:47:15] [ITEM_LISTED]: TraZerz vend 64 x Spruce Log  pour 180.00β sur survie_new
[21:47:17] [ITEM_LISTED]: TraZerz vend 64 x Spruce Log  pour 180.00β sur survie_new
[21:47:19] [ITEM_LISTED]: TraZerz vend 64 x Spruce Log  pour 180.00β sur survie_new
[21:47:22] [ITEM_LISTED]: TraZerz vend 64 x Spruce Log  pour 180.00β sur survie_new
[21:47:25] [ITEM_LISTED]: TraZerz vend 64 x Spruce Log  pour 180.00β sur survie_new
[21:47:44] [ITEM_LISTED]: TraZerz vend 64 x Spruce Log  pour 180.00β sur survie_new
[21:50:49] [ITEM_LISTED]: niguetto5 vend 64 x Slime Ball  pour 3,000.00β sur survie_new
[21:52:31] [ITEM_SOLD]: TraZerz vendu 64 x Spruce Log à  Minebark pour 180.00 β le survie_new
[21:52:34] [ITEM_SOLD]: TraZerz vendu 64 x Spruce Log à  Minebark pour 180.00 β le survie_new
[21:52:36] [ITEM_SOLD]: TraZerz vendu 64 x Spruce Log à  Minebark pour 180.00 β le survie_new
[21:52:46] [ITEM_SOLD]: TraZerz vendu 64 x Spruce Log à  Minebark pour 180.00 β le survie_new
[21:52:47] [ITEM_LISTED]: CroixVeBaton vend 1 x Suspicious Stew  pour 1,000.00β sur survie_new
[22:01:32] [ITEM_LISTED]: CroixVeBaton vend 1 x Fishing Rod  [Lure III] pour 2,000.00β sur survie_new
[22:01:43] [ITEM_LISTED]: CroixVeBaton vend 1 x Diamond Sword  [Knockback I, Looting II] pour 2,000.00β sur survie_new
[22:06:10] [ITEM_SOLD]: TraZerz vendu 64 x Spruce Log à  Minebark pour 180.00 β le survie_new
[22:10:29] [ITEM_SOLD]: TraZerz vendu 64 x Spruce Log à  Minebark pour 180.00 β le survie_new
[22:54:08] [ITEM_LISTED]: CroixVeBaton vend 1 x Diamond Pickaxe  [Silk Touch] pour 3,000.00β sur survie_new
[22:54:11] [ITEM_LISTED]: CroixVeBaton vend 1 x Bow  [Flame, Infinity] pour 3,000.00β sur survie_new
[22:54:32] [ITEM_LISTED]: Max_Le_Max vend 4 x Mycelium  pour 2,000.00β sur survie_new
[22:54:35] [ITEM_LISTED]: Max_Le_Max vend 4 x Mycelium  pour 2,000.00β sur survie_new
[22:54:39] [ITEM_LISTED]: Max_Le_Max vend 4 x Mycelium  pour 2,000.00β sur survie_new
[22:54:41] [ITEM_LISTED]: Max_Le_Max vend 4 x Mycelium  pour 2,000.00β sur survie_new
[22:54:44] [ITEM_LISTED]: Max_Le_Max vend 4 x Mycelium  pour 2,000.00β sur survie_new
[22:54:47] [ITEM_LISTED]: Max_Le_Max vend 4 x Mycelium  pour 2,000.00β sur survie_new
[22:54:49] [ITEM_LISTED]: CroixVeBaton vend 1 x Diamond Helmet  [Aqua Affinity] pour 3,000.00β sur survie_new
[22:54:49] [ITEM_LISTED]: Max_Le_Max vend 4 x Mycelium  pour 2,000.00β sur survie_new
[22:54:52] [ITEM_LISTED]: Max_Le_Max vend 4 x Mycelium  pour 2,000.00β sur survie_new
[22:55:03] [ITEM_LISTED]: CroixVeBaton vend 1 x Diamond Helmet  [Aqua Affinity] pour 3,000.00β sur survie_new
[22:55:33] [ITEM_LISTED]: CroixVeBaton vend 1 x Diamond Pickaxe  [Silk Touch] pour 3,000.00β sur survie_new
[22:55:47] [ITEM_CANCELLED]: Max_Le_Max annule la vente de 1x Fishing Rod [Mending] pour 700.00β sur survie_new
[22:55:57] [ITEM_RETURNED]: 1 x Fishing Rod  [Mending] renvoyé à Max_Le_Max le survie_new
[22:56:07] [ITEM_LISTED]: Max_Le_Max vend 1 x Fishing Rod  [Mending] pour 450.00β sur survie_new
[22:57:05] [ITEM_LISTED]: CroixVeBaton vend 1 x Bow  [Flame, Infinity] pour 3,000.00β sur survie_new
[22:57:21] [ITEM_LISTED]: CroixVeBaton vend 1 x Bow  [Flame, Infinity] pour 3,000.00β sur survie_new
[22:57:23] [ITEM_LISTED]: CroixVeBaton vend 1 x Bow  [Flame, Infinity] pour 3,000.00β sur survie_new
[22:58:31] [ITEM_LISTED]: CroixVeBaton vend 1 x Diamond Pickaxe  [Silk Touch] pour 3,000.00β sur survie_new
[22:58:56] [ITEM_SOLD]: CroixVeBaton vendu 1 x Bow à  [Flame, Infinity] Skullcute pour 3,000.00 β le survie_new
[22:59:06] [ITEM_SOLD]: Stebanou vendu 1 x §;§:Spider Spawner 1x à  omega2028 pour 5,000.00 β le survie_new
[22:59:10] [ITEM_SOLD]: samdec666 vendu 1 x Partie d'équipement : I à  omega2028 pour 1,000.00 β le survie_new
[22:59:13] [ITEM_SOLD]: samdec666 vendu 1 x Partie d'équipement : II à  omega2028 pour 1,000.00 β le survie_new
[23:01:53] [ITEM_SOLD]: CroixVeBaton vendu 1 x Suspicious Stew à  CouzVeBaton pour 1,000.00 β le survie_new
[23:06:05] [ITEM_LISTED]: CroixVeBaton vend 1 x Diamond Pickaxe  [Silk Touch] pour 3,000.00β sur survie_new
[23:07:56] [ITEM_LISTED]: h_ney vend 1 x Fishing Rod  [unknown, Lure II, Mending, Unbreaking III] pour 15,000.00β sur survie_new
[23:08:14] [ITEM_LISTED]: h_ney vend 1 x Fishing Rod  [unknown, Lure III, Mending, Unbreaking II] pour 15,000.00β sur survie_new
[23:08:29] [ITEM_LISTED]: h_ney vend 1 x Fishing Rod  [Mending] pour 7,500.00β sur survie_new
[23:08:43] [ITEM_LISTED]: h_ney vend 1 x Fishing Rod  [Lure II, Mending, Unbreaking III] pour 10,000.00β sur survie_new
[23:08:56] [ITEM_LISTED]: h_ney vend 1 x Fishing Rod  [unknown, Mending] pour 12,000.00β sur survie_new
[23:09:11] [ITEM_LISTED]: h_ney vend 1 x Fishing Rod  [unknown] pour 7,500.00β sur survie_new
[23:24:21] [ITEM_LISTED]: Skullcute vend 1 x Brewing Stand  pour 1.06β sur survie_new
[23:33:38] [ITEM_SOLD]: Skullcute vendu 1 x Brewing Stand à  Kanntin pour 1.06 β le survie_new
[23:37:44] [ITEM_SOLD]: CroixVeBaton vendu 1 x Fishing Rod à  [Lure III] Kanntin pour 2,000.00 β le survie_new
[23:39:10] [ITEM_LISTED]: Tertz_ vend 32 x Emerald  pour 120,000.00β sur survie_new
[23:42:55] [ITEM_LISTED]: Crak_N vend 16 x Emerald  pour 16,000.00β sur survie_new
[23:45:13] [ITEM_CANCELLED]: Tertz_ annule la vente de 32x Emerald pour 120,000.00β sur survie_new
[23:45:17] [ITEM_RETURNED]: 32 x Emerald  renvoyé à Tertz_ le survie_new
[23:45:35] [ITEM_LISTED]: Tertz_ vend 16 x Emerald  pour 12,000.00β sur survie_new
