[11:13:34] [ITEM_RETURNED]: 1 x Written Book  renvoyé à Loan02 le survie_new
[11:13:34] [ITEM_RETURNED]: 1 x Written Book  renvoyé à Loan02 le survie_new
[13:08:18] [ITEM_CANCELLED]: Blazd annule la vente de 64x Gunpowder pour 8 000,00β sur survie_new
[13:08:18] [ITEM_CANCELLED]: Blazd annule la vente de 64x Gunpowder pour 8 000,00β sur survie_new
[13:08:20] [ITEM_RETURNED]: 64 x Gunpowder  renvoyé à Blazd le survie_new
[13:08:20] [ITEM_RETURNED]: 64 x Gunpowder  renvoyé à Blazd le survie_new
[13:10:36] [ITEM_LISTED]: Blazd vend 1 x Enchanted Book  pour 5 900,00β sur survie_new
[13:10:38] [ITEM_LISTED]: Blazd vend 1 x Enchanted Book  pour 5 900,00β sur survie_new
[13:10:41] [ITEM_LISTED]: Blazd vend 1 x Enchanted Book  pour 5 900,00β sur survie_new
[13:10:56] [ITEM_LISTED]: Blazd vend 64 x Gunpowder  pour 8 000,00β sur survie_new
[13:10:58] [ITEM_LISTED]: Blazd vend 64 x Gunpowder  pour 8 000,00β sur survie_new
[13:48:41] [ITEM_LISTED]: LLIcocoman vend 1 x Saddle  pour 200,00β sur survie_new
[13:48:47] [ITEM_LISTED]: LLIcocoman vend 1 x FNaF Plushie  pour 50 000,00β sur survie_new
[13:49:00] [ITEM_LISTED]: LLIcocoman vend 1 x Squid Spawn Egg  pour 2 000,00β sur survie_new
[13:51:44] [ITEM_LISTED]: LLIcocoman vend 1 x Ampoule de Génie  pour 500,00β sur survie_new
[13:51:52] [ITEM_LISTED]: LLIcocoman vend 1 x Written Book  pour 20 000,00β sur survie_new
[13:52:04] [ITEM_LISTED]: LLIcocoman vend 1 x Ominous Banner  pour 200,00β sur survie_new
[13:54:16] [ITEM_SOLD]: Blazd vendu 8 x Gunpowder à  Lacourgette pour 8 000,00 β le survie_new
[13:54:20] [ITEM_SOLD]: Blazd vendu 8 x Gunpowder à  Lacourgette pour 8 000,00 β le survie_new
[14:19:36] [ITEM_SOLD]: LLIcocoman vendu 1 x Ampoule de Génie à  Aezis_ pour 500,00 β le survie_new
[14:20:46] [ITEM_LISTED]: Aezis_ vend 1 x Villager with Wreath Hat  pour 30 000,00β sur survie_new
[14:20:48] [ITEM_LISTED]: Aezis_ vend 1 x Villager Eskimo  pour 30 000,00β sur survie_new
[14:20:56] [ITEM_LISTED]: Aezis_ vend 1 x Breakerland !  pour 10 000,00β sur survie_new
[14:20:58] [ITEM_LISTED]: Aezis_ vend 1 x Breakerland !  pour 10 000,00β sur survie_new
[14:21:07] [ITEM_LISTED]: Aezis_ vend 1 x Snowglobe  pour 17 500,00β sur survie_new
[14:21:16] [ITEM_LISTED]: Aezis_ vend 1 x Pastelfruit  pour 20 000,00β sur survie_new
[14:21:18] [ITEM_LISTED]: Aezis_ vend 1 x Pastelfruit  pour 20 000,00β sur survie_new
[14:21:18] [ITEM_LISTED]: Aezis_ vend 1 x Pastelfruit  pour 20 000,00β sur survie_new
[14:21:28] [ITEM_LISTED]: Aezis_ vend 1 x Presents  pour 4 500,00β sur survie_new
[14:21:29] [ITEM_LISTED]: Aezis_ vend 1 x Presents  pour 4 500,00β sur survie_new
[14:21:30] [ITEM_LISTED]: Aezis_ vend 1 x Presents  pour 4 500,00β sur survie_new
[14:36:54] [ITEM_RETURNED]: 1 x Heart Of The Sea  renvoyé à Lacourgette le survie_new
[14:38:56] [ITEM_LISTED]: Lacourgette vend 1 x Heart Of The Sea  pour 15 000,00β sur survie_new
[14:40:23] [ITEM_CANCELLED]: Max_Le_Max annule la vente de 1x Lesotho pour 2 500,00β sur survie_new
[14:40:26] [ITEM_RETURNED]: 1 x Lesotho  renvoyé à Max_Le_Max le survie_new
[14:40:45] [ITEM_LISTED]: Max_Le_Max vend 1 x Lesotho  pour 1 000,00β sur survie_new
[14:44:49] [ITEM_SOLD]: Aezis_ vendu 1 x Presents à  Karazhar pour 4 500,00 β le survie_new
[14:45:16] [ITEM_CANCELLED]: Aezis_ annule la vente de 1x Presents pour 4 500,00β sur survie_new
[14:45:18] [ITEM_RETURNED]: 1 x Presents  renvoyé à Aezis_ le survie_new
[14:45:33] [ITEM_SOLD]: Aezis_ vendu 1 x Snowglobe à  Karazhar pour 17 500,00 β le survie_new
[14:45:44] [ITEM_LISTED]: Aezis_ vend 1 x Presents  pour 5 000,00β sur survie_new
[14:45:49] [ITEM_SOLD]: Aezis_ vendu 1 x Breakerland ! à  Karazhar pour 10 000,00 β le survie_new
[15:06:25] [ITEM_LISTED]: Efysio vend 1 x Epée  [Looting II, Sharpness V, Unbreaking II] pour 4 000,00β sur survie_new
[15:06:55] [ITEM_LISTED]: Efysio vend 1 x Breakerland !  pour 8 000,00β sur survie_new
[15:07:34] [ITEM_LISTED]: Efysio vend 1 x Creeper Banner Pattern  pour 2 000,00β sur survie_new
[15:21:36] [ITEM_SOLD]: Efysio vendu 1 x Creeper Banner Pattern à  Karazhar pour 2 000,00 β le survie_new
[15:22:14] [ITEM_SOLD]: LLIcocoman vendu 1 x Ominous Banner à  Karazhar pour 200,00 β le survie_new
[15:40:06] [ITEM_SOLD]: Zougless vendu 64 x Spruce Log à  letydexy51 pour 300,00 β le survie_new
[15:58:58] [ITEM_RETURNED]: 1 x Enchanted Book  renvoyé à Lacourgette le survie_new
[15:58:58] [ITEM_RETURNED]: 12 x Tnt  renvoyé à Lacourgette le survie_new
[16:15:52] [ITEM_SOLD]: Futz67 vendu 1 x Diamond Pickaxe à  [Silk Touch] letydexy51 pour 1 999,00 β le survie_new
[16:27:31] [ITEM_LISTED]: Aezis_ vend 1 x Turtle Helmet  [Aqua Affinity, Mending, Protection IV, Respiration III, Unbreaking III] pour 110 000,00β sur survie_new
[16:27:55] [ITEM_CANCELLED]: Aezis_ annule la vente de 1x Turtle Helmet [Aqua Affinity, Mending, Protection IV, Respiration III, Unbreaking III] pour 110 000,00β sur survie_new
[16:27:58] [ITEM_RETURNED]: 1 x Turtle Helmet  [Aqua Affinity, Mending, Protection IV, Respiration III, Unbreaking III] renvoyé à Aezis_ le survie_new
[16:28:13] [ITEM_LISTED]: Aezis_ vend 1 x Turtle Helmet  [Aqua Affinity, Mending, Protection IV, Respiration III, Unbreaking III] pour 85 000,00β sur survie_new
[16:52:17] [ITEM_SOLD]: Efysio vendu 1 x Enchanted Book à  Max_Le_Max pour 6 500,00 β le survie_new
[17:03:26] [ITEM_RETURNED]: 1 x Cobblestone  renvoyé à DBZ_Smyz le survie_new
[17:03:26] [ITEM_RETURNED]: 1 x Cobblestone  renvoyé à DBZ_Smyz le survie_new
[17:03:26] [ITEM_RETURNED]: 1 x Cobblestone  renvoyé à DBZ_Smyz le survie_new
[17:03:26] [ITEM_RETURNED]: 1 x Cobblestone  renvoyé à DBZ_Smyz le survie_new
[17:03:26] [ITEM_RETURNED]: 1 x Cobblestone  renvoyé à DBZ_Smyz le survie_new
[17:08:54] [ITEM_CANCELLED]: pikatchou82 annule la vente de 1x Written Book pour 5 000,00β sur survie_new
[17:08:55] [ITEM_CANCELLED]: pikatchou82 annule la vente de 1x Enchanted Book pour 6 500,00β sur survie_new
[17:08:55] [ITEM_CANCELLED]: pikatchou82 annule la vente de 1x Enchanted Book pour 6 500,00β sur survie_new
[17:08:56] [ITEM_CANCELLED]: pikatchou82 annule la vente de 1x Enchanted Book pour 6 500,00β sur survie_new
[17:08:56] [ITEM_CANCELLED]: pikatchou82 annule la vente de 1x Enchanted Book pour 6 500,00β sur survie_new
[17:08:56] [ITEM_CANCELLED]: pikatchou82 annule la vente de 1x Enchanted Book pour 6 500,00β sur survie_new
[17:08:56] [ITEM_CANCELLED]: pikatchou82 annule la vente de 1x Enchanted Book pour 6 500,00β sur survie_new
[17:08:56] [ITEM_CANCELLED]: pikatchou82 annule la vente de 1x Enchanted Book pour 6 500,00β sur survie_new
[17:08:56] [ITEM_CANCELLED]: pikatchou82 annule la vente de 1x Enchanted Book pour 6 500,00β sur survie_new
[17:08:57] [ITEM_CANCELLED]: pikatchou82 annule la vente de 1x Enchanted Book pour 6 500,00β sur survie_new
[17:08:57] [ITEM_CANCELLED]: pikatchou82 annule la vente de 1x Enchanted Book pour 6 500,00β sur survie_new
[17:08:57] [ITEM_CANCELLED]: pikatchou82 annule la vente de 1x Enchanted Book pour 6 500,00β sur survie_new
[17:08:57] [ITEM_CANCELLED]: pikatchou82 annule la vente de 1x Enchanted Book pour 6 500,00β sur survie_new
[17:08:57] [ITEM_CANCELLED]: pikatchou82 annule la vente de 1x Enchanted Book pour 6 500,00β sur survie_new
[17:08:58] [ITEM_CANCELLED]: pikatchou82 annule la vente de 1x Enchanted Book pour 6 500,00β sur survie_new
[17:08:58] [ITEM_CANCELLED]: pikatchou82 annule la vente de 1x Enchanted Book pour 6 500,00β sur survie_new
[17:08:58] [ITEM_CANCELLED]: pikatchou82 annule la vente de 1x full enclumes pour 10 000,00β sur survie_new
[17:08:58] [ITEM_CANCELLED]: pikatchou82 annule la vente de 1x full montres pour 2 000,00β sur survie_new
[17:08:58] [ITEM_CANCELLED]: pikatchou82 annule la vente de 1x Shulker Box pour 2 000,00β sur survie_new
[17:08:59] [ITEM_CANCELLED]: pikatchou82 annule la vente de 1x full montre pour 2 000,00β sur survie_new
[17:08:59] [ITEM_CANCELLED]: pikatchou82 annule la vente de 1x full plaques de pressions pour 2 000,00β sur survie_new
[17:11:20] [ITEM_RETURNED]: 1 x full plaques de pressions  renvoyé à pikatchou82 le survie_new
[17:11:20] [ITEM_RETURNED]: 1 x full montre  renvoyé à pikatchou82 le survie_new
[17:11:20] [ITEM_RETURNED]: 1 x Shulker Box  renvoyé à pikatchou82 le survie_new
[17:11:20] [ITEM_RETURNED]: 1 x full montres  renvoyé à pikatchou82 le survie_new
[17:11:20] [ITEM_RETURNED]: 1 x full enclumes  renvoyé à pikatchou82 le survie_new
[17:11:20] [ITEM_RETURNED]: 1 x Enchanted Book  renvoyé à pikatchou82 le survie_new
[17:11:20] [ITEM_RETURNED]: 1 x Enchanted Book  renvoyé à pikatchou82 le survie_new
[17:11:20] [ITEM_RETURNED]: 1 x Enchanted Book  renvoyé à pikatchou82 le survie_new
[17:11:20] [ITEM_RETURNED]: 1 x Enchanted Book  renvoyé à pikatchou82 le survie_new
[17:11:20] [ITEM_RETURNED]: 1 x Enchanted Book  renvoyé à pikatchou82 le survie_new
[17:11:20] [ITEM_RETURNED]: 1 x Enchanted Book  renvoyé à pikatchou82 le survie_new
[17:11:20] [ITEM_RETURNED]: 1 x Enchanted Book  renvoyé à pikatchou82 le survie_new
[17:11:20] [ITEM_RETURNED]: 1 x Enchanted Book  renvoyé à pikatchou82 le survie_new
[17:11:20] [ITEM_RETURNED]: 1 x Enchanted Book  renvoyé à pikatchou82 le survie_new
[17:11:20] [ITEM_RETURNED]: 1 x Enchanted Book  renvoyé à pikatchou82 le survie_new
[17:11:20] [ITEM_RETURNED]: 1 x Enchanted Book  renvoyé à pikatchou82 le survie_new
[17:11:20] [ITEM_RETURNED]: 1 x Enchanted Book  renvoyé à pikatchou82 le survie_new
[17:11:20] [ITEM_RETURNED]: 1 x Enchanted Book  renvoyé à pikatchou82 le survie_new
[17:11:20] [ITEM_RETURNED]: 1 x Enchanted Book  renvoyé à pikatchou82 le survie_new
[17:11:55] [ITEM_LISTED]: pikatchou82 vend 1 x Enchanted Book  pour 6 000,00β sur survie_new
[17:11:57] [ITEM_LISTED]: pikatchou82 vend 1 x Enchanted Book  pour 6 000,00β sur survie_new
[17:11:59] [ITEM_LISTED]: pikatchou82 vend 1 x Enchanted Book  pour 6 000,00β sur survie_new
[17:12:01] [ITEM_LISTED]: pikatchou82 vend 1 x Enchanted Book  pour 6 000,00β sur survie_new
[17:12:02] [ITEM_LISTED]: pikatchou82 vend 1 x Enchanted Book  pour 6 000,00β sur survie_new
[17:12:04] [ITEM_LISTED]: pikatchou82 vend 1 x Enchanted Book  pour 6 000,00β sur survie_new
[17:12:05] [ITEM_LISTED]: pikatchou82 vend 1 x Enchanted Book  pour 6 000,00β sur survie_new
[17:12:07] [ITEM_LISTED]: pikatchou82 vend 1 x Enchanted Book  pour 6 000,00β sur survie_new
[17:12:11] [ITEM_LISTED]: pikatchou82 vend 1 x Enchanted Book  pour 6 000,00β sur survie_new
[17:12:17] [ITEM_LISTED]: pikatchou82 vend 1 x Enchanted Book  pour 6 000,00β sur survie_new
[17:12:18] [ITEM_LISTED]: pikatchou82 vend 1 x Enchanted Book  pour 6 000,00β sur survie_new
[17:12:20] [ITEM_LISTED]: pikatchou82 vend 1 x Enchanted Book  pour 6 000,00β sur survie_new
[17:12:31] [ITEM_LISTED]: pikatchou82 vend 1 x Enchanted Book  pour 6 000,00β sur survie_new
[17:12:33] [ITEM_LISTED]: pikatchou82 vend 1 x Enchanted Book  pour 6 000,00β sur survie_new
[17:12:51] [ITEM_LISTED]: pikatchou82 vend 1 x full montre  pour 3 000,00β sur survie_new
[17:12:53] [ITEM_LISTED]: pikatchou82 vend 1 x full montres  pour 3 000,00β sur survie_new
[17:12:55] [ITEM_LISTED]: pikatchou82 vend 1 x full plaques de pressions  pour 3 000,00β sur survie_new
[17:12:57] [ITEM_LISTED]: pikatchou82 vend 1 x Shulker Box  pour 3 000,00β sur survie_new
[17:13:14] [ITEM_LISTED]: pikatchou82 vend 1 x full enclumes  pour 10 000,00β sur survie_new
[17:15:47] [ITEM_CANCELLED]: pikatchou82 annule la vente de 1x Enchanted Book pour 6 000,00β sur survie_new
[17:15:47] [ITEM_CANCELLED]: pikatchou82 annule la vente de 1x Enchanted Book pour 6 000,00β sur survie_new
[17:15:48] [ITEM_CANCELLED]: pikatchou82 annule la vente de 1x Enchanted Book pour 6 000,00β sur survie_new
[17:15:50] [ITEM_RETURNED]: 1 x Enchanted Book  renvoyé à pikatchou82 le survie_new
[17:15:51] [ITEM_RETURNED]: 1 x Enchanted Book  renvoyé à pikatchou82 le survie_new
[17:15:51] [ITEM_RETURNED]: 1 x Enchanted Book  renvoyé à pikatchou82 le survie_new
[17:15:51] [ITEM_RETURNED]: 1 x Enchanted Book  renvoyé à pikatchou82 le survie_new
[17:15:52] [ITEM_RETURNED]: 1 x Written Book  renvoyé à pikatchou82 le survie_new
[17:18:08] [ITEM_LISTED]: pikatchou82 vend 1 x Written Book  pour 1 000,00β sur survie_new
[17:18:34] [ITEM_LISTED]: pikatchou82 vend 1 x Enchanted Book  pour 5 000,00β sur survie_new
[17:25:57] [ITEM_LISTED]: Efysio vend 64 x Gunpowder  pour 8 000,00β sur survie_new
[17:35:06] [ITEM_LISTED]: Natvolh24 vend 1 x Dolphin Spawn Egg  pour 5 500,00β sur survie_new
[17:52:06] [ITEM_SOLD]: Efysio vendu 1 x §;§:Cat Spawner 1x à  Natvolh24 pour 10 000,00 β le survie_new
[18:03:07] [ITEM_LISTED]: Natvolh24 vend 1 x §;§:Cat Spawner 1x  pour 9 500,00β sur survie_new
[18:23:14] [ITEM_LISTED]: Efysio vend 1 x Pumpkin  pour 20 000,00β sur survie_new
[19:14:20] [ITEM_SOLD]: pikatchou82 vendu 1 x Enchanted Book à  Futz67 pour 5 000,00 β le survie_new
